2019-3-14 20:56:28.109#viewportChange#0
2019-3-14 20:56:47.984#mousedown#{"isTrusted":true}
2019-3-14 20:56:48.006#focus#
2019-3-14 20:56:57.065#change#{"from":{"line":3,"ch":6,"sticky":"before","xRel":-2.91668701171875},"to":{"line":3,"ch":6,"sticky":"before","xRel":-2.91668701171875},"text":["a"],"removed":[""],"origin":"+input"}
2019-3-14 20:56:59.009#mousedown#{"isTrusted":true}
2019-3-14 20:57:11.463#mousedown#{"isTrusted":true}
2019-3-14 20:57:15.138#change#{"from":{"line":3,"ch":6,"sticky":"after"},"to":{"line":3,"ch":7,"sticky":"before","xRel":34.08331298828125},"text":[""],"removed":["a"],"origin":"+delete"}
2019-3-14 20:57:15.139#keyHandled#"Backspace"
2019-3-14 20:57:21.202#change#{"from":{"line":3,"ch":6,"sticky":null},"to":{"line":3,"ch":6,"sticky":null},"text":["J"],"removed":[""],"origin":"+input"}
2019-3-14 20:57:21.640#change#{"from":{"line":3,"ch":7,"sticky":null},"to":{"line":3,"ch":7,"sticky":null},"text":["a"],"removed":[""],"origin":"+input"}
2019-3-14 20:57:21.659#change#{"from":{"line":3,"ch":8,"sticky":null},"to":{"line":3,"ch":8,"sticky":null},"text":["k"],"removed":[""],"origin":"+input"}
2019-3-14 20:57:22.088#change#{"from":{"line":3,"ch":9,"sticky":null},"to":{"line":3,"ch":9,"sticky":null},"text":["c"],"removed":[""],"origin":"+input"}
2019-3-14 20:57:22.528#change#{"from":{"line":3,"ch":9,"sticky":"after"},"to":{"line":3,"ch":10,"sticky":null},"text":[""],"removed":["c"],"origin":"+delete"}
2019-3-14 20:57:22.528#keyHandled#"Backspace"
2019-3-14 20:57:22.990#change#{"from":{"line":3,"ch":8,"sticky":"after"},"to":{"line":3,"ch":9,"sticky":null},"text":[""],"removed":["k"],"origin":"+delete"}
2019-3-14 20:57:22.990#keyHandled#"Backspace"
2019-3-14 20:57:23.012#change#{"from":{"line":3,"ch":8,"sticky":null},"to":{"line":3,"ch":8,"sticky":null},"text":["="],"removed":[""],"origin":"+input"}
2019-3-14 20:57:23.485#change#{"from":{"line":3,"ch":9,"sticky":null},"to":{"line":3,"ch":9,"sticky":null},"text":["c"],"removed":[""],"origin":"+input"}
2019-3-14 20:57:23.505#change#{"from":{"line":3,"ch":10,"sticky":null},"to":{"line":3,"ch":10,"sticky":null},"text":["j"],"removed":[""],"origin":"+input"}
2019-3-14 20:57:23.943#change#{"from":{"line":3,"ch":10,"sticky":"after"},"to":{"line":3,"ch":11,"sticky":null},"text":[""],"removed":["j"],"origin":"+delete"}
2019-3-14 20:57:23.943#keyHandled#"Backspace"
2019-3-14 20:57:24.393#change#{"from":{"line":3,"ch":9,"sticky":"after"},"to":{"line":3,"ch":10,"sticky":null},"text":[""],"removed":["c"],"origin":"+delete"}
2019-3-14 20:57:24.393#keyHandled#"Backspace"
2019-3-14 20:57:25.139#change#{"from":{"line":3,"ch":8,"sticky":"after"},"to":{"line":3,"ch":9,"sticky":null},"text":[""],"removed":["="],"origin":"+delete"}
2019-3-14 20:57:25.139#keyHandled#"Backspace"
2019-3-14 20:57:25.953#change#{"from":{"line":3,"ch":8,"sticky":null},"to":{"line":3,"ch":8,"sticky":null},"text":["c"],"removed":[""],"origin":"+input"}
2019-3-14 20:57:26.393#change#{"from":{"line":3,"ch":9,"sticky":null},"to":{"line":3,"ch":9,"sticky":null},"text":["k"],"removed":[""],"origin":"+input"}
2019-3-14 20:57:26.412#change#{"from":{"line":3,"ch":10,"sticky":null},"to":{"line":3,"ch":10,"sticky":null},"text":["e"],"removed":[""],"origin":"+input"}
2019-3-14 20:57:26.431#change#{"from":{"line":3,"ch":11,"sticky":null},"to":{"line":3,"ch":11,"sticky":null},"text":["l"],"removed":[""],"origin":"+input"}
2019-3-14 20:57:26.898#change#{"from":{"line":3,"ch":12,"sticky":null},"to":{"line":3,"ch":12,"sticky":null},"text":["i"],"removed":[""],"origin":"+input"}
2019-3-14 20:57:27.875#change#{"from":{"line":3,"ch":14,"sticky":null},"to":{"line":3,"ch":14,"sticky":null},"text":["e"],"removed":[""],"origin":"+input"}
2019-3-14 20:57:29.615#mousedown#{"isTrusted":true}
2019-3-14 20:57:32.326#change#{"from":{"line":6,"ch":6,"sticky":"after","xRel":2.08331298828125},"to":{"line":6,"ch":6,"sticky":"after","xRel":2.08331298828125},"text":["v"],"removed":[""],"origin":"+input"}
2019-3-14 20:57:32.741#change#{"from":{"line":6,"ch":7,"sticky":null},"to":{"line":6,"ch":7,"sticky":null},"text":["a"],"removed":[""],"origin":"+input"}
2019-3-14 20:57:32.762#change#{"from":{"line":6,"ch":8,"sticky":null},"to":{"line":6,"ch":8,"sticky":null},"text":["r"],"removed":[""],"origin":"+input"}
2019-3-14 20:57:34.669#blur#
2019-3-14 20:57:34.669#blur#
2019-3-14 20:57:40.791#mousedown#{"isTrusted":true}
2019-3-14 20:57:40.806#focus#
2019-3-14 20:57:48.224#change#{"from":{"line":3,"ch":14,"sticky":"after"},"to":{"line":3,"ch":15,"sticky":"before","xRel":6.08331298828125},"text":[""],"removed":["e"],"origin":"+delete"}
2019-3-14 20:57:48.224#keyHandled#"Backspace"
2019-3-14 20:57:48.435#change#{"from":{"line":3,"ch":13,"sticky":"after"},"to":{"line":3,"ch":14,"sticky":null},"text":[""],"removed":["n"],"origin":"+delete"}
2019-3-14 20:57:48.435#keyHandled#"Backspace"
2019-3-14 20:57:48.626#change#{"from":{"line":3,"ch":12,"sticky":"after"},"to":{"line":3,"ch":13,"sticky":null},"text":[""],"removed":["i"],"origin":"+delete"}
2019-3-14 20:57:48.626#keyHandled#"Backspace"
2019-3-14 20:57:48.810#change#{"from":{"line":3,"ch":11,"sticky":"after"},"to":{"line":3,"ch":12,"sticky":null},"text":[""],"removed":["l"],"origin":"+delete"}
2019-3-14 20:57:48.810#keyHandled#"Backspace"
2019-3-14 20:57:49.020#change#{"from":{"line":3,"ch":10,"sticky":"after"},"to":{"line":3,"ch":11,"sticky":null},"text":[""],"removed":["e"],"origin":"+delete"}
2019-3-14 20:57:49.020#keyHandled#"Backspace"
2019-3-14 20:57:49.242#change#{"from":{"line":3,"ch":9,"sticky":"after"},"to":{"line":3,"ch":10,"sticky":null},"text":[""],"removed":["k"],"origin":"+delete"}
2019-3-14 20:57:49.242#keyHandled#"Backspace"
2019-3-14 20:57:49.642#change#{"from":{"line":3,"ch":8,"sticky":"after"},"to":{"line":3,"ch":9,"sticky":null},"text":[""],"removed":["c"],"origin":"+delete"}
2019-3-14 20:57:49.642#keyHandled#"Backspace"
2019-3-14 20:57:50.058#change#{"from":{"line":3,"ch":7,"sticky":"after"},"to":{"line":3,"ch":8,"sticky":null},"text":[""],"removed":["a"],"origin":"+delete"}
2019-3-14 20:57:50.059#keyHandled#"Backspace"
2019-3-14 20:57:52.106#change#{"from":{"line":3,"ch":6,"sticky":"after"},"to":{"line":3,"ch":7,"sticky":null},"text":[""],"removed":["J"],"origin":"+delete"}
2019-3-14 20:57:52.106#keyHandled#"Backspace"
2019-3-14 20:57:53.197#mousedown#{"isTrusted":true}
2019-3-14 20:57:54.026#change#{"from":{"line":6,"ch":8,"sticky":"after"},"to":{"line":6,"ch":9,"sticky":"after","xRel":2.08331298828125},"text":[""],"removed":["r"],"origin":"+delete"}
2019-3-14 20:57:54.026#keyHandled#"Backspace"
2019-3-14 20:57:54.226#change#{"from":{"line":6,"ch":7,"sticky":"after"},"to":{"line":6,"ch":8,"sticky":null},"text":[""],"removed":["a"],"origin":"+delete"}
2019-3-14 20:57:54.226#keyHandled#"Backspace"
2019-3-14 20:57:54.506#change#{"from":{"line":6,"ch":6,"sticky":"after"},"to":{"line":6,"ch":7,"sticky":null},"text":[""],"removed":["v"],"origin":"+delete"}
2019-3-14 20:57:54.506#keyHandled#"Backspace"
2019-3-14 20:57:59.897#mousedown#{"isTrusted":true}
2019-3-14 20:58:01.064#change#{"from":{"line":3,"ch":6,"sticky":"before","xRel":2.08331298828125},"to":{"line":3,"ch":6,"sticky":"before","xRel":2.08331298828125},"text":["i"],"removed":[""],"origin":"+input"}
2019-3-14 20:58:01.882#change#{"from":{"line":3,"ch":7,"sticky":null},"to":{"line":3,"ch":7,"sticky":null},"text":["n"],"removed":[""],"origin":"+input"}
2019-3-14 20:58:01.902#change#{"from":{"line":3,"ch":8,"sticky":null},"to":{"line":3,"ch":8,"sticky":null},"text":["p"],"removed":[""],"origin":"+input"}
2019-3-14 20:58:01.920#change#{"from":{"line":3,"ch":9,"sticky":null},"to":{"line":3,"ch":9,"sticky":null},"text":["u"],"removed":[""],"origin":"+input"}
2019-3-14 20:58:02.369#change#{"from":{"line":3,"ch":10,"sticky":null},"to":{"line":3,"ch":10,"sticky":null},"text":["t"],"removed":[""],"origin":"+input"}
2019-3-14 20:58:03.983#change#{"from":{"line":3,"ch":11,"sticky":null},"to":{"line":3,"ch":11,"sticky":null},"text":["()"],"removed":[""],"origin":"+input"}
2019-3-14 20:58:03.983#keyHandled#"'('"
2019-3-14 20:58:06.513#change#{"from":{"line":3,"ch":12,"sticky":"after"},"to":{"line":3,"ch":12,"sticky":"after"},"text":["\"\""],"removed":[""],"origin":"+input"}
2019-3-14 20:58:06.513#keyHandled#"'\"'"
2019-3-14 20:58:22.976#change#{"from":{"line":3,"ch":13,"sticky":"after"},"to":{"line":3,"ch":13,"sticky":"after"},"text":["J"],"removed":[""],"origin":"+input"}
2019-3-14 20:58:23.402#change#{"from":{"line":3,"ch":14,"sticky":null},"to":{"line":3,"ch":14,"sticky":null},"text":["a"],"removed":[""],"origin":"+input"}
2019-3-14 20:58:23.421#change#{"from":{"line":3,"ch":15,"sticky":null},"to":{"line":3,"ch":15,"sticky":null},"text":["c"],"removed":[""],"origin":"+input"}
2019-3-14 20:58:23.865#change#{"from":{"line":3,"ch":16,"sticky":null},"to":{"line":3,"ch":16,"sticky":null},"text":["k"],"removed":[""],"origin":"+input"}
2019-3-14 20:58:23.884#change#{"from":{"line":3,"ch":17,"sticky":null},"to":{"line":3,"ch":17,"sticky":null},"text":["e"],"removed":[""],"origin":"+input"}
2019-3-14 20:58:23.902#change#{"from":{"line":3,"ch":18,"sticky":null},"to":{"line":3,"ch":18,"sticky":null},"text":["l"],"removed":[""],"origin":"+input"}
2019-3-14 20:58:24.353#change#{"from":{"line":3,"ch":19,"sticky":null},"to":{"line":3,"ch":19,"sticky":null},"text":["i"],"removed":[""],"origin":"+input"}
2019-3-14 20:58:24.823#change#{"from":{"line":3,"ch":20,"sticky":null},"to":{"line":3,"ch":20,"sticky":null},"text":["n"],"removed":[""],"origin":"+input"}
2019-3-14 20:58:25.297#change#{"from":{"line":3,"ch":21,"sticky":null},"to":{"line":3,"ch":21,"sticky":null},"text":["e"],"removed":[""],"origin":"+input"}
2019-3-14 20:58:25.315#change#{"from":{"line":3,"ch":22,"sticky":null},"to":{"line":3,"ch":22,"sticky":null},"text":[" "],"removed":[""],"origin":"+input"}
2019-3-14 20:58:26.194#change#{"from":{"line":3,"ch":22,"sticky":"after"},"to":{"line":3,"ch":23,"sticky":null},"text":[""],"removed":[" "],"origin":"+delete"}
2019-3-14 20:58:26.194#keyHandled#"Backspace"
2019-3-14 20:58:31.908#mousedown#{"isTrusted":true}
2019-3-14 20:58:34.689#mousedown#{"isTrusted":true}
2019-3-14 20:58:36.011#change#{"from":{"line":3,"ch":21,"sticky":"after"},"to":{"line":3,"ch":22,"sticky":"before","xRel":-1.91668701171875},"text":[""],"removed":["e"],"origin":"+delete"}
2019-3-14 20:58:36.011#keyHandled#"Backspace"
2019-3-14 20:58:36.226#change#{"from":{"line":3,"ch":20,"sticky":"after"},"to":{"line":3,"ch":21,"sticky":null},"text":[""],"removed":["n"],"origin":"+delete"}
2019-3-14 20:58:36.226#keyHandled#"Backspace"
2019-3-14 20:58:36.418#change#{"from":{"line":3,"ch":19,"sticky":"after"},"to":{"line":3,"ch":20,"sticky":null},"text":[""],"removed":["i"],"origin":"+delete"}
2019-3-14 20:58:36.418#keyHandled#"Backspace"
2019-3-14 20:58:36.634#change#{"from":{"line":3,"ch":18,"sticky":"after"},"to":{"line":3,"ch":19,"sticky":null},"text":[""],"removed":["l"],"origin":"+delete"}
2019-3-14 20:58:36.634#keyHandled#"Backspace"
2019-3-14 20:58:36.986#change#{"from":{"line":3,"ch":17,"sticky":"after"},"to":{"line":3,"ch":18,"sticky":null},"text":[""],"removed":["e"],"origin":"+delete"}
2019-3-14 20:58:36.986#keyHandled#"Backspace"
2019-3-14 20:58:37.242#change#{"from":{"line":3,"ch":16,"sticky":"after"},"to":{"line":3,"ch":17,"sticky":null},"text":[""],"removed":["k"],"origin":"+delete"}
2019-3-14 20:58:37.242#keyHandled#"Backspace"
2019-3-14 20:58:43.194#change#{"from":{"line":3,"ch":15,"sticky":"after"},"to":{"line":3,"ch":16,"sticky":null},"text":[""],"removed":["c"],"origin":"+delete"}
2019-3-14 20:58:43.194#keyHandled#"Backspace"
2019-3-14 20:58:43.386#change#{"from":{"line":3,"ch":14,"sticky":"after"},"to":{"line":3,"ch":15,"sticky":null},"text":[""],"removed":["a"],"origin":"+delete"}
2019-3-14 20:58:43.386#keyHandled#"Backspace"
2019-3-14 20:58:43.866#change#{"from":{"line":3,"ch":13,"sticky":"after"},"to":{"line":3,"ch":14,"sticky":null},"text":[""],"removed":["J"],"origin":"+delete"}
2019-3-14 20:58:43.867#keyHandled#"Backspace"
2019-3-14 20:58:47.928#change#{"from":{"line":3,"ch":13,"sticky":null},"to":{"line":3,"ch":13,"sticky":null},"text":["D"],"removed":[""],"origin":"+input"}
2019-3-14 20:58:48.961#change#{"from":{"line":3,"ch":14,"sticky":null},"to":{"line":3,"ch":14,"sticky":null},"text":["i"],"removed":[""],"origin":"+input"}
2019-3-14 20:58:49.437#change#{"from":{"line":3,"ch":15,"sticky":null},"to":{"line":3,"ch":15,"sticky":null},"text":["g"],"removed":[""],"origin":"+input"}
2019-3-14 20:58:49.457#change#{"from":{"line":3,"ch":16,"sticky":null},"to":{"line":3,"ch":16,"sticky":null},"text":["i"],"removed":[""],"origin":"+input"}
2019-3-14 20:58:49.943#change#{"from":{"line":3,"ch":17,"sticky":null},"to":{"line":3,"ch":17,"sticky":null},"text":["t"],"removed":[""],"origin":"+input"}
2019-3-14 20:58:49.962#change#{"from":{"line":3,"ch":18,"sticky":null},"to":{"line":3,"ch":18,"sticky":null},"text":["e"],"removed":[""],"origin":"+input"}
2019-3-14 20:58:50.631#change#{"from":{"line":3,"ch":19,"sticky":null},"to":{"line":3,"ch":19,"sticky":null},"text":[" "],"removed":[""],"origin":"+input"}
2019-3-14 20:58:51.137#change#{"from":{"line":3,"ch":20,"sticky":null},"to":{"line":3,"ch":20,"sticky":null},"text":["o"],"removed":[""],"origin":"+input"}
2019-3-14 20:58:51.157#change#{"from":{"line":3,"ch":21,"sticky":null},"to":{"line":3,"ch":21,"sticky":null},"text":[" "],"removed":[""],"origin":"+input"}
2019-3-14 20:58:51.674#change#{"from":{"line":3,"ch":22,"sticky":null},"to":{"line":3,"ch":22,"sticky":null},"text":["n"],"removed":[""],"origin":"+input"}
2019-3-14 20:58:51.694#change#{"from":{"line":3,"ch":23,"sticky":null},"to":{"line":3,"ch":23,"sticky":null},"text":["o"],"removed":[""],"origin":"+input"}
2019-3-14 20:58:51.714#change#{"from":{"line":3,"ch":24,"sticky":null},"to":{"line":3,"ch":24,"sticky":null},"text":["m"],"removed":[""],"origin":"+input"}
2019-3-14 20:58:51.738#change#{"from":{"line":3,"ch":25,"sticky":null},"to":{"line":3,"ch":25,"sticky":null},"text":["o"],"removed":[""],"origin":"+input"}
2019-3-14 20:58:52.475#change#{"from":{"line":3,"ch":25,"sticky":"after"},"to":{"line":3,"ch":26,"sticky":null},"text":[""],"removed":["o"],"origin":"+delete"}
2019-3-14 20:58:52.475#keyHandled#"Backspace"
2019-3-14 20:58:52.986#change#{"from":{"line":3,"ch":25,"sticky":null},"to":{"line":3,"ch":25,"sticky":null},"text":["e"],"removed":[""],"origin":"+input"}
2019-3-14 20:58:55.496#change#{"from":{"line":3,"ch":26,"sticky":null},"to":{"line":3,"ch":26,"sticky":null},"text":[":"],"removed":[""],"origin":"+input"}
2019-3-14 20:58:55.959#change#{"from":{"line":3,"ch":27,"sticky":null},"to":{"line":3,"ch":27,"sticky":null},"text":[" "],"removed":[""],"origin":"+input"}
2019-3-14 20:59:12.813#mousedown#{"isTrusted":true}
2019-3-14 20:59:14.048#change#{"from":{"line":6,"ch":6,"sticky":"after","xRel":0.08331298828125},"to":{"line":6,"ch":6,"sticky":"after","xRel":0.08331298828125},"text":["v"],"removed":[""],"origin":"+input"}
2019-3-14 20:59:14.475#change#{"from":{"line":6,"ch":7,"sticky":null},"to":{"line":6,"ch":7,"sticky":null},"text":["a"],"removed":[""],"origin":"+input"}
2019-3-14 20:59:14.492#change#{"from":{"line":6,"ch":8,"sticky":null},"to":{"line":6,"ch":8,"sticky":null},"text":["r"],"removed":[""],"origin":"+input"}
2019-3-14 20:59:17.627#blur#
2019-3-14 20:59:17.627#blur#
2019-3-14 20:59:29.803#mousedown#{"isTrusted":true}
2019-3-14 20:59:29.963#focus#
2019-3-14 20:59:30.840#blur#
2019-3-14 20:59:30.840#blur#
