== TEST (2019-06-11 19:19:50) 
-- CODE:
from numpy import*
vet=array(eval(input("vet")))
m=sum(vet)/size(vet)
n=size(vet)
for i in range(vet):
	num=(vet[i]-m)**2+num
	
d=sqrt(num/(n-1))
print(round(d,3))
-- ERROR:
Traceback (most recent call last):
  File "XXXX", line 1, in <module>
    from numpy import*
ModuleNotFoundError: No module named 'numpy'
*-*-*-*-*-*-*-*-*-*-*-*-*-*-*-*-*-*-*-*-*-*-*-*
== TEST (2019-06-11 19:21:07) 
-- CODE:
from numpy import*
vet=array(eval(input("vet")))
m=sum(vet)/size(vet)
n=size(vet)
for i in range(size(vet)):
	num=(vet[i]-m)**2+num
	
d=sqrt(num/(n-1))
print(round(d,3))
-- ERROR:
Traceback (most recent call last):
  File "XXXX", line 1, in <module>
    from numpy import*
ModuleNotFoundError: No module named 'numpy'
*-*-*-*-*-*-*-*-*-*-*-*-*-*-*-*-*-*-*-*-*-*-*-*
== TEST (2019-06-11 19:22:07) 
-- CODE:
from numpy import*
vet=array(eval(input("vet")))
m=sum(vet)/size(vet)
n=size(vet)
num=0
for i in range(size(vet)):
	num=(vet[i]-m)**2+num
	
d=sqrt(num/(n-1))
print(round(d,3))
-- ERROR:
Traceback (most recent call last):
  File "XXXX", line 1, in <module>
    from numpy import*
ModuleNotFoundError: No module named 'numpy'
*-*-*-*-*-*-*-*-*-*-*-*-*-*-*-*-*-*-*-*-*-*-*-*
== SUBMITION (2019-06-11 19:22:17) 
-- CODE:
from numpy import*
vet=array(eval(input("vet")))
m=sum(vet)/size(vet)
n=size(vet)
num=0
for i in range(size(vet)):
	num=(vet[i]-m)**2+num
	
d=sqrt(num/(n-1))
print(round(d,3))
-- EXECUTION TIME:
1.0626
-- TEST CASE 1:
---- input:
[-4,250,-1,30,12]
---- correct output:
108.498
---- user output:
108.498
-- TEST CASE 2:
---- input:
[12.5,25.2,50.39,47.3,0.9]
---- correct output:
21.526
---- user output:
21.526
-- TEST CASE 3:
---- input:
[1.5,1.9,1.2,1.3,1.4,1.1,1.75]

---- correct output:
0.29
---- user output:
0.29
-- GRADE:
100%
*-*-*-*-*-*-*-*-*-*-*-*-*-*-*-*-*-*-*-*-*-*-*-*
