2019-3-12 19:13:55.199#viewportChange#0
2019-3-12 19:15:22.837#mousedown#{"isTrusted":true}
2019-3-12 19:15:22.846#focus#
2019-3-12 19:15:24.082#mousedown#{"isTrusted":true}
2019-3-12 19:15:28.957#blur#
2019-3-12 19:16:16.827#mousedown#{"isTrusted":true}
2019-3-12 19:16:16.845#focus#
2019-3-12 19:16:19.865#change#{"from":{"line":0,"ch":7,"sticky":"before","xRel":-0.91668701171875},"to":{"line":0,"ch":7,"sticky":"before","xRel":-0.91668701171875},"text":["U"],"removed":[""],"origin":"+input"}
2019-3-12 19:16:20.141#change#{"from":{"line":0,"ch":8,"sticky":null},"to":{"line":0,"ch":8,"sticky":null},"text":["n"],"removed":[""],"origin":"+input"}
2019-3-12 19:16:20.431#change#{"from":{"line":0,"ch":9,"sticky":null},"to":{"line":0,"ch":9,"sticky":null},"text":["i"],"removed":[""],"origin":"+input"}
2019-3-12 19:16:20.695#change#{"from":{"line":0,"ch":10,"sticky":null},"to":{"line":0,"ch":10,"sticky":null},"text":["v"],"removed":[""],"origin":"+input"}
2019-3-12 19:16:20.834#change#{"from":{"line":0,"ch":11,"sticky":null},"to":{"line":0,"ch":11,"sticky":null},"text":["e"],"removed":[""],"origin":"+input"}
2019-3-12 19:16:21.004#change#{"from":{"line":0,"ch":12,"sticky":null},"to":{"line":0,"ch":12,"sticky":null},"text":["r"],"removed":[""],"origin":"+input"}
2019-3-12 19:16:21.285#change#{"from":{"line":0,"ch":13,"sticky":null},"to":{"line":0,"ch":13,"sticky":null},"text":["s"],"removed":[""],"origin":"+input"}
2019-3-12 19:16:21.532#change#{"from":{"line":0,"ch":14,"sticky":null},"to":{"line":0,"ch":14,"sticky":null},"text":["i"],"removed":[""],"origin":"+input"}
2019-3-12 19:16:21.754#change#{"from":{"line":0,"ch":15,"sticky":null},"to":{"line":0,"ch":15,"sticky":null},"text":["d"],"removed":[""],"origin":"+input"}
2019-3-12 19:16:21.861#change#{"from":{"line":0,"ch":16,"sticky":null},"to":{"line":0,"ch":16,"sticky":null},"text":["a"],"removed":[""],"origin":"+input"}
2019-3-12 19:16:22.071#change#{"from":{"line":0,"ch":17,"sticky":null},"to":{"line":0,"ch":17,"sticky":null},"text":["d"],"removed":[""],"origin":"+input"}
2019-3-12 19:16:22.357#change#{"from":{"line":0,"ch":19,"sticky":null},"to":{"line":0,"ch":19,"sticky":null},"text":[" "],"removed":[""],"origin":"+input"}
2019-3-12 19:16:22.865#change#{"from":{"line":0,"ch":20,"sticky":null},"to":{"line":0,"ch":20,"sticky":null},"text":["F"],"removed":[""],"origin":"+input"}
2019-3-12 19:16:23.776#change#{"from":{"line":0,"ch":21,"sticky":null},"to":{"line":0,"ch":21,"sticky":null},"text":["e"],"removed":[""],"origin":"+input"}
2019-3-12 19:16:24.802#change#{"from":{"line":0,"ch":22,"sticky":null},"to":{"line":0,"ch":22,"sticky":null},"text":["d"],"removed":[""],"origin":"+input"}
2019-3-12 19:16:24.918#change#{"from":{"line":0,"ch":23,"sticky":null},"to":{"line":0,"ch":23,"sticky":null},"text":["e"],"removed":[""],"origin":"+input"}
2019-3-12 19:16:25.147#change#{"from":{"line":0,"ch":24,"sticky":null},"to":{"line":0,"ch":24,"sticky":null},"text":["r"],"removed":[""],"origin":"+input"}
2019-3-12 19:16:25.597#change#{"from":{"line":0,"ch":25,"sticky":null},"to":{"line":0,"ch":25,"sticky":null},"text":["a"],"removed":[""],"origin":"+input"}
2019-3-12 19:16:25.903#change#{"from":{"line":0,"ch":26,"sticky":null},"to":{"line":0,"ch":26,"sticky":null},"text":["l"],"removed":[""],"origin":"+input"}
2019-3-12 19:16:26.230#change#{"from":{"line":0,"ch":27,"sticky":null},"to":{"line":0,"ch":27,"sticky":null},"text":[" "],"removed":[""],"origin":"+input"}
2019-3-12 19:16:26.726#change#{"from":{"line":0,"ch":28,"sticky":null},"to":{"line":0,"ch":28,"sticky":null},"text":["d"],"removed":[""],"origin":"+input"}
2019-3-12 19:16:26.739#change#{"from":{"line":0,"ch":29,"sticky":null},"to":{"line":0,"ch":29,"sticky":null},"text":["o"],"removed":[""],"origin":"+input"}
2019-3-12 19:16:26.895#change#{"from":{"line":0,"ch":30,"sticky":null},"to":{"line":0,"ch":30,"sticky":null},"text":[" "],"removed":[""],"origin":"+input"}
2019-3-12 19:16:27.363#change#{"from":{"line":0,"ch":31,"sticky":null},"to":{"line":0,"ch":31,"sticky":null},"text":["A"],"removed":[""],"origin":"+input"}
2019-3-12 19:16:28.039#change#{"from":{"line":0,"ch":32,"sticky":null},"to":{"line":0,"ch":32,"sticky":null},"text":["m"],"removed":[""],"origin":"+input"}
2019-3-12 19:16:28.234#change#{"from":{"line":0,"ch":33,"sticky":null},"to":{"line":0,"ch":33,"sticky":null},"text":["a"],"removed":[""],"origin":"+input"}
2019-3-12 19:16:28.509#change#{"from":{"line":0,"ch":34,"sticky":null},"to":{"line":0,"ch":34,"sticky":null},"text":["z"],"removed":[""],"origin":"+input"}
2019-3-12 19:16:28.630#change#{"from":{"line":0,"ch":35,"sticky":null},"to":{"line":0,"ch":35,"sticky":null},"text":["o"],"removed":[""],"origin":"+input"}
2019-3-12 19:16:28.881#change#{"from":{"line":0,"ch":36,"sticky":null},"to":{"line":0,"ch":36,"sticky":null},"text":["n"],"removed":[""],"origin":"+input"}
2019-3-12 19:16:28.988#change#{"from":{"line":0,"ch":37,"sticky":null},"to":{"line":0,"ch":37,"sticky":null},"text":["a"],"removed":[""],"origin":"+input"}
2019-3-12 19:16:29.110#change#{"from":{"line":0,"ch":38,"sticky":null},"to":{"line":0,"ch":38,"sticky":null},"text":["s"],"removed":[""],"origin":"+input"}
2019-3-12 19:16:29.605#change#{"from":{"line":0,"ch":39,"sticky":null},"to":{"line":0,"ch":39,"sticky":null},"text":["",""],"removed":[""],"origin":"+input"}
2019-3-12 19:16:29.605#change#{"from":{"line":1,"ch":0,"sticky":null},"to":{"line":1,"ch":0,"sticky":null},"text":["\t\t"],"removed":[""],"origin":"+input"}
2019-3-12 19:16:29.606#keyHandled#"Enter"
2019-3-12 19:16:29.617#viewportChange#0
2019-3-12 19:16:31.200#change#{"from":{"line":1,"ch":1,"sticky":"after"},"to":{"line":1,"ch":2,"sticky":null},"text":[""],"removed":["\t"],"origin":"+delete"}
2019-3-12 19:16:31.200#keyHandled#"Backspace"
2019-3-12 19:16:31.681#change#{"from":{"line":1,"ch":0,"sticky":"after"},"to":{"line":1,"ch":1,"sticky":null},"text":[""],"removed":["\t"],"origin":"+delete"}
2019-3-12 19:16:31.681#keyHandled#"Backspace"
2019-3-12 19:16:32.068#change#{"from":{"line":0,"ch":39,"sticky":"before"},"to":{"line":1,"ch":0,"sticky":null},"text":[""],"removed":["",""],"origin":"+delete"}
2019-3-12 19:16:32.068#keyHandled#"Backspace"
2019-3-12 19:16:32.078#viewportChange#0
2019-3-12 19:16:35.947#mousedown#{"isTrusted":true}
2019-3-12 19:16:36.599#change#{"from":{"line":0,"ch":41,"sticky":"before","xRel":46.08331298828125},"to":{"line":0,"ch":41,"sticky":"before","xRel":46.08331298828125},"text":["",""],"removed":[""],"origin":"+input"}
2019-3-12 19:16:36.599#keyHandled#"Enter"
2019-3-12 19:16:36.608#viewportChange#0
2019-3-12 19:16:37.999#change#{"from":{"line":0,"ch":41,"sticky":"before"},"to":{"line":1,"ch":0,"sticky":null},"text":[""],"removed":["",""],"origin":"+delete"}
2019-3-12 19:16:37.999#keyHandled#"Backspace"
2019-3-12 19:16:38.010#viewportChange#0
2019-3-12 19:16:56.234#mousedown#{"isTrusted":true}
2019-3-12 19:16:56.238#contextmenu#{"isTrusted":true}
2019-3-12 19:16:56.259#blur#
2019-3-12 19:18:16.825#mousedown#{"isTrusted":true}
2019-3-12 19:18:16.836#focus#
2019-3-12 19:18:34.005#blur#
2019-3-12 19:18:34.005#blur#
2019-3-12 19:19:43.960#submit#Congratulations, your code is correct!
2019-3-12 19:19:43.960#submit#Congratulations, your code is correct!
2019-3-12 19:21:53.777#submit#Congratulations, your code is correct!
2019-3-12 19:21:53.777#submit#Congratulations, your code is correct!
2019-3-12 19:21:57.452#submit#Congratulations, your code is correct!
2019-3-12 19:22:01.711#mousedown#{"isTrusted":true}
2019-3-12 19:22:01.723#focus#
2019-3-12 19:22:02.270#mousedown#{"isTrusted":true}
2019-3-12 19:22:06.704#blur#
2019-3-12 19:22:06.704#blur#
2019-3-14 09:57:55.694#viewportChange#0
2019-3-14 09:57:58.301#mousedown#{"isTrusted":true}
2019-3-14 09:57:58.340#focus#
2019-3-14 09:57:59.753#change#{"from":{"line":0,"ch":41,"sticky":null,"xRel":1,"outside":true},"to":{"line":0,"ch":41,"sticky":null,"xRel":1,"outside":true},"text":["",""],"removed":[""],"origin":"+input"}
2019-3-14 09:57:59.753#keyHandled#"Enter"
2019-3-14 09:57:59.768#viewportChange#0
2019-3-14 09:58:01.303#blur#
2019-3-28 18:05:21.828#viewportChange#0
2019-3-28 18:05:23.780#mousedown#{"isTrusted":true}
2019-3-28 18:05:23.794#focus#
2019-3-28 18:05:26.901#blur#
2019-3-28 18:08:56.310#mousedown#{"isTrusted":true}
2019-3-28 18:08:56.318#focus#
2019-3-28 18:08:56.328#blur#
2019-3-28 18:08:56.340#focus#
2019-3-28 18:08:57.469#change#{"from":{"line":0,"ch":6,"sticky":"after"},"to":{"line":0,"ch":7,"sticky":"before","xRel":-3.91668701171875},"text":[""],"removed":["\""],"origin":"+delete"}
2019-3-28 18:08:57.469#keyHandled#"Backspace"
2019-3-28 18:08:58.385#mousedown#{"isTrusted":true}
2019-3-28 18:08:59.097#change#{"from":{"line":0,"ch":38,"sticky":"after"},"to":{"line":0,"ch":39,"sticky":"after","xRel":1.08331298828125},"text":[""],"removed":["\""],"origin":"+delete"}
2019-3-28 18:08:59.097#keyHandled#"Backspace"
2019-3-28 18:09:00.303#blur#
2019-3-28 18:09:00.303#blur#
2019-3-28 18:09:04.032#saida_testar#$ python3 main.py
File "main.py", line 1
print(Universidade Federal do Amazonas)
SyntaxError: invalid syntax
2019-3-28 18:09:04.326#mousedown#{"isTrusted":true}
2019-3-28 18:09:04.337#focus#
2019-3-28 18:09:05.730#change#{"from":{"line":0,"ch":6,"sticky":"before","xRel":-0.91668701171875},"to":{"line":0,"ch":6,"sticky":"before","xRel":-0.91668701171875},"text":["\""],"removed":[""],"origin":"+input"}
2019-3-28 18:09:07.658#mousedown#{"isTrusted":true}
2019-3-28 18:09:08.976#change#{"from":{"line":0,"ch":39,"sticky":"before","xRel":-3.91668701171875},"to":{"line":0,"ch":39,"sticky":"before","xRel":-3.91668701171875},"text":["\""],"removed":[""],"origin":"+input"}
2019-3-28 18:09:10.784#blur#
2019-3-28 18:09:10.784#blur#
2019-3-28 18:09:12.097#saida_testar#$ python3 main.py
Universidade Federal do Amazonas
2019-3-28 18:10:28.008#mousedown#{"isTrusted":true}
2019-3-28 18:10:28.019#focus#
2019-3-28 18:10:28.588#mousedown#{"isTrusted":true}
2019-3-28 18:10:29.588#mousedown#{"isTrusted":true}
2019-3-28 18:10:30.475#change#{"from":{"line":0,"ch":41,"sticky":"before","xRel":89.08331298828125},"to":{"line":0,"ch":41,"sticky":"before","xRel":89.08331298828125},"text":["",""],"removed":[""],"origin":"+input"}
2019-3-28 18:10:30.475#keyHandled#"Enter"
2019-3-28 18:10:30.490#viewportChange#0
2019-3-28 18:10:32.740#mousedown#{"isTrusted":true}
2019-3-28 18:10:33.458#change#{"from":{"line":0,"ch":0,"sticky":"after","xRel":-1.91668701171875},"to":{"line":0,"ch":0,"sticky":"after","xRel":-1.91668701171875},"text":["",""],"removed":[""],"origin":"+input"}
2019-3-28 18:10:33.458#keyHandled#"Enter"
2019-3-28 18:10:33.474#viewportChange#0
2019-3-28 18:10:34.056#mousedown#{"isTrusted":true}
2019-3-28 18:10:34.904#change#{"from":{"line":0,"ch":0,"sticky":"after","xRel":13.08331298828125},"to":{"line":0,"ch":0,"sticky":"after","xRel":13.08331298828125},"text":["x"],"removed":[""],"origin":"+input"}
2019-3-28 18:10:35.207#change#{"from":{"line":0,"ch":1,"sticky":null},"to":{"line":0,"ch":1,"sticky":null},"text":[" "],"removed":[""],"origin":"+input"}
2019-3-28 18:10:35.342#change#{"from":{"line":0,"ch":2,"sticky":null},"to":{"line":0,"ch":2,"sticky":null},"text":["="],"removed":[""],"origin":"+input"}
2019-3-28 18:10:35.486#change#{"from":{"line":0,"ch":3,"sticky":null},"to":{"line":0,"ch":3,"sticky":null},"text":[" "],"removed":[""],"origin":"+input"}
2019-3-28 18:10:38.800#change#{"from":{"line":0,"ch":4,"sticky":null},"to":{"line":0,"ch":4,"sticky":null},"text":["f"],"removed":[""],"origin":"+input"}
2019-3-28 18:10:38.877#change#{"from":{"line":0,"ch":5,"sticky":null},"to":{"line":0,"ch":5,"sticky":null},"text":["o"],"removed":[""],"origin":"+input"}
2019-3-28 18:10:39.101#change#{"from":{"line":0,"ch":6,"sticky":null},"to":{"line":0,"ch":6,"sticky":null},"text":["n"],"removed":[""],"origin":"+input"}
2019-3-28 18:10:40.443#mousedown#{"isTrusted":true}
2019-3-28 18:10:43.601#change#{"from":{"line":1,"ch":5,"sticky":"after","xRel":2.08331298828125},"to":{"line":1,"ch":41,"sticky":"before","xRel":67.08331298828125},"text":[""],"removed":["(\"Universidade Federal do Amazonas\")"],"origin":"+delete"}
2019-3-28 18:10:43.601#keyHandled#"Backspace"
2019-3-28 18:10:44.606#change#{"from":{"line":1,"ch":5,"sticky":null},"to":{"line":1,"ch":5,"sticky":null},"text":["\"\""],"removed":[""],"origin":"+input"}
2019-3-28 18:10:44.606#keyHandled#"'\"'"
2019-3-28 18:10:45.344#change#{"from":{"line":1,"ch":5,"sticky":null},"to":{"line":1,"ch":7,"sticky":null},"text":[""],"removed":["\"\""],"origin":"+delete"}
2019-3-28 18:10:45.345#keyHandled#"Backspace"
2019-3-28 18:10:45.766#change#{"from":{"line":1,"ch":5,"sticky":null},"to":{"line":1,"ch":5,"sticky":null},"text":["()"],"removed":[""],"origin":"+input"}
2019-3-28 18:10:45.766#keyHandled#"'('"
2019-3-28 18:10:46.078#change#{"from":{"line":1,"ch":6,"sticky":"after"},"to":{"line":1,"ch":6,"sticky":"after"},"text":["f"],"removed":[""],"origin":"+input"}
2019-3-28 18:10:46.173#change#{"from":{"line":1,"ch":7,"sticky":null},"to":{"line":1,"ch":7,"sticky":null},"text":["o"],"removed":[""],"origin":"+input"}
2019-3-28 18:10:46.421#change#{"from":{"line":1,"ch":8,"sticky":null},"to":{"line":1,"ch":8,"sticky":null},"text":["n"],"removed":[""],"origin":"+input"}
2019-3-28 18:10:46.741#keyHandled#"')'"
2019-3-28 18:10:48.033#change#{"from":{"line":1,"ch":9,"sticky":"after"},"to":{"line":1,"ch":10,"sticky":"before"},"text":[""],"removed":[")"],"origin":"+delete"}
2019-3-28 18:10:48.033#keyHandled#"Backspace"
2019-3-28 18:10:48.288#change#{"from":{"line":1,"ch":8,"sticky":"after"},"to":{"line":1,"ch":9,"sticky":null},"text":[""],"removed":["n"],"origin":"+delete"}
2019-3-28 18:10:48.288#keyHandled#"Backspace"
2019-3-28 18:10:48.456#change#{"from":{"line":1,"ch":7,"sticky":"after"},"to":{"line":1,"ch":8,"sticky":null},"text":[""],"removed":["o"],"origin":"+delete"}
2019-3-28 18:10:48.456#keyHandled#"Backspace"
2019-3-28 18:10:48.857#change#{"from":{"line":1,"ch":6,"sticky":"after"},"to":{"line":1,"ch":7,"sticky":null},"text":[""],"removed":["f"],"origin":"+delete"}
2019-3-28 18:10:48.857#keyHandled#"Backspace"
2019-3-28 18:10:48.990#change#{"from":{"line":1,"ch":6,"sticky":null},"to":{"line":1,"ch":6,"sticky":null},"text":["x"],"removed":[""],"origin":"+input"}
2019-3-28 18:10:49.606#change#{"from":{"line":1,"ch":7,"sticky":null},"to":{"line":1,"ch":7,"sticky":null},"text":[")"],"removed":[""],"origin":"+input"}
2019-3-28 18:10:50.714#blur#
2019-3-28 18:10:50.714#blur#
2019-3-28 18:10:51.937#saida_testar#$ python3 main.py
Traceback (most recent call last):
File "main.py", line 1, in <module>
x = fon
NameError: name 'fon' is not defined
2019-3-28 18:10:54.915#mousedown#{"isTrusted":true}
2019-3-28 18:10:54.935#focus#
2019-3-28 18:10:56.808#change#{"from":{"line":0,"ch":6,"sticky":"after"},"to":{"line":0,"ch":7,"sticky":"before","xRel":48.08331298828125},"text":[""],"removed":["n"],"origin":"+delete"}
2019-3-28 18:10:56.808#keyHandled#"Backspace"
2019-3-28 18:10:57.048#change#{"from":{"line":0,"ch":5,"sticky":"after"},"to":{"line":0,"ch":6,"sticky":null},"text":[""],"removed":["o"],"origin":"+delete"}
2019-3-28 18:10:57.048#keyHandled#"Backspace"
2019-3-28 18:10:57.288#change#{"from":{"line":0,"ch":4,"sticky":"after"},"to":{"line":0,"ch":5,"sticky":null},"text":[""],"removed":["f"],"origin":"+delete"}
2019-3-28 18:10:57.288#keyHandled#"Backspace"
2019-3-28 18:11:00.046#change#{"from":{"line":0,"ch":4,"sticky":null},"to":{"line":0,"ch":4,"sticky":null},"text":["n"],"removed":[""],"origin":"+input"}
2019-3-28 18:11:00.413#change#{"from":{"line":0,"ch":5,"sticky":null},"to":{"line":0,"ch":5,"sticky":null},"text":["o"],"removed":[""],"origin":"+input"}
2019-3-28 18:11:00.597#change#{"from":{"line":0,"ch":6,"sticky":null},"to":{"line":0,"ch":6,"sticky":null},"text":["t"],"removed":[""],"origin":"+input"}
2019-3-28 18:11:00.974#change#{"from":{"line":0,"ch":7,"sticky":null},"to":{"line":0,"ch":7,"sticky":null},"text":["a"],"removed":[""],"origin":"+input"}
2019-3-28 18:11:01.787#blur#
2019-3-28 18:11:01.787#blur#
2019-3-28 18:11:03.968#saida_testar#$ python3 main.py
Traceback (most recent call last):
File "main.py", line 1, in <module>
x = nota
NameError: name 'nota' is not defined
2019-3-28 18:11:05.245#mousedown#{"isTrusted":true}
2019-3-28 18:11:05.262#focus#
2019-3-28 18:11:06.614#change#{"from":{"line":0,"ch":4,"sticky":"after","xRel":0.08331298828125},"to":{"line":0,"ch":4,"sticky":"after","xRel":0.08331298828125},"text":["\""],"removed":[""],"origin":"+input"}
2019-3-28 18:11:07.375#mousedown#{"isTrusted":true}
2019-3-28 18:11:08.094#change#{"from":{"line":0,"ch":9,"sticky":"before","xRel":4.08331298828125},"to":{"line":0,"ch":9,"sticky":"before","xRel":4.08331298828125},"text":["\""],"removed":[""],"origin":"+input"}
2019-3-28 18:11:09.180#blur#
2019-3-28 18:11:09.180#blur#
2019-3-28 18:11:12.039#saida_testar#$ python3 main.py
nota
2019-3-28 18:11:15.049#mousedown#{"isTrusted":true}
2019-3-28 18:11:15.066#focus#
2019-3-28 18:11:15.576#mousedown#{"isTrusted":true}
2019-3-28 18:11:16.425#change#{"from":{"line":0,"ch":9,"sticky":"after"},"to":{"line":0,"ch":10,"sticky":"before","xRel":17.08331298828125},"text":[""],"removed":["\""],"origin":"+delete"}
2019-3-28 18:11:16.425#keyHandled#"Backspace"
2019-3-28 18:11:16.656#change#{"from":{"line":0,"ch":8,"sticky":"after"},"to":{"line":0,"ch":9,"sticky":null},"text":[""],"removed":["a"],"origin":"+delete"}
2019-3-28 18:11:16.656#keyHandled#"Backspace"
2019-3-28 18:11:16.848#change#{"from":{"line":0,"ch":7,"sticky":"after"},"to":{"line":0,"ch":8,"sticky":null},"text":[""],"removed":["t"],"origin":"+delete"}
2019-3-28 18:11:16.848#keyHandled#"Backspace"
2019-3-28 18:11:17.250#change#{"from":{"line":0,"ch":6,"sticky":"after"},"to":{"line":0,"ch":7,"sticky":null},"text":[""],"removed":["o"],"origin":"+delete"}
2019-3-28 18:11:17.250#keyHandled#"Backspace"
2019-3-28 18:11:17.272#change#{"from":{"line":0,"ch":5,"sticky":"after"},"to":{"line":0,"ch":6,"sticky":null},"text":[""],"removed":["n"],"origin":"+delete"}
2019-3-28 18:11:17.272#keyHandled#"Backspace"
2019-3-28 18:11:17.712#change#{"from":{"line":0,"ch":4,"sticky":"after"},"to":{"line":0,"ch":5,"sticky":null},"text":[""],"removed":["\""],"origin":"+delete"}
2019-3-28 18:11:17.712#keyHandled#"Backspace"
2019-3-28 18:11:18.166#change#{"from":{"line":0,"ch":4,"sticky":null},"to":{"line":0,"ch":4,"sticky":null},"text":["2"],"removed":[""],"origin":"+input"}
2019-3-28 18:11:18.428#change#{"from":{"line":0,"ch":5,"sticky":null},"to":{"line":0,"ch":5,"sticky":null},"text":["5"],"removed":[""],"origin":"+input"}
2019-3-28 18:11:19.091#blur#
2019-3-28 18:11:19.091#blur#
2019-3-28 18:11:22.019#saida_testar#$ python3 main.py
2019-3-28 18:11:22.565#mousedown#{"isTrusted":true}
2019-3-28 18:11:22.576#focus#
2019-3-28 18:11:23.304#change#{"from":{"line":0,"ch":5,"sticky":"after"},"to":{"line":0,"ch":6,"sticky":"before","xRel":57.08331298828125},"text":[""],"removed":["5"],"origin":"+delete"}
2019-3-28 18:11:23.304#keyHandled#"Backspace"
2019-3-28 18:11:23.520#change#{"from":{"line":0,"ch":4,"sticky":"after"},"to":{"line":0,"ch":5,"sticky":null},"text":[""],"removed":["2"],"origin":"+delete"}
2019-3-28 18:11:23.520#keyHandled#"Backspace"
2019-3-28 18:11:23.776#change#{"from":{"line":0,"ch":3,"sticky":"after"},"to":{"line":0,"ch":4,"sticky":null},"text":[""],"removed":[" "],"origin":"+delete"}
2019-3-28 18:11:23.776#keyHandled#"Backspace"
2019-3-28 18:11:24.008#change#{"from":{"line":0,"ch":2,"sticky":"after"},"to":{"line":0,"ch":3,"sticky":null},"text":[""],"removed":["="],"origin":"+delete"}
2019-3-28 18:11:24.008#keyHandled#"Backspace"
2019-3-28 18:11:24.200#change#{"from":{"line":0,"ch":1,"sticky":"after"},"to":{"line":0,"ch":2,"sticky":null},"text":[""],"removed":[" "],"origin":"+delete"}
2019-3-28 18:11:24.200#keyHandled#"Backspace"
2019-3-28 18:11:24.392#change#{"from":{"line":0,"ch":0,"sticky":"after"},"to":{"line":0,"ch":1,"sticky":null},"text":[""],"removed":["x"],"origin":"+delete"}
2019-3-28 18:11:24.392#keyHandled#"Backspace"
2019-3-28 18:11:24.648#keyHandled#"Backspace"
2019-3-28 18:11:29.127#mousedown#{"isTrusted":true}
2019-3-28 18:11:29.382#change#{"from":{"line":0,"ch":0,"sticky":"before"},"to":{"line":1,"ch":0,"sticky":"after","xRel":0.08331298828125},"text":[""],"removed":["",""],"origin":"+delete"}
2019-3-28 18:11:29.382#keyHandled#"Backspace"
2019-3-28 18:11:29.396#viewportChange#0
2019-3-28 18:11:30.161#mousedown#{"isTrusted":true}
2019-3-28 18:11:32.392#change#{"from":{"line":0,"ch":6,"sticky":"after"},"to":{"line":0,"ch":7,"sticky":"before","xRel":-3.91668701171875},"text":[""],"removed":["x"],"origin":"+delete"}
2019-3-28 18:11:32.392#keyHandled#"Backspace"
2019-3-28 18:11:33.793#change#{"from":{"line":0,"ch":6,"sticky":null},"to":{"line":0,"ch":6,"sticky":null},"text":["\"\""],"removed":[""],"origin":"+input"}
2019-3-28 18:11:33.793#keyHandled#"'\"'"
2019-3-28 18:11:35.670#change#{"from":{"line":0,"ch":7,"sticky":"after"},"to":{"line":0,"ch":7,"sticky":"after"},"text":["U"],"removed":[""],"origin":"+input"}
2019-3-28 18:11:35.903#change#{"from":{"line":0,"ch":8,"sticky":null},"to":{"line":0,"ch":8,"sticky":null},"text":["n"],"removed":[""],"origin":"+input"}
2019-3-28 18:11:36.149#change#{"from":{"line":0,"ch":9,"sticky":null},"to":{"line":0,"ch":9,"sticky":null},"text":["i"],"removed":[""],"origin":"+input"}
2019-3-28 18:11:36.286#change#{"from":{"line":0,"ch":10,"sticky":null},"to":{"line":0,"ch":10,"sticky":null},"text":["v"],"removed":[""],"origin":"+input"}
2019-3-28 18:11:36.521#change#{"from":{"line":0,"ch":11,"sticky":null},"to":{"line":0,"ch":11,"sticky":null},"text":["e"],"removed":[""],"origin":"+input"}
2019-3-28 18:11:36.589#change#{"from":{"line":0,"ch":12,"sticky":null},"to":{"line":0,"ch":12,"sticky":null},"text":["r"],"removed":[""],"origin":"+input"}
2019-3-28 18:11:36.789#change#{"from":{"line":0,"ch":13,"sticky":null},"to":{"line":0,"ch":13,"sticky":null},"text":["s"],"removed":[""],"origin":"+input"}
2019-3-28 18:11:36.933#change#{"from":{"line":0,"ch":14,"sticky":null},"to":{"line":0,"ch":14,"sticky":null},"text":["i"],"removed":[""],"origin":"+input"}
2019-3-28 18:11:37.020#change#{"from":{"line":0,"ch":15,"sticky":null},"to":{"line":0,"ch":15,"sticky":null},"text":["d"],"removed":[""],"origin":"+input"}
2019-3-28 18:11:37.111#change#{"from":{"line":0,"ch":16,"sticky":null},"to":{"line":0,"ch":16,"sticky":null},"text":["a"],"removed":[""],"origin":"+input"}
2019-3-28 18:11:37.384#change#{"from":{"line":0,"ch":17,"sticky":null},"to":{"line":0,"ch":17,"sticky":null},"text":["d"],"removed":[""],"origin":"+input"}
2019-3-28 18:11:37.501#change#{"from":{"line":0,"ch":18,"sticky":null},"to":{"line":0,"ch":18,"sticky":null},"text":["e"],"removed":[""],"origin":"+input"}
2019-3-28 18:11:37.661#change#{"from":{"line":0,"ch":19,"sticky":null},"to":{"line":0,"ch":19,"sticky":null},"text":[" "],"removed":[""],"origin":"+input"}
2019-3-28 18:11:38.054#change#{"from":{"line":0,"ch":20,"sticky":null},"to":{"line":0,"ch":20,"sticky":null},"text":["F"],"removed":[""],"origin":"+input"}
2019-3-28 18:11:38.455#change#{"from":{"line":0,"ch":21,"sticky":null},"to":{"line":0,"ch":21,"sticky":null},"text":["e"],"removed":[""],"origin":"+input"}
2019-3-28 18:11:38.670#change#{"from":{"line":0,"ch":22,"sticky":null},"to":{"line":0,"ch":22,"sticky":null},"text":["d"],"removed":[""],"origin":"+input"}
2019-3-28 18:11:38.757#change#{"from":{"line":0,"ch":23,"sticky":null},"to":{"line":0,"ch":23,"sticky":null},"text":["e"],"removed":[""],"origin":"+input"}
2019-3-28 18:11:38.909#change#{"from":{"line":0,"ch":24,"sticky":null},"to":{"line":0,"ch":24,"sticky":null},"text":["r"],"removed":[""],"origin":"+input"}
2019-3-28 18:11:39.081#change#{"from":{"line":0,"ch":25,"sticky":null},"to":{"line":0,"ch":25,"sticky":null},"text":["a"],"removed":[""],"origin":"+input"}
2019-3-28 18:11:39.189#change#{"from":{"line":0,"ch":26,"sticky":null},"to":{"line":0,"ch":26,"sticky":null},"text":["l"],"removed":[""],"origin":"+input"}
2019-3-28 18:11:39.357#change#{"from":{"line":0,"ch":27,"sticky":null},"to":{"line":0,"ch":27,"sticky":null},"text":[" "],"removed":[""],"origin":"+input"}
2019-3-28 18:11:39.446#change#{"from":{"line":0,"ch":28,"sticky":null},"to":{"line":0,"ch":28,"sticky":null},"text":["d"],"removed":[""],"origin":"+input"}
2019-3-28 18:11:39.550#change#{"from":{"line":0,"ch":29,"sticky":null},"to":{"line":0,"ch":29,"sticky":null},"text":["o"],"removed":[""],"origin":"+input"}
2019-3-28 18:11:39.685#change#{"from":{"line":0,"ch":30,"sticky":null},"to":{"line":0,"ch":30,"sticky":null},"text":[" "],"removed":[""],"origin":"+input"}
2019-3-28 18:11:39.967#change#{"from":{"line":0,"ch":31,"sticky":null},"to":{"line":0,"ch":31,"sticky":null},"text":["A"],"removed":[""],"origin":"+input"}
2019-3-28 18:11:40.309#change#{"from":{"line":0,"ch":32,"sticky":null},"to":{"line":0,"ch":32,"sticky":null},"text":["m"],"removed":[""],"origin":"+input"}
2019-3-28 18:11:40.413#change#{"from":{"line":0,"ch":33,"sticky":null},"to":{"line":0,"ch":33,"sticky":null},"text":["a"],"removed":[""],"origin":"+input"}
2019-3-28 18:11:40.677#change#{"from":{"line":0,"ch":34,"sticky":null},"to":{"line":0,"ch":34,"sticky":null},"text":["z"],"removed":[""],"origin":"+input"}
2019-3-28 18:11:40.781#change#{"from":{"line":0,"ch":35,"sticky":null},"to":{"line":0,"ch":35,"sticky":null},"text":["o"],"removed":[""],"origin":"+input"}
2019-3-28 18:11:41.157#change#{"from":{"line":0,"ch":36,"sticky":null},"to":{"line":0,"ch":36,"sticky":null},"text":["n"],"removed":[""],"origin":"+input"}
2019-3-28 18:11:41.293#change#{"from":{"line":0,"ch":37,"sticky":null},"to":{"line":0,"ch":37,"sticky":null},"text":["a"],"removed":[""],"origin":"+input"}
2019-3-28 18:11:41.398#change#{"from":{"line":0,"ch":38,"sticky":null},"to":{"line":0,"ch":38,"sticky":null},"text":["s"],"removed":[""],"origin":"+input"}
2019-3-28 18:11:42.454#blur#
2019-3-28 18:11:42.454#blur#
2019-3-28 18:11:43.968#saida_testar#$ python3 main.py
Universidade Federal do Amazonas
2019-3-28 18:11:59.265#mousedown#{"isTrusted":true}
2019-3-28 18:11:59.286#focus#
2019-3-28 18:11:59.856#mousedown#{"isTrusted":true}
2019-3-28 18:12:01.371#change#{"from":{"line":0,"ch":41,"sticky":"before","xRel":11.08331298828125},"to":{"line":0,"ch":41,"sticky":"before","xRel":11.08331298828125},"text":["",""],"removed":[""],"origin":"+input"}
2019-3-28 18:12:01.371#keyHandled#"Enter"
2019-3-28 18:12:01.385#viewportChange#0
2019-3-28 18:12:02.121#change#{"from":{"line":0,"ch":41,"sticky":"before"},"to":{"line":1,"ch":0,"sticky":null},"text":[""],"removed":["",""],"origin":"+delete"}
2019-3-28 18:12:02.121#keyHandled#"Backspace"
2019-3-28 18:12:02.136#viewportChange#0
2019-3-28 18:12:03.847#mousedown#{"isTrusted":true}
2019-3-28 18:12:04.104#change#{"from":{"line":0,"ch":0,"sticky":"after","xRel":3.08331298828125},"to":{"line":0,"ch":0,"sticky":"after","xRel":3.08331298828125},"text":["",""],"removed":[""],"origin":"+input"}
2019-3-28 18:12:04.105#keyHandled#"Enter"
2019-3-28 18:12:04.122#viewportChange#0
2019-3-28 18:12:04.558#mousedown#{"isTrusted":true}
2019-3-28 18:12:06.110#change#{"from":{"line":0,"ch":0,"sticky":"after","xRel":3.08331298828125},"to":{"line":0,"ch":0,"sticky":"after","xRel":3.08331298828125},"text":["p"],"removed":[""],"origin":"+input"}
2019-3-28 18:12:06.237#change#{"from":{"line":0,"ch":1,"sticky":null},"to":{"line":0,"ch":1,"sticky":null},"text":["r"],"removed":[""],"origin":"+input"}
2019-3-28 18:12:06.364#change#{"from":{"line":0,"ch":2,"sticky":null},"to":{"line":0,"ch":2,"sticky":null},"text":["i"],"removed":[""],"origin":"+input"}
2019-3-28 18:12:06.589#change#{"from":{"line":0,"ch":3,"sticky":null},"to":{"line":0,"ch":3,"sticky":null},"text":["n"],"removed":[""],"origin":"+input"}
2019-3-28 18:12:06.724#change#{"from":{"line":0,"ch":4,"sticky":null},"to":{"line":0,"ch":4,"sticky":null},"text":["t"],"removed":[""],"origin":"+input"}
2019-3-28 18:12:07.137#change#{"from":{"line":0,"ch":4,"sticky":"after"},"to":{"line":0,"ch":5,"sticky":null},"text":[""],"removed":["t"],"origin":"+delete"}
2019-3-28 18:12:07.137#keyHandled#"Backspace"
2019-3-28 18:12:07.328#change#{"from":{"line":0,"ch":3,"sticky":"after"},"to":{"line":0,"ch":4,"sticky":null},"text":[""],"removed":["n"],"origin":"+delete"}
2019-3-28 18:12:07.328#keyHandled#"Backspace"
2019-3-28 18:12:07.552#change#{"from":{"line":0,"ch":2,"sticky":"after"},"to":{"line":0,"ch":3,"sticky":null},"text":[""],"removed":["i"],"origin":"+delete"}
2019-3-28 18:12:07.552#keyHandled#"Backspace"
2019-3-28 18:12:07.752#change#{"from":{"line":0,"ch":1,"sticky":"after"},"to":{"line":0,"ch":2,"sticky":null},"text":[""],"removed":["r"],"origin":"+delete"}
2019-3-28 18:12:07.752#keyHandled#"Backspace"
2019-3-28 18:12:07.960#change#{"from":{"line":0,"ch":0,"sticky":"after"},"to":{"line":0,"ch":1,"sticky":null},"text":[""],"removed":["p"],"origin":"+delete"}
2019-3-28 18:12:07.960#keyHandled#"Backspace"
2019-3-28 18:12:08.398#change#{"from":{"line":0,"ch":0,"sticky":null},"to":{"line":0,"ch":0,"sticky":null},"text":["x"],"removed":[""],"origin":"+input"}
2019-3-28 18:12:08.572#change#{"from":{"line":0,"ch":1,"sticky":null},"to":{"line":0,"ch":1,"sticky":null},"text":["="],"removed":[""],"origin":"+input"}
2019-3-28 18:12:08.693#change#{"from":{"line":0,"ch":2,"sticky":null},"to":{"line":0,"ch":2,"sticky":null},"text":[" "],"removed":[""],"origin":"+input"}
2019-3-28 18:12:09.352#change#{"from":{"line":0,"ch":2,"sticky":"after"},"to":{"line":0,"ch":3,"sticky":null},"text":[""],"removed":[" "],"origin":"+delete"}
2019-3-28 18:12:09.352#keyHandled#"Backspace"
2019-3-28 18:12:09.536#change#{"from":{"line":0,"ch":1,"sticky":"after"},"to":{"line":0,"ch":2,"sticky":null},"text":[""],"removed":["="],"origin":"+delete"}
2019-3-28 18:12:09.536#keyHandled#"Backspace"
2019-3-28 18:12:09.670#change#{"from":{"line":0,"ch":1,"sticky":null},"to":{"line":0,"ch":1,"sticky":null},"text":[" "],"removed":[""],"origin":"+input"}
2019-3-28 18:12:09.837#change#{"from":{"line":0,"ch":2,"sticky":null},"to":{"line":0,"ch":2,"sticky":null},"text":["="],"removed":[""],"origin":"+input"}
2019-3-28 18:12:10.038#change#{"from":{"line":0,"ch":3,"sticky":null},"to":{"line":0,"ch":3,"sticky":null},"text":[" "],"removed":[""],"origin":"+input"}
2019-3-28 18:12:10.117#change#{"from":{"line":0,"ch":4,"sticky":null},"to":{"line":0,"ch":4,"sticky":null},"text":["2"],"removed":[""],"origin":"+input"}
2019-3-28 18:12:10.341#change#{"from":{"line":0,"ch":5,"sticky":null},"to":{"line":0,"ch":5,"sticky":null},"text":["5"],"removed":[""],"origin":"+input"}
2019-3-28 18:12:11.556#mousedown#{"isTrusted":true}
2019-3-28 18:12:14.185#change#{"from":{"line":1,"ch":6,"sticky":"after","xRel":2.08331298828125},"to":{"line":1,"ch":40,"sticky":"after","xRel":3.08331298828125},"text":[""],"removed":["\"Universidade Federal do Amazonas\""],"origin":"+delete"}
2019-3-28 18:12:14.186#keyHandled#"Backspace"
2019-3-28 18:12:14.862#change#{"from":{"line":1,"ch":6,"sticky":null},"to":{"line":1,"ch":6,"sticky":null},"text":["x"],"removed":[""],"origin":"+input"}
2019-3-28 18:12:17.446#change#{"from":{"line":1,"ch":7,"sticky":null},"to":{"line":1,"ch":7,"sticky":null},"text":["/"],"removed":[""],"origin":"+input"}
2019-3-28 18:12:18.365#change#{"from":{"line":1,"ch":8,"sticky":null},"to":{"line":1,"ch":8,"sticky":null},"text":["2"],"removed":[""],"origin":"+input"}
2019-3-28 18:12:19.227#blur#
2019-3-28 18:12:19.227#blur#
2019-3-28 18:12:21.696#mousedown#{"isTrusted":true}
2019-3-28 18:12:21.705#focus#
2019-3-28 18:12:22.179#saida_testar#$ python3 main.py
12.5
2019-3-28 18:12:23.334#change#{"from":{"line":1,"ch":9,"sticky":"before","xRel":-0.91668701171875},"to":{"line":1,"ch":9,"sticky":"before","xRel":-0.91668701171875},"text":["/"],"removed":[""],"origin":"+input"}
2019-3-28 18:12:23.501#change#{"from":{"line":1,"ch":10,"sticky":null},"to":{"line":1,"ch":10,"sticky":null},"text":["2"],"removed":[""],"origin":"+input"}
2019-3-28 18:12:24.752#change#{"from":{"line":1,"ch":10,"sticky":"after"},"to":{"line":1,"ch":11,"sticky":null},"text":[""],"removed":["2"],"origin":"+delete"}
2019-3-28 18:12:24.752#keyHandled#"Backspace"
2019-3-28 18:12:24.960#change#{"from":{"line":1,"ch":9,"sticky":"after"},"to":{"line":1,"ch":10,"sticky":null},"text":[""],"removed":["/"],"origin":"+delete"}
2019-3-28 18:12:24.960#keyHandled#"Backspace"
2019-3-28 18:12:25.184#change#{"from":{"line":1,"ch":8,"sticky":"after"},"to":{"line":1,"ch":9,"sticky":null},"text":[""],"removed":["2"],"origin":"+delete"}
2019-3-28 18:12:25.184#keyHandled#"Backspace"
2019-3-28 18:12:26.150#change#{"from":{"line":1,"ch":8,"sticky":null},"to":{"line":1,"ch":8,"sticky":null},"text":["/"],"removed":[""],"origin":"+input"}
2019-3-28 18:12:26.481#change#{"from":{"line":1,"ch":9,"sticky":null},"to":{"line":1,"ch":9,"sticky":null},"text":["2"],"removed":[""],"origin":"+input"}
2019-3-28 18:12:27.572#blur#
2019-3-28 18:12:27.572#blur#
2019-3-28 18:12:30.020#saida_testar#$ python3 main.py
2019-3-28 18:12:30.600#mousedown#{"isTrusted":true}
2019-3-28 18:12:30.611#focus#
2019-3-28 18:12:31.051#mousedown#{"isTrusted":true}
2019-3-28 18:12:35.331#mousedown#{"isTrusted":true}
2019-3-28 18:12:36.323#mousedown#{"isTrusted":true}
2019-3-28 18:12:46.565#mousedown#{"isTrusted":true}
2019-3-28 18:12:47.624#change#{"from":{"line":1,"ch":10,"sticky":"after"},"to":{"line":1,"ch":11,"sticky":"before","xRel":22.08331298828125},"text":[""],"removed":[")"],"origin":"+delete"}
2019-3-28 18:12:47.624#keyHandled#"Backspace"
2019-3-28 18:12:47.840#change#{"from":{"line":1,"ch":9,"sticky":"after"},"to":{"line":1,"ch":10,"sticky":null},"text":[""],"removed":["2"],"origin":"+delete"}
2019-3-28 18:12:47.840#keyHandled#"Backspace"
2019-3-28 18:12:48.024#change#{"from":{"line":1,"ch":8,"sticky":"after"},"to":{"line":1,"ch":9,"sticky":null},"text":[""],"removed":["/"],"origin":"+delete"}
2019-3-28 18:12:48.024#keyHandled#"Backspace"
2019-3-28 18:12:48.208#change#{"from":{"line":1,"ch":7,"sticky":"after"},"to":{"line":1,"ch":8,"sticky":null},"text":[""],"removed":["/"],"origin":"+delete"}
2019-3-28 18:12:48.208#keyHandled#"Backspace"
2019-3-28 18:12:48.384#change#{"from":{"line":1,"ch":6,"sticky":"after"},"to":{"line":1,"ch":7,"sticky":null},"text":[""],"removed":["x"],"origin":"+delete"}
2019-3-28 18:12:48.384#keyHandled#"Backspace"
2019-3-28 18:12:48.576#change#{"from":{"line":1,"ch":5,"sticky":"after"},"to":{"line":1,"ch":6,"sticky":null},"text":[""],"removed":["("],"origin":"+delete"}
2019-3-28 18:12:48.576#keyHandled#"Backspace"
2019-3-28 18:12:51.219#mousedown#{"isTrusted":true}
2019-3-28 18:12:51.728#change#{"from":{"line":1,"ch":4,"sticky":"after"},"to":{"line":1,"ch":5,"sticky":"before","xRel":63.08331298828125},"text":[""],"removed":["t"],"origin":"+delete"}
2019-3-28 18:12:51.728#keyHandled#"Backspace"
2019-3-28 18:12:52.228#change#{"from":{"line":1,"ch":3,"sticky":"after"},"to":{"line":1,"ch":4,"sticky":null},"text":[""],"removed":["n"],"origin":"+delete"}
2019-3-28 18:12:52.228#keyHandled#"Backspace"
2019-3-28 18:12:52.258#change#{"from":{"line":1,"ch":2,"sticky":"after"},"to":{"line":1,"ch":3,"sticky":null},"text":[""],"removed":["i"],"origin":"+delete"}
2019-3-28 18:12:52.258#keyHandled#"Backspace"
2019-3-28 18:12:52.289#change#{"from":{"line":1,"ch":1,"sticky":"after"},"to":{"line":1,"ch":2,"sticky":null},"text":[""],"removed":["r"],"origin":"+delete"}
2019-3-28 18:12:52.289#keyHandled#"Backspace"
2019-3-28 18:12:52.318#change#{"from":{"line":1,"ch":0,"sticky":"after"},"to":{"line":1,"ch":1,"sticky":null},"text":[""],"removed":["p"],"origin":"+delete"}
2019-3-28 18:12:52.318#keyHandled#"Backspace"
2019-3-28 18:12:52.348#change#{"from":{"line":0,"ch":6,"sticky":"before"},"to":{"line":1,"ch":0,"sticky":null},"text":[""],"removed":["",""],"origin":"+delete"}
2019-3-28 18:12:52.349#keyHandled#"Backspace"
2019-3-28 18:12:52.361#viewportChange#0
2019-3-28 18:12:52.378#change#{"from":{"line":0,"ch":5,"sticky":"after"},"to":{"line":0,"ch":6,"sticky":null},"text":[""],"removed":["5"],"origin":"+delete"}
2019-3-28 18:12:52.378#keyHandled#"Backspace"
2019-3-28 18:12:52.408#change#{"from":{"line":0,"ch":4,"sticky":"after"},"to":{"line":0,"ch":5,"sticky":null},"text":[""],"removed":["2"],"origin":"+delete"}
2019-3-28 18:12:52.408#keyHandled#"Backspace"
2019-3-28 18:12:52.439#change#{"from":{"line":0,"ch":3,"sticky":"after"},"to":{"line":0,"ch":4,"sticky":null},"text":[""],"removed":[" "],"origin":"+delete"}
2019-3-28 18:12:52.439#keyHandled#"Backspace"
2019-3-28 18:12:52.469#change#{"from":{"line":0,"ch":2,"sticky":"after"},"to":{"line":0,"ch":3,"sticky":null},"text":[""],"removed":["="],"origin":"+delete"}
2019-3-28 18:12:52.469#keyHandled#"Backspace"
2019-3-28 18:12:52.499#change#{"from":{"line":0,"ch":1,"sticky":"after"},"to":{"line":0,"ch":2,"sticky":null},"text":[""],"removed":[" "],"origin":"+delete"}
2019-3-28 18:12:52.499#keyHandled#"Backspace"
2019-3-28 18:12:52.531#change#{"from":{"line":0,"ch":0,"sticky":"after"},"to":{"line":0,"ch":1,"sticky":null},"text":[""],"removed":["x"],"origin":"+delete"}
2019-3-28 18:12:52.531#keyHandled#"Backspace"
2019-3-28 18:12:52.560#keyHandled#"Backspace"
2019-3-28 18:12:52.590#keyHandled#"Backspace"
2019-3-28 18:12:52.620#keyHandled#"Backspace"
2019-3-28 18:12:52.651#keyHandled#"Backspace"
2019-3-28 18:12:52.680#keyHandled#"Backspace"
2019-3-28 18:12:52.710#keyHandled#"Backspace"
2019-3-28 18:12:52.740#keyHandled#"Backspace"
2019-3-28 18:12:52.770#keyHandled#"Backspace"
2019-3-28 18:12:53.687#change#{"from":{"line":0,"ch":0,"sticky":null,"hitSide":true},"to":{"line":0,"ch":0,"sticky":null},"text":["o"],"removed":[""],"origin":"+input"}
2019-3-28 18:12:53.709#change#{"from":{"line":0,"ch":1,"sticky":null},"to":{"line":0,"ch":1,"sticky":null},"text":["p"],"removed":[""],"origin":"+input"}
2019-3-28 18:12:54.080#change#{"from":{"line":0,"ch":1,"sticky":"after"},"to":{"line":0,"ch":2,"sticky":null},"text":[""],"removed":["p"],"origin":"+delete"}
2019-3-28 18:12:54.080#keyHandled#"Backspace"
2019-3-28 18:12:54.304#change#{"from":{"line":0,"ch":0,"sticky":"after"},"to":{"line":0,"ch":1,"sticky":null},"text":[""],"removed":["o"],"origin":"+delete"}
2019-3-28 18:12:54.304#keyHandled#"Backspace"
2019-3-28 18:12:54.534#change#{"from":{"line":0,"ch":0,"sticky":null},"to":{"line":0,"ch":0,"sticky":null},"text":["p"],"removed":[""],"origin":"+input"}
2019-3-28 18:12:54.661#change#{"from":{"line":0,"ch":1,"sticky":null},"to":{"line":0,"ch":1,"sticky":null},"text":["r"],"removed":[""],"origin":"+input"}
2019-3-28 18:12:54.789#change#{"from":{"line":0,"ch":2,"sticky":null},"to":{"line":0,"ch":2,"sticky":null},"text":["i"],"removed":[""],"origin":"+input"}
2019-3-28 18:12:55.021#change#{"from":{"line":0,"ch":3,"sticky":null},"to":{"line":0,"ch":3,"sticky":null},"text":["n"],"removed":[""],"origin":"+input"}
2019-3-28 18:12:55.133#change#{"from":{"line":0,"ch":4,"sticky":null},"to":{"line":0,"ch":4,"sticky":null},"text":["t"],"removed":[""],"origin":"+input"}
2019-3-28 18:12:55.974#change#{"from":{"line":0,"ch":5,"sticky":null},"to":{"line":0,"ch":5,"sticky":null},"text":["()"],"removed":[""],"origin":"+input"}
2019-3-28 18:12:55.974#keyHandled#"'('"
2019-3-28 18:12:57.189#change#{"from":{"line":0,"ch":6,"sticky":"after"},"to":{"line":0,"ch":6,"sticky":"after"},"text":["U"],"removed":[""],"origin":"+input"}
2019-3-28 18:12:57.422#change#{"from":{"line":0,"ch":7,"sticky":null},"to":{"line":0,"ch":7,"sticky":null},"text":["n"],"removed":[""],"origin":"+input"}
2019-3-28 18:12:57.653#change#{"from":{"line":0,"ch":8,"sticky":null},"to":{"line":0,"ch":8,"sticky":null},"text":["i"],"removed":[""],"origin":"+input"}
2019-3-28 18:12:57.685#change#{"from":{"line":0,"ch":9,"sticky":null},"to":{"line":0,"ch":9,"sticky":null},"text":["v"],"removed":[""],"origin":"+input"}
2019-3-28 18:12:57.790#change#{"from":{"line":0,"ch":10,"sticky":null},"to":{"line":0,"ch":10,"sticky":null},"text":["e"],"removed":[""],"origin":"+input"}
2019-3-28 18:12:57.957#change#{"from":{"line":0,"ch":11,"sticky":null},"to":{"line":0,"ch":11,"sticky":null},"text":["r"],"removed":[""],"origin":"+input"}
2019-3-28 18:12:58.149#change#{"from":{"line":0,"ch":12,"sticky":null},"to":{"line":0,"ch":12,"sticky":null},"text":["s"],"removed":[""],"origin":"+input"}
2019-3-28 18:12:58.285#change#{"from":{"line":0,"ch":13,"sticky":null},"to":{"line":0,"ch":13,"sticky":null},"text":["i"],"removed":[""],"origin":"+input"}
2019-3-28 18:12:58.360#change#{"from":{"line":0,"ch":14,"sticky":null},"to":{"line":0,"ch":14,"sticky":null},"text":["d"],"removed":[""],"origin":"+input"}
2019-3-28 18:12:58.428#change#{"from":{"line":0,"ch":15,"sticky":null},"to":{"line":0,"ch":15,"sticky":null},"text":["a"],"removed":[""],"origin":"+input"}
2019-3-28 18:12:58.605#change#{"from":{"line":0,"ch":16,"sticky":null},"to":{"line":0,"ch":16,"sticky":null},"text":["d"],"removed":[""],"origin":"+input"}
2019-3-28 18:12:58.685#change#{"from":{"line":0,"ch":17,"sticky":null},"to":{"line":0,"ch":17,"sticky":null},"text":["e"],"removed":[""],"origin":"+input"}
2019-3-28 18:12:58.790#change#{"from":{"line":0,"ch":18,"sticky":null},"to":{"line":0,"ch":18,"sticky":null},"text":[" "],"removed":[""],"origin":"+input"}
2019-3-28 18:12:59.189#change#{"from":{"line":0,"ch":19,"sticky":null},"to":{"line":0,"ch":19,"sticky":null},"text":["F"],"removed":[""],"origin":"+input"}
2019-3-28 18:12:59.696#change#{"from":{"line":0,"ch":19,"sticky":"after"},"to":{"line":0,"ch":20,"sticky":null},"text":[""],"removed":["F"],"origin":"+delete"}
2019-3-28 18:12:59.696#keyHandled#"Backspace"
2019-3-28 18:13:00.196#change#{"from":{"line":0,"ch":18,"sticky":"after"},"to":{"line":0,"ch":19,"sticky":null},"text":[""],"removed":[" "],"origin":"+delete"}
2019-3-28 18:13:00.196#keyHandled#"Backspace"
2019-3-28 18:13:00.226#change#{"from":{"line":0,"ch":17,"sticky":"after"},"to":{"line":0,"ch":18,"sticky":null},"text":[""],"removed":["e"],"origin":"+delete"}
2019-3-28 18:13:00.226#keyHandled#"Backspace"
2019-3-28 18:13:00.257#change#{"from":{"line":0,"ch":16,"sticky":"after"},"to":{"line":0,"ch":17,"sticky":null},"text":[""],"removed":["d"],"origin":"+delete"}
2019-3-28 18:13:00.257#keyHandled#"Backspace"
2019-3-28 18:13:00.287#change#{"from":{"line":0,"ch":15,"sticky":"after"},"to":{"line":0,"ch":16,"sticky":null},"text":[""],"removed":["a"],"origin":"+delete"}
2019-3-28 18:13:00.287#keyHandled#"Backspace"
2019-3-28 18:13:00.324#change#{"from":{"line":0,"ch":14,"sticky":"after"},"to":{"line":0,"ch":15,"sticky":null},"text":[""],"removed":["d"],"origin":"+delete"}
2019-3-28 18:13:00.325#keyHandled#"Backspace"
2019-3-28 18:13:00.347#change#{"from":{"line":0,"ch":13,"sticky":"after"},"to":{"line":0,"ch":14,"sticky":null},"text":[""],"removed":["i"],"origin":"+delete"}
2019-3-28 18:13:00.347#keyHandled#"Backspace"
2019-3-28 18:13:00.377#change#{"from":{"line":0,"ch":12,"sticky":"after"},"to":{"line":0,"ch":13,"sticky":null},"text":[""],"removed":["s"],"origin":"+delete"}
2019-3-28 18:13:00.377#keyHandled#"Backspace"
2019-3-28 18:13:00.407#change#{"from":{"line":0,"ch":11,"sticky":"after"},"to":{"line":0,"ch":12,"sticky":null},"text":[""],"removed":["r"],"origin":"+delete"}
2019-3-28 18:13:00.407#keyHandled#"Backspace"
2019-3-28 18:13:00.437#change#{"from":{"line":0,"ch":10,"sticky":"after"},"to":{"line":0,"ch":11,"sticky":null},"text":[""],"removed":["e"],"origin":"+delete"}
2019-3-28 18:13:00.437#keyHandled#"Backspace"
2019-3-28 18:13:00.467#change#{"from":{"line":0,"ch":9,"sticky":"after"},"to":{"line":0,"ch":10,"sticky":null},"text":[""],"removed":["v"],"origin":"+delete"}
2019-3-28 18:13:00.467#keyHandled#"Backspace"
2019-3-28 18:13:00.497#change#{"from":{"line":0,"ch":8,"sticky":"after"},"to":{"line":0,"ch":9,"sticky":null},"text":[""],"removed":["i"],"origin":"+delete"}
2019-3-28 18:13:00.497#keyHandled#"Backspace"
2019-3-28 18:13:00.527#change#{"from":{"line":0,"ch":7,"sticky":"after"},"to":{"line":0,"ch":8,"sticky":null},"text":[""],"removed":["n"],"origin":"+delete"}
2019-3-28 18:13:00.527#keyHandled#"Backspace"
2019-3-28 18:13:00.688#change#{"from":{"line":0,"ch":6,"sticky":"after"},"to":{"line":0,"ch":7,"sticky":null},"text":[""],"removed":["U"],"origin":"+delete"}
2019-3-28 18:13:00.688#keyHandled#"Backspace"
2019-3-28 18:13:01.486#change#{"from":{"line":0,"ch":6,"sticky":null},"to":{"line":0,"ch":6,"sticky":null},"text":["\"\""],"removed":[""],"origin":"+input"}
2019-3-28 18:13:01.486#keyHandled#"'\"'"
2019-3-28 18:13:01.966#change#{"from":{"line":0,"ch":7,"sticky":"after"},"to":{"line":0,"ch":7,"sticky":"after"},"text":["U"],"removed":[""],"origin":"+input"}
2019-3-28 18:13:02.198#change#{"from":{"line":0,"ch":8,"sticky":null},"to":{"line":0,"ch":8,"sticky":null},"text":["n"],"removed":[""],"origin":"+input"}
2019-3-28 18:13:02.421#change#{"from":{"line":0,"ch":9,"sticky":null},"to":{"line":0,"ch":9,"sticky":null},"text":["i"],"removed":[""],"origin":"+input"}
2019-3-28 18:13:02.542#change#{"from":{"line":0,"ch":10,"sticky":null},"to":{"line":0,"ch":10,"sticky":null},"text":["v"],"removed":[""],"origin":"+input"}
2019-3-28 18:13:02.637#change#{"from":{"line":0,"ch":11,"sticky":null},"to":{"line":0,"ch":11,"sticky":null},"text":["e"],"removed":[""],"origin":"+input"}
2019-3-28 18:13:02.797#change#{"from":{"line":0,"ch":12,"sticky":null},"to":{"line":0,"ch":12,"sticky":null},"text":["r"],"removed":[""],"origin":"+input"}
2019-3-28 18:13:02.993#change#{"from":{"line":0,"ch":13,"sticky":null},"to":{"line":0,"ch":13,"sticky":null},"text":["s"],"removed":[""],"origin":"+input"}
2019-3-28 18:13:03.116#change#{"from":{"line":0,"ch":14,"sticky":null},"to":{"line":0,"ch":14,"sticky":null},"text":["i"],"removed":[""],"origin":"+input"}
2019-3-28 18:13:03.190#change#{"from":{"line":0,"ch":15,"sticky":null},"to":{"line":0,"ch":15,"sticky":null},"text":["d"],"removed":[""],"origin":"+input"}
2019-3-28 18:13:03.269#change#{"from":{"line":0,"ch":16,"sticky":null},"to":{"line":0,"ch":16,"sticky":null},"text":["a"],"removed":[""],"origin":"+input"}
2019-3-28 18:13:03.428#change#{"from":{"line":0,"ch":17,"sticky":null},"to":{"line":0,"ch":17,"sticky":null},"text":["d"],"removed":[""],"origin":"+input"}
2019-3-28 18:13:03.518#change#{"from":{"line":0,"ch":18,"sticky":null},"to":{"line":0,"ch":18,"sticky":null},"text":["e"],"removed":[""],"origin":"+input"}
2019-3-28 18:13:04.318#change#{"from":{"line":0,"ch":19,"sticky":null},"to":{"line":0,"ch":19,"sticky":null},"text":[" "],"removed":[""],"origin":"+input"}
2019-3-28 18:13:04.662#change#{"from":{"line":0,"ch":20,"sticky":null},"to":{"line":0,"ch":20,"sticky":null},"text":["f"],"removed":[""],"origin":"+input"}
2019-3-28 18:13:04.789#change#{"from":{"line":0,"ch":21,"sticky":null},"to":{"line":0,"ch":21,"sticky":null},"text":["e"],"removed":[""],"origin":"+input"}
2019-3-28 18:13:04.957#change#{"from":{"line":0,"ch":22,"sticky":null},"to":{"line":0,"ch":22,"sticky":null},"text":["d"],"removed":[""],"origin":"+input"}
2019-3-28 18:13:05.360#change#{"from":{"line":0,"ch":23,"sticky":"after"},"to":{"line":0,"ch":24,"sticky":null},"text":[""],"removed":["e"],"origin":"+delete"}
2019-3-28 18:13:05.360#keyHandled#"Backspace"
2019-3-28 18:13:05.576#change#{"from":{"line":0,"ch":22,"sticky":"after"},"to":{"line":0,"ch":23,"sticky":null},"text":[""],"removed":["d"],"origin":"+delete"}
2019-3-28 18:13:05.576#keyHandled#"Backspace"
2019-3-28 18:13:05.768#change#{"from":{"line":0,"ch":21,"sticky":"after"},"to":{"line":0,"ch":22,"sticky":null},"text":[""],"removed":["e"],"origin":"+delete"}
2019-3-28 18:13:05.768#keyHandled#"Backspace"
2019-3-28 18:13:05.952#change#{"from":{"line":0,"ch":20,"sticky":"after"},"to":{"line":0,"ch":21,"sticky":null},"text":[""],"removed":["f"],"origin":"+delete"}
2019-3-28 18:13:05.952#keyHandled#"Backspace"
2019-3-28 18:13:06.334#change#{"from":{"line":0,"ch":20,"sticky":null},"to":{"line":0,"ch":20,"sticky":null},"text":["D"],"removed":[""],"origin":"+input"}
2019-3-28 18:13:06.733#change#{"from":{"line":0,"ch":21,"sticky":null},"to":{"line":0,"ch":21,"sticky":null},"text":["e"],"removed":[""],"origin":"+input"}
2019-3-28 18:13:06.933#change#{"from":{"line":0,"ch":22,"sticky":null},"to":{"line":0,"ch":22,"sticky":null},"text":["r"],"removed":[""],"origin":"+input"}
2019-3-28 18:13:07.086#change#{"from":{"line":0,"ch":23,"sticky":null},"to":{"line":0,"ch":23,"sticky":null},"text":["a"],"removed":[""],"origin":"+input"}
2019-3-28 18:13:07.488#change#{"from":{"line":0,"ch":23,"sticky":"after"},"to":{"line":0,"ch":24,"sticky":null},"text":[""],"removed":["a"],"origin":"+delete"}
2019-3-28 18:13:07.488#keyHandled#"Backspace"
2019-3-28 18:13:07.664#change#{"from":{"line":0,"ch":22,"sticky":"after"},"to":{"line":0,"ch":23,"sticky":null},"text":[""],"removed":["r"],"origin":"+delete"}
2019-3-28 18:13:07.664#keyHandled#"Backspace"
2019-3-28 18:13:07.856#change#{"from":{"line":0,"ch":21,"sticky":"after"},"to":{"line":0,"ch":22,"sticky":null},"text":[""],"removed":["e"],"origin":"+delete"}
2019-3-28 18:13:07.856#keyHandled#"Backspace"
2019-3-28 18:13:08.040#change#{"from":{"line":0,"ch":20,"sticky":"after"},"to":{"line":0,"ch":21,"sticky":null},"text":[""],"removed":["D"],"origin":"+delete"}
2019-3-28 18:13:08.040#keyHandled#"Backspace"
2019-3-28 18:13:08.334#change#{"from":{"line":0,"ch":20,"sticky":null},"to":{"line":0,"ch":20,"sticky":null},"text":["F"],"removed":[""],"origin":"+input"}
2019-3-28 18:13:08.733#change#{"from":{"line":0,"ch":21,"sticky":null},"to":{"line":0,"ch":21,"sticky":null},"text":["e"],"removed":[""],"origin":"+input"}
2019-3-28 18:13:08.941#change#{"from":{"line":0,"ch":22,"sticky":null},"to":{"line":0,"ch":22,"sticky":null},"text":["d"],"removed":[""],"origin":"+input"}
2019-3-28 18:13:09.038#change#{"from":{"line":0,"ch":23,"sticky":null},"to":{"line":0,"ch":23,"sticky":null},"text":["e"],"removed":[""],"origin":"+input"}
2019-3-28 18:13:09.173#change#{"from":{"line":0,"ch":24,"sticky":null},"to":{"line":0,"ch":24,"sticky":null},"text":["r"],"removed":[""],"origin":"+input"}
2019-3-28 18:13:09.359#change#{"from":{"line":0,"ch":25,"sticky":null},"to":{"line":0,"ch":25,"sticky":null},"text":["a"],"removed":[""],"origin":"+input"}
2019-3-28 18:13:09.477#change#{"from":{"line":0,"ch":26,"sticky":null},"to":{"line":0,"ch":26,"sticky":null},"text":["l"],"removed":[""],"origin":"+input"}
2019-3-28 18:13:09.588#change#{"from":{"line":0,"ch":27,"sticky":null},"to":{"line":0,"ch":27,"sticky":null},"text":[" "],"removed":[""],"origin":"+input"}
2019-3-28 18:13:09.702#change#{"from":{"line":0,"ch":28,"sticky":null},"to":{"line":0,"ch":28,"sticky":null},"text":["d"],"removed":[""],"origin":"+input"}
2019-3-28 18:13:09.837#change#{"from":{"line":0,"ch":29,"sticky":null},"to":{"line":0,"ch":29,"sticky":null},"text":["o"],"removed":[""],"origin":"+input"}
2019-3-28 18:13:09.989#change#{"from":{"line":0,"ch":30,"sticky":null},"to":{"line":0,"ch":30,"sticky":null},"text":[" "],"removed":[""],"origin":"+input"}
2019-3-28 18:13:10.261#change#{"from":{"line":0,"ch":31,"sticky":null},"to":{"line":0,"ch":31,"sticky":null},"text":["A"],"removed":[""],"origin":"+input"}
2019-3-28 18:13:10.565#change#{"from":{"line":0,"ch":32,"sticky":null},"to":{"line":0,"ch":32,"sticky":null},"text":["m"],"removed":[""],"origin":"+input"}
2019-3-28 18:13:11.245#change#{"from":{"line":0,"ch":33,"sticky":null},"to":{"line":0,"ch":33,"sticky":null},"text":["A"],"removed":[""],"origin":"+input"}
2019-3-28 18:13:11.624#change#{"from":{"line":0,"ch":33,"sticky":"after"},"to":{"line":0,"ch":34,"sticky":null},"text":[""],"removed":["A"],"origin":"+delete"}
2019-3-28 18:13:11.624#keyHandled#"Backspace"
2019-3-28 18:13:11.797#change#{"from":{"line":0,"ch":33,"sticky":null},"to":{"line":0,"ch":33,"sticky":null},"text":["a"],"removed":[""],"origin":"+input"}
2019-3-28 18:13:12.037#change#{"from":{"line":0,"ch":34,"sticky":null},"to":{"line":0,"ch":34,"sticky":null},"text":["z"],"removed":[""],"origin":"+input"}
2019-3-28 18:13:12.141#change#{"from":{"line":0,"ch":35,"sticky":null},"to":{"line":0,"ch":35,"sticky":null},"text":["o"],"removed":[""],"origin":"+input"}
2019-3-28 18:13:12.356#change#{"from":{"line":0,"ch":36,"sticky":null},"to":{"line":0,"ch":36,"sticky":null},"text":["n"],"removed":[""],"origin":"+input"}
2019-3-28 18:13:12.429#change#{"from":{"line":0,"ch":37,"sticky":null},"to":{"line":0,"ch":37,"sticky":null},"text":["a"],"removed":[""],"origin":"+input"}
2019-3-28 18:13:12.533#change#{"from":{"line":0,"ch":38,"sticky":null},"to":{"line":0,"ch":38,"sticky":null},"text":["s"],"removed":[""],"origin":"+input"}
2019-3-28 18:13:13.497#blur#
