== TEST (2019-03-27 14:38:26) 
-- CODE:
digt = int(input("Dígitos da conta: "))
A1 = digt // 1000
A2 = digt % 1000
B1 = A2 // 100
B2 = A2 % 100
C1 = B2 // 10
C2 = B2 % 10
verif = (A1 + B1 + C1 + C2) % 11
print(verif)
-- OUTPUT:
2
*-*-*-*-*-*-*-*-*-*-*-*-*-*-*-*-*-*-*-*-*-*-*-*
== TEST (2019-03-27 14:39:10) 
-- CODE:
digt = int(input("Digitos da conta: "))
A1 = digt // 1000
A2 = digt % 1000
B1 = A2 // 100
B2 = A2 % 100
C1 = B2 // 10
C2 = B2 % 10
verif = (A1 + B1 + C1 + C2) % 11
print(verif)
-- OUTPUT:
2
*-*-*-*-*-*-*-*-*-*-*-*-*-*-*-*-*-*-*-*-*-*-*-*
== SUBMITION (2019-03-27 14:39:26) 
-- CODE:
digt = int(input("Digitos da conta: "))
A1 = digt // 1000
A2 = digt % 1000
B1 = A2 // 100
B2 = A2 % 100
C1 = B2 // 10
C2 = B2 % 10
verif = (A1 + B1 + C1 + C2) % 11
print(verif)
-- EXECUTION TIME:
0.273758
-- TEST CASE 1:
---- input:
2000
---- correct output:
10
---- user output:
2
-- TEST CASE 2:
---- input:
3550
---- correct output:
6
---- user output:
2
-- TEST CASE 3:
---- input:
0007
---- correct output:
3
---- user output:
7
-- GRADE:
0%
*-*-*-*-*-*-*-*-*-*-*-*-*-*-*-*-*-*-*-*-*-*-*-*
== TEST (2019-03-27 14:41:12) 
-- CODE:
digt = int(input("Digitos da conta: "))
A1 = digt // 1000
A2 = digt % 1000
B1 = A2 // 100
B2 = A2 % 100
C1 = B2 // 10
C2 = B2 % 10
soma = A1 + B1 + C1 + C2
verif = soma % 11
print(verif)
-- OUTPUT:
2
*-*-*-*-*-*-*-*-*-*-*-*-*-*-*-*-*-*-*-*-*-*-*-*
== SUBMITION (2019-03-27 14:41:21) 
-- CODE:
digt = int(input("Digitos da conta: "))
A1 = digt // 1000
A2 = digt % 1000
B1 = A2 // 100
B2 = A2 % 100
C1 = B2 // 10
C2 = B2 % 10
soma = A1 + B1 + C1 + C2
verif = soma % 11
print(verif)
-- EXECUTION TIME:
0.123613
-- TEST CASE 1:
---- input:
2000
---- correct output:
10
---- user output:
2
-- TEST CASE 2:
---- input:
3550
---- correct output:
6
---- user output:
2
-- TEST CASE 3:
---- input:
0007
---- correct output:
3
---- user output:
7
-- GRADE:
0%
*-*-*-*-*-*-*-*-*-*-*-*-*-*-*-*-*-*-*-*-*-*-*-*
== SUBMITION (2019-03-27 14:42:35) 
-- CODE:
digt = int(input("Digitos da conta: "))
A1 = digt // 1000
A2 = digt % 1000
B1 = A2 // 100
B2 = A2 % 100
C1 = B2 // 10
C2 = B2 % 10
soma = A1 + B1 + C1 + C2
verif = soma % 11
print(verif)
-- EXECUTION TIME:
0.240142
-- TEST CASE 1:
---- input:
2000
---- correct output:
10
---- user output:
2
-- TEST CASE 2:
---- input:
3550
---- correct output:
6
---- user output:
2
-- TEST CASE 3:
---- input:
0007
---- correct output:
3
---- user output:
7
-- GRADE:
0%
*-*-*-*-*-*-*-*-*-*-*-*-*-*-*-*-*-*-*-*-*-*-*-*
== TEST (2019-03-27 14:42:36) 
-- CODE:
digt = int(input("Digitos da conta: "))
A1 = digt // 1000
A2 = digt % 1000
B1 = A2 // 100
B2 = A2 % 100
C1 = B2 // 10
C2 = B2 % 10
soma = A1 + B1 + C1 + C2
verif = soma % 11
print(verif)
-- OUTPUT:
2
*-*-*-*-*-*-*-*-*-*-*-*-*-*-*-*-*-*-*-*-*-*-*-*
== TEST (2019-03-27 14:44:45) 
-- CODE:
digt = int(input("Digitos da conta: "))
A1 = digt // 1000
A2 = digt % 1000
B1 = A2 // 100
B2 = A2 % 100
C1 = B2 // 10
C2 = B2 % 10
soma = A1 * 5 + B1 * 4 + C1 * 3 + C2 * 2
verif = soma % 11
print(verif)
-- OUTPUT:
10
*-*-*-*-*-*-*-*-*-*-*-*-*-*-*-*-*-*-*-*-*-*-*-*
== SUBMITION (2019-03-27 14:44:59) 
-- CODE:
digt = int(input("Digitos da conta: "))
A1 = digt // 1000
A2 = digt % 1000
B1 = A2 // 100
B2 = A2 % 100
C1 = B2 // 10
C2 = B2 % 10
soma = A1 * 5 + B1 * 4 + C1 * 3 + C2 * 2
verif = soma % 11
print(verif)
-- EXECUTION TIME:
0.19382
-- TEST CASE 1:
---- input:
2000
---- correct output:
10
---- user output:
10
-- TEST CASE 2:
---- input:
3550
---- correct output:
6
---- user output:
6
-- TEST CASE 3:
---- input:
0007
---- correct output:
3
---- user output:
3
-- GRADE:
100%
*-*-*-*-*-*-*-*-*-*-*-*-*-*-*-*-*-*-*-*-*-*-*-*
