2019-3-12 22:48:14.917#viewportChange#0
2019-3-12 22:49:29.861#mousedown#{"isTrusted":true}
2019-3-12 22:49:29.876#focus#
2019-3-12 22:49:31.888#change#{"from":{"line":0,"ch":0,"sticky":"after","xRel":44.819427490234375},"to":{"line":0,"ch":0,"sticky":"after","xRel":44.819427490234375},"text":["p"],"removed":[""],"origin":"+input"}
2019-3-12 22:49:31.998#change#{"from":{"line":0,"ch":1,"sticky":null},"to":{"line":0,"ch":1,"sticky":null},"text":["r"],"removed":[""],"origin":"+input"}
2019-3-12 22:49:32.112#change#{"from":{"line":0,"ch":2,"sticky":null},"to":{"line":0,"ch":2,"sticky":null},"text":["i"],"removed":[""],"origin":"+input"}
2019-3-12 22:49:32.263#change#{"from":{"line":0,"ch":3,"sticky":null},"to":{"line":0,"ch":3,"sticky":null},"text":["n"],"removed":[""],"origin":"+input"}
2019-3-12 22:49:32.415#change#{"from":{"line":0,"ch":4,"sticky":null},"to":{"line":0,"ch":4,"sticky":null},"text":["t"],"removed":[""],"origin":"+input"}
2019-3-12 22:49:33.197#change#{"from":{"line":0,"ch":5,"sticky":null},"to":{"line":0,"ch":5,"sticky":null},"text":[" "],"removed":[""],"origin":"+input"}
2019-3-12 22:49:33.913#change#{"from":{"line":0,"ch":6,"sticky":null},"to":{"line":0,"ch":6,"sticky":null},"text":["()"],"removed":[""],"origin":"+input"}
2019-3-12 22:49:33.913#keyHandled#"'('"
2019-3-12 22:49:35.209#change#{"from":{"line":0,"ch":7,"sticky":"after"},"to":{"line":0,"ch":7,"sticky":"after"},"text":[" "],"removed":[""],"origin":"+input"}
2019-3-12 22:49:35.505#change#{"from":{"line":0,"ch":8,"sticky":null},"to":{"line":0,"ch":8,"sticky":null},"text":["A"],"removed":[""],"origin":"+input"}
2019-3-12 22:49:35.720#change#{"from":{"line":0,"ch":9,"sticky":null},"to":{"line":0,"ch":9,"sticky":null},"text":[" "],"removed":[""],"origin":"+input"}
2019-3-12 22:49:36.078#change#{"from":{"line":0,"ch":10,"sticky":null},"to":{"line":0,"ch":10,"sticky":null},"text":["U"],"removed":[""],"origin":"+input"}
2019-3-12 22:49:36.185#change#{"from":{"line":0,"ch":11,"sticky":null},"to":{"line":0,"ch":11,"sticky":null},"text":["F"],"removed":[""],"origin":"+input"}
2019-3-12 22:49:36.328#change#{"from":{"line":0,"ch":12,"sticky":null},"to":{"line":0,"ch":12,"sticky":null},"text":["A"],"removed":[""],"origin":"+input"}
2019-3-12 22:49:36.470#change#{"from":{"line":0,"ch":13,"sticky":null},"to":{"line":0,"ch":13,"sticky":null},"text":["M"],"removed":[""],"origin":"+input"}
2019-3-12 22:49:36.749#change#{"from":{"line":0,"ch":14,"sticky":null},"to":{"line":0,"ch":14,"sticky":null},"text":[" "],"removed":[""],"origin":"+input"}
2019-3-12 22:49:37.458#change#{"from":{"line":0,"ch":15,"sticky":null},"to":{"line":0,"ch":15,"sticky":null},"text":["t"],"removed":[""],"origin":"+input"}
2019-3-12 22:49:37.573#change#{"from":{"line":0,"ch":16,"sticky":null},"to":{"line":0,"ch":16,"sticky":null},"text":["e"],"removed":[""],"origin":"+input"}
2019-3-12 22:49:37.900#change#{"from":{"line":0,"ch":17,"sticky":null},"to":{"line":0,"ch":17,"sticky":null},"text":["m"],"removed":[""],"origin":"+input"}
2019-3-12 22:49:38.329#keyHandled#"Left"
2019-3-12 22:49:38.828#keyHandled#"Left"
2019-3-12 22:49:38.860#keyHandled#"Left"
2019-3-12 22:49:38.891#keyHandled#"Left"
2019-3-12 22:49:38.922#keyHandled#"Left"
2019-3-12 22:49:38.955#keyHandled#"Left"
2019-3-12 22:49:38.987#keyHandled#"Left"
2019-3-12 22:49:39.019#keyHandled#"Left"
2019-3-12 22:49:39.050#keyHandled#"Left"
2019-3-12 22:49:39.084#keyHandled#"Left"
2019-3-12 22:49:39.712#change#{"from":{"line":0,"ch":8,"sticky":"after"},"to":{"line":0,"ch":8,"sticky":"after"},"text":["!"],"removed":[""],"origin":"+input"}
2019-3-12 22:49:40.499#change#{"from":{"line":0,"ch":8,"sticky":"after"},"to":{"line":0,"ch":9,"sticky":null},"text":[""],"removed":["!"],"origin":"+delete"}
2019-3-12 22:49:40.499#keyHandled#"Backspace"
2019-3-12 22:49:40.800#change#{"from":{"line":0,"ch":8,"sticky":null},"to":{"line":0,"ch":8,"sticky":null},"text":["\""],"removed":[""],"origin":"+input"}
2019-3-12 22:49:41.024#keyHandled#"Right"
2019-3-12 22:49:41.523#keyHandled#"Right"
2019-3-12 22:49:41.555#keyHandled#"Right"
2019-3-12 22:49:41.586#keyHandled#"Right"
2019-3-12 22:49:41.619#keyHandled#"Right"
2019-3-12 22:49:41.650#keyHandled#"Right"
2019-3-12 22:49:41.682#keyHandled#"Right"
2019-3-12 22:49:41.714#keyHandled#"Right"
2019-3-12 22:49:41.747#keyHandled#"Right"
2019-3-12 22:49:42.129#keyHandled#"Right"
2019-3-12 22:49:42.566#change#{"from":{"line":0,"ch":19,"sticky":"before"},"to":{"line":0,"ch":19,"sticky":"before"},"text":["\""],"removed":[""],"origin":"+input"}
2019-3-12 22:49:45.040#change#{"from":{"line":0,"ch":20,"sticky":null},"to":{"line":0,"ch":20,"sticky":null},"text":[","],"removed":[""],"origin":"+input"}
2019-3-12 22:49:45.282#change#{"from":{"line":0,"ch":21,"sticky":null},"to":{"line":0,"ch":21,"sticky":null},"text":[" "],"removed":[""],"origin":"+input"}
2019-3-12 22:49:47.507#change#{"from":{"line":0,"ch":22,"sticky":null},"to":{"line":0,"ch":22,"sticky":null},"text":["2"],"removed":[""],"origin":"+input"}
2019-3-12 22:49:47.676#change#{"from":{"line":0,"ch":23,"sticky":null},"to":{"line":0,"ch":23,"sticky":null},"text":["0"],"removed":[""],"origin":"+input"}
2019-3-12 22:49:54.388#change#{"from":{"line":0,"ch":24,"sticky":null},"to":{"line":0,"ch":24,"sticky":null},"text":["1"],"removed":[""],"origin":"+input"}
2019-3-12 22:49:54.504#change#{"from":{"line":0,"ch":25,"sticky":null},"to":{"line":0,"ch":25,"sticky":null},"text":["9"],"removed":[""],"origin":"+input"}
2019-3-12 22:49:55.824#change#{"from":{"line":0,"ch":26,"sticky":null},"to":{"line":0,"ch":26,"sticky":null},"text":["-"],"removed":[""],"origin":"+input"}
2019-3-12 22:49:57.331#change#{"from":{"line":0,"ch":27,"sticky":null},"to":{"line":0,"ch":27,"sticky":null},"text":["1"],"removed":[""],"origin":"+input"}
2019-3-12 22:49:57.476#change#{"from":{"line":0,"ch":28,"sticky":null},"to":{"line":0,"ch":28,"sticky":null},"text":["0"],"removed":[""],"origin":"+input"}
2019-3-12 22:49:59.989#change#{"from":{"line":0,"ch":28,"sticky":"after"},"to":{"line":0,"ch":29,"sticky":null},"text":[""],"removed":["0"],"origin":"+delete"}
2019-3-12 22:49:59.989#keyHandled#"Backspace"
2019-3-12 22:50:00.271#change#{"from":{"line":0,"ch":28,"sticky":null},"to":{"line":0,"ch":28,"sticky":null},"text":["9"],"removed":[""],"origin":"+input"}
2019-3-12 22:50:00.457#change#{"from":{"line":0,"ch":29,"sticky":null},"to":{"line":0,"ch":29,"sticky":null},"text":["0"],"removed":[""],"origin":"+input"}
2019-3-12 22:50:00.638#change#{"from":{"line":0,"ch":30,"sticky":null},"to":{"line":0,"ch":30,"sticky":null},"text":["9"],"removed":[""],"origin":"+input"}
2019-3-12 22:50:02.326#change#{"from":{"line":0,"ch":31,"sticky":null},"to":{"line":0,"ch":31,"sticky":null},"text":[","],"removed":[""],"origin":"+input"}
2019-3-12 22:50:03.578#change#{"from":{"line":0,"ch":32,"sticky":null},"to":{"line":0,"ch":32,"sticky":null},"text":[" "],"removed":[""],"origin":"+input"}
2019-3-12 22:50:04.432#change#{"from":{"line":0,"ch":33,"sticky":null},"to":{"line":0,"ch":33,"sticky":null},"text":["!"],"removed":[""],"origin":"+input"}
2019-3-12 22:50:05.063#change#{"from":{"line":0,"ch":33,"sticky":"after"},"to":{"line":0,"ch":34,"sticky":null},"text":[""],"removed":["!"],"origin":"+delete"}
2019-3-12 22:50:05.063#keyHandled#"Backspace"
2019-3-12 22:50:05.282#change#{"from":{"line":0,"ch":32,"sticky":"after"},"to":{"line":0,"ch":33,"sticky":null},"text":[""],"removed":[" "],"origin":"+delete"}
2019-3-12 22:50:05.282#keyHandled#"Shift-Backspace"
2019-3-12 22:50:05.505#change#{"from":{"line":0,"ch":32,"sticky":null},"to":{"line":0,"ch":32,"sticky":null},"text":["\"\""],"removed":[""],"origin":"+input"}
2019-3-12 22:50:05.505#keyHandled#"'\"'"
2019-3-12 22:50:05.945#change#{"from":{"line":0,"ch":32,"sticky":null},"to":{"line":0,"ch":34,"sticky":null},"text":[""],"removed":["\"\""],"origin":"+delete"}
2019-3-12 22:50:05.945#keyHandled#"Backspace"
2019-3-12 22:50:06.315#change#{"from":{"line":0,"ch":32,"sticky":null},"to":{"line":0,"ch":32,"sticky":null},"text":[" "],"removed":[""],"origin":"+input"}
2019-3-12 22:50:06.729#change#{"from":{"line":0,"ch":33,"sticky":null},"to":{"line":0,"ch":33,"sticky":null},"text":["\"\""],"removed":[""],"origin":"+input"}
2019-3-12 22:50:06.729#keyHandled#"'\"'"
2019-3-12 22:50:07.639#change#{"from":{"line":0,"ch":34,"sticky":"after"},"to":{"line":0,"ch":34,"sticky":"after"},"text":["a"],"removed":[""],"origin":"+input"}
2019-3-12 22:50:07.807#change#{"from":{"line":0,"ch":35,"sticky":null},"to":{"line":0,"ch":35,"sticky":null},"text":["n"],"removed":[""],"origin":"+input"}
2019-3-12 22:50:08.005#change#{"from":{"line":0,"ch":36,"sticky":null},"to":{"line":0,"ch":36,"sticky":null},"text":["o"],"removed":[""],"origin":"+input"}
2019-3-12 22:50:08.249#change#{"from":{"line":0,"ch":37,"sticky":null},"to":{"line":0,"ch":37,"sticky":null},"text":["s"],"removed":[""],"origin":"+input"}
2019-3-12 22:50:09.242#change#{"from":{"line":0,"ch":38,"sticky":null},"to":{"line":0,"ch":38,"sticky":null},"text":[" "],"removed":[""],"origin":"+input"}
2019-3-12 22:50:09.442#change#{"from":{"line":0,"ch":39,"sticky":null},"to":{"line":0,"ch":39,"sticky":null},"text":["d"],"removed":[""],"origin":"+input"}
2019-3-12 22:50:09.548#change#{"from":{"line":0,"ch":40,"sticky":null},"to":{"line":0,"ch":40,"sticky":null},"text":["e"],"removed":[""],"origin":"+input"}
2019-3-12 22:50:09.756#change#{"from":{"line":0,"ch":41,"sticky":null},"to":{"line":0,"ch":41,"sticky":null},"text":[" "],"removed":[""],"origin":"+input"}
2019-3-12 22:50:09.916#change#{"from":{"line":0,"ch":42,"sticky":null},"to":{"line":0,"ch":42,"sticky":null},"text":["f"],"removed":[""],"origin":"+input"}
2019-3-12 22:50:10.070#change#{"from":{"line":0,"ch":43,"sticky":null},"to":{"line":0,"ch":43,"sticky":null},"text":["u"],"removed":[""],"origin":"+input"}
2019-3-12 22:50:10.270#change#{"from":{"line":0,"ch":44,"sticky":null},"to":{"line":0,"ch":44,"sticky":null},"text":["n"],"removed":[""],"origin":"+input"}
2019-3-12 22:50:10.878#change#{"from":{"line":0,"ch":45,"sticky":null},"to":{"line":0,"ch":45,"sticky":null},"text":["d"],"removed":[""],"origin":"+input"}
2019-3-12 22:50:11.070#change#{"from":{"line":0,"ch":46,"sticky":null},"to":{"line":0,"ch":46,"sticky":null},"text":["a"],"removed":[""],"origin":"+input"}
2019-3-12 22:50:11.842#change#{"from":{"line":0,"ch":47,"sticky":null},"to":{"line":0,"ch":47,"sticky":null},"text":["c"],"removed":[""],"origin":"+input"}
2019-3-12 22:50:11.964#change#{"from":{"line":0,"ch":48,"sticky":null},"to":{"line":0,"ch":48,"sticky":null},"text":["a"],"removed":[""],"origin":"+input"}
2019-3-12 22:50:12.277#change#{"from":{"line":0,"ch":49,"sticky":null},"to":{"line":0,"ch":49,"sticky":null},"text":["o"],"removed":[""],"origin":"+input"}
2019-3-12 22:50:14.504#change#{"from":{"line":0,"ch":50,"sticky":null},"to":{"line":0,"ch":50,"sticky":null},"text":["."],"removed":[""],"origin":"+input"}
2019-3-12 22:50:16.106#blur#
2019-3-12 22:50:16.106#blur#
2019-3-12 22:50:24.025#submit#Your code did not produce the correct output. Please, correct your code and try again.
2019-3-12 22:50:41.401#mousedown#{"isTrusted":true}
2019-3-12 22:50:41.411#focus#
2019-3-12 22:50:54.993#blur#
2019-3-12 22:51:02.598#focus#
2019-3-12 22:51:09.618#blur#
2019-3-12 22:51:09.618#blur#
2019-3-12 22:51:16.978#mousedown#{"isTrusted":true}
2019-3-12 22:51:17.099#focus#
2019-3-12 22:51:17.886#change#{"from":{"line":0,"ch":47,"sticky":"after"},"to":{"line":0,"ch":48,"sticky":"after","xRel":2.486083984375},"text":[""],"removed":["c"],"origin":"+delete"}
2019-3-12 22:51:17.886#keyHandled#"Backspace"
2019-3-12 22:51:18.147#change#{"from":{"line":0,"ch":47,"sticky":null},"to":{"line":0,"ch":47,"sticky":null},"text":["รง"],"removed":[""],"origin":"+input"}
2019-3-12 22:51:20.091#blur#
2019-3-12 22:51:20.091#blur#
2019-3-12 22:51:25.483#mousedown#{"isTrusted":true}
2019-3-12 22:51:25.616#focus#
2019-3-12 22:51:26.107#change#{"from":{"line":0,"ch":47,"sticky":"after"},"to":{"line":0,"ch":48,"sticky":"after","xRel":3.486083984375},"text":[""],"removed":["รง"],"origin":"+delete"}
2019-3-12 22:51:26.107#keyHandled#"Backspace"
2019-3-12 22:51:26.574#change#{"from":{"line":0,"ch":47,"sticky":null},"to":{"line":0,"ch":47,"sticky":null},"text":["c"],"removed":[""],"origin":"+input"}
2019-3-12 22:51:28.422#blur#
2019-3-12 22:51:28.422#blur#
2019-3-12 22:52:02.934#mousedown#{"isTrusted":true}
2019-3-12 22:52:03.045#focus#
2019-3-12 22:52:03.384#change#{"from":{"line":0,"ch":50,"sticky":"after"},"to":{"line":0,"ch":51,"sticky":"after","xRel":0.375},"text":[""],"removed":["."],"origin":"+delete"}
2019-3-12 22:52:03.384#keyHandled#"Backspace"
2019-3-12 22:52:04.855#blur#
2019-3-12 22:52:04.855#blur#
2019-3-12 22:52:10.718#submit#Your code did not produce the correct output. Please, correct your code and try again.
2019-3-12 22:52:49.653#mousedown#{"isTrusted":true}
2019-3-12 22:52:49.663#focus#
2019-3-12 22:52:51.032#change#{"from":{"line":0,"ch":50,"sticky":"after","xRel":0.375},"to":{"line":0,"ch":50,"sticky":"after","xRel":0.375},"text":["."],"removed":[""],"origin":"+input"}
2019-3-12 22:52:51.972#keyHandled#"Left"
2019-3-12 22:52:52.470#keyHandled#"Left"
2019-3-12 22:52:52.503#keyHandled#"Left"
2019-3-12 22:52:52.533#keyHandled#"Left"
2019-3-12 22:52:52.564#keyHandled#"Left"
2019-3-12 22:52:52.597#keyHandled#"Left"
2019-3-12 22:52:52.629#keyHandled#"Left"
2019-3-12 22:52:52.663#keyHandled#"Left"
2019-3-12 22:52:52.693#keyHandled#"Left"
2019-3-12 22:52:52.724#keyHandled#"Left"
2019-3-12 22:52:52.757#keyHandled#"Left"
2019-3-12 22:52:52.790#keyHandled#"Left"
2019-3-12 22:52:52.819#keyHandled#"Left"
2019-3-12 22:52:52.851#keyHandled#"Left"
2019-3-12 22:52:52.884#keyHandled#"Left"
2019-3-12 22:52:52.915#keyHandled#"Left"
2019-3-12 22:52:52.948#keyHandled#"Left"
2019-3-12 22:52:52.981#keyHandled#"Left"
2019-3-12 22:52:53.012#keyHandled#"Left"
2019-3-12 22:52:53.045#keyHandled#"Left"
2019-3-12 22:52:53.077#keyHandled#"Left"
2019-3-12 22:52:53.111#keyHandled#"Left"
2019-3-12 22:52:53.140#keyHandled#"Left"
2019-3-12 22:52:53.171#keyHandled#"Left"
2019-3-12 22:52:53.204#keyHandled#"Left"
2019-3-12 22:52:53.234#keyHandled#"Left"
2019-3-12 22:52:53.267#keyHandled#"Left"
2019-3-12 22:52:53.298#keyHandled#"Left"
2019-3-12 22:52:53.331#keyHandled#"Left"
2019-3-12 22:52:53.364#keyHandled#"Left"
2019-3-12 22:52:53.396#keyHandled#"Left"
2019-3-12 22:52:53.429#keyHandled#"Left"
2019-3-12 22:52:53.460#keyHandled#"Left"
2019-3-12 22:52:53.491#keyHandled#"Left"
2019-3-12 22:52:53.522#keyHandled#"Left"
2019-3-12 22:52:53.554#keyHandled#"Left"
2019-3-12 22:52:53.587#keyHandled#"Left"
2019-3-12 22:52:53.618#keyHandled#"Left"
2019-3-12 22:52:53.650#keyHandled#"Left"
2019-3-12 22:52:53.682#keyHandled#"Left"
2019-3-12 22:52:53.715#keyHandled#"Left"
2019-3-12 22:52:53.748#keyHandled#"Left"
2019-3-12 22:52:54.034#keyHandled#"Left"
2019-3-12 22:52:54.392#change#{"from":{"line":0,"ch":7,"sticky":"after"},"to":{"line":0,"ch":8,"sticky":"after"},"text":[""],"removed":[" "],"origin":"+delete"}
2019-3-12 22:52:54.392#keyHandled#"Backspace"
2019-3-12 22:52:56.825#blur#
2019-3-12 22:52:56.825#blur#
2019-3-12 22:53:01.311#submit#Your code did not produce the correct output. Please, correct your code and try again.
2019-3-12 22:53:07.203#mousedown#{"isTrusted":true}
2019-3-12 22:53:07.211#focus#
2019-3-12 22:53:07.928#keyHandled#"Left"
2019-3-12 22:53:08.283#change#{"from":{"line":0,"ch":5,"sticky":"after"},"to":{"line":0,"ch":6,"sticky":"after"},"text":[""],"removed":[" "],"origin":"+delete"}
2019-3-12 22:53:08.283#keyHandled#"Backspace"
2019-3-12 22:53:09.715#blur#
2019-3-12 22:53:09.715#blur#
2019-3-12 22:53:16.132#submit#Your code did not produce the correct output. Please, correct your code and try again.
2019-3-12 22:54:23.870#mousedown#{"isTrusted":true}
2019-3-12 22:54:23.875#focus#
2019-3-12 22:54:34.592#keyHandled#"Right"
2019-3-12 22:54:35.090#keyHandled#"Right"
2019-3-12 22:54:35.122#keyHandled#"Right"
2019-3-12 22:54:35.154#keyHandled#"Right"
2019-3-12 22:54:35.185#keyHandled#"Right"
2019-3-12 22:54:35.217#keyHandled#"Right"
2019-3-12 22:54:35.248#keyHandled#"Right"
2019-3-12 22:54:35.281#keyHandled#"Right"
2019-3-12 22:54:35.312#keyHandled#"Right"
2019-3-12 22:54:35.343#keyHandled#"Right"
2019-3-12 22:54:35.377#keyHandled#"Right"
2019-3-12 22:54:35.409#keyHandled#"Right"
2019-3-12 22:54:35.438#keyHandled#"Right"
2019-3-12 22:54:35.472#keyHandled#"Right"
2019-3-12 22:54:35.504#keyHandled#"Right"
2019-3-12 22:54:35.536#keyHandled#"Right"
2019-3-12 22:54:35.569#keyHandled#"Right"
2019-3-12 22:54:35.600#keyHandled#"Right"
2019-3-12 22:54:35.632#keyHandled#"Right"
2019-3-12 22:54:35.665#keyHandled#"Right"
2019-3-12 22:54:36.310#keyHandled#"Left"
2019-3-12 22:54:36.808#keyHandled#"Left"
2019-3-12 22:54:36.838#keyHandled#"Left"
2019-3-12 22:54:36.871#keyHandled#"Left"
2019-3-12 22:54:36.903#keyHandled#"Left"
2019-3-12 22:54:36.935#keyHandled#"Left"
2019-3-12 22:54:36.967#keyHandled#"Left"
2019-3-12 22:54:36.998#keyHandled#"Left"
2019-3-12 22:54:37.030#keyHandled#"Left"
2019-3-12 22:54:37.477#keyHandled#"Right"
2019-3-12 22:54:37.974#keyHandled#"Right"
2019-3-12 22:54:38.004#keyHandled#"Right"
2019-3-12 22:54:38.038#keyHandled#"Right"
2019-3-12 22:54:38.067#keyHandled#"Right"
2019-3-12 22:54:38.099#keyHandled#"Right"
2019-3-12 22:54:38.130#keyHandled#"Right"
2019-3-12 22:54:38.163#keyHandled#"Right"
2019-3-12 22:54:38.195#keyHandled#"Right"
2019-3-12 22:54:38.229#keyHandled#"Right"
2019-3-12 22:54:38.261#keyHandled#"Right"
2019-3-12 22:54:38.293#keyHandled#"Right"
2019-3-12 22:54:38.324#keyHandled#"Right"
2019-3-12 22:54:38.356#keyHandled#"Right"
2019-3-12 22:54:38.388#keyHandled#"Right"
2019-3-12 22:54:38.420#keyHandled#"Right"
2019-3-12 22:54:38.451#keyHandled#"Right"
2019-3-12 22:54:39.537#blur#
2019-3-12 22:54:39.537#blur#
2019-3-12 23:01:31.949#mousedown#{"isTrusted":true}
2019-3-12 23:01:31.958#focus#
2019-3-12 23:01:32.182#change#{"from":{"line":0,"ch":25,"sticky":"after","xRel":0.375},"to":{"line":0,"ch":25,"sticky":"after","xRel":0.375},"text":[" "],"removed":[""],"origin":"+input"}
2019-3-12 23:01:32.699#change#{"from":{"line":0,"ch":26,"sticky":null},"to":{"line":0,"ch":26,"sticky":null},"text":[" "],"removed":[""],"origin":"+input"}
2019-3-12 23:01:33.565#mousedown#{"isTrusted":true}
2019-3-12 23:01:33.755#change#{"from":{"line":0,"ch":24,"sticky":"after","xRel":0.111083984375},"to":{"line":0,"ch":24,"sticky":"after","xRel":0.111083984375},"text":[" "],"removed":[""],"origin":"+input"}
2019-3-12 23:01:34.108#keyHandled#"Right"
2019-3-12 23:01:34.461#change#{"from":{"line":0,"ch":26,"sticky":"before"},"to":{"line":0,"ch":26,"sticky":"before"},"text":["",""],"removed":[""],"origin":"+input"}
2019-3-12 23:01:34.461#change#{"from":{"line":1,"ch":0,"sticky":null},"to":{"line":1,"ch":2,"sticky":null},"text":["\t\t"],"removed":["  "],"origin":"+input"}
2019-3-12 23:01:34.461#keyHandled#"Enter"
2019-3-12 23:01:34.469#viewportChange#0
2019-3-12 23:01:35.719#change#{"from":{"line":1,"ch":1,"sticky":"after"},"to":{"line":1,"ch":2,"sticky":null},"text":[""],"removed":["\t"],"origin":"+delete"}
2019-3-12 23:01:35.719#keyHandled#"Backspace"
2019-3-12 23:01:36.082#keyHandled#"Right"
2019-3-12 23:01:36.702#keyHandled#"Left"
2019-3-12 23:01:37.107#change#{"from":{"line":1,"ch":0,"sticky":"after"},"to":{"line":1,"ch":1,"sticky":"after"},"text":[""],"removed":["\t"],"origin":"+delete"}
2019-3-12 23:01:37.107#keyHandled#"Backspace"
2019-3-12 23:01:37.605#change#{"from":{"line":0,"ch":26,"sticky":"before"},"to":{"line":1,"ch":0,"sticky":null},"text":[""],"removed":["",""],"origin":"+delete"}
2019-3-12 23:01:37.605#keyHandled#"Backspace"
2019-3-12 23:01:37.615#viewportChange#0
2019-3-12 23:01:38.969#change#{"from":{"line":0,"ch":26,"sticky":null},"to":{"line":0,"ch":26,"sticky":null},"text":[" "],"removed":[""],"origin":"+input"}
2019-3-12 23:01:40.581#blur#
2019-3-12 23:01:40.581#blur#
2019-3-14 19:33:49.972#viewportChange#0
2019-3-14 19:33:49.972#viewportChange#0
2019-3-14 19:34:13.162#mousedown#{"isTrusted":true}
2019-3-14 19:34:13.173#focus#
2019-3-14 19:34:17.279#mousedown#{"isTrusted":true}
2019-3-14 19:34:19.561#change#{"from":{"line":0,"ch":23,"sticky":"after"},"to":{"line":0,"ch":24,"sticky":"after","xRel":3.08331298828125},"text":[""],"removed":["9"],"origin":"+delete"}
2019-3-14 19:34:19.561#keyHandled#"Backspace"
2019-3-14 19:34:19.673#change#{"from":{"line":0,"ch":22,"sticky":"after"},"to":{"line":0,"ch":23,"sticky":null},"text":[""],"removed":["1"],"origin":"+delete"}
2019-3-14 19:34:19.673#keyHandled#"Backspace"
2019-3-14 19:34:19.760#change#{"from":{"line":0,"ch":22,"sticky":null},"to":{"line":0,"ch":22,"sticky":null},"text":["6"],"removed":[""],"origin":"+input"}
2019-3-14 19:34:22.070#change#{"from":{"line":0,"ch":24,"sticky":null},"to":{"line":0,"ch":24,"sticky":null},"text":["6"],"removed":[""],"origin":"+input"}
2019-3-14 19:34:23.124#change#{"from":{"line":0,"ch":24,"sticky":"after"},"to":{"line":0,"ch":25,"sticky":null},"text":[""],"removed":["6"],"origin":"+delete"}
2019-3-14 19:34:23.124#keyHandled#"Backspace"
2019-3-14 19:34:23.274#change#{"from":{"line":0,"ch":23,"sticky":"after"},"to":{"line":0,"ch":24,"sticky":null},"text":[""],"removed":["1"],"origin":"+delete"}
2019-3-14 19:34:23.274#keyHandled#"Backspace"
2019-3-14 19:34:23.415#change#{"from":{"line":0,"ch":22,"sticky":"after"},"to":{"line":0,"ch":23,"sticky":null},"text":[""],"removed":["6"],"origin":"+delete"}
2019-3-14 19:34:23.415#keyHandled#"Backspace"
2019-3-14 19:34:23.586#change#{"from":{"line":0,"ch":22,"sticky":null},"to":{"line":0,"ch":22,"sticky":null},"text":["1"],"removed":[""],"origin":"+input"}
2019-3-14 19:34:23.920#change#{"from":{"line":0,"ch":23,"sticky":null},"to":{"line":0,"ch":23,"sticky":null},"text":["6"],"removed":[""],"origin":"+input"}
2019-3-14 19:34:25.211#blur#
2019-3-14 19:34:25.211#blur#
