2019-6-7 18:00:52.505#mousedown#{}
2019-6-7 18:00:52.607#focus#
2019-6-7 18:00:53.497#mousedown#{}
2019-6-7 18:00:54.206#viewportChange#0
2019-6-7 18:00:55.893#mousedown#{}
2019-6-7 18:00:55.896#contextmenu#{}
2019-6-7 18:00:58.179#copy#{}
2019-6-7 19:38:49.330#mousedown#{}
2019-6-7 19:38:49.342#contextmenu#{}
2019-6-7 19:38:51.546#copy#{}
2019-6-7 19:38:52.346#blur#
2019-6-10 22:29:04.837#viewportChange#0
2019-6-10 22:30:48.449#mousedown#{"isTrusted":true}
2019-6-10 22:30:48.462#focus#
2019-6-10 22:30:50.119#mousedown#{"isTrusted":true}
2019-6-10 22:30:58.380#change#{"from":{"line":6,"ch":21,"sticky":"after"},"to":{"line":6,"ch":22,"sticky":"before","xRel":-1.316680908203125},"text":[""],"removed":["?"],"origin":"+delete"}
2019-6-10 22:30:58.380#keyHandled#"Backspace"
2019-6-10 22:30:58.967#change#{"from":{"line":6,"ch":20,"sticky":"after"},"to":{"line":6,"ch":21,"sticky":null},"text":[""],"removed":["?"],"origin":"+delete"}
2019-6-10 22:30:58.967#keyHandled#"Backspace"
2019-6-10 22:30:59.482#change#{"from":{"line":6,"ch":19,"sticky":"after"},"to":{"line":6,"ch":20,"sticky":null},"text":[""],"removed":["?"],"origin":"+delete"}
2019-6-10 22:30:59.482#keyHandled#"Backspace"
2019-6-10 22:31:00.351#change#{"from":{"line":6,"ch":19,"sticky":null},"to":{"line":6,"ch":19,"sticky":null},"text":["i"],"removed":[""],"origin":"+input"}
2019-6-10 22:31:01.655#mousedown#{"isTrusted":true}
2019-6-10 22:31:03.951#mousedown#{"isTrusted":true}
2019-6-10 22:31:06.562#change#{"from":{"line":6,"ch":22,"sticky":"before","xRel":25.683319091796875},"to":{"line":6,"ch":22,"sticky":"before","xRel":25.683319091796875},"text":["",""],"removed":[""],"origin":"+input"}
2019-6-10 22:31:06.562#change#{"from":{"line":7,"ch":0,"sticky":null},"to":{"line":7,"ch":0,"sticky":null},"text":["\t"],"removed":[""],"origin":"+input"}
2019-6-10 22:31:06.563#keyHandled#"Enter"
2019-6-10 22:31:06.570#viewportChange#0
2019-6-10 22:31:10.259#change#{"from":{"line":7,"ch":1,"sticky":null},"to":{"line":7,"ch":1,"sticky":null},"text":["i"],"removed":[""],"origin":"+input"}
2019-6-10 22:31:10.517#change#{"from":{"line":7,"ch":2,"sticky":null},"to":{"line":7,"ch":2,"sticky":null},"text":[" "],"removed":[""],"origin":"+input"}
2019-6-10 22:31:10.725#change#{"from":{"line":7,"ch":3,"sticky":null},"to":{"line":7,"ch":3,"sticky":null},"text":["="],"removed":[""],"origin":"+input"}
2019-6-10 22:31:10.977#change#{"from":{"line":7,"ch":4,"sticky":null},"to":{"line":7,"ch":4,"sticky":null},"text":[" "],"removed":[""],"origin":"+input"}
2019-6-10 22:31:12.102#change#{"from":{"line":7,"ch":5,"sticky":null},"to":{"line":7,"ch":5,"sticky":null},"text":["i"],"removed":[""],"origin":"+input"}
2019-6-10 22:31:12.293#change#{"from":{"line":7,"ch":6,"sticky":null},"to":{"line":7,"ch":6,"sticky":null},"text":[" "],"removed":[""],"origin":"+input"}
2019-6-10 22:31:12.738#change#{"from":{"line":7,"ch":8,"sticky":null},"to":{"line":7,"ch":8,"sticky":null},"text":[" "],"removed":[""],"origin":"+input"}
2019-6-10 22:31:12.882#change#{"from":{"line":7,"ch":9,"sticky":null},"to":{"line":7,"ch":9,"sticky":null},"text":["1"],"removed":[""],"origin":"+input"}
2019-6-10 22:31:20.232#mousedown#{"isTrusted":true}
2019-6-10 22:31:21.189#change#{"from":{"line":13,"ch":29,"sticky":"after","xRel":2.88330078125},"to":{"line":16,"ch":27,"sticky":"before","xRel":110.68331909179688},"text":[""],"removed":["):","         npar = npar + 1","","   # No. de elementos pares"],"origin":"+delete"}
2019-6-10 22:31:21.189#keyHandled#"Backspace"
2019-6-10 22:31:21.199#viewportChange#0
2019-6-10 22:31:24.282#change#{"from":{"line":13,"ch":29,"sticky":null},"to":{"line":13,"ch":29,"sticky":null},"text":["):","         npar = npar + 1","","   # No. de elementos pares"],"removed":[""],"origin":"undo"}
2019-6-10 22:31:24.282#keyHandled#"Ctrl-Z"
2019-6-10 22:31:24.291#viewportChange#0
2019-6-10 22:31:25.753#mousedown#{"isTrusted":true}
2019-6-10 22:31:26.901#change#{"from":{"line":13,"ch":28,"sticky":"after"},"to":{"line":13,"ch":29,"sticky":"before","xRel":-2.1166839599609375},"text":[""],"removed":["?"],"origin":"+delete"}
2019-6-10 22:31:26.901#keyHandled#"Backspace"
2019-6-10 22:31:27.089#change#{"from":{"line":13,"ch":27,"sticky":"after"},"to":{"line":13,"ch":28,"sticky":null},"text":[""],"removed":["?"],"origin":"+delete"}
2019-6-10 22:31:27.089#keyHandled#"Backspace"
2019-6-10 22:31:27.463#change#{"from":{"line":13,"ch":26,"sticky":"after"},"to":{"line":13,"ch":27,"sticky":null},"text":[""],"removed":["?"],"origin":"+delete"}
2019-6-10 22:31:27.463#keyHandled#"Backspace"
2019-6-10 22:31:28.008#change#{"from":{"line":13,"ch":26,"sticky":null},"to":{"line":13,"ch":26,"sticky":null},"text":["0"],"removed":[""],"origin":"+input"}
2019-6-10 22:31:33.095#mousedown#{"isTrusted":true}
2019-6-10 22:31:33.893#change#{"from":{"line":17,"ch":11,"sticky":"after"},"to":{"line":17,"ch":12,"sticky":"before","xRel":-1.316680908203125},"text":[""],"removed":["?"],"origin":"+delete"}
2019-6-10 22:31:33.893#keyHandled#"Backspace"
2019-6-10 22:31:34.118#change#{"from":{"line":17,"ch":10,"sticky":"after"},"to":{"line":17,"ch":11,"sticky":null},"text":[""],"removed":["?"],"origin":"+delete"}
2019-6-10 22:31:34.118#keyHandled#"Backspace"
2019-6-10 22:31:34.565#change#{"from":{"line":17,"ch":9,"sticky":"after"},"to":{"line":17,"ch":10,"sticky":null},"text":[""],"removed":["?"],"origin":"+delete"}
2019-6-10 22:31:34.565#keyHandled#"Backspace"
2019-6-10 22:31:35.017#change#{"from":{"line":17,"ch":9,"sticky":null},"to":{"line":17,"ch":9,"sticky":null},"text":["n"],"removed":[""],"origin":"+input"}
2019-6-10 22:31:35.338#change#{"from":{"line":17,"ch":10,"sticky":null},"to":{"line":17,"ch":10,"sticky":null},"text":["p"],"removed":[""],"origin":"+input"}
2019-6-10 22:31:35.610#change#{"from":{"line":17,"ch":11,"sticky":null},"to":{"line":17,"ch":11,"sticky":null},"text":["a"],"removed":[""],"origin":"+input"}
2019-6-10 22:31:35.759#change#{"from":{"line":17,"ch":12,"sticky":null},"to":{"line":17,"ch":12,"sticky":null},"text":["r"],"removed":[""],"origin":"+input"}
2019-6-10 22:31:50.561#mousedown#{"isTrusted":true}
2019-6-10 22:32:03.169#keyHandled#"Right"
2019-6-10 22:32:05.744#mousedown#{"isTrusted":true}
2019-6-10 22:32:06.386#change#{"from":{"line":23,"ch":11,"sticky":"after"},"to":{"line":23,"ch":12,"sticky":"before","xRel":-2.316680908203125},"text":[""],"removed":["?"],"origin":"+delete"}
2019-6-10 22:32:06.386#keyHandled#"Backspace"
2019-6-10 22:32:06.568#change#{"from":{"line":23,"ch":10,"sticky":"after"},"to":{"line":23,"ch":11,"sticky":null},"text":[""],"removed":["?"],"origin":"+delete"}
2019-6-10 22:32:06.568#keyHandled#"Backspace"
2019-6-10 22:32:06.739#change#{"from":{"line":23,"ch":9,"sticky":"after"},"to":{"line":23,"ch":10,"sticky":null},"text":[""],"removed":["?"],"origin":"+delete"}
2019-6-10 22:32:06.739#keyHandled#"Backspace"
2019-6-10 22:32:07.459#change#{"from":{"line":23,"ch":9,"sticky":null},"to":{"line":23,"ch":9,"sticky":null},"text":["s"],"removed":[""],"origin":"+input"}
2019-6-10 22:32:07.693#change#{"from":{"line":23,"ch":10,"sticky":null},"to":{"line":23,"ch":10,"sticky":null},"text":["i"],"removed":[""],"origin":"+input"}
2019-6-10 22:32:07.760#change#{"from":{"line":23,"ch":11,"sticky":null},"to":{"line":23,"ch":11,"sticky":null},"text":["z"],"removed":[""],"origin":"+input"}
2019-6-10 22:32:07.998#change#{"from":{"line":23,"ch":12,"sticky":null},"to":{"line":23,"ch":12,"sticky":null},"text":["e"],"removed":[""],"origin":"+input"}
2019-6-10 22:32:08.330#change#{"from":{"line":23,"ch":13,"sticky":null},"to":{"line":23,"ch":13,"sticky":null},"text":["()"],"removed":[""],"origin":"+input"}
2019-6-10 22:32:08.330#keyHandled#"'('"
2019-6-10 22:32:08.907#change#{"from":{"line":23,"ch":14,"sticky":"after"},"to":{"line":23,"ch":14,"sticky":"after"},"text":["v"],"removed":[""],"origin":"+input"}
2019-6-10 22:32:09.044#change#{"from":{"line":23,"ch":15,"sticky":null},"to":{"line":23,"ch":15,"sticky":null},"text":["e"],"removed":[""],"origin":"+input"}
2019-6-10 22:32:09.153#change#{"from":{"line":23,"ch":16,"sticky":null},"to":{"line":23,"ch":16,"sticky":null},"text":["t"],"removed":[""],"origin":"+input"}
2019-6-10 22:32:10.387#mousedown#{"isTrusted":true}
2019-6-10 22:32:10.880#change#{"from":{"line":20,"ch":11,"sticky":"after"},"to":{"line":20,"ch":12,"sticky":"before","xRel":-2.316680908203125},"text":[""],"removed":["?"],"origin":"+delete"}
2019-6-10 22:32:10.880#keyHandled#"Backspace"
2019-6-10 22:32:11.081#change#{"from":{"line":20,"ch":10,"sticky":"after"},"to":{"line":20,"ch":11,"sticky":null},"text":[""],"removed":["?"],"origin":"+delete"}
2019-6-10 22:32:11.081#keyHandled#"Backspace"
2019-6-10 22:32:11.344#change#{"from":{"line":20,"ch":9,"sticky":"after"},"to":{"line":20,"ch":10,"sticky":null},"text":[""],"removed":["?"],"origin":"+delete"}
2019-6-10 22:32:11.344#keyHandled#"Backspace"
2019-6-10 22:32:11.905#change#{"from":{"line":20,"ch":9,"sticky":null},"to":{"line":20,"ch":9,"sticky":null},"text":["n"],"removed":[""],"origin":"+input"}
2019-6-10 22:32:13.128#change#{"from":{"line":20,"ch":9,"sticky":"after"},"to":{"line":20,"ch":10,"sticky":null},"text":[""],"removed":["n"],"origin":"+delete"}
2019-6-10 22:32:13.129#keyHandled#"Backspace"
2019-6-10 22:32:14.129#change#{"from":{"line":20,"ch":9,"sticky":null},"to":{"line":20,"ch":9,"sticky":null},"text":["s"],"removed":[""],"origin":"+input"}
2019-6-10 22:32:14.292#change#{"from":{"line":20,"ch":10,"sticky":null},"to":{"line":20,"ch":10,"sticky":null},"text":["i"],"removed":[""],"origin":"+input"}
2019-6-10 22:32:14.481#change#{"from":{"line":20,"ch":11,"sticky":null},"to":{"line":20,"ch":11,"sticky":null},"text":["z"],"removed":[""],"origin":"+input"}
2019-6-10 22:32:14.832#change#{"from":{"line":20,"ch":12,"sticky":null},"to":{"line":20,"ch":12,"sticky":null},"text":["e"],"removed":[""],"origin":"+input"}
2019-6-10 22:32:15.890#change#{"from":{"line":20,"ch":13,"sticky":null},"to":{"line":20,"ch":13,"sticky":null},"text":["()"],"removed":[""],"origin":"+input"}
2019-6-10 22:32:15.890#keyHandled#"'('"
2019-6-10 22:32:16.548#change#{"from":{"line":20,"ch":14,"sticky":"after"},"to":{"line":20,"ch":14,"sticky":"after"},"text":["v"],"removed":[""],"origin":"+input"}
2019-6-10 22:32:16.700#change#{"from":{"line":20,"ch":15,"sticky":null},"to":{"line":20,"ch":15,"sticky":null},"text":["e"],"removed":[""],"origin":"+input"}
2019-6-10 22:32:16.846#change#{"from":{"line":20,"ch":16,"sticky":null},"to":{"line":20,"ch":16,"sticky":null},"text":["t"],"removed":[""],"origin":"+input"}
2019-6-10 22:32:18.158#keyHandled#"Right"
2019-6-10 22:32:18.910#change#{"from":{"line":20,"ch":18,"sticky":"before"},"to":{"line":20,"ch":18,"sticky":"before"},"text":["-"],"removed":[""],"origin":"+input"}
2019-6-10 22:32:19.605#change#{"from":{"line":20,"ch":19,"sticky":null},"to":{"line":20,"ch":19,"sticky":null},"text":["n"],"removed":[""],"origin":"+input"}
2019-6-10 22:32:19.927#change#{"from":{"line":20,"ch":20,"sticky":null},"to":{"line":20,"ch":20,"sticky":null},"text":["p"],"removed":[""],"origin":"+input"}
2019-6-10 22:32:20.127#change#{"from":{"line":20,"ch":21,"sticky":null},"to":{"line":20,"ch":21,"sticky":null},"text":["a"],"removed":[""],"origin":"+input"}
2019-6-10 22:32:20.307#change#{"from":{"line":20,"ch":22,"sticky":null},"to":{"line":20,"ch":22,"sticky":null},"text":["r"],"removed":[""],"origin":"+input"}
2019-6-10 22:32:24.877#keyHandled#"Left"
2019-6-10 22:32:25.038#keyHandled#"Left"
2019-6-10 22:32:25.190#keyHandled#"Left"
2019-6-10 22:32:25.413#keyHandled#"Left"
2019-6-10 22:32:25.796#change#{"from":{"line":20,"ch":19,"sticky":"after"},"to":{"line":20,"ch":19,"sticky":"after"},"text":[" "],"removed":[""],"origin":"+input"}
2019-6-10 22:32:26.031#keyHandled#"Right"
2019-6-10 22:32:26.266#keyHandled#"Right"
2019-6-10 22:32:26.507#keyHandled#"Right"
2019-6-10 22:32:26.769#keyHandled#"Right"
2019-6-10 22:32:27.081#keyHandled#"Left"
2019-6-10 22:32:27.255#keyHandled#"Left"
2019-6-10 22:32:27.434#keyHandled#"Left"
2019-6-10 22:32:27.609#keyHandled#"Left"
2019-6-10 22:32:27.777#keyHandled#"Left"
2019-6-10 22:32:28.483#keyHandled#"Right"
2019-6-10 22:32:29.352#change#{"from":{"line":20,"ch":19,"sticky":"after"},"to":{"line":20,"ch":20,"sticky":"before"},"text":[""],"removed":[" "],"origin":"+delete"}
2019-6-10 22:32:29.352#keyHandled#"Backspace"
2019-6-10 22:32:29.352#change#{"from":{"line":20,"ch":19,"sticky":"after"},"to":{"line":20,"ch":20,"sticky":"before"},"text":[""],"removed":[" "],"origin":"+delete"}
2019-6-10 22:32:29.352#keyHandled#"Backspace"
2019-6-10 22:32:32.562#saida_testar#$ python3 main.py
File "main.py", line 10
npar = 0
IndentationError: unindent does not match any outer indentation level
2019-6-10 22:34:36.266#viewportChange#0
2019-6-10 22:34:36.266#viewportChange#0
2019-6-10 22:34:42.437#mousedown#{"isTrusted":true}
2019-6-10 22:34:42.450#focus#
2019-6-10 22:34:42.825#change#{"from":{"line":9,"ch":10,"sticky":"after"},"to":{"line":9,"ch":11,"sticky":"before","xRel":6.0833282470703125},"text":[""],"removed":["0"],"origin":"+delete"}
2019-6-10 22:34:42.825#keyHandled#"Backspace"
2019-6-10 22:34:42.988#change#{"from":{"line":9,"ch":9,"sticky":"after"},"to":{"line":9,"ch":10,"sticky":null},"text":[""],"removed":[" "],"origin":"+delete"}
2019-6-10 22:34:42.988#keyHandled#"Backspace"
2019-6-10 22:34:43.154#change#{"from":{"line":9,"ch":8,"sticky":"after"},"to":{"line":9,"ch":9,"sticky":null},"text":[""],"removed":["="],"origin":"+delete"}
2019-6-10 22:34:43.154#keyHandled#"Backspace"
2019-6-10 22:34:44.166#change#{"from":{"line":9,"ch":7,"sticky":"after"},"to":{"line":9,"ch":8,"sticky":null},"text":[""],"removed":[" "],"origin":"+delete"}
2019-6-10 22:34:44.166#keyHandled#"Backspace"
2019-6-10 22:34:44.346#change#{"from":{"line":9,"ch":6,"sticky":"after"},"to":{"line":9,"ch":7,"sticky":null},"text":[""],"removed":["r"],"origin":"+delete"}
2019-6-10 22:34:44.346#keyHandled#"Backspace"
2019-6-10 22:34:44.511#change#{"from":{"line":9,"ch":5,"sticky":"after"},"to":{"line":9,"ch":6,"sticky":null},"text":[""],"removed":["a"],"origin":"+delete"}
2019-6-10 22:34:44.511#keyHandled#"Backspace"
2019-6-10 22:34:44.661#change#{"from":{"line":9,"ch":4,"sticky":"after"},"to":{"line":9,"ch":5,"sticky":null},"text":[""],"removed":["p"],"origin":"+delete"}
2019-6-10 22:34:44.661#keyHandled#"Backspace"
2019-6-10 22:34:44.914#change#{"from":{"line":9,"ch":3,"sticky":"after"},"to":{"line":9,"ch":4,"sticky":null},"text":[""],"removed":["n"],"origin":"+delete"}
2019-6-10 22:34:44.914#keyHandled#"Backspace"
2019-6-10 22:34:45.885#change#{"from":{"line":9,"ch":3,"sticky":null},"to":{"line":9,"ch":3,"sticky":null},"text":["n"],"removed":[""],"origin":"+input"}
2019-6-10 22:34:46.208#change#{"from":{"line":9,"ch":4,"sticky":null},"to":{"line":9,"ch":4,"sticky":null},"text":[" "],"removed":[""],"origin":"+input"}
2019-6-10 22:34:46.522#change#{"from":{"line":9,"ch":4,"sticky":"after"},"to":{"line":9,"ch":5,"sticky":null},"text":[""],"removed":[" "],"origin":"+delete"}
2019-6-10 22:34:46.522#keyHandled#"Backspace"
2019-6-10 22:34:46.887#change#{"from":{"line":9,"ch":4,"sticky":null},"to":{"line":9,"ch":4,"sticky":null},"text":["p"],"removed":[""],"origin":"+input"}
2019-6-10 22:34:47.139#change#{"from":{"line":9,"ch":5,"sticky":null},"to":{"line":9,"ch":5,"sticky":null},"text":["a"],"removed":[""],"origin":"+input"}
2019-6-10 22:34:47.801#change#{"from":{"line":9,"ch":6,"sticky":null},"to":{"line":9,"ch":6,"sticky":null},"text":["r"],"removed":[""],"origin":"+input"}
2019-6-10 22:34:48.264#change#{"from":{"line":9,"ch":7,"sticky":null},"to":{"line":9,"ch":7,"sticky":null},"text":[" "],"removed":[""],"origin":"+input"}
2019-6-10 22:34:48.380#change#{"from":{"line":9,"ch":8,"sticky":null},"to":{"line":9,"ch":8,"sticky":null},"text":["="],"removed":[""],"origin":"+input"}
2019-6-10 22:34:48.540#change#{"from":{"line":9,"ch":9,"sticky":null},"to":{"line":9,"ch":9,"sticky":null},"text":[" "],"removed":[""],"origin":"+input"}
2019-6-10 22:34:48.703#change#{"from":{"line":9,"ch":10,"sticky":null},"to":{"line":9,"ch":10,"sticky":null},"text":["0"],"removed":[""],"origin":"+input"}
2019-6-10 22:34:48.264#change#{"from":{"line":9,"ch":7,"sticky":null},"to":{"line":9,"ch":7,"sticky":null},"text":[" "],"removed":[""],"origin":"+input"}
2019-6-10 22:34:48.380#change#{"from":{"line":9,"ch":8,"sticky":null},"to":{"line":9,"ch":8,"sticky":null},"text":["="],"removed":[""],"origin":"+input"}
2019-6-10 22:34:48.540#change#{"from":{"line":9,"ch":9,"sticky":null},"to":{"line":9,"ch":9,"sticky":null},"text":[" "],"removed":[""],"origin":"+input"}
2019-6-10 22:34:48.703#change#{"from":{"line":9,"ch":10,"sticky":null},"to":{"line":9,"ch":10,"sticky":null},"text":["0"],"removed":[""],"origin":"+input"}
2019-6-10 22:34:52.399#saida_testar#$ python3 main.py
File "main.py", line 10
npar = 0
IndentationError: unindent does not match any outer indentation level
2019-6-10 22:34:54.213#mousedown#{"isTrusted":true}
2019-6-10 22:34:55.151#mousedown#{"isTrusted":true}
2019-6-10 22:34:56.307#mousedown#{"isTrusted":true}
2019-6-10 22:34:57.143#change#{"from":{"line":4,"ch":0,"sticky":"after","xRel":30.48333740234375},"to":{"line":4,"ch":0,"sticky":"after","xRel":30.48333740234375},"text":["n"],"removed":[""],"origin":"+input"}
2019-6-10 22:34:57.576#change#{"from":{"line":4,"ch":1,"sticky":null},"to":{"line":4,"ch":1,"sticky":null},"text":["p"],"removed":[""],"origin":"+input"}
2019-6-10 22:34:57.735#change#{"from":{"line":4,"ch":2,"sticky":null},"to":{"line":4,"ch":2,"sticky":null},"text":["a"],"removed":[""],"origin":"+input"}
2019-6-10 22:34:57.926#change#{"from":{"line":4,"ch":3,"sticky":null},"to":{"line":4,"ch":3,"sticky":null},"text":["r"],"removed":[""],"origin":"+input"}
2019-6-10 22:34:58.418#change#{"from":{"line":4,"ch":4,"sticky":null},"to":{"line":4,"ch":4,"sticky":null},"text":[" "],"removed":[""],"origin":"+input"}
2019-6-10 22:34:58.647#change#{"from":{"line":4,"ch":5,"sticky":null},"to":{"line":4,"ch":5,"sticky":null},"text":["="],"removed":[""],"origin":"+input"}
2019-6-10 22:34:58.851#change#{"from":{"line":4,"ch":6,"sticky":null},"to":{"line":4,"ch":6,"sticky":null},"text":[" "],"removed":[""],"origin":"+input"}
2019-6-10 22:34:59.050#change#{"from":{"line":4,"ch":7,"sticky":null},"to":{"line":4,"ch":7,"sticky":null},"text":["0"],"removed":[""],"origin":"+input"}
2019-6-10 22:35:00.218#mousedown#{"isTrusted":true}
2019-6-10 22:35:00.961#change#{"from":{"line":9,"ch":10,"sticky":"after"},"to":{"line":9,"ch":11,"sticky":"before","xRel":44.08332824707031},"text":[""],"removed":["0"],"origin":"+delete"}
2019-6-10 22:35:00.962#keyHandled#"Backspace"
2019-6-10 22:35:01.125#change#{"from":{"line":9,"ch":9,"sticky":"after"},"to":{"line":9,"ch":10,"sticky":null},"text":[""],"removed":[" "],"origin":"+delete"}
2019-6-10 22:35:01.125#keyHandled#"Backspace"
2019-6-10 22:35:01.263#change#{"from":{"line":9,"ch":8,"sticky":"after"},"to":{"line":9,"ch":9,"sticky":null},"text":[""],"removed":["="],"origin":"+delete"}
2019-6-10 22:35:01.263#keyHandled#"Backspace"
2019-6-10 22:35:01.424#change#{"from":{"line":9,"ch":7,"sticky":"after"},"to":{"line":9,"ch":8,"sticky":null},"text":[""],"removed":[" "],"origin":"+delete"}
2019-6-10 22:35:01.424#keyHandled#"Backspace"
2019-6-10 22:35:01.579#change#{"from":{"line":9,"ch":6,"sticky":"after"},"to":{"line":9,"ch":7,"sticky":null},"text":[""],"removed":["r"],"origin":"+delete"}
2019-6-10 22:35:01.579#keyHandled#"Backspace"
2019-6-10 22:35:01.749#change#{"from":{"line":9,"ch":5,"sticky":"after"},"to":{"line":9,"ch":6,"sticky":null},"text":[""],"removed":["a"],"origin":"+delete"}
2019-6-10 22:35:01.749#keyHandled#"Backspace"
2019-6-10 22:35:01.986#change#{"from":{"line":9,"ch":4,"sticky":"after"},"to":{"line":9,"ch":5,"sticky":null},"text":[""],"removed":["p"],"origin":"+delete"}
2019-6-10 22:35:01.986#keyHandled#"Backspace"
2019-6-10 22:35:02.234#change#{"from":{"line":9,"ch":3,"sticky":"after"},"to":{"line":9,"ch":4,"sticky":null},"text":[""],"removed":["n"],"origin":"+delete"}
2019-6-10 22:35:02.234#keyHandled#"Backspace"
2019-6-10 22:35:02.690#change#{"from":{"line":9,"ch":2,"sticky":"after"},"to":{"line":9,"ch":3,"sticky":null},"text":[""],"removed":[" "],"origin":"+delete"}
2019-6-10 22:35:02.690#keyHandled#"Backspace"
2019-6-10 22:35:02.234#change#{"from":{"line":9,"ch":3,"sticky":"after"},"to":{"line":9,"ch":4,"sticky":null},"text":[""],"removed":["n"],"origin":"+delete"}
2019-6-10 22:35:02.234#keyHandled#"Backspace"
2019-6-10 22:35:02.690#change#{"from":{"line":9,"ch":2,"sticky":"after"},"to":{"line":9,"ch":3,"sticky":null},"text":[""],"removed":[" "],"origin":"+delete"}
2019-6-10 22:35:02.690#keyHandled#"Backspace"
2019-6-10 22:35:06.687#saida_testar#$ python3 main.py
File "main.py", line 13
for elemento in vet:
IndentationError: unindent does not match any outer indentation level
2019-6-10 22:35:13.347#change#{"from":{"line":9,"ch":1,"sticky":"after"},"to":{"line":9,"ch":2,"sticky":null},"text":[""],"removed":[" "],"origin":"+delete"}
2019-6-10 22:35:13.347#keyHandled#"Backspace"
2019-6-10 22:35:13.651#change#{"from":{"line":9,"ch":0,"sticky":"after"},"to":{"line":9,"ch":1,"sticky":null},"text":[""],"removed":[" "],"origin":"+delete"}
2019-6-10 22:35:13.651#keyHandled#"Backspace"
2019-6-10 22:35:13.973#change#{"from":{"line":8,"ch":37,"sticky":"before"},"to":{"line":9,"ch":0,"sticky":null},"text":[""],"removed":["",""],"origin":"+delete"}
2019-6-10 22:35:13.973#keyHandled#"Backspace"
2019-6-10 22:35:13.981#viewportChange#0
2019-6-10 22:35:21.566#mousedown#{"isTrusted":true}
2019-6-10 22:35:24.127#change#{"from":{"line":8,"ch":0,"sticky":"after","xRel":3.48333740234375},"to":{"line":8,"ch":37,"sticky":"before","xRel":32.683319091796875},"text":[""],"removed":["   # Zera contador de elementos pares"],"origin":"+delete"}
2019-6-10 22:35:24.127#keyHandled#"Backspace"
2019-6-10 22:35:24.535#change#{"from":{"line":7,"ch":10,"sticky":"before"},"to":{"line":8,"ch":0,"sticky":null},"text":[""],"removed":["",""],"origin":"+delete"}
2019-6-10 22:35:24.535#keyHandled#"Backspace"
2019-6-10 22:35:24.546#viewportChange#0
2019-6-10 22:35:25.586#keyHandled#"Up"
2019-6-10 22:35:26.106#keyHandled#"Down"
2019-6-10 22:35:26.348#keyHandled#"Down"
2019-6-10 22:35:26.943#change#{"from":{"line":8,"ch":0,"sticky":"after","xRel":100.80001831054688},"to":{"line":9,"ch":0,"sticky":"after"},"text":[""],"removed":["",""],"origin":"+delete"}
2019-6-10 22:35:26.943#keyHandled#"Delete"
2019-6-10 22:35:26.948#viewportChange#0
2019-6-10 22:35:30.470#mousedown#{"isTrusted":true}
2019-6-10 22:35:30.470#mousedown#{"isTrusted":true}
2019-6-10 22:35:32.768#saida_testar#$ python3 main.py
File "main.py", line 10
for elemento in vet:
IndentationError: unindent does not match any outer indentation level
2019-6-10 22:35:38.487#mousedown#{"isTrusted":true}
2019-6-10 22:36:50.199#change#{"from":{"line":9,"ch":23,"sticky":"before","xRel":13.283355712890625},"to":{"line":9,"ch":23,"sticky":"before","xRel":13.283355712890625},"text":[" "],"removed":[""],"origin":"+input"}
2019-6-10 22:36:50.705#change#{"from":{"line":9,"ch":23,"sticky":"after"},"to":{"line":9,"ch":24,"sticky":null},"text":[""],"removed":[" "],"origin":"+delete"}
2019-6-10 22:36:50.705#keyHandled#"Backspace"
2019-6-10 22:36:51.424#change#{"from":{"line":9,"ch":22,"sticky":"after"},"to":{"line":9,"ch":23,"sticky":null},"text":[""],"removed":[":"],"origin":"+delete"}
2019-6-10 22:36:51.424#keyHandled#"Backspace"
2019-6-10 22:36:52.657#change#{"from":{"line":9,"ch":22,"sticky":null},"to":{"line":9,"ch":22,"sticky":null},"text":[":"],"removed":[""],"origin":"+input"}
2019-6-10 22:36:53.288#change#{"from":{"line":9,"ch":23,"sticky":null},"to":{"line":9,"ch":23,"sticky":null},"text":[" "],"removed":[""],"origin":"+input"}
2019-6-10 22:36:53.814#change#{"from":{"line":9,"ch":23,"sticky":"after"},"to":{"line":9,"ch":24,"sticky":null},"text":[""],"removed":[" "],"origin":"+delete"}
2019-6-10 22:36:53.814#keyHandled#"Backspace"
2019-6-10 22:36:54.722#change#{"from":{"line":9,"ch":23,"sticky":null},"to":{"line":9,"ch":23,"sticky":null},"text":["",""],"removed":[""],"origin":"+input"}
2019-6-10 22:36:54.722#change#{"from":{"line":10,"ch":0,"sticky":null},"to":{"line":10,"ch":0,"sticky":null},"text":["\t\t"],"removed":[""],"origin":"+input"}
2019-6-10 22:36:54.722#keyHandled#"Enter"
2019-6-10 22:36:54.731#viewportChange#0
2019-6-10 22:36:55.373#change#{"from":{"line":10,"ch":1,"sticky":"after"},"to":{"line":10,"ch":2,"sticky":null},"text":[""],"removed":["\t"],"origin":"+delete"}
2019-6-10 22:36:55.373#keyHandled#"Backspace"
2019-6-10 22:36:55.612#change#{"from":{"line":10,"ch":0,"sticky":"after"},"to":{"line":10,"ch":1,"sticky":null},"text":[""],"removed":["\t"],"origin":"+delete"}
2019-6-10 22:36:55.612#keyHandled#"Backspace"
2019-6-10 22:37:06.969#saida_testar#$ python3 main.py
File "main.py", line 10
for elemento in vet:
IndentationError: unindent does not match any outer indentation level
2019-6-10 22:37:40.682#change#{"from":{"line":9,"ch":23,"sticky":null},"to":{"line":9,"ch":23,"sticky":null},"text":["",""],"removed":[""],"origin":"+input"}
2019-6-10 22:37:40.682#change#{"from":{"line":10,"ch":0,"sticky":null},"to":{"line":10,"ch":0,"sticky":null},"text":["\t\t"],"removed":[""],"origin":"+input"}
2019-6-10 22:37:40.682#keyHandled#"Enter"
2019-6-10 22:37:40.690#viewportChange#0
2019-6-10 22:39:34.032#mousedown#{"isTrusted":true}
2019-6-10 22:39:36.535#change#{"from":{"line":9,"ch":2,"sticky":"after"},"to":{"line":9,"ch":3,"sticky":"before","xRel":-2.716644287109375},"text":[""],"removed":[" "],"origin":"+delete"}
2019-6-10 22:39:36.535#keyHandled#"Backspace"
2019-6-10 22:39:37.160#change#{"from":{"line":9,"ch":1,"sticky":"after"},"to":{"line":9,"ch":2,"sticky":null},"text":[""],"removed":[" "],"origin":"+delete"}
2019-6-10 22:39:37.160#keyHandled#"Backspace"
2019-6-10 22:39:37.587#change#{"from":{"line":9,"ch":0,"sticky":"after"},"to":{"line":9,"ch":1,"sticky":null},"text":[""],"removed":[" "],"origin":"+delete"}
2019-6-10 22:39:37.587#keyHandled#"Backspace"
2019-6-10 22:39:39.946#change#{"from":{"line":9,"ch":0,"sticky":null},"to":{"line":9,"ch":0,"sticky":null},"text":["\t"],"removed":[""],"origin":"+input"}
2019-6-10 22:39:39.946#keyHandled#"Tab"
2019-6-10 22:39:42.538#mousedown#{"isTrusted":true}
2019-6-10 22:39:46.222#change#{"from":{"line":10,"ch":1,"sticky":"after"},"to":{"line":10,"ch":2,"sticky":"before","xRel":90.08331298828125},"text":[""],"removed":["\t"],"origin":"+delete"}
2019-6-10 22:39:46.222#keyHandled#"Backspace"
2019-6-10 22:39:47.051#change#{"from":{"line":10,"ch":0,"sticky":"after"},"to":{"line":10,"ch":1,"sticky":null},"text":[""],"removed":["\t"],"origin":"+delete"}
2019-6-10 22:39:47.051#keyHandled#"Backspace"
2019-6-10 22:39:47.577#change#{"from":{"line":9,"ch":21,"sticky":"before"},"to":{"line":10,"ch":0,"sticky":null},"text":[""],"removed":["",""],"origin":"+delete"}
2019-6-10 22:39:47.577#keyHandled#"Backspace"
2019-6-10 22:39:47.589#viewportChange#0
2019-6-10 22:39:49.803#keyHandled#"Down"
2019-6-10 22:39:49.803#keyHandled#"Down"
2019-6-10 22:39:52.207#saida_testar#$ python3 main.py
File "main.py", line 11
if (elemento % 2 == 0):
IndentationError: unindent does not match any outer indentation level
2019-6-10 22:39:54.712#mousedown#{"isTrusted":true}
2019-6-10 22:39:55.618#keyHandled#"Right"
2019-6-10 22:39:55.958#change#{"from":{"line":10,"ch":5,"sticky":"after"},"to":{"line":10,"ch":6,"sticky":"before"},"text":[""],"removed":[" "],"origin":"+delete"}
2019-6-10 22:39:55.958#keyHandled#"Backspace"
2019-6-10 22:39:56.897#change#{"from":{"line":10,"ch":4,"sticky":"after"},"to":{"line":10,"ch":5,"sticky":null},"text":[""],"removed":[" "],"origin":"+delete"}
2019-6-10 22:39:56.897#keyHandled#"Backspace"
2019-6-10 22:39:57.132#change#{"from":{"line":10,"ch":3,"sticky":"after"},"to":{"line":10,"ch":4,"sticky":null},"text":[""],"removed":[" "],"origin":"+delete"}
2019-6-10 22:39:57.132#keyHandled#"Backspace"
2019-6-10 22:39:57.420#change#{"from":{"line":10,"ch":2,"sticky":"after"},"to":{"line":10,"ch":3,"sticky":null},"text":[""],"removed":[" "],"origin":"+delete"}
2019-6-10 22:39:57.420#keyHandled#"Backspace"
2019-6-10 22:39:57.825#change#{"from":{"line":10,"ch":1,"sticky":"after"},"to":{"line":10,"ch":2,"sticky":null},"text":[""],"removed":[" "],"origin":"+delete"}
2019-6-10 22:39:57.825#keyHandled#"Backspace"
2019-6-10 22:39:58.256#change#{"from":{"line":10,"ch":0,"sticky":"after"},"to":{"line":10,"ch":1,"sticky":null},"text":[""],"removed":[" "],"origin":"+delete"}
2019-6-10 22:39:58.256#keyHandled#"Backspace"
2019-6-10 22:39:58.654#change#{"from":{"line":9,"ch":21,"sticky":"before"},"to":{"line":10,"ch":0,"sticky":null},"text":[""],"removed":["",""],"origin":"+delete"}
2019-6-10 22:39:58.654#keyHandled#"Backspace"
2019-6-10 22:39:58.662#viewportChange#0
2019-6-10 22:39:59.800#change#{"from":{"line":9,"ch":21,"sticky":null},"to":{"line":9,"ch":21,"sticky":null},"text":["",""],"removed":[""],"origin":"+input"}
2019-6-10 22:39:59.800#change#{"from":{"line":10,"ch":0,"sticky":null},"to":{"line":10,"ch":0,"sticky":null},"text":["\t\t"],"removed":[""],"origin":"+input"}
2019-6-10 22:39:59.800#keyHandled#"Enter"
2019-6-10 22:39:59.807#viewportChange#0
2019-6-10 22:40:00.975#mousedown#{"isTrusted":true}
2019-6-10 22:40:01.329#change#{"from":{"line":11,"ch":8,"sticky":"after"},"to":{"line":11,"ch":9,"sticky":"before","xRel":-2.1166839599609375},"text":[""],"removed":[" "],"origin":"+delete"}
2019-6-10 22:40:01.329#keyHandled#"Backspace"
2019-6-10 22:40:01.550#change#{"from":{"line":11,"ch":7,"sticky":"after"},"to":{"line":11,"ch":8,"sticky":null},"text":[""],"removed":[" "],"origin":"+delete"}
2019-6-10 22:40:01.550#keyHandled#"Backspace"
2019-6-10 22:40:01.723#change#{"from":{"line":11,"ch":6,"sticky":"after"},"to":{"line":11,"ch":7,"sticky":null},"text":[""],"removed":[" "],"origin":"+delete"}
2019-6-10 22:40:01.723#keyHandled#"Backspace"
2019-6-10 22:40:01.905#change#{"from":{"line":11,"ch":5,"sticky":"after"},"to":{"line":11,"ch":6,"sticky":null},"text":[""],"removed":[" "],"origin":"+delete"}
2019-6-10 22:40:01.905#keyHandled#"Backspace"
2019-6-10 22:40:02.090#change#{"from":{"line":11,"ch":4,"sticky":"after"},"to":{"line":11,"ch":5,"sticky":null},"text":[""],"removed":[" "],"origin":"+delete"}
2019-6-10 22:40:02.090#keyHandled#"Backspace"
2019-6-10 22:40:02.264#change#{"from":{"line":11,"ch":3,"sticky":"after"},"to":{"line":11,"ch":4,"sticky":null},"text":[""],"removed":[" "],"origin":"+delete"}
2019-6-10 22:40:02.264#keyHandled#"Backspace"
2019-6-10 22:40:02.462#change#{"from":{"line":11,"ch":2,"sticky":"after"},"to":{"line":11,"ch":3,"sticky":null},"text":[""],"removed":[" "],"origin":"+delete"}
2019-6-10 22:40:02.462#keyHandled#"Backspace"
2019-6-10 22:40:02.743#change#{"from":{"line":11,"ch":1,"sticky":"after"},"to":{"line":11,"ch":2,"sticky":null},"text":[""],"removed":[" "],"origin":"+delete"}
2019-6-10 22:40:02.743#keyHandled#"Backspace"
2019-6-10 22:40:03.038#change#{"from":{"line":11,"ch":0,"sticky":"after"},"to":{"line":11,"ch":1,"sticky":null},"text":[""],"removed":[" "],"origin":"+delete"}
2019-6-10 22:40:03.038#keyHandled#"Backspace"
2019-6-10 22:40:03.506#change#{"from":{"line":10,"ch":25,"sticky":"before"},"to":{"line":11,"ch":0,"sticky":null},"text":[""],"removed":["",""],"origin":"+delete"}
2019-6-10 22:40:03.506#keyHandled#"Backspace"
2019-6-10 22:40:03.512#viewportChange#0
2019-6-10 22:40:04.041#change#{"from":{"line":10,"ch":25,"sticky":null},"to":{"line":10,"ch":25,"sticky":null},"text":["",""],"removed":[""],"origin":"+input"}
2019-6-10 22:40:04.041#change#{"from":{"line":11,"ch":0,"sticky":null},"to":{"line":11,"ch":0,"sticky":null},"text":["\t\t\t"],"removed":[""],"origin":"+input"}
2019-6-10 22:40:04.041#keyHandled#"Enter"
2019-6-10 22:40:04.047#viewportChange#0
2019-6-10 22:40:12.044#mousedown#{"isTrusted":true}
2019-6-10 22:40:12.544#change#{"from":{"line":14,"ch":2,"sticky":"after"},"to":{"line":14,"ch":3,"sticky":"after","xRel":1.2833251953125},"text":[""],"removed":[" "],"origin":"+delete"}
2019-6-10 22:40:12.544#keyHandled#"Backspace"
2019-6-10 22:40:12.969#change#{"from":{"line":14,"ch":1,"sticky":"after"},"to":{"line":14,"ch":2,"sticky":null},"text":[""],"removed":[" "],"origin":"+delete"}
2019-6-10 22:40:12.969#keyHandled#"Backspace"
2019-6-10 22:40:13.446#change#{"from":{"line":14,"ch":0,"sticky":"after"},"to":{"line":14,"ch":1,"sticky":null},"text":[""],"removed":[" "],"origin":"+delete"}
2019-6-10 22:40:13.446#keyHandled#"Backspace"
2019-6-10 22:40:14.265#change#{"from":{"line":14,"ch":0,"sticky":null},"to":{"line":14,"ch":0,"sticky":null},"text":["\t"],"removed":[""],"origin":"+input"}
2019-6-10 22:40:14.265#keyHandled#"Tab"
2019-6-10 22:40:15.624#mousedown#{"isTrusted":true}
2019-6-10 22:40:16.430#change#{"from":{"line":17,"ch":0,"sticky":"after"},"to":{"line":17,"ch":1,"sticky":null},"text":[""],"removed":[" "],"origin":"+delete"}
2019-6-10 22:40:16.430#keyHandled#"Backspace"
2019-6-10 22:40:16.881#keyHandled#"Right"
2019-6-10 22:40:17.511#change#{"from":{"line":17,"ch":0,"sticky":"after"},"to":{"line":17,"ch":1,"sticky":"before"},"text":[""],"removed":[" "],"origin":"+delete"}
2019-6-10 22:40:17.511#keyHandled#"Backspace"
2019-6-10 22:40:18.678#change#{"from":{"line":17,"ch":0,"sticky":null},"to":{"line":17,"ch":0,"sticky":null},"text":["\t"],"removed":[""],"origin":"+input"}
2019-6-10 22:40:18.678#keyHandled#"Tab"
2019-6-10 22:40:21.160#mousedown#{"isTrusted":true}
2019-6-10 22:40:21.839#change#{"from":{"line":20,"ch":2,"sticky":"after"},"to":{"line":20,"ch":3,"sticky":"after","xRel":1.2833251953125},"text":[""],"removed":[" "],"origin":"+delete"}
2019-6-10 22:40:21.839#keyHandled#"Backspace"
2019-6-10 22:40:22.096#change#{"from":{"line":20,"ch":1,"sticky":"after"},"to":{"line":20,"ch":2,"sticky":null},"text":[""],"removed":[" "],"origin":"+delete"}
2019-6-10 22:40:22.096#keyHandled#"Backspace"
2019-6-10 22:40:22.460#change#{"from":{"line":20,"ch":0,"sticky":"after"},"to":{"line":20,"ch":1,"sticky":null},"text":[""],"removed":[" "],"origin":"+delete"}
2019-6-10 22:40:22.460#keyHandled#"Backspace"
2019-6-10 22:40:23.356#change#{"from":{"line":20,"ch":0,"sticky":null},"to":{"line":20,"ch":0,"sticky":null},"text":["\t"],"removed":[""],"origin":"+input"}
2019-6-10 22:40:23.356#keyHandled#"Tab"
2019-6-10 22:40:24.897#mousedown#{"isTrusted":true}
2019-6-10 22:40:25.269#change#{"from":{"line":23,"ch":2,"sticky":"after"},"to":{"line":23,"ch":3,"sticky":"before","xRel":-2.716644287109375},"text":[""],"removed":[" "],"origin":"+delete"}
2019-6-10 22:40:25.269#keyHandled#"Backspace"
2019-6-10 22:40:25.611#change#{"from":{"line":23,"ch":1,"sticky":"after"},"to":{"line":23,"ch":2,"sticky":null},"text":[""],"removed":[" "],"origin":"+delete"}
2019-6-10 22:40:25.611#keyHandled#"Backspace"
2019-6-10 22:40:25.960#change#{"from":{"line":23,"ch":0,"sticky":"after"},"to":{"line":23,"ch":1,"sticky":null},"text":[""],"removed":[" "],"origin":"+delete"}
2019-6-10 22:40:25.960#keyHandled#"Backspace"
2019-6-10 22:40:26.815#change#{"from":{"line":23,"ch":0,"sticky":null},"to":{"line":23,"ch":0,"sticky":null},"text":["\t"],"removed":[""],"origin":"+input"}
2019-6-10 22:40:26.815#keyHandled#"Tab"
2019-6-10 22:40:26.815#change#{"from":{"line":23,"ch":0,"sticky":null},"to":{"line":23,"ch":0,"sticky":null},"text":["\t"],"removed":[""],"origin":"+input"}
2019-6-10 22:40:26.815#keyHandled#"Tab"
2019-6-10 22:40:30.218#saida_testar#$ python3 main.py
2019-6-10 22:40:30.702#blur#
2019-6-10 22:40:49.508#mousedown#{"isTrusted":true}
2019-6-10 22:40:49.591#focus#
2019-6-10 22:40:54.947#change#{"from":{"line":4,"ch":7,"sticky":"after"},"to":{"line":4,"ch":8,"sticky":"before","xRel":23.283355712890625},"text":[""],"removed":["0"],"origin":"+delete"}
2019-6-10 22:40:54.947#keyHandled#"Backspace"
2019-6-10 22:40:55.990#change#{"from":{"line":4,"ch":7,"sticky":null},"to":{"line":4,"ch":7,"sticky":null},"text":["0"],"removed":[""],"origin":"+input"}
2019-6-10 22:40:57.029#change#{"from":{"line":4,"ch":8,"sticky":null},"to":{"line":4,"ch":8,"sticky":null},"text":["",""],"removed":[""],"origin":"+input"}
2019-6-10 22:40:57.029#keyHandled#"Enter"
2019-6-10 22:40:57.037#viewportChange#0
2019-6-10 22:40:58.069#change#{"from":{"line":5,"ch":0,"sticky":null},"to":{"line":5,"ch":0,"sticky":null},"text":["i"],"removed":[""],"origin":"+input"}
2019-6-10 22:40:58.256#change#{"from":{"line":5,"ch":1,"sticky":null},"to":{"line":5,"ch":1,"sticky":null},"text":[" "],"removed":[""],"origin":"+input"}
2019-6-10 22:40:58.498#change#{"from":{"line":5,"ch":2,"sticky":null},"to":{"line":5,"ch":2,"sticky":null},"text":["="],"removed":[""],"origin":"+input"}
2019-6-10 22:40:58.669#change#{"from":{"line":5,"ch":3,"sticky":null},"to":{"line":5,"ch":3,"sticky":null},"text":[" "],"removed":[""],"origin":"+input"}
2019-6-10 22:40:58.822#change#{"from":{"line":5,"ch":4,"sticky":null},"to":{"line":5,"ch":4,"sticky":null},"text":["0"],"removed":[""],"origin":"+input"}
2019-6-10 22:40:58.069#change#{"from":{"line":5,"ch":0,"sticky":null},"to":{"line":5,"ch":0,"sticky":null},"text":["i"],"removed":[""],"origin":"+input"}
2019-6-10 22:40:58.256#change#{"from":{"line":5,"ch":1,"sticky":null},"to":{"line":5,"ch":1,"sticky":null},"text":[" "],"removed":[""],"origin":"+input"}
2019-6-10 22:40:58.498#change#{"from":{"line":5,"ch":2,"sticky":null},"to":{"line":5,"ch":2,"sticky":null},"text":["="],"removed":[""],"origin":"+input"}
2019-6-10 22:40:58.669#change#{"from":{"line":5,"ch":3,"sticky":null},"to":{"line":5,"ch":3,"sticky":null},"text":[" "],"removed":[""],"origin":"+input"}
2019-6-10 22:40:58.822#change#{"from":{"line":5,"ch":4,"sticky":null},"to":{"line":5,"ch":4,"sticky":null},"text":["0"],"removed":[""],"origin":"+input"}
2019-6-10 22:41:00.946#saida_testar#$ python3 main.py
2019-6-10 22:41:01.627#blur#
2019-6-10 22:41:34.926#mousedown#{"isTrusted":true}
2019-6-10 22:41:35.006#focus#
2019-6-10 22:41:53.333#mousedown#{"isTrusted":true}
2019-6-10 22:41:56.336#mousedown#{"isTrusted":true}
2019-6-10 22:42:15.409#change#{"from":{"line":18,"ch":17,"sticky":"after","xRel":1.88330078125},"to":{"line":18,"ch":17,"sticky":"after","xRel":1.88330078125},"text":[" "],"removed":[""],"origin":"+input"}
2019-6-10 22:42:17.768#blur#
2019-6-10 22:42:28.426#mousedown#{"isTrusted":true}
2019-6-10 22:42:28.503#focus#
2019-6-10 22:42:30.349#keyHandled#"Left"
2019-6-10 22:42:30.550#keyHandled#"Left"
2019-6-10 22:42:30.678#keyHandled#"Left"
2019-6-10 22:42:30.942#keyHandled#"Left"
2019-6-10 22:42:31.844#keyHandled#"Left"
2019-6-10 22:42:33.488#change#{"from":{"line":18,"ch":16,"sticky":"after"},"to":{"line":18,"ch":17,"sticky":"after"},"text":[""],"removed":["-"],"origin":"+delete"}
2019-6-10 22:42:33.488#keyHandled#"Backspace"
2019-6-10 22:42:34.038#keyHandled#"Right"
2019-6-10 22:42:34.730#keyHandled#"Down"
2019-6-10 22:42:35.875#keyHandled#"Left"
2019-6-10 22:42:36.346#keyHandled#"Left"
2019-6-10 22:42:36.585#keyHandled#"Left"
2019-6-10 22:42:36.812#keyHandled#"Left"
2019-6-10 22:42:37.017#keyHandled#"Left"
2019-6-10 22:42:37.256#keyHandled#"Left"
2019-6-10 22:42:37.949#keyHandled#"Left"
2019-6-10 22:42:38.442#change#{"from":{"line":18,"ch":16,"sticky":"after"},"to":{"line":18,"ch":16,"sticky":"after"},"text":["-"],"removed":[""],"origin":"+input"}
2019-6-10 22:42:39.269#keyHandled#"Right"
2019-6-10 22:42:39.505#change#{"from":{"line":18,"ch":17,"sticky":"after"},"to":{"line":18,"ch":18,"sticky":"before"},"text":[""],"removed":[" "],"origin":"+delete"}
2019-6-10 22:42:39.505#keyHandled#"Backspace"
2019-6-10 22:42:41.549#keyHandled#"Right"
2019-6-10 22:42:41.768#keyHandled#"Right"
2019-6-10 22:42:42.057#keyHandled#"Right"
2019-6-10 22:42:42.300#keyHandled#"Right"
2019-6-10 22:42:42.504#keyHandled#"Right"
2019-6-10 22:44:57.866#submit#Your code did not produce the correct output. Please, correct your code and try again.
2019-6-10 22:44:57.866#submit#Your code did not produce the correct output. Please, correct your code and try again.
2019-6-10 22:45:01.760#saida_testar#$ python3 main.py
2019-6-10 22:45:02.176#blur#
2019-6-10 22:46:10.215#mousedown#{"isTrusted":true}
2019-6-10 22:46:10.298#focus#
2019-6-10 22:46:13.120#mousedown#{"isTrusted":true}
2019-6-10 22:46:45.908#mousedown#{"isTrusted":true}
2019-6-10 22:46:47.881#change#{"from":{"line":8,"ch":10,"sticky":"before","xRel":99.68331909179688},"to":{"line":8,"ch":10,"sticky":"before","xRel":99.68331909179688},"text":["",""],"removed":[""],"origin":"+input"}
2019-6-10 22:46:47.881#change#{"from":{"line":9,"ch":0,"sticky":null},"to":{"line":9,"ch":0,"sticky":null},"text":["\t"],"removed":[""],"origin":"+input"}
2019-6-10 22:46:47.881#keyHandled#"Enter"
2019-6-10 22:46:47.890#viewportChange#0
2019-6-10 22:46:50.602#change#{"from":{"line":9,"ch":1,"sticky":null},"to":{"line":9,"ch":1,"sticky":null},"text":["n"],"removed":[""],"origin":"+input"}
2019-6-10 22:46:51.310#change#{"from":{"line":9,"ch":2,"sticky":null},"to":{"line":9,"ch":2,"sticky":null},"text":["p"],"removed":[""],"origin":"+input"}
2019-6-10 22:46:51.800#change#{"from":{"line":9,"ch":3,"sticky":null},"to":{"line":9,"ch":3,"sticky":null},"text":["a"],"removed":[""],"origin":"+input"}
2019-6-10 22:46:51.951#change#{"from":{"line":9,"ch":4,"sticky":null},"to":{"line":9,"ch":4,"sticky":null},"text":["r"],"removed":[""],"origin":"+input"}
2019-6-10 22:46:52.604#change#{"from":{"line":9,"ch":5,"sticky":null},"to":{"line":9,"ch":5,"sticky":null},"text":[" "],"removed":[""],"origin":"+input"}
2019-6-10 22:46:52.849#change#{"from":{"line":9,"ch":6,"sticky":null},"to":{"line":9,"ch":6,"sticky":null},"text":["="],"removed":[""],"origin":"+input"}
2019-6-10 22:46:53.050#change#{"from":{"line":9,"ch":7,"sticky":null},"to":{"line":9,"ch":7,"sticky":null},"text":[" "],"removed":[""],"origin":"+input"}
2019-6-10 22:46:53.163#change#{"from":{"line":9,"ch":8,"sticky":null},"to":{"line":9,"ch":8,"sticky":null},"text":["0"],"removed":[""],"origin":"+input"}
2019-6-10 22:46:54.239#mousedown#{"isTrusted":true}
2019-6-10 22:46:54.826#change#{"from":{"line":4,"ch":7,"sticky":"after"},"to":{"line":4,"ch":8,"sticky":"before","xRel":14.283355712890625},"text":[""],"removed":["0"],"origin":"+delete"}
2019-6-10 22:46:54.826#keyHandled#"Backspace"
2019-6-10 22:46:54.994#change#{"from":{"line":4,"ch":6,"sticky":"after"},"to":{"line":4,"ch":7,"sticky":null},"text":[""],"removed":[" "],"origin":"+delete"}
2019-6-10 22:46:54.994#keyHandled#"Backspace"
2019-6-10 22:46:55.136#change#{"from":{"line":4,"ch":5,"sticky":"after"},"to":{"line":4,"ch":6,"sticky":null},"text":[""],"removed":["="],"origin":"+delete"}
2019-6-10 22:46:55.136#keyHandled#"Backspace"
2019-6-10 22:46:55.305#change#{"from":{"line":4,"ch":4,"sticky":"after"},"to":{"line":4,"ch":5,"sticky":null},"text":[""],"removed":[" "],"origin":"+delete"}
2019-6-10 22:46:55.305#keyHandled#"Backspace"
2019-6-10 22:46:55.465#change#{"from":{"line":4,"ch":3,"sticky":"after"},"to":{"line":4,"ch":4,"sticky":null},"text":[""],"removed":["r"],"origin":"+delete"}
2019-6-10 22:46:55.465#keyHandled#"Backspace"
2019-6-10 22:46:55.624#change#{"from":{"line":4,"ch":2,"sticky":"after"},"to":{"line":4,"ch":3,"sticky":null},"text":[""],"removed":["a"],"origin":"+delete"}
2019-6-10 22:46:55.624#keyHandled#"Backspace"
2019-6-10 22:46:55.779#change#{"from":{"line":4,"ch":1,"sticky":"after"},"to":{"line":4,"ch":2,"sticky":null},"text":[""],"removed":["p"],"origin":"+delete"}
2019-6-10 22:46:55.779#keyHandled#"Backspace"
2019-6-10 22:46:55.962#change#{"from":{"line":4,"ch":0,"sticky":"after"},"to":{"line":4,"ch":1,"sticky":null},"text":[""],"removed":["n"],"origin":"+delete"}
2019-6-10 22:46:55.962#keyHandled#"Backspace"
2019-6-10 22:46:58.007#saida_testar#$ python3 main.py
Primeiro vetor: 11,22,33,44,55
Proximo vetor: 11,33,55,77,99
2019-6-10 22:46:59.472#blur#
2019-6-10 22:46:59.472#blur#
2019-6-10 22:47:27.426#submit#Congratulations, your code is correct!
2019-6-10 22:58:14.105#mousedown#{"isTrusted":true}
2019-6-10 22:58:14.111#focus#
2019-6-10 22:58:15.990#change#{"from":{"line":6,"ch":19,"sticky":"after"},"to":{"line":6,"ch":20,"sticky":"after","xRel":1.48333740234375},"text":[""],"removed":["i"],"origin":"+delete"}
2019-6-10 22:58:15.990#keyHandled#"Backspace"
2019-6-10 22:58:16.144#change#{"from":{"line":6,"ch":19,"sticky":null},"to":{"line":6,"ch":19,"sticky":null},"text":["1"],"removed":[""],"origin":"+input"}
2019-6-10 22:58:21.849#submit#Congratulations, your code is correct!
2019-6-10 22:58:23.204#mousedown#{"isTrusted":true}
2019-6-10 22:58:23.960#change#{"from":{"line":7,"ch":9,"sticky":"after"},"to":{"line":7,"ch":10,"sticky":"before","xRel":9.683319091796875},"text":[""],"removed":["1"],"origin":"+delete"}
2019-6-10 22:58:23.960#keyHandled#"Backspace"
2019-6-10 22:58:24.306#change#{"from":{"line":7,"ch":8,"sticky":"after"},"to":{"line":7,"ch":9,"sticky":null},"text":[""],"removed":[" "],"origin":"+delete"}
2019-6-10 22:58:24.306#keyHandled#"Backspace"
2019-6-10 22:58:24.459#change#{"from":{"line":7,"ch":7,"sticky":"after"},"to":{"line":7,"ch":8,"sticky":null},"text":[""],"removed":["+"],"origin":"+delete"}
2019-6-10 22:58:24.459#keyHandled#"Backspace"
2019-6-10 22:58:24.602#change#{"from":{"line":7,"ch":6,"sticky":"after"},"to":{"line":7,"ch":7,"sticky":null},"text":[""],"removed":[" "],"origin":"+delete"}
2019-6-10 22:58:24.602#keyHandled#"Backspace"
2019-6-10 22:58:24.803#change#{"from":{"line":7,"ch":5,"sticky":"after"},"to":{"line":7,"ch":6,"sticky":null},"text":[""],"removed":["i"],"origin":"+delete"}
2019-6-10 22:58:24.803#keyHandled#"Backspace"
2019-6-10 22:58:24.970#change#{"from":{"line":7,"ch":4,"sticky":"after"},"to":{"line":7,"ch":5,"sticky":null},"text":[""],"removed":[" "],"origin":"+delete"}
2019-6-10 22:58:24.970#keyHandled#"Backspace"
2019-6-10 22:58:25.141#change#{"from":{"line":7,"ch":3,"sticky":"after"},"to":{"line":7,"ch":4,"sticky":null},"text":[""],"removed":["="],"origin":"+delete"}
2019-6-10 22:58:25.141#keyHandled#"Backspace"
2019-6-10 22:58:25.297#change#{"from":{"line":7,"ch":2,"sticky":"after"},"to":{"line":7,"ch":3,"sticky":null},"text":[""],"removed":[" "],"origin":"+delete"}
2019-6-10 22:58:25.297#keyHandled#"Backspace"
2019-6-10 22:58:25.473#change#{"from":{"line":7,"ch":1,"sticky":"after"},"to":{"line":7,"ch":2,"sticky":null},"text":[""],"removed":["i"],"origin":"+delete"}
2019-6-10 22:58:25.473#keyHandled#"Backspace"
2019-6-10 22:58:25.637#change#{"from":{"line":7,"ch":0,"sticky":"after"},"to":{"line":7,"ch":1,"sticky":null},"text":[""],"removed":["\t"],"origin":"+delete"}
2019-6-10 22:58:25.637#keyHandled#"Backspace"
2019-6-10 22:58:25.822#change#{"from":{"line":6,"ch":22,"sticky":"before"},"to":{"line":7,"ch":0,"sticky":null},"text":[""],"removed":["",""],"origin":"+delete"}
2019-6-10 22:58:25.822#keyHandled#"Backspace"
2019-6-10 22:58:25.830#viewportChange#0
2019-6-10 22:58:27.200#mousedown#{"isTrusted":true}
2019-6-10 22:58:27.472#change#{"from":{"line":4,"ch":4,"sticky":"after"},"to":{"line":4,"ch":5,"sticky":"before","xRel":1.483306884765625},"text":[""],"removed":["0"],"origin":"+delete"}
2019-6-10 22:58:27.472#keyHandled#"Backspace"
2019-6-10 22:58:27.651#change#{"from":{"line":4,"ch":3,"sticky":"after"},"to":{"line":4,"ch":4,"sticky":null},"text":[""],"removed":[" "],"origin":"+delete"}
2019-6-10 22:58:27.651#keyHandled#"Backspace"
2019-6-10 22:58:27.802#change#{"from":{"line":4,"ch":2,"sticky":"after"},"to":{"line":4,"ch":3,"sticky":null},"text":[""],"removed":["="],"origin":"+delete"}
2019-6-10 22:58:27.802#keyHandled#"Backspace"
2019-6-10 22:58:27.953#change#{"from":{"line":4,"ch":1,"sticky":"after"},"to":{"line":4,"ch":2,"sticky":null},"text":[""],"removed":[" "],"origin":"+delete"}
2019-6-10 22:58:27.953#keyHandled#"Backspace"
2019-6-10 22:58:28.116#change#{"from":{"line":4,"ch":0,"sticky":"after"},"to":{"line":4,"ch":1,"sticky":null},"text":[""],"removed":["i"],"origin":"+delete"}
2019-6-10 22:58:28.116#keyHandled#"Backspace"
