2019-4-1 14:42:22.219#viewportChange#0
2019-4-1 14:42:55.970#mousedown#{"isTrusted":true}
2019-4-1 14:42:55.988#focus#
2019-4-1 14:42:57.128#change#{"from":{"line":3,"ch":0,"sticky":"after","xRel":69.329833984375},"to":{"line":3,"ch":0,"sticky":"after","xRel":69.329833984375},"text":["t"],"removed":[""],"origin":"+input"}
2019-4-1 14:42:57.235#change#{"from":{"line":3,"ch":1,"sticky":null},"to":{"line":3,"ch":1,"sticky":null},"text":["e"],"removed":[""],"origin":"+input"}
2019-4-1 14:42:57.432#change#{"from":{"line":3,"ch":2,"sticky":null},"to":{"line":3,"ch":2,"sticky":null},"text":["x"],"removed":[""],"origin":"+input"}
2019-4-1 14:42:57.551#change#{"from":{"line":3,"ch":3,"sticky":null},"to":{"line":3,"ch":3,"sticky":null},"text":["t"],"removed":[""],"origin":"+input"}
2019-4-1 14:42:58.285#change#{"from":{"line":3,"ch":4,"sticky":null},"to":{"line":3,"ch":4,"sticky":null},"text":[" "],"removed":[""],"origin":"+input"}
2019-4-1 14:42:58.385#change#{"from":{"line":3,"ch":5,"sticky":null},"to":{"line":3,"ch":5,"sticky":null},"text":["="],"removed":[""],"origin":"+input"}
2019-4-1 14:42:58.812#change#{"from":{"line":3,"ch":5,"sticky":"after"},"to":{"line":3,"ch":6,"sticky":null},"text":[""],"removed":["="],"origin":"+delete"}
2019-4-1 14:42:58.812#keyHandled#"Backspace"
2019-4-1 14:42:58.972#change#{"from":{"line":3,"ch":4,"sticky":"after"},"to":{"line":3,"ch":5,"sticky":null},"text":[""],"removed":[" "],"origin":"+delete"}
2019-4-1 14:42:58.972#keyHandled#"Backspace"
2019-4-1 14:42:59.827#change#{"from":{"line":3,"ch":4,"sticky":null},"to":{"line":3,"ch":4,"sticky":null},"text":["0"],"removed":[""],"origin":"+input"}
2019-4-1 14:43:00.034#change#{"from":{"line":3,"ch":5,"sticky":null},"to":{"line":3,"ch":5,"sticky":null},"text":[" "],"removed":[""],"origin":"+input"}
2019-4-1 14:43:00.201#change#{"from":{"line":3,"ch":6,"sticky":null},"to":{"line":3,"ch":6,"sticky":null},"text":["-"],"removed":[""],"origin":"+input"}
2019-4-1 14:43:00.585#change#{"from":{"line":3,"ch":6,"sticky":"after"},"to":{"line":3,"ch":7,"sticky":null},"text":[""],"removed":["-"],"origin":"+delete"}
2019-4-1 14:43:00.585#keyHandled#"Backspace"
2019-4-1 14:43:00.752#change#{"from":{"line":3,"ch":5,"sticky":"after"},"to":{"line":3,"ch":6,"sticky":null},"text":[""],"removed":[" "],"origin":"+delete"}
2019-4-1 14:43:00.752#keyHandled#"Backspace"
2019-4-1 14:43:00.908#change#{"from":{"line":3,"ch":4,"sticky":"after"},"to":{"line":3,"ch":5,"sticky":null},"text":[""],"removed":["0"],"origin":"+delete"}
2019-4-1 14:43:00.908#keyHandled#"Backspace"
2019-4-1 14:43:01.690#change#{"from":{"line":3,"ch":4,"sticky":null},"to":{"line":3,"ch":4,"sticky":null},"text":["0"],"removed":[""],"origin":"+input"}
2019-4-1 14:43:02.172#change#{"from":{"line":3,"ch":5,"sticky":null},"to":{"line":3,"ch":5,"sticky":null},"text":[" "],"removed":[""],"origin":"+input"}
2019-4-1 14:43:02.310#change#{"from":{"line":3,"ch":6,"sticky":null},"to":{"line":3,"ch":6,"sticky":null},"text":["="],"removed":[""],"origin":"+input"}
2019-4-1 14:43:02.802#change#{"from":{"line":3,"ch":6,"sticky":"after"},"to":{"line":3,"ch":7,"sticky":null},"text":[""],"removed":["="],"origin":"+delete"}
2019-4-1 14:43:02.802#keyHandled#"Backspace"
2019-4-1 14:43:02.968#change#{"from":{"line":3,"ch":5,"sticky":"after"},"to":{"line":3,"ch":6,"sticky":null},"text":[""],"removed":[" "],"origin":"+delete"}
2019-4-1 14:43:02.968#keyHandled#"Backspace"
2019-4-1 14:43:03.137#change#{"from":{"line":3,"ch":4,"sticky":"after"},"to":{"line":3,"ch":5,"sticky":null},"text":[""],"removed":["0"],"origin":"+delete"}
2019-4-1 14:43:03.137#keyHandled#"Backspace"
2019-4-1 14:43:03.877#change#{"from":{"line":3,"ch":4,"sticky":null},"to":{"line":3,"ch":4,"sticky":null},"text":["o"],"removed":[""],"origin":"+input"}
2019-4-1 14:43:04.193#change#{"from":{"line":3,"ch":5,"sticky":null},"to":{"line":3,"ch":5,"sticky":null},"text":[" "],"removed":[""],"origin":"+input"}
2019-4-1 14:43:04.356#change#{"from":{"line":3,"ch":6,"sticky":null},"to":{"line":3,"ch":6,"sticky":null},"text":["="],"removed":[""],"origin":"+input"}
2019-4-1 14:43:04.492#change#{"from":{"line":3,"ch":7,"sticky":null},"to":{"line":3,"ch":7,"sticky":null},"text":[" "],"removed":[""],"origin":"+input"}
2019-4-1 14:43:07.180#change#{"from":{"line":3,"ch":8,"sticky":null},"to":{"line":3,"ch":8,"sticky":null},"text":["\"\""],"removed":[""],"origin":"+input"}
2019-4-1 14:43:07.180#keyHandled#"'\"'"
2019-4-1 14:43:08.956#change#{"from":{"line":3,"ch":9,"sticky":"after"},"to":{"line":3,"ch":9,"sticky":"after"},"text":["i"],"removed":[""],"origin":"+input"}
2019-4-1 14:43:10.795#mousedown#{"isTrusted":true}
2019-4-1 14:43:11.818#mousedown#{"isTrusted":true}
2019-4-1 14:43:12.627#change#{"from":{"line":3,"ch":8,"sticky":"after"},"to":{"line":3,"ch":9,"sticky":"after","xRel":1.98956298828125},"text":[""],"removed":["\""],"origin":"+delete"}
2019-4-1 14:43:12.627#keyHandled#"Backspace"
2019-4-1 14:43:14.529#mousedown#{"isTrusted":true}
2019-4-1 14:43:15.274#change#{"from":{"line":3,"ch":9,"sticky":"after"},"to":{"line":3,"ch":10,"sticky":"before","xRel":13.40277099609375},"text":[""],"removed":["\""],"origin":"+delete"}
2019-4-1 14:43:15.274#keyHandled#"Backspace"
2019-4-1 14:43:15.412#change#{"from":{"line":3,"ch":8,"sticky":"after"},"to":{"line":3,"ch":9,"sticky":null},"text":[""],"removed":["i"],"origin":"+delete"}
2019-4-1 14:43:15.412#keyHandled#"Backspace"
2019-4-1 14:43:15.729#change#{"from":{"line":3,"ch":8,"sticky":null},"to":{"line":3,"ch":8,"sticky":null},"text":["\"\""],"removed":[""],"origin":"+input"}
2019-4-1 14:43:15.729#keyHandled#"'\"'"
2019-4-1 14:43:16.583#change#{"from":{"line":3,"ch":9,"sticky":"after"},"to":{"line":3,"ch":9,"sticky":"after"},"text":["o"],"removed":[""],"origin":"+input"}
2019-4-1 14:43:16.793#change#{"from":{"line":3,"ch":10,"sticky":null},"to":{"line":3,"ch":10,"sticky":null},"text":["i"],"removed":[""],"origin":"+input"}
2019-4-1 14:43:17.493#change#{"from":{"line":3,"ch":11,"sticky":null},"to":{"line":3,"ch":11,"sticky":null},"text":[" "],"removed":[""],"origin":"+input"}
2019-4-1 14:43:17.793#change#{"from":{"line":3,"ch":12,"sticky":null},"to":{"line":3,"ch":12,"sticky":null},"text":["b"],"removed":[""],"origin":"+input"}
2019-4-1 14:43:17.983#change#{"from":{"line":3,"ch":13,"sticky":null},"to":{"line":3,"ch":13,"sticky":null},"text":["o"],"removed":[""],"origin":"+input"}
2019-4-1 14:43:18.113#change#{"from":{"line":3,"ch":14,"sticky":null},"to":{"line":3,"ch":14,"sticky":null},"text":["a"],"removed":[""],"origin":"+input"}
2019-4-1 14:43:18.244#change#{"from":{"line":3,"ch":15,"sticky":null},"to":{"line":3,"ch":15,"sticky":null},"text":[" "],"removed":[""],"origin":"+input"}
2019-4-1 14:43:18.534#change#{"from":{"line":3,"ch":16,"sticky":null},"to":{"line":3,"ch":16,"sticky":null},"text":["t"],"removed":[""],"origin":"+input"}
2019-4-1 14:43:18.810#change#{"from":{"line":3,"ch":17,"sticky":null},"to":{"line":3,"ch":17,"sticky":null},"text":["a"],"removed":[""],"origin":"+input"}
2019-4-1 14:43:19.094#change#{"from":{"line":3,"ch":18,"sticky":null},"to":{"line":3,"ch":18,"sticky":null},"text":["r"],"removed":[""],"origin":"+input"}
2019-4-1 14:43:19.410#change#{"from":{"line":3,"ch":19,"sticky":null},"to":{"line":3,"ch":19,"sticky":null},"text":["d"],"removed":[""],"origin":"+input"}
2019-4-1 14:43:19.509#change#{"from":{"line":3,"ch":20,"sticky":null},"to":{"line":3,"ch":20,"sticky":null},"text":["e"],"removed":[""],"origin":"+input"}
2019-4-1 14:43:22.250#mousedown#{"isTrusted":true}
2019-4-1 14:43:24.508#change#{"from":{"line":3,"ch":22,"sticky":"before","xRel":6.0242919921875},"to":{"line":3,"ch":22,"sticky":"before","xRel":6.0242919921875},"text":["",""],"removed":[""],"origin":"+input"}
2019-4-1 14:43:24.508#keyHandled#"Enter"
2019-4-1 14:43:24.511#viewportChange#0
2019-4-1 14:43:25.389#change#{"from":{"line":4,"ch":0,"sticky":null},"to":{"line":4,"ch":0,"sticky":null},"text":["p"],"removed":[""],"origin":"+input"}
2019-4-1 14:43:25.873#change#{"from":{"line":4,"ch":1,"sticky":null},"to":{"line":4,"ch":1,"sticky":null},"text":["r"],"removed":[""],"origin":"+input"}
2019-4-1 14:43:25.982#change#{"from":{"line":4,"ch":2,"sticky":null},"to":{"line":4,"ch":2,"sticky":null},"text":["i"],"removed":[""],"origin":"+input"}
2019-4-1 14:43:26.157#change#{"from":{"line":4,"ch":3,"sticky":null},"to":{"line":4,"ch":3,"sticky":null},"text":["t"],"removed":[""],"origin":"+input"}
2019-4-1 14:43:26.273#change#{"from":{"line":4,"ch":4,"sticky":null},"to":{"line":4,"ch":4,"sticky":null},"text":["n"],"removed":[""],"origin":"+input"}
2019-4-1 14:43:27.051#change#{"from":{"line":4,"ch":4,"sticky":"after"},"to":{"line":4,"ch":5,"sticky":null},"text":[""],"removed":["n"],"origin":"+delete"}
2019-4-1 14:43:27.051#keyHandled#"Backspace"
2019-4-1 14:43:27.190#change#{"from":{"line":4,"ch":3,"sticky":"after"},"to":{"line":4,"ch":4,"sticky":null},"text":[""],"removed":["t"],"origin":"+delete"}
2019-4-1 14:43:27.190#keyHandled#"Backspace"
2019-4-1 14:43:27.507#change#{"from":{"line":4,"ch":3,"sticky":null},"to":{"line":4,"ch":3,"sticky":null},"text":["n"],"removed":[""],"origin":"+input"}
2019-4-1 14:43:27.655#change#{"from":{"line":4,"ch":4,"sticky":null},"to":{"line":4,"ch":4,"sticky":null},"text":["t"],"removed":[""],"origin":"+input"}
2019-4-1 14:43:28.162#change#{"from":{"line":4,"ch":5,"sticky":null},"to":{"line":4,"ch":5,"sticky":null},"text":["()"],"removed":[""],"origin":"+input"}
2019-4-1 14:43:28.162#keyHandled#"'('"
2019-4-1 14:43:31.123#change#{"from":{"line":4,"ch":6,"sticky":"after"},"to":{"line":4,"ch":6,"sticky":"after"},"text":["r"],"removed":[""],"origin":"+input"}
2019-4-1 14:43:31.487#change#{"from":{"line":4,"ch":7,"sticky":null},"to":{"line":4,"ch":7,"sticky":null},"text":["e"],"removed":[""],"origin":"+input"}
2019-4-1 14:43:31.760#change#{"from":{"line":4,"ch":8,"sticky":null},"to":{"line":4,"ch":8,"sticky":null},"text":["x"],"removed":[""],"origin":"+input"}
2019-4-1 14:43:32.338#change#{"from":{"line":4,"ch":10,"sticky":"after"},"to":{"line":4,"ch":10,"sticky":"after"},"text":["[]"],"removed":[""],"origin":"+input"}
2019-4-1 14:43:32.338#keyHandled#"'['"
2019-4-1 14:43:33.204#change#{"from":{"line":4,"ch":10,"sticky":null},"to":{"line":4,"ch":12,"sticky":null},"text":[""],"removed":["[]"],"origin":"+delete"}
2019-4-1 14:43:33.204#keyHandled#"Backspace"
2019-4-1 14:43:33.351#change#{"from":{"line":4,"ch":9,"sticky":null},"to":{"line":4,"ch":11,"sticky":null},"text":[""],"removed":["[]"],"origin":"+delete"}
2019-4-1 14:43:33.351#keyHandled#"Backspace"
2019-4-1 14:43:33.518#change#{"from":{"line":4,"ch":8,"sticky":"after"},"to":{"line":4,"ch":9,"sticky":null},"text":[""],"removed":["x"],"origin":"+delete"}
2019-4-1 14:43:33.518#keyHandled#"Backspace"
2019-4-1 14:43:33.867#change#{"from":{"line":4,"ch":7,"sticky":"after"},"to":{"line":4,"ch":8,"sticky":null},"text":[""],"removed":["e"],"origin":"+delete"}
2019-4-1 14:43:33.867#keyHandled#"Backspace"
2019-4-1 14:43:34.098#change#{"from":{"line":4,"ch":6,"sticky":"after"},"to":{"line":4,"ch":7,"sticky":null},"text":[""],"removed":["r"],"origin":"+delete"}
2019-4-1 14:43:34.098#keyHandled#"Backspace"
2019-4-1 14:43:34.205#change#{"from":{"line":4,"ch":6,"sticky":null},"to":{"line":4,"ch":6,"sticky":null},"text":["t"],"removed":[""],"origin":"+input"}
2019-4-1 14:43:34.283#change#{"from":{"line":4,"ch":7,"sticky":null},"to":{"line":4,"ch":7,"sticky":null},"text":["e"],"removed":[""],"origin":"+input"}
2019-4-1 14:43:35.324#change#{"from":{"line":4,"ch":8,"sticky":null},"to":{"line":4,"ch":8,"sticky":null},"text":["x"],"removed":[""],"origin":"+input"}
2019-4-1 14:43:35.724#change#{"from":{"line":4,"ch":9,"sticky":null},"to":{"line":4,"ch":9,"sticky":null},"text":["t"],"removed":[""],"origin":"+input"}
2019-4-1 14:43:35.917#change#{"from":{"line":4,"ch":10,"sticky":null},"to":{"line":4,"ch":10,"sticky":null},"text":["o"],"removed":[""],"origin":"+input"}
2019-4-1 14:43:38.666#change#{"from":{"line":4,"ch":11,"sticky":null},"to":{"line":4,"ch":11,"sticky":null},"text":["."],"removed":[""],"origin":"+input"}
2019-4-1 14:43:39.954#change#{"from":{"line":4,"ch":12,"sticky":null},"to":{"line":4,"ch":12,"sticky":null},"text":["u"],"removed":[""],"origin":"+input"}
2019-4-1 14:43:40.536#change#{"from":{"line":4,"ch":13,"sticky":null},"to":{"line":4,"ch":13,"sticky":null},"text":["p"],"removed":[""],"origin":"+input"}
2019-4-1 14:43:41.177#change#{"from":{"line":4,"ch":14,"sticky":null},"to":{"line":4,"ch":14,"sticky":null},"text":["p"],"removed":[""],"origin":"+input"}
2019-4-1 14:43:41.299#change#{"from":{"line":4,"ch":15,"sticky":null},"to":{"line":4,"ch":15,"sticky":null},"text":["e"],"removed":[""],"origin":"+input"}
2019-4-1 14:43:41.364#change#{"from":{"line":4,"ch":16,"sticky":null},"to":{"line":4,"ch":16,"sticky":null},"text":["r"],"removed":[""],"origin":"+input"}
2019-4-1 14:43:43.366#change#{"from":{"line":4,"ch":17,"sticky":null},"to":{"line":4,"ch":17,"sticky":null},"text":["()"],"removed":[""],"origin":"+input"}
2019-4-1 14:43:43.366#keyHandled#"'('"
2019-4-1 14:43:45.038#mousedown#{"isTrusted":true}
2019-4-1 14:43:45.038#mousedown#{"isTrusted":true}
2019-4-1 14:43:48.525#blur#
2019-4-1 14:43:48.525#blur#
2019-4-1 14:43:48.996#submit#Your code did not produce the correct output. Please, correct your code and try again.
2019-4-1 14:43:49.119#saida_testar#$ python3 main.py
OI BOA TARDE
2019-4-1 14:43:52.889#mousedown#{"isTrusted":true}
2019-4-1 14:43:53.019#focus#
2019-4-1 14:43:57.663#mousedown#{"isTrusted":true}
2019-4-1 14:43:58.834#change#{"from":{"line":3,"ch":11,"sticky":"after"},"to":{"line":3,"ch":12,"sticky":"before","xRel":-2.34381103515625},"text":[""],"removed":[" "],"origin":"+delete"}
2019-4-1 14:43:58.834#keyHandled#"Backspace"
2019-4-1 14:43:59.016#change#{"from":{"line":3,"ch":10,"sticky":"after"},"to":{"line":3,"ch":11,"sticky":null},"text":[""],"removed":["i"],"origin":"+delete"}
2019-4-1 14:43:59.016#keyHandled#"Backspace"
2019-4-1 14:43:59.216#change#{"from":{"line":3,"ch":9,"sticky":"after"},"to":{"line":3,"ch":10,"sticky":null},"text":[""],"removed":["o"],"origin":"+delete"}
2019-4-1 14:43:59.216#keyHandled#"Backspace"
2019-4-1 14:44:00.939#mousedown#{"isTrusted":true}
2019-4-1 14:44:06.064#mousedown#{"isTrusted":true}
2019-4-1 14:44:07.010#change#{"from":{"line":3,"ch":9,"sticky":"after"},"to":{"line":3,"ch":10,"sticky":"before","xRel":-1.7882080078125},"text":[""],"removed":["b"],"origin":"+delete"}
2019-4-1 14:44:07.010#keyHandled#"Backspace"
2019-4-1 14:44:07.430#change#{"from":{"line":3,"ch":9,"sticky":null},"to":{"line":3,"ch":9,"sticky":null},"text":["B"],"removed":[""],"origin":"+input"}
2019-4-1 14:44:09.389#mousedown#{"isTrusted":true}
2019-4-1 14:44:10.263#change#{"from":{"line":3,"ch":13,"sticky":"after"},"to":{"line":3,"ch":14,"sticky":"before","xRel":-2.89935302734375},"text":[""],"removed":["t"],"origin":"+delete"}
2019-4-1 14:44:10.263#keyHandled#"Backspace"
2019-4-1 14:44:10.800#change#{"from":{"line":3,"ch":13,"sticky":null},"to":{"line":3,"ch":13,"sticky":null},"text":["T"],"removed":[""],"origin":"+input"}
2019-4-1 14:44:13.243#mousedown#{"isTrusted":true}
2019-4-1 14:44:19.569#mousedown#{"isTrusted":true}
2019-4-1 14:44:19.569#mousedown#{"isTrusted":true}
2019-4-1 14:44:21.685#blur#
2019-4-1 14:44:22.399#saida_testar#$ python3 main.py
BOA TARDE
2019-4-1 14:44:22.399#saida_testar#$ python3 main.py
BOA TARDE
2019-4-1 14:44:23.337#submit#Your code did not produce the correct output. Please, correct your code and try again.
2019-4-1 14:44:26.530#mousedown#{"isTrusted":true}
2019-4-1 14:44:26.701#focus#
2019-4-1 14:44:26.530#mousedown#{"isTrusted":true}
2019-4-1 14:44:26.701#focus#
2019-4-1 14:44:27.813#submit#Your code did not produce the correct output. Please, correct your code and try again.
2019-4-1 14:44:27.813#submit#Your code did not produce the correct output. Please, correct your code and try again.
2019-4-1 14:44:29.897#blur#
2019-4-1 14:44:30.382#saida_testar#$ python3 main.py
BOA TARDE
2019-4-1 14:44:30.382#saida_testar#$ python3 main.py
BOA TARDE
2019-4-1 14:44:37.525#submit#Your code did not produce the correct output. Please, correct your code and try again.
2019-4-1 14:45:21.207#mousedown#{"isTrusted":true}
2019-4-1 14:45:21.351#focus#
2019-4-1 14:45:22.610#mousedown#{"isTrusted":true}
2019-4-1 14:45:23.591#change#{"from":{"line":3,"ch":8,"sticky":"before","xRel":-2.21533203125},"to":{"line":3,"ch":8,"sticky":"before","xRel":-2.21533203125},"text":["()"],"removed":[""],"origin":"+input"}
2019-4-1 14:45:23.592#keyHandled#"'('"
2019-4-1 14:45:26.173#mousedown#{"isTrusted":true}
2019-4-1 14:45:27.059#change#{"from":{"line":3,"ch":9,"sticky":"after"},"to":{"line":3,"ch":10,"sticky":"before","xRel":-0.6146240234375},"text":[""],"removed":[")"],"origin":"+delete"}
2019-4-1 14:45:27.059#keyHandled#"Backspace"
2019-4-1 14:45:28.306#mousedown#{"isTrusted":true}
2019-4-1 14:45:29.304#change#{"from":{"line":3,"ch":20,"sticky":"before","xRel":21.54510498046875},"to":{"line":3,"ch":20,"sticky":"before","xRel":21.54510498046875},"text":[")"],"removed":[""],"origin":"+input"}
2019-4-1 14:45:29.304#change#{"from":{"line":3,"ch":20,"sticky":"before","xRel":21.54510498046875},"to":{"line":3,"ch":20,"sticky":"before","xRel":21.54510498046875},"text":[")"],"removed":[""],"origin":"+input"}
2019-4-1 14:45:32.418#blur#
2019-4-1 14:45:32.418#blur#
2019-4-1 14:45:34.304#submit#Your code did not produce the correct output. Please, correct your code and try again.
2019-4-1 14:45:36.331#mousedown#{"isTrusted":true}
2019-4-1 14:45:36.466#focus#
2019-4-1 14:45:37.099#change#{"from":{"line":3,"ch":20,"sticky":"after"},"to":{"line":3,"ch":21,"sticky":"before","xRel":17.74993896484375},"text":[""],"removed":[")"],"origin":"+delete"}
2019-4-1 14:45:37.099#keyHandled#"Backspace"
2019-4-1 14:45:38.695#mousedown#{"isTrusted":true}
2019-4-1 14:45:39.523#change#{"from":{"line":3,"ch":8,"sticky":"after"},"to":{"line":3,"ch":9,"sticky":"before","xRel":0.09368896484375},"text":[""],"removed":["("],"origin":"+delete"}
2019-4-1 14:45:39.523#keyHandled#"Backspace"
2019-4-1 14:47:21.985#mousedown#{"isTrusted":true}
2019-4-1 14:47:24.857#mousedown#{"isTrusted":true}
2019-4-1 14:47:26.123#mousedown#{"isTrusted":true}
2019-4-1 14:47:28.064#change#{"from":{"line":3,"ch":0,"sticky":"after","xRel":-0.12158203125},"to":{"line":4,"ch":20,"sticky":"before","xRel":18.54510498046875},"text":[""],"removed":["texto = \"Boa Tarde\"","print(texto.upper())"],"origin":"+delete"}
2019-4-1 14:47:28.064#keyHandled#"Backspace"
2019-4-1 14:47:28.077#viewportChange#0
2019-4-1 14:47:29.469#change#{"from":{"line":3,"ch":0,"sticky":null},"to":{"line":3,"ch":0,"sticky":null},"text":["t"],"removed":[""],"origin":"+input"}
2019-4-1 14:47:29.922#change#{"from":{"line":3,"ch":1,"sticky":null},"to":{"line":3,"ch":1,"sticky":null},"text":[" "],"removed":[""],"origin":"+input"}
2019-4-1 14:47:30.030#change#{"from":{"line":3,"ch":2,"sticky":null},"to":{"line":3,"ch":2,"sticky":null},"text":["="],"removed":[""],"origin":"+input"}
2019-4-1 14:47:30.520#change#{"from":{"line":3,"ch":3,"sticky":null},"to":{"line":3,"ch":3,"sticky":null},"text":[" "],"removed":[""],"origin":"+input"}
2019-4-1 14:47:34.701#change#{"from":{"line":3,"ch":4,"sticky":null},"to":{"line":3,"ch":4,"sticky":null},"text":["\"\""],"removed":[""],"origin":"+input"}
2019-4-1 14:47:34.701#keyHandled#"'\"'"
2019-4-1 14:47:36.187#change#{"from":{"line":3,"ch":5,"sticky":"after"},"to":{"line":3,"ch":5,"sticky":"after"},"text":["O"],"removed":[""],"origin":"+input"}
2019-4-1 14:47:37.353#change#{"from":{"line":3,"ch":6,"sticky":null},"to":{"line":3,"ch":6,"sticky":null},"text":["i"],"removed":[""],"origin":"+input"}
2019-4-1 14:47:37.628#change#{"from":{"line":3,"ch":7,"sticky":null},"to":{"line":3,"ch":7,"sticky":null},"text":["e"],"removed":[""],"origin":"+input"}
2019-4-1 14:47:39.046#mousedown#{"isTrusted":true}
2019-4-1 14:47:39.887#change#{"from":{"line":3,"ch":9,"sticky":"before","xRel":9.09368896484375},"to":{"line":3,"ch":9,"sticky":"before","xRel":9.09368896484375},"text":["",""],"removed":[""],"origin":"+input"}
2019-4-1 14:47:39.887#keyHandled#"Enter"
2019-4-1 14:47:39.890#viewportChange#0
2019-4-1 14:47:42.497#change#{"from":{"line":4,"ch":0,"sticky":null},"to":{"line":4,"ch":0,"sticky":null},"text":["p"],"removed":[""],"origin":"+input"}
2019-4-1 14:47:42.997#change#{"from":{"line":4,"ch":1,"sticky":null},"to":{"line":4,"ch":1,"sticky":null},"text":["r"],"removed":[""],"origin":"+input"}
2019-4-1 14:47:43.122#change#{"from":{"line":4,"ch":2,"sticky":null},"to":{"line":4,"ch":2,"sticky":null},"text":["i"],"removed":[""],"origin":"+input"}
2019-4-1 14:47:43.400#change#{"from":{"line":4,"ch":3,"sticky":null},"to":{"line":4,"ch":3,"sticky":null},"text":["n"],"removed":[""],"origin":"+input"}
2019-4-1 14:47:43.567#change#{"from":{"line":4,"ch":4,"sticky":null},"to":{"line":4,"ch":4,"sticky":null},"text":["t"],"removed":[""],"origin":"+input"}
2019-4-1 14:47:44.831#change#{"from":{"line":4,"ch":5,"sticky":null},"to":{"line":4,"ch":5,"sticky":null},"text":["()"],"removed":[""],"origin":"+input"}
2019-4-1 14:47:44.831#keyHandled#"'('"
2019-4-1 14:47:46.227#change#{"from":{"line":4,"ch":6,"sticky":"after"},"to":{"line":4,"ch":6,"sticky":"after"},"text":["t"],"removed":[""],"origin":"+input"}
2019-4-1 14:47:46.699#change#{"from":{"line":4,"ch":7,"sticky":null},"to":{"line":4,"ch":7,"sticky":null},"text":["."],"removed":[""],"origin":"+input"}
2019-4-1 14:47:48.399#change#{"from":{"line":4,"ch":8,"sticky":null},"to":{"line":4,"ch":8,"sticky":null},"text":["u"],"removed":[""],"origin":"+input"}
2019-4-1 14:47:48.905#change#{"from":{"line":4,"ch":9,"sticky":null},"to":{"line":4,"ch":9,"sticky":null},"text":["p"],"removed":[""],"origin":"+input"}
2019-4-1 14:47:49.129#change#{"from":{"line":4,"ch":10,"sticky":null},"to":{"line":4,"ch":10,"sticky":null},"text":["p"],"removed":[""],"origin":"+input"}
2019-4-1 14:47:49.414#change#{"from":{"line":4,"ch":11,"sticky":null},"to":{"line":4,"ch":11,"sticky":null},"text":["e"],"removed":[""],"origin":"+input"}
2019-4-1 14:47:49.666#change#{"from":{"line":4,"ch":12,"sticky":null},"to":{"line":4,"ch":12,"sticky":null},"text":["r"],"removed":[""],"origin":"+input"}
2019-4-1 14:47:50.608#change#{"from":{"line":4,"ch":13,"sticky":null},"to":{"line":4,"ch":13,"sticky":null},"text":["()"],"removed":[""],"origin":"+input"}
2019-4-1 14:47:50.608#keyHandled#"'('"
2019-4-1 14:47:54.424#blur#
2019-4-1 14:47:54.518#saida_testar#$ python3 main.py
BOA TARDE
2019-4-1 14:47:54.424#blur#
2019-4-1 14:47:54.518#saida_testar#$ python3 main.py
BOA TARDE
2019-4-1 14:47:55.427#submit#Your code did not produce the correct output. Please, correct your code and try again.
2019-4-1 14:47:55.427#submit#Your code did not produce the correct output. Please, correct your code and try again.
2019-4-1 14:48:06.345#saida_testar#$ python3 main.py
OIE
2019-4-1 14:48:06.345#saida_testar#$ python3 main.py
OIE
2019-4-1 14:48:12.524#submit#Your code did not produce the correct output. Please, correct your code and try again.
2019-4-1 14:48:12.524#submit#Your code did not produce the correct output. Please, correct your code and try again.
2019-4-1 14:48:20.532#saida_testar#$ python3 main.py
OIE
2019-4-1 14:48:20.532#saida_testar#$ python3 main.py
OIE
2019-4-1 14:48:28.038#submit#Your code did not produce the correct output. Please, correct your code and try again.
2019-4-1 14:48:36.278#mousedown#{"isTrusted":true}
2019-4-1 14:48:36.295#focus#
2019-4-1 14:48:38.630#change#{"from":{"line":4,"ch":5,"sticky":"before","xRel":-1.89935302734375},"to":{"line":4,"ch":5,"sticky":"before","xRel":-1.89935302734375},"text":["="],"removed":[""],"origin":"+input"}
2019-4-1 14:48:39.537#change#{"from":{"line":4,"ch":6,"sticky":null},"to":{"line":4,"ch":6,"sticky":null},"text":["f"],"removed":[""],"origin":"+input"}
2019-4-1 14:48:39.718#change#{"from":{"line":4,"ch":7,"sticky":null},"to":{"line":4,"ch":7,"sticky":null},"text":["l"],"removed":[""],"origin":"+input"}
2019-4-1 14:48:39.893#change#{"from":{"line":4,"ch":8,"sticky":null},"to":{"line":4,"ch":8,"sticky":null},"text":["o"],"removed":[""],"origin":"+input"}
2019-4-1 14:48:40.093#change#{"from":{"line":4,"ch":9,"sticky":null},"to":{"line":4,"ch":9,"sticky":null},"text":["a"],"removed":[""],"origin":"+input"}
2019-4-1 14:48:40.257#change#{"from":{"line":4,"ch":10,"sticky":null},"to":{"line":4,"ch":10,"sticky":null},"text":["t"],"removed":[""],"origin":"+input"}
2019-4-1 14:48:42.737#mousedown#{"isTrusted":true}
2019-4-1 14:48:42.737#mousedown#{"isTrusted":true}
2019-4-1 14:48:44.962#blur#
2019-4-1 14:48:44.962#blur#
2019-4-1 14:48:46.396#submit#Your code did not produce the correct output. Please, correct your code and try again.
2019-4-1 14:48:46.487#saida_testar#$ python3 main.py
Traceback (most recent call last):
File "main.py", line 5, in <module>
print=float(t.upper())
ValueError: could not convert string to float: 'OIE'
2019-4-1 14:48:48.420#mousedown#{"isTrusted":true}
2019-4-1 14:48:48.551#focus#
2019-4-1 14:48:49.283#change#{"from":{"line":4,"ch":10,"sticky":"after"},"to":{"line":4,"ch":11,"sticky":"before","xRel":-2.30560302734375},"text":[""],"removed":["t"],"origin":"+delete"}
2019-4-1 14:48:49.283#keyHandled#"Backspace"
2019-4-1 14:48:49.466#change#{"from":{"line":4,"ch":9,"sticky":"after"},"to":{"line":4,"ch":10,"sticky":null},"text":[""],"removed":["a"],"origin":"+delete"}
2019-4-1 14:48:49.467#keyHandled#"Backspace"
2019-4-1 14:48:49.649#change#{"from":{"line":4,"ch":8,"sticky":"after"},"to":{"line":4,"ch":9,"sticky":null},"text":[""],"removed":["o"],"origin":"+delete"}
2019-4-1 14:48:49.649#keyHandled#"Backspace"
2019-4-1 14:48:49.819#change#{"from":{"line":4,"ch":7,"sticky":"after"},"to":{"line":4,"ch":8,"sticky":null},"text":[""],"removed":["l"],"origin":"+delete"}
2019-4-1 14:48:49.820#keyHandled#"Backspace"
2019-4-1 14:48:50.269#change#{"from":{"line":4,"ch":6,"sticky":"after"},"to":{"line":4,"ch":7,"sticky":null},"text":[""],"removed":["f"],"origin":"+delete"}
2019-4-1 14:48:50.269#keyHandled#"Backspace"
2019-4-1 14:48:50.549#change#{"from":{"line":4,"ch":5,"sticky":"after"},"to":{"line":4,"ch":6,"sticky":null},"text":[""],"removed":["="],"origin":"+delete"}
2019-4-1 14:48:50.550#keyHandled#"Backspace"
2019-4-1 14:48:51.681#mousedown#{"isTrusted":true}
2019-4-1 14:51:24.916#viewportChange#0
2019-4-1 14:51:27.882#mousedown#{"isTrusted":true}
2019-4-1 14:51:27.907#focus#
2019-4-1 14:51:30.019#change#{"from":{"line":3,"ch":8,"sticky":"before","xRel":-2.232666015625},"to":{"line":3,"ch":8,"sticky":"before","xRel":-2.232666015625},"text":["."],"removed":[""],"origin":"+input"}
2019-4-1 14:51:31.597#mousedown#{"isTrusted":true}
2019-4-1 14:51:35.594#blur#
2019-4-1 14:51:36.153#saida_testar#$ python3 main.py
OIE.
2019-4-1 14:51:36.153#saida_testar#$ python3 main.py
OIE.
2019-4-1 14:51:36.807#submit#Your code did not produce the correct output. Please, correct your code and try again.
2019-4-1 14:51:39.722#mousedown#{"isTrusted":true}
2019-4-1 14:51:39.819#focus#
2019-4-1 14:51:40.930#change#{"from":{"line":3,"ch":8,"sticky":"after"},"to":{"line":3,"ch":9,"sticky":"before","xRel":-3.01043701171875},"text":[""],"removed":["."],"origin":"+delete"}
2019-4-1 14:51:40.930#keyHandled#"Backspace"
2019-4-1 14:51:41.135#change#{"from":{"line":3,"ch":7,"sticky":"after"},"to":{"line":3,"ch":8,"sticky":null},"text":[""],"removed":["e"],"origin":"+delete"}
2019-4-1 14:51:41.135#keyHandled#"Backspace"
2019-4-1 14:51:41.296#change#{"from":{"line":3,"ch":6,"sticky":"after"},"to":{"line":3,"ch":7,"sticky":null},"text":[""],"removed":["i"],"origin":"+delete"}
2019-4-1 14:51:41.296#keyHandled#"Backspace"
2019-4-1 14:51:41.777#change#{"from":{"line":3,"ch":5,"sticky":"after"},"to":{"line":3,"ch":6,"sticky":null},"text":[""],"removed":["O"],"origin":"+delete"}
2019-4-1 14:51:41.777#keyHandled#"Backspace"
2019-4-1 14:51:42.658#change#{"from":{"line":3,"ch":5,"sticky":null},"to":{"line":3,"ch":5,"sticky":null},"text":["O"],"removed":[""],"origin":"+input"}
2019-4-1 14:51:43.045#change#{"from":{"line":3,"ch":6,"sticky":null},"to":{"line":3,"ch":6,"sticky":null},"text":["b"],"removed":[""],"origin":"+input"}
2019-4-1 14:51:43.209#change#{"from":{"line":3,"ch":7,"sticky":null},"to":{"line":3,"ch":7,"sticky":null},"text":["r"],"removed":[""],"origin":"+input"}
2019-4-1 14:51:43.397#change#{"from":{"line":3,"ch":8,"sticky":null},"to":{"line":3,"ch":8,"sticky":null},"text":["i"],"removed":[""],"origin":"+input"}
2019-4-1 14:51:43.725#change#{"from":{"line":3,"ch":9,"sticky":null},"to":{"line":3,"ch":9,"sticky":null},"text":["a"],"removed":[""],"origin":"+input"}
2019-4-1 14:51:44.035#change#{"from":{"line":3,"ch":10,"sticky":null},"to":{"line":3,"ch":10,"sticky":null},"text":["g"],"removed":[""],"origin":"+input"}
2019-4-1 14:51:44.198#change#{"from":{"line":3,"ch":11,"sticky":null},"to":{"line":3,"ch":11,"sticky":null},"text":["o"],"removed":[""],"origin":"+input"}
2019-4-1 14:51:46.184#change#{"from":{"line":3,"ch":12,"sticky":null},"to":{"line":3,"ch":12,"sticky":null},"text":["."],"removed":[""],"origin":"+input"}
2019-4-1 14:51:50.030#mousedown#{"isTrusted":true}
2019-4-1 14:51:54.611#mousedown#{"isTrusted":true}
2019-4-1 14:51:54.812#change#{"from":{"line":3,"ch":9,"sticky":"before","xRel":-0.01043701171875},"to":{"line":3,"ch":9,"sticky":"before","xRel":-0.01043701171875},"text":["g"],"removed":[""],"origin":"+input"}
2019-4-1 14:51:57.227#mousedown#{"isTrusted":true}
2019-4-1 14:51:58.129#change#{"from":{"line":3,"ch":11,"sticky":"after"},"to":{"line":3,"ch":12,"sticky":"before","xRel":-2.34381103515625},"text":[""],"removed":["g"],"origin":"+delete"}
2019-4-1 14:51:58.129#keyHandled#"Backspace"
2019-4-1 14:51:58.267#change#{"from":{"line":3,"ch":11,"sticky":null},"to":{"line":3,"ch":11,"sticky":null},"text":["d"],"removed":[""],"origin":"+input"}
2019-4-1 14:51:59.572#mousedown#{"isTrusted":true}
2019-4-1 14:52:04.775#blur#
2019-4-1 14:52:04.775#blur#
2019-4-1 14:52:06.587#submit#Your code did not produce the correct output. Please, correct your code and try again.
2019-4-1 14:52:06.920#saida_testar#$ python3 main.py
OBRIGADO.
2019-4-1 14:52:39.545#mousedown#{"isTrusted":true}
2019-4-1 14:52:39.815#focus#
2019-4-1 14:52:40.897#mousedown#{"isTrusted":true}
2019-4-1 14:52:42.280#change#{"from":{"line":3,"ch":0,"sticky":"after","xRel":3.329833984375},"to":{"line":4,"ch":16,"sticky":null,"xRel":1,"outside":true},"text":[""],"removed":["t = \"Obrigado.\"","print(t.upper())"],"origin":"+delete"}
2019-4-1 14:52:42.280#keyHandled#"Backspace"
2019-4-1 14:52:42.290#viewportChange#0
2019-4-1 14:52:42.782#change#{"from":{"line":3,"ch":0,"sticky":null},"to":{"line":3,"ch":0,"sticky":null},"text":["t"],"removed":[""],"origin":"+input"}
2019-4-1 14:52:43.305#change#{"from":{"line":3,"ch":1,"sticky":null},"to":{"line":3,"ch":1,"sticky":null},"text":["e"],"removed":[""],"origin":"+input"}
2019-4-1 14:52:43.566#change#{"from":{"line":3,"ch":2,"sticky":null},"to":{"line":3,"ch":2,"sticky":null},"text":["z"],"removed":[""],"origin":"+input"}
2019-4-1 14:52:43.894#change#{"from":{"line":3,"ch":3,"sticky":null},"to":{"line":3,"ch":3,"sticky":null},"text":["t"],"removed":[""],"origin":"+input"}
2019-4-1 14:52:44.151#change#{"from":{"line":3,"ch":4,"sticky":null},"to":{"line":3,"ch":4,"sticky":null},"text":["o"],"removed":[""],"origin":"+input"}
2019-4-1 14:52:44.699#change#{"from":{"line":3,"ch":5,"sticky":null},"to":{"line":3,"ch":5,"sticky":null},"text":[" "],"removed":[""],"origin":"+input"}
2019-4-1 14:52:44.887#change#{"from":{"line":3,"ch":6,"sticky":null},"to":{"line":3,"ch":6,"sticky":null},"text":["="],"removed":[""],"origin":"+input"}
2019-4-1 14:52:45.383#change#{"from":{"line":3,"ch":6,"sticky":"after"},"to":{"line":3,"ch":7,"sticky":null},"text":[""],"removed":["="],"origin":"+delete"}
2019-4-1 14:52:45.383#keyHandled#"Backspace"
2019-4-1 14:52:45.567#change#{"from":{"line":3,"ch":5,"sticky":"after"},"to":{"line":3,"ch":6,"sticky":null},"text":[""],"removed":[" "],"origin":"+delete"}
2019-4-1 14:52:45.567#keyHandled#"Backspace"
2019-4-1 14:52:45.695#change#{"from":{"line":3,"ch":4,"sticky":"after"},"to":{"line":3,"ch":5,"sticky":null},"text":[""],"removed":["o"],"origin":"+delete"}
2019-4-1 14:52:45.695#keyHandled#"Backspace"
2019-4-1 14:52:45.831#change#{"from":{"line":3,"ch":3,"sticky":"after"},"to":{"line":3,"ch":4,"sticky":null},"text":[""],"removed":["t"],"origin":"+delete"}
2019-4-1 14:52:45.831#keyHandled#"Backspace"
2019-4-1 14:52:45.981#change#{"from":{"line":3,"ch":2,"sticky":"after"},"to":{"line":3,"ch":3,"sticky":null},"text":[""],"removed":["z"],"origin":"+delete"}
2019-4-1 14:52:45.981#keyHandled#"Backspace"
2019-4-1 14:52:46.714#change#{"from":{"line":3,"ch":2,"sticky":null},"to":{"line":3,"ch":2,"sticky":null},"text":["x"],"removed":[""],"origin":"+input"}
2019-4-1 14:52:47.129#change#{"from":{"line":3,"ch":3,"sticky":null},"to":{"line":3,"ch":3,"sticky":null},"text":["t"],"removed":[""],"origin":"+input"}
2019-4-1 14:52:47.331#change#{"from":{"line":3,"ch":4,"sticky":null},"to":{"line":3,"ch":4,"sticky":null},"text":["p"],"removed":[""],"origin":"+input"}
2019-4-1 14:52:47.813#change#{"from":{"line":3,"ch":5,"sticky":null},"to":{"line":3,"ch":5,"sticky":null},"text":[" "],"removed":[""],"origin":"+input"}
2019-4-1 14:52:48.000#change#{"from":{"line":3,"ch":6,"sticky":null},"to":{"line":3,"ch":6,"sticky":null},"text":["="],"removed":[""],"origin":"+input"}
2019-4-1 14:52:48.307#change#{"from":{"line":3,"ch":6,"sticky":"after"},"to":{"line":3,"ch":7,"sticky":null},"text":[""],"removed":["="],"origin":"+delete"}
2019-4-1 14:52:48.307#keyHandled#"Backspace"
2019-4-1 14:52:48.460#change#{"from":{"line":3,"ch":5,"sticky":"after"},"to":{"line":3,"ch":6,"sticky":null},"text":[""],"removed":[" "],"origin":"+delete"}
2019-4-1 14:52:48.460#keyHandled#"Backspace"
2019-4-1 14:52:48.597#change#{"from":{"line":3,"ch":4,"sticky":"after"},"to":{"line":3,"ch":5,"sticky":null},"text":[""],"removed":["p"],"origin":"+delete"}
2019-4-1 14:52:48.597#keyHandled#"Backspace"
2019-4-1 14:52:49.427#change#{"from":{"line":3,"ch":4,"sticky":null},"to":{"line":3,"ch":4,"sticky":null},"text":["o"],"removed":[""],"origin":"+input"}
2019-4-1 14:52:49.729#change#{"from":{"line":3,"ch":5,"sticky":null},"to":{"line":3,"ch":5,"sticky":null},"text":[" "],"removed":[""],"origin":"+input"}
2019-4-1 14:52:49.916#change#{"from":{"line":3,"ch":6,"sticky":null},"to":{"line":3,"ch":6,"sticky":null},"text":["="],"removed":[""],"origin":"+input"}
2019-4-1 14:52:50.043#change#{"from":{"line":3,"ch":7,"sticky":null},"to":{"line":3,"ch":7,"sticky":null},"text":[" "],"removed":[""],"origin":"+input"}
2019-4-1 14:52:52.784#change#{"from":{"line":3,"ch":8,"sticky":null},"to":{"line":3,"ch":8,"sticky":null},"text":["\"\""],"removed":[""],"origin":"+input"}
2019-4-1 14:52:52.784#keyHandled#"'\"'"
2019-4-1 14:52:53.959#change#{"from":{"line":3,"ch":9,"sticky":"after"},"to":{"line":3,"ch":9,"sticky":"after"},"text":["S"],"removed":[""],"origin":"+input"}
2019-4-1 14:52:54.348#change#{"from":{"line":3,"ch":10,"sticky":null},"to":{"line":3,"ch":10,"sticky":null},"text":["l"],"removed":[""],"origin":"+input"}
2019-4-1 14:52:54.671#change#{"from":{"line":3,"ch":10,"sticky":"after"},"to":{"line":3,"ch":11,"sticky":null},"text":[""],"removed":["l"],"origin":"+delete"}
2019-4-1 14:52:54.671#keyHandled#"Backspace"
2019-4-1 14:52:54.791#change#{"from":{"line":3,"ch":10,"sticky":null},"to":{"line":3,"ch":10,"sticky":null},"text":["e"],"removed":[""],"origin":"+input"}
2019-4-1 14:52:54.914#change#{"from":{"line":3,"ch":11,"sticky":null},"to":{"line":3,"ch":11,"sticky":null},"text":["l"],"removed":[""],"origin":"+input"}
2019-4-1 14:52:55.447#change#{"from":{"line":3,"ch":12,"sticky":null},"to":{"line":3,"ch":12,"sticky":null},"text":["i"],"removed":[""],"origin":"+input"}
2019-4-1 14:52:55.687#change#{"from":{"line":3,"ch":13,"sticky":null},"to":{"line":3,"ch":13,"sticky":null},"text":["n"],"removed":[""],"origin":"+input"}
2019-4-1 14:52:55.806#change#{"from":{"line":3,"ch":14,"sticky":null},"to":{"line":3,"ch":14,"sticky":null},"text":["a"],"removed":[""],"origin":"+input"}
2019-4-1 14:52:57.161#change#{"from":{"line":3,"ch":15,"sticky":null},"to":{"line":3,"ch":15,"sticky":null},"text":[" "],"removed":[""],"origin":"+input"}
2019-4-1 14:52:57.706#change#{"from":{"line":3,"ch":16,"sticky":null},"to":{"line":3,"ch":16,"sticky":null},"text":["K"],"removed":[""],"origin":"+input"}
2019-4-1 14:52:58.124#change#{"from":{"line":3,"ch":17,"sticky":null},"to":{"line":3,"ch":17,"sticky":null},"text":["y"],"removed":[""],"origin":"+input"}
2019-4-1 14:52:58.744#change#{"from":{"line":3,"ch":18,"sticky":null},"to":{"line":3,"ch":18,"sticky":null},"text":["l"],"removed":[""],"origin":"+input"}
2019-4-1 14:52:58.907#change#{"from":{"line":3,"ch":19,"sticky":null},"to":{"line":3,"ch":19,"sticky":null},"text":["e"],"removed":[""],"origin":"+input"}
2019-4-1 14:53:00.523#mousedown#{"isTrusted":true}
2019-4-1 14:53:01.507#change#{"from":{"line":3,"ch":21,"sticky":"before","xRel":18.767333984375},"to":{"line":3,"ch":21,"sticky":"before","xRel":18.767333984375},"text":["",""],"removed":[""],"origin":"+input"}
2019-4-1 14:53:01.507#keyHandled#"Enter"
2019-4-1 14:53:01.511#viewportChange#0
2019-4-1 14:53:02.219#change#{"from":{"line":4,"ch":0,"sticky":null},"to":{"line":4,"ch":0,"sticky":null},"text":["p"],"removed":[""],"origin":"+input"}
2019-4-1 14:53:02.501#change#{"from":{"line":4,"ch":1,"sticky":null},"to":{"line":4,"ch":1,"sticky":null},"text":["i"],"removed":[""],"origin":"+input"}
2019-4-1 14:53:02.926#change#{"from":{"line":4,"ch":2,"sticky":null},"to":{"line":4,"ch":2,"sticky":null},"text":["]"],"removed":[""],"origin":"+input"}
2019-4-1 14:53:03.123#change#{"from":{"line":4,"ch":3,"sticky":null},"to":{"line":4,"ch":3,"sticky":null},"text":["r"],"removed":[""],"origin":"+input"}
2019-4-1 14:53:03.238#change#{"from":{"line":4,"ch":4,"sticky":null},"to":{"line":4,"ch":4,"sticky":null},"text":["i"],"removed":[""],"origin":"+input"}
2019-4-1 14:53:03.436#change#{"from":{"line":4,"ch":5,"sticky":null},"to":{"line":4,"ch":5,"sticky":null},"text":["n"],"removed":[""],"origin":"+input"}
2019-4-1 14:53:03.567#change#{"from":{"line":4,"ch":6,"sticky":null},"to":{"line":4,"ch":6,"sticky":null},"text":["t"],"removed":[""],"origin":"+input"}
2019-4-1 14:53:04.084#change#{"from":{"line":4,"ch":6,"sticky":"after"},"to":{"line":4,"ch":7,"sticky":null},"text":[""],"removed":["t"],"origin":"+delete"}
2019-4-1 14:53:04.084#keyHandled#"Backspace"
2019-4-1 14:53:04.277#change#{"from":{"line":4,"ch":5,"sticky":"after"},"to":{"line":4,"ch":6,"sticky":null},"text":[""],"removed":["n"],"origin":"+delete"}
2019-4-1 14:53:04.277#keyHandled#"Backspace"
2019-4-1 14:53:04.626#change#{"from":{"line":4,"ch":4,"sticky":"after"},"to":{"line":4,"ch":5,"sticky":null},"text":[""],"removed":["i"],"origin":"+delete"}
2019-4-1 14:53:04.626#keyHandled#"Backspace"
2019-4-1 14:53:04.963#change#{"from":{"line":4,"ch":3,"sticky":"after"},"to":{"line":4,"ch":4,"sticky":null},"text":[""],"removed":["r"],"origin":"+delete"}
2019-4-1 14:53:04.963#keyHandled#"Backspace"
2019-4-1 14:53:05.132#change#{"from":{"line":4,"ch":2,"sticky":"after"},"to":{"line":4,"ch":3,"sticky":null},"text":[""],"removed":["]"],"origin":"+delete"}
2019-4-1 14:53:05.132#keyHandled#"Backspace"
2019-4-1 14:53:05.342#change#{"from":{"line":4,"ch":1,"sticky":"after"},"to":{"line":4,"ch":2,"sticky":null},"text":[""],"removed":["i"],"origin":"+delete"}
2019-4-1 14:53:05.343#keyHandled#"Backspace"
2019-4-1 14:53:06.049#change#{"from":{"line":4,"ch":1,"sticky":null},"to":{"line":4,"ch":1,"sticky":null},"text":["r"],"removed":[""],"origin":"+input"}
2019-4-1 14:53:06.218#change#{"from":{"line":4,"ch":2,"sticky":null},"to":{"line":4,"ch":2,"sticky":null},"text":["i"],"removed":[""],"origin":"+input"}
2019-4-1 14:53:06.432#change#{"from":{"line":4,"ch":3,"sticky":null},"to":{"line":4,"ch":3,"sticky":null},"text":["n"],"removed":[""],"origin":"+input"}
2019-4-1 14:53:06.566#change#{"from":{"line":4,"ch":4,"sticky":null},"to":{"line":4,"ch":4,"sticky":null},"text":["t"],"removed":[""],"origin":"+input"}
2019-4-1 14:53:07.579#change#{"from":{"line":4,"ch":5,"sticky":null},"to":{"line":4,"ch":5,"sticky":null},"text":["()"],"removed":[""],"origin":"+input"}
2019-4-1 14:53:07.579#keyHandled#"'('"
2019-4-1 14:53:08.565#change#{"from":{"line":4,"ch":6,"sticky":"after"},"to":{"line":4,"ch":6,"sticky":"after"},"text":["t"],"removed":[""],"origin":"+input"}
2019-4-1 14:53:08.750#change#{"from":{"line":4,"ch":7,"sticky":null},"to":{"line":4,"ch":7,"sticky":null},"text":["e"],"removed":[""],"origin":"+input"}
2019-4-1 14:53:09.014#change#{"from":{"line":4,"ch":8,"sticky":null},"to":{"line":4,"ch":8,"sticky":null},"text":["x"],"removed":[""],"origin":"+input"}
2019-4-1 14:53:09.320#change#{"from":{"line":4,"ch":9,"sticky":null},"to":{"line":4,"ch":9,"sticky":null},"text":["t"],"removed":[""],"origin":"+input"}
2019-4-1 14:53:09.579#change#{"from":{"line":4,"ch":10,"sticky":null},"to":{"line":4,"ch":10,"sticky":null},"text":["o"],"removed":[""],"origin":"+input"}
2019-4-1 14:53:09.870#change#{"from":{"line":4,"ch":11,"sticky":null},"to":{"line":4,"ch":11,"sticky":null},"text":["."],"removed":[""],"origin":"+input"}
2019-4-1 14:53:11.829#change#{"from":{"line":4,"ch":12,"sticky":null},"to":{"line":4,"ch":12,"sticky":null},"text":["u"],"removed":[""],"origin":"+input"}
2019-4-1 14:53:12.262#change#{"from":{"line":4,"ch":13,"sticky":null},"to":{"line":4,"ch":13,"sticky":null},"text":["p"],"removed":[""],"origin":"+input"}
2019-4-1 14:53:12.430#change#{"from":{"line":4,"ch":14,"sticky":null},"to":{"line":4,"ch":14,"sticky":null},"text":["p"],"removed":[""],"origin":"+input"}
2019-4-1 14:53:12.600#change#{"from":{"line":4,"ch":15,"sticky":null},"to":{"line":4,"ch":15,"sticky":null},"text":["e"],"removed":[""],"origin":"+input"}
2019-4-1 14:53:12.695#change#{"from":{"line":4,"ch":16,"sticky":null},"to":{"line":4,"ch":16,"sticky":null},"text":["r"],"removed":[""],"origin":"+input"}
2019-4-1 14:53:16.706#blur#
2019-4-1 15:45:09.172#viewportChange#0
2019-4-1 15:45:16.148#mousedown#{"isTrusted":true}
2019-4-1 15:45:16.166#focus#
2019-4-1 15:45:17.369#change#{"from":{"line":3,"ch":0,"sticky":"after","xRel":3.203125},"to":{"line":3,"ch":5,"sticky":"after","xRel":0.71875},"text":["s"],"removed":["texto"],"origin":"+input"}
2019-4-1 15:45:17.592#change#{"from":{"line":3,"ch":1,"sticky":null},"to":{"line":3,"ch":1,"sticky":null},"text":["p"],"removed":[""],"origin":"+input"}
2019-4-1 15:45:17.955#change#{"from":{"line":3,"ch":2,"sticky":null},"to":{"line":3,"ch":2,"sticky":null},"text":["r"],"removed":[""],"origin":"+input"}
2019-4-1 15:45:18.100#change#{"from":{"line":3,"ch":3,"sticky":null},"to":{"line":3,"ch":3,"sticky":null},"text":["i"],"removed":[""],"origin":"+input"}
2019-4-1 15:45:18.306#change#{"from":{"line":3,"ch":4,"sticky":null},"to":{"line":3,"ch":4,"sticky":null},"text":["n"],"removed":[""],"origin":"+input"}
2019-4-1 15:45:18.400#change#{"from":{"line":3,"ch":5,"sticky":null},"to":{"line":3,"ch":5,"sticky":null},"text":["g"],"removed":[""],"origin":"+input"}
2019-4-1 15:45:21.199#mousedown#{"isTrusted":true}
2019-4-1 15:45:23.351#change#{"from":{"line":4,"ch":6,"sticky":"after","xRel":3.203125},"to":{"line":4,"ch":11,"sticky":"before","xRel":-0.453125},"text":["s"],"removed":["texto"],"origin":"+input"}
2019-4-1 15:45:23.546#change#{"from":{"line":4,"ch":7,"sticky":null},"to":{"line":4,"ch":7,"sticky":null},"text":["p"],"removed":[""],"origin":"+input"}
2019-4-1 15:45:23.812#change#{"from":{"line":4,"ch":8,"sticky":null},"to":{"line":4,"ch":8,"sticky":null},"text":["r"],"removed":[""],"origin":"+input"}
2019-4-1 15:45:24.113#change#{"from":{"line":4,"ch":10,"sticky":null},"to":{"line":4,"ch":10,"sticky":null},"text":["n"],"removed":[""],"origin":"+input"}
2019-4-1 15:45:24.303#change#{"from":{"line":4,"ch":11,"sticky":null},"to":{"line":4,"ch":11,"sticky":null},"text":["g"],"removed":[""],"origin":"+input"}
2019-4-1 15:45:25.917#mousedown#{"isTrusted":true}
2019-4-1 15:45:25.917#mousedown#{"isTrusted":true}
2019-4-1 15:45:27.871#blur#
2019-4-1 15:45:28.374#saida_testar#$ python3 main.py
SELINA KYLE
2019-4-1 15:45:28.374#saida_testar#$ python3 main.py
SELINA KYLE
2019-4-1 15:45:29.190#submit#Your code did not produce the correct output. Please, correct your code and try again.
2019-4-1 15:45:33.912#mousedown#{"isTrusted":true}
2019-4-1 15:45:34.050#focus#
2019-4-1 15:45:35.024#change#{"from":{"line":3,"ch":1,"sticky":"after"},"to":{"line":3,"ch":2,"sticky":"before","xRel":-1.796875},"text":[""],"removed":["p"],"origin":"+delete"}
2019-4-1 15:45:35.024#keyHandled#"Backspace"
2019-4-1 15:45:35.116#change#{"from":{"line":3,"ch":1,"sticky":null},"to":{"line":3,"ch":1,"sticky":null},"text":["t"],"removed":[""],"origin":"+input"}
2019-4-1 15:45:36.743#mousedown#{"isTrusted":true}
2019-4-1 15:45:37.723#change#{"from":{"line":4,"ch":7,"sticky":"after"},"to":{"line":4,"ch":8,"sticky":"before","xRel":-0.796875},"text":[""],"removed":["p"],"origin":"+delete"}
2019-4-1 15:45:37.723#keyHandled#"Backspace"
2019-4-1 15:45:37.807#change#{"from":{"line":4,"ch":7,"sticky":null},"to":{"line":4,"ch":7,"sticky":null},"text":["t"],"removed":[""],"origin":"+input"}
2019-4-1 15:45:39.299#mousedown#{"isTrusted":true}
2019-4-1 15:45:39.299#mousedown#{"isTrusted":true}
2019-4-1 15:45:42.056#blur#
2019-4-1 15:45:42.609#saida_testar#$ python3 main.py
SELINA KYLE
