2019-6-25 09:46:47.524#viewportChange#0
2019-6-25 09:47:12.373#mousedown#{"isTrusted":true}
2019-6-25 09:47:12.379#focus#
2019-6-25 09:47:12.682#change#{"from":{"line":0,"ch":0,"sticky":"after","xRel":61.609375},"to":{"line":0,"ch":0,"sticky":"after","xRel":61.609375},"text":["from numpy import *","from numpy.linalg import *","","N = int(input(\"Matriz: \"))","","mat = zeros((N,N), dtype = int)"],"removed":[""],"origin":"paste"}
2019-6-25 09:47:12.712#viewportChange#0
2019-6-25 09:47:19.576#mousedown#{"isTrusted":true}
2019-6-25 09:47:20.692#change#{"from":{"line":3,"ch":0,"sticky":"after","xRel":3.609375},"to":{"line":3,"ch":2,"sticky":"before","xRel":-2.765625},"text":["m"],"removed":["N "],"origin":"+input"}
2019-6-25 09:47:20.798#change#{"from":{"line":3,"ch":1,"sticky":null},"to":{"line":3,"ch":1,"sticky":null},"text":["a"],"removed":[""],"origin":"+input"}
2019-6-25 09:47:20.962#change#{"from":{"line":3,"ch":2,"sticky":null},"to":{"line":3,"ch":2,"sticky":null},"text":["t"],"removed":[""],"origin":"+input"}
2019-6-25 09:47:21.124#change#{"from":{"line":3,"ch":3,"sticky":null},"to":{"line":3,"ch":3,"sticky":null},"text":["r"],"removed":[""],"origin":"+input"}
2019-6-25 09:47:21.559#change#{"from":{"line":3,"ch":4,"sticky":null},"to":{"line":3,"ch":4,"sticky":null},"text":["i"],"removed":[""],"origin":"+input"}
2019-6-25 09:47:21.653#change#{"from":{"line":3,"ch":5,"sticky":null},"to":{"line":3,"ch":5,"sticky":null},"text":["z"],"removed":[""],"origin":"+input"}
2019-6-25 09:47:22.183#change#{"from":{"line":3,"ch":6,"sticky":null},"to":{"line":3,"ch":6,"sticky":null},"text":[" "],"removed":[""],"origin":"+input"}
2019-6-25 09:47:25.260#mousedown#{"isTrusted":true}
2019-6-25 09:47:27.792#mousedown#{"isTrusted":true}
2019-6-25 09:47:28.887#mousedown#{"isTrusted":true}
2019-6-25 09:47:30.755#change#{"from":{"line":3,"ch":9,"sticky":"before","xRel":-2.625},"to":{"line":3,"ch":12,"sticky":"before","xRel":-1.390625},"text":["a"],"removed":["int"],"origin":"+input"}
2019-6-25 09:47:31.010#change#{"from":{"line":3,"ch":10,"sticky":null},"to":{"line":3,"ch":10,"sticky":null},"text":["r"],"removed":[""],"origin":"+input"}
2019-6-25 09:47:31.172#change#{"from":{"line":3,"ch":11,"sticky":null},"to":{"line":3,"ch":11,"sticky":null},"text":["r"],"removed":[""],"origin":"+input"}
2019-6-25 09:47:31.387#change#{"from":{"line":3,"ch":12,"sticky":null},"to":{"line":3,"ch":12,"sticky":null},"text":["a"],"removed":[""],"origin":"+input"}
2019-6-25 09:47:31.463#change#{"from":{"line":3,"ch":13,"sticky":null},"to":{"line":3,"ch":13,"sticky":null},"text":["y"],"removed":[""],"origin":"+input"}
2019-6-25 09:47:32.256#change#{"from":{"line":3,"ch":14,"sticky":null},"to":{"line":3,"ch":14,"sticky":null},"text":["("],"removed":[""],"origin":"+input"}
2019-6-25 09:47:32.452#change#{"from":{"line":3,"ch":15,"sticky":null},"to":{"line":3,"ch":15,"sticky":null},"text":["e"],"removed":[""],"origin":"+input"}
2019-6-25 09:47:32.577#change#{"from":{"line":3,"ch":16,"sticky":null},"to":{"line":3,"ch":16,"sticky":null},"text":["v"],"removed":[""],"origin":"+input"}
2019-6-25 09:47:32.893#change#{"from":{"line":3,"ch":17,"sticky":null},"to":{"line":3,"ch":17,"sticky":null},"text":["a"],"removed":[""],"origin":"+input"}
2019-6-25 09:47:33.006#change#{"from":{"line":3,"ch":18,"sticky":null},"to":{"line":3,"ch":18,"sticky":null},"text":["l"],"removed":[""],"origin":"+input"}
2019-6-25 09:47:34.545#keyHandled#"Right"
2019-6-25 09:47:35.111#keyHandled#"Right"
2019-6-25 09:47:35.270#keyHandled#"Right"
2019-6-25 09:47:35.417#keyHandled#"Right"
2019-6-25 09:47:36.392#keyHandled#"Right"
2019-6-25 09:47:36.571#keyHandled#"Right"
2019-6-25 09:47:37.073#keyHandled#"Right"
2019-6-25 09:47:37.099#keyHandled#"Right"
2019-6-25 09:47:37.130#keyHandled#"Right"
2019-6-25 09:47:37.161#keyHandled#"Right"
2019-6-25 09:47:37.191#keyHandled#"Right"
2019-6-25 09:47:37.228#keyHandled#"Right"
2019-6-25 09:47:37.261#keyHandled#"Right"
2019-6-25 09:47:37.295#keyHandled#"Right"
2019-6-25 09:47:37.325#keyHandled#"Right"
2019-6-25 09:47:37.359#keyHandled#"Right"
2019-6-25 09:47:37.386#keyHandled#"Right"
2019-6-25 09:47:37.415#keyHandled#"Right"
2019-6-25 09:47:37.446#keyHandled#"Right"
2019-6-25 09:47:37.494#keyHandled#"Right"
2019-6-25 09:47:37.513#keyHandled#"Right"
2019-6-25 09:47:37.543#keyHandled#"Right"
2019-6-25 09:47:37.574#keyHandled#"Right"
2019-6-25 09:47:39.476#mousedown#{"isTrusted":true}
2019-6-25 09:47:40.588#change#{"from":{"line":3,"ch":38,"sticky":"before","xRel":65.609375},"to":{"line":3,"ch":38,"sticky":"before","xRel":65.609375},"text":[")"],"removed":[""],"origin":"+input"}
2019-6-25 09:47:47.613#mousedown#{"isTrusted":true}
2019-6-25 09:47:49.167#change#{"from":{"line":5,"ch":13,"sticky":"after","xRel":3.59375},"to":{"line":5,"ch":17,"sticky":"before","xRel":-0.390625},"text":["7"],"removed":["N,N)"],"origin":"+input"}
2019-6-25 09:47:54.548#mousedown#{"isTrusted":true}
2019-6-25 09:47:55.074#change#{"from":{"line":5,"ch":11,"sticky":"after"},"to":{"line":5,"ch":12,"sticky":"after","xRel":2.609375},"text":[""],"removed":["("],"origin":"+delete"}
2019-6-25 09:47:55.074#keyHandled#"Backspace"
2019-6-25 09:47:56.343#mousedown#{"isTrusted":true}
2019-6-25 09:47:56.729#change#{"from":{"line":5,"ch":27,"sticky":"before","xRel":22.90625},"to":{"line":5,"ch":27,"sticky":"before","xRel":22.90625},"text":["",""],"removed":[""],"origin":"+input"}
2019-6-25 09:47:56.729#keyHandled#"Enter"
2019-6-25 09:47:56.748#viewportChange#0
2019-6-25 09:47:59.608#change#{"from":{"line":6,"ch":0,"sticky":null},"to":{"line":6,"ch":0,"sticky":null},"text":["",""],"removed":[""],"origin":"+input"}
2019-6-25 09:47:59.608#keyHandled#"Enter"
2019-6-25 09:47:59.627#viewportChange#0
2019-6-25 09:47:59.846#change#{"from":{"line":7,"ch":0,"sticky":null},"to":{"line":7,"ch":0,"sticky":null},"text":["f"],"removed":[""],"origin":"+input"}
2019-6-25 09:48:00.005#change#{"from":{"line":7,"ch":1,"sticky":null},"to":{"line":7,"ch":1,"sticky":null},"text":["o"],"removed":[""],"origin":"+input"}
2019-6-25 09:48:00.128#change#{"from":{"line":7,"ch":2,"sticky":null},"to":{"line":7,"ch":2,"sticky":null},"text":["r"],"removed":[""],"origin":"+input"}
2019-6-25 09:48:00.249#change#{"from":{"line":7,"ch":3,"sticky":null},"to":{"line":7,"ch":3,"sticky":null},"text":[" "],"removed":[""],"origin":"+input"}
2019-6-25 09:48:00.409#change#{"from":{"line":7,"ch":4,"sticky":null},"to":{"line":7,"ch":4,"sticky":null},"text":["i"],"removed":[""],"origin":"+input"}
2019-6-25 09:48:00.567#change#{"from":{"line":7,"ch":5,"sticky":null},"to":{"line":7,"ch":5,"sticky":null},"text":[" "],"removed":[""],"origin":"+input"}
2019-6-25 09:48:00.988#change#{"from":{"line":7,"ch":6,"sticky":null},"to":{"line":7,"ch":6,"sticky":null},"text":["i"],"removed":[""],"origin":"+input"}
2019-6-25 09:48:01.089#change#{"from":{"line":7,"ch":7,"sticky":null},"to":{"line":7,"ch":7,"sticky":null},"text":["n"],"removed":[""],"origin":"+input"}
2019-6-25 09:48:01.246#change#{"from":{"line":7,"ch":8,"sticky":null},"to":{"line":7,"ch":8,"sticky":null},"text":[" "],"removed":[""],"origin":"+input"}
2019-6-25 09:48:01.662#change#{"from":{"line":7,"ch":9,"sticky":null},"to":{"line":7,"ch":9,"sticky":null},"text":["r"],"removed":[""],"origin":"+input"}
2019-6-25 09:48:02.158#change#{"from":{"line":7,"ch":11,"sticky":null},"to":{"line":7,"ch":11,"sticky":null},"text":["n"],"removed":[""],"origin":"+input"}
2019-6-25 09:48:02.507#change#{"from":{"line":7,"ch":12,"sticky":null},"to":{"line":7,"ch":12,"sticky":null},"text":["g"],"removed":[""],"origin":"+input"}
2019-6-25 09:48:02.596#change#{"from":{"line":7,"ch":13,"sticky":null},"to":{"line":7,"ch":13,"sticky":null},"text":["e"],"removed":[""],"origin":"+input"}
2019-6-25 09:48:04.128#change#{"from":{"line":7,"ch":14,"sticky":null},"to":{"line":7,"ch":14,"sticky":null},"text":["()"],"removed":[""],"origin":"+input"}
2019-6-25 09:48:04.128#keyHandled#"'('"
2019-6-25 09:48:05.037#change#{"from":{"line":7,"ch":15,"sticky":"after"},"to":{"line":7,"ch":15,"sticky":"after"},"text":["7"],"removed":[""],"origin":"+input"}
2019-6-25 09:48:05.560#keyHandled#"Right"
2019-6-25 09:48:06.549#change#{"from":{"line":7,"ch":17,"sticky":"before"},"to":{"line":7,"ch":17,"sticky":"before"},"text":[":"],"removed":[""],"origin":"+input"}
2019-6-25 09:48:06.752#change#{"from":{"line":7,"ch":18,"sticky":null},"to":{"line":7,"ch":18,"sticky":null},"text":["",""],"removed":[""],"origin":"+input"}
2019-6-25 09:48:06.752#change#{"from":{"line":8,"ch":0,"sticky":null},"to":{"line":8,"ch":0,"sticky":null},"text":["\t"],"removed":[""],"origin":"+input"}
2019-6-25 09:48:06.752#keyHandled#"Enter"
2019-6-25 09:48:06.763#viewportChange#0
2019-6-25 09:48:08.516#change#{"from":{"line":8,"ch":1,"sticky":null},"to":{"line":8,"ch":1,"sticky":null},"text":["m"],"removed":[""],"origin":"+input"}
2019-6-25 09:48:08.664#change#{"from":{"line":8,"ch":2,"sticky":null},"to":{"line":8,"ch":2,"sticky":null},"text":["a"],"removed":[""],"origin":"+input"}
2019-6-25 09:48:08.802#change#{"from":{"line":8,"ch":3,"sticky":null},"to":{"line":8,"ch":3,"sticky":null},"text":["t"],"removed":[""],"origin":"+input"}
2019-6-25 09:48:09.607#change#{"from":{"line":8,"ch":4,"sticky":null},"to":{"line":8,"ch":4,"sticky":null},"text":["[]"],"removed":[""],"origin":"+input"}
2019-6-25 09:48:09.607#keyHandled#"'['"
2019-6-25 09:48:10.235#change#{"from":{"line":8,"ch":5,"sticky":"after"},"to":{"line":8,"ch":5,"sticky":"after"},"text":["i"],"removed":[""],"origin":"+input"}
2019-6-25 09:48:11.691#keyHandled#"Right"
2019-6-25 09:48:12.501#change#{"from":{"line":8,"ch":7,"sticky":"before"},"to":{"line":8,"ch":7,"sticky":"before"},"text":[" "],"removed":[""],"origin":"+input"}
2019-6-25 09:48:12.639#change#{"from":{"line":8,"ch":8,"sticky":null},"to":{"line":8,"ch":8,"sticky":null},"text":["="],"removed":[""],"origin":"+input"}
2019-6-25 09:48:12.684#change#{"from":{"line":8,"ch":9,"sticky":null},"to":{"line":8,"ch":9,"sticky":null},"text":[" "],"removed":[""],"origin":"+input"}
2019-6-25 09:48:13.524#change#{"from":{"line":8,"ch":10,"sticky":null},"to":{"line":8,"ch":10,"sticky":null},"text":["s"],"removed":[""],"origin":"+input"}
2019-6-25 09:48:13.566#change#{"from":{"line":8,"ch":11,"sticky":null},"to":{"line":8,"ch":11,"sticky":null},"text":["u"],"removed":[""],"origin":"+input"}
2019-6-25 09:48:13.669#change#{"from":{"line":8,"ch":12,"sticky":null},"to":{"line":8,"ch":12,"sticky":null},"text":["m"],"removed":[""],"origin":"+input"}
2019-6-25 09:48:16.738#change#{"from":{"line":8,"ch":13,"sticky":null},"to":{"line":8,"ch":13,"sticky":null},"text":["()"],"removed":[""],"origin":"+input"}
2019-6-25 09:48:16.738#keyHandled#"'('"
2019-6-25 09:48:17.504#change#{"from":{"line":8,"ch":14,"sticky":"after"},"to":{"line":8,"ch":14,"sticky":"after"},"text":["m"],"removed":[""],"origin":"+input"}
2019-6-25 09:48:17.636#change#{"from":{"line":8,"ch":15,"sticky":null},"to":{"line":8,"ch":15,"sticky":null},"text":["a"],"removed":[""],"origin":"+input"}
2019-6-25 09:48:17.852#change#{"from":{"line":8,"ch":16,"sticky":null},"to":{"line":8,"ch":16,"sticky":null},"text":["t"],"removed":[""],"origin":"+input"}
2019-6-25 09:48:18.104#change#{"from":{"line":8,"ch":17,"sticky":null},"to":{"line":8,"ch":17,"sticky":null},"text":["r"],"removed":[""],"origin":"+input"}
2019-6-25 09:48:18.181#change#{"from":{"line":8,"ch":18,"sticky":null},"to":{"line":8,"ch":18,"sticky":null},"text":["i"],"removed":[""],"origin":"+input"}
2019-6-25 09:48:18.687#change#{"from":{"line":8,"ch":19,"sticky":null},"to":{"line":8,"ch":19,"sticky":null},"text":["z"],"removed":[""],"origin":"+input"}
2019-6-25 09:48:21.164#change#{"from":{"line":8,"ch":20,"sticky":null},"to":{"line":8,"ch":20,"sticky":null},"text":["[]"],"removed":[""],"origin":"+input"}
2019-6-25 09:48:21.164#keyHandled#"'['"
2019-6-25 09:48:22.678#change#{"from":{"line":8,"ch":21,"sticky":"after"},"to":{"line":8,"ch":21,"sticky":"after"},"text":[":"],"removed":[""],"origin":"+input"}
2019-6-25 09:48:23.311#change#{"from":{"line":8,"ch":22,"sticky":null},"to":{"line":8,"ch":22,"sticky":null},"text":[","],"removed":[""],"origin":"+input"}
2019-6-25 09:48:23.586#change#{"from":{"line":8,"ch":23,"sticky":null},"to":{"line":8,"ch":23,"sticky":null},"text":[" "],"removed":[""],"origin":"+input"}
2019-6-25 09:48:23.795#change#{"from":{"line":8,"ch":24,"sticky":null},"to":{"line":8,"ch":24,"sticky":null},"text":["i"],"removed":[""],"origin":"+input"}
2019-6-25 09:48:24.259#keyHandled#"Right"
2019-6-25 09:48:24.437#keyHandled#"Right"
2019-6-25 09:48:26.607#change#{"from":{"line":8,"ch":27,"sticky":"before"},"to":{"line":8,"ch":27,"sticky":"before"},"text":["",""],"removed":[""],"origin":"+input"}
2019-6-25 09:48:26.607#change#{"from":{"line":9,"ch":0,"sticky":null},"to":{"line":9,"ch":0,"sticky":null},"text":["\t"],"removed":[""],"origin":"+input"}
2019-6-25 09:48:26.607#keyHandled#"Enter"
2019-6-25 09:48:26.639#viewportChange#0
2019-6-25 09:48:26.948#change#{"from":{"line":9,"ch":0,"sticky":"after"},"to":{"line":9,"ch":1,"sticky":null},"text":[""],"removed":["\t"],"origin":"+delete"}
2019-6-25 09:48:26.948#keyHandled#"Backspace"
2019-6-25 09:48:27.780#change#{"from":{"line":9,"ch":0,"sticky":null},"to":{"line":9,"ch":0,"sticky":null},"text":["f"],"removed":[""],"origin":"+input"}
2019-6-25 09:48:27.898#change#{"from":{"line":9,"ch":1,"sticky":null},"to":{"line":9,"ch":1,"sticky":null},"text":["o"],"removed":[""],"origin":"+input"}
2019-6-25 09:48:28.012#change#{"from":{"line":9,"ch":2,"sticky":null},"to":{"line":9,"ch":2,"sticky":null},"text":["r"],"removed":[""],"origin":"+input"}
2019-6-25 09:48:28.437#change#{"from":{"line":9,"ch":3,"sticky":null},"to":{"line":9,"ch":3,"sticky":null},"text":[" "],"removed":[""],"origin":"+input"}
2019-6-25 09:48:28.910#change#{"from":{"line":9,"ch":4,"sticky":null},"to":{"line":9,"ch":4,"sticky":null},"text":["i"],"removed":[""],"origin":"+input"}
2019-6-25 09:48:29.091#change#{"from":{"line":9,"ch":5,"sticky":null},"to":{"line":9,"ch":5,"sticky":null},"text":[" "],"removed":[""],"origin":"+input"}
2019-6-25 09:48:29.176#change#{"from":{"line":9,"ch":6,"sticky":null},"to":{"line":9,"ch":6,"sticky":null},"text":["i"],"removed":[""],"origin":"+input"}
2019-6-25 09:48:29.299#change#{"from":{"line":9,"ch":7,"sticky":null},"to":{"line":9,"ch":7,"sticky":null},"text":["n"],"removed":[""],"origin":"+input"}
2019-6-25 09:48:29.478#change#{"from":{"line":9,"ch":8,"sticky":null},"to":{"line":9,"ch":8,"sticky":null},"text":[" "],"removed":[""],"origin":"+input"}
2019-6-25 09:48:29.628#change#{"from":{"line":9,"ch":9,"sticky":null},"to":{"line":9,"ch":9,"sticky":null},"text":["r"],"removed":[""],"origin":"+input"}
2019-6-25 09:48:29.845#change#{"from":{"line":9,"ch":10,"sticky":null},"to":{"line":9,"ch":10,"sticky":null},"text":["a"],"removed":[""],"origin":"+input"}
2019-6-25 09:48:29.956#change#{"from":{"line":9,"ch":11,"sticky":null},"to":{"line":9,"ch":11,"sticky":null},"text":["n"],"removed":[""],"origin":"+input"}
2019-6-25 09:48:30.155#change#{"from":{"line":9,"ch":12,"sticky":null},"to":{"line":9,"ch":12,"sticky":null},"text":["g"],"removed":[""],"origin":"+input"}
2019-6-25 09:48:30.224#change#{"from":{"line":9,"ch":13,"sticky":null},"to":{"line":9,"ch":13,"sticky":null},"text":["e"],"removed":[""],"origin":"+input"}
2019-6-25 09:48:33.726#change#{"from":{"line":9,"ch":14,"sticky":null},"to":{"line":9,"ch":14,"sticky":null},"text":["()"],"removed":[""],"origin":"+input"}
2019-6-25 09:48:33.727#keyHandled#"'('"
2019-6-25 09:48:34.916#change#{"from":{"line":9,"ch":15,"sticky":"after"},"to":{"line":9,"ch":15,"sticky":"after"},"text":["7"],"removed":[""],"origin":"+input"}
2019-6-25 09:48:35.225#keyHandled#"Right"
2019-6-25 09:48:36.244#change#{"from":{"line":9,"ch":17,"sticky":"before"},"to":{"line":9,"ch":17,"sticky":"before"},"text":[":"],"removed":[""],"origin":"+input"}
2019-6-25 09:48:36.544#change#{"from":{"line":9,"ch":18,"sticky":null},"to":{"line":9,"ch":18,"sticky":null},"text":["",""],"removed":[""],"origin":"+input"}
2019-6-25 09:48:36.544#change#{"from":{"line":10,"ch":0,"sticky":null},"to":{"line":10,"ch":0,"sticky":null},"text":["\t"],"removed":[""],"origin":"+input"}
2019-6-25 09:48:36.544#keyHandled#"Enter"
2019-6-25 09:48:36.555#viewportChange#0
2019-6-25 09:48:39.387#change#{"from":{"line":10,"ch":1,"sticky":null},"to":{"line":10,"ch":1,"sticky":null},"text":["i"],"removed":[""],"origin":"+input"}
2019-6-25 09:48:39.482#change#{"from":{"line":10,"ch":2,"sticky":null},"to":{"line":10,"ch":2,"sticky":null},"text":["f"],"removed":[""],"origin":"+input"}
2019-6-25 09:48:41.496#change#{"from":{"line":10,"ch":3,"sticky":null},"to":{"line":10,"ch":3,"sticky":null},"text":["()"],"removed":[""],"origin":"+input"}
2019-6-25 09:48:41.496#keyHandled#"'('"
2019-6-25 09:48:41.682#change#{"from":{"line":10,"ch":4,"sticky":"after"},"to":{"line":10,"ch":4,"sticky":"after"},"text":["m"],"removed":[""],"origin":"+input"}
2019-6-25 09:48:42.153#change#{"from":{"line":10,"ch":5,"sticky":null},"to":{"line":10,"ch":5,"sticky":null},"text":["a"],"removed":[""],"origin":"+input"}
2019-6-25 09:48:42.213#change#{"from":{"line":10,"ch":6,"sticky":null},"to":{"line":10,"ch":6,"sticky":null},"text":["t"],"removed":[""],"origin":"+input"}
2019-6-25 09:48:43.323#change#{"from":{"line":10,"ch":7,"sticky":null},"to":{"line":10,"ch":7,"sticky":null},"text":["[]"],"removed":[""],"origin":"+input"}
2019-6-25 09:48:43.323#keyHandled#"'['"
2019-6-25 09:48:43.653#change#{"from":{"line":10,"ch":8,"sticky":"after"},"to":{"line":10,"ch":8,"sticky":"after"},"text":["i"],"removed":[""],"origin":"+input"}
2019-6-25 09:48:44.039#keyHandled#"Right"
2019-6-25 09:48:46.076#change#{"from":{"line":10,"ch":10,"sticky":"before"},"to":{"line":10,"ch":10,"sticky":"before"},"text":[" "],"removed":[""],"origin":"+input"}
2019-6-25 09:48:46.406#change#{"from":{"line":10,"ch":11,"sticky":null},"to":{"line":10,"ch":11,"sticky":null},"text":["="],"removed":[""],"origin":"+input"}
2019-6-25 09:48:46.533#change#{"from":{"line":10,"ch":12,"sticky":null},"to":{"line":10,"ch":12,"sticky":null},"text":["="],"removed":[""],"origin":"+input"}
2019-6-25 09:48:46.641#change#{"from":{"line":10,"ch":13,"sticky":null},"to":{"line":10,"ch":13,"sticky":null},"text":[" "],"removed":[""],"origin":"+input"}
2019-6-25 09:48:48.455#change#{"from":{"line":10,"ch":14,"sticky":null},"to":{"line":10,"ch":14,"sticky":null},"text":["m"],"removed":[""],"origin":"+input"}
2019-6-25 09:48:48.541#change#{"from":{"line":10,"ch":15,"sticky":null},"to":{"line":10,"ch":15,"sticky":null},"text":["a"],"removed":[""],"origin":"+input"}
2019-6-25 09:48:48.797#change#{"from":{"line":10,"ch":16,"sticky":null},"to":{"line":10,"ch":16,"sticky":null},"text":["x"],"removed":[""],"origin":"+input"}
2019-6-25 09:48:49.387#change#{"from":{"line":10,"ch":17,"sticky":null},"to":{"line":10,"ch":17,"sticky":null},"text":["()"],"removed":[""],"origin":"+input"}
2019-6-25 09:48:49.387#keyHandled#"'('"
2019-6-25 09:48:49.604#change#{"from":{"line":10,"ch":18,"sticky":"after"},"to":{"line":10,"ch":18,"sticky":"after"},"text":["m"],"removed":[""],"origin":"+input"}
2019-6-25 09:48:49.711#change#{"from":{"line":10,"ch":19,"sticky":null},"to":{"line":10,"ch":19,"sticky":null},"text":["a"],"removed":[""],"origin":"+input"}
2019-6-25 09:48:49.899#change#{"from":{"line":10,"ch":20,"sticky":null},"to":{"line":10,"ch":20,"sticky":null},"text":["t"],"removed":[""],"origin":"+input"}
2019-6-25 09:48:50.931#keyHandled#"Right"
2019-6-25 09:48:51.160#keyHandled#"Right"
2019-6-25 09:48:52.259#change#{"from":{"line":10,"ch":23,"sticky":"before"},"to":{"line":10,"ch":23,"sticky":"before"},"text":[":"],"removed":[""],"origin":"+input"}
2019-6-25 09:48:53.337#change#{"from":{"line":10,"ch":24,"sticky":null},"to":{"line":10,"ch":24,"sticky":null},"text":["",""],"removed":[""],"origin":"+input"}
2019-6-25 09:48:53.337#change#{"from":{"line":11,"ch":0,"sticky":null},"to":{"line":11,"ch":0,"sticky":null},"text":["\t\t"],"removed":[""],"origin":"+input"}
2019-6-25 09:48:53.337#keyHandled#"Enter"
2019-6-25 09:48:53.352#viewportChange#0
2019-6-25 09:48:54.496#change#{"from":{"line":11,"ch":2,"sticky":null},"to":{"line":11,"ch":2,"sticky":null},"text":["p"],"removed":[""],"origin":"+input"}
2019-6-25 09:48:54.663#change#{"from":{"line":11,"ch":3,"sticky":null},"to":{"line":11,"ch":3,"sticky":null},"text":["r"],"removed":[""],"origin":"+input"}
2019-6-25 09:48:54.782#change#{"from":{"line":11,"ch":4,"sticky":null},"to":{"line":11,"ch":4,"sticky":null},"text":["i"],"removed":[""],"origin":"+input"}
2019-6-25 09:48:54.887#change#{"from":{"line":11,"ch":5,"sticky":null},"to":{"line":11,"ch":5,"sticky":null},"text":["n"],"removed":[""],"origin":"+input"}
2019-6-25 09:48:54.948#change#{"from":{"line":11,"ch":6,"sticky":null},"to":{"line":11,"ch":6,"sticky":null},"text":["t"],"removed":[""],"origin":"+input"}
2019-6-25 09:48:56.932#change#{"from":{"line":11,"ch":7,"sticky":null},"to":{"line":11,"ch":7,"sticky":null},"text":["()"],"removed":[""],"origin":"+input"}
2019-6-25 09:48:56.932#keyHandled#"'('"
2019-6-25 09:48:57.779#change#{"from":{"line":11,"ch":8,"sticky":"after"},"to":{"line":11,"ch":8,"sticky":"after"},"text":["i"],"removed":[""],"origin":"+input"}
2019-6-25 09:48:57.959#change#{"from":{"line":11,"ch":9,"sticky":null},"to":{"line":11,"ch":9,"sticky":null},"text":[" "],"removed":[""],"origin":"+input"}
2019-6-25 09:48:58.459#change#{"from":{"line":11,"ch":10,"sticky":null},"to":{"line":11,"ch":10,"sticky":null},"text":["_"],"removed":[""],"origin":"+input"}
2019-6-25 09:48:58.896#keyHandled#"Insert"
2019-6-25 09:48:59.730#change#{"from":{"line":11,"ch":10,"sticky":"after"},"to":{"line":11,"ch":11,"sticky":null},"text":[""],"removed":["_"],"origin":"+delete"}
2019-6-25 09:48:59.730#keyHandled#"Backspace"
2019-6-25 09:49:00.744#change#{"from":{"line":11,"ch":10,"sticky":null},"to":{"line":11,"ch":11,"sticky":null},"text":["+"],"removed":[")"],"origin":"+input"}
2019-6-25 09:49:01.047#change#{"from":{"line":11,"ch":11,"sticky":null},"to":{"line":11,"ch":11,"sticky":null},"text":[" "],"removed":[""],"origin":"+input"}
2019-6-25 09:49:03.494#change#{"from":{"line":11,"ch":13,"sticky":null},"to":{"line":11,"ch":13,"sticky":null},"text":[")"],"removed":[""],"origin":"+input"}
2019-6-25 09:49:03.494#change#{"from":{"line":11,"ch":13,"sticky":null},"to":{"line":11,"ch":13,"sticky":null},"text":[")"],"removed":[""],"origin":"+input"}
2019-6-25 09:49:06.999#blur#
2019-6-25 09:49:23.252#mousedown#{"isTrusted":true}
2019-6-25 09:49:23.461#focus#
2019-6-25 09:49:23.252#mousedown#{"isTrusted":true}
2019-6-25 09:49:23.461#focus#
2019-6-25 09:49:28.614#submit#Congratulations, your code is correct!
2019-6-25 09:49:30.446#blur#
