== TEST (2019-03-19 20:40:31) 
-- CODE:
string = "Augusta Ada Byron, a Condessa de Lovelace, nasceu em 1815, na Inglaterra."
print("Augusta Ada Byron, a Condessa de Lovelace, nasceu em 1815, na Inglaterra.".lower())
-- OUTPUT:
augusta ada byron, a condessa de lovelace, nasceu em 1815, na inglaterra.
*-*-*-*-*-*-*-*-*-*-*-*-*-*-*-*-*-*-*-*-*-*-*-*
== SUBMITION (2019-03-19 20:40:34) 
-- CODE:
string = "Augusta Ada Byron, a Condessa de Lovelace, nasceu em 1815, na Inglaterra."
print("Augusta Ada Byron, a Condessa de Lovelace, nasceu em 1815, na Inglaterra.".lower())
-- EXECUTION TIME:
0.154097
-- TEST CASE 1:
---- input:
nonono
---- correct output:
augusta ada byron, a condessa de lovelace, nasceu em 1815, na inglaterra.
---- user output:
augusta ada byron, a condessa de lovelace, nasceu em 1815, na inglaterra.
-- GRADE:
100%
*-*-*-*-*-*-*-*-*-*-*-*-*-*-*-*-*-*-*-*-*-*-*-*
