2019-5-12 23:39:02.702#viewportChange#0
2019-5-12 23:39:11.478#mousedown#{"isTrusted":true}
2019-5-12 23:39:11.491#focus#
2019-5-12 23:39:12.966#change#{"from":{"line":0,"ch":0,"sticky":"after","xRel":94.5242919921875},"to":{"line":0,"ch":0,"sticky":"after","xRel":94.5242919921875},"text":["k"],"removed":[""],"origin":"+input"}
2019-5-12 23:39:13.238#change#{"from":{"line":0,"ch":1,"sticky":null},"to":{"line":0,"ch":1,"sticky":null},"text":[" "],"removed":[""],"origin":"+input"}
2019-5-12 23:39:13.391#change#{"from":{"line":0,"ch":2,"sticky":null},"to":{"line":0,"ch":2,"sticky":null},"text":["="],"removed":[""],"origin":"+input"}
2019-5-12 23:39:13.515#change#{"from":{"line":0,"ch":3,"sticky":null},"to":{"line":0,"ch":3,"sticky":null},"text":[" "],"removed":[""],"origin":"+input"}
2019-5-12 23:39:13.927#change#{"from":{"line":0,"ch":4,"sticky":null},"to":{"line":0,"ch":4,"sticky":null},"text":["i"],"removed":[""],"origin":"+input"}
2019-5-12 23:39:14.104#change#{"from":{"line":0,"ch":5,"sticky":null},"to":{"line":0,"ch":5,"sticky":null},"text":["n"],"removed":[""],"origin":"+input"}
2019-5-12 23:39:14.311#change#{"from":{"line":0,"ch":6,"sticky":null},"to":{"line":0,"ch":6,"sticky":null},"text":["t"],"removed":[""],"origin":"+input"}
2019-5-12 23:39:15.111#change#{"from":{"line":0,"ch":7,"sticky":null},"to":{"line":0,"ch":7,"sticky":null},"text":["()"],"removed":[""],"origin":"+input"}
2019-5-12 23:39:15.111#keyHandled#"'('"
2019-5-12 23:39:20.082#change#{"from":{"line":0,"ch":8,"sticky":"after"},"to":{"line":0,"ch":8,"sticky":"after"},"text":["i"],"removed":[""],"origin":"+input"}
2019-5-12 23:39:20.097#change#{"from":{"line":0,"ch":9,"sticky":null},"to":{"line":0,"ch":9,"sticky":null},"text":["n"],"removed":[""],"origin":"+input"}
2019-5-12 23:39:29.435#mousedown#{"isTrusted":true}
2019-5-12 23:39:29.892#keyHandled#"Left"
2019-5-12 23:39:30.596#change#{"from":{"line":0,"ch":10,"sticky":"after"},"to":{"line":0,"ch":10,"sticky":"after"},"text":["p"],"removed":[""],"origin":"+input"}
2019-5-12 23:39:30.843#change#{"from":{"line":0,"ch":11,"sticky":null},"to":{"line":0,"ch":11,"sticky":null},"text":["u"],"removed":[""],"origin":"+input"}
2019-5-12 23:39:30.986#change#{"from":{"line":0,"ch":12,"sticky":null},"to":{"line":0,"ch":12,"sticky":null},"text":["t"],"removed":[""],"origin":"+input"}
2019-5-12 23:39:31.993#change#{"from":{"line":0,"ch":13,"sticky":null},"to":{"line":0,"ch":13,"sticky":null},"text":["()"],"removed":[""],"origin":"+input"}
2019-5-12 23:39:31.993#keyHandled#"'('"
2019-5-12 23:39:33.856#keyHandled#"Right"
2019-5-12 23:39:34.073#keyHandled#"Right"
2019-5-12 23:39:34.460#change#{"from":{"line":0,"ch":16,"sticky":"before"},"to":{"line":0,"ch":16,"sticky":"before"},"text":["",""],"removed":[""],"origin":"+input"}
2019-5-12 23:39:34.461#keyHandled#"Enter"
2019-5-12 23:39:34.470#viewportChange#0
2019-5-12 23:39:51.386#change#{"from":{"line":1,"ch":0,"sticky":null},"to":{"line":1,"ch":0,"sticky":null},"text":["",""],"removed":[""],"origin":"+input"}
2019-5-12 23:39:51.386#keyHandled#"Enter"
2019-5-12 23:39:51.396#viewportChange#0
2019-5-12 23:39:53.666#change#{"from":{"line":2,"ch":0,"sticky":null},"to":{"line":2,"ch":0,"sticky":null},"text":["i"],"removed":[""],"origin":"+input"}
2019-5-12 23:39:53.961#change#{"from":{"line":2,"ch":1,"sticky":null},"to":{"line":2,"ch":1,"sticky":null},"text":[" "],"removed":[""],"origin":"+input"}
2019-5-12 23:39:54.317#change#{"from":{"line":2,"ch":2,"sticky":null},"to":{"line":2,"ch":2,"sticky":null},"text":["="],"removed":[""],"origin":"+input"}
2019-5-12 23:39:54.466#change#{"from":{"line":2,"ch":3,"sticky":null},"to":{"line":2,"ch":3,"sticky":null},"text":[" "],"removed":[""],"origin":"+input"}
2019-5-12 23:39:55.168#change#{"from":{"line":2,"ch":4,"sticky":null},"to":{"line":2,"ch":4,"sticky":null},"text":["i"],"removed":[""],"origin":"+input"}
2019-5-12 23:39:56.069#change#{"from":{"line":2,"ch":4,"sticky":"after"},"to":{"line":2,"ch":5,"sticky":null},"text":[""],"removed":["i"],"origin":"+delete"}
2019-5-12 23:39:56.069#keyHandled#"Backspace"
2019-5-12 23:39:56.432#change#{"from":{"line":2,"ch":4,"sticky":null},"to":{"line":2,"ch":4,"sticky":null},"text":["1"],"removed":[""],"origin":"+input"}
2019-5-12 23:39:56.861#change#{"from":{"line":2,"ch":5,"sticky":null},"to":{"line":2,"ch":5,"sticky":null},"text":["",""],"removed":[""],"origin":"+input"}
2019-5-12 23:39:56.861#keyHandled#"Enter"
2019-5-12 23:39:56.872#viewportChange#0
2019-5-12 23:39:57.142#change#{"from":{"line":3,"ch":0,"sticky":null},"to":{"line":3,"ch":0,"sticky":null},"text":["",""],"removed":[""],"origin":"+input"}
2019-5-12 23:39:57.142#keyHandled#"Enter"
2019-5-12 23:39:57.155#viewportChange#0
2019-5-12 23:39:57.468#change#{"from":{"line":4,"ch":0,"sticky":null},"to":{"line":4,"ch":0,"sticky":null},"text":["w"],"removed":[""],"origin":"+input"}
2019-5-12 23:39:57.621#change#{"from":{"line":4,"ch":1,"sticky":null},"to":{"line":4,"ch":1,"sticky":null},"text":["h"],"removed":[""],"origin":"+input"}
2019-5-12 23:39:58.180#change#{"from":{"line":4,"ch":2,"sticky":null},"to":{"line":4,"ch":2,"sticky":null},"text":["i"],"removed":[""],"origin":"+input"}
2019-5-12 23:39:58.513#change#{"from":{"line":4,"ch":3,"sticky":null},"to":{"line":4,"ch":3,"sticky":null},"text":["l"],"removed":[""],"origin":"+input"}
2019-5-12 23:39:58.666#change#{"from":{"line":4,"ch":4,"sticky":null},"to":{"line":4,"ch":4,"sticky":null},"text":["e"],"removed":[""],"origin":"+input"}
2019-5-12 23:39:59.347#change#{"from":{"line":4,"ch":5,"sticky":null},"to":{"line":4,"ch":5,"sticky":null},"text":["()"],"removed":[""],"origin":"+input"}
2019-5-12 23:39:59.347#keyHandled#"'('"
2019-5-12 23:40:00.282#change#{"from":{"line":4,"ch":6,"sticky":"after"},"to":{"line":4,"ch":6,"sticky":"after"},"text":["i"],"removed":[""],"origin":"+input"}
2019-5-12 23:40:00.588#change#{"from":{"line":4,"ch":7,"sticky":null},"to":{"line":4,"ch":7,"sticky":null},"text":[" "],"removed":[""],"origin":"+input"}
2019-5-12 23:40:00.933#change#{"from":{"line":4,"ch":8,"sticky":null},"to":{"line":4,"ch":8,"sticky":null},"text":["<"],"removed":[""],"origin":"+input"}
2019-5-12 23:40:01.425#change#{"from":{"line":4,"ch":9,"sticky":null},"to":{"line":4,"ch":9,"sticky":null},"text":["="],"removed":[""],"origin":"+input"}
2019-5-12 23:40:01.642#change#{"from":{"line":4,"ch":10,"sticky":null},"to":{"line":4,"ch":10,"sticky":null},"text":[" "],"removed":[""],"origin":"+input"}
2019-5-12 23:40:22.407#change#{"from":{"line":4,"ch":11,"sticky":null},"to":{"line":4,"ch":11,"sticky":null},"text":["k"],"removed":[""],"origin":"+input"}
2019-5-12 23:40:22.903#keyHandled#"Right"
2019-5-12 23:40:23.447#change#{"from":{"line":4,"ch":13,"sticky":"before"},"to":{"line":4,"ch":13,"sticky":"before"},"text":[":"],"removed":[""],"origin":"+input"}
2019-5-12 23:40:23.732#change#{"from":{"line":4,"ch":14,"sticky":null},"to":{"line":4,"ch":14,"sticky":null},"text":["",""],"removed":[""],"origin":"+input"}
2019-5-12 23:40:23.732#change#{"from":{"line":5,"ch":0,"sticky":null},"to":{"line":5,"ch":0,"sticky":null},"text":["\t"],"removed":[""],"origin":"+input"}
2019-5-12 23:40:23.732#keyHandled#"Enter"
2019-5-12 23:40:23.744#viewportChange#0
2019-5-12 23:40:26.495#change#{"from":{"line":5,"ch":1,"sticky":null},"to":{"line":5,"ch":1,"sticky":null},"text":["i"],"removed":[""],"origin":"+input"}
2019-5-12 23:40:26.678#change#{"from":{"line":5,"ch":2,"sticky":null},"to":{"line":5,"ch":2,"sticky":null},"text":["f"],"removed":[""],"origin":"+input"}
2019-5-12 23:40:27.339#change#{"from":{"line":5,"ch":3,"sticky":null},"to":{"line":5,"ch":3,"sticky":null},"text":["()"],"removed":[""],"origin":"+input"}
2019-5-12 23:40:27.339#keyHandled#"'('"
2019-5-12 23:40:28.349#change#{"from":{"line":5,"ch":4,"sticky":"after"},"to":{"line":5,"ch":4,"sticky":"after"},"text":["k"],"removed":[""],"origin":"+input"}
2019-5-12 23:40:30.422#change#{"from":{"line":5,"ch":5,"sticky":null},"to":{"line":5,"ch":5,"sticky":null},"text":[" "],"removed":[""],"origin":"+input"}
2019-5-12 23:40:31.647#change#{"from":{"line":5,"ch":6,"sticky":null},"to":{"line":5,"ch":6,"sticky":null},"text":["%"],"removed":[""],"origin":"+input"}
2019-5-12 23:40:32.004#change#{"from":{"line":5,"ch":7,"sticky":null},"to":{"line":5,"ch":7,"sticky":null},"text":[" "],"removed":[""],"origin":"+input"}
2019-5-12 23:40:32.419#change#{"from":{"line":5,"ch":8,"sticky":null},"to":{"line":5,"ch":8,"sticky":null},"text":["i"],"removed":[""],"origin":"+input"}
2019-5-12 23:40:33.005#change#{"from":{"line":5,"ch":9,"sticky":null},"to":{"line":5,"ch":9,"sticky":null},"text":[" "],"removed":[""],"origin":"+input"}
2019-5-12 23:40:33.321#change#{"from":{"line":5,"ch":10,"sticky":null},"to":{"line":5,"ch":10,"sticky":null},"text":["="],"removed":[""],"origin":"+input"}
2019-5-12 23:40:33.499#change#{"from":{"line":5,"ch":11,"sticky":null},"to":{"line":5,"ch":11,"sticky":null},"text":["="],"removed":[""],"origin":"+input"}
2019-5-12 23:40:33.663#change#{"from":{"line":5,"ch":12,"sticky":null},"to":{"line":5,"ch":12,"sticky":null},"text":[" "],"removed":[""],"origin":"+input"}
2019-5-12 23:40:34.023#change#{"from":{"line":5,"ch":13,"sticky":null},"to":{"line":5,"ch":13,"sticky":null},"text":["0"],"removed":[""],"origin":"+input"}
2019-5-12 23:40:34.765#keyHandled#"Right"
2019-5-12 23:40:36.134#change#{"from":{"line":5,"ch":15,"sticky":"before"},"to":{"line":5,"ch":15,"sticky":"before"},"text":[":"],"removed":[""],"origin":"+input"}
2019-5-12 23:40:36.469#change#{"from":{"line":5,"ch":16,"sticky":null},"to":{"line":5,"ch":16,"sticky":null},"text":["",""],"removed":[""],"origin":"+input"}
2019-5-12 23:40:36.469#change#{"from":{"line":6,"ch":0,"sticky":null},"to":{"line":6,"ch":0,"sticky":null},"text":["\t\t"],"removed":[""],"origin":"+input"}
2019-5-12 23:40:36.469#keyHandled#"Enter"
2019-5-12 23:40:36.479#viewportChange#0
2019-5-12 23:40:37.123#change#{"from":{"line":6,"ch":2,"sticky":null},"to":{"line":6,"ch":2,"sticky":null},"text":["p"],"removed":[""],"origin":"+input"}
2019-5-12 23:40:37.256#change#{"from":{"line":6,"ch":3,"sticky":null},"to":{"line":6,"ch":3,"sticky":null},"text":["r"],"removed":[""],"origin":"+input"}
2019-5-12 23:40:37.404#change#{"from":{"line":6,"ch":4,"sticky":null},"to":{"line":6,"ch":4,"sticky":null},"text":["i"],"removed":[""],"origin":"+input"}
2019-5-12 23:40:37.598#change#{"from":{"line":6,"ch":5,"sticky":null},"to":{"line":6,"ch":5,"sticky":null},"text":["n"],"removed":[""],"origin":"+input"}
2019-5-12 23:40:37.733#change#{"from":{"line":6,"ch":6,"sticky":null},"to":{"line":6,"ch":6,"sticky":null},"text":["t"],"removed":[""],"origin":"+input"}
2019-5-12 23:40:38.912#change#{"from":{"line":6,"ch":7,"sticky":null},"to":{"line":6,"ch":7,"sticky":null},"text":["()"],"removed":[""],"origin":"+input"}
2019-5-12 23:40:38.912#keyHandled#"'('"
2019-5-12 23:41:03.721#change#{"from":{"line":6,"ch":8,"sticky":"after"},"to":{"line":6,"ch":8,"sticky":"after"},"text":["i"],"removed":[""],"origin":"+input"}
2019-5-12 23:41:04.636#keyHandled#"Right"
2019-5-12 23:41:07.057#change#{"from":{"line":6,"ch":10,"sticky":"before"},"to":{"line":6,"ch":10,"sticky":"before"},"text":["",""],"removed":[""],"origin":"+input"}
2019-5-12 23:41:07.057#change#{"from":{"line":7,"ch":0,"sticky":null},"to":{"line":7,"ch":0,"sticky":null},"text":["\t\t"],"removed":[""],"origin":"+input"}
2019-5-12 23:41:07.057#keyHandled#"Enter"
2019-5-12 23:41:07.069#viewportChange#0
2019-5-12 23:41:07.553#change#{"from":{"line":7,"ch":1,"sticky":"after"},"to":{"line":7,"ch":2,"sticky":null},"text":[""],"removed":["\t"],"origin":"+delete"}
2019-5-12 23:41:07.553#keyHandled#"Backspace"
2019-5-12 23:41:08.540#change#{"from":{"line":7,"ch":1,"sticky":null},"to":{"line":7,"ch":1,"sticky":null},"text":["i"],"removed":[""],"origin":"+input"}
2019-5-12 23:41:08.914#change#{"from":{"line":7,"ch":2,"sticky":null},"to":{"line":7,"ch":2,"sticky":null},"text":[" "],"removed":[""],"origin":"+input"}
2019-5-12 23:41:09.151#change#{"from":{"line":7,"ch":3,"sticky":null},"to":{"line":7,"ch":3,"sticky":null},"text":["+"],"removed":[""],"origin":"+input"}
2019-5-12 23:41:09.363#change#{"from":{"line":7,"ch":4,"sticky":null},"to":{"line":7,"ch":4,"sticky":null},"text":["="],"removed":[""],"origin":"+input"}
2019-5-12 23:41:09.471#change#{"from":{"line":7,"ch":5,"sticky":null},"to":{"line":7,"ch":5,"sticky":null},"text":[" "],"removed":[""],"origin":"+input"}
2019-5-12 23:41:09.814#change#{"from":{"line":7,"ch":6,"sticky":null},"to":{"line":7,"ch":6,"sticky":null},"text":["1"],"removed":[""],"origin":"+input"}
2019-5-12 23:41:12.633#keyHandled#"Up"
2019-5-12 23:41:13.065#keyHandled#"Up"
2019-5-12 23:41:13.413#keyHandled#"Up"
2019-5-12 23:41:13.670#keyHandled#"Up"
2019-5-12 23:41:16.703#keyHandled#"Up"
2019-5-12 23:41:17.138#keyHandled#"Down"
2019-5-12 23:41:18.333#change#{"from":{"line":3,"ch":0,"sticky":"after","xRel":69.25347900390625},"to":{"line":3,"ch":0,"sticky":"after","xRel":69.25347900390625},"text":["d"],"removed":[""],"origin":"+input"}
2019-5-12 23:41:18.507#change#{"from":{"line":3,"ch":1,"sticky":null},"to":{"line":3,"ch":1,"sticky":null},"text":["i"],"removed":[""],"origin":"+input"}
2019-5-12 23:41:18.775#change#{"from":{"line":3,"ch":2,"sticky":null},"to":{"line":3,"ch":2,"sticky":null},"text":["v"],"removed":[""],"origin":"+input"}
2019-5-12 23:41:19.289#change#{"from":{"line":3,"ch":3,"sticky":null},"to":{"line":3,"ch":3,"sticky":null},"text":["s"],"removed":[""],"origin":"+input"}
2019-5-12 23:41:19.432#change#{"from":{"line":3,"ch":4,"sticky":null},"to":{"line":3,"ch":4,"sticky":null},"text":["o"],"removed":[""],"origin":"+input"}
2019-5-12 23:41:20.919#change#{"from":{"line":3,"ch":4,"sticky":"after"},"to":{"line":3,"ch":5,"sticky":null},"text":[""],"removed":["o"],"origin":"+delete"}
2019-5-12 23:41:20.919#keyHandled#"Backspace"
2019-5-12 23:41:21.083#change#{"from":{"line":3,"ch":3,"sticky":"after"},"to":{"line":3,"ch":4,"sticky":null},"text":[""],"removed":["s"],"origin":"+delete"}
2019-5-12 23:41:21.083#keyHandled#"Backspace"
2019-5-12 23:41:21.687#change#{"from":{"line":3,"ch":2,"sticky":"after"},"to":{"line":3,"ch":3,"sticky":null},"text":[""],"removed":["v"],"origin":"+delete"}
2019-5-12 23:41:21.687#keyHandled#"Backspace"
2019-5-12 23:41:21.873#change#{"from":{"line":3,"ch":1,"sticky":"after"},"to":{"line":3,"ch":2,"sticky":null},"text":[""],"removed":["i"],"origin":"+delete"}
2019-5-12 23:41:21.873#keyHandled#"Backspace"
2019-5-12 23:41:22.054#change#{"from":{"line":3,"ch":0,"sticky":"after"},"to":{"line":3,"ch":1,"sticky":null},"text":[""],"removed":["d"],"origin":"+delete"}
2019-5-12 23:41:22.054#keyHandled#"Backspace"
2019-5-12 23:41:22.544#change#{"from":{"line":3,"ch":0,"sticky":null},"to":{"line":3,"ch":0,"sticky":null},"text":["n"],"removed":[""],"origin":"+input"}
2019-5-12 23:41:22.609#change#{"from":{"line":3,"ch":1,"sticky":null},"to":{"line":3,"ch":1,"sticky":null},"text":["u"],"removed":[""],"origin":"+input"}
2019-5-12 23:41:23.271#change#{"from":{"line":3,"ch":2,"sticky":null},"to":{"line":3,"ch":2,"sticky":null},"text":["m"],"removed":[""],"origin":"+input"}
2019-5-12 23:41:23.821#change#{"from":{"line":3,"ch":3,"sticky":null},"to":{"line":3,"ch":3,"sticky":null},"text":["_"],"removed":[""],"origin":"+input"}
2019-5-12 23:41:24.255#change#{"from":{"line":3,"ch":4,"sticky":null},"to":{"line":3,"ch":4,"sticky":null},"text":["d"],"removed":[""],"origin":"+input"}
2019-5-12 23:41:24.456#change#{"from":{"line":3,"ch":5,"sticky":null},"to":{"line":3,"ch":5,"sticky":null},"text":["i"],"removed":[""],"origin":"+input"}
2019-5-12 23:41:24.730#change#{"from":{"line":3,"ch":6,"sticky":null},"to":{"line":3,"ch":6,"sticky":null},"text":["v"],"removed":[""],"origin":"+input"}
2019-5-12 23:41:24.850#change#{"from":{"line":3,"ch":7,"sticky":null},"to":{"line":3,"ch":7,"sticky":null},"text":["i"],"removed":[""],"origin":"+input"}
2019-5-12 23:41:25.149#change#{"from":{"line":3,"ch":8,"sticky":null},"to":{"line":3,"ch":8,"sticky":null},"text":["s"],"removed":[""],"origin":"+input"}
2019-5-12 23:41:25.263#change#{"from":{"line":3,"ch":9,"sticky":null},"to":{"line":3,"ch":9,"sticky":null},"text":["o"],"removed":[""],"origin":"+input"}
2019-5-12 23:41:25.435#change#{"from":{"line":3,"ch":10,"sticky":null},"to":{"line":3,"ch":10,"sticky":null},"text":["r"],"removed":[""],"origin":"+input"}
2019-5-12 23:41:25.584#change#{"from":{"line":3,"ch":11,"sticky":null},"to":{"line":3,"ch":11,"sticky":null},"text":["e"],"removed":[""],"origin":"+input"}
2019-5-12 23:41:25.765#change#{"from":{"line":3,"ch":12,"sticky":null},"to":{"line":3,"ch":12,"sticky":null},"text":["s"],"removed":[""],"origin":"+input"}
2019-5-12 23:41:27.101#change#{"from":{"line":3,"ch":13,"sticky":null},"to":{"line":3,"ch":13,"sticky":null},"text":[" "],"removed":[""],"origin":"+input"}
2019-5-12 23:41:27.325#change#{"from":{"line":3,"ch":14,"sticky":null},"to":{"line":3,"ch":14,"sticky":null},"text":["="],"removed":[""],"origin":"+input"}
2019-5-12 23:41:27.467#change#{"from":{"line":3,"ch":15,"sticky":null},"to":{"line":3,"ch":15,"sticky":null},"text":[" "],"removed":[""],"origin":"+input"}
2019-5-12 23:41:27.952#change#{"from":{"line":3,"ch":16,"sticky":null},"to":{"line":3,"ch":16,"sticky":null},"text":["0"],"removed":[""],"origin":"+input"}
2019-5-12 23:41:30.420#mousedown#{"isTrusted":true}
2019-5-12 23:41:31.332#keyHandled#"Up"
2019-5-12 23:41:31.553#keyHandled#"Right"
2019-5-12 23:41:31.745#keyHandled#"Right"
2019-5-12 23:41:31.921#keyHandled#"Right"
2019-5-12 23:41:32.209#keyHandled#"Right"
2019-5-12 23:41:32.463#change#{"from":{"line":5,"ch":16,"sticky":"before"},"to":{"line":5,"ch":16,"sticky":"before"},"text":["",""],"removed":[""],"origin":"+input"}
2019-5-12 23:41:32.463#change#{"from":{"line":6,"ch":0,"sticky":null},"to":{"line":6,"ch":0,"sticky":null},"text":["\t\t"],"removed":[""],"origin":"+input"}
2019-5-12 23:41:32.463#keyHandled#"Enter"
2019-5-12 23:41:32.477#viewportChange#0
2019-5-12 23:41:33.004#change#{"from":{"line":6,"ch":2,"sticky":null},"to":{"line":6,"ch":2,"sticky":null},"text":["n"],"removed":[""],"origin":"+input"}
2019-5-12 23:41:33.172#change#{"from":{"line":6,"ch":3,"sticky":null},"to":{"line":6,"ch":3,"sticky":null},"text":["u"],"removed":[""],"origin":"+input"}
2019-5-12 23:41:33.418#change#{"from":{"line":6,"ch":4,"sticky":null},"to":{"line":6,"ch":4,"sticky":null},"text":["m"],"removed":[""],"origin":"+input"}
2019-5-12 23:41:34.134#change#{"from":{"line":6,"ch":5,"sticky":null},"to":{"line":6,"ch":5,"sticky":null},"text":["_"],"removed":[""],"origin":"+input"}
2019-5-12 23:41:34.456#change#{"from":{"line":6,"ch":6,"sticky":null},"to":{"line":6,"ch":6,"sticky":null},"text":["d"],"removed":[""],"origin":"+input"}
2019-5-12 23:41:34.587#change#{"from":{"line":6,"ch":7,"sticky":null},"to":{"line":6,"ch":7,"sticky":null},"text":["i"],"removed":[""],"origin":"+input"}
2019-5-12 23:41:34.825#change#{"from":{"line":6,"ch":8,"sticky":null},"to":{"line":6,"ch":8,"sticky":null},"text":["v"],"removed":[""],"origin":"+input"}
2019-5-12 23:41:34.892#change#{"from":{"line":6,"ch":9,"sticky":null},"to":{"line":6,"ch":9,"sticky":null},"text":["i"],"removed":[""],"origin":"+input"}
2019-5-12 23:41:35.078#change#{"from":{"line":6,"ch":10,"sticky":null},"to":{"line":6,"ch":10,"sticky":null},"text":["s"],"removed":[""],"origin":"+input"}
2019-5-12 23:41:35.169#change#{"from":{"line":6,"ch":11,"sticky":null},"to":{"line":6,"ch":11,"sticky":null},"text":["o"],"removed":[""],"origin":"+input"}
2019-5-12 23:41:35.342#change#{"from":{"line":6,"ch":12,"sticky":null},"to":{"line":6,"ch":12,"sticky":null},"text":["r"],"removed":[""],"origin":"+input"}
2019-5-12 23:41:35.521#change#{"from":{"line":6,"ch":13,"sticky":null},"to":{"line":6,"ch":13,"sticky":null},"text":["e"],"removed":[""],"origin":"+input"}
2019-5-12 23:41:35.707#change#{"from":{"line":6,"ch":14,"sticky":null},"to":{"line":6,"ch":14,"sticky":null},"text":["s"],"removed":[""],"origin":"+input"}
2019-5-12 23:41:36.223#change#{"from":{"line":6,"ch":15,"sticky":null},"to":{"line":6,"ch":15,"sticky":null},"text":[" "],"removed":[""],"origin":"+input"}
2019-5-12 23:41:36.404#change#{"from":{"line":6,"ch":16,"sticky":null},"to":{"line":6,"ch":16,"sticky":null},"text":["="],"removed":[""],"origin":"+input"}
2019-5-12 23:41:36.522#change#{"from":{"line":6,"ch":17,"sticky":null},"to":{"line":6,"ch":17,"sticky":null},"text":[" "],"removed":[""],"origin":"+input"}
2019-5-12 23:41:37.200#change#{"from":{"line":6,"ch":17,"sticky":"after"},"to":{"line":6,"ch":18,"sticky":null},"text":[""],"removed":[" "],"origin":"+delete"}
2019-5-12 23:41:37.200#keyHandled#"Backspace"
2019-5-12 23:41:37.383#change#{"from":{"line":6,"ch":16,"sticky":"after"},"to":{"line":6,"ch":17,"sticky":null},"text":[""],"removed":["="],"origin":"+delete"}
2019-5-12 23:41:37.383#keyHandled#"Backspace"
2019-5-12 23:41:39.530#change#{"from":{"line":6,"ch":16,"sticky":null},"to":{"line":6,"ch":16,"sticky":null},"text":["="],"removed":[""],"origin":"+input"}
2019-5-12 23:41:40.062#change#{"from":{"line":6,"ch":17,"sticky":null},"to":{"line":6,"ch":17,"sticky":null},"text":[" "],"removed":[""],"origin":"+input"}
2019-5-12 23:41:40.439#change#{"from":{"line":6,"ch":18,"sticky":null},"to":{"line":6,"ch":18,"sticky":null},"text":["n"],"removed":[""],"origin":"+input"}
2019-5-12 23:41:40.637#change#{"from":{"line":6,"ch":19,"sticky":null},"to":{"line":6,"ch":19,"sticky":null},"text":["u"],"removed":[""],"origin":"+input"}
2019-5-12 23:41:40.871#change#{"from":{"line":6,"ch":20,"sticky":null},"to":{"line":6,"ch":20,"sticky":null},"text":["m"],"removed":[""],"origin":"+input"}
2019-5-12 23:41:41.558#change#{"from":{"line":6,"ch":21,"sticky":null},"to":{"line":6,"ch":21,"sticky":null},"text":["_"],"removed":[""],"origin":"+input"}
2019-5-12 23:41:41.744#change#{"from":{"line":6,"ch":22,"sticky":null},"to":{"line":6,"ch":22,"sticky":null},"text":["d"],"removed":[""],"origin":"+input"}
2019-5-12 23:41:41.972#change#{"from":{"line":6,"ch":23,"sticky":null},"to":{"line":6,"ch":23,"sticky":null},"text":["i"],"removed":[""],"origin":"+input"}
2019-5-12 23:41:42.144#change#{"from":{"line":6,"ch":24,"sticky":null},"to":{"line":6,"ch":24,"sticky":null},"text":["v"],"removed":[""],"origin":"+input"}
2019-5-12 23:41:42.262#change#{"from":{"line":6,"ch":25,"sticky":null},"to":{"line":6,"ch":25,"sticky":null},"text":["i"],"removed":[""],"origin":"+input"}
2019-5-12 23:41:42.429#change#{"from":{"line":6,"ch":26,"sticky":null},"to":{"line":6,"ch":26,"sticky":null},"text":["s"],"removed":[""],"origin":"+input"}
2019-5-12 23:41:42.533#change#{"from":{"line":6,"ch":27,"sticky":null},"to":{"line":6,"ch":27,"sticky":null},"text":["o"],"removed":[""],"origin":"+input"}
2019-5-12 23:41:42.682#change#{"from":{"line":6,"ch":28,"sticky":null},"to":{"line":6,"ch":28,"sticky":null},"text":["r"],"removed":[""],"origin":"+input"}
2019-5-12 23:41:42.847#change#{"from":{"line":6,"ch":29,"sticky":null},"to":{"line":6,"ch":29,"sticky":null},"text":["e"],"removed":[""],"origin":"+input"}
2019-5-12 23:41:43.008#change#{"from":{"line":6,"ch":30,"sticky":null},"to":{"line":6,"ch":30,"sticky":null},"text":["s"],"removed":[""],"origin":"+input"}
2019-5-12 23:41:43.345#change#{"from":{"line":6,"ch":31,"sticky":null},"to":{"line":6,"ch":31,"sticky":null},"text":[" "],"removed":[""],"origin":"+input"}
2019-5-12 23:41:43.618#change#{"from":{"line":6,"ch":32,"sticky":null},"to":{"line":6,"ch":32,"sticky":null},"text":["+"],"removed":[""],"origin":"+input"}
2019-5-12 23:41:43.764#change#{"from":{"line":6,"ch":33,"sticky":null},"to":{"line":6,"ch":33,"sticky":null},"text":[" "],"removed":[""],"origin":"+input"}
2019-5-12 23:41:44.110#change#{"from":{"line":6,"ch":34,"sticky":null},"to":{"line":6,"ch":34,"sticky":null},"text":["1"],"removed":[""],"origin":"+input"}
2019-5-12 23:41:45.092#keyHandled#"Down"
2019-5-12 23:41:45.596#keyHandled#"Down"
2019-5-12 23:41:46.345#change#{"from":{"line":8,"ch":7,"sticky":"before","xRel":230.90277099609375},"to":{"line":8,"ch":7,"sticky":"before","xRel":230.90277099609375},"text":["",""],"removed":[""],"origin":"+input"}
2019-5-12 23:41:46.346#change#{"from":{"line":9,"ch":0,"sticky":null},"to":{"line":9,"ch":0,"sticky":null},"text":["\t"],"removed":[""],"origin":"+input"}
2019-5-12 23:41:46.346#keyHandled#"Enter"
2019-5-12 23:41:46.363#viewportChange#0
2019-5-12 23:41:46.669#change#{"from":{"line":9,"ch":0,"sticky":"after"},"to":{"line":9,"ch":1,"sticky":null},"text":[""],"removed":["\t"],"origin":"+delete"}
2019-5-12 23:41:46.669#keyHandled#"Backspace"
2019-5-12 23:41:48.493#change#{"from":{"line":9,"ch":0,"sticky":null},"to":{"line":9,"ch":0,"sticky":null},"text":["",""],"removed":[""],"origin":"+input"}
2019-5-12 23:41:48.493#change#{"from":{"line":10,"ch":0,"sticky":null},"to":{"line":10,"ch":0,"sticky":null},"text":["\t"],"removed":[""],"origin":"+input"}
2019-5-12 23:41:48.493#keyHandled#"Enter"
2019-5-12 23:41:48.508#viewportChange#0
2019-5-12 23:41:49.049#change#{"from":{"line":10,"ch":0,"sticky":"after"},"to":{"line":10,"ch":1,"sticky":null},"text":[""],"removed":["\t"],"origin":"+delete"}
2019-5-12 23:41:49.049#keyHandled#"Backspace"
2019-5-12 23:41:50.279#change#{"from":{"line":10,"ch":0,"sticky":null},"to":{"line":10,"ch":0,"sticky":null},"text":["i"],"removed":[""],"origin":"+input"}
2019-5-12 23:41:50.473#change#{"from":{"line":10,"ch":1,"sticky":null},"to":{"line":10,"ch":1,"sticky":null},"text":["f"],"removed":[""],"origin":"+input"}
2019-5-12 23:41:50.956#change#{"from":{"line":10,"ch":2,"sticky":null},"to":{"line":10,"ch":2,"sticky":null},"text":["()"],"removed":[""],"origin":"+input"}
2019-5-12 23:41:50.956#keyHandled#"'('"
2019-5-12 23:41:52.123#change#{"from":{"line":10,"ch":3,"sticky":"after"},"to":{"line":10,"ch":3,"sticky":"after"},"text":["n"],"removed":[""],"origin":"+input"}
2019-5-12 23:41:52.289#change#{"from":{"line":10,"ch":4,"sticky":null},"to":{"line":10,"ch":4,"sticky":null},"text":["u"],"removed":[""],"origin":"+input"}
2019-5-12 23:41:52.508#change#{"from":{"line":10,"ch":5,"sticky":null},"to":{"line":10,"ch":5,"sticky":null},"text":["m"],"removed":[""],"origin":"+input"}
2019-5-12 23:41:53.402#change#{"from":{"line":10,"ch":6,"sticky":null},"to":{"line":10,"ch":6,"sticky":null},"text":["_"],"removed":[""],"origin":"+input"}
2019-5-12 23:41:53.904#change#{"from":{"line":10,"ch":7,"sticky":null},"to":{"line":10,"ch":7,"sticky":null},"text":["d"],"removed":[""],"origin":"+input"}
2019-5-12 23:41:54.074#change#{"from":{"line":10,"ch":8,"sticky":null},"to":{"line":10,"ch":8,"sticky":null},"text":["i"],"removed":[""],"origin":"+input"}
2019-5-12 23:41:54.245#change#{"from":{"line":10,"ch":9,"sticky":null},"to":{"line":10,"ch":9,"sticky":null},"text":["v"],"removed":[""],"origin":"+input"}
2019-5-12 23:41:54.374#change#{"from":{"line":10,"ch":10,"sticky":null},"to":{"line":10,"ch":10,"sticky":null},"text":["i"],"removed":[""],"origin":"+input"}
2019-5-12 23:41:54.494#change#{"from":{"line":10,"ch":11,"sticky":null},"to":{"line":10,"ch":11,"sticky":null},"text":["s"],"removed":[""],"origin":"+input"}
2019-5-12 23:41:54.603#change#{"from":{"line":10,"ch":12,"sticky":null},"to":{"line":10,"ch":12,"sticky":null},"text":["o"],"removed":[""],"origin":"+input"}
2019-5-12 23:41:54.761#change#{"from":{"line":10,"ch":13,"sticky":null},"to":{"line":10,"ch":13,"sticky":null},"text":["r"],"removed":[""],"origin":"+input"}
2019-5-12 23:41:54.938#change#{"from":{"line":10,"ch":14,"sticky":null},"to":{"line":10,"ch":14,"sticky":null},"text":["e"],"removed":[""],"origin":"+input"}
2019-5-12 23:41:55.162#change#{"from":{"line":10,"ch":15,"sticky":null},"to":{"line":10,"ch":15,"sticky":null},"text":["s"],"removed":[""],"origin":"+input"}
2019-5-12 23:41:55.574#change#{"from":{"line":10,"ch":16,"sticky":null},"to":{"line":10,"ch":16,"sticky":null},"text":[" "],"removed":[""],"origin":"+input"}
2019-5-12 23:41:55.744#change#{"from":{"line":10,"ch":17,"sticky":null},"to":{"line":10,"ch":17,"sticky":null},"text":["="],"removed":[""],"origin":"+input"}
2019-5-12 23:41:55.939#change#{"from":{"line":10,"ch":18,"sticky":null},"to":{"line":10,"ch":18,"sticky":null},"text":["="],"removed":[""],"origin":"+input"}
2019-5-12 23:41:56.012#change#{"from":{"line":10,"ch":19,"sticky":null},"to":{"line":10,"ch":19,"sticky":null},"text":[" "],"removed":[""],"origin":"+input"}
2019-5-12 23:42:05.029#change#{"from":{"line":10,"ch":20,"sticky":null},"to":{"line":10,"ch":20,"sticky":null},"text":["1"],"removed":[""],"origin":"+input"}
2019-5-12 23:42:08.841#keyHandled#"Right"
2019-5-12 23:42:12.158#change#{"from":{"line":10,"ch":22,"sticky":"before"},"to":{"line":10,"ch":22,"sticky":"before"},"text":[":"],"removed":[""],"origin":"+input"}
2019-5-12 23:42:12.498#change#{"from":{"line":10,"ch":23,"sticky":null},"to":{"line":10,"ch":23,"sticky":null},"text":["",""],"removed":[""],"origin":"+input"}
2019-5-12 23:42:12.498#change#{"from":{"line":11,"ch":0,"sticky":null},"to":{"line":11,"ch":0,"sticky":null},"text":["\t"],"removed":[""],"origin":"+input"}
2019-5-12 23:42:12.498#keyHandled#"Enter"
2019-5-12 23:42:12.511#viewportChange#0
2019-5-12 23:42:13.053#change#{"from":{"line":11,"ch":1,"sticky":null},"to":{"line":11,"ch":1,"sticky":null},"text":["p"],"removed":[""],"origin":"+input"}
2019-5-12 23:42:13.216#change#{"from":{"line":11,"ch":2,"sticky":null},"to":{"line":11,"ch":2,"sticky":null},"text":["r"],"removed":[""],"origin":"+input"}
2019-5-12 23:42:13.334#change#{"from":{"line":11,"ch":3,"sticky":null},"to":{"line":11,"ch":3,"sticky":null},"text":["i"],"removed":[""],"origin":"+input"}
2019-5-12 23:42:13.539#change#{"from":{"line":11,"ch":4,"sticky":null},"to":{"line":11,"ch":4,"sticky":null},"text":["n"],"removed":[""],"origin":"+input"}
2019-5-12 23:42:13.668#change#{"from":{"line":11,"ch":5,"sticky":null},"to":{"line":11,"ch":5,"sticky":null},"text":["t"],"removed":[""],"origin":"+input"}
2019-5-12 23:42:14.323#change#{"from":{"line":11,"ch":6,"sticky":null},"to":{"line":11,"ch":6,"sticky":null},"text":["()"],"removed":[""],"origin":"+input"}
2019-5-12 23:42:14.323#keyHandled#"'('"
2019-5-12 23:42:15.187#change#{"from":{"line":11,"ch":7,"sticky":"after"},"to":{"line":11,"ch":7,"sticky":"after"},"text":["''"],"removed":[""],"origin":"+input"}
2019-5-12 23:42:15.187#keyHandled#"'''"
2019-5-12 23:42:17.128#change#{"from":{"line":11,"ch":8,"sticky":"after"},"to":{"line":11,"ch":8,"sticky":"after"},"text":[" "],"removed":[""],"origin":"+input"}
2019-5-12 23:42:18.314#change#{"from":{"line":11,"ch":9,"sticky":null},"to":{"line":11,"ch":9,"sticky":null},"text":["d"],"removed":[""],"origin":"+input"}
2019-5-12 23:42:18.611#change#{"from":{"line":11,"ch":10,"sticky":null},"to":{"line":11,"ch":10,"sticky":null},"text":["i"],"removed":[""],"origin":"+input"}
2019-5-12 23:42:19.471#change#{"from":{"line":11,"ch":11,"sticky":null},"to":{"line":11,"ch":11,"sticky":null},"text":["v"],"removed":[""],"origin":"+input"}
2019-5-12 23:42:19.663#change#{"from":{"line":11,"ch":12,"sticky":null},"to":{"line":11,"ch":12,"sticky":null},"text":["i"],"removed":[""],"origin":"+input"}
2019-5-12 23:42:19.792#change#{"from":{"line":11,"ch":13,"sticky":null},"to":{"line":11,"ch":13,"sticky":null},"text":["s"],"removed":[""],"origin":"+input"}
2019-5-12 23:42:19.930#change#{"from":{"line":11,"ch":14,"sticky":null},"to":{"line":11,"ch":14,"sticky":null},"text":["o"],"removed":[""],"origin":"+input"}
2019-5-12 23:42:20.082#change#{"from":{"line":11,"ch":15,"sticky":null},"to":{"line":11,"ch":15,"sticky":null},"text":["r"],"removed":[""],"origin":"+input"}
2019-5-12 23:42:20.307#change#{"from":{"line":11,"ch":16,"sticky":null},"to":{"line":11,"ch":16,"sticky":null},"text":["e"],"removed":[""],"origin":"+input"}
2019-5-12 23:42:20.529#change#{"from":{"line":11,"ch":17,"sticky":null},"to":{"line":11,"ch":17,"sticky":null},"text":["s"],"removed":[""],"origin":"+input"}
2019-5-12 23:42:41.156#keyHandled#"Ctrl-Left"
2019-5-12 23:42:41.655#keyHandled#"Ctrl-Left"
2019-5-12 23:42:42.029#keyHandled#"Right"
2019-5-12 23:42:42.831#keyHandled#"Right"
2019-5-12 23:42:43.544#change#{"from":{"line":11,"ch":8,"sticky":"before"},"to":{"line":11,"ch":8,"sticky":"before"},"text":["{}"],"removed":[""],"origin":"+input"}
2019-5-12 23:42:43.544#keyHandled#"'{'"
2019-5-12 23:42:45.834#keyHandled#"Right"
2019-5-12 23:42:45.996#keyHandled#"Right"
2019-5-12 23:42:46.520#keyHandled#"Right"
2019-5-12 23:42:46.559#keyHandled#"Right"
2019-5-12 23:42:46.595#keyHandled#"Right"
2019-5-12 23:42:46.632#keyHandled#"Right"
2019-5-12 23:42:46.843#keyHandled#"Right"
2019-5-12 23:42:47.036#keyHandled#"Right"
2019-5-12 23:42:47.194#keyHandled#"Right"
2019-5-12 23:42:47.394#keyHandled#"Right"
2019-5-12 23:42:47.620#keyHandled#"Right"
2019-5-12 23:42:47.861#keyHandled#"Right"
2019-5-12 23:42:48.432#change#{"from":{"line":11,"ch":21,"sticky":"before"},"to":{"line":11,"ch":21,"sticky":"before"},"text":["."],"removed":[""],"origin":"+input"}
2019-5-12 23:42:49.202#change#{"from":{"line":11,"ch":22,"sticky":null},"to":{"line":11,"ch":22,"sticky":null},"text":["f"],"removed":[""],"origin":"+input"}
2019-5-12 23:42:49.638#change#{"from":{"line":11,"ch":23,"sticky":null},"to":{"line":11,"ch":23,"sticky":null},"text":["o"],"removed":[""],"origin":"+input"}
2019-5-12 23:42:49.758#change#{"from":{"line":11,"ch":24,"sticky":null},"to":{"line":11,"ch":24,"sticky":null},"text":["r"],"removed":[""],"origin":"+input"}
2019-5-12 23:42:50.008#change#{"from":{"line":11,"ch":25,"sticky":null},"to":{"line":11,"ch":25,"sticky":null},"text":["m"],"removed":[""],"origin":"+input"}
2019-5-12 23:42:50.139#change#{"from":{"line":11,"ch":26,"sticky":null},"to":{"line":11,"ch":26,"sticky":null},"text":["a"],"removed":[""],"origin":"+input"}
2019-5-12 23:42:50.404#change#{"from":{"line":11,"ch":27,"sticky":null},"to":{"line":11,"ch":27,"sticky":null},"text":["t"],"removed":[""],"origin":"+input"}
2019-5-12 23:42:51.290#change#{"from":{"line":11,"ch":28,"sticky":null},"to":{"line":11,"ch":28,"sticky":null},"text":["()"],"removed":[""],"origin":"+input"}
2019-5-12 23:42:51.290#keyHandled#"'('"
2019-5-12 23:42:52.625#change#{"from":{"line":11,"ch":29,"sticky":"after"},"to":{"line":11,"ch":29,"sticky":"after"},"text":["i"],"removed":[""],"origin":"+input"}
2019-5-12 23:42:53.503#change#{"from":{"line":11,"ch":29,"sticky":"after"},"to":{"line":11,"ch":30,"sticky":null},"text":[""],"removed":["i"],"origin":"+delete"}
2019-5-12 23:42:53.503#keyHandled#"Backspace"
2019-5-12 23:42:54.842#change#{"from":{"line":11,"ch":29,"sticky":null},"to":{"line":11,"ch":29,"sticky":null},"text":["n"],"removed":[""],"origin":"+input"}
2019-5-12 23:42:55.970#change#{"from":{"line":11,"ch":30,"sticky":null},"to":{"line":11,"ch":30,"sticky":null},"text":["u"],"removed":[""],"origin":"+input"}
2019-5-12 23:42:56.343#change#{"from":{"line":11,"ch":31,"sticky":null},"to":{"line":11,"ch":31,"sticky":null},"text":["m"],"removed":[""],"origin":"+input"}
2019-5-12 23:42:58.265#keyHandled#"Ctrl-Left"
2019-5-12 23:42:58.610#keyHandled#"Ctrl-Left"
2019-5-12 23:42:58.897#keyHandled#"Ctrl-Left"
2019-5-12 23:42:59.278#keyHandled#"Ctrl-Left"
2019-5-12 23:42:59.848#keyHandled#"Right"
2019-5-12 23:43:00.041#keyHandled#"Right"
2019-5-12 23:43:00.566#keyHandled#"Right"
2019-5-12 23:43:00.607#keyHandled#"Right"
2019-5-12 23:43:00.640#keyHandled#"Right"
2019-5-12 23:43:00.678#keyHandled#"Right"
2019-5-12 23:43:00.716#keyHandled#"Right"
2019-5-12 23:43:00.752#keyHandled#"Right"
2019-5-12 23:43:00.963#keyHandled#"Right"
2019-5-12 23:43:01.176#keyHandled#"Right"
2019-5-12 23:43:01.350#keyHandled#"Right"
2019-5-12 23:43:01.863#keyHandled#"Right"
2019-5-12 23:43:02.699#keyHandled#"Left"
2019-5-12 23:43:03.137#keyHandled#"Right"
2019-5-12 23:43:03.841#change#{"from":{"line":11,"ch":32,"sticky":"before"},"to":{"line":11,"ch":32,"sticky":"before"},"text":["-"],"removed":[""],"origin":"+input"}
2019-5-12 23:43:04.633#change#{"from":{"line":11,"ch":33,"sticky":null},"to":{"line":11,"ch":33,"sticky":null},"text":["d"],"removed":[""],"origin":"+input"}
2019-5-12 23:43:04.951#change#{"from":{"line":11,"ch":33,"sticky":"after"},"to":{"line":11,"ch":34,"sticky":null},"text":[""],"removed":["d"],"origin":"+delete"}
2019-5-12 23:43:04.951#keyHandled#"Backspace"
2019-5-12 23:43:05.197#change#{"from":{"line":11,"ch":32,"sticky":"after"},"to":{"line":11,"ch":33,"sticky":null},"text":[""],"removed":["-"],"origin":"+delete"}
2019-5-12 23:43:05.197#keyHandled#"Backspace"
2019-5-12 23:43:05.736#change#{"from":{"line":11,"ch":32,"sticky":null},"to":{"line":11,"ch":32,"sticky":null},"text":["_"],"removed":[""],"origin":"+input"}
2019-5-12 23:43:06.047#change#{"from":{"line":11,"ch":33,"sticky":null},"to":{"line":11,"ch":33,"sticky":null},"text":["d"],"removed":[""],"origin":"+input"}
2019-5-12 23:43:06.218#change#{"from":{"line":11,"ch":34,"sticky":null},"to":{"line":11,"ch":34,"sticky":null},"text":["i"],"removed":[""],"origin":"+input"}
2019-5-12 23:43:06.387#change#{"from":{"line":11,"ch":35,"sticky":null},"to":{"line":11,"ch":35,"sticky":null},"text":["v"],"removed":[""],"origin":"+input"}
2019-5-12 23:43:06.498#change#{"from":{"line":11,"ch":36,"sticky":null},"to":{"line":11,"ch":36,"sticky":null},"text":["i"],"removed":[""],"origin":"+input"}
2019-5-12 23:43:06.608#change#{"from":{"line":11,"ch":37,"sticky":null},"to":{"line":11,"ch":37,"sticky":null},"text":["s"],"removed":[""],"origin":"+input"}
2019-5-12 23:43:06.705#change#{"from":{"line":11,"ch":38,"sticky":null},"to":{"line":11,"ch":38,"sticky":null},"text":["o"],"removed":[""],"origin":"+input"}
2019-5-12 23:43:06.841#change#{"from":{"line":11,"ch":39,"sticky":null},"to":{"line":11,"ch":39,"sticky":null},"text":["r"],"removed":[""],"origin":"+input"}
2019-5-12 23:43:07.014#change#{"from":{"line":11,"ch":40,"sticky":null},"to":{"line":11,"ch":40,"sticky":null},"text":["e"],"removed":[""],"origin":"+input"}
2019-5-12 23:43:07.204#change#{"from":{"line":11,"ch":41,"sticky":null},"to":{"line":11,"ch":41,"sticky":null},"text":["s"],"removed":[""],"origin":"+input"}
2019-5-12 23:43:07.622#keyHandled#"Ctrl-Left"
2019-5-12 23:43:07.998#keyHandled#"Ctrl-Left"
2019-5-12 23:43:09.256#keyHandled#"Ctrl-Left"
2019-5-12 23:43:13.946#mousedown#{"isTrusted":true}
2019-5-12 23:43:16.604#copy#{"isTrusted":true}
2019-5-12 23:43:16.988#copy#{"isTrusted":true}
2019-5-12 23:43:17.491#change#{"from":{"line":11,"ch":1,"sticky":"before","xRel":-9.58334732055664},"to":{"line":11,"ch":44,"sticky":"before","xRel":15.73956298828125},"text":[""],"removed":["print('{} divisores'.format(num_divisores))"],"origin":"cut"}
2019-5-12 23:43:18.477#change#{"from":{"line":11,"ch":0,"sticky":"after"},"to":{"line":11,"ch":1,"sticky":null},"text":[""],"removed":["\t"],"origin":"+delete"}
2019-5-12 23:43:18.477#keyHandled#"Backspace"
2019-5-12 23:43:19.167#change#{"from":{"line":11,"ch":1,"sticky":null},"to":{"line":11,"ch":1,"sticky":null},"text":["l"],"removed":[""],"origin":"+input"}
2019-5-12 23:43:19.248#change#{"from":{"line":11,"ch":2,"sticky":null},"to":{"line":11,"ch":2,"sticky":null},"text":["s"],"removed":[""],"origin":"+input"}
2019-5-12 23:43:19.487#change#{"from":{"line":11,"ch":3,"sticky":null},"to":{"line":11,"ch":3,"sticky":null},"text":["e"],"removed":[""],"origin":"+input"}
2019-5-12 23:43:19.929#change#{"from":{"line":11,"ch":4,"sticky":null},"to":{"line":11,"ch":4,"sticky":null},"text":[":"],"removed":[""],"origin":"+input"}
2019-5-12 23:43:20.210#change#{"from":{"line":11,"ch":5,"sticky":null},"to":{"line":11,"ch":5,"sticky":null},"text":["",""],"removed":[""],"origin":"+input"}
2019-5-12 23:43:20.210#change#{"from":{"line":12,"ch":0,"sticky":null},"to":{"line":12,"ch":0,"sticky":null},"text":["\t"],"removed":[""],"origin":"+input"}
2019-5-12 23:43:20.210#keyHandled#"Enter"
2019-5-12 23:43:20.222#viewportChange#0
2019-5-12 23:43:20.825#change#{"from":{"line":12,"ch":1,"sticky":null},"to":{"line":12,"ch":1,"sticky":null},"text":["print('{} divisores'.format(num_divisores))"],"removed":[""],"origin":"paste"}
2019-5-12 23:43:22.041#mousedown#{"isTrusted":true}
2019-5-12 23:43:22.435#change#{"from":{"line":10,"ch":23,"sticky":"before","xRel":12.56243896484375},"to":{"line":10,"ch":23,"sticky":"before","xRel":12.56243896484375},"text":["",""],"removed":[""],"origin":"+input"}
2019-5-12 23:43:22.436#change#{"from":{"line":11,"ch":0,"sticky":null},"to":{"line":11,"ch":0,"sticky":null},"text":["\t"],"removed":[""],"origin":"+input"}
2019-5-12 23:43:22.436#keyHandled#"Enter"
2019-5-12 23:43:22.455#viewportChange#0
2019-5-12 23:43:23.854#change#{"from":{"line":11,"ch":1,"sticky":null},"to":{"line":11,"ch":1,"sticky":null},"text":["p"],"removed":[""],"origin":"+input"}
2019-5-12 23:43:24.041#change#{"from":{"line":11,"ch":2,"sticky":null},"to":{"line":11,"ch":2,"sticky":null},"text":["r"],"removed":[""],"origin":"+input"}
2019-5-12 23:43:24.155#change#{"from":{"line":11,"ch":3,"sticky":null},"to":{"line":11,"ch":3,"sticky":null},"text":["i"],"removed":[""],"origin":"+input"}
2019-5-12 23:43:24.413#change#{"from":{"line":11,"ch":4,"sticky":null},"to":{"line":11,"ch":4,"sticky":null},"text":["n"],"removed":[""],"origin":"+input"}
2019-5-12 23:43:24.567#change#{"from":{"line":11,"ch":5,"sticky":null},"to":{"line":11,"ch":5,"sticky":null},"text":["t"],"removed":[""],"origin":"+input"}
2019-5-12 23:43:25.196#change#{"from":{"line":11,"ch":6,"sticky":null},"to":{"line":11,"ch":6,"sticky":null},"text":["()"],"removed":[""],"origin":"+input"}
2019-5-12 23:43:25.196#keyHandled#"'('"
2019-5-12 23:43:25.673#change#{"from":{"line":11,"ch":7,"sticky":"after"},"to":{"line":11,"ch":7,"sticky":"after"},"text":["''"],"removed":[""],"origin":"+input"}
2019-5-12 23:43:25.673#keyHandled#"'''"
2019-5-12 23:43:26.965#change#{"from":{"line":11,"ch":8,"sticky":"after"},"to":{"line":11,"ch":8,"sticky":"after"},"text":[" "],"removed":[""],"origin":"+input"}
2019-5-12 23:43:27.158#change#{"from":{"line":11,"ch":9,"sticky":null},"to":{"line":11,"ch":9,"sticky":null},"text":["1"],"removed":[""],"origin":"+input"}
2019-5-12 23:43:27.392#change#{"from":{"line":11,"ch":10,"sticky":null},"to":{"line":11,"ch":10,"sticky":null},"text":[" "],"removed":[""],"origin":"+input"}
2019-5-12 23:43:28.017#change#{"from":{"line":11,"ch":10,"sticky":"after"},"to":{"line":11,"ch":11,"sticky":null},"text":[""],"removed":[" "],"origin":"+delete"}
2019-5-12 23:43:28.017#keyHandled#"Backspace"
2019-5-12 23:43:28.222#change#{"from":{"line":11,"ch":9,"sticky":"after"},"to":{"line":11,"ch":10,"sticky":null},"text":[""],"removed":["1"],"origin":"+delete"}
2019-5-12 23:43:28.222#keyHandled#"Backspace"
2019-5-12 23:43:28.364#change#{"from":{"line":11,"ch":8,"sticky":"after"},"to":{"line":11,"ch":9,"sticky":null},"text":[""],"removed":[" "],"origin":"+delete"}
2019-5-12 23:43:28.364#keyHandled#"Backspace"
2019-5-12 23:43:28.625#change#{"from":{"line":11,"ch":8,"sticky":null},"to":{"line":11,"ch":8,"sticky":null},"text":["1"],"removed":[""],"origin":"+input"}
2019-5-12 23:43:29.352#change#{"from":{"line":11,"ch":10,"sticky":null},"to":{"line":11,"ch":10,"sticky":null},"text":["d"],"removed":[""],"origin":"+input"}
2019-5-12 23:43:29.503#change#{"from":{"line":11,"ch":11,"sticky":null},"to":{"line":11,"ch":11,"sticky":null},"text":["i"],"removed":[""],"origin":"+input"}
2019-5-12 23:43:29.843#change#{"from":{"line":11,"ch":12,"sticky":null},"to":{"line":11,"ch":12,"sticky":null},"text":["v"],"removed":[""],"origin":"+input"}
2019-5-12 23:43:29.960#change#{"from":{"line":11,"ch":13,"sticky":null},"to":{"line":11,"ch":13,"sticky":null},"text":["i"],"removed":[""],"origin":"+input"}
2019-5-12 23:43:30.191#change#{"from":{"line":11,"ch":14,"sticky":null},"to":{"line":11,"ch":14,"sticky":null},"text":["s"],"removed":[""],"origin":"+input"}
2019-5-12 23:43:30.336#change#{"from":{"line":11,"ch":15,"sticky":null},"to":{"line":11,"ch":15,"sticky":null},"text":["o"],"removed":[""],"origin":"+input"}
2019-5-12 23:43:30.493#change#{"from":{"line":11,"ch":16,"sticky":null},"to":{"line":11,"ch":16,"sticky":null},"text":["r"],"removed":[""],"origin":"+input"}
2019-5-12 23:43:34.680#blur#
2019-5-12 23:43:34.680#blur#
2019-5-12 23:43:39.024#saida_testar#$ python3 main.py
