2019-4-24 07:14:32.218#viewportChange#0
2019-4-24 07:18:47.346#mousedown#{"isTrusted":true}
2019-4-24 07:18:47.356#focus#
2019-4-24 07:18:48.619#keyHandled#"Ctrl-A"
2019-4-24 07:18:49.353#change#{"from":{"line":0,"ch":0,"sticky":null},"to":{"line":23,"ch":0,"sticky":null},"text":["#De volta à área do triângulo","# Ao testar sua solução, não se limite ao caso de exemplo.","","from math import *","","# Leitura dos lados do triangulo a, b, and c","a= float(input (\"Lado 1: \"))","b= float(input (\"Lado 2: \"))","c= float(input (\"Lado 3: \"))","","print(\"Entradas:\", a, \",\", b, \",\", c)","","# Testa se pelo menos uma das entradas eh negativa ","if ((a < b + c) and (b < a + c) and (c < b + a)):","\t# Testa se medidas correspondem aas de um triangulo","\tif ((a==b and a==c) or (a!=b or b!=c) or (a< b+c and b< a+c and c< a+b)):","\t\ts = (a + b + c) / 2.0","\t\tarea = sqrt(s * (s-a) * (s-b) * (s-c))","\t\tarea = round(area, 3)","\t\tprint(\"Area:\", area)","\telse:","\t\tprint(\"Area: invalida\")","else:","\tprint(\"Area: invalida\")"],"removed":["# Ao testar sua solução, não se limite ao caso de exemplo.","","from math import *","","# Leitura dos lados do triangulo a, b, and c","a = float(input (\"Lado 1: \"))","b = float(input (\"Lado 2: \"))","c = float(input (\"Lado 3: \"))","","print(\"Entradas:\", a, \",\", b, \",\", c)","","# Testa se pelo menos uma das entradas eh negativa ","if (___COMPLETE AQUI___):","\t# Testa se medidas correspondem aas de um triangulo","\tif (___COMPLETE AQUI___):","\t\ts = (a + b + c) / 2.0","\t\tarea = sqrt(s * (s-a) * (s-b) * (s-c))","\t\tarea = round(area, 3)","\t\tprint(\"Area:\", area)","\telse:","\t\tprint(\"Area: invalida\")","else:","\tprint(\"Area: invalida\")",""],"origin":"paste"}
2019-4-24 07:18:49.379#viewportChange#0
2019-4-24 07:18:52.783#blur#
2019-4-24 07:18:56.995#focus#
2019-4-24 07:18:56.999#blur#
2019-4-24 07:18:56.995#focus#
2019-4-24 07:18:56.999#blur#
2019-4-24 07:18:58.614#submit#Congratulations, your code is correct!
2019-5-2 19:40:36.918#viewportChange#0
2019-5-2 19:40:39.366#mousedown#{"isTrusted":true}
2019-5-2 19:40:39.377#focus#
2019-5-2 19:40:40.604#keyHandled#"Down"
2019-5-2 19:40:41.062#keyHandled#"Down"
2019-5-2 19:40:41.086#keyHandled#"Down"
2019-5-2 19:40:41.112#keyHandled#"Down"
2019-5-2 19:40:41.137#keyHandled#"Down"
2019-5-2 19:40:41.161#keyHandled#"Down"
2019-5-2 19:40:41.186#keyHandled#"Down"
2019-5-2 19:40:41.211#keyHandled#"Down"
2019-5-2 19:40:41.236#keyHandled#"Down"
2019-5-2 19:40:41.260#keyHandled#"Down"
2019-5-2 19:40:41.286#keyHandled#"Down"
2019-5-2 19:40:41.310#keyHandled#"Down"
2019-5-2 19:40:41.315#viewportChange#0
2019-5-2 19:40:41.335#keyHandled#"Down"
2019-5-2 19:40:41.341#viewportChange#0
2019-5-2 19:40:41.360#keyHandled#"Down"
2019-5-2 19:40:41.388#keyHandled#"Down"
2019-5-2 19:40:41.413#keyHandled#"Down"
2019-5-2 19:40:41.438#keyHandled#"Down"
2019-5-2 19:40:41.463#keyHandled#"Down"
2019-5-2 19:40:41.488#keyHandled#"Down"
2019-5-2 19:40:41.513#keyHandled#"Down"
2019-5-2 19:40:41.537#keyHandled#"Down"
2019-5-2 19:40:41.563#keyHandled#"Down"
2019-5-2 19:40:41.587#keyHandled#"Down"
2019-5-2 19:40:41.611#keyHandled#"Down"
2019-5-2 19:40:41.637#keyHandled#"Down"
2019-5-2 19:40:41.661#keyHandled#"Down"
2019-5-2 19:40:41.686#keyHandled#"Down"
2019-5-2 19:40:41.711#keyHandled#"Down"
2019-5-2 19:40:41.736#keyHandled#"Down"
2019-5-2 19:40:41.760#keyHandled#"Down"
2019-5-2 19:40:41.785#keyHandled#"Down"
2019-5-2 19:40:41.810#keyHandled#"Down"
2019-5-2 19:40:41.835#keyHandled#"Down"
2019-5-2 19:40:41.860#keyHandled#"Down"
2019-5-2 19:40:41.886#keyHandled#"Down"
2019-5-2 19:40:41.913#keyHandled#"Down"
2019-5-2 19:40:41.938#keyHandled#"Down"
2019-5-2 19:40:41.964#keyHandled#"Down"
2019-5-2 19:40:41.987#keyHandled#"Down"
2019-5-2 19:40:42.014#keyHandled#"Down"
2019-5-2 19:40:43.916#keyHandled#"Up"
2019-5-2 19:40:44.333#keyHandled#"Up"
2019-5-2 19:40:44.791#keyHandled#"Up"
2019-5-2 19:40:44.817#keyHandled#"Up"
2019-5-2 19:40:44.841#keyHandled#"Up"
2019-5-2 19:40:44.866#keyHandled#"Up"
2019-5-2 19:40:44.891#keyHandled#"Up"
2019-5-2 19:40:44.917#keyHandled#"Up"
2019-5-2 19:40:44.940#keyHandled#"Up"
2019-5-2 19:40:44.965#keyHandled#"Up"
