2019-5-21 22:08:22.446#viewportChange#0
2019-5-21 22:08:29.542#mousedown#{"isTrusted":true}
2019-5-21 22:08:29.545#focus#
2019-5-21 22:08:30.407#change#{"from":{"line":0,"ch":0,"sticky":null},"to":{"line":0,"ch":0,"sticky":null},"text":["from numpy import*","v1=array(eval(input(\"Valores de Eusapia: \")))#EUSÁPIA","v2=array(eval(input(\"Valores de Barsanulfo: \")))#BARSANULFO","i=0#contadora","e=0#EUSÁPIA","b=0#BARSANULFO","print(size(v1))","while(i<size(v1)):","\tif(v1[i]==11 and v2[i]==33) or (v1[i]==22 and v2[i]==11) or (v1[i]==33 and v2[i]==22):#V Eusápia","\t\te+=1","\telif(v2[i]==11 and v1[i]==33) or (v2[i]==22 and v1[i]==11) or (v2[i]==33 and v1[i]==22):#V Barsanulfo","\t\tb+=1","\ti+=1","if(e>b):","\tprint(\"EUSAPIA\")","elif(b>e):","\tprint(\"BARSANULFO\")","elif(e==b):","\tprint(\"EMPATE\")"],"removed":[""],"origin":"paste"}
2019-5-21 22:08:30.431#viewportChange#0
2019-5-21 22:08:30.407#change#{"from":{"line":0,"ch":0,"sticky":null},"to":{"line":0,"ch":0,"sticky":null},"text":["from numpy import*","v1=array(eval(input(\"Valores de Eusapia: \")))#EUSÁPIA","v2=array(eval(input(\"Valores de Barsanulfo: \")))#BARSANULFO","i=0#contadora","e=0#EUSÁPIA","b=0#BARSANULFO","print(size(v1))","while(i<size(v1)):","\tif(v1[i]==11 and v2[i]==33) or (v1[i]==22 and v2[i]==11) or (v1[i]==33 and v2[i]==22):#V Eusápia","\t\te+=1","\telif(v2[i]==11 and v1[i]==33) or (v2[i]==22 and v1[i]==11) or (v2[i]==33 and v1[i]==22):#V Barsanulfo","\t\tb+=1","\ti+=1","if(e>b):","\tprint(\"EUSAPIA\")","elif(b>e):","\tprint(\"BARSANULFO\")","elif(e==b):","\tprint(\"EMPATE\")"],"removed":[""],"origin":"paste"}
2019-5-21 22:08:30.431#viewportChange#0
2019-5-21 22:08:32.403#submit#Congratulations, your code is correct!
2019-5-21 22:08:34.074#blur#
2019-5-29 12:54:28.830#mousedown#{}
2019-5-29 12:54:28.916#viewportChange#0
2019-5-29 12:54:28.929#focus#
2019-5-29 12:54:28.964#mousedown#{}
2019-5-29 12:54:29.013#dblclick#{}
2019-5-29 12:54:31.231#keyHandled#"Up"
2019-5-29 12:54:31.685#keyHandled#"Up"
2019-5-29 12:54:31.765#keyHandled#"Up"
2019-5-29 12:54:31.830#keyHandled#"Up"
2019-5-29 12:54:31.892#keyHandled#"Up"
2019-5-29 12:54:31.954#keyHandled#"Up"
2019-5-29 12:54:32.016#keyHandled#"Up"
2019-5-29 12:54:32.091#keyHandled#"Up"
2019-5-29 12:54:32.154#keyHandled#"Up"
2019-5-29 12:54:32.217#keyHandled#"Up"
2019-5-29 12:54:32.283#keyHandled#"Up"
2019-5-29 12:54:32.345#keyHandled#"Up"
2019-5-29 12:54:32.408#keyHandled#"Up"
2019-5-29 12:54:32.479#keyHandled#"Up"
2019-5-29 12:54:32.503#keyHandled#"Up"
2019-5-29 12:54:32.528#keyHandled#"Up"
2019-5-29 12:54:32.551#keyHandled#"Up"
2019-5-29 12:54:32.565#keyHandled#"Up"
2019-5-29 12:54:32.580#keyHandled#"Up"
2019-5-29 12:54:32.587#keyHandled#"Up"
2019-5-29 12:54:32.600#keyHandled#"Up"
2019-5-29 12:54:32.607#keyHandled#"Up"
2019-5-29 12:54:32.620#keyHandled#"Up"
2019-5-29 12:54:32.626#keyHandled#"Up"
2019-5-29 12:54:32.640#keyHandled#"Up"
2019-5-29 12:54:32.646#keyHandled#"Up"
2019-5-29 12:54:32.660#keyHandled#"Up"
2019-5-29 12:54:32.666#keyHandled#"Up"
2019-5-29 12:54:32.681#keyHandled#"Up"
2019-5-29 12:54:32.688#keyHandled#"Up"
2019-5-29 12:54:32.702#keyHandled#"Up"
2019-5-29 12:54:32.708#keyHandled#"Up"
2019-5-29 12:54:32.721#keyHandled#"Up"
2019-5-29 12:54:32.728#keyHandled#"Up"
2019-5-29 12:54:32.742#keyHandled#"Up"
2019-5-29 12:54:32.749#keyHandled#"Up"
2019-5-29 12:54:32.766#keyHandled#"Up"
2019-5-29 12:54:32.781#keyHandled#"Up"
2019-5-29 12:54:32.821#keyHandled#"Up"
2019-5-29 12:54:32.834#keyHandled#"Up"
2019-5-29 12:54:32.849#keyHandled#"Up"
2019-5-29 12:54:32.869#keyHandled#"Up"
2019-5-29 12:54:32.890#keyHandled#"Up"
2019-5-29 12:54:32.911#keyHandled#"Up"
2019-5-29 12:54:32.936#keyHandled#"Up"
2019-5-29 12:54:32.965#keyHandled#"Up"
2019-5-29 12:54:32.990#keyHandled#"Up"
2019-5-29 12:54:33.011#keyHandled#"Up"
2019-5-29 12:54:34.046#keyHandled#"Down"
2019-5-29 12:54:34.506#keyHandled#"Down"
2019-5-29 12:54:34.575#keyHandled#"Down"
2019-5-29 12:54:34.646#keyHandled#"Down"
2019-5-29 12:54:34.716#keyHandled#"Down"
2019-5-29 12:54:34.793#keyHandled#"Down"
2019-5-29 12:54:34.866#keyHandled#"Down"
2019-5-29 12:54:34.940#keyHandled#"Down"
2019-5-29 12:54:35.001#keyHandled#"Down"
2019-5-29 12:54:35.062#keyHandled#"Down"
2019-5-29 12:54:35.117#keyHandled#"Down"
2019-5-29 12:54:35.173#keyHandled#"Down"
2019-5-29 12:54:35.229#keyHandled#"Down"
2019-5-29 12:54:35.293#keyHandled#"Down"
2019-5-29 12:54:35.357#keyHandled#"Down"
2019-5-29 12:54:35.430#keyHandled#"Down"
2019-5-29 12:54:35.505#keyHandled#"Down"
2019-5-29 12:54:35.577#keyHandled#"Down"
2019-5-29 13:12:28.228#viewportChange#0
2019-5-29 13:12:31.462#mousedown#{}
2019-5-29 13:12:31.499#focus#
2019-5-29 13:12:33.270#mousedown#{}
2019-5-29 13:12:36.248#keyHandled#"Up"
2019-5-29 13:12:36.534#keyHandled#"Up"
2019-5-29 13:12:36.677#keyHandled#"Up"
2019-5-29 13:12:36.825#keyHandled#"Up"
2019-5-29 13:12:36.967#keyHandled#"Up"
2019-5-29 13:12:37.093#keyHandled#"Up"
2019-5-29 13:12:37.232#keyHandled#"Up"
2019-5-29 13:12:37.378#keyHandled#"Up"
2019-5-29 13:12:37.516#keyHandled#"Up"
2019-5-29 13:12:37.643#keyHandled#"Up"
2019-5-29 13:12:37.784#keyHandled#"Up"
2019-5-29 13:12:37.924#keyHandled#"Up"
2019-5-29 13:12:38.178#keyHandled#"Up"
2019-5-29 13:12:38.335#keyHandled#"Up"
2019-5-29 13:12:38.444#keyHandled#"Up"
2019-5-29 13:12:38.864#keyHandled#"Up"
2019-5-29 13:12:39.062#keyHandled#"Up"
2019-5-29 13:12:39.209#keyHandled#"Up"
2019-5-29 13:12:39.366#keyHandled#"Up"
2019-5-29 13:12:39.518#keyHandled#"Up"
2019-5-29 13:12:41.069#copy#{}
2019-5-29 13:12:41.776#blur#
2019-7-19 15:55:04.596#viewportChange#0
2019-7-19 15:55:05.389#mousedown#{"isTrusted":true}
2019-7-19 15:55:05.397#focus#
2019-7-19 15:55:06.000#keyHandled#"Ctrl-A"
2019-7-19 15:55:06.364#copy#{"isTrusted":true}
2019-7-19 15:55:07.831#blur#
