== SUBMITION (2019-03-26 09:07:19) 
-- CODE:
a = float(input("Qual: "))
b = float(input("Qual: "))
c = float(input("Qual: "))
d = float(input("Qual: "))

x = ((a*1) + (b*2) + (c*3) + (d*4)) / 10

print(round(x, 2))
-- EXECUTION TIME:
0.122564
-- TEST CASE 1:
---- input:
8
8.5
7
9
---- correct output:
8.2
---- user output:
8.2
-- TEST CASE 2:
---- input:
7
7
7
7
---- correct output:
7.0
---- user output:
7.0
-- TEST CASE 3:
---- input:
5.75
6.9
7.95
8.99
---- correct output:
7.94
---- user output:
7.94
-- GRADE:
100%
*-*-*-*-*-*-*-*-*-*-*-*-*-*-*-*-*-*-*-*-*-*-*-*
