2019-3-12 19:17:54.175#viewportChange#0
2019-3-12 19:18:14.879#mousedown#{"isTrusted":true}
2019-3-12 19:18:14.892#focus#
2019-3-12 19:18:16.251#mousedown#{"isTrusted":true}
2019-3-12 19:18:16.277#mousedown#{"isTrusted":true}
2019-3-12 19:18:16.312#mousedown#{"isTrusted":true}
2019-3-12 19:18:16.398#dblclick#{"isTrusted":true}
2019-3-12 19:18:17.522#change#{"from":{"line":0,"ch":0,"sticky":null},"to":{"line":0,"ch":9,"sticky":null},"text":["u"],"removed":["print(\"\")"],"origin":"+input"}
2019-3-12 19:18:19.347#change#{"from":{"line":0,"ch":0,"sticky":"after"},"to":{"line":0,"ch":1,"sticky":null},"text":[""],"removed":["u"],"origin":"+delete"}
2019-3-12 19:18:19.347#keyHandled#"Backspace"
2019-3-12 19:18:19.977#keyHandled#"Backspace"
2019-3-12 19:18:20.414#keyHandled#"Backspace"
2019-3-12 19:18:47.166#change#{"from":{"line":0,"ch":5,"sticky":null},"to":{"line":0,"ch":5,"sticky":null},"text":["9"],"removed":[""],"origin":"+input"}
2019-3-12 19:18:47.760#change#{"from":{"line":0,"ch":6,"sticky":null},"to":{"line":0,"ch":6,"sticky":null},"text":["()"],"removed":[""],"origin":"+input"}
2019-3-12 19:18:47.760#keyHandled#"'('"
2019-3-12 19:18:48.146#change#{"from":{"line":0,"ch":7,"sticky":"after"},"to":{"line":0,"ch":7,"sticky":"after"},"text":["()"],"removed":[""],"origin":"+input"}
2019-3-12 19:18:48.146#keyHandled#"'('"
2019-3-12 19:18:49.636#keyHandled#"Right"
2019-3-12 19:18:50.246#keyHandled#"Right"
2019-3-12 19:18:51.806#change#{"from":{"line":0,"ch":9,"sticky":"after"},"to":{"line":0,"ch":10,"sticky":"before"},"text":[""],"removed":[")"],"origin":"+delete"}
2019-3-12 19:18:51.806#keyHandled#"Backspace"
2019-3-12 19:18:51.976#change#{"from":{"line":0,"ch":8,"sticky":"after"},"to":{"line":0,"ch":9,"sticky":null},"text":[""],"removed":[")"],"origin":"+delete"}
2019-3-12 19:18:51.976#keyHandled#"Backspace"
2019-3-12 19:18:54.100#change#{"from":{"line":0,"ch":7,"sticky":"after"},"to":{"line":0,"ch":8,"sticky":null},"text":[""],"removed":["("],"origin":"+delete"}
2019-3-12 19:18:54.100#keyHandled#"Backspace"
2019-3-12 19:18:56.086#keyHandled#"Left"
2019-3-12 19:18:56.830#keyHandled#"Left"
2019-3-12 19:18:58.521#keyHandled#"Right"
2019-3-12 19:19:00.479#change#{"from":{"line":0,"ch":5,"sticky":"after"},"to":{"line":0,"ch":6,"sticky":"before"},"text":[""],"removed":["9"],"origin":"+delete"}
2019-3-12 19:19:00.479#keyHandled#"Backspace"
2019-3-12 19:19:04.014#keyHandled#"Right"
2019-3-12 19:19:04.790#keyHandled#"Right"
2019-3-12 19:19:09.729#change#{"from":{"line":0,"ch":6,"sticky":"before","hitSide":true},"to":{"line":0,"ch":6,"sticky":"before","hitSide":true},"text":["*"],"removed":[""],"origin":"+input"}
2019-3-12 19:19:13.996#change#{"from":{"line":0,"ch":7,"sticky":null},"to":{"line":0,"ch":7,"sticky":null},"text":["U"],"removed":[""],"origin":"+input"}
2019-3-12 19:19:18.840#change#{"from":{"line":0,"ch":8,"sticky":null},"to":{"line":0,"ch":8,"sticky":null},"text":["n"],"removed":[""],"origin":"+input"}
2019-3-12 19:19:20.043#change#{"from":{"line":0,"ch":9,"sticky":null},"to":{"line":0,"ch":9,"sticky":null},"text":["i"],"removed":[""],"origin":"+input"}
2019-3-12 19:19:20.803#change#{"from":{"line":0,"ch":10,"sticky":null},"to":{"line":0,"ch":10,"sticky":null},"text":["v"],"removed":[""],"origin":"+input"}
2019-3-12 19:19:20.816#change#{"from":{"line":0,"ch":11,"sticky":null},"to":{"line":0,"ch":11,"sticky":null},"text":["e"],"removed":[""],"origin":"+input"}
2019-3-12 19:19:20.830#change#{"from":{"line":0,"ch":12,"sticky":null},"to":{"line":0,"ch":12,"sticky":null},"text":["r"],"removed":[""],"origin":"+input"}
2019-3-12 19:19:21.058#change#{"from":{"line":0,"ch":13,"sticky":null},"to":{"line":0,"ch":13,"sticky":null},"text":["s"],"removed":[""],"origin":"+input"}
2019-3-12 19:19:21.306#change#{"from":{"line":0,"ch":14,"sticky":null},"to":{"line":0,"ch":14,"sticky":null},"text":["i"],"removed":[""],"origin":"+input"}
2019-3-12 19:19:21.461#change#{"from":{"line":0,"ch":15,"sticky":null},"to":{"line":0,"ch":15,"sticky":null},"text":["d"],"removed":[""],"origin":"+input"}
2019-3-12 19:19:21.604#change#{"from":{"line":0,"ch":16,"sticky":null},"to":{"line":0,"ch":16,"sticky":null},"text":["a"],"removed":[""],"origin":"+input"}
2019-3-12 19:19:21.818#change#{"from":{"line":0,"ch":17,"sticky":null},"to":{"line":0,"ch":17,"sticky":null},"text":["d"],"removed":[""],"origin":"+input"}
2019-3-12 19:19:21.987#change#{"from":{"line":0,"ch":18,"sticky":null},"to":{"line":0,"ch":18,"sticky":null},"text":["e"],"removed":[""],"origin":"+input"}
2019-3-12 19:19:25.236#change#{"from":{"line":0,"ch":19,"sticky":null},"to":{"line":0,"ch":19,"sticky":null},"text":[" "],"removed":[""],"origin":"+input"}
2019-3-12 19:19:26.549#change#{"from":{"line":0,"ch":20,"sticky":null},"to":{"line":0,"ch":20,"sticky":null},"text":["F"],"removed":[""],"origin":"+input"}
2019-3-12 19:19:27.443#change#{"from":{"line":0,"ch":21,"sticky":null},"to":{"line":0,"ch":21,"sticky":null},"text":["e"],"removed":[""],"origin":"+input"}
2019-3-12 19:19:27.932#change#{"from":{"line":0,"ch":22,"sticky":null},"to":{"line":0,"ch":22,"sticky":null},"text":["d"],"removed":[""],"origin":"+input"}
2019-3-12 19:19:28.618#change#{"from":{"line":0,"ch":23,"sticky":null},"to":{"line":0,"ch":23,"sticky":null},"text":["e"],"removed":[""],"origin":"+input"}
2019-3-12 19:19:28.632#change#{"from":{"line":0,"ch":24,"sticky":null},"to":{"line":0,"ch":24,"sticky":null},"text":["r"],"removed":[""],"origin":"+input"}
2019-3-12 19:19:28.722#change#{"from":{"line":0,"ch":25,"sticky":null},"to":{"line":0,"ch":25,"sticky":null},"text":["a"],"removed":[""],"origin":"+input"}
2019-3-12 19:19:28.955#change#{"from":{"line":0,"ch":26,"sticky":null},"to":{"line":0,"ch":26,"sticky":null},"text":["l"],"removed":[""],"origin":"+input"}
2019-3-12 19:19:29.884#change#{"from":{"line":0,"ch":27,"sticky":null},"to":{"line":0,"ch":27,"sticky":null},"text":[" "],"removed":[""],"origin":"+input"}
2019-3-12 19:19:30.642#change#{"from":{"line":0,"ch":28,"sticky":null},"to":{"line":0,"ch":28,"sticky":null},"text":["d"],"removed":[""],"origin":"+input"}
2019-3-12 19:19:30.828#change#{"from":{"line":0,"ch":29,"sticky":null},"to":{"line":0,"ch":29,"sticky":null},"text":["o"],"removed":[""],"origin":"+input"}
2019-3-12 19:19:30.949#change#{"from":{"line":0,"ch":30,"sticky":null},"to":{"line":0,"ch":30,"sticky":null},"text":[" "],"removed":[""],"origin":"+input"}
2019-3-12 19:19:32.211#change#{"from":{"line":0,"ch":31,"sticky":null},"to":{"line":0,"ch":31,"sticky":null},"text":["A"],"removed":[""],"origin":"+input"}
2019-3-12 19:19:32.747#change#{"from":{"line":0,"ch":32,"sticky":null},"to":{"line":0,"ch":32,"sticky":null},"text":["m"],"removed":[""],"origin":"+input"}
2019-3-12 19:19:33.180#change#{"from":{"line":0,"ch":33,"sticky":null},"to":{"line":0,"ch":33,"sticky":null},"text":["a"],"removed":[""],"origin":"+input"}
2019-3-12 19:19:33.754#change#{"from":{"line":0,"ch":34,"sticky":null},"to":{"line":0,"ch":34,"sticky":null},"text":["z"],"removed":[""],"origin":"+input"}
2019-3-12 19:19:33.956#change#{"from":{"line":0,"ch":35,"sticky":null},"to":{"line":0,"ch":35,"sticky":null},"text":["o"],"removed":[""],"origin":"+input"}
2019-3-12 19:19:34.243#change#{"from":{"line":0,"ch":36,"sticky":null},"to":{"line":0,"ch":36,"sticky":null},"text":["n"],"removed":[""],"origin":"+input"}
2019-3-12 19:19:34.394#change#{"from":{"line":0,"ch":37,"sticky":null},"to":{"line":0,"ch":37,"sticky":null},"text":["a"],"removed":[""],"origin":"+input"}
2019-3-12 19:19:34.566#change#{"from":{"line":0,"ch":38,"sticky":null},"to":{"line":0,"ch":38,"sticky":null},"text":["s"],"removed":[""],"origin":"+input"}
2019-3-12 19:19:37.971#change#{"from":{"line":0,"ch":39,"sticky":null},"to":{"line":0,"ch":39,"sticky":null},"text":["8"],"removed":[""],"origin":"+input"}
2019-3-12 19:19:38.994#change#{"from":{"line":0,"ch":40,"sticky":null},"to":{"line":0,"ch":40,"sticky":null},"text":["0"],"removed":[""],"origin":"+input"}
2019-3-12 19:19:40.719#change#{"from":{"line":0,"ch":40,"sticky":"after"},"to":{"line":0,"ch":41,"sticky":null},"text":[""],"removed":["0"],"origin":"+delete"}
2019-3-12 19:19:40.719#keyHandled#"Backspace"
2019-3-12 19:19:40.998#change#{"from":{"line":0,"ch":39,"sticky":"after"},"to":{"line":0,"ch":40,"sticky":null},"text":[""],"removed":["8"],"origin":"+delete"}
2019-3-12 19:19:40.998#keyHandled#"Backspace"
2019-3-12 19:19:43.870#change#{"from":{"line":0,"ch":39,"sticky":null},"to":{"line":0,"ch":39,"sticky":null},"text":["*"],"removed":[""],"origin":"+input"}
2019-3-12 19:19:49.155#change#{"from":{"line":0,"ch":40,"sticky":null},"to":{"line":0,"ch":40,"sticky":null},"text":[")"],"removed":[""],"origin":"+input"}
2019-3-12 19:19:55.292#blur#
2019-3-12 19:20:09.932#mousedown#{"isTrusted":true}
2019-3-12 19:20:09.938#focus#
2019-3-12 19:20:10.017#mousedown#{"isTrusted":true}
2019-3-12 19:20:11.800#dblclick#{"isTrusted":true}
2019-3-12 19:20:12.191#mousedown#{"isTrusted":true}
2019-3-12 19:20:12.241#mousedown#{"isTrusted":true}
2019-3-12 19:20:12.286#dblclick#{"isTrusted":true}
2019-3-12 19:20:13.175#mousedown#{"isTrusted":true}
2019-3-12 19:20:14.355#mousedown#{"isTrusted":true}
2019-3-12 19:20:14.381#mousedown#{"isTrusted":true}
2019-3-12 19:20:14.407#dblclick#{"isTrusted":true}
2019-3-12 19:20:18.327#mousedown#{"isTrusted":true}
2019-3-12 19:20:18.359#mousedown#{"isTrusted":true}
2019-3-12 19:20:18.383#dblclick#{"isTrusted":true}
2019-3-12 19:20:23.408#mousedown#{"isTrusted":true}
2019-3-12 19:20:29.561#keyHandled#"Left"
2019-3-12 19:20:30.029#keyHandled#"Left"
2019-3-12 19:20:30.077#keyHandled#"Left"
2019-3-12 19:20:30.358#keyHandled#"Left"
2019-3-12 19:20:30.623#keyHandled#"Left"
2019-3-12 19:20:30.830#keyHandled#"Left"
2019-3-12 19:20:31.047#keyHandled#"Left"
2019-3-12 19:20:31.271#keyHandled#"Left"
2019-3-12 19:20:31.455#keyHandled#"Left"
2019-3-12 19:20:31.651#keyHandled#"Left"
2019-3-12 19:20:31.863#keyHandled#"Left"
2019-3-12 19:20:32.420#keyHandled#"Left"
2019-3-12 19:20:32.467#keyHandled#"Left"
2019-3-12 19:20:32.848#keyHandled#"Left"
2019-3-12 19:20:32.954#keyHandled#"Left"
2019-3-12 19:20:32.964#keyHandled#"Left"
2019-3-12 19:20:33.000#keyHandled#"Left"
2019-3-12 19:20:33.051#keyHandled#"Left"
2019-3-12 19:20:33.121#keyHandled#"Left"
2019-3-12 19:20:33.173#keyHandled#"Left"
2019-3-12 19:20:33.222#keyHandled#"Left"
2019-3-12 19:20:33.284#keyHandled#"Left"
2019-3-12 19:20:33.321#keyHandled#"Left"
2019-3-12 19:20:33.394#keyHandled#"Left"
2019-3-12 19:20:33.427#keyHandled#"Left"
2019-3-12 19:20:33.479#keyHandled#"Left"
2019-3-12 19:20:33.524#keyHandled#"Left"
2019-3-12 19:20:33.706#keyHandled#"Left"
2019-3-12 19:20:33.927#keyHandled#"Left"
2019-3-12 19:20:34.119#keyHandled#"Left"
2019-3-12 19:20:34.286#keyHandled#"Left"
2019-3-12 19:20:34.487#keyHandled#"Left"
2019-3-12 19:20:35.011#keyHandled#"Left"
2019-3-12 19:20:35.031#keyHandled#"Left"
2019-3-12 19:20:35.464#keyHandled#"Left"
2019-3-12 19:20:36.826#keyHandled#"Right"
2019-3-12 19:20:37.486#keyHandled#"Left"
2019-3-12 19:20:37.751#keyHandled#"Left"
2019-3-12 19:20:38.529#keyHandled#"Left"
2019-3-12 19:20:39.495#keyHandled#"Right"
2019-3-12 19:20:42.888#keyHandled#"Right"
2019-3-12 19:20:45.693#change#{"from":{"line":0,"ch":5,"sticky":"before"},"to":{"line":0,"ch":5,"sticky":"before"},"text":[" "],"removed":[""],"origin":"+input"}
2019-3-12 19:21:05.697#mousedown#{"isTrusted":true}
2019-3-12 19:21:09.879#keyHandled#"Left"
2019-3-12 19:21:10.379#keyHandled#"Left"
2019-3-12 19:21:10.429#keyHandled#"Left"
2019-3-12 19:21:10.479#keyHandled#"Left"
2019-3-12 19:21:10.532#keyHandled#"Left"
2019-3-12 19:21:10.580#keyHandled#"Left"
2019-3-12 19:21:10.672#keyHandled#"Left"
2019-3-12 19:21:10.730#keyHandled#"Left"
2019-3-12 19:21:10.789#keyHandled#"Left"
2019-3-12 19:21:10.834#keyHandled#"Left"
2019-3-12 19:21:10.895#keyHandled#"Left"
2019-3-12 19:21:10.953#keyHandled#"Left"
2019-3-12 19:21:10.996#keyHandled#"Left"
2019-3-12 19:21:11.067#keyHandled#"Left"
2019-3-12 19:21:11.097#keyHandled#"Left"
2019-3-12 19:21:11.147#keyHandled#"Left"
2019-3-12 19:21:11.203#keyHandled#"Left"
2019-3-12 19:21:11.250#keyHandled#"Left"
2019-3-12 19:21:11.297#keyHandled#"Left"
2019-3-12 19:21:11.351#keyHandled#"Left"
2019-3-12 19:21:11.398#keyHandled#"Left"
2019-3-12 19:21:11.463#keyHandled#"Left"
2019-3-12 19:21:11.528#keyHandled#"Left"
2019-3-12 19:21:11.587#keyHandled#"Left"
2019-3-12 19:21:11.629#keyHandled#"Left"
2019-3-12 19:21:11.685#keyHandled#"Left"
2019-3-12 19:21:11.729#keyHandled#"Left"
2019-3-12 19:21:11.793#keyHandled#"Left"
2019-3-12 19:21:11.829#keyHandled#"Left"
2019-3-12 19:21:11.896#keyHandled#"Left"
2019-3-12 19:21:11.929#keyHandled#"Left"
2019-3-12 19:21:11.980#keyHandled#"Left"
2019-3-12 19:21:12.199#keyHandled#"Left"
2019-3-12 19:21:12.433#keyHandled#"Left"
2019-3-12 19:21:12.618#keyHandled#"Left"
2019-3-12 19:21:12.823#keyHandled#"Left"
2019-3-12 19:21:13.041#keyHandled#"Left"
2019-3-12 19:21:14.231#keyHandled#"Right"
2019-3-12 19:21:15.209#change#{"from":{"line":0,"ch":5,"sticky":"after"},"to":{"line":0,"ch":6,"sticky":"before"},"text":[""],"removed":[" "],"origin":"+delete"}
2019-3-12 19:21:15.209#keyHandled#"Backspace"
2019-3-12 19:21:17.336#keyHandled#"Right"
2019-3-12 19:21:17.828#keyHandled#"Right"
2019-3-12 19:21:19.963#change#{"from":{"line":0,"ch":7,"sticky":"before"},"to":{"line":0,"ch":7,"sticky":"before"},"text":[" "],"removed":[""],"origin":"+input"}
2019-3-12 19:21:24.241#keyHandled#"Right"
2019-3-12 19:21:24.960#keyHandled#"Right"
2019-3-12 19:21:25.487#keyHandled#"Right"
2019-3-12 19:21:25.855#keyHandled#"Right"
2019-3-12 19:21:26.081#keyHandled#"Right"
2019-3-12 19:21:26.522#keyHandled#"Right"
2019-3-12 19:21:26.994#keyHandled#"Right"
2019-3-12 19:21:27.002#keyHandled#"Right"
2019-3-12 19:21:27.127#keyHandled#"Right"
2019-3-12 19:21:27.319#keyHandled#"Right"
2019-3-12 19:21:27.520#keyHandled#"Right"
2019-3-12 19:21:27.845#keyHandled#"Right"
2019-3-12 19:21:28.210#keyHandled#"Right"
2019-3-12 19:21:28.217#keyHandled#"Right"
2019-3-12 19:21:28.320#keyHandled#"Right"
2019-3-12 19:21:28.881#keyHandled#"Right"
2019-3-12 19:21:28.929#keyHandled#"Right"
2019-3-12 19:21:28.984#keyHandled#"Right"
2019-3-12 19:21:29.029#keyHandled#"Right"
2019-3-12 19:21:29.080#keyHandled#"Right"
2019-3-12 19:21:29.130#keyHandled#"Right"
2019-3-12 19:21:29.192#keyHandled#"Right"
2019-3-12 19:21:29.230#keyHandled#"Right"
2019-3-12 19:21:29.282#keyHandled#"Right"
2019-3-12 19:21:29.335#keyHandled#"Right"
2019-3-12 19:21:29.382#keyHandled#"Right"
2019-3-12 19:21:29.434#keyHandled#"Right"
2019-3-12 19:21:29.482#keyHandled#"Right"
2019-3-12 19:21:29.534#keyHandled#"Right"
2019-3-12 19:21:29.583#keyHandled#"Right"
2019-3-12 19:21:29.951#keyHandled#"Right"
2019-3-12 19:21:30.252#keyHandled#"Right"
2019-3-12 19:21:30.419#keyHandled#"Right"
2019-3-12 19:21:32.835#change#{"from":{"line":0,"ch":41,"sticky":"before"},"to":{"line":0,"ch":41,"sticky":"before"},"text":[" "],"removed":[""],"origin":"+input"}
2019-3-12 19:21:36.137#change#{"from":{"line":0,"ch":41,"sticky":"after"},"to":{"line":0,"ch":42,"sticky":null},"text":[""],"removed":[" "],"origin":"+delete"}
2019-3-12 19:21:36.137#keyHandled#"Backspace"
2019-3-12 19:21:38.288#keyHandled#"Left"
2019-3-12 19:21:38.785#keyHandled#"Left"
2019-3-12 19:21:38.835#keyHandled#"Left"
2019-3-12 19:21:38.886#keyHandled#"Left"
2019-3-12 19:21:38.935#keyHandled#"Left"
2019-3-12 19:21:38.987#keyHandled#"Left"
2019-3-12 19:21:39.036#keyHandled#"Left"
2019-3-12 19:21:39.096#keyHandled#"Left"
2019-3-12 19:21:39.136#keyHandled#"Left"
2019-3-12 19:21:39.185#keyHandled#"Left"
2019-3-12 19:21:39.236#keyHandled#"Left"
2019-3-12 19:21:39.286#keyHandled#"Left"
2019-3-12 19:21:39.335#keyHandled#"Left"
2019-3-12 19:21:39.399#keyHandled#"Left"
2019-3-12 19:21:39.441#keyHandled#"Left"
2019-3-12 19:21:39.493#keyHandled#"Left"
2019-3-12 19:21:39.543#keyHandled#"Left"
2019-3-12 19:21:39.594#keyHandled#"Left"
2019-3-12 19:21:39.644#keyHandled#"Left"
2019-3-12 19:21:40.761#keyHandled#"Left"
2019-3-12 19:21:41.056#keyHandled#"Left"
2019-3-12 19:21:41.557#keyHandled#"Left"
2019-3-12 19:21:41.606#keyHandled#"Left"
2019-3-12 19:21:41.873#keyHandled#"Left"
2019-3-12 19:21:41.923#keyHandled#"Left"
2019-3-12 19:21:41.983#keyHandled#"Left"
2019-3-12 19:21:42.199#keyHandled#"Left"
2019-3-12 19:21:42.416#keyHandled#"Left"
2019-3-12 19:21:42.634#keyHandled#"Left"
2019-3-12 19:21:42.927#keyHandled#"Left"
2019-3-12 19:21:43.007#keyHandled#"Left"
2019-3-12 19:21:43.192#keyHandled#"Left"
2019-3-12 19:21:43.376#keyHandled#"Left"
2019-3-12 19:21:43.603#keyHandled#"Left"
2019-3-12 19:21:44.540#keyHandled#"Right"
2019-3-12 19:21:45.112#change#{"from":{"line":0,"ch":7,"sticky":"after"},"to":{"line":0,"ch":8,"sticky":"before"},"text":[""],"removed":[" "],"origin":"+delete"}
2019-3-12 19:21:45.112#keyHandled#"Backspace"
2019-3-12 19:21:56.040#change#{"from":{"line":0,"ch":6,"sticky":"after"},"to":{"line":0,"ch":7,"sticky":null},"text":[""],"removed":["*"],"origin":"+delete"}
2019-3-12 19:21:56.040#keyHandled#"Backspace"
2019-3-12 19:22:01.045#change#{"from":{"line":0,"ch":6,"sticky":null},"to":{"line":0,"ch":6,"sticky":null},"text":["\""],"removed":[""],"origin":"+input"}
2019-3-12 19:22:03.207#keyHandled#"Right"
2019-3-12 19:22:03.947#keyHandled#"Right"
2019-3-12 19:22:04.021#keyHandled#"Right"
2019-3-12 19:22:04.592#keyHandled#"Right"
2019-3-12 19:22:04.749#keyHandled#"Right"
2019-3-12 19:22:04.793#keyHandled#"Right"
2019-3-12 19:22:04.852#keyHandled#"Right"
2019-3-12 19:22:04.894#keyHandled#"Right"
2019-3-12 19:22:05.116#keyHandled#"Right"
2019-3-12 19:22:05.304#keyHandled#"Right"
2019-3-12 19:22:05.535#keyHandled#"Right"
2019-3-12 19:22:05.671#keyHandled#"Right"
2019-3-12 19:22:05.850#keyHandled#"Right"
2019-3-12 19:22:06.046#keyHandled#"Right"
2019-3-12 19:22:06.261#keyHandled#"Right"
2019-3-12 19:22:06.644#keyHandled#"Right"
2019-3-12 19:22:06.651#keyHandled#"Right"
2019-3-12 19:22:06.835#keyHandled#"Right"
2019-3-12 19:22:07.007#keyHandled#"Right"
2019-3-12 19:22:07.231#keyHandled#"Right"
2019-3-12 19:22:07.447#keyHandled#"Right"
2019-3-12 19:22:07.625#keyHandled#"Right"
2019-3-12 19:22:07.808#keyHandled#"Right"
2019-3-12 19:22:07.992#keyHandled#"Right"
2019-3-12 19:22:08.192#keyHandled#"Right"
2019-3-12 19:22:08.394#keyHandled#"Right"
2019-3-12 19:22:08.599#keyHandled#"Right"
2019-3-12 19:22:08.864#keyHandled#"Right"
2019-3-12 19:22:08.999#keyHandled#"Right"
2019-3-12 19:22:09.208#keyHandled#"Right"
2019-3-12 19:22:09.429#keyHandled#"Right"
2019-3-12 19:22:09.656#keyHandled#"Right"
2019-3-12 19:22:10.752#keyHandled#"Left"
2019-3-12 19:22:12.794#change#{"from":{"line":0,"ch":39,"sticky":"after"},"to":{"line":0,"ch":40,"sticky":"after"},"text":[""],"removed":["*"],"origin":"+delete"}
2019-3-12 19:22:12.794#keyHandled#"Backspace"
2019-3-12 19:22:14.804#change#{"from":{"line":0,"ch":39,"sticky":null},"to":{"line":0,"ch":39,"sticky":null},"text":["\""],"removed":[""],"origin":"+input"}
2019-3-12 19:22:21.171#change#{"from":{"line":0,"ch":40,"sticky":null},"to":{"line":0,"ch":40,"sticky":null},"text":["",""],"removed":[""],"origin":"+input"}
2019-3-12 19:22:21.171#change#{"from":{"line":1,"ch":0,"sticky":null},"to":{"line":1,"ch":0,"sticky":null},"text":["\t  "],"removed":[""],"origin":"+input"}
2019-3-12 19:22:21.171#keyHandled#"Enter"
2019-3-12 19:22:21.180#viewportChange#0
2019-3-12 19:22:25.987#change#{"from":{"line":1,"ch":2,"sticky":"after"},"to":{"line":1,"ch":3,"sticky":null},"text":[""],"removed":[" "],"origin":"+delete"}
2019-3-12 19:22:25.987#keyHandled#"Backspace"
2019-3-12 19:22:26.945#change#{"from":{"line":1,"ch":1,"sticky":"after"},"to":{"line":1,"ch":2,"sticky":null},"text":[""],"removed":[" "],"origin":"+delete"}
2019-3-12 19:22:26.945#keyHandled#"Backspace"
2019-3-12 19:22:27.445#change#{"from":{"line":1,"ch":0,"sticky":"after"},"to":{"line":1,"ch":1,"sticky":null},"text":[""],"removed":["\t"],"origin":"+delete"}
2019-3-12 19:22:27.445#keyHandled#"Backspace"
2019-3-12 19:22:27.498#change#{"from":{"line":0,"ch":40,"sticky":"before"},"to":{"line":1,"ch":0,"sticky":null},"text":[""],"removed":["",""],"origin":"+delete"}
2019-3-12 19:22:27.498#keyHandled#"Backspace"
2019-3-12 19:22:27.505#viewportChange#0
2019-3-12 19:22:27.544#change#{"from":{"line":0,"ch":39,"sticky":"after"},"to":{"line":0,"ch":40,"sticky":null},"text":[""],"removed":["\""],"origin":"+delete"}
2019-3-12 19:22:27.544#keyHandled#"Backspace"
2019-3-12 19:22:27.594#change#{"from":{"line":0,"ch":38,"sticky":"after"},"to":{"line":0,"ch":39,"sticky":null},"text":[""],"removed":["s"],"origin":"+delete"}
2019-3-12 19:22:27.594#keyHandled#"Backspace"
2019-3-12 19:22:27.644#change#{"from":{"line":0,"ch":37,"sticky":"after"},"to":{"line":0,"ch":38,"sticky":null},"text":[""],"removed":["a"],"origin":"+delete"}
2019-3-12 19:22:27.644#keyHandled#"Backspace"
2019-3-12 19:22:27.694#change#{"from":{"line":0,"ch":36,"sticky":"after"},"to":{"line":0,"ch":37,"sticky":null},"text":[""],"removed":["n"],"origin":"+delete"}
2019-3-12 19:22:27.694#keyHandled#"Backspace"
2019-3-12 19:22:27.744#change#{"from":{"line":0,"ch":35,"sticky":"after"},"to":{"line":0,"ch":36,"sticky":null},"text":[""],"removed":["o"],"origin":"+delete"}
2019-3-12 19:22:27.744#keyHandled#"Backspace"
2019-3-12 19:22:27.794#change#{"from":{"line":0,"ch":34,"sticky":"after"},"to":{"line":0,"ch":35,"sticky":null},"text":[""],"removed":["z"],"origin":"+delete"}
2019-3-12 19:22:27.794#keyHandled#"Backspace"
2019-3-12 19:22:27.844#change#{"from":{"line":0,"ch":33,"sticky":"after"},"to":{"line":0,"ch":34,"sticky":null},"text":[""],"removed":["a"],"origin":"+delete"}
2019-3-12 19:22:27.844#keyHandled#"Backspace"
2019-3-12 19:22:28.136#change#{"from":{"line":0,"ch":32,"sticky":"after"},"to":{"line":0,"ch":33,"sticky":null},"text":[""],"removed":["m"],"origin":"+delete"}
2019-3-12 19:22:28.136#keyHandled#"Backspace"
2019-3-12 19:22:30.124#change#{"from":{"line":0,"ch":32,"sticky":null},"to":{"line":0,"ch":32,"sticky":null},"text":["m"],"removed":[""],"origin":"+input"}
2019-3-12 19:22:30.301#change#{"from":{"line":0,"ch":33,"sticky":null},"to":{"line":0,"ch":33,"sticky":null},"text":["a"],"removed":[""],"origin":"+input"}
2019-3-12 19:22:30.555#change#{"from":{"line":0,"ch":34,"sticky":null},"to":{"line":0,"ch":34,"sticky":null},"text":["z"],"removed":[""],"origin":"+input"}
2019-3-12 19:22:30.732#change#{"from":{"line":0,"ch":35,"sticky":null},"to":{"line":0,"ch":35,"sticky":null},"text":["o"],"removed":[""],"origin":"+input"}
2019-3-12 19:22:31.021#change#{"from":{"line":0,"ch":36,"sticky":null},"to":{"line":0,"ch":36,"sticky":null},"text":["n"],"removed":[""],"origin":"+input"}
2019-3-12 19:22:31.199#change#{"from":{"line":0,"ch":37,"sticky":null},"to":{"line":0,"ch":37,"sticky":null},"text":["a"],"removed":[""],"origin":"+input"}
2019-3-12 19:22:31.404#change#{"from":{"line":0,"ch":38,"sticky":null},"to":{"line":0,"ch":38,"sticky":null},"text":["s"],"removed":[""],"origin":"+input"}
2019-3-12 19:22:33.836#change#{"from":{"line":0,"ch":39,"sticky":null},"to":{"line":0,"ch":39,"sticky":null},"text":["\""],"removed":[""],"origin":"+input"}
2019-3-12 19:22:38.304#mousedown#{"isTrusted":true}
2019-3-12 19:22:38.360#mousedown#{"isTrusted":true}
2019-3-12 19:22:38.424#dblclick#{"isTrusted":true}
2019-3-12 19:22:40.419#blur#
2019-3-12 19:22:40.419#blur#
