== TEST (2019-03-12 19:36:25) 
-- CODE:
round(250, 6)
-- OUTPUT:
75
*-*-*-*-*-*-*-*-*-*-*-*-*-*-*-*-*-*-*-*-*-*-*-*
== TEST (2019-03-12 19:36:48) 
-- CODE:
round(x, n)
-- ERROR:
Traceback (most recent call last):
  File "XXXX", line 1, in <module>
    round(x, n)
NameError: name 'x' is not defined
*-*-*-*-*-*-*-*-*-*-*-*-*-*-*-*-*-*-*-*-*-*-*-*
== TEST (2019-03-12 19:36:52) 
-- CODE:
round(x, n)
-- ERROR:
Traceback (most recent call last):
  File "XXXX", line 1, in <module>
    round(x, n)
NameError: name 'x' is not defined
*-*-*-*-*-*-*-*-*-*-*-*-*-*-*-*-*-*-*-*-*-*-*-*
== TEST (2019-03-12 19:37:54) 
-- CODE:
round(250,6)
-- ERROR:
Traceback (most recent call last):
  File "XXXX", line 1, in <module>
    round(x, n)
NameError: name 'x' is not defined
*-*-*-*-*-*-*-*-*-*-*-*-*-*-*-*-*-*-*-*-*-*-*-*
== TEST (2019-03-12 19:39:53) 
-- CODE:
print(250/6)
-- OUTPUT:
41.666666666666664
*-*-*-*-*-*-*-*-*-*-*-*-*-*-*-*-*-*-*-*-*-*-*-*
== TEST (2019-03-12 19:40:05) 
-- CODE:
print(250//6)
-- OUTPUT:
41
*-*-*-*-*-*-*-*-*-*-*-*-*-*-*-*-*-*-*-*-*-*-*-*
== TEST (2019-03-12 19:40:45) 
-- CODE:
print(250/6)
-- OUTPUT:
41.666666666666664
*-*-*-*-*-*-*-*-*-*-*-*-*-*-*-*-*-*-*-*-*-*-*-*
== SUBMITION (2019-03-12 19:41:40) 
-- CODE:
print(41)
-- EXECUTION TIME:
0.18484
-- TEST CASE 1:
---- input:
xxx
---- correct output:
41.67
---- user output:
41
-- GRADE:
0%
*-*-*-*-*-*-*-*-*-*-*-*-*-*-*-*-*-*-*-*-*-*-*-*
== TEST (2019-03-12 19:42:04) 
-- CODE:
print(250//6)
-- OUTPUT:
41
*-*-*-*-*-*-*-*-*-*-*-*-*-*-*-*-*-*-*-*-*-*-*-*
== SUBMITION (2019-03-12 19:42:07) 
-- CODE:
print(250//6)
-- EXECUTION TIME:
0.155824
-- TEST CASE 1:
---- input:
xxx
---- correct output:
41.67
---- user output:
41
-- GRADE:
0%
*-*-*-*-*-*-*-*-*-*-*-*-*-*-*-*-*-*-*-*-*-*-*-*
== TEST (2019-03-12 19:43:08) 
-- CODE:
print(250/6)
-- OUTPUT:
41.666666666666664
*-*-*-*-*-*-*-*-*-*-*-*-*-*-*-*-*-*-*-*-*-*-*-*
== TEST (2019-03-12 19:44:36) 
-- CODE:
round(250/6, 2)
-- OUTPUT:
41.666666666666664
*-*-*-*-*-*-*-*-*-*-*-*-*-*-*-*-*-*-*-*-*-*-*-*
== TEST (2019-03-12 19:45:08) 
-- CODE:
print(round(250/6, 2))
-- OUTPUT:
41.67
*-*-*-*-*-*-*-*-*-*-*-*-*-*-*-*-*-*-*-*-*-*-*-*
== SUBMITION (2019-03-12 19:45:12) 
-- CODE:
print(round(250/6, 2))
-- EXECUTION TIME:
0.152044
-- TEST CASE 1:
---- input:
xxx
---- correct output:
41.67
---- user output:
41.67
-- GRADE:
100%
*-*-*-*-*-*-*-*-*-*-*-*-*-*-*-*-*-*-*-*-*-*-*-*
