== SUBMITION (2019-03-21 22:04:26) 
-- CODE:
a = float(input())
b = float(input())
c = float(input())
d = float(input())

media = a + 2*b + 3*c + 4*d / 10
print(media)
-- EXECUTION TIME:
0.197535
-- TEST CASE 1:
---- input:
8
8.5
7
9
---- correct output:
8.2
---- user output:
49.6
-- TEST CASE 2:
---- input:
7
7
7
7
---- correct output:
7.0
---- user output:
44.8
-- TEST CASE 3:
---- input:
5.75
6.9
7.95
8.99
---- correct output:
7.94
---- user output:
46.99600000000001
-- GRADE:
0%
*-*-*-*-*-*-*-*-*-*-*-*-*-*-*-*-*-*-*-*-*-*-*-*
== SUBMITION (2019-03-21 22:04:35) 
-- CODE:
a = float(input())
b = float(input())
c = float(input())
d = float(input())

media = a + 2*b + 3*c + 4*d / 10
print(round(media,2))
-- EXECUTION TIME:
0.156286
-- TEST CASE 1:
---- input:
8
8.5
7
9
---- correct output:
8.2
---- user output:
49.6
-- TEST CASE 2:
---- input:
7
7
7
7
---- correct output:
7.0
---- user output:
44.8
-- TEST CASE 3:
---- input:
5.75
6.9
7.95
8.99
---- correct output:
7.94
---- user output:
47.0
-- GRADE:
0%
*-*-*-*-*-*-*-*-*-*-*-*-*-*-*-*-*-*-*-*-*-*-*-*
== SUBMITION (2019-03-21 22:05:01) 
-- CODE:
a = float(input())
b = float(input())
c = float(input())
d = float(input())

media = (a + 2*b + 3*c + 4*d) / 10
print(round(media,2))
-- EXECUTION TIME:
0.172673
-- TEST CASE 1:
---- input:
8
8.5
7
9
---- correct output:
8.2
---- user output:
8.2
-- TEST CASE 2:
---- input:
7
7
7
7
---- correct output:
7.0
---- user output:
7.0
-- TEST CASE 3:
---- input:
5.75
6.9
7.95
8.99
---- correct output:
7.94
---- user output:
7.94
-- GRADE:
100%
*-*-*-*-*-*-*-*-*-*-*-*-*-*-*-*-*-*-*-*-*-*-*-*
== SUBMITION (2019-04-07 19:08:11) 
-- CODE:
a = float(input())
b = float(input())
c = float(input())
d = float(input())

media = (a + 2*b + 3*c + 4*d) / 10
print(round(media,2))
-- EXECUTION TIME:
0.169817
-- TEST CASE 1:
---- input:
8
8.5
7
9
---- correct output:
8.2
---- user output:
8.2
-- TEST CASE 2:
---- input:
7
7
7
7
---- correct output:
7.0
---- user output:
7.0
-- TEST CASE 3:
---- input:
5.75
6.9
7.95
8.99
---- correct output:
7.94
---- user output:
7.94
-- GRADE:
100%
*-*-*-*-*-*-*-*-*-*-*-*-*-*-*-*-*-*-*-*-*-*-*-*
