2019-4-29 16:01:31.608#viewportChange#0
2019-4-29 16:15:09.858#mousedown#{"isTrusted":true}
2019-4-29 16:15:09.869#focus#
2019-4-29 16:16:02.615#mousedown#{"isTrusted":true}
2019-4-29 16:16:03.512#change#{"from":{"line":0,"ch":0,"sticky":"after","xRel":23.08331298828125},"to":{"line":0,"ch":0,"sticky":"after","xRel":23.08331298828125},"text":["f"],"removed":[""],"origin":"+input"}
2019-4-29 16:16:03.701#change#{"from":{"line":0,"ch":1,"sticky":null},"to":{"line":0,"ch":1,"sticky":null},"text":["r"],"removed":[""],"origin":"+input"}
2019-4-29 16:16:03.883#change#{"from":{"line":0,"ch":2,"sticky":null},"to":{"line":0,"ch":2,"sticky":null},"text":["o"],"removed":[""],"origin":"+input"}
2019-4-29 16:16:04.121#change#{"from":{"line":0,"ch":3,"sticky":null},"to":{"line":0,"ch":3,"sticky":null},"text":["m"],"removed":[""],"origin":"+input"}
2019-4-29 16:16:04.681#change#{"from":{"line":0,"ch":4,"sticky":null},"to":{"line":0,"ch":4,"sticky":null},"text":[" "],"removed":[""],"origin":"+input"}
2019-4-29 16:16:05.287#change#{"from":{"line":0,"ch":5,"sticky":null},"to":{"line":0,"ch":5,"sticky":null},"text":["m"],"removed":[""],"origin":"+input"}
2019-4-29 16:16:05.447#change#{"from":{"line":0,"ch":6,"sticky":null},"to":{"line":0,"ch":6,"sticky":null},"text":["a"],"removed":[""],"origin":"+input"}
2019-4-29 16:16:05.718#change#{"from":{"line":0,"ch":7,"sticky":null},"to":{"line":0,"ch":7,"sticky":null},"text":["t"],"removed":[""],"origin":"+input"}
2019-4-29 16:16:05.966#change#{"from":{"line":0,"ch":8,"sticky":null},"to":{"line":0,"ch":8,"sticky":null},"text":["h"],"removed":[""],"origin":"+input"}
2019-4-29 16:16:06.818#change#{"from":{"line":0,"ch":9,"sticky":null},"to":{"line":0,"ch":9,"sticky":null},"text":[" "],"removed":[""],"origin":"+input"}
2019-4-29 16:16:07.526#change#{"from":{"line":0,"ch":10,"sticky":null},"to":{"line":0,"ch":10,"sticky":null},"text":["i"],"removed":[""],"origin":"+input"}
2019-4-29 16:16:07.792#change#{"from":{"line":0,"ch":11,"sticky":null},"to":{"line":0,"ch":11,"sticky":null},"text":["m"],"removed":[""],"origin":"+input"}
2019-4-29 16:16:08.121#change#{"from":{"line":0,"ch":12,"sticky":null},"to":{"line":0,"ch":12,"sticky":null},"text":["p"],"removed":[""],"origin":"+input"}
2019-4-29 16:16:08.299#change#{"from":{"line":0,"ch":13,"sticky":null},"to":{"line":0,"ch":13,"sticky":null},"text":["o"],"removed":[""],"origin":"+input"}
2019-4-29 16:16:08.650#change#{"from":{"line":0,"ch":14,"sticky":null},"to":{"line":0,"ch":14,"sticky":null},"text":["r"],"removed":[""],"origin":"+input"}
2019-4-29 16:16:08.839#change#{"from":{"line":0,"ch":15,"sticky":null},"to":{"line":0,"ch":15,"sticky":null},"text":["t"],"removed":[""],"origin":"+input"}
2019-4-29 16:16:09.258#change#{"from":{"line":0,"ch":16,"sticky":null},"to":{"line":0,"ch":16,"sticky":null},"text":["e"],"removed":[""],"origin":"+input"}
2019-4-29 16:16:10.583#change#{"from":{"line":0,"ch":16,"sticky":"after"},"to":{"line":0,"ch":17,"sticky":null},"text":[""],"removed":["e"],"origin":"+delete"}
2019-4-29 16:16:10.583#keyHandled#"Backspace"
2019-4-29 16:16:11.458#change#{"from":{"line":0,"ch":16,"sticky":null},"to":{"line":0,"ch":16,"sticky":null},"text":["*"],"removed":[""],"origin":"+input"}
2019-4-29 16:16:16.648#change#{"from":{"line":0,"ch":17,"sticky":null},"to":{"line":0,"ch":17,"sticky":null},"text":["",""],"removed":[""],"origin":"+input"}
2019-4-29 16:16:16.648#keyHandled#"Enter"
2019-4-29 16:16:16.662#viewportChange#0
2019-4-29 16:17:27.288#mousedown#{"isTrusted":true}
2019-4-29 16:17:28.749#change#{"from":{"line":1,"ch":0,"sticky":"after","xRel":2.08331298828125},"to":{"line":1,"ch":0,"sticky":"after","xRel":2.08331298828125},"text":["x"],"removed":[""],"origin":"+input"}
2019-4-29 16:17:29.305#change#{"from":{"line":1,"ch":1,"sticky":null},"to":{"line":1,"ch":1,"sticky":null},"text":[" "],"removed":[""],"origin":"+input"}
2019-4-29 16:17:31.102#change#{"from":{"line":1,"ch":2,"sticky":null},"to":{"line":1,"ch":2,"sticky":null},"text":["i"],"removed":[""],"origin":"+input"}
2019-4-29 16:17:32.492#change#{"from":{"line":1,"ch":2,"sticky":"after"},"to":{"line":1,"ch":3,"sticky":null},"text":[""],"removed":["i"],"origin":"+delete"}
2019-4-29 16:17:32.492#keyHandled#"Backspace"
2019-4-29 16:17:33.648#change#{"from":{"line":1,"ch":2,"sticky":null},"to":{"line":1,"ch":2,"sticky":null},"text":["f"],"removed":[""],"origin":"+input"}
2019-4-29 16:17:33.810#change#{"from":{"line":1,"ch":3,"sticky":null},"to":{"line":1,"ch":3,"sticky":null},"text":["l"],"removed":[""],"origin":"+input"}
2019-4-29 16:17:33.968#change#{"from":{"line":1,"ch":4,"sticky":null},"to":{"line":1,"ch":4,"sticky":null},"text":["o"],"removed":[""],"origin":"+input"}
2019-4-29 16:17:34.162#change#{"from":{"line":1,"ch":5,"sticky":null},"to":{"line":1,"ch":5,"sticky":null},"text":["a"],"removed":[""],"origin":"+input"}
2019-4-29 16:17:34.409#change#{"from":{"line":1,"ch":6,"sticky":null},"to":{"line":1,"ch":6,"sticky":null},"text":["t"],"removed":[""],"origin":"+input"}
2019-4-29 16:17:36.869#change#{"from":{"line":1,"ch":6,"sticky":"after"},"to":{"line":1,"ch":7,"sticky":null},"text":[""],"removed":["t"],"origin":"+delete"}
2019-4-29 16:17:36.869#keyHandled#"Backspace"
2019-4-29 16:17:37.063#change#{"from":{"line":1,"ch":5,"sticky":"after"},"to":{"line":1,"ch":6,"sticky":null},"text":[""],"removed":["a"],"origin":"+delete"}
2019-4-29 16:17:37.063#keyHandled#"Backspace"
2019-4-29 16:17:37.277#change#{"from":{"line":1,"ch":4,"sticky":"after"},"to":{"line":1,"ch":5,"sticky":null},"text":[""],"removed":["o"],"origin":"+delete"}
2019-4-29 16:17:37.277#keyHandled#"Backspace"
2019-4-29 16:17:37.486#change#{"from":{"line":1,"ch":3,"sticky":"after"},"to":{"line":1,"ch":4,"sticky":null},"text":[""],"removed":["l"],"origin":"+delete"}
2019-4-29 16:17:37.486#keyHandled#"Backspace"
2019-4-29 16:17:37.697#change#{"from":{"line":1,"ch":2,"sticky":"after"},"to":{"line":1,"ch":3,"sticky":null},"text":[""],"removed":["f"],"origin":"+delete"}
2019-4-29 16:17:37.697#keyHandled#"Backspace"
2019-4-29 16:17:37.914#change#{"from":{"line":1,"ch":1,"sticky":"after"},"to":{"line":1,"ch":2,"sticky":null},"text":[""],"removed":[" "],"origin":"+delete"}
2019-4-29 16:17:37.914#keyHandled#"Backspace"
2019-4-29 16:17:38.239#change#{"from":{"line":1,"ch":0,"sticky":"after"},"to":{"line":1,"ch":1,"sticky":null},"text":[""],"removed":["x"],"origin":"+delete"}
2019-4-29 16:17:38.240#keyHandled#"Backspace"
2019-4-29 16:17:39.066#change#{"from":{"line":1,"ch":0,"sticky":null},"to":{"line":1,"ch":0,"sticky":null},"text":["x"],"removed":[""],"origin":"+input"}
2019-4-29 16:17:39.533#change#{"from":{"line":1,"ch":1,"sticky":null},"to":{"line":1,"ch":1,"sticky":null},"text":[" "],"removed":[""],"origin":"+input"}
2019-4-29 16:17:39.868#change#{"from":{"line":1,"ch":2,"sticky":null},"to":{"line":1,"ch":2,"sticky":null},"text":["="],"removed":[""],"origin":"+input"}
2019-4-29 16:17:40.256#change#{"from":{"line":1,"ch":3,"sticky":null},"to":{"line":1,"ch":3,"sticky":null},"text":[" "],"removed":[""],"origin":"+input"}
2019-4-29 16:17:40.914#change#{"from":{"line":1,"ch":4,"sticky":null},"to":{"line":1,"ch":4,"sticky":null},"text":["f"],"removed":[""],"origin":"+input"}
2019-4-29 16:17:41.230#change#{"from":{"line":1,"ch":5,"sticky":null},"to":{"line":1,"ch":5,"sticky":null},"text":["l"],"removed":[""],"origin":"+input"}
2019-4-29 16:17:41.418#change#{"from":{"line":1,"ch":6,"sticky":null},"to":{"line":1,"ch":6,"sticky":null},"text":["o"],"removed":[""],"origin":"+input"}
2019-4-29 16:17:41.571#change#{"from":{"line":1,"ch":7,"sticky":null},"to":{"line":1,"ch":7,"sticky":null},"text":["a"],"removed":[""],"origin":"+input"}
2019-4-29 16:17:41.772#change#{"from":{"line":1,"ch":8,"sticky":null},"to":{"line":1,"ch":8,"sticky":null},"text":["t"],"removed":[""],"origin":"+input"}
2019-4-29 16:17:43.639#change#{"from":{"line":1,"ch":9,"sticky":null},"to":{"line":1,"ch":9,"sticky":null},"text":["()"],"removed":[""],"origin":"+input"}
2019-4-29 16:17:43.639#keyHandled#"'('"
2019-4-29 16:17:44.718#change#{"from":{"line":1,"ch":10,"sticky":"after"},"to":{"line":1,"ch":10,"sticky":"after"},"text":["i"],"removed":[""],"origin":"+input"}
2019-4-29 16:17:45.005#change#{"from":{"line":1,"ch":11,"sticky":null},"to":{"line":1,"ch":11,"sticky":null},"text":["n"],"removed":[""],"origin":"+input"}
2019-4-29 16:17:45.395#change#{"from":{"line":1,"ch":12,"sticky":null},"to":{"line":1,"ch":12,"sticky":null},"text":["p"],"removed":[""],"origin":"+input"}
2019-4-29 16:17:45.728#change#{"from":{"line":1,"ch":13,"sticky":null},"to":{"line":1,"ch":13,"sticky":null},"text":["u"],"removed":[""],"origin":"+input"}
2019-4-29 16:17:45.982#change#{"from":{"line":1,"ch":14,"sticky":null},"to":{"line":1,"ch":14,"sticky":null},"text":["t"],"removed":[""],"origin":"+input"}
2019-4-29 16:17:48.862#change#{"from":{"line":1,"ch":15,"sticky":null},"to":{"line":1,"ch":15,"sticky":null},"text":["()"],"removed":[""],"origin":"+input"}
2019-4-29 16:17:48.862#keyHandled#"'('"
2019-4-29 16:17:50.456#change#{"from":{"line":1,"ch":16,"sticky":"after"},"to":{"line":1,"ch":16,"sticky":"after"},"text":["\"\""],"removed":[""],"origin":"+input"}
2019-4-29 16:17:50.456#keyHandled#"'\"'"
2019-4-29 16:17:51.463#change#{"from":{"line":1,"ch":17,"sticky":"after"},"to":{"line":1,"ch":17,"sticky":"after"},"text":["D"],"removed":[""],"origin":"+input"}
2019-4-29 16:17:52.328#change#{"from":{"line":1,"ch":18,"sticky":null},"to":{"line":1,"ch":18,"sticky":null},"text":["i"],"removed":[""],"origin":"+input"}
2019-4-29 16:17:52.640#change#{"from":{"line":1,"ch":19,"sticky":null},"to":{"line":1,"ch":19,"sticky":null},"text":["g"],"removed":[""],"origin":"+input"}
2019-4-29 16:17:52.980#change#{"from":{"line":1,"ch":20,"sticky":null},"to":{"line":1,"ch":20,"sticky":null},"text":["i"],"removed":[""],"origin":"+input"}
2019-4-29 16:17:53.267#change#{"from":{"line":1,"ch":21,"sticky":null},"to":{"line":1,"ch":21,"sticky":null},"text":["t"],"removed":[""],"origin":"+input"}
2019-4-29 16:17:53.406#change#{"from":{"line":1,"ch":22,"sticky":null},"to":{"line":1,"ch":22,"sticky":null},"text":["e"],"removed":[""],"origin":"+input"}
2019-4-29 16:17:53.606#change#{"from":{"line":1,"ch":23,"sticky":null},"to":{"line":1,"ch":23,"sticky":null},"text":[" "],"removed":[""],"origin":"+input"}
2019-4-29 16:17:53.926#change#{"from":{"line":1,"ch":24,"sticky":null},"to":{"line":1,"ch":24,"sticky":null},"text":["o"],"removed":[""],"origin":"+input"}
2019-4-29 16:17:54.193#change#{"from":{"line":1,"ch":25,"sticky":null},"to":{"line":1,"ch":25,"sticky":null},"text":[" "],"removed":[""],"origin":"+input"}
2019-4-29 16:17:54.397#change#{"from":{"line":1,"ch":26,"sticky":null},"to":{"line":1,"ch":26,"sticky":null},"text":["v"],"removed":[""],"origin":"+input"}
2019-4-29 16:17:54.550#change#{"from":{"line":1,"ch":27,"sticky":null},"to":{"line":1,"ch":27,"sticky":null},"text":["a"],"removed":[""],"origin":"+input"}
2019-4-29 16:17:54.844#change#{"from":{"line":1,"ch":28,"sticky":null},"to":{"line":1,"ch":28,"sticky":null},"text":["l"],"removed":[""],"origin":"+input"}
2019-4-29 16:17:55.002#change#{"from":{"line":1,"ch":29,"sticky":null},"to":{"line":1,"ch":29,"sticky":null},"text":["o"],"removed":[""],"origin":"+input"}
2019-4-29 16:17:55.227#change#{"from":{"line":1,"ch":30,"sticky":null},"to":{"line":1,"ch":30,"sticky":null},"text":["r"],"removed":[""],"origin":"+input"}
2019-4-29 16:17:55.565#change#{"from":{"line":1,"ch":31,"sticky":null},"to":{"line":1,"ch":31,"sticky":null},"text":[" "],"removed":[""],"origin":"+input"}
2019-4-29 16:17:55.705#change#{"from":{"line":1,"ch":32,"sticky":null},"to":{"line":1,"ch":32,"sticky":null},"text":["d"],"removed":[""],"origin":"+input"}
2019-4-29 16:17:55.887#change#{"from":{"line":1,"ch":33,"sticky":null},"to":{"line":1,"ch":33,"sticky":null},"text":["e"],"removed":[""],"origin":"+input"}
2019-4-29 16:17:56.092#change#{"from":{"line":1,"ch":34,"sticky":null},"to":{"line":1,"ch":34,"sticky":null},"text":[" "],"removed":[""],"origin":"+input"}
2019-4-29 16:17:56.795#change#{"from":{"line":1,"ch":35,"sticky":null},"to":{"line":1,"ch":35,"sticky":null},"text":["x"],"removed":[""],"origin":"+input"}
2019-4-29 16:17:58.224#keyHandled#"Right"
2019-4-29 16:17:58.513#keyHandled#"Right"
2019-4-29 16:17:59.302#keyHandled#"Left"
2019-4-29 16:17:59.459#keyHandled#"Left"
2019-4-29 16:18:01.611#change#{"from":{"line":1,"ch":36,"sticky":"after"},"to":{"line":1,"ch":36,"sticky":"after"},"text":[":"],"removed":[""],"origin":"+input"}
2019-4-29 16:18:05.967#mousedown#{"isTrusted":true}
2019-4-29 16:18:15.950#change#{"from":{"line":1,"ch":40,"sticky":null,"xRel":1,"outside":true},"to":{"line":1,"ch":40,"sticky":null,"xRel":1,"outside":true},"text":["",""],"removed":[""],"origin":"+input"}
2019-4-29 16:18:15.950#keyHandled#"Enter"
2019-4-29 16:18:15.962#viewportChange#0
2019-4-29 16:19:03.672#change#{"from":{"line":2,"ch":0,"sticky":null},"to":{"line":2,"ch":0,"sticky":null},"text":["i"],"removed":[""],"origin":"+input"}
2019-4-29 16:19:04.012#change#{"from":{"line":2,"ch":1,"sticky":null},"to":{"line":2,"ch":1,"sticky":null},"text":["f"],"removed":[""],"origin":"+input"}
2019-4-29 16:19:06.143#change#{"from":{"line":2,"ch":2,"sticky":null},"to":{"line":2,"ch":2,"sticky":null},"text":[" "],"removed":[""],"origin":"+input"}
2019-4-29 16:19:06.510#change#{"from":{"line":2,"ch":3,"sticky":null},"to":{"line":2,"ch":3,"sticky":null},"text":["()"],"removed":[""],"origin":"+input"}
2019-4-29 16:19:06.510#keyHandled#"'('"
2019-4-29 16:19:19.298#change#{"from":{"line":2,"ch":4,"sticky":"after"},"to":{"line":2,"ch":4,"sticky":"after"},"text":["x"],"removed":[""],"origin":"+input"}
2019-4-29 16:19:21.426#change#{"from":{"line":2,"ch":5,"sticky":null},"to":{"line":2,"ch":5,"sticky":null},"text":["<"],"removed":[""],"origin":"+input"}
2019-4-29 16:19:22.467#change#{"from":{"line":2,"ch":6,"sticky":null},"to":{"line":2,"ch":6,"sticky":null},"text":["="],"removed":[""],"origin":"+input"}
2019-4-29 16:19:24.198#change#{"from":{"line":2,"ch":7,"sticky":null},"to":{"line":2,"ch":7,"sticky":null},"text":["-"],"removed":[""],"origin":"+input"}
2019-4-29 16:19:24.687#change#{"from":{"line":2,"ch":8,"sticky":null},"to":{"line":2,"ch":8,"sticky":null},"text":["1"],"removed":[""],"origin":"+input"}
2019-4-29 16:19:26.254#mousedown#{"isTrusted":true}
2019-4-29 16:19:27.690#mousedown#{"isTrusted":true}
2019-4-29 16:19:28.293#change#{"from":{"line":2,"ch":5,"sticky":"after","xRel":0.41668701171875},"to":{"line":2,"ch":5,"sticky":"after","xRel":0.41668701171875},"text":[" "],"removed":[""],"origin":"+input"}
2019-4-29 16:19:29.073#mousedown#{"isTrusted":true}
2019-4-29 16:19:29.390#change#{"from":{"line":2,"ch":8,"sticky":"after","xRel":1.61669921875},"to":{"line":2,"ch":8,"sticky":"after","xRel":1.61669921875},"text":[" "],"removed":[""],"origin":"+input"}
2019-4-29 16:19:30.058#mousedown#{"isTrusted":true}
2019-4-29 16:19:31.205#change#{"from":{"line":2,"ch":12,"sticky":"before","xRel":-0.1166839599609375},"to":{"line":2,"ch":12,"sticky":"before","xRel":-0.1166839599609375},"text":["a"],"removed":[""],"origin":"+input"}
2019-4-29 16:19:31.851#change#{"from":{"line":2,"ch":12,"sticky":"after"},"to":{"line":2,"ch":13,"sticky":null},"text":[""],"removed":["a"],"origin":"+delete"}
2019-4-29 16:19:31.851#keyHandled#"Backspace"
2019-4-29 16:19:32.677#change#{"from":{"line":2,"ch":12,"sticky":null},"to":{"line":2,"ch":12,"sticky":null},"text":[" "],"removed":[""],"origin":"+input"}
2019-4-29 16:19:32.838#change#{"from":{"line":2,"ch":13,"sticky":null},"to":{"line":2,"ch":13,"sticky":null},"text":["a"],"removed":[""],"origin":"+input"}
2019-4-29 16:19:32.953#change#{"from":{"line":2,"ch":14,"sticky":null},"to":{"line":2,"ch":14,"sticky":null},"text":["n"],"removed":[""],"origin":"+input"}
2019-4-29 16:19:33.246#change#{"from":{"line":2,"ch":15,"sticky":null},"to":{"line":2,"ch":15,"sticky":null},"text":["d"],"removed":[""],"origin":"+input"}
2019-4-29 16:20:41.446#viewportChange#0
2019-4-29 16:20:43.678#mousedown#{"isTrusted":true}
2019-4-29 16:20:43.701#focus#
2019-4-29 16:20:46.624#mousedown#{"isTrusted":true}
2019-4-29 16:20:47.567#change#{"from":{"line":2,"ch":15,"sticky":"after"},"to":{"line":2,"ch":16,"sticky":"before","xRel":-1.8500213623046875},"text":[""],"removed":["d"],"origin":"+delete"}
2019-4-29 16:20:47.567#keyHandled#"Backspace"
2019-4-29 16:20:47.793#change#{"from":{"line":2,"ch":14,"sticky":"after"},"to":{"line":2,"ch":15,"sticky":null},"text":[""],"removed":["n"],"origin":"+delete"}
2019-4-29 16:20:47.793#keyHandled#"Backspace"
2019-4-29 16:20:48.075#change#{"from":{"line":2,"ch":13,"sticky":"after"},"to":{"line":2,"ch":14,"sticky":null},"text":[""],"removed":["a"],"origin":"+delete"}
2019-4-29 16:20:48.075#keyHandled#"Backspace"
2019-4-29 16:20:48.865#change#{"from":{"line":2,"ch":12,"sticky":"after"},"to":{"line":2,"ch":13,"sticky":null},"text":[""],"removed":[" "],"origin":"+delete"}
2019-4-29 16:20:48.865#keyHandled#"Backspace"
2019-4-29 16:20:49.661#change#{"from":{"line":2,"ch":12,"sticky":null},"to":{"line":2,"ch":12,"sticky":null},"text":[" "],"removed":[""],"origin":"+input"}
2019-4-29 16:20:49.966#change#{"from":{"line":2,"ch":13,"sticky":null},"to":{"line":2,"ch":13,"sticky":null},"text":["o"],"removed":[""],"origin":"+input"}
2019-4-29 16:20:50.300#change#{"from":{"line":2,"ch":14,"sticky":null},"to":{"line":2,"ch":14,"sticky":null},"text":["r"],"removed":[""],"origin":"+input"}
2019-4-29 16:20:52.883#change#{"from":{"line":2,"ch":15,"sticky":null},"to":{"line":2,"ch":15,"sticky":null},"text":[" "],"removed":[""],"origin":"+input"}
2019-4-29 16:20:53.994#change#{"from":{"line":2,"ch":16,"sticky":null},"to":{"line":2,"ch":16,"sticky":null},"text":["()"],"removed":[""],"origin":"+input"}
2019-4-29 16:20:53.994#keyHandled#"'('"
2019-4-29 16:20:55.834#change#{"from":{"line":2,"ch":17,"sticky":"after"},"to":{"line":2,"ch":17,"sticky":"after"},"text":["x"],"removed":[""],"origin":"+input"}
2019-4-29 16:20:57.110#change#{"from":{"line":2,"ch":18,"sticky":null},"to":{"line":2,"ch":18,"sticky":null},"text":[" "],"removed":[""],"origin":"+input"}
2019-4-29 16:20:58.401#change#{"from":{"line":2,"ch":19,"sticky":null},"to":{"line":2,"ch":19,"sticky":null},"text":[">"],"removed":[""],"origin":"+input"}
2019-4-29 16:20:59.305#change#{"from":{"line":2,"ch":20,"sticky":null},"to":{"line":2,"ch":20,"sticky":null},"text":["-"],"removed":[""],"origin":"+input"}
2019-4-29 16:21:00.177#change#{"from":{"line":2,"ch":20,"sticky":"after"},"to":{"line":2,"ch":21,"sticky":null},"text":[""],"removed":["-"],"origin":"+delete"}
2019-4-29 16:21:00.177#keyHandled#"Backspace"
2019-4-29 16:21:00.532#change#{"from":{"line":2,"ch":20,"sticky":null},"to":{"line":2,"ch":20,"sticky":null},"text":["="],"removed":[""],"origin":"+input"}
2019-4-29 16:21:02.004#change#{"from":{"line":2,"ch":21,"sticky":null},"to":{"line":2,"ch":21,"sticky":null},"text":[" "],"removed":[""],"origin":"+input"}
2019-4-29 16:21:02.397#change#{"from":{"line":2,"ch":22,"sticky":null},"to":{"line":2,"ch":22,"sticky":null},"text":["1"],"removed":[""],"origin":"+input"}
2019-4-29 16:21:04.179#keyHandled#"Right"
2019-4-29 16:21:05.870#change#{"from":{"line":2,"ch":24,"sticky":"before"},"to":{"line":2,"ch":24,"sticky":"before"},"text":[" "],"removed":[""],"origin":"+input"}
2019-4-29 16:21:07.012#change#{"from":{"line":2,"ch":25,"sticky":null},"to":{"line":2,"ch":25,"sticky":null},"text":["o"],"removed":[""],"origin":"+input"}
2019-4-29 16:21:07.434#change#{"from":{"line":2,"ch":26,"sticky":null},"to":{"line":2,"ch":26,"sticky":null},"text":["r"],"removed":[""],"origin":"+input"}
2019-4-29 16:21:08.272#change#{"from":{"line":2,"ch":27,"sticky":null},"to":{"line":2,"ch":27,"sticky":null},"text":[" "],"removed":[""],"origin":"+input"}
2019-4-29 16:21:11.323#change#{"from":{"line":2,"ch":28,"sticky":null},"to":{"line":2,"ch":28,"sticky":null},"text":["()"],"removed":[""],"origin":"+input"}
2019-4-29 16:21:11.323#keyHandled#"'('"
2019-4-29 16:21:31.651#change#{"from":{"line":2,"ch":29,"sticky":"after"},"to":{"line":2,"ch":29,"sticky":"after"},"text":["-"],"removed":[""],"origin":"+input"}
2019-4-29 16:21:32.109#change#{"from":{"line":2,"ch":30,"sticky":null},"to":{"line":2,"ch":30,"sticky":null},"text":["1"],"removed":[""],"origin":"+input"}
2019-4-29 16:21:34.546#change#{"from":{"line":2,"ch":31,"sticky":null},"to":{"line":2,"ch":31,"sticky":null},"text":[" "],"removed":[""],"origin":"+input"}
2019-4-29 16:21:35.184#change#{"from":{"line":2,"ch":32,"sticky":null},"to":{"line":2,"ch":32,"sticky":null},"text":["<"],"removed":[""],"origin":"+input"}
2019-4-29 16:21:48.780#change#{"from":{"line":2,"ch":32,"sticky":"after"},"to":{"line":2,"ch":33,"sticky":null},"text":[""],"removed":["<"],"origin":"+delete"}
2019-4-29 16:21:48.780#keyHandled#"Backspace"
2019-4-29 16:21:49.053#change#{"from":{"line":2,"ch":31,"sticky":"after"},"to":{"line":2,"ch":32,"sticky":null},"text":[""],"removed":[" "],"origin":"+delete"}
2019-4-29 16:21:49.053#keyHandled#"Backspace"
2019-4-29 16:21:49.227#change#{"from":{"line":2,"ch":30,"sticky":"after"},"to":{"line":2,"ch":31,"sticky":null},"text":[""],"removed":["1"],"origin":"+delete"}
2019-4-29 16:21:49.227#keyHandled#"Backspace"
2019-4-29 16:21:49.667#change#{"from":{"line":2,"ch":29,"sticky":"after"},"to":{"line":2,"ch":30,"sticky":null},"text":[""],"removed":["-"],"origin":"+delete"}
2019-4-29 16:21:49.667#keyHandled#"Backspace"
2019-4-29 16:21:54.614#change#{"from":{"line":2,"ch":29,"sticky":null},"to":{"line":2,"ch":29,"sticky":null},"text":["x"],"removed":[""],"origin":"+input"}
2019-4-29 16:21:56.128#change#{"from":{"line":2,"ch":30,"sticky":null},"to":{"line":2,"ch":30,"sticky":null},"text":[" "],"removed":[""],"origin":"+input"}
2019-4-29 16:21:56.963#change#{"from":{"line":2,"ch":31,"sticky":null},"to":{"line":2,"ch":31,"sticky":null},"text":[">"],"removed":[""],"origin":"+input"}
2019-4-29 16:21:58.015#change#{"from":{"line":2,"ch":32,"sticky":null},"to":{"line":2,"ch":32,"sticky":null},"text":[" "],"removed":[""],"origin":"+input"}
2019-4-29 16:21:59.393#change#{"from":{"line":2,"ch":33,"sticky":null},"to":{"line":2,"ch":33,"sticky":null},"text":["-"],"removed":[""],"origin":"+input"}
2019-4-29 16:21:59.962#change#{"from":{"line":2,"ch":34,"sticky":null},"to":{"line":2,"ch":34,"sticky":null},"text":["1"],"removed":[""],"origin":"+input"}
2019-4-29 16:22:19.245#keyHandled#"Right"
2019-4-29 16:22:27.035#change#{"from":{"line":2,"ch":36,"sticky":"before"},"to":{"line":2,"ch":36,"sticky":"before"},"text":[" "],"removed":[""],"origin":"+input"}
2019-4-29 16:22:27.633#change#{"from":{"line":2,"ch":37,"sticky":null},"to":{"line":2,"ch":37,"sticky":null},"text":["o"],"removed":[""],"origin":"+input"}
2019-4-29 16:22:27.912#change#{"from":{"line":2,"ch":38,"sticky":null},"to":{"line":2,"ch":38,"sticky":null},"text":["r"],"removed":[""],"origin":"+input"}
2019-4-29 16:22:28.863#change#{"from":{"line":2,"ch":39,"sticky":null},"to":{"line":2,"ch":39,"sticky":null},"text":[" "],"removed":[""],"origin":"+input"}
2019-4-29 16:22:29.837#change#{"from":{"line":2,"ch":40,"sticky":null},"to":{"line":2,"ch":40,"sticky":null},"text":["()"],"removed":[""],"origin":"+input"}
2019-4-29 16:22:29.837#keyHandled#"'('"
2019-4-29 16:22:30.375#change#{"from":{"line":2,"ch":41,"sticky":"after"},"to":{"line":2,"ch":41,"sticky":"after"},"text":["x"],"removed":[""],"origin":"+input"}
2019-4-29 16:22:33.586#change#{"from":{"line":2,"ch":42,"sticky":null},"to":{"line":2,"ch":42,"sticky":null},"text":[" "],"removed":[""],"origin":"+input"}
2019-4-29 16:22:33.976#change#{"from":{"line":2,"ch":43,"sticky":null},"to":{"line":2,"ch":43,"sticky":null},"text":["<"],"removed":[""],"origin":"+input"}
2019-4-29 16:22:34.831#change#{"from":{"line":2,"ch":44,"sticky":null},"to":{"line":2,"ch":44,"sticky":null},"text":[" "],"removed":[""],"origin":"+input"}
2019-4-29 16:22:35.051#change#{"from":{"line":2,"ch":45,"sticky":null},"to":{"line":2,"ch":45,"sticky":null},"text":["0"],"removed":[""],"origin":"+input"}
2019-4-29 16:22:40.077#mousedown#{"isTrusted":true}
2019-4-29 16:22:41.204#change#{"from":{"line":2,"ch":47,"sticky":"before","xRel":15.216690063476562},"to":{"line":2,"ch":47,"sticky":"before","xRel":15.216690063476562},"text":[" "],"removed":[""],"origin":"+input"}
2019-4-29 16:22:41.383#change#{"from":{"line":2,"ch":48,"sticky":null},"to":{"line":2,"ch":48,"sticky":null},"text":["o"],"removed":[""],"origin":"+input"}
2019-4-29 16:22:41.766#change#{"from":{"line":2,"ch":49,"sticky":null},"to":{"line":2,"ch":49,"sticky":null},"text":["r"],"removed":[""],"origin":"+input"}
2019-4-29 16:22:42.439#change#{"from":{"line":2,"ch":50,"sticky":null},"to":{"line":2,"ch":50,"sticky":null},"text":[" "],"removed":[""],"origin":"+input"}
2019-4-29 16:22:43.514#change#{"from":{"line":2,"ch":51,"sticky":null},"to":{"line":2,"ch":51,"sticky":null},"text":["()"],"removed":[""],"origin":"+input"}
2019-4-29 16:22:43.514#keyHandled#"'('"
2019-4-29 16:22:51.996#change#{"from":{"line":2,"ch":52,"sticky":"after"},"to":{"line":2,"ch":52,"sticky":"after"},"text":["x"],"removed":[""],"origin":"+input"}
2019-4-29 16:22:54.622#change#{"from":{"line":2,"ch":53,"sticky":null},"to":{"line":2,"ch":53,"sticky":null},"text":[">"],"removed":[""],"origin":"+input"}
2019-4-29 16:22:55.722#change#{"from":{"line":2,"ch":53,"sticky":"after"},"to":{"line":2,"ch":54,"sticky":null},"text":[""],"removed":[">"],"origin":"+delete"}
2019-4-29 16:22:55.722#keyHandled#"Backspace"
2019-4-29 16:22:56.005#change#{"from":{"line":2,"ch":53,"sticky":null},"to":{"line":2,"ch":53,"sticky":null},"text":[" "],"removed":[""],"origin":"+input"}
2019-4-29 16:22:56.515#change#{"from":{"line":2,"ch":54,"sticky":null},"to":{"line":2,"ch":54,"sticky":null},"text":[">"],"removed":[""],"origin":"+input"}
2019-4-29 16:22:57.108#change#{"from":{"line":2,"ch":55,"sticky":null},"to":{"line":2,"ch":55,"sticky":null},"text":[" "],"removed":[""],"origin":"+input"}
2019-4-29 16:22:57.900#change#{"from":{"line":2,"ch":56,"sticky":null},"to":{"line":2,"ch":56,"sticky":null},"text":["0"],"removed":[""],"origin":"+input"}
2019-4-29 16:23:02.764#mousedown#{"isTrusted":true}
2019-4-29 16:23:03.109#change#{"from":{"line":2,"ch":58,"sticky":"before","xRel":42.94996643066406},"to":{"line":2,"ch":58,"sticky":"before","xRel":42.94996643066406},"text":[" "],"removed":[""],"origin":"+input"}
2019-4-29 16:23:03.854#change#{"from":{"line":2,"ch":59,"sticky":null},"to":{"line":2,"ch":59,"sticky":null},"text":["o"],"removed":[""],"origin":"+input"}
2019-4-29 16:23:04.015#change#{"from":{"line":2,"ch":60,"sticky":null},"to":{"line":2,"ch":60,"sticky":null},"text":["r"],"removed":[""],"origin":"+input"}
2019-4-29 16:23:08.634#change#{"from":{"line":2,"ch":61,"sticky":null},"to":{"line":2,"ch":61,"sticky":null},"text":[" "],"removed":[""],"origin":"+input"}
2019-4-29 16:23:09.747#change#{"from":{"line":2,"ch":62,"sticky":null},"to":{"line":2,"ch":62,"sticky":null},"text":["()"],"removed":[""],"origin":"+input"}
2019-4-29 16:23:09.747#keyHandled#"'('"
2019-4-29 16:23:10.822#change#{"from":{"line":2,"ch":63,"sticky":"after"},"to":{"line":2,"ch":63,"sticky":"after"},"text":["x"],"removed":[""],"origin":"+input"}
2019-4-29 16:23:12.912#change#{"from":{"line":2,"ch":64,"sticky":null},"to":{"line":2,"ch":64,"sticky":null},"text":[" "],"removed":[""],"origin":"+input"}
2019-4-29 16:23:13.386#change#{"from":{"line":2,"ch":65,"sticky":null},"to":{"line":2,"ch":65,"sticky":null},"text":["<"],"removed":[""],"origin":"+input"}
2019-4-29 16:23:13.976#change#{"from":{"line":2,"ch":66,"sticky":null},"to":{"line":2,"ch":66,"sticky":null},"text":[" "],"removed":[""],"origin":"+input"}
2019-4-29 16:23:14.449#change#{"from":{"line":2,"ch":67,"sticky":null},"to":{"line":2,"ch":67,"sticky":null},"text":["0"],"removed":[""],"origin":"+input"}
2019-4-29 16:23:16.222#mousedown#{"isTrusted":true}
2019-4-29 16:23:17.557#change#{"from":{"line":2,"ch":69,"sticky":"before","xRel":26.683364868164062},"to":{"line":2,"ch":69,"sticky":"before","xRel":26.683364868164062},"text":[":"],"removed":[""],"origin":"+input"}
2019-4-29 16:35:37.527#viewportChange#0
2019-4-29 16:36:00.158#mousedown#{"isTrusted":true}
2019-4-29 16:36:00.185#focus#
2019-4-29 16:36:01.495#change#{"from":{"line":2,"ch":0,"sticky":"after","xRel":-1.91668701171875},"to":{"line":2,"ch":70,"sticky":null,"xRel":1,"outside":true},"text":[""],"removed":["if (x <= -1) or (x >= 1) or (x > -1) or (x < 0) or (x > 0) or (x < 0):"],"origin":"+delete"}
2019-4-29 16:36:01.495#keyHandled#"Backspace"
2019-4-29 16:36:34.382#blur#
2019-4-29 16:56:56.669#mousedown#{"isTrusted":true}
2019-4-29 16:56:56.682#focus#
2019-4-29 16:57:09.838#mousedown#{"isTrusted":true}
2019-4-29 16:57:11.453#change#{"from":{"line":1,"ch":40,"sticky":"before","xRel":61.75001525878906},"to":{"line":1,"ch":40,"sticky":"before","xRel":61.75001525878906},"text":["",""],"removed":[""],"origin":"+input"}
2019-4-29 16:57:11.453#keyHandled#"Enter"
2019-4-29 16:57:11.466#viewportChange#0
2019-4-29 16:57:17.143#change#{"from":{"line":2,"ch":0,"sticky":null},"to":{"line":2,"ch":0,"sticky":null},"text":["i"],"removed":[""],"origin":"+input"}
2019-4-29 16:57:17.504#change#{"from":{"line":2,"ch":1,"sticky":null},"to":{"line":2,"ch":1,"sticky":null},"text":["f"],"removed":[""],"origin":"+input"}
2019-4-29 16:57:18.572#change#{"from":{"line":2,"ch":2,"sticky":null},"to":{"line":2,"ch":2,"sticky":null},"text":[" "],"removed":[""],"origin":"+input"}
2019-4-29 16:57:19.977#change#{"from":{"line":2,"ch":3,"sticky":null},"to":{"line":2,"ch":3,"sticky":null},"text":["()"],"removed":[""],"origin":"+input"}
2019-4-29 16:57:19.977#keyHandled#"'('"
2019-4-29 16:57:24.445#change#{"from":{"line":2,"ch":4,"sticky":"after"},"to":{"line":2,"ch":4,"sticky":"after"},"text":["m"],"removed":[""],"origin":"+input"}
2019-4-29 16:57:24.805#change#{"from":{"line":2,"ch":5,"sticky":null},"to":{"line":2,"ch":5,"sticky":null},"text":["o"],"removed":[""],"origin":"+input"}
2019-4-29 16:57:26.285#change#{"from":{"line":2,"ch":5,"sticky":"after"},"to":{"line":2,"ch":6,"sticky":null},"text":[""],"removed":["o"],"origin":"+delete"}
2019-4-29 16:57:26.285#keyHandled#"Backspace"
2019-4-29 16:57:26.457#change#{"from":{"line":2,"ch":4,"sticky":"after"},"to":{"line":2,"ch":5,"sticky":null},"text":[""],"removed":["m"],"origin":"+delete"}
2019-4-29 16:57:26.457#keyHandled#"Backspace"
2019-4-29 16:57:26.979#change#{"from":{"line":2,"ch":3,"sticky":null},"to":{"line":2,"ch":5,"sticky":null},"text":[""],"removed":["()"],"origin":"+delete"}
2019-4-29 16:57:26.980#keyHandled#"Backspace"
2019-4-29 16:57:27.545#change#{"from":{"line":2,"ch":2,"sticky":"after"},"to":{"line":2,"ch":3,"sticky":null},"text":[""],"removed":[" "],"origin":"+delete"}
2019-4-29 16:57:27.545#keyHandled#"Backspace"
2019-4-29 16:57:28.447#change#{"from":{"line":2,"ch":2,"sticky":null},"to":{"line":2,"ch":2,"sticky":null},"text":[" "],"removed":[""],"origin":"+input"}
2019-4-29 16:57:33.256#change#{"from":{"line":2,"ch":3,"sticky":null},"to":{"line":2,"ch":3,"sticky":null},"text":["()"],"removed":[""],"origin":"+input"}
2019-4-29 16:57:33.256#keyHandled#"'('"
2019-4-29 16:57:39.444#change#{"from":{"line":2,"ch":4,"sticky":"after"},"to":{"line":2,"ch":4,"sticky":"after"},"text":["x"],"removed":[""],"origin":"+input"}
2019-4-29 16:57:41.138#change#{"from":{"line":2,"ch":5,"sticky":null},"to":{"line":2,"ch":5,"sticky":null},"text":["<"],"removed":[""],"origin":"+input"}
2019-4-29 16:57:42.355#change#{"from":{"line":2,"ch":6,"sticky":null},"to":{"line":2,"ch":6,"sticky":null},"text":["="],"removed":[""],"origin":"+input"}
2019-4-29 16:57:42.950#change#{"from":{"line":2,"ch":7,"sticky":null},"to":{"line":2,"ch":7,"sticky":null},"text":["-"],"removed":[""],"origin":"+input"}
2019-4-29 16:57:43.429#change#{"from":{"line":2,"ch":8,"sticky":null},"to":{"line":2,"ch":8,"sticky":null},"text":["1"],"removed":[""],"origin":"+input"}
2019-4-29 16:57:44.796#keyHandled#"Right"
2019-4-29 16:57:46.457#change#{"from":{"line":2,"ch":10,"sticky":"before"},"to":{"line":2,"ch":10,"sticky":"before"},"text":["a"],"removed":[""],"origin":"+input"}
2019-4-29 16:57:46.625#change#{"from":{"line":2,"ch":11,"sticky":null},"to":{"line":2,"ch":11,"sticky":null},"text":["n"],"removed":[""],"origin":"+input"}
2019-4-29 16:57:46.853#change#{"from":{"line":2,"ch":12,"sticky":null},"to":{"line":2,"ch":12,"sticky":null},"text":["d"],"removed":[""],"origin":"+input"}
2019-4-29 16:57:49.154#change#{"from":{"line":2,"ch":13,"sticky":null},"to":{"line":2,"ch":13,"sticky":null},"text":["()"],"removed":[""],"origin":"+input"}
2019-4-29 16:57:49.154#keyHandled#"'('"
2019-4-29 16:57:51.726#change#{"from":{"line":2,"ch":14,"sticky":"after"},"to":{"line":2,"ch":14,"sticky":"after"},"text":["x"],"removed":[""],"origin":"+input"}
2019-4-29 16:57:52.862#change#{"from":{"line":2,"ch":15,"sticky":null},"to":{"line":2,"ch":15,"sticky":null},"text":[">"],"removed":[""],"origin":"+input"}
2019-4-29 16:57:54.802#change#{"from":{"line":2,"ch":16,"sticky":null},"to":{"line":2,"ch":16,"sticky":null},"text":["="],"removed":[""],"origin":"+input"}
2019-4-29 16:57:55.428#change#{"from":{"line":2,"ch":17,"sticky":null},"to":{"line":2,"ch":17,"sticky":null},"text":["1"],"removed":[""],"origin":"+input"}
2019-4-29 16:57:57.474#keyHandled#"Right"
2019-4-29 16:57:58.926#change#{"from":{"line":2,"ch":19,"sticky":"before"},"to":{"line":2,"ch":19,"sticky":"before"},"text":[":"],"removed":[""],"origin":"+input"}
2019-4-29 16:57:59.807#change#{"from":{"line":2,"ch":20,"sticky":null},"to":{"line":2,"ch":20,"sticky":null},"text":["",""],"removed":[""],"origin":"+input"}
2019-4-29 16:57:59.807#change#{"from":{"line":3,"ch":0,"sticky":null},"to":{"line":3,"ch":0,"sticky":null},"text":["\t"],"removed":[""],"origin":"+input"}
2019-4-29 16:57:59.807#keyHandled#"Enter"
2019-4-29 16:57:59.821#viewportChange#0
2019-4-29 16:59:20.016#change#{"from":{"line":3,"ch":1,"sticky":null},"to":{"line":3,"ch":1,"sticky":null},"text":["f"],"removed":[""],"origin":"+input"}
2019-4-29 16:59:21.732#change#{"from":{"line":3,"ch":2,"sticky":null},"to":{"line":3,"ch":2,"sticky":null},"text":["x"],"removed":[""],"origin":"+input"}
2019-4-29 16:59:22.573#change#{"from":{"line":3,"ch":3,"sticky":null},"to":{"line":3,"ch":3,"sticky":null},"text":[" "],"removed":[""],"origin":"+input"}
2019-4-29 16:59:23.425#change#{"from":{"line":3,"ch":4,"sticky":null},"to":{"line":3,"ch":4,"sticky":null},"text":["="],"removed":[""],"origin":"+input"}
2019-4-29 16:59:24.032#change#{"from":{"line":3,"ch":5,"sticky":null},"to":{"line":3,"ch":5,"sticky":null},"text":[" "],"removed":[""],"origin":"+input"}
2019-4-29 16:59:29.815#change#{"from":{"line":3,"ch":6,"sticky":null},"to":{"line":3,"ch":6,"sticky":null},"text":["x"],"removed":[""],"origin":"+input"}
2019-4-29 16:59:32.096#change#{"from":{"line":3,"ch":7,"sticky":null},"to":{"line":3,"ch":7,"sticky":null},"text":["8"],"removed":[""],"origin":"+input"}
2019-4-29 16:59:32.260#change#{"from":{"line":3,"ch":8,"sticky":null},"to":{"line":3,"ch":8,"sticky":null},"text":["8"],"removed":[""],"origin":"+input"}
2019-4-29 16:59:33.423#change#{"from":{"line":3,"ch":8,"sticky":"after"},"to":{"line":3,"ch":9,"sticky":null},"text":[""],"removed":["8"],"origin":"+delete"}
2019-4-29 16:59:33.423#keyHandled#"Backspace"
2019-4-29 16:59:33.707#change#{"from":{"line":3,"ch":7,"sticky":"after"},"to":{"line":3,"ch":8,"sticky":null},"text":[""],"removed":["8"],"origin":"+delete"}
2019-4-29 16:59:33.707#keyHandled#"Backspace"
2019-4-29 16:59:35.166#change#{"from":{"line":3,"ch":7,"sticky":null},"to":{"line":3,"ch":7,"sticky":null},"text":["*"],"removed":[""],"origin":"+input"}
2019-4-29 16:59:35.774#change#{"from":{"line":3,"ch":8,"sticky":null},"to":{"line":3,"ch":8,"sticky":null},"text":["*"],"removed":[""],"origin":"+input"}
2019-4-29 16:59:38.813#change#{"from":{"line":3,"ch":9,"sticky":null},"to":{"line":3,"ch":9,"sticky":null},"text":["()"],"removed":[""],"origin":"+input"}
2019-4-29 16:59:38.813#keyHandled#"'('"
2019-4-29 16:59:40.049#change#{"from":{"line":3,"ch":10,"sticky":"after"},"to":{"line":3,"ch":10,"sticky":"after"},"text":["1"],"removed":[""],"origin":"+input"}
2019-4-29 16:59:40.934#change#{"from":{"line":3,"ch":11,"sticky":null},"to":{"line":3,"ch":11,"sticky":null},"text":["/"],"removed":[""],"origin":"+input"}
2019-4-29 16:59:41.662#change#{"from":{"line":3,"ch":12,"sticky":null},"to":{"line":3,"ch":12,"sticky":null},"text":["2"],"removed":[""],"origin":"+input"}
2019-4-29 16:59:43.158#keyHandled#"Right"
2019-4-29 16:59:51.770#keyHandled#"Left"
2019-4-29 16:59:52.066#keyHandled#"Left"
2019-4-29 16:59:52.303#keyHandled#"Left"
2019-4-29 16:59:52.535#keyHandled#"Left"
2019-4-29 16:59:52.797#keyHandled#"Left"
2019-4-29 16:59:53.446#keyHandled#"Right"
2019-4-29 16:59:53.706#keyHandled#"Right"
2019-4-29 16:59:53.934#keyHandled#"Right"
2019-4-29 16:59:54.168#keyHandled#"Right"
2019-4-29 16:59:54.558#keyHandled#"Right"
2019-4-29 16:59:55.514#change#{"from":{"line":3,"ch":14,"sticky":"before"},"to":{"line":3,"ch":14,"sticky":"before"},"text":["",""],"removed":[""],"origin":"+input"}
2019-4-29 16:59:55.514#change#{"from":{"line":4,"ch":0,"sticky":null},"to":{"line":4,"ch":0,"sticky":null},"text":["\t"],"removed":[""],"origin":"+input"}
2019-4-29 16:59:55.514#keyHandled#"Enter"
2019-4-29 16:59:55.524#viewportChange#0
2019-4-29 16:59:57.071#change#{"from":{"line":4,"ch":2,"sticky":null},"to":{"line":4,"ch":2,"sticky":null},"text":["b"],"removed":[""],"origin":"+input"}
2019-4-29 16:59:57.271#change#{"from":{"line":4,"ch":3,"sticky":null},"to":{"line":4,"ch":3,"sticky":null},"text":["s"],"removed":[""],"origin":"+input"}
2019-4-29 16:59:59.494#change#{"from":{"line":4,"ch":4,"sticky":null},"to":{"line":4,"ch":4,"sticky":null},"text":["()"],"removed":[""],"origin":"+input"}
2019-4-29 16:59:59.495#keyHandled#"'('"
2019-4-29 17:00:01.047#change#{"from":{"line":4,"ch":4,"sticky":null},"to":{"line":4,"ch":6,"sticky":null},"text":[""],"removed":["()"],"origin":"+delete"}
2019-4-29 17:00:01.047#keyHandled#"Backspace"
2019-4-29 17:00:01.294#change#{"from":{"line":4,"ch":3,"sticky":"after"},"to":{"line":4,"ch":4,"sticky":null},"text":[""],"removed":["s"],"origin":"+delete"}
2019-4-29 17:00:01.294#keyHandled#"Backspace"
2019-4-29 17:00:11.502#change#{"from":{"line":4,"ch":3,"sticky":null},"to":{"line":4,"ch":3,"sticky":null},"text":["s"],"removed":[""],"origin":"+input"}
2019-4-29 17:00:12.923#change#{"from":{"line":4,"ch":4,"sticky":null},"to":{"line":4,"ch":4,"sticky":null},"text":["()"],"removed":[""],"origin":"+input"}
2019-4-29 17:00:12.923#keyHandled#"'('"
2019-4-29 17:00:14.690#change#{"from":{"line":4,"ch":5,"sticky":"after"},"to":{"line":4,"ch":5,"sticky":"after"},"text":["f"],"removed":[""],"origin":"+input"}
2019-4-29 17:00:16.225#change#{"from":{"line":4,"ch":6,"sticky":null},"to":{"line":4,"ch":6,"sticky":null},"text":["x"],"removed":[""],"origin":"+input"}
2019-4-29 17:00:17.783#keyHandled#"Right"
2019-4-29 17:00:18.721#change#{"from":{"line":4,"ch":8,"sticky":"before"},"to":{"line":4,"ch":8,"sticky":"before"},"text":["",""],"removed":[""],"origin":"+input"}
2019-4-29 17:00:18.721#change#{"from":{"line":5,"ch":0,"sticky":null},"to":{"line":5,"ch":0,"sticky":null},"text":["\t"],"removed":[""],"origin":"+input"}
2019-4-29 17:00:18.721#keyHandled#"Enter"
2019-4-29 17:00:18.732#viewportChange#0
2019-4-29 17:00:19.828#change#{"from":{"line":5,"ch":1,"sticky":null},"to":{"line":5,"ch":1,"sticky":null},"text":["p"],"removed":[""],"origin":"+input"}
2019-4-29 17:00:20.034#change#{"from":{"line":5,"ch":2,"sticky":null},"to":{"line":5,"ch":2,"sticky":null},"text":["r"],"removed":[""],"origin":"+input"}
2019-4-29 17:00:20.251#change#{"from":{"line":5,"ch":3,"sticky":null},"to":{"line":5,"ch":3,"sticky":null},"text":["i"],"removed":[""],"origin":"+input"}
2019-4-29 17:00:20.506#change#{"from":{"line":5,"ch":4,"sticky":null},"to":{"line":5,"ch":4,"sticky":null},"text":["n"],"removed":[""],"origin":"+input"}
2019-4-29 17:00:20.773#change#{"from":{"line":5,"ch":5,"sticky":null},"to":{"line":5,"ch":5,"sticky":null},"text":["t"],"removed":[""],"origin":"+input"}
2019-4-29 17:00:22.040#change#{"from":{"line":5,"ch":6,"sticky":null},"to":{"line":5,"ch":6,"sticky":null},"text":["()"],"removed":[""],"origin":"+input"}
2019-4-29 17:00:22.040#keyHandled#"'('"
2019-4-29 17:01:15.819#change#{"from":{"line":5,"ch":7,"sticky":"after"},"to":{"line":5,"ch":7,"sticky":"after"},"text":["r"],"removed":[""],"origin":"+input"}
2019-4-29 17:01:16.126#change#{"from":{"line":5,"ch":8,"sticky":null},"to":{"line":5,"ch":8,"sticky":null},"text":["o"],"removed":[""],"origin":"+input"}
2019-4-29 17:01:16.402#change#{"from":{"line":5,"ch":9,"sticky":null},"to":{"line":5,"ch":9,"sticky":null},"text":["u"],"removed":[""],"origin":"+input"}
2019-4-29 17:01:16.678#change#{"from":{"line":5,"ch":10,"sticky":null},"to":{"line":5,"ch":10,"sticky":null},"text":["n"],"removed":[""],"origin":"+input"}
2019-4-29 17:01:16.866#change#{"from":{"line":5,"ch":11,"sticky":null},"to":{"line":5,"ch":11,"sticky":null},"text":["d"],"removed":[""],"origin":"+input"}
2019-4-29 17:01:18.120#change#{"from":{"line":5,"ch":12,"sticky":null},"to":{"line":5,"ch":12,"sticky":null},"text":["()"],"removed":[""],"origin":"+input"}
2019-4-29 17:01:18.120#keyHandled#"'('"
2019-4-29 17:01:19.191#change#{"from":{"line":5,"ch":13,"sticky":"after"},"to":{"line":5,"ch":13,"sticky":"after"},"text":["a"],"removed":[""],"origin":"+input"}
2019-4-29 17:01:20.181#change#{"from":{"line":5,"ch":14,"sticky":null},"to":{"line":5,"ch":14,"sticky":null},"text":["b"],"removed":[""],"origin":"+input"}
2019-4-29 17:01:20.371#change#{"from":{"line":5,"ch":15,"sticky":null},"to":{"line":5,"ch":15,"sticky":null},"text":["s"],"removed":[""],"origin":"+input"}
2019-4-29 17:01:30.028#mousedown#{"isTrusted":true}
2019-4-29 17:01:30.719#mousedown#{"isTrusted":true}
2019-4-29 17:01:31.454#change#{"from":{"line":4,"ch":6,"sticky":"after"},"to":{"line":4,"ch":7,"sticky":"after","xRel":3.566650390625},"text":[""],"removed":["x"],"origin":"+delete"}
2019-4-29 17:01:31.454#keyHandled#"Backspace"
2019-4-29 17:01:31.756#change#{"from":{"line":4,"ch":5,"sticky":"after"},"to":{"line":4,"ch":6,"sticky":null},"text":[""],"removed":["f"],"origin":"+delete"}
2019-4-29 17:01:31.756#keyHandled#"Backspace"
2019-4-29 17:01:31.991#change#{"from":{"line":4,"ch":4,"sticky":null},"to":{"line":4,"ch":6,"sticky":null},"text":[""],"removed":["()"],"origin":"+delete"}
2019-4-29 17:01:31.991#keyHandled#"Backspace"
2019-4-29 17:01:32.234#change#{"from":{"line":4,"ch":3,"sticky":"after"},"to":{"line":4,"ch":4,"sticky":null},"text":[""],"removed":["s"],"origin":"+delete"}
2019-4-29 17:01:32.234#keyHandled#"Backspace"
2019-4-29 17:01:32.496#change#{"from":{"line":4,"ch":2,"sticky":"after"},"to":{"line":4,"ch":3,"sticky":null},"text":[""],"removed":["b"],"origin":"+delete"}
2019-4-29 17:01:32.496#keyHandled#"Backspace"
2019-4-29 17:01:32.796#change#{"from":{"line":4,"ch":1,"sticky":"after"},"to":{"line":4,"ch":2,"sticky":null},"text":[""],"removed":["a"],"origin":"+delete"}
2019-4-29 17:01:32.796#keyHandled#"Backspace"
2019-4-29 17:01:33.042#change#{"from":{"line":4,"ch":0,"sticky":"after"},"to":{"line":4,"ch":1,"sticky":null},"text":[""],"removed":["\t"],"origin":"+delete"}
2019-4-29 17:01:33.042#keyHandled#"Backspace"
2019-4-29 17:01:33.358#change#{"from":{"line":3,"ch":14,"sticky":"before"},"to":{"line":4,"ch":0,"sticky":null},"text":[""],"removed":["",""],"origin":"+delete"}
2019-4-29 17:01:33.358#keyHandled#"Backspace"
2019-4-29 17:01:33.369#viewportChange#0
2019-4-29 17:01:34.943#mousedown#{"isTrusted":true}
2019-4-29 17:01:36.411#mousedown#{"isTrusted":true}
2019-4-29 17:01:36.699#change#{"from":{"line":3,"ch":13,"sticky":"after"},"to":{"line":3,"ch":14,"sticky":"before","xRel":1.033355712890625},"text":[""],"removed":[")"],"origin":"+delete"}
2019-4-29 17:01:36.699#keyHandled#"Backspace"
2019-4-29 17:01:37.201#change#{"from":{"line":3,"ch":12,"sticky":"after"},"to":{"line":3,"ch":13,"sticky":null},"text":[""],"removed":["2"],"origin":"+delete"}
2019-4-29 17:01:37.201#keyHandled#"Backspace"
2019-4-29 17:01:37.229#change#{"from":{"line":3,"ch":11,"sticky":"after"},"to":{"line":3,"ch":12,"sticky":null},"text":[""],"removed":["/"],"origin":"+delete"}
2019-4-29 17:01:37.230#keyHandled#"Backspace"
2019-4-29 17:01:37.260#change#{"from":{"line":3,"ch":10,"sticky":"after"},"to":{"line":3,"ch":11,"sticky":null},"text":[""],"removed":["1"],"origin":"+delete"}
2019-4-29 17:01:37.260#keyHandled#"Backspace"
2019-4-29 17:01:37.291#change#{"from":{"line":3,"ch":9,"sticky":"after"},"to":{"line":3,"ch":10,"sticky":null},"text":[""],"removed":["("],"origin":"+delete"}
2019-4-29 17:01:37.291#keyHandled#"Backspace"
2019-4-29 17:01:37.321#change#{"from":{"line":3,"ch":8,"sticky":"after"},"to":{"line":3,"ch":9,"sticky":null},"text":[""],"removed":["*"],"origin":"+delete"}
2019-4-29 17:01:37.321#keyHandled#"Backspace"
2019-4-29 17:01:37.351#change#{"from":{"line":3,"ch":7,"sticky":"after"},"to":{"line":3,"ch":8,"sticky":null},"text":[""],"removed":["*"],"origin":"+delete"}
2019-4-29 17:01:37.351#keyHandled#"Backspace"
2019-4-29 17:01:37.541#change#{"from":{"line":3,"ch":6,"sticky":"after"},"to":{"line":3,"ch":7,"sticky":null},"text":[""],"removed":["x"],"origin":"+delete"}
2019-4-29 17:01:37.541#keyHandled#"Backspace"
2019-4-29 17:01:37.725#change#{"from":{"line":3,"ch":5,"sticky":"after"},"to":{"line":3,"ch":6,"sticky":null},"text":[""],"removed":[" "],"origin":"+delete"}
2019-4-29 17:01:37.725#keyHandled#"Backspace"
2019-4-29 17:01:38.975#change#{"from":{"line":3,"ch":5,"sticky":null},"to":{"line":3,"ch":5,"sticky":null},"text":[" "],"removed":[""],"origin":"+input"}
2019-4-29 17:01:39.112#change#{"from":{"line":3,"ch":6,"sticky":null},"to":{"line":3,"ch":6,"sticky":null},"text":["a"],"removed":[""],"origin":"+input"}
2019-4-29 17:01:39.322#change#{"from":{"line":3,"ch":7,"sticky":null},"to":{"line":3,"ch":7,"sticky":null},"text":["b"],"removed":[""],"origin":"+input"}
2019-4-29 17:01:39.626#change#{"from":{"line":3,"ch":8,"sticky":null},"to":{"line":3,"ch":8,"sticky":null},"text":["s"],"removed":[""],"origin":"+input"}
2019-4-29 17:01:41.508#change#{"from":{"line":3,"ch":9,"sticky":null},"to":{"line":3,"ch":9,"sticky":null},"text":["()"],"removed":[""],"origin":"+input"}
2019-4-29 17:01:41.508#keyHandled#"'('"
2019-4-29 17:01:44.913#change#{"from":{"line":3,"ch":10,"sticky":"after"},"to":{"line":3,"ch":10,"sticky":"after"},"text":["x"],"removed":[""],"origin":"+input"}
2019-4-29 17:01:53.907#change#{"from":{"line":3,"ch":11,"sticky":null},"to":{"line":3,"ch":11,"sticky":null},"text":["*"],"removed":[""],"origin":"+input"}
2019-4-29 17:01:54.721#change#{"from":{"line":3,"ch":12,"sticky":null},"to":{"line":3,"ch":12,"sticky":null},"text":["*"],"removed":[""],"origin":"+input"}
2019-4-29 17:01:57.307#change#{"from":{"line":3,"ch":13,"sticky":null},"to":{"line":3,"ch":13,"sticky":null},"text":["()"],"removed":[""],"origin":"+input"}
2019-4-29 17:01:57.307#keyHandled#"'('"
2019-4-29 17:01:58.003#change#{"from":{"line":3,"ch":14,"sticky":"after"},"to":{"line":3,"ch":14,"sticky":"after"},"text":["1"],"removed":[""],"origin":"+input"}
2019-4-29 17:01:58.567#change#{"from":{"line":3,"ch":15,"sticky":null},"to":{"line":3,"ch":15,"sticky":null},"text":["/"],"removed":[""],"origin":"+input"}
2019-4-29 17:01:59.089#change#{"from":{"line":3,"ch":16,"sticky":null},"to":{"line":3,"ch":16,"sticky":null},"text":["2"],"removed":[""],"origin":"+input"}
2019-4-29 17:02:01.944#keyHandled#"Right"
2019-4-29 17:02:11.400#mousedown#{"isTrusted":true}
2019-4-29 17:02:12.679#change#{"from":{"line":4,"ch":15,"sticky":"after"},"to":{"line":4,"ch":16,"sticky":"before","xRel":-3.8333587646484375},"text":[""],"removed":["s"],"origin":"+delete"}
2019-4-29 17:02:12.679#keyHandled#"Backspace"
2019-4-29 17:02:12.923#change#{"from":{"line":4,"ch":14,"sticky":"after"},"to":{"line":4,"ch":15,"sticky":null},"text":[""],"removed":["b"],"origin":"+delete"}
2019-4-29 17:02:12.923#keyHandled#"Backspace"
2019-4-29 17:02:13.704#change#{"from":{"line":4,"ch":13,"sticky":"after"},"to":{"line":4,"ch":14,"sticky":null},"text":[""],"removed":["a"],"origin":"+delete"}
2019-4-29 17:02:13.704#keyHandled#"Backspace"
2019-4-29 17:02:14.709#change#{"from":{"line":4,"ch":13,"sticky":null},"to":{"line":4,"ch":13,"sticky":null},"text":["f"],"removed":[""],"origin":"+input"}
2019-4-29 17:02:15.875#change#{"from":{"line":4,"ch":14,"sticky":null},"to":{"line":4,"ch":14,"sticky":null},"text":["x"],"removed":[""],"origin":"+input"}
2019-4-29 17:02:18.737#change#{"from":{"line":4,"ch":15,"sticky":null},"to":{"line":4,"ch":15,"sticky":null},"text":[","],"removed":[""],"origin":"+input"}
2019-4-29 17:02:19.191#change#{"from":{"line":4,"ch":16,"sticky":null},"to":{"line":4,"ch":16,"sticky":null},"text":["2"],"removed":[""],"origin":"+input"}
2019-4-29 17:02:21.570#mousedown#{"isTrusted":true}
2019-4-29 17:02:24.437#change#{"from":{"line":4,"ch":19,"sticky":"before","xRel":6.3666534423828125},"to":{"line":4,"ch":19,"sticky":"before","xRel":6.3666534423828125},"text":["",""],"removed":[""],"origin":"+input"}
2019-4-29 17:02:24.437#change#{"from":{"line":5,"ch":0,"sticky":null},"to":{"line":5,"ch":0,"sticky":null},"text":["\t"],"removed":[""],"origin":"+input"}
2019-4-29 17:02:24.437#keyHandled#"Enter"
2019-4-29 17:02:24.450#viewportChange#0
2019-4-29 17:02:49.536#change#{"from":{"line":5,"ch":0,"sticky":"after"},"to":{"line":5,"ch":1,"sticky":null},"text":[""],"removed":["\t"],"origin":"+delete"}
2019-4-29 17:02:49.536#keyHandled#"Backspace"
2019-4-29 17:02:50.756#change#{"from":{"line":5,"ch":0,"sticky":null},"to":{"line":5,"ch":0,"sticky":null},"text":["i"],"removed":[""],"origin":"+input"}
2019-4-29 17:02:50.922#change#{"from":{"line":5,"ch":1,"sticky":null},"to":{"line":5,"ch":1,"sticky":null},"text":["f"],"removed":[""],"origin":"+input"}
2019-4-29 17:02:51.904#change#{"from":{"line":5,"ch":2,"sticky":null},"to":{"line":5,"ch":2,"sticky":null},"text":[" "],"removed":[""],"origin":"+input"}
2019-4-29 17:02:52.788#change#{"from":{"line":5,"ch":3,"sticky":null},"to":{"line":5,"ch":3,"sticky":null},"text":["()"],"removed":[""],"origin":"+input"}
2019-4-29 17:02:52.788#keyHandled#"'('"
2019-4-29 17:02:58.607#change#{"from":{"line":5,"ch":4,"sticky":"after"},"to":{"line":5,"ch":4,"sticky":"after"},"text":["x"],"removed":[""],"origin":"+input"}
2019-4-29 17:03:01.525#change#{"from":{"line":5,"ch":5,"sticky":null},"to":{"line":5,"ch":5,"sticky":null},"text":[">"],"removed":[""],"origin":"+input"}
2019-4-29 17:03:02.159#change#{"from":{"line":5,"ch":6,"sticky":null},"to":{"line":5,"ch":6,"sticky":null},"text":["="],"removed":[""],"origin":"+input"}
2019-4-29 17:03:03.428#change#{"from":{"line":5,"ch":7,"sticky":null},"to":{"line":5,"ch":7,"sticky":null},"text":["1"],"removed":[""],"origin":"+input"}
2019-4-29 17:03:06.023#keyHandled#"Right"
2019-4-29 17:03:07.810#change#{"from":{"line":5,"ch":9,"sticky":"before"},"to":{"line":5,"ch":9,"sticky":"before"},"text":[":"],"removed":[""],"origin":"+input"}
2019-4-29 17:03:08.308#change#{"from":{"line":5,"ch":10,"sticky":null},"to":{"line":5,"ch":10,"sticky":null},"text":["",""],"removed":[""],"origin":"+input"}
2019-4-29 17:03:08.309#change#{"from":{"line":6,"ch":0,"sticky":null},"to":{"line":6,"ch":0,"sticky":null},"text":["\t"],"removed":[""],"origin":"+input"}
2019-4-29 17:03:08.309#keyHandled#"Enter"
2019-4-29 17:03:08.323#viewportChange#0
2019-4-29 17:03:10.039#change#{"from":{"line":6,"ch":1,"sticky":null},"to":{"line":6,"ch":1,"sticky":null},"text":["f"],"removed":[""],"origin":"+input"}
2019-4-29 17:03:10.588#change#{"from":{"line":6,"ch":2,"sticky":null},"to":{"line":6,"ch":2,"sticky":null},"text":["x"],"removed":[""],"origin":"+input"}
2019-4-29 17:03:12.202#change#{"from":{"line":6,"ch":3,"sticky":null},"to":{"line":6,"ch":3,"sticky":null},"text":[" "],"removed":[""],"origin":"+input"}
2019-4-29 17:03:12.982#change#{"from":{"line":6,"ch":4,"sticky":null},"to":{"line":6,"ch":4,"sticky":null},"text":["="],"removed":[""],"origin":"+input"}
2019-4-29 17:03:13.214#change#{"from":{"line":6,"ch":5,"sticky":null},"to":{"line":6,"ch":5,"sticky":null},"text":[" "],"removed":[""],"origin":"+input"}
2019-4-29 17:04:04.435#mousedown#{"isTrusted":true}
2019-4-29 17:04:05.870#change#{"from":{"line":3,"ch":8,"sticky":"after"},"to":{"line":3,"ch":9,"sticky":"before","xRel":-2.3000335693359375},"text":[""],"removed":["s"],"origin":"+delete"}
2019-4-29 17:04:05.870#keyHandled#"Backspace"
2019-4-29 17:04:06.193#change#{"from":{"line":3,"ch":7,"sticky":"after"},"to":{"line":3,"ch":8,"sticky":null},"text":[""],"removed":["b"],"origin":"+delete"}
2019-4-29 17:04:06.193#keyHandled#"Backspace"
2019-4-29 17:04:06.561#change#{"from":{"line":3,"ch":6,"sticky":"after"},"to":{"line":3,"ch":7,"sticky":null},"text":[""],"removed":["a"],"origin":"+delete"}
2019-4-29 17:04:06.561#keyHandled#"Backspace"
2019-4-29 17:04:10.116#change#{"from":{"line":3,"ch":5,"sticky":"after"},"to":{"line":3,"ch":6,"sticky":null},"text":[""],"removed":[" "],"origin":"+delete"}
2019-4-29 17:04:10.116#keyHandled#"Backspace"
2019-4-29 17:04:14.827#mousedown#{"isTrusted":true}
2019-4-29 17:04:15.929#mousedown#{"isTrusted":true}
2019-4-29 17:04:16.710#change#{"from":{"line":3,"ch":5,"sticky":"after"},"to":{"line":3,"ch":6,"sticky":"before","xRel":-3.4999847412109375},"text":[""],"removed":["("],"origin":"+delete"}
2019-4-29 17:04:16.710#keyHandled#"Backspace"
2019-4-29 17:04:18.005#mousedown#{"isTrusted":true}
2019-4-29 17:04:18.256#change#{"from":{"line":3,"ch":13,"sticky":"after"},"to":{"line":3,"ch":14,"sticky":"before","xRel":1.033355712890625},"text":[""],"removed":[")"],"origin":"+delete"}
2019-4-29 17:04:18.257#keyHandled#"Backspace"
2019-4-29 17:04:19.420#mousedown#{"isTrusted":true}
2019-4-29 17:04:21.074#change#{"from":{"line":6,"ch":5,"sticky":"after"},"to":{"line":6,"ch":6,"sticky":"before","xRel":12.500015258789062},"text":[""],"removed":[" "],"origin":"+delete"}
2019-4-29 17:04:21.074#keyHandled#"Backspace"
2019-4-29 17:04:21.885#change#{"from":{"line":6,"ch":5,"sticky":null},"to":{"line":6,"ch":5,"sticky":null},"text":[" "],"removed":[""],"origin":"+input"}
2019-4-29 17:04:26.344#change#{"from":{"line":6,"ch":6,"sticky":null},"to":{"line":6,"ch":6,"sticky":null},"text":["a"],"removed":[""],"origin":"+input"}
2019-4-29 17:04:26.562#change#{"from":{"line":6,"ch":7,"sticky":null},"to":{"line":6,"ch":7,"sticky":null},"text":["b"],"removed":[""],"origin":"+input"}
2019-4-29 17:04:26.741#change#{"from":{"line":6,"ch":8,"sticky":null},"to":{"line":6,"ch":8,"sticky":null},"text":["s"],"removed":[""],"origin":"+input"}
2019-4-29 17:04:28.368#change#{"from":{"line":6,"ch":9,"sticky":null},"to":{"line":6,"ch":9,"sticky":null},"text":["()"],"removed":[""],"origin":"+input"}
2019-4-29 17:04:28.368#keyHandled#"'('"
2019-4-29 17:04:29.373#change#{"from":{"line":6,"ch":10,"sticky":"after"},"to":{"line":6,"ch":10,"sticky":"after"},"text":["x"],"removed":[""],"origin":"+input"}
2019-4-29 17:04:31.917#mousedown#{"isTrusted":true}
2019-4-29 17:04:33.586#change#{"from":{"line":6,"ch":12,"sticky":"before","xRel":45.89997863769531},"to":{"line":6,"ch":12,"sticky":"before","xRel":45.89997863769531},"text":["",""],"removed":[""],"origin":"+input"}
2019-4-29 17:04:33.586#change#{"from":{"line":7,"ch":0,"sticky":null},"to":{"line":7,"ch":0,"sticky":null},"text":["\t"],"removed":[""],"origin":"+input"}
2019-4-29 17:04:33.586#keyHandled#"Enter"
2019-4-29 17:04:33.600#viewportChange#0
2019-4-29 17:04:35.261#change#{"from":{"line":7,"ch":1,"sticky":null},"to":{"line":7,"ch":1,"sticky":null},"text":["p"],"removed":[""],"origin":"+input"}
2019-4-29 17:04:35.480#change#{"from":{"line":7,"ch":2,"sticky":null},"to":{"line":7,"ch":2,"sticky":null},"text":["r"],"removed":[""],"origin":"+input"}
2019-4-29 17:04:35.768#change#{"from":{"line":7,"ch":3,"sticky":null},"to":{"line":7,"ch":3,"sticky":null},"text":["i"],"removed":[""],"origin":"+input"}
2019-4-29 17:04:36.020#change#{"from":{"line":7,"ch":4,"sticky":null},"to":{"line":7,"ch":4,"sticky":null},"text":["n"],"removed":[""],"origin":"+input"}
2019-4-29 17:04:36.340#change#{"from":{"line":7,"ch":5,"sticky":null},"to":{"line":7,"ch":5,"sticky":null},"text":["t"],"removed":[""],"origin":"+input"}
2019-4-29 17:04:38.331#change#{"from":{"line":7,"ch":6,"sticky":null},"to":{"line":7,"ch":6,"sticky":null},"text":["()"],"removed":[""],"origin":"+input"}
2019-4-29 17:04:38.331#keyHandled#"'('"
2019-4-29 17:04:39.622#change#{"from":{"line":7,"ch":7,"sticky":"after"},"to":{"line":7,"ch":7,"sticky":"after"},"text":["f"],"removed":[""],"origin":"+input"}
2019-4-29 17:04:40.104#change#{"from":{"line":7,"ch":8,"sticky":null},"to":{"line":7,"ch":8,"sticky":null},"text":["x"],"removed":[""],"origin":"+input"}
2019-4-29 17:04:43.141#keyHandled#"Right"
2019-4-29 17:04:44.253#change#{"from":{"line":7,"ch":10,"sticky":"before"},"to":{"line":7,"ch":10,"sticky":"before"},"text":["",""],"removed":[""],"origin":"+input"}
2019-4-29 17:04:44.253#change#{"from":{"line":8,"ch":0,"sticky":null},"to":{"line":8,"ch":0,"sticky":null},"text":["\t"],"removed":[""],"origin":"+input"}
2019-4-29 17:04:44.253#keyHandled#"Enter"
2019-4-29 17:04:44.284#viewportChange#0
2019-4-29 17:04:45.671#change#{"from":{"line":8,"ch":0,"sticky":"after"},"to":{"line":8,"ch":1,"sticky":null},"text":[""],"removed":["\t"],"origin":"+delete"}
2019-4-29 17:04:45.671#keyHandled#"Backspace"
2019-4-29 17:04:46.547#change#{"from":{"line":8,"ch":0,"sticky":null},"to":{"line":8,"ch":0,"sticky":null},"text":["i"],"removed":[""],"origin":"+input"}
2019-4-29 17:04:48.002#change#{"from":{"line":8,"ch":2,"sticky":null},"to":{"line":8,"ch":2,"sticky":null},"text":[" "],"removed":[""],"origin":"+input"}
2019-4-29 17:04:48.493#change#{"from":{"line":8,"ch":3,"sticky":null},"to":{"line":8,"ch":3,"sticky":null},"text":["()"],"removed":[""],"origin":"+input"}
2019-4-29 17:04:48.493#keyHandled#"'('"
2019-4-29 17:04:56.601#mousedown#{"isTrusted":true}
2019-4-29 17:04:58.169#change#{"from":{"line":5,"ch":0,"sticky":"after","xRel":0.08331298828125},"to":{"line":9,"ch":0,"sticky":"after","xRel":111.08331298828125},"text":[""],"removed":["if (x>=1):","\tfx = abs(x)","\tprint(fx)","if ()",""],"origin":"+delete"}
2019-4-29 17:04:58.169#keyHandled#"Backspace"
2019-4-29 17:04:58.198#viewportChange#0
2019-4-29 17:04:59.706#change#{"from":{"line":5,"ch":0,"sticky":null},"to":{"line":5,"ch":0,"sticky":null},"text":["i"],"removed":[""],"origin":"+input"}
2019-4-29 17:04:59.992#change#{"from":{"line":5,"ch":1,"sticky":null},"to":{"line":5,"ch":1,"sticky":null},"text":["f"],"removed":[""],"origin":"+input"}
2019-4-29 17:05:00.935#change#{"from":{"line":5,"ch":2,"sticky":null},"to":{"line":5,"ch":2,"sticky":null},"text":[" "],"removed":[""],"origin":"+input"}
2019-4-29 17:05:01.779#change#{"from":{"line":5,"ch":3,"sticky":null},"to":{"line":5,"ch":3,"sticky":null},"text":["()"],"removed":[""],"origin":"+input"}
2019-4-29 17:05:01.779#keyHandled#"'('"
2019-4-29 17:05:03.658#change#{"from":{"line":5,"ch":4,"sticky":"after"},"to":{"line":5,"ch":4,"sticky":"after"},"text":["x"],"removed":[""],"origin":"+input"}
2019-4-29 17:05:05.461#change#{"from":{"line":5,"ch":5,"sticky":null},"to":{"line":5,"ch":5,"sticky":null},"text":[">"],"removed":[""],"origin":"+input"}
2019-4-29 17:05:06.065#change#{"from":{"line":5,"ch":6,"sticky":null},"to":{"line":5,"ch":6,"sticky":null},"text":["="],"removed":[""],"origin":"+input"}
2019-4-29 17:05:07.060#change#{"from":{"line":5,"ch":7,"sticky":null},"to":{"line":5,"ch":7,"sticky":null},"text":["1"],"removed":[""],"origin":"+input"}
2019-4-29 17:05:10.223#keyHandled#"Right"
2019-4-29 17:05:11.932#change#{"from":{"line":5,"ch":9,"sticky":"before"},"to":{"line":5,"ch":9,"sticky":"before"},"text":["a"],"removed":[""],"origin":"+input"}
2019-4-29 17:05:12.144#change#{"from":{"line":5,"ch":10,"sticky":null},"to":{"line":5,"ch":10,"sticky":null},"text":["n"],"removed":[""],"origin":"+input"}
2019-4-29 17:05:12.363#change#{"from":{"line":5,"ch":11,"sticky":null},"to":{"line":5,"ch":11,"sticky":null},"text":["d"],"removed":[""],"origin":"+input"}
2019-4-29 17:05:20.415#change#{"from":{"line":5,"ch":11,"sticky":"after"},"to":{"line":5,"ch":12,"sticky":null},"text":[""],"removed":["d"],"origin":"+delete"}
2019-4-29 17:05:20.415#keyHandled#"Backspace"
2019-4-29 17:05:20.688#change#{"from":{"line":5,"ch":10,"sticky":"after"},"to":{"line":5,"ch":11,"sticky":null},"text":[""],"removed":["n"],"origin":"+delete"}
2019-4-29 17:05:20.688#keyHandled#"Backspace"
2019-4-29 17:05:20.917#change#{"from":{"line":5,"ch":9,"sticky":"after"},"to":{"line":5,"ch":10,"sticky":null},"text":[""],"removed":["a"],"origin":"+delete"}
2019-4-29 17:05:20.917#keyHandled#"Backspace"
2019-4-29 17:05:21.152#change#{"from":{"line":5,"ch":8,"sticky":"after"},"to":{"line":5,"ch":9,"sticky":null},"text":[""],"removed":[")"],"origin":"+delete"}
2019-4-29 17:05:21.152#keyHandled#"Backspace"
2019-4-29 17:05:21.552#change#{"from":{"line":5,"ch":7,"sticky":"after"},"to":{"line":5,"ch":8,"sticky":null},"text":[""],"removed":["1"],"origin":"+delete"}
2019-4-29 17:05:21.552#keyHandled#"Backspace"
2019-4-29 17:05:21.910#change#{"from":{"line":5,"ch":6,"sticky":"after"},"to":{"line":5,"ch":7,"sticky":null},"text":[""],"removed":["="],"origin":"+delete"}
2019-4-29 17:05:21.910#keyHandled#"Backspace"
2019-4-29 17:05:22.224#change#{"from":{"line":5,"ch":5,"sticky":"after"},"to":{"line":5,"ch":6,"sticky":null},"text":[""],"removed":[">"],"origin":"+delete"}
2019-4-29 17:05:22.224#keyHandled#"Backspace"
2019-4-29 17:05:22.471#change#{"from":{"line":5,"ch":4,"sticky":"after"},"to":{"line":5,"ch":5,"sticky":null},"text":[""],"removed":["x"],"origin":"+delete"}
2019-4-29 17:05:22.471#keyHandled#"Backspace"
2019-4-29 17:05:22.712#change#{"from":{"line":5,"ch":3,"sticky":"after"},"to":{"line":5,"ch":4,"sticky":null},"text":[""],"removed":["("],"origin":"+delete"}
2019-4-29 17:05:22.712#keyHandled#"Backspace"
2019-4-29 17:05:22.962#change#{"from":{"line":5,"ch":2,"sticky":"after"},"to":{"line":5,"ch":3,"sticky":null},"text":[""],"removed":[" "],"origin":"+delete"}
2019-4-29 17:05:22.962#keyHandled#"Backspace"
2019-4-29 17:05:24.326#change#{"from":{"line":5,"ch":2,"sticky":null},"to":{"line":5,"ch":2,"sticky":null},"text":[" "],"removed":[""],"origin":"+input"}
2019-4-29 17:05:26.561#change#{"from":{"line":5,"ch":3,"sticky":null},"to":{"line":5,"ch":3,"sticky":null},"text":["()"],"removed":[""],"origin":"+input"}
2019-4-29 17:05:26.561#keyHandled#"'('"
2019-4-29 17:06:04.173#change#{"from":{"line":5,"ch":4,"sticky":"after"},"to":{"line":5,"ch":4,"sticky":"after"},"text":["x"],"removed":[""],"origin":"+input"}
2019-4-29 17:06:05.672#change#{"from":{"line":5,"ch":5,"sticky":null},"to":{"line":5,"ch":5,"sticky":null},"text":[">"],"removed":[""],"origin":"+input"}
2019-4-29 17:06:06.389#change#{"from":{"line":5,"ch":6,"sticky":null},"to":{"line":5,"ch":6,"sticky":null},"text":["0"],"removed":[""],"origin":"+input"}
2019-4-29 17:06:07.859#keyHandled#"Right"
2019-4-29 17:06:08.572#change#{"from":{"line":5,"ch":8,"sticky":"before"},"to":{"line":5,"ch":8,"sticky":"before"},"text":["a"],"removed":[""],"origin":"+input"}
2019-4-29 17:06:09.415#change#{"from":{"line":5,"ch":9,"sticky":null},"to":{"line":5,"ch":9,"sticky":null},"text":["n"],"removed":[""],"origin":"+input"}
2019-4-29 17:06:09.605#change#{"from":{"line":5,"ch":10,"sticky":null},"to":{"line":5,"ch":10,"sticky":null},"text":["d"],"removed":[""],"origin":"+input"}
2019-4-29 17:06:11.829#change#{"from":{"line":5,"ch":11,"sticky":null},"to":{"line":5,"ch":11,"sticky":null},"text":["()"],"removed":[""],"origin":"+input"}
2019-4-29 17:06:11.829#keyHandled#"'('"
2019-4-29 17:06:27.645#change#{"from":{"line":5,"ch":12,"sticky":"after"},"to":{"line":5,"ch":12,"sticky":"after"},"text":["x"],"removed":[""],"origin":"+input"}
2019-4-29 17:06:29.487#change#{"from":{"line":5,"ch":13,"sticky":null},"to":{"line":5,"ch":13,"sticky":null},"text":["<"],"removed":[""],"origin":"+input"}
2019-4-29 17:06:30.009#change#{"from":{"line":5,"ch":14,"sticky":null},"to":{"line":5,"ch":14,"sticky":null},"text":["1"],"removed":[""],"origin":"+input"}
2019-4-29 17:06:31.574#keyHandled#"Right"
2019-4-29 17:06:32.245#change#{"from":{"line":5,"ch":16,"sticky":"before"},"to":{"line":5,"ch":16,"sticky":"before"},"text":[":"],"removed":[""],"origin":"+input"}
2019-4-29 17:06:32.846#change#{"from":{"line":5,"ch":17,"sticky":null},"to":{"line":5,"ch":17,"sticky":null},"text":["",""],"removed":[""],"origin":"+input"}
2019-4-29 17:06:32.846#change#{"from":{"line":6,"ch":0,"sticky":null},"to":{"line":6,"ch":0,"sticky":null},"text":["\t"],"removed":[""],"origin":"+input"}
2019-4-29 17:06:32.846#keyHandled#"Enter"
2019-4-29 17:06:32.861#viewportChange#0
2019-4-29 17:06:34.071#change#{"from":{"line":6,"ch":1,"sticky":null},"to":{"line":6,"ch":1,"sticky":null},"text":["p"],"removed":[""],"origin":"+input"}
2019-4-29 17:06:34.256#change#{"from":{"line":6,"ch":2,"sticky":null},"to":{"line":6,"ch":2,"sticky":null},"text":["r"],"removed":[""],"origin":"+input"}
2019-4-29 17:06:34.478#change#{"from":{"line":6,"ch":3,"sticky":null},"to":{"line":6,"ch":3,"sticky":null},"text":["i"],"removed":[""],"origin":"+input"}
2019-4-29 17:06:34.748#change#{"from":{"line":6,"ch":4,"sticky":null},"to":{"line":6,"ch":4,"sticky":null},"text":["n"],"removed":[""],"origin":"+input"}
2019-4-29 17:06:35.032#change#{"from":{"line":6,"ch":5,"sticky":null},"to":{"line":6,"ch":5,"sticky":null},"text":["t"],"removed":[""],"origin":"+input"}
2019-4-29 17:06:36.872#change#{"from":{"line":6,"ch":6,"sticky":null},"to":{"line":6,"ch":6,"sticky":null},"text":["()"],"removed":[""],"origin":"+input"}
2019-4-29 17:06:36.872#keyHandled#"'('"
2019-4-29 17:06:37.961#change#{"from":{"line":6,"ch":7,"sticky":"after"},"to":{"line":6,"ch":7,"sticky":"after"},"text":["r"],"removed":[""],"origin":"+input"}
2019-4-29 17:06:38.219#change#{"from":{"line":6,"ch":8,"sticky":null},"to":{"line":6,"ch":8,"sticky":null},"text":["o"],"removed":[""],"origin":"+input"}
2019-4-29 17:06:38.456#change#{"from":{"line":6,"ch":9,"sticky":null},"to":{"line":6,"ch":9,"sticky":null},"text":["u"],"removed":[""],"origin":"+input"}
2019-4-29 17:06:38.785#change#{"from":{"line":6,"ch":10,"sticky":null},"to":{"line":6,"ch":10,"sticky":null},"text":["n"],"removed":[""],"origin":"+input"}
2019-4-29 17:06:39.586#change#{"from":{"line":6,"ch":11,"sticky":null},"to":{"line":6,"ch":11,"sticky":null},"text":["d"],"removed":[""],"origin":"+input"}
2019-4-29 17:06:43.039#change#{"from":{"line":6,"ch":11,"sticky":"after"},"to":{"line":6,"ch":12,"sticky":null},"text":[""],"removed":["d"],"origin":"+delete"}
2019-4-29 17:06:43.039#keyHandled#"Backspace"
2019-4-29 17:06:43.539#change#{"from":{"line":6,"ch":10,"sticky":"after"},"to":{"line":6,"ch":11,"sticky":null},"text":[""],"removed":["n"],"origin":"+delete"}
2019-4-29 17:06:43.539#keyHandled#"Backspace"
2019-4-29 17:06:43.569#change#{"from":{"line":6,"ch":9,"sticky":"after"},"to":{"line":6,"ch":10,"sticky":null},"text":[""],"removed":["u"],"origin":"+delete"}
2019-4-29 17:06:43.569#keyHandled#"Backspace"
2019-4-29 17:06:43.599#change#{"from":{"line":6,"ch":8,"sticky":"after"},"to":{"line":6,"ch":9,"sticky":null},"text":[""],"removed":["o"],"origin":"+delete"}
2019-4-29 17:06:43.599#keyHandled#"Backspace"
2019-4-29 17:06:43.630#change#{"from":{"line":6,"ch":7,"sticky":"after"},"to":{"line":6,"ch":8,"sticky":null},"text":[""],"removed":["r"],"origin":"+delete"}
2019-4-29 17:06:43.630#keyHandled#"Backspace"
2019-4-29 17:06:43.661#change#{"from":{"line":6,"ch":6,"sticky":null},"to":{"line":6,"ch":8,"sticky":null},"text":[""],"removed":["()"],"origin":"+delete"}
2019-4-29 17:06:43.661#keyHandled#"Backspace"
2019-4-29 17:06:43.955#change#{"from":{"line":6,"ch":5,"sticky":"after"},"to":{"line":6,"ch":6,"sticky":null},"text":[""],"removed":["t"],"origin":"+delete"}
2019-4-29 17:06:43.955#keyHandled#"Backspace"
2019-4-29 17:06:44.177#change#{"from":{"line":6,"ch":4,"sticky":"after"},"to":{"line":6,"ch":5,"sticky":null},"text":[""],"removed":["n"],"origin":"+delete"}
2019-4-29 17:06:44.177#keyHandled#"Backspace"
2019-4-29 17:06:44.415#change#{"from":{"line":6,"ch":3,"sticky":"after"},"to":{"line":6,"ch":4,"sticky":null},"text":[""],"removed":["i"],"origin":"+delete"}
2019-4-29 17:06:44.415#keyHandled#"Backspace"
2019-4-29 17:06:44.661#change#{"from":{"line":6,"ch":2,"sticky":"after"},"to":{"line":6,"ch":3,"sticky":null},"text":[""],"removed":["r"],"origin":"+delete"}
2019-4-29 17:06:44.661#keyHandled#"Backspace"
2019-4-29 17:06:44.902#change#{"from":{"line":6,"ch":1,"sticky":"after"},"to":{"line":6,"ch":2,"sticky":null},"text":[""],"removed":["p"],"origin":"+delete"}
2019-4-29 17:06:44.902#keyHandled#"Backspace"
2019-4-29 17:06:46.848#mousedown#{"isTrusted":true}
2019-4-29 17:06:50.378#change#{"from":{"line":5,"ch":17,"sticky":"before","xRel":12.216690063476562},"to":{"line":5,"ch":17,"sticky":"before","xRel":12.216690063476562},"text":["",""],"removed":[""],"origin":"+input"}
2019-4-29 17:06:50.379#change#{"from":{"line":6,"ch":0,"sticky":null},"to":{"line":6,"ch":0,"sticky":null},"text":["\t"],"removed":[""],"origin":"+input"}
2019-4-29 17:06:50.379#keyHandled#"Enter"
2019-4-29 17:06:50.392#viewportChange#0
2019-4-29 17:06:50.768#change#{"from":{"line":6,"ch":1,"sticky":null},"to":{"line":6,"ch":1,"sticky":null},"text":["f"],"removed":[""],"origin":"+input"}
2019-4-29 17:06:51.267#change#{"from":{"line":6,"ch":2,"sticky":null},"to":{"line":6,"ch":2,"sticky":null},"text":["x"],"removed":[""],"origin":"+input"}
2019-4-29 17:06:51.966#change#{"from":{"line":6,"ch":3,"sticky":null},"to":{"line":6,"ch":3,"sticky":null},"text":[" "],"removed":[""],"origin":"+input"}
2019-4-29 17:06:53.227#change#{"from":{"line":6,"ch":4,"sticky":null},"to":{"line":6,"ch":4,"sticky":null},"text":["="],"removed":[""],"origin":"+input"}
2019-4-29 17:06:53.760#change#{"from":{"line":6,"ch":5,"sticky":null},"to":{"line":6,"ch":5,"sticky":null},"text":[" "],"removed":[""],"origin":"+input"}
2019-4-29 17:06:57.200#mousedown#{"isTrusted":true}
2019-4-29 17:06:57.453#change#{"from":{"line":3,"ch":5,"sticky":"after","xRel":0.433349609375},"to":{"line":3,"ch":5,"sticky":"after","xRel":0.433349609375},"text":[" "],"removed":[""],"origin":"+input"}
2019-4-29 17:06:58.143#mousedown#{"isTrusted":true}
2019-4-29 17:07:00.232#change#{"from":{"line":6,"ch":6,"sticky":"before","xRel":-2.4999847412109375},"to":{"line":6,"ch":6,"sticky":"before","xRel":-2.4999847412109375},"text":["x"],"removed":[""],"origin":"+input"}
2019-4-29 17:07:15.056#change#{"from":{"line":6,"ch":6,"sticky":"after"},"to":{"line":6,"ch":7,"sticky":null},"text":[""],"removed":["x"],"origin":"+delete"}
2019-4-29 17:07:15.057#keyHandled#"Backspace"
2019-4-29 17:07:15.864#change#{"from":{"line":6,"ch":5,"sticky":"after"},"to":{"line":6,"ch":6,"sticky":null},"text":[""],"removed":[" "],"origin":"+delete"}
2019-4-29 17:07:15.864#keyHandled#"Backspace"
2019-4-29 17:07:16.455#change#{"from":{"line":6,"ch":5,"sticky":null},"to":{"line":6,"ch":5,"sticky":null},"text":[" "],"removed":[""],"origin":"+input"}
2019-4-29 17:07:17.058#change#{"from":{"line":6,"ch":7,"sticky":null},"to":{"line":6,"ch":7,"sticky":null},"text":["b"],"removed":[""],"origin":"+input"}
2019-4-29 17:07:17.283#change#{"from":{"line":6,"ch":8,"sticky":null},"to":{"line":6,"ch":8,"sticky":null},"text":["s"],"removed":[""],"origin":"+input"}
2019-4-29 17:07:18.959#change#{"from":{"line":6,"ch":9,"sticky":null},"to":{"line":6,"ch":9,"sticky":null},"text":["()"],"removed":[""],"origin":"+input"}
2019-4-29 17:07:18.959#keyHandled#"'('"
2019-4-29 17:07:19.490#change#{"from":{"line":6,"ch":10,"sticky":"after"},"to":{"line":6,"ch":10,"sticky":"after"},"text":["x"],"removed":[""],"origin":"+input"}
2019-4-29 17:07:21.332#mousedown#{"isTrusted":true}
2019-4-29 17:07:21.783#mousedown#{"isTrusted":true}
2019-4-29 17:07:22.935#change#{"from":{"line":6,"ch":12,"sticky":"before","xRel":12.899978637695312},"to":{"line":6,"ch":12,"sticky":"before","xRel":12.899978637695312},"text":["",""],"removed":[""],"origin":"+input"}
2019-4-29 17:07:22.935#change#{"from":{"line":7,"ch":0,"sticky":null},"to":{"line":7,"ch":0,"sticky":null},"text":["\t"],"removed":[""],"origin":"+input"}
2019-4-29 17:07:22.935#keyHandled#"Enter"
2019-4-29 17:07:22.948#viewportChange#0
2019-4-29 17:07:25.888#change#{"from":{"line":7,"ch":1,"sticky":null},"to":{"line":7,"ch":1,"sticky":null},"text":["p"],"removed":[""],"origin":"+input"}
2019-4-29 17:07:26.158#change#{"from":{"line":7,"ch":2,"sticky":null},"to":{"line":7,"ch":2,"sticky":null},"text":["r"],"removed":[""],"origin":"+input"}
2019-4-29 17:07:26.363#change#{"from":{"line":7,"ch":3,"sticky":null},"to":{"line":7,"ch":3,"sticky":null},"text":["i"],"removed":[""],"origin":"+input"}
2019-4-29 17:07:26.623#change#{"from":{"line":7,"ch":4,"sticky":null},"to":{"line":7,"ch":4,"sticky":null},"text":["n"],"removed":[""],"origin":"+input"}
2019-4-29 17:07:36.354#change#{"from":{"line":7,"ch":6,"sticky":null},"to":{"line":7,"ch":6,"sticky":null},"text":["()"],"removed":[""],"origin":"+input"}
2019-4-29 17:07:36.354#keyHandled#"'('"
2019-4-29 17:07:37.937#change#{"from":{"line":7,"ch":7,"sticky":"after"},"to":{"line":7,"ch":7,"sticky":"after"},"text":["r"],"removed":[""],"origin":"+input"}
2019-4-29 17:07:38.153#change#{"from":{"line":7,"ch":8,"sticky":null},"to":{"line":7,"ch":8,"sticky":null},"text":["o"],"removed":[""],"origin":"+input"}
2019-4-29 17:07:38.439#change#{"from":{"line":7,"ch":9,"sticky":null},"to":{"line":7,"ch":9,"sticky":null},"text":["u"],"removed":[""],"origin":"+input"}
2019-4-29 17:07:38.716#change#{"from":{"line":7,"ch":10,"sticky":null},"to":{"line":7,"ch":10,"sticky":null},"text":["n"],"removed":[""],"origin":"+input"}
2019-4-29 17:07:39.003#change#{"from":{"line":7,"ch":11,"sticky":null},"to":{"line":7,"ch":11,"sticky":null},"text":["d"],"removed":[""],"origin":"+input"}
2019-4-29 17:07:42.034#change#{"from":{"line":7,"ch":12,"sticky":null},"to":{"line":7,"ch":12,"sticky":null},"text":["()"],"removed":[""],"origin":"+input"}
2019-4-29 17:07:42.034#keyHandled#"'('"
2019-4-29 17:07:44.161#change#{"from":{"line":7,"ch":13,"sticky":"after"},"to":{"line":7,"ch":13,"sticky":"after"},"text":["f"],"removed":[""],"origin":"+input"}
2019-4-29 17:07:44.577#change#{"from":{"line":7,"ch":14,"sticky":null},"to":{"line":7,"ch":14,"sticky":null},"text":["x"],"removed":[""],"origin":"+input"}
2019-4-29 17:07:45.894#change#{"from":{"line":7,"ch":15,"sticky":null},"to":{"line":7,"ch":15,"sticky":null},"text":[","],"removed":[""],"origin":"+input"}
2019-4-29 17:07:46.703#change#{"from":{"line":7,"ch":16,"sticky":null},"to":{"line":7,"ch":16,"sticky":null},"text":["2"],"removed":[""],"origin":"+input"}
2019-4-29 17:07:48.817#mousedown#{"isTrusted":true}
2019-4-29 17:07:50.369#change#{"from":{"line":7,"ch":19,"sticky":"before","xRel":19.366653442382812},"to":{"line":7,"ch":19,"sticky":"before","xRel":19.366653442382812},"text":["",""],"removed":[""],"origin":"+input"}
2019-4-29 17:07:50.369#change#{"from":{"line":8,"ch":0,"sticky":null},"to":{"line":8,"ch":0,"sticky":null},"text":["\t"],"removed":[""],"origin":"+input"}
2019-4-29 17:07:50.369#keyHandled#"Enter"
2019-4-29 17:07:50.397#viewportChange#0
2019-4-29 17:07:58.765#change#{"from":{"line":8,"ch":0,"sticky":"after"},"to":{"line":8,"ch":1,"sticky":null},"text":[""],"removed":["\t"],"origin":"+delete"}
2019-4-29 17:07:58.765#keyHandled#"Backspace"
2019-4-29 17:07:59.557#change#{"from":{"line":8,"ch":0,"sticky":null},"to":{"line":8,"ch":0,"sticky":null},"text":["i"],"removed":[""],"origin":"+input"}
2019-4-29 17:07:59.893#change#{"from":{"line":8,"ch":1,"sticky":null},"to":{"line":8,"ch":1,"sticky":null},"text":["f"],"removed":[""],"origin":"+input"}
2019-4-29 17:08:00.769#change#{"from":{"line":8,"ch":2,"sticky":null},"to":{"line":8,"ch":2,"sticky":null},"text":[" "],"removed":[""],"origin":"+input"}
2019-4-29 17:08:01.447#change#{"from":{"line":8,"ch":3,"sticky":null},"to":{"line":8,"ch":3,"sticky":null},"text":["()"],"removed":[""],"origin":"+input"}
2019-4-29 17:08:01.447#keyHandled#"'('"
2019-4-29 17:08:09.450#change#{"from":{"line":8,"ch":4,"sticky":"after"},"to":{"line":8,"ch":4,"sticky":"after"},"text":["x"],"removed":[""],"origin":"+input"}
2019-4-29 17:08:10.483#change#{"from":{"line":8,"ch":5,"sticky":null},"to":{"line":8,"ch":5,"sticky":null},"text":["="],"removed":[""],"origin":"+input"}
2019-4-29 17:08:11.418#change#{"from":{"line":8,"ch":6,"sticky":null},"to":{"line":8,"ch":6,"sticky":null},"text":["="],"removed":[""],"origin":"+input"}
2019-4-29 17:08:19.437#change#{"from":{"line":8,"ch":7,"sticky":null},"to":{"line":8,"ch":7,"sticky":null},"text":["0"],"removed":[""],"origin":"+input"}
2019-4-29 17:08:21.279#mousedown#{"isTrusted":true}
2019-4-29 17:08:23.068#change#{"from":{"line":8,"ch":9,"sticky":"before","xRel":-0.3166351318359375},"to":{"line":8,"ch":9,"sticky":"before","xRel":-0.3166351318359375},"text":[":"],"removed":[""],"origin":"+input"}
2019-4-29 17:08:24.502#change#{"from":{"line":8,"ch":10,"sticky":null},"to":{"line":8,"ch":10,"sticky":null},"text":["",""],"removed":[""],"origin":"+input"}
2019-4-29 17:08:24.502#change#{"from":{"line":9,"ch":0,"sticky":null},"to":{"line":9,"ch":0,"sticky":null},"text":["\t"],"removed":[""],"origin":"+input"}
2019-4-29 17:08:24.502#keyHandled#"Enter"
2019-4-29 17:08:24.515#viewportChange#0
2019-4-29 17:08:26.151#change#{"from":{"line":9,"ch":1,"sticky":null},"to":{"line":9,"ch":1,"sticky":null},"text":["f"],"removed":[""],"origin":"+input"}
2019-4-29 17:08:30.411#change#{"from":{"line":9,"ch":2,"sticky":null},"to":{"line":9,"ch":2,"sticky":null},"text":["x"],"removed":[""],"origin":"+input"}
2019-4-29 17:08:31.024#change#{"from":{"line":9,"ch":3,"sticky":null},"to":{"line":9,"ch":3,"sticky":null},"text":[" "],"removed":[""],"origin":"+input"}
2019-4-29 17:08:31.436#change#{"from":{"line":9,"ch":4,"sticky":null},"to":{"line":9,"ch":4,"sticky":null},"text":["="],"removed":[""],"origin":"+input"}
2019-4-29 17:08:32.117#change#{"from":{"line":9,"ch":5,"sticky":null},"to":{"line":9,"ch":5,"sticky":null},"text":[" "],"removed":[""],"origin":"+input"}
2019-4-29 17:08:33.920#change#{"from":{"line":9,"ch":6,"sticky":null},"to":{"line":9,"ch":6,"sticky":null},"text":["0"],"removed":[""],"origin":"+input"}
2019-4-29 17:08:37.404#change#{"from":{"line":9,"ch":7,"sticky":null},"to":{"line":9,"ch":7,"sticky":null},"text":["",""],"removed":[""],"origin":"+input"}
2019-4-29 17:08:37.404#change#{"from":{"line":10,"ch":0,"sticky":null},"to":{"line":10,"ch":0,"sticky":null},"text":["\t"],"removed":[""],"origin":"+input"}
2019-4-29 17:08:37.404#keyHandled#"Enter"
2019-4-29 17:08:37.416#viewportChange#0
2019-4-29 17:08:38.444#change#{"from":{"line":10,"ch":1,"sticky":null},"to":{"line":10,"ch":1,"sticky":null},"text":["p"],"removed":[""],"origin":"+input"}
2019-4-29 17:08:38.704#change#{"from":{"line":10,"ch":2,"sticky":null},"to":{"line":10,"ch":2,"sticky":null},"text":["r"],"removed":[""],"origin":"+input"}
2019-4-29 17:08:39.191#change#{"from":{"line":10,"ch":3,"sticky":null},"to":{"line":10,"ch":3,"sticky":null},"text":["i"],"removed":[""],"origin":"+input"}
2019-4-29 17:08:39.437#change#{"from":{"line":10,"ch":4,"sticky":null},"to":{"line":10,"ch":4,"sticky":null},"text":["n"],"removed":[""],"origin":"+input"}
2019-4-29 17:08:39.607#change#{"from":{"line":10,"ch":5,"sticky":null},"to":{"line":10,"ch":5,"sticky":null},"text":["t"],"removed":[""],"origin":"+input"}
2019-4-29 17:08:41.354#change#{"from":{"line":10,"ch":6,"sticky":null},"to":{"line":10,"ch":6,"sticky":null},"text":["()"],"removed":[""],"origin":"+input"}
2019-4-29 17:08:41.354#keyHandled#"'('"
2019-4-29 17:08:42.198#change#{"from":{"line":10,"ch":7,"sticky":"after"},"to":{"line":10,"ch":7,"sticky":"after"},"text":["r"],"removed":[""],"origin":"+input"}
2019-4-29 17:08:42.494#change#{"from":{"line":10,"ch":8,"sticky":null},"to":{"line":10,"ch":8,"sticky":null},"text":["o"],"removed":[""],"origin":"+input"}
2019-4-29 17:08:42.743#change#{"from":{"line":10,"ch":9,"sticky":null},"to":{"line":10,"ch":9,"sticky":null},"text":["u"],"removed":[""],"origin":"+input"}
2019-4-29 17:08:43.001#change#{"from":{"line":10,"ch":10,"sticky":null},"to":{"line":10,"ch":10,"sticky":null},"text":["n"],"removed":[""],"origin":"+input"}
2019-4-29 17:08:43.785#change#{"from":{"line":10,"ch":11,"sticky":null},"to":{"line":10,"ch":11,"sticky":null},"text":["d"],"removed":[""],"origin":"+input"}
2019-4-29 17:08:45.670#change#{"from":{"line":10,"ch":12,"sticky":null},"to":{"line":10,"ch":12,"sticky":null},"text":["()"],"removed":[""],"origin":"+input"}
2019-4-29 17:08:45.670#keyHandled#"'('"
2019-4-29 17:08:47.248#change#{"from":{"line":10,"ch":14,"sticky":null},"to":{"line":10,"ch":14,"sticky":null},"text":["x"],"removed":[""],"origin":"+input"}
2019-4-29 17:08:48.765#change#{"from":{"line":10,"ch":15,"sticky":null},"to":{"line":10,"ch":15,"sticky":null},"text":[","],"removed":[""],"origin":"+input"}
2019-4-29 17:08:50.176#change#{"from":{"line":10,"ch":16,"sticky":null},"to":{"line":10,"ch":16,"sticky":null},"text":["2"],"removed":[""],"origin":"+input"}
2019-4-29 17:08:50.176#change#{"from":{"line":10,"ch":16,"sticky":null},"to":{"line":10,"ch":16,"sticky":null},"text":["2"],"removed":[""],"origin":"+input"}
2019-4-29 17:08:54.044#submit#Your code did not produce the correct output. Please, correct your code and try again.
2019-4-29 17:08:54.044#submit#Your code did not produce the correct output. Please, correct your code and try again.
2019-4-29 17:08:55.312#saida_testar#$ python3 main.py
2019-4-29 17:08:57.501#blur#
2019-4-29 17:08:57.501#blur#
2019-4-29 17:09:04.995#submit#Your code did not produce the correct output. Please, correct your code and try again.
2019-4-29 17:09:11.701#mousedown#{"isTrusted":true}
2019-4-29 17:09:11.879#focus#
2019-4-29 17:09:12.193#mousedown#{"isTrusted":true}
2019-4-29 17:09:12.193#mousedown#{"isTrusted":true}
2019-4-29 17:09:13.185#saida_testar#$ python3 main.py
2019-4-29 17:09:14.970#blur#
