== SUBMITION (2019-04-14 18:46:09) 
-- CODE:
num1=int(input("valor do numero 1:"))
num2=int(input("valor do numero 2:"))
num3=int(input("valor do numero 3:"))
if(num1<num2):
	print(num1)
if(num2<num3):
	print(num2)
if(num1<num3):
	print(num1)
-- EXECUTION TIME:
0.214163
-- TEST CASE 1:
---- input:
258
788
35
---- correct output:
35
---- user output:
258
-- TEST CASE 2:
---- input:
99
55
77
---- correct output:
55
---- user output:
55
-- TEST CASE 3:
---- input:
123
456
789
---- correct output:
123
---- user output:
123
456
123
-- GRADE:
0%
*-*-*-*-*-*-*-*-*-*-*-*-*-*-*-*-*-*-*-*-*-*-*-*
== SUBMITION (2019-04-14 18:46:51) 
-- CODE:
num1=int(input("valor do numero 1:"))
num2=int(input("valor do numero 2:"))
num3=int(input("valor do numero 3:"))
if(num1<num2):
	print(num1)
if(num1<num3):
	print(num1)
if(num2<num3):
	print(num2)
-- EXECUTION TIME:
0.227927
-- TEST CASE 1:
---- input:
258
788
35
---- correct output:
35
---- user output:
258
-- TEST CASE 2:
---- input:
99
55
77
---- correct output:
55
---- user output:
55
-- TEST CASE 3:
---- input:
123
456
789
---- correct output:
123
---- user output:
123
123
456
-- GRADE:
0%
*-*-*-*-*-*-*-*-*-*-*-*-*-*-*-*-*-*-*-*-*-*-*-*
== TEST (2019-04-14 18:50:13) 
-- CODE:
num1=int(input("valor do numero 1:"))
num2=int(input("valor do numero 2:"))
num3=int(input("valor do numero 3:"))
if(num1<num2):
	if(num1<num3):
		print(num1)
if(num2<num1):
	if(num2<num3):
		print(num2)
if(num3<num1):
	if(num3<num2):
		print(num3)
-- OUTPUT:
35
*-*-*-*-*-*-*-*-*-*-*-*-*-*-*-*-*-*-*-*-*-*-*-*
== SUBMITION (2019-04-14 18:50:18) 
-- CODE:
num1=int(input("valor do numero 1:"))
num2=int(input("valor do numero 2:"))
num3=int(input("valor do numero 3:"))
if(num1<num2):
	if(num1<num3):
		print(num1)
if(num2<num1):
	if(num2<num3):
		print(num2)
if(num3<num1):
	if(num3<num2):
		print(num3)
-- EXECUTION TIME:
0.169581
-- TEST CASE 1:
---- input:
258
788
35
---- correct output:
35
---- user output:
35
-- TEST CASE 2:
---- input:
99
55
77
---- correct output:
55
---- user output:
55
-- TEST CASE 3:
---- input:
123
456
789
---- correct output:
123
---- user output:
123
-- GRADE:
100%
*-*-*-*-*-*-*-*-*-*-*-*-*-*-*-*-*-*-*-*-*-*-*-*
