2019-3-26 18:06:01.363#viewportChange#0
2019-3-26 18:06:29.821#mousedown#{"isTrusted":true}
2019-3-26 18:06:29.825#focus#
2019-3-26 18:06:32.152#blur#
2019-3-26 18:06:33.234#focus#
2019-3-26 18:06:34.417#blur#
2019-3-26 18:26:12.866#change#{"from":{"line":0,"ch":4,"sticky":null},"to":{"line":0,"ch":4,"sticky":null},"text":["i"],"removed":[""],"origin":"+input"}
2019-3-26 18:26:12.993#change#{"from":{"line":0,"ch":5,"sticky":null},"to":{"line":0,"ch":5,"sticky":null},"text":["n"],"removed":[""],"origin":"+input"}
2019-3-26 18:26:13.137#change#{"from":{"line":0,"ch":6,"sticky":null},"to":{"line":0,"ch":6,"sticky":null},"text":["t"],"removed":[""],"origin":"+input"}
2019-3-26 18:26:14.803#change#{"from":{"line":0,"ch":7,"sticky":null},"to":{"line":0,"ch":7,"sticky":null},"text":["()"],"removed":[""],"origin":"+input"}
2019-3-26 18:26:14.804#keyHandled#"'('"
2019-3-26 18:26:15.772#change#{"from":{"line":0,"ch":8,"sticky":"after"},"to":{"line":0,"ch":8,"sticky":"after"},"text":["i"],"removed":[""],"origin":"+input"}
2019-3-26 18:26:15.946#change#{"from":{"line":0,"ch":9,"sticky":null},"to":{"line":0,"ch":9,"sticky":null},"text":["n"],"removed":[""],"origin":"+input"}
2019-3-26 18:26:16.121#change#{"from":{"line":0,"ch":10,"sticky":null},"to":{"line":0,"ch":10,"sticky":null},"text":["p"],"removed":[""],"origin":"+input"}
2019-3-26 18:26:16.529#change#{"from":{"line":0,"ch":11,"sticky":null},"to":{"line":0,"ch":11,"sticky":null},"text":["u"],"removed":[""],"origin":"+input"}
2019-3-26 18:26:16.913#change#{"from":{"line":0,"ch":12,"sticky":null},"to":{"line":0,"ch":12,"sticky":null},"text":["y"],"removed":[""],"origin":"+input"}
2019-3-26 18:26:18.226#change#{"from":{"line":0,"ch":12,"sticky":"after"},"to":{"line":0,"ch":13,"sticky":null},"text":[""],"removed":["y"],"origin":"+delete"}
2019-3-26 18:26:18.226#keyHandled#"Backspace"
2019-3-26 18:26:18.810#change#{"from":{"line":0,"ch":12,"sticky":null},"to":{"line":0,"ch":12,"sticky":null},"text":["t"],"removed":[""],"origin":"+input"}
2019-3-26 18:26:19.810#change#{"from":{"line":0,"ch":13,"sticky":null},"to":{"line":0,"ch":13,"sticky":null},"text":["()"],"removed":[""],"origin":"+input"}
2019-3-26 18:26:19.810#keyHandled#"'('"
2019-3-26 18:26:20.496#keyHandled#"Right"
2019-3-26 18:26:20.672#keyHandled#"Right"
2019-3-26 18:26:21.418#change#{"from":{"line":0,"ch":16,"sticky":"before"},"to":{"line":0,"ch":16,"sticky":"before"},"text":["",""],"removed":[""],"origin":"+input"}
2019-3-26 18:26:21.418#keyHandled#"Enter"
2019-3-26 18:26:21.421#viewportChange#0
2019-3-26 18:26:22.441#change#{"from":{"line":1,"ch":0,"sticky":null},"to":{"line":1,"ch":0,"sticky":null},"text":["b"],"removed":[""],"origin":"+input"}
2019-3-26 18:26:23.377#change#{"from":{"line":1,"ch":1,"sticky":null},"to":{"line":1,"ch":1,"sticky":null},"text":[" "],"removed":[""],"origin":"+input"}
2019-3-26 18:26:23.506#change#{"from":{"line":1,"ch":2,"sticky":null},"to":{"line":1,"ch":2,"sticky":null},"text":["="],"removed":[""],"origin":"+input"}
2019-3-26 18:26:23.593#change#{"from":{"line":1,"ch":3,"sticky":null},"to":{"line":1,"ch":3,"sticky":null},"text":[" "],"removed":[""],"origin":"+input"}
2019-3-26 18:26:25.137#change#{"from":{"line":1,"ch":4,"sticky":null},"to":{"line":1,"ch":4,"sticky":null},"text":["i"],"removed":[""],"origin":"+input"}
2019-3-26 18:26:25.241#change#{"from":{"line":1,"ch":5,"sticky":null},"to":{"line":1,"ch":5,"sticky":null},"text":["n"],"removed":[""],"origin":"+input"}
2019-3-26 18:26:25.457#change#{"from":{"line":1,"ch":6,"sticky":null},"to":{"line":1,"ch":6,"sticky":null},"text":["t"],"removed":[""],"origin":"+input"}
2019-3-26 18:26:26.489#change#{"from":{"line":1,"ch":7,"sticky":null},"to":{"line":1,"ch":7,"sticky":null},"text":["()"],"removed":[""],"origin":"+input"}
2019-3-26 18:26:26.489#keyHandled#"'('"
2019-3-26 18:26:27.650#change#{"from":{"line":1,"ch":8,"sticky":"after"},"to":{"line":1,"ch":8,"sticky":"after"},"text":["i"],"removed":[""],"origin":"+input"}
2019-3-26 18:26:28.130#change#{"from":{"line":1,"ch":9,"sticky":null},"to":{"line":1,"ch":9,"sticky":null},"text":["n"],"removed":[""],"origin":"+input"}
2019-3-26 18:26:28.281#change#{"from":{"line":1,"ch":10,"sticky":null},"to":{"line":1,"ch":10,"sticky":null},"text":["p"],"removed":[""],"origin":"+input"}
2019-3-26 18:26:28.489#change#{"from":{"line":1,"ch":11,"sticky":null},"to":{"line":1,"ch":11,"sticky":null},"text":["u"],"removed":[""],"origin":"+input"}
2019-3-26 18:26:30.241#change#{"from":{"line":1,"ch":12,"sticky":null},"to":{"line":1,"ch":12,"sticky":null},"text":["t"],"removed":[""],"origin":"+input"}
2019-3-26 18:26:31.481#change#{"from":{"line":1,"ch":13,"sticky":null},"to":{"line":1,"ch":13,"sticky":null},"text":["()"],"removed":[""],"origin":"+input"}
2019-3-26 18:26:31.481#keyHandled#"'('"
2019-3-26 18:26:32.200#keyHandled#"Right"
2019-3-26 18:26:32.376#keyHandled#"Right"
2019-3-26 18:26:33.272#change#{"from":{"line":1,"ch":16,"sticky":"before"},"to":{"line":1,"ch":16,"sticky":"before"},"text":["",""],"removed":[""],"origin":"+input"}
2019-3-26 18:26:33.272#keyHandled#"Enter"
2019-3-26 18:26:33.276#viewportChange#0
2019-3-26 18:26:35.316#change#{"from":{"line":2,"ch":0,"sticky":null},"to":{"line":2,"ch":0,"sticky":null},"text":["x"],"removed":[""],"origin":"+input"}
2019-3-26 18:26:35.746#change#{"from":{"line":2,"ch":1,"sticky":null},"to":{"line":2,"ch":1,"sticky":null},"text":[" "],"removed":[""],"origin":"+input"}
2019-3-26 18:26:35.866#change#{"from":{"line":2,"ch":2,"sticky":null},"to":{"line":2,"ch":2,"sticky":null},"text":["="],"removed":[""],"origin":"+input"}
2019-3-26 18:26:35.923#change#{"from":{"line":2,"ch":3,"sticky":null},"to":{"line":2,"ch":3,"sticky":null},"text":[" "],"removed":[""],"origin":"+input"}
2019-3-26 18:26:39.817#change#{"from":{"line":2,"ch":4,"sticky":null},"to":{"line":2,"ch":4,"sticky":null},"text":["()"],"removed":[""],"origin":"+input"}
2019-3-26 18:26:39.817#keyHandled#"'('"
2019-3-26 18:26:40.858#change#{"from":{"line":2,"ch":5,"sticky":"after"},"to":{"line":2,"ch":5,"sticky":"after"},"text":["a"],"removed":[""],"origin":"+input"}
2019-3-26 18:26:42.490#change#{"from":{"line":2,"ch":6,"sticky":null},"to":{"line":2,"ch":6,"sticky":null},"text":["&"],"removed":[""],"origin":"+input"}
2019-3-26 18:26:42.617#change#{"from":{"line":2,"ch":7,"sticky":null},"to":{"line":2,"ch":7,"sticky":null},"text":["&"],"removed":[""],"origin":"+input"}
2019-3-26 18:26:43.816#change#{"from":{"line":2,"ch":7,"sticky":"after"},"to":{"line":2,"ch":8,"sticky":null},"text":[""],"removed":["&"],"origin":"+delete"}
2019-3-26 18:26:43.816#keyHandled#"Backspace"
2019-3-26 18:26:43.968#change#{"from":{"line":2,"ch":6,"sticky":"after"},"to":{"line":2,"ch":7,"sticky":null},"text":[""],"removed":["&"],"origin":"+delete"}
2019-3-26 18:26:43.968#keyHandled#"Backspace"
2019-3-26 18:26:45.522#change#{"from":{"line":2,"ch":6,"sticky":null},"to":{"line":2,"ch":6,"sticky":null},"text":["*"],"removed":[""],"origin":"+input"}
2019-3-26 18:26:45.674#change#{"from":{"line":2,"ch":7,"sticky":null},"to":{"line":2,"ch":7,"sticky":null},"text":["*"],"removed":[""],"origin":"+input"}
2019-3-26 18:26:46.914#change#{"from":{"line":2,"ch":8,"sticky":null},"to":{"line":2,"ch":8,"sticky":null},"text":["2"],"removed":[""],"origin":"+input"}
2019-3-26 18:26:49.465#change#{"from":{"line":2,"ch":10,"sticky":null},"to":{"line":2,"ch":10,"sticky":null},"text":["+"],"removed":[""],"origin":"+input"}
2019-3-26 18:26:49.922#change#{"from":{"line":2,"ch":11,"sticky":null},"to":{"line":2,"ch":11,"sticky":null},"text":[" "],"removed":[""],"origin":"+input"}
2019-3-26 18:26:51.275#change#{"from":{"line":2,"ch":12,"sticky":null},"to":{"line":2,"ch":12,"sticky":null},"text":["b"],"removed":[""],"origin":"+input"}
2019-3-26 18:26:52.538#change#{"from":{"line":2,"ch":13,"sticky":null},"to":{"line":2,"ch":13,"sticky":null},"text":["*"],"removed":[""],"origin":"+input"}
2019-3-26 18:26:52.666#change#{"from":{"line":2,"ch":14,"sticky":null},"to":{"line":2,"ch":14,"sticky":null},"text":["*"],"removed":[""],"origin":"+input"}
2019-3-26 18:26:53.994#change#{"from":{"line":2,"ch":15,"sticky":null},"to":{"line":2,"ch":15,"sticky":null},"text":["2"],"removed":[""],"origin":"+input"}
2019-3-26 18:26:54.945#change#{"from":{"line":2,"ch":16,"sticky":null},"to":{"line":2,"ch":16,"sticky":null},"text":[" "],"removed":[""],"origin":"+input"}
2019-3-26 18:26:55.490#change#{"from":{"line":2,"ch":17,"sticky":null},"to":{"line":2,"ch":17,"sticky":null},"text":["+"],"removed":[""],"origin":"+input"}
2019-3-26 18:26:55.714#change#{"from":{"line":2,"ch":18,"sticky":null},"to":{"line":2,"ch":18,"sticky":null},"text":[" "],"removed":[""],"origin":"+input"}
2019-3-26 18:26:57.882#change#{"from":{"line":2,"ch":19,"sticky":null},"to":{"line":2,"ch":19,"sticky":null},"text":["c"],"removed":[""],"origin":"+input"}
2019-3-26 18:26:59.114#change#{"from":{"line":2,"ch":20,"sticky":null},"to":{"line":2,"ch":20,"sticky":null},"text":["*"],"removed":[""],"origin":"+input"}
2019-3-26 18:27:00.602#change#{"from":{"line":2,"ch":22,"sticky":null},"to":{"line":2,"ch":22,"sticky":null},"text":["2"],"removed":[""],"origin":"+input"}
2019-3-26 18:27:02.457#keyHandled#"Right"
2019-3-26 18:27:07.245#change#{"from":{"line":2,"ch":24,"sticky":"before"},"to":{"line":2,"ch":24,"sticky":"before"},"text":["/"],"removed":[""],"origin":"+input"}
2019-3-26 18:27:10.378#change#{"from":{"line":2,"ch":25,"sticky":null},"to":{"line":2,"ch":25,"sticky":null},"text":["()"],"removed":[""],"origin":"+input"}
2019-3-26 18:27:10.378#keyHandled#"'('"
2019-3-26 18:27:11.778#change#{"from":{"line":2,"ch":26,"sticky":"after"},"to":{"line":2,"ch":26,"sticky":"after"},"text":["a"],"removed":[""],"origin":"+input"}
2019-3-26 18:27:11.986#change#{"from":{"line":2,"ch":27,"sticky":null},"to":{"line":2,"ch":27,"sticky":null},"text":[" "],"removed":[""],"origin":"+input"}
2019-3-26 18:27:12.690#change#{"from":{"line":2,"ch":28,"sticky":null},"to":{"line":2,"ch":28,"sticky":null},"text":["+"],"removed":[""],"origin":"+input"}
2019-3-26 18:27:12.922#change#{"from":{"line":2,"ch":29,"sticky":null},"to":{"line":2,"ch":29,"sticky":null},"text":[" "],"removed":[""],"origin":"+input"}
2019-3-26 18:27:14.162#change#{"from":{"line":2,"ch":30,"sticky":null},"to":{"line":2,"ch":30,"sticky":null},"text":["b"],"removed":[""],"origin":"+input"}
2019-3-26 18:27:14.450#change#{"from":{"line":2,"ch":31,"sticky":null},"to":{"line":2,"ch":31,"sticky":null},"text":[" "],"removed":[""],"origin":"+input"}
2019-3-26 18:27:15.602#change#{"from":{"line":2,"ch":32,"sticky":null},"to":{"line":2,"ch":32,"sticky":null},"text":["+"],"removed":[""],"origin":"+input"}
2019-3-26 18:27:16.898#change#{"from":{"line":2,"ch":33,"sticky":null},"to":{"line":2,"ch":33,"sticky":null},"text":[" "],"removed":[""],"origin":"+input"}
2019-3-26 18:27:17.762#change#{"from":{"line":2,"ch":34,"sticky":null},"to":{"line":2,"ch":34,"sticky":null},"text":["c"],"removed":[""],"origin":"+input"}
2019-3-26 18:27:19.984#mousedown#{"isTrusted":true}
2019-3-26 18:27:21.065#change#{"from":{"line":2,"ch":36,"sticky":"before","xRel":3.21875},"to":{"line":2,"ch":36,"sticky":"before","xRel":3.21875},"text":["",""],"removed":[""],"origin":"+input"}
2019-3-26 18:27:21.065#keyHandled#"Enter"
2019-3-26 18:27:21.068#viewportChange#0
2019-3-26 18:27:22.386#change#{"from":{"line":3,"ch":0,"sticky":null},"to":{"line":3,"ch":0,"sticky":null},"text":["p"],"removed":[""],"origin":"+input"}
2019-3-26 18:27:23.226#change#{"from":{"line":3,"ch":1,"sticky":null},"to":{"line":3,"ch":1,"sticky":null},"text":["r"],"removed":[""],"origin":"+input"}
2019-3-26 18:27:23.418#change#{"from":{"line":3,"ch":2,"sticky":null},"to":{"line":3,"ch":2,"sticky":null},"text":["i"],"removed":[""],"origin":"+input"}
2019-3-26 18:27:23.970#change#{"from":{"line":3,"ch":3,"sticky":null},"to":{"line":3,"ch":3,"sticky":null},"text":["m"],"removed":[""],"origin":"+input"}
2019-3-26 18:27:24.106#change#{"from":{"line":3,"ch":4,"sticky":null},"to":{"line":3,"ch":4,"sticky":null},"text":["t"],"removed":[""],"origin":"+input"}
2019-3-26 18:27:24.960#change#{"from":{"line":3,"ch":4,"sticky":"after"},"to":{"line":3,"ch":5,"sticky":null},"text":[""],"removed":["t"],"origin":"+delete"}
2019-3-26 18:27:24.960#keyHandled#"Backspace"
2019-3-26 18:27:25.088#change#{"from":{"line":3,"ch":3,"sticky":"after"},"to":{"line":3,"ch":4,"sticky":null},"text":[""],"removed":["m"],"origin":"+delete"}
2019-3-26 18:27:25.088#keyHandled#"Backspace"
2019-3-26 18:27:25.626#change#{"from":{"line":3,"ch":3,"sticky":null},"to":{"line":3,"ch":3,"sticky":null},"text":["n"],"removed":[""],"origin":"+input"}
2019-3-26 18:27:25.802#change#{"from":{"line":3,"ch":4,"sticky":null},"to":{"line":3,"ch":4,"sticky":null},"text":["t"],"removed":[""],"origin":"+input"}
2019-3-26 18:27:27.418#change#{"from":{"line":3,"ch":5,"sticky":null},"to":{"line":3,"ch":5,"sticky":null},"text":["()"],"removed":[""],"origin":"+input"}
2019-3-26 18:27:27.418#keyHandled#"'('"
2019-3-26 18:27:28.618#change#{"from":{"line":3,"ch":6,"sticky":"after"},"to":{"line":3,"ch":6,"sticky":"after"},"text":["x"],"removed":[""],"origin":"+input"}
2019-3-26 18:27:29.539#blur#
2019-3-26 18:27:29.539#blur#
2019-3-26 18:27:31.078#submit#Your code did not produce the correct output. Please, correct your code and try again.
2019-3-26 18:27:32.180#mousedown#{"isTrusted":true}
2019-3-26 18:27:32.182#focus#
2019-3-26 18:27:35.794#mousedown#{"isTrusted":true}
2019-3-26 18:27:39.128#change#{"from":{"line":3,"ch":7,"sticky":"after"},"to":{"line":3,"ch":8,"sticky":"before","xRel":-4},"text":[""],"removed":[")"],"origin":"+delete"}
2019-3-26 18:27:39.128#keyHandled#"Backspace"
2019-3-26 18:27:39.577#change#{"from":{"line":3,"ch":6,"sticky":"after"},"to":{"line":3,"ch":7,"sticky":null},"text":[""],"removed":["x"],"origin":"+delete"}
2019-3-26 18:27:39.577#keyHandled#"Backspace"
2019-3-26 18:27:40.440#change#{"from":{"line":3,"ch":5,"sticky":"after"},"to":{"line":3,"ch":6,"sticky":null},"text":[""],"removed":["("],"origin":"+delete"}
2019-3-26 18:27:40.440#keyHandled#"Backspace"
2019-3-26 18:27:40.713#change#{"from":{"line":3,"ch":4,"sticky":"after"},"to":{"line":3,"ch":5,"sticky":null},"text":[""],"removed":["t"],"origin":"+delete"}
2019-3-26 18:27:40.713#keyHandled#"Backspace"
2019-3-26 18:27:40.880#change#{"from":{"line":3,"ch":3,"sticky":"after"},"to":{"line":3,"ch":4,"sticky":null},"text":[""],"removed":["n"],"origin":"+delete"}
2019-3-26 18:27:40.880#keyHandled#"Backspace"
2019-3-26 18:27:41.048#change#{"from":{"line":3,"ch":2,"sticky":"after"},"to":{"line":3,"ch":3,"sticky":null},"text":[""],"removed":["i"],"origin":"+delete"}
2019-3-26 18:27:41.048#keyHandled#"Backspace"
2019-3-26 18:27:41.224#change#{"from":{"line":3,"ch":1,"sticky":"after"},"to":{"line":3,"ch":2,"sticky":null},"text":[""],"removed":["r"],"origin":"+delete"}
2019-3-26 18:27:41.225#keyHandled#"Backspace"
2019-3-26 18:27:41.402#change#{"from":{"line":3,"ch":0,"sticky":"after"},"to":{"line":3,"ch":1,"sticky":null},"text":[""],"removed":["p"],"origin":"+delete"}
2019-3-26 18:27:41.402#keyHandled#"Backspace"
2019-3-26 18:27:41.777#change#{"from":{"line":2,"ch":36,"sticky":"before"},"to":{"line":3,"ch":0,"sticky":null},"text":[""],"removed":["",""],"origin":"+delete"}
2019-3-26 18:27:41.777#keyHandled#"Backspace"
2019-3-26 18:27:41.781#viewportChange#0
2019-3-26 18:27:45.825#change#{"from":{"line":2,"ch":36,"sticky":null},"to":{"line":2,"ch":36,"sticky":null},"text":["",""],"removed":[""],"origin":"+input"}
2019-3-26 18:27:45.825#keyHandled#"Enter"
2019-3-26 18:27:45.829#viewportChange#0
2019-3-26 18:27:46.955#change#{"from":{"line":3,"ch":0,"sticky":null},"to":{"line":3,"ch":0,"sticky":null},"text":["p"],"removed":[""],"origin":"+input"}
2019-3-26 18:27:47.266#change#{"from":{"line":3,"ch":1,"sticky":null},"to":{"line":3,"ch":1,"sticky":null},"text":["r"],"removed":[""],"origin":"+input"}
2019-3-26 18:27:47.378#change#{"from":{"line":3,"ch":2,"sticky":null},"to":{"line":3,"ch":2,"sticky":null},"text":["i"],"removed":[""],"origin":"+input"}
2019-3-26 18:27:47.522#change#{"from":{"line":3,"ch":3,"sticky":null},"to":{"line":3,"ch":3,"sticky":null},"text":["n"],"removed":[""],"origin":"+input"}
2019-3-26 18:27:47.666#change#{"from":{"line":3,"ch":4,"sticky":null},"to":{"line":3,"ch":4,"sticky":null},"text":["t"],"removed":[""],"origin":"+input"}
2019-3-26 18:27:48.882#change#{"from":{"line":3,"ch":5,"sticky":null},"to":{"line":3,"ch":5,"sticky":null},"text":["()"],"removed":[""],"origin":"+input"}
2019-3-26 18:27:48.882#keyHandled#"'('"
2019-3-26 18:27:50.282#change#{"from":{"line":3,"ch":6,"sticky":"after"},"to":{"line":3,"ch":6,"sticky":"after"},"text":["r"],"removed":[""],"origin":"+input"}
2019-3-26 18:27:50.642#change#{"from":{"line":3,"ch":7,"sticky":null},"to":{"line":3,"ch":7,"sticky":null},"text":["o"],"removed":[""],"origin":"+input"}
2019-3-26 18:27:50.778#change#{"from":{"line":3,"ch":8,"sticky":null},"to":{"line":3,"ch":8,"sticky":null},"text":["u"],"removed":[""],"origin":"+input"}
2019-3-26 18:27:50.996#change#{"from":{"line":3,"ch":9,"sticky":null},"to":{"line":3,"ch":9,"sticky":null},"text":["n"],"removed":[""],"origin":"+input"}
2019-3-26 18:27:51.186#change#{"from":{"line":3,"ch":10,"sticky":null},"to":{"line":3,"ch":10,"sticky":null},"text":["d"],"removed":[""],"origin":"+input"}
2019-3-26 18:27:52.227#change#{"from":{"line":3,"ch":11,"sticky":null},"to":{"line":3,"ch":11,"sticky":null},"text":["()"],"removed":[""],"origin":"+input"}
2019-3-26 18:27:52.227#keyHandled#"'('"
2019-3-26 18:27:53.987#change#{"from":{"line":3,"ch":12,"sticky":"after"},"to":{"line":3,"ch":12,"sticky":"after"},"text":["x"],"removed":[""],"origin":"+input"}
2019-3-26 18:27:54.447#change#{"from":{"line":3,"ch":13,"sticky":null},"to":{"line":3,"ch":13,"sticky":null},"text":[","],"removed":[""],"origin":"+input"}
2019-3-26 18:27:54.610#change#{"from":{"line":3,"ch":14,"sticky":null},"to":{"line":3,"ch":14,"sticky":null},"text":[" "],"removed":[""],"origin":"+input"}
2019-3-26 18:27:56.187#change#{"from":{"line":3,"ch":15,"sticky":null},"to":{"line":3,"ch":15,"sticky":null},"text":["7"],"removed":[""],"origin":"+input"}
2019-3-26 18:27:57.777#blur#
2019-3-26 18:27:57.777#blur#
2019-3-26 18:27:59.071#submit#Your code did not produce the correct output. Please, correct your code and try again.
2019-3-26 18:28:16.313#mousedown#{"isTrusted":true}
2019-3-26 18:28:16.317#focus#
2019-3-26 18:28:18.650#change#{"from":{"line":1,"ch":16,"sticky":"before","xRel":-1.40625},"to":{"line":1,"ch":16,"sticky":"before","xRel":-1.40625},"text":["",""],"removed":[""],"origin":"+input"}
2019-3-26 18:28:18.650#keyHandled#"Enter"
2019-3-26 18:28:18.654#viewportChange#0
2019-3-26 18:28:20.341#change#{"from":{"line":2,"ch":0,"sticky":null},"to":{"line":2,"ch":0,"sticky":null},"text":["c"],"removed":[""],"origin":"+input"}
2019-3-26 18:28:20.916#change#{"from":{"line":2,"ch":1,"sticky":null},"to":{"line":2,"ch":1,"sticky":null},"text":[" "],"removed":[""],"origin":"+input"}
2019-3-26 18:28:21.146#change#{"from":{"line":2,"ch":2,"sticky":null},"to":{"line":2,"ch":2,"sticky":null},"text":["="],"removed":[""],"origin":"+input"}
2019-3-26 18:28:21.243#change#{"from":{"line":2,"ch":3,"sticky":null},"to":{"line":2,"ch":3,"sticky":null},"text":[" "],"removed":[""],"origin":"+input"}
2019-3-26 18:28:22.306#change#{"from":{"line":2,"ch":4,"sticky":null},"to":{"line":2,"ch":4,"sticky":null},"text":["i"],"removed":[""],"origin":"+input"}
2019-3-26 18:28:22.506#change#{"from":{"line":2,"ch":5,"sticky":null},"to":{"line":2,"ch":5,"sticky":null},"text":["n"],"removed":[""],"origin":"+input"}
2019-3-26 18:28:22.714#change#{"from":{"line":2,"ch":6,"sticky":null},"to":{"line":2,"ch":6,"sticky":null},"text":["t"],"removed":[""],"origin":"+input"}
2019-3-26 18:28:23.346#change#{"from":{"line":2,"ch":7,"sticky":null},"to":{"line":2,"ch":7,"sticky":null},"text":["()"],"removed":[""],"origin":"+input"}
2019-3-26 18:28:23.346#keyHandled#"'('"
2019-3-26 18:28:24.219#change#{"from":{"line":2,"ch":8,"sticky":"after"},"to":{"line":2,"ch":8,"sticky":"after"},"text":["i"],"removed":[""],"origin":"+input"}
2019-3-26 18:28:24.546#change#{"from":{"line":2,"ch":9,"sticky":null},"to":{"line":2,"ch":9,"sticky":null},"text":["n"],"removed":[""],"origin":"+input"}
2019-3-26 18:28:24.675#change#{"from":{"line":2,"ch":10,"sticky":null},"to":{"line":2,"ch":10,"sticky":null},"text":["p"],"removed":[""],"origin":"+input"}
2019-3-26 18:28:24.922#change#{"from":{"line":2,"ch":11,"sticky":null},"to":{"line":2,"ch":11,"sticky":null},"text":["u"],"removed":[""],"origin":"+input"}
2019-3-26 18:28:25.162#change#{"from":{"line":2,"ch":12,"sticky":null},"to":{"line":2,"ch":12,"sticky":null},"text":["t"],"removed":[""],"origin":"+input"}
2019-3-26 18:28:26.458#change#{"from":{"line":2,"ch":13,"sticky":null},"to":{"line":2,"ch":13,"sticky":null},"text":["()"],"removed":[""],"origin":"+input"}
2019-3-26 18:28:26.458#keyHandled#"'('"
2019-3-26 18:28:29.527#blur#
2019-4-4 18:39:08.232#viewportChange#0
2019-4-4 18:39:19.325#mousedown#{"isTrusted":true}
2019-4-4 18:39:19.340#focus#
2019-4-4 18:39:20.681#change#{"from":{"line":0,"ch":14,"sticky":"before","xRel":-3.5999755859375},"to":{"line":0,"ch":14,"sticky":"before","xRel":-3.5999755859375},"text":["!"],"removed":[""],"origin":"+input"}
2019-4-4 18:39:21.457#change#{"from":{"line":0,"ch":14,"sticky":"after"},"to":{"line":0,"ch":15,"sticky":null},"text":[""],"removed":["!"],"origin":"+delete"}
2019-4-4 18:39:21.457#keyHandled#"Backspace"
2019-4-4 18:39:22.247#change#{"from":{"line":0,"ch":14,"sticky":null},"to":{"line":0,"ch":14,"sticky":null},"text":["\"\""],"removed":[""],"origin":"+input"}
2019-4-4 18:39:22.247#keyHandled#"'\"'"
2019-4-4 18:39:23.481#change#{"from":{"line":0,"ch":15,"sticky":"after"},"to":{"line":0,"ch":15,"sticky":"after"},"text":["i"],"removed":[""],"origin":"+input"}
2019-4-4 18:39:23.553#change#{"from":{"line":0,"ch":16,"sticky":null},"to":{"line":0,"ch":16,"sticky":null},"text":["n"],"removed":[""],"origin":"+input"}
2019-4-4 18:39:23.727#change#{"from":{"line":0,"ch":17,"sticky":null},"to":{"line":0,"ch":17,"sticky":null},"text":["r"],"removed":[""],"origin":"+input"}
2019-4-4 18:39:23.751#change#{"from":{"line":0,"ch":18,"sticky":null},"to":{"line":0,"ch":18,"sticky":null},"text":["f"],"removed":[""],"origin":"+input"}
2019-4-4 18:39:23.876#change#{"from":{"line":0,"ch":19,"sticky":null},"to":{"line":0,"ch":19,"sticky":null},"text":["o"],"removed":[""],"origin":"+input"}
2019-4-4 18:39:24.816#change#{"from":{"line":0,"ch":19,"sticky":"after"},"to":{"line":0,"ch":20,"sticky":null},"text":[""],"removed":["o"],"origin":"+delete"}
2019-4-4 18:39:24.816#keyHandled#"Backspace"
2019-4-4 18:39:24.942#change#{"from":{"line":0,"ch":18,"sticky":"after"},"to":{"line":0,"ch":19,"sticky":null},"text":[""],"removed":["f"],"origin":"+delete"}
2019-4-4 18:39:24.942#keyHandled#"Backspace"
2019-4-4 18:39:25.785#change#{"from":{"line":0,"ch":17,"sticky":"after"},"to":{"line":0,"ch":18,"sticky":null},"text":[""],"removed":["r"],"origin":"+delete"}
2019-4-4 18:39:25.786#keyHandled#"Backspace"
2019-4-4 18:39:25.917#change#{"from":{"line":0,"ch":16,"sticky":"after"},"to":{"line":0,"ch":17,"sticky":null},"text":[""],"removed":["n"],"origin":"+delete"}
2019-4-4 18:39:25.917#keyHandled#"Backspace"
2019-4-4 18:39:26.500#change#{"from":{"line":0,"ch":15,"sticky":"after"},"to":{"line":0,"ch":16,"sticky":null},"text":[""],"removed":["i"],"origin":"+delete"}
2019-4-4 18:39:26.500#keyHandled#"Backspace"
2019-4-4 18:39:26.615#change#{"from":{"line":0,"ch":15,"sticky":null},"to":{"line":0,"ch":15,"sticky":null},"text":["a"],"removed":[""],"origin":"+input"}
2019-4-4 18:39:26.994#keyHandled#"Down"
2019-4-4 18:39:27.110#keyHandled#"Left"
2019-4-4 18:39:27.446#keyHandled#"Left"
2019-4-4 18:39:28.916#change#{"from":{"line":1,"ch":14,"sticky":"after"},"to":{"line":1,"ch":14,"sticky":"after"},"text":["",""],"removed":[""],"origin":"+input"}
2019-4-4 18:39:28.916#keyHandled#"Enter"
2019-4-4 18:39:28.929#viewportChange#0
2019-4-4 18:39:29.719#change#{"from":{"line":1,"ch":14,"sticky":"before"},"to":{"line":2,"ch":0,"sticky":null},"text":[""],"removed":["",""],"origin":"+delete"}
2019-4-4 18:39:29.719#keyHandled#"Backspace"
2019-4-4 18:39:29.729#viewportChange#0
2019-4-4 18:39:30.495#change#{"from":{"line":1,"ch":14,"sticky":null},"to":{"line":1,"ch":14,"sticky":null},"text":["\"\""],"removed":[""],"origin":"+input"}
2019-4-4 18:39:30.495#keyHandled#"'\"'"
2019-4-4 18:39:31.351#change#{"from":{"line":1,"ch":15,"sticky":"after"},"to":{"line":1,"ch":15,"sticky":"after"},"text":["b"],"removed":[""],"origin":"+input"}
2019-4-4 18:39:31.658#keyHandled#"Down"
2019-4-4 18:39:31.815#keyHandled#"Left"
2019-4-4 18:39:31.993#keyHandled#"Left"
2019-4-4 18:39:33.054#change#{"from":{"line":2,"ch":14,"sticky":"after"},"to":{"line":2,"ch":14,"sticky":"after"},"text":["\"\""],"removed":[""],"origin":"+input"}
2019-4-4 18:39:33.054#keyHandled#"'\"'"
2019-4-4 18:39:33.871#change#{"from":{"line":2,"ch":15,"sticky":"after"},"to":{"line":2,"ch":15,"sticky":"after"},"text":["c"],"removed":[""],"origin":"+input"}
2019-4-4 18:39:33.054#change#{"from":{"line":2,"ch":14,"sticky":"after"},"to":{"line":2,"ch":14,"sticky":"after"},"text":["\"\""],"removed":[""],"origin":"+input"}
2019-4-4 18:39:33.054#keyHandled#"'\"'"
2019-4-4 18:39:33.871#change#{"from":{"line":2,"ch":15,"sticky":"after"},"to":{"line":2,"ch":15,"sticky":"after"},"text":["c"],"removed":[""],"origin":"+input"}
2019-4-4 18:39:35.400#submit#Congratulations, your code is correct!
2019-4-4 18:41:56.794#blur#
