2019-6-13 18:04:03.978#viewportChange#0
2019-6-13 18:04:07.143#mousedown#{"isTrusted":true}
2019-6-13 18:04:07.157#focus#
2019-6-13 18:04:40.949#blur#
2019-6-13 18:19:37.789#mousedown#{"isTrusted":true}
2019-6-13 18:19:37.794#focus#
2019-6-13 18:19:42.240#change#{"from":{"line":0,"ch":0,"sticky":"after","xRel":49.4000244140625},"to":{"line":0,"ch":0,"sticky":"after","xRel":49.4000244140625},"text":["f"],"removed":[""],"origin":"+input"}
2019-6-13 18:19:42.326#change#{"from":{"line":0,"ch":1,"sticky":null},"to":{"line":0,"ch":1,"sticky":null},"text":["r"],"removed":[""],"origin":"+input"}
2019-6-13 18:19:42.510#change#{"from":{"line":0,"ch":2,"sticky":null},"to":{"line":0,"ch":2,"sticky":null},"text":["o"],"removed":[""],"origin":"+input"}
2019-6-13 18:19:42.598#change#{"from":{"line":0,"ch":3,"sticky":null},"to":{"line":0,"ch":3,"sticky":null},"text":["m"],"removed":[""],"origin":"+input"}
2019-6-13 18:19:42.719#change#{"from":{"line":0,"ch":4,"sticky":null},"to":{"line":0,"ch":4,"sticky":null},"text":[" "],"removed":[""],"origin":"+input"}
2019-6-13 18:19:43.383#change#{"from":{"line":0,"ch":5,"sticky":null},"to":{"line":0,"ch":5,"sticky":null},"text":["n"],"removed":[""],"origin":"+input"}
2019-6-13 18:19:43.430#change#{"from":{"line":0,"ch":6,"sticky":null},"to":{"line":0,"ch":6,"sticky":null},"text":["u"],"removed":[""],"origin":"+input"}
2019-6-13 18:19:43.977#change#{"from":{"line":0,"ch":7,"sticky":null},"to":{"line":0,"ch":7,"sticky":null},"text":["m"],"removed":[""],"origin":"+input"}
2019-6-13 18:19:44.094#change#{"from":{"line":0,"ch":8,"sticky":null},"to":{"line":0,"ch":8,"sticky":null},"text":["p"],"removed":[""],"origin":"+input"}
2019-6-13 18:19:44.206#change#{"from":{"line":0,"ch":9,"sticky":null},"to":{"line":0,"ch":9,"sticky":null},"text":["y"],"removed":[""],"origin":"+input"}
2019-6-13 18:19:44.702#change#{"from":{"line":0,"ch":10,"sticky":null},"to":{"line":0,"ch":10,"sticky":null},"text":[" "],"removed":[""],"origin":"+input"}
2019-6-13 18:19:45.190#change#{"from":{"line":0,"ch":11,"sticky":null},"to":{"line":0,"ch":11,"sticky":null},"text":["i"],"removed":[""],"origin":"+input"}
2019-6-13 18:19:45.270#change#{"from":{"line":0,"ch":12,"sticky":null},"to":{"line":0,"ch":12,"sticky":null},"text":["m"],"removed":[""],"origin":"+input"}
2019-6-13 18:19:45.566#change#{"from":{"line":0,"ch":13,"sticky":null},"to":{"line":0,"ch":13,"sticky":null},"text":["p"],"removed":[""],"origin":"+input"}
2019-6-13 18:19:45.630#change#{"from":{"line":0,"ch":14,"sticky":null},"to":{"line":0,"ch":14,"sticky":null},"text":["o"],"removed":[""],"origin":"+input"}
2019-6-13 18:19:46.654#change#{"from":{"line":0,"ch":15,"sticky":null},"to":{"line":0,"ch":15,"sticky":null},"text":["r"],"removed":[""],"origin":"+input"}
2019-6-13 18:19:46.775#change#{"from":{"line":0,"ch":16,"sticky":null},"to":{"line":0,"ch":16,"sticky":null},"text":["t"],"removed":[""],"origin":"+input"}
2019-6-13 18:19:47.998#change#{"from":{"line":0,"ch":17,"sticky":null},"to":{"line":0,"ch":17,"sticky":null},"text":["*"],"removed":[""],"origin":"+input"}
2019-6-13 18:19:48.804#change#{"from":{"line":0,"ch":18,"sticky":null},"to":{"line":0,"ch":18,"sticky":null},"text":["",""],"removed":[""],"origin":"+input"}
2019-6-13 18:19:48.804#keyHandled#"Enter"
2019-6-13 18:19:48.820#viewportChange#0
2019-6-13 18:19:51.035#change#{"from":{"line":1,"ch":0,"sticky":null},"to":{"line":1,"ch":0,"sticky":null},"text":["",""],"removed":[""],"origin":"+input"}
2019-6-13 18:19:51.035#keyHandled#"Enter"
2019-6-13 18:19:51.049#viewportChange#0
2019-6-13 18:19:53.055#change#{"from":{"line":2,"ch":0,"sticky":null},"to":{"line":2,"ch":0,"sticky":null},"text":["v"],"removed":[""],"origin":"+input"}
2019-6-13 18:19:53.110#change#{"from":{"line":2,"ch":1,"sticky":null},"to":{"line":2,"ch":1,"sticky":null},"text":["e"],"removed":[""],"origin":"+input"}
2019-6-13 18:19:53.365#change#{"from":{"line":2,"ch":2,"sticky":null},"to":{"line":2,"ch":2,"sticky":null},"text":["t"],"removed":[""],"origin":"+input"}
2019-6-13 18:19:54.014#change#{"from":{"line":2,"ch":3,"sticky":null},"to":{"line":2,"ch":3,"sticky":null},"text":[" "],"removed":[""],"origin":"+input"}
2019-6-13 18:19:54.086#change#{"from":{"line":2,"ch":4,"sticky":null},"to":{"line":2,"ch":4,"sticky":null},"text":["="],"removed":[""],"origin":"+input"}
2019-6-13 18:19:54.181#change#{"from":{"line":2,"ch":5,"sticky":null},"to":{"line":2,"ch":5,"sticky":null},"text":[" "],"removed":[""],"origin":"+input"}
2019-6-13 18:19:56.046#change#{"from":{"line":2,"ch":6,"sticky":null},"to":{"line":2,"ch":6,"sticky":null},"text":["a"],"removed":[""],"origin":"+input"}
2019-6-13 18:19:56.278#change#{"from":{"line":2,"ch":7,"sticky":null},"to":{"line":2,"ch":7,"sticky":null},"text":["r"],"removed":[""],"origin":"+input"}
2019-6-13 18:19:56.446#change#{"from":{"line":2,"ch":8,"sticky":null},"to":{"line":2,"ch":8,"sticky":null},"text":["r"],"removed":[""],"origin":"+input"}
2019-6-13 18:19:56.550#change#{"from":{"line":2,"ch":9,"sticky":null},"to":{"line":2,"ch":9,"sticky":null},"text":["a"],"removed":[""],"origin":"+input"}
2019-6-13 18:19:57.255#change#{"from":{"line":2,"ch":10,"sticky":null},"to":{"line":2,"ch":10,"sticky":null},"text":["y"],"removed":[""],"origin":"+input"}
2019-6-13 18:19:57.790#change#{"from":{"line":2,"ch":11,"sticky":null},"to":{"line":2,"ch":11,"sticky":null},"text":[")"],"removed":[""],"origin":"+input"}
2019-6-13 18:19:58.611#change#{"from":{"line":2,"ch":11,"sticky":"after"},"to":{"line":2,"ch":12,"sticky":null},"text":[""],"removed":[")"],"origin":"+delete"}
2019-6-13 18:19:58.611#keyHandled#"Backspace"
2019-6-13 18:19:59.402#change#{"from":{"line":2,"ch":11,"sticky":null},"to":{"line":2,"ch":11,"sticky":null},"text":["()"],"removed":[""],"origin":"+input"}
2019-6-13 18:19:59.402#keyHandled#"'('"
2019-6-13 18:19:59.711#change#{"from":{"line":2,"ch":12,"sticky":"after"},"to":{"line":2,"ch":12,"sticky":"after"},"text":["e"],"removed":[""],"origin":"+input"}
2019-6-13 18:19:59.831#change#{"from":{"line":2,"ch":13,"sticky":null},"to":{"line":2,"ch":13,"sticky":null},"text":["v"],"removed":[""],"origin":"+input"}
2019-6-13 18:19:59.998#change#{"from":{"line":2,"ch":14,"sticky":null},"to":{"line":2,"ch":14,"sticky":null},"text":["a"],"removed":[""],"origin":"+input"}
2019-6-13 18:20:00.214#change#{"from":{"line":2,"ch":15,"sticky":null},"to":{"line":2,"ch":15,"sticky":null},"text":["l"],"removed":[""],"origin":"+input"}
2019-6-13 18:20:00.798#change#{"from":{"line":2,"ch":16,"sticky":null},"to":{"line":2,"ch":16,"sticky":null},"text":["()"],"removed":[""],"origin":"+input"}
2019-6-13 18:20:00.798#keyHandled#"'('"
2019-6-13 18:20:05.670#change#{"from":{"line":2,"ch":17,"sticky":"after"},"to":{"line":2,"ch":17,"sticky":"after"},"text":["i"],"removed":[""],"origin":"+input"}
2019-6-13 18:20:05.758#change#{"from":{"line":2,"ch":18,"sticky":null},"to":{"line":2,"ch":18,"sticky":null},"text":["n"],"removed":[""],"origin":"+input"}
2019-6-13 18:20:06.142#change#{"from":{"line":2,"ch":19,"sticky":null},"to":{"line":2,"ch":19,"sticky":null},"text":["p"],"removed":[""],"origin":"+input"}
2019-6-13 18:20:06.303#change#{"from":{"line":2,"ch":20,"sticky":null},"to":{"line":2,"ch":20,"sticky":null},"text":["u"],"removed":[""],"origin":"+input"}
2019-6-13 18:20:06.542#change#{"from":{"line":2,"ch":21,"sticky":null},"to":{"line":2,"ch":21,"sticky":null},"text":["t"],"removed":[""],"origin":"+input"}
2019-6-13 18:20:07.334#change#{"from":{"line":2,"ch":22,"sticky":null},"to":{"line":2,"ch":22,"sticky":null},"text":["()"],"removed":[""],"origin":"+input"}
2019-6-13 18:20:07.334#keyHandled#"'('"
2019-6-13 18:20:08.534#change#{"from":{"line":2,"ch":23,"sticky":"after"},"to":{"line":2,"ch":23,"sticky":"after"},"text":["\"\""],"removed":[""],"origin":"+input"}
2019-6-13 18:20:08.535#keyHandled#"'\"'"
2019-6-13 18:20:09.350#change#{"from":{"line":2,"ch":24,"sticky":"after"},"to":{"line":2,"ch":24,"sticky":"after"},"text":["I"],"removed":[""],"origin":"+input"}
2019-6-13 18:20:09.550#change#{"from":{"line":2,"ch":25,"sticky":null},"to":{"line":2,"ch":25,"sticky":null},"text":["n"],"removed":[""],"origin":"+input"}
2019-6-13 18:20:09.662#change#{"from":{"line":2,"ch":26,"sticky":null},"to":{"line":2,"ch":26,"sticky":null},"text":["s"],"removed":[""],"origin":"+input"}
2019-6-13 18:20:09.742#change#{"from":{"line":2,"ch":27,"sticky":null},"to":{"line":2,"ch":27,"sticky":null},"text":["i"],"removed":[""],"origin":"+input"}
2019-6-13 18:20:10.150#change#{"from":{"line":2,"ch":28,"sticky":null},"to":{"line":2,"ch":28,"sticky":null},"text":["r"],"removed":[""],"origin":"+input"}
2019-6-13 18:20:10.238#change#{"from":{"line":2,"ch":29,"sticky":null},"to":{"line":2,"ch":29,"sticky":null},"text":["a"],"removed":[""],"origin":"+input"}
2019-6-13 18:20:10.382#change#{"from":{"line":2,"ch":30,"sticky":null},"to":{"line":2,"ch":30,"sticky":null},"text":[" "],"removed":[""],"origin":"+input"}
2019-6-13 18:20:10.935#change#{"from":{"line":2,"ch":31,"sticky":null},"to":{"line":2,"ch":31,"sticky":null},"text":["o"],"removed":[""],"origin":"+input"}
2019-6-13 18:20:11.022#change#{"from":{"line":2,"ch":32,"sticky":null},"to":{"line":2,"ch":32,"sticky":null},"text":[" "],"removed":[""],"origin":"+input"}
2019-6-13 18:20:11.230#change#{"from":{"line":2,"ch":33,"sticky":null},"to":{"line":2,"ch":33,"sticky":null},"text":["v"],"removed":[""],"origin":"+input"}
2019-6-13 18:20:11.365#change#{"from":{"line":2,"ch":34,"sticky":null},"to":{"line":2,"ch":34,"sticky":null},"text":["e"],"removed":[""],"origin":"+input"}
2019-6-13 18:20:11.502#change#{"from":{"line":2,"ch":35,"sticky":null},"to":{"line":2,"ch":35,"sticky":null},"text":["t"],"removed":[""],"origin":"+input"}
2019-6-13 18:20:11.574#change#{"from":{"line":2,"ch":36,"sticky":null},"to":{"line":2,"ch":36,"sticky":null},"text":["o"],"removed":[""],"origin":"+input"}
2019-6-13 18:20:11.686#change#{"from":{"line":2,"ch":37,"sticky":null},"to":{"line":2,"ch":37,"sticky":null},"text":["r"],"removed":[""],"origin":"+input"}
2019-6-13 18:20:12.670#change#{"from":{"line":2,"ch":38,"sticky":null},"to":{"line":2,"ch":38,"sticky":null},"text":[":"],"removed":[""],"origin":"+input"}
2019-6-13 18:20:12.807#change#{"from":{"line":2,"ch":39,"sticky":null},"to":{"line":2,"ch":39,"sticky":null},"text":[" "],"removed":[""],"origin":"+input"}
2019-6-13 18:20:14.491#keyHandled#"Right"
2019-6-13 18:20:14.675#keyHandled#"Right"
2019-6-13 18:20:14.827#keyHandled#"Right"
2019-6-13 18:20:14.939#keyHandled#"Right"
2019-6-13 18:20:15.067#keyHandled#"Right"
2019-6-13 18:20:15.596#change#{"from":{"line":2,"ch":44,"sticky":"before","hitSide":true},"to":{"line":2,"ch":44,"sticky":"before","hitSide":true},"text":["",""],"removed":[""],"origin":"+input"}
2019-6-13 18:20:15.596#keyHandled#"Enter"
2019-6-13 18:20:15.611#viewportChange#0
2019-6-13 18:20:54.181#change#{"from":{"line":3,"ch":0,"sticky":null},"to":{"line":3,"ch":0,"sticky":null},"text":["",""],"removed":[""],"origin":"+input"}
2019-6-13 18:20:54.181#keyHandled#"Enter"
2019-6-13 18:20:54.195#viewportChange#0
2019-6-13 18:20:59.872#change#{"from":{"line":4,"ch":0,"sticky":null},"to":{"line":4,"ch":0,"sticky":null},"text":["a"],"removed":[""],"origin":"+input"}
2019-6-13 18:20:59.928#change#{"from":{"line":4,"ch":1,"sticky":null},"to":{"line":4,"ch":1,"sticky":null},"text":[" "],"removed":[""],"origin":"+input"}
2019-6-13 18:21:00.040#change#{"from":{"line":4,"ch":2,"sticky":null},"to":{"line":4,"ch":2,"sticky":null},"text":["="],"removed":[""],"origin":"+input"}
2019-6-13 18:21:00.111#change#{"from":{"line":4,"ch":3,"sticky":null},"to":{"line":4,"ch":3,"sticky":null},"text":[" "],"removed":[""],"origin":"+input"}
2019-6-13 18:21:01.151#change#{"from":{"line":4,"ch":4,"sticky":null},"to":{"line":4,"ch":4,"sticky":null},"text":["z"],"removed":[""],"origin":"+input"}
2019-6-13 18:21:01.463#change#{"from":{"line":4,"ch":5,"sticky":null},"to":{"line":4,"ch":5,"sticky":null},"text":["e"],"removed":[""],"origin":"+input"}
2019-6-13 18:21:01.552#change#{"from":{"line":4,"ch":6,"sticky":null},"to":{"line":4,"ch":6,"sticky":null},"text":["r"],"removed":[""],"origin":"+input"}
2019-6-13 18:21:01.631#change#{"from":{"line":4,"ch":7,"sticky":null},"to":{"line":4,"ch":7,"sticky":null},"text":["o"],"removed":[""],"origin":"+input"}
2019-6-13 18:21:01.648#change#{"from":{"line":4,"ch":8,"sticky":null},"to":{"line":4,"ch":8,"sticky":null},"text":["p"],"removed":[""],"origin":"+input"}
2019-6-13 18:21:01.716#change#{"from":{"line":4,"ch":9,"sticky":null},"to":{"line":4,"ch":9,"sticky":null},"text":["s"],"removed":[""],"origin":"+input"}
2019-6-13 18:21:02.181#change#{"from":{"line":4,"ch":9,"sticky":"after"},"to":{"line":4,"ch":10,"sticky":null},"text":[""],"removed":["s"],"origin":"+delete"}
2019-6-13 18:21:02.181#keyHandled#"Backspace"
2019-6-13 18:21:02.333#change#{"from":{"line":4,"ch":8,"sticky":"after"},"to":{"line":4,"ch":9,"sticky":null},"text":[""],"removed":["p"],"origin":"+delete"}
2019-6-13 18:21:02.333#keyHandled#"Backspace"
2019-6-13 18:21:02.496#change#{"from":{"line":4,"ch":8,"sticky":null},"to":{"line":4,"ch":8,"sticky":null},"text":["s"],"removed":[""],"origin":"+input"}
2019-6-13 18:21:03.295#change#{"from":{"line":4,"ch":9,"sticky":null},"to":{"line":4,"ch":9,"sticky":null},"text":["()"],"removed":[""],"origin":"+input"}
2019-6-13 18:21:03.295#keyHandled#"'('"
2019-6-13 18:21:11.095#change#{"from":{"line":4,"ch":9,"sticky":null},"to":{"line":4,"ch":11,"sticky":null},"text":[""],"removed":["()"],"origin":"+delete"}
2019-6-13 18:21:11.095#keyHandled#"Backspace"
2019-6-13 18:21:11.246#change#{"from":{"line":4,"ch":8,"sticky":"after"},"to":{"line":4,"ch":9,"sticky":null},"text":[""],"removed":["s"],"origin":"+delete"}
2019-6-13 18:21:11.246#keyHandled#"Backspace"
2019-6-13 18:21:11.365#change#{"from":{"line":4,"ch":7,"sticky":"after"},"to":{"line":4,"ch":8,"sticky":null},"text":[""],"removed":["o"],"origin":"+delete"}
2019-6-13 18:21:11.365#keyHandled#"Backspace"
2019-6-13 18:21:11.493#change#{"from":{"line":4,"ch":6,"sticky":"after"},"to":{"line":4,"ch":7,"sticky":null},"text":[""],"removed":["r"],"origin":"+delete"}
2019-6-13 18:21:11.493#keyHandled#"Backspace"
2019-6-13 18:21:11.589#change#{"from":{"line":4,"ch":5,"sticky":"after"},"to":{"line":4,"ch":6,"sticky":null},"text":[""],"removed":["e"],"origin":"+delete"}
2019-6-13 18:21:11.589#keyHandled#"Backspace"
2019-6-13 18:21:11.693#change#{"from":{"line":4,"ch":4,"sticky":"after"},"to":{"line":4,"ch":5,"sticky":null},"text":[""],"removed":["z"],"origin":"+delete"}
2019-6-13 18:21:11.693#keyHandled#"Backspace"
2019-6-13 18:21:11.805#change#{"from":{"line":4,"ch":3,"sticky":"after"},"to":{"line":4,"ch":4,"sticky":null},"text":[""],"removed":[" "],"origin":"+delete"}
2019-6-13 18:21:11.805#keyHandled#"Backspace"
2019-6-13 18:21:11.924#change#{"from":{"line":4,"ch":2,"sticky":"after"},"to":{"line":4,"ch":3,"sticky":null},"text":[""],"removed":["="],"origin":"+delete"}
2019-6-13 18:21:11.925#keyHandled#"Backspace"
2019-6-13 18:21:12.301#change#{"from":{"line":4,"ch":1,"sticky":"after"},"to":{"line":4,"ch":2,"sticky":null},"text":[""],"removed":[" "],"origin":"+delete"}
2019-6-13 18:21:12.301#keyHandled#"Backspace"
2019-6-13 18:21:12.701#change#{"from":{"line":4,"ch":0,"sticky":"after"},"to":{"line":4,"ch":1,"sticky":null},"text":[""],"removed":["a"],"origin":"+delete"}
2019-6-13 18:21:12.701#keyHandled#"Backspace"
2019-6-13 18:21:13.153#change#{"from":{"line":4,"ch":0,"sticky":null},"to":{"line":4,"ch":0,"sticky":null},"text":["f"],"removed":[""],"origin":"+input"}
2019-6-13 18:21:13.351#change#{"from":{"line":4,"ch":1,"sticky":null},"to":{"line":4,"ch":1,"sticky":null},"text":["o"],"removed":[""],"origin":"+input"}
2019-6-13 18:21:14.264#change#{"from":{"line":4,"ch":2,"sticky":null},"to":{"line":4,"ch":2,"sticky":null},"text":["r"],"removed":[""],"origin":"+input"}
2019-6-13 18:21:15.056#change#{"from":{"line":4,"ch":3,"sticky":null},"to":{"line":4,"ch":3,"sticky":null},"text":[" "],"removed":[""],"origin":"+input"}
2019-6-13 18:21:15.192#change#{"from":{"line":4,"ch":4,"sticky":null},"to":{"line":4,"ch":4,"sticky":null},"text":["i"],"removed":[""],"origin":"+input"}
2019-6-13 18:21:15.312#change#{"from":{"line":4,"ch":5,"sticky":null},"to":{"line":4,"ch":5,"sticky":null},"text":[" "],"removed":[""],"origin":"+input"}
2019-6-13 18:21:15.391#change#{"from":{"line":4,"ch":6,"sticky":null},"to":{"line":4,"ch":6,"sticky":null},"text":["i"],"removed":[""],"origin":"+input"}
2019-6-13 18:21:15.479#change#{"from":{"line":4,"ch":7,"sticky":null},"to":{"line":4,"ch":7,"sticky":null},"text":["n"],"removed":[""],"origin":"+input"}
2019-6-13 18:21:15.632#change#{"from":{"line":4,"ch":8,"sticky":null},"to":{"line":4,"ch":8,"sticky":null},"text":[" "],"removed":[""],"origin":"+input"}
2019-6-13 18:21:19.464#change#{"from":{"line":4,"ch":9,"sticky":null},"to":{"line":4,"ch":9,"sticky":null},"text":["r"],"removed":[""],"origin":"+input"}
2019-6-13 18:21:19.543#change#{"from":{"line":4,"ch":10,"sticky":null},"to":{"line":4,"ch":10,"sticky":null},"text":["a"],"removed":[""],"origin":"+input"}
2019-6-13 18:21:19.671#change#{"from":{"line":4,"ch":11,"sticky":null},"to":{"line":4,"ch":11,"sticky":null},"text":["n"],"removed":[""],"origin":"+input"}
2019-6-13 18:21:20.010#change#{"from":{"line":4,"ch":12,"sticky":null},"to":{"line":4,"ch":12,"sticky":null},"text":["g"],"removed":[""],"origin":"+input"}
2019-6-13 18:21:20.064#change#{"from":{"line":4,"ch":13,"sticky":null},"to":{"line":4,"ch":13,"sticky":null},"text":["e"],"removed":[""],"origin":"+input"}
2019-6-13 18:21:20.891#change#{"from":{"line":4,"ch":14,"sticky":null},"to":{"line":4,"ch":14,"sticky":null},"text":["()"],"removed":[""],"origin":"+input"}
2019-6-13 18:21:20.891#keyHandled#"'('"
2019-6-13 18:21:21.624#change#{"from":{"line":4,"ch":15,"sticky":"after"},"to":{"line":4,"ch":15,"sticky":"after"},"text":["s"],"removed":[""],"origin":"+input"}
2019-6-13 18:21:21.767#change#{"from":{"line":4,"ch":16,"sticky":null},"to":{"line":4,"ch":16,"sticky":null},"text":["i"],"removed":[""],"origin":"+input"}
2019-6-13 18:21:21.864#change#{"from":{"line":4,"ch":17,"sticky":null},"to":{"line":4,"ch":17,"sticky":null},"text":["z"],"removed":[""],"origin":"+input"}
2019-6-13 18:21:22.712#change#{"from":{"line":4,"ch":18,"sticky":null},"to":{"line":4,"ch":18,"sticky":null},"text":["z"],"removed":[""],"origin":"+input"}
2019-6-13 18:21:23.189#change#{"from":{"line":4,"ch":18,"sticky":"after"},"to":{"line":4,"ch":19,"sticky":null},"text":[""],"removed":["z"],"origin":"+delete"}
2019-6-13 18:21:23.189#keyHandled#"Backspace"
2019-6-13 18:21:23.280#change#{"from":{"line":4,"ch":18,"sticky":null},"to":{"line":4,"ch":18,"sticky":null},"text":["e"],"removed":[""],"origin":"+input"}
2019-6-13 18:21:24.137#change#{"from":{"line":4,"ch":19,"sticky":null},"to":{"line":4,"ch":19,"sticky":null},"text":["()"],"removed":[""],"origin":"+input"}
2019-6-13 18:21:24.137#keyHandled#"'('"
2019-6-13 18:21:24.376#change#{"from":{"line":4,"ch":20,"sticky":"after"},"to":{"line":4,"ch":20,"sticky":"after"},"text":["v"],"removed":[""],"origin":"+input"}
2019-6-13 18:21:24.456#change#{"from":{"line":4,"ch":21,"sticky":null},"to":{"line":4,"ch":21,"sticky":null},"text":["e"],"removed":[""],"origin":"+input"}
2019-6-13 18:21:24.632#change#{"from":{"line":4,"ch":22,"sticky":null},"to":{"line":4,"ch":22,"sticky":null},"text":["t"],"removed":[""],"origin":"+input"}
2019-6-13 18:21:27.877#keyHandled#"Right"
2019-6-13 18:21:28.397#keyHandled#"Right"
2019-6-13 18:21:28.989#keyHandled#"Right"
2019-6-13 18:21:29.696#change#{"from":{"line":4,"ch":25,"sticky":"before","hitSide":true},"to":{"line":4,"ch":25,"sticky":"before","hitSide":true},"text":[":"],"removed":[""],"origin":"+input"}
2019-6-13 18:21:29.862#change#{"from":{"line":4,"ch":26,"sticky":null},"to":{"line":4,"ch":26,"sticky":null},"text":["",""],"removed":[""],"origin":"+input"}
2019-6-13 18:21:29.862#change#{"from":{"line":5,"ch":0,"sticky":null},"to":{"line":5,"ch":0,"sticky":null},"text":["\t"],"removed":[""],"origin":"+input"}
2019-6-13 18:21:29.862#keyHandled#"Enter"
2019-6-13 18:21:29.878#viewportChange#0
2019-6-13 18:21:32.330#blur#
2019-6-13 18:21:36.807#mousedown#{"isTrusted":true}
2019-6-13 18:21:36.817#focus#
2019-6-13 18:22:59.335#blur#
2019-6-13 18:23:06.690#mousedown#{"isTrusted":true}
2019-6-13 18:23:06.709#focus#
2019-6-13 18:23:07.426#change#{"from":{"line":3,"ch":0,"sticky":"after","xRel":30.4000244140625},"to":{"line":3,"ch":0,"sticky":"after","xRel":30.4000244140625},"text":["",""],"removed":[""],"origin":"+input"}
2019-6-13 18:23:07.426#keyHandled#"Enter"
2019-6-13 18:23:07.441#viewportChange#0
2019-6-13 18:23:07.880#keyHandled#"Down"
2019-6-13 18:23:08.615#keyHandled#"Up"
2019-6-13 18:23:08.663#keyHandled#"Left"
2019-6-13 18:23:09.391#keyHandled#"Down"
2019-6-13 18:23:09.559#keyHandled#"Down"
2019-6-13 18:23:11.480#change#{"from":{"line":5,"ch":0,"sticky":"after","xRel":0},"to":{"line":5,"ch":0,"sticky":"after","xRel":0},"text":["\t"],"removed":[""],"origin":"+input"}
2019-6-13 18:23:11.480#keyHandled#"Tab"
2019-6-13 18:23:11.863#keyHandled#"Up"
2019-6-13 18:23:11.943#keyHandled#"Up"
2019-6-13 18:23:12.287#keyHandled#"Down"
2019-6-13 18:23:13.180#change#{"from":{"line":4,"ch":0,"sticky":"after","xRel":24},"to":{"line":4,"ch":0,"sticky":"after","xRel":24},"text":["w"],"removed":[""],"origin":"+input"}
2019-6-13 18:23:13.402#change#{"from":{"line":4,"ch":1,"sticky":null},"to":{"line":4,"ch":1,"sticky":null},"text":["h"],"removed":[""],"origin":"+input"}
2019-6-13 18:23:13.522#change#{"from":{"line":4,"ch":2,"sticky":null},"to":{"line":4,"ch":2,"sticky":null},"text":["i"],"removed":[""],"origin":"+input"}
2019-6-13 18:23:13.842#change#{"from":{"line":4,"ch":3,"sticky":null},"to":{"line":4,"ch":3,"sticky":null},"text":["l"],"removed":[""],"origin":"+input"}
2019-6-13 18:23:15.106#change#{"from":{"line":4,"ch":4,"sticky":null},"to":{"line":4,"ch":4,"sticky":null},"text":["w"],"removed":[""],"origin":"+input"}
2019-6-13 18:23:15.315#change#{"from":{"line":4,"ch":5,"sticky":null},"to":{"line":4,"ch":5,"sticky":null},"text":["e"],"removed":[""],"origin":"+input"}
2019-6-13 18:23:15.736#change#{"from":{"line":4,"ch":5,"sticky":"after"},"to":{"line":4,"ch":6,"sticky":null},"text":[""],"removed":["e"],"origin":"+delete"}
2019-6-13 18:23:15.736#keyHandled#"Backspace"
2019-6-13 18:23:15.857#change#{"from":{"line":4,"ch":4,"sticky":"after"},"to":{"line":4,"ch":5,"sticky":null},"text":[""],"removed":["w"],"origin":"+delete"}
2019-6-13 18:23:15.857#keyHandled#"Backspace"
2019-6-13 18:23:16.221#change#{"from":{"line":4,"ch":4,"sticky":null},"to":{"line":4,"ch":4,"sticky":null},"text":["e"],"removed":[""],"origin":"+input"}
2019-6-13 18:23:16.920#change#{"from":{"line":4,"ch":5,"sticky":null},"to":{"line":4,"ch":5,"sticky":null},"text":["()"],"removed":[""],"origin":"+input"}
2019-6-13 18:23:16.920#keyHandled#"'('"
2019-6-13 18:23:19.979#change#{"from":{"line":4,"ch":6,"sticky":"after"},"to":{"line":4,"ch":6,"sticky":"after"},"text":["v"],"removed":[""],"origin":"+input"}
2019-6-13 18:23:20.027#change#{"from":{"line":4,"ch":7,"sticky":null},"to":{"line":4,"ch":7,"sticky":null},"text":["e"],"removed":[""],"origin":"+input"}
2019-6-13 18:23:20.210#change#{"from":{"line":4,"ch":8,"sticky":null},"to":{"line":4,"ch":8,"sticky":null},"text":["t"],"removed":[""],"origin":"+input"}
2019-6-13 18:23:23.231#change#{"from":{"line":4,"ch":8,"sticky":"after"},"to":{"line":4,"ch":9,"sticky":null},"text":[""],"removed":["t"],"origin":"+delete"}
2019-6-13 18:23:23.231#keyHandled#"Backspace"
2019-6-13 18:23:23.343#change#{"from":{"line":4,"ch":7,"sticky":"after"},"to":{"line":4,"ch":8,"sticky":null},"text":[""],"removed":["e"],"origin":"+delete"}
2019-6-13 18:23:23.343#keyHandled#"Backspace"
2019-6-13 18:23:23.480#change#{"from":{"line":4,"ch":6,"sticky":"after"},"to":{"line":4,"ch":7,"sticky":null},"text":[""],"removed":["v"],"origin":"+delete"}
2019-6-13 18:23:23.480#keyHandled#"Backspace"
2019-6-13 18:23:23.591#change#{"from":{"line":4,"ch":5,"sticky":null},"to":{"line":4,"ch":7,"sticky":null},"text":[""],"removed":["()"],"origin":"+delete"}
2019-6-13 18:23:23.591#keyHandled#"Backspace"
2019-6-13 18:23:23.713#change#{"from":{"line":4,"ch":4,"sticky":"after"},"to":{"line":4,"ch":5,"sticky":null},"text":[""],"removed":["e"],"origin":"+delete"}
2019-6-13 18:23:23.713#keyHandled#"Backspace"
2019-6-13 18:23:23.825#change#{"from":{"line":4,"ch":3,"sticky":"after"},"to":{"line":4,"ch":4,"sticky":null},"text":[""],"removed":["l"],"origin":"+delete"}
2019-6-13 18:23:23.825#keyHandled#"Backspace"
2019-6-13 18:23:23.960#change#{"from":{"line":4,"ch":2,"sticky":"after"},"to":{"line":4,"ch":3,"sticky":null},"text":[""],"removed":["i"],"origin":"+delete"}
2019-6-13 18:23:23.960#keyHandled#"Backspace"
2019-6-13 18:23:24.167#change#{"from":{"line":4,"ch":1,"sticky":"after"},"to":{"line":4,"ch":2,"sticky":null},"text":[""],"removed":["h"],"origin":"+delete"}
2019-6-13 18:23:24.168#keyHandled#"Backspace"
2019-6-13 18:23:24.368#change#{"from":{"line":4,"ch":0,"sticky":"after"},"to":{"line":4,"ch":1,"sticky":null},"text":[""],"removed":["w"],"origin":"+delete"}
2019-6-13 18:23:24.368#keyHandled#"Backspace"
2019-6-13 18:23:37.468#blur#
2019-6-13 18:27:18.527#mousedown#{"isTrusted":true}
2019-6-13 18:27:18.543#focus#
2019-6-13 18:27:20.029#change#{"from":{"line":4,"ch":0,"sticky":"after","xRel":-4},"to":{"line":6,"ch":1,"sticky":null,"xRel":1,"outside":true},"text":[""],"removed":["","\tfor i in range(size(vet)):","\t"],"origin":"+delete"}
2019-6-13 18:27:20.029#keyHandled#"Backspace"
2019-6-13 18:27:20.045#viewportChange#0
2019-6-13 18:27:25.826#blur#
2019-6-13 18:34:28.941#viewportChange#0
2019-6-13 18:37:47.231#mousedown#{"isTrusted":true}
2019-6-13 18:37:47.242#focus#
2019-6-13 18:37:48.566#change#{"from":{"line":4,"ch":0,"sticky":"after","xRel":5.4000244140625},"to":{"line":4,"ch":0,"sticky":"after","xRel":5.4000244140625},"text":["w"],"removed":[""],"origin":"+input"}
2019-6-13 18:37:48.692#change#{"from":{"line":4,"ch":1,"sticky":null},"to":{"line":4,"ch":1,"sticky":null},"text":["h"],"removed":[""],"origin":"+input"}
2019-6-13 18:37:48.809#change#{"from":{"line":4,"ch":2,"sticky":null},"to":{"line":4,"ch":2,"sticky":null},"text":["i"],"removed":[""],"origin":"+input"}
2019-6-13 18:37:48.983#change#{"from":{"line":4,"ch":3,"sticky":null},"to":{"line":4,"ch":3,"sticky":null},"text":["l"],"removed":[""],"origin":"+input"}
2019-6-13 18:37:49.213#change#{"from":{"line":4,"ch":4,"sticky":null},"to":{"line":4,"ch":4,"sticky":null},"text":["e"],"removed":[""],"origin":"+input"}
2019-6-13 18:37:51.165#change#{"from":{"line":4,"ch":5,"sticky":null},"to":{"line":4,"ch":5,"sticky":null},"text":["9"],"removed":[""],"origin":"+input"}
2019-6-13 18:37:51.966#change#{"from":{"line":4,"ch":5,"sticky":"after"},"to":{"line":4,"ch":6,"sticky":null},"text":[""],"removed":["9"],"origin":"+delete"}
2019-6-13 18:37:51.966#keyHandled#"Backspace"
2019-6-13 18:37:52.603#change#{"from":{"line":4,"ch":5,"sticky":null},"to":{"line":4,"ch":5,"sticky":null},"text":["()"],"removed":[""],"origin":"+input"}
2019-6-13 18:37:52.603#keyHandled#"'('"
2019-6-13 18:37:55.271#change#{"from":{"line":4,"ch":6,"sticky":"after"},"to":{"line":4,"ch":6,"sticky":"after"},"text":["v"],"removed":[""],"origin":"+input"}
2019-6-13 18:37:55.392#change#{"from":{"line":4,"ch":7,"sticky":null},"to":{"line":4,"ch":7,"sticky":null},"text":["e"],"removed":[""],"origin":"+input"}
2019-6-13 18:37:55.861#change#{"from":{"line":4,"ch":8,"sticky":null},"to":{"line":4,"ch":8,"sticky":null},"text":["t"],"removed":[""],"origin":"+input"}
2019-6-13 18:37:55.982#change#{"from":{"line":4,"ch":9,"sticky":null},"to":{"line":4,"ch":9,"sticky":null},"text":["[]"],"removed":[""],"origin":"+input"}
2019-6-13 18:37:55.982#keyHandled#"'['"
2019-6-13 18:37:57.143#change#{"from":{"line":4,"ch":10,"sticky":"after"},"to":{"line":4,"ch":10,"sticky":"after"},"text":["i"],"removed":[""],"origin":"+input"}
2019-6-13 18:37:57.885#keyHandled#"Right"
2019-6-13 18:37:58.402#change#{"from":{"line":4,"ch":12,"sticky":"before"},"to":{"line":4,"ch":12,"sticky":"before"},"text":[" "],"removed":[""],"origin":"+input"}
2019-6-13 18:37:58.602#change#{"from":{"line":4,"ch":13,"sticky":null},"to":{"line":4,"ch":13,"sticky":null},"text":["="],"removed":[""],"origin":"+input"}
2019-6-13 18:37:58.707#change#{"from":{"line":4,"ch":14,"sticky":null},"to":{"line":4,"ch":14,"sticky":null},"text":["="],"removed":[""],"origin":"+input"}
2019-6-13 18:37:58.806#change#{"from":{"line":4,"ch":15,"sticky":null},"to":{"line":4,"ch":15,"sticky":null},"text":[" "],"removed":[""],"origin":"+input"}
2019-6-13 18:37:59.475#change#{"from":{"line":4,"ch":16,"sticky":null},"to":{"line":4,"ch":16,"sticky":null},"text":["1"],"removed":[""],"origin":"+input"}
2019-6-13 18:38:00.181#keyHandled#"Right"
2019-6-13 18:38:00.943#change#{"from":{"line":4,"ch":18,"sticky":"before"},"to":{"line":4,"ch":18,"sticky":"before"},"text":[":"],"removed":[""],"origin":"+input"}
2019-6-13 18:38:01.546#change#{"from":{"line":4,"ch":19,"sticky":null},"to":{"line":4,"ch":19,"sticky":null},"text":["",""],"removed":[""],"origin":"+input"}
2019-6-13 18:38:01.547#change#{"from":{"line":5,"ch":0,"sticky":null},"to":{"line":5,"ch":0,"sticky":null},"text":["\t"],"removed":[""],"origin":"+input"}
2019-6-13 18:38:01.547#keyHandled#"Enter"
2019-6-13 18:38:01.555#viewportChange#0
2019-6-13 18:38:03.063#change#{"from":{"line":5,"ch":1,"sticky":null},"to":{"line":5,"ch":1,"sticky":null},"text":["i"],"removed":[""],"origin":"+input"}
2019-6-13 18:38:03.537#change#{"from":{"line":5,"ch":2,"sticky":null},"to":{"line":5,"ch":2,"sticky":null},"text":[" "],"removed":[""],"origin":"+input"}
2019-6-13 18:38:03.619#change#{"from":{"line":5,"ch":3,"sticky":null},"to":{"line":5,"ch":3,"sticky":null},"text":["="],"removed":[""],"origin":"+input"}
2019-6-13 18:38:03.699#change#{"from":{"line":5,"ch":4,"sticky":null},"to":{"line":5,"ch":4,"sticky":null},"text":[" "],"removed":[""],"origin":"+input"}
2019-6-13 18:38:04.538#change#{"from":{"line":5,"ch":5,"sticky":null},"to":{"line":5,"ch":5,"sticky":null},"text":["0"],"removed":[""],"origin":"+input"}
2019-6-13 18:38:06.728#keyHandled#"Up"
2019-6-13 18:38:06.999#keyHandled#"Right"
2019-6-13 18:38:07.239#keyHandled#"Right"
2019-6-13 18:38:07.429#keyHandled#"Right"
2019-6-13 18:38:11.251#keyHandled#"Down"
2019-6-13 18:38:11.422#keyHandled#"Down"
2019-6-13 18:38:13.046#change#{"from":{"line":5,"ch":6,"sticky":null,"xRel":1,"outside":true,"hitSide":true},"to":{"line":5,"ch":6,"sticky":null,"xRel":1,"outside":true,"hitSide":true},"text":["",""],"removed":[""],"origin":"+input"}
2019-6-13 18:38:13.046#change#{"from":{"line":6,"ch":0,"sticky":null},"to":{"line":6,"ch":0,"sticky":null},"text":["\t"],"removed":[""],"origin":"+input"}
2019-6-13 18:38:13.046#keyHandled#"Enter"
2019-6-13 18:38:13.053#viewportChange#0
2019-6-13 18:38:21.342#change#{"from":{"line":6,"ch":1,"sticky":null},"to":{"line":6,"ch":1,"sticky":null},"text":["f"],"removed":[""],"origin":"+input"}
2019-6-13 18:38:21.434#change#{"from":{"line":6,"ch":2,"sticky":null},"to":{"line":6,"ch":2,"sticky":null},"text":["o"],"removed":[""],"origin":"+input"}
2019-6-13 18:38:21.539#change#{"from":{"line":6,"ch":3,"sticky":null},"to":{"line":6,"ch":3,"sticky":null},"text":["r"],"removed":[""],"origin":"+input"}
2019-6-13 18:38:21.791#change#{"from":{"line":6,"ch":4,"sticky":null},"to":{"line":6,"ch":4,"sticky":null},"text":[" "],"removed":[""],"origin":"+input"}
2019-6-13 18:38:30.352#change#{"from":{"line":6,"ch":5,"sticky":null},"to":{"line":6,"ch":5,"sticky":null},"text":["i"],"removed":[""],"origin":"+input"}
2019-6-13 18:38:30.464#change#{"from":{"line":6,"ch":6,"sticky":null},"to":{"line":6,"ch":6,"sticky":null},"text":[" "],"removed":[""],"origin":"+input"}
2019-6-13 18:38:30.589#change#{"from":{"line":6,"ch":7,"sticky":null},"to":{"line":6,"ch":7,"sticky":null},"text":["i"],"removed":[""],"origin":"+input"}
2019-6-13 18:38:30.701#change#{"from":{"line":6,"ch":8,"sticky":null},"to":{"line":6,"ch":8,"sticky":null},"text":["n"],"removed":[""],"origin":"+input"}
2019-6-13 18:38:30.785#change#{"from":{"line":6,"ch":9,"sticky":null},"to":{"line":6,"ch":9,"sticky":null},"text":[" "],"removed":[""],"origin":"+input"}
2019-6-13 18:38:31.443#keyHandled#"Left"
2019-6-13 18:38:31.567#keyHandled#"Left"
2019-6-13 18:38:31.684#keyHandled#"Left"
2019-6-13 18:38:31.807#keyHandled#"Left"
2019-6-13 18:38:32.081#change#{"from":{"line":6,"ch":5,"sticky":"after"},"to":{"line":6,"ch":6,"sticky":"after"},"text":[""],"removed":["i"],"origin":"+delete"}
2019-6-13 18:38:32.081#keyHandled#"Backspace"
2019-6-13 18:38:32.182#change#{"from":{"line":6,"ch":5,"sticky":null},"to":{"line":6,"ch":5,"sticky":null},"text":["a"],"removed":[""],"origin":"+input"}
2019-6-13 18:38:32.447#keyHandled#"Right"
2019-6-13 18:38:32.593#keyHandled#"Right"
2019-6-13 18:38:32.833#keyHandled#"Right"
2019-6-13 18:38:33.067#keyHandled#"Left"
2019-6-13 18:38:33.113#keyHandled#"Up"
2019-6-13 18:38:33.298#keyHandled#"Left"
2019-6-13 18:38:33.449#keyHandled#"Left"
2019-6-13 18:38:33.588#keyHandled#"Left"
2019-6-13 18:38:33.726#keyHandled#"Left"
2019-6-13 18:38:34.204#change#{"from":{"line":5,"ch":1,"sticky":"after"},"to":{"line":5,"ch":2,"sticky":"after"},"text":[""],"removed":["i"],"origin":"+delete"}
2019-6-13 18:38:34.204#keyHandled#"Backspace"
2019-6-13 18:38:34.285#change#{"from":{"line":5,"ch":1,"sticky":null},"to":{"line":5,"ch":1,"sticky":null},"text":["a"],"removed":[""],"origin":"+input"}
2019-6-13 18:38:34.629#keyHandled#"Right"
2019-6-13 18:38:34.650#keyHandled#"Down"
2019-6-13 18:38:34.794#keyHandled#"Right"
2019-6-13 18:38:35.134#keyHandled#"Right"
2019-6-13 18:38:35.458#change#{"from":{"line":6,"ch":5,"sticky":"after"},"to":{"line":6,"ch":6,"sticky":"before"},"text":[""],"removed":["a"],"origin":"+delete"}
2019-6-13 18:38:35.458#keyHandled#"Backspace"
2019-6-13 18:38:35.902#change#{"from":{"line":6,"ch":5,"sticky":null},"to":{"line":6,"ch":5,"sticky":null},"text":["i"],"removed":[""],"origin":"+input"}
2019-6-13 18:38:36.287#keyHandled#"Right"
2019-6-13 18:38:36.408#keyHandled#"Right"
2019-6-13 18:38:36.524#keyHandled#"Right"
2019-6-13 18:38:36.688#keyHandled#"Right"
2019-6-13 18:38:37.489#change#{"from":{"line":6,"ch":10,"sticky":"before"},"to":{"line":6,"ch":10,"sticky":"before"},"text":["r"],"removed":[""],"origin":"+input"}
2019-6-13 18:38:37.546#change#{"from":{"line":6,"ch":11,"sticky":null},"to":{"line":6,"ch":11,"sticky":null},"text":["a"],"removed":[""],"origin":"+input"}
2019-6-13 18:38:37.651#change#{"from":{"line":6,"ch":12,"sticky":null},"to":{"line":6,"ch":12,"sticky":null},"text":["n"],"removed":[""],"origin":"+input"}
2019-6-13 18:38:37.858#change#{"from":{"line":6,"ch":13,"sticky":null},"to":{"line":6,"ch":13,"sticky":null},"text":["g"],"removed":[""],"origin":"+input"}
2019-6-13 18:38:37.948#change#{"from":{"line":6,"ch":14,"sticky":null},"to":{"line":6,"ch":14,"sticky":null},"text":["e"],"removed":[""],"origin":"+input"}
2019-6-13 18:38:39.724#change#{"from":{"line":6,"ch":15,"sticky":null},"to":{"line":6,"ch":15,"sticky":null},"text":["()"],"removed":[""],"origin":"+input"}
2019-6-13 18:38:39.724#keyHandled#"'('"
2019-6-13 18:38:49.883#change#{"from":{"line":6,"ch":16,"sticky":"after"},"to":{"line":6,"ch":16,"sticky":"after"},"text":["s"],"removed":[""],"origin":"+input"}
2019-6-13 18:38:50.030#change#{"from":{"line":6,"ch":17,"sticky":null},"to":{"line":6,"ch":17,"sticky":null},"text":["i"],"removed":[""],"origin":"+input"}
2019-6-13 18:38:50.142#change#{"from":{"line":6,"ch":18,"sticky":null},"to":{"line":6,"ch":18,"sticky":null},"text":["z"],"removed":[""],"origin":"+input"}
2019-6-13 18:38:50.335#change#{"from":{"line":6,"ch":19,"sticky":null},"to":{"line":6,"ch":19,"sticky":null},"text":["e"],"removed":[""],"origin":"+input"}
2019-6-13 18:38:51.281#change#{"from":{"line":6,"ch":20,"sticky":null},"to":{"line":6,"ch":20,"sticky":null},"text":["9"],"removed":[""],"origin":"+input"}
2019-6-13 18:38:52.004#change#{"from":{"line":6,"ch":20,"sticky":"after"},"to":{"line":6,"ch":21,"sticky":null},"text":[""],"removed":["9"],"origin":"+delete"}
2019-6-13 18:38:52.004#keyHandled#"Backspace"
2019-6-13 18:38:52.584#change#{"from":{"line":6,"ch":20,"sticky":null},"to":{"line":6,"ch":20,"sticky":null},"text":["()"],"removed":[""],"origin":"+input"}
2019-6-13 18:38:52.584#keyHandled#"'('"
2019-6-13 18:38:53.555#change#{"from":{"line":6,"ch":21,"sticky":"after"},"to":{"line":6,"ch":21,"sticky":"after"},"text":["v"],"removed":[""],"origin":"+input"}
2019-6-13 18:38:53.637#change#{"from":{"line":6,"ch":22,"sticky":null},"to":{"line":6,"ch":22,"sticky":null},"text":["e"],"removed":[""],"origin":"+input"}
2019-6-13 18:38:53.782#change#{"from":{"line":6,"ch":23,"sticky":null},"to":{"line":6,"ch":23,"sticky":null},"text":["t"],"removed":[""],"origin":"+input"}
2019-6-13 18:38:54.904#keyHandled#"Right"
2019-6-13 18:38:55.097#keyHandled#"Right"
2019-6-13 18:38:55.831#change#{"from":{"line":6,"ch":26,"sticky":"before"},"to":{"line":6,"ch":26,"sticky":"before"},"text":[":"],"removed":[""],"origin":"+input"}
2019-6-13 18:38:55.992#change#{"from":{"line":6,"ch":27,"sticky":null},"to":{"line":6,"ch":27,"sticky":null},"text":["",""],"removed":[""],"origin":"+input"}
2019-6-13 18:38:55.992#change#{"from":{"line":7,"ch":0,"sticky":null},"to":{"line":7,"ch":0,"sticky":null},"text":["\t\t"],"removed":[""],"origin":"+input"}
2019-6-13 18:38:55.992#keyHandled#"Enter"
2019-6-13 18:38:56.001#viewportChange#0
2019-6-13 18:38:57.906#change#{"from":{"line":7,"ch":2,"sticky":null},"to":{"line":7,"ch":2,"sticky":null},"text":["i"],"removed":[""],"origin":"+input"}
2019-6-13 18:38:58.003#change#{"from":{"line":7,"ch":3,"sticky":null},"to":{"line":7,"ch":3,"sticky":null},"text":["f"],"removed":[""],"origin":"+input"}
2019-6-13 18:38:58.506#change#{"from":{"line":7,"ch":4,"sticky":null},"to":{"line":7,"ch":4,"sticky":null},"text":["()"],"removed":[""],"origin":"+input"}
2019-6-13 18:38:58.506#keyHandled#"'('"
2019-6-13 18:39:01.714#change#{"from":{"line":7,"ch":5,"sticky":"after"},"to":{"line":7,"ch":5,"sticky":"after"},"text":["v"],"removed":[""],"origin":"+input"}
2019-6-13 18:39:01.800#change#{"from":{"line":7,"ch":6,"sticky":null},"to":{"line":7,"ch":6,"sticky":null},"text":["e"],"removed":[""],"origin":"+input"}
2019-6-13 18:39:01.986#change#{"from":{"line":7,"ch":7,"sticky":null},"to":{"line":7,"ch":7,"sticky":null},"text":["t"],"removed":[""],"origin":"+input"}
2019-6-13 18:39:03.620#change#{"from":{"line":7,"ch":8,"sticky":null},"to":{"line":7,"ch":8,"sticky":null},"text":["[]"],"removed":[""],"origin":"+input"}
2019-6-13 18:39:03.620#keyHandled#"'['"
2019-6-13 18:39:05.036#change#{"from":{"line":7,"ch":9,"sticky":"after"},"to":{"line":7,"ch":9,"sticky":"after"},"text":["i"],"removed":[""],"origin":"+input"}
2019-6-13 18:39:05.596#keyHandled#"Right"
2019-6-13 18:39:06.087#change#{"from":{"line":7,"ch":11,"sticky":"before"},"to":{"line":7,"ch":11,"sticky":"before"},"text":[" "],"removed":[""],"origin":"+input"}
2019-6-13 18:39:06.280#change#{"from":{"line":7,"ch":12,"sticky":null},"to":{"line":7,"ch":12,"sticky":null},"text":["="],"removed":[""],"origin":"+input"}
2019-6-13 18:39:06.397#change#{"from":{"line":7,"ch":13,"sticky":null},"to":{"line":7,"ch":13,"sticky":null},"text":["="],"removed":[""],"origin":"+input"}
2019-6-13 18:39:06.514#change#{"from":{"line":7,"ch":14,"sticky":null},"to":{"line":7,"ch":14,"sticky":null},"text":[" "],"removed":[""],"origin":"+input"}
2019-6-13 18:39:07.193#change#{"from":{"line":7,"ch":15,"sticky":null},"to":{"line":7,"ch":15,"sticky":null},"text":["1"],"removed":[""],"origin":"+input"}
2019-6-13 18:39:07.428#keyHandled#"Right"
2019-6-13 18:39:08.308#change#{"from":{"line":7,"ch":17,"sticky":"before"},"to":{"line":7,"ch":17,"sticky":"before"},"text":[":"],"removed":[""],"origin":"+input"}
2019-6-13 18:39:08.488#change#{"from":{"line":7,"ch":18,"sticky":null},"to":{"line":7,"ch":18,"sticky":null},"text":["",""],"removed":[""],"origin":"+input"}
2019-6-13 18:39:08.488#change#{"from":{"line":8,"ch":0,"sticky":null},"to":{"line":8,"ch":0,"sticky":null},"text":["\t\t\t"],"removed":[""],"origin":"+input"}
2019-6-13 18:39:08.488#keyHandled#"Enter"
2019-6-13 18:39:08.497#viewportChange#0
2019-6-13 18:39:12.312#mousedown#{"isTrusted":true}
2019-6-13 18:39:13.496#mousedown#{"isTrusted":true}
2019-6-13 18:39:14.378#change#{"from":{"line":4,"ch":10,"sticky":"after"},"to":{"line":4,"ch":11,"sticky":"after","xRel":0.4000244140625},"text":[""],"removed":["i"],"origin":"+delete"}
2019-6-13 18:39:14.378#keyHandled#"Backspace"
2019-6-13 18:39:14.461#change#{"from":{"line":4,"ch":10,"sticky":null},"to":{"line":4,"ch":10,"sticky":null},"text":["a"],"removed":[""],"origin":"+input"}
2019-6-13 18:39:15.744#mousedown#{"isTrusted":true}
2019-6-13 18:39:31.309#change#{"from":{"line":8,"ch":3,"sticky":"before","xRel":9.4000244140625},"to":{"line":8,"ch":3,"sticky":"before","xRel":9.4000244140625},"text":["a"],"removed":[""],"origin":"+input"}
2019-6-13 18:39:31.397#change#{"from":{"line":8,"ch":4,"sticky":null},"to":{"line":8,"ch":4,"sticky":null},"text":[" "],"removed":[""],"origin":"+input"}
2019-6-13 18:39:31.474#change#{"from":{"line":8,"ch":5,"sticky":null},"to":{"line":8,"ch":5,"sticky":null},"text":["="],"removed":[""],"origin":"+input"}
2019-6-13 18:39:31.544#change#{"from":{"line":8,"ch":6,"sticky":null},"to":{"line":8,"ch":6,"sticky":null},"text":[" "],"removed":[""],"origin":"+input"}
2019-6-13 18:39:32.911#change#{"from":{"line":8,"ch":7,"sticky":null},"to":{"line":8,"ch":7,"sticky":null},"text":["a"],"removed":[""],"origin":"+input"}
2019-6-13 18:39:32.986#change#{"from":{"line":8,"ch":8,"sticky":null},"to":{"line":8,"ch":8,"sticky":null},"text":[" "],"removed":[""],"origin":"+input"}
2019-6-13 18:39:33.596#change#{"from":{"line":8,"ch":9,"sticky":null},"to":{"line":8,"ch":9,"sticky":null},"text":["+"],"removed":[""],"origin":"+input"}
2019-6-13 18:39:33.711#change#{"from":{"line":8,"ch":10,"sticky":null},"to":{"line":8,"ch":10,"sticky":null},"text":[" "],"removed":[""],"origin":"+input"}
2019-6-13 18:39:33.901#change#{"from":{"line":8,"ch":11,"sticky":null},"to":{"line":8,"ch":11,"sticky":null},"text":["1"],"removed":[""],"origin":"+input"}
2019-6-13 18:39:37.631#change#{"from":{"line":8,"ch":12,"sticky":null},"to":{"line":8,"ch":12,"sticky":null},"text":["",""],"removed":[""],"origin":"+input"}
2019-6-13 18:39:37.631#change#{"from":{"line":9,"ch":0,"sticky":null},"to":{"line":9,"ch":0,"sticky":null},"text":["\t\t\t"],"removed":[""],"origin":"+input"}
2019-6-13 18:39:37.631#keyHandled#"Enter"
2019-6-13 18:39:37.656#viewportChange#0
2019-6-13 18:39:47.023#change#{"from":{"line":9,"ch":2,"sticky":"after"},"to":{"line":9,"ch":3,"sticky":null},"text":[""],"removed":["\t"],"origin":"+delete"}
2019-6-13 18:39:47.023#keyHandled#"Backspace"
2019-6-13 18:39:47.348#change#{"from":{"line":9,"ch":1,"sticky":"after"},"to":{"line":9,"ch":2,"sticky":null},"text":[""],"removed":["\t"],"origin":"+delete"}
2019-6-13 18:39:47.348#keyHandled#"Backspace"
2019-6-13 18:39:48.333#change#{"from":{"line":9,"ch":0,"sticky":"after"},"to":{"line":9,"ch":1,"sticky":null},"text":[""],"removed":["\t"],"origin":"+delete"}
2019-6-13 18:39:48.333#keyHandled#"Backspace"
2019-6-13 18:39:49.037#change#{"from":{"line":9,"ch":0,"sticky":null},"to":{"line":9,"ch":0,"sticky":null},"text":["p"],"removed":[""],"origin":"+input"}
2019-6-13 18:39:49.324#change#{"from":{"line":9,"ch":1,"sticky":null},"to":{"line":9,"ch":1,"sticky":null},"text":["r"],"removed":[""],"origin":"+input"}
2019-6-13 18:39:49.414#change#{"from":{"line":9,"ch":2,"sticky":null},"to":{"line":9,"ch":2,"sticky":null},"text":["i"],"removed":[""],"origin":"+input"}
2019-6-13 18:39:49.487#change#{"from":{"line":9,"ch":3,"sticky":null},"to":{"line":9,"ch":3,"sticky":null},"text":["n"],"removed":[""],"origin":"+input"}
2019-6-13 18:39:49.572#change#{"from":{"line":9,"ch":4,"sticky":null},"to":{"line":9,"ch":4,"sticky":null},"text":["t"],"removed":[""],"origin":"+input"}
2019-6-13 18:39:50.493#change#{"from":{"line":9,"ch":5,"sticky":null},"to":{"line":9,"ch":5,"sticky":null},"text":[")"],"removed":[""],"origin":"+input"}
2019-6-13 18:39:51.215#change#{"from":{"line":9,"ch":5,"sticky":"after"},"to":{"line":9,"ch":6,"sticky":null},"text":[""],"removed":[")"],"origin":"+delete"}
2019-6-13 18:39:51.215#keyHandled#"Backspace"
2019-6-13 18:39:51.910#change#{"from":{"line":9,"ch":5,"sticky":null},"to":{"line":9,"ch":5,"sticky":null},"text":["()"],"removed":[""],"origin":"+input"}
2019-6-13 18:39:51.910#keyHandled#"'('"
2019-6-13 18:39:52.912#change#{"from":{"line":9,"ch":6,"sticky":"after"},"to":{"line":9,"ch":6,"sticky":"after"},"text":["a"],"removed":[""],"origin":"+input"}
2019-6-13 18:39:52.912#change#{"from":{"line":9,"ch":6,"sticky":"after"},"to":{"line":9,"ch":6,"sticky":"after"},"text":["a"],"removed":[""],"origin":"+input"}
2019-6-13 18:39:55.292#blur#
2019-6-13 18:39:55.356#saida_testar#$ python3 main.py
2019-6-13 18:40:14.569#mousedown#{"isTrusted":true}
2019-6-13 18:40:14.703#focus#
2019-6-13 18:40:15.651#change#{"from":{"line":5,"ch":0,"sticky":"after","xRel":11.4000244140625},"to":{"line":5,"ch":6,"sticky":"before","xRel":39.4000244140625},"text":[""],"removed":["\ta = 0"],"origin":"+delete"}
2019-6-13 18:40:15.651#keyHandled#"Backspace"
2019-6-13 18:40:17.409#mousedown#{"isTrusted":true}
2019-6-13 18:40:18.752#change#{"from":{"line":3,"ch":0,"sticky":"after","xRel":9.4000244140625},"to":{"line":3,"ch":0,"sticky":"after","xRel":9.4000244140625},"text":["",""],"removed":[""],"origin":"+input"}
2019-6-13 18:40:18.752#keyHandled#"Enter"
2019-6-13 18:40:18.761#viewportChange#0
2019-6-13 18:40:19.229#change#{"from":{"line":4,"ch":0,"sticky":null},"to":{"line":4,"ch":0,"sticky":null},"text":["a"],"removed":[""],"origin":"+input"}
2019-6-13 18:40:19.535#change#{"from":{"line":4,"ch":1,"sticky":null},"to":{"line":4,"ch":1,"sticky":null},"text":[" "],"removed":[""],"origin":"+input"}
2019-6-13 18:40:19.595#change#{"from":{"line":4,"ch":2,"sticky":null},"to":{"line":4,"ch":2,"sticky":null},"text":["="],"removed":[""],"origin":"+input"}
2019-6-13 18:40:19.722#change#{"from":{"line":4,"ch":3,"sticky":null},"to":{"line":4,"ch":3,"sticky":null},"text":[" "],"removed":[""],"origin":"+input"}
2019-6-13 18:40:20.382#change#{"from":{"line":4,"ch":4,"sticky":null},"to":{"line":4,"ch":4,"sticky":null},"text":["0"],"removed":[""],"origin":"+input"}
2019-6-13 18:40:20.382#change#{"from":{"line":4,"ch":4,"sticky":null},"to":{"line":4,"ch":4,"sticky":null},"text":["0"],"removed":[""],"origin":"+input"}
2019-6-13 18:40:22.517#blur#
2019-6-13 18:40:23.107#saida_testar#$ python3 main.py
2019-6-13 18:40:39.689#mousedown#{"isTrusted":true}
2019-6-13 18:40:39.803#focus#
2019-6-13 18:40:40.713#mousedown#{"isTrusted":true}
2019-6-13 18:40:41.336#change#{"from":{"line":9,"ch":12,"sticky":"before","xRel":44.4000244140625},"to":{"line":9,"ch":12,"sticky":"before","xRel":44.4000244140625},"text":["",""],"removed":[""],"origin":"+input"}
2019-6-13 18:40:41.336#change#{"from":{"line":10,"ch":0,"sticky":null},"to":{"line":10,"ch":0,"sticky":null},"text":["\t\t\t"],"removed":[""],"origin":"+input"}
2019-6-13 18:40:41.336#keyHandled#"Enter"
2019-6-13 18:40:41.346#viewportChange#0
2019-6-13 18:40:41.336#change#{"from":{"line":9,"ch":12,"sticky":"before","xRel":44.4000244140625},"to":{"line":9,"ch":12,"sticky":"before","xRel":44.4000244140625},"text":["",""],"removed":[""],"origin":"+input"}
2019-6-13 18:40:41.336#change#{"from":{"line":10,"ch":0,"sticky":null},"to":{"line":10,"ch":0,"sticky":null},"text":["\t\t\t"],"removed":[""],"origin":"+input"}
2019-6-13 18:40:41.336#keyHandled#"Enter"
2019-6-13 18:40:41.346#viewportChange#0
2019-6-13 18:40:42.665#mousedown#{"isTrusted":true}
2019-6-13 18:40:43.335#change#{"from":{"line":11,"ch":0,"sticky":"after","xRel":-4},"to":{"line":11,"ch":8,"sticky":null,"xRel":1,"outside":true},"text":[""],"removed":["print(a)"],"origin":"+delete"}
2019-6-13 18:40:43.335#keyHandled#"Backspace"
2019-6-13 18:40:43.451#saida_testar#$ python3 main.py
2019-6-13 18:40:43.934#keyHandled#"Up"
2019-6-13 18:40:44.222#keyHandled#"Right"
2019-6-13 18:40:44.723#keyHandled#"Right"
2019-6-13 18:40:44.904#keyHandled#"Right"
2019-6-13 18:40:45.308#keyHandled#"Left"
2019-6-13 18:40:46.882#keyHandled#"Right"
2019-6-13 18:40:54.069#change#{"from":{"line":10,"ch":3,"sticky":"before"},"to":{"line":10,"ch":3,"sticky":"before"},"text":["h"],"removed":[""],"origin":"+input"}
2019-6-13 18:40:54.206#change#{"from":{"line":10,"ch":4,"sticky":null},"to":{"line":10,"ch":4,"sticky":null},"text":[" "],"removed":[""],"origin":"+input"}
2019-6-13 18:40:54.345#change#{"from":{"line":10,"ch":5,"sticky":null},"to":{"line":10,"ch":5,"sticky":null},"text":["="],"removed":[""],"origin":"+input"}
2019-6-13 18:40:54.378#change#{"from":{"line":10,"ch":6,"sticky":null},"to":{"line":10,"ch":6,"sticky":null},"text":[" "],"removed":[""],"origin":"+input"}
2019-6-13 18:40:56.886#change#{"from":{"line":10,"ch":6,"sticky":"after"},"to":{"line":10,"ch":7,"sticky":null},"text":[""],"removed":[" "],"origin":"+delete"}
2019-6-13 18:40:56.886#keyHandled#"Backspace"
2019-6-13 18:40:57.021#change#{"from":{"line":10,"ch":5,"sticky":"after"},"to":{"line":10,"ch":6,"sticky":null},"text":[""],"removed":["="],"origin":"+delete"}
2019-6-13 18:40:57.021#keyHandled#"Backspace"
2019-6-13 18:40:57.146#change#{"from":{"line":10,"ch":4,"sticky":"after"},"to":{"line":10,"ch":5,"sticky":null},"text":[""],"removed":[" "],"origin":"+delete"}
2019-6-13 18:40:57.146#keyHandled#"Backspace"
2019-6-13 18:40:57.518#change#{"from":{"line":10,"ch":3,"sticky":"after"},"to":{"line":10,"ch":4,"sticky":null},"text":[""],"removed":["h"],"origin":"+delete"}
2019-6-13 18:40:57.518#keyHandled#"Backspace"
2019-6-13 18:40:59.674#change#{"from":{"line":10,"ch":3,"sticky":null},"to":{"line":10,"ch":3,"sticky":null},"text":["v"],"removed":[""],"origin":"+input"}
2019-6-13 18:40:59.762#change#{"from":{"line":10,"ch":4,"sticky":null},"to":{"line":10,"ch":4,"sticky":null},"text":["e"],"removed":[""],"origin":"+input"}
2019-6-13 18:40:59.865#change#{"from":{"line":10,"ch":5,"sticky":null},"to":{"line":10,"ch":5,"sticky":null},"text":["t"],"removed":[""],"origin":"+input"}
2019-6-13 18:41:02.062#change#{"from":{"line":10,"ch":6,"sticky":null},"to":{"line":10,"ch":6,"sticky":null},"text":["[]"],"removed":[""],"origin":"+input"}
2019-6-13 18:41:02.062#keyHandled#"'['"
2019-6-13 18:41:03.227#change#{"from":{"line":10,"ch":7,"sticky":"after"},"to":{"line":10,"ch":7,"sticky":"after"},"text":["i"],"removed":[""],"origin":"+input"}
2019-6-13 18:41:03.948#keyHandled#"Right"
2019-6-13 18:41:04.615#change#{"from":{"line":10,"ch":9,"sticky":"before"},"to":{"line":10,"ch":9,"sticky":"before"},"text":[" "],"removed":[""],"origin":"+input"}
2019-6-13 18:41:04.735#change#{"from":{"line":10,"ch":10,"sticky":null},"to":{"line":10,"ch":10,"sticky":null},"text":["="],"removed":[""],"origin":"+input"}
2019-6-13 18:41:04.818#change#{"from":{"line":10,"ch":11,"sticky":null},"to":{"line":10,"ch":11,"sticky":null},"text":[" "],"removed":[""],"origin":"+input"}
2019-6-13 18:41:06.030#change#{"from":{"line":10,"ch":12,"sticky":null},"to":{"line":10,"ch":12,"sticky":null},"text":["v"],"removed":[""],"origin":"+input"}
2019-6-13 18:41:06.108#change#{"from":{"line":10,"ch":13,"sticky":null},"to":{"line":10,"ch":13,"sticky":null},"text":["e"],"removed":[""],"origin":"+input"}
2019-6-13 18:41:06.240#change#{"from":{"line":10,"ch":14,"sticky":null},"to":{"line":10,"ch":14,"sticky":null},"text":["t"],"removed":[""],"origin":"+input"}
2019-6-13 18:41:10.785#change#{"from":{"line":10,"ch":14,"sticky":"after"},"to":{"line":10,"ch":15,"sticky":null},"text":[""],"removed":["t"],"origin":"+delete"}
2019-6-13 18:41:10.785#keyHandled#"Backspace"
2019-6-13 18:41:11.434#change#{"from":{"line":10,"ch":13,"sticky":"after"},"to":{"line":10,"ch":14,"sticky":null},"text":[""],"removed":["e"],"origin":"+delete"}
2019-6-13 18:41:11.434#keyHandled#"Backspace"
2019-6-13 18:41:11.584#change#{"from":{"line":10,"ch":12,"sticky":"after"},"to":{"line":10,"ch":13,"sticky":null},"text":[""],"removed":["v"],"origin":"+delete"}
2019-6-13 18:41:11.584#keyHandled#"Backspace"
2019-6-13 18:41:11.727#change#{"from":{"line":10,"ch":11,"sticky":"after"},"to":{"line":10,"ch":12,"sticky":null},"text":[""],"removed":[" "],"origin":"+delete"}
2019-6-13 18:41:11.727#keyHandled#"Backspace"
2019-6-13 18:41:11.851#change#{"from":{"line":10,"ch":10,"sticky":"after"},"to":{"line":10,"ch":11,"sticky":null},"text":[""],"removed":["="],"origin":"+delete"}
2019-6-13 18:41:11.851#keyHandled#"Backspace"
2019-6-13 18:41:11.972#change#{"from":{"line":10,"ch":9,"sticky":"after"},"to":{"line":10,"ch":10,"sticky":null},"text":[""],"removed":[" "],"origin":"+delete"}
2019-6-13 18:41:11.972#keyHandled#"Backspace"
2019-6-13 18:41:12.092#change#{"from":{"line":10,"ch":8,"sticky":"after"},"to":{"line":10,"ch":9,"sticky":null},"text":[""],"removed":["]"],"origin":"+delete"}
2019-6-13 18:41:12.092#keyHandled#"Backspace"
2019-6-13 18:41:12.213#change#{"from":{"line":10,"ch":7,"sticky":"after"},"to":{"line":10,"ch":8,"sticky":null},"text":[""],"removed":["i"],"origin":"+delete"}
2019-6-13 18:41:12.213#keyHandled#"Backspace"
2019-6-13 18:41:12.327#change#{"from":{"line":10,"ch":6,"sticky":"after"},"to":{"line":10,"ch":7,"sticky":null},"text":[""],"removed":["["],"origin":"+delete"}
2019-6-13 18:41:12.327#keyHandled#"Backspace"
2019-6-13 18:41:12.517#change#{"from":{"line":10,"ch":5,"sticky":"after"},"to":{"line":10,"ch":6,"sticky":null},"text":[""],"removed":["t"],"origin":"+delete"}
2019-6-13 18:41:12.517#keyHandled#"Backspace"
2019-6-13 18:41:12.796#change#{"from":{"line":10,"ch":4,"sticky":"after"},"to":{"line":10,"ch":5,"sticky":null},"text":[""],"removed":["e"],"origin":"+delete"}
2019-6-13 18:41:12.796#keyHandled#"Backspace"
2019-6-13 18:41:13.240#change#{"from":{"line":10,"ch":4,"sticky":null},"to":{"line":10,"ch":4,"sticky":null},"text":["b"],"removed":[""],"origin":"+input"}
2019-6-13 18:41:13.377#change#{"from":{"line":10,"ch":5,"sticky":null},"to":{"line":10,"ch":5,"sticky":null},"text":[" "],"removed":[""],"origin":"+input"}
2019-6-13 18:41:13.519#change#{"from":{"line":10,"ch":6,"sticky":null},"to":{"line":10,"ch":6,"sticky":null},"text":["="],"removed":[""],"origin":"+input"}
2019-6-13 18:41:13.580#change#{"from":{"line":10,"ch":7,"sticky":null},"to":{"line":10,"ch":7,"sticky":null},"text":[" "],"removed":[""],"origin":"+input"}
2019-6-13 18:41:14.171#change#{"from":{"line":10,"ch":7,"sticky":"after"},"to":{"line":10,"ch":8,"sticky":null},"text":[""],"removed":[" "],"origin":"+delete"}
2019-6-13 18:41:14.172#keyHandled#"Backspace"
2019-6-13 18:41:14.285#change#{"from":{"line":10,"ch":6,"sticky":"after"},"to":{"line":10,"ch":7,"sticky":null},"text":[""],"removed":["="],"origin":"+delete"}
2019-6-13 18:41:14.285#keyHandled#"Backspace"
2019-6-13 18:41:14.402#change#{"from":{"line":10,"ch":5,"sticky":"after"},"to":{"line":10,"ch":6,"sticky":null},"text":[""],"removed":[" "],"origin":"+delete"}
2019-6-13 18:41:14.402#keyHandled#"Backspace"
2019-6-13 18:41:14.526#change#{"from":{"line":10,"ch":4,"sticky":"after"},"to":{"line":10,"ch":5,"sticky":null},"text":[""],"removed":["b"],"origin":"+delete"}
2019-6-13 18:41:14.526#keyHandled#"Backspace"
2019-6-13 18:41:14.709#change#{"from":{"line":10,"ch":3,"sticky":"after"},"to":{"line":10,"ch":4,"sticky":null},"text":[""],"removed":["v"],"origin":"+delete"}
2019-6-13 18:41:14.709#keyHandled#"Backspace"
2019-6-13 18:41:15.332#change#{"from":{"line":10,"ch":3,"sticky":null},"to":{"line":10,"ch":3,"sticky":null},"text":["b"],"removed":[""],"origin":"+input"}
2019-6-13 18:41:15.452#change#{"from":{"line":10,"ch":4,"sticky":null},"to":{"line":10,"ch":4,"sticky":null},"text":[" "],"removed":[""],"origin":"+input"}
2019-6-13 18:41:16.083#change#{"from":{"line":10,"ch":5,"sticky":null},"to":{"line":10,"ch":5,"sticky":null},"text":["="],"removed":[""],"origin":"+input"}
2019-6-13 18:41:16.151#change#{"from":{"line":10,"ch":6,"sticky":null},"to":{"line":10,"ch":6,"sticky":null},"text":[" "],"removed":[""],"origin":"+input"}
2019-6-13 18:41:17.099#change#{"from":{"line":10,"ch":7,"sticky":null},"to":{"line":10,"ch":7,"sticky":null},"text":["v"],"removed":[""],"origin":"+input"}
2019-6-13 18:41:17.199#change#{"from":{"line":10,"ch":8,"sticky":null},"to":{"line":10,"ch":8,"sticky":null},"text":["e"],"removed":[""],"origin":"+input"}
2019-6-13 18:41:17.326#change#{"from":{"line":10,"ch":9,"sticky":null},"to":{"line":10,"ch":9,"sticky":null},"text":["t"],"removed":[""],"origin":"+input"}
2019-6-13 18:41:19.408#change#{"from":{"line":10,"ch":10,"sticky":null},"to":{"line":10,"ch":10,"sticky":null},"text":["[]"],"removed":[""],"origin":"+input"}
2019-6-13 18:41:19.408#keyHandled#"'['"
2019-6-13 18:41:22.630#change#{"from":{"line":10,"ch":11,"sticky":"after"},"to":{"line":10,"ch":11,"sticky":"after"},"text":["a"],"removed":[""],"origin":"+input"}
2019-6-13 18:41:22.764#change#{"from":{"line":10,"ch":12,"sticky":null},"to":{"line":10,"ch":12,"sticky":null},"text":["-"],"removed":[""],"origin":"+input"}
2019-6-13 18:41:23.315#change#{"from":{"line":10,"ch":13,"sticky":null},"to":{"line":10,"ch":13,"sticky":null},"text":[" "],"removed":[""],"origin":"+input"}
2019-6-13 18:41:24.038#change#{"from":{"line":10,"ch":14,"sticky":null},"to":{"line":10,"ch":14,"sticky":null},"text":["1"],"removed":[""],"origin":"+input"}
2019-6-13 18:41:24.732#keyHandled#"Left"
2019-6-13 18:41:25.018#change#{"from":{"line":10,"ch":13,"sticky":"after"},"to":{"line":10,"ch":14,"sticky":"after"},"text":[""],"removed":[" "],"origin":"+delete"}
2019-6-13 18:41:25.018#keyHandled#"Backspace"
2019-6-13 18:41:25.018#change#{"from":{"line":10,"ch":13,"sticky":"after"},"to":{"line":10,"ch":14,"sticky":"after"},"text":[""],"removed":[" "],"origin":"+delete"}
2019-6-13 18:41:25.018#keyHandled#"Backspace"
2019-6-13 18:41:28.293#blur#
2019-6-13 18:41:29.184#saida_testar#$ python3 main.py
2019-6-13 18:41:38.921#mousedown#{"isTrusted":true}
2019-6-13 18:41:39.046#focus#
2019-6-13 18:41:39.964#change#{"from":{"line":11,"ch":0,"sticky":"after","xRel":43.4000244140625},"to":{"line":11,"ch":0,"sticky":"after","xRel":43.4000244140625},"text":["p"],"removed":[""],"origin":"+input"}
2019-6-13 18:41:40.162#change#{"from":{"line":11,"ch":1,"sticky":null},"to":{"line":11,"ch":1,"sticky":null},"text":["r"],"removed":[""],"origin":"+input"}
2019-6-13 18:41:40.323#change#{"from":{"line":11,"ch":2,"sticky":null},"to":{"line":11,"ch":2,"sticky":null},"text":["i"],"removed":[""],"origin":"+input"}
2019-6-13 18:41:40.343#change#{"from":{"line":11,"ch":3,"sticky":null},"to":{"line":11,"ch":3,"sticky":null},"text":["u"],"removed":[""],"origin":"+input"}
2019-6-13 18:41:40.396#change#{"from":{"line":11,"ch":4,"sticky":null},"to":{"line":11,"ch":4,"sticky":null},"text":["n"],"removed":[""],"origin":"+input"}
2019-6-13 18:41:40.520#change#{"from":{"line":11,"ch":5,"sticky":null},"to":{"line":11,"ch":5,"sticky":null},"text":["t"],"removed":[""],"origin":"+input"}
2019-6-13 18:41:41.512#change#{"from":{"line":11,"ch":5,"sticky":"after"},"to":{"line":11,"ch":6,"sticky":null},"text":[""],"removed":["t"],"origin":"+delete"}
2019-6-13 18:41:41.512#keyHandled#"Backspace"
2019-6-13 18:41:41.666#change#{"from":{"line":11,"ch":4,"sticky":"after"},"to":{"line":11,"ch":5,"sticky":null},"text":[""],"removed":["n"],"origin":"+delete"}
2019-6-13 18:41:41.666#keyHandled#"Backspace"
2019-6-13 18:41:41.809#change#{"from":{"line":11,"ch":3,"sticky":"after"},"to":{"line":11,"ch":4,"sticky":null},"text":[""],"removed":["u"],"origin":"+delete"}
2019-6-13 18:41:41.809#keyHandled#"Backspace"
2019-6-13 18:41:42.665#change#{"from":{"line":11,"ch":3,"sticky":null},"to":{"line":11,"ch":3,"sticky":null},"text":["n"],"removed":[""],"origin":"+input"}
2019-6-13 18:41:42.749#change#{"from":{"line":11,"ch":4,"sticky":null},"to":{"line":11,"ch":4,"sticky":null},"text":["t"],"removed":[""],"origin":"+input"}
2019-6-13 18:41:43.523#change#{"from":{"line":11,"ch":5,"sticky":null},"to":{"line":11,"ch":5,"sticky":null},"text":["()"],"removed":[""],"origin":"+input"}
2019-6-13 18:41:43.523#keyHandled#"'('"
2019-6-13 18:41:44.398#change#{"from":{"line":11,"ch":6,"sticky":"after"},"to":{"line":11,"ch":6,"sticky":"after"},"text":["b"],"removed":[""],"origin":"+input"}
2019-6-13 18:41:44.398#change#{"from":{"line":11,"ch":6,"sticky":"after"},"to":{"line":11,"ch":6,"sticky":"after"},"text":["b"],"removed":[""],"origin":"+input"}
2019-6-13 18:41:45.506#saida_testar#$ python3 main.py
2019-6-13 18:41:45.966#blur#
2019-6-13 19:20:38.482#mousedown#{"isTrusted":true}
2019-6-13 19:20:38.487#focus#
2019-6-13 19:20:40.275#change#{"from":{"line":4,"ch":0,"sticky":"after","xRel":-4},"to":{"line":11,"ch":8,"sticky":null,"xRel":1,"outside":true},"text":[""],"removed":["a = 0","while(vet[a] == 1):","","\tfor i in range(size(vet)):","\t\tif(vet[i] == 1):","\t\t\ta = a + 1","\t\t\tb = vet[a-1]","print(b)"],"origin":"+delete"}
2019-6-13 19:20:40.275#keyHandled#"Backspace"
2019-6-13 19:20:40.292#viewportChange#0
2019-6-13 19:20:51.539#blur#
2019-6-13 19:38:49.421#mousedown#{"isTrusted":true}
2019-6-13 19:38:49.424#focus#
2019-6-13 19:38:52.131#change#{"from":{"line":4,"ch":0,"sticky":null},"to":{"line":4,"ch":0,"sticky":null},"text":["f"],"removed":[""],"origin":"+input"}
2019-6-13 19:38:52.254#change#{"from":{"line":4,"ch":1,"sticky":null},"to":{"line":4,"ch":1,"sticky":null},"text":["o"],"removed":[""],"origin":"+input"}
2019-6-13 19:38:52.407#change#{"from":{"line":4,"ch":2,"sticky":null},"to":{"line":4,"ch":2,"sticky":null},"text":["r"],"removed":[""],"origin":"+input"}
2019-6-13 19:38:52.509#change#{"from":{"line":4,"ch":3,"sticky":null},"to":{"line":4,"ch":3,"sticky":null},"text":[" "],"removed":[""],"origin":"+input"}
2019-6-13 19:38:53.229#change#{"from":{"line":4,"ch":4,"sticky":null},"to":{"line":4,"ch":4,"sticky":null},"text":["i"],"removed":[""],"origin":"+input"}
2019-6-13 19:38:53.296#change#{"from":{"line":4,"ch":5,"sticky":null},"to":{"line":4,"ch":5,"sticky":null},"text":[" "],"removed":[""],"origin":"+input"}
2019-6-13 19:38:53.426#change#{"from":{"line":4,"ch":6,"sticky":null},"to":{"line":4,"ch":6,"sticky":null},"text":["i"],"removed":[""],"origin":"+input"}
2019-6-13 19:38:53.531#change#{"from":{"line":4,"ch":7,"sticky":null},"to":{"line":4,"ch":7,"sticky":null},"text":["n"],"removed":[""],"origin":"+input"}
2019-6-13 19:38:53.622#change#{"from":{"line":4,"ch":8,"sticky":null},"to":{"line":4,"ch":8,"sticky":null},"text":[" "],"removed":[""],"origin":"+input"}
2019-6-13 19:38:54.281#change#{"from":{"line":4,"ch":9,"sticky":null},"to":{"line":4,"ch":9,"sticky":null},"text":["r"],"removed":[""],"origin":"+input"}
2019-6-13 19:38:54.367#change#{"from":{"line":4,"ch":10,"sticky":null},"to":{"line":4,"ch":10,"sticky":null},"text":["a"],"removed":[""],"origin":"+input"}
2019-6-13 19:38:54.514#change#{"from":{"line":4,"ch":11,"sticky":null},"to":{"line":4,"ch":11,"sticky":null},"text":["n"],"removed":[""],"origin":"+input"}
2019-6-13 19:38:54.724#change#{"from":{"line":4,"ch":12,"sticky":null},"to":{"line":4,"ch":12,"sticky":null},"text":["g"],"removed":[""],"origin":"+input"}
2019-6-13 19:38:54.766#change#{"from":{"line":4,"ch":13,"sticky":null},"to":{"line":4,"ch":13,"sticky":null},"text":["e"],"removed":[""],"origin":"+input"}
2019-6-13 19:38:55.340#change#{"from":{"line":4,"ch":14,"sticky":null},"to":{"line":4,"ch":14,"sticky":null},"text":["()"],"removed":[""],"origin":"+input"}
2019-6-13 19:38:55.340#keyHandled#"'('"
2019-6-13 19:38:56.155#change#{"from":{"line":4,"ch":15,"sticky":"after"},"to":{"line":4,"ch":15,"sticky":"after"},"text":["s"],"removed":[""],"origin":"+input"}
2019-6-13 19:38:56.312#change#{"from":{"line":4,"ch":16,"sticky":null},"to":{"line":4,"ch":16,"sticky":null},"text":["i"],"removed":[""],"origin":"+input"}
2019-6-13 19:38:56.375#change#{"from":{"line":4,"ch":17,"sticky":null},"to":{"line":4,"ch":17,"sticky":null},"text":["z"],"removed":[""],"origin":"+input"}
2019-6-13 19:38:56.582#change#{"from":{"line":4,"ch":18,"sticky":null},"to":{"line":4,"ch":18,"sticky":null},"text":["e"],"removed":[""],"origin":"+input"}
2019-6-13 19:38:58.355#change#{"from":{"line":4,"ch":19,"sticky":null},"to":{"line":4,"ch":19,"sticky":null},"text":["9"],"removed":[""],"origin":"+input"}
2019-6-13 19:38:58.882#change#{"from":{"line":4,"ch":19,"sticky":"after"},"to":{"line":4,"ch":20,"sticky":null},"text":[""],"removed":["9"],"origin":"+delete"}
2019-6-13 19:38:58.882#keyHandled#"Backspace"
2019-6-13 19:38:59.571#change#{"from":{"line":4,"ch":19,"sticky":null},"to":{"line":4,"ch":19,"sticky":null},"text":["()"],"removed":[""],"origin":"+input"}
2019-6-13 19:38:59.571#keyHandled#"'('"
2019-6-13 19:39:00.341#change#{"from":{"line":4,"ch":20,"sticky":"after"},"to":{"line":4,"ch":20,"sticky":"after"},"text":["v"],"removed":[""],"origin":"+input"}
2019-6-13 19:39:00.437#change#{"from":{"line":4,"ch":21,"sticky":null},"to":{"line":4,"ch":21,"sticky":null},"text":["e"],"removed":[""],"origin":"+input"}
2019-6-13 19:39:00.619#change#{"from":{"line":4,"ch":22,"sticky":null},"to":{"line":4,"ch":22,"sticky":null},"text":["t"],"removed":[""],"origin":"+input"}
2019-6-13 19:39:00.887#keyHandled#"Right"
2019-6-13 19:39:01.477#keyHandled#"Right"
2019-6-13 19:39:01.938#change#{"from":{"line":4,"ch":25,"sticky":"before"},"to":{"line":4,"ch":25,"sticky":"before"},"text":[":"],"removed":[""],"origin":"+input"}
2019-6-13 19:39:02.147#change#{"from":{"line":4,"ch":26,"sticky":null},"to":{"line":4,"ch":26,"sticky":null},"text":["",""],"removed":[""],"origin":"+input"}
2019-6-13 19:39:02.147#change#{"from":{"line":5,"ch":0,"sticky":null},"to":{"line":5,"ch":0,"sticky":null},"text":["\t"],"removed":[""],"origin":"+input"}
2019-6-13 19:39:02.147#keyHandled#"Enter"
2019-6-13 19:39:02.155#viewportChange#0
2019-6-13 19:39:12.616#change#{"from":{"line":5,"ch":1,"sticky":null},"to":{"line":5,"ch":1,"sticky":null},"text":["i"],"removed":[""],"origin":"+input"}
2019-6-13 19:39:12.739#change#{"from":{"line":5,"ch":2,"sticky":null},"to":{"line":5,"ch":2,"sticky":null},"text":["f"],"removed":[""],"origin":"+input"}
2019-6-13 19:39:13.244#change#{"from":{"line":5,"ch":3,"sticky":null},"to":{"line":5,"ch":3,"sticky":null},"text":["()"],"removed":[""],"origin":"+input"}
2019-6-13 19:39:13.244#keyHandled#"'('"
2019-6-13 19:39:15.093#change#{"from":{"line":5,"ch":4,"sticky":"after"},"to":{"line":5,"ch":4,"sticky":"after"},"text":["v"],"removed":[""],"origin":"+input"}
2019-6-13 19:39:15.145#change#{"from":{"line":5,"ch":5,"sticky":null},"to":{"line":5,"ch":5,"sticky":null},"text":["e"],"removed":[""],"origin":"+input"}
2019-6-13 19:39:15.328#change#{"from":{"line":5,"ch":6,"sticky":null},"to":{"line":5,"ch":6,"sticky":null},"text":["t"],"removed":[""],"origin":"+input"}
2019-6-13 19:39:15.634#change#{"from":{"line":5,"ch":7,"sticky":null},"to":{"line":5,"ch":7,"sticky":null},"text":["[]"],"removed":[""],"origin":"+input"}
2019-6-13 19:39:15.634#keyHandled#"'['"
2019-6-13 19:39:16.569#change#{"from":{"line":5,"ch":8,"sticky":"after"},"to":{"line":5,"ch":8,"sticky":"after"},"text":["i"],"removed":[""],"origin":"+input"}
2019-6-13 19:39:16.964#keyHandled#"Right"
2019-6-13 19:39:17.692#change#{"from":{"line":5,"ch":10,"sticky":"before"},"to":{"line":5,"ch":10,"sticky":"before"},"text":[" "],"removed":[""],"origin":"+input"}
2019-6-13 19:39:17.779#change#{"from":{"line":5,"ch":11,"sticky":null},"to":{"line":5,"ch":11,"sticky":null},"text":["="],"removed":[""],"origin":"+input"}
2019-6-13 19:39:17.878#change#{"from":{"line":5,"ch":12,"sticky":null},"to":{"line":5,"ch":12,"sticky":null},"text":["="],"removed":[""],"origin":"+input"}
2019-6-13 19:39:18.057#change#{"from":{"line":5,"ch":13,"sticky":null},"to":{"line":5,"ch":13,"sticky":null},"text":[" "],"removed":[""],"origin":"+input"}
2019-6-13 19:39:18.663#change#{"from":{"line":5,"ch":14,"sticky":null},"to":{"line":5,"ch":14,"sticky":null},"text":["1"],"removed":[""],"origin":"+input"}
2019-6-13 19:39:19.041#keyHandled#"Right"
2019-6-13 19:39:19.548#change#{"from":{"line":5,"ch":16,"sticky":"before"},"to":{"line":5,"ch":16,"sticky":"before"},"text":[":"],"removed":[""],"origin":"+input"}
2019-6-13 19:39:19.793#change#{"from":{"line":5,"ch":17,"sticky":null},"to":{"line":5,"ch":17,"sticky":null},"text":["",""],"removed":[""],"origin":"+input"}
2019-6-13 19:39:19.793#change#{"from":{"line":6,"ch":0,"sticky":null},"to":{"line":6,"ch":0,"sticky":null},"text":["\t\t"],"removed":[""],"origin":"+input"}
2019-6-13 19:39:19.793#keyHandled#"Enter"
2019-6-13 19:39:19.802#viewportChange#0
2019-6-13 19:39:31.205#mousedown#{"isTrusted":true}
2019-6-13 19:39:31.966#change#{"from":{"line":3,"ch":0,"sticky":"after","xRel":3.4000244140625},"to":{"line":3,"ch":0,"sticky":"after","xRel":3.4000244140625},"text":["",""],"removed":[""],"origin":"+input"}
2019-6-13 19:39:31.966#keyHandled#"Enter"
2019-6-13 19:39:31.973#viewportChange#0
2019-6-13 19:39:32.331#keyHandled#"Up"
2019-6-13 19:39:33.756#change#{"from":{"line":3,"ch":0,"sticky":"after","xRel":0},"to":{"line":3,"ch":0,"sticky":"after","xRel":0},"text":["z"],"removed":[""],"origin":"+input"}
2019-6-13 19:39:33.881#change#{"from":{"line":3,"ch":1,"sticky":null},"to":{"line":3,"ch":1,"sticky":null},"text":[" "],"removed":[""],"origin":"+input"}
2019-6-13 19:39:34.011#change#{"from":{"line":3,"ch":2,"sticky":null},"to":{"line":3,"ch":2,"sticky":null},"text":["-"],"removed":[""],"origin":"+input"}
2019-6-13 19:39:34.020#change#{"from":{"line":3,"ch":3,"sticky":null},"to":{"line":3,"ch":3,"sticky":null},"text":["="],"removed":[""],"origin":"+input"}
2019-6-13 19:39:34.066#change#{"from":{"line":3,"ch":4,"sticky":null},"to":{"line":3,"ch":4,"sticky":null},"text":[" "],"removed":[""],"origin":"+input"}
2019-6-13 19:39:34.572#change#{"from":{"line":3,"ch":4,"sticky":"after"},"to":{"line":3,"ch":5,"sticky":null},"text":[""],"removed":[" "],"origin":"+delete"}
2019-6-13 19:39:34.572#keyHandled#"Backspace"
2019-6-13 19:39:34.715#change#{"from":{"line":3,"ch":3,"sticky":"after"},"to":{"line":3,"ch":4,"sticky":null},"text":[""],"removed":["="],"origin":"+delete"}
2019-6-13 19:39:34.715#keyHandled#"Backspace"
2019-6-13 19:39:34.835#change#{"from":{"line":3,"ch":2,"sticky":"after"},"to":{"line":3,"ch":3,"sticky":null},"text":[""],"removed":["-"],"origin":"+delete"}
2019-6-13 19:39:34.835#keyHandled#"Backspace"
2019-6-13 19:39:35.036#change#{"from":{"line":3,"ch":2,"sticky":null},"to":{"line":3,"ch":2,"sticky":null},"text":["-"],"removed":[""],"origin":"+input"}
2019-6-13 19:39:35.123#change#{"from":{"line":3,"ch":3,"sticky":null},"to":{"line":3,"ch":3,"sticky":null},"text":[" "],"removed":[""],"origin":"+input"}
2019-6-13 19:39:35.584#change#{"from":{"line":3,"ch":3,"sticky":"after"},"to":{"line":3,"ch":4,"sticky":null},"text":[""],"removed":[" "],"origin":"+delete"}
2019-6-13 19:39:35.584#keyHandled#"Backspace"
2019-6-13 19:39:35.712#change#{"from":{"line":3,"ch":2,"sticky":"after"},"to":{"line":3,"ch":3,"sticky":null},"text":[""],"removed":["-"],"origin":"+delete"}
2019-6-13 19:39:35.712#keyHandled#"Backspace"
2019-6-13 19:39:35.905#change#{"from":{"line":3,"ch":2,"sticky":null},"to":{"line":3,"ch":2,"sticky":null},"text":["="],"removed":[""],"origin":"+input"}
2019-6-13 19:39:36.007#change#{"from":{"line":3,"ch":3,"sticky":null},"to":{"line":3,"ch":3,"sticky":null},"text":[" "],"removed":[""],"origin":"+input"}
2019-6-13 19:39:36.464#change#{"from":{"line":3,"ch":4,"sticky":null},"to":{"line":3,"ch":4,"sticky":null},"text":["z"],"removed":[""],"origin":"+input"}
2019-6-13 19:39:36.678#change#{"from":{"line":3,"ch":5,"sticky":null},"to":{"line":3,"ch":5,"sticky":null},"text":["e"],"removed":[""],"origin":"+input"}
2019-6-13 19:39:36.794#change#{"from":{"line":3,"ch":6,"sticky":null},"to":{"line":3,"ch":6,"sticky":null},"text":["r"],"removed":[""],"origin":"+input"}
2019-6-13 19:39:36.911#change#{"from":{"line":3,"ch":7,"sticky":null},"to":{"line":3,"ch":7,"sticky":null},"text":["o"],"removed":[""],"origin":"+input"}
2019-6-13 19:39:36.988#change#{"from":{"line":3,"ch":8,"sticky":null},"to":{"line":3,"ch":8,"sticky":null},"text":["s"],"removed":[""],"origin":"+input"}
2019-6-13 19:39:37.788#change#{"from":{"line":3,"ch":9,"sticky":null},"to":{"line":3,"ch":9,"sticky":null},"text":["()"],"removed":[""],"origin":"+input"}
2019-6-13 19:39:37.788#keyHandled#"'('"
2019-6-13 19:39:42.842#change#{"from":{"line":3,"ch":9,"sticky":null},"to":{"line":3,"ch":11,"sticky":null},"text":[""],"removed":["()"],"origin":"+delete"}
2019-6-13 19:39:42.842#keyHandled#"Backspace"
2019-6-13 19:39:45.607#blur#
2019-6-13 19:39:51.349#mousedown#{"isTrusted":true}
2019-6-13 19:39:51.358#focus#
2019-6-13 19:39:52.754#change#{"from":{"line":7,"ch":2,"sticky":null,"xRel":1,"outside":true},"to":{"line":7,"ch":2,"sticky":null,"xRel":1,"outside":true},"text":["",""],"removed":[""],"origin":"+input"}
2019-6-13 19:39:52.754#change#{"from":{"line":8,"ch":0,"sticky":null},"to":{"line":8,"ch":0,"sticky":null},"text":["\t\t"],"removed":[""],"origin":"+input"}
2019-6-13 19:39:52.755#keyHandled#"Enter"
2019-6-13 19:39:52.766#viewportChange#0
2019-6-13 19:39:53.064#change#{"from":{"line":8,"ch":1,"sticky":"after"},"to":{"line":8,"ch":2,"sticky":null},"text":[""],"removed":["\t"],"origin":"+delete"}
2019-6-13 19:39:53.065#keyHandled#"Backspace"
2019-6-13 19:39:53.244#change#{"from":{"line":8,"ch":0,"sticky":"after"},"to":{"line":8,"ch":1,"sticky":null},"text":[""],"removed":["\t"],"origin":"+delete"}
2019-6-13 19:39:53.244#keyHandled#"Backspace"
2019-6-13 19:39:54.717#mousedown#{"isTrusted":true}
2019-6-13 19:39:55.279#change#{"from":{"line":3,"ch":8,"sticky":"after"},"to":{"line":3,"ch":9,"sticky":"before","xRel":90.4000244140625},"text":[""],"removed":["s"],"origin":"+delete"}
2019-6-13 19:39:55.279#keyHandled#"Backspace"
2019-6-13 19:39:55.417#change#{"from":{"line":3,"ch":7,"sticky":"after"},"to":{"line":3,"ch":8,"sticky":null},"text":[""],"removed":["o"],"origin":"+delete"}
2019-6-13 19:39:55.418#keyHandled#"Backspace"
2019-6-13 19:39:55.546#change#{"from":{"line":3,"ch":6,"sticky":"after"},"to":{"line":3,"ch":7,"sticky":null},"text":[""],"removed":["r"],"origin":"+delete"}
2019-6-13 19:39:55.546#keyHandled#"Backspace"
2019-6-13 19:39:55.688#change#{"from":{"line":3,"ch":5,"sticky":"after"},"to":{"line":3,"ch":6,"sticky":null},"text":[""],"removed":["e"],"origin":"+delete"}
2019-6-13 19:39:55.688#keyHandled#"Backspace"
2019-6-13 19:39:55.823#change#{"from":{"line":3,"ch":4,"sticky":"after"},"to":{"line":3,"ch":5,"sticky":null},"text":[""],"removed":["z"],"origin":"+delete"}
2019-6-13 19:39:55.823#keyHandled#"Backspace"
2019-6-13 19:39:55.977#change#{"from":{"line":3,"ch":3,"sticky":"after"},"to":{"line":3,"ch":4,"sticky":null},"text":[""],"removed":[" "],"origin":"+delete"}
2019-6-13 19:39:55.977#keyHandled#"Backspace"
2019-6-13 19:39:56.127#change#{"from":{"line":3,"ch":2,"sticky":"after"},"to":{"line":3,"ch":3,"sticky":null},"text":[""],"removed":["="],"origin":"+delete"}
2019-6-13 19:39:56.127#keyHandled#"Backspace"
2019-6-13 19:39:56.276#change#{"from":{"line":3,"ch":1,"sticky":"after"},"to":{"line":3,"ch":2,"sticky":null},"text":[""],"removed":[" "],"origin":"+delete"}
2019-6-13 19:39:56.276#keyHandled#"Backspace"
2019-6-13 19:39:56.463#change#{"from":{"line":3,"ch":0,"sticky":"after"},"to":{"line":3,"ch":1,"sticky":null},"text":[""],"removed":["z"],"origin":"+delete"}
2019-6-13 19:39:56.463#keyHandled#"Backspace"
2019-6-13 19:39:57.197#change#{"from":{"line":2,"ch":44,"sticky":"before"},"to":{"line":3,"ch":0,"sticky":null},"text":[""],"removed":["",""],"origin":"+delete"}
2019-6-13 19:39:57.197#keyHandled#"Backspace"
2019-6-13 19:39:57.206#viewportChange#0
2019-6-13 19:39:58.478#mousedown#{"isTrusted":true}
2019-6-13 19:39:59.365#mousedown#{"isTrusted":true}
2019-6-13 19:40:00.088#change#{"from":{"line":7,"ch":0,"sticky":"after","xRel":13.4000244140625},"to":{"line":7,"ch":0,"sticky":"after","xRel":13.4000244140625},"text":["z"],"removed":[""],"origin":"+input"}
2019-6-13 19:40:00.397#change#{"from":{"line":7,"ch":1,"sticky":null},"to":{"line":7,"ch":1,"sticky":null},"text":[" "],"removed":[""],"origin":"+input"}
2019-6-13 19:40:00.519#change#{"from":{"line":7,"ch":2,"sticky":null},"to":{"line":7,"ch":2,"sticky":null},"text":["="],"removed":[""],"origin":"+input"}
2019-6-13 19:40:00.579#change#{"from":{"line":7,"ch":3,"sticky":null},"to":{"line":7,"ch":3,"sticky":null},"text":[" "],"removed":[""],"origin":"+input"}
2019-6-13 19:40:00.997#change#{"from":{"line":7,"ch":4,"sticky":null},"to":{"line":7,"ch":4,"sticky":null},"text":["z"],"removed":[""],"origin":"+input"}
2019-6-13 19:40:01.589#change#{"from":{"line":7,"ch":3,"sticky":"after"},"to":{"line":7,"ch":4,"sticky":null},"text":[""],"removed":[" "],"origin":"+delete"}
2019-6-13 19:40:01.589#keyHandled#"Backspace"
2019-6-13 19:40:02.093#change#{"from":{"line":7,"ch":3,"sticky":null},"to":{"line":7,"ch":3,"sticky":null},"text":[" "],"removed":[""],"origin":"+input"}
2019-6-13 19:40:03.062#change#{"from":{"line":7,"ch":4,"sticky":null},"to":{"line":7,"ch":4,"sticky":null},"text":["z"],"removed":[""],"origin":"+input"}
2019-6-13 19:40:03.612#change#{"from":{"line":7,"ch":5,"sticky":null},"to":{"line":7,"ch":5,"sticky":null},"text":["e"],"removed":[""],"origin":"+input"}
2019-6-13 19:40:03.813#change#{"from":{"line":7,"ch":6,"sticky":null},"to":{"line":7,"ch":6,"sticky":null},"text":["o"],"removed":[""],"origin":"+input"}
2019-6-13 19:40:03.845#change#{"from":{"line":7,"ch":7,"sticky":null},"to":{"line":7,"ch":7,"sticky":null},"text":["r"],"removed":[""],"origin":"+input"}
2019-6-13 19:40:04.359#change#{"from":{"line":7,"ch":7,"sticky":"after"},"to":{"line":7,"ch":8,"sticky":null},"text":[""],"removed":["r"],"origin":"+delete"}
2019-6-13 19:40:04.359#keyHandled#"Backspace"
2019-6-13 19:40:04.501#change#{"from":{"line":7,"ch":6,"sticky":"after"},"to":{"line":7,"ch":7,"sticky":null},"text":[""],"removed":["o"],"origin":"+delete"}
2019-6-13 19:40:04.501#keyHandled#"Backspace"
2019-6-13 19:40:04.753#change#{"from":{"line":7,"ch":6,"sticky":null},"to":{"line":7,"ch":6,"sticky":null},"text":["r"],"removed":[""],"origin":"+input"}
2019-6-13 19:40:04.869#change#{"from":{"line":7,"ch":7,"sticky":null},"to":{"line":7,"ch":7,"sticky":null},"text":["o"],"removed":[""],"origin":"+input"}
2019-6-13 19:40:04.990#change#{"from":{"line":7,"ch":8,"sticky":null},"to":{"line":7,"ch":8,"sticky":null},"text":["s"],"removed":[""],"origin":"+input"}
2019-6-13 19:40:05.752#change#{"from":{"line":7,"ch":9,"sticky":null},"to":{"line":7,"ch":9,"sticky":null},"text":["()"],"removed":[""],"origin":"+input"}
2019-6-13 19:40:05.752#keyHandled#"'('"
2019-6-13 19:40:34.470#mousedown#{"isTrusted":true}
2019-6-13 19:40:35.592#change#{"from":{"line":3,"ch":0,"sticky":"after","xRel":32.4000244140625},"to":{"line":3,"ch":0,"sticky":"after","xRel":32.4000244140625},"text":["",""],"removed":[""],"origin":"+input"}
2019-6-13 19:40:35.592#keyHandled#"Enter"
2019-6-13 19:40:35.600#viewportChange#0
2019-6-13 19:40:36.054#change#{"from":{"line":4,"ch":0,"sticky":null},"to":{"line":4,"ch":0,"sticky":null},"text":["a"],"removed":[""],"origin":"+input"}
2019-6-13 19:40:36.652#change#{"from":{"line":4,"ch":1,"sticky":null},"to":{"line":4,"ch":1,"sticky":null},"text":["",""],"removed":[""],"origin":"+input"}
2019-6-13 19:40:36.652#keyHandled#"Enter"
2019-6-13 19:40:36.671#viewportChange#0
2019-6-13 19:40:37.249#keyHandled#"Right"
2019-6-13 19:40:37.275#keyHandled#"Up"
2019-6-13 19:40:37.545#keyHandled#"Right"
2019-6-13 19:40:37.693#keyHandled#"Up"
2019-6-13 19:40:38.017#keyHandled#"Right"
2019-6-13 19:40:38.194#keyHandled#"Up"
2019-6-13 19:40:38.365#keyHandled#"Up"
2019-6-13 19:40:38.661#keyHandled#"Right"
2019-6-13 19:40:38.957#keyHandled#"Right"
2019-6-13 19:40:39.300#keyHandled#"Left"
2019-6-13 19:40:40.068#change#{"from":{"line":4,"ch":1,"sticky":"before"},"to":{"line":4,"ch":1,"sticky":"before"},"text":[" "],"removed":[""],"origin":"+input"}
2019-6-13 19:40:40.171#change#{"from":{"line":4,"ch":2,"sticky":null},"to":{"line":4,"ch":2,"sticky":null},"text":["="],"removed":[""],"origin":"+input"}
2019-6-13 19:40:40.237#change#{"from":{"line":4,"ch":3,"sticky":null},"to":{"line":4,"ch":3,"sticky":null},"text":[" "],"removed":[""],"origin":"+input"}
2019-6-13 19:40:41.078#change#{"from":{"line":4,"ch":4,"sticky":null},"to":{"line":4,"ch":4,"sticky":null},"text":["0"],"removed":[""],"origin":"+input"}
2019-6-13 19:40:42.069#keyHandled#"Down"
2019-6-13 19:40:42.197#keyHandled#"Down"
2019-6-13 19:40:42.332#keyHandled#"Down"
2019-6-13 19:40:42.492#keyHandled#"Down"
2019-6-13 19:40:44.180#change#{"from":{"line":8,"ch":2,"sticky":"before","xRel":-8},"to":{"line":8,"ch":2,"sticky":"before","xRel":-8},"text":["a"],"removed":[""],"origin":"+input"}
2019-6-13 19:40:44.268#change#{"from":{"line":8,"ch":3,"sticky":null},"to":{"line":8,"ch":3,"sticky":null},"text":[" "],"removed":[""],"origin":"+input"}
2019-6-13 19:40:44.385#change#{"from":{"line":8,"ch":4,"sticky":null},"to":{"line":8,"ch":4,"sticky":null},"text":["="],"removed":[""],"origin":"+input"}
2019-6-13 19:40:45.519#change#{"from":{"line":8,"ch":5,"sticky":null},"to":{"line":8,"ch":5,"sticky":null},"text":[" "],"removed":[""],"origin":"+input"}
2019-6-13 19:41:23.782#mousedown#{"isTrusted":true}
2019-6-13 19:41:25.604#change#{"from":{"line":9,"ch":10,"sticky":"before","xRel":-2.5999755859375},"to":{"line":9,"ch":10,"sticky":"before","xRel":-2.5999755859375},"text":["a"],"removed":[""],"origin":"+input"}
2019-6-13 19:41:25.710#change#{"from":{"line":9,"ch":11,"sticky":null},"to":{"line":9,"ch":11,"sticky":null},"text":[" "],"removed":[""],"origin":"+input"}
2019-6-13 19:41:25.773#change#{"from":{"line":9,"ch":12,"sticky":null},"to":{"line":9,"ch":12,"sticky":null},"text":[","],"removed":[""],"origin":"+input"}
2019-6-13 19:41:25.907#change#{"from":{"line":9,"ch":13,"sticky":null},"to":{"line":9,"ch":13,"sticky":null},"text":[" "],"removed":[""],"origin":"+input"}
2019-6-13 19:41:28.368#keyHandled#"Left"
2019-6-13 19:41:28.645#keyHandled#"Up"
2019-6-13 19:41:29.376#change#{"from":{"line":8,"ch":6,"sticky":"before","xRel":24},"to":{"line":8,"ch":6,"sticky":"before","xRel":24},"text":["a"],"removed":[""],"origin":"+input"}
2019-6-13 19:41:29.693#change#{"from":{"line":8,"ch":7,"sticky":null},"to":{"line":8,"ch":7,"sticky":null},"text":[" "],"removed":[""],"origin":"+input"}
2019-6-13 19:41:30.102#change#{"from":{"line":8,"ch":8,"sticky":null},"to":{"line":8,"ch":8,"sticky":null},"text":["="],"removed":[""],"origin":"+input"}
2019-6-13 19:41:30.643#change#{"from":{"line":8,"ch":8,"sticky":"after"},"to":{"line":8,"ch":9,"sticky":null},"text":[""],"removed":["="],"origin":"+delete"}
2019-6-13 19:41:30.643#keyHandled#"Backspace"
2019-6-13 19:41:31.484#change#{"from":{"line":8,"ch":8,"sticky":null},"to":{"line":8,"ch":8,"sticky":null},"text":["+"],"removed":[""],"origin":"+input"}
2019-6-13 19:41:31.617#change#{"from":{"line":8,"ch":9,"sticky":null},"to":{"line":8,"ch":9,"sticky":null},"text":[" "],"removed":[""],"origin":"+input"}
2019-6-13 19:41:32.161#change#{"from":{"line":8,"ch":10,"sticky":null},"to":{"line":8,"ch":10,"sticky":null},"text":["1"],"removed":[""],"origin":"+input"}
2019-6-13 19:41:32.806#keyHandled#"Right"
2019-6-13 19:41:32.958#keyHandled#"Up"
2019-6-13 19:41:33.116#keyHandled#"Right"
2019-6-13 19:41:33.146#keyHandled#"Up"
2019-6-13 19:41:33.279#keyHandled#"Right"
2019-6-13 19:41:33.418#keyHandled#"Right"
2019-6-13 19:41:33.918#keyHandled#"Right"
2019-6-13 19:41:33.968#keyHandled#"Right"
2019-6-13 19:41:34.018#keyHandled#"Right"
2019-6-13 19:41:34.068#keyHandled#"Right"
2019-6-13 19:41:34.117#keyHandled#"Right"
2019-6-13 19:41:34.168#keyHandled#"Right"
2019-6-13 19:41:34.218#keyHandled#"Right"
2019-6-13 19:41:34.268#keyHandled#"Right"
2019-6-13 19:41:34.318#keyHandled#"Right"
2019-6-13 19:41:34.367#keyHandled#"Right"
2019-6-13 19:41:34.418#keyHandled#"Right"
2019-6-13 19:41:34.468#keyHandled#"Right"
2019-6-13 19:41:34.518#keyHandled#"Right"
2019-6-13 19:41:34.568#keyHandled#"Right"
2019-6-13 19:41:34.996#change#{"from":{"line":7,"ch":17,"sticky":"before"},"to":{"line":7,"ch":17,"sticky":"before"},"text":["",""],"removed":[""],"origin":"+input"}
2019-6-13 19:41:34.996#change#{"from":{"line":8,"ch":0,"sticky":null},"to":{"line":8,"ch":0,"sticky":null},"text":["\t\t"],"removed":[""],"origin":"+input"}
2019-6-13 19:41:34.996#keyHandled#"Enter"
2019-6-13 19:41:35.006#viewportChange#0
2019-6-13 19:41:35.527#keyHandled#"Down"
2019-6-13 19:41:35.675#keyHandled#"Down"
2019-6-13 19:41:35.817#keyHandled#"Right"
2019-6-13 19:41:35.928#keyHandled#"Right"
2019-6-13 19:41:36.429#keyHandled#"Right"
2019-6-13 19:41:36.480#keyHandled#"Right"
2019-6-13 19:41:36.530#keyHandled#"Right"
2019-6-13 19:41:36.581#keyHandled#"Right"
2019-6-13 19:41:36.830#keyHandled#"Right"
2019-6-13 19:41:37.136#keyHandled#"Right"
2019-6-13 19:41:37.545#keyHandled#"Left"
2019-6-13 19:41:38.617#keyHandled#"Left"
2019-6-13 19:41:38.857#change#{"from":{"line":10,"ch":11,"sticky":"after"},"to":{"line":10,"ch":12,"sticky":"after"},"text":[""],"removed":[" "],"origin":"+delete"}
2019-6-13 19:41:38.857#keyHandled#"Backspace"
2019-6-13 19:41:39.332#keyHandled#"Right"
2019-6-13 19:41:39.503#keyHandled#"Right"
2019-6-13 19:41:40.290#change#{"from":{"line":10,"ch":13,"sticky":"before"},"to":{"line":10,"ch":13,"sticky":"before"},"text":["d"],"removed":[""],"origin":"+input"}
2019-6-13 19:41:40.774#change#{"from":{"line":10,"ch":14,"sticky":null},"to":{"line":10,"ch":14,"sticky":null},"text":["t"],"removed":[""],"origin":"+input"}
2019-6-13 19:41:40.857#change#{"from":{"line":10,"ch":15,"sticky":null},"to":{"line":10,"ch":15,"sticky":null},"text":["y"],"removed":[""],"origin":"+input"}
2019-6-13 19:41:41.041#change#{"from":{"line":10,"ch":16,"sticky":null},"to":{"line":10,"ch":16,"sticky":null},"text":["p"],"removed":[""],"origin":"+input"}
2019-6-13 19:41:41.224#change#{"from":{"line":10,"ch":17,"sticky":null},"to":{"line":10,"ch":17,"sticky":null},"text":["e"],"removed":[""],"origin":"+input"}
2019-6-13 19:41:42.257#change#{"from":{"line":10,"ch":18,"sticky":null},"to":{"line":10,"ch":18,"sticky":null},"text":["="],"removed":[""],"origin":"+input"}
2019-6-13 19:41:42.847#change#{"from":{"line":10,"ch":19,"sticky":null},"to":{"line":10,"ch":19,"sticky":null},"text":["i"],"removed":[""],"origin":"+input"}
2019-6-13 19:41:42.922#change#{"from":{"line":10,"ch":20,"sticky":null},"to":{"line":10,"ch":20,"sticky":null},"text":["n"],"removed":[""],"origin":"+input"}
2019-6-13 19:41:43.092#change#{"from":{"line":10,"ch":21,"sticky":null},"to":{"line":10,"ch":21,"sticky":null},"text":["t"],"removed":[""],"origin":"+input"}
2019-6-13 19:41:43.540#keyHandled#"Right"
2019-6-13 19:41:43.729#keyHandled#"Right"
2019-6-13 19:41:44.247#change#{"from":{"line":10,"ch":23,"sticky":"before","hitSide":true},"to":{"line":10,"ch":23,"sticky":"before","hitSide":true},"text":["",""],"removed":[""],"origin":"+input"}
2019-6-13 19:41:44.247#keyHandled#"Enter"
2019-6-13 19:41:44.255#viewportChange#0
2019-6-13 19:41:44.793#change#{"from":{"line":11,"ch":0,"sticky":null},"to":{"line":11,"ch":0,"sticky":null},"text":["",""],"removed":[""],"origin":"+input"}
2019-6-13 19:41:44.793#keyHandled#"Enter"
2019-6-13 19:41:44.800#viewportChange#0
2019-6-13 19:41:45.227#change#{"from":{"line":12,"ch":0,"sticky":null},"to":{"line":12,"ch":0,"sticky":null},"text":["p"],"removed":[""],"origin":"+input"}
2019-6-13 19:41:45.493#change#{"from":{"line":12,"ch":1,"sticky":null},"to":{"line":12,"ch":1,"sticky":null},"text":["r"],"removed":[""],"origin":"+input"}
2019-6-13 19:41:45.539#change#{"from":{"line":12,"ch":2,"sticky":null},"to":{"line":12,"ch":2,"sticky":null},"text":["i"],"removed":[""],"origin":"+input"}
2019-6-13 19:41:45.637#change#{"from":{"line":12,"ch":3,"sticky":null},"to":{"line":12,"ch":3,"sticky":null},"text":["n"],"removed":[""],"origin":"+input"}
2019-6-13 19:41:45.700#change#{"from":{"line":12,"ch":4,"sticky":null},"to":{"line":12,"ch":4,"sticky":null},"text":["t"],"removed":[""],"origin":"+input"}
2019-6-13 19:41:47.386#change#{"from":{"line":12,"ch":5,"sticky":null},"to":{"line":12,"ch":5,"sticky":null},"text":["()"],"removed":[""],"origin":"+input"}
2019-6-13 19:41:47.386#keyHandled#"'('"
2019-6-13 19:42:22.807#mousedown#{"isTrusted":true}
2019-6-13 19:42:23.482#change#{"from":{"line":8,"ch":1,"sticky":"after"},"to":{"line":8,"ch":2,"sticky":"before","xRel":7.4000244140625},"text":[""],"removed":["\t"],"origin":"+delete"}
2019-6-13 19:42:23.482#keyHandled#"Backspace"
2019-6-13 19:42:23.880#change#{"from":{"line":8,"ch":0,"sticky":"after"},"to":{"line":8,"ch":1,"sticky":null},"text":[""],"removed":["\t"],"origin":"+delete"}
2019-6-13 19:42:23.880#keyHandled#"Backspace"
2019-6-13 19:42:24.030#change#{"from":{"line":7,"ch":17,"sticky":"before"},"to":{"line":8,"ch":0,"sticky":null},"text":[""],"removed":["",""],"origin":"+delete"}
2019-6-13 19:42:24.030#keyHandled#"Backspace"
2019-6-13 19:42:24.038#viewportChange#0
2019-6-13 19:42:24.030#change#{"from":{"line":7,"ch":17,"sticky":"before"},"to":{"line":8,"ch":0,"sticky":null},"text":[""],"removed":["",""],"origin":"+delete"}
2019-6-13 19:42:24.030#keyHandled#"Backspace"
2019-6-13 19:42:24.038#viewportChange#0
2019-6-13 19:42:26.872#blur#
2019-6-13 19:42:27.173#saida_testar#$ python3 main.py
2019-6-13 19:42:28.994#mousedown#{"isTrusted":true}
2019-6-13 19:42:29.150#focus#
2019-6-13 19:42:29.399#mousedown#{"isTrusted":true}
2019-6-13 19:42:30.151#mousedown#{"isTrusted":true}
2019-6-13 19:42:30.518#change#{"from":{"line":11,"ch":6,"sticky":"before","xRel":-1.5999755859375},"to":{"line":11,"ch":6,"sticky":"before","xRel":-1.5999755859375},"text":["a"],"removed":[""],"origin":"+input"}
2019-6-13 19:42:30.151#mousedown#{"isTrusted":true}
2019-6-13 19:42:30.518#change#{"from":{"line":11,"ch":6,"sticky":"before","xRel":-1.5999755859375},"to":{"line":11,"ch":6,"sticky":"before","xRel":-1.5999755859375},"text":["a"],"removed":[""],"origin":"+input"}
2019-6-13 19:42:32.699#blur#
2019-6-13 19:42:33.340#saida_testar#$ python3 main.py
2019-6-13 19:43:09.903#mousedown#{"isTrusted":true}
2019-6-13 19:43:10.054#focus#
2019-6-13 19:43:12.347#change#{"from":{"line":11,"ch":6,"sticky":"after"},"to":{"line":11,"ch":7,"sticky":"after","xRel":0.4000244140625},"text":[""],"removed":["a"],"origin":"+delete"}
2019-6-13 19:43:12.347#keyHandled#"Backspace"
2019-6-13 19:43:12.406#change#{"from":{"line":11,"ch":6,"sticky":null},"to":{"line":11,"ch":6,"sticky":null},"text":["z"],"removed":[""],"origin":"+input"}
2019-6-13 19:43:12.347#change#{"from":{"line":11,"ch":6,"sticky":"after"},"to":{"line":11,"ch":7,"sticky":"after","xRel":0.4000244140625},"text":[""],"removed":["a"],"origin":"+delete"}
2019-6-13 19:43:12.347#keyHandled#"Backspace"
2019-6-13 19:43:12.406#change#{"from":{"line":11,"ch":6,"sticky":null},"to":{"line":11,"ch":6,"sticky":null},"text":["z"],"removed":[""],"origin":"+input"}
2019-6-13 19:43:14.691#blur#
2019-6-13 19:43:15.545#saida_testar#$ python3 main.py
