2019-6-23 20:07:20.301#viewportChange#0
2019-6-23 20:07:21.966#mousedown#{"isTrusted":true}
2019-6-23 20:07:21.973#focus#
2019-6-23 20:07:36.669#blur#
2019-6-23 20:07:52.749#focus#
2019-6-23 20:07:55.018#blur#
2019-6-23 20:08:04.664#mousedown#{"isTrusted":true}
2019-6-23 20:08:04.666#focus#
2019-6-23 20:08:04.905#mousedown#{"isTrusted":true}
2019-6-23 20:08:04.985#contextmenu#{"isTrusted":true}
2019-6-23 20:08:06.236#change#{"from":{"line":0,"ch":0,"sticky":"after","xRel":86.09375},"to":{"line":0,"ch":0,"sticky":"after","xRel":86.09375},"text":["from numpy import *","from numpy.linalg import *"],"removed":[""],"origin":"paste"}
2019-6-23 20:08:06.244#viewportChange#0
2019-6-23 20:08:15.935#change#{"from":{"line":2,"ch":0,"sticky":null},"to":{"line":2,"ch":0,"sticky":null},"text":["M"],"removed":[""],"origin":"+input"}
2019-6-23 20:08:17.375#change#{"from":{"line":2,"ch":1,"sticky":null},"to":{"line":2,"ch":1,"sticky":null},"text":["="],"removed":[""],"origin":"+input"}
2019-6-23 20:08:22.400#blur#
2019-6-23 20:08:26.455#focus#
2019-6-23 20:08:28.479#change#{"from":{"line":2,"ch":2,"sticky":null},"to":{"line":2,"ch":2,"sticky":null},"text":["a"],"removed":[""],"origin":"+input"}
2019-6-23 20:08:28.849#change#{"from":{"line":2,"ch":3,"sticky":null},"to":{"line":2,"ch":3,"sticky":null},"text":["r"],"removed":[""],"origin":"+input"}
2019-6-23 20:08:28.998#change#{"from":{"line":2,"ch":4,"sticky":null},"to":{"line":2,"ch":4,"sticky":null},"text":["r"],"removed":[""],"origin":"+input"}
2019-6-23 20:08:29.184#change#{"from":{"line":2,"ch":5,"sticky":null},"to":{"line":2,"ch":5,"sticky":null},"text":["a"],"removed":[""],"origin":"+input"}
2019-6-23 20:08:29.884#change#{"from":{"line":2,"ch":6,"sticky":null},"to":{"line":2,"ch":6,"sticky":null},"text":["y"],"removed":[""],"origin":"+input"}
2019-6-23 20:08:31.183#keyHandled#"Left"
2019-6-23 20:08:31.961#keyHandled#"Left"
2019-6-23 20:08:32.215#keyHandled#"Left"
2019-6-23 20:08:32.398#keyHandled#"Left"
2019-6-23 20:08:32.576#keyHandled#"Left"
2019-6-23 20:08:33.334#change#{"from":{"line":2,"ch":2,"sticky":"after"},"to":{"line":2,"ch":2,"sticky":"after"},"text":[" "],"removed":[""],"origin":"+input"}
2019-6-23 20:08:34.195#keyHandled#"Right"
2019-6-23 20:08:34.401#keyHandled#"Right"
2019-6-23 20:08:34.603#keyHandled#"Right"
2019-6-23 20:08:34.788#keyHandled#"Right"
2019-6-23 20:08:34.975#keyHandled#"Right"
2019-6-23 20:08:36.410#change#{"from":{"line":2,"ch":8,"sticky":"before"},"to":{"line":2,"ch":8,"sticky":"before"},"text":["()"],"removed":[""],"origin":"+input"}
2019-6-23 20:08:36.410#keyHandled#"'('"
2019-6-23 20:08:40.472#change#{"from":{"line":2,"ch":13,"sticky":null},"to":{"line":2,"ch":13,"sticky":null},"text":["()"],"removed":[""],"origin":"+input"}
2019-6-23 20:08:40.472#keyHandled#"'('"
2019-6-23 20:08:41.926#change#{"from":{"line":2,"ch":14,"sticky":"after"},"to":{"line":2,"ch":14,"sticky":"after"},"text":["i"],"removed":[""],"origin":"+input"}
2019-6-23 20:08:42.342#change#{"from":{"line":2,"ch":15,"sticky":null},"to":{"line":2,"ch":15,"sticky":null},"text":["n"],"removed":[""],"origin":"+input"}
2019-6-23 20:08:43.637#change#{"from":{"line":2,"ch":16,"sticky":null},"to":{"line":2,"ch":16,"sticky":null},"text":["p"],"removed":[""],"origin":"+input"}
2019-6-23 20:08:43.998#change#{"from":{"line":2,"ch":17,"sticky":null},"to":{"line":2,"ch":17,"sticky":null},"text":["u"],"removed":[""],"origin":"+input"}
2019-6-23 20:08:44.319#change#{"from":{"line":2,"ch":18,"sticky":null},"to":{"line":2,"ch":18,"sticky":null},"text":["t"],"removed":[""],"origin":"+input"}
2019-6-23 20:08:46.794#change#{"from":{"line":2,"ch":19,"sticky":null},"to":{"line":2,"ch":19,"sticky":null},"text":["()"],"removed":[""],"origin":"+input"}
2019-6-23 20:08:46.794#keyHandled#"'('"
2019-6-23 20:08:49.159#change#{"from":{"line":2,"ch":21,"sticky":"after"},"to":{"line":2,"ch":21,"sticky":"after"},"text":["M"],"removed":[""],"origin":"+input"}
2019-6-23 20:08:50.054#change#{"from":{"line":2,"ch":22,"sticky":null},"to":{"line":2,"ch":22,"sticky":null},"text":["a"],"removed":[""],"origin":"+input"}
2019-6-23 20:08:50.355#change#{"from":{"line":2,"ch":23,"sticky":null},"to":{"line":2,"ch":23,"sticky":null},"text":["t"],"removed":[""],"origin":"+input"}
2019-6-23 20:08:50.558#change#{"from":{"line":2,"ch":24,"sticky":null},"to":{"line":2,"ch":24,"sticky":null},"text":["r"],"removed":[""],"origin":"+input"}
2019-6-23 20:08:51.138#change#{"from":{"line":2,"ch":25,"sticky":null},"to":{"line":2,"ch":25,"sticky":null},"text":["i"],"removed":[""],"origin":"+input"}
2019-6-23 20:08:51.394#change#{"from":{"line":2,"ch":26,"sticky":null},"to":{"line":2,"ch":26,"sticky":null},"text":["z"],"removed":[""],"origin":"+input"}
2019-6-23 20:08:52.638#change#{"from":{"line":2,"ch":27,"sticky":null},"to":{"line":2,"ch":27,"sticky":null},"text":[":"],"removed":[""],"origin":"+input"}
2019-6-23 20:08:53.250#change#{"from":{"line":2,"ch":28,"sticky":null},"to":{"line":2,"ch":28,"sticky":null},"text":[" "],"removed":[""],"origin":"+input"}
2019-6-23 20:08:56.890#keyHandled#"Right"
2019-6-23 20:08:57.072#keyHandled#"Right"
2019-6-23 20:08:57.267#keyHandled#"Right"
2019-6-23 20:09:03.562#blur#
2019-6-23 20:11:28.513#focus#
2019-6-23 20:11:34.444#blur#
2019-6-23 20:11:45.132#focus#
2019-6-23 20:11:48.504#blur#
2019-6-23 20:15:05.001#focus#
2019-6-23 20:15:49.667#blur#
2019-6-23 20:15:53.619#focus#
2019-6-23 20:16:00.953#blur#
2019-6-23 20:21:46.475#focus#
2019-6-27 08:06:42.924#viewportChange#0
2019-6-27 08:26:06.979#mousedown#{"isTrusted":true}
2019-6-27 08:26:07.000#focus#
2019-6-27 08:26:16.985#blur#
2019-6-27 08:29:27.104#mousedown#{"isTrusted":true}
2019-6-27 08:29:27.127#focus#
2019-6-27 08:29:29.659#blur#
2019-6-27 08:29:33.496#mousedown#{"isTrusted":true}
2019-6-27 08:29:33.501#focus#
2019-6-27 08:29:39.229#change#{"from":{"line":3,"ch":0,"sticky":"after","xRel":81.4000244140625},"to":{"line":3,"ch":0,"sticky":"after","xRel":81.4000244140625},"text":["v"],"removed":[""],"origin":"+input"}
2019-6-27 08:29:40.369#change#{"from":{"line":3,"ch":1,"sticky":null},"to":{"line":3,"ch":1,"sticky":null},"text":["="],"removed":[""],"origin":"+input"}
2019-6-27 08:29:41.443#blur#
2019-6-27 08:29:43.880#mousedown#{"isTrusted":true}
2019-6-27 08:29:43.890#focus#
2019-6-27 08:29:44.906#change#{"from":{"line":3,"ch":2,"sticky":"before","xRel":17.4000244140625},"to":{"line":3,"ch":2,"sticky":"before","xRel":17.4000244140625},"text":[" "],"removed":[""],"origin":"+input"}
2019-6-27 08:29:45.089#change#{"from":{"line":3,"ch":3,"sticky":null},"to":{"line":3,"ch":3,"sticky":null},"text":["z"],"removed":[""],"origin":"+input"}
2019-6-27 08:29:45.521#change#{"from":{"line":3,"ch":5,"sticky":null},"to":{"line":3,"ch":5,"sticky":null},"text":["r"],"removed":[""],"origin":"+input"}
2019-6-27 08:29:46.401#change#{"from":{"line":3,"ch":6,"sticky":null},"to":{"line":3,"ch":6,"sticky":null},"text":["o"],"removed":[""],"origin":"+input"}
2019-6-27 08:29:46.570#change#{"from":{"line":3,"ch":7,"sticky":null},"to":{"line":3,"ch":7,"sticky":null},"text":["s"],"removed":[""],"origin":"+input"}
2019-6-27 08:29:56.908#blur#
2019-6-27 08:30:11.280#mousedown#{"isTrusted":true}
2019-6-27 08:30:11.291#focus#
2019-6-27 08:30:14.424#change#{"from":{"line":3,"ch":8,"sticky":"before","xRel":18.4000244140625},"to":{"line":3,"ch":8,"sticky":"before","xRel":18.4000244140625},"text":["()"],"removed":[""],"origin":"+input"}
2019-6-27 08:30:14.424#keyHandled#"'('"
2019-6-27 08:30:16.979#change#{"from":{"line":3,"ch":10,"sticky":"after"},"to":{"line":3,"ch":10,"sticky":"after"},"text":["M"],"removed":[""],"origin":"+input"}
2019-6-27 08:30:17.442#change#{"from":{"line":3,"ch":11,"sticky":null},"to":{"line":3,"ch":11,"sticky":null},"text":[","],"removed":[""],"origin":"+input"}
2019-6-27 08:30:18.994#change#{"from":{"line":3,"ch":12,"sticky":null},"to":{"line":3,"ch":12,"sticky":null},"text":["M"],"removed":[""],"origin":"+input"}
2019-6-27 08:30:20.710#blur#
2019-6-27 08:30:27.601#mousedown#{"isTrusted":true}
2019-6-27 08:30:27.614#focus#
2019-6-27 08:30:28.797#change#{"from":{"line":3,"ch":14,"sticky":"after","xRel":2.4000244140625},"to":{"line":3,"ch":14,"sticky":"after","xRel":2.4000244140625},"text":[","],"removed":[""],"origin":"+input"}
2019-6-27 08:30:29.250#change#{"from":{"line":3,"ch":15,"sticky":null},"to":{"line":3,"ch":15,"sticky":null},"text":[" "],"removed":[""],"origin":"+input"}
2019-6-27 08:30:29.843#change#{"from":{"line":3,"ch":16,"sticky":null},"to":{"line":3,"ch":16,"sticky":null},"text":["d"],"removed":[""],"origin":"+input"}
2019-6-27 08:30:30.291#change#{"from":{"line":3,"ch":17,"sticky":null},"to":{"line":3,"ch":17,"sticky":null},"text":["t"],"removed":[""],"origin":"+input"}
2019-6-27 08:30:30.643#change#{"from":{"line":3,"ch":18,"sticky":null},"to":{"line":3,"ch":18,"sticky":null},"text":["y"],"removed":[""],"origin":"+input"}
2019-6-27 08:30:31.179#change#{"from":{"line":3,"ch":19,"sticky":null},"to":{"line":3,"ch":19,"sticky":null},"text":["p"],"removed":[""],"origin":"+input"}
2019-6-27 08:30:55.476#change#{"from":{"line":3,"ch":20,"sticky":null},"to":{"line":3,"ch":20,"sticky":null},"text":["e"],"removed":[""],"origin":"+input"}
2019-6-27 08:30:58.131#change#{"from":{"line":3,"ch":21,"sticky":null},"to":{"line":3,"ch":21,"sticky":null},"text":["="],"removed":[""],"origin":"+input"}
2019-6-27 08:30:58.539#change#{"from":{"line":3,"ch":22,"sticky":null},"to":{"line":3,"ch":22,"sticky":null},"text":["i"],"removed":[""],"origin":"+input"}
2019-6-27 08:30:58.811#change#{"from":{"line":3,"ch":23,"sticky":null},"to":{"line":3,"ch":23,"sticky":null},"text":["n"],"removed":[""],"origin":"+input"}
2019-6-27 08:30:59.883#change#{"from":{"line":3,"ch":24,"sticky":null},"to":{"line":3,"ch":24,"sticky":null},"text":["t"],"removed":[""],"origin":"+input"}
2019-6-27 08:31:02.685#blur#
2019-6-27 08:31:07.418#mousedown#{"isTrusted":true}
2019-6-27 08:31:07.429#focus#
2019-6-27 08:31:09.476#blur#
2019-6-27 08:31:14.074#mousedown#{"isTrusted":true}
2019-6-27 08:31:14.079#focus#
2019-6-27 08:31:16.190#change#{"from":{"line":4,"ch":0,"sticky":null},"to":{"line":4,"ch":0,"sticky":null},"text":["f"],"removed":[""],"origin":"+input"}
2019-6-27 08:31:16.452#change#{"from":{"line":4,"ch":1,"sticky":null},"to":{"line":4,"ch":1,"sticky":null},"text":["o"],"removed":[""],"origin":"+input"}
2019-6-27 08:31:16.692#change#{"from":{"line":4,"ch":2,"sticky":null},"to":{"line":4,"ch":2,"sticky":null},"text":["r"],"removed":[""],"origin":"+input"}
2019-6-27 08:31:51.443#mousedown#{"isTrusted":true}
2019-6-27 08:32:31.036#mousedown#{"isTrusted":true}
2019-6-27 08:32:33.969#change#{"from":{"line":4,"ch":3,"sticky":"before","xRel":55.4000244140625},"to":{"line":4,"ch":3,"sticky":"before","xRel":55.4000244140625},"text":[" "],"removed":[""],"origin":"+input"}
2019-6-27 08:32:34.381#change#{"from":{"line":4,"ch":4,"sticky":null},"to":{"line":4,"ch":4,"sticky":null},"text":["i"],"removed":[""],"origin":"+input"}
2019-6-27 08:32:35.198#change#{"from":{"line":4,"ch":5,"sticky":null},"to":{"line":4,"ch":5,"sticky":null},"text":[" "],"removed":[""],"origin":"+input"}
2019-6-27 08:32:35.966#change#{"from":{"line":4,"ch":6,"sticky":null},"to":{"line":4,"ch":6,"sticky":null},"text":["i"],"removed":[""],"origin":"+input"}
2019-6-27 08:32:36.309#change#{"from":{"line":4,"ch":7,"sticky":null},"to":{"line":4,"ch":7,"sticky":null},"text":["n"],"removed":[""],"origin":"+input"}
2019-6-27 08:32:37.272#change#{"from":{"line":4,"ch":8,"sticky":null},"to":{"line":4,"ch":8,"sticky":null},"text":[" "],"removed":[""],"origin":"+input"}
2019-6-27 08:32:37.721#change#{"from":{"line":4,"ch":9,"sticky":null},"to":{"line":4,"ch":9,"sticky":null},"text":["r"],"removed":[""],"origin":"+input"}
2019-6-27 08:32:37.965#change#{"from":{"line":4,"ch":10,"sticky":null},"to":{"line":4,"ch":10,"sticky":null},"text":["a"],"removed":[""],"origin":"+input"}
2019-6-27 08:32:38.183#change#{"from":{"line":4,"ch":11,"sticky":null},"to":{"line":4,"ch":11,"sticky":null},"text":["n"],"removed":[""],"origin":"+input"}
2019-6-27 08:32:38.469#change#{"from":{"line":4,"ch":12,"sticky":null},"to":{"line":4,"ch":12,"sticky":null},"text":["g"],"removed":[""],"origin":"+input"}
2019-6-27 08:32:38.686#change#{"from":{"line":4,"ch":13,"sticky":null},"to":{"line":4,"ch":13,"sticky":null},"text":["e"],"removed":[""],"origin":"+input"}
2019-6-27 08:32:39.462#change#{"from":{"line":4,"ch":14,"sticky":null},"to":{"line":4,"ch":14,"sticky":null},"text":[" "],"removed":[""],"origin":"+input"}
2019-6-27 08:32:40.650#change#{"from":{"line":4,"ch":14,"sticky":"after"},"to":{"line":4,"ch":15,"sticky":null},"text":[""],"removed":[" "],"origin":"+delete"}
2019-6-27 08:32:40.650#keyHandled#"Backspace"
2019-6-27 08:32:41.690#change#{"from":{"line":4,"ch":14,"sticky":null},"to":{"line":4,"ch":14,"sticky":null},"text":["()"],"removed":[""],"origin":"+input"}
2019-6-27 08:32:41.690#keyHandled#"'('"
2019-6-27 08:33:12.361#blur#
2019-6-27 08:36:01.113#mousedown#{"isTrusted":true}
2019-6-27 08:36:01.136#focus#
2019-6-27 08:36:02.193#change#{"from":{"line":3,"ch":12,"sticky":"after"},"to":{"line":3,"ch":13,"sticky":"after","xRel":3.4000244140625},"text":[""],"removed":["M"],"origin":"+delete"}
2019-6-27 08:36:02.193#keyHandled#"Backspace"
2019-6-27 08:36:02.422#change#{"from":{"line":3,"ch":11,"sticky":"after"},"to":{"line":3,"ch":12,"sticky":null},"text":[""],"removed":[","],"origin":"+delete"}
2019-6-27 08:36:02.422#keyHandled#"Backspace"
2019-6-27 08:36:02.622#change#{"from":{"line":3,"ch":10,"sticky":"after"},"to":{"line":3,"ch":11,"sticky":null},"text":[""],"removed":["M"],"origin":"+delete"}
2019-6-27 08:36:02.622#keyHandled#"Backspace"
2019-6-27 08:36:03.789#change#{"from":{"line":3,"ch":10,"sticky":null},"to":{"line":3,"ch":10,"sticky":null},"text":["7"],"removed":[""],"origin":"+input"}
2019-6-27 08:37:19.905#keyHandled#"Right"
2019-6-27 08:37:20.112#keyHandled#"Right"
2019-6-27 08:37:20.296#keyHandled#"Right"
2019-6-27 08:37:20.480#keyHandled#"Right"
2019-6-27 08:37:20.672#keyHandled#"Right"
2019-6-27 08:37:20.848#keyHandled#"Right"
2019-6-27 08:37:21.032#keyHandled#"Right"
2019-6-27 08:37:21.224#keyHandled#"Right"
2019-6-27 08:37:21.408#keyHandled#"Right"
2019-6-27 08:37:21.616#keyHandled#"Right"
2019-6-27 08:37:21.800#keyHandled#"Right"
2019-6-27 08:37:22.008#keyHandled#"Right"
2019-6-27 08:37:22.249#keyHandled#"Right"
2019-6-27 08:37:23.699#keyHandled#"Down"
2019-6-27 08:37:25.600#keyHandled#"Left"
2019-6-27 08:37:54.324#mousedown#{"isTrusted":true}
2019-6-27 08:38:12.084#mousedown#{"isTrusted":true}
2019-6-27 08:38:23.735#change#{"from":{"line":4,"ch":15,"sticky":"before","xRel":-1.5999755859375},"to":{"line":4,"ch":15,"sticky":"before","xRel":-1.5999755859375},"text":["l"],"removed":[""],"origin":"+input"}
2019-6-27 08:38:23.917#change#{"from":{"line":4,"ch":16,"sticky":null},"to":{"line":4,"ch":16,"sticky":null},"text":["e"],"removed":[""],"origin":"+input"}
2019-6-27 08:38:24.453#change#{"from":{"line":4,"ch":17,"sticky":null},"to":{"line":4,"ch":17,"sticky":null},"text":["n"],"removed":[""],"origin":"+input"}
2019-6-27 08:38:26.125#change#{"from":{"line":4,"ch":18,"sticky":null},"to":{"line":4,"ch":18,"sticky":null},"text":["()"],"removed":[""],"origin":"+input"}
2019-6-27 08:38:26.125#keyHandled#"'('"
2019-6-27 08:38:28.510#change#{"from":{"line":4,"ch":19,"sticky":"after"},"to":{"line":4,"ch":19,"sticky":"after"},"text":["M"],"removed":[""],"origin":"+input"}
2019-6-27 08:38:34.052#mousedown#{"isTrusted":true}
2019-6-27 08:38:39.386#keyHandled#"Right"
2019-6-27 08:38:40.439#change#{"from":{"line":4,"ch":22,"sticky":"before"},"to":{"line":4,"ch":22,"sticky":"before"},"text":[":"],"removed":[""],"origin":"+input"}
2019-6-27 08:38:41.155#change#{"from":{"line":4,"ch":23,"sticky":null},"to":{"line":4,"ch":23,"sticky":null},"text":["",""],"removed":[""],"origin":"+input"}
2019-6-27 08:38:41.155#change#{"from":{"line":5,"ch":0,"sticky":null},"to":{"line":5,"ch":0,"sticky":null},"text":["\t"],"removed":[""],"origin":"+input"}
2019-6-27 08:38:41.155#keyHandled#"Enter"
2019-6-27 08:38:41.172#viewportChange#0
2019-6-27 08:38:44.647#change#{"from":{"line":5,"ch":1,"sticky":null},"to":{"line":5,"ch":1,"sticky":null},"text":["f"],"removed":[""],"origin":"+input"}
2019-6-27 08:38:44.919#change#{"from":{"line":5,"ch":2,"sticky":null},"to":{"line":5,"ch":2,"sticky":null},"text":["o"],"removed":[""],"origin":"+input"}
2019-6-27 08:38:45.695#change#{"from":{"line":5,"ch":3,"sticky":null},"to":{"line":5,"ch":3,"sticky":null},"text":["r"],"removed":[""],"origin":"+input"}
2019-6-27 08:38:46.406#change#{"from":{"line":5,"ch":4,"sticky":null},"to":{"line":5,"ch":4,"sticky":null},"text":[" "],"removed":[""],"origin":"+input"}
2019-6-27 08:38:47.006#change#{"from":{"line":5,"ch":5,"sticky":null},"to":{"line":5,"ch":5,"sticky":null},"text":["j"],"removed":[""],"origin":"+input"}
2019-6-27 08:38:47.478#change#{"from":{"line":5,"ch":6,"sticky":null},"to":{"line":5,"ch":6,"sticky":null},"text":[" "],"removed":[""],"origin":"+input"}
2019-6-27 08:38:48.166#change#{"from":{"line":5,"ch":7,"sticky":null},"to":{"line":5,"ch":7,"sticky":null},"text":["i"],"removed":[""],"origin":"+input"}
2019-6-27 08:38:48.438#change#{"from":{"line":5,"ch":8,"sticky":null},"to":{"line":5,"ch":8,"sticky":null},"text":["n"],"removed":[""],"origin":"+input"}
2019-6-27 08:38:48.654#change#{"from":{"line":5,"ch":9,"sticky":null},"to":{"line":5,"ch":9,"sticky":null},"text":[" "],"removed":[""],"origin":"+input"}
2019-6-27 08:38:49.028#change#{"from":{"line":5,"ch":10,"sticky":null},"to":{"line":5,"ch":10,"sticky":null},"text":["r"],"removed":[""],"origin":"+input"}
2019-6-27 08:38:49.202#change#{"from":{"line":5,"ch":11,"sticky":null},"to":{"line":5,"ch":11,"sticky":null},"text":["a"],"removed":[""],"origin":"+input"}
2019-6-27 08:38:49.502#change#{"from":{"line":5,"ch":12,"sticky":null},"to":{"line":5,"ch":12,"sticky":null},"text":["n"],"removed":[""],"origin":"+input"}
2019-6-27 08:38:49.822#change#{"from":{"line":5,"ch":13,"sticky":null},"to":{"line":5,"ch":13,"sticky":null},"text":["g"],"removed":[""],"origin":"+input"}
2019-6-27 08:38:50.046#change#{"from":{"line":5,"ch":14,"sticky":null},"to":{"line":5,"ch":14,"sticky":null},"text":["e"],"removed":[""],"origin":"+input"}
2019-6-27 08:38:51.934#change#{"from":{"line":5,"ch":15,"sticky":null},"to":{"line":5,"ch":15,"sticky":null},"text":["()"],"removed":[""],"origin":"+input"}
2019-6-27 08:38:51.934#keyHandled#"'('"
2019-6-27 08:39:05.559#change#{"from":{"line":5,"ch":16,"sticky":"after"},"to":{"line":5,"ch":16,"sticky":"after"},"text":["l"],"removed":[""],"origin":"+input"}
2019-6-27 08:39:05.798#change#{"from":{"line":5,"ch":17,"sticky":null},"to":{"line":5,"ch":17,"sticky":null},"text":["e"],"removed":[""],"origin":"+input"}
2019-6-27 08:39:06.366#change#{"from":{"line":5,"ch":18,"sticky":null},"to":{"line":5,"ch":18,"sticky":null},"text":["n"],"removed":[""],"origin":"+input"}
2019-6-27 08:39:07.598#change#{"from":{"line":5,"ch":19,"sticky":null},"to":{"line":5,"ch":19,"sticky":null},"text":["()"],"removed":[""],"origin":"+input"}
2019-6-27 08:39:07.598#keyHandled#"'('"
2019-6-27 08:39:11.551#change#{"from":{"line":5,"ch":20,"sticky":"after"},"to":{"line":5,"ch":20,"sticky":"after"},"text":["M"],"removed":[""],"origin":"+input"}
2019-6-27 08:39:13.487#change#{"from":{"line":5,"ch":21,"sticky":null},"to":{"line":5,"ch":21,"sticky":null},"text":["[]"],"removed":[""],"origin":"+input"}
2019-6-27 08:39:13.487#keyHandled#"'['"
2019-6-27 08:39:16.515#keyHandled#"Right"
2019-6-27 08:39:17.791#change#{"from":{"line":5,"ch":22,"sticky":"before"},"to":{"line":5,"ch":22,"sticky":"before"},"text":["[]"],"removed":[""],"origin":"+input"}
2019-6-27 08:39:17.791#keyHandled#"'['"
2019-6-27 08:39:18.640#change#{"from":{"line":5,"ch":23,"sticky":"after"},"to":{"line":5,"ch":23,"sticky":"after"},"text":["0"],"removed":[""],"origin":"+input"}
2019-6-27 08:39:23.403#keyHandled#"Right"
2019-6-27 08:39:24.723#keyHandled#"Right"
2019-6-27 08:39:27.223#change#{"from":{"line":5,"ch":26,"sticky":"before"},"to":{"line":5,"ch":26,"sticky":"before"},"text":[":"],"removed":[""],"origin":"+input"}
2019-6-27 08:39:27.868#change#{"from":{"line":5,"ch":27,"sticky":null},"to":{"line":5,"ch":27,"sticky":null},"text":["",""],"removed":[""],"origin":"+input"}
2019-6-27 08:39:27.868#change#{"from":{"line":6,"ch":0,"sticky":null},"to":{"line":6,"ch":0,"sticky":null},"text":["\t\t"],"removed":[""],"origin":"+input"}
2019-6-27 08:39:27.868#keyHandled#"Enter"
2019-6-27 08:39:27.884#viewportChange#0
2019-6-27 08:39:45.638#mousedown#{"isTrusted":true}
2019-6-27 08:39:45.649#focus#
2019-6-27 08:39:49.136#blur#
2019-6-27 08:40:01.854#mousedown#{"isTrusted":true}
2019-6-27 08:40:01.873#focus#
2019-6-27 08:40:02.742#change#{"from":{"line":5,"ch":27,"sticky":"before","xRel":4.4000244140625},"to":{"line":5,"ch":27,"sticky":"before","xRel":4.4000244140625},"text":["",""],"removed":[""],"origin":"+input"}
2019-6-27 08:40:02.742#change#{"from":{"line":6,"ch":0,"sticky":null},"to":{"line":6,"ch":0,"sticky":null},"text":["\t\t"],"removed":[""],"origin":"+input"}
2019-6-27 08:40:02.742#keyHandled#"Enter"
2019-6-27 08:40:02.759#viewportChange#0
2019-6-27 08:40:16.507#change#{"from":{"line":6,"ch":2,"sticky":null},"to":{"line":6,"ch":2,"sticky":null},"text":["v"],"removed":[""],"origin":"+input"}
2019-6-27 08:40:21.753#change#{"from":{"line":6,"ch":3,"sticky":null},"to":{"line":6,"ch":3,"sticky":null},"text":["="],"removed":[""],"origin":"+input"}
2019-6-27 08:40:25.350#change#{"from":{"line":6,"ch":3,"sticky":"after"},"to":{"line":6,"ch":4,"sticky":null},"text":[""],"removed":["="],"origin":"+delete"}
2019-6-27 08:40:25.350#keyHandled#"Backspace"
2019-6-27 08:40:27.405#change#{"from":{"line":6,"ch":3,"sticky":null},"to":{"line":6,"ch":3,"sticky":null},"text":["[]"],"removed":[""],"origin":"+input"}
2019-6-27 08:40:27.405#keyHandled#"'['"
2019-6-27 08:40:29.432#change#{"from":{"line":6,"ch":4,"sticky":"after"},"to":{"line":6,"ch":4,"sticky":"after"},"text":["j"],"removed":[""],"origin":"+input"}
2019-6-27 08:40:31.828#keyHandled#"Right"
2019-6-27 08:41:00.881#change#{"from":{"line":6,"ch":6,"sticky":"before"},"to":{"line":6,"ch":6,"sticky":"before"},"text":["+"],"removed":[""],"origin":"+input"}
2019-6-27 08:41:01.673#change#{"from":{"line":6,"ch":7,"sticky":null},"to":{"line":6,"ch":7,"sticky":null},"text":["="],"removed":[""],"origin":"+input"}
2019-6-27 08:41:24.462#change#{"from":{"line":6,"ch":8,"sticky":null},"to":{"line":6,"ch":8,"sticky":null},"text":[" "],"removed":[""],"origin":"+input"}
2019-6-27 08:41:27.074#change#{"from":{"line":6,"ch":9,"sticky":null},"to":{"line":6,"ch":9,"sticky":null},"text":["M"],"removed":[""],"origin":"+input"}
2019-6-27 08:41:28.651#change#{"from":{"line":6,"ch":10,"sticky":null},"to":{"line":6,"ch":10,"sticky":null},"text":["[]"],"removed":[""],"origin":"+input"}
2019-6-27 08:41:28.651#keyHandled#"'['"
2019-6-27 08:41:32.290#change#{"from":{"line":6,"ch":11,"sticky":"after"},"to":{"line":6,"ch":11,"sticky":"after"},"text":["i"],"removed":[""],"origin":"+input"}
2019-6-27 08:41:35.054#keyHandled#"Right"
2019-6-27 08:41:36.538#change#{"from":{"line":6,"ch":13,"sticky":"before"},"to":{"line":6,"ch":13,"sticky":"before"},"text":["[]"],"removed":[""],"origin":"+input"}
2019-6-27 08:41:36.538#keyHandled#"'['"
2019-6-27 08:41:36.970#change#{"from":{"line":6,"ch":14,"sticky":"after"},"to":{"line":6,"ch":14,"sticky":"after"},"text":["j"],"removed":[""],"origin":"+input"}
2019-6-27 08:41:39.782#keyHandled#"Right"
2019-6-27 08:41:48.152#change#{"from":{"line":6,"ch":16,"sticky":"before"},"to":{"line":6,"ch":16,"sticky":"before"},"text":["",""],"removed":[""],"origin":"+input"}
2019-6-27 08:41:48.152#change#{"from":{"line":7,"ch":0,"sticky":null},"to":{"line":7,"ch":0,"sticky":null},"text":["\t\t"],"removed":[""],"origin":"+input"}
2019-6-27 08:41:48.152#keyHandled#"Enter"
2019-6-27 08:41:48.167#viewportChange#0
2019-6-27 08:42:15.394#change#{"from":{"line":7,"ch":1,"sticky":"after"},"to":{"line":7,"ch":2,"sticky":null},"text":[""],"removed":["\t"],"origin":"+delete"}
2019-6-27 08:42:15.394#keyHandled#"Backspace"
2019-6-27 08:42:16.415#change#{"from":{"line":7,"ch":0,"sticky":"after"},"to":{"line":7,"ch":1,"sticky":null},"text":[""],"removed":["\t"],"origin":"+delete"}
2019-6-27 08:42:16.415#keyHandled#"Backspace"
2019-6-27 08:42:24.732#change#{"from":{"line":7,"ch":0,"sticky":null},"to":{"line":7,"ch":0,"sticky":null},"text":["g"],"removed":[""],"origin":"+input"}
2019-6-27 08:42:27.037#change#{"from":{"line":7,"ch":1,"sticky":null},"to":{"line":7,"ch":1,"sticky":null},"text":["="],"removed":[""],"origin":"+input"}
2019-6-27 08:42:31.555#change#{"from":{"line":7,"ch":2,"sticky":null},"to":{"line":7,"ch":2,"sticky":null},"text":["V"],"removed":[""],"origin":"+input"}
2019-6-27 08:42:33.315#change#{"from":{"line":7,"ch":3,"sticky":null},"to":{"line":7,"ch":3,"sticky":null},"text":["."],"removed":[""],"origin":"+input"}
2019-6-27 08:42:34.863#change#{"from":{"line":7,"ch":3,"sticky":"after"},"to":{"line":7,"ch":4,"sticky":null},"text":[""],"removed":["."],"origin":"+delete"}
2019-6-27 08:42:34.863#keyHandled#"Backspace"
2019-6-27 08:42:35.183#change#{"from":{"line":7,"ch":2,"sticky":"after"},"to":{"line":7,"ch":3,"sticky":null},"text":[""],"removed":["V"],"origin":"+delete"}
2019-6-27 08:42:35.183#keyHandled#"Backspace"
2019-6-27 08:42:35.980#change#{"from":{"line":7,"ch":2,"sticky":null},"to":{"line":7,"ch":2,"sticky":null},"text":["v"],"removed":[""],"origin":"+input"}
2019-6-27 08:42:36.643#change#{"from":{"line":7,"ch":3,"sticky":null},"to":{"line":7,"ch":3,"sticky":null},"text":["."],"removed":[""],"origin":"+input"}
2019-6-27 08:42:37.171#change#{"from":{"line":7,"ch":4,"sticky":null},"to":{"line":7,"ch":4,"sticky":null},"text":["m"],"removed":[""],"origin":"+input"}
2019-6-27 08:42:37.379#change#{"from":{"line":7,"ch":5,"sticky":null},"to":{"line":7,"ch":5,"sticky":null},"text":["a"],"removed":[""],"origin":"+input"}
2019-6-27 08:42:38.107#change#{"from":{"line":7,"ch":6,"sticky":null},"to":{"line":7,"ch":6,"sticky":null},"text":["x"],"removed":[""],"origin":"+input"}
2019-6-27 08:42:53.068#change#{"from":{"line":7,"ch":7,"sticky":null},"to":{"line":7,"ch":7,"sticky":null},"text":["()"],"removed":[""],"origin":"+input"}
2019-6-27 08:42:53.068#keyHandled#"'('"
2019-6-27 08:43:00.048#keyHandled#"Right"
2019-6-27 08:43:04.250#change#{"from":{"line":7,"ch":9,"sticky":"before"},"to":{"line":7,"ch":9,"sticky":"before"},"text":["",""],"removed":[""],"origin":"+input"}
2019-6-27 08:43:04.250#keyHandled#"Enter"
2019-6-27 08:43:04.287#viewportChange#0
2019-6-27 08:43:07.837#change#{"from":{"line":8,"ch":0,"sticky":null},"to":{"line":8,"ch":0,"sticky":null},"text":["f"],"removed":[""],"origin":"+input"}
2019-6-27 08:43:08.524#change#{"from":{"line":8,"ch":1,"sticky":null},"to":{"line":8,"ch":1,"sticky":null},"text":["o"],"removed":[""],"origin":"+input"}
2019-6-27 08:43:08.716#change#{"from":{"line":8,"ch":2,"sticky":null},"to":{"line":8,"ch":2,"sticky":null},"text":["r"],"removed":[""],"origin":"+input"}
2019-6-27 08:43:10.220#change#{"from":{"line":8,"ch":3,"sticky":null},"to":{"line":8,"ch":3,"sticky":null},"text":[" "],"removed":[""],"origin":"+input"}
2019-6-27 08:43:18.565#change#{"from":{"line":8,"ch":4,"sticky":null},"to":{"line":8,"ch":4,"sticky":null},"text":["i"],"removed":[""],"origin":"+input"}
2019-6-27 08:43:19.452#change#{"from":{"line":8,"ch":5,"sticky":null},"to":{"line":8,"ch":5,"sticky":null},"text":[" "],"removed":[""],"origin":"+input"}
2019-6-27 08:43:19.860#change#{"from":{"line":8,"ch":6,"sticky":null},"to":{"line":8,"ch":6,"sticky":null},"text":["i"],"removed":[""],"origin":"+input"}
2019-6-27 08:43:20.101#change#{"from":{"line":8,"ch":7,"sticky":null},"to":{"line":8,"ch":7,"sticky":null},"text":["n"],"removed":[""],"origin":"+input"}
2019-6-27 08:43:20.316#change#{"from":{"line":8,"ch":8,"sticky":null},"to":{"line":8,"ch":8,"sticky":null},"text":[" "],"removed":[""],"origin":"+input"}
2019-6-27 08:43:20.651#change#{"from":{"line":8,"ch":9,"sticky":null},"to":{"line":8,"ch":9,"sticky":null},"text":["r"],"removed":[""],"origin":"+input"}
2019-6-27 08:43:20.897#change#{"from":{"line":8,"ch":10,"sticky":null},"to":{"line":8,"ch":10,"sticky":null},"text":["a"],"removed":[""],"origin":"+input"}
2019-6-27 08:43:22.188#change#{"from":{"line":8,"ch":11,"sticky":null},"to":{"line":8,"ch":11,"sticky":null},"text":["n"],"removed":[""],"origin":"+input"}
2019-6-27 08:43:22.468#change#{"from":{"line":8,"ch":12,"sticky":null},"to":{"line":8,"ch":12,"sticky":null},"text":["g"],"removed":[""],"origin":"+input"}
2019-6-27 08:43:22.660#change#{"from":{"line":8,"ch":13,"sticky":null},"to":{"line":8,"ch":13,"sticky":null},"text":["e"],"removed":[""],"origin":"+input"}
2019-6-27 08:43:24.108#change#{"from":{"line":8,"ch":14,"sticky":null},"to":{"line":8,"ch":14,"sticky":null},"text":["()"],"removed":[""],"origin":"+input"}
2019-6-27 08:43:24.108#keyHandled#"'('"
2019-6-27 08:43:27.253#change#{"from":{"line":8,"ch":15,"sticky":"after"},"to":{"line":8,"ch":15,"sticky":"after"},"text":["l"],"removed":[""],"origin":"+input"}
2019-6-27 08:43:27.924#change#{"from":{"line":8,"ch":16,"sticky":null},"to":{"line":8,"ch":16,"sticky":null},"text":["e"],"removed":[""],"origin":"+input"}
2019-6-27 08:43:28.628#change#{"from":{"line":8,"ch":17,"sticky":null},"to":{"line":8,"ch":17,"sticky":null},"text":["n"],"removed":[""],"origin":"+input"}
2019-6-27 08:43:31.948#change#{"from":{"line":8,"ch":18,"sticky":null},"to":{"line":8,"ch":18,"sticky":null},"text":["()"],"removed":[""],"origin":"+input"}
2019-6-27 08:43:31.948#keyHandled#"'('"
2019-6-27 08:43:32.985#change#{"from":{"line":8,"ch":19,"sticky":"after"},"to":{"line":8,"ch":19,"sticky":"after"},"text":["v"],"removed":[""],"origin":"+input"}
2019-6-27 08:43:38.193#keyHandled#"Right"
2019-6-27 08:43:38.456#keyHandled#"Right"
2019-6-27 08:43:41.757#change#{"from":{"line":8,"ch":22,"sticky":"before"},"to":{"line":8,"ch":22,"sticky":"before"},"text":[":"],"removed":[""],"origin":"+input"}
2019-6-27 08:43:42.363#change#{"from":{"line":8,"ch":23,"sticky":null},"to":{"line":8,"ch":23,"sticky":null},"text":["",""],"removed":[""],"origin":"+input"}
2019-6-27 08:43:42.363#change#{"from":{"line":9,"ch":0,"sticky":null},"to":{"line":9,"ch":0,"sticky":null},"text":["\t"],"removed":[""],"origin":"+input"}
2019-6-27 08:43:42.363#keyHandled#"Enter"
2019-6-27 08:43:42.379#viewportChange#0
2019-6-27 08:43:47.078#change#{"from":{"line":9,"ch":1,"sticky":null},"to":{"line":9,"ch":1,"sticky":null},"text":["i"],"removed":[""],"origin":"+input"}
2019-6-27 08:43:47.301#change#{"from":{"line":9,"ch":2,"sticky":null},"to":{"line":9,"ch":2,"sticky":null},"text":["f"],"removed":[""],"origin":"+input"}
2019-6-27 08:43:52.428#change#{"from":{"line":9,"ch":3,"sticky":null},"to":{"line":9,"ch":3,"sticky":null},"text":["()"],"removed":[""],"origin":"+input"}
2019-6-27 08:43:52.428#keyHandled#"'('"
2019-6-27 08:44:11.586#change#{"from":{"line":9,"ch":4,"sticky":"after"},"to":{"line":9,"ch":4,"sticky":"after"},"text":["v"],"removed":[""],"origin":"+input"}
2019-6-27 08:44:12.716#change#{"from":{"line":9,"ch":5,"sticky":null},"to":{"line":9,"ch":5,"sticky":null},"text":["[]"],"removed":[""],"origin":"+input"}
2019-6-27 08:44:12.717#keyHandled#"'['"
2019-6-27 08:44:12.917#change#{"from":{"line":9,"ch":6,"sticky":"after"},"to":{"line":9,"ch":6,"sticky":"after"},"text":["i"],"removed":[""],"origin":"+input"}
2019-6-27 08:44:14.585#keyHandled#"Right"
2019-6-27 08:44:15.982#change#{"from":{"line":9,"ch":8,"sticky":"before"},"to":{"line":9,"ch":8,"sticky":"before"},"text":["="],"removed":[""],"origin":"+input"}
2019-6-27 08:44:17.821#change#{"from":{"line":9,"ch":9,"sticky":null},"to":{"line":9,"ch":9,"sticky":null},"text":["="],"removed":[""],"origin":"+input"}
2019-6-27 08:44:26.951#change#{"from":{"line":9,"ch":10,"sticky":null},"to":{"line":9,"ch":10,"sticky":null},"text":["g"],"removed":[""],"origin":"+input"}
2019-6-27 08:44:30.018#keyHandled#"Right"
2019-6-27 08:44:31.014#change#{"from":{"line":9,"ch":12,"sticky":"before"},"to":{"line":9,"ch":12,"sticky":"before"},"text":[":"],"removed":[""],"origin":"+input"}
2019-6-27 08:44:32.011#change#{"from":{"line":9,"ch":13,"sticky":null},"to":{"line":9,"ch":13,"sticky":null},"text":["",""],"removed":[""],"origin":"+input"}
2019-6-27 08:44:32.011#change#{"from":{"line":10,"ch":0,"sticky":null},"to":{"line":10,"ch":0,"sticky":null},"text":["\t\t"],"removed":[""],"origin":"+input"}
2019-6-27 08:44:32.011#keyHandled#"Enter"
2019-6-27 08:44:32.026#viewportChange#0
2019-6-27 08:44:35.702#change#{"from":{"line":10,"ch":2,"sticky":null},"to":{"line":10,"ch":2,"sticky":null},"text":["p"],"removed":[""],"origin":"+input"}
2019-6-27 08:44:36.006#change#{"from":{"line":10,"ch":3,"sticky":null},"to":{"line":10,"ch":3,"sticky":null},"text":["r"],"removed":[""],"origin":"+input"}
2019-6-27 08:44:36.166#change#{"from":{"line":10,"ch":4,"sticky":null},"to":{"line":10,"ch":4,"sticky":null},"text":["i"],"removed":[""],"origin":"+input"}
2019-6-27 08:44:39.662#change#{"from":{"line":10,"ch":5,"sticky":null},"to":{"line":10,"ch":5,"sticky":null},"text":["n"],"removed":[""],"origin":"+input"}
2019-6-27 08:44:39.950#change#{"from":{"line":10,"ch":6,"sticky":null},"to":{"line":10,"ch":6,"sticky":null},"text":["t"],"removed":[""],"origin":"+input"}
2019-6-27 08:44:41.110#change#{"from":{"line":10,"ch":7,"sticky":null},"to":{"line":10,"ch":7,"sticky":null},"text":["()"],"removed":[""],"origin":"+input"}
2019-6-27 08:44:41.110#keyHandled#"'('"
2019-6-27 08:44:44.726#change#{"from":{"line":10,"ch":8,"sticky":"after"},"to":{"line":10,"ch":8,"sticky":"after"},"text":["i"],"removed":[""],"origin":"+input"}
2019-6-27 08:44:46.126#change#{"from":{"line":10,"ch":9,"sticky":null},"to":{"line":10,"ch":9,"sticky":null},"text":["+"],"removed":[""],"origin":"+input"}
2019-6-27 08:44:47.614#change#{"from":{"line":10,"ch":10,"sticky":null},"to":{"line":10,"ch":10,"sticky":null},"text":["1"],"removed":[""],"origin":"+input"}
2019-6-27 08:44:47.614#change#{"from":{"line":10,"ch":10,"sticky":null},"to":{"line":10,"ch":10,"sticky":null},"text":["1"],"removed":[""],"origin":"+input"}
2019-6-27 08:44:49.844#blur#
2019-6-27 08:44:51.942#saida_testar#$ python3 main.py
2019-6-27 08:44:52.162#focus#
2019-6-27 08:44:55.944#blur#
2019-6-27 08:45:28.119#mousedown#{"isTrusted":true}
2019-6-27 08:45:28.286#focus#
2019-6-27 08:45:30.209#change#{"from":{"line":5,"ch":26,"sticky":"after","xRel":1.4000244140625},"to":{"line":5,"ch":26,"sticky":"after","xRel":1.4000244140625},"text":[")"],"removed":[""],"origin":"+input"}
2019-6-27 08:45:38.799#change#{"from":{"line":5,"ch":26,"sticky":"after"},"to":{"line":5,"ch":27,"sticky":null},"text":[""],"removed":[")"],"origin":"+delete"}
2019-6-27 08:45:38.799#keyHandled#"Backspace"
2019-6-27 08:45:54.732#keyHandled#"Left"
2019-6-27 08:45:57.500#change#{"from":{"line":5,"ch":24,"sticky":"after"},"to":{"line":5,"ch":25,"sticky":"after"},"text":[""],"removed":["]"],"origin":"+delete"}
2019-6-27 08:45:57.500#keyHandled#"Backspace"
2019-6-27 08:45:57.836#change#{"from":{"line":5,"ch":23,"sticky":"after"},"to":{"line":5,"ch":24,"sticky":null},"text":[""],"removed":["0"],"origin":"+delete"}
2019-6-27 08:45:57.836#keyHandled#"Backspace"
2019-6-27 08:45:58.140#change#{"from":{"line":5,"ch":22,"sticky":"after"},"to":{"line":5,"ch":23,"sticky":null},"text":[""],"removed":["["],"origin":"+delete"}
2019-6-27 08:45:58.140#keyHandled#"Backspace"
2019-6-27 08:45:59.124#keyHandled#"Left"
2019-6-27 08:46:01.240#change#{"from":{"line":5,"ch":21,"sticky":"after"},"to":{"line":5,"ch":21,"sticky":"after"},"text":["[]"],"removed":[""],"origin":"+input"}
2019-6-27 08:46:01.240#keyHandled#"'['"
2019-6-27 08:46:02.217#change#{"from":{"line":5,"ch":22,"sticky":"after"},"to":{"line":5,"ch":22,"sticky":"after"},"text":["0"],"removed":[""],"origin":"+input"}
2019-6-27 08:46:05.541#keyHandled#"Right"
2019-6-27 08:46:05.796#keyHandled#"Right"
2019-6-27 08:46:06.028#keyHandled#"Right"
2019-6-27 08:46:06.612#keyHandled#"Right"
2019-6-27 08:46:06.028#keyHandled#"Right"
2019-6-27 08:46:06.612#keyHandled#"Right"
2019-6-27 08:46:07.833#blur#
2019-6-27 08:46:10.068#focus#
2019-6-27 08:46:10.090#saida_testar#$ python3 main.py
2019-6-27 08:46:11.116#blur#
