== TEST (2019-05-07 13:17:21) 
-- CODE:
salario = float(input("enter your salary: "))

salario*(20/100)
-- OUTPUT:
A esquerda da reta
*-*-*-*-*-*-*-*-*-*-*-*-*-*-*-*-*-*-*-*-*-*-*-*
== TEST (2019-05-07 13:17:49) 
-- CODE:
salario = float(input("enter your salary: "))

desconto = salario*(20/100)
print(desconto)
-- OUTPUT:
246.912
*-*-*-*-*-*-*-*-*-*-*-*-*-*-*-*-*-*-*-*-*-*-*-*
== TEST (2019-05-07 13:18:04) 
-- CODE:
salario = float(input("enter your salary: "))

desconto = salario*(20/100)
print(desconto)
-- OUTPUT:
246.912
*-*-*-*-*-*-*-*-*-*-*-*-*-*-*-*-*-*-*-*-*-*-*-*
== TEST (2019-05-07 13:18:14) 
-- CODE:
salario = float(input("enter your salary: "))

desconto = salario*(20/100)
print(desconto)
-- OUTPUT:
246.912
*-*-*-*-*-*-*-*-*-*-*-*-*-*-*-*-*-*-*-*-*-*-*-*
== TEST (2019-05-07 13:18:27) 
-- CODE:
salario = float(input("enter your salary: "))

desconto = salario*(20/100)
print(desconto)
-- OUTPUT:
246.912
*-*-*-*-*-*-*-*-*-*-*-*-*-*-*-*-*-*-*-*-*-*-*-*
== TEST (2019-05-07 13:35:16) 
-- CODE:
salario = float(input("enter your salary: "))

#Desconto da contribuição previdenciária
if(salario<=1659.38):
	restante = salario*(8/100)
elif(salario>=1659.39 and salario<=2765.66):
	restante = salario*(9/100)
elif(salario>=2765.67 and salario<=5531.31):
	restante = salario*(11/100)
elif(salario>5531.31):
	restante = salario-608.44

#Desconto do imposto de renda
if(restante<=1903.98):
	total = restante
elif(restante>=1903.99 and salario<=2826.65):
	total = restante*(7.5/100)
elif(salario>=2826.66 and salario<=3751.05):
	total = restante*(15/100)
elif(salario>=3751.06 and salario<=4664.68):
	total = restante*(22.5/100)
elif(salario>4664.68):
	total = restante*(27.5/100)

print("Salario liquido = R$ ", round(total,2))
-- OUTPUT:
Salario liquido = R$  98.76
*-*-*-*-*-*-*-*-*-*-*-*-*-*-*-*-*-*-*-*-*-*-*-*
== TEST (2019-05-07 13:35:31) 
-- CODE:
salario = float(input("enter your salary: "))

#Desconto da contribuição previdenciária
if(salario<=1659.38):
	restante = salario*(8/100)
elif(salario>=1659.39 and salario<=2765.66):
	restante = salario*(9/100)
elif(salario>=2765.67 and salario<=5531.31):
	restante = salario*(11/100)
elif(salario>5531.31):
	restante = salario-608.44

#Desconto do imposto de renda
if(restante<=1903.98):
	total = restante
elif(restante>=1903.99 and salario<=2826.65):
	total = restante*(7.5/100)
elif(salario>=2826.66 and salario<=3751.05):
	total = restante*(15/100)
elif(salario>=3751.06 and salario<=4664.68):
	total = restante*(22.5/100)
elif(salario>4664.68):
	total = restante*(27.5/100)

print("Salario liquido = R$ ", round(total,2))
-- OUTPUT:
Salario liquido = R$  98.76
*-*-*-*-*-*-*-*-*-*-*-*-*-*-*-*-*-*-*-*-*-*-*-*
== TEST (2019-05-07 13:38:47) 
-- CODE:
salario = float(input("enter your salary: "))

#Desconto da contribuição previdenciária
if(salario<=1659.38):
	restante = salario-salario*(8/100)
elif(salario>=1659.39 and salario<=2765.66):
	restante = salario-salario*(9/100)
elif(salario>=2765.67 and salario<=5531.31):
	restante = salario-salario*(11/100)
elif(salario>5531.31):
	restante = salario-608.44

#Desconto do imposto de renda
if(restante<=1903.98):
	total = restante
elif(restante>=1903.99 and salario<=2826.65):
	total = restante-restante*(7.5/100)
elif(salario>=2826.66 and salario<=3751.05):
	total = restante-restante*(15/100)
elif(salario>=3751.06 and salario<=4664.68):
	total = restante-restante*(22.5/100)
elif(salario>4664.68):
	total = restante-restante*(27.5/100)

print("Salario liquido = R$ ", round(total,2))
-- OUTPUT:
Salario liquido = R$  1135.8
*-*-*-*-*-*-*-*-*-*-*-*-*-*-*-*-*-*-*-*-*-*-*-*
== TEST (2019-05-07 13:40:07) 
-- CODE:
salario = float(input("enter your salary: "))

#Desconto da contribuição previdenciária
if(salario<=1659.38):
	restante = salario-salario*(8/100)
elif(salario>=1659.39 and salario<=2765.66):
	restante = salario-salario*(9/100)
elif(salario>=2765.67 and salario<=5531.31):
	restante = salario-salario*(11/100)
elif(salario>5531.31):
	restante = salario-608.44

#Desconto do imposto de renda
if(restante<=1903.98):
	total = restante
elif(restante>=1903.99 and salario<=2826.65):
	total = restante-restante*(7.5/100)
elif(salario>=2826.66 and salario<=3751.05):
	total = restante-restante*(15/100)
elif(salario>=3751.06 and salario<=4664.68):
	total = restante-restante*(22.5/100)
elif(salario>4664.68):
	total = restante-restante*(27.5/100)

print("Salario liquido = R$ ", round(total,2))
-- OUTPUT:
Salario liquido = R$  1135.8
*-*-*-*-*-*-*-*-*-*-*-*-*-*-*-*-*-*-*-*-*-*-*-*
== TEST (2019-05-07 13:44:41) 
-- CODE:
salario = float(input("enter your salary: "))

#Desconto da contribuição previdenciária
if(salario<=1659.38):
	restante = salario-salario*(8/100)
elif(salario>=1659.39 and salario<=2765.66):
	restante = salario-salario*(9/100)
elif(salario>=2765.67 and salario<=5531.31):
	restante = salario-salario*(11/100)
elif(salario>5531.31):
	restante = salario-608.44

#Desconto do imposto de renda
if(restante<=1903.98):
	total = restante
elif(restante>=1903.99 and salario<=2826.65):
	total = restante-restante*(7.5/100)
elif(salario>=2826.66 and salario<=3751.05):
	total = restante-restante*(15/100)
elif(salario>=3751.06 and salario<=4664.68):
	total = restante-restante*(22.5/100)
elif(salario>4664.68):
	total = restante-restante*(27.5/100)

print("Salario liquido = R$ ", round(total,2))
-- OUTPUT:
Salario liquido = R$  1135.8
*-*-*-*-*-*-*-*-*-*-*-*-*-*-*-*-*-*-*-*-*-*-*-*
== SUBMITION (2019-05-07 13:44:59) 
-- CODE:
salario = float(input("enter your salary: "))

#Desconto da contribuição previdenciária
if(salario<=1659.38):
	restante = salario-salario*(8/100)
elif(salario>=1659.39 and salario<=2765.66):
	restante = salario-salario*(9/100)
elif(salario>=2765.67 and salario<=5531.31):
	restante = salario-salario*(11/100)
elif(salario>5531.31):
	restante = salario-608.44

#Desconto do imposto de renda
if(restante<=1903.98):
	total = restante
elif(restante>=1903.99 and salario<=2826.65):
	total = restante-restante*(7.5/100)
elif(salario>=2826.66 and salario<=3751.05):
	total = restante-restante*(15/100)
elif(salario>=3751.06 and salario<=4664.68):
	total = restante-restante*(22.5/100)
elif(salario>4664.68):
	total = restante-restante*(27.5/100)

print("Salario liquido = R$ ", round(total,2))
-- EXECUTION TIME:
0.149729
-- TEST CASE 1:
---- input:
1234.56
---- correct output:
Salario liquido = R$  1135.8
---- user output:
Salario liquido = R$  1135.8
-- TEST CASE 2:
---- input:
2000
---- correct output:
Salario liquido = R$  1820.0
---- user output:
Salario liquido = R$  1820.0
-- TEST CASE 3:
---- input:
5535
---- correct output:
Salario liquido = R$  3571.76
---- user output:
Salario liquido = R$  3571.76
-- GRADE:
100%
*-*-*-*-*-*-*-*-*-*-*-*-*-*-*-*-*-*-*-*-*-*-*-*
== SUBMITION (2019-05-07 13:45:09) 
-- CODE:
salario = float(input("enter your salary: "))

#Desconto da contribuição previdenciária
if(salario<=1659.38):
	restante = salario-salario*(8/100)
elif(salario>=1659.39 and salario<=2765.66):
	restante = salario-salario*(9/100)
elif(salario>=2765.67 and salario<=5531.31):
	restante = salario-salario*(11/100)
elif(salario>5531.31):
	restante = salario-608.44

#Desconto do imposto de renda
if(restante<=1903.98):
	total = restante
elif(restante>=1903.99 and salario<=2826.65):
	total = restante-restante*(7.5/100)
elif(salario>=2826.66 and salario<=3751.05):
	total = restante-restante*(15/100)
elif(salario>=3751.06 and salario<=4664.68):
	total = restante-restante*(22.5/100)
elif(salario>4664.68):
	total = restante-restante*(27.5/100)

print("Salario liquido = R$ ", round(total,2))
-- EXECUTION TIME:
0.211736
-- TEST CASE 1:
---- input:
1234.56
---- correct output:
Salario liquido = R$  1135.8
---- user output:
Salario liquido = R$  1135.8
-- TEST CASE 2:
---- input:
2000
---- correct output:
Salario liquido = R$  1820.0
---- user output:
Salario liquido = R$  1820.0
-- TEST CASE 3:
---- input:
5535
---- correct output:
Salario liquido = R$  3571.76
---- user output:
Salario liquido = R$  3571.76
-- GRADE:
100%
*-*-*-*-*-*-*-*-*-*-*-*-*-*-*-*-*-*-*-*-*-*-*-*
