== TEST (2019-04-13 17:55:00) 
-- CODE:
# Teste seu código aos poucos.
# Não teste tudo no final, pois fica mais difícil de identificar erros.
# Use as mensagens de erro para corrigir seu código.

num = int(input("Digite um numero: "))

if (num % 2 == 0):
	mensagem = "Par"
else:
	mensagem = "Impar"

print(mensagem)

-- OUTPUT:
Impar
*-*-*-*-*-*-*-*-*-*-*-*-*-*-*-*-*-*-*-*-*-*-*-*
== SUBMITION (2019-04-13 17:55:16) 
-- CODE:
# Teste seu código aos poucos.
# Não teste tudo no final, pois fica mais difícil de identificar erros.
# Use as mensagens de erro para corrigir seu código.

num = int(input("Digite um numero: "))

if (num % 2 == 0):
	mensagem = "Par"
else:
	mensagem = "Impar"

print(mensagem)

-- EXECUTION TIME:
0.14725
-- TEST CASE 1:
---- input:
55
---- correct output:
impar
---- user output:
Impar
-- TEST CASE 3:
---- input:
842
---- correct output:
par
---- user output:
Par
-- GRADE:
0%
*-*-*-*-*-*-*-*-*-*-*-*-*-*-*-*-*-*-*-*-*-*-*-*
== TEST (2019-04-13 17:55:32) 
-- CODE:
# Teste seu código aos poucos.
# Não teste tudo no final, pois fica mais difícil de identificar erros.
# Use as mensagens de erro para corrigir seu código.

num = int(input("Digite um numero: "))

if (num % 2 == 0):
	mensagem = "Par"
else:
	mensagem = "Impar"

print(mensagem)

-- OUTPUT:
Impar
*-*-*-*-*-*-*-*-*-*-*-*-*-*-*-*-*-*-*-*-*-*-*-*
== SUBMITION (2019-04-13 17:55:43) 
-- CODE:
# Teste seu código aos poucos.
# Não teste tudo no final, pois fica mais difícil de identificar erros.
# Use as mensagens de erro para corrigir seu código.

num = int(input("Digite um numero: "))

if (num % 2 == 0):
	mensagem = "Par"
else:
	mensagem = "Impar"

print(mensagem)

-- EXECUTION TIME:
0.138062
-- TEST CASE 1:
---- input:
55
---- correct output:
impar
---- user output:
Impar
-- TEST CASE 3:
---- input:
842
---- correct output:
par
---- user output:
Par
-- GRADE:
0%
*-*-*-*-*-*-*-*-*-*-*-*-*-*-*-*-*-*-*-*-*-*-*-*
== SUBMITION (2019-04-13 17:55:54) 
-- CODE:
# Teste seu código aos poucos.
# Não teste tudo no final, pois fica mais difícil de identificar erros.
# Use as mensagens de erro para corrigir seu código.

num = int(input("Digite um numero: "))

if (num % 2 == 0):
	mensagem = "par"
else:
	mensagem = "impar"

print(mensagem)

-- EXECUTION TIME:
0.143415
-- TEST CASE 1:
---- input:
55
---- correct output:
impar
---- user output:
impar
-- TEST CASE 3:
---- input:
842
---- correct output:
par
---- user output:
par
-- GRADE:
100%
*-*-*-*-*-*-*-*-*-*-*-*-*-*-*-*-*-*-*-*-*-*-*-*
