== TEST (2019-03-14 20:40:02) 
-- CODE:
print("Adicao: ", 5 + 3)

print("Subtracao: ", 5-3)

print("Multiplicacao: ", 5*3)

print("Divisao: ", 5/3)

print("Resto: ", 5%3)

print("Potenciacao: ", 5**3)
-- OUTPUT:
Adicao:  8
Subtracao:  2
Multiplicacao:  15
Divisao:  1.6666666666666667
Resto:  2
Potenciacao:  125
*-*-*-*-*-*-*-*-*-*-*-*-*-*-*-*-*-*-*-*-*-*-*-*
== SUBMITION (2019-03-14 20:40:04) 
-- CODE:
print("Adicao: ", 5 + 3)

print("Subtracao: ", 5-3)

print("Multiplicacao: ", 5*3)

print("Divisao: ", 5/3)

print("Resto: ", 5%3)

print("Potenciacao: ", 5**3)
-- EXECUTION TIME:
0.13373
-- TEST CASE 1:
---- input:
xxx
---- correct output:
Adicao:  8
Subtracao:  8
Multiplicacao:  8
Divisao:  8.0
Resto:  8
Potenciacao:  8
---- user output:
Adicao:  8
Subtracao:  2
Multiplicacao:  15
Divisao:  1.6666666666666667
Resto:  2
Potenciacao:  125
-- GRADE:
0%
*-*-*-*-*-*-*-*-*-*-*-*-*-*-*-*-*-*-*-*-*-*-*-*
== TEST (2019-03-14 20:40:08) 
-- CODE:
print("Adicao: ", 5 + 3)

print("Subtracao: ", 5-3)

print("Multiplicacao: ", 5*3)

print("Divisao: ", 5/3)

print("Resto: ", 5%3)

print("Potenciacao: ", 5**3)
-- OUTPUT:
Adicao:  8
Subtracao:  2
Multiplicacao:  15
Divisao:  1.6666666666666667
Resto:  2
Potenciacao:  125
*-*-*-*-*-*-*-*-*-*-*-*-*-*-*-*-*-*-*-*-*-*-*-*
== TEST (2019-03-14 20:40:09) 
-- CODE:
print("Adicao: ", 5 + 3)

print("Subtracao: ", 5-3)

print("Multiplicacao: ", 5*3)

print("Divisao: ", 5/3)

print("Resto: ", 5%3)

print("Potenciacao: ", 5**3)
-- OUTPUT:
Adicao:  8
Subtracao:  2
Multiplicacao:  15
Divisao:  1.6666666666666667
Resto:  2
Potenciacao:  125
*-*-*-*-*-*-*-*-*-*-*-*-*-*-*-*-*-*-*-*-*-*-*-*
== TEST (2019-03-14 20:40:11) 
-- CODE:
print("Adicao: ", 5 + 3)

print("Subtracao: ", 5-3)

print("Multiplicacao: ", 5*3)

print("Divisao: ", 5/3)

print("Resto: ", 5%3)

print("Potenciacao: ", 5**3)
-- OUTPUT:
Adicao:  8
Subtracao:  2
Multiplicacao:  15
Divisao:  1.6666666666666667
Resto:  2
Potenciacao:  125
*-*-*-*-*-*-*-*-*-*-*-*-*-*-*-*-*-*-*-*-*-*-*-*
== SUBMITION (2019-03-14 20:40:12) 
-- CODE:
print("Adicao: ", 5 + 3)

print("Subtracao: ", 5-3)

print("Multiplicacao: ", 5*3)

print("Divisao: ", 5/3)

print("Resto: ", 5%3)

print("Potenciacao: ", 5**3)
-- EXECUTION TIME:
0.145226
-- TEST CASE 1:
---- input:
xxx
---- correct output:
Adicao:  8
Subtracao:  8
Multiplicacao:  8
Divisao:  8.0
Resto:  8
Potenciacao:  8
---- user output:
Adicao:  8
Subtracao:  2
Multiplicacao:  15
Divisao:  1.6666666666666667
Resto:  2
Potenciacao:  125
-- GRADE:
0%
*-*-*-*-*-*-*-*-*-*-*-*-*-*-*-*-*-*-*-*-*-*-*-*
== TEST (2019-03-14 20:49:10) 
-- CODE:
print("Adicao: ", 5 + 3)

print("Subtracao: ",11-3)

print("Multiplicacao: ", 2*4)

print("Divisao: ", 16/2)

print("Resto: ", 26%3)

print("Potenciacao: ", 2**3)
-- OUTPUT:
Adicao:  8
Subtracao:  8
Multiplicacao:  8
Divisao:  8.0
Resto:  2
Potenciacao:  8
*-*-*-*-*-*-*-*-*-*-*-*-*-*-*-*-*-*-*-*-*-*-*-*
== TEST (2019-03-14 20:49:23) 
-- CODE:
print("Adicao: ", 5 + 3)

print("Subtracao: ",11-3)

print("Multiplicacao: ", 2*4)

print("Divisao: ", 16/2)

print("Resto: ", 8)

print("Potenciacao: ", 2**3)
-- OUTPUT:
Adicao:  8
Subtracao:  8
Multiplicacao:  8
Divisao:  8.0
Resto:  8
Potenciacao:  8
*-*-*-*-*-*-*-*-*-*-*-*-*-*-*-*-*-*-*-*-*-*-*-*
== SUBMITION (2019-03-14 20:49:25) 
-- CODE:
print("Adicao: ", 5 + 3)

print("Subtracao: ",11-3)

print("Multiplicacao: ", 2*4)

print("Divisao: ", 16/2)

print("Resto: ", 8)

print("Potenciacao: ", 2**3)
-- EXECUTION TIME:
0.154612
-- TEST CASE 1:
---- input:
xxx
---- correct output:
Adicao:  8
Subtracao:  8
Multiplicacao:  8
Divisao:  8.0
Resto:  8
Potenciacao:  8
---- user output:
Adicao:  8
Subtracao:  8
Multiplicacao:  8
Divisao:  8.0
Resto:  8
Potenciacao:  8
-- GRADE:
100%
*-*-*-*-*-*-*-*-*-*-*-*-*-*-*-*-*-*-*-*-*-*-*-*
