== TEST (2019-07-01 21:28:25) 
-- CODE:
from numpy import *

tabela = array(eval(input()), dtype=int)

#numero de linhas
n = tabela.shape[0]
horas = zeros(7, dtype=int)

for i in range(7):
	horas[i] = sum(tabela[:][i])
	
print(horas)

-- ERROR:
Traceback (most recent call last):
  File "XXXX", line 1, in <module>
    from numpy import *
ModuleNotFoundError: No module named 'numpy'
*-*-*-*-*-*-*-*-*-*-*-*-*-*-*-*-*-*-*-*-*-*-*-*
== TEST (2019-07-01 21:30:47) 
-- CODE:
from numpy import *

tabela = array(eval(input()), dtype=int)

#numero de linhas
horas = zeros(7, dtype=int)

for i in range(7):
	horas[i] = sum(tabela[:][i])
	
print(horas)

-- ERROR:
Traceback (most recent call last):
  File "XXXX", line 1, in <module>
    from numpy import *
ModuleNotFoundError: No module named 'numpy'
*-*-*-*-*-*-*-*-*-*-*-*-*-*-*-*-*-*-*-*-*-*-*-*
== TEST (2019-07-01 21:31:02) 
-- CODE:
from numpy import *

tabela = array(eval(input()), dtype=int)

#numero de linhas
horas = zeros(7, dtype=int)


	
print(tabela[:][0])

-- ERROR:
Traceback (most recent call last):
  File "XXXX", line 1, in <module>
    from numpy import *
ModuleNotFoundError: No module named 'numpy'
*-*-*-*-*-*-*-*-*-*-*-*-*-*-*-*-*-*-*-*-*-*-*-*
== TEST (2019-07-01 21:31:17) 
-- CODE:
from numpy import *

tabela = array(eval(input()), dtype=int)

#numero de linhas
horas = zeros(7, dtype=int)


	
print(tabela[:][0])

-- ERROR:
Traceback (most recent call last):
  File "XXXX", line 1, in <module>
    from numpy import *
ModuleNotFoundError: No module named 'numpy'
*-*-*-*-*-*-*-*-*-*-*-*-*-*-*-*-*-*-*-*-*-*-*-*
== TEST (2019-07-01 21:32:25) 
-- CODE:
from numpy import *

tabela = array(eval(input()), dtype=int)

#numero de linhas
horas = zeros(7, dtype=int)


	
print(tabela)

-- ERROR:
Traceback (most recent call last):
  File "XXXX", line 1, in <module>
    from numpy import *
ModuleNotFoundError: No module named 'numpy'
*-*-*-*-*-*-*-*-*-*-*-*-*-*-*-*-*-*-*-*-*-*-*-*
== TEST (2019-07-01 21:32:56) 
-- CODE:
from numpy import *

tabela = array(eval(input()), dtype=int)

#numero de linhas
horas = zeros(7, dtype=int)


	
print(tabela[:][0])

-- ERROR:
Traceback (most recent call last):
  File "XXXX", line 1, in <module>
    from numpy import *
ModuleNotFoundError: No module named 'numpy'
*-*-*-*-*-*-*-*-*-*-*-*-*-*-*-*-*-*-*-*-*-*-*-*
== TEST (2019-07-01 21:33:12) 
-- CODE:
from numpy import *

tabela = array(eval(input()), dtype=int)

#numero de linhas
horas = zeros(7, dtype=int)


	
print(tabela[0])

-- ERROR:
Traceback (most recent call last):
  File "XXXX", line 1, in <module>
    from numpy import *
ModuleNotFoundError: No module named 'numpy'
*-*-*-*-*-*-*-*-*-*-*-*-*-*-*-*-*-*-*-*-*-*-*-*
== TEST (2019-07-01 21:33:35) 
-- CODE:
from numpy import *

#tabela = array(eval(input()), dtype=int)
tabela = array([[2, 2, 3, 4, 5, 8, 8], [7, 7, 4, 3, 3, 4, 4], [3, 3, 4, 3, 3, 2, 2], [9, 9, 4, 7, 3, 4, 1]])
#numero de linhas
horas = zeros(7, dtype=int)


	
print(tabela[0])

-- ERROR:
Traceback (most recent call last):
  File "XXXX", line 1, in <module>
    from numpy import *
ModuleNotFoundError: No module named 'numpy'
*-*-*-*-*-*-*-*-*-*-*-*-*-*-*-*-*-*-*-*-*-*-*-*
== TEST (2019-07-01 21:33:41) 
-- CODE:
from numpy import *

#tabela = array(eval(input()), dtype=int)
tabela = array([[2, 2, 3, 4, 5, 8, 8], [7, 7, 4, 3, 3, 4, 4], [3, 3, 4, 3, 3, 2, 2], [9, 9, 4, 7, 3, 4, 1]])
#numero de linhas
horas = zeros(7, dtype=int)


	
print(tabela[0][0])

-- ERROR:
Traceback (most recent call last):
  File "XXXX", line 1, in <module>
    from numpy import *
ModuleNotFoundError: No module named 'numpy'
*-*-*-*-*-*-*-*-*-*-*-*-*-*-*-*-*-*-*-*-*-*-*-*
== TEST (2019-07-01 21:33:53) 
-- CODE:
from numpy import *

#tabela = array(eval(input()), dtype=int)
tabela = array([[2, 2, 3, 4, 5, 8, 8], [7, 7, 4, 3, 3, 4, 4], [3, 3, 4, 3, 3, 2, 2], [9, 9, 4, 7, 3, 4, 1]])
#numero de linhas
horas = zeros(7, dtype=int)


	
print(tabela[0][:])

-- ERROR:
Traceback (most recent call last):
  File "XXXX", line 1, in <module>
    from numpy import *
ModuleNotFoundError: No module named 'numpy'
*-*-*-*-*-*-*-*-*-*-*-*-*-*-*-*-*-*-*-*-*-*-*-*
== TEST (2019-07-01 21:34:09) 
-- CODE:
from numpy import *

#tabela = array(eval(input()), dtype=int)
tabela = array([[2, 2, 3, 4, 5, 8, 8], [7, 7, 4, 3, 3, 4, 4], [3, 3, 4, 3, 3, 2, 2], [9, 9, 4, 7, 3, 4, 1]])
#numero de linhas
horas = zeros(7, dtype=int)


	
print(tabela[:][0])

-- ERROR:
Traceback (most recent call last):
  File "XXXX", line 1, in <module>
    from numpy import *
ModuleNotFoundError: No module named 'numpy'
*-*-*-*-*-*-*-*-*-*-*-*-*-*-*-*-*-*-*-*-*-*-*-*
== TEST (2019-07-01 21:34:59) 
-- CODE:
from numpy import *

#tabela = array(eval(input()), dtype=int)
tabela = array([[2, 2, 3, 4, 5, 8, 8], [7, 7, 4, 3, 3, 4, 4], [3, 3, 4, 3, 3, 2, 2], [9, 9, 4, 7, 3, 4, 1]])
#numero de linhas
n = tabela.shape[0]
horas = zeros(7, dtype=int)

print9n

-- ERROR:
Traceback (most recent call last):
  File "XXXX", line 1, in <module>
    from numpy import *
ModuleNotFoundError: No module named 'numpy'
*-*-*-*-*-*-*-*-*-*-*-*-*-*-*-*-*-*-*-*-*-*-*-*
== TEST (2019-07-01 21:35:05) 
-- CODE:
from numpy import *

#tabela = array(eval(input()), dtype=int)
tabela = array([[2, 2, 3, 4, 5, 8, 8], [7, 7, 4, 3, 3, 4, 4], [3, 3, 4, 3, 3, 2, 2], [9, 9, 4, 7, 3, 4, 1]])
#numero de linhas
n = tabela.shape[0]
horas = zeros(7, dtype=int)

print(n)

-- ERROR:
Traceback (most recent call last):
  File "XXXX", line 1, in <module>
    from numpy import *
ModuleNotFoundError: No module named 'numpy'
*-*-*-*-*-*-*-*-*-*-*-*-*-*-*-*-*-*-*-*-*-*-*-*
== TEST (2019-07-01 21:46:59) 
-- CODE:
from numpy import *

#tabela = array(eval(input()), dtype=int)
tabela = array([[2, 2, 3, 4, 5, 8, 8], [7, 7, 4, 3, 3, 4, 4], [3, 3, 4, 3, 3, 2, 2], [9, 9, 4, 7, 3, 4, 1]])
#numero de linhas
n = tabela.shape[0]
horas = zeros(7, dtype=int)

for i in range(7):
	horas[i] = sum(horas[:,i])
print(horas)
		

-- ERROR:
Traceback (most recent call last):
  File "XXXX", line 1, in <module>
    from numpy import *
ModuleNotFoundError: No module named 'numpy'
*-*-*-*-*-*-*-*-*-*-*-*-*-*-*-*-*-*-*-*-*-*-*-*
== TEST (2019-07-01 21:48:04) 
-- CODE:
from numpy import *

#tabela = array(eval(input()), dtype=int)
tabela = array([[2, 2, 3, 4, 5, 8, 8], [7, 7, 4, 3, 3, 4, 4], [3, 3, 4, 3, 3, 2, 2], [9, 9, 4, 7, 3, 4, 1]])
#numero de linhas
n = tabela.shape[0]
horas = zeros(7, dtype=int)

for i in range(7):
	horas[i] = sum(tabela[:,i])
print(horas)
		

-- ERROR:
Traceback (most recent call last):
  File "XXXX", line 1, in <module>
    from numpy import *
ModuleNotFoundError: No module named 'numpy'
*-*-*-*-*-*-*-*-*-*-*-*-*-*-*-*-*-*-*-*-*-*-*-*
== TEST (2019-07-01 21:49:30) 
-- CODE:
from numpy import *

#tabela = array(eval(input()), dtype=int)
tabela = array([[2, 2, 3, 4, 5, 8, 8], [7, 7, 4, 3, 3, 4, 4], [3, 3, 4, 3, 3, 2, 2], [9, 9, 4, 7, 3, 4, 1]])
#numero de linhas
n = tabela.shape[0]
horas = zeros(7, dtype=int)

for i in range(7):
	horas[i] = sum(tabela[:,i])


print(horas.index(max(horas)))

-- ERROR:
Traceback (most recent call last):
  File "XXXX", line 1, in <module>
    from numpy import *
ModuleNotFoundError: No module named 'numpy'
*-*-*-*-*-*-*-*-*-*-*-*-*-*-*-*-*-*-*-*-*-*-*-*
== TEST (2019-07-01 21:50:38) 
-- CODE:
from numpy import *

#tabela = array(eval(input()), dtype=int)
tabela = array([[2, 2, 3, 4, 5, 8, 8], [7, 7, 4, 3, 3, 4, 4], [3, 3, 4, 3, 3, 2, 2], [9, 9, 4, 7, 3, 4, 1]])
#numero de linhas
n = tabela.shape[0]
horas = zeros(7, dtype=int)

for i in range(7):
	horas[i] = sum(tabela[:,i])

maior = max(horas)
for i in range(7):
	if(horas[i] == maior):
		print(i + 1)

-- ERROR:
Traceback (most recent call last):
  File "XXXX", line 1, in <module>
    from numpy import *
ModuleNotFoundError: No module named 'numpy'
*-*-*-*-*-*-*-*-*-*-*-*-*-*-*-*-*-*-*-*-*-*-*-*
== SUBMITION (2019-07-01 21:50:44) 
-- CODE:
from numpy import *

#tabela = array(eval(input()), dtype=int)
tabela = array([[2, 2, 3, 4, 5, 8, 8], [7, 7, 4, 3, 3, 4, 4], [3, 3, 4, 3, 3, 2, 2], [9, 9, 4, 7, 3, 4, 1]])
#numero de linhas
n = tabela.shape[0]
horas = zeros(7, dtype=int)

for i in range(7):
	horas[i] = sum(tabela[:,i])

maior = max(horas)
for i in range(7):
	if(horas[i] == maior):
		print(i + 1)

-- EXECUTION TIME:
1.12698
-- TEST CASE 1:
---- input:
[[4,4,4,4,4,4,4],[3,3,3,3,3,3,3],[6,6,6,6,6,6,6],[1,2,1,2,1,2,7],[9,8,9,3,4,6,8],[5,6,5,6,5,6,8],[2,1,2,3,6,5,2]]
---- correct output:
7
---- user output:
1
2
-- TEST CASE 2:
---- input:
[[9,8,8,5,3,2,4],[9,9,2,4,5,6,7],[7,8,6,4,3,5,6],[9,9,8,8,8,8,8],[6,6,1,2,1,2,1],[5,6,4,3,4,3,2],[5,9,3,4,5,6,8],[8,7,8,5,6,5,2],[4,9,5,6,8,7,2]]
---- correct output:
2
---- user output:
1
2
-- TEST CASE 3:
---- input:
[[1,1,7,9,9,9,9],[1,2,7,5,5,5,5],[2,3,7,4,4,4,4],[2,4,7,6,6,6,6],[2,6,6,3,4,3,2],[6,5,6,4,5,6,8],[8,7,7,5,6,5,2],[7,8,9,6,8,7,2]]
---- correct output:
3
---- user output:
1
2
-- GRADE:
0%
*-*-*-*-*-*-*-*-*-*-*-*-*-*-*-*-*-*-*-*-*-*-*-*
== SUBMITION (2019-07-01 21:51:00) 
-- CODE:
from numpy import *

tabela = array(eval(input()), dtype=int)

#numero de linhas
n = tabela.shape[0]
horas = zeros(7, dtype=int)

for i in range(7):
	horas[i] = sum(tabela[:,i])

maior = max(horas)
for i in range(7):
	if(horas[i] == maior):
		print(i + 1)

-- EXECUTION TIME:
1.20976
-- TEST CASE 1:
---- input:
[[4,4,4,4,4,4,4],[3,3,3,3,3,3,3],[6,6,6,6,6,6,6],[1,2,1,2,1,2,7],[9,8,9,3,4,6,8],[5,6,5,6,5,6,8],[2,1,2,3,6,5,2]]
---- correct output:
7
---- user output:
7
-- TEST CASE 2:
---- input:
[[9,8,8,5,3,2,4],[9,9,2,4,5,6,7],[7,8,6,4,3,5,6],[9,9,8,8,8,8,8],[6,6,1,2,1,2,1],[5,6,4,3,4,3,2],[5,9,3,4,5,6,8],[8,7,8,5,6,5,2],[4,9,5,6,8,7,2]]
---- correct output:
2
---- user output:
2
-- TEST CASE 3:
---- input:
[[1,1,7,9,9,9,9],[1,2,7,5,5,5,5],[2,3,7,4,4,4,4],[2,4,7,6,6,6,6],[2,6,6,3,4,3,2],[6,5,6,4,5,6,8],[8,7,7,5,6,5,2],[7,8,9,6,8,7,2]]
---- correct output:
3
---- user output:
3
-- GRADE:
100%
*-*-*-*-*-*-*-*-*-*-*-*-*-*-*-*-*-*-*-*-*-*-*-*
