2019-3-21 12:53:38.357#viewportChange#0
2019-3-21 12:53:48.193#mousedown#{"isTrusted":true}
2019-3-21 12:53:48.205#focus#
2019-3-21 12:53:57.544#change#{"from":{"line":3,"ch":0,"sticky":"after","xRel":32.5625},"to":{"line":3,"ch":0,"sticky":"after","xRel":32.5625},"text":["f"],"removed":[""],"origin":"+input"}
2019-3-21 12:53:57.771#change#{"from":{"line":3,"ch":1,"sticky":null},"to":{"line":3,"ch":1,"sticky":null},"text":["r"],"removed":[""],"origin":"+input"}
2019-3-21 12:53:57.948#change#{"from":{"line":3,"ch":2,"sticky":null},"to":{"line":3,"ch":2,"sticky":null},"text":["a"],"removed":[""],"origin":"+input"}
2019-3-21 12:53:58.029#change#{"from":{"line":3,"ch":3,"sticky":null},"to":{"line":3,"ch":3,"sticky":null},"text":["s"],"removed":[""],"origin":"+input"}
2019-3-21 12:53:58.401#change#{"from":{"line":3,"ch":4,"sticky":null},"to":{"line":3,"ch":4,"sticky":null},"text":["e"],"removed":[""],"origin":"+input"}
2019-3-21 12:53:58.947#change#{"from":{"line":3,"ch":5,"sticky":null},"to":{"line":3,"ch":5,"sticky":null},"text":[" "],"removed":[""],"origin":"+input"}
2019-3-21 12:53:59.362#change#{"from":{"line":3,"ch":6,"sticky":null},"to":{"line":3,"ch":6,"sticky":null},"text":["="],"removed":[""],"origin":"+input"}
2019-3-21 12:53:59.542#change#{"from":{"line":3,"ch":7,"sticky":null},"to":{"line":3,"ch":7,"sticky":null},"text":[" "],"removed":[""],"origin":"+input"}
2019-3-21 12:54:01.011#change#{"from":{"line":3,"ch":8,"sticky":null},"to":{"line":3,"ch":8,"sticky":null},"text":["s"],"removed":[""],"origin":"+input"}
2019-3-21 12:54:02.878#change#{"from":{"line":3,"ch":9,"sticky":null},"to":{"line":3,"ch":9,"sticky":null},"text":["t"],"removed":[""],"origin":"+input"}
2019-3-21 12:54:03.056#change#{"from":{"line":3,"ch":10,"sticky":null},"to":{"line":3,"ch":10,"sticky":null},"text":["r"],"removed":[""],"origin":"+input"}
2019-3-21 12:54:03.904#change#{"from":{"line":3,"ch":11,"sticky":null},"to":{"line":3,"ch":11,"sticky":null},"text":["i"],"removed":[""],"origin":"+input"}
2019-3-21 12:54:04.147#change#{"from":{"line":3,"ch":12,"sticky":null},"to":{"line":3,"ch":12,"sticky":null},"text":["n"],"removed":[""],"origin":"+input"}
2019-3-21 12:54:04.324#change#{"from":{"line":3,"ch":13,"sticky":null},"to":{"line":3,"ch":13,"sticky":null},"text":["g"],"removed":[""],"origin":"+input"}
2019-3-21 12:54:04.845#change#{"from":{"line":3,"ch":13,"sticky":"after"},"to":{"line":3,"ch":14,"sticky":null},"text":[""],"removed":["g"],"origin":"+delete"}
2019-3-21 12:54:04.845#keyHandled#"Backspace"
2019-3-21 12:54:05.027#change#{"from":{"line":3,"ch":12,"sticky":"after"},"to":{"line":3,"ch":13,"sticky":null},"text":[""],"removed":["n"],"origin":"+delete"}
2019-3-21 12:54:05.027#keyHandled#"Backspace"
2019-3-21 12:54:05.264#change#{"from":{"line":3,"ch":11,"sticky":"after"},"to":{"line":3,"ch":12,"sticky":null},"text":[""],"removed":["i"],"origin":"+delete"}
2019-3-21 12:54:05.264#keyHandled#"Backspace"
2019-3-21 12:54:06.510#change#{"from":{"line":3,"ch":11,"sticky":null},"to":{"line":3,"ch":11,"sticky":null},"text":["()"],"removed":[""],"origin":"+input"}
2019-3-21 12:54:06.510#keyHandled#"'('"
2019-3-21 12:54:08.816#change#{"from":{"line":3,"ch":12,"sticky":"after"},"to":{"line":3,"ch":12,"sticky":"after"},"text":["\"\""],"removed":[""],"origin":"+input"}
2019-3-21 12:54:08.816#keyHandled#"'\"'"
2019-3-21 12:54:10.135#change#{"from":{"line":3,"ch":12,"sticky":null},"to":{"line":3,"ch":14,"sticky":null},"text":[""],"removed":["\"\""],"origin":"+delete"}
2019-3-21 12:54:10.135#keyHandled#"Backspace"
2019-3-21 12:54:11.067#change#{"from":{"line":3,"ch":12,"sticky":null},"to":{"line":3,"ch":12,"sticky":null},"text":["i"],"removed":[""],"origin":"+input"}
2019-3-21 12:54:11.269#change#{"from":{"line":3,"ch":13,"sticky":null},"to":{"line":3,"ch":13,"sticky":null},"text":["n"],"removed":[""],"origin":"+input"}
2019-3-21 12:54:11.848#change#{"from":{"line":3,"ch":14,"sticky":null},"to":{"line":3,"ch":14,"sticky":null},"text":["p"],"removed":[""],"origin":"+input"}
2019-3-21 12:54:12.085#change#{"from":{"line":3,"ch":15,"sticky":null},"to":{"line":3,"ch":15,"sticky":null},"text":["u"],"removed":[""],"origin":"+input"}
2019-3-21 12:54:12.283#change#{"from":{"line":3,"ch":16,"sticky":null},"to":{"line":3,"ch":16,"sticky":null},"text":["t"],"removed":[""],"origin":"+input"}
2019-3-21 12:54:13.303#change#{"from":{"line":3,"ch":17,"sticky":null},"to":{"line":3,"ch":17,"sticky":null},"text":["()"],"removed":[""],"origin":"+input"}
2019-3-21 12:54:13.303#keyHandled#"'('"
2019-3-21 12:54:15.998#change#{"from":{"line":3,"ch":18,"sticky":"after"},"to":{"line":3,"ch":18,"sticky":"after"},"text":["\"\""],"removed":[""],"origin":"+input"}
2019-3-21 12:54:15.998#keyHandled#"'\"'"
2019-3-21 12:54:16.842#change#{"from":{"line":3,"ch":19,"sticky":"after"},"to":{"line":3,"ch":19,"sticky":"after"},"text":["f"],"removed":[""],"origin":"+input"}
2019-3-21 12:54:16.962#change#{"from":{"line":3,"ch":20,"sticky":null},"to":{"line":3,"ch":20,"sticky":null},"text":["r"],"removed":[""],"origin":"+input"}
2019-3-21 12:54:17.145#change#{"from":{"line":3,"ch":21,"sticky":null},"to":{"line":3,"ch":21,"sticky":null},"text":["a"],"removed":[""],"origin":"+input"}
2019-3-21 12:54:17.334#change#{"from":{"line":3,"ch":22,"sticky":null},"to":{"line":3,"ch":22,"sticky":null},"text":["s"],"removed":[""],"origin":"+input"}
2019-3-21 12:54:17.552#change#{"from":{"line":3,"ch":23,"sticky":null},"to":{"line":3,"ch":23,"sticky":null},"text":["e"],"removed":[""],"origin":"+input"}
2019-3-21 12:54:18.458#change#{"from":{"line":3,"ch":24,"sticky":null},"to":{"line":3,"ch":24,"sticky":null},"text":[":"],"removed":[""],"origin":"+input"}
2019-3-21 12:54:18.713#change#{"from":{"line":3,"ch":25,"sticky":null},"to":{"line":3,"ch":25,"sticky":null},"text":[" "],"removed":[""],"origin":"+input"}
2019-3-21 12:54:19.308#keyHandled#"Down"
2019-3-21 12:54:20.229#change#{"from":{"line":3,"ch":29,"sticky":null,"xRel":1,"outside":true,"hitSide":true},"to":{"line":3,"ch":29,"sticky":null,"xRel":1,"outside":true,"hitSide":true},"text":["",""],"removed":[""],"origin":"+input"}
2019-3-21 12:54:20.229#keyHandled#"Enter"
2019-3-21 12:54:20.233#viewportChange#0
2019-3-21 12:54:27.034#change#{"from":{"line":4,"ch":0,"sticky":null},"to":{"line":4,"ch":0,"sticky":null},"text":["p"],"removed":[""],"origin":"+input"}
2019-3-21 12:54:27.238#change#{"from":{"line":4,"ch":1,"sticky":null},"to":{"line":4,"ch":1,"sticky":null},"text":["r"],"removed":[""],"origin":"+input"}
2019-3-21 12:54:27.379#change#{"from":{"line":4,"ch":2,"sticky":null},"to":{"line":4,"ch":2,"sticky":null},"text":["i"],"removed":[""],"origin":"+input"}
2019-3-21 12:54:27.598#change#{"from":{"line":4,"ch":3,"sticky":null},"to":{"line":4,"ch":3,"sticky":null},"text":["n"],"removed":[""],"origin":"+input"}
2019-3-21 12:54:27.743#change#{"from":{"line":4,"ch":4,"sticky":null},"to":{"line":4,"ch":4,"sticky":null},"text":["t"],"removed":[""],"origin":"+input"}
2019-3-21 12:54:29.649#change#{"from":{"line":4,"ch":5,"sticky":null},"to":{"line":4,"ch":5,"sticky":null},"text":["()"],"removed":[""],"origin":"+input"}
2019-3-21 12:54:29.649#keyHandled#"'('"
2019-3-21 12:54:43.939#change#{"from":{"line":4,"ch":6,"sticky":"after"},"to":{"line":4,"ch":6,"sticky":"after"},"text":["f"],"removed":[""],"origin":"+input"}
2019-3-21 12:54:44.682#change#{"from":{"line":4,"ch":7,"sticky":null},"to":{"line":4,"ch":7,"sticky":null},"text":["r"],"removed":[""],"origin":"+input"}
2019-3-21 12:54:44.847#change#{"from":{"line":4,"ch":8,"sticky":null},"to":{"line":4,"ch":8,"sticky":null},"text":["a"],"removed":[""],"origin":"+input"}
2019-3-21 12:54:44.983#change#{"from":{"line":4,"ch":9,"sticky":null},"to":{"line":4,"ch":9,"sticky":null},"text":["s"],"removed":[""],"origin":"+input"}
2019-3-21 12:54:45.233#change#{"from":{"line":4,"ch":10,"sticky":null},"to":{"line":4,"ch":10,"sticky":null},"text":["e"],"removed":[""],"origin":"+input"}
2019-3-21 12:54:46.923#change#{"from":{"line":4,"ch":11,"sticky":null},"to":{"line":4,"ch":11,"sticky":null},"text":["."],"removed":[""],"origin":"+input"}
2019-3-21 12:54:47.371#change#{"from":{"line":4,"ch":12,"sticky":null},"to":{"line":4,"ch":12,"sticky":null},"text":["i"],"removed":[""],"origin":"+input"}
2019-3-21 12:54:47.808#change#{"from":{"line":4,"ch":12,"sticky":"after"},"to":{"line":4,"ch":13,"sticky":null},"text":[""],"removed":["i"],"origin":"+delete"}
2019-3-21 12:54:47.808#keyHandled#"Backspace"
2019-3-21 12:54:48.648#change#{"from":{"line":4,"ch":12,"sticky":null},"to":{"line":4,"ch":12,"sticky":null},"text":["u"],"removed":[""],"origin":"+input"}
2019-3-21 12:54:49.542#change#{"from":{"line":4,"ch":13,"sticky":null},"to":{"line":4,"ch":13,"sticky":null},"text":["p"],"removed":[""],"origin":"+input"}
2019-3-21 12:54:49.711#change#{"from":{"line":4,"ch":14,"sticky":null},"to":{"line":4,"ch":14,"sticky":null},"text":["p"],"removed":[""],"origin":"+input"}
2019-3-21 12:54:49.800#change#{"from":{"line":4,"ch":15,"sticky":null},"to":{"line":4,"ch":15,"sticky":null},"text":["r"],"removed":[""],"origin":"+input"}
2019-3-21 12:54:49.896#change#{"from":{"line":4,"ch":16,"sticky":null},"to":{"line":4,"ch":16,"sticky":null},"text":["t"],"removed":[""],"origin":"+input"}
2019-3-21 12:54:50.711#change#{"from":{"line":4,"ch":16,"sticky":"after"},"to":{"line":4,"ch":17,"sticky":null},"text":[""],"removed":["t"],"origin":"+delete"}
2019-3-21 12:54:50.711#keyHandled#"Backspace"
2019-3-21 12:54:50.913#change#{"from":{"line":4,"ch":15,"sticky":"after"},"to":{"line":4,"ch":16,"sticky":null},"text":[""],"removed":["r"],"origin":"+delete"}
2019-3-21 12:54:50.913#keyHandled#"Backspace"
2019-3-21 12:54:52.050#change#{"from":{"line":4,"ch":15,"sticky":null},"to":{"line":4,"ch":15,"sticky":null},"text":["e"],"removed":[""],"origin":"+input"}
2019-3-21 12:54:52.140#change#{"from":{"line":4,"ch":16,"sticky":null},"to":{"line":4,"ch":16,"sticky":null},"text":["r"],"removed":[""],"origin":"+input"}
2019-3-21 12:54:53.000#change#{"from":{"line":4,"ch":17,"sticky":null},"to":{"line":4,"ch":17,"sticky":null},"text":["()"],"removed":[""],"origin":"+input"}
2019-3-21 12:54:53.000#keyHandled#"'('"
2019-3-21 12:54:53.000#change#{"from":{"line":4,"ch":17,"sticky":null},"to":{"line":4,"ch":17,"sticky":null},"text":["()"],"removed":[""],"origin":"+input"}
2019-3-21 12:54:53.000#keyHandled#"'('"
2019-3-21 12:54:57.766#blur#
2019-3-21 12:54:58.976#saida_testar#$ python3 main.py
