== TEST (2019-05-30 14:31:43) 
-- CODE:
from numpy import*
p = array(eval(input("")))
f = array(eval(input("")))
k = (p[i]-f[i])
print(k[i])
-- ERROR:
Traceback (most recent call last):
  File "XXXX", line 1, in <module>
    from numpy import*
ModuleNotFoundError: No module named 'numpy'
*-*-*-*-*-*-*-*-*-*-*-*-*-*-*-*-*-*-*-*-*-*-*-*
== TEST (2019-05-30 14:31:56) 
-- CODE:
from numpy import*
p = array(eval(input("")))
f = array(eval(input("")))
k = (p[i]-f[i])
print(k)
-- ERROR:
Traceback (most recent call last):
  File "XXXX", line 1, in <module>
    from numpy import*
ModuleNotFoundError: No module named 'numpy'
*-*-*-*-*-*-*-*-*-*-*-*-*-*-*-*-*-*-*-*-*-*-*-*
== TEST (2019-05-30 14:32:21) 
-- CODE:
from numpy import*
p = array(eval(input("")))
f = array(eval(input("")))
k = (p-f)
print(k)
-- ERROR:
Traceback (most recent call last):
  File "XXXX", line 1, in <module>
    from numpy import*
ModuleNotFoundError: No module named 'numpy'
*-*-*-*-*-*-*-*-*-*-*-*-*-*-*-*-*-*-*-*-*-*-*-*
== TEST (2019-05-30 14:32:26) 
-- CODE:
from numpy import*
p = array(eval(input("")))
f = array(eval(input("")))
k = (p-f)
print(k)
-- ERROR:
Traceback (most recent call last):
  File "XXXX", line 1, in <module>
    from numpy import*
ModuleNotFoundError: No module named 'numpy'
*-*-*-*-*-*-*-*-*-*-*-*-*-*-*-*-*-*-*-*-*-*-*-*
== TEST (2019-05-30 14:32:35) 
-- CODE:
from numpy import*
p = array(eval(input("")))
f = array(eval(input("")))
k = (p-f)
print(k)
-- ERROR:
Traceback (most recent call last):
  File "XXXX", line 1, in <module>
    from numpy import*
ModuleNotFoundError: No module named 'numpy'
*-*-*-*-*-*-*-*-*-*-*-*-*-*-*-*-*-*-*-*-*-*-*-*
== TEST (2019-05-30 14:38:53) 
-- CODE:
from numpy import*
p = array(eval(input("")))
f = array(eval(input("")))
k = (p-f)
i = 0 
a = 1
while (i < size(k) and k[i] != max(k)):
		 a = a + 1 
		 i = i + 1
print(a)
-- ERROR:
Traceback (most recent call last):
  File "XXXX", line 1, in <module>
    from numpy import*
ModuleNotFoundError: No module named 'numpy'
*-*-*-*-*-*-*-*-*-*-*-*-*-*-*-*-*-*-*-*-*-*-*-*
== SUBMITION (2019-05-30 14:40:08) 
-- CODE:
from numpy import*
p = array(eval(input("")))
f = array(eval(input("")))
k = (p-f)
i = 0 
a = 1
while (i < size(k) and k[i] != max(k)):
		 a = a + 1 
		 i = i + 1
print(a)
-- EXECUTION TIME:
0.523689
-- TEST CASE 1:
---- input:
[10,20,30,40,50,60,70,80,90,100,110,12]
[5,6,7,8,9,10,11,12,13,1,15,12]
---- correct output:
10
---- user output:
10
-- TEST CASE 2:
---- input:
[10,20,30,40,50,60,70,80,90,100,11,12]
[5,6,7,8,9,10,11,12,3,14,11,12]
---- correct output:
9
---- user output:
9
-- GRADE:
100%
*-*-*-*-*-*-*-*-*-*-*-*-*-*-*-*-*-*-*-*-*-*-*-*
