2019-3-30 21:29:12.970#viewportChange#0
2019-3-30 21:29:18.211#mousedown#{"isTrusted":true}
2019-3-30 21:29:20.134#mousedown#{"isTrusted":true}
2019-3-30 21:29:24.004#mousedown#{"isTrusted":true}
2019-3-30 21:29:24.024#focus#
2019-3-30 21:29:27.330#blur#
2019-3-30 21:29:28.061#mousedown#{"isTrusted":true}
2019-3-30 21:29:28.066#focus#
2019-3-30 21:39:16.906#keyHandled#"Up"
2019-3-30 21:39:17.354#keyHandled#"Up"
2019-3-30 21:39:17.537#keyHandled#"Up"
2019-3-30 21:39:17.767#keyHandled#"Up"
2019-3-30 21:39:24.399#mousedown#{"isTrusted":true}
2019-3-30 21:39:25.384#mousedown#{"isTrusted":true}
2019-3-30 21:39:53.609#blur#
2019-3-30 21:51:32.516#mousedown#{"isTrusted":true}
2019-3-30 21:51:32.538#focus#
2019-3-30 21:51:51.759#blur#
2019-3-30 21:54:49.198#mousedown#{"isTrusted":true}
2019-3-30 21:54:49.207#focus#
2019-3-30 21:54:54.184#change#{"from":{"line":3,"ch":0,"sticky":"after","xRel":66.73956298828125},"to":{"line":3,"ch":0,"sticky":"after","xRel":66.73956298828125},"text":["I"],"removed":[""],"origin":"+input"}
2019-3-30 21:54:54.323#change#{"from":{"line":3,"ch":1,"sticky":null},"to":{"line":3,"ch":1,"sticky":null},"text":["N"],"removed":[""],"origin":"+input"}
2019-3-30 21:54:54.784#change#{"from":{"line":3,"ch":2,"sticky":null},"to":{"line":3,"ch":2,"sticky":null},"text":["P"],"removed":[""],"origin":"+input"}
2019-3-30 21:54:55.172#change#{"from":{"line":3,"ch":3,"sticky":null},"to":{"line":3,"ch":3,"sticky":null},"text":["U"],"removed":[""],"origin":"+input"}
2019-3-30 21:54:55.405#change#{"from":{"line":3,"ch":4,"sticky":null},"to":{"line":3,"ch":4,"sticky":null},"text":["T"],"removed":[""],"origin":"+input"}
2019-3-30 21:54:56.348#change#{"from":{"line":3,"ch":4,"sticky":"after"},"to":{"line":3,"ch":5,"sticky":null},"text":[""],"removed":["T"],"origin":"+delete"}
2019-3-30 21:54:56.348#keyHandled#"Backspace"
2019-3-30 21:54:56.571#change#{"from":{"line":3,"ch":3,"sticky":"after"},"to":{"line":3,"ch":4,"sticky":null},"text":[""],"removed":["U"],"origin":"+delete"}
2019-3-30 21:54:56.571#keyHandled#"Backspace"
2019-3-30 21:54:56.771#change#{"from":{"line":3,"ch":2,"sticky":"after"},"to":{"line":3,"ch":3,"sticky":null},"text":[""],"removed":["P"],"origin":"+delete"}
2019-3-30 21:54:56.771#keyHandled#"Backspace"
2019-3-30 21:54:56.963#change#{"from":{"line":3,"ch":1,"sticky":"after"},"to":{"line":3,"ch":2,"sticky":null},"text":[""],"removed":["N"],"origin":"+delete"}
2019-3-30 21:54:56.964#keyHandled#"Backspace"
2019-3-30 21:54:57.195#change#{"from":{"line":3,"ch":0,"sticky":"after"},"to":{"line":3,"ch":1,"sticky":null},"text":[""],"removed":["I"],"origin":"+delete"}
2019-3-30 21:54:57.195#keyHandled#"Backspace"
2019-3-30 21:54:58.653#change#{"from":{"line":3,"ch":0,"sticky":null},"to":{"line":3,"ch":0,"sticky":null},"text":["i"],"removed":[""],"origin":"+input"}
2019-3-30 21:54:58.852#change#{"from":{"line":3,"ch":1,"sticky":null},"to":{"line":3,"ch":1,"sticky":null},"text":["n"],"removed":[""],"origin":"+input"}
2019-3-30 21:54:59.222#change#{"from":{"line":3,"ch":2,"sticky":null},"to":{"line":3,"ch":2,"sticky":null},"text":["p"],"removed":[""],"origin":"+input"}
2019-3-30 21:54:59.463#change#{"from":{"line":3,"ch":3,"sticky":null},"to":{"line":3,"ch":3,"sticky":null},"text":["u"],"removed":[""],"origin":"+input"}
2019-3-30 21:55:00.728#change#{"from":{"line":3,"ch":4,"sticky":null},"to":{"line":3,"ch":4,"sticky":null},"text":["u"],"removed":[""],"origin":"+input"}
2019-3-30 21:55:01.097#change#{"from":{"line":3,"ch":5,"sticky":null},"to":{"line":3,"ch":5,"sticky":null},"text":["t"],"removed":[""],"origin":"+input"}
2019-3-30 21:55:02.404#change#{"from":{"line":3,"ch":5,"sticky":"after"},"to":{"line":3,"ch":6,"sticky":null},"text":[""],"removed":["t"],"origin":"+delete"}
2019-3-30 21:55:02.404#keyHandled#"Backspace"
2019-3-30 21:55:02.604#change#{"from":{"line":3,"ch":4,"sticky":"after"},"to":{"line":3,"ch":5,"sticky":null},"text":[""],"removed":["u"],"origin":"+delete"}
2019-3-30 21:55:02.604#keyHandled#"Backspace"
2019-3-30 21:55:03.539#change#{"from":{"line":3,"ch":4,"sticky":null},"to":{"line":3,"ch":4,"sticky":null},"text":["t"],"removed":[""],"origin":"+input"}
2019-3-30 21:55:05.509#change#{"from":{"line":3,"ch":5,"sticky":null},"to":{"line":3,"ch":5,"sticky":null},"text":["()"],"removed":[""],"origin":"+input"}
2019-3-30 21:55:05.509#keyHandled#"'('"
2019-4-2 09:32:22.522#viewportChange#0
2019-4-2 09:36:54.810#mousedown#{"isTrusted":true}
2019-4-2 09:36:54.906#focus#
2019-4-2 09:36:55.621#change#{"from":{"line":3,"ch":6,"sticky":"after"},"to":{"line":3,"ch":7,"sticky":"before","xRel":36.73956298828125},"text":[""],"removed":[")"],"origin":"+delete"}
2019-4-2 09:36:55.621#keyHandled#"Backspace"
2019-4-2 09:36:55.818#change#{"from":{"line":3,"ch":5,"sticky":"after"},"to":{"line":3,"ch":6,"sticky":null},"text":[""],"removed":["("],"origin":"+delete"}
2019-4-2 09:36:55.819#keyHandled#"Backspace"
2019-4-2 09:36:56.003#change#{"from":{"line":3,"ch":4,"sticky":"after"},"to":{"line":3,"ch":5,"sticky":null},"text":[""],"removed":["t"],"origin":"+delete"}
2019-4-2 09:36:56.003#keyHandled#"Backspace"
2019-4-2 09:36:56.193#change#{"from":{"line":3,"ch":3,"sticky":"after"},"to":{"line":3,"ch":4,"sticky":null},"text":[""],"removed":["u"],"origin":"+delete"}
2019-4-2 09:36:56.193#keyHandled#"Backspace"
2019-4-2 09:36:56.361#change#{"from":{"line":3,"ch":2,"sticky":"after"},"to":{"line":3,"ch":3,"sticky":null},"text":[""],"removed":["p"],"origin":"+delete"}
2019-4-2 09:36:56.361#keyHandled#"Backspace"
2019-4-2 09:36:56.586#change#{"from":{"line":3,"ch":1,"sticky":"after"},"to":{"line":3,"ch":2,"sticky":null},"text":[""],"removed":["n"],"origin":"+delete"}
2019-4-2 09:36:56.586#keyHandled#"Backspace"
2019-4-2 09:36:56.985#change#{"from":{"line":3,"ch":0,"sticky":"after"},"to":{"line":3,"ch":1,"sticky":null},"text":[""],"removed":["i"],"origin":"+delete"}
2019-4-2 09:36:56.985#keyHandled#"Backspace"
2019-4-2 09:36:57.697#change#{"from":{"line":3,"ch":0,"sticky":null},"to":{"line":3,"ch":0,"sticky":null},"text":["n"],"removed":[""],"origin":"+input"}
2019-4-2 09:36:57.841#change#{"from":{"line":3,"ch":1,"sticky":null},"to":{"line":3,"ch":1,"sticky":null},"text":["r"],"removed":[""],"origin":"+input"}
2019-4-2 09:36:59.561#change#{"from":{"line":3,"ch":1,"sticky":"after"},"to":{"line":3,"ch":2,"sticky":null},"text":[""],"removed":["r"],"origin":"+delete"}
2019-4-2 09:36:59.561#keyHandled#"Backspace"
2019-4-2 09:37:00.056#change#{"from":{"line":3,"ch":1,"sticky":null},"to":{"line":3,"ch":1,"sticky":null},"text":["u"],"removed":[""],"origin":"+input"}
2019-4-2 09:37:00.566#change#{"from":{"line":3,"ch":2,"sticky":null},"to":{"line":3,"ch":2,"sticky":null},"text":["m"],"removed":[""],"origin":"+input"}
2019-4-2 09:37:01.717#change#{"from":{"line":3,"ch":3,"sticky":null},"to":{"line":3,"ch":3,"sticky":null},"text":[" "],"removed":[""],"origin":"+input"}
2019-4-2 09:37:02.413#change#{"from":{"line":3,"ch":4,"sticky":null},"to":{"line":3,"ch":4,"sticky":null},"text":["="],"removed":[""],"origin":"+input"}
2019-4-2 09:37:02.551#change#{"from":{"line":3,"ch":5,"sticky":null},"to":{"line":3,"ch":5,"sticky":null},"text":[" "],"removed":[""],"origin":"+input"}
2019-4-2 09:37:03.121#change#{"from":{"line":3,"ch":6,"sticky":null},"to":{"line":3,"ch":6,"sticky":null},"text":["i"],"removed":[""],"origin":"+input"}
2019-4-2 09:37:03.285#change#{"from":{"line":3,"ch":7,"sticky":null},"to":{"line":3,"ch":7,"sticky":null},"text":["n"],"removed":[""],"origin":"+input"}
2019-4-2 09:37:03.485#change#{"from":{"line":3,"ch":8,"sticky":null},"to":{"line":3,"ch":8,"sticky":null},"text":["t"],"removed":[""],"origin":"+input"}
2019-4-2 09:37:12.898#change#{"from":{"line":3,"ch":9,"sticky":null},"to":{"line":3,"ch":9,"sticky":null},"text":["()"],"removed":[""],"origin":"+input"}
2019-4-2 09:37:12.898#keyHandled#"'('"
2019-4-2 09:37:13.216#change#{"from":{"line":3,"ch":10,"sticky":"after"},"to":{"line":3,"ch":10,"sticky":"after"},"text":["i"],"removed":[""],"origin":"+input"}
2019-4-2 09:37:13.399#change#{"from":{"line":3,"ch":11,"sticky":null},"to":{"line":3,"ch":11,"sticky":null},"text":["n"],"removed":[""],"origin":"+input"}
2019-4-2 09:37:13.703#change#{"from":{"line":3,"ch":12,"sticky":null},"to":{"line":3,"ch":12,"sticky":null},"text":["p"],"removed":[""],"origin":"+input"}
2019-4-2 09:37:13.974#change#{"from":{"line":3,"ch":13,"sticky":null},"to":{"line":3,"ch":13,"sticky":null},"text":["p"],"removed":[""],"origin":"+input"}
2019-4-2 09:37:15.383#change#{"from":{"line":3,"ch":13,"sticky":"after"},"to":{"line":3,"ch":14,"sticky":null},"text":[""],"removed":["p"],"origin":"+delete"}
2019-4-2 09:37:15.383#keyHandled#"Backspace"
2019-4-2 09:37:15.849#change#{"from":{"line":3,"ch":13,"sticky":null},"to":{"line":3,"ch":13,"sticky":null},"text":["u"],"removed":[""],"origin":"+input"}
2019-4-2 09:37:16.351#change#{"from":{"line":3,"ch":14,"sticky":null},"to":{"line":3,"ch":14,"sticky":null},"text":["t"],"removed":[""],"origin":"+input"}
2019-4-2 09:37:17.138#change#{"from":{"line":3,"ch":15,"sticky":null},"to":{"line":3,"ch":15,"sticky":null},"text":["()"],"removed":[""],"origin":"+input"}
2019-4-2 09:37:17.138#keyHandled#"'('"
2019-4-2 09:37:19.465#change#{"from":{"line":3,"ch":16,"sticky":"after"},"to":{"line":3,"ch":16,"sticky":"after"},"text":["\"\""],"removed":[""],"origin":"+input"}
2019-4-2 09:37:19.465#keyHandled#"'\"'"
2019-4-2 09:37:20.446#change#{"from":{"line":3,"ch":17,"sticky":"after"},"to":{"line":3,"ch":17,"sticky":"after"},"text":["D"],"removed":[""],"origin":"+input"}
2019-4-2 09:37:20.638#change#{"from":{"line":3,"ch":18,"sticky":null},"to":{"line":3,"ch":18,"sticky":null},"text":["i"],"removed":[""],"origin":"+input"}
2019-4-2 09:37:22.058#change#{"from":{"line":3,"ch":18,"sticky":"after"},"to":{"line":3,"ch":19,"sticky":null},"text":[""],"removed":["i"],"origin":"+delete"}
2019-4-2 09:37:22.058#keyHandled#"Backspace"
2019-4-2 09:37:22.840#change#{"from":{"line":3,"ch":18,"sticky":null},"to":{"line":3,"ch":18,"sticky":null},"text":["I"],"removed":[""],"origin":"+input"}
2019-4-2 09:37:23.061#change#{"from":{"line":3,"ch":19,"sticky":null},"to":{"line":3,"ch":19,"sticky":null},"text":["G"],"removed":[""],"origin":"+input"}
2019-4-2 09:37:23.174#change#{"from":{"line":3,"ch":20,"sticky":null},"to":{"line":3,"ch":20,"sticky":null},"text":["I"],"removed":[""],"origin":"+input"}
2019-4-2 09:37:23.645#change#{"from":{"line":3,"ch":21,"sticky":null},"to":{"line":3,"ch":21,"sticky":null},"text":["T"],"removed":[""],"origin":"+input"}
2019-4-2 09:37:23.870#change#{"from":{"line":3,"ch":22,"sticky":null},"to":{"line":3,"ch":22,"sticky":null},"text":["E"],"removed":[""],"origin":"+input"}
2019-4-2 09:37:26.036#change#{"from":{"line":3,"ch":22,"sticky":"after"},"to":{"line":3,"ch":23,"sticky":null},"text":[""],"removed":["E"],"origin":"+delete"}
2019-4-2 09:37:26.036#keyHandled#"Backspace"
2019-4-2 09:37:26.772#change#{"from":{"line":3,"ch":22,"sticky":null},"to":{"line":3,"ch":22,"sticky":null},"text":["O"],"removed":[""],"origin":"+input"}
2019-4-2 09:37:27.039#change#{"from":{"line":3,"ch":23,"sticky":null},"to":{"line":3,"ch":23,"sticky":null},"text":[" "],"removed":[""],"origin":"+input"}
2019-4-2 09:37:27.262#change#{"from":{"line":3,"ch":24,"sticky":null},"to":{"line":3,"ch":24,"sticky":null},"text":["D"],"removed":[""],"origin":"+input"}
2019-4-2 09:37:27.345#change#{"from":{"line":3,"ch":25,"sticky":null},"to":{"line":3,"ch":25,"sticky":null},"text":["E"],"removed":[""],"origin":"+input"}
2019-4-2 09:37:27.448#change#{"from":{"line":3,"ch":26,"sticky":null},"to":{"line":3,"ch":26,"sticky":null},"text":[" "],"removed":[""],"origin":"+input"}
2019-4-2 09:37:28.560#change#{"from":{"line":3,"ch":27,"sticky":null},"to":{"line":3,"ch":27,"sticky":null},"text":["4"],"removed":[""],"origin":"+input"}
2019-4-2 09:37:28.739#change#{"from":{"line":3,"ch":28,"sticky":null},"to":{"line":3,"ch":28,"sticky":null},"text":[" "],"removed":[""],"origin":"+input"}
2019-4-2 09:37:29.313#change#{"from":{"line":3,"ch":29,"sticky":null},"to":{"line":3,"ch":29,"sticky":null},"text":["N"],"removed":[""],"origin":"+input"}
2019-4-2 09:37:29.523#change#{"from":{"line":3,"ch":30,"sticky":null},"to":{"line":3,"ch":30,"sticky":null},"text":["U"],"removed":[""],"origin":"+input"}
2019-4-2 09:37:29.776#change#{"from":{"line":3,"ch":31,"sticky":null},"to":{"line":3,"ch":31,"sticky":null},"text":["M"],"removed":[""],"origin":"+input"}
2019-4-2 09:37:29.927#change#{"from":{"line":3,"ch":32,"sticky":null},"to":{"line":3,"ch":32,"sticky":null},"text":["E"],"removed":[""],"origin":"+input"}
2019-4-2 09:37:30.018#change#{"from":{"line":3,"ch":33,"sticky":null},"to":{"line":3,"ch":33,"sticky":null},"text":["R"],"removed":[""],"origin":"+input"}
2019-4-2 09:37:30.191#change#{"from":{"line":3,"ch":34,"sticky":null},"to":{"line":3,"ch":34,"sticky":null},"text":["O"],"removed":[""],"origin":"+input"}
2019-4-2 09:37:30.350#change#{"from":{"line":3,"ch":35,"sticky":null},"to":{"line":3,"ch":35,"sticky":null},"text":["S"],"removed":[""],"origin":"+input"}
2019-4-2 09:37:31.440#keyHandled#"Right"
2019-4-2 09:37:31.618#keyHandled#"Right"
2019-4-2 09:37:31.834#keyHandled#"Right"
2019-4-2 09:37:32.504#change#{"from":{"line":3,"ch":39,"sticky":"before"},"to":{"line":3,"ch":39,"sticky":"before"},"text":["",""],"removed":[""],"origin":"+input"}
2019-4-2 09:37:32.504#keyHandled#"Enter"
2019-4-2 09:37:32.519#viewportChange#0
2019-4-2 09:37:35.263#change#{"from":{"line":4,"ch":0,"sticky":null},"to":{"line":4,"ch":0,"sticky":null},"text":["a"],"removed":[""],"origin":"+input"}
2019-4-2 09:37:35.399#change#{"from":{"line":4,"ch":1,"sticky":null},"to":{"line":4,"ch":1,"sticky":null},"text":["l"],"removed":[""],"origin":"+input"}
2019-4-2 09:37:36.247#change#{"from":{"line":4,"ch":3,"sticky":null},"to":{"line":4,"ch":3,"sticky":null},"text":["1"],"removed":[""],"origin":"+input"}
2019-4-2 09:37:36.912#change#{"from":{"line":4,"ch":4,"sticky":null},"to":{"line":4,"ch":4,"sticky":null},"text":[" "],"removed":[""],"origin":"+input"}
2019-4-2 09:37:37.176#change#{"from":{"line":4,"ch":5,"sticky":null},"to":{"line":4,"ch":5,"sticky":null},"text":["="],"removed":[""],"origin":"+input"}
2019-4-2 09:37:37.319#change#{"from":{"line":4,"ch":6,"sticky":null},"to":{"line":4,"ch":6,"sticky":null},"text":[" "],"removed":[""],"origin":"+input"}
2019-4-2 09:37:41.362#change#{"from":{"line":4,"ch":7,"sticky":null},"to":{"line":4,"ch":7,"sticky":null},"text":["u"],"removed":[""],"origin":"+input"}
2019-4-2 09:37:41.622#change#{"from":{"line":4,"ch":8,"sticky":null},"to":{"line":4,"ch":8,"sticky":null},"text":["m"],"removed":[""],"origin":"+input"}
2019-4-2 09:37:42.178#change#{"from":{"line":4,"ch":8,"sticky":"after"},"to":{"line":4,"ch":9,"sticky":null},"text":[""],"removed":["m"],"origin":"+delete"}
2019-4-2 09:37:42.178#keyHandled#"Backspace"
2019-4-2 09:37:42.331#change#{"from":{"line":4,"ch":7,"sticky":"after"},"to":{"line":4,"ch":8,"sticky":null},"text":[""],"removed":["u"],"origin":"+delete"}
2019-4-2 09:37:42.331#keyHandled#"Backspace"
2019-4-2 09:37:42.872#change#{"from":{"line":4,"ch":7,"sticky":null},"to":{"line":4,"ch":7,"sticky":null},"text":["n"],"removed":[""],"origin":"+input"}
2019-4-2 09:37:43.121#change#{"from":{"line":4,"ch":8,"sticky":null},"to":{"line":4,"ch":8,"sticky":null},"text":["u"],"removed":[""],"origin":"+input"}
2019-4-2 09:37:43.351#change#{"from":{"line":4,"ch":9,"sticky":null},"to":{"line":4,"ch":9,"sticky":null},"text":["m"],"removed":[""],"origin":"+input"}
2019-4-2 09:37:45.006#change#{"from":{"line":4,"ch":10,"sticky":null},"to":{"line":4,"ch":10,"sticky":null},"text":[" "],"removed":[""],"origin":"+input"}
2019-4-2 09:37:45.767#change#{"from":{"line":4,"ch":12,"sticky":null},"to":{"line":4,"ch":12,"sticky":null},"text":["/"],"removed":[""],"origin":"+input"}
2019-4-2 09:37:47.883#change#{"from":{"line":4,"ch":12,"sticky":"after"},"to":{"line":4,"ch":13,"sticky":null},"text":[""],"removed":["/"],"origin":"+delete"}
2019-4-2 09:37:47.883#keyHandled#"Backspace"
2019-4-2 09:37:48.076#change#{"from":{"line":4,"ch":11,"sticky":"after"},"to":{"line":4,"ch":12,"sticky":null},"text":[""],"removed":["/"],"origin":"+delete"}
2019-4-2 09:37:48.077#keyHandled#"Backspace"
2019-4-2 09:37:48.277#change#{"from":{"line":4,"ch":10,"sticky":"after"},"to":{"line":4,"ch":11,"sticky":null},"text":[""],"removed":[" "],"origin":"+delete"}
2019-4-2 09:37:48.277#keyHandled#"Backspace"
2019-4-2 09:37:49.299#change#{"from":{"line":4,"ch":10,"sticky":null},"to":{"line":4,"ch":10,"sticky":null},"text":["/"],"removed":[""],"origin":"+input"}
2019-4-2 09:37:49.510#change#{"from":{"line":4,"ch":11,"sticky":null},"to":{"line":4,"ch":11,"sticky":null},"text":["/"],"removed":[""],"origin":"+input"}
2019-4-2 09:37:50.127#change#{"from":{"line":4,"ch":12,"sticky":null},"to":{"line":4,"ch":12,"sticky":null},"text":["1"],"removed":[""],"origin":"+input"}
2019-4-2 09:37:51.504#change#{"from":{"line":4,"ch":13,"sticky":null},"to":{"line":4,"ch":13,"sticky":null},"text":["0"],"removed":[""],"origin":"+input"}
2019-4-2 09:37:51.694#change#{"from":{"line":4,"ch":14,"sticky":null},"to":{"line":4,"ch":14,"sticky":null},"text":["0"],"removed":[""],"origin":"+input"}
2019-4-2 09:37:51.888#change#{"from":{"line":4,"ch":15,"sticky":null},"to":{"line":4,"ch":15,"sticky":null},"text":["0"],"removed":[""],"origin":"+input"}
2019-4-2 09:37:53.564#change#{"from":{"line":4,"ch":16,"sticky":null},"to":{"line":4,"ch":16,"sticky":null},"text":["",""],"removed":[""],"origin":"+input"}
2019-4-2 09:37:53.564#keyHandled#"Enter"
2019-4-2 09:37:53.582#viewportChange#0
2019-4-2 09:37:54.175#change#{"from":{"line":5,"ch":0,"sticky":null},"to":{"line":5,"ch":0,"sticky":null},"text":["a"],"removed":[""],"origin":"+input"}
2019-4-2 09:37:54.321#change#{"from":{"line":5,"ch":1,"sticky":null},"to":{"line":5,"ch":1,"sticky":null},"text":["l"],"removed":[""],"origin":"+input"}
2019-4-2 09:37:54.678#change#{"from":{"line":5,"ch":2,"sticky":null},"to":{"line":5,"ch":2,"sticky":null},"text":["g"],"removed":[""],"origin":"+input"}
2019-4-2 09:37:55.279#change#{"from":{"line":5,"ch":3,"sticky":null},"to":{"line":5,"ch":3,"sticky":null},"text":["2"],"removed":[""],"origin":"+input"}
2019-4-2 09:37:55.992#change#{"from":{"line":5,"ch":4,"sticky":null},"to":{"line":5,"ch":4,"sticky":null},"text":[" "],"removed":[""],"origin":"+input"}
2019-4-2 09:37:56.207#change#{"from":{"line":5,"ch":5,"sticky":null},"to":{"line":5,"ch":5,"sticky":null},"text":["="],"removed":[""],"origin":"+input"}
2019-4-2 09:37:56.369#change#{"from":{"line":5,"ch":6,"sticky":null},"to":{"line":5,"ch":6,"sticky":null},"text":[" "],"removed":[""],"origin":"+input"}
2019-4-2 09:37:59.681#change#{"from":{"line":5,"ch":7,"sticky":null},"to":{"line":5,"ch":7,"sticky":null},"text":["()"],"removed":[""],"origin":"+input"}
2019-4-2 09:37:59.681#keyHandled#"'('"
2019-4-2 09:38:00.023#change#{"from":{"line":5,"ch":8,"sticky":"after"},"to":{"line":5,"ch":8,"sticky":"after"},"text":["n"],"removed":[""],"origin":"+input"}
2019-4-2 09:38:00.273#change#{"from":{"line":5,"ch":9,"sticky":null},"to":{"line":5,"ch":9,"sticky":null},"text":["u"],"removed":[""],"origin":"+input"}
2019-4-2 09:38:00.541#change#{"from":{"line":5,"ch":10,"sticky":null},"to":{"line":5,"ch":10,"sticky":null},"text":["m"],"removed":[""],"origin":"+input"}
2019-4-2 09:38:02.058#change#{"from":{"line":5,"ch":11,"sticky":null},"to":{"line":5,"ch":11,"sticky":null},"text":["/"],"removed":[""],"origin":"+input"}
2019-4-2 09:38:02.247#change#{"from":{"line":5,"ch":12,"sticky":null},"to":{"line":5,"ch":12,"sticky":null},"text":["/"],"removed":[""],"origin":"+input"}
2019-4-2 09:38:02.624#change#{"from":{"line":5,"ch":13,"sticky":null},"to":{"line":5,"ch":13,"sticky":null},"text":["1"],"removed":[""],"origin":"+input"}
2019-4-2 09:38:03.031#change#{"from":{"line":5,"ch":14,"sticky":null},"to":{"line":5,"ch":14,"sticky":null},"text":["0"],"removed":[""],"origin":"+input"}
2019-4-2 09:38:03.176#change#{"from":{"line":5,"ch":15,"sticky":null},"to":{"line":5,"ch":15,"sticky":null},"text":["0"],"removed":[""],"origin":"+input"}
2019-4-2 09:38:04.617#keyHandled#"Right"
2019-4-2 09:38:06.313#change#{"from":{"line":5,"ch":17,"sticky":"before"},"to":{"line":5,"ch":17,"sticky":"before"},"text":["%"],"removed":[""],"origin":"+input"}
2019-4-2 09:38:07.383#change#{"from":{"line":5,"ch":18,"sticky":null},"to":{"line":5,"ch":18,"sticky":null},"text":["1"],"removed":[""],"origin":"+input"}
2019-4-2 09:38:07.647#change#{"from":{"line":5,"ch":19,"sticky":null},"to":{"line":5,"ch":19,"sticky":null},"text":["0"],"removed":[""],"origin":"+input"}
2019-4-2 09:38:10.924#change#{"from":{"line":5,"ch":20,"sticky":null},"to":{"line":5,"ch":20,"sticky":null},"text":["",""],"removed":[""],"origin":"+input"}
2019-4-2 09:38:10.924#keyHandled#"Enter"
2019-4-2 09:38:10.940#viewportChange#0
2019-4-2 09:38:11.422#change#{"from":{"line":6,"ch":0,"sticky":null},"to":{"line":6,"ch":0,"sticky":null},"text":["a"],"removed":[""],"origin":"+input"}
2019-4-2 09:38:11.562#change#{"from":{"line":6,"ch":1,"sticky":null},"to":{"line":6,"ch":1,"sticky":null},"text":["l"],"removed":[""],"origin":"+input"}
2019-4-2 09:38:11.952#change#{"from":{"line":6,"ch":2,"sticky":null},"to":{"line":6,"ch":2,"sticky":null},"text":["g"],"removed":[""],"origin":"+input"}
2019-4-2 09:38:12.312#change#{"from":{"line":6,"ch":3,"sticky":null},"to":{"line":6,"ch":3,"sticky":null},"text":["3"],"removed":[""],"origin":"+input"}
2019-4-2 09:38:12.833#change#{"from":{"line":6,"ch":4,"sticky":null},"to":{"line":6,"ch":4,"sticky":null},"text":[" "],"removed":[""],"origin":"+input"}
2019-4-2 09:38:13.735#change#{"from":{"line":6,"ch":5,"sticky":null},"to":{"line":6,"ch":5,"sticky":null},"text":["="],"removed":[""],"origin":"+input"}
2019-4-2 09:38:13.902#change#{"from":{"line":6,"ch":6,"sticky":null},"to":{"line":6,"ch":6,"sticky":null},"text":[" "],"removed":[""],"origin":"+input"}
2019-4-2 09:38:17.389#change#{"from":{"line":6,"ch":7,"sticky":null},"to":{"line":6,"ch":7,"sticky":null},"text":["()"],"removed":[""],"origin":"+input"}
2019-4-2 09:38:17.390#keyHandled#"'('"
2019-4-2 09:38:18.000#change#{"from":{"line":6,"ch":8,"sticky":"after"},"to":{"line":6,"ch":8,"sticky":"after"},"text":["n"],"removed":[""],"origin":"+input"}
2019-4-2 09:38:18.418#change#{"from":{"line":6,"ch":9,"sticky":null},"to":{"line":6,"ch":9,"sticky":null},"text":["u"],"removed":[""],"origin":"+input"}
2019-4-2 09:38:18.546#mousedown#{"isTrusted":true}
2019-4-2 09:38:18.673#change#{"from":{"line":2,"ch":9,"sticky":"before","xRel":-3.81597900390625},"to":{"line":2,"ch":9,"sticky":"before","xRel":-3.81597900390625},"text":["m"],"removed":[""],"origin":"+input"}
2019-4-2 09:38:19.823#change#{"from":{"line":2,"ch":9,"sticky":"after"},"to":{"line":2,"ch":10,"sticky":null},"text":[""],"removed":["m"],"origin":"+delete"}
2019-4-2 09:38:19.823#keyHandled#"Backspace"
2019-4-2 09:38:22.069#mousedown#{"isTrusted":true}
2019-4-2 09:38:22.712#keyHandled#"Right"
2019-4-2 09:38:23.284#keyHandled#"Right"
2019-4-2 09:38:25.017#keyHandled#"Left"
2019-4-2 09:38:26.163#change#{"from":{"line":6,"ch":10,"sticky":"after"},"to":{"line":6,"ch":10,"sticky":"after"},"text":["m"],"removed":[""],"origin":"+input"}
2019-4-2 09:38:29.649#change#{"from":{"line":6,"ch":11,"sticky":null},"to":{"line":6,"ch":11,"sticky":null},"text":["/"],"removed":[""],"origin":"+input"}
2019-4-2 09:38:29.929#change#{"from":{"line":6,"ch":12,"sticky":null},"to":{"line":6,"ch":12,"sticky":null},"text":["/"],"removed":[""],"origin":"+input"}
2019-4-2 09:38:31.945#change#{"from":{"line":6,"ch":13,"sticky":null},"to":{"line":6,"ch":13,"sticky":null},"text":["1"],"removed":[""],"origin":"+input"}
2019-4-2 09:38:32.161#change#{"from":{"line":6,"ch":14,"sticky":null},"to":{"line":6,"ch":14,"sticky":null},"text":["0"],"removed":[""],"origin":"+input"}
2019-4-2 09:38:33.156#keyHandled#"Right"
2019-4-2 09:38:34.757#change#{"from":{"line":6,"ch":16,"sticky":"before"},"to":{"line":6,"ch":16,"sticky":"before"},"text":["%"],"removed":[""],"origin":"+input"}
2019-4-2 09:38:40.336#change#{"from":{"line":6,"ch":17,"sticky":null},"to":{"line":6,"ch":17,"sticky":null},"text":["1"],"removed":[""],"origin":"+input"}
2019-4-2 09:38:40.529#change#{"from":{"line":6,"ch":18,"sticky":null},"to":{"line":6,"ch":18,"sticky":null},"text":["0"],"removed":[""],"origin":"+input"}
2019-4-2 09:38:42.039#change#{"from":{"line":6,"ch":19,"sticky":null},"to":{"line":6,"ch":19,"sticky":null},"text":["",""],"removed":[""],"origin":"+input"}
2019-4-2 09:38:42.039#keyHandled#"Enter"
2019-4-2 09:38:42.056#viewportChange#0
2019-4-2 09:38:42.717#change#{"from":{"line":7,"ch":0,"sticky":null},"to":{"line":7,"ch":0,"sticky":null},"text":["a"],"removed":[""],"origin":"+input"}
2019-4-2 09:38:42.851#change#{"from":{"line":7,"ch":1,"sticky":null},"to":{"line":7,"ch":1,"sticky":null},"text":["l"],"removed":[""],"origin":"+input"}
2019-4-2 09:38:43.272#change#{"from":{"line":7,"ch":2,"sticky":null},"to":{"line":7,"ch":2,"sticky":null},"text":["g"],"removed":[""],"origin":"+input"}
2019-4-2 09:38:43.698#change#{"from":{"line":7,"ch":3,"sticky":null},"to":{"line":7,"ch":3,"sticky":null},"text":["4"],"removed":[""],"origin":"+input"}
2019-4-2 09:38:44.449#change#{"from":{"line":7,"ch":4,"sticky":null},"to":{"line":7,"ch":4,"sticky":null},"text":[" "],"removed":[""],"origin":"+input"}
2019-4-2 09:38:44.801#change#{"from":{"line":7,"ch":5,"sticky":null},"to":{"line":7,"ch":5,"sticky":null},"text":["="],"removed":[""],"origin":"+input"}
2019-4-2 09:38:44.995#change#{"from":{"line":7,"ch":6,"sticky":null},"to":{"line":7,"ch":6,"sticky":null},"text":[" "],"removed":[""],"origin":"+input"}
2019-4-2 09:38:46.621#change#{"from":{"line":7,"ch":7,"sticky":null},"to":{"line":7,"ch":7,"sticky":null},"text":["n"],"removed":[""],"origin":"+input"}
2019-4-2 09:38:46.986#change#{"from":{"line":7,"ch":8,"sticky":null},"to":{"line":7,"ch":8,"sticky":null},"text":["u"],"removed":[""],"origin":"+input"}
2019-4-2 09:38:47.305#change#{"from":{"line":7,"ch":9,"sticky":null},"to":{"line":7,"ch":9,"sticky":null},"text":["m"],"removed":[""],"origin":"+input"}
2019-4-2 09:38:48.354#change#{"from":{"line":7,"ch":10,"sticky":null},"to":{"line":7,"ch":10,"sticky":null},"text":["%"],"removed":[""],"origin":"+input"}
2019-4-2 09:38:49.139#change#{"from":{"line":7,"ch":11,"sticky":null},"to":{"line":7,"ch":11,"sticky":null},"text":["1"],"removed":[""],"origin":"+input"}
2019-4-2 09:38:49.275#change#{"from":{"line":7,"ch":12,"sticky":null},"to":{"line":7,"ch":12,"sticky":null},"text":["0"],"removed":[""],"origin":"+input"}
2019-4-2 09:38:51.406#change#{"from":{"line":7,"ch":13,"sticky":null},"to":{"line":7,"ch":13,"sticky":null},"text":["",""],"removed":[""],"origin":"+input"}
2019-4-2 09:38:51.406#keyHandled#"Enter"
2019-4-2 09:38:51.422#viewportChange#0
2019-4-2 09:38:51.749#change#{"from":{"line":8,"ch":0,"sticky":null},"to":{"line":8,"ch":0,"sticky":null},"text":["s"],"removed":[""],"origin":"+input"}
2019-4-2 09:38:51.949#change#{"from":{"line":8,"ch":1,"sticky":null},"to":{"line":8,"ch":1,"sticky":null},"text":["o"],"removed":[""],"origin":"+input"}
2019-4-2 09:38:52.166#change#{"from":{"line":8,"ch":2,"sticky":null},"to":{"line":8,"ch":2,"sticky":null},"text":["m"],"removed":[""],"origin":"+input"}
2019-4-2 09:38:52.324#change#{"from":{"line":8,"ch":3,"sticky":null},"to":{"line":8,"ch":3,"sticky":null},"text":["a"],"removed":[""],"origin":"+input"}
2019-4-2 09:38:53.301#change#{"from":{"line":8,"ch":4,"sticky":null},"to":{"line":8,"ch":4,"sticky":null},"text":[" "],"removed":[""],"origin":"+input"}
2019-4-2 09:38:53.740#change#{"from":{"line":8,"ch":5,"sticky":null},"to":{"line":8,"ch":5,"sticky":null},"text":["="],"removed":[""],"origin":"+input"}
2019-4-2 09:38:53.920#change#{"from":{"line":8,"ch":6,"sticky":null},"to":{"line":8,"ch":6,"sticky":null},"text":[" "],"removed":[""],"origin":"+input"}
2019-4-2 09:38:54.319#change#{"from":{"line":8,"ch":7,"sticky":null},"to":{"line":8,"ch":7,"sticky":null},"text":["a"],"removed":[""],"origin":"+input"}
2019-4-2 09:38:54.536#change#{"from":{"line":8,"ch":8,"sticky":null},"to":{"line":8,"ch":8,"sticky":null},"text":["l"],"removed":[""],"origin":"+input"}
2019-4-2 09:38:54.920#change#{"from":{"line":8,"ch":9,"sticky":null},"to":{"line":8,"ch":9,"sticky":null},"text":["g"],"removed":[""],"origin":"+input"}
2019-4-2 09:38:55.336#change#{"from":{"line":8,"ch":10,"sticky":null},"to":{"line":8,"ch":10,"sticky":null},"text":["1"],"removed":[""],"origin":"+input"}
2019-4-2 09:38:57.102#change#{"from":{"line":8,"ch":11,"sticky":null},"to":{"line":8,"ch":11,"sticky":null},"text":[" "],"removed":[""],"origin":"+input"}
2019-4-2 09:38:58.555#change#{"from":{"line":8,"ch":12,"sticky":null},"to":{"line":8,"ch":12,"sticky":null},"text":["+"],"removed":[""],"origin":"+input"}
2019-4-2 09:38:58.838#change#{"from":{"line":8,"ch":13,"sticky":null},"to":{"line":8,"ch":13,"sticky":null},"text":[" "],"removed":[""],"origin":"+input"}
2019-4-2 09:38:59.490#change#{"from":{"line":8,"ch":14,"sticky":null},"to":{"line":8,"ch":14,"sticky":null},"text":["a"],"removed":[""],"origin":"+input"}
2019-4-2 09:38:59.691#change#{"from":{"line":8,"ch":15,"sticky":null},"to":{"line":8,"ch":15,"sticky":null},"text":["l"],"removed":[""],"origin":"+input"}
2019-4-2 09:39:00.073#change#{"from":{"line":8,"ch":16,"sticky":null},"to":{"line":8,"ch":16,"sticky":null},"text":["g"],"removed":[""],"origin":"+input"}
2019-4-2 09:39:00.779#change#{"from":{"line":8,"ch":17,"sticky":null},"to":{"line":8,"ch":17,"sticky":null},"text":["2"],"removed":[""],"origin":"+input"}
2019-4-2 09:39:01.258#change#{"from":{"line":8,"ch":18,"sticky":null},"to":{"line":8,"ch":18,"sticky":null},"text":[" "],"removed":[""],"origin":"+input"}
2019-4-2 09:39:01.875#change#{"from":{"line":8,"ch":19,"sticky":null},"to":{"line":8,"ch":19,"sticky":null},"text":["+"],"removed":[""],"origin":"+input"}
2019-4-2 09:39:02.297#change#{"from":{"line":8,"ch":20,"sticky":null},"to":{"line":8,"ch":20,"sticky":null},"text":[" "],"removed":[""],"origin":"+input"}
2019-4-2 09:39:03.005#change#{"from":{"line":8,"ch":21,"sticky":null},"to":{"line":8,"ch":21,"sticky":null},"text":["a"],"removed":[""],"origin":"+input"}
2019-4-2 09:39:03.260#change#{"from":{"line":8,"ch":22,"sticky":null},"to":{"line":8,"ch":22,"sticky":null},"text":["l"],"removed":[""],"origin":"+input"}
2019-4-2 09:39:03.659#change#{"from":{"line":8,"ch":23,"sticky":null},"to":{"line":8,"ch":23,"sticky":null},"text":["g"],"removed":[""],"origin":"+input"}
2019-4-2 09:39:04.992#change#{"from":{"line":8,"ch":24,"sticky":null},"to":{"line":8,"ch":24,"sticky":null},"text":["3"],"removed":[""],"origin":"+input"}
2019-4-2 09:39:06.176#change#{"from":{"line":8,"ch":25,"sticky":null},"to":{"line":8,"ch":25,"sticky":null},"text":[" "],"removed":[""],"origin":"+input"}
2019-4-2 09:39:07.034#change#{"from":{"line":8,"ch":26,"sticky":null},"to":{"line":8,"ch":26,"sticky":null},"text":["+"],"removed":[""],"origin":"+input"}
2019-4-2 09:39:07.677#change#{"from":{"line":8,"ch":27,"sticky":null},"to":{"line":8,"ch":27,"sticky":null},"text":[" "],"removed":[""],"origin":"+input"}
2019-4-2 09:39:08.235#change#{"from":{"line":8,"ch":28,"sticky":null},"to":{"line":8,"ch":28,"sticky":null},"text":["a"],"removed":[""],"origin":"+input"}
2019-4-2 09:39:08.508#change#{"from":{"line":8,"ch":29,"sticky":null},"to":{"line":8,"ch":29,"sticky":null},"text":["l"],"removed":[""],"origin":"+input"}
2019-4-2 09:39:08.909#change#{"from":{"line":8,"ch":30,"sticky":null},"to":{"line":8,"ch":30,"sticky":null},"text":["g"],"removed":[""],"origin":"+input"}
2019-4-2 09:39:10.003#change#{"from":{"line":8,"ch":31,"sticky":null},"to":{"line":8,"ch":31,"sticky":null},"text":["4"],"removed":[""],"origin":"+input"}
2019-4-2 09:39:10.656#change#{"from":{"line":8,"ch":32,"sticky":null},"to":{"line":8,"ch":32,"sticky":null},"text":["",""],"removed":[""],"origin":"+input"}
2019-4-2 09:39:10.656#keyHandled#"Enter"
2019-4-2 09:39:10.704#viewportChange#0
2019-4-2 09:39:11.444#change#{"from":{"line":9,"ch":0,"sticky":null},"to":{"line":9,"ch":0,"sticky":null},"text":["p"],"removed":[""],"origin":"+input"}
2019-4-2 09:39:11.661#change#{"from":{"line":9,"ch":1,"sticky":null},"to":{"line":9,"ch":1,"sticky":null},"text":["r"],"removed":[""],"origin":"+input"}
2019-4-2 09:39:11.844#change#{"from":{"line":9,"ch":2,"sticky":null},"to":{"line":9,"ch":2,"sticky":null},"text":["i"],"removed":[""],"origin":"+input"}
2019-4-2 09:39:12.453#change#{"from":{"line":9,"ch":3,"sticky":null},"to":{"line":9,"ch":3,"sticky":null},"text":["t"],"removed":[""],"origin":"+input"}
2019-4-2 09:39:13.016#change#{"from":{"line":9,"ch":3,"sticky":"after"},"to":{"line":9,"ch":4,"sticky":null},"text":[""],"removed":["t"],"origin":"+delete"}
2019-4-2 09:39:13.016#keyHandled#"Backspace"
2019-4-2 09:39:13.560#change#{"from":{"line":9,"ch":3,"sticky":null},"to":{"line":9,"ch":3,"sticky":null},"text":["n"],"removed":[""],"origin":"+input"}
2019-4-2 09:39:13.747#change#{"from":{"line":9,"ch":4,"sticky":null},"to":{"line":9,"ch":4,"sticky":null},"text":["t"],"removed":[""],"origin":"+input"}
2019-4-2 09:39:14.569#change#{"from":{"line":9,"ch":5,"sticky":null},"to":{"line":9,"ch":5,"sticky":null},"text":["()"],"removed":[""],"origin":"+input"}
2019-4-2 09:39:14.569#keyHandled#"'('"
2019-4-2 09:39:14.899#change#{"from":{"line":9,"ch":6,"sticky":"after"},"to":{"line":9,"ch":6,"sticky":"after"},"text":["s"],"removed":[""],"origin":"+input"}
2019-4-2 09:39:15.051#change#{"from":{"line":9,"ch":7,"sticky":null},"to":{"line":9,"ch":7,"sticky":null},"text":["o"],"removed":[""],"origin":"+input"}
2019-4-2 09:39:15.246#change#{"from":{"line":9,"ch":8,"sticky":null},"to":{"line":9,"ch":8,"sticky":null},"text":["m"],"removed":[""],"origin":"+input"}
2019-4-2 09:39:15.349#change#{"from":{"line":9,"ch":9,"sticky":null},"to":{"line":9,"ch":9,"sticky":null},"text":["a"],"removed":[""],"origin":"+input"}
2019-4-2 09:39:21.122#blur#
2019-4-2 09:39:21.923#saida_testar#$ python3 main.py
2019-4-2 09:39:21.122#blur#
2019-4-2 09:39:21.923#saida_testar#$ python3 main.py
2019-4-2 09:39:54.659#saida_testar#$ python3 main.py
