== TEST (2019-04-09 18:07:10) 
-- CODE:
num = float(input("Digite um numero: "))

if (num % 2 == 0)
	mensagem = "Par"
else
	mensagem = "Impar"

print(mensagem)

-- ERROR:
File "XXXX", line 3
    if (num % 2 == 0)
                    ^
SyntaxError: invalid syntax
*-*-*-*-*-*-*-*-*-*-*-*-*-*-*-*-*-*-*-*-*-*-*-*
== TEST (2019-04-09 18:07:28) 
-- CODE:
num = float(input("Digite um numero: "))

if (num % 2 == 0):
	mensagem = "Par"
else:
	mensagem = "Impar"

print(mensagem)

-- OUTPUT:
Impar
*-*-*-*-*-*-*-*-*-*-*-*-*-*-*-*-*-*-*-*-*-*-*-*
== TEST (2019-04-09 18:07:45) 
-- CODE:
num =(input("Digite um numero: "))

if (num % 2 == 0):
	mensagem = "Par"
else:
	mensagem = "Impar"

print(mensagem)

-- ERROR:
Traceback (most recent call last):
  File "XXXX", line 3, in <module>
    if (num % 2 == 0):
TypeError: not all arguments converted during string formatting
*-*-*-*-*-*-*-*-*-*-*-*-*-*-*-*-*-*-*-*-*-*-*-*
== TEST (2019-04-09 18:07:58) 
-- CODE:
num =float(input("Digite um numero: "))

if (num % 2 == 0):
	mensagem = "Par"
else:
	mensagem = "Impar"

print(mensagem)

-- OUTPUT:
Impar
*-*-*-*-*-*-*-*-*-*-*-*-*-*-*-*-*-*-*-*-*-*-*-*
== SUBMITION (2019-04-09 18:08:35) 
-- CODE:
num =float(input("Digite um numero: "))

if (num % 2 == 0):
	mensagem = "Par"
else:
	mensagem = "Impar"

print(mensagem)

-- EXECUTION TIME:
0.1437
-- TEST CASE 1:
---- input:
55
---- correct output:
impar
---- user output:
Impar
-- TEST CASE 3:
---- input:
842
---- correct output:
par
---- user output:
Par
-- GRADE:
0%
*-*-*-*-*-*-*-*-*-*-*-*-*-*-*-*-*-*-*-*-*-*-*-*
== TEST (2019-04-09 18:09:00) 
-- CODE:
num =int(input("Digite um numero: "))

if (num % 2 == 0):
	mensagem = "Par"
else:
	mensagem = "Impar"

print(mensagem)

-- OUTPUT:
Impar
*-*-*-*-*-*-*-*-*-*-*-*-*-*-*-*-*-*-*-*-*-*-*-*
== SUBMITION (2019-04-09 18:09:05) 
-- CODE:
num =int(input("Digite um numero: "))

if (num % 2 == 0):
	mensagem = "Par"
else:
	mensagem = "Impar"

print(mensagem)

-- EXECUTION TIME:
0.157225
-- TEST CASE 1:
---- input:
55
---- correct output:
impar
---- user output:
Impar
-- TEST CASE 3:
---- input:
842
---- correct output:
par
---- user output:
Par
-- GRADE:
0%
*-*-*-*-*-*-*-*-*-*-*-*-*-*-*-*-*-*-*-*-*-*-*-*
== SUBMITION (2019-04-09 18:09:09) 
-- CODE:
num =int(input("Digite um numero: "))

if (num % 2 == 0):
	mensagem = "Par"
else:
	mensagem = "Impar"

print(mensagem)

-- EXECUTION TIME:
0.137218
-- TEST CASE 1:
---- input:
55
---- correct output:
impar
---- user output:
Impar
-- TEST CASE 3:
---- input:
842
---- correct output:
par
---- user output:
Par
-- GRADE:
0%
*-*-*-*-*-*-*-*-*-*-*-*-*-*-*-*-*-*-*-*-*-*-*-*
== SUBMITION (2019-04-09 18:09:16) 
-- CODE:
num =int(input("Digite um numero: "))

if (num % 2 == 0):
	mensagem = "Par"
else:
	mensagem = "Impar"

print(mensagem)

-- EXECUTION TIME:
0.187394
-- TEST CASE 1:
---- input:
55
---- correct output:
impar
---- user output:
Impar
-- TEST CASE 3:
---- input:
842
---- correct output:
par
---- user output:
Par
-- GRADE:
0%
*-*-*-*-*-*-*-*-*-*-*-*-*-*-*-*-*-*-*-*-*-*-*-*
== TEST (2019-04-09 18:09:17) 
-- CODE:
num =int(input("Digite um numero: "))

if (num % 2 == 0):
	mensagem = "Par"
else:
	mensagem = "Impar"

print(mensagem)

-- OUTPUT:
Impar
*-*-*-*-*-*-*-*-*-*-*-*-*-*-*-*-*-*-*-*-*-*-*-*
== TEST (2019-04-09 18:09:42) 
-- CODE:
num =int(input("Digite um numero: "))

if (num % 2 == 0):
	mensagem = "par"
else:
	mensagem = "impar"

print(mensagem)

-- OUTPUT:
impar
*-*-*-*-*-*-*-*-*-*-*-*-*-*-*-*-*-*-*-*-*-*-*-*
== SUBMITION (2019-04-09 18:09:46) 
-- CODE:
num =int(input("Digite um numero: "))

if (num % 2 == 0):
	mensagem = "par"
else:
	mensagem = "impar"

print(mensagem)

-- EXECUTION TIME:
0.207815
-- TEST CASE 1:
---- input:
55
---- correct output:
impar
---- user output:
impar
-- TEST CASE 3:
---- input:
842
---- correct output:
par
---- user output:
par
-- GRADE:
100%
*-*-*-*-*-*-*-*-*-*-*-*-*-*-*-*-*-*-*-*-*-*-*-*
