== TEST (2019-04-11 08:24:50) 
-- CODE:
# Teste seu código aos poucos.
# Não teste tudo no final, pois fica mais difícil de identificar erros.
# Use as mensagens de erro para corrigir seu código.
x = float(input("x: ")))
y = float(input("Y: "))

if (2x+y==3):
	mensagem = ("ponto pertence a reta")
-- ERROR:
File "XXXX", line 4
    x = float(input()))
                      ^
SyntaxError: invalid syntax
*-*-*-*-*-*-*-*-*-*-*-*-*-*-*-*-*-*-*-*-*-*-*-*
== TEST (2019-04-11 08:24:54) 
-- CODE:
# Teste seu código aos poucos.
# Não teste tudo no final, pois fica mais difícil de identificar erros.
# Use as mensagens de erro para corrigir seu código.
x = float(input("x: ")))
y = float(input("Y: "))

if (2x+y==3):
	mensagem = "ponto pertence a reta"
-- ERROR:
File "XXXX", line 4
    x = float(input()))
                      ^
SyntaxError: invalid syntax
*-*-*-*-*-*-*-*-*-*-*-*-*-*-*-*-*-*-*-*-*-*-*-*
== TEST (2019-04-11 08:24:59) 
-- CODE:
# Teste seu código aos poucos.
# Não teste tudo no final, pois fica mais difícil de identificar erros.
# Use as mensagens de erro para corrigir seu código.
x = float(input("x: "))
y = float(input("Y: "))

if (2x+y==3):
	mensagem = "ponto pertence a reta"
-- ERROR:
File "XXXX", line 7
    if (2x+y==3):
         ^
SyntaxError: invalid syntax
*-*-*-*-*-*-*-*-*-*-*-*-*-*-*-*-*-*-*-*-*-*-*-*
== TEST (2019-04-11 08:25:01) 
-- CODE:
# Teste seu código aos poucos.
# Não teste tudo no final, pois fica mais difícil de identificar erros.
# Use as mensagens de erro para corrigir seu código.
x = float(input("x: "))
y = float(input("Y: "))

if (2x+y==3):
	mensagem = "ponto pertence a reta"
-- ERROR:
File "XXXX", line 7
    if (2x+y==3):
         ^
SyntaxError: invalid syntax
*-*-*-*-*-*-*-*-*-*-*-*-*-*-*-*-*-*-*-*-*-*-*-*
== TEST (2019-04-11 08:25:02) 
-- CODE:
# Teste seu código aos poucos.
# Não teste tudo no final, pois fica mais difícil de identificar erros.
# Use as mensagens de erro para corrigir seu código.
x = float(input("x: "))
y = float(input("Y: "))

if (2x+y==3):
	mensagem = "ponto pertence a reta"
-- ERROR:
File "XXXX", line 7
    if (2x+y==3):
         ^
SyntaxError: invalid syntax
*-*-*-*-*-*-*-*-*-*-*-*-*-*-*-*-*-*-*-*-*-*-*-*
== TEST (2019-04-11 08:25:25) 
-- CODE:
# Teste seu código aos poucos.
# Não teste tudo no final, pois fica mais difícil de identificar erros.
# Use as mensagens de erro para corrigir seu código.
x = float(input("x: "))
y = float(input("Y: "))
-- ERROR:
File "XXXX", line 7
    if (2x+y==3):
         ^
SyntaxError: invalid syntax
*-*-*-*-*-*-*-*-*-*-*-*-*-*-*-*-*-*-*-*-*-*-*-*
== TEST (2019-04-11 08:26:18) 
-- CODE:
# Teste seu código aos poucos.
# Não teste tudo no final, pois fica mais difícil de identificar erros.
# Use as mensagens de erro para corrigir seu código.
x = float(input("x: "))
y = float(input("Y: "))

if (2x + y == 3)
-- ERROR:
File "XXXX", line 7
    if (2x + y == 3)
         ^
SyntaxError: invalid syntax
*-*-*-*-*-*-*-*-*-*-*-*-*-*-*-*-*-*-*-*-*-*-*-*
== TEST (2019-04-11 08:26:41) 
-- CODE:
# Teste seu código aos poucos.
# Não teste tudo no final, pois fica mais difícil de identificar erros.
# Use as mensagens de erro para corrigir seu código.
x = float(input("x: "))
y = float(input("Y: "))

if (2 x + y == 3):
-- ERROR:
File "XXXX", line 7
    if (2 x + y == 3):
          ^
SyntaxError: invalid syntax
*-*-*-*-*-*-*-*-*-*-*-*-*-*-*-*-*-*-*-*-*-*-*-*
== TEST (2019-04-11 08:26:55) 
-- CODE:
# Teste seu código aos poucos.
# Não teste tudo no final, pois fica mais difícil de identificar erros.
# Use as mensagens de erro para corrigir seu código.
x = float(input("x: "))
y = float(input("Y: "))

if (2 x + y == 3):
	mensagem = ponto pertence a reta
-- ERROR:
File "XXXX", line 7
    if (2 x + y == 3):
          ^
SyntaxError: invalid syntax
*-*-*-*-*-*-*-*-*-*-*-*-*-*-*-*-*-*-*-*-*-*-*-*
== TEST (2019-04-11 08:27:30) 
-- CODE:
# Teste seu código aos poucos.
# Não teste tudo no final, pois fica mais difícil de identificar erros.
# Use as mensagens de erro para corrigir seu código.
x = float(input("x: "))
y = float(input("Y: "))

if (2 x + y == 3):
	mensagem = "ponto pertence a reta"
-- ERROR:
File "XXXX", line 7
    if (2 x + y == 3):
          ^
SyntaxError: invalid syntax
*-*-*-*-*-*-*-*-*-*-*-*-*-*-*-*-*-*-*-*-*-*-*-*
== TEST (2019-04-11 08:27:31) 
-- CODE:
# Teste seu código aos poucos.
# Não teste tudo no final, pois fica mais difícil de identificar erros.
# Use as mensagens de erro para corrigir seu código.
x = float(input("x: "))
y = float(input("Y: "))

if (2 x + y == 3):
	mensagem = "ponto pertence a reta"
-- ERROR:
File "XXXX", line 7
    if (2 x + y == 3):
          ^
SyntaxError: invalid syntax
*-*-*-*-*-*-*-*-*-*-*-*-*-*-*-*-*-*-*-*-*-*-*-*
== TEST (2019-04-11 08:27:31) 
-- CODE:
# Teste seu código aos poucos.
# Não teste tudo no final, pois fica mais difícil de identificar erros.
# Use as mensagens de erro para corrigir seu código.
x = float(input("x: "))
y = float(input("Y: "))

if (2 x + y == 3):
	mensagem = "ponto pertence a reta"
-- ERROR:
File "XXXX", line 7
    if (2 x + y == 3):
          ^
SyntaxError: invalid syntax
*-*-*-*-*-*-*-*-*-*-*-*-*-*-*-*-*-*-*-*-*-*-*-*
== TEST (2019-04-11 08:27:31) 
-- CODE:
# Teste seu código aos poucos.
# Não teste tudo no final, pois fica mais difícil de identificar erros.
# Use as mensagens de erro para corrigir seu código.
x = float(input("x: "))
y = float(input("Y: "))

if (2 x + y == 3):
	mensagem = "ponto pertence a reta"
-- ERROR:
File "XXXX", line 7
    if (2 x + y == 3):
          ^
SyntaxError: invalid syntax
*-*-*-*-*-*-*-*-*-*-*-*-*-*-*-*-*-*-*-*-*-*-*-*
== TEST (2019-04-11 08:27:32) 
-- CODE:
# Teste seu código aos poucos.
# Não teste tudo no final, pois fica mais difícil de identificar erros.
# Use as mensagens de erro para corrigir seu código.
x = float(input("x: "))
y = float(input("Y: "))

if (2 x + y == 3):
	mensagem = "ponto pertence a reta"
-- ERROR:
File "XXXX", line 7
    if (2 x + y == 3):
          ^
SyntaxError: invalid syntax
*-*-*-*-*-*-*-*-*-*-*-*-*-*-*-*-*-*-*-*-*-*-*-*
== TEST (2019-04-11 08:28:36) 
-- CODE:
# Teste seu código aos poucos.
# Não teste tudo no final, pois fica mais difícil de identificar erros.
# Use as mensagens de erro para corrigir seu código.
X = float(input("x: "))
Y = float(input("Y: "))

if (2 X + Y == 3):
	mensagem = "ponto pertence a reta"
-- ERROR:
File "XXXX", line 7
    if (2 X + Y == 3):
          ^
SyntaxError: invalid syntax
*-*-*-*-*-*-*-*-*-*-*-*-*-*-*-*-*-*-*-*-*-*-*-*
== TEST (2019-04-11 08:31:39) 
-- CODE:
# Teste seu código aos poucos.
# Não teste tudo no final, pois fica mais difícil de identificar erros.
# Use as mensagens de erro para corrigir seu código.
x = float(input("x: "))
y = float(input("y: "))

if (2 x + y == 3):
	mensagem = "ponto pertence a reta"
else:
	mensagem = "ponto nao pertence a reta"
-- ERROR:
File "XXXX", line 7
    if (2 x + y == 3):
          ^
SyntaxError: invalid syntax
*-*-*-*-*-*-*-*-*-*-*-*-*-*-*-*-*-*-*-*-*-*-*-*
== TEST (2019-04-11 08:31:40) 
-- CODE:
# Teste seu código aos poucos.
# Não teste tudo no final, pois fica mais difícil de identificar erros.
# Use as mensagens de erro para corrigir seu código.
x = float(input("x: "))
y = float(input("y: "))

if (2 x + y == 3):
	mensagem = "ponto pertence a reta"
else:
	mensagem = "ponto nao pertence a reta"
-- ERROR:
File "XXXX", line 7
    if (2 x + y == 3):
          ^
SyntaxError: invalid syntax
*-*-*-*-*-*-*-*-*-*-*-*-*-*-*-*-*-*-*-*-*-*-*-*
== TEST (2019-04-11 08:31:50) 
-- CODE:
# Teste seu código aos poucos.
# Não teste tudo no final, pois fica mais difícil de identificar erros.
# Use as mensagens de erro para corrigir seu código.
x = float(input("x: "))
y = float(input("y: "))

if (2 x + y == 3):
	mensagem = "ponto pertence a reta"
-- ERROR:
File "XXXX", line 7
    if (2 x + y == 3):
          ^
SyntaxError: invalid syntax
*-*-*-*-*-*-*-*-*-*-*-*-*-*-*-*-*-*-*-*-*-*-*-*
== TEST (2019-04-11 08:31:50) 
-- CODE:
# Teste seu código aos poucos.
# Não teste tudo no final, pois fica mais difícil de identificar erros.
# Use as mensagens de erro para corrigir seu código.
x = float(input("x: "))
y = float(input("y: "))

if (2 x + y == 3):
	mensagem = "ponto pertence a reta"
-- ERROR:
File "XXXX", line 7
    if (2 x + y == 3):
          ^
SyntaxError: invalid syntax
*-*-*-*-*-*-*-*-*-*-*-*-*-*-*-*-*-*-*-*-*-*-*-*
== TEST (2019-04-11 08:31:51) 
-- CODE:
# Teste seu código aos poucos.
# Não teste tudo no final, pois fica mais difícil de identificar erros.
# Use as mensagens de erro para corrigir seu código.
x = float(input("x: "))
y = float(input("y: "))

if (2 x + y == 3):
	mensagem = "ponto pertence a reta"
-- ERROR:
File "XXXX", line 7
    if (2 x + y == 3):
          ^
SyntaxError: invalid syntax
*-*-*-*-*-*-*-*-*-*-*-*-*-*-*-*-*-*-*-*-*-*-*-*
== TEST (2019-04-11 08:31:51) 
-- CODE:
# Teste seu código aos poucos.
# Não teste tudo no final, pois fica mais difícil de identificar erros.
# Use as mensagens de erro para corrigir seu código.
x = float(input("x: "))
y = float(input("y: "))

if (2 x + y == 3):
	mensagem = "ponto pertence a reta"
-- ERROR:
File "XXXX", line 7
    if (2 x + y == 3):
          ^
SyntaxError: invalid syntax
*-*-*-*-*-*-*-*-*-*-*-*-*-*-*-*-*-*-*-*-*-*-*-*
== TEST (2019-04-11 08:31:51) 
-- CODE:
# Teste seu código aos poucos.
# Não teste tudo no final, pois fica mais difícil de identificar erros.
# Use as mensagens de erro para corrigir seu código.
x = float(input("x: "))
y = float(input("y: "))

if (2 x + y == 3):
	mensagem = "ponto pertence a reta"
-- ERROR:
File "XXXX", line 7
    if (2 x + y == 3):
          ^
SyntaxError: invalid syntax
*-*-*-*-*-*-*-*-*-*-*-*-*-*-*-*-*-*-*-*-*-*-*-*
== TEST (2019-04-11 08:32:07) 
-- CODE:
# Teste seu código aos poucos.
# Não teste tudo no final, pois fica mais difícil de identificar erros.
# Use as mensagens de erro para corrigir seu código.
x = float(input("x: "))
y = float(input("y: "))


-- ERROR:
File "XXXX", line 7
    if (2 x + y == 3):
          ^
SyntaxError: invalid syntax
*-*-*-*-*-*-*-*-*-*-*-*-*-*-*-*-*-*-*-*-*-*-*-*
== TEST (2019-04-11 08:51:40) 
-- CODE:
# Teste seu código aos poucos.
# Não teste tudo no final, pois fica mais difícil de identificar erros.
# Use as mensagens de erro para corrigir seu código.
x = float(input("x: "))
y = float(input("y: "))

if (2 x + y == 3):
	mensagem = "ponto pertence a reta"
-- ERROR:
File "XXXX", line 7
    if (2 x + y == 3):
          ^
SyntaxError: invalid syntax
*-*-*-*-*-*-*-*-*-*-*-*-*-*-*-*-*-*-*-*-*-*-*-*
== TEST (2019-04-11 08:52:03) 
-- CODE:
# Teste seu código aos poucos.
# Não teste tudo no final, pois fica mais difícil de identificar erros.
# Use as mensagens de erro para corrigir seu código.
x = float(input("x: "))
y = float(input("y: "))

if (2 * x + y == 3):
	mensagem = "ponto pertence a reta"
-- ERROR:
File "XXXX", line 7
    if (2 x + y == 3):
          ^
SyntaxError: invalid syntax
*-*-*-*-*-*-*-*-*-*-*-*-*-*-*-*-*-*-*-*-*-*-*-*
== TEST (2019-04-11 08:53:10) 
-- CODE:
# Teste seu código aos poucos.
# Não teste tudo no final, pois fica mais difícil de identificar erros.
# Use as mensagens de erro para corrigir seu código.
x = float(input("x: "))
y = float(input("y: "))

if (2 * x + y == 3):
	mensagem = "ponto pertence a reta"
else:
	mensagem = "ponto nao pertence a reta"
	
print(mensagem)	
-- OUTPUT:
ponto pertence a reta
*-*-*-*-*-*-*-*-*-*-*-*-*-*-*-*-*-*-*-*-*-*-*-*
== SUBMITION (2019-04-11 08:53:19) 
-- CODE:
# Teste seu código aos poucos.
# Não teste tudo no final, pois fica mais difícil de identificar erros.
# Use as mensagens de erro para corrigir seu código.
x = float(input("x: "))
y = float(input("y: "))

if (2 * x + y == 3):
	mensagem = "ponto pertence a reta"
else:
	mensagem = "ponto nao pertence a reta"
	
print(mensagem)	
-- EXECUTION TIME:
0.134153
-- TEST CASE 1:
---- input:
20
-37
---- correct output:
ponto pertence a reta
---- user output:
ponto pertence a reta
-- TEST CASE 2:
---- input:
5
13
---- correct output:
ponto nao pertence a reta
---- user output:
ponto nao pertence a reta
-- GRADE:
100%
*-*-*-*-*-*-*-*-*-*-*-*-*-*-*-*-*-*-*-*-*-*-*-*
