2019-4-7 00:26:38.801#viewportChange#0
2019-4-7 00:27:19.082#mousedown#{"isTrusted":true}
2019-4-7 00:27:19.092#focus#
2019-4-7 00:34:35.364#mousedown#{"isTrusted":true}
2019-4-7 00:34:48.170#mousedown#{"isTrusted":true}
2019-4-7 00:35:10.930#change#{"from":{"line":0,"ch":5,"sticky":null},"to":{"line":0,"ch":5,"sticky":null},"text":[" "],"removed":[""],"origin":"+input"}
2019-4-7 00:35:11.691#change#{"from":{"line":0,"ch":6,"sticky":null},"to":{"line":0,"ch":6,"sticky":null},"text":["p"],"removed":[""],"origin":"+input"}
2019-4-7 00:35:12.043#change#{"from":{"line":0,"ch":7,"sticky":null},"to":{"line":0,"ch":7,"sticky":null},"text":["a"],"removed":[""],"origin":"+input"}
2019-4-7 00:35:12.204#change#{"from":{"line":0,"ch":8,"sticky":null},"to":{"line":0,"ch":8,"sticky":null},"text":["g"],"removed":[""],"origin":"+input"}
2019-4-7 00:35:12.304#change#{"from":{"line":0,"ch":9,"sticky":null},"to":{"line":0,"ch":9,"sticky":null},"text":["a"],"removed":[""],"origin":"+input"}
2019-4-7 00:35:12.539#change#{"from":{"line":0,"ch":10,"sticky":null},"to":{"line":0,"ch":10,"sticky":null},"text":["m"],"removed":[""],"origin":"+input"}
2019-4-7 00:35:13.322#change#{"from":{"line":0,"ch":10,"sticky":"after"},"to":{"line":0,"ch":11,"sticky":null},"text":[""],"removed":["m"],"origin":"+delete"}
2019-4-7 00:35:13.322#keyHandled#"Backspace"
2019-4-7 00:35:13.566#change#{"from":{"line":0,"ch":9,"sticky":"after"},"to":{"line":0,"ch":10,"sticky":null},"text":[""],"removed":["a"],"origin":"+delete"}
2019-4-7 00:35:13.566#keyHandled#"Backspace"
2019-4-7 00:35:13.682#change#{"from":{"line":0,"ch":8,"sticky":"after"},"to":{"line":0,"ch":9,"sticky":null},"text":[""],"removed":["g"],"origin":"+delete"}
2019-4-7 00:35:13.682#keyHandled#"Backspace"
2019-4-7 00:35:13.842#change#{"from":{"line":0,"ch":7,"sticky":"after"},"to":{"line":0,"ch":8,"sticky":null},"text":[""],"removed":["a"],"origin":"+delete"}
2019-4-7 00:35:13.842#keyHandled#"Backspace"
2019-4-7 00:35:14.055#change#{"from":{"line":0,"ch":6,"sticky":"after"},"to":{"line":0,"ch":7,"sticky":null},"text":[""],"removed":["p"],"origin":"+delete"}
2019-4-7 00:35:14.055#keyHandled#"Backspace"
2019-4-7 00:35:14.432#change#{"from":{"line":0,"ch":5,"sticky":"after"},"to":{"line":0,"ch":6,"sticky":null},"text":[""],"removed":[" "],"origin":"+delete"}
2019-4-7 00:35:14.432#keyHandled#"Backspace"
2019-4-7 00:35:15.272#change#{"from":{"line":0,"ch":5,"sticky":null},"to":{"line":0,"ch":5,"sticky":null},"text":[" "],"removed":[""],"origin":"+input"}
2019-4-7 00:35:15.689#change#{"from":{"line":0,"ch":6,"sticky":null},"to":{"line":0,"ch":6,"sticky":null},"text":["="],"removed":[""],"origin":"+input"}
2019-4-7 00:35:15.825#change#{"from":{"line":0,"ch":7,"sticky":null},"to":{"line":0,"ch":7,"sticky":null},"text":[" "],"removed":[""],"origin":"+input"}
2019-4-7 00:35:16.937#change#{"from":{"line":0,"ch":8,"sticky":null},"to":{"line":0,"ch":8,"sticky":null},"text":["f"],"removed":[""],"origin":"+input"}
2019-4-7 00:35:17.100#change#{"from":{"line":0,"ch":9,"sticky":null},"to":{"line":0,"ch":9,"sticky":null},"text":["l"],"removed":[""],"origin":"+input"}
2019-4-7 00:35:17.288#change#{"from":{"line":0,"ch":10,"sticky":null},"to":{"line":0,"ch":10,"sticky":null},"text":["o"],"removed":[""],"origin":"+input"}
2019-4-7 00:35:17.470#change#{"from":{"line":0,"ch":11,"sticky":null},"to":{"line":0,"ch":11,"sticky":null},"text":["s"],"removed":[""],"origin":"+input"}
2019-4-7 00:35:18.187#change#{"from":{"line":0,"ch":11,"sticky":"after"},"to":{"line":0,"ch":12,"sticky":null},"text":[""],"removed":["s"],"origin":"+delete"}
2019-4-7 00:35:18.187#keyHandled#"Backspace"
2019-4-7 00:35:18.353#change#{"from":{"line":0,"ch":11,"sticky":null},"to":{"line":0,"ch":11,"sticky":null},"text":["a"],"removed":[""],"origin":"+input"}
2019-4-7 00:35:19.064#change#{"from":{"line":0,"ch":12,"sticky":null},"to":{"line":0,"ch":12,"sticky":null},"text":["t"],"removed":[""],"origin":"+input"}
2019-4-7 00:35:21.203#change#{"from":{"line":0,"ch":13,"sticky":null},"to":{"line":0,"ch":13,"sticky":null},"text":["()"],"removed":[""],"origin":"+input"}
2019-4-7 00:35:21.203#keyHandled#"'('"
2019-4-7 00:35:21.978#change#{"from":{"line":0,"ch":14,"sticky":"after"},"to":{"line":0,"ch":14,"sticky":"after"},"text":["i"],"removed":[""],"origin":"+input"}
2019-4-7 00:35:22.450#change#{"from":{"line":0,"ch":15,"sticky":null},"to":{"line":0,"ch":15,"sticky":null},"text":["n"],"removed":[""],"origin":"+input"}
2019-4-7 00:35:23.401#change#{"from":{"line":0,"ch":16,"sticky":null},"to":{"line":0,"ch":16,"sticky":null},"text":["p"],"removed":[""],"origin":"+input"}
2019-4-7 00:35:23.918#change#{"from":{"line":0,"ch":17,"sticky":null},"to":{"line":0,"ch":17,"sticky":null},"text":["u"],"removed":[""],"origin":"+input"}
2019-4-7 00:35:24.078#change#{"from":{"line":0,"ch":18,"sticky":null},"to":{"line":0,"ch":18,"sticky":null},"text":["t"],"removed":[""],"origin":"+input"}
2019-4-7 00:35:25.831#change#{"from":{"line":0,"ch":19,"sticky":null},"to":{"line":0,"ch":19,"sticky":null},"text":["()"],"removed":[""],"origin":"+input"}
2019-4-7 00:35:25.831#keyHandled#"'('"
2019-4-7 00:35:31.251#keyHandled#"End"
2019-4-7 00:35:31.524#change#{"from":{"line":0,"ch":22,"sticky":"before"},"to":{"line":0,"ch":22,"sticky":"before"},"text":["",""],"removed":[""],"origin":"+input"}
2019-4-7 00:35:31.524#keyHandled#"Enter"
2019-4-7 00:35:31.533#viewportChange#0
2019-4-7 00:35:32.789#change#{"from":{"line":1,"ch":0,"sticky":null},"to":{"line":1,"ch":0,"sticky":null},"text":["p"],"removed":[""],"origin":"+input"}
2019-4-7 00:35:33.586#change#{"from":{"line":1,"ch":1,"sticky":null},"to":{"line":1,"ch":1,"sticky":null},"text":["e"],"removed":[""],"origin":"+input"}
2019-4-7 00:35:33.781#change#{"from":{"line":1,"ch":2,"sticky":null},"to":{"line":1,"ch":2,"sticky":null},"text":["g"],"removed":[""],"origin":"+input"}
2019-4-7 00:35:34.019#change#{"from":{"line":1,"ch":3,"sticky":null},"to":{"line":1,"ch":3,"sticky":null},"text":["a"],"removed":[""],"origin":"+input"}
2019-4-7 00:35:34.223#change#{"from":{"line":1,"ch":4,"sticky":null},"to":{"line":1,"ch":4,"sticky":null},"text":["m"],"removed":[""],"origin":"+input"}
2019-4-7 00:35:34.434#change#{"from":{"line":1,"ch":5,"sticky":null},"to":{"line":1,"ch":5,"sticky":null},"text":["a"],"removed":[""],"origin":"+input"}
2019-4-7 00:35:34.620#change#{"from":{"line":1,"ch":6,"sticky":null},"to":{"line":1,"ch":6,"sticky":null},"text":["n"],"removed":[""],"origin":"+input"}
2019-4-7 00:35:35.157#change#{"from":{"line":1,"ch":6,"sticky":"after"},"to":{"line":1,"ch":7,"sticky":null},"text":[""],"removed":["n"],"origin":"+delete"}
2019-4-7 00:35:35.158#keyHandled#"Backspace"
2019-4-7 00:35:35.396#change#{"from":{"line":1,"ch":5,"sticky":"after"},"to":{"line":1,"ch":6,"sticky":null},"text":[""],"removed":["a"],"origin":"+delete"}
2019-4-7 00:35:35.396#keyHandled#"Backspace"
2019-4-7 00:35:36.688#change#{"from":{"line":1,"ch":4,"sticky":"after"},"to":{"line":1,"ch":5,"sticky":null},"text":[""],"removed":["m"],"origin":"+delete"}
2019-4-7 00:35:36.688#keyHandled#"Backspace"
2019-4-7 00:35:36.899#change#{"from":{"line":1,"ch":3,"sticky":"after"},"to":{"line":1,"ch":4,"sticky":null},"text":[""],"removed":["a"],"origin":"+delete"}
2019-4-7 00:35:36.900#keyHandled#"Backspace"
2019-4-7 00:35:37.275#change#{"from":{"line":1,"ch":2,"sticky":"after"},"to":{"line":1,"ch":3,"sticky":null},"text":[""],"removed":["g"],"origin":"+delete"}
2019-4-7 00:35:37.275#keyHandled#"Backspace"
2019-4-7 00:35:37.464#change#{"from":{"line":1,"ch":1,"sticky":"after"},"to":{"line":1,"ch":2,"sticky":null},"text":[""],"removed":["e"],"origin":"+delete"}
2019-4-7 00:35:37.464#keyHandled#"Backspace"
2019-4-7 00:35:38.621#change#{"from":{"line":1,"ch":1,"sticky":null},"to":{"line":1,"ch":1,"sticky":null},"text":["p"],"removed":[""],"origin":"+input"}
2019-4-7 00:35:38.722#change#{"from":{"line":1,"ch":2,"sticky":null},"to":{"line":1,"ch":2,"sticky":null},"text":["a"],"removed":[""],"origin":"+input"}
2019-4-7 00:35:39.337#change#{"from":{"line":1,"ch":2,"sticky":"after"},"to":{"line":1,"ch":3,"sticky":null},"text":[""],"removed":["a"],"origin":"+delete"}
2019-4-7 00:35:39.337#keyHandled#"Backspace"
2019-4-7 00:35:39.538#change#{"from":{"line":1,"ch":1,"sticky":"after"},"to":{"line":1,"ch":2,"sticky":null},"text":[""],"removed":["p"],"origin":"+delete"}
2019-4-7 00:35:39.538#keyHandled#"Backspace"
2019-4-7 00:35:41.326#change#{"from":{"line":1,"ch":2,"sticky":null},"to":{"line":1,"ch":2,"sticky":null},"text":["g"],"removed":[""],"origin":"+input"}
2019-4-7 00:35:41.408#change#{"from":{"line":1,"ch":3,"sticky":null},"to":{"line":1,"ch":3,"sticky":null},"text":["a"],"removed":[""],"origin":"+input"}
2019-4-7 00:35:42.367#change#{"from":{"line":1,"ch":4,"sticky":null},"to":{"line":1,"ch":4,"sticky":null},"text":["m"],"removed":[""],"origin":"+input"}
2019-4-7 00:35:43.755#change#{"from":{"line":1,"ch":5,"sticky":null},"to":{"line":1,"ch":5,"sticky":null},"text":[" "],"removed":[""],"origin":"+input"}
2019-4-7 00:35:43.993#change#{"from":{"line":1,"ch":6,"sticky":null},"to":{"line":1,"ch":6,"sticky":null},"text":["="],"removed":[""],"origin":"+input"}
2019-4-7 00:35:44.184#change#{"from":{"line":1,"ch":7,"sticky":null},"to":{"line":1,"ch":7,"sticky":null},"text":[" "],"removed":[""],"origin":"+input"}
2019-4-7 00:35:45.284#change#{"from":{"line":1,"ch":8,"sticky":null},"to":{"line":1,"ch":8,"sticky":null},"text":["f"],"removed":[""],"origin":"+input"}
2019-4-7 00:35:45.435#change#{"from":{"line":1,"ch":9,"sticky":null},"to":{"line":1,"ch":9,"sticky":null},"text":["l"],"removed":[""],"origin":"+input"}
2019-4-7 00:35:45.623#change#{"from":{"line":1,"ch":10,"sticky":null},"to":{"line":1,"ch":10,"sticky":null},"text":["o"],"removed":[""],"origin":"+input"}
2019-4-7 00:35:46.357#change#{"from":{"line":1,"ch":11,"sticky":null},"to":{"line":1,"ch":11,"sticky":null},"text":["a"],"removed":[""],"origin":"+input"}
2019-4-7 00:35:46.617#change#{"from":{"line":1,"ch":12,"sticky":null},"to":{"line":1,"ch":12,"sticky":null},"text":["t"],"removed":[""],"origin":"+input"}
2019-4-7 00:35:47.712#change#{"from":{"line":1,"ch":13,"sticky":null},"to":{"line":1,"ch":13,"sticky":null},"text":["I"],"removed":[""],"origin":"+input"}
2019-4-7 00:35:48.343#change#{"from":{"line":1,"ch":13,"sticky":"after"},"to":{"line":1,"ch":14,"sticky":null},"text":[""],"removed":["I"],"origin":"+delete"}
2019-4-7 00:35:48.343#keyHandled#"Backspace"
2019-4-7 00:35:50.070#change#{"from":{"line":1,"ch":13,"sticky":null},"to":{"line":1,"ch":13,"sticky":null},"text":["()"],"removed":[""],"origin":"+input"}
2019-4-7 00:35:50.071#keyHandled#"'('"
2019-4-7 00:35:50.791#change#{"from":{"line":1,"ch":14,"sticky":"after"},"to":{"line":1,"ch":14,"sticky":"after"},"text":["i"],"removed":[""],"origin":"+input"}
2019-4-7 00:35:50.974#change#{"from":{"line":1,"ch":15,"sticky":null},"to":{"line":1,"ch":15,"sticky":null},"text":["n"],"removed":[""],"origin":"+input"}
2019-4-7 00:35:51.306#change#{"from":{"line":1,"ch":16,"sticky":null},"to":{"line":1,"ch":16,"sticky":null},"text":["p"],"removed":[""],"origin":"+input"}
2019-4-7 00:35:51.879#change#{"from":{"line":1,"ch":17,"sticky":null},"to":{"line":1,"ch":17,"sticky":null},"text":["t"],"removed":[""],"origin":"+input"}
2019-4-7 00:35:52.590#change#{"from":{"line":1,"ch":17,"sticky":"after"},"to":{"line":1,"ch":18,"sticky":null},"text":[""],"removed":["t"],"origin":"+delete"}
2019-4-7 00:35:52.590#keyHandled#"Backspace"
2019-4-7 00:35:53.102#change#{"from":{"line":1,"ch":17,"sticky":null},"to":{"line":1,"ch":17,"sticky":null},"text":["u"],"removed":[""],"origin":"+input"}
2019-4-7 00:35:53.391#change#{"from":{"line":1,"ch":18,"sticky":null},"to":{"line":1,"ch":18,"sticky":null},"text":["t"],"removed":[""],"origin":"+input"}
2019-4-7 00:35:54.641#change#{"from":{"line":1,"ch":19,"sticky":null},"to":{"line":1,"ch":19,"sticky":null},"text":["()"],"removed":[""],"origin":"+input"}
2019-4-7 00:35:54.641#keyHandled#"'('"
2019-4-7 00:35:56.329#change#{"from":{"line":1,"ch":20,"sticky":"after"},"to":{"line":1,"ch":20,"sticky":"after"},"text":["\"\""],"removed":[""],"origin":"+input"}
2019-4-7 00:35:56.329#keyHandled#"'\"'"
2019-4-7 00:35:57.506#change#{"from":{"line":1,"ch":20,"sticky":null},"to":{"line":1,"ch":22,"sticky":null},"text":[""],"removed":["\"\""],"origin":"+delete"}
2019-4-7 00:35:57.506#keyHandled#"Backspace"
2019-4-7 00:35:58.691#keyHandled#"Right"
2019-4-7 00:35:58.908#keyHandled#"Right"
2019-4-7 00:35:59.473#change#{"from":{"line":1,"ch":22,"sticky":"before"},"to":{"line":1,"ch":22,"sticky":"before"},"text":["",""],"removed":[""],"origin":"+input"}
2019-4-7 00:35:59.473#keyHandled#"Enter"
2019-4-7 00:35:59.485#viewportChange#0
2019-4-7 00:35:59.928#change#{"from":{"line":2,"ch":0,"sticky":null},"to":{"line":2,"ch":0,"sticky":null},"text":["",""],"removed":[""],"origin":"+input"}
2019-4-7 00:35:59.928#keyHandled#"Enter"
2019-4-7 00:35:59.937#viewportChange#0
2019-4-7 00:36:08.218#change#{"from":{"line":3,"ch":0,"sticky":null},"to":{"line":3,"ch":0,"sticky":null},"text":["i"],"removed":[""],"origin":"+input"}
2019-4-7 00:36:08.292#change#{"from":{"line":3,"ch":1,"sticky":null},"to":{"line":3,"ch":1,"sticky":null},"text":["f"],"removed":[""],"origin":"+input"}
2019-4-7 00:36:11.608#change#{"from":{"line":3,"ch":2,"sticky":null},"to":{"line":3,"ch":2,"sticky":null},"text":[" "],"removed":[""],"origin":"+input"}
2019-4-7 00:36:12.866#change#{"from":{"line":3,"ch":3,"sticky":null},"to":{"line":3,"ch":3,"sticky":null},"text":["p"],"removed":[""],"origin":"+input"}
2019-4-7 00:36:13.069#change#{"from":{"line":3,"ch":4,"sticky":null},"to":{"line":3,"ch":4,"sticky":null},"text":["r"],"removed":[""],"origin":"+input"}
2019-4-7 00:36:13.365#change#{"from":{"line":3,"ch":5,"sticky":null},"to":{"line":3,"ch":5,"sticky":null},"text":["e"],"removed":[""],"origin":"+input"}
2019-4-7 00:36:14.271#change#{"from":{"line":3,"ch":6,"sticky":null},"to":{"line":3,"ch":6,"sticky":null},"text":["c"],"removed":[""],"origin":"+input"}
2019-4-7 00:36:14.837#change#{"from":{"line":3,"ch":7,"sticky":null},"to":{"line":3,"ch":7,"sticky":null},"text":["o"],"removed":[""],"origin":"+input"}
2019-4-7 00:36:15.723#change#{"from":{"line":3,"ch":8,"sticky":null},"to":{"line":3,"ch":8,"sticky":null},"text":[" "],"removed":[""],"origin":"+input"}
2019-4-7 00:36:16.651#change#{"from":{"line":3,"ch":9,"sticky":null},"to":{"line":3,"ch":9,"sticky":null},"text":[">"],"removed":[""],"origin":"+input"}
2019-4-7 00:36:17.022#change#{"from":{"line":3,"ch":10,"sticky":null},"to":{"line":3,"ch":10,"sticky":null},"text":[" "],"removed":[""],"origin":"+input"}
2019-4-7 00:36:18.134#change#{"from":{"line":3,"ch":11,"sticky":null},"to":{"line":3,"ch":11,"sticky":null},"text":["p"],"removed":[""],"origin":"+input"}
2019-4-7 00:36:18.724#change#{"from":{"line":3,"ch":12,"sticky":null},"to":{"line":3,"ch":12,"sticky":null},"text":["a"],"removed":[""],"origin":"+input"}
2019-4-7 00:36:18.868#change#{"from":{"line":3,"ch":13,"sticky":null},"to":{"line":3,"ch":13,"sticky":null},"text":["g"],"removed":[""],"origin":"+input"}
2019-4-7 00:36:19.013#change#{"from":{"line":3,"ch":14,"sticky":null},"to":{"line":3,"ch":14,"sticky":null},"text":["a"],"removed":[""],"origin":"+input"}
2019-4-7 00:36:19.733#change#{"from":{"line":3,"ch":15,"sticky":null},"to":{"line":3,"ch":15,"sticky":null},"text":["m"],"removed":[""],"origin":"+input"}
2019-4-7 00:36:20.852#change#{"from":{"line":3,"ch":16,"sticky":null},"to":{"line":3,"ch":16,"sticky":null},"text":[":"],"removed":[""],"origin":"+input"}
2019-4-7 00:36:21.265#change#{"from":{"line":3,"ch":17,"sticky":null},"to":{"line":3,"ch":17,"sticky":null},"text":["",""],"removed":[""],"origin":"+input"}
2019-4-7 00:36:21.265#change#{"from":{"line":4,"ch":0,"sticky":null},"to":{"line":4,"ch":0,"sticky":null},"text":["\t"],"removed":[""],"origin":"+input"}
2019-4-7 00:36:21.265#keyHandled#"Enter"
2019-4-7 00:36:21.278#viewportChange#0
2019-4-7 00:36:28.917#change#{"from":{"line":4,"ch":1,"sticky":null},"to":{"line":4,"ch":1,"sticky":null},"text":["p"],"removed":[""],"origin":"+input"}
2019-4-7 00:36:29.087#change#{"from":{"line":4,"ch":2,"sticky":null},"to":{"line":4,"ch":2,"sticky":null},"text":["r"],"removed":[""],"origin":"+input"}
2019-4-7 00:36:29.460#change#{"from":{"line":4,"ch":3,"sticky":null},"to":{"line":4,"ch":3,"sticky":null},"text":["i"],"removed":[""],"origin":"+input"}
2019-4-7 00:36:29.784#change#{"from":{"line":4,"ch":4,"sticky":null},"to":{"line":4,"ch":4,"sticky":null},"text":["n"],"removed":[""],"origin":"+input"}
2019-4-7 00:36:29.952#change#{"from":{"line":4,"ch":5,"sticky":null},"to":{"line":4,"ch":5,"sticky":null},"text":["t"],"removed":[""],"origin":"+input"}
2019-4-7 00:36:31.506#change#{"from":{"line":4,"ch":6,"sticky":null},"to":{"line":4,"ch":6,"sticky":null},"text":["()"],"removed":[""],"origin":"+input"}
2019-4-7 00:36:31.506#keyHandled#"'('"
2019-4-7 00:36:34.128#change#{"from":{"line":4,"ch":7,"sticky":"after"},"to":{"line":4,"ch":7,"sticky":"after"},"text":["\"\""],"removed":[""],"origin":"+input"}
2019-4-7 00:36:34.128#keyHandled#"'\"'"
2019-4-7 00:36:35.077#change#{"from":{"line":4,"ch":8,"sticky":"after"},"to":{"line":4,"ch":8,"sticky":"after"},"text":["f"],"removed":[""],"origin":"+input"}
2019-4-7 00:36:35.253#change#{"from":{"line":4,"ch":9,"sticky":null},"to":{"line":4,"ch":9,"sticky":null},"text":["a"],"removed":[""],"origin":"+input"}
2019-4-7 00:36:36.288#change#{"from":{"line":4,"ch":9,"sticky":"after"},"to":{"line":4,"ch":10,"sticky":null},"text":[""],"removed":["a"],"origin":"+delete"}
2019-4-7 00:36:36.288#keyHandled#"Backspace"
2019-4-7 00:36:36.453#change#{"from":{"line":4,"ch":8,"sticky":"after"},"to":{"line":4,"ch":9,"sticky":null},"text":[""],"removed":["f"],"origin":"+delete"}
2019-4-7 00:36:36.454#keyHandled#"Backspace"
2019-4-7 00:36:38.051#change#{"from":{"line":4,"ch":8,"sticky":null},"to":{"line":4,"ch":8,"sticky":null},"text":["F"],"removed":[""],"origin":"+input"}
2019-4-7 00:36:38.744#change#{"from":{"line":4,"ch":9,"sticky":null},"to":{"line":4,"ch":9,"sticky":null},"text":["a"],"removed":[""],"origin":"+input"}
2019-4-7 00:36:38.971#change#{"from":{"line":4,"ch":10,"sticky":null},"to":{"line":4,"ch":10,"sticky":null},"text":["l"],"removed":[""],"origin":"+input"}
2019-4-7 00:36:39.698#change#{"from":{"line":4,"ch":11,"sticky":null},"to":{"line":4,"ch":11,"sticky":null},"text":["t"],"removed":[""],"origin":"+input"}
2019-4-7 00:36:39.783#change#{"from":{"line":4,"ch":12,"sticky":null},"to":{"line":4,"ch":12,"sticky":null},"text":["a"],"removed":[""],"origin":"+input"}
2019-4-7 00:36:40.668#keyHandled#"Right"
2019-4-7 00:36:42.255#change#{"from":{"line":4,"ch":14,"sticky":"before"},"to":{"line":4,"ch":14,"sticky":"before"},"text":[","],"removed":[""],"origin":"+input"}
2019-4-7 00:36:44.188#change#{"from":{"line":4,"ch":15,"sticky":null},"to":{"line":4,"ch":15,"sticky":null},"text":[" "],"removed":[""],"origin":"+input"}
2019-4-7 00:36:46.008#change#{"from":{"line":4,"ch":16,"sticky":null},"to":{"line":4,"ch":16,"sticky":null},"text":["p"],"removed":[""],"origin":"+input"}
2019-4-7 00:36:46.775#change#{"from":{"line":4,"ch":17,"sticky":null},"to":{"line":4,"ch":17,"sticky":null},"text":["r"],"removed":[""],"origin":"+input"}
2019-4-7 00:36:47.073#change#{"from":{"line":4,"ch":18,"sticky":null},"to":{"line":4,"ch":18,"sticky":null},"text":["e"],"removed":[""],"origin":"+input"}
2019-4-7 00:36:47.979#change#{"from":{"line":4,"ch":19,"sticky":null},"to":{"line":4,"ch":19,"sticky":null},"text":["c"],"removed":[""],"origin":"+input"}
2019-4-7 00:36:48.219#change#{"from":{"line":4,"ch":20,"sticky":null},"to":{"line":4,"ch":20,"sticky":null},"text":["o"],"removed":[""],"origin":"+input"}
2019-4-7 00:36:48.658#change#{"from":{"line":4,"ch":21,"sticky":null},"to":{"line":4,"ch":21,"sticky":null},"text":[" "],"removed":[""],"origin":"+input"}
2019-4-7 00:36:49.015#change#{"from":{"line":4,"ch":22,"sticky":null},"to":{"line":4,"ch":22,"sticky":null},"text":["-"],"removed":[""],"origin":"+input"}
2019-4-7 00:36:49.189#change#{"from":{"line":4,"ch":23,"sticky":null},"to":{"line":4,"ch":23,"sticky":null},"text":[" "],"removed":[""],"origin":"+input"}
2019-4-7 00:36:50.046#change#{"from":{"line":4,"ch":24,"sticky":null},"to":{"line":4,"ch":24,"sticky":null},"text":["p"],"removed":[""],"origin":"+input"}
2019-4-7 00:36:50.966#change#{"from":{"line":4,"ch":25,"sticky":null},"to":{"line":4,"ch":25,"sticky":null},"text":["a"],"removed":[""],"origin":"+input"}
2019-4-7 00:36:51.232#change#{"from":{"line":4,"ch":26,"sticky":null},"to":{"line":4,"ch":26,"sticky":null},"text":["g"],"removed":[""],"origin":"+input"}
2019-4-7 00:36:51.732#change#{"from":{"line":4,"ch":27,"sticky":null},"to":{"line":4,"ch":27,"sticky":null},"text":["a"],"removed":[""],"origin":"+input"}
2019-4-7 00:36:51.973#change#{"from":{"line":4,"ch":28,"sticky":null},"to":{"line":4,"ch":28,"sticky":null},"text":["m"],"removed":[""],"origin":"+input"}
2019-4-7 00:36:53.921#mousedown#{"isTrusted":true}
2019-4-7 00:36:55.323#change#{"from":{"line":4,"ch":30,"sticky":"before","xRel":40.84375},"to":{"line":4,"ch":30,"sticky":"before","xRel":40.84375},"text":["",""],"removed":[""],"origin":"+input"}
2019-4-7 00:36:55.323#change#{"from":{"line":5,"ch":0,"sticky":null},"to":{"line":5,"ch":0,"sticky":null},"text":["\t"],"removed":[""],"origin":"+input"}
2019-4-7 00:36:55.323#keyHandled#"Enter"
2019-4-7 00:36:55.334#viewportChange#0
2019-4-7 00:36:56.187#change#{"from":{"line":5,"ch":0,"sticky":"after"},"to":{"line":5,"ch":1,"sticky":null},"text":[""],"removed":["\t"],"origin":"+delete"}
2019-4-7 00:36:56.188#keyHandled#"Backspace"
2019-4-7 00:36:57.382#change#{"from":{"line":5,"ch":0,"sticky":null},"to":{"line":5,"ch":0,"sticky":null},"text":["e"],"removed":[""],"origin":"+input"}
2019-4-7 00:36:57.561#change#{"from":{"line":5,"ch":1,"sticky":null},"to":{"line":5,"ch":1,"sticky":null},"text":["l"],"removed":[""],"origin":"+input"}
2019-4-7 00:36:57.759#change#{"from":{"line":5,"ch":2,"sticky":null},"to":{"line":5,"ch":2,"sticky":null},"text":["s"],"removed":[""],"origin":"+input"}
2019-4-7 00:36:58.000#change#{"from":{"line":5,"ch":3,"sticky":null},"to":{"line":5,"ch":3,"sticky":null},"text":["e"],"removed":[""],"origin":"+input"}
2019-4-7 00:36:59.250#change#{"from":{"line":5,"ch":4,"sticky":null},"to":{"line":5,"ch":4,"sticky":null},"text":[":"],"removed":[""],"origin":"+input"}
2019-4-7 00:36:59.687#change#{"from":{"line":5,"ch":5,"sticky":null},"to":{"line":5,"ch":5,"sticky":null},"text":["",""],"removed":[""],"origin":"+input"}
2019-4-7 00:36:59.687#change#{"from":{"line":6,"ch":0,"sticky":null},"to":{"line":6,"ch":0,"sticky":null},"text":["\t"],"removed":[""],"origin":"+input"}
2019-4-7 00:36:59.687#keyHandled#"Enter"
2019-4-7 00:36:59.706#viewportChange#0
2019-4-7 00:37:00.642#change#{"from":{"line":6,"ch":1,"sticky":null},"to":{"line":6,"ch":1,"sticky":null},"text":["p"],"removed":[""],"origin":"+input"}
2019-4-7 00:37:00.950#change#{"from":{"line":6,"ch":2,"sticky":null},"to":{"line":6,"ch":2,"sticky":null},"text":["r"],"removed":[""],"origin":"+input"}
2019-4-7 00:37:01.076#change#{"from":{"line":6,"ch":3,"sticky":null},"to":{"line":6,"ch":3,"sticky":null},"text":["i"],"removed":[""],"origin":"+input"}
2019-4-7 00:37:01.209#change#{"from":{"line":6,"ch":4,"sticky":null},"to":{"line":6,"ch":4,"sticky":null},"text":["n"],"removed":[""],"origin":"+input"}
2019-4-7 00:37:01.410#change#{"from":{"line":6,"ch":5,"sticky":null},"to":{"line":6,"ch":5,"sticky":null},"text":["t"],"removed":[""],"origin":"+input"}
2019-4-7 00:37:02.859#change#{"from":{"line":6,"ch":6,"sticky":null},"to":{"line":6,"ch":6,"sticky":null},"text":["()"],"removed":[""],"origin":"+input"}
2019-4-7 00:37:02.859#keyHandled#"'('"
2019-4-7 00:37:04.948#change#{"from":{"line":6,"ch":7,"sticky":"after"},"to":{"line":6,"ch":7,"sticky":"after"},"text":["\"\""],"removed":[""],"origin":"+input"}
2019-4-7 00:37:04.948#keyHandled#"'\"'"
2019-4-7 00:37:06.416#change#{"from":{"line":6,"ch":8,"sticky":"after"},"to":{"line":6,"ch":8,"sticky":"after"},"text":["T"],"removed":[""],"origin":"+input"}
2019-4-7 00:37:07.213#change#{"from":{"line":6,"ch":9,"sticky":null},"to":{"line":6,"ch":9,"sticky":null},"text":["r"],"removed":[""],"origin":"+input"}
2019-4-7 00:37:07.393#change#{"from":{"line":6,"ch":10,"sticky":null},"to":{"line":6,"ch":10,"sticky":null},"text":["o"],"removed":[""],"origin":"+input"}
2019-4-7 00:37:08.167#change#{"from":{"line":6,"ch":11,"sticky":null},"to":{"line":6,"ch":11,"sticky":null},"text":["c"],"removed":[""],"origin":"+input"}
2019-4-7 00:37:08.294#change#{"from":{"line":6,"ch":12,"sticky":null},"to":{"line":6,"ch":12,"sticky":null},"text":["o"],"removed":[""],"origin":"+input"}
2019-4-7 00:37:09.281#change#{"from":{"line":6,"ch":13,"sticky":null},"to":{"line":6,"ch":13,"sticky":null},"text":[" "],"removed":[""],"origin":"+input"}
2019-4-7 00:37:09.644#change#{"from":{"line":6,"ch":14,"sticky":null},"to":{"line":6,"ch":14,"sticky":null},"text":["d"],"removed":[""],"origin":"+input"}
2019-4-7 00:37:09.858#change#{"from":{"line":6,"ch":15,"sticky":null},"to":{"line":6,"ch":15,"sticky":null},"text":["e"],"removed":[""],"origin":"+input"}
2019-4-7 00:37:14.210#keyHandled#"Right"
2019-4-7 00:37:15.237#change#{"from":{"line":6,"ch":17,"sticky":"before"},"to":{"line":6,"ch":17,"sticky":"before"},"text":[","],"removed":[""],"origin":"+input"}
2019-4-7 00:37:15.572#change#{"from":{"line":6,"ch":18,"sticky":null},"to":{"line":6,"ch":18,"sticky":null},"text":[" "],"removed":[""],"origin":"+input"}
2019-4-7 00:37:16.420#change#{"from":{"line":6,"ch":19,"sticky":null},"to":{"line":6,"ch":19,"sticky":null},"text":["p"],"removed":[""],"origin":"+input"}
2019-4-7 00:37:17.464#change#{"from":{"line":6,"ch":20,"sticky":null},"to":{"line":6,"ch":20,"sticky":null},"text":["a"],"removed":[""],"origin":"+input"}
2019-4-7 00:37:17.638#change#{"from":{"line":6,"ch":21,"sticky":null},"to":{"line":6,"ch":21,"sticky":null},"text":["g"],"removed":[""],"origin":"+input"}
2019-4-7 00:37:17.867#change#{"from":{"line":6,"ch":22,"sticky":null},"to":{"line":6,"ch":22,"sticky":null},"text":["a"],"removed":[""],"origin":"+input"}
2019-4-7 00:37:18.608#change#{"from":{"line":6,"ch":23,"sticky":null},"to":{"line":6,"ch":23,"sticky":null},"text":["m"],"removed":[""],"origin":"+input"}
2019-4-7 00:37:19.231#change#{"from":{"line":6,"ch":24,"sticky":null},"to":{"line":6,"ch":24,"sticky":null},"text":[" "],"removed":[""],"origin":"+input"}
2019-4-7 00:37:19.413#change#{"from":{"line":6,"ch":25,"sticky":null},"to":{"line":6,"ch":25,"sticky":null},"text":["-"],"removed":[""],"origin":"+input"}
2019-4-7 00:37:19.566#change#{"from":{"line":6,"ch":26,"sticky":null},"to":{"line":6,"ch":26,"sticky":null},"text":[" "],"removed":[""],"origin":"+input"}
2019-4-7 00:37:20.647#change#{"from":{"line":6,"ch":27,"sticky":null},"to":{"line":6,"ch":27,"sticky":null},"text":["p"],"removed":[""],"origin":"+input"}
2019-4-7 00:37:20.915#change#{"from":{"line":6,"ch":28,"sticky":null},"to":{"line":6,"ch":28,"sticky":null},"text":["r"],"removed":[""],"origin":"+input"}
2019-4-7 00:37:21.114#change#{"from":{"line":6,"ch":29,"sticky":null},"to":{"line":6,"ch":29,"sticky":null},"text":["e"],"removed":[""],"origin":"+input"}
2019-4-7 00:37:21.437#change#{"from":{"line":6,"ch":30,"sticky":null},"to":{"line":6,"ch":30,"sticky":null},"text":["c"],"removed":[""],"origin":"+input"}
2019-4-7 00:37:21.638#change#{"from":{"line":6,"ch":31,"sticky":null},"to":{"line":6,"ch":31,"sticky":null},"text":["o"],"removed":[""],"origin":"+input"}
2019-4-7 00:37:21.114#change#{"from":{"line":6,"ch":29,"sticky":null},"to":{"line":6,"ch":29,"sticky":null},"text":["e"],"removed":[""],"origin":"+input"}
2019-4-7 00:37:21.437#change#{"from":{"line":6,"ch":30,"sticky":null},"to":{"line":6,"ch":30,"sticky":null},"text":["c"],"removed":[""],"origin":"+input"}
2019-4-7 00:37:21.638#change#{"from":{"line":6,"ch":31,"sticky":null},"to":{"line":6,"ch":31,"sticky":null},"text":["o"],"removed":[""],"origin":"+input"}
2019-4-7 00:37:23.685#blur#
2019-4-7 00:37:25.182#saida_testar#$ python3 main.py
2019-4-7 18:58:00.115#viewportChange#0
