2019-5-7 13:19:43.803#viewportChange#0
2019-5-7 13:20:09.505#mousedown#{"isTrusted":true}
2019-5-7 13:20:09.510#focus#
2019-5-7 13:20:10.491#change#{"from":{"line":0,"ch":0,"sticky":null},"to":{"line":0,"ch":0,"sticky":null},"text":["n"],"removed":[""],"origin":"+input"}
2019-5-7 13:20:10.662#change#{"from":{"line":0,"ch":1,"sticky":null},"to":{"line":0,"ch":1,"sticky":null},"text":["u"],"removed":[""],"origin":"+input"}
2019-5-7 13:20:11.515#change#{"from":{"line":0,"ch":2,"sticky":null},"to":{"line":0,"ch":2,"sticky":null},"text":["m"],"removed":[""],"origin":"+input"}
2019-5-7 13:20:11.690#change#{"from":{"line":0,"ch":3,"sticky":null},"to":{"line":0,"ch":3,"sticky":null},"text":[" "],"removed":[""],"origin":"+input"}
2019-5-7 13:20:12.001#change#{"from":{"line":0,"ch":4,"sticky":null},"to":{"line":0,"ch":4,"sticky":null},"text":["="],"removed":[""],"origin":"+input"}
2019-5-7 13:20:12.097#change#{"from":{"line":0,"ch":5,"sticky":null},"to":{"line":0,"ch":5,"sticky":null},"text":[" "],"removed":[""],"origin":"+input"}
2019-5-7 13:20:16.848#change#{"from":{"line":0,"ch":6,"sticky":null},"to":{"line":0,"ch":6,"sticky":null},"text":["i"],"removed":[""],"origin":"+input"}
2019-5-7 13:20:16.986#change#{"from":{"line":0,"ch":7,"sticky":null},"to":{"line":0,"ch":7,"sticky":null},"text":["n"],"removed":[""],"origin":"+input"}
2019-5-7 13:20:17.297#change#{"from":{"line":0,"ch":8,"sticky":null},"to":{"line":0,"ch":8,"sticky":null},"text":["t"],"removed":[""],"origin":"+input"}
2019-5-7 13:20:18.138#change#{"from":{"line":0,"ch":9,"sticky":null},"to":{"line":0,"ch":9,"sticky":null},"text":["()"],"removed":[""],"origin":"+input"}
2019-5-7 13:20:18.138#keyHandled#"'('"
2019-5-7 13:20:18.776#change#{"from":{"line":0,"ch":10,"sticky":"after"},"to":{"line":0,"ch":10,"sticky":"after"},"text":["i"],"removed":[""],"origin":"+input"}
2019-5-7 13:20:18.932#change#{"from":{"line":0,"ch":11,"sticky":null},"to":{"line":0,"ch":11,"sticky":null},"text":["n"],"removed":[""],"origin":"+input"}
2019-5-7 13:20:19.138#change#{"from":{"line":0,"ch":12,"sticky":null},"to":{"line":0,"ch":12,"sticky":null},"text":["p"],"removed":[""],"origin":"+input"}
2019-5-7 13:20:19.325#change#{"from":{"line":0,"ch":13,"sticky":null},"to":{"line":0,"ch":13,"sticky":null},"text":["u"],"removed":[""],"origin":"+input"}
2019-5-7 13:20:19.473#change#{"from":{"line":0,"ch":14,"sticky":null},"to":{"line":0,"ch":14,"sticky":null},"text":["t"],"removed":[""],"origin":"+input"}
2019-5-7 13:20:20.210#change#{"from":{"line":0,"ch":15,"sticky":null},"to":{"line":0,"ch":15,"sticky":null},"text":["()"],"removed":[""],"origin":"+input"}
2019-5-7 13:20:20.210#keyHandled#"'('"
2019-5-7 13:20:20.778#change#{"from":{"line":0,"ch":16,"sticky":"after"},"to":{"line":0,"ch":16,"sticky":"after"},"text":["\"\""],"removed":[""],"origin":"+input"}
2019-5-7 13:20:20.778#keyHandled#"'\"'"
2019-5-7 13:20:41.362#change#{"from":{"line":0,"ch":17,"sticky":"after"},"to":{"line":0,"ch":17,"sticky":"after"},"text":["D"],"removed":[""],"origin":"+input"}
2019-5-7 13:20:42.449#change#{"from":{"line":0,"ch":18,"sticky":null},"to":{"line":0,"ch":18,"sticky":null},"text":["i"],"removed":[""],"origin":"+input"}
2019-5-7 13:20:42.627#change#{"from":{"line":0,"ch":19,"sticky":null},"to":{"line":0,"ch":19,"sticky":null},"text":["g"],"removed":[""],"origin":"+input"}
2019-5-7 13:20:42.702#change#{"from":{"line":0,"ch":20,"sticky":null},"to":{"line":0,"ch":20,"sticky":null},"text":["i"],"removed":[""],"origin":"+input"}
2019-5-7 13:20:42.968#change#{"from":{"line":0,"ch":21,"sticky":null},"to":{"line":0,"ch":21,"sticky":null},"text":["t"],"removed":[""],"origin":"+input"}
2019-5-7 13:20:43.093#change#{"from":{"line":0,"ch":22,"sticky":null},"to":{"line":0,"ch":22,"sticky":null},"text":["e"],"removed":[""],"origin":"+input"}
2019-5-7 13:20:43.239#change#{"from":{"line":0,"ch":23,"sticky":null},"to":{"line":0,"ch":23,"sticky":null},"text":[" "],"removed":[""],"origin":"+input"}
2019-5-7 13:20:43.700#change#{"from":{"line":0,"ch":24,"sticky":null},"to":{"line":0,"ch":24,"sticky":null},"text":["u"],"removed":[""],"origin":"+input"}
2019-5-7 13:20:43.961#change#{"from":{"line":0,"ch":25,"sticky":null},"to":{"line":0,"ch":25,"sticky":null},"text":["m"],"removed":[""],"origin":"+input"}
2019-5-7 13:20:44.182#change#{"from":{"line":0,"ch":26,"sticky":null},"to":{"line":0,"ch":26,"sticky":null},"text":[" "],"removed":[""],"origin":"+input"}
2019-5-7 13:20:44.603#change#{"from":{"line":0,"ch":27,"sticky":null},"to":{"line":0,"ch":27,"sticky":null},"text":["n"],"removed":[""],"origin":"+input"}
2019-5-7 13:20:44.764#change#{"from":{"line":0,"ch":28,"sticky":null},"to":{"line":0,"ch":28,"sticky":null},"text":["u"],"removed":[""],"origin":"+input"}
2019-5-7 13:20:44.959#change#{"from":{"line":0,"ch":29,"sticky":null},"to":{"line":0,"ch":29,"sticky":null},"text":["m"],"removed":[""],"origin":"+input"}
2019-5-7 13:20:45.025#change#{"from":{"line":0,"ch":30,"sticky":null},"to":{"line":0,"ch":30,"sticky":null},"text":["e"],"removed":[""],"origin":"+input"}
2019-5-7 13:20:45.175#change#{"from":{"line":0,"ch":31,"sticky":null},"to":{"line":0,"ch":31,"sticky":null},"text":["r"],"removed":[""],"origin":"+input"}
2019-5-7 13:20:45.188#change#{"from":{"line":0,"ch":32,"sticky":null},"to":{"line":0,"ch":32,"sticky":null},"text":["o"],"removed":[""],"origin":"+input"}
2019-5-7 13:20:45.626#change#{"from":{"line":0,"ch":33,"sticky":null},"to":{"line":0,"ch":33,"sticky":null},"text":[" "],"removed":[""],"origin":"+input"}
2019-5-7 13:20:46.029#change#{"from":{"line":0,"ch":34,"sticky":null},"to":{"line":0,"ch":34,"sticky":null},"text":["i"],"removed":[""],"origin":"+input"}
2019-5-7 13:20:46.153#change#{"from":{"line":0,"ch":35,"sticky":null},"to":{"line":0,"ch":35,"sticky":null},"text":["n"],"removed":[""],"origin":"+input"}
2019-5-7 13:20:46.483#change#{"from":{"line":0,"ch":36,"sticky":null},"to":{"line":0,"ch":36,"sticky":null},"text":["t"],"removed":[""],"origin":"+input"}
2019-5-7 13:20:46.619#change#{"from":{"line":0,"ch":37,"sticky":null},"to":{"line":0,"ch":37,"sticky":null},"text":["e"],"removed":[""],"origin":"+input"}
2019-5-7 13:20:46.750#change#{"from":{"line":0,"ch":38,"sticky":null},"to":{"line":0,"ch":38,"sticky":null},"text":["i"],"removed":[""],"origin":"+input"}
2019-5-7 13:20:46.850#change#{"from":{"line":0,"ch":39,"sticky":null},"to":{"line":0,"ch":39,"sticky":null},"text":["r"],"removed":[""],"origin":"+input"}
2019-5-7 13:20:46.965#change#{"from":{"line":0,"ch":40,"sticky":null},"to":{"line":0,"ch":40,"sticky":null},"text":["o"],"removed":[""],"origin":"+input"}
2019-5-7 13:20:47.868#keyHandled#"Right"
2019-5-7 13:20:48.019#keyHandled#"Right"
2019-5-7 13:20:49.207#keyHandled#"Left"
2019-5-7 13:20:49.358#keyHandled#"Left"
2019-5-7 13:20:50.322#change#{"from":{"line":0,"ch":41,"sticky":"after"},"to":{"line":0,"ch":41,"sticky":"after"},"text":[":"],"removed":[""],"origin":"+input"}
2019-5-7 13:20:50.456#change#{"from":{"line":0,"ch":42,"sticky":null},"to":{"line":0,"ch":42,"sticky":null},"text":[" "],"removed":[""],"origin":"+input"}
2019-5-7 13:20:50.716#keyHandled#"Right"
2019-5-7 13:20:50.823#keyHandled#"Right"
2019-5-7 13:20:50.952#keyHandled#"Right"
2019-5-7 13:20:51.469#change#{"from":{"line":0,"ch":46,"sticky":"before"},"to":{"line":0,"ch":46,"sticky":"before"},"text":["",""],"removed":[""],"origin":"+input"}
2019-5-7 13:20:51.469#keyHandled#"Enter"
2019-5-7 13:20:51.475#viewportChange#0
2019-5-7 13:20:51.643#change#{"from":{"line":1,"ch":0,"sticky":null},"to":{"line":1,"ch":0,"sticky":null},"text":["",""],"removed":[""],"origin":"+input"}
2019-5-7 13:20:51.643#keyHandled#"Enter"
2019-5-7 13:20:51.647#viewportChange#0
2019-5-7 13:20:53.094#change#{"from":{"line":2,"ch":0,"sticky":null},"to":{"line":2,"ch":0,"sticky":null},"text":["w"],"removed":[""],"origin":"+input"}
2019-5-7 13:20:53.977#change#{"from":{"line":2,"ch":1,"sticky":null},"to":{"line":2,"ch":1,"sticky":null},"text":["h"],"removed":[""],"origin":"+input"}
2019-5-7 13:20:54.338#change#{"from":{"line":2,"ch":2,"sticky":null},"to":{"line":2,"ch":2,"sticky":null},"text":["i"],"removed":[""],"origin":"+input"}
2019-5-7 13:20:54.551#change#{"from":{"line":2,"ch":3,"sticky":null},"to":{"line":2,"ch":3,"sticky":null},"text":["l"],"removed":[""],"origin":"+input"}
2019-5-7 13:20:54.609#change#{"from":{"line":2,"ch":4,"sticky":null},"to":{"line":2,"ch":4,"sticky":null},"text":["e"],"removed":[""],"origin":"+input"}
2019-5-7 13:20:57.049#mousedown#{"isTrusted":true}
2019-5-7 13:20:57.614#change#{"from":{"line":1,"ch":0,"sticky":"after","xRel":55.09375},"to":{"line":1,"ch":0,"sticky":"after","xRel":55.09375},"text":["",""],"removed":[""],"origin":"+input"}
2019-5-7 13:20:57.614#keyHandled#"Enter"
2019-5-7 13:20:57.619#viewportChange#0
2019-5-7 13:20:58.559#change#{"from":{"line":2,"ch":0,"sticky":null},"to":{"line":2,"ch":0,"sticky":null},"text":["",""],"removed":[""],"origin":"+input"}
2019-5-7 13:20:58.559#keyHandled#"Enter"
2019-5-7 13:20:58.564#viewportChange#0
2019-5-7 13:20:59.505#keyHandled#"Up"
2019-5-7 13:21:00.392#change#{"from":{"line":2,"ch":0,"sticky":"after","xRel":0},"to":{"line":2,"ch":0,"sticky":"after","xRel":0},"text":["s"],"removed":[""],"origin":"+input"}
2019-5-7 13:21:00.462#change#{"from":{"line":2,"ch":1,"sticky":null},"to":{"line":2,"ch":1,"sticky":null},"text":["o"],"removed":[""],"origin":"+input"}
2019-5-7 13:21:00.578#change#{"from":{"line":2,"ch":2,"sticky":null},"to":{"line":2,"ch":2,"sticky":null},"text":["m"],"removed":[""],"origin":"+input"}
2019-5-7 13:21:00.622#change#{"from":{"line":2,"ch":3,"sticky":null},"to":{"line":2,"ch":3,"sticky":null},"text":["a"],"removed":[""],"origin":"+input"}
2019-5-7 13:21:01.731#change#{"from":{"line":2,"ch":4,"sticky":null},"to":{"line":2,"ch":4,"sticky":null},"text":[" "],"removed":[""],"origin":"+input"}
2019-5-7 13:21:01.806#change#{"from":{"line":2,"ch":5,"sticky":null},"to":{"line":2,"ch":5,"sticky":null},"text":["="],"removed":[""],"origin":"+input"}
2019-5-7 13:21:01.897#change#{"from":{"line":2,"ch":6,"sticky":null},"to":{"line":2,"ch":6,"sticky":null},"text":[" "],"removed":[""],"origin":"+input"}
2019-5-7 13:21:02.734#change#{"from":{"line":2,"ch":7,"sticky":null},"to":{"line":2,"ch":7,"sticky":null},"text":["0"],"removed":[""],"origin":"+input"}
2019-5-7 13:21:03.105#change#{"from":{"line":2,"ch":7,"sticky":"after"},"to":{"line":2,"ch":8,"sticky":null},"text":[""],"removed":["0"],"origin":"+delete"}
2019-5-7 13:21:03.105#keyHandled#"Backspace"
2019-5-7 13:21:03.606#change#{"from":{"line":2,"ch":6,"sticky":"after"},"to":{"line":2,"ch":7,"sticky":null},"text":[""],"removed":[" "],"origin":"+delete"}
2019-5-7 13:21:03.606#keyHandled#"Backspace"
2019-5-7 13:21:03.636#change#{"from":{"line":2,"ch":5,"sticky":"after"},"to":{"line":2,"ch":6,"sticky":null},"text":[""],"removed":["="],"origin":"+delete"}
2019-5-7 13:21:03.636#keyHandled#"Backspace"
2019-5-7 13:21:03.802#change#{"from":{"line":2,"ch":4,"sticky":"after"},"to":{"line":2,"ch":5,"sticky":null},"text":[""],"removed":[" "],"origin":"+delete"}
2019-5-7 13:21:03.802#keyHandled#"Backspace"
2019-5-7 13:21:03.942#change#{"from":{"line":2,"ch":3,"sticky":"after"},"to":{"line":2,"ch":4,"sticky":null},"text":[""],"removed":["a"],"origin":"+delete"}
2019-5-7 13:21:03.942#keyHandled#"Backspace"
2019-5-7 13:21:04.072#change#{"from":{"line":2,"ch":2,"sticky":"after"},"to":{"line":2,"ch":3,"sticky":null},"text":[""],"removed":["m"],"origin":"+delete"}
2019-5-7 13:21:04.073#keyHandled#"Backspace"
2019-5-7 13:21:04.227#change#{"from":{"line":2,"ch":1,"sticky":"after"},"to":{"line":2,"ch":2,"sticky":null},"text":[""],"removed":["o"],"origin":"+delete"}
2019-5-7 13:21:04.227#keyHandled#"Backspace"
2019-5-7 13:21:04.738#change#{"from":{"line":2,"ch":0,"sticky":"after"},"to":{"line":2,"ch":1,"sticky":null},"text":[""],"removed":["s"],"origin":"+delete"}
2019-5-7 13:21:04.738#keyHandled#"Backspace"
2019-5-7 13:21:05.127#change#{"from":{"line":2,"ch":0,"sticky":null},"to":{"line":2,"ch":0,"sticky":null},"text":["c"],"removed":[""],"origin":"+input"}
2019-5-7 13:21:05.262#change#{"from":{"line":2,"ch":1,"sticky":null},"to":{"line":2,"ch":1,"sticky":null},"text":["a"],"removed":[""],"origin":"+input"}
2019-5-7 13:21:05.349#change#{"from":{"line":2,"ch":2,"sticky":null},"to":{"line":2,"ch":2,"sticky":null},"text":["t"],"removed":[""],"origin":"+input"}
2019-5-7 13:21:05.448#change#{"from":{"line":2,"ch":3,"sticky":null},"to":{"line":2,"ch":3,"sticky":null},"text":["a"],"removed":[""],"origin":"+input"}
2019-5-7 13:21:05.689#change#{"from":{"line":2,"ch":4,"sticky":null},"to":{"line":2,"ch":4,"sticky":null},"text":["r"],"removed":[""],"origin":"+input"}
2019-5-7 13:21:06.100#change#{"from":{"line":2,"ch":5,"sticky":null},"to":{"line":2,"ch":5,"sticky":null},"text":["i"],"removed":[""],"origin":"+input"}
2019-5-7 13:21:06.627#change#{"from":{"line":2,"ch":6,"sticky":null},"to":{"line":2,"ch":6,"sticky":null},"text":["n"],"removed":[""],"origin":"+input"}
2019-5-7 13:21:06.718#change#{"from":{"line":2,"ch":7,"sticky":null},"to":{"line":2,"ch":7,"sticky":null},"text":["a"],"removed":[""],"origin":"+input"}
2019-5-7 13:21:07.249#change#{"from":{"line":2,"ch":8,"sticky":null},"to":{"line":2,"ch":8,"sticky":null},"text":[" "],"removed":[""],"origin":"+input"}
2019-5-7 13:21:07.404#change#{"from":{"line":2,"ch":9,"sticky":null},"to":{"line":2,"ch":9,"sticky":null},"text":["="],"removed":[""],"origin":"+input"}
2019-5-7 13:21:07.509#change#{"from":{"line":2,"ch":10,"sticky":null},"to":{"line":2,"ch":10,"sticky":null},"text":[" "],"removed":[""],"origin":"+input"}
2019-5-7 13:21:08.020#change#{"from":{"line":2,"ch":11,"sticky":null},"to":{"line":2,"ch":11,"sticky":null},"text":["0"],"removed":[""],"origin":"+input"}
2019-5-7 13:21:10.212#mousedown#{"isTrusted":true}
2019-5-7 13:21:11.166#change#{"from":{"line":4,"ch":5,"sticky":"before","xRel":24.09375},"to":{"line":4,"ch":5,"sticky":"before","xRel":24.09375},"text":[" "],"removed":[""],"origin":"+input"}
2019-5-7 13:21:13.056#change#{"from":{"line":4,"ch":6,"sticky":null},"to":{"line":4,"ch":6,"sticky":null},"text":["c"],"removed":[""],"origin":"+input"}
2019-5-7 13:21:13.143#change#{"from":{"line":4,"ch":7,"sticky":null},"to":{"line":4,"ch":7,"sticky":null},"text":["a"],"removed":[""],"origin":"+input"}
2019-5-7 13:21:13.248#change#{"from":{"line":4,"ch":8,"sticky":null},"to":{"line":4,"ch":8,"sticky":null},"text":["t"],"removed":[""],"origin":"+input"}
2019-5-7 13:21:13.340#change#{"from":{"line":4,"ch":9,"sticky":null},"to":{"line":4,"ch":9,"sticky":null},"text":["a"],"removed":[""],"origin":"+input"}
2019-5-7 13:21:13.705#change#{"from":{"line":4,"ch":9,"sticky":"after"},"to":{"line":4,"ch":10,"sticky":null},"text":[""],"removed":["a"],"origin":"+delete"}
2019-5-7 13:21:13.705#keyHandled#"Backspace"
2019-5-7 13:21:13.874#change#{"from":{"line":4,"ch":8,"sticky":"after"},"to":{"line":4,"ch":9,"sticky":null},"text":[""],"removed":["t"],"origin":"+delete"}
2019-5-7 13:21:13.874#keyHandled#"Backspace"
2019-5-7 13:21:13.989#change#{"from":{"line":4,"ch":7,"sticky":"after"},"to":{"line":4,"ch":8,"sticky":null},"text":[""],"removed":["a"],"origin":"+delete"}
2019-5-7 13:21:13.989#keyHandled#"Backspace"
2019-5-7 13:21:14.195#change#{"from":{"line":4,"ch":6,"sticky":"after"},"to":{"line":4,"ch":7,"sticky":null},"text":[""],"removed":["c"],"origin":"+delete"}
2019-5-7 13:21:14.195#keyHandled#"Backspace"
2019-5-7 13:21:15.124#change#{"from":{"line":4,"ch":6,"sticky":null},"to":{"line":4,"ch":6,"sticky":null},"text":["n"],"removed":[""],"origin":"+input"}
2019-5-7 13:21:15.306#change#{"from":{"line":4,"ch":7,"sticky":null},"to":{"line":4,"ch":7,"sticky":null},"text":["u"],"removed":[""],"origin":"+input"}
2019-5-7 13:21:15.541#change#{"from":{"line":4,"ch":8,"sticky":null},"to":{"line":4,"ch":8,"sticky":null},"text":["m"],"removed":[""],"origin":"+input"}
2019-5-7 13:21:16.112#change#{"from":{"line":4,"ch":9,"sticky":null},"to":{"line":4,"ch":9,"sticky":null},"text":[" "],"removed":[""],"origin":"+input"}
2019-5-7 13:21:17.075#change#{"from":{"line":4,"ch":10,"sticky":null},"to":{"line":4,"ch":10,"sticky":null},"text":["!"],"removed":[""],"origin":"+input"}
2019-5-7 13:21:17.818#change#{"from":{"line":4,"ch":11,"sticky":null},"to":{"line":4,"ch":11,"sticky":null},"text":["="],"removed":[""],"origin":"+input"}
2019-5-7 13:21:17.998#change#{"from":{"line":4,"ch":12,"sticky":null},"to":{"line":4,"ch":12,"sticky":null},"text":[" "],"removed":[""],"origin":"+input"}
2019-5-7 13:21:18.958#change#{"from":{"line":4,"ch":13,"sticky":null},"to":{"line":4,"ch":13,"sticky":null},"text":["0"],"removed":[""],"origin":"+input"}
2019-5-7 13:21:23.080#change#{"from":{"line":4,"ch":14,"sticky":null},"to":{"line":4,"ch":14,"sticky":null},"text":[" "],"removed":[""],"origin":"+input"}
2019-5-7 13:21:25.157#change#{"from":{"line":4,"ch":15,"sticky":null},"to":{"line":4,"ch":15,"sticky":null},"text":[":"],"removed":[""],"origin":"+input"}
2019-5-7 13:21:26.133#change#{"from":{"line":4,"ch":15,"sticky":"after"},"to":{"line":4,"ch":16,"sticky":null},"text":[""],"removed":[":"],"origin":"+delete"}
2019-5-7 13:21:26.133#keyHandled#"Backspace"
2019-5-7 13:21:26.394#change#{"from":{"line":4,"ch":14,"sticky":"after"},"to":{"line":4,"ch":15,"sticky":null},"text":[""],"removed":[" "],"origin":"+delete"}
2019-5-7 13:21:26.394#keyHandled#"Backspace"
2019-5-7 13:21:31.141#change#{"from":{"line":4,"ch":14,"sticky":null},"to":{"line":4,"ch":14,"sticky":null},"text":[":"],"removed":[""],"origin":"+input"}
2019-5-7 13:21:31.475#change#{"from":{"line":4,"ch":15,"sticky":null},"to":{"line":4,"ch":15,"sticky":null},"text":["",""],"removed":[""],"origin":"+input"}
2019-5-7 13:21:31.475#change#{"from":{"line":5,"ch":0,"sticky":null},"to":{"line":5,"ch":0,"sticky":null},"text":["\t"],"removed":[""],"origin":"+input"}
2019-5-7 13:21:31.475#keyHandled#"Enter"
2019-5-7 13:21:31.481#viewportChange#0
2019-5-7 13:21:54.782#mousedown#{"isTrusted":true}
2019-5-7 13:21:57.284#copy#{"isTrusted":true}
2019-5-7 13:21:58.369#mousedown#{"isTrusted":true}
2019-5-7 13:22:03.073#change#{"from":{"line":4,"ch":15,"sticky":"before","xRel":-3.296875},"to":{"line":4,"ch":15,"sticky":"before","xRel":-3.296875},"text":["",""],"removed":[""],"origin":"+input"}
2019-5-7 13:22:03.074#change#{"from":{"line":5,"ch":0,"sticky":null},"to":{"line":5,"ch":0,"sticky":null},"text":["\t"],"removed":[""],"origin":"+input"}
2019-5-7 13:22:03.074#keyHandled#"Enter"
2019-5-7 13:22:03.079#viewportChange#0
2019-5-7 13:22:08.470#change#{"from":{"line":5,"ch":1,"sticky":null},"to":{"line":5,"ch":1,"sticky":null},"text":["c"],"removed":[""],"origin":"+input"}
2019-5-7 13:22:08.648#change#{"from":{"line":5,"ch":2,"sticky":null},"to":{"line":5,"ch":2,"sticky":null},"text":["a"],"removed":[""],"origin":"+input"}
2019-5-7 13:22:09.264#change#{"from":{"line":5,"ch":3,"sticky":null},"to":{"line":5,"ch":3,"sticky":null},"text":["t"],"removed":[""],"origin":"+input"}
2019-5-7 13:22:09.339#change#{"from":{"line":5,"ch":4,"sticky":null},"to":{"line":5,"ch":4,"sticky":null},"text":["a"],"removed":[""],"origin":"+input"}
2019-5-7 13:22:09.585#change#{"from":{"line":5,"ch":5,"sticky":null},"to":{"line":5,"ch":5,"sticky":null},"text":["r"],"removed":[""],"origin":"+input"}
2019-5-7 13:22:09.720#change#{"from":{"line":5,"ch":6,"sticky":null},"to":{"line":5,"ch":6,"sticky":null},"text":["i"],"removed":[""],"origin":"+input"}
2019-5-7 13:22:09.806#change#{"from":{"line":5,"ch":7,"sticky":null},"to":{"line":5,"ch":7,"sticky":null},"text":["a"],"removed":[""],"origin":"+input"}
2019-5-7 13:22:10.592#change#{"from":{"line":5,"ch":7,"sticky":"after"},"to":{"line":5,"ch":8,"sticky":null},"text":[""],"removed":["a"],"origin":"+delete"}
2019-5-7 13:22:10.592#keyHandled#"Backspace"
2019-5-7 13:22:11.205#change#{"from":{"line":5,"ch":7,"sticky":null},"to":{"line":5,"ch":7,"sticky":null},"text":["n"],"removed":[""],"origin":"+input"}
2019-5-7 13:22:11.240#change#{"from":{"line":5,"ch":8,"sticky":null},"to":{"line":5,"ch":8,"sticky":null},"text":["a"],"removed":[""],"origin":"+input"}
2019-5-7 13:22:11.754#change#{"from":{"line":5,"ch":9,"sticky":null},"to":{"line":5,"ch":9,"sticky":null},"text":[" "],"removed":[""],"origin":"+input"}
2019-5-7 13:22:12.193#change#{"from":{"line":5,"ch":10,"sticky":null},"to":{"line":5,"ch":10,"sticky":null},"text":["+"],"removed":[""],"origin":"+input"}
2019-5-7 13:22:12.439#change#{"from":{"line":5,"ch":11,"sticky":null},"to":{"line":5,"ch":11,"sticky":null},"text":["="],"removed":[""],"origin":"+input"}
2019-5-7 13:22:14.672#change#{"from":{"line":5,"ch":13,"sticky":null},"to":{"line":5,"ch":13,"sticky":null},"text":["n"],"removed":[""],"origin":"+input"}
2019-5-7 13:22:14.811#change#{"from":{"line":5,"ch":14,"sticky":null},"to":{"line":5,"ch":14,"sticky":null},"text":["u"],"removed":[""],"origin":"+input"}
2019-5-7 13:22:15.055#change#{"from":{"line":5,"ch":15,"sticky":null},"to":{"line":5,"ch":15,"sticky":null},"text":["m"],"removed":[""],"origin":"+input"}
2019-5-7 13:22:15.663#change#{"from":{"line":5,"ch":16,"sticky":null},"to":{"line":5,"ch":16,"sticky":null},"text":["",""],"removed":[""],"origin":"+input"}
2019-5-7 13:22:15.663#change#{"from":{"line":6,"ch":0,"sticky":null},"to":{"line":6,"ch":0,"sticky":null},"text":["\t"],"removed":[""],"origin":"+input"}
2019-5-7 13:22:15.663#keyHandled#"Enter"
2019-5-7 13:22:15.669#viewportChange#0
2019-5-7 13:22:17.039#change#{"from":{"line":6,"ch":1,"sticky":null},"to":{"line":6,"ch":1,"sticky":null},"text":["p"],"removed":[""],"origin":"+input"}
2019-5-7 13:22:17.155#change#{"from":{"line":6,"ch":2,"sticky":null},"to":{"line":6,"ch":2,"sticky":null},"text":["r"],"removed":[""],"origin":"+input"}
2019-5-7 13:22:17.295#change#{"from":{"line":6,"ch":3,"sticky":null},"to":{"line":6,"ch":3,"sticky":null},"text":["i"],"removed":[""],"origin":"+input"}
2019-5-7 13:22:17.386#change#{"from":{"line":6,"ch":4,"sticky":null},"to":{"line":6,"ch":4,"sticky":null},"text":["n"],"removed":[""],"origin":"+input"}
2019-5-7 13:22:17.507#change#{"from":{"line":6,"ch":5,"sticky":null},"to":{"line":6,"ch":5,"sticky":null},"text":["t"],"removed":[""],"origin":"+input"}
2019-5-7 13:22:21.191#change#{"from":{"line":6,"ch":6,"sticky":null},"to":{"line":6,"ch":6,"sticky":null},"text":["()"],"removed":[""],"origin":"+input"}
2019-5-7 13:22:21.191#keyHandled#"'('"
2019-5-7 13:22:21.939#change#{"from":{"line":6,"ch":7,"sticky":"after"},"to":{"line":6,"ch":7,"sticky":"after"},"text":["c"],"removed":[""],"origin":"+input"}
2019-5-7 13:22:22.024#change#{"from":{"line":6,"ch":8,"sticky":null},"to":{"line":6,"ch":8,"sticky":null},"text":["a"],"removed":[""],"origin":"+input"}
2019-5-7 13:22:22.180#change#{"from":{"line":6,"ch":9,"sticky":null},"to":{"line":6,"ch":9,"sticky":null},"text":["t"],"removed":[""],"origin":"+input"}
2019-5-7 13:22:22.265#change#{"from":{"line":6,"ch":10,"sticky":null},"to":{"line":6,"ch":10,"sticky":null},"text":["a"],"removed":[""],"origin":"+input"}
2019-5-7 13:22:24.806#change#{"from":{"line":6,"ch":14,"sticky":"after"},"to":{"line":6,"ch":15,"sticky":null},"text":[""],"removed":["h"],"origin":"+delete"}
2019-5-7 13:22:24.806#keyHandled#"Backspace"
2019-5-7 13:22:24.969#change#{"from":{"line":6,"ch":14,"sticky":null},"to":{"line":6,"ch":14,"sticky":null},"text":["a"],"removed":[""],"origin":"+input"}
2019-5-7 13:22:25.907#keyHandled#"Right"
2019-5-7 13:22:26.423#change#{"from":{"line":6,"ch":16,"sticky":"before"},"to":{"line":6,"ch":16,"sticky":"before"},"text":["",""],"removed":[""],"origin":"+input"}
2019-5-7 13:22:26.423#change#{"from":{"line":7,"ch":0,"sticky":null},"to":{"line":7,"ch":0,"sticky":null},"text":["\t"],"removed":[""],"origin":"+input"}
2019-5-7 13:22:26.423#keyHandled#"Enter"
2019-5-7 13:22:26.428#viewportChange#0
2019-5-7 13:22:27.266#change#{"from":{"line":7,"ch":1,"sticky":null},"to":{"line":7,"ch":1,"sticky":null},"text":["num = int(input(\"Digite um numero inteiro: \"))"],"removed":[""],"origin":"paste"}
2019-5-7 13:22:27.266#change#{"from":{"line":7,"ch":1,"sticky":null},"to":{"line":7,"ch":1,"sticky":null},"text":["num = int(input(\"Digite um numero inteiro: \"))"],"removed":[""],"origin":"paste"}
2019-5-7 13:22:30.550#blur#
2019-5-7 13:22:31.421#saida_testar#$ python3 main.py
2019-5-7 13:22:44.279#mousedown#{"isTrusted":true}
2019-5-7 13:22:44.347#focus#
2019-5-7 13:22:51.140#change#{"from":{"line":6,"ch":1,"sticky":"before","xRel":-9},"to":{"line":6,"ch":16,"sticky":"before","xRel":6.5625},"text":[""],"removed":["print(catarina)"],"origin":"cut"}
2019-5-7 13:22:51.848#change#{"from":{"line":6,"ch":0,"sticky":"after"},"to":{"line":6,"ch":1,"sticky":null},"text":[""],"removed":["\t"],"origin":"+delete"}
2019-5-7 13:22:51.849#keyHandled#"Backspace"
2019-5-7 13:22:52.146#change#{"from":{"line":5,"ch":16,"sticky":"before"},"to":{"line":6,"ch":0,"sticky":null},"text":[""],"removed":["",""],"origin":"+delete"}
2019-5-7 13:22:52.146#keyHandled#"Backspace"
2019-5-7 13:22:52.150#viewportChange#0
2019-5-7 13:22:54.054#mousedown#{"isTrusted":true}
2019-5-7 13:22:57.815#change#{"from":{"line":6,"ch":47,"sticky":"before","xRel":74.09375},"to":{"line":6,"ch":47,"sticky":"before","xRel":74.09375},"text":["",""],"removed":[""],"origin":"+input"}
2019-5-7 13:22:57.815#change#{"from":{"line":7,"ch":0,"sticky":null},"to":{"line":7,"ch":0,"sticky":null},"text":["\t"],"removed":[""],"origin":"+input"}
2019-5-7 13:22:57.815#keyHandled#"Enter"
2019-5-7 13:22:57.820#viewportChange#0
2019-5-7 13:22:58.275#change#{"from":{"line":7,"ch":1,"sticky":null},"to":{"line":7,"ch":1,"sticky":null},"text":["",""],"removed":[""],"origin":"+input"}
2019-5-7 13:22:58.275#change#{"from":{"line":8,"ch":0,"sticky":null},"to":{"line":8,"ch":0,"sticky":null},"text":["\t"],"removed":[""],"origin":"+input"}
2019-5-7 13:22:58.275#keyHandled#"Enter"
2019-5-7 13:22:58.286#viewportChange#0
2019-5-7 13:22:58.643#change#{"from":{"line":8,"ch":0,"sticky":"after"},"to":{"line":8,"ch":1,"sticky":null},"text":[""],"removed":["\t"],"origin":"+delete"}
2019-5-7 13:22:58.643#keyHandled#"Backspace"
2019-5-7 13:22:59.398#change#{"from":{"line":8,"ch":0,"sticky":null},"to":{"line":8,"ch":0,"sticky":null},"text":["print(catarina)"],"removed":[""],"origin":"paste"}
2019-5-7 13:22:59.398#change#{"from":{"line":8,"ch":0,"sticky":null},"to":{"line":8,"ch":0,"sticky":null},"text":["print(catarina)"],"removed":[""],"origin":"paste"}
2019-5-7 13:23:02.770#blur#
2019-5-7 13:23:03.602#saida_testar#$ python3 main.py
2019-5-7 13:23:03.602#saida_testar#$ python3 main.py
2019-5-7 13:23:15.370#saida_testar#$ python3 main.py
2019-5-7 13:23:21.138#mousedown#{"isTrusted":true}
2019-5-7 13:23:21.204#focus#
2019-5-7 13:23:33.724#mousedown#{"isTrusted":true}
2019-5-7 13:23:34.369#change#{"from":{"line":4,"ch":13,"sticky":"after"},"to":{"line":4,"ch":14,"sticky":"after","xRel":1.390625},"text":[""],"removed":["0"],"origin":"+delete"}
2019-5-7 13:23:34.369#keyHandled#"Backspace"
2019-5-7 13:23:34.536#change#{"from":{"line":4,"ch":13,"sticky":null},"to":{"line":4,"ch":13,"sticky":null},"text":["-"],"removed":[""],"origin":"+input"}
2019-5-7 13:23:34.622#change#{"from":{"line":4,"ch":14,"sticky":null},"to":{"line":4,"ch":14,"sticky":null},"text":["1"],"removed":[""],"origin":"+input"}
2019-5-7 13:23:34.369#change#{"from":{"line":4,"ch":13,"sticky":"after"},"to":{"line":4,"ch":14,"sticky":"after","xRel":1.390625},"text":[""],"removed":["0"],"origin":"+delete"}
2019-5-7 13:23:34.369#keyHandled#"Backspace"
2019-5-7 13:23:34.536#change#{"from":{"line":4,"ch":13,"sticky":null},"to":{"line":4,"ch":13,"sticky":null},"text":["-"],"removed":[""],"origin":"+input"}
2019-5-7 13:23:34.622#change#{"from":{"line":4,"ch":14,"sticky":null},"to":{"line":4,"ch":14,"sticky":null},"text":["1"],"removed":[""],"origin":"+input"}
2019-5-7 13:23:36.506#blur#
2019-5-7 13:23:37.498#saida_testar#$ python3 main.py
