2019-4-24 16:04:55.861#viewportChange#0
2019-4-24 16:04:57.685#mousedown#{"isTrusted":true}
2019-4-24 16:04:57.700#focus#
2019-4-24 16:04:59.321#change#{"from":{"line":0,"ch":0,"sticky":"after","xRel":1.5333251953125},"to":{"line":2,"ch":0,"sticky":null,"xRel":1,"outside":true},"text":[""],"removed":["# Teste seu código aos poucos. Não teste tudo no final, pois fica mais difícil de identificar erros.","# Ao testar sua solução, não se limite ao caso de exemplo. Teste as diversas possibilidades de saída",""],"origin":"+delete"}
2019-4-24 16:04:59.321#keyHandled#"Backspace"
2019-4-24 16:04:59.341#viewportChange#0
2019-4-24 16:05:11.102#mousedown#{"isTrusted":true}
2019-4-24 16:05:14.141#change#{"from":{"line":0,"ch":0,"sticky":"after","xRel":63.5333251953125},"to":{"line":0,"ch":0,"sticky":"after","xRel":63.5333251953125},"text":["b"],"removed":[""],"origin":"+input"}
2019-4-24 16:05:14.258#change#{"from":{"line":0,"ch":1,"sticky":null},"to":{"line":0,"ch":1,"sticky":null},"text":["r"],"removed":[""],"origin":"+input"}
2019-4-24 16:05:14.417#change#{"from":{"line":0,"ch":2,"sticky":null},"to":{"line":0,"ch":2,"sticky":null},"text":["a"],"removed":[""],"origin":"+input"}
2019-4-24 16:05:14.999#change#{"from":{"line":0,"ch":3,"sticky":null},"to":{"line":0,"ch":3,"sticky":null},"text":["s"],"removed":[""],"origin":"+input"}
2019-4-24 16:05:15.050#change#{"from":{"line":0,"ch":4,"sticky":null},"to":{"line":0,"ch":4,"sticky":null},"text":["a"],"removed":[""],"origin":"+input"}
2019-4-24 16:05:15.149#change#{"from":{"line":0,"ch":5,"sticky":null},"to":{"line":0,"ch":5,"sticky":null},"text":["o"],"removed":[""],"origin":"+input"}
2019-4-24 16:05:15.795#change#{"from":{"line":0,"ch":6,"sticky":null},"to":{"line":0,"ch":6,"sticky":null},"text":[" "],"removed":[""],"origin":"+input"}
2019-4-24 16:05:16.199#change#{"from":{"line":0,"ch":7,"sticky":null},"to":{"line":0,"ch":7,"sticky":null},"text":["="],"removed":[""],"origin":"+input"}
2019-4-24 16:05:16.358#change#{"from":{"line":0,"ch":8,"sticky":null},"to":{"line":0,"ch":8,"sticky":null},"text":[" "],"removed":[""],"origin":"+input"}
2019-4-24 16:05:16.718#change#{"from":{"line":0,"ch":9,"sticky":null},"to":{"line":0,"ch":9,"sticky":null},"text":["i"],"removed":[""],"origin":"+input"}
2019-4-24 16:05:16.813#change#{"from":{"line":0,"ch":10,"sticky":null},"to":{"line":0,"ch":10,"sticky":null},"text":["n"],"removed":[""],"origin":"+input"}
2019-4-24 16:05:16.985#change#{"from":{"line":0,"ch":11,"sticky":null},"to":{"line":0,"ch":11,"sticky":null},"text":["p"],"removed":[""],"origin":"+input"}
2019-4-24 16:05:17.169#change#{"from":{"line":0,"ch":12,"sticky":null},"to":{"line":0,"ch":12,"sticky":null},"text":["u"],"removed":[""],"origin":"+input"}
2019-4-24 16:05:17.275#change#{"from":{"line":0,"ch":13,"sticky":null},"to":{"line":0,"ch":13,"sticky":null},"text":["t"],"removed":[""],"origin":"+input"}
2019-4-24 16:05:17.769#change#{"from":{"line":0,"ch":14,"sticky":null},"to":{"line":0,"ch":14,"sticky":null},"text":["()"],"removed":[""],"origin":"+input"}
2019-4-24 16:05:17.770#keyHandled#"'('"
2019-4-24 16:05:18.172#change#{"from":{"line":0,"ch":15,"sticky":"after"},"to":{"line":0,"ch":15,"sticky":"after"},"text":["",""],"removed":[""],"origin":"+input"}
2019-4-24 16:05:18.172#keyHandled#"Enter"
2019-4-24 16:05:18.184#viewportChange#0
2019-4-24 16:05:18.983#change#{"from":{"line":0,"ch":15,"sticky":"before"},"to":{"line":1,"ch":0,"sticky":null},"text":[""],"removed":["",""],"origin":"+delete"}
2019-4-24 16:05:18.983#keyHandled#"Backspace"
2019-4-24 16:05:18.994#viewportChange#0
2019-4-24 16:05:20.060#keyHandled#"Right"
2019-4-24 16:05:20.492#change#{"from":{"line":0,"ch":16,"sticky":"before"},"to":{"line":0,"ch":16,"sticky":"before"},"text":["",""],"removed":[""],"origin":"+input"}
2019-4-24 16:05:20.492#keyHandled#"Enter"
2019-4-24 16:05:20.500#viewportChange#0
2019-4-24 16:05:21.698#change#{"from":{"line":1,"ch":0,"sticky":null},"to":{"line":1,"ch":0,"sticky":null},"text":["c"],"removed":[""],"origin":"+input"}
2019-4-24 16:05:21.780#change#{"from":{"line":1,"ch":1,"sticky":null},"to":{"line":1,"ch":1,"sticky":null},"text":["a"],"removed":[""],"origin":"+input"}
2019-4-24 16:05:21.898#change#{"from":{"line":1,"ch":2,"sticky":null},"to":{"line":1,"ch":2,"sticky":null},"text":["s"],"removed":[""],"origin":"+input"}
2019-4-24 16:05:22.036#change#{"from":{"line":1,"ch":3,"sticky":null},"to":{"line":1,"ch":3,"sticky":null},"text":["a"],"removed":[""],"origin":"+input"}
2019-4-24 16:05:23.230#change#{"from":{"line":1,"ch":4,"sticky":null},"to":{"line":1,"ch":4,"sticky":null},"text":[" "],"removed":[""],"origin":"+input"}
2019-4-24 16:05:23.504#change#{"from":{"line":1,"ch":5,"sticky":null},"to":{"line":1,"ch":5,"sticky":null},"text":["="],"removed":[""],"origin":"+input"}
2019-4-24 16:05:23.571#change#{"from":{"line":1,"ch":6,"sticky":null},"to":{"line":1,"ch":6,"sticky":null},"text":[" "],"removed":[""],"origin":"+input"}
2019-4-24 16:05:27.740#change#{"from":{"line":1,"ch":7,"sticky":null},"to":{"line":1,"ch":7,"sticky":null},"text":["\"\""],"removed":[""],"origin":"+input"}
2019-4-24 16:05:27.740#keyHandled#"'\"'"
2019-4-24 16:05:29.136#change#{"from":{"line":1,"ch":7,"sticky":null},"to":{"line":1,"ch":9,"sticky":null},"text":[""],"removed":["\"\""],"origin":"+delete"}
2019-4-24 16:05:29.136#keyHandled#"Backspace"
2019-4-24 16:05:29.283#change#{"from":{"line":1,"ch":6,"sticky":"after"},"to":{"line":1,"ch":7,"sticky":null},"text":[""],"removed":[" "],"origin":"+delete"}
2019-4-24 16:05:29.283#keyHandled#"Backspace"
2019-4-24 16:05:29.437#change#{"from":{"line":1,"ch":5,"sticky":"after"},"to":{"line":1,"ch":6,"sticky":null},"text":[""],"removed":["="],"origin":"+delete"}
2019-4-24 16:05:29.437#keyHandled#"Backspace"
2019-4-24 16:05:29.588#change#{"from":{"line":1,"ch":4,"sticky":"after"},"to":{"line":1,"ch":5,"sticky":null},"text":[""],"removed":[" "],"origin":"+delete"}
2019-4-24 16:05:29.588#keyHandled#"Backspace"
2019-4-24 16:05:29.726#change#{"from":{"line":1,"ch":3,"sticky":"after"},"to":{"line":1,"ch":4,"sticky":null},"text":[""],"removed":["a"],"origin":"+delete"}
2019-4-24 16:05:29.726#keyHandled#"Backspace"
2019-4-24 16:05:29.869#change#{"from":{"line":1,"ch":2,"sticky":"after"},"to":{"line":1,"ch":3,"sticky":null},"text":[""],"removed":["s"],"origin":"+delete"}
2019-4-24 16:05:29.869#keyHandled#"Backspace"
2019-4-24 16:05:30.058#change#{"from":{"line":1,"ch":1,"sticky":"after"},"to":{"line":1,"ch":2,"sticky":null},"text":[""],"removed":["a"],"origin":"+delete"}
2019-4-24 16:05:30.058#keyHandled#"Backspace"
2019-4-24 16:05:30.368#change#{"from":{"line":1,"ch":0,"sticky":"after"},"to":{"line":1,"ch":1,"sticky":null},"text":[""],"removed":["c"],"origin":"+delete"}
2019-4-24 16:05:30.368#keyHandled#"Backspace"
2019-4-24 16:05:30.878#change#{"from":{"line":1,"ch":0,"sticky":null},"to":{"line":1,"ch":0,"sticky":null},"text":["",""],"removed":[""],"origin":"+input"}
2019-4-24 16:05:30.878#keyHandled#"Enter"
2019-4-24 16:05:30.891#viewportChange#0
2019-4-24 16:05:32.438#change#{"from":{"line":2,"ch":0,"sticky":null},"to":{"line":2,"ch":0,"sticky":null},"text":["i"],"removed":[""],"origin":"+input"}
2019-4-24 16:05:32.524#change#{"from":{"line":2,"ch":1,"sticky":null},"to":{"line":2,"ch":1,"sticky":null},"text":["f"],"removed":[""],"origin":"+input"}
2019-4-24 16:05:33.355#change#{"from":{"line":2,"ch":2,"sticky":null},"to":{"line":2,"ch":2,"sticky":null},"text":[" "],"removed":[""],"origin":"+input"}
2019-4-24 16:05:33.528#change#{"from":{"line":2,"ch":3,"sticky":null},"to":{"line":2,"ch":3,"sticky":null},"text":["b"],"removed":[""],"origin":"+input"}
2019-4-24 16:05:33.649#change#{"from":{"line":2,"ch":4,"sticky":null},"to":{"line":2,"ch":4,"sticky":null},"text":["r"],"removed":[""],"origin":"+input"}
2019-4-24 16:05:34.542#change#{"from":{"line":2,"ch":6,"sticky":null},"to":{"line":2,"ch":6,"sticky":null},"text":["s"],"removed":[""],"origin":"+input"}
2019-4-24 16:05:34.638#change#{"from":{"line":2,"ch":7,"sticky":null},"to":{"line":2,"ch":7,"sticky":null},"text":["a"],"removed":[""],"origin":"+input"}
2019-4-24 16:05:35.077#change#{"from":{"line":2,"ch":8,"sticky":null},"to":{"line":2,"ch":8,"sticky":null},"text":["o"],"removed":[""],"origin":"+input"}
2019-4-24 16:05:35.977#change#{"from":{"line":2,"ch":8,"sticky":"after"},"to":{"line":2,"ch":9,"sticky":null},"text":[""],"removed":["o"],"origin":"+delete"}
2019-4-24 16:05:35.977#keyHandled#"Backspace"
2019-4-24 16:05:36.132#change#{"from":{"line":2,"ch":7,"sticky":"after"},"to":{"line":2,"ch":8,"sticky":null},"text":[""],"removed":["a"],"origin":"+delete"}
2019-4-24 16:05:36.132#keyHandled#"Backspace"
2019-4-24 16:05:36.269#change#{"from":{"line":2,"ch":6,"sticky":"after"},"to":{"line":2,"ch":7,"sticky":null},"text":[""],"removed":["s"],"origin":"+delete"}
2019-4-24 16:05:36.269#keyHandled#"Backspace"
2019-4-24 16:05:36.434#change#{"from":{"line":2,"ch":5,"sticky":"after"},"to":{"line":2,"ch":6,"sticky":null},"text":[""],"removed":["a"],"origin":"+delete"}
2019-4-24 16:05:36.434#keyHandled#"Backspace"
2019-4-24 16:05:36.589#change#{"from":{"line":2,"ch":4,"sticky":"after"},"to":{"line":2,"ch":5,"sticky":null},"text":[""],"removed":["r"],"origin":"+delete"}
2019-4-24 16:05:36.589#keyHandled#"Backspace"
2019-4-24 16:05:36.778#change#{"from":{"line":2,"ch":3,"sticky":"after"},"to":{"line":2,"ch":4,"sticky":null},"text":[""],"removed":["b"],"origin":"+delete"}
2019-4-24 16:05:36.779#keyHandled#"Backspace"
2019-4-24 16:05:36.950#change#{"from":{"line":2,"ch":2,"sticky":"after"},"to":{"line":2,"ch":3,"sticky":null},"text":[""],"removed":[" "],"origin":"+delete"}
2019-4-24 16:05:36.950#keyHandled#"Backspace"
2019-4-24 16:05:37.627#change#{"from":{"line":2,"ch":2,"sticky":null},"to":{"line":2,"ch":2,"sticky":null},"text":[" "],"removed":[""],"origin":"+input"}
2019-4-24 16:05:37.849#change#{"from":{"line":2,"ch":3,"sticky":null},"to":{"line":2,"ch":3,"sticky":null},"text":["()"],"removed":[""],"origin":"+input"}
2019-4-24 16:05:37.849#keyHandled#"'('"
2019-4-24 16:05:38.536#change#{"from":{"line":2,"ch":4,"sticky":"after"},"to":{"line":2,"ch":4,"sticky":"after"},"text":["b"],"removed":[""],"origin":"+input"}
2019-4-24 16:05:38.683#change#{"from":{"line":2,"ch":5,"sticky":null},"to":{"line":2,"ch":5,"sticky":null},"text":["r"],"removed":[""],"origin":"+input"}
2019-4-24 16:05:38.796#change#{"from":{"line":2,"ch":6,"sticky":null},"to":{"line":2,"ch":6,"sticky":null},"text":["a"],"removed":[""],"origin":"+input"}
2019-4-24 16:05:39.082#change#{"from":{"line":2,"ch":7,"sticky":null},"to":{"line":2,"ch":7,"sticky":null},"text":["s"],"removed":[""],"origin":"+input"}
2019-4-24 16:05:39.214#change#{"from":{"line":2,"ch":8,"sticky":null},"to":{"line":2,"ch":8,"sticky":null},"text":["a"],"removed":[""],"origin":"+input"}
2019-4-24 16:05:39.340#change#{"from":{"line":2,"ch":9,"sticky":null},"to":{"line":2,"ch":9,"sticky":null},"text":["l"],"removed":[""],"origin":"+input"}
2019-4-24 16:05:40.013#change#{"from":{"line":2,"ch":9,"sticky":"after"},"to":{"line":2,"ch":10,"sticky":null},"text":[""],"removed":["l"],"origin":"+delete"}
2019-4-24 16:05:40.013#keyHandled#"Backspace"
2019-4-24 16:05:40.256#change#{"from":{"line":2,"ch":9,"sticky":null},"to":{"line":2,"ch":9,"sticky":null},"text":["o"],"removed":[""],"origin":"+input"}
2019-4-24 16:05:40.924#change#{"from":{"line":2,"ch":10,"sticky":null},"to":{"line":2,"ch":10,"sticky":null},"text":[" "],"removed":[""],"origin":"+input"}
2019-4-24 16:05:41.065#change#{"from":{"line":2,"ch":11,"sticky":null},"to":{"line":2,"ch":11,"sticky":null},"text":["="],"removed":[""],"origin":"+input"}
2019-4-24 16:05:41.194#change#{"from":{"line":2,"ch":12,"sticky":null},"to":{"line":2,"ch":12,"sticky":null},"text":["="],"removed":[""],"origin":"+input"}
2019-4-24 16:05:41.295#change#{"from":{"line":2,"ch":13,"sticky":null},"to":{"line":2,"ch":13,"sticky":null},"text":[" "],"removed":[""],"origin":"+input"}
2019-4-24 16:05:42.417#change#{"from":{"line":2,"ch":14,"sticky":null},"to":{"line":2,"ch":14,"sticky":null},"text":["\"\""],"removed":[""],"origin":"+input"}
2019-4-24 16:05:42.417#keyHandled#"'\"'"
2019-4-24 16:05:42.598#change#{"from":{"line":2,"ch":15,"sticky":"after"},"to":{"line":2,"ch":15,"sticky":"after"},"text":["l"],"removed":[""],"origin":"+input"}
2019-4-24 16:05:42.751#change#{"from":{"line":2,"ch":16,"sticky":null},"to":{"line":2,"ch":16,"sticky":null},"text":["o"],"removed":[""],"origin":"+input"}
2019-4-24 16:05:42.885#change#{"from":{"line":2,"ch":17,"sticky":null},"to":{"line":2,"ch":17,"sticky":null},"text":["b"],"removed":[""],"origin":"+input"}
2019-4-24 16:05:42.996#change#{"from":{"line":2,"ch":18,"sticky":null},"to":{"line":2,"ch":18,"sticky":null},"text":["o"],"removed":[""],"origin":"+input"}
2019-4-24 16:05:54.343#mousedown#{"isTrusted":true}
2019-4-24 16:05:55.298#change#{"from":{"line":2,"ch":21,"sticky":"before","xRel":23.5333251953125},"to":{"line":2,"ch":21,"sticky":"before","xRel":23.5333251953125},"text":[":"],"removed":[""],"origin":"+input"}
2019-4-24 16:05:55.520#change#{"from":{"line":2,"ch":22,"sticky":null},"to":{"line":2,"ch":22,"sticky":null},"text":["",""],"removed":[""],"origin":"+input"}
2019-4-24 16:05:55.532#viewportChange#0
2019-4-24 16:05:56.366#change#{"from":{"line":3,"ch":0,"sticky":null},"to":{"line":3,"ch":0,"sticky":null},"text":["\t"],"removed":[""],"origin":"+input"}
2019-4-24 16:05:56.366#keyHandled#"Tab"
2019-4-24 16:05:56.942#change#{"from":{"line":3,"ch":1,"sticky":null},"to":{"line":3,"ch":1,"sticky":null},"text":["a"],"removed":[""],"origin":"+input"}
2019-4-24 16:05:57.347#change#{"from":{"line":3,"ch":1,"sticky":"after"},"to":{"line":3,"ch":2,"sticky":null},"text":[""],"removed":["a"],"origin":"+delete"}
2019-4-24 16:05:57.347#keyHandled#"Backspace"
2019-4-24 16:05:57.537#change#{"from":{"line":3,"ch":1,"sticky":null},"to":{"line":3,"ch":1,"sticky":null},"text":["c"],"removed":[""],"origin":"+input"}
2019-4-24 16:05:57.585#change#{"from":{"line":3,"ch":2,"sticky":null},"to":{"line":3,"ch":2,"sticky":null},"text":["a"],"removed":[""],"origin":"+input"}
2019-4-24 16:05:57.861#change#{"from":{"line":3,"ch":3,"sticky":null},"to":{"line":3,"ch":3,"sticky":null},"text":["s"],"removed":[""],"origin":"+input"}
2019-4-24 16:05:57.945#change#{"from":{"line":3,"ch":4,"sticky":null},"to":{"line":3,"ch":4,"sticky":null},"text":["a"],"removed":[""],"origin":"+input"}
2019-4-24 16:05:58.505#change#{"from":{"line":3,"ch":5,"sticky":null},"to":{"line":3,"ch":5,"sticky":null},"text":[" "],"removed":[""],"origin":"+input"}
2019-4-24 16:05:58.602#change#{"from":{"line":3,"ch":6,"sticky":null},"to":{"line":3,"ch":6,"sticky":null},"text":["="],"removed":[""],"origin":"+input"}
2019-4-24 16:05:58.683#change#{"from":{"line":3,"ch":7,"sticky":null},"to":{"line":3,"ch":7,"sticky":null},"text":[" "],"removed":[""],"origin":"+input"}
2019-4-24 16:06:01.414#change#{"from":{"line":3,"ch":8,"sticky":null},"to":{"line":3,"ch":8,"sticky":null},"text":["\"\""],"removed":[""],"origin":"+input"}
2019-4-24 16:06:01.414#keyHandled#"'\"'"
2019-4-24 16:06:01.966#change#{"from":{"line":3,"ch":9,"sticky":"after"},"to":{"line":3,"ch":9,"sticky":"after"},"text":["S"],"removed":[""],"origin":"+input"}
2019-4-24 16:06:02.849#change#{"from":{"line":3,"ch":10,"sticky":null},"to":{"line":3,"ch":10,"sticky":null},"text":["t"],"removed":[""],"origin":"+input"}
2019-4-24 16:06:02.942#change#{"from":{"line":3,"ch":11,"sticky":null},"to":{"line":3,"ch":11,"sticky":null},"text":["a"],"removed":[""],"origin":"+input"}
2019-4-24 16:06:03.162#change#{"from":{"line":3,"ch":12,"sticky":null},"to":{"line":3,"ch":12,"sticky":null},"text":["r"],"removed":[""],"origin":"+input"}
2019-4-24 16:06:03.639#change#{"from":{"line":3,"ch":13,"sticky":null},"to":{"line":3,"ch":13,"sticky":null},"text":["k"],"removed":[""],"origin":"+input"}
2019-4-24 16:06:05.052#keyHandled#"Right"
2019-4-24 16:06:05.420#change#{"from":{"line":3,"ch":15,"sticky":"before"},"to":{"line":3,"ch":15,"sticky":"before"},"text":["",""],"removed":[""],"origin":"+input"}
2019-4-24 16:06:05.420#change#{"from":{"line":4,"ch":0,"sticky":null},"to":{"line":4,"ch":0,"sticky":null},"text":["\t"],"removed":[""],"origin":"+input"}
2019-4-24 16:06:05.420#keyHandled#"Enter"
2019-4-24 16:06:05.430#viewportChange#0
2019-4-24 16:06:05.837#change#{"from":{"line":4,"ch":0,"sticky":"after"},"to":{"line":4,"ch":1,"sticky":null},"text":[""],"removed":["\t"],"origin":"+delete"}
2019-4-24 16:06:05.837#keyHandled#"Backspace"
2019-4-24 16:06:06.359#change#{"from":{"line":4,"ch":0,"sticky":null},"to":{"line":4,"ch":0,"sticky":null},"text":["e"],"removed":[""],"origin":"+input"}
2019-4-24 16:06:06.555#change#{"from":{"line":4,"ch":1,"sticky":null},"to":{"line":4,"ch":1,"sticky":null},"text":["l"],"removed":[""],"origin":"+input"}
2019-4-24 16:06:07.534#change#{"from":{"line":4,"ch":2,"sticky":null},"to":{"line":4,"ch":2,"sticky":null},"text":["i"],"removed":[""],"origin":"+input"}
2019-4-24 16:06:07.905#change#{"from":{"line":4,"ch":3,"sticky":null},"to":{"line":4,"ch":3,"sticky":null},"text":["f"],"removed":[""],"origin":"+input"}
2019-4-24 16:06:09.300#change#{"from":{"line":4,"ch":4,"sticky":null},"to":{"line":4,"ch":4,"sticky":null},"text":[" "],"removed":[""],"origin":"+input"}
2019-4-24 16:06:09.453#change#{"from":{"line":4,"ch":5,"sticky":null},"to":{"line":4,"ch":5,"sticky":null},"text":["()"],"removed":[""],"origin":"+input"}
2019-4-24 16:06:09.453#keyHandled#"'('"
2019-4-24 16:06:10.160#change#{"from":{"line":4,"ch":6,"sticky":"after"},"to":{"line":4,"ch":6,"sticky":"after"},"text":["b"],"removed":[""],"origin":"+input"}
2019-4-24 16:06:10.280#change#{"from":{"line":4,"ch":7,"sticky":null},"to":{"line":4,"ch":7,"sticky":null},"text":["r"],"removed":[""],"origin":"+input"}
2019-4-24 16:06:10.391#change#{"from":{"line":4,"ch":8,"sticky":null},"to":{"line":4,"ch":8,"sticky":null},"text":["a"],"removed":[""],"origin":"+input"}
2019-4-24 16:06:10.584#change#{"from":{"line":4,"ch":9,"sticky":null},"to":{"line":4,"ch":9,"sticky":null},"text":["s"],"removed":[""],"origin":"+input"}
2019-4-24 16:06:10.759#change#{"from":{"line":4,"ch":10,"sticky":null},"to":{"line":4,"ch":10,"sticky":null},"text":["a"],"removed":[""],"origin":"+input"}
2019-4-24 16:06:12.230#change#{"from":{"line":4,"ch":11,"sticky":null},"to":{"line":4,"ch":11,"sticky":null},"text":["o"],"removed":[""],"origin":"+input"}
2019-4-24 16:06:12.957#change#{"from":{"line":4,"ch":12,"sticky":null},"to":{"line":4,"ch":12,"sticky":null},"text":[" "],"removed":[""],"origin":"+input"}
2019-4-24 16:06:13.072#change#{"from":{"line":4,"ch":13,"sticky":null},"to":{"line":4,"ch":13,"sticky":null},"text":["="],"removed":[""],"origin":"+input"}
2019-4-24 16:06:13.198#change#{"from":{"line":4,"ch":14,"sticky":null},"to":{"line":4,"ch":14,"sticky":null},"text":["="],"removed":[""],"origin":"+input"}
2019-4-24 16:06:14.480#change#{"from":{"line":4,"ch":15,"sticky":null},"to":{"line":4,"ch":15,"sticky":null},"text":[" "],"removed":[""],"origin":"+input"}
2019-4-24 16:06:14.751#keyHandled#"Right"
2019-4-24 16:06:15.117#change#{"from":{"line":4,"ch":17,"sticky":"before"},"to":{"line":4,"ch":17,"sticky":"before"},"text":[":"],"removed":[""],"origin":"+input"}
2019-4-24 16:06:15.683#change#{"from":{"line":4,"ch":18,"sticky":null},"to":{"line":4,"ch":18,"sticky":null},"text":["",""],"removed":[""],"origin":"+input"}
2019-4-24 16:06:15.683#change#{"from":{"line":5,"ch":0,"sticky":null},"to":{"line":5,"ch":0,"sticky":null},"text":["\t"],"removed":[""],"origin":"+input"}
2019-4-24 16:06:15.683#keyHandled#"Enter"
2019-4-24 16:06:15.698#viewportChange#0
2019-4-24 16:06:16.696#change#{"from":{"line":5,"ch":1,"sticky":null},"to":{"line":5,"ch":1,"sticky":null},"text":["c"],"removed":[""],"origin":"+input"}
2019-4-24 16:06:16.828#change#{"from":{"line":5,"ch":2,"sticky":null},"to":{"line":5,"ch":2,"sticky":null},"text":["a"],"removed":[""],"origin":"+input"}
2019-4-24 16:06:16.940#change#{"from":{"line":5,"ch":3,"sticky":null},"to":{"line":5,"ch":3,"sticky":null},"text":["s"],"removed":[""],"origin":"+input"}
2019-4-24 16:06:17.079#change#{"from":{"line":5,"ch":4,"sticky":null},"to":{"line":5,"ch":4,"sticky":null},"text":["a"],"removed":[""],"origin":"+input"}
2019-4-24 16:06:17.628#change#{"from":{"line":5,"ch":5,"sticky":null},"to":{"line":5,"ch":5,"sticky":null},"text":[" "],"removed":[""],"origin":"+input"}
2019-4-24 16:06:17.771#change#{"from":{"line":5,"ch":6,"sticky":null},"to":{"line":5,"ch":6,"sticky":null},"text":["="],"removed":[""],"origin":"+input"}
2019-4-24 16:06:17.877#change#{"from":{"line":5,"ch":7,"sticky":null},"to":{"line":5,"ch":7,"sticky":null},"text":[" "],"removed":[""],"origin":"+input"}
2019-4-24 16:06:19.550#change#{"from":{"line":5,"ch":8,"sticky":null},"to":{"line":5,"ch":8,"sticky":null},"text":["\"\""],"removed":[""],"origin":"+input"}
2019-4-24 16:06:19.551#keyHandled#"'\"'"
2019-4-24 16:06:20.687#keyHandled#"Up"
2019-4-24 16:06:20.910#keyHandled#"Right"
2019-4-24 16:06:21.045#keyHandled#"Right"
2019-4-24 16:06:21.174#keyHandled#"Right"
2019-4-24 16:06:21.320#keyHandled#"Right"
2019-4-24 16:06:24.019#keyHandled#"Right"
2019-4-24 16:06:24.323#change#{"from":{"line":4,"ch":16,"sticky":"before"},"to":{"line":4,"ch":16,"sticky":"before"},"text":["\"\""],"removed":[""],"origin":"+input"}
2019-4-24 16:06:24.323#keyHandled#"'\"'"
2019-4-24 16:06:27.791#mousedown#{"isTrusted":true}
2019-4-24 16:06:29.511#mousedown#{"isTrusted":true}
2019-4-24 16:06:30.126#mousedown#{"isTrusted":true}
2019-4-24 16:06:33.994#copy#{"isTrusted":true}
2019-4-24 16:06:35.098#mousedown#{"isTrusted":true}
2019-4-24 16:06:41.568#change#{"from":{"line":5,"ch":10,"sticky":"before","xRel":32.5333251953125},"to":{"line":5,"ch":10,"sticky":"before","xRel":32.5333251953125},"text":["",""],"removed":[""],"origin":"+input"}
2019-4-24 16:06:41.568#change#{"from":{"line":6,"ch":0,"sticky":null},"to":{"line":6,"ch":0,"sticky":null},"text":["\t"],"removed":[""],"origin":"+input"}
2019-4-24 16:06:41.568#keyHandled#"Enter"
2019-4-24 16:06:41.580#viewportChange#0
2019-4-24 16:06:42.169#change#{"from":{"line":6,"ch":0,"sticky":"after"},"to":{"line":6,"ch":1,"sticky":null},"text":[""],"removed":["\t"],"origin":"+delete"}
2019-4-24 16:06:42.169#keyHandled#"Backspace"
2019-4-24 16:06:42.408#change#{"from":{"line":6,"ch":0,"sticky":null},"to":{"line":6,"ch":0,"sticky":null},"text":["elif (brasao == \"\"):","\tcasa = \"\""],"removed":[""],"origin":"paste"}
2019-4-24 16:06:42.419#viewportChange#0
2019-4-24 16:06:42.802#change#{"from":{"line":7,"ch":10,"sticky":null},"to":{"line":7,"ch":10,"sticky":null},"text":["",""],"removed":[""],"origin":"+input"}
2019-4-24 16:06:42.802#change#{"from":{"line":8,"ch":0,"sticky":null},"to":{"line":8,"ch":0,"sticky":null},"text":["\t"],"removed":[""],"origin":"+input"}
2019-4-24 16:06:42.802#keyHandled#"Enter"
2019-4-24 16:06:42.812#viewportChange#0
2019-4-24 16:06:43.025#change#{"from":{"line":8,"ch":0,"sticky":"after"},"to":{"line":8,"ch":1,"sticky":null},"text":[""],"removed":["\t"],"origin":"+delete"}
2019-4-24 16:06:43.025#keyHandled#"Backspace"
2019-4-24 16:06:43.263#change#{"from":{"line":8,"ch":0,"sticky":null},"to":{"line":8,"ch":0,"sticky":null},"text":["elif (brasao == \"\"):","\tcasa = \"\""],"removed":[""],"origin":"paste"}
2019-4-24 16:06:43.282#viewportChange#0
2019-4-24 16:06:43.480#change#{"from":{"line":9,"ch":10,"sticky":null},"to":{"line":9,"ch":10,"sticky":null},"text":["",""],"removed":[""],"origin":"+input"}
2019-4-24 16:06:43.480#change#{"from":{"line":10,"ch":0,"sticky":null},"to":{"line":10,"ch":0,"sticky":null},"text":["\t"],"removed":[""],"origin":"+input"}
2019-4-24 16:06:43.480#keyHandled#"Enter"
2019-4-24 16:06:43.495#viewportChange#0
2019-4-24 16:06:43.956#change#{"from":{"line":10,"ch":0,"sticky":null},"to":{"line":10,"ch":0,"sticky":null},"text":["elif (brasao == \"\"):","\tcasa = \"\""],"removed":[""],"origin":"paste"}
2019-4-24 16:06:43.975#viewportChange#0
2019-4-24 16:06:44.093#change#{"from":{"line":11,"ch":10,"sticky":null},"to":{"line":11,"ch":10,"sticky":null},"text":["",""],"removed":[""],"origin":"+input"}
2019-4-24 16:06:44.093#change#{"from":{"line":12,"ch":0,"sticky":null},"to":{"line":12,"ch":0,"sticky":null},"text":["\t"],"removed":[""],"origin":"+input"}
2019-4-24 16:06:44.093#keyHandled#"Enter"
2019-4-24 16:06:44.105#viewportChange#0
2019-4-24 16:06:44.364#change#{"from":{"line":12,"ch":0,"sticky":"after"},"to":{"line":12,"ch":1,"sticky":null},"text":[""],"removed":["\t"],"origin":"+delete"}
2019-4-24 16:06:44.364#keyHandled#"Backspace"
2019-4-24 16:06:44.595#change#{"from":{"line":12,"ch":0,"sticky":null},"to":{"line":12,"ch":0,"sticky":null},"text":["elif (brasao == \"\"):","\tcasa = \"\""],"removed":[""],"origin":"paste"}
2019-4-24 16:06:44.607#viewportChange#0
2019-4-24 16:06:44.721#change#{"from":{"line":13,"ch":10,"sticky":null},"to":{"line":13,"ch":10,"sticky":null},"text":["",""],"removed":[""],"origin":"+input"}
2019-4-24 16:06:44.721#change#{"from":{"line":14,"ch":0,"sticky":null},"to":{"line":14,"ch":0,"sticky":null},"text":["\t"],"removed":[""],"origin":"+input"}
2019-4-24 16:06:44.721#keyHandled#"Enter"
2019-4-24 16:06:44.733#viewportChange#0
2019-4-24 16:06:44.985#change#{"from":{"line":14,"ch":0,"sticky":"after"},"to":{"line":14,"ch":1,"sticky":null},"text":[""],"removed":["\t"],"origin":"+delete"}
2019-4-24 16:06:44.985#keyHandled#"Backspace"
2019-4-24 16:06:45.207#change#{"from":{"line":14,"ch":0,"sticky":null},"to":{"line":14,"ch":0,"sticky":null},"text":["elif (brasao == \"\"):","\tcasa = \"\""],"removed":[""],"origin":"paste"}
2019-4-24 16:06:45.219#viewportChange#0
2019-4-24 16:06:45.353#change#{"from":{"line":15,"ch":10,"sticky":null},"to":{"line":15,"ch":10,"sticky":null},"text":["",""],"removed":[""],"origin":"+input"}
2019-4-24 16:06:45.353#change#{"from":{"line":16,"ch":0,"sticky":null},"to":{"line":16,"ch":0,"sticky":null},"text":["\t"],"removed":[""],"origin":"+input"}
2019-4-24 16:06:45.353#keyHandled#"Enter"
2019-4-24 16:06:45.366#viewportChange#0
2019-4-24 16:06:45.607#change#{"from":{"line":16,"ch":0,"sticky":"after"},"to":{"line":16,"ch":1,"sticky":null},"text":[""],"removed":["\t"],"origin":"+delete"}
2019-4-24 16:06:45.607#keyHandled#"Backspace"
2019-4-24 16:06:45.821#change#{"from":{"line":16,"ch":0,"sticky":null},"to":{"line":16,"ch":0,"sticky":null},"text":["elif (brasao == \"\"):","\tcasa = \"\""],"removed":[""],"origin":"paste"}
2019-4-24 16:06:45.839#viewportChange#0
2019-4-24 16:06:46.025#change#{"from":{"line":17,"ch":10,"sticky":null},"to":{"line":17,"ch":10,"sticky":null},"text":["",""],"removed":[""],"origin":"+input"}
2019-4-24 16:06:46.025#change#{"from":{"line":18,"ch":0,"sticky":null},"to":{"line":18,"ch":0,"sticky":null},"text":["\t"],"removed":[""],"origin":"+input"}
2019-4-24 16:06:46.025#keyHandled#"Enter"
2019-4-24 16:06:46.038#viewportChange#0
2019-4-24 16:06:46.533#change#{"from":{"line":18,"ch":0,"sticky":"after"},"to":{"line":18,"ch":1,"sticky":null},"text":[""],"removed":["\t"],"origin":"+delete"}
2019-4-24 16:06:46.533#keyHandled#"Backspace"
2019-4-24 16:06:46.751#change#{"from":{"line":18,"ch":0,"sticky":null},"to":{"line":18,"ch":0,"sticky":null},"text":["elif (brasao == \"\"):","\tcasa = \"\""],"removed":[""],"origin":"paste"}
2019-4-24 16:06:46.763#viewportChange#0
2019-4-24 16:06:47.112#change#{"from":{"line":19,"ch":10,"sticky":null},"to":{"line":19,"ch":10,"sticky":null},"text":["",""],"removed":[""],"origin":"+input"}
2019-4-24 16:06:47.112#change#{"from":{"line":20,"ch":0,"sticky":null},"to":{"line":20,"ch":0,"sticky":null},"text":["\t"],"removed":[""],"origin":"+input"}
2019-4-24 16:06:47.112#keyHandled#"Enter"
2019-4-24 16:06:47.124#viewportChange#0
2019-4-24 16:06:48.009#change#{"from":{"line":20,"ch":0,"sticky":"after"},"to":{"line":20,"ch":1,"sticky":null},"text":[""],"removed":["\t"],"origin":"+delete"}
2019-4-24 16:06:48.009#keyHandled#"Backspace"
2019-4-24 16:06:48.588#change#{"from":{"line":20,"ch":0,"sticky":null},"to":{"line":20,"ch":0,"sticky":null},"text":["e"],"removed":[""],"origin":"+input"}
2019-4-24 16:06:48.708#change#{"from":{"line":20,"ch":1,"sticky":null},"to":{"line":20,"ch":1,"sticky":null},"text":["l"],"removed":[""],"origin":"+input"}
2019-4-24 16:06:48.792#change#{"from":{"line":20,"ch":2,"sticky":null},"to":{"line":20,"ch":2,"sticky":null},"text":["s"],"removed":[""],"origin":"+input"}
2019-4-24 16:06:48.896#change#{"from":{"line":20,"ch":3,"sticky":null},"to":{"line":20,"ch":3,"sticky":null},"text":["e"],"removed":[""],"origin":"+input"}
2019-4-24 16:06:50.147#change#{"from":{"line":20,"ch":4,"sticky":null},"to":{"line":20,"ch":4,"sticky":null},"text":[":"],"removed":[""],"origin":"+input"}
2019-4-24 16:06:50.454#change#{"from":{"line":20,"ch":5,"sticky":null},"to":{"line":20,"ch":5,"sticky":null},"text":["",""],"removed":[""],"origin":"+input"}
2019-4-24 16:06:50.454#change#{"from":{"line":21,"ch":0,"sticky":null},"to":{"line":21,"ch":0,"sticky":null},"text":["\t"],"removed":[""],"origin":"+input"}
2019-4-24 16:06:50.454#keyHandled#"Enter"
2019-4-24 16:06:50.469#viewportChange#0
2019-4-24 16:06:51.133#change#{"from":{"line":21,"ch":1,"sticky":null},"to":{"line":21,"ch":1,"sticky":null},"text":["c"],"removed":[""],"origin":"+input"}
2019-4-24 16:06:51.283#change#{"from":{"line":21,"ch":2,"sticky":null},"to":{"line":21,"ch":2,"sticky":null},"text":["a"],"removed":[""],"origin":"+input"}
2019-4-24 16:06:51.421#change#{"from":{"line":21,"ch":3,"sticky":null},"to":{"line":21,"ch":3,"sticky":null},"text":["s"],"removed":[""],"origin":"+input"}
2019-4-24 16:06:51.531#change#{"from":{"line":21,"ch":4,"sticky":null},"to":{"line":21,"ch":4,"sticky":null},"text":["a"],"removed":[""],"origin":"+input"}
2019-4-24 16:06:52.081#change#{"from":{"line":21,"ch":5,"sticky":null},"to":{"line":21,"ch":5,"sticky":null},"text":[" "],"removed":[""],"origin":"+input"}
2019-4-24 16:06:52.187#change#{"from":{"line":21,"ch":6,"sticky":null},"to":{"line":21,"ch":6,"sticky":null},"text":["="],"removed":[""],"origin":"+input"}
2019-4-24 16:06:52.298#change#{"from":{"line":21,"ch":7,"sticky":null},"to":{"line":21,"ch":7,"sticky":null},"text":[" "],"removed":[""],"origin":"+input"}
2019-4-24 16:06:59.197#change#{"from":{"line":21,"ch":8,"sticky":null},"to":{"line":21,"ch":8,"sticky":null},"text":["\"\""],"removed":[""],"origin":"+input"}
2019-4-24 16:06:59.197#keyHandled#"'\"'"
2019-4-24 16:06:59.452#change#{"from":{"line":21,"ch":9,"sticky":"after"},"to":{"line":21,"ch":9,"sticky":"after"},"text":["i"],"removed":[""],"origin":"+input"}
2019-4-24 16:06:59.558#change#{"from":{"line":21,"ch":10,"sticky":null},"to":{"line":21,"ch":10,"sticky":null},"text":["n"],"removed":[""],"origin":"+input"}
2019-4-24 16:06:59.735#change#{"from":{"line":21,"ch":11,"sticky":null},"to":{"line":21,"ch":11,"sticky":null},"text":["v"],"removed":[""],"origin":"+input"}
2019-4-24 16:06:59.806#change#{"from":{"line":21,"ch":12,"sticky":null},"to":{"line":21,"ch":12,"sticky":null},"text":["a"],"removed":[""],"origin":"+input"}
2019-4-24 16:06:59.937#change#{"from":{"line":21,"ch":13,"sticky":null},"to":{"line":21,"ch":13,"sticky":null},"text":["l"],"removed":[""],"origin":"+input"}
2019-4-24 16:07:00.085#change#{"from":{"line":21,"ch":14,"sticky":null},"to":{"line":21,"ch":14,"sticky":null},"text":["i"],"removed":[""],"origin":"+input"}
2019-4-24 16:07:00.198#change#{"from":{"line":21,"ch":15,"sticky":null},"to":{"line":21,"ch":15,"sticky":null},"text":["d"],"removed":[""],"origin":"+input"}
2019-4-24 16:07:00.325#change#{"from":{"line":21,"ch":16,"sticky":null},"to":{"line":21,"ch":16,"sticky":null},"text":["o"],"removed":[""],"origin":"+input"}
2019-4-24 16:07:06.546#mousedown#{"isTrusted":true}
2019-4-24 16:07:07.367#change#{"from":{"line":4,"ch":17,"sticky":"after","xRel":1.5333251953125},"to":{"line":4,"ch":17,"sticky":"after","xRel":1.5333251953125},"text":["l"],"removed":[""],"origin":"+input"}
2019-4-24 16:07:07.535#change#{"from":{"line":4,"ch":18,"sticky":null},"to":{"line":4,"ch":18,"sticky":null},"text":["e"],"removed":[""],"origin":"+input"}
2019-4-24 16:07:07.630#change#{"from":{"line":4,"ch":19,"sticky":null},"to":{"line":4,"ch":19,"sticky":null},"text":["a"],"removed":[""],"origin":"+input"}
2019-4-24 16:07:07.778#change#{"from":{"line":4,"ch":20,"sticky":null},"to":{"line":4,"ch":20,"sticky":null},"text":["o"],"removed":[""],"origin":"+input"}
2019-4-24 16:07:09.166#keyHandled#"Down"
2019-4-24 16:07:09.330#keyHandled#"Left"
2019-4-24 16:07:10.138#change#{"from":{"line":5,"ch":9,"sticky":"after"},"to":{"line":5,"ch":9,"sticky":"after"},"text":["L"],"removed":[""],"origin":"+input"}
2019-4-24 16:07:10.314#change#{"from":{"line":5,"ch":10,"sticky":null},"to":{"line":5,"ch":10,"sticky":null},"text":["a"],"removed":[""],"origin":"+input"}
2019-4-24 16:07:10.616#change#{"from":{"line":5,"ch":11,"sticky":null},"to":{"line":5,"ch":11,"sticky":null},"text":["n"],"removed":[""],"origin":"+input"}
2019-4-24 16:07:10.735#change#{"from":{"line":5,"ch":12,"sticky":null},"to":{"line":5,"ch":12,"sticky":null},"text":["n"],"removed":[""],"origin":"+input"}
2019-4-24 16:07:10.899#change#{"from":{"line":5,"ch":13,"sticky":null},"to":{"line":5,"ch":13,"sticky":null},"text":["i"],"removed":[""],"origin":"+input"}
2019-4-24 16:07:10.971#change#{"from":{"line":5,"ch":14,"sticky":null},"to":{"line":5,"ch":14,"sticky":null},"text":["s"],"removed":[""],"origin":"+input"}
2019-4-24 16:07:12.208#change#{"from":{"line":5,"ch":15,"sticky":null},"to":{"line":5,"ch":15,"sticky":null},"text":["t"],"removed":[""],"origin":"+input"}
2019-4-24 16:07:12.312#change#{"from":{"line":5,"ch":16,"sticky":null},"to":{"line":5,"ch":16,"sticky":null},"text":["e"],"removed":[""],"origin":"+input"}
2019-4-24 16:07:12.413#change#{"from":{"line":5,"ch":17,"sticky":null},"to":{"line":5,"ch":17,"sticky":null},"text":["r"],"removed":[""],"origin":"+input"}
2019-4-24 16:07:15.173#mousedown#{"isTrusted":true}
2019-4-24 16:07:16.686#change#{"from":{"line":6,"ch":17,"sticky":"before","xRel":-1.4666748046875},"to":{"line":6,"ch":17,"sticky":"before","xRel":-1.4666748046875},"text":["v"],"removed":[""],"origin":"+input"}
2019-4-24 16:07:16.842#change#{"from":{"line":6,"ch":18,"sticky":null},"to":{"line":6,"ch":18,"sticky":null},"text":["e"],"removed":[""],"origin":"+input"}
2019-4-24 16:07:16.939#change#{"from":{"line":6,"ch":19,"sticky":null},"to":{"line":6,"ch":19,"sticky":null},"text":["a"],"removed":[""],"origin":"+input"}
2019-4-24 16:07:17.156#change#{"from":{"line":6,"ch":20,"sticky":null},"to":{"line":6,"ch":20,"sticky":null},"text":["d"],"removed":[""],"origin":"+input"}
2019-4-24 16:07:17.283#change#{"from":{"line":6,"ch":21,"sticky":null},"to":{"line":6,"ch":21,"sticky":null},"text":["o"],"removed":[""],"origin":"+input"}
2019-4-24 16:07:18.014#keyHandled#"Down"
2019-4-24 16:07:18.244#keyHandled#"Left"
2019-4-24 16:07:19.514#change#{"from":{"line":7,"ch":9,"sticky":"after"},"to":{"line":7,"ch":9,"sticky":"after"},"text":["B"],"removed":[""],"origin":"+input"}
2019-4-24 16:07:19.722#change#{"from":{"line":7,"ch":10,"sticky":null},"to":{"line":7,"ch":10,"sticky":null},"text":["a"],"removed":[""],"origin":"+input"}
2019-4-24 16:07:19.983#change#{"from":{"line":7,"ch":11,"sticky":null},"to":{"line":7,"ch":11,"sticky":null},"text":["r"],"removed":[""],"origin":"+input"}
2019-4-24 16:07:20.182#change#{"from":{"line":7,"ch":12,"sticky":null},"to":{"line":7,"ch":12,"sticky":null},"text":["a"],"removed":[""],"origin":"+input"}
2019-4-24 16:07:21.977#change#{"from":{"line":7,"ch":13,"sticky":null},"to":{"line":7,"ch":13,"sticky":null},"text":["t"],"removed":[""],"origin":"+input"}
2019-4-24 16:07:22.154#change#{"from":{"line":7,"ch":14,"sticky":null},"to":{"line":7,"ch":14,"sticky":null},"text":["h"],"removed":[""],"origin":"+input"}
2019-4-24 16:07:22.258#change#{"from":{"line":7,"ch":15,"sticky":null},"to":{"line":7,"ch":15,"sticky":null},"text":["e"],"removed":[""],"origin":"+input"}
2019-4-24 16:07:22.632#change#{"from":{"line":7,"ch":16,"sticky":null},"to":{"line":7,"ch":16,"sticky":null},"text":["o"],"removed":[""],"origin":"+input"}
2019-4-24 16:07:22.719#change#{"from":{"line":7,"ch":17,"sticky":null},"to":{"line":7,"ch":17,"sticky":null},"text":["n"],"removed":[""],"origin":"+input"}
2019-4-24 16:07:24.736#keyHandled#"Down"
2019-4-24 16:07:25.035#keyHandled#"Left"
2019-4-24 16:07:25.219#keyHandled#"Left"
2019-4-24 16:07:25.588#keyHandled#"Left"
2019-4-24 16:07:27.696#change#{"from":{"line":8,"ch":17,"sticky":"after"},"to":{"line":8,"ch":17,"sticky":"after"},"text":["d"],"removed":[""],"origin":"+input"}
2019-4-24 16:07:28.029#change#{"from":{"line":8,"ch":18,"sticky":null},"to":{"line":8,"ch":18,"sticky":null},"text":["r"],"removed":[""],"origin":"+input"}
2019-4-24 16:07:28.092#change#{"from":{"line":8,"ch":19,"sticky":null},"to":{"line":8,"ch":19,"sticky":null},"text":["a"],"removed":[""],"origin":"+input"}
2019-4-24 16:07:28.717#change#{"from":{"line":8,"ch":20,"sticky":null},"to":{"line":8,"ch":20,"sticky":null},"text":["g"],"removed":[""],"origin":"+input"}
2019-4-24 16:07:28.824#change#{"from":{"line":8,"ch":21,"sticky":null},"to":{"line":8,"ch":21,"sticky":null},"text":["a"],"removed":[""],"origin":"+input"}
2019-4-24 16:07:28.910#change#{"from":{"line":8,"ch":22,"sticky":null},"to":{"line":8,"ch":22,"sticky":null},"text":["o"],"removed":[""],"origin":"+input"}
2019-4-24 16:07:29.412#keyHandled#"Down"
2019-4-24 16:07:29.701#keyHandled#"Left"
2019-4-24 16:07:30.547#change#{"from":{"line":9,"ch":9,"sticky":"after"},"to":{"line":9,"ch":9,"sticky":"after"},"text":["t"],"removed":[""],"origin":"+input"}
2019-4-24 16:07:31.091#change#{"from":{"line":9,"ch":9,"sticky":"after"},"to":{"line":9,"ch":10,"sticky":null},"text":[""],"removed":["t"],"origin":"+delete"}
2019-4-24 16:07:31.091#keyHandled#"Backspace"
2019-4-24 16:07:31.594#change#{"from":{"line":9,"ch":9,"sticky":null},"to":{"line":9,"ch":9,"sticky":null},"text":["T"],"removed":[""],"origin":"+input"}
2019-4-24 16:07:31.843#change#{"from":{"line":9,"ch":10,"sticky":null},"to":{"line":9,"ch":10,"sticky":null},"text":["a"],"removed":[""],"origin":"+input"}
2019-4-24 16:07:32.091#change#{"from":{"line":9,"ch":11,"sticky":null},"to":{"line":9,"ch":11,"sticky":null},"text":["r"],"removed":[""],"origin":"+input"}
2019-4-24 16:07:33.523#change#{"from":{"line":9,"ch":12,"sticky":null},"to":{"line":9,"ch":12,"sticky":null},"text":["g"],"removed":[""],"origin":"+input"}
2019-4-24 16:07:33.708#change#{"from":{"line":9,"ch":13,"sticky":null},"to":{"line":9,"ch":13,"sticky":null},"text":["a"],"removed":[""],"origin":"+input"}
2019-4-24 16:07:34.314#change#{"from":{"line":9,"ch":15,"sticky":null},"to":{"line":9,"ch":15,"sticky":null},"text":["y"],"removed":[""],"origin":"+input"}
2019-4-24 16:07:34.492#change#{"from":{"line":9,"ch":16,"sticky":null},"to":{"line":9,"ch":16,"sticky":null},"text":["e"],"removed":[""],"origin":"+input"}
2019-4-24 16:07:34.590#change#{"from":{"line":9,"ch":17,"sticky":null},"to":{"line":9,"ch":17,"sticky":null},"text":["n"],"removed":[""],"origin":"+input"}
2019-4-24 16:07:36.070#keyHandled#"Down"
2019-4-24 16:07:37.320#keyHandled#"Left"
2019-4-24 16:07:37.549#keyHandled#"Left"
2019-4-24 16:07:37.846#keyHandled#"Left"
2019-4-24 16:07:38.398#change#{"from":{"line":10,"ch":17,"sticky":"after"},"to":{"line":10,"ch":17,"sticky":"after"},"text":["r"],"removed":[""],"origin":"+input"}
2019-4-24 16:07:38.567#change#{"from":{"line":10,"ch":18,"sticky":null},"to":{"line":10,"ch":18,"sticky":null},"text":["o"],"removed":[""],"origin":"+input"}
2019-4-24 16:07:38.659#change#{"from":{"line":10,"ch":19,"sticky":null},"to":{"line":10,"ch":19,"sticky":null},"text":["s"],"removed":[""],"origin":"+input"}
2019-4-24 16:07:38.793#change#{"from":{"line":10,"ch":20,"sticky":null},"to":{"line":10,"ch":20,"sticky":null},"text":["a"],"removed":[""],"origin":"+input"}
2019-4-24 16:07:39.961#keyHandled#"Down"
2019-4-24 16:07:40.196#keyHandled#"Left"
2019-4-24 16:07:41.083#change#{"from":{"line":11,"ch":9,"sticky":"after"},"to":{"line":11,"ch":9,"sticky":"after"},"text":["T"],"removed":[""],"origin":"+input"}
2019-4-24 16:07:41.293#change#{"from":{"line":11,"ch":10,"sticky":null},"to":{"line":11,"ch":10,"sticky":null},"text":["y"],"removed":[""],"origin":"+input"}
2019-4-24 16:07:42.369#change#{"from":{"line":11,"ch":11,"sticky":null},"to":{"line":11,"ch":11,"sticky":null},"text":["r"],"removed":[""],"origin":"+input"}
2019-4-24 16:07:42.472#change#{"from":{"line":11,"ch":12,"sticky":null},"to":{"line":11,"ch":12,"sticky":null},"text":["e"],"removed":[""],"origin":"+input"}
2019-4-24 16:07:42.738#change#{"from":{"line":11,"ch":13,"sticky":null},"to":{"line":11,"ch":13,"sticky":null},"text":["l"],"removed":[""],"origin":"+input"}
2019-4-24 16:07:42.855#change#{"from":{"line":11,"ch":14,"sticky":null},"to":{"line":11,"ch":14,"sticky":null},"text":["l"],"removed":[""],"origin":"+input"}
2019-4-24 16:07:43.962#keyHandled#"Down"
2019-4-24 16:07:44.331#keyHandled#"Left"
2019-4-24 16:07:44.658#keyHandled#"Right"
2019-4-24 16:07:45.506#change#{"from":{"line":12,"ch":17,"sticky":"before"},"to":{"line":12,"ch":17,"sticky":"before"},"text":["s"],"removed":[""],"origin":"+input"}
2019-4-24 16:07:45.622#change#{"from":{"line":12,"ch":18,"sticky":null},"to":{"line":12,"ch":18,"sticky":null},"text":["o"],"removed":[""],"origin":"+input"}
2019-4-24 16:07:45.767#change#{"from":{"line":12,"ch":19,"sticky":null},"to":{"line":12,"ch":19,"sticky":null},"text":["l"],"removed":[""],"origin":"+input"}
2019-4-24 16:07:47.247#keyHandled#"Down"
2019-4-24 16:07:47.515#keyHandled#"Left"
2019-4-24 16:07:48.551#change#{"from":{"line":13,"ch":9,"sticky":"after"},"to":{"line":13,"ch":9,"sticky":"after"},"text":["M"],"removed":[""],"origin":"+input"}
2019-4-24 16:07:48.724#change#{"from":{"line":13,"ch":10,"sticky":null},"to":{"line":13,"ch":10,"sticky":null},"text":["a"],"removed":[""],"origin":"+input"}
2019-4-24 16:07:49.279#change#{"from":{"line":13,"ch":11,"sticky":null},"to":{"line":13,"ch":11,"sticky":null},"text":["r"],"removed":[""],"origin":"+input"}
2019-4-24 16:07:49.720#change#{"from":{"line":13,"ch":12,"sticky":null},"to":{"line":13,"ch":12,"sticky":null},"text":["t"],"removed":[""],"origin":"+input"}
2019-4-24 16:07:49.763#change#{"from":{"line":13,"ch":13,"sticky":null},"to":{"line":13,"ch":13,"sticky":null},"text":["e"],"removed":[""],"origin":"+input"}
2019-4-24 16:07:50.004#change#{"from":{"line":13,"ch":14,"sticky":null},"to":{"line":13,"ch":14,"sticky":null},"text":["l"],"removed":[""],"origin":"+input"}
2019-4-24 16:07:50.153#change#{"from":{"line":13,"ch":15,"sticky":null},"to":{"line":13,"ch":15,"sticky":null},"text":["l"],"removed":[""],"origin":"+input"}
2019-4-24 16:07:50.839#keyHandled#"Right"
2019-4-24 16:07:50.979#keyHandled#"Down"
2019-4-24 16:07:51.898#keyHandled#"Left"
2019-4-24 16:07:52.342#keyHandled#"Left"
2019-4-24 16:07:54.069#change#{"from":{"line":14,"ch":17,"sticky":"after"},"to":{"line":14,"ch":17,"sticky":"after"},"text":["l"],"removed":[""],"origin":"+input"}
2019-4-24 16:07:54.480#change#{"from":{"line":14,"ch":18,"sticky":null},"to":{"line":14,"ch":18,"sticky":null},"text":["u"],"removed":[""],"origin":"+input"}
2019-4-24 16:07:54.768#change#{"from":{"line":14,"ch":19,"sticky":null},"to":{"line":14,"ch":19,"sticky":null},"text":["l"],"removed":[""],"origin":"+input"}
2019-4-24 16:07:54.867#change#{"from":{"line":14,"ch":20,"sticky":null},"to":{"line":14,"ch":20,"sticky":null},"text":["a"],"removed":[""],"origin":"+input"}
2019-4-24 16:07:56.161#keyHandled#"Right"
2019-4-24 16:07:56.418#keyHandled#"Right"
2019-4-24 16:07:56.780#keyHandled#"Down"
2019-4-24 16:07:57.162#keyHandled#"Left"
2019-4-24 16:07:58.338#change#{"from":{"line":15,"ch":9,"sticky":"after"},"to":{"line":15,"ch":9,"sticky":"after"},"text":["G"],"removed":[""],"origin":"+input"}
2019-4-24 16:07:58.901#change#{"from":{"line":15,"ch":10,"sticky":null},"to":{"line":15,"ch":10,"sticky":null},"text":["r"],"removed":[""],"origin":"+input"}
2019-4-24 16:07:59.142#change#{"from":{"line":15,"ch":11,"sticky":null},"to":{"line":15,"ch":11,"sticky":null},"text":["e"],"removed":[""],"origin":"+input"}
2019-4-24 16:07:59.412#change#{"from":{"line":15,"ch":12,"sticky":null},"to":{"line":15,"ch":12,"sticky":null},"text":["y"],"removed":[""],"origin":"+input"}
2019-4-24 16:07:59.660#change#{"from":{"line":15,"ch":13,"sticky":null},"to":{"line":15,"ch":13,"sticky":null},"text":["j"],"removed":[""],"origin":"+input"}
2019-4-24 16:08:00.026#change#{"from":{"line":15,"ch":14,"sticky":null},"to":{"line":15,"ch":14,"sticky":null},"text":["o"],"removed":[""],"origin":"+input"}
2019-4-24 16:08:00.072#change#{"from":{"line":15,"ch":15,"sticky":null},"to":{"line":15,"ch":15,"sticky":null},"text":["y"],"removed":[""],"origin":"+input"}
2019-4-24 16:08:02.180#keyHandled#"Down"
2019-4-24 16:08:02.734#keyHandled#"Left"
2019-4-24 16:08:04.192#change#{"from":{"line":16,"ch":19,"sticky":null},"to":{"line":16,"ch":19,"sticky":null},"text":["f"],"removed":[""],"origin":"+input"}
2019-4-24 16:08:04.422#change#{"from":{"line":16,"ch":20,"sticky":null},"to":{"line":16,"ch":20,"sticky":null},"text":["o"],"removed":[""],"origin":"+input"}
2019-4-24 16:08:04.563#change#{"from":{"line":16,"ch":21,"sticky":null},"to":{"line":16,"ch":21,"sticky":null},"text":["l"],"removed":[""],"origin":"+input"}
2019-4-24 16:08:04.628#change#{"from":{"line":16,"ch":22,"sticky":null},"to":{"line":16,"ch":22,"sticky":null},"text":["a"],"removed":[""],"origin":"+input"}
2019-4-24 16:08:04.841#change#{"from":{"line":16,"ch":23,"sticky":null},"to":{"line":16,"ch":23,"sticky":null},"text":["d"],"removed":[""],"origin":"+input"}
2019-4-24 16:08:04.900#change#{"from":{"line":16,"ch":24,"sticky":null},"to":{"line":16,"ch":24,"sticky":null},"text":["o"],"removed":[""],"origin":"+input"}
2019-4-24 16:08:05.464#keyHandled#"Down"
2019-4-24 16:08:05.885#keyHandled#"Left"
2019-4-24 16:08:07.023#change#{"from":{"line":17,"ch":9,"sticky":"after"},"to":{"line":17,"ch":9,"sticky":"after"},"text":["B"],"removed":[""],"origin":"+input"}
2019-4-24 16:08:07.282#change#{"from":{"line":17,"ch":10,"sticky":null},"to":{"line":17,"ch":10,"sticky":null},"text":["o"],"removed":[""],"origin":"+input"}
2019-4-24 16:08:07.414#change#{"from":{"line":17,"ch":11,"sticky":null},"to":{"line":17,"ch":11,"sticky":null},"text":["l"],"removed":[""],"origin":"+input"}
2019-4-24 16:08:07.555#change#{"from":{"line":17,"ch":12,"sticky":null},"to":{"line":17,"ch":12,"sticky":null},"text":["t"],"removed":[""],"origin":"+input"}
2019-4-24 16:08:07.707#change#{"from":{"line":17,"ch":13,"sticky":null},"to":{"line":17,"ch":13,"sticky":null},"text":["o"],"removed":[""],"origin":"+input"}
2019-4-24 16:08:07.817#change#{"from":{"line":17,"ch":14,"sticky":null},"to":{"line":17,"ch":14,"sticky":null},"text":["n"],"removed":[""],"origin":"+input"}
2019-4-24 16:08:08.849#keyHandled#"Down"
2019-4-24 16:08:09.183#keyHandled#"Left"
2019-4-24 16:08:09.847#keyHandled#"Right"
2019-4-24 16:08:10.328#change#{"from":{"line":18,"ch":17,"sticky":"before"},"to":{"line":18,"ch":17,"sticky":"before"},"text":["t"],"removed":[""],"origin":"+input"}
2019-4-24 16:08:10.779#change#{"from":{"line":18,"ch":18,"sticky":null},"to":{"line":18,"ch":18,"sticky":null},"text":["u"],"removed":[""],"origin":"+input"}
2019-4-24 16:08:10.864#change#{"from":{"line":18,"ch":19,"sticky":null},"to":{"line":18,"ch":19,"sticky":null},"text":["r"],"removed":[""],"origin":"+input"}
2019-4-24 16:08:11.214#change#{"from":{"line":18,"ch":20,"sticky":null},"to":{"line":18,"ch":20,"sticky":null},"text":["t"],"removed":[""],"origin":"+input"}
2019-4-24 16:08:11.414#change#{"from":{"line":18,"ch":21,"sticky":null},"to":{"line":18,"ch":21,"sticky":null},"text":["a"],"removed":[""],"origin":"+input"}
2019-4-24 16:08:12.704#keyHandled#"Down"
2019-4-24 16:08:13.157#keyHandled#"Left"
2019-4-24 16:08:14.105#change#{"from":{"line":19,"ch":9,"sticky":"after"},"to":{"line":19,"ch":9,"sticky":"after"},"text":["T"],"removed":[""],"origin":"+input"}
2019-4-24 16:08:14.405#change#{"from":{"line":19,"ch":10,"sticky":null},"to":{"line":19,"ch":10,"sticky":null},"text":["u"],"removed":[""],"origin":"+input"}
2019-4-24 16:08:15.406#change#{"from":{"line":19,"ch":11,"sticky":null},"to":{"line":19,"ch":11,"sticky":null},"text":["l"],"removed":[""],"origin":"+input"}
2019-4-24 16:08:15.647#change#{"from":{"line":19,"ch":12,"sticky":null},"to":{"line":19,"ch":12,"sticky":null},"text":["l"],"removed":[""],"origin":"+input"}
2019-4-24 16:08:15.749#change#{"from":{"line":19,"ch":13,"sticky":null},"to":{"line":19,"ch":13,"sticky":null},"text":["y"],"removed":[""],"origin":"+input"}
2019-4-24 16:08:20.048#mousedown#{"isTrusted":true}
2019-4-24 16:08:21.218#change#{"from":{"line":21,"ch":18,"sticky":"before","xRel":47.5333251953125},"to":{"line":21,"ch":18,"sticky":"before","xRel":47.5333251953125},"text":["",""],"removed":[""],"origin":"+input"}
2019-4-24 16:08:21.218#change#{"from":{"line":22,"ch":0,"sticky":null},"to":{"line":22,"ch":0,"sticky":null},"text":["\t"],"removed":[""],"origin":"+input"}
2019-4-24 16:08:21.218#keyHandled#"Enter"
2019-4-24 16:08:21.230#viewportChange#0
2019-4-24 16:08:21.840#change#{"from":{"line":22,"ch":0,"sticky":"after"},"to":{"line":22,"ch":1,"sticky":null},"text":[""],"removed":["\t"],"origin":"+delete"}
2019-4-24 16:08:21.840#keyHandled#"Backspace"
2019-4-24 16:08:23.245#change#{"from":{"line":22,"ch":0,"sticky":null},"to":{"line":22,"ch":0,"sticky":null},"text":["",""],"removed":[""],"origin":"+input"}
2019-4-24 16:08:23.245#change#{"from":{"line":23,"ch":0,"sticky":null},"to":{"line":23,"ch":0,"sticky":null},"text":["\t"],"removed":[""],"origin":"+input"}
2019-4-24 16:08:23.245#keyHandled#"Enter"
2019-4-24 16:08:23.257#viewportChange#0
2019-4-24 16:08:24.637#change#{"from":{"line":23,"ch":0,"sticky":null},"to":{"line":23,"ch":0,"sticky":null},"text":["p"],"removed":[""],"origin":"+input"}
2019-4-24 16:08:24.778#change#{"from":{"line":23,"ch":1,"sticky":null},"to":{"line":23,"ch":1,"sticky":null},"text":["r"],"removed":[""],"origin":"+input"}
2019-4-24 16:08:25.018#change#{"from":{"line":23,"ch":2,"sticky":null},"to":{"line":23,"ch":2,"sticky":null},"text":["i"],"removed":[""],"origin":"+input"}
2019-4-24 16:08:25.101#change#{"from":{"line":23,"ch":3,"sticky":null},"to":{"line":23,"ch":3,"sticky":null},"text":["n"],"removed":[""],"origin":"+input"}
2019-4-24 16:08:25.208#change#{"from":{"line":23,"ch":4,"sticky":null},"to":{"line":23,"ch":4,"sticky":null},"text":["t"],"removed":[""],"origin":"+input"}
2019-4-24 16:08:26.636#change#{"from":{"line":23,"ch":5,"sticky":null},"to":{"line":23,"ch":5,"sticky":null},"text":["()"],"removed":[""],"origin":"+input"}
2019-4-24 16:08:26.637#keyHandled#"'('"
2019-4-24 16:08:27.564#change#{"from":{"line":23,"ch":6,"sticky":"after"},"to":{"line":23,"ch":6,"sticky":"after"},"text":["\"\""],"removed":[""],"origin":"+input"}
2019-4-24 16:08:27.564#keyHandled#"'\"'"
2019-4-24 16:08:28.236#change#{"from":{"line":23,"ch":7,"sticky":"after"},"to":{"line":23,"ch":7,"sticky":"after"},"text":["B"],"removed":[""],"origin":"+input"}
2019-4-24 16:08:28.454#change#{"from":{"line":23,"ch":8,"sticky":null},"to":{"line":23,"ch":8,"sticky":null},"text":["r"],"removed":[""],"origin":"+input"}
2019-4-24 16:08:28.660#change#{"from":{"line":23,"ch":9,"sticky":null},"to":{"line":23,"ch":9,"sticky":null},"text":["a"],"removed":[""],"origin":"+input"}
2019-4-24 16:08:29.009#change#{"from":{"line":23,"ch":10,"sticky":null},"to":{"line":23,"ch":10,"sticky":null},"text":["s"],"removed":[""],"origin":"+input"}
2019-4-24 16:08:29.126#change#{"from":{"line":23,"ch":11,"sticky":null},"to":{"line":23,"ch":11,"sticky":null},"text":["a"],"removed":[""],"origin":"+input"}
2019-4-24 16:08:29.757#change#{"from":{"line":23,"ch":12,"sticky":null},"to":{"line":23,"ch":12,"sticky":null},"text":["o"],"removed":[""],"origin":"+input"}
2019-4-24 16:08:31.538#change#{"from":{"line":23,"ch":13,"sticky":null},"to":{"line":23,"ch":13,"sticky":null},"text":[" "],"removed":[""],"origin":"+input"}
2019-4-24 16:08:31.895#keyHandled#"Right"
2019-4-24 16:08:32.877#change#{"from":{"line":23,"ch":15,"sticky":"before"},"to":{"line":23,"ch":15,"sticky":"before"},"text":["+"],"removed":[""],"origin":"+input"}
2019-4-24 16:08:33.124#change#{"from":{"line":23,"ch":16,"sticky":null},"to":{"line":23,"ch":16,"sticky":null},"text":["s"],"removed":[""],"origin":"+input"}
2019-4-24 16:08:33.436#change#{"from":{"line":23,"ch":17,"sticky":null},"to":{"line":23,"ch":17,"sticky":null},"text":["t"],"removed":[""],"origin":"+input"}
2019-4-24 16:08:33.490#change#{"from":{"line":23,"ch":18,"sticky":null},"to":{"line":23,"ch":18,"sticky":null},"text":["r"],"removed":[""],"origin":"+input"}
2019-4-24 16:08:34.249#change#{"from":{"line":23,"ch":19,"sticky":null},"to":{"line":23,"ch":19,"sticky":null},"text":["()"],"removed":[""],"origin":"+input"}
2019-4-24 16:08:34.249#keyHandled#"'('"
2019-4-24 16:08:34.492#change#{"from":{"line":23,"ch":20,"sticky":"after"},"to":{"line":23,"ch":20,"sticky":"after"},"text":["c"],"removed":[""],"origin":"+input"}
2019-4-24 16:08:34.543#change#{"from":{"line":23,"ch":21,"sticky":null},"to":{"line":23,"ch":21,"sticky":null},"text":["a"],"removed":[""],"origin":"+input"}
2019-4-24 16:08:34.699#change#{"from":{"line":23,"ch":22,"sticky":null},"to":{"line":23,"ch":22,"sticky":null},"text":["s"],"removed":[""],"origin":"+input"}
2019-4-24 16:08:34.830#change#{"from":{"line":23,"ch":23,"sticky":null},"to":{"line":23,"ch":23,"sticky":null},"text":["a"],"removed":[""],"origin":"+input"}
2019-4-24 16:08:38.690#mousedown#{"isTrusted":true}
2019-4-24 16:08:39.582#change#{"from":{"line":1,"ch":0,"sticky":"after","xRel":99.5333251953125},"to":{"line":1,"ch":0,"sticky":"after","xRel":99.5333251953125},"text":["",""],"removed":[""],"origin":"+input"}
2019-4-24 16:08:39.582#keyHandled#"Enter"
2019-4-24 16:08:39.603#viewportChange#0
2019-4-24 16:08:39.987#change#{"from":{"line":2,"ch":0,"sticky":null},"to":{"line":2,"ch":0,"sticky":null},"text":["",""],"removed":[""],"origin":"+input"}
2019-4-24 16:08:39.987#keyHandled#"Enter"
2019-4-24 16:08:40.004#viewportChange#0
2019-4-24 16:08:40.275#keyHandled#"Down"
2019-4-24 16:08:40.300#keyHandled#"Up"
2019-4-24 16:08:40.756#keyHandled#"Up"
2019-4-24 16:08:41.400#change#{"from":{"line":2,"ch":0,"sticky":"after","xRel":0},"to":{"line":2,"ch":0,"sticky":"after","xRel":0},"text":["p"],"removed":[""],"origin":"+input"}
2019-4-24 16:08:41.537#change#{"from":{"line":2,"ch":1,"sticky":null},"to":{"line":2,"ch":1,"sticky":null},"text":["r"],"removed":[""],"origin":"+input"}
2019-4-24 16:08:41.716#change#{"from":{"line":2,"ch":2,"sticky":null},"to":{"line":2,"ch":2,"sticky":null},"text":["i"],"removed":[""],"origin":"+input"}
2019-4-24 16:08:41.769#change#{"from":{"line":2,"ch":3,"sticky":null},"to":{"line":2,"ch":3,"sticky":null},"text":["n"],"removed":[""],"origin":"+input"}
2019-4-24 16:08:41.912#change#{"from":{"line":2,"ch":4,"sticky":null},"to":{"line":2,"ch":4,"sticky":null},"text":["t"],"removed":[""],"origin":"+input"}
2019-4-24 16:08:42.467#change#{"from":{"line":2,"ch":5,"sticky":null},"to":{"line":2,"ch":5,"sticky":null},"text":["()"],"removed":[""],"origin":"+input"}
2019-4-24 16:08:42.467#keyHandled#"'('"
2019-4-24 16:08:43.111#change#{"from":{"line":2,"ch":6,"sticky":"after"},"to":{"line":2,"ch":6,"sticky":"after"},"text":["\"\""],"removed":[""],"origin":"+input"}
2019-4-24 16:08:43.111#keyHandled#"'\"'"
2019-4-24 16:08:44.145#change#{"from":{"line":2,"ch":8,"sticky":null},"to":{"line":2,"ch":8,"sticky":null},"text":["n"],"removed":[""],"origin":"+input"}
2019-4-24 16:08:44.494#change#{"from":{"line":2,"ch":9,"sticky":null},"to":{"line":2,"ch":9,"sticky":null},"text":["t"],"removed":[""],"origin":"+input"}
2019-4-24 16:08:44.518#change#{"from":{"line":2,"ch":10,"sticky":null},"to":{"line":2,"ch":10,"sticky":null},"text":["r"],"removed":[""],"origin":"+input"}
2019-4-24 16:08:44.660#change#{"from":{"line":2,"ch":11,"sticky":null},"to":{"line":2,"ch":11,"sticky":null},"text":["a"],"removed":[""],"origin":"+input"}
2019-4-24 16:08:44.845#change#{"from":{"line":2,"ch":12,"sticky":null},"to":{"line":2,"ch":12,"sticky":null},"text":["d"],"removed":[""],"origin":"+input"}
2019-4-24 16:08:44.921#change#{"from":{"line":2,"ch":13,"sticky":null},"to":{"line":2,"ch":13,"sticky":null},"text":["a"],"removed":[""],"origin":"+input"}
2019-4-24 16:08:45.898#change#{"from":{"line":2,"ch":14,"sticky":null},"to":{"line":2,"ch":14,"sticky":null},"text":[":"],"removed":[""],"origin":"+input"}
2019-4-24 16:08:46.554#change#{"from":{"line":2,"ch":15,"sticky":null},"to":{"line":2,"ch":15,"sticky":null},"text":[" "],"removed":[""],"origin":"+input"}
2019-4-24 16:08:47.441#keyHandled#"Right"
2019-4-24 16:08:48.413#change#{"from":{"line":2,"ch":17,"sticky":"before"},"to":{"line":2,"ch":17,"sticky":"before"},"text":["s"],"removed":[""],"origin":"+input"}
2019-4-24 16:08:48.670#change#{"from":{"line":2,"ch":18,"sticky":null},"to":{"line":2,"ch":18,"sticky":null},"text":["t"],"removed":[""],"origin":"+input"}
2019-4-24 16:08:48.731#change#{"from":{"line":2,"ch":19,"sticky":null},"to":{"line":2,"ch":19,"sticky":null},"text":["r"],"removed":[""],"origin":"+input"}
2019-4-24 16:08:49.469#change#{"from":{"line":2,"ch":20,"sticky":null},"to":{"line":2,"ch":20,"sticky":null},"text":["()"],"removed":[""],"origin":"+input"}
2019-4-24 16:08:49.469#keyHandled#"'('"
2019-4-24 16:08:50.113#change#{"from":{"line":2,"ch":21,"sticky":"after"},"to":{"line":2,"ch":21,"sticky":"after"},"text":["b"],"removed":[""],"origin":"+input"}
2019-4-24 16:08:50.226#change#{"from":{"line":2,"ch":22,"sticky":null},"to":{"line":2,"ch":22,"sticky":null},"text":["r"],"removed":[""],"origin":"+input"}
2019-4-24 16:08:50.356#change#{"from":{"line":2,"ch":23,"sticky":null},"to":{"line":2,"ch":23,"sticky":null},"text":["a"],"removed":[""],"origin":"+input"}
2019-4-24 16:08:50.515#change#{"from":{"line":2,"ch":24,"sticky":null},"to":{"line":2,"ch":24,"sticky":null},"text":["s"],"removed":[""],"origin":"+input"}
2019-4-24 16:08:50.663#change#{"from":{"line":2,"ch":25,"sticky":null},"to":{"line":2,"ch":25,"sticky":null},"text":["a"],"removed":[""],"origin":"+input"}
2019-4-24 16:08:50.856#change#{"from":{"line":2,"ch":26,"sticky":null},"to":{"line":2,"ch":26,"sticky":null},"text":["o"],"removed":[""],"origin":"+input"}
2019-4-24 16:08:52.196#keyHandled#"Left"
2019-4-24 16:08:52.696#keyHandled#"Left"
2019-4-24 16:08:52.730#keyHandled#"Left"
2019-4-24 16:08:52.761#keyHandled#"Left"
2019-4-24 16:08:52.793#keyHandled#"Left"
2019-4-24 16:08:52.822#keyHandled#"Left"
2019-4-24 16:08:52.852#keyHandled#"Left"
2019-4-24 16:08:52.883#keyHandled#"Left"
2019-4-24 16:08:53.117#keyHandled#"Left"
2019-4-24 16:08:53.316#keyHandled#"Left"
2019-4-24 16:08:57.324#blur#
2019-4-24 16:08:57.324#blur#
2019-4-24 16:08:59.614#submit#Your code did not produce the correct output. Please, correct your code and try again.
2019-4-24 16:09:29.671#mousedown#{"isTrusted":true}
2019-4-24 16:09:29.689#focus#
2019-4-24 16:09:32.277#copy#{"isTrusted":true}
2019-4-24 16:09:33.142#mousedown#{"isTrusted":true}
2019-4-24 16:09:33.750#mousedown#{"isTrusted":true}
2019-4-24 16:09:39.214#mousedown#{"isTrusted":true}
2019-4-24 16:09:40.233#change#{"from":{"line":21,"ch":9,"sticky":"after","xRel":0.5333251953125},"to":{"line":21,"ch":9,"sticky":"after","xRel":0.5333251953125},"text":["C"],"removed":[""],"origin":"+input"}
2019-4-24 16:09:40.457#change#{"from":{"line":21,"ch":10,"sticky":null},"to":{"line":21,"ch":10,"sticky":null},"text":["a"],"removed":[""],"origin":"+input"}
2019-4-24 16:09:40.651#change#{"from":{"line":21,"ch":11,"sticky":null},"to":{"line":21,"ch":11,"sticky":null},"text":["s"],"removed":[""],"origin":"+input"}
2019-4-24 16:09:40.747#change#{"from":{"line":21,"ch":12,"sticky":null},"to":{"line":21,"ch":12,"sticky":null},"text":["a"],"removed":[""],"origin":"+input"}
2019-4-24 16:09:41.425#change#{"from":{"line":21,"ch":13,"sticky":null},"to":{"line":21,"ch":13,"sticky":null},"text":[":"],"removed":[""],"origin":"+input"}
2019-4-24 16:09:41.560#change#{"from":{"line":21,"ch":14,"sticky":null},"to":{"line":21,"ch":14,"sticky":null},"text":[" "],"removed":[""],"origin":"+input"}
2019-4-24 16:09:43.302#mousedown#{"isTrusted":true}
2019-4-24 16:09:46.288#copy#{"isTrusted":true}
2019-4-24 16:09:48.421#mousedown#{"isTrusted":true}
2019-4-24 16:09:50.384#change#{"from":{"line":25,"ch":6,"sticky":"before","xRel":-2.4666748046875},"to":{"line":25,"ch":20,"sticky":"after","xRel":1.5333251953125},"text":[""],"removed":["\"Brasao \"+str("],"origin":"+delete"}
2019-4-24 16:09:50.385#keyHandled#"Backspace"
2019-4-24 16:09:50.918#keyHandled#"Right"
2019-4-24 16:09:51.063#keyHandled#"Right"
2019-4-24 16:09:51.313#keyHandled#"Right"
2019-4-24 16:09:51.443#keyHandled#"Right"
2019-4-24 16:09:51.575#keyHandled#"Right"
2019-4-24 16:09:51.788#keyHandled#"Right"
2019-4-24 16:09:52.211#change#{"from":{"line":25,"ch":11,"sticky":"after"},"to":{"line":25,"ch":12,"sticky":"before"},"text":[""],"removed":[")"],"origin":"+delete"}
2019-4-24 16:09:52.211#keyHandled#"Backspace"
2019-4-24 16:09:52.794#keyHandled#"Up"
2019-4-24 16:09:52.949#keyHandled#"Up"
2019-4-24 16:09:53.111#keyHandled#"Up"
2019-4-24 16:09:53.244#keyHandled#"Up"
2019-4-24 16:09:53.411#keyHandled#"Up"
2019-4-24 16:09:53.565#keyHandled#"Up"
2019-4-24 16:09:54.364#change#{"from":{"line":19,"ch":9,"sticky":"after","xRel":0},"to":{"line":19,"ch":9,"sticky":"after","xRel":0},"text":["Casa: "],"removed":[""],"origin":"paste"}
2019-4-24 16:09:54.832#keyHandled#"Up"
2019-4-24 16:09:55.003#keyHandled#"Up"
2019-4-24 16:09:55.310#keyHandled#"Left"
2019-4-24 16:09:55.475#keyHandled#"Left"
2019-4-24 16:09:55.625#keyHandled#"Left"
2019-4-24 16:09:55.789#keyHandled#"Left"
2019-4-24 16:09:55.936#keyHandled#"Left"
2019-4-24 16:09:56.352#keyHandled#"Left"
2019-4-24 16:09:56.607#change#{"from":{"line":17,"ch":9,"sticky":"after"},"to":{"line":17,"ch":9,"sticky":"after"},"text":["Casa: "],"removed":[""],"origin":"paste"}
2019-4-24 16:09:57.646#keyHandled#"Up"
2019-4-24 16:09:57.779#keyHandled#"Up"
2019-4-24 16:09:57.973#keyHandled#"Left"
2019-4-24 16:09:58.134#keyHandled#"Left"
2019-4-24 16:09:58.291#keyHandled#"Left"
2019-4-24 16:09:58.434#keyHandled#"Left"
2019-4-24 16:09:58.581#keyHandled#"Left"
2019-4-24 16:09:58.714#keyHandled#"Left"
2019-4-24 16:09:59.017#change#{"from":{"line":15,"ch":9,"sticky":"after"},"to":{"line":15,"ch":9,"sticky":"after"},"text":["Casa: "],"removed":[""],"origin":"paste"}
2019-4-24 16:09:59.624#keyHandled#"Up"
2019-4-24 16:09:59.861#keyHandled#"Up"
2019-4-24 16:10:00.253#keyHandled#"Left"
2019-4-24 16:10:00.428#keyHandled#"Left"
2019-4-24 16:10:00.578#keyHandled#"Left"
2019-4-24 16:10:00.710#keyHandled#"Left"
2019-4-24 16:10:00.847#keyHandled#"Left"
2019-4-24 16:10:00.983#keyHandled#"Left"
2019-4-24 16:10:01.259#change#{"from":{"line":13,"ch":9,"sticky":"after"},"to":{"line":13,"ch":9,"sticky":"after"},"text":["Casa: "],"removed":[""],"origin":"paste"}
2019-4-24 16:10:01.516#keyHandled#"Up"
2019-4-24 16:10:01.828#keyHandled#"Up"
2019-4-24 16:10:02.197#keyHandled#"Left"
2019-4-24 16:10:02.345#keyHandled#"Left"
2019-4-24 16:10:02.526#keyHandled#"Left"
2019-4-24 16:10:02.669#keyHandled#"Left"
2019-4-24 16:10:02.819#keyHandled#"Left"
2019-4-24 16:10:02.978#keyHandled#"Left"
2019-4-24 16:10:03.332#change#{"from":{"line":11,"ch":9,"sticky":"after"},"to":{"line":11,"ch":9,"sticky":"after"},"text":["Casa: "],"removed":[""],"origin":"paste"}
2019-4-24 16:10:03.645#keyHandled#"Up"
2019-4-24 16:10:04.086#keyHandled#"Left"
2019-4-24 16:10:04.248#keyHandled#"Left"
2019-4-24 16:10:04.411#keyHandled#"Left"
2019-4-24 16:10:04.569#keyHandled#"Left"
2019-4-24 16:10:04.729#keyHandled#"Left"
2019-4-24 16:10:04.897#keyHandled#"Left"
2019-4-24 16:10:05.202#change#{"from":{"line":9,"ch":9,"sticky":"after"},"to":{"line":9,"ch":9,"sticky":"after"},"text":["Casa: "],"removed":[""],"origin":"paste"}
2019-4-24 16:10:05.439#keyHandled#"Up"
2019-4-24 16:10:05.840#keyHandled#"Left"
2019-4-24 16:10:06.044#keyHandled#"Left"
2019-4-24 16:10:06.281#keyHandled#"Up"
2019-4-24 16:10:06.549#keyHandled#"Left"
2019-4-24 16:10:06.724#keyHandled#"Left"
2019-4-24 16:10:06.883#keyHandled#"Left"
2019-4-24 16:10:07.050#keyHandled#"Left"
2019-4-24 16:10:07.346#change#{"from":{"line":7,"ch":9,"sticky":"after"},"to":{"line":7,"ch":9,"sticky":"after"},"text":["Casa: "],"removed":[""],"origin":"paste"}
2019-4-24 16:10:07.543#keyHandled#"Up"
2019-4-24 16:10:07.718#keyHandled#"Up"
2019-4-24 16:10:07.869#keyHandled#"Up"
2019-4-24 16:10:08.035#keyHandled#"Up"
2019-4-24 16:10:08.306#keyHandled#"Down"
2019-4-24 16:10:08.644#keyHandled#"Down"
2019-4-24 16:10:08.868#keyHandled#"Left"
2019-4-24 16:10:09.033#keyHandled#"Left"
2019-4-24 16:10:09.187#keyHandled#"Left"
2019-4-24 16:10:09.353#keyHandled#"Left"
2019-4-24 16:10:09.524#keyHandled#"Left"
2019-4-24 16:10:09.696#keyHandled#"Left"
2019-4-24 16:10:10.132#change#{"from":{"line":5,"ch":9,"sticky":"after"},"to":{"line":5,"ch":9,"sticky":"after"},"text":["Casa: "],"removed":[""],"origin":"paste"}
2019-4-24 16:10:12.713#blur#
