2019-6-5 16:15:18.086#viewportChange#0
2019-6-5 16:15:42.667#mousedown#{"isTrusted":true}
2019-6-5 16:15:42.678#focus#
2019-6-5 16:15:44.749#change#{"from":{"line":0,"ch":0,"sticky":"after","xRel":44.5333251953125},"to":{"line":0,"ch":0,"sticky":"after","xRel":44.5333251953125},"text":["v"],"removed":[""],"origin":"+input"}
2019-6-5 16:15:45.473#change#{"from":{"line":0,"ch":0,"sticky":"after"},"to":{"line":0,"ch":1,"sticky":null},"text":[""],"removed":["v"],"origin":"+delete"}
2019-6-5 16:15:45.473#keyHandled#"Backspace"
2019-6-5 16:15:56.529#change#{"from":{"line":0,"ch":2,"sticky":null},"to":{"line":0,"ch":2,"sticky":null},"text":["m"],"removed":[""],"origin":"+input"}
2019-6-5 16:15:57.510#change#{"from":{"line":0,"ch":3,"sticky":null},"to":{"line":0,"ch":3,"sticky":null},"text":[" "],"removed":[""],"origin":"+input"}
2019-6-5 16:15:57.683#change#{"from":{"line":0,"ch":4,"sticky":null},"to":{"line":0,"ch":4,"sticky":null},"text":["="],"removed":[""],"origin":"+input"}
2019-6-5 16:15:57.787#change#{"from":{"line":0,"ch":5,"sticky":null},"to":{"line":0,"ch":5,"sticky":null},"text":[" "],"removed":[""],"origin":"+input"}
2019-6-5 16:15:58.842#change#{"from":{"line":0,"ch":6,"sticky":null},"to":{"line":0,"ch":6,"sticky":null},"text":["e"],"removed":[""],"origin":"+input"}
2019-6-5 16:15:58.962#change#{"from":{"line":0,"ch":7,"sticky":null},"to":{"line":0,"ch":7,"sticky":null},"text":["v"],"removed":[""],"origin":"+input"}
2019-6-5 16:15:59.087#change#{"from":{"line":0,"ch":8,"sticky":null},"to":{"line":0,"ch":8,"sticky":null},"text":["a"],"removed":[""],"origin":"+input"}
2019-6-5 16:15:59.445#change#{"from":{"line":0,"ch":9,"sticky":null},"to":{"line":0,"ch":9,"sticky":null},"text":["l"],"removed":[""],"origin":"+input"}
2019-6-5 16:16:00.747#change#{"from":{"line":0,"ch":10,"sticky":null},"to":{"line":0,"ch":10,"sticky":null},"text":["()"],"removed":[""],"origin":"+input"}
2019-6-5 16:16:00.747#keyHandled#"'('"
2019-6-5 16:16:00.955#change#{"from":{"line":0,"ch":11,"sticky":"after"},"to":{"line":0,"ch":11,"sticky":"after"},"text":["i"],"removed":[""],"origin":"+input"}
2019-6-5 16:16:01.083#change#{"from":{"line":0,"ch":12,"sticky":null},"to":{"line":0,"ch":12,"sticky":null},"text":["n"],"removed":[""],"origin":"+input"}
2019-6-5 16:16:01.314#change#{"from":{"line":0,"ch":13,"sticky":null},"to":{"line":0,"ch":13,"sticky":null},"text":["p"],"removed":[""],"origin":"+input"}
2019-6-5 16:16:01.502#change#{"from":{"line":0,"ch":14,"sticky":null},"to":{"line":0,"ch":14,"sticky":null},"text":["u"],"removed":[""],"origin":"+input"}
2019-6-5 16:16:01.577#change#{"from":{"line":0,"ch":15,"sticky":null},"to":{"line":0,"ch":15,"sticky":null},"text":["t"],"removed":[""],"origin":"+input"}
2019-6-5 16:16:02.466#change#{"from":{"line":0,"ch":16,"sticky":null},"to":{"line":0,"ch":16,"sticky":null},"text":["()"],"removed":[""],"origin":"+input"}
2019-6-5 16:16:02.467#keyHandled#"'('"
2019-6-5 16:16:03.053#keyHandled#"Right"
2019-6-5 16:16:03.222#keyHandled#"Right"
2019-6-5 16:16:03.498#change#{"from":{"line":0,"ch":19,"sticky":"before"},"to":{"line":0,"ch":19,"sticky":"before"},"text":["",""],"removed":[""],"origin":"+input"}
2019-6-5 16:16:03.498#keyHandled#"Enter"
2019-6-5 16:16:03.513#viewportChange#0
2019-6-5 16:16:04.318#change#{"from":{"line":1,"ch":0,"sticky":null},"to":{"line":1,"ch":0,"sticky":null},"text":["g"],"removed":[""],"origin":"+input"}
2019-6-5 16:16:04.631#change#{"from":{"line":1,"ch":1,"sticky":null},"to":{"line":1,"ch":1,"sticky":null},"text":["_"],"removed":[""],"origin":"+input"}
2019-6-5 16:16:04.874#change#{"from":{"line":1,"ch":2,"sticky":null},"to":{"line":1,"ch":2,"sticky":null},"text":["t"],"removed":[""],"origin":"+input"}
2019-6-5 16:16:05.811#change#{"from":{"line":1,"ch":3,"sticky":null},"to":{"line":1,"ch":3,"sticky":null},"text":[" "],"removed":[""],"origin":"+input"}
2019-6-5 16:16:06.016#change#{"from":{"line":1,"ch":5,"sticky":null},"to":{"line":1,"ch":5,"sticky":null},"text":[" "],"removed":[""],"origin":"+input"}
2019-6-5 16:16:07.051#change#{"from":{"line":1,"ch":6,"sticky":null},"to":{"line":1,"ch":6,"sticky":null},"text":["e"],"removed":[""],"origin":"+input"}
2019-6-5 16:16:07.221#change#{"from":{"line":1,"ch":7,"sticky":null},"to":{"line":1,"ch":7,"sticky":null},"text":["v"],"removed":[""],"origin":"+input"}
2019-6-5 16:16:07.400#change#{"from":{"line":1,"ch":8,"sticky":null},"to":{"line":1,"ch":8,"sticky":null},"text":["a"],"removed":[""],"origin":"+input"}
2019-6-5 16:16:07.530#change#{"from":{"line":1,"ch":9,"sticky":null},"to":{"line":1,"ch":9,"sticky":null},"text":["l"],"removed":[""],"origin":"+input"}
2019-6-5 16:16:08.469#change#{"from":{"line":1,"ch":10,"sticky":null},"to":{"line":1,"ch":10,"sticky":null},"text":["()"],"removed":[""],"origin":"+input"}
2019-6-5 16:16:08.469#keyHandled#"'('"
2019-6-5 16:16:08.665#change#{"from":{"line":1,"ch":11,"sticky":"after"},"to":{"line":1,"ch":11,"sticky":"after"},"text":["i"],"removed":[""],"origin":"+input"}
2019-6-5 16:16:08.788#change#{"from":{"line":1,"ch":12,"sticky":null},"to":{"line":1,"ch":12,"sticky":null},"text":["n"],"removed":[""],"origin":"+input"}
2019-6-5 16:16:09.008#change#{"from":{"line":1,"ch":13,"sticky":null},"to":{"line":1,"ch":13,"sticky":null},"text":["p"],"removed":[""],"origin":"+input"}
2019-6-5 16:16:09.255#change#{"from":{"line":1,"ch":14,"sticky":null},"to":{"line":1,"ch":14,"sticky":null},"text":["u"],"removed":[""],"origin":"+input"}
2019-6-5 16:16:09.341#change#{"from":{"line":1,"ch":15,"sticky":null},"to":{"line":1,"ch":15,"sticky":null},"text":["t"],"removed":[""],"origin":"+input"}
2019-6-5 16:16:10.051#change#{"from":{"line":1,"ch":16,"sticky":null},"to":{"line":1,"ch":16,"sticky":null},"text":["()"],"removed":[""],"origin":"+input"}
2019-6-5 16:16:10.051#keyHandled#"'('"
2019-6-5 16:16:10.817#keyHandled#"Right"
2019-6-5 16:16:10.965#keyHandled#"Right"
2019-6-5 16:16:11.255#change#{"from":{"line":1,"ch":19,"sticky":"before"},"to":{"line":1,"ch":19,"sticky":"before"},"text":["",""],"removed":[""],"origin":"+input"}
2019-6-5 16:16:11.255#keyHandled#"Enter"
2019-6-5 16:16:11.270#viewportChange#0
2019-6-5 16:16:12.977#change#{"from":{"line":2,"ch":0,"sticky":null},"to":{"line":2,"ch":0,"sticky":null},"text":["",""],"removed":[""],"origin":"+input"}
2019-6-5 16:16:12.977#keyHandled#"Enter"
2019-6-5 16:16:12.992#viewportChange#0
2019-6-5 16:16:13.465#change#{"from":{"line":3,"ch":0,"sticky":null},"to":{"line":3,"ch":0,"sticky":null},"text":["f"],"removed":[""],"origin":"+input"}
2019-6-5 16:16:13.630#change#{"from":{"line":3,"ch":1,"sticky":null},"to":{"line":3,"ch":1,"sticky":null},"text":["o"],"removed":[""],"origin":"+input"}
2019-6-5 16:16:13.767#change#{"from":{"line":3,"ch":2,"sticky":null},"to":{"line":3,"ch":2,"sticky":null},"text":["r"],"removed":[""],"origin":"+input"}
2019-6-5 16:16:14.371#change#{"from":{"line":3,"ch":2,"sticky":"after"},"to":{"line":3,"ch":3,"sticky":null},"text":[""],"removed":["r"],"origin":"+delete"}
2019-6-5 16:16:14.371#keyHandled#"Backspace"
2019-6-5 16:16:14.537#change#{"from":{"line":3,"ch":1,"sticky":"after"},"to":{"line":3,"ch":2,"sticky":null},"text":[""],"removed":["o"],"origin":"+delete"}
2019-6-5 16:16:14.538#keyHandled#"Backspace"
2019-6-5 16:16:14.726#change#{"from":{"line":3,"ch":0,"sticky":"after"},"to":{"line":3,"ch":1,"sticky":null},"text":[""],"removed":["f"],"origin":"+delete"}
2019-6-5 16:16:14.726#keyHandled#"Backspace"
2019-6-5 16:16:15.619#change#{"from":{"line":3,"ch":0,"sticky":null},"to":{"line":3,"ch":0,"sticky":null},"text":["c"],"removed":[""],"origin":"+input"}
2019-6-5 16:16:15.769#change#{"from":{"line":3,"ch":1,"sticky":null},"to":{"line":3,"ch":1,"sticky":null},"text":["o"],"removed":[""],"origin":"+input"}
2019-6-5 16:16:15.899#change#{"from":{"line":3,"ch":2,"sticky":null},"to":{"line":3,"ch":2,"sticky":null},"text":["u"],"removed":[""],"origin":"+input"}
2019-6-5 16:16:16.169#change#{"from":{"line":3,"ch":3,"sticky":null},"to":{"line":3,"ch":3,"sticky":null},"text":["n"],"removed":[""],"origin":"+input"}
2019-6-5 16:16:16.241#change#{"from":{"line":3,"ch":4,"sticky":null},"to":{"line":3,"ch":4,"sticky":null},"text":["t"],"removed":[""],"origin":"+input"}
2019-6-5 16:16:16.793#change#{"from":{"line":3,"ch":5,"sticky":null},"to":{"line":3,"ch":5,"sticky":null},"text":[" "],"removed":[""],"origin":"+input"}
2019-6-5 16:16:16.966#change#{"from":{"line":3,"ch":6,"sticky":null},"to":{"line":3,"ch":6,"sticky":null},"text":["="],"removed":[""],"origin":"+input"}
2019-6-5 16:16:17.063#change#{"from":{"line":3,"ch":7,"sticky":null},"to":{"line":3,"ch":7,"sticky":null},"text":[" "],"removed":[""],"origin":"+input"}
2019-6-5 16:16:17.181#change#{"from":{"line":3,"ch":8,"sticky":null},"to":{"line":3,"ch":8,"sticky":null},"text":["0"],"removed":[""],"origin":"+input"}
2019-6-5 16:16:17.775#change#{"from":{"line":3,"ch":9,"sticky":null},"to":{"line":3,"ch":9,"sticky":null},"text":["",""],"removed":[""],"origin":"+input"}
2019-6-5 16:16:17.775#keyHandled#"Enter"
2019-6-5 16:16:17.790#viewportChange#0
2019-6-5 16:16:17.978#change#{"from":{"line":4,"ch":0,"sticky":null},"to":{"line":4,"ch":0,"sticky":null},"text":["",""],"removed":[""],"origin":"+input"}
2019-6-5 16:16:17.978#keyHandled#"Enter"
2019-6-5 16:16:17.991#viewportChange#0
2019-6-5 16:16:21.130#change#{"from":{"line":4,"ch":0,"sticky":"before"},"to":{"line":5,"ch":0,"sticky":null},"text":[""],"removed":["",""],"origin":"+delete"}
2019-6-5 16:16:21.130#keyHandled#"Backspace"
2019-6-5 16:16:21.142#viewportChange#0
2019-6-5 16:16:22.443#change#{"from":{"line":4,"ch":0,"sticky":null},"to":{"line":4,"ch":0,"sticky":null},"text":["",""],"removed":[""],"origin":"+input"}
2019-6-5 16:16:22.443#keyHandled#"Enter"
2019-6-5 16:16:22.457#viewportChange#0
2019-6-5 16:16:22.654#change#{"from":{"line":5,"ch":0,"sticky":null},"to":{"line":5,"ch":0,"sticky":null},"text":["v"],"removed":[""],"origin":"+input"}
2019-6-5 16:16:22.964#change#{"from":{"line":5,"ch":1,"sticky":null},"to":{"line":5,"ch":1,"sticky":null},"text":["i"],"removed":[""],"origin":"+input"}
2019-6-5 16:16:23.024#change#{"from":{"line":5,"ch":2,"sticky":null},"to":{"line":5,"ch":2,"sticky":null},"text":["t"],"removed":[""],"origin":"+input"}
2019-6-5 16:16:24.277#change#{"from":{"line":5,"ch":2,"sticky":"after"},"to":{"line":5,"ch":3,"sticky":null},"text":[""],"removed":["t"],"origin":"+delete"}
2019-6-5 16:16:24.277#keyHandled#"Backspace"
2019-6-5 16:16:24.461#change#{"from":{"line":5,"ch":1,"sticky":"after"},"to":{"line":5,"ch":2,"sticky":null},"text":[""],"removed":["i"],"origin":"+delete"}
2019-6-5 16:16:24.461#keyHandled#"Backspace"
2019-6-5 16:16:24.608#change#{"from":{"line":5,"ch":0,"sticky":"after"},"to":{"line":5,"ch":1,"sticky":null},"text":[""],"removed":["v"],"origin":"+delete"}
2019-6-5 16:16:24.608#keyHandled#"Backspace"
2019-6-5 16:16:25.088#change#{"from":{"line":4,"ch":0,"sticky":"before"},"to":{"line":5,"ch":0,"sticky":null},"text":[""],"removed":["",""],"origin":"+delete"}
2019-6-5 16:16:25.089#keyHandled#"Backspace"
2019-6-5 16:16:25.101#viewportChange#0
2019-6-5 16:16:25.665#keyHandled#"Up"
2019-6-5 16:16:25.831#keyHandled#"Up"
2019-6-5 16:16:26.129#change#{"from":{"line":2,"ch":0,"sticky":"after","xRel":0},"to":{"line":2,"ch":0,"sticky":"after","xRel":0},"text":["",""],"removed":[""],"origin":"+input"}
2019-6-5 16:16:26.129#keyHandled#"Enter"
2019-6-5 16:16:26.145#viewportChange#0
2019-6-5 16:16:26.276#change#{"from":{"line":3,"ch":0,"sticky":null},"to":{"line":3,"ch":0,"sticky":null},"text":["",""],"removed":[""],"origin":"+input"}
2019-6-5 16:16:26.277#keyHandled#"Enter"
2019-6-5 16:16:26.291#viewportChange#0
2019-6-5 16:16:26.636#keyHandled#"Up"
2019-6-5 16:16:27.233#change#{"from":{"line":3,"ch":0,"sticky":"after","xRel":0},"to":{"line":3,"ch":0,"sticky":"after","xRel":0},"text":["v"],"removed":[""],"origin":"+input"}
2019-6-5 16:16:27.427#change#{"from":{"line":3,"ch":1,"sticky":null},"to":{"line":3,"ch":1,"sticky":null},"text":["i"],"removed":[""],"origin":"+input"}
2019-6-5 16:16:27.508#change#{"from":{"line":3,"ch":2,"sticky":null},"to":{"line":3,"ch":2,"sticky":null},"text":["t"],"removed":[""],"origin":"+input"}
2019-6-5 16:16:27.720#change#{"from":{"line":3,"ch":3,"sticky":null},"to":{"line":3,"ch":3,"sticky":null},"text":[" "],"removed":[""],"origin":"+input"}
2019-6-5 16:16:27.868#change#{"from":{"line":3,"ch":4,"sticky":null},"to":{"line":3,"ch":4,"sticky":null},"text":["="],"removed":[""],"origin":"+input"}
2019-6-5 16:16:28.023#change#{"from":{"line":3,"ch":5,"sticky":null},"to":{"line":3,"ch":5,"sticky":null},"text":[" "],"removed":[""],"origin":"+input"}
2019-6-5 16:16:28.182#change#{"from":{"line":3,"ch":6,"sticky":null},"to":{"line":3,"ch":6,"sticky":null},"text":["0"],"removed":[""],"origin":"+input"}
2019-6-5 16:16:28.783#change#{"from":{"line":3,"ch":7,"sticky":null},"to":{"line":3,"ch":7,"sticky":null},"text":["",""],"removed":[""],"origin":"+input"}
2019-6-5 16:16:28.783#keyHandled#"Enter"
2019-6-5 16:16:28.800#viewportChange#0
2019-6-5 16:16:29.558#change#{"from":{"line":4,"ch":0,"sticky":null},"to":{"line":4,"ch":0,"sticky":null},"text":["e"],"removed":[""],"origin":"+input"}
2019-6-5 16:16:29.657#change#{"from":{"line":4,"ch":1,"sticky":null},"to":{"line":4,"ch":1,"sticky":null},"text":["m"],"removed":[""],"origin":"+input"}
2019-6-5 16:16:29.807#change#{"from":{"line":4,"ch":2,"sticky":null},"to":{"line":4,"ch":2,"sticky":null},"text":["p"],"removed":[""],"origin":"+input"}
2019-6-5 16:16:30.466#change#{"from":{"line":4,"ch":3,"sticky":null},"to":{"line":4,"ch":3,"sticky":null},"text":[" "],"removed":[""],"origin":"+input"}
2019-6-5 16:16:30.593#change#{"from":{"line":4,"ch":4,"sticky":null},"to":{"line":4,"ch":4,"sticky":null},"text":["="],"removed":[""],"origin":"+input"}
2019-6-5 16:16:30.718#change#{"from":{"line":4,"ch":5,"sticky":null},"to":{"line":4,"ch":5,"sticky":null},"text":[" "],"removed":[""],"origin":"+input"}
2019-6-5 16:16:30.840#change#{"from":{"line":4,"ch":6,"sticky":null},"to":{"line":4,"ch":6,"sticky":null},"text":["0"],"removed":[""],"origin":"+input"}
2019-6-5 16:16:31.555#change#{"from":{"line":4,"ch":7,"sticky":null},"to":{"line":4,"ch":7,"sticky":null},"text":["",""],"removed":[""],"origin":"+input"}
2019-6-5 16:16:31.556#keyHandled#"Enter"
2019-6-5 16:16:31.571#viewportChange#0
2019-6-5 16:16:31.784#change#{"from":{"line":5,"ch":0,"sticky":null},"to":{"line":5,"ch":0,"sticky":null},"text":["d"],"removed":[""],"origin":"+input"}
2019-6-5 16:16:32.017#change#{"from":{"line":5,"ch":1,"sticky":null},"to":{"line":5,"ch":1,"sticky":null},"text":["e"],"removed":[""],"origin":"+input"}
2019-6-5 16:16:32.315#change#{"from":{"line":5,"ch":2,"sticky":null},"to":{"line":5,"ch":2,"sticky":null},"text":["r"],"removed":[""],"origin":"+input"}
2019-6-5 16:16:32.898#change#{"from":{"line":5,"ch":3,"sticky":null},"to":{"line":5,"ch":3,"sticky":null},"text":[" "],"removed":[""],"origin":"+input"}
2019-6-5 16:16:33.112#change#{"from":{"line":5,"ch":4,"sticky":null},"to":{"line":5,"ch":4,"sticky":null},"text":["="],"removed":[""],"origin":"+input"}
2019-6-5 16:16:33.234#change#{"from":{"line":5,"ch":5,"sticky":null},"to":{"line":5,"ch":5,"sticky":null},"text":[" "],"removed":[""],"origin":"+input"}
2019-6-5 16:16:33.390#change#{"from":{"line":5,"ch":6,"sticky":null},"to":{"line":5,"ch":6,"sticky":null},"text":["0"],"removed":[""],"origin":"+input"}
2019-6-5 16:16:34.051#keyHandled#"Down"
2019-6-5 16:16:34.200#keyHandled#"Down"
2019-6-5 16:16:34.354#keyHandled#"Down"
2019-6-5 16:16:35.438#keyHandled#"Down"
2019-6-5 16:16:36.881#change#{"from":{"line":8,"ch":0,"sticky":null,"xRel":1,"outside":true,"hitSide":true},"to":{"line":8,"ch":0,"sticky":null,"xRel":1,"outside":true,"hitSide":true},"text":["",""],"removed":[""],"origin":"+input"}
2019-6-5 16:16:36.881#keyHandled#"Enter"
2019-6-5 16:16:36.916#viewportChange#0
2019-6-5 16:16:37.782#change#{"from":{"line":9,"ch":0,"sticky":null},"to":{"line":9,"ch":0,"sticky":null},"text":["w"],"removed":[""],"origin":"+input"}
2019-6-5 16:16:37.873#change#{"from":{"line":9,"ch":1,"sticky":null},"to":{"line":9,"ch":1,"sticky":null},"text":["h"],"removed":[""],"origin":"+input"}
2019-6-5 16:16:37.921#change#{"from":{"line":9,"ch":2,"sticky":null},"to":{"line":9,"ch":2,"sticky":null},"text":["i"],"removed":[""],"origin":"+input"}
2019-6-5 16:16:38.188#change#{"from":{"line":9,"ch":3,"sticky":null},"to":{"line":9,"ch":3,"sticky":null},"text":["l"],"removed":[""],"origin":"+input"}
2019-6-5 16:16:38.273#change#{"from":{"line":9,"ch":4,"sticky":null},"to":{"line":9,"ch":4,"sticky":null},"text":["e"],"removed":[""],"origin":"+input"}
2019-6-5 16:16:38.909#change#{"from":{"line":9,"ch":5,"sticky":null},"to":{"line":9,"ch":5,"sticky":null},"text":["()"],"removed":[""],"origin":"+input"}
2019-6-5 16:16:38.909#keyHandled#"'('"
2019-6-5 16:16:39.142#change#{"from":{"line":9,"ch":6,"sticky":"after"},"to":{"line":9,"ch":6,"sticky":"after"},"text":["c"],"removed":[""],"origin":"+input"}
2019-6-5 16:16:39.285#change#{"from":{"line":9,"ch":7,"sticky":null},"to":{"line":9,"ch":7,"sticky":null},"text":["o"],"removed":[""],"origin":"+input"}
2019-6-5 16:16:39.420#change#{"from":{"line":9,"ch":8,"sticky":null},"to":{"line":9,"ch":8,"sticky":null},"text":["u"],"removed":[""],"origin":"+input"}
2019-6-5 16:16:39.714#change#{"from":{"line":9,"ch":9,"sticky":null},"to":{"line":9,"ch":9,"sticky":null},"text":["n"],"removed":[""],"origin":"+input"}
2019-6-5 16:16:39.803#change#{"from":{"line":9,"ch":10,"sticky":null},"to":{"line":9,"ch":10,"sticky":null},"text":["t"],"removed":[""],"origin":"+input"}
2019-6-5 16:16:40.430#change#{"from":{"line":9,"ch":11,"sticky":null},"to":{"line":9,"ch":11,"sticky":null},"text":[" "],"removed":[""],"origin":"+input"}
2019-6-5 16:16:40.621#change#{"from":{"line":9,"ch":12,"sticky":null},"to":{"line":9,"ch":12,"sticky":null},"text":["<"],"removed":[""],"origin":"+input"}
2019-6-5 16:16:40.738#change#{"from":{"line":9,"ch":13,"sticky":null},"to":{"line":9,"ch":13,"sticky":null},"text":[" "],"removed":[""],"origin":"+input"}
2019-6-5 16:16:41.335#change#{"from":{"line":9,"ch":14,"sticky":null},"to":{"line":9,"ch":14,"sticky":null},"text":["l"],"removed":[""],"origin":"+input"}
2019-6-5 16:16:41.480#change#{"from":{"line":9,"ch":15,"sticky":null},"to":{"line":9,"ch":15,"sticky":null},"text":["e"],"removed":[""],"origin":"+input"}
2019-6-5 16:16:41.598#change#{"from":{"line":9,"ch":16,"sticky":null},"to":{"line":9,"ch":16,"sticky":null},"text":["n"],"removed":[""],"origin":"+input"}
2019-6-5 16:16:42.500#change#{"from":{"line":9,"ch":17,"sticky":null},"to":{"line":9,"ch":17,"sticky":null},"text":["()"],"removed":[""],"origin":"+input"}
2019-6-5 16:16:42.500#keyHandled#"'('"
2019-6-5 16:16:43.709#change#{"from":{"line":9,"ch":18,"sticky":"after"},"to":{"line":9,"ch":18,"sticky":"after"},"text":["g"],"removed":[""],"origin":"+input"}
2019-6-5 16:16:44.042#change#{"from":{"line":9,"ch":19,"sticky":null},"to":{"line":9,"ch":19,"sticky":null},"text":["_"],"removed":[""],"origin":"+input"}
2019-6-5 16:16:44.314#change#{"from":{"line":9,"ch":20,"sticky":null},"to":{"line":9,"ch":20,"sticky":null},"text":["m"],"removed":[""],"origin":"+input"}
2019-6-5 16:16:44.898#keyHandled#"Right"
2019-6-5 16:16:45.093#keyHandled#"Right"
2019-6-5 16:16:46.813#change#{"from":{"line":9,"ch":23,"sticky":"before"},"to":{"line":9,"ch":23,"sticky":"before"},"text":[":"],"removed":[""],"origin":"+input"}
2019-6-5 16:16:47.115#change#{"from":{"line":9,"ch":24,"sticky":null},"to":{"line":9,"ch":24,"sticky":null},"text":["",""],"removed":[""],"origin":"+input"}
2019-6-5 16:16:47.115#change#{"from":{"line":10,"ch":0,"sticky":null},"to":{"line":10,"ch":0,"sticky":null},"text":["\t"],"removed":[""],"origin":"+input"}
2019-6-5 16:16:47.115#keyHandled#"Enter"
2019-6-5 16:16:47.131#viewportChange#0
2019-6-5 16:16:47.460#change#{"from":{"line":10,"ch":1,"sticky":null},"to":{"line":10,"ch":1,"sticky":null},"text":["",""],"removed":[""],"origin":"+input"}
2019-6-5 16:16:47.460#change#{"from":{"line":11,"ch":0,"sticky":null},"to":{"line":11,"ch":0,"sticky":null},"text":["\t"],"removed":[""],"origin":"+input"}
2019-6-5 16:16:47.460#keyHandled#"Enter"
2019-6-5 16:16:47.481#viewportChange#0
2019-6-5 16:16:48.025#change#{"from":{"line":11,"ch":1,"sticky":null},"to":{"line":11,"ch":1,"sticky":null},"text":["c"],"removed":[""],"origin":"+input"}
2019-6-5 16:16:48.169#change#{"from":{"line":11,"ch":2,"sticky":null},"to":{"line":11,"ch":2,"sticky":null},"text":["o"],"removed":[""],"origin":"+input"}
2019-6-5 16:16:48.282#change#{"from":{"line":11,"ch":3,"sticky":null},"to":{"line":11,"ch":3,"sticky":null},"text":["u"],"removed":[""],"origin":"+input"}
2019-6-5 16:16:48.508#change#{"from":{"line":11,"ch":4,"sticky":null},"to":{"line":11,"ch":4,"sticky":null},"text":["n"],"removed":[""],"origin":"+input"}
2019-6-5 16:16:48.596#change#{"from":{"line":11,"ch":5,"sticky":null},"to":{"line":11,"ch":5,"sticky":null},"text":["t"],"removed":[""],"origin":"+input"}
2019-6-5 16:16:49.085#change#{"from":{"line":11,"ch":6,"sticky":null},"to":{"line":11,"ch":6,"sticky":null},"text":[" "],"removed":[""],"origin":"+input"}
2019-6-5 16:16:49.277#change#{"from":{"line":11,"ch":7,"sticky":null},"to":{"line":11,"ch":7,"sticky":null},"text":["="],"removed":[""],"origin":"+input"}
2019-6-5 16:16:49.373#change#{"from":{"line":11,"ch":8,"sticky":null},"to":{"line":11,"ch":8,"sticky":null},"text":[" "],"removed":[""],"origin":"+input"}
2019-6-5 16:16:49.551#change#{"from":{"line":11,"ch":9,"sticky":null},"to":{"line":11,"ch":9,"sticky":null},"text":["c"],"removed":[""],"origin":"+input"}
2019-6-5 16:16:49.677#change#{"from":{"line":11,"ch":10,"sticky":null},"to":{"line":11,"ch":10,"sticky":null},"text":["o"],"removed":[""],"origin":"+input"}
2019-6-5 16:16:49.809#change#{"from":{"line":11,"ch":11,"sticky":null},"to":{"line":11,"ch":11,"sticky":null},"text":["u"],"removed":[""],"origin":"+input"}
2019-6-5 16:16:50.041#change#{"from":{"line":11,"ch":12,"sticky":null},"to":{"line":11,"ch":12,"sticky":null},"text":["n"],"removed":[""],"origin":"+input"}
2019-6-5 16:16:50.148#change#{"from":{"line":11,"ch":13,"sticky":null},"to":{"line":11,"ch":13,"sticky":null},"text":["t"],"removed":[""],"origin":"+input"}
2019-6-5 16:16:50.683#change#{"from":{"line":11,"ch":14,"sticky":null},"to":{"line":11,"ch":14,"sticky":null},"text":[" "],"removed":[""],"origin":"+input"}
2019-6-5 16:16:50.991#change#{"from":{"line":11,"ch":15,"sticky":null},"to":{"line":11,"ch":15,"sticky":null},"text":["+"],"removed":[""],"origin":"+input"}
2019-6-5 16:16:51.184#change#{"from":{"line":11,"ch":16,"sticky":null},"to":{"line":11,"ch":16,"sticky":null},"text":[" "],"removed":[""],"origin":"+input"}
2019-6-5 16:16:51.262#change#{"from":{"line":11,"ch":17,"sticky":null},"to":{"line":11,"ch":17,"sticky":null},"text":["1"],"removed":[""],"origin":"+input"}
2019-6-5 16:16:51.706#keyHandled#"Up"
2019-6-5 16:16:52.533#change#{"from":{"line":10,"ch":1,"sticky":"before","xRel":136},"to":{"line":10,"ch":1,"sticky":"before","xRel":136},"text":["",""],"removed":[""],"origin":"+input"}
2019-6-5 16:16:52.533#change#{"from":{"line":11,"ch":0,"sticky":null},"to":{"line":11,"ch":0,"sticky":null},"text":["\t"],"removed":[""],"origin":"+input"}
2019-6-5 16:16:52.533#keyHandled#"Enter"
2019-6-5 16:16:52.549#viewportChange#0
2019-6-5 16:16:52.746#change#{"from":{"line":11,"ch":1,"sticky":null},"to":{"line":11,"ch":1,"sticky":null},"text":["",""],"removed":[""],"origin":"+input"}
2019-6-5 16:16:52.746#change#{"from":{"line":12,"ch":0,"sticky":null},"to":{"line":12,"ch":0,"sticky":null},"text":["\t"],"removed":[""],"origin":"+input"}
2019-6-5 16:16:52.746#keyHandled#"Enter"
2019-6-5 16:16:52.763#viewportChange#0
2019-6-5 16:16:53.146#keyHandled#"Up"
2019-6-5 16:16:53.886#change#{"from":{"line":11,"ch":1,"sticky":"before","xRel":0},"to":{"line":11,"ch":1,"sticky":"before","xRel":0},"text":["i"],"removed":[""],"origin":"+input"}
2019-6-5 16:16:53.986#change#{"from":{"line":11,"ch":2,"sticky":null},"to":{"line":11,"ch":2,"sticky":null},"text":["f"],"removed":[""],"origin":"+input"}
2019-6-5 16:16:57.636#change#{"from":{"line":11,"ch":3,"sticky":null},"to":{"line":11,"ch":3,"sticky":null},"text":["g"],"removed":[""],"origin":"+input"}
2019-6-5 16:16:58.102#change#{"from":{"line":11,"ch":4,"sticky":null},"to":{"line":11,"ch":4,"sticky":null},"text":["_"],"removed":[""],"origin":"+input"}
2019-6-5 16:16:58.371#change#{"from":{"line":11,"ch":5,"sticky":null},"to":{"line":11,"ch":5,"sticky":null},"text":["m"],"removed":[""],"origin":"+input"}
2019-6-5 16:16:59.241#change#{"from":{"line":11,"ch":5,"sticky":"after"},"to":{"line":11,"ch":6,"sticky":null},"text":[""],"removed":["m"],"origin":"+delete"}
2019-6-5 16:16:59.241#keyHandled#"Backspace"
2019-6-5 16:16:59.374#change#{"from":{"line":11,"ch":4,"sticky":"after"},"to":{"line":11,"ch":5,"sticky":null},"text":[""],"removed":["_"],"origin":"+delete"}
2019-6-5 16:16:59.374#keyHandled#"Backspace"
2019-6-5 16:16:59.510#change#{"from":{"line":11,"ch":3,"sticky":"after"},"to":{"line":11,"ch":4,"sticky":null},"text":[""],"removed":["g"],"origin":"+delete"}
2019-6-5 16:16:59.510#keyHandled#"Backspace"
2019-6-5 16:17:00.173#change#{"from":{"line":11,"ch":3,"sticky":null},"to":{"line":11,"ch":3,"sticky":null},"text":["()"],"removed":[""],"origin":"+input"}
2019-6-5 16:17:00.173#keyHandled#"'('"
2019-6-5 16:17:01.304#change#{"from":{"line":11,"ch":4,"sticky":"after"},"to":{"line":11,"ch":4,"sticky":"after"},"text":["g"],"removed":[""],"origin":"+input"}
2019-6-5 16:17:01.759#change#{"from":{"line":11,"ch":5,"sticky":null},"to":{"line":11,"ch":5,"sticky":null},"text":["_"],"removed":[""],"origin":"+input"}
2019-6-5 16:17:02.046#change#{"from":{"line":11,"ch":6,"sticky":null},"to":{"line":11,"ch":6,"sticky":null},"text":["m"],"removed":[""],"origin":"+input"}
2019-6-5 16:17:02.971#change#{"from":{"line":11,"ch":7,"sticky":null},"to":{"line":11,"ch":7,"sticky":null},"text":["[]"],"removed":[""],"origin":"+input"}
2019-6-5 16:17:02.971#keyHandled#"'['"
2019-6-5 16:17:03.213#change#{"from":{"line":11,"ch":8,"sticky":"after"},"to":{"line":11,"ch":8,"sticky":"after"},"text":["c"],"removed":[""],"origin":"+input"}
2019-6-5 16:17:03.384#change#{"from":{"line":11,"ch":9,"sticky":null},"to":{"line":11,"ch":9,"sticky":null},"text":["o"],"removed":[""],"origin":"+input"}
2019-6-5 16:17:03.512#change#{"from":{"line":11,"ch":10,"sticky":null},"to":{"line":11,"ch":10,"sticky":null},"text":["u"],"removed":[""],"origin":"+input"}
2019-6-5 16:17:03.785#change#{"from":{"line":11,"ch":11,"sticky":null},"to":{"line":11,"ch":11,"sticky":null},"text":["n"],"removed":[""],"origin":"+input"}
2019-6-5 16:17:03.884#change#{"from":{"line":11,"ch":12,"sticky":null},"to":{"line":11,"ch":12,"sticky":null},"text":["t"],"removed":[""],"origin":"+input"}
2019-6-5 16:17:04.817#keyHandled#"Right"
2019-6-5 16:17:08.499#change#{"from":{"line":11,"ch":14,"sticky":"before"},"to":{"line":11,"ch":14,"sticky":"before"},"text":[" "],"removed":[""],"origin":"+input"}
2019-6-5 16:17:08.733#change#{"from":{"line":11,"ch":15,"sticky":null},"to":{"line":11,"ch":15,"sticky":null},"text":[">"],"removed":[""],"origin":"+input"}
2019-6-5 16:17:09.326#change#{"from":{"line":11,"ch":16,"sticky":null},"to":{"line":11,"ch":16,"sticky":null},"text":[" "],"removed":[""],"origin":"+input"}
2019-6-5 16:17:10.717#change#{"from":{"line":11,"ch":17,"sticky":null},"to":{"line":11,"ch":17,"sticky":null},"text":["g"],"removed":[""],"origin":"+input"}
2019-6-5 16:17:11.139#change#{"from":{"line":11,"ch":18,"sticky":null},"to":{"line":11,"ch":18,"sticky":null},"text":["_"],"removed":[""],"origin":"+input"}
2019-6-5 16:17:12.251#change#{"from":{"line":11,"ch":19,"sticky":null},"to":{"line":11,"ch":19,"sticky":null},"text":["t"],"removed":[""],"origin":"+input"}
2019-6-5 16:17:13.217#change#{"from":{"line":11,"ch":20,"sticky":null},"to":{"line":11,"ch":20,"sticky":null},"text":["[]"],"removed":[""],"origin":"+input"}
2019-6-5 16:17:13.217#keyHandled#"'['"
2019-6-5 16:17:13.438#change#{"from":{"line":11,"ch":21,"sticky":"after"},"to":{"line":11,"ch":21,"sticky":"after"},"text":["c"],"removed":[""],"origin":"+input"}
2019-6-5 16:17:13.616#change#{"from":{"line":11,"ch":22,"sticky":null},"to":{"line":11,"ch":22,"sticky":null},"text":["o"],"removed":[""],"origin":"+input"}
2019-6-5 16:17:13.760#change#{"from":{"line":11,"ch":23,"sticky":null},"to":{"line":11,"ch":23,"sticky":null},"text":["u"],"removed":[""],"origin":"+input"}
2019-6-5 16:17:14.014#change#{"from":{"line":11,"ch":24,"sticky":null},"to":{"line":11,"ch":24,"sticky":null},"text":["n"],"removed":[""],"origin":"+input"}
2019-6-5 16:17:14.083#change#{"from":{"line":11,"ch":25,"sticky":null},"to":{"line":11,"ch":25,"sticky":null},"text":["t"],"removed":[""],"origin":"+input"}
2019-6-5 16:17:14.842#keyHandled#"Right"
2019-6-5 16:17:15.071#keyHandled#"Right"
2019-6-5 16:17:16.227#change#{"from":{"line":11,"ch":28,"sticky":"before"},"to":{"line":11,"ch":28,"sticky":"before"},"text":[":"],"removed":[""],"origin":"+input"}
2019-6-5 16:17:16.872#change#{"from":{"line":11,"ch":29,"sticky":null},"to":{"line":11,"ch":29,"sticky":null},"text":["",""],"removed":[""],"origin":"+input"}
2019-6-5 16:17:16.872#change#{"from":{"line":12,"ch":0,"sticky":null},"to":{"line":12,"ch":0,"sticky":null},"text":["\t\t"],"removed":[""],"origin":"+input"}
2019-6-5 16:17:16.872#keyHandled#"Enter"
2019-6-5 16:17:16.890#viewportChange#0
2019-6-5 16:17:18.027#change#{"from":{"line":12,"ch":2,"sticky":null},"to":{"line":12,"ch":2,"sticky":null},"text":["v"],"removed":[""],"origin":"+input"}
2019-6-5 16:17:18.804#change#{"from":{"line":12,"ch":3,"sticky":null},"to":{"line":12,"ch":3,"sticky":null},"text":["i"],"removed":[""],"origin":"+input"}
2019-6-5 16:17:18.899#change#{"from":{"line":12,"ch":4,"sticky":null},"to":{"line":12,"ch":4,"sticky":null},"text":["t"],"removed":[""],"origin":"+input"}
2019-6-5 16:17:19.618#change#{"from":{"line":12,"ch":5,"sticky":null},"to":{"line":12,"ch":5,"sticky":null},"text":[" "],"removed":[""],"origin":"+input"}
2019-6-5 16:17:19.799#change#{"from":{"line":12,"ch":6,"sticky":null},"to":{"line":12,"ch":6,"sticky":null},"text":["="],"removed":[""],"origin":"+input"}
2019-6-5 16:17:19.925#change#{"from":{"line":12,"ch":7,"sticky":null},"to":{"line":12,"ch":7,"sticky":null},"text":[" "],"removed":[""],"origin":"+input"}
2019-6-5 16:17:20.073#change#{"from":{"line":12,"ch":8,"sticky":null},"to":{"line":12,"ch":8,"sticky":null},"text":["v"],"removed":[""],"origin":"+input"}
2019-6-5 16:17:20.331#change#{"from":{"line":12,"ch":9,"sticky":null},"to":{"line":12,"ch":9,"sticky":null},"text":["i"],"removed":[""],"origin":"+input"}
2019-6-5 16:17:20.421#change#{"from":{"line":12,"ch":10,"sticky":null},"to":{"line":12,"ch":10,"sticky":null},"text":["t"],"removed":[""],"origin":"+input"}
2019-6-5 16:17:21.099#change#{"from":{"line":12,"ch":11,"sticky":null},"to":{"line":12,"ch":11,"sticky":null},"text":[" "],"removed":[""],"origin":"+input"}
2019-6-5 16:17:21.281#change#{"from":{"line":12,"ch":12,"sticky":null},"to":{"line":12,"ch":12,"sticky":null},"text":["+"],"removed":[""],"origin":"+input"}
2019-6-5 16:17:21.443#change#{"from":{"line":12,"ch":13,"sticky":null},"to":{"line":12,"ch":13,"sticky":null},"text":[" "],"removed":[""],"origin":"+input"}
2019-6-5 16:17:21.555#change#{"from":{"line":12,"ch":14,"sticky":null},"to":{"line":12,"ch":14,"sticky":null},"text":["1"],"removed":[""],"origin":"+input"}
2019-6-5 16:17:22.561#change#{"from":{"line":12,"ch":15,"sticky":null},"to":{"line":12,"ch":15,"sticky":null},"text":["",""],"removed":[""],"origin":"+input"}
2019-6-5 16:17:22.561#change#{"from":{"line":13,"ch":0,"sticky":null},"to":{"line":13,"ch":0,"sticky":null},"text":["\t\t"],"removed":[""],"origin":"+input"}
2019-6-5 16:17:22.561#keyHandled#"Enter"
2019-6-5 16:17:22.578#viewportChange#0
2019-6-5 16:17:22.819#change#{"from":{"line":13,"ch":1,"sticky":"after"},"to":{"line":13,"ch":2,"sticky":null},"text":[""],"removed":["\t"],"origin":"+delete"}
2019-6-5 16:17:22.819#keyHandled#"Backspace"
2019-6-5 16:17:23.428#change#{"from":{"line":13,"ch":1,"sticky":null},"to":{"line":13,"ch":1,"sticky":null},"text":["e"],"removed":[""],"origin":"+input"}
2019-6-5 16:17:23.590#change#{"from":{"line":13,"ch":2,"sticky":null},"to":{"line":13,"ch":2,"sticky":null},"text":["l"],"removed":[""],"origin":"+input"}
2019-6-5 16:17:23.808#change#{"from":{"line":13,"ch":3,"sticky":null},"to":{"line":13,"ch":3,"sticky":null},"text":["i"],"removed":[""],"origin":"+input"}
2019-6-5 16:17:23.945#change#{"from":{"line":13,"ch":4,"sticky":null},"to":{"line":13,"ch":4,"sticky":null},"text":["f"],"removed":[""],"origin":"+input"}
2019-6-5 16:17:24.961#change#{"from":{"line":13,"ch":5,"sticky":null},"to":{"line":13,"ch":5,"sticky":null},"text":["()"],"removed":[""],"origin":"+input"}
2019-6-5 16:17:24.961#keyHandled#"'('"
2019-6-5 16:17:26.225#change#{"from":{"line":13,"ch":6,"sticky":"after"},"to":{"line":13,"ch":6,"sticky":"after"},"text":["g"],"removed":[""],"origin":"+input"}
2019-6-5 16:17:26.662#change#{"from":{"line":13,"ch":7,"sticky":null},"to":{"line":13,"ch":7,"sticky":null},"text":["_"],"removed":[""],"origin":"+input"}
2019-6-5 16:17:27.524#change#{"from":{"line":13,"ch":8,"sticky":null},"to":{"line":13,"ch":8,"sticky":null},"text":["m"],"removed":[""],"origin":"+input"}
2019-6-5 16:17:28.678#change#{"from":{"line":13,"ch":9,"sticky":null},"to":{"line":13,"ch":9,"sticky":null},"text":["[]"],"removed":[""],"origin":"+input"}
2019-6-5 16:17:28.678#keyHandled#"'['"
2019-6-5 16:17:28.864#change#{"from":{"line":13,"ch":10,"sticky":"after"},"to":{"line":13,"ch":10,"sticky":"after"},"text":["c"],"removed":[""],"origin":"+input"}
2019-6-5 16:17:29.118#change#{"from":{"line":13,"ch":11,"sticky":null},"to":{"line":13,"ch":11,"sticky":null},"text":["o"],"removed":[""],"origin":"+input"}
2019-6-5 16:17:29.280#change#{"from":{"line":13,"ch":12,"sticky":null},"to":{"line":13,"ch":12,"sticky":null},"text":["u"],"removed":[""],"origin":"+input"}
2019-6-5 16:17:29.568#change#{"from":{"line":13,"ch":13,"sticky":null},"to":{"line":13,"ch":13,"sticky":null},"text":["n"],"removed":[""],"origin":"+input"}
2019-6-5 16:17:29.690#change#{"from":{"line":13,"ch":14,"sticky":null},"to":{"line":13,"ch":14,"sticky":null},"text":["t"],"removed":[""],"origin":"+input"}
2019-6-5 16:17:31.191#keyHandled#"Right"
2019-6-5 16:17:31.563#change#{"from":{"line":13,"ch":16,"sticky":"before"},"to":{"line":13,"ch":16,"sticky":"before"},"text":[" "],"removed":[""],"origin":"+input"}
2019-6-5 16:17:31.748#change#{"from":{"line":13,"ch":17,"sticky":null},"to":{"line":13,"ch":17,"sticky":null},"text":["="],"removed":[""],"origin":"+input"}
2019-6-5 16:17:31.866#change#{"from":{"line":13,"ch":18,"sticky":null},"to":{"line":13,"ch":18,"sticky":null},"text":["="],"removed":[""],"origin":"+input"}
2019-6-5 16:17:31.988#change#{"from":{"line":13,"ch":19,"sticky":null},"to":{"line":13,"ch":19,"sticky":null},"text":[" "],"removed":[""],"origin":"+input"}
2019-6-5 16:17:32.818#change#{"from":{"line":13,"ch":20,"sticky":null},"to":{"line":13,"ch":20,"sticky":null},"text":["g"],"removed":[""],"origin":"+input"}
2019-6-5 16:17:33.181#change#{"from":{"line":13,"ch":21,"sticky":null},"to":{"line":13,"ch":21,"sticky":null},"text":["_"],"removed":[""],"origin":"+input"}
2019-6-5 16:17:34.685#change#{"from":{"line":13,"ch":22,"sticky":null},"to":{"line":13,"ch":22,"sticky":null},"text":["t"],"removed":[""],"origin":"+input"}
2019-6-5 16:17:35.762#change#{"from":{"line":13,"ch":23,"sticky":null},"to":{"line":13,"ch":23,"sticky":null},"text":["[]"],"removed":[""],"origin":"+input"}
2019-6-5 16:17:35.762#keyHandled#"'['"
2019-6-5 16:17:36.171#change#{"from":{"line":13,"ch":25,"sticky":null},"to":{"line":13,"ch":25,"sticky":null},"text":["o"],"removed":[""],"origin":"+input"}
2019-6-5 16:17:36.393#change#{"from":{"line":13,"ch":26,"sticky":null},"to":{"line":13,"ch":26,"sticky":null},"text":["u"],"removed":[""],"origin":"+input"}
2019-6-5 16:17:36.597#change#{"from":{"line":13,"ch":27,"sticky":null},"to":{"line":13,"ch":27,"sticky":null},"text":["n"],"removed":[""],"origin":"+input"}
2019-6-5 16:17:36.706#change#{"from":{"line":13,"ch":28,"sticky":null},"to":{"line":13,"ch":28,"sticky":null},"text":["t"],"removed":[""],"origin":"+input"}
2019-6-5 16:17:37.242#keyHandled#"Right"
2019-6-5 16:17:37.445#keyHandled#"Right"
2019-6-5 16:17:38.072#change#{"from":{"line":13,"ch":31,"sticky":"before"},"to":{"line":13,"ch":31,"sticky":"before"},"text":[":"],"removed":[""],"origin":"+input"}
2019-6-5 16:17:38.387#change#{"from":{"line":13,"ch":32,"sticky":null},"to":{"line":13,"ch":32,"sticky":null},"text":["",""],"removed":[""],"origin":"+input"}
2019-6-5 16:17:38.387#change#{"from":{"line":14,"ch":0,"sticky":null},"to":{"line":14,"ch":0,"sticky":null},"text":["\t\t"],"removed":[""],"origin":"+input"}
2019-6-5 16:17:38.387#keyHandled#"Enter"
2019-6-5 16:17:38.406#viewportChange#0
2019-6-5 16:17:39.232#change#{"from":{"line":14,"ch":2,"sticky":null},"to":{"line":14,"ch":2,"sticky":null},"text":["e"],"removed":[""],"origin":"+input"}
2019-6-5 16:17:39.360#change#{"from":{"line":14,"ch":3,"sticky":null},"to":{"line":14,"ch":3,"sticky":null},"text":["m"],"removed":[""],"origin":"+input"}
2019-6-5 16:17:39.482#change#{"from":{"line":14,"ch":4,"sticky":null},"to":{"line":14,"ch":4,"sticky":null},"text":["p"],"removed":[""],"origin":"+input"}
2019-6-5 16:17:40.040#change#{"from":{"line":14,"ch":5,"sticky":null},"to":{"line":14,"ch":5,"sticky":null},"text":[" "],"removed":[""],"origin":"+input"}
2019-6-5 16:17:40.157#change#{"from":{"line":14,"ch":6,"sticky":null},"to":{"line":14,"ch":6,"sticky":null},"text":["="],"removed":[""],"origin":"+input"}
2019-6-5 16:17:40.266#change#{"from":{"line":14,"ch":7,"sticky":null},"to":{"line":14,"ch":7,"sticky":null},"text":[" "],"removed":[""],"origin":"+input"}
2019-6-5 16:17:40.424#change#{"from":{"line":14,"ch":8,"sticky":null},"to":{"line":14,"ch":8,"sticky":null},"text":["e"],"removed":[""],"origin":"+input"}
2019-6-5 16:17:40.594#change#{"from":{"line":14,"ch":9,"sticky":null},"to":{"line":14,"ch":9,"sticky":null},"text":["m"],"removed":[""],"origin":"+input"}
2019-6-5 16:17:40.727#change#{"from":{"line":14,"ch":10,"sticky":null},"to":{"line":14,"ch":10,"sticky":null},"text":["p"],"removed":[""],"origin":"+input"}
2019-6-5 16:17:41.110#change#{"from":{"line":14,"ch":11,"sticky":null},"to":{"line":14,"ch":11,"sticky":null},"text":[" "],"removed":[""],"origin":"+input"}
2019-6-5 16:17:41.341#change#{"from":{"line":14,"ch":12,"sticky":null},"to":{"line":14,"ch":12,"sticky":null},"text":["+"],"removed":[""],"origin":"+input"}
2019-6-5 16:17:41.487#change#{"from":{"line":14,"ch":13,"sticky":null},"to":{"line":14,"ch":13,"sticky":null},"text":[" "],"removed":[""],"origin":"+input"}
2019-6-5 16:17:41.586#change#{"from":{"line":14,"ch":14,"sticky":null},"to":{"line":14,"ch":14,"sticky":null},"text":["1"],"removed":[""],"origin":"+input"}
2019-6-5 16:17:42.138#change#{"from":{"line":14,"ch":15,"sticky":null},"to":{"line":14,"ch":15,"sticky":null},"text":["",""],"removed":[""],"origin":"+input"}
2019-6-5 16:17:42.138#change#{"from":{"line":15,"ch":0,"sticky":null},"to":{"line":15,"ch":0,"sticky":null},"text":["\t\t"],"removed":[""],"origin":"+input"}
2019-6-5 16:17:42.138#keyHandled#"Enter"
2019-6-5 16:17:42.157#viewportChange#0
2019-6-5 16:17:42.719#change#{"from":{"line":15,"ch":1,"sticky":"after"},"to":{"line":15,"ch":2,"sticky":null},"text":[""],"removed":["\t"],"origin":"+delete"}
2019-6-5 16:17:42.720#keyHandled#"Backspace"
2019-6-5 16:17:43.371#change#{"from":{"line":15,"ch":1,"sticky":null},"to":{"line":15,"ch":1,"sticky":null},"text":["e"],"removed":[""],"origin":"+input"}
2019-6-5 16:17:43.831#change#{"from":{"line":15,"ch":2,"sticky":null},"to":{"line":15,"ch":2,"sticky":null},"text":["l"],"removed":[""],"origin":"+input"}
2019-6-5 16:17:43.978#change#{"from":{"line":15,"ch":3,"sticky":null},"to":{"line":15,"ch":3,"sticky":null},"text":["s"],"removed":[""],"origin":"+input"}
2019-6-5 16:17:44.129#change#{"from":{"line":15,"ch":4,"sticky":null},"to":{"line":15,"ch":4,"sticky":null},"text":["e"],"removed":[""],"origin":"+input"}
2019-6-5 16:17:44.801#change#{"from":{"line":15,"ch":5,"sticky":null},"to":{"line":15,"ch":5,"sticky":null},"text":[":"],"removed":[""],"origin":"+input"}
2019-6-5 16:17:45.065#change#{"from":{"line":15,"ch":6,"sticky":null},"to":{"line":15,"ch":6,"sticky":null},"text":["",""],"removed":[""],"origin":"+input"}
2019-6-5 16:17:45.065#change#{"from":{"line":16,"ch":0,"sticky":null},"to":{"line":16,"ch":0,"sticky":null},"text":["\t\t"],"removed":[""],"origin":"+input"}
2019-6-5 16:17:45.065#keyHandled#"Enter"
2019-6-5 16:17:45.084#viewportChange#0
2019-6-5 16:17:46.066#change#{"from":{"line":16,"ch":2,"sticky":null},"to":{"line":16,"ch":2,"sticky":null},"text":["d"],"removed":[""],"origin":"+input"}
2019-6-5 16:17:46.258#change#{"from":{"line":16,"ch":3,"sticky":null},"to":{"line":16,"ch":3,"sticky":null},"text":["e"],"removed":[""],"origin":"+input"}
2019-6-5 16:17:46.330#change#{"from":{"line":16,"ch":4,"sticky":null},"to":{"line":16,"ch":4,"sticky":null},"text":["r"],"removed":[""],"origin":"+input"}
2019-6-5 16:17:46.941#change#{"from":{"line":16,"ch":5,"sticky":null},"to":{"line":16,"ch":5,"sticky":null},"text":[" "],"removed":[""],"origin":"+input"}
2019-6-5 16:17:47.050#change#{"from":{"line":16,"ch":6,"sticky":null},"to":{"line":16,"ch":6,"sticky":null},"text":["="],"removed":[""],"origin":"+input"}
2019-6-5 16:17:47.148#change#{"from":{"line":16,"ch":7,"sticky":null},"to":{"line":16,"ch":7,"sticky":null},"text":[" "],"removed":[""],"origin":"+input"}
2019-6-5 16:17:47.370#change#{"from":{"line":16,"ch":8,"sticky":null},"to":{"line":16,"ch":8,"sticky":null},"text":["d"],"removed":[""],"origin":"+input"}
2019-6-5 16:17:47.570#change#{"from":{"line":16,"ch":9,"sticky":null},"to":{"line":16,"ch":9,"sticky":null},"text":["e"],"removed":[""],"origin":"+input"}
2019-6-5 16:17:47.637#change#{"from":{"line":16,"ch":10,"sticky":null},"to":{"line":16,"ch":10,"sticky":null},"text":["r"],"removed":[""],"origin":"+input"}
2019-6-5 16:17:48.263#change#{"from":{"line":16,"ch":11,"sticky":null},"to":{"line":16,"ch":11,"sticky":null},"text":[" "],"removed":[""],"origin":"+input"}
2019-6-5 16:17:48.391#change#{"from":{"line":16,"ch":12,"sticky":null},"to":{"line":16,"ch":12,"sticky":null},"text":["+"],"removed":[""],"origin":"+input"}
2019-6-5 16:17:48.640#change#{"from":{"line":16,"ch":13,"sticky":null},"to":{"line":16,"ch":13,"sticky":null},"text":[" "],"removed":[""],"origin":"+input"}
2019-6-5 16:17:48.732#change#{"from":{"line":16,"ch":14,"sticky":null},"to":{"line":16,"ch":14,"sticky":null},"text":["1"],"removed":[""],"origin":"+input"}
2019-6-5 16:18:16.121#mousedown#{"isTrusted":true}
2019-6-5 16:23:28.843#mousedown#{"isTrusted":true}
2019-6-5 16:23:29.970#mousedown#{"isTrusted":true}
2019-6-5 16:23:30.894#change#{"from":{"line":18,"ch":18,"sticky":"before","xRel":20.5333251953125},"to":{"line":18,"ch":18,"sticky":"before","xRel":20.5333251953125},"text":["",""],"removed":[""],"origin":"+input"}
2019-6-5 16:23:30.894#change#{"from":{"line":19,"ch":0,"sticky":null},"to":{"line":19,"ch":0,"sticky":null},"text":["\t"],"removed":[""],"origin":"+input"}
2019-6-5 16:23:30.894#keyHandled#"Enter"
2019-6-5 16:23:30.912#viewportChange#0
2019-6-5 16:23:31.812#change#{"from":{"line":19,"ch":1,"sticky":null},"to":{"line":19,"ch":1,"sticky":null},"text":["",""],"removed":[""],"origin":"+input"}
2019-6-5 16:23:31.812#change#{"from":{"line":20,"ch":0,"sticky":null},"to":{"line":20,"ch":0,"sticky":null},"text":["\t"],"removed":[""],"origin":"+input"}
2019-6-5 16:23:31.812#keyHandled#"Enter"
2019-6-5 16:23:31.826#viewportChange#0
2019-6-5 16:23:34.729#change#{"from":{"line":20,"ch":1,"sticky":null},"to":{"line":20,"ch":1,"sticky":null},"text":["v"],"removed":[""],"origin":"+input"}
2019-6-5 16:23:34.867#change#{"from":{"line":20,"ch":2,"sticky":null},"to":{"line":20,"ch":2,"sticky":null},"text":["e"],"removed":[""],"origin":"+input"}
2019-6-5 16:23:34.944#change#{"from":{"line":20,"ch":3,"sticky":null},"to":{"line":20,"ch":3,"sticky":null},"text":["t"],"removed":[""],"origin":"+input"}
2019-6-5 16:23:35.688#change#{"from":{"line":20,"ch":4,"sticky":null},"to":{"line":20,"ch":4,"sticky":null},"text":[" "],"removed":[""],"origin":"+input"}
2019-6-5 16:23:35.883#change#{"from":{"line":20,"ch":5,"sticky":null},"to":{"line":20,"ch":5,"sticky":null},"text":["="],"removed":[""],"origin":"+input"}
2019-6-5 16:23:35.930#change#{"from":{"line":20,"ch":6,"sticky":null},"to":{"line":20,"ch":6,"sticky":null},"text":[" "],"removed":[""],"origin":"+input"}
2019-6-5 16:23:44.212#mousedown#{"isTrusted":true}
2019-6-5 16:23:44.970#change#{"from":{"line":0,"ch":0,"sticky":"after","xRel":-0.4666748046875},"to":{"line":0,"ch":0,"sticky":"after","xRel":-0.4666748046875},"text":["",""],"removed":[""],"origin":"+input"}
2019-6-5 16:23:44.970#keyHandled#"Enter"
2019-6-5 16:23:44.992#viewportChange#0
2019-6-5 16:23:45.589#mousedown#{"isTrusted":true}
2019-6-5 16:23:49.472#change#{"from":{"line":0,"ch":0,"sticky":"after","xRel":133.5333251953125},"to":{"line":0,"ch":0,"sticky":"after","xRel":133.5333251953125},"text":["i"],"removed":[""],"origin":"+input"}
2019-6-5 16:23:49.547#change#{"from":{"line":0,"ch":1,"sticky":null},"to":{"line":0,"ch":1,"sticky":null},"text":["m"],"removed":[""],"origin":"+input"}
2019-6-5 16:23:49.750#change#{"from":{"line":0,"ch":2,"sticky":null},"to":{"line":0,"ch":2,"sticky":null},"text":["p"],"removed":[""],"origin":"+input"}
2019-6-5 16:23:49.833#change#{"from":{"line":0,"ch":3,"sticky":null},"to":{"line":0,"ch":3,"sticky":null},"text":["o"],"removed":[""],"origin":"+input"}
2019-6-5 16:23:50.017#change#{"from":{"line":0,"ch":4,"sticky":null},"to":{"line":0,"ch":4,"sticky":null},"text":["r"],"removed":[""],"origin":"+input"}
2019-6-5 16:23:50.099#change#{"from":{"line":0,"ch":5,"sticky":null},"to":{"line":0,"ch":5,"sticky":null},"text":["t"],"removed":[""],"origin":"+input"}
2019-6-5 16:23:50.619#change#{"from":{"line":0,"ch":6,"sticky":null},"to":{"line":0,"ch":6,"sticky":null},"text":[" "],"removed":[""],"origin":"+input"}
2019-6-5 16:23:50.787#change#{"from":{"line":0,"ch":7,"sticky":null},"to":{"line":0,"ch":7,"sticky":null},"text":["n"],"removed":[""],"origin":"+input"}
2019-6-5 16:23:50.956#change#{"from":{"line":0,"ch":8,"sticky":null},"to":{"line":0,"ch":8,"sticky":null},"text":["u"],"removed":[""],"origin":"+input"}
2019-6-5 16:23:51.168#change#{"from":{"line":0,"ch":9,"sticky":null},"to":{"line":0,"ch":9,"sticky":null},"text":["m"],"removed":[""],"origin":"+input"}
2019-6-5 16:23:51.423#change#{"from":{"line":0,"ch":10,"sticky":null},"to":{"line":0,"ch":10,"sticky":null},"text":["p"],"removed":[""],"origin":"+input"}
2019-6-5 16:23:51.502#change#{"from":{"line":0,"ch":11,"sticky":null},"to":{"line":0,"ch":11,"sticky":null},"text":["y"],"removed":[""],"origin":"+input"}
2019-6-5 16:23:51.700#change#{"from":{"line":0,"ch":12,"sticky":null},"to":{"line":0,"ch":12,"sticky":null},"text":[" "],"removed":[""],"origin":"+input"}
2019-6-5 16:23:51.814#change#{"from":{"line":0,"ch":13,"sticky":null},"to":{"line":0,"ch":13,"sticky":null},"text":["a"],"removed":[""],"origin":"+input"}
2019-6-5 16:23:51.865#change#{"from":{"line":0,"ch":14,"sticky":null},"to":{"line":0,"ch":14,"sticky":null},"text":["s"],"removed":[""],"origin":"+input"}
2019-6-5 16:23:51.985#change#{"from":{"line":0,"ch":15,"sticky":null},"to":{"line":0,"ch":15,"sticky":null},"text":[" "],"removed":[""],"origin":"+input"}
2019-6-5 16:23:52.351#change#{"from":{"line":0,"ch":16,"sticky":null},"to":{"line":0,"ch":16,"sticky":null},"text":["n"],"removed":[""],"origin":"+input"}
2019-6-5 16:23:52.434#change#{"from":{"line":0,"ch":17,"sticky":null},"to":{"line":0,"ch":17,"sticky":null},"text":["o"],"removed":[""],"origin":"+input"}
2019-6-5 16:23:52.459#change#{"from":{"line":0,"ch":18,"sticky":null},"to":{"line":0,"ch":18,"sticky":null},"text":["p"],"removed":[""],"origin":"+input"}
2019-6-5 16:23:53.181#change#{"from":{"line":0,"ch":18,"sticky":"after"},"to":{"line":0,"ch":19,"sticky":null},"text":[""],"removed":["p"],"origin":"+delete"}
2019-6-5 16:23:53.181#keyHandled#"Backspace"
2019-6-5 16:23:53.314#change#{"from":{"line":0,"ch":17,"sticky":"after"},"to":{"line":0,"ch":18,"sticky":null},"text":[""],"removed":["o"],"origin":"+delete"}
2019-6-5 16:23:53.314#keyHandled#"Backspace"
2019-6-5 16:23:53.679#change#{"from":{"line":0,"ch":16,"sticky":"after"},"to":{"line":0,"ch":17,"sticky":null},"text":[""],"removed":["n"],"origin":"+delete"}
2019-6-5 16:23:53.679#keyHandled#"Backspace"
2019-6-5 16:23:54.392#change#{"from":{"line":0,"ch":16,"sticky":null},"to":{"line":0,"ch":16,"sticky":null},"text":["n"],"removed":[""],"origin":"+input"}
2019-6-5 16:23:54.452#change#{"from":{"line":0,"ch":17,"sticky":null},"to":{"line":0,"ch":17,"sticky":null},"text":["p"],"removed":[""],"origin":"+input"}
2019-6-5 16:23:55.561#change#{"from":{"line":0,"ch":18,"sticky":null},"to":{"line":0,"ch":18,"sticky":null},"text":["",""],"removed":[""],"origin":"+input"}
2019-6-5 16:23:55.561#keyHandled#"Enter"
2019-6-5 16:23:55.584#viewportChange#0
2019-6-5 16:27:51.953#blur#
2019-6-5 16:34:14.955#viewportChange#0
2019-6-5 16:34:19.398#viewportChange#0
2019-6-5 16:34:20.690#mousedown#{"isTrusted":true}
2019-6-5 16:34:20.709#focus#
2019-6-5 16:34:41.151#mousedown#{"isTrusted":true}
2019-6-5 16:35:22.537#mousedown#{"isTrusted":true}
2019-6-5 16:35:24.442#change#{"from":{"line":22,"ch":7,"sticky":"before","xRel":57.5333251953125},"to":{"line":22,"ch":7,"sticky":"before","xRel":57.5333251953125},"text":["[]"],"removed":[""],"origin":"+input"}
2019-6-5 16:35:24.442#keyHandled#"'['"
2019-6-5 16:35:29.364#mousedown#{"isTrusted":true}
2019-6-5 16:35:30.176#change#{"from":{"line":22,"ch":8,"sticky":"after"},"to":{"line":22,"ch":9,"sticky":"before","xRel":41.5333251953125},"text":[""],"removed":["]"],"origin":"+delete"}
2019-6-5 16:35:30.176#keyHandled#"Backspace"
2019-6-5 16:35:30.352#change#{"from":{"line":22,"ch":7,"sticky":"after"},"to":{"line":22,"ch":8,"sticky":null},"text":[""],"removed":["["],"origin":"+delete"}
2019-6-5 16:35:30.352#keyHandled#"Backspace"
2019-6-5 16:35:31.253#change#{"from":{"line":22,"ch":7,"sticky":null},"to":{"line":22,"ch":7,"sticky":null},"text":["n"],"removed":[""],"origin":"+input"}
2019-6-5 16:35:31.301#change#{"from":{"line":22,"ch":8,"sticky":null},"to":{"line":22,"ch":8,"sticky":null},"text":["p"],"removed":[""],"origin":"+input"}
2019-6-5 16:35:31.615#change#{"from":{"line":22,"ch":9,"sticky":null},"to":{"line":22,"ch":9,"sticky":null},"text":["."],"removed":[""],"origin":"+input"}
2019-6-5 16:35:31.803#change#{"from":{"line":22,"ch":10,"sticky":null},"to":{"line":22,"ch":10,"sticky":null},"text":["a"],"removed":[""],"origin":"+input"}
2019-6-5 16:35:32.094#change#{"from":{"line":22,"ch":11,"sticky":null},"to":{"line":22,"ch":11,"sticky":null},"text":["r"],"removed":[""],"origin":"+input"}
2019-6-5 16:35:32.239#change#{"from":{"line":22,"ch":12,"sticky":null},"to":{"line":22,"ch":12,"sticky":null},"text":["r"],"removed":[""],"origin":"+input"}
2019-6-5 16:35:32.552#change#{"from":{"line":22,"ch":13,"sticky":null},"to":{"line":22,"ch":13,"sticky":null},"text":["a"],"removed":[""],"origin":"+input"}
2019-6-5 16:35:32.646#change#{"from":{"line":22,"ch":14,"sticky":null},"to":{"line":22,"ch":14,"sticky":null},"text":["y"],"removed":[""],"origin":"+input"}
2019-6-5 16:35:33.211#change#{"from":{"line":22,"ch":15,"sticky":null},"to":{"line":22,"ch":15,"sticky":null},"text":["()"],"removed":[""],"origin":"+input"}
2019-6-5 16:35:33.211#keyHandled#"'('"
2019-6-5 16:35:37.318#change#{"from":{"line":22,"ch":16,"sticky":"after"},"to":{"line":22,"ch":16,"sticky":"after"},"text":["[]"],"removed":[""],"origin":"+input"}
2019-6-5 16:35:37.318#keyHandled#"'['"
2019-6-5 16:35:38.263#change#{"from":{"line":22,"ch":16,"sticky":null},"to":{"line":22,"ch":18,"sticky":null},"text":[""],"removed":["[]"],"origin":"+delete"}
2019-6-5 16:35:38.263#keyHandled#"Backspace"
2019-6-5 16:35:39.368#change#{"from":{"line":22,"ch":16,"sticky":null},"to":{"line":22,"ch":16,"sticky":null},"text":["{}"],"removed":[""],"origin":"+input"}
2019-6-5 16:35:39.368#keyHandled#"'{'"
2019-6-5 16:35:39.909#change#{"from":{"line":22,"ch":16,"sticky":null},"to":{"line":22,"ch":18,"sticky":null},"text":[""],"removed":["{}"],"origin":"+delete"}
2019-6-5 16:35:39.909#keyHandled#"Backspace"
2019-6-5 16:35:40.089#change#{"from":{"line":22,"ch":16,"sticky":null},"to":{"line":22,"ch":16,"sticky":null},"text":["[]"],"removed":[""],"origin":"+input"}
2019-6-5 16:35:40.089#keyHandled#"'['"
2019-6-5 16:36:10.190#change#{"from":{"line":22,"ch":17,"sticky":"after"},"to":{"line":22,"ch":17,"sticky":"after"},"text":["v"],"removed":[""],"origin":"+input"}
2019-6-5 16:36:10.459#change#{"from":{"line":22,"ch":18,"sticky":null},"to":{"line":22,"ch":18,"sticky":null},"text":["i"],"removed":[""],"origin":"+input"}
2019-6-5 16:36:10.539#change#{"from":{"line":22,"ch":19,"sticky":null},"to":{"line":22,"ch":19,"sticky":null},"text":["t"],"removed":[""],"origin":"+input"}
2019-6-5 16:36:10.855#change#{"from":{"line":22,"ch":20,"sticky":null},"to":{"line":22,"ch":20,"sticky":null},"text":[","],"removed":[""],"origin":"+input"}
2019-6-5 16:36:11.961#change#{"from":{"line":22,"ch":21,"sticky":null},"to":{"line":22,"ch":21,"sticky":null},"text":["e"],"removed":[""],"origin":"+input"}
2019-6-5 16:36:12.094#change#{"from":{"line":22,"ch":22,"sticky":null},"to":{"line":22,"ch":22,"sticky":null},"text":["m"],"removed":[""],"origin":"+input"}
2019-6-5 16:36:12.223#change#{"from":{"line":22,"ch":23,"sticky":null},"to":{"line":22,"ch":23,"sticky":null},"text":["p"],"removed":[""],"origin":"+input"}
2019-6-5 16:36:12.869#change#{"from":{"line":22,"ch":24,"sticky":null},"to":{"line":22,"ch":24,"sticky":null},"text":[","],"removed":[""],"origin":"+input"}
2019-6-5 16:36:13.012#change#{"from":{"line":22,"ch":25,"sticky":null},"to":{"line":22,"ch":25,"sticky":null},"text":["d"],"removed":[""],"origin":"+input"}
2019-6-5 16:36:13.264#change#{"from":{"line":22,"ch":26,"sticky":null},"to":{"line":22,"ch":26,"sticky":null},"text":["e"],"removed":[""],"origin":"+input"}
2019-6-5 16:36:13.340#change#{"from":{"line":22,"ch":27,"sticky":null},"to":{"line":22,"ch":27,"sticky":null},"text":["r"],"removed":[""],"origin":"+input"}
2019-6-5 16:36:14.401#keyHandled#"Right"
2019-6-5 16:36:15.256#change#{"from":{"line":22,"ch":29,"sticky":"before"},"to":{"line":22,"ch":29,"sticky":"before"},"text":[","],"removed":[""],"origin":"+input"}
2019-6-5 16:36:17.445#change#{"from":{"line":22,"ch":30,"sticky":null},"to":{"line":22,"ch":30,"sticky":null},"text":["d"],"removed":[""],"origin":"+input"}
2019-6-5 16:36:17.672#change#{"from":{"line":22,"ch":31,"sticky":null},"to":{"line":22,"ch":31,"sticky":null},"text":["t"],"removed":[""],"origin":"+input"}
2019-6-5 16:36:17.874#change#{"from":{"line":22,"ch":32,"sticky":null},"to":{"line":22,"ch":32,"sticky":null},"text":["y"],"removed":[""],"origin":"+input"}
2019-6-5 16:36:18.482#change#{"from":{"line":22,"ch":33,"sticky":null},"to":{"line":22,"ch":33,"sticky":null},"text":["p"],"removed":[""],"origin":"+input"}
2019-6-5 16:36:18.534#change#{"from":{"line":22,"ch":34,"sticky":null},"to":{"line":22,"ch":34,"sticky":null},"text":["e"],"removed":[""],"origin":"+input"}
2019-6-5 16:36:19.348#change#{"from":{"line":22,"ch":35,"sticky":null},"to":{"line":22,"ch":35,"sticky":null},"text":[" "],"removed":[""],"origin":"+input"}
2019-6-5 16:36:19.465#change#{"from":{"line":22,"ch":36,"sticky":null},"to":{"line":22,"ch":36,"sticky":null},"text":["="],"removed":[""],"origin":"+input"}
2019-6-5 16:36:19.554#change#{"from":{"line":22,"ch":37,"sticky":null},"to":{"line":22,"ch":37,"sticky":null},"text":[" "],"removed":[""],"origin":"+input"}
2019-6-5 16:36:19.961#change#{"from":{"line":22,"ch":38,"sticky":null},"to":{"line":22,"ch":38,"sticky":null},"text":["n"],"removed":[""],"origin":"+input"}
2019-6-5 16:36:20.041#change#{"from":{"line":22,"ch":39,"sticky":null},"to":{"line":22,"ch":39,"sticky":null},"text":["p"],"removed":[""],"origin":"+input"}
2019-6-5 16:36:20.268#change#{"from":{"line":22,"ch":40,"sticky":null},"to":{"line":22,"ch":40,"sticky":null},"text":["."],"removed":[""],"origin":"+input"}
2019-6-5 16:36:20.840#change#{"from":{"line":22,"ch":41,"sticky":null},"to":{"line":22,"ch":41,"sticky":null},"text":["i"],"removed":[""],"origin":"+input"}
2019-6-5 16:36:20.930#change#{"from":{"line":22,"ch":42,"sticky":null},"to":{"line":22,"ch":42,"sticky":null},"text":["n"],"removed":[""],"origin":"+input"}
2019-6-5 16:36:21.021#change#{"from":{"line":22,"ch":43,"sticky":null},"to":{"line":22,"ch":43,"sticky":null},"text":["t"],"removed":[""],"origin":"+input"}
2019-6-5 16:36:22.939#blur#
2019-6-5 16:36:22.939#blur#
2019-6-5 16:36:24.496#saida_testar#$ python3 main.py
2019-6-5 16:36:24.496#saida_testar#$ python3 main.py
2019-6-5 16:36:29.923#submit#Your code did not produce the correct output. Please, correct your code and try again.
2019-6-5 16:36:40.631#mousedown#{"isTrusted":true}
2019-6-5 16:36:40.648#focus#
2019-6-5 16:36:41.385#change#{"from":{"line":22,"ch":45,"sticky":"before","xRel":27.5333251953125},"to":{"line":22,"ch":45,"sticky":"before","xRel":27.5333251953125},"text":["",""],"removed":[""],"origin":"+input"}
2019-6-5 16:36:41.385#change#{"from":{"line":23,"ch":0,"sticky":null},"to":{"line":23,"ch":0,"sticky":null},"text":["\t"],"removed":[""],"origin":"+input"}
2019-6-5 16:36:41.385#keyHandled#"Enter"
2019-6-5 16:36:41.407#viewportChange#0
2019-6-5 16:36:45.453#change#{"from":{"line":23,"ch":1,"sticky":null},"to":{"line":23,"ch":1,"sticky":null},"text":["",""],"removed":[""],"origin":"+input"}
2019-6-5 16:36:45.453#change#{"from":{"line":24,"ch":0,"sticky":null},"to":{"line":24,"ch":0,"sticky":null},"text":["\t"],"removed":[""],"origin":"+input"}
2019-6-5 16:36:45.453#keyHandled#"Enter"
2019-6-5 16:36:45.468#viewportChange#0
2019-6-5 16:36:45.782#change#{"from":{"line":24,"ch":1,"sticky":null},"to":{"line":24,"ch":1,"sticky":null},"text":["p"],"removed":[""],"origin":"+input"}
2019-6-5 16:36:45.917#change#{"from":{"line":24,"ch":2,"sticky":null},"to":{"line":24,"ch":2,"sticky":null},"text":["r"],"removed":[""],"origin":"+input"}
2019-6-5 16:36:46.113#change#{"from":{"line":24,"ch":3,"sticky":null},"to":{"line":24,"ch":3,"sticky":null},"text":["i"],"removed":[""],"origin":"+input"}
2019-6-5 16:36:46.193#change#{"from":{"line":24,"ch":4,"sticky":null},"to":{"line":24,"ch":4,"sticky":null},"text":["n"],"removed":[""],"origin":"+input"}
2019-6-5 16:36:46.302#change#{"from":{"line":24,"ch":5,"sticky":null},"to":{"line":24,"ch":5,"sticky":null},"text":["t"],"removed":[""],"origin":"+input"}
2019-6-5 16:36:46.955#change#{"from":{"line":24,"ch":6,"sticky":null},"to":{"line":24,"ch":6,"sticky":null},"text":["()"],"removed":[""],"origin":"+input"}
2019-6-5 16:36:46.955#keyHandled#"'('"
2019-6-5 16:36:47.140#change#{"from":{"line":24,"ch":7,"sticky":"after"},"to":{"line":24,"ch":7,"sticky":"after"},"text":["v"],"removed":[""],"origin":"+input"}
2019-6-5 16:36:47.389#change#{"from":{"line":24,"ch":8,"sticky":null},"to":{"line":24,"ch":8,"sticky":null},"text":["e"],"removed":[""],"origin":"+input"}
2019-6-5 16:36:47.483#change#{"from":{"line":24,"ch":9,"sticky":null},"to":{"line":24,"ch":9,"sticky":null},"text":["t"],"removed":[""],"origin":"+input"}
2019-6-5 16:36:48.720#blur#
2019-6-5 16:36:48.720#blur#
2019-6-5 16:36:53.206#submit#Your code did not produce the correct output. Please, correct your code and try again.
2019-6-5 16:37:06.398#mousedown#{"isTrusted":true}
2019-6-5 16:37:06.417#focus#
2019-6-5 16:37:07.132#change#{"from":{"line":22,"ch":0,"sticky":"after"},"to":{"line":22,"ch":1,"sticky":"after","xRel":0.5333251953125},"text":[""],"removed":["\t"],"origin":"+delete"}
2019-6-5 16:37:07.132#keyHandled#"Backspace"
2019-6-5 16:37:07.678#mousedown#{"isTrusted":true}
2019-6-5 16:37:07.832#change#{"from":{"line":24,"ch":0,"sticky":"after"},"to":{"line":24,"ch":1,"sticky":"before","xRel":-1.4666748046875},"text":[""],"removed":["\t"],"origin":"+delete"}
2019-6-5 16:37:07.832#keyHandled#"Backspace"
2019-6-5 16:37:12.912#blur#
2019-6-5 16:37:20.706#submit#Congratulations, your code is correct!
2019-6-5 17:22:58.737#mousedown#{"isTrusted":true}
2019-6-5 17:22:58.756#focus#
2019-6-5 17:22:58.910#mousedown#{"isTrusted":true}
2019-6-5 17:22:58.999#dblclick#{"isTrusted":true}
2019-6-5 17:22:59.637#mousedown#{"isTrusted":true}
2019-6-5 17:22:59.770#mousedown#{"isTrusted":true}
2019-6-5 17:22:59.873#dblclick#{"isTrusted":true}
2019-6-5 17:23:00.525#mousedown#{"isTrusted":true}
2019-6-5 17:23:09.030#mousedown#{"isTrusted":true}
2019-6-5 17:23:09.171#mousedown#{"isTrusted":true}
2019-6-5 17:23:09.252#dblclick#{"isTrusted":true}
2019-6-5 17:23:10.950#mousedown#{"isTrusted":true}
2019-6-5 17:23:11.068#mousedown#{"isTrusted":true}
2019-6-5 17:23:11.165#dblclick#{"isTrusted":true}
2019-6-5 17:23:12.836#mousedown#{"isTrusted":true}
2019-6-5 17:23:12.976#mousedown#{"isTrusted":true}
2019-6-5 17:23:13.063#dblclick#{"isTrusted":true}
2019-6-5 17:23:19.426#mousedown#{"isTrusted":true}
2019-6-5 17:23:20.119#mousedown#{"isTrusted":true}
2019-6-5 17:23:22.168#mousedown#{"isTrusted":true}
2019-6-5 17:23:22.320#mousedown#{"isTrusted":true}
2019-6-5 17:23:22.426#dblclick#{"isTrusted":true}
2019-6-5 17:23:22.808#mousedown#{"isTrusted":true}
2019-6-5 17:23:22.949#mousedown#{"isTrusted":true}
2019-6-5 17:23:23.056#dblclick#{"isTrusted":true}
2019-6-5 17:23:28.492#mousedown#{"isTrusted":true}
2019-6-5 17:23:28.632#mousedown#{"isTrusted":true}
2019-6-5 17:23:28.729#dblclick#{"isTrusted":true}
2019-6-5 17:23:48.941#blur#
2019-6-5 17:24:03.692#mousedown#{"isTrusted":true}
2019-6-5 17:24:03.709#focus#
2019-6-5 17:24:04.711#mousedown#{"isTrusted":true}
2019-6-5 17:24:05.633#mousedown#{"isTrusted":true}
2019-6-5 17:24:05.763#mousedown#{"isTrusted":true}
2019-6-5 17:24:05.879#dblclick#{"isTrusted":true}
