== SUBMITION (2019-05-30 15:56:58) 
-- CODE:
from numpy import*

#Vetor digitado pelo usuario
v = array(eval(input( )))
#Quantidade de elementos
print(size(v))
#Primeiro elemento
print(v[0])
#Ultimo elemento
print(v[-1])
#Maior elemento
print(max(v))
#Menor elemento
print(min(v))
#Soma
print(sum(v))
#Media
print(round( size(v)/sum(v), 2))
-- EXECUTION TIME:
0.446176
-- TEST CASE 1:
---- input:
[13,10,1,9,7,20,5,20,14,16,5,13,11,7,6,2,19,18,8,19,13,5,8,4,3,16,8,7,9,2,13,11,14,10,15,11,6,17,16,10,15,6,12,9,4,15,16,10,15,7,17,10,9,6,12,18,2,9,5,17,19,5,20,4,5,11,3,15,15,3,20,11,5,13,9,16,14,15,11,19,15,9,14,10,7,1,6,7]
---- correct output:
88
13
7
20
1
937
10.65
---- user output:
88
13
7
20
1
937
0.09
-- GRADE:
0%
*-*-*-*-*-*-*-*-*-*-*-*-*-*-*-*-*-*-*-*-*-*-*-*
== SUBMITION (2019-05-30 15:57:14) 
-- CODE:
from numpy import*

#Vetor digitado pelo usuario
v = array(eval(input( )))
#Quantidade de elementos
print(size(v))
#Primeiro elemento
print(v[0])
#Ultimo elemento
print(v[-1])
#Maior elemento
print(max(v))
#Menor elemento
print(min(v))
#Soma
print(sum(v))
#Media
print(round( sum(v)/size(v), 2))
-- EXECUTION TIME:
0.57059
-- TEST CASE 1:
---- input:
[13,10,1,9,7,20,5,20,14,16,5,13,11,7,6,2,19,18,8,19,13,5,8,4,3,16,8,7,9,2,13,11,14,10,15,11,6,17,16,10,15,6,12,9,4,15,16,10,15,7,17,10,9,6,12,18,2,9,5,17,19,5,20,4,5,11,3,15,15,3,20,11,5,13,9,16,14,15,11,19,15,9,14,10,7,1,6,7]
---- correct output:
88
13
7
20
1
937
10.65
---- user output:
88
13
7
20
1
937
10.65
-- GRADE:
100%
*-*-*-*-*-*-*-*-*-*-*-*-*-*-*-*-*-*-*-*-*-*-*-*
