== TEST (2019-06-12 23:32:37) 
-- CODE:
from numpy import*
notas=array(eval(input()))
freq=array(eval(input()))
ch= int(input())
count=zeros(3,dtype=int)

for i in range(size(notas)):
	if(notas[i]>=5 and freq[i]>= 0.75*ch):
		count[0]= count[0] +1
	elif(notas[i]<5 and freq[i]>=0.75*ch):
		count[1]=count[1]+1
	elif (freq[1]<0.75*ch):
		count[2]= count[2]+1
print(count)
-- ERROR:
Traceback (most recent call last):
  File "XXXX", line 1, in <module>
    from numpy import*
ModuleNotFoundError: No module named 'numpy'
*-*-*-*-*-*-*-*-*-*-*-*-*-*-*-*-*-*-*-*-*-*-*-*
== TEST (2019-06-12 23:33:05) 
-- CODE:
from numpy import*
notas=array(eval(input()))
freq=array(eval(input()))
ch= int(input())
count=zeros(3,dtype=int)

for i in range(size(notas)):
	if(notas[i]>=5 and freq[i]>= 0.75*ch):
		count[0]= count[0] +1
	elif(notas[i]<5 and freq[i]>=0.75*ch):
		count[1]=count[1]+1
	elif (freq[1]<0.75*ch):
		count[2]= count[2]+1
print(count)
-- ERROR:
Traceback (most recent call last):
  File "XXXX", line 1, in <module>
    from numpy import*
ModuleNotFoundError: No module named 'numpy'
*-*-*-*-*-*-*-*-*-*-*-*-*-*-*-*-*-*-*-*-*-*-*-*
== TEST (2019-06-12 23:34:12) 
-- CODE:
from numpy import*
notas=array(eval(input()))
freq=array(eval(input()))
ch= int(input())
count=zeros(3,dtype=int)

for i in range(size(notas)):
	if(notas[i]>=5 and freq[i]>= 0.75*ch):
		count[0]= count[0] +1
	elif(notas[i]<5 and freq[i]>=0.75*ch):
		count[1]=count[1]+1
	elif (freq[2]<0.75*ch):
		count[2]= count[2]+1
print(count)
-- ERROR:
Traceback (most recent call last):
  File "XXXX", line 1, in <module>
    from numpy import*
ModuleNotFoundError: No module named 'numpy'
*-*-*-*-*-*-*-*-*-*-*-*-*-*-*-*-*-*-*-*-*-*-*-*
== TEST (2019-06-12 23:34:25) 
-- CODE:
from numpy import*
notas=array(eval(input()))
freq=array(eval(input()))
ch= int(input())
count=zeros(3,dtype=int)

for i in range(size(notas)):
	if(notas[i]>=5 and freq[i]>= 0.75*ch):
		count[0]= count[0] +1
	elif(notas[i]<5 and freq[i]>=0.75*ch):
		count[1]=count[1]+1
	elif (freq[i]< 0.75*ch):
		count[2]= count[2]+1
print(count)
-- ERROR:
Traceback (most recent call last):
  File "XXXX", line 1, in <module>
    from numpy import*
ModuleNotFoundError: No module named 'numpy'
*-*-*-*-*-*-*-*-*-*-*-*-*-*-*-*-*-*-*-*-*-*-*-*
== SUBMITION (2019-06-12 23:34:42) 
-- CODE:
from numpy import*
notas=array(eval(input()))
freq=array(eval(input()))
ch= int(input())
count=zeros(3,dtype=int)

for i in range(size(notas)):
	if(notas[i]>=5 and freq[i]>= 0.75*ch):
		count[0]= count[0] +1
	elif(notas[i]<5 and freq[i]>=0.75*ch):
		count[1]=count[1]+1
	elif (freq[i]< 0.75*ch):
		count[2]= count[2]+1
print(count)
-- EXECUTION TIME:
1.06641
-- TEST CASE 1:
---- input:
[6.2,7.3,7.0,7.5,8.9]
[75,76,74,73,72]
100
---- correct output:
[2 0 3]
---- user output:
[2 0 3]
-- TEST CASE 2:
---- input:
[7.4,7.6,7.5,7.2,7.2,7.3,7.8]
[60,80,55,58,61,70,79]
80
---- correct output:
[5 0 2]
---- user output:
[5 0 2]
-- TEST CASE 3:
---- input:
[8.2,6.9,7.0,6.5,7.4,8.5,7.6,6.9,4.5,5.5]
[90,40,70,35,100,110,85,99,100,110]
120
---- correct output:
[5 1 4]
---- user output:
[5 1 4]
-- GRADE:
100%
*-*-*-*-*-*-*-*-*-*-*-*-*-*-*-*-*-*-*-*-*-*-*-*
