== SUBMITION (2019-05-02 07:17:32) 
-- CODE:
# Teste seu código aos poucos.
# Não teste tudo no final, pois fica mais difícil de identificar erros.
# Use as mensagens de erro para corrigir seu código.
x = float(input(" Digite um numero: " ))
a = float(input(" Digite um numero: " ))
b = float(input(" Digite um numero maior que o valor anterior digitado: " ))

if(b <= a):
	print("Entradas",a,"e",b,"invalidas")
	
elif((x >= a) and (x <= b) and (b > a)):
	mensagem = "pertence ao intervalo"
	print(x,mensagem,a,",", b)

else:
	mensagem = "nao pertence ao intervalo"
	print(x,mensagem,a,",", b)
-- EXECUTION TIME:
0.140419
-- TEST CASE 1:
---- input:
2
3
4
---- correct output:
2.0 nao pertence ao intervalo 3.0 , 4.0
---- user output:
2.0 nao pertence ao intervalo 3.0 , 4.0
-- TEST CASE 2:
---- input:
5.5
6.5
3.5
---- correct output:
Entradas 6.5 e 3.5 invalidas
---- user output:
Entradas 6.5 e 3.5 invalidas
-- TEST CASE 3:
---- input:
6.5
1.1
22.2
---- correct output:
6.5 pertence ao intervalo 1.1 , 22.2
---- user output:
6.5 pertence ao intervalo 1.1 , 22.2
-- GRADE:
100%
*-*-*-*-*-*-*-*-*-*-*-*-*-*-*-*-*-*-*-*-*-*-*-*
