2019-5-28 18:03:55.822#viewportChange#0
2019-5-28 18:04:05.888#mousedown#{"isTrusted":true}
2019-5-28 18:04:05.896#focus#
2019-5-28 18:04:16.693#blur#
2019-5-28 18:05:12.538#mousedown#{"isTrusted":true}
2019-5-28 18:05:12.544#focus#
2019-5-28 18:05:12.836#mousedown#{"isTrusted":true}
2019-5-28 18:05:13.458#mousedown#{"isTrusted":true}
2019-5-28 18:05:20.783#blur#
2019-5-28 18:06:17.580#mousedown#{"isTrusted":true}
2019-5-28 18:06:17.588#focus#
2019-5-28 18:06:23.327#blur#
2019-5-28 18:06:54.190#mousedown#{"isTrusted":true}
2019-5-28 18:06:54.196#focus#
2019-5-28 18:06:54.465#change#{"from":{"line":0,"ch":0,"sticky":null},"to":{"line":0,"ch":0,"sticky":null},"text":["from numpy import *","n = array(eval(input()))"],"removed":[""],"origin":"paste"}
2019-5-28 18:06:54.486#viewportChange#0
2019-5-28 18:06:55.820#change#{"from":{"line":1,"ch":24,"sticky":null},"to":{"line":1,"ch":24,"sticky":null},"text":["",""],"removed":[""],"origin":"+input"}
2019-5-28 18:06:55.820#keyHandled#"Enter"
2019-5-28 18:06:55.835#viewportChange#0
2019-5-28 18:06:56.553#change#{"from":{"line":2,"ch":0,"sticky":null},"to":{"line":2,"ch":0,"sticky":null},"text":["",""],"removed":[""],"origin":"+input"}
2019-5-28 18:06:56.554#keyHandled#"Enter"
2019-5-28 18:06:56.568#viewportChange#0
2019-5-28 18:06:58.064#change#{"from":{"line":3,"ch":0,"sticky":null},"to":{"line":3,"ch":0,"sticky":null},"text":["p"],"removed":[""],"origin":"+input"}
2019-5-28 18:06:58.141#change#{"from":{"line":3,"ch":1,"sticky":null},"to":{"line":3,"ch":1,"sticky":null},"text":["r"],"removed":[""],"origin":"+input"}
2019-5-28 18:06:58.268#change#{"from":{"line":3,"ch":2,"sticky":null},"to":{"line":3,"ch":2,"sticky":null},"text":["i"],"removed":[""],"origin":"+input"}
2019-5-28 18:06:58.390#change#{"from":{"line":3,"ch":3,"sticky":null},"to":{"line":3,"ch":3,"sticky":null},"text":["t"],"removed":[""],"origin":"+input"}
2019-5-28 18:06:58.409#change#{"from":{"line":3,"ch":4,"sticky":null},"to":{"line":3,"ch":4,"sticky":null},"text":["n"],"removed":[""],"origin":"+input"}
2019-5-28 18:06:59.122#change#{"from":{"line":3,"ch":4,"sticky":"after"},"to":{"line":3,"ch":5,"sticky":null},"text":[""],"removed":["n"],"origin":"+delete"}
2019-5-28 18:06:59.122#keyHandled#"Backspace"
2019-5-28 18:06:59.305#change#{"from":{"line":3,"ch":3,"sticky":"after"},"to":{"line":3,"ch":4,"sticky":null},"text":[""],"removed":["t"],"origin":"+delete"}
2019-5-28 18:06:59.305#keyHandled#"Backspace"
2019-5-28 18:06:59.566#change#{"from":{"line":3,"ch":3,"sticky":null},"to":{"line":3,"ch":3,"sticky":null},"text":["n"],"removed":[""],"origin":"+input"}
2019-5-28 18:06:59.661#change#{"from":{"line":3,"ch":4,"sticky":null},"to":{"line":3,"ch":4,"sticky":null},"text":["t"],"removed":[""],"origin":"+input"}
2019-5-28 18:06:59.948#change#{"from":{"line":3,"ch":5,"sticky":null},"to":{"line":3,"ch":5,"sticky":null},"text":["()"],"removed":[""],"origin":"+input"}
2019-5-28 18:06:59.948#keyHandled#"'('"
2019-5-28 18:07:00.020#keyHandled#"')'"
2019-5-28 18:07:00.596#keyHandled#"Left"
2019-5-28 18:07:01.766#change#{"from":{"line":3,"ch":6,"sticky":"after"},"to":{"line":3,"ch":6,"sticky":"after"},"text":["n"],"removed":[""],"origin":"+input"}
2019-5-28 18:07:02.574#change#{"from":{"line":3,"ch":7,"sticky":null},"to":{"line":3,"ch":7,"sticky":null},"text":["[]"],"removed":[""],"origin":"+input"}
2019-5-28 18:07:02.574#keyHandled#"'['"
2019-5-28 18:07:03.391#change#{"from":{"line":3,"ch":8,"sticky":"after"},"to":{"line":3,"ch":8,"sticky":"after"},"text":["0"],"removed":[""],"origin":"+input"}
2019-5-28 18:07:04.016#keyHandled#"Right"
2019-5-28 18:07:04.185#keyHandled#"Right"
2019-5-28 18:07:04.794#change#{"from":{"line":3,"ch":11,"sticky":"before"},"to":{"line":3,"ch":11,"sticky":"before"},"text":["",""],"removed":[""],"origin":"+input"}
2019-5-28 18:07:04.794#keyHandled#"Enter"
2019-5-28 18:07:04.808#viewportChange#0
2019-5-28 18:07:04.016#keyHandled#"Right"
2019-5-28 18:07:04.185#keyHandled#"Right"
2019-5-28 18:07:04.794#change#{"from":{"line":3,"ch":11,"sticky":"before"},"to":{"line":3,"ch":11,"sticky":"before"},"text":["",""],"removed":[""],"origin":"+input"}
2019-5-28 18:07:04.794#keyHandled#"Enter"
2019-5-28 18:07:04.808#viewportChange#0
2019-5-28 18:08:06.392#change#{"from":{"line":4,"ch":0,"sticky":null},"to":{"line":4,"ch":0,"sticky":null},"text":["p"],"removed":[""],"origin":"+input"}
2019-5-28 18:08:06.474#change#{"from":{"line":4,"ch":1,"sticky":null},"to":{"line":4,"ch":1,"sticky":null},"text":["r"],"removed":[""],"origin":"+input"}
2019-5-28 18:08:06.623#change#{"from":{"line":4,"ch":2,"sticky":null},"to":{"line":4,"ch":2,"sticky":null},"text":["i"],"removed":[""],"origin":"+input"}
2019-5-28 18:08:06.703#change#{"from":{"line":4,"ch":3,"sticky":null},"to":{"line":4,"ch":3,"sticky":null},"text":["n"],"removed":[""],"origin":"+input"}
2019-5-28 18:08:06.784#change#{"from":{"line":4,"ch":4,"sticky":null},"to":{"line":4,"ch":4,"sticky":null},"text":["t"],"removed":[""],"origin":"+input"}
2019-5-28 18:08:07.223#change#{"from":{"line":4,"ch":5,"sticky":null},"to":{"line":4,"ch":5,"sticky":null},"text":["()"],"removed":[""],"origin":"+input"}
2019-5-28 18:08:07.223#keyHandled#"'('"
2019-5-28 18:08:07.303#keyHandled#"')'"
2019-5-28 18:08:07.947#keyHandled#"Left"
2019-5-28 18:08:09.191#change#{"from":{"line":4,"ch":6,"sticky":"after"},"to":{"line":4,"ch":6,"sticky":"after"},"text":["n"],"removed":[""],"origin":"+input"}
2019-5-28 18:08:10.228#change#{"from":{"line":4,"ch":7,"sticky":null},"to":{"line":4,"ch":7,"sticky":null},"text":["[]"],"removed":[""],"origin":"+input"}
2019-5-28 18:08:10.228#keyHandled#"'['"
2019-5-28 18:08:10.880#change#{"from":{"line":4,"ch":8,"sticky":"after"},"to":{"line":4,"ch":8,"sticky":"after"},"text":["-"],"removed":[""],"origin":"+input"}
2019-5-28 18:08:11.135#change#{"from":{"line":4,"ch":9,"sticky":null},"to":{"line":4,"ch":9,"sticky":null},"text":["1"],"removed":[""],"origin":"+input"}
2019-5-28 18:08:14.045#blur#
2019-5-28 18:08:14.045#blur#
2019-5-28 18:08:16.969#saida_testar#$ python3 main.py
2019-5-28 18:08:23.752#mousedown#{"isTrusted":true}
2019-5-28 18:08:23.992#focus#
2019-5-28 18:08:25.251#change#{"from":{"line":0,"ch":0,"sticky":"after","xRel":3.6500244140625},"to":{"line":1,"ch":24,"sticky":"before","xRel":2.2500152587890625},"text":["n"],"removed":["from numpy import *","n = array(eval(input()))"],"origin":"+input"}
2019-5-28 18:08:25.268#viewportChange#0
2019-5-28 18:08:25.544#change#{"from":{"line":0,"ch":1,"sticky":null},"to":{"line":0,"ch":1,"sticky":null},"text":[" "],"removed":[""],"origin":"+input"}
2019-5-28 18:08:25.711#change#{"from":{"line":0,"ch":2,"sticky":null},"to":{"line":0,"ch":2,"sticky":null},"text":["="],"removed":[""],"origin":"+input"}
2019-5-28 18:08:25.823#change#{"from":{"line":0,"ch":3,"sticky":null},"to":{"line":0,"ch":3,"sticky":null},"text":[" "],"removed":[""],"origin":"+input"}
2019-5-28 18:08:26.024#change#{"from":{"line":0,"ch":4,"sticky":null},"to":{"line":0,"ch":4,"sticky":null},"text":["o"],"removed":[""],"origin":"+input"}
2019-5-28 18:08:26.080#change#{"from":{"line":0,"ch":5,"sticky":null},"to":{"line":0,"ch":5,"sticky":null},"text":["n"],"removed":[""],"origin":"+input"}
2019-5-28 18:08:26.448#change#{"from":{"line":0,"ch":6,"sticky":null},"to":{"line":0,"ch":6,"sticky":null},"text":["p"],"removed":[""],"origin":"+input"}
2019-5-28 18:08:26.600#change#{"from":{"line":0,"ch":7,"sticky":null},"to":{"line":0,"ch":7,"sticky":null},"text":["u"],"removed":[""],"origin":"+input"}
2019-5-28 18:08:27.292#change#{"from":{"line":0,"ch":7,"sticky":"after"},"to":{"line":0,"ch":8,"sticky":null},"text":[""],"removed":["u"],"origin":"+delete"}
2019-5-28 18:08:27.292#keyHandled#"Backspace"
2019-5-28 18:08:27.436#change#{"from":{"line":0,"ch":6,"sticky":"after"},"to":{"line":0,"ch":7,"sticky":null},"text":[""],"removed":["p"],"origin":"+delete"}
2019-5-28 18:08:27.436#keyHandled#"Backspace"
2019-5-28 18:08:27.579#change#{"from":{"line":0,"ch":5,"sticky":"after"},"to":{"line":0,"ch":6,"sticky":null},"text":[""],"removed":["n"],"origin":"+delete"}
2019-5-28 18:08:27.579#keyHandled#"Backspace"
2019-5-28 18:08:27.731#change#{"from":{"line":0,"ch":4,"sticky":"after"},"to":{"line":0,"ch":5,"sticky":null},"text":[""],"removed":["o"],"origin":"+delete"}
2019-5-28 18:08:27.731#keyHandled#"Backspace"
2019-5-28 18:08:28.303#change#{"from":{"line":0,"ch":4,"sticky":null},"to":{"line":0,"ch":4,"sticky":null},"text":["i"],"removed":[""],"origin":"+input"}
2019-5-28 18:08:28.488#change#{"from":{"line":0,"ch":5,"sticky":null},"to":{"line":0,"ch":5,"sticky":null},"text":["n"],"removed":[""],"origin":"+input"}
2019-5-28 18:08:28.810#change#{"from":{"line":0,"ch":6,"sticky":null},"to":{"line":0,"ch":6,"sticky":null},"text":["p"],"removed":[""],"origin":"+input"}
2019-5-28 18:08:28.919#change#{"from":{"line":0,"ch":7,"sticky":null},"to":{"line":0,"ch":7,"sticky":null},"text":["u"],"removed":[""],"origin":"+input"}
2019-5-28 18:08:29.087#change#{"from":{"line":0,"ch":8,"sticky":null},"to":{"line":0,"ch":8,"sticky":null},"text":["t"],"removed":[""],"origin":"+input"}
2019-5-28 18:08:29.961#change#{"from":{"line":0,"ch":9,"sticky":null},"to":{"line":0,"ch":9,"sticky":null},"text":["()"],"removed":[""],"origin":"+input"}
2019-5-28 18:08:29.961#keyHandled#"'('"
2019-5-28 18:08:30.031#keyHandled#"')'"
2019-5-28 18:08:39.184#blur#
2019-5-28 18:08:39.184#blur#
2019-5-28 18:08:40.843#saida_testar#$ python3 main.py
2019-5-28 18:08:49.897#mousedown#{"isTrusted":true}
2019-5-28 18:08:50.153#focus#
2019-5-28 18:08:53.111#change#{"from":{"line":3,"ch":12,"sticky":null,"xRel":1,"outside":true},"to":{"line":3,"ch":12,"sticky":null,"xRel":1,"outside":true},"text":["",""],"removed":[""],"origin":"+input"}
2019-5-28 18:08:53.111#keyHandled#"Enter"
2019-5-28 18:08:53.129#viewportChange#0
2019-5-28 18:08:53.369#change#{"from":{"line":4,"ch":0,"sticky":null},"to":{"line":4,"ch":0,"sticky":null},"text":["p"],"removed":[""],"origin":"+input"}
2019-5-28 18:08:53.462#change#{"from":{"line":4,"ch":1,"sticky":null},"to":{"line":4,"ch":1,"sticky":null},"text":["r"],"removed":[""],"origin":"+input"}
2019-5-28 18:08:53.592#change#{"from":{"line":4,"ch":2,"sticky":null},"to":{"line":4,"ch":2,"sticky":null},"text":["i"],"removed":[""],"origin":"+input"}
2019-5-28 18:08:53.656#change#{"from":{"line":4,"ch":3,"sticky":null},"to":{"line":4,"ch":3,"sticky":null},"text":["n"],"removed":[""],"origin":"+input"}
2019-5-28 18:08:53.768#change#{"from":{"line":4,"ch":4,"sticky":null},"to":{"line":4,"ch":4,"sticky":null},"text":["t"],"removed":[""],"origin":"+input"}
2019-5-28 18:08:54.008#change#{"from":{"line":4,"ch":5,"sticky":null},"to":{"line":4,"ch":5,"sticky":null},"text":["()"],"removed":[""],"origin":"+input"}
2019-5-28 18:08:54.008#keyHandled#"'('"
2019-5-28 18:08:54.096#keyHandled#"')'"
2019-5-28 18:08:54.586#keyHandled#"Left"
2019-5-28 18:08:55.058#change#{"from":{"line":4,"ch":6,"sticky":"after"},"to":{"line":4,"ch":6,"sticky":"after"},"text":["s"],"removed":[""],"origin":"+input"}
2019-5-28 18:08:55.152#change#{"from":{"line":4,"ch":7,"sticky":null},"to":{"line":4,"ch":7,"sticky":null},"text":["i"],"removed":[""],"origin":"+input"}
2019-5-28 18:08:55.288#change#{"from":{"line":4,"ch":8,"sticky":null},"to":{"line":4,"ch":8,"sticky":null},"text":["z"],"removed":[""],"origin":"+input"}
2019-5-28 18:08:55.408#change#{"from":{"line":4,"ch":9,"sticky":null},"to":{"line":4,"ch":9,"sticky":null},"text":["e"],"removed":[""],"origin":"+input"}
2019-5-28 18:08:56.796#keyHandled#"Left"
2019-5-28 18:08:56.865#change#{"from":{"line":4,"ch":11,"sticky":"after"},"to":{"line":4,"ch":11,"sticky":"after"},"text":["n"],"removed":[""],"origin":"+input"}
2019-5-28 18:08:57.904#blur#
2019-5-28 18:08:57.904#blur#
2019-5-28 18:09:00.684#saida_testar#$ python3 main.py
2019-5-28 18:09:05.321#mousedown#{"isTrusted":true}
2019-5-28 18:09:05.522#focus#
2019-5-28 18:09:08.285#change#{"from":{"line":4,"ch":6,"sticky":"after","xRel":1.04998779296875},"to":{"line":4,"ch":10,"sticky":"after","xRel":3.316650390625},"text":["l"],"removed":["size"],"origin":"+input"}
2019-5-28 18:09:08.377#change#{"from":{"line":4,"ch":7,"sticky":null},"to":{"line":4,"ch":7,"sticky":null},"text":["e"],"removed":[""],"origin":"+input"}
2019-5-28 18:09:08.479#change#{"from":{"line":4,"ch":8,"sticky":null},"to":{"line":4,"ch":8,"sticky":null},"text":["n"],"removed":[""],"origin":"+input"}
2019-5-28 18:09:09.793#blur#
2019-5-28 18:09:09.793#blur#
2019-5-28 18:09:11.189#mousedown#{"isTrusted":true}
2019-5-28 18:09:11.196#focus#
2019-5-28 18:09:11.830#blur#
2019-5-28 18:09:12.962#saida_testar#$ python3 main.py
2019-5-28 18:09:19.386#mousedown#{"isTrusted":true}
2019-5-28 18:09:19.567#focus#
2019-5-28 18:09:20.496#change#{"from":{"line":4,"ch":13,"sticky":"before","xRel":114.51667785644531},"to":{"line":4,"ch":13,"sticky":"before","xRel":114.51667785644531},"text":["",""],"removed":[""],"origin":"+input"}
2019-5-28 18:09:20.497#keyHandled#"Enter"
2019-5-28 18:09:20.514#viewportChange#0
2019-5-28 18:09:20.972#change#{"from":{"line":5,"ch":0,"sticky":null},"to":{"line":5,"ch":0,"sticky":null},"text":["p"],"removed":[""],"origin":"+input"}
2019-5-28 18:09:21.098#change#{"from":{"line":5,"ch":1,"sticky":null},"to":{"line":5,"ch":1,"sticky":null},"text":["r"],"removed":[""],"origin":"+input"}
2019-5-28 18:09:21.193#change#{"from":{"line":5,"ch":2,"sticky":null},"to":{"line":5,"ch":2,"sticky":null},"text":["i"],"removed":[""],"origin":"+input"}
2019-5-28 18:09:21.249#change#{"from":{"line":5,"ch":3,"sticky":null},"to":{"line":5,"ch":3,"sticky":null},"text":["n"],"removed":[""],"origin":"+input"}
2019-5-28 18:09:21.400#change#{"from":{"line":5,"ch":4,"sticky":null},"to":{"line":5,"ch":4,"sticky":null},"text":["t"],"removed":[""],"origin":"+input"}
2019-5-28 18:09:22.800#change#{"from":{"line":5,"ch":5,"sticky":null},"to":{"line":5,"ch":5,"sticky":null},"text":["()"],"removed":[""],"origin":"+input"}
2019-5-28 18:09:22.800#keyHandled#"'('"
2019-5-28 18:09:22.856#keyHandled#"')'"
2019-5-28 18:09:23.476#keyHandled#"Left"
2019-5-28 18:09:42.928#change#{"from":{"line":5,"ch":6,"sticky":"after"},"to":{"line":5,"ch":6,"sticky":"after"},"text":["u"],"removed":[""],"origin":"+input"}
2019-5-28 18:09:43.155#change#{"from":{"line":5,"ch":7,"sticky":null},"to":{"line":5,"ch":7,"sticky":null},"text":["p"],"removed":[""],"origin":"+input"}
2019-5-28 18:09:43.281#change#{"from":{"line":5,"ch":8,"sticky":null},"to":{"line":5,"ch":8,"sticky":null},"text":["p"],"removed":[""],"origin":"+input"}
2019-5-28 18:09:43.354#change#{"from":{"line":5,"ch":9,"sticky":null},"to":{"line":5,"ch":9,"sticky":null},"text":["e"],"removed":[""],"origin":"+input"}
2019-5-28 18:09:43.441#change#{"from":{"line":5,"ch":10,"sticky":null},"to":{"line":5,"ch":10,"sticky":null},"text":["r"],"removed":[""],"origin":"+input"}
2019-5-28 18:09:44.170#change#{"from":{"line":5,"ch":11,"sticky":null},"to":{"line":5,"ch":11,"sticky":null},"text":["()"],"removed":[""],"origin":"+input"}
2019-5-28 18:09:44.170#keyHandled#"'('"
2019-5-28 18:09:44.217#keyHandled#"')'"
2019-5-28 18:09:44.733#keyHandled#"Left"
2019-5-28 18:09:44.887#keyHandled#"Left"
2019-5-28 18:09:45.013#keyHandled#"Left"
2019-5-28 18:09:45.133#keyHandled#"Left"
2019-5-28 18:09:45.264#keyHandled#"Left"
2019-5-28 18:09:45.397#keyHandled#"Left"
2019-5-28 18:09:45.717#keyHandled#"Left"
2019-5-28 18:09:46.483#change#{"from":{"line":5,"ch":6,"sticky":"after"},"to":{"line":5,"ch":6,"sticky":"after"},"text":["n"],"removed":[""],"origin":"+input"}
2019-5-28 18:09:46.546#change#{"from":{"line":5,"ch":7,"sticky":null},"to":{"line":5,"ch":7,"sticky":null},"text":["."],"removed":[""],"origin":"+input"}
2019-5-28 18:09:46.981#keyHandled#"Right"
2019-5-28 18:09:47.117#keyHandled#"Right"
2019-5-28 18:09:47.277#keyHandled#"Right"
2019-5-28 18:09:47.590#keyHandled#"Right"
2019-5-28 18:09:47.998#keyHandled#"Right"
2019-5-28 18:09:51.938#change#{"from":{"line":5,"ch":12,"sticky":"after"},"to":{"line":5,"ch":13,"sticky":"before"},"text":[""],"removed":["r"],"origin":"+delete"}
2019-5-28 18:09:51.938#keyHandled#"Backspace"
2019-5-28 18:09:52.086#change#{"from":{"line":5,"ch":11,"sticky":"after"},"to":{"line":5,"ch":12,"sticky":null},"text":[""],"removed":["e"],"origin":"+delete"}
2019-5-28 18:09:52.086#keyHandled#"Backspace"
2019-5-28 18:09:52.230#change#{"from":{"line":5,"ch":10,"sticky":"after"},"to":{"line":5,"ch":11,"sticky":null},"text":[""],"removed":["p"],"origin":"+delete"}
2019-5-28 18:09:52.230#keyHandled#"Backspace"
2019-5-28 18:09:52.374#change#{"from":{"line":5,"ch":9,"sticky":"after"},"to":{"line":5,"ch":10,"sticky":null},"text":[""],"removed":["p"],"origin":"+delete"}
2019-5-28 18:09:52.374#keyHandled#"Backspace"
2019-5-28 18:09:52.510#change#{"from":{"line":5,"ch":8,"sticky":"after"},"to":{"line":5,"ch":9,"sticky":null},"text":[""],"removed":["u"],"origin":"+delete"}
2019-5-28 18:09:52.510#keyHandled#"Backspace"
2019-5-28 18:09:53.090#change#{"from":{"line":5,"ch":8,"sticky":null},"to":{"line":5,"ch":8,"sticky":null},"text":["l"],"removed":[""],"origin":"+input"}
2019-5-28 18:09:53.170#change#{"from":{"line":5,"ch":9,"sticky":null},"to":{"line":5,"ch":9,"sticky":null},"text":["o"],"removed":[""],"origin":"+input"}
2019-5-28 18:09:53.273#change#{"from":{"line":5,"ch":10,"sticky":null},"to":{"line":5,"ch":10,"sticky":null},"text":["w"],"removed":[""],"origin":"+input"}
2019-5-28 18:09:53.345#change#{"from":{"line":5,"ch":11,"sticky":null},"to":{"line":5,"ch":11,"sticky":null},"text":["e"],"removed":[""],"origin":"+input"}
2019-5-28 18:09:53.554#change#{"from":{"line":5,"ch":12,"sticky":null},"to":{"line":5,"ch":12,"sticky":null},"text":["r"],"removed":[""],"origin":"+input"}
2019-5-28 18:09:53.902#keyHandled#"Right"
2019-5-28 18:09:54.053#keyHandled#"Right"
2019-5-28 18:09:54.181#keyHandled#"Right"
2019-5-28 18:09:54.454#change#{"from":{"line":5,"ch":16,"sticky":"before"},"to":{"line":5,"ch":16,"sticky":"before"},"text":["",""],"removed":[""],"origin":"+input"}
2019-5-28 18:09:54.454#keyHandled#"Enter"
2019-5-28 18:09:54.468#viewportChange#0
2019-5-28 18:09:54.946#change#{"from":{"line":6,"ch":0,"sticky":null},"to":{"line":6,"ch":0,"sticky":null},"text":["p"],"removed":[""],"origin":"+input"}
2019-5-28 18:09:55.042#change#{"from":{"line":6,"ch":1,"sticky":null},"to":{"line":6,"ch":1,"sticky":null},"text":["r"],"removed":[""],"origin":"+input"}
2019-5-28 18:09:55.154#change#{"from":{"line":6,"ch":2,"sticky":null},"to":{"line":6,"ch":2,"sticky":null},"text":["i"],"removed":[""],"origin":"+input"}
2019-5-28 18:09:55.209#change#{"from":{"line":6,"ch":3,"sticky":null},"to":{"line":6,"ch":3,"sticky":null},"text":["n"],"removed":[""],"origin":"+input"}
2019-5-28 18:09:55.302#change#{"from":{"line":6,"ch":4,"sticky":null},"to":{"line":6,"ch":4,"sticky":null},"text":["t"],"removed":[""],"origin":"+input"}
2019-5-28 18:09:55.530#change#{"from":{"line":6,"ch":5,"sticky":null},"to":{"line":6,"ch":5,"sticky":null},"text":["()"],"removed":[""],"origin":"+input"}
2019-5-28 18:09:55.530#keyHandled#"'('"
2019-5-28 18:09:55.601#keyHandled#"')'"
2019-5-28 18:09:56.030#keyHandled#"Left"
2019-5-28 18:09:56.506#change#{"from":{"line":6,"ch":6,"sticky":"after"},"to":{"line":6,"ch":6,"sticky":"after"},"text":["n"],"removed":[""],"origin":"+input"}
2019-5-28 18:09:56.682#change#{"from":{"line":6,"ch":7,"sticky":null},"to":{"line":6,"ch":7,"sticky":null},"text":["."],"removed":[""],"origin":"+input"}
2019-5-28 18:09:57.178#change#{"from":{"line":6,"ch":8,"sticky":null},"to":{"line":6,"ch":8,"sticky":null},"text":["u"],"removed":[""],"origin":"+input"}
2019-5-28 18:09:57.393#change#{"from":{"line":6,"ch":9,"sticky":null},"to":{"line":6,"ch":9,"sticky":null},"text":["p"],"removed":[""],"origin":"+input"}
2019-5-28 18:09:57.542#change#{"from":{"line":6,"ch":10,"sticky":null},"to":{"line":6,"ch":10,"sticky":null},"text":["p"],"removed":[""],"origin":"+input"}
2019-5-28 18:09:57.568#change#{"from":{"line":6,"ch":11,"sticky":null},"to":{"line":6,"ch":11,"sticky":null},"text":["e"],"removed":[""],"origin":"+input"}
2019-5-28 18:09:57.638#change#{"from":{"line":6,"ch":12,"sticky":null},"to":{"line":6,"ch":12,"sticky":null},"text":["r"],"removed":[""],"origin":"+input"}
2019-5-28 18:09:57.818#change#{"from":{"line":6,"ch":13,"sticky":null},"to":{"line":6,"ch":13,"sticky":null},"text":["()"],"removed":[""],"origin":"+input"}
2019-5-28 18:09:57.818#keyHandled#"'('"
2019-5-28 18:09:57.873#keyHandled#"')'"
2019-5-28 18:09:58.462#keyHandled#"Right"
2019-5-28 18:09:58.586#keyHandled#"Right"
2019-5-28 18:09:59.063#change#{"from":{"line":6,"ch":16,"sticky":"before","hitSide":true},"to":{"line":6,"ch":16,"sticky":"before","hitSide":true},"text":["",""],"removed":[""],"origin":"+input"}
2019-5-28 18:09:59.063#keyHandled#"Enter"
2019-5-28 18:09:59.077#viewportChange#0
2019-5-28 18:10:00.322#change#{"from":{"line":7,"ch":0,"sticky":null},"to":{"line":7,"ch":0,"sticky":null},"text":["p"],"removed":[""],"origin":"+input"}
2019-5-28 18:10:00.393#change#{"from":{"line":7,"ch":1,"sticky":null},"to":{"line":7,"ch":1,"sticky":null},"text":["r"],"removed":[""],"origin":"+input"}
2019-5-28 18:10:00.538#change#{"from":{"line":7,"ch":2,"sticky":null},"to":{"line":7,"ch":2,"sticky":null},"text":["i"],"removed":[""],"origin":"+input"}
2019-5-28 18:10:00.602#change#{"from":{"line":7,"ch":3,"sticky":null},"to":{"line":7,"ch":3,"sticky":null},"text":["n"],"removed":[""],"origin":"+input"}
2019-5-28 18:10:00.682#change#{"from":{"line":7,"ch":4,"sticky":null},"to":{"line":7,"ch":4,"sticky":null},"text":["t"],"removed":[""],"origin":"+input"}
2019-5-28 18:10:00.970#change#{"from":{"line":7,"ch":5,"sticky":null},"to":{"line":7,"ch":5,"sticky":null},"text":["()"],"removed":[""],"origin":"+input"}
2019-5-28 18:10:00.970#keyHandled#"'('"
2019-5-28 18:10:01.037#keyHandled#"')'"
2019-5-28 18:10:01.598#keyHandled#"Left"
2019-5-28 18:10:02.291#change#{"from":{"line":7,"ch":6,"sticky":"after"},"to":{"line":7,"ch":6,"sticky":"after"},"text":["5"],"removed":[""],"origin":"+input"}
2019-5-28 18:10:02.330#change#{"from":{"line":7,"ch":7,"sticky":null},"to":{"line":7,"ch":7,"sticky":null},"text":["0"],"removed":[""],"origin":"+input"}
2019-5-28 18:10:02.505#change#{"from":{"line":7,"ch":8,"sticky":null},"to":{"line":7,"ch":8,"sticky":null},"text":["0"],"removed":[""],"origin":"+input"}
2019-5-28 18:10:03.226#change#{"from":{"line":7,"ch":9,"sticky":null},"to":{"line":7,"ch":9,"sticky":null},"text":["*"],"removed":[""],"origin":"+input"}
2019-5-28 18:10:04.194#change#{"from":{"line":7,"ch":10,"sticky":null},"to":{"line":7,"ch":10,"sticky":null},"text":["n"],"removed":[""],"origin":"+input"}
2019-5-28 18:10:08.728#saida_testar#$ python3 main.py
2019-5-28 18:10:08.728#saida_testar#$ python3 main.py
2019-5-28 18:10:21.125#submit#Congratulations, your code is correct!
2019-5-28 19:22:05.501#mousedown#{"isTrusted":true}
2019-5-28 19:22:05.513#focus#
2019-5-28 19:22:05.878#mousedown#{"isTrusted":true}
2019-5-28 19:22:07.182#mousedown#{"isTrusted":true}
