== SUBMITION (2019-06-21 00:56:57) 
-- CODE:
from numpy import*

lista = array(eval(input()))
num = 0
for forca in lista:
	if(forca % 2 == 0):
		num += 1
saida = zeros(num, dtype=int)
indice = 0
for forca in lista:
	if(forca % 2 == 0):
		saida[indice] = forca
		indice += 1
print(saida)
-- EXECUTION TIME:
1.02314
-- TEST CASE 1:
---- input:
[120,130,140,150,160,170,180,190,201]
---- correct output:
[120 130 140 150 160 170 180 190]
---- user output:
[120 130 140 150 160 170 180 190]
-- TEST CASE 2:
---- input:
[131,180]
---- correct output:
[180]
---- user output:
[180]
-- TEST CASE 3:
---- input:
[333,567,899,214]
---- correct output:
[214]
---- user output:
[214]
-- GRADE:
100%
*-*-*-*-*-*-*-*-*-*-*-*-*-*-*-*-*-*-*-*-*-*-*-*
