== TEST (2019-04-09 14:17:56) 
-- CODE:
n1 = float(input("Digite um numero qualquer: "))
n2 = float(input("Digite um numero qualquer: "))
n3 = float(input("Digite um numero qualquer: "))

a = min(n1,n2,n3)
print(a)
-- OUTPUT:
35.0
*-*-*-*-*-*-*-*-*-*-*-*-*-*-*-*-*-*-*-*-*-*-*-*
== TEST (2019-04-09 14:18:39) 
-- CODE:
n1 = float(input("Digite um numero qualquer: "))
n2 = float(input("Digite um numero qualquer: "))
n3 = float(input("Digite um numero qualquer: "))

a = min(n1,n2,n3)
print(a)
b = max(n1,n2,n3)
print(b)
-- OUTPUT:
35.0
788.0
*-*-*-*-*-*-*-*-*-*-*-*-*-*-*-*-*-*-*-*-*-*-*-*
== TEST (2019-04-09 14:22:08) 
-- CODE:
n1 = float(input("Digite um numero qualquer: "))
n2 = float(input("Digite um numero qualquer: "))
n3 = float(input("Digite um numero qualquer: "))

a = min(n1,n2,n3)
b = max(n1,n2,n3)

if (n1 == a):
	print(a)

-- OUTPUT:
35.0
788.0
*-*-*-*-*-*-*-*-*-*-*-*-*-*-*-*-*-*-*-*-*-*-*-*
== TEST (2019-04-09 14:22:28) 
-- CODE:
n1 = float(input("Digite um numero qualquer: "))
n2 = float(input("Digite um numero qualquer: "))
n3 = float(input("Digite um numero qualquer: "))

a = min(n1,n2,n3)
b = max(n1,n2,n3)

if (n1 == a):
	print(a)

-- OUTPUT:
35.0
788.0
*-*-*-*-*-*-*-*-*-*-*-*-*-*-*-*-*-*-*-*-*-*-*-*
== TEST (2019-04-09 14:24:26) 
-- CODE:
n1 = float(input("Digite um numero qualquer: "))
n2 = float(input("Digite um numero qualquer: "))
n3 = float(input("Digite um numero qualquer: "))

a = min(n1,n2,n3)
b = max(n1,n2,n3)

if (n1 == a):
	print(a)
else:
	print(b)

-- OUTPUT:
788.0
*-*-*-*-*-*-*-*-*-*-*-*-*-*-*-*-*-*-*-*-*-*-*-*
== TEST (2019-04-09 14:24:56) 
-- CODE:
n1 = float(input("Digite um numero qualquer: "))
n2 = float(input("Digite um numero qualquer: "))
n3 = float(input("Digite um numero qualquer: "))

a = min(n1,n2,n3)
b = max(n1,n2,n3)

if (n1 == a):
	print(a)
else:
	print(b)

-- OUTPUT:
788.0
*-*-*-*-*-*-*-*-*-*-*-*-*-*-*-*-*-*-*-*-*-*-*-*
== TEST (2019-04-09 14:26:01) 
-- CODE:
n1 = float(input("Digite um numero qualquer: "))
n2 = float(input("Digite um numero qualquer: "))
n3 = float(input("Digite um numero qualquer: "))

a = min(n1,n2,n3)
b = max(n1,n2,n3)

if (n1 == a) and (n2 == a) and (n3 ==a) :
	print(a)
else:
	print(b)

-- OUTPUT:
788.0
*-*-*-*-*-*-*-*-*-*-*-*-*-*-*-*-*-*-*-*-*-*-*-*
== TEST (2019-04-09 14:26:31) 
-- CODE:
n1 = float(input("Digite um numero qualquer: "))
n2 = float(input("Digite um numero qualquer: "))
n3 = float(input("Digite um numero qualquer: "))

a = min(n1,n2,n3)
b = max(n1,n2,n3)

if (n1 == a):
	print(a)
else:
	print(a)

-- OUTPUT:
35.0
*-*-*-*-*-*-*-*-*-*-*-*-*-*-*-*-*-*-*-*-*-*-*-*
== SUBMITION (2019-04-09 14:26:37) 
-- CODE:
n1 = float(input("Digite um numero qualquer: "))
n2 = float(input("Digite um numero qualquer: "))
n3 = float(input("Digite um numero qualquer: "))

a = min(n1,n2,n3)
b = max(n1,n2,n3)

if (n1 == a):
	print(a)
else:
	print(a)

-- EXECUTION TIME:
0.15363
-- TEST CASE 1:
---- input:
258
788
35
---- correct output:
35
---- user output:
35.0
-- TEST CASE 2:
---- input:
99
55
77
---- correct output:
55
---- user output:
55.0
-- TEST CASE 3:
---- input:
123
456
789
---- correct output:
123
---- user output:
123.0
-- GRADE:
100%
*-*-*-*-*-*-*-*-*-*-*-*-*-*-*-*-*-*-*-*-*-*-*-*
== TEST (2019-04-09 14:27:50) 
-- CODE:
n1 = float(input("Digite um numero qualquer: "))
n2 = float(input("Digite um numero qualquer: "))
n3 = float(input("Digite um numero qualquer: "))

a = min(n1,n2,n3)

if (n1 == a):
	print(a)
else:
	print(a)

-- OUTPUT:
35.0
*-*-*-*-*-*-*-*-*-*-*-*-*-*-*-*-*-*-*-*-*-*-*-*
== TEST (2019-04-09 14:27:51) 
-- CODE:
n1 = float(input("Digite um numero qualquer: "))
n2 = float(input("Digite um numero qualquer: "))
n3 = float(input("Digite um numero qualquer: "))

a = min(n1,n2,n3)

if (n1 == a):
	print(a)
else:
	print(a)

-- OUTPUT:
35.0
*-*-*-*-*-*-*-*-*-*-*-*-*-*-*-*-*-*-*-*-*-*-*-*
== SUBMITION (2019-04-09 14:27:57) 
-- CODE:
n1 = float(input("Digite um numero qualquer: "))
n2 = float(input("Digite um numero qualquer: "))
n3 = float(input("Digite um numero qualquer: "))

a = min(n1,n2,n3)

if (n1 == a):
	print(a)
else:
	print(a)

-- EXECUTION TIME:
0.161127
-- TEST CASE 1:
---- input:
258
788
35
---- correct output:
35
---- user output:
35.0
-- TEST CASE 2:
---- input:
99
55
77
---- correct output:
55
---- user output:
55.0
-- TEST CASE 3:
---- input:
123
456
789
---- correct output:
123
---- user output:
123.0
-- GRADE:
100%
*-*-*-*-*-*-*-*-*-*-*-*-*-*-*-*-*-*-*-*-*-*-*-*
== SUBMITION (2019-04-09 14:31:03) 
-- CODE:
n1 = float(input("Digite um numero qualquer: "))
n2 = float(input("Digite um numero qualquer: "))
n3 = float(input("Digite um numero qualquer: "))

a = min(n1,n2,n3)

if (n1 == a):
	print(a)
else:
	print(a)

-- EXECUTION TIME:
0.145057
-- TEST CASE 1:
---- input:
258
788
35
---- correct output:
35
---- user output:
35.0
-- TEST CASE 2:
---- input:
99
55
77
---- correct output:
55
---- user output:
55.0
-- TEST CASE 3:
---- input:
123
456
789
---- correct output:
123
---- user output:
123.0
-- GRADE:
100%
*-*-*-*-*-*-*-*-*-*-*-*-*-*-*-*-*-*-*-*-*-*-*-*
