2019-3-14 08:58:49.140#viewportChange#0
2019-3-14 08:58:53.589#mousedown#{"isTrusted":true}
2019-3-14 08:58:53.608#focus#
2019-3-14 08:58:55.351#blur#
2019-3-14 08:59:27.060#mousedown#{"isTrusted":true}
2019-3-14 08:59:27.068#focus#
2019-3-14 08:59:36.701#mousedown#{"isTrusted":true}
2019-3-14 08:59:37.856#change#{"from":{"line":0,"ch":0,"sticky":"after","xRel":34.08331298828125},"to":{"line":0,"ch":0,"sticky":"after","xRel":34.08331298828125},"text":["p"],"removed":[""],"origin":"+input"}
2019-3-14 08:59:38.040#change#{"from":{"line":0,"ch":1,"sticky":null},"to":{"line":0,"ch":1,"sticky":null},"text":["r"],"removed":[""],"origin":"+input"}
2019-3-14 08:59:38.194#change#{"from":{"line":0,"ch":2,"sticky":null},"to":{"line":0,"ch":2,"sticky":null},"text":["i"],"removed":[""],"origin":"+input"}
2019-3-14 08:59:38.366#change#{"from":{"line":0,"ch":3,"sticky":null},"to":{"line":0,"ch":3,"sticky":null},"text":["n"],"removed":[""],"origin":"+input"}
2019-3-14 08:59:38.448#change#{"from":{"line":0,"ch":4,"sticky":null},"to":{"line":0,"ch":4,"sticky":null},"text":["t"],"removed":[""],"origin":"+input"}
2019-3-14 08:59:39.971#change#{"from":{"line":0,"ch":5,"sticky":null},"to":{"line":0,"ch":5,"sticky":null},"text":[" "],"removed":[""],"origin":"+input"}
2019-3-14 08:59:42.527#change#{"from":{"line":0,"ch":6,"sticky":null},"to":{"line":0,"ch":6,"sticky":null},"text":["()"],"removed":[""],"origin":"+input"}
2019-3-14 08:59:42.527#keyHandled#"'('"
2019-3-14 08:59:43.922#change#{"from":{"line":0,"ch":6,"sticky":null},"to":{"line":0,"ch":8,"sticky":null},"text":[""],"removed":["()"],"origin":"+delete"}
2019-3-14 08:59:43.922#keyHandled#"Backspace"
2019-3-14 08:59:44.081#change#{"from":{"line":0,"ch":5,"sticky":"after"},"to":{"line":0,"ch":6,"sticky":null},"text":[""],"removed":[" "],"origin":"+delete"}
2019-3-14 08:59:44.081#keyHandled#"Backspace"
2019-3-14 08:59:44.680#change#{"from":{"line":0,"ch":5,"sticky":null},"to":{"line":0,"ch":5,"sticky":null},"text":["()"],"removed":[""],"origin":"+input"}
2019-3-14 08:59:44.680#keyHandled#"'('"
2019-3-14 08:59:46.201#change#{"from":{"line":0,"ch":6,"sticky":"after"},"to":{"line":0,"ch":6,"sticky":"after"},"text":["\"\""],"removed":[""],"origin":"+input"}
2019-3-14 08:59:46.201#keyHandled#"'\"'"
2019-3-14 08:59:47.133#change#{"from":{"line":0,"ch":7,"sticky":"after"},"to":{"line":0,"ch":7,"sticky":"after"},"text":["a"],"removed":[""],"origin":"+input"}
2019-3-14 08:59:47.322#change#{"from":{"line":0,"ch":8,"sticky":null},"to":{"line":0,"ch":8,"sticky":null},"text":[" "],"removed":[""],"origin":"+input"}
2019-3-14 08:59:49.934#change#{"from":{"line":0,"ch":8,"sticky":"after"},"to":{"line":0,"ch":9,"sticky":null},"text":[""],"removed":[" "],"origin":"+delete"}
2019-3-14 08:59:49.934#keyHandled#"Backspace"
2019-3-14 08:59:51.228#change#{"from":{"line":0,"ch":7,"sticky":"after"},"to":{"line":0,"ch":8,"sticky":null},"text":[""],"removed":["a"],"origin":"+delete"}
2019-3-14 08:59:51.228#keyHandled#"Backspace"
2019-3-14 08:59:51.883#change#{"from":{"line":0,"ch":7,"sticky":null},"to":{"line":0,"ch":7,"sticky":null},"text":["A"],"removed":[""],"origin":"+input"}
2019-3-14 08:59:52.054#change#{"from":{"line":0,"ch":8,"sticky":null},"to":{"line":0,"ch":8,"sticky":null},"text":[" "],"removed":[""],"origin":"+input"}
2019-3-14 08:59:53.364#change#{"from":{"line":0,"ch":9,"sticky":null},"to":{"line":0,"ch":9,"sticky":null},"text":["U"],"removed":[""],"origin":"+input"}
2019-3-14 08:59:53.667#change#{"from":{"line":0,"ch":10,"sticky":null},"to":{"line":0,"ch":10,"sticky":null},"text":["F"],"removed":[""],"origin":"+input"}
2019-3-14 08:59:53.891#change#{"from":{"line":0,"ch":11,"sticky":null},"to":{"line":0,"ch":11,"sticky":null},"text":["A"],"removed":[""],"origin":"+input"}
2019-3-14 08:59:53.995#change#{"from":{"line":0,"ch":12,"sticky":null},"to":{"line":0,"ch":12,"sticky":null},"text":["M"],"removed":[""],"origin":"+input"}
2019-3-14 08:59:54.130#change#{"from":{"line":0,"ch":13,"sticky":null},"to":{"line":0,"ch":13,"sticky":null},"text":[" "],"removed":[""],"origin":"+input"}
2019-3-14 08:59:54.305#change#{"from":{"line":0,"ch":14,"sticky":null},"to":{"line":0,"ch":14,"sticky":null},"text":["T"],"removed":[""],"origin":"+input"}
2019-3-14 08:59:54.731#change#{"from":{"line":0,"ch":14,"sticky":"after"},"to":{"line":0,"ch":15,"sticky":null},"text":[""],"removed":["T"],"origin":"+delete"}
2019-3-14 08:59:54.731#keyHandled#"Backspace"
2019-3-14 08:59:55.391#change#{"from":{"line":0,"ch":14,"sticky":null},"to":{"line":0,"ch":14,"sticky":null},"text":["t"],"removed":[""],"origin":"+input"}
2019-3-14 08:59:55.626#change#{"from":{"line":0,"ch":15,"sticky":null},"to":{"line":0,"ch":15,"sticky":null},"text":["e"],"removed":[""],"origin":"+input"}
2019-3-14 08:59:55.719#change#{"from":{"line":0,"ch":16,"sticky":null},"to":{"line":0,"ch":16,"sticky":null},"text":["m"],"removed":[""],"origin":"+input"}
2019-3-14 09:00:02.509#change#{"from":{"line":0,"ch":17,"sticky":null},"to":{"line":0,"ch":17,"sticky":null},"text":[" "],"removed":[""],"origin":"+input"}
2019-3-14 09:00:04.377#change#{"from":{"line":0,"ch":18,"sticky":null},"to":{"line":0,"ch":18,"sticky":null},"text":["1"],"removed":[""],"origin":"+input"}
2019-3-14 09:00:04.596#change#{"from":{"line":0,"ch":19,"sticky":null},"to":{"line":0,"ch":19,"sticky":null},"text":["0"],"removed":[""],"origin":"+input"}
2019-3-14 09:00:04.950#change#{"from":{"line":0,"ch":20,"sticky":null},"to":{"line":0,"ch":20,"sticky":null},"text":["7"],"removed":[""],"origin":"+input"}
2019-3-14 09:00:06.264#change#{"from":{"line":0,"ch":21,"sticky":null},"to":{"line":0,"ch":21,"sticky":null},"text":[" "],"removed":[""],"origin":"+input"}
2019-3-14 09:00:06.517#change#{"from":{"line":0,"ch":22,"sticky":null},"to":{"line":0,"ch":22,"sticky":null},"text":["a"],"removed":[""],"origin":"+input"}
2019-3-14 09:00:06.683#change#{"from":{"line":0,"ch":23,"sticky":null},"to":{"line":0,"ch":23,"sticky":null},"text":["n"],"removed":[""],"origin":"+input"}
2019-3-14 09:00:07.196#change#{"from":{"line":0,"ch":24,"sticky":null},"to":{"line":0,"ch":24,"sticky":null},"text":["o"],"removed":[""],"origin":"+input"}
2019-3-14 09:00:07.356#change#{"from":{"line":0,"ch":25,"sticky":null},"to":{"line":0,"ch":25,"sticky":null},"text":["s"],"removed":[""],"origin":"+input"}
2019-3-14 09:00:07.485#change#{"from":{"line":0,"ch":26,"sticky":null},"to":{"line":0,"ch":26,"sticky":null},"text":[" "],"removed":[""],"origin":"+input"}
2019-3-14 09:00:07.619#change#{"from":{"line":0,"ch":27,"sticky":null},"to":{"line":0,"ch":27,"sticky":null},"text":["d"],"removed":[""],"origin":"+input"}
2019-3-14 09:00:07.795#change#{"from":{"line":0,"ch":28,"sticky":null},"to":{"line":0,"ch":28,"sticky":null},"text":["e"],"removed":[""],"origin":"+input"}
2019-3-14 09:00:07.917#change#{"from":{"line":0,"ch":29,"sticky":null},"to":{"line":0,"ch":29,"sticky":null},"text":[" "],"removed":[""],"origin":"+input"}
2019-3-14 09:00:08.541#change#{"from":{"line":0,"ch":30,"sticky":null},"to":{"line":0,"ch":30,"sticky":null},"text":["f"],"removed":[""],"origin":"+input"}
2019-3-14 09:00:08.657#change#{"from":{"line":0,"ch":31,"sticky":null},"to":{"line":0,"ch":31,"sticky":null},"text":["u"],"removed":[""],"origin":"+input"}
2019-3-14 09:00:08.825#change#{"from":{"line":0,"ch":32,"sticky":null},"to":{"line":0,"ch":32,"sticky":null},"text":["n"],"removed":[""],"origin":"+input"}
2019-3-14 09:00:08.943#change#{"from":{"line":0,"ch":33,"sticky":null},"to":{"line":0,"ch":33,"sticky":null},"text":["c"],"removed":[""],"origin":"+input"}
2019-3-14 09:00:09.265#change#{"from":{"line":0,"ch":33,"sticky":"after"},"to":{"line":0,"ch":34,"sticky":null},"text":[""],"removed":["c"],"origin":"+delete"}
2019-3-14 09:00:09.265#keyHandled#"Backspace"
2019-3-14 09:00:09.381#change#{"from":{"line":0,"ch":33,"sticky":null},"to":{"line":0,"ch":33,"sticky":null},"text":["d"],"removed":[""],"origin":"+input"}
2019-3-14 09:00:09.483#change#{"from":{"line":0,"ch":34,"sticky":null},"to":{"line":0,"ch":34,"sticky":null},"text":["a"],"removed":[""],"origin":"+input"}
2019-3-14 09:00:09.642#change#{"from":{"line":0,"ch":35,"sticky":null},"to":{"line":0,"ch":35,"sticky":null},"text":["c"],"removed":[""],"origin":"+input"}
2019-3-14 09:00:09.781#change#{"from":{"line":0,"ch":36,"sticky":null},"to":{"line":0,"ch":36,"sticky":null},"text":["a"],"removed":[""],"origin":"+input"}
2019-3-14 09:00:10.354#change#{"from":{"line":0,"ch":36,"sticky":"after"},"to":{"line":0,"ch":37,"sticky":null},"text":[""],"removed":["a"],"origin":"+delete"}
2019-3-14 09:00:10.354#keyHandled#"Backspace"
2019-3-14 09:00:10.509#change#{"from":{"line":0,"ch":35,"sticky":"after"},"to":{"line":0,"ch":36,"sticky":null},"text":[""],"removed":["c"],"origin":"+delete"}
2019-3-14 09:00:10.509#keyHandled#"Backspace"
2019-3-14 09:00:11.189#change#{"from":{"line":0,"ch":35,"sticky":null},"to":{"line":0,"ch":35,"sticky":null},"text":["ç"],"removed":[""],"origin":"+input"}
2019-3-14 09:00:12.159#change#{"from":{"line":0,"ch":36,"sticky":null},"to":{"line":0,"ch":36,"sticky":null},"text":["ã"],"removed":[""],"origin":"*compose"}
2019-3-14 09:00:12.419#change#{"from":{"line":0,"ch":37,"sticky":null},"to":{"line":0,"ch":37,"sticky":null},"text":["o"],"removed":[""],"origin":"+input"}
2019-3-14 09:00:12.159#change#{"from":{"line":0,"ch":36,"sticky":null},"to":{"line":0,"ch":36,"sticky":null},"text":["ã"],"removed":[""],"origin":"*compose"}
2019-3-14 09:00:12.419#change#{"from":{"line":0,"ch":37,"sticky":null},"to":{"line":0,"ch":37,"sticky":null},"text":["o"],"removed":[""],"origin":"+input"}
2019-3-14 09:00:15.316#submit#Your code did not produce the correct output. Please, correct your code and try again.
2019-3-14 09:00:15.316#submit#Your code did not produce the correct output. Please, correct your code and try again.
2019-3-14 09:00:15.316#submit#Your code did not produce the correct output. Please, correct your code and try again.
2019-3-14 09:00:16.501#submit#Your code did not produce the correct output. Please, correct your code and try again.
2019-3-14 09:00:16.501#submit#Your code did not produce the correct output. Please, correct your code and try again.
2019-3-14 09:00:16.661#submit#Your code did not produce the correct output. Please, correct your code and try again.
2019-3-14 09:00:16.829#submit#Your code did not produce the correct output. Please, correct your code and try again.
2019-3-14 09:00:20.218#change#{"from":{"line":0,"ch":37,"sticky":"after"},"to":{"line":0,"ch":38,"sticky":null},"text":[""],"removed":["o"],"origin":"+delete"}
2019-3-14 09:00:20.218#keyHandled#"Backspace"
2019-3-14 09:00:20.338#change#{"from":{"line":0,"ch":36,"sticky":"after"},"to":{"line":0,"ch":37,"sticky":null},"text":[""],"removed":["ã"],"origin":"+delete"}
2019-3-14 09:00:20.338#keyHandled#"Backspace"
2019-3-14 09:00:20.715#change#{"from":{"line":0,"ch":35,"sticky":"after"},"to":{"line":0,"ch":36,"sticky":null},"text":[""],"removed":["ç"],"origin":"+delete"}
2019-3-14 09:00:20.715#keyHandled#"Backspace"
2019-3-14 09:00:21.517#change#{"from":{"line":0,"ch":35,"sticky":null},"to":{"line":0,"ch":35,"sticky":null},"text":["c"],"removed":[""],"origin":"+input"}
2019-3-14 09:00:21.655#change#{"from":{"line":0,"ch":36,"sticky":null},"to":{"line":0,"ch":36,"sticky":null},"text":["a"],"removed":[""],"origin":"+input"}
2019-3-14 09:00:21.742#change#{"from":{"line":0,"ch":37,"sticky":null},"to":{"line":0,"ch":37,"sticky":null},"text":["o"],"removed":[""],"origin":"+input"}
2019-3-14 09:00:21.517#change#{"from":{"line":0,"ch":35,"sticky":null},"to":{"line":0,"ch":35,"sticky":null},"text":["c"],"removed":[""],"origin":"+input"}
2019-3-14 09:00:21.655#change#{"from":{"line":0,"ch":36,"sticky":null},"to":{"line":0,"ch":36,"sticky":null},"text":["a"],"removed":[""],"origin":"+input"}
2019-3-14 09:00:21.742#change#{"from":{"line":0,"ch":37,"sticky":null},"to":{"line":0,"ch":37,"sticky":null},"text":["o"],"removed":[""],"origin":"+input"}
2019-3-14 09:00:22.846#submit#Your code did not produce the correct output. Please, correct your code and try again.
2019-3-14 09:00:22.846#submit#Your code did not produce the correct output. Please, correct your code and try again.
2019-3-14 09:00:22.846#submit#Your code did not produce the correct output. Please, correct your code and try again.
2019-3-14 09:00:24.712#submit#Your code did not produce the correct output. Please, correct your code and try again.
2019-3-14 09:00:24.844#submit#Your code did not produce the correct output. Please, correct your code and try again.
2019-3-14 09:00:24.712#submit#Your code did not produce the correct output. Please, correct your code and try again.
2019-3-14 09:00:24.844#submit#Your code did not produce the correct output. Please, correct your code and try again.
2019-3-14 09:00:24.712#submit#Your code did not produce the correct output. Please, correct your code and try again.
2019-3-14 09:00:24.844#submit#Your code did not produce the correct output. Please, correct your code and try again.
2019-3-14 09:00:27.523#submit#Your code did not produce the correct output. Please, correct your code and try again.
2019-3-14 09:00:37.335#change#{"from":{"line":0,"ch":38,"sticky":null},"to":{"line":0,"ch":38,"sticky":null},"text":["."],"removed":[""],"origin":"+input"}
