== SUBMITION (2019-05-11 15:36:09) 
-- CODE:
n1 = input("Nome 1: ")
n2 = input("Nome 2: ")

if (n1.upper() > n2.upper()):
	print(n2)
	print(n1)
else:
	print(n1)
	print(n2)
-- EXECUTION TIME:
0.187251
-- TEST CASE 1:
---- input:
Ada
Leon
---- correct output:
Ada
Leon
---- user output:
Ada
Leon
-- TEST CASE 2:
---- input:
Marcos
Demetrius
---- correct output:
Demetrius
Marcos
---- user output:
Demetrius
Marcos
-- TEST CASE 3:
---- input:
WILSON
george
---- correct output:
george
WILSON
---- user output:
george
WILSON
-- GRADE:
100%
*-*-*-*-*-*-*-*-*-*-*-*-*-*-*-*-*-*-*-*-*-*-*-*
