2019-3-12 19:38:35.165#viewportChange#0
2019-3-12 19:38:47.743#mousedown#{"isTrusted":true}
2019-3-12 19:38:47.753#focus#
2019-3-12 19:38:50.327#change#{"from":{"line":0,"ch":0,"sticky":"after","xRel":60.08331298828125},"to":{"line":0,"ch":0,"sticky":"after","xRel":60.08331298828125},"text":["p"],"removed":[""],"origin":"+input"}
2019-3-12 19:38:50.702#change#{"from":{"line":0,"ch":1,"sticky":null},"to":{"line":0,"ch":1,"sticky":null},"text":["r"],"removed":[""],"origin":"+input"}
2019-3-12 19:38:50.901#change#{"from":{"line":0,"ch":2,"sticky":null},"to":{"line":0,"ch":2,"sticky":null},"text":["i"],"removed":[""],"origin":"+input"}
2019-3-12 19:38:51.506#change#{"from":{"line":0,"ch":4,"sticky":null},"to":{"line":0,"ch":4,"sticky":null},"text":["t"],"removed":[""],"origin":"+input"}
2019-3-12 19:38:54.524#change#{"from":{"line":0,"ch":5,"sticky":null},"to":{"line":0,"ch":5,"sticky":null},"text":["()"],"removed":[""],"origin":"+input"}
2019-3-12 19:38:54.524#keyHandled#"'('"
2019-3-12 19:39:13.840#change#{"from":{"line":0,"ch":6,"sticky":"after"},"to":{"line":0,"ch":6,"sticky":"after"},"text":["9"],"removed":[""],"origin":"+input"}
2019-3-12 19:39:14.872#change#{"from":{"line":0,"ch":7,"sticky":null},"to":{"line":0,"ch":7,"sticky":null},"text":["0"],"removed":[""],"origin":"+input"}
2019-3-12 19:39:15.964#change#{"from":{"line":0,"ch":8,"sticky":null},"to":{"line":0,"ch":8,"sticky":null},"text":["-"],"removed":[""],"origin":"+input"}
2019-3-12 19:39:17.584#change#{"from":{"line":0,"ch":9,"sticky":null},"to":{"line":0,"ch":9,"sticky":null},"text":["5"],"removed":[""],"origin":"+input"}
2019-3-12 19:39:17.935#change#{"from":{"line":0,"ch":10,"sticky":null},"to":{"line":0,"ch":10,"sticky":null},"text":["5"],"removed":[""],"origin":"+input"}
2019-3-12 19:39:20.027#keyHandled#"')'"
2019-3-12 19:39:33.145#blur#
2019-3-12 19:39:33.145#blur#
2019-3-14 19:38:53.987#viewportChange#0
2019-3-14 19:38:53.987#viewportChange#0
2019-3-14 19:38:57.800#submit#Congratulations, your code is correct!
2019-3-14 19:38:57.800#submit#Congratulations, your code is correct!
2019-3-14 19:51:53.015#submit#Congratulations, your code is correct!
