== TEST (2019-04-09 09:17:13) 
-- CODE:
# Teste seu código aos poucos.
# Não teste tudo no final, pois fica mais difícil de identificar erros.
# Use as mensagens de erro para corrigir seu código.
x = float(input("Cordenada x do ponto P:"))
y = float(input("Cordenada y do ponto P:"))
reta = (2*x) + y

if (reta == 3):
	mensagem = "ponto pertence a reta."
	print(mensagem)
else:
	mensagem = " ponto nao pertence a reta."
	print(mensagem)

-- OUTPUT:
ponto pertence a reta.
*-*-*-*-*-*-*-*-*-*-*-*-*-*-*-*-*-*-*-*-*-*-*-*
== SUBMITION (2019-04-09 09:18:33) 
-- CODE:
# Teste seu código aos poucos.
# Não teste tudo no final, pois fica mais difícil de identificar erros.
# Use as mensagens de erro para corrigir seu código.
x = float(input("Cordenada x do ponto P:"))
y = float(input("Cordenada y do ponto P:"))
reta = (2*x) + y

if (reta == 3):
	mensagem = "ponto pertence a reta."
	print(mensagem)
else:
	mensagem = " ponto nao pertence a reta."
	print(mensagem)

-- EXECUTION TIME:
0.182382
-- TEST CASE 1:
---- input:
20
-37
---- correct output:
ponto pertence a reta
---- user output:
ponto pertence a reta.
-- TEST CASE 2:
---- input:
5
13
---- correct output:
ponto nao pertence a reta
---- user output:
ponto nao pertence a reta.
-- GRADE:
0%
*-*-*-*-*-*-*-*-*-*-*-*-*-*-*-*-*-*-*-*-*-*-*-*
== SUBMITION (2019-04-09 09:19:23) 
-- CODE:
# Teste seu código aos poucos.
# Não teste tudo no final, pois fica mais difícil de identificar erros.
# Use as mensagens de erro para corrigir seu código.
x = float(input("Cordenada x do ponto P:"))
y = float(input("Cordenada y do ponto P:"))
reta = (2*x) + y

if (reta == 3):
	mensagem = "ponto pertence a reta."
	print(mensagem.lower())
else:
	mensagem = " ponto nao pertence a reta."
	print(mensagem.lower())

-- EXECUTION TIME:
0.174413
-- TEST CASE 1:
---- input:
20
-37
---- correct output:
ponto pertence a reta
---- user output:
ponto pertence a reta.
-- TEST CASE 2:
---- input:
5
13
---- correct output:
ponto nao pertence a reta
---- user output:
ponto nao pertence a reta.
-- GRADE:
0%
*-*-*-*-*-*-*-*-*-*-*-*-*-*-*-*-*-*-*-*-*-*-*-*
== SUBMITION (2019-04-09 09:19:26) 
-- CODE:
# Teste seu código aos poucos.
# Não teste tudo no final, pois fica mais difícil de identificar erros.
# Use as mensagens de erro para corrigir seu código.
x = float(input("Cordenada x do ponto P:"))
y = float(input("Cordenada y do ponto P:"))
reta = (2*x) + y

if (reta == 3):
	mensagem = "ponto pertence a reta."
	print(mensagem.lower())
else:
	mensagem = " ponto nao pertence a reta."
	print(mensagem.lower())

-- EXECUTION TIME:
0.146609
-- TEST CASE 1:
---- input:
20
-37
---- correct output:
ponto pertence a reta
---- user output:
ponto pertence a reta.
-- TEST CASE 2:
---- input:
5
13
---- correct output:
ponto nao pertence a reta
---- user output:
ponto nao pertence a reta.
-- GRADE:
0%
*-*-*-*-*-*-*-*-*-*-*-*-*-*-*-*-*-*-*-*-*-*-*-*
== SUBMITION (2019-04-09 09:19:47) 
-- CODE:
# Teste seu código aos poucos.
# Não teste tudo no final, pois fica mais difícil de identificar erros.
# Use as mensagens de erro para corrigir seu código.
x = float(input("Cordenada x do ponto P:"))
y = float(input("Cordenada y do ponto P:"))
reta = (2*x) + y

if (reta == 3):
	mensagem = " ponto pertence a reta."
	print(mensagem.lower())
else:
	mensagem = " ponto nao pertence a reta."
	print(mensagem.lower())

-- EXECUTION TIME:
0.182572
-- TEST CASE 1:
---- input:
20
-37
---- correct output:
ponto pertence a reta
---- user output:
ponto pertence a reta.
-- TEST CASE 2:
---- input:
5
13
---- correct output:
ponto nao pertence a reta
---- user output:
ponto nao pertence a reta.
-- GRADE:
0%
*-*-*-*-*-*-*-*-*-*-*-*-*-*-*-*-*-*-*-*-*-*-*-*
== SUBMITION (2019-04-09 09:19:48) 
-- CODE:
# Teste seu código aos poucos.
# Não teste tudo no final, pois fica mais difícil de identificar erros.
# Use as mensagens de erro para corrigir seu código.
x = float(input("Cordenada x do ponto P:"))
y = float(input("Cordenada y do ponto P:"))
reta = (2*x) + y

if (reta == 3):
	mensagem = " ponto pertence a reta."
	print(mensagem.lower())
else:
	mensagem = " ponto nao pertence a reta."
	print(mensagem.lower())

-- EXECUTION TIME:
0.139613
-- TEST CASE 1:
---- input:
20
-37
---- correct output:
ponto pertence a reta
---- user output:
ponto pertence a reta.
-- TEST CASE 2:
---- input:
5
13
---- correct output:
ponto nao pertence a reta
---- user output:
ponto nao pertence a reta.
-- GRADE:
0%
*-*-*-*-*-*-*-*-*-*-*-*-*-*-*-*-*-*-*-*-*-*-*-*
== TEST (2019-04-09 09:19:52) 
-- CODE:
# Teste seu código aos poucos.
# Não teste tudo no final, pois fica mais difícil de identificar erros.
# Use as mensagens de erro para corrigir seu código.
x = float(input("Cordenada x do ponto P:"))
y = float(input("Cordenada y do ponto P:"))
reta = (2*x) + y

if (reta == 3):
	mensagem = " ponto pertence a reta."
	print(mensagem.lower())
else:
	mensagem = " ponto nao pertence a reta."
	print(mensagem.lower())

-- OUTPUT:
ponto pertence a reta.
*-*-*-*-*-*-*-*-*-*-*-*-*-*-*-*-*-*-*-*-*-*-*-*
== SUBMITION (2019-04-09 09:20:13) 
-- CODE:
# Teste seu código aos poucos.
# Não teste tudo no final, pois fica mais difícil de identificar erros.
# Use as mensagens de erro para corrigir seu código.
x = float(input("Cordenada x do ponto P:"))
y = float(input("Cordenada y do ponto P:"))
reta = (2*x) + y

if (reta == 3):
	mensagem = " ponto pertence a reta"
	print(mensagem.lower())
else:
	mensagem = " ponto nao pertence a reta"
	print(mensagem.lower())

-- EXECUTION TIME:
0.141238
-- TEST CASE 1:
---- input:
20
-37
---- correct output:
ponto pertence a reta
---- user output:
ponto pertence a reta
-- TEST CASE 2:
---- input:
5
13
---- correct output:
ponto nao pertence a reta
---- user output:
ponto nao pertence a reta
-- GRADE:
100%
*-*-*-*-*-*-*-*-*-*-*-*-*-*-*-*-*-*-*-*-*-*-*-*
