2019-3-26 18:34:39.824#viewportChange#0
2019-3-26 18:35:02.604#mousedown#{"isTrusted":true}
2019-3-26 18:35:02.627#focus#
2019-3-26 18:35:02.956#change#{"from":{"line":0,"ch":0,"sticky":"after","xRel":33.08331298828125},"to":{"line":0,"ch":0,"sticky":"after","xRel":33.08331298828125},"text":["a"],"removed":[""],"origin":"+input"}
2019-3-26 18:35:04.036#change#{"from":{"line":0,"ch":1,"sticky":null},"to":{"line":0,"ch":1,"sticky":null},"text":["="],"removed":[""],"origin":"+input"}
2019-3-26 18:35:09.702#change#{"from":{"line":0,"ch":2,"sticky":null},"to":{"line":0,"ch":2,"sticky":null},"text":["f"],"removed":[""],"origin":"+input"}
2019-3-26 18:35:09.882#change#{"from":{"line":0,"ch":3,"sticky":null},"to":{"line":0,"ch":3,"sticky":null},"text":["l"],"removed":[""],"origin":"+input"}
2019-3-26 18:35:10.042#change#{"from":{"line":0,"ch":4,"sticky":null},"to":{"line":0,"ch":4,"sticky":null},"text":["o"],"removed":[""],"origin":"+input"}
2019-3-26 18:35:10.154#change#{"from":{"line":0,"ch":5,"sticky":null},"to":{"line":0,"ch":5,"sticky":null},"text":["a"],"removed":[""],"origin":"+input"}
2019-3-26 18:35:10.476#change#{"from":{"line":0,"ch":6,"sticky":null},"to":{"line":0,"ch":6,"sticky":null},"text":["t"],"removed":[""],"origin":"+input"}
2019-3-26 18:35:11.859#change#{"from":{"line":0,"ch":7,"sticky":null},"to":{"line":0,"ch":7,"sticky":null},"text":["()"],"removed":[""],"origin":"+input"}
2019-3-26 18:35:11.859#keyHandled#"'('"
2019-3-26 18:35:12.187#change#{"from":{"line":0,"ch":8,"sticky":"after"},"to":{"line":0,"ch":8,"sticky":"after"},"text":["i"],"removed":[""],"origin":"+input"}
2019-3-26 18:35:12.399#change#{"from":{"line":0,"ch":9,"sticky":null},"to":{"line":0,"ch":9,"sticky":null},"text":["n"],"removed":[""],"origin":"+input"}
2019-3-26 18:35:12.676#change#{"from":{"line":0,"ch":10,"sticky":null},"to":{"line":0,"ch":10,"sticky":null},"text":["p"],"removed":[""],"origin":"+input"}
2019-3-26 18:35:12.944#change#{"from":{"line":0,"ch":11,"sticky":null},"to":{"line":0,"ch":11,"sticky":null},"text":["u"],"removed":[""],"origin":"+input"}
2019-3-26 18:35:13.088#change#{"from":{"line":0,"ch":12,"sticky":null},"to":{"line":0,"ch":12,"sticky":null},"text":["t"],"removed":[""],"origin":"+input"}
2019-3-26 18:35:14.155#change#{"from":{"line":0,"ch":13,"sticky":null},"to":{"line":0,"ch":13,"sticky":null},"text":["()"],"removed":[""],"origin":"+input"}
2019-3-26 18:35:14.155#keyHandled#"'('"
2019-3-26 18:35:16.884#change#{"from":{"line":0,"ch":14,"sticky":"after"},"to":{"line":0,"ch":14,"sticky":"after"},"text":["\"\""],"removed":[""],"origin":"+input"}
2019-3-26 18:35:16.884#keyHandled#"'\"'"
2019-3-26 18:35:17.615#change#{"from":{"line":0,"ch":15,"sticky":"after"},"to":{"line":0,"ch":15,"sticky":"after"},"text":["N"],"removed":[""],"origin":"+input"}
2019-3-26 18:35:17.913#change#{"from":{"line":0,"ch":16,"sticky":null},"to":{"line":0,"ch":16,"sticky":null},"text":["o"],"removed":[""],"origin":"+input"}
2019-3-26 18:35:18.688#change#{"from":{"line":0,"ch":17,"sticky":null},"to":{"line":0,"ch":17,"sticky":null},"text":["t"],"removed":[""],"origin":"+input"}
2019-3-26 18:35:19.034#change#{"from":{"line":0,"ch":18,"sticky":null},"to":{"line":0,"ch":18,"sticky":null},"text":["a"],"removed":[""],"origin":"+input"}
2019-3-26 18:35:19.916#change#{"from":{"line":0,"ch":19,"sticky":null},"to":{"line":0,"ch":19,"sticky":null},"text":["1"],"removed":[""],"origin":"+input"}
2019-3-26 18:35:21.173#change#{"from":{"line":0,"ch":19,"sticky":"after"},"to":{"line":0,"ch":20,"sticky":null},"text":[""],"removed":["1"],"origin":"+delete"}
2019-3-26 18:35:21.173#keyHandled#"Backspace"
2019-3-26 18:35:21.681#change#{"from":{"line":0,"ch":19,"sticky":null},"to":{"line":0,"ch":19,"sticky":null},"text":["1"],"removed":[""],"origin":"+input"}
2019-3-26 18:35:23.100#change#{"from":{"line":0,"ch":20,"sticky":null},"to":{"line":0,"ch":20,"sticky":null},"text":[":"],"removed":[""],"origin":"+input"}
2019-3-26 18:35:25.756#mousedown#{"isTrusted":true}
2019-3-26 18:35:27.862#change#{"from":{"line":0,"ch":24,"sticky":null,"xRel":1,"outside":true},"to":{"line":0,"ch":24,"sticky":null,"xRel":1,"outside":true},"text":["",""],"removed":[""],"origin":"+input"}
2019-3-26 18:35:27.862#keyHandled#"Enter"
2019-3-26 18:35:27.876#viewportChange#0
2019-3-26 18:35:29.456#change#{"from":{"line":1,"ch":0,"sticky":null},"to":{"line":1,"ch":0,"sticky":null},"text":["b"],"removed":[""],"origin":"+input"}
2019-3-26 18:35:30.535#change#{"from":{"line":1,"ch":1,"sticky":null},"to":{"line":1,"ch":1,"sticky":null},"text":["="],"removed":[""],"origin":"+input"}
2019-3-26 18:35:31.412#change#{"from":{"line":1,"ch":2,"sticky":null},"to":{"line":1,"ch":2,"sticky":null},"text":["f"],"removed":[""],"origin":"+input"}
2019-3-26 18:35:31.576#change#{"from":{"line":1,"ch":3,"sticky":null},"to":{"line":1,"ch":3,"sticky":null},"text":["l"],"removed":[""],"origin":"+input"}
2019-3-26 18:35:31.763#change#{"from":{"line":1,"ch":4,"sticky":null},"to":{"line":1,"ch":4,"sticky":null},"text":["o"],"removed":[""],"origin":"+input"}
2019-3-26 18:35:31.908#change#{"from":{"line":1,"ch":5,"sticky":null},"to":{"line":1,"ch":5,"sticky":null},"text":["a"],"removed":[""],"origin":"+input"}
2019-3-26 18:35:32.116#change#{"from":{"line":1,"ch":6,"sticky":null},"to":{"line":1,"ch":6,"sticky":null},"text":["t"],"removed":[""],"origin":"+input"}
2019-3-26 18:35:33.387#change#{"from":{"line":1,"ch":7,"sticky":null},"to":{"line":1,"ch":7,"sticky":null},"text":["()"],"removed":[""],"origin":"+input"}
2019-3-26 18:35:33.387#keyHandled#"'('"
2019-3-26 18:35:34.642#change#{"from":{"line":1,"ch":8,"sticky":"after"},"to":{"line":1,"ch":8,"sticky":"after"},"text":["i"],"removed":[""],"origin":"+input"}
2019-3-26 18:35:34.878#change#{"from":{"line":1,"ch":9,"sticky":null},"to":{"line":1,"ch":9,"sticky":null},"text":["n"],"removed":[""],"origin":"+input"}
2019-3-26 18:35:35.430#change#{"from":{"line":1,"ch":10,"sticky":null},"to":{"line":1,"ch":10,"sticky":null},"text":["p"],"removed":[""],"origin":"+input"}
2019-3-26 18:35:35.733#change#{"from":{"line":1,"ch":11,"sticky":null},"to":{"line":1,"ch":11,"sticky":null},"text":["u"],"removed":[""],"origin":"+input"}
2019-3-26 18:35:36.890#change#{"from":{"line":1,"ch":12,"sticky":null},"to":{"line":1,"ch":12,"sticky":null},"text":["t"],"removed":[""],"origin":"+input"}
2019-3-26 18:35:38.353#change#{"from":{"line":1,"ch":13,"sticky":null},"to":{"line":1,"ch":13,"sticky":null},"text":["()"],"removed":[""],"origin":"+input"}
2019-3-26 18:35:38.353#keyHandled#"'('"
2019-3-26 18:35:39.305#change#{"from":{"line":1,"ch":14,"sticky":"after"},"to":{"line":1,"ch":14,"sticky":"after"},"text":["\"\""],"removed":[""],"origin":"+input"}
2019-3-26 18:35:39.305#keyHandled#"'\"'"
2019-3-26 18:35:40.086#change#{"from":{"line":1,"ch":15,"sticky":"after"},"to":{"line":1,"ch":15,"sticky":"after"},"text":["N"],"removed":[""],"origin":"+input"}
2019-3-26 18:35:40.332#change#{"from":{"line":1,"ch":16,"sticky":null},"to":{"line":1,"ch":16,"sticky":null},"text":["o"],"removed":[""],"origin":"+input"}
2019-3-26 18:35:40.591#change#{"from":{"line":1,"ch":17,"sticky":null},"to":{"line":1,"ch":17,"sticky":null},"text":["o"],"removed":[""],"origin":"+input"}
2019-3-26 18:35:41.130#change#{"from":{"line":1,"ch":17,"sticky":"after"},"to":{"line":1,"ch":18,"sticky":null},"text":[""],"removed":["o"],"origin":"+delete"}
2019-3-26 18:35:41.130#keyHandled#"Backspace"
2019-3-26 18:35:41.282#change#{"from":{"line":1,"ch":17,"sticky":null},"to":{"line":1,"ch":17,"sticky":null},"text":["t"],"removed":[""],"origin":"+input"}
2019-3-26 18:35:42.253#change#{"from":{"line":1,"ch":18,"sticky":null},"to":{"line":1,"ch":18,"sticky":null},"text":["a"],"removed":[""],"origin":"+input"}
2019-3-26 18:35:42.519#change#{"from":{"line":1,"ch":19,"sticky":null},"to":{"line":1,"ch":19,"sticky":null},"text":["2"],"removed":[""],"origin":"+input"}
2019-3-26 18:35:44.515#change#{"from":{"line":1,"ch":20,"sticky":null},"to":{"line":1,"ch":20,"sticky":null},"text":[":"],"removed":[""],"origin":"+input"}
2019-3-26 18:35:46.768#mousedown#{"isTrusted":true}
2019-3-26 18:35:47.608#change#{"from":{"line":1,"ch":24,"sticky":"before","xRel":9.08331298828125},"to":{"line":1,"ch":24,"sticky":"before","xRel":9.08331298828125},"text":["",""],"removed":[""],"origin":"+input"}
2019-3-26 18:35:47.608#keyHandled#"Enter"
2019-3-26 18:35:47.621#viewportChange#0
2019-3-26 18:35:48.350#change#{"from":{"line":2,"ch":0,"sticky":null},"to":{"line":2,"ch":0,"sticky":null},"text":["c"],"removed":[""],"origin":"+input"}
2019-3-26 18:35:49.500#change#{"from":{"line":2,"ch":1,"sticky":null},"to":{"line":2,"ch":1,"sticky":null},"text":["="],"removed":[""],"origin":"+input"}
2019-3-26 18:35:50.750#change#{"from":{"line":2,"ch":2,"sticky":null},"to":{"line":2,"ch":2,"sticky":null},"text":["f"],"removed":[""],"origin":"+input"}
2019-3-26 18:35:50.877#change#{"from":{"line":2,"ch":3,"sticky":null},"to":{"line":2,"ch":3,"sticky":null},"text":["l"],"removed":[""],"origin":"+input"}
2019-3-26 18:35:51.071#change#{"from":{"line":2,"ch":4,"sticky":null},"to":{"line":2,"ch":4,"sticky":null},"text":["o"],"removed":[""],"origin":"+input"}
2019-3-26 18:35:51.293#change#{"from":{"line":2,"ch":5,"sticky":null},"to":{"line":2,"ch":5,"sticky":null},"text":["a"],"removed":[""],"origin":"+input"}
2019-3-26 18:35:51.443#change#{"from":{"line":2,"ch":6,"sticky":null},"to":{"line":2,"ch":6,"sticky":null},"text":["t"],"removed":[""],"origin":"+input"}
2019-3-26 18:35:52.707#change#{"from":{"line":2,"ch":7,"sticky":null},"to":{"line":2,"ch":7,"sticky":null},"text":["()"],"removed":[""],"origin":"+input"}
2019-3-26 18:35:52.707#keyHandled#"'('"
2019-3-26 18:35:52.981#change#{"from":{"line":2,"ch":8,"sticky":"after"},"to":{"line":2,"ch":8,"sticky":"after"},"text":["i"],"removed":[""],"origin":"+input"}
2019-3-26 18:35:53.199#change#{"from":{"line":2,"ch":9,"sticky":null},"to":{"line":2,"ch":9,"sticky":null},"text":["n"],"removed":[""],"origin":"+input"}
2019-3-26 18:35:53.529#change#{"from":{"line":2,"ch":10,"sticky":null},"to":{"line":2,"ch":10,"sticky":null},"text":["p"],"removed":[""],"origin":"+input"}
2019-3-26 18:35:53.782#change#{"from":{"line":2,"ch":11,"sticky":null},"to":{"line":2,"ch":11,"sticky":null},"text":["u"],"removed":[""],"origin":"+input"}
2019-3-26 18:35:53.919#change#{"from":{"line":2,"ch":12,"sticky":null},"to":{"line":2,"ch":12,"sticky":null},"text":["t"],"removed":[""],"origin":"+input"}
2019-3-26 18:35:55.260#change#{"from":{"line":2,"ch":13,"sticky":null},"to":{"line":2,"ch":13,"sticky":null},"text":["()"],"removed":[""],"origin":"+input"}
2019-3-26 18:35:55.260#keyHandled#"'('"
2019-3-26 18:35:56.548#change#{"from":{"line":2,"ch":14,"sticky":"after"},"to":{"line":2,"ch":14,"sticky":"after"},"text":["\"\""],"removed":[""],"origin":"+input"}
2019-3-26 18:35:56.548#keyHandled#"'\"'"
2019-3-26 18:35:58.333#change#{"from":{"line":2,"ch":15,"sticky":"after"},"to":{"line":2,"ch":15,"sticky":"after"},"text":["N"],"removed":[""],"origin":"+input"}
2019-3-26 18:35:58.568#change#{"from":{"line":2,"ch":16,"sticky":null},"to":{"line":2,"ch":16,"sticky":null},"text":["o"],"removed":[""],"origin":"+input"}
2019-3-26 18:35:58.946#change#{"from":{"line":2,"ch":17,"sticky":null},"to":{"line":2,"ch":17,"sticky":null},"text":["t"],"removed":[""],"origin":"+input"}
2019-3-26 18:35:59.221#change#{"from":{"line":2,"ch":18,"sticky":null},"to":{"line":2,"ch":18,"sticky":null},"text":["a"],"removed":[""],"origin":"+input"}
2019-3-26 18:36:00.263#change#{"from":{"line":2,"ch":19,"sticky":null},"to":{"line":2,"ch":19,"sticky":null},"text":["3"],"removed":[""],"origin":"+input"}
2019-3-26 18:36:02.068#change#{"from":{"line":2,"ch":20,"sticky":null},"to":{"line":2,"ch":20,"sticky":null},"text":[":"],"removed":[""],"origin":"+input"}
2019-3-26 18:36:03.303#keyHandled#"Right"
2019-3-26 18:36:03.805#keyHandled#"Right"
2019-3-26 18:36:03.835#keyHandled#"Right"
2019-3-26 18:36:03.864#keyHandled#"Right"
2019-3-26 18:36:03.894#keyHandled#"Right"
2019-3-26 18:36:03.925#keyHandled#"Right"
2019-3-26 18:36:03.955#keyHandled#"Right"
2019-3-26 18:36:03.985#keyHandled#"Right"
2019-3-26 18:36:04.015#keyHandled#"Right"
2019-3-26 18:36:04.045#keyHandled#"Right"
2019-3-26 18:36:04.075#keyHandled#"Right"
2019-3-26 18:36:04.105#keyHandled#"Right"
2019-3-26 18:36:04.135#keyHandled#"Right"
2019-3-26 18:36:04.545#change#{"from":{"line":2,"ch":24,"sticky":"before","hitSide":true},"to":{"line":2,"ch":24,"sticky":"before","hitSide":true},"text":["",""],"removed":[""],"origin":"+input"}
2019-3-26 18:36:04.545#keyHandled#"Enter"
2019-3-26 18:36:04.557#viewportChange#0
2019-3-26 18:36:07.078#change#{"from":{"line":3,"ch":0,"sticky":null},"to":{"line":3,"ch":0,"sticky":null},"text":["d"],"removed":[""],"origin":"+input"}
2019-3-26 18:36:08.737#change#{"from":{"line":3,"ch":1,"sticky":null},"to":{"line":3,"ch":1,"sticky":null},"text":["="],"removed":[""],"origin":"+input"}
2019-3-26 18:36:10.020#change#{"from":{"line":3,"ch":2,"sticky":null},"to":{"line":3,"ch":2,"sticky":null},"text":["()"],"removed":[""],"origin":"+input"}
2019-3-26 18:36:10.020#keyHandled#"'('"
2019-3-26 18:36:11.061#change#{"from":{"line":3,"ch":2,"sticky":null},"to":{"line":3,"ch":4,"sticky":null},"text":[""],"removed":["()"],"origin":"+delete"}
2019-3-26 18:36:11.062#keyHandled#"Backspace"
2019-3-26 18:36:12.119#change#{"from":{"line":3,"ch":2,"sticky":null},"to":{"line":3,"ch":2,"sticky":null},"text":["f"],"removed":[""],"origin":"+input"}
2019-3-26 18:36:12.266#change#{"from":{"line":3,"ch":3,"sticky":null},"to":{"line":3,"ch":3,"sticky":null},"text":["l"],"removed":[""],"origin":"+input"}
2019-3-26 18:36:12.471#change#{"from":{"line":3,"ch":4,"sticky":null},"to":{"line":3,"ch":4,"sticky":null},"text":["o"],"removed":[""],"origin":"+input"}
2019-3-26 18:36:12.619#change#{"from":{"line":3,"ch":5,"sticky":null},"to":{"line":3,"ch":5,"sticky":null},"text":["a"],"removed":[""],"origin":"+input"}
2019-3-26 18:36:12.809#change#{"from":{"line":3,"ch":6,"sticky":null},"to":{"line":3,"ch":6,"sticky":null},"text":["t"],"removed":[""],"origin":"+input"}
2019-3-26 18:36:14.042#change#{"from":{"line":3,"ch":7,"sticky":null},"to":{"line":3,"ch":7,"sticky":null},"text":["()"],"removed":[""],"origin":"+input"}
2019-3-26 18:36:14.042#keyHandled#"'('"
2019-3-26 18:36:14.557#change#{"from":{"line":3,"ch":8,"sticky":"after"},"to":{"line":3,"ch":8,"sticky":"after"},"text":["i"],"removed":[""],"origin":"+input"}
2019-3-26 18:36:14.757#change#{"from":{"line":3,"ch":9,"sticky":null},"to":{"line":3,"ch":9,"sticky":null},"text":["n"],"removed":[""],"origin":"+input"}
2019-3-26 18:36:15.004#change#{"from":{"line":3,"ch":10,"sticky":null},"to":{"line":3,"ch":10,"sticky":null},"text":["p"],"removed":[""],"origin":"+input"}
2019-3-26 18:36:15.258#change#{"from":{"line":3,"ch":11,"sticky":null},"to":{"line":3,"ch":11,"sticky":null},"text":["u"],"removed":[""],"origin":"+input"}
2019-3-26 18:36:15.416#change#{"from":{"line":3,"ch":12,"sticky":null},"to":{"line":3,"ch":12,"sticky":null},"text":["t"],"removed":[""],"origin":"+input"}
2019-3-26 18:36:16.074#change#{"from":{"line":3,"ch":13,"sticky":null},"to":{"line":3,"ch":13,"sticky":null},"text":["()"],"removed":[""],"origin":"+input"}
2019-3-26 18:36:16.074#keyHandled#"'('"
2019-3-26 18:36:17.509#change#{"from":{"line":3,"ch":14,"sticky":"after"},"to":{"line":3,"ch":14,"sticky":"after"},"text":["\"\""],"removed":[""],"origin":"+input"}
2019-3-26 18:36:17.509#keyHandled#"'\"'"
2019-3-26 18:36:19.305#change#{"from":{"line":3,"ch":15,"sticky":"after"},"to":{"line":3,"ch":15,"sticky":"after"},"text":["N"],"removed":[""],"origin":"+input"}
2019-3-26 18:36:19.628#change#{"from":{"line":3,"ch":16,"sticky":null},"to":{"line":3,"ch":16,"sticky":null},"text":["o"],"removed":[""],"origin":"+input"}
2019-3-26 18:36:20.293#change#{"from":{"line":3,"ch":17,"sticky":null},"to":{"line":3,"ch":17,"sticky":null},"text":["t"],"removed":[""],"origin":"+input"}
2019-3-26 18:36:20.687#change#{"from":{"line":3,"ch":18,"sticky":null},"to":{"line":3,"ch":18,"sticky":null},"text":["a"],"removed":[""],"origin":"+input"}
2019-3-26 18:36:21.013#change#{"from":{"line":3,"ch":19,"sticky":null},"to":{"line":3,"ch":19,"sticky":null},"text":["4"],"removed":[""],"origin":"+input"}
2019-3-26 18:36:22.159#change#{"from":{"line":3,"ch":20,"sticky":null},"to":{"line":3,"ch":20,"sticky":null},"text":[":"],"removed":[""],"origin":"+input"}
2019-3-26 18:36:23.727#keyHandled#"Right"
2019-3-26 18:36:24.228#keyHandled#"Right"
2019-3-26 18:36:24.258#keyHandled#"Right"
2019-3-26 18:36:24.289#keyHandled#"Right"
2019-3-26 18:36:24.319#keyHandled#"Right"
2019-3-26 18:36:24.349#keyHandled#"Right"
2019-3-26 18:36:24.379#keyHandled#"Right"
2019-3-26 18:36:24.416#keyHandled#"Right"
2019-3-26 18:36:24.439#keyHandled#"Right"
2019-3-26 18:36:24.470#keyHandled#"Right"
2019-3-26 18:36:24.500#keyHandled#"Right"
2019-3-26 18:36:24.530#keyHandled#"Right"
2019-3-26 18:36:24.561#keyHandled#"Right"
2019-3-26 18:36:24.590#keyHandled#"Right"
2019-3-26 18:36:25.075#change#{"from":{"line":3,"ch":24,"sticky":"before","hitSide":true},"to":{"line":3,"ch":24,"sticky":"before","hitSide":true},"text":["",""],"removed":[""],"origin":"+input"}
2019-3-26 18:36:25.075#keyHandled#"Enter"
2019-3-26 18:36:25.087#viewportChange#0
2019-3-26 18:36:31.786#change#{"from":{"line":4,"ch":0,"sticky":null},"to":{"line":4,"ch":0,"sticky":null},"text":["p"],"removed":[""],"origin":"+input"}
2019-3-26 18:36:31.962#change#{"from":{"line":4,"ch":1,"sticky":null},"to":{"line":4,"ch":1,"sticky":null},"text":["r"],"removed":[""],"origin":"+input"}
2019-3-26 18:36:32.129#change#{"from":{"line":4,"ch":2,"sticky":null},"to":{"line":4,"ch":2,"sticky":null},"text":["i"],"removed":[""],"origin":"+input"}
2019-3-26 18:36:32.404#change#{"from":{"line":4,"ch":3,"sticky":null},"to":{"line":4,"ch":3,"sticky":null},"text":["n"],"removed":[""],"origin":"+input"}
2019-3-26 18:36:32.546#change#{"from":{"line":4,"ch":4,"sticky":null},"to":{"line":4,"ch":4,"sticky":null},"text":["t"],"removed":[""],"origin":"+input"}
2019-3-26 18:36:35.456#change#{"from":{"line":4,"ch":5,"sticky":null},"to":{"line":4,"ch":5,"sticky":null},"text":[" "],"removed":[""],"origin":"+input"}
2019-3-26 18:36:36.489#change#{"from":{"line":4,"ch":6,"sticky":null},"to":{"line":4,"ch":6,"sticky":null},"text":["()"],"removed":[""],"origin":"+input"}
2019-3-26 18:36:36.489#keyHandled#"'('"
2019-3-26 18:36:41.073#change#{"from":{"line":4,"ch":7,"sticky":"after"},"to":{"line":4,"ch":7,"sticky":"after"},"text":["a"],"removed":[""],"origin":"+input"}
2019-3-26 18:36:43.807#change#{"from":{"line":4,"ch":8,"sticky":null},"to":{"line":4,"ch":8,"sticky":null},"text":["+"],"removed":[""],"origin":"+input"}
2019-3-26 18:36:45.454#change#{"from":{"line":4,"ch":9,"sticky":null},"to":{"line":4,"ch":9,"sticky":null},"text":["2"],"removed":[""],"origin":"+input"}
2019-3-26 18:36:46.390#change#{"from":{"line":4,"ch":10,"sticky":null},"to":{"line":4,"ch":10,"sticky":null},"text":["*"],"removed":[""],"origin":"+input"}
2019-3-26 18:36:47.279#change#{"from":{"line":4,"ch":11,"sticky":null},"to":{"line":4,"ch":11,"sticky":null},"text":["b"],"removed":[""],"origin":"+input"}
2019-3-26 18:36:48.350#change#{"from":{"line":4,"ch":12,"sticky":null},"to":{"line":4,"ch":12,"sticky":null},"text":["+"],"removed":[""],"origin":"+input"}
2019-3-26 18:36:48.993#change#{"from":{"line":4,"ch":13,"sticky":null},"to":{"line":4,"ch":13,"sticky":null},"text":["3"],"removed":[""],"origin":"+input"}
2019-3-26 18:36:50.362#change#{"from":{"line":4,"ch":14,"sticky":null},"to":{"line":4,"ch":14,"sticky":null},"text":["*"],"removed":[""],"origin":"+input"}
2019-3-26 18:36:51.957#change#{"from":{"line":4,"ch":15,"sticky":null},"to":{"line":4,"ch":15,"sticky":null},"text":["x"],"removed":[""],"origin":"+input"}
2019-3-26 18:36:52.561#change#{"from":{"line":4,"ch":15,"sticky":"after"},"to":{"line":4,"ch":16,"sticky":null},"text":[""],"removed":["x"],"origin":"+delete"}
2019-3-26 18:36:52.561#keyHandled#"Backspace"
2019-3-26 18:36:52.653#change#{"from":{"line":4,"ch":15,"sticky":null},"to":{"line":4,"ch":15,"sticky":null},"text":["c"],"removed":[""],"origin":"+input"}
2019-3-26 18:36:53.874#change#{"from":{"line":4,"ch":16,"sticky":null},"to":{"line":4,"ch":16,"sticky":null},"text":["+"],"removed":[""],"origin":"+input"}
2019-3-26 18:36:54.684#change#{"from":{"line":4,"ch":17,"sticky":null},"to":{"line":4,"ch":17,"sticky":null},"text":["4"],"removed":[""],"origin":"+input"}
2019-3-26 18:36:56.823#change#{"from":{"line":4,"ch":18,"sticky":null},"to":{"line":4,"ch":18,"sticky":null},"text":["*"],"removed":[""],"origin":"+input"}
2019-3-26 18:36:57.660#change#{"from":{"line":4,"ch":19,"sticky":null},"to":{"line":4,"ch":19,"sticky":null},"text":["d"],"removed":[""],"origin":"+input"}
2019-3-26 18:37:02.639#change#{"from":{"line":4,"ch":20,"sticky":null},"to":{"line":4,"ch":20,"sticky":null},"text":[","],"removed":[""],"origin":"+input"}
2019-3-26 18:37:05.937#mousedown#{"isTrusted":true}
2019-3-26 18:37:06.488#mousedown#{"isTrusted":true}
2019-3-26 18:37:08.094#change#{"from":{"line":4,"ch":6,"sticky":"before","xRel":-2.91668701171875},"to":{"line":4,"ch":6,"sticky":"before","xRel":-2.91668701171875},"text":["("],"removed":[""],"origin":"+input"}
2019-3-26 18:37:09.531#change#{"from":{"line":4,"ch":7,"sticky":null},"to":{"line":4,"ch":7,"sticky":null},"text":["r"],"removed":[""],"origin":"+input"}
2019-3-26 18:37:09.628#change#{"from":{"line":4,"ch":8,"sticky":null},"to":{"line":4,"ch":8,"sticky":null},"text":["o"],"removed":[""],"origin":"+input"}
2019-3-26 18:37:10.082#change#{"from":{"line":4,"ch":9,"sticky":null},"to":{"line":4,"ch":9,"sticky":null},"text":["u"],"removed":[""],"origin":"+input"}
2019-3-26 18:37:10.411#change#{"from":{"line":4,"ch":10,"sticky":null},"to":{"line":4,"ch":10,"sticky":null},"text":["n"],"removed":[""],"origin":"+input"}
2019-3-26 18:37:10.568#change#{"from":{"line":4,"ch":11,"sticky":null},"to":{"line":4,"ch":11,"sticky":null},"text":["d"],"removed":[""],"origin":"+input"}
2019-3-26 18:37:12.694#mousedown#{"isTrusted":true}
2019-3-26 18:37:13.711#change#{"from":{"line":4,"ch":28,"sticky":"before","xRel":73.08331298828125},"to":{"line":4,"ch":28,"sticky":"before","xRel":73.08331298828125},"text":[")"],"removed":[""],"origin":"+input"}
2019-3-26 18:37:15.682#mousedown#{"isTrusted":true}
2019-3-26 18:37:17.231#change#{"from":{"line":4,"ch":27,"sticky":"after","xRel":0.08331298828125},"to":{"line":4,"ch":27,"sticky":"after","xRel":0.08331298828125},"text":[" "],"removed":[""],"origin":"+input"}
2019-3-26 18:37:21.044#change#{"from":{"line":4,"ch":28,"sticky":null},"to":{"line":4,"ch":28,"sticky":null},"text":["2"],"removed":[""],"origin":"+input"}
2019-3-26 18:37:24.265#blur#
2019-3-26 18:37:24.265#blur#
2019-3-26 18:37:29.376#saida_testar#$ python3 main.py
2019-3-26 18:38:12.011#mousedown#{"isTrusted":true}
2019-3-26 18:38:12.477#focus#
2019-3-26 18:38:21.759#mousedown#{"isTrusted":true}
2019-3-26 18:38:23.123#change#{"from":{"line":4,"ch":13,"sticky":"after","xRel":0.08331298828125},"to":{"line":4,"ch":13,"sticky":"after","xRel":0.08331298828125},"text":["("],"removed":[""],"origin":"+input"}
2019-3-26 18:38:24.345#keyHandled#"Right"
2019-3-26 18:38:24.566#keyHandled#"Right"
2019-3-26 18:38:25.079#keyHandled#"Right"
2019-3-26 18:38:25.277#keyHandled#"Right"
2019-3-26 18:38:25.412#keyHandled#"Right"
2019-3-26 18:38:25.586#keyHandled#"Right"
2019-3-26 18:38:25.745#keyHandled#"Right"
2019-3-26 18:38:25.934#keyHandled#"Right"
2019-3-26 18:38:26.132#keyHandled#"Right"
2019-3-26 18:38:26.321#keyHandled#"Right"
2019-3-26 18:38:26.616#keyHandled#"Right"
2019-3-26 18:38:27.380#keyHandled#"Right"
2019-3-26 18:38:27.869#keyHandled#"Right"
2019-3-26 18:38:29.082#change#{"from":{"line":4,"ch":27,"sticky":"before"},"to":{"line":4,"ch":27,"sticky":"before"},"text":[")"],"removed":[""],"origin":"+input"}
2019-3-26 18:38:31.428#change#{"from":{"line":4,"ch":28,"sticky":null},"to":{"line":4,"ch":28,"sticky":null},"text":["/"],"removed":[""],"origin":"+input"}
2019-3-26 18:38:33.500#change#{"from":{"line":4,"ch":29,"sticky":null},"to":{"line":4,"ch":29,"sticky":null},"text":["1"],"removed":[""],"origin":"+input"}
2019-3-26 18:38:33.701#change#{"from":{"line":4,"ch":30,"sticky":null},"to":{"line":4,"ch":30,"sticky":null},"text":["0"],"removed":[""],"origin":"+input"}
2019-3-26 18:38:36.527#blur#
2019-3-26 18:38:36.527#blur#
2019-3-26 18:38:36.527#blur#
2019-3-26 18:38:36.527#blur#
2019-3-26 18:38:47.500#saida_testar#$ python3 main.py
Nota1:0.0
Nota2:0.0
Nota3:9.0
Nota4:10.0
67.0
2019-3-26 18:38:47.650#submit#Congratulations, your code is correct!
2019-3-26 18:38:47.706#saida_testar#$ python3 main.py
