2019-4-2 18:13:28.714#viewportChange#0
2019-4-2 18:14:50.986#mousedown#{"isTrusted":true}
2019-4-2 18:14:50.992#focus#
2019-4-2 18:14:52.226#change#{"from":{"line":0,"ch":0,"sticky":null},"to":{"line":0,"ch":0,"sticky":null},"text":["a"],"removed":[""],"origin":"+input"}
2019-4-2 18:14:52.856#change#{"from":{"line":0,"ch":1,"sticky":null},"to":{"line":0,"ch":1,"sticky":null},"text":["-"],"removed":[""],"origin":"+input"}
2019-4-2 18:14:53.665#change#{"from":{"line":0,"ch":1,"sticky":"after"},"to":{"line":0,"ch":2,"sticky":null},"text":[""],"removed":["-"],"origin":"+delete"}
2019-4-2 18:14:53.665#keyHandled#"Backspace"
2019-4-2 18:14:53.996#change#{"from":{"line":0,"ch":1,"sticky":null},"to":{"line":0,"ch":1,"sticky":null},"text":["="],"removed":[""],"origin":"+input"}
2019-4-2 18:15:00.059#change#{"from":{"line":0,"ch":2,"sticky":null},"to":{"line":0,"ch":2,"sticky":null},"text":["i"],"removed":[""],"origin":"+input"}
2019-4-2 18:15:00.425#change#{"from":{"line":0,"ch":3,"sticky":null},"to":{"line":0,"ch":3,"sticky":null},"text":["j"],"removed":[""],"origin":"+input"}
2019-4-2 18:15:00.780#change#{"from":{"line":0,"ch":4,"sticky":null},"to":{"line":0,"ch":4,"sticky":null},"text":["t"],"removed":[""],"origin":"+input"}
2019-4-2 18:15:01.132#change#{"from":{"line":0,"ch":4,"sticky":"after"},"to":{"line":0,"ch":5,"sticky":null},"text":[""],"removed":["t"],"origin":"+delete"}
2019-4-2 18:15:01.132#keyHandled#"Backspace"
2019-4-2 18:15:01.499#change#{"from":{"line":0,"ch":3,"sticky":"after"},"to":{"line":0,"ch":4,"sticky":null},"text":[""],"removed":["j"],"origin":"+delete"}
2019-4-2 18:15:01.499#keyHandled#"Backspace"
2019-4-2 18:15:02.651#change#{"from":{"line":0,"ch":3,"sticky":null},"to":{"line":0,"ch":3,"sticky":null},"text":["m"],"removed":[""],"origin":"+input"}
2019-4-2 18:15:03.032#change#{"from":{"line":0,"ch":3,"sticky":"after"},"to":{"line":0,"ch":4,"sticky":null},"text":[""],"removed":["m"],"origin":"+delete"}
2019-4-2 18:15:03.032#keyHandled#"Backspace"
2019-4-2 18:15:03.413#change#{"from":{"line":0,"ch":3,"sticky":null},"to":{"line":0,"ch":3,"sticky":null},"text":["n"],"removed":[""],"origin":"+input"}
2019-4-2 18:15:03.781#change#{"from":{"line":0,"ch":4,"sticky":null},"to":{"line":0,"ch":4,"sticky":null},"text":["t"],"removed":[""],"origin":"+input"}
2019-4-2 18:15:04.430#change#{"from":{"line":0,"ch":5,"sticky":null},"to":{"line":0,"ch":5,"sticky":null},"text":["()"],"removed":[""],"origin":"+input"}
2019-4-2 18:15:04.430#keyHandled#"'('"
2019-4-2 18:15:05.230#change#{"from":{"line":0,"ch":6,"sticky":"after"},"to":{"line":0,"ch":6,"sticky":"after"},"text":["i"],"removed":[""],"origin":"+input"}
2019-4-2 18:15:05.620#change#{"from":{"line":0,"ch":7,"sticky":null},"to":{"line":0,"ch":7,"sticky":null},"text":["n"],"removed":[""],"origin":"+input"}
2019-4-2 18:15:05.716#change#{"from":{"line":0,"ch":8,"sticky":null},"to":{"line":0,"ch":8,"sticky":null},"text":["p"],"removed":[""],"origin":"+input"}
2019-4-2 18:15:06.250#change#{"from":{"line":0,"ch":10,"sticky":null},"to":{"line":0,"ch":10,"sticky":null},"text":["t"],"removed":[""],"origin":"+input"}
2019-4-2 18:15:07.663#change#{"from":{"line":0,"ch":11,"sticky":null},"to":{"line":0,"ch":11,"sticky":null},"text":["()"],"removed":[""],"origin":"+input"}
2019-4-2 18:15:07.664#keyHandled#"'('"
2019-4-2 18:15:08.199#change#{"from":{"line":0,"ch":12,"sticky":"after"},"to":{"line":0,"ch":12,"sticky":"after"},"text":["\"\""],"removed":[""],"origin":"+input"}
2019-4-2 18:15:08.199#keyHandled#"'\"'"
2019-4-2 18:15:09.003#change#{"from":{"line":0,"ch":13,"sticky":"after"},"to":{"line":0,"ch":13,"sticky":"after"},"text":["M"],"removed":[""],"origin":"+input"}
2019-4-2 18:15:09.257#change#{"from":{"line":0,"ch":14,"sticky":null},"to":{"line":0,"ch":14,"sticky":null},"text":["e"],"removed":[""],"origin":"+input"}
2019-4-2 18:15:09.443#change#{"from":{"line":0,"ch":15,"sticky":null},"to":{"line":0,"ch":15,"sticky":null},"text":["s"],"removed":[""],"origin":"+input"}
2019-4-2 18:15:09.643#change#{"from":{"line":0,"ch":16,"sticky":null},"to":{"line":0,"ch":16,"sticky":null},"text":["e"],"removed":[""],"origin":"+input"}
2019-4-2 18:15:09.852#change#{"from":{"line":0,"ch":17,"sticky":null},"to":{"line":0,"ch":17,"sticky":null},"text":["s"],"removed":[""],"origin":"+input"}
2019-4-2 18:15:10.636#change#{"from":{"line":0,"ch":18,"sticky":null},"to":{"line":0,"ch":18,"sticky":null},"text":[":"],"removed":[""],"origin":"+input"}
2019-4-2 18:15:12.008#mousedown#{"isTrusted":true}
2019-4-2 18:15:12.773#change#{"from":{"line":0,"ch":22,"sticky":"before","xRel":40.08331298828125},"to":{"line":0,"ch":22,"sticky":"before","xRel":40.08331298828125},"text":["",""],"removed":[""],"origin":"+input"}
2019-4-2 18:15:12.773#keyHandled#"Enter"
2019-4-2 18:15:12.786#viewportChange#0
2019-4-2 18:15:22.790#change#{"from":{"line":1,"ch":0,"sticky":null},"to":{"line":1,"ch":0,"sticky":null},"text":["i"],"removed":[""],"origin":"+input"}
2019-4-2 18:15:25.719#change#{"from":{"line":1,"ch":1,"sticky":null},"to":{"line":1,"ch":1,"sticky":null},"text":["="],"removed":[""],"origin":"+input"}
2019-4-2 18:15:40.203#change#{"from":{"line":1,"ch":2,"sticky":null},"to":{"line":1,"ch":2,"sticky":null},"text":["()"],"removed":[""],"origin":"+input"}
2019-4-2 18:15:40.203#keyHandled#"'('"
2019-4-2 18:16:24.698#change#{"from":{"line":1,"ch":3,"sticky":"after"},"to":{"line":1,"ch":3,"sticky":"after"},"text":["1"],"removed":[""],"origin":"+input"}
2019-4-2 18:16:25.566#change#{"from":{"line":1,"ch":4,"sticky":null},"to":{"line":1,"ch":4,"sticky":null},"text":["0"],"removed":[""],"origin":"+input"}
2019-4-2 18:16:25.843#change#{"from":{"line":1,"ch":5,"sticky":null},"to":{"line":1,"ch":5,"sticky":null},"text":["0"],"removed":[""],"origin":"+input"}
2019-4-2 18:16:26.046#change#{"from":{"line":1,"ch":6,"sticky":null},"to":{"line":1,"ch":6,"sticky":null},"text":["0"],"removed":[""],"origin":"+input"}
2019-4-2 18:16:27.708#change#{"from":{"line":1,"ch":7,"sticky":null},"to":{"line":1,"ch":7,"sticky":null},"text":["0"],"removed":[""],"origin":"+input"}
2019-4-2 18:16:28.204#change#{"from":{"line":1,"ch":8,"sticky":null},"to":{"line":1,"ch":8,"sticky":null},"text":["0"],"removed":[""],"origin":"+input"}
2019-4-2 18:16:32.481#change#{"from":{"line":1,"ch":8,"sticky":"after"},"to":{"line":1,"ch":9,"sticky":null},"text":[""],"removed":["0"],"origin":"+delete"}
2019-4-2 18:16:32.481#keyHandled#"Backspace"
2019-4-2 18:16:32.685#change#{"from":{"line":1,"ch":7,"sticky":"after"},"to":{"line":1,"ch":8,"sticky":null},"text":[""],"removed":["0"],"origin":"+delete"}
2019-4-2 18:16:32.685#keyHandled#"Backspace"
2019-4-2 18:16:32.890#change#{"from":{"line":1,"ch":6,"sticky":"after"},"to":{"line":1,"ch":7,"sticky":null},"text":[""],"removed":["0"],"origin":"+delete"}
2019-4-2 18:16:32.890#keyHandled#"Backspace"
2019-4-2 18:16:33.443#change#{"from":{"line":1,"ch":5,"sticky":"after"},"to":{"line":1,"ch":6,"sticky":null},"text":[""],"removed":["0"],"origin":"+delete"}
2019-4-2 18:16:33.443#keyHandled#"Backspace"
2019-4-2 18:16:34.415#change#{"from":{"line":1,"ch":5,"sticky":null},"to":{"line":1,"ch":5,"sticky":null},"text":["4"],"removed":[""],"origin":"+input"}
2019-4-2 18:16:34.780#change#{"from":{"line":1,"ch":6,"sticky":null},"to":{"line":1,"ch":6,"sticky":null},"text":["2"],"removed":[""],"origin":"+input"}
2019-4-2 18:16:36.504#change#{"from":{"line":1,"ch":7,"sticky":null},"to":{"line":1,"ch":7,"sticky":null},"text":["0"],"removed":[""],"origin":"+input"}
2019-4-2 18:16:36.808#change#{"from":{"line":1,"ch":8,"sticky":null},"to":{"line":1,"ch":8,"sticky":null},"text":["0"],"removed":[""],"origin":"+input"}
2019-4-2 18:16:37.038#change#{"from":{"line":1,"ch":9,"sticky":null},"to":{"line":1,"ch":9,"sticky":null},"text":["0"],"removed":[""],"origin":"+input"}
2019-4-2 18:16:42.792#change#{"from":{"line":1,"ch":10,"sticky":null},"to":{"line":1,"ch":10,"sticky":null},"text":["/"],"removed":[""],"origin":"+input"}
2019-4-2 18:16:44.800#change#{"from":{"line":1,"ch":11,"sticky":null},"to":{"line":1,"ch":11,"sticky":null},"text":["1"],"removed":[""],"origin":"+input"}
2019-4-2 18:16:45.230#change#{"from":{"line":1,"ch":12,"sticky":null},"to":{"line":1,"ch":12,"sticky":null},"text":["5"],"removed":[""],"origin":"+input"}
2019-4-2 18:16:45.531#change#{"from":{"line":1,"ch":13,"sticky":null},"to":{"line":1,"ch":13,"sticky":null},"text":["0"],"removed":[""],"origin":"+input"}
2019-4-2 18:16:45.774#change#{"from":{"line":1,"ch":14,"sticky":null},"to":{"line":1,"ch":14,"sticky":null},"text":["0"],"removed":[""],"origin":"+input"}
2019-4-2 18:16:47.464#mousedown#{"isTrusted":true}
2019-4-2 18:16:49.138#change#{"from":{"line":1,"ch":16,"sticky":"before","xRel":27.08331298828125},"to":{"line":1,"ch":16,"sticky":"before","xRel":27.08331298828125},"text":["*"],"removed":[""],"origin":"+input"}
2019-4-2 18:16:49.408#change#{"from":{"line":1,"ch":17,"sticky":null},"to":{"line":1,"ch":17,"sticky":null},"text":["*"],"removed":[""],"origin":"+input"}
2019-4-2 18:16:49.692#change#{"from":{"line":1,"ch":18,"sticky":null},"to":{"line":1,"ch":18,"sticky":null},"text":["*"],"removed":[""],"origin":"+input"}
2019-4-2 18:16:50.694#change#{"from":{"line":1,"ch":18,"sticky":"after"},"to":{"line":1,"ch":19,"sticky":null},"text":[""],"removed":["*"],"origin":"+delete"}
2019-4-2 18:16:50.694#keyHandled#"Backspace"
2019-4-2 18:16:54.220#change#{"from":{"line":1,"ch":18,"sticky":null},"to":{"line":1,"ch":18,"sticky":null},"text":["a"],"removed":[""],"origin":"+input"}
2019-4-2 18:16:58.959#mousedown#{"isTrusted":true}
2019-4-2 18:17:00.874#change#{"from":{"line":1,"ch":2,"sticky":"before","xRel":-1.91668701171875},"to":{"line":1,"ch":2,"sticky":"before","xRel":-1.91668701171875},"text":["("],"removed":[""],"origin":"+input"}
2019-4-2 18:17:02.048#mousedown#{"isTrusted":true}
2019-4-2 18:17:02.838#change#{"from":{"line":1,"ch":20,"sticky":"before","xRel":16.08331298828125},"to":{"line":1,"ch":20,"sticky":"before","xRel":16.08331298828125},"text":[")"],"removed":[""],"origin":"+input"}
2019-4-2 18:17:03.892#change#{"from":{"line":1,"ch":21,"sticky":null},"to":{"line":1,"ch":21,"sticky":null},"text":["-"],"removed":[""],"origin":"+input"}
2019-4-2 18:17:04.258#change#{"from":{"line":1,"ch":22,"sticky":null},"to":{"line":1,"ch":22,"sticky":null},"text":["1"],"removed":[""],"origin":"+input"}
2019-4-2 18:17:06.686#change#{"from":{"line":2,"ch":0,"sticky":null},"to":{"line":2,"ch":0,"sticky":null},"text":["p"],"removed":[""],"origin":"+input"}
2019-4-2 18:17:07.008#change#{"from":{"line":2,"ch":1,"sticky":null},"to":{"line":2,"ch":1,"sticky":null},"text":["r"],"removed":[""],"origin":"+input"}
2019-4-2 18:17:07.025#change#{"from":{"line":2,"ch":2,"sticky":null},"to":{"line":2,"ch":2,"sticky":null},"text":["i"],"removed":[""],"origin":"+input"}
2019-4-2 18:17:07.359#change#{"from":{"line":2,"ch":3,"sticky":null},"to":{"line":2,"ch":3,"sticky":null},"text":["n"],"removed":[""],"origin":"+input"}
2019-4-2 18:17:07.374#change#{"from":{"line":2,"ch":4,"sticky":null},"to":{"line":2,"ch":4,"sticky":null},"text":["t"],"removed":[""],"origin":"+input"}
2019-4-2 18:17:08.496#change#{"from":{"line":2,"ch":5,"sticky":null},"to":{"line":2,"ch":5,"sticky":null},"text":["()"],"removed":[""],"origin":"+input"}
2019-4-2 18:17:08.496#keyHandled#"'('"
2019-4-2 18:17:10.518#change#{"from":{"line":2,"ch":6,"sticky":"after"},"to":{"line":2,"ch":6,"sticky":"after"},"text":["i"],"removed":[""],"origin":"+input"}
2019-4-2 18:17:11.748#blur#
2019-4-2 18:17:11.748#blur#
2019-4-2 18:17:14.511#saida_testar#$ python3 main.py
2019-4-2 18:17:26.496#mousedown#{"isTrusted":true}
2019-4-2 18:17:26.787#focus#
2019-4-2 18:17:27.204#mousedown#{"isTrusted":true}
2019-4-2 18:17:27.688#mousedown#{"isTrusted":true}
2019-4-2 18:17:32.034#change#{"from":{"line":1,"ch":19,"sticky":"after","xRel":0.08331298828125},"to":{"line":1,"ch":19,"sticky":"after","xRel":0.08331298828125},"text":["1"],"removed":[""],"origin":"+input"}
2019-4-2 18:17:33.594#change#{"from":{"line":1,"ch":20,"sticky":null},"to":{"line":1,"ch":20,"sticky":null},"text":["/"],"removed":[""],"origin":"+input"}
2019-4-2 18:17:35.576#mousedown#{"isTrusted":true}
2019-4-2 18:17:36.560#change#{"from":{"line":1,"ch":19,"sticky":"after","xRel":0.08331298828125},"to":{"line":2,"ch":8,"sticky":"before","xRel":99.08331298828125},"text":["(1/a)-1","print(i))"],"removed":["1/a)-1","print(i)"]}
2019-4-2 18:17:36.560#keyHandled#"'('"
2019-4-2 18:17:38.249#mousedown#{"isTrusted":true}
2019-4-2 18:17:40.401#keyHandled#"')'"
2019-4-2 18:17:40.821#change#{"from":{"line":1,"ch":24,"sticky":"before"},"to":{"line":1,"ch":24,"sticky":"before"},"text":[")"],"removed":[""],"origin":"+input"}
2019-4-2 18:17:42.920#mousedown#{"isTrusted":true}
2019-4-2 18:17:43.642#change#{"from":{"line":2,"ch":8,"sticky":"after"},"to":{"line":2,"ch":9,"sticky":"before","xRel":21.08331298828125},"text":[""],"removed":[")"],"origin":"+delete"}
2019-4-2 18:17:43.642#keyHandled#"Backspace"
2019-4-2 18:17:44.578#blur#
2019-4-2 18:17:44.578#blur#
2019-4-2 18:17:46.147#saida_testar#$ python3 main.py
2019-4-2 18:17:52.712#mousedown#{"isTrusted":true}
2019-4-2 18:17:52.996#focus#
2019-4-2 18:17:53.501#mousedown#{"isTrusted":true}
2019-4-2 18:17:53.880#mousedown#{"isTrusted":true}
2019-4-2 18:17:55.225#mousedown#{"isTrusted":true}
2019-4-2 18:17:56.276#change#{"from":{"line":2,"ch":6,"sticky":"after","xRel":2.08331298828125},"to":{"line":2,"ch":6,"sticky":"after","xRel":2.08331298828125},"text":["r"],"removed":[""],"origin":"+input"}
2019-4-2 18:17:56.619#change#{"from":{"line":2,"ch":7,"sticky":null},"to":{"line":2,"ch":7,"sticky":null},"text":["o"],"removed":[""],"origin":"+input"}
2019-4-2 18:17:56.653#change#{"from":{"line":2,"ch":8,"sticky":null},"to":{"line":2,"ch":8,"sticky":null},"text":["u"],"removed":[""],"origin":"+input"}
2019-4-2 18:17:56.864#change#{"from":{"line":2,"ch":9,"sticky":null},"to":{"line":2,"ch":9,"sticky":null},"text":["n"],"removed":[""],"origin":"+input"}
2019-4-2 18:17:57.053#change#{"from":{"line":2,"ch":10,"sticky":null},"to":{"line":2,"ch":10,"sticky":null},"text":["d"],"removed":[""],"origin":"+input"}
2019-4-2 18:17:57.957#change#{"from":{"line":2,"ch":11,"sticky":null},"to":{"line":2,"ch":11,"sticky":null},"text":["("],"removed":[""],"origin":"+input"}
2019-4-2 18:17:59.912#mousedown#{"isTrusted":true}
2019-4-2 18:18:00.750#change#{"from":{"line":2,"ch":14,"sticky":"before","xRel":3.08331298828125},"to":{"line":2,"ch":14,"sticky":"before","xRel":3.08331298828125},"text":[")"],"removed":[""],"origin":"+input"}
2019-4-2 18:18:04.608#mousedown#{"isTrusted":true}
2019-4-2 18:18:05.854#change#{"from":{"line":2,"ch":13,"sticky":"after","xRel":0.08331298828125},"to":{"line":2,"ch":13,"sticky":"after","xRel":0.08331298828125},"text":[","],"removed":[""],"origin":"+input"}
2019-4-2 18:18:06.528#change#{"from":{"line":2,"ch":14,"sticky":null},"to":{"line":2,"ch":14,"sticky":null},"text":[" "],"removed":[""],"origin":"+input"}
2019-4-2 18:18:08.562#change#{"from":{"line":2,"ch":15,"sticky":null},"to":{"line":2,"ch":15,"sticky":null},"text":["5"],"removed":[""],"origin":"+input"}
2019-4-2 18:18:09.871#blur#
2019-4-2 18:18:09.871#blur#
2019-4-2 18:18:11.887#saida_testar#$ python3 main.py
