2019-7-2 18:11:23.286#viewportChange#0
2019-7-2 18:11:27.262#mousedown#{"isTrusted":true}
2019-7-2 18:11:27.274#focus#
2019-7-2 18:11:38.967#mousedown#{"isTrusted":true}
2019-7-2 18:11:39.767#change#{"from":{"line":0,"ch":0,"sticky":"after","xRel":3.08331298828125},"to":{"line":0,"ch":0,"sticky":"after","xRel":3.08331298828125},"text":["F"],"removed":[""],"origin":"+input"}
2019-7-2 18:11:39.920#change#{"from":{"line":0,"ch":1,"sticky":null},"to":{"line":0,"ch":1,"sticky":null},"text":["R"],"removed":[""],"origin":"+input"}
2019-7-2 18:11:40.016#change#{"from":{"line":0,"ch":2,"sticky":null},"to":{"line":0,"ch":2,"sticky":null},"text":["O"],"removed":[""],"origin":"+input"}
2019-7-2 18:11:40.204#change#{"from":{"line":0,"ch":3,"sticky":null},"to":{"line":0,"ch":3,"sticky":null},"text":["M"],"removed":[""],"origin":"+input"}
2019-7-2 18:11:40.408#change#{"from":{"line":0,"ch":4,"sticky":null},"to":{"line":0,"ch":4,"sticky":null},"text":[" "],"removed":[""],"origin":"+input"}
2019-7-2 18:11:40.584#change#{"from":{"line":0,"ch":5,"sticky":null},"to":{"line":0,"ch":5,"sticky":null},"text":["N"],"removed":[""],"origin":"+input"}
2019-7-2 18:11:40.742#change#{"from":{"line":0,"ch":6,"sticky":null},"to":{"line":0,"ch":6,"sticky":null},"text":["U"],"removed":[""],"origin":"+input"}
2019-7-2 18:11:40.926#change#{"from":{"line":0,"ch":7,"sticky":null},"to":{"line":0,"ch":7,"sticky":null},"text":["M"],"removed":[""],"origin":"+input"}
2019-7-2 18:11:41.103#change#{"from":{"line":0,"ch":8,"sticky":null},"to":{"line":0,"ch":8,"sticky":null},"text":["O"],"removed":[""],"origin":"+input"}
2019-7-2 18:11:41.569#change#{"from":{"line":0,"ch":9,"sticky":null},"to":{"line":0,"ch":9,"sticky":null},"text":["Y"],"removed":[""],"origin":"+input"}
2019-7-2 18:11:41.868#change#{"from":{"line":0,"ch":10,"sticky":null},"to":{"line":0,"ch":10,"sticky":null},"text":[" "],"removed":[""],"origin":"+input"}
2019-7-2 18:11:42.267#change#{"from":{"line":0,"ch":10,"sticky":"after"},"to":{"line":0,"ch":11,"sticky":null},"text":[""],"removed":[" "],"origin":"+delete"}
2019-7-2 18:11:42.267#keyHandled#"Backspace"
2019-7-2 18:11:42.767#change#{"from":{"line":0,"ch":9,"sticky":"after"},"to":{"line":0,"ch":10,"sticky":null},"text":[""],"removed":["Y"],"origin":"+delete"}
2019-7-2 18:11:42.767#keyHandled#"Backspace"
2019-7-2 18:11:42.798#change#{"from":{"line":0,"ch":8,"sticky":"after"},"to":{"line":0,"ch":9,"sticky":null},"text":[""],"removed":["O"],"origin":"+delete"}
2019-7-2 18:11:42.798#keyHandled#"Backspace"
2019-7-2 18:11:42.827#change#{"from":{"line":0,"ch":7,"sticky":"after"},"to":{"line":0,"ch":8,"sticky":null},"text":[""],"removed":["M"],"origin":"+delete"}
2019-7-2 18:11:42.827#keyHandled#"Backspace"
2019-7-2 18:11:42.858#change#{"from":{"line":0,"ch":6,"sticky":"after"},"to":{"line":0,"ch":7,"sticky":null},"text":[""],"removed":["U"],"origin":"+delete"}
2019-7-2 18:11:42.858#keyHandled#"Backspace"
2019-7-2 18:11:42.888#change#{"from":{"line":0,"ch":5,"sticky":"after"},"to":{"line":0,"ch":6,"sticky":null},"text":[""],"removed":["N"],"origin":"+delete"}
2019-7-2 18:11:42.888#keyHandled#"Backspace"
2019-7-2 18:11:42.935#change#{"from":{"line":0,"ch":4,"sticky":"after"},"to":{"line":0,"ch":5,"sticky":null},"text":[""],"removed":[" "],"origin":"+delete"}
2019-7-2 18:11:42.935#keyHandled#"Backspace"
2019-7-2 18:11:42.949#change#{"from":{"line":0,"ch":3,"sticky":"after"},"to":{"line":0,"ch":4,"sticky":null},"text":[""],"removed":["M"],"origin":"+delete"}
2019-7-2 18:11:42.949#keyHandled#"Backspace"
2019-7-2 18:11:42.979#change#{"from":{"line":0,"ch":2,"sticky":"after"},"to":{"line":0,"ch":3,"sticky":null},"text":[""],"removed":["O"],"origin":"+delete"}
2019-7-2 18:11:42.979#keyHandled#"Backspace"
2019-7-2 18:11:43.010#change#{"from":{"line":0,"ch":1,"sticky":"after"},"to":{"line":0,"ch":2,"sticky":null},"text":[""],"removed":["R"],"origin":"+delete"}
2019-7-2 18:11:43.010#keyHandled#"Backspace"
2019-7-2 18:11:43.041#change#{"from":{"line":0,"ch":0,"sticky":"after"},"to":{"line":0,"ch":1,"sticky":null},"text":[""],"removed":["F"],"origin":"+delete"}
2019-7-2 18:11:43.041#keyHandled#"Backspace"
2019-7-2 18:11:43.069#keyHandled#"Backspace"
2019-7-2 18:11:43.098#keyHandled#"Backspace"
2019-7-2 18:11:43.128#keyHandled#"Backspace"
2019-7-2 18:11:43.158#keyHandled#"Backspace"
2019-7-2 18:11:43.189#keyHandled#"Backspace"
2019-7-2 18:11:43.218#keyHandled#"Backspace"
2019-7-2 18:11:43.248#keyHandled#"Backspace"
2019-7-2 18:11:43.278#keyHandled#"Backspace"
2019-7-2 18:11:44.111#change#{"from":{"line":0,"ch":0,"sticky":null,"hitSide":true},"to":{"line":0,"ch":0,"sticky":null},"text":["f"],"removed":[""],"origin":"+input"}
2019-7-2 18:11:44.261#change#{"from":{"line":0,"ch":1,"sticky":null},"to":{"line":0,"ch":1,"sticky":null},"text":["r"],"removed":[""],"origin":"+input"}
2019-7-2 18:11:44.358#change#{"from":{"line":0,"ch":2,"sticky":null},"to":{"line":0,"ch":2,"sticky":null},"text":["u"],"removed":[""],"origin":"+input"}
2019-7-2 18:11:44.979#change#{"from":{"line":0,"ch":2,"sticky":"after"},"to":{"line":0,"ch":3,"sticky":null},"text":[""],"removed":["u"],"origin":"+delete"}
2019-7-2 18:11:44.979#keyHandled#"Backspace"
2019-7-2 18:11:45.657#change#{"from":{"line":0,"ch":2,"sticky":null},"to":{"line":0,"ch":2,"sticky":null},"text":["o"],"removed":[""],"origin":"+input"}
2019-7-2 18:11:45.837#change#{"from":{"line":0,"ch":3,"sticky":null},"to":{"line":0,"ch":3,"sticky":null},"text":["m"],"removed":[""],"origin":"+input"}
2019-7-2 18:11:46.013#change#{"from":{"line":0,"ch":4,"sticky":null},"to":{"line":0,"ch":4,"sticky":null},"text":[" "],"removed":[""],"origin":"+input"}
2019-7-2 18:11:46.935#change#{"from":{"line":0,"ch":5,"sticky":null},"to":{"line":0,"ch":5,"sticky":null},"text":["n"],"removed":[""],"origin":"+input"}
2019-7-2 18:11:47.102#change#{"from":{"line":0,"ch":6,"sticky":null},"to":{"line":0,"ch":6,"sticky":null},"text":["u"],"removed":[""],"origin":"+input"}
2019-7-2 18:11:47.310#change#{"from":{"line":0,"ch":7,"sticky":null},"to":{"line":0,"ch":7,"sticky":null},"text":["m"],"removed":[""],"origin":"+input"}
2019-7-2 18:11:47.518#change#{"from":{"line":0,"ch":8,"sticky":null},"to":{"line":0,"ch":8,"sticky":null},"text":["p"],"removed":[""],"origin":"+input"}
2019-7-2 18:11:47.782#change#{"from":{"line":0,"ch":9,"sticky":null},"to":{"line":0,"ch":9,"sticky":null},"text":["y"],"removed":[""],"origin":"+input"}
2019-7-2 18:11:47.950#change#{"from":{"line":0,"ch":10,"sticky":null},"to":{"line":0,"ch":10,"sticky":null},"text":[" "],"removed":[""],"origin":"+input"}
2019-7-2 18:11:48.126#change#{"from":{"line":0,"ch":11,"sticky":null},"to":{"line":0,"ch":11,"sticky":null},"text":["i"],"removed":[""],"origin":"+input"}
2019-7-2 18:11:48.302#change#{"from":{"line":0,"ch":12,"sticky":null},"to":{"line":0,"ch":12,"sticky":null},"text":["m"],"removed":[""],"origin":"+input"}
2019-7-2 18:11:48.501#change#{"from":{"line":0,"ch":13,"sticky":null},"to":{"line":0,"ch":13,"sticky":null},"text":["p"],"removed":[""],"origin":"+input"}
2019-7-2 18:11:48.678#change#{"from":{"line":0,"ch":14,"sticky":null},"to":{"line":0,"ch":14,"sticky":null},"text":["o"],"removed":[""],"origin":"+input"}
2019-7-2 18:11:48.773#change#{"from":{"line":0,"ch":15,"sticky":null},"to":{"line":0,"ch":15,"sticky":null},"text":["r"],"removed":[""],"origin":"+input"}
2019-7-2 18:11:48.926#change#{"from":{"line":0,"ch":16,"sticky":null},"to":{"line":0,"ch":16,"sticky":null},"text":["t"],"removed":[""],"origin":"+input"}
2019-7-2 18:11:49.053#change#{"from":{"line":0,"ch":17,"sticky":null},"to":{"line":0,"ch":17,"sticky":null},"text":[" "],"removed":[""],"origin":"+input"}
2019-7-2 18:11:49.374#change#{"from":{"line":0,"ch":18,"sticky":null},"to":{"line":0,"ch":18,"sticky":null},"text":["*"],"removed":[""],"origin":"+input"}
2019-7-2 18:11:49.670#change#{"from":{"line":0,"ch":19,"sticky":null},"to":{"line":0,"ch":19,"sticky":null},"text":["]"],"removed":[""],"origin":"+input"}
2019-7-2 18:11:49.684#change#{"from":{"line":0,"ch":20,"sticky":null},"to":{"line":0,"ch":20,"sticky":null},"text":["",""],"removed":[""],"origin":"+input"}
2019-7-2 18:11:49.684#keyHandled#"Enter"
2019-7-2 18:11:49.696#viewportChange#0
2019-7-2 18:11:50.516#change#{"from":{"line":0,"ch":20,"sticky":"before"},"to":{"line":1,"ch":0,"sticky":null},"text":[""],"removed":["",""],"origin":"+delete"}
2019-7-2 18:11:50.516#keyHandled#"Backspace"
2019-7-2 18:11:50.529#viewportChange#0
2019-7-2 18:11:50.811#change#{"from":{"line":0,"ch":19,"sticky":"after"},"to":{"line":0,"ch":20,"sticky":null},"text":[""],"removed":["]"],"origin":"+delete"}
2019-7-2 18:11:50.811#keyHandled#"Backspace"
2019-7-2 18:11:51.044#change#{"from":{"line":0,"ch":19,"sticky":null},"to":{"line":0,"ch":19,"sticky":null},"text":["",""],"removed":[""],"origin":"+input"}
2019-7-2 18:11:51.044#keyHandled#"Enter"
2019-7-2 18:11:51.058#viewportChange#0
2019-7-2 18:11:52.231#change#{"from":{"line":1,"ch":0,"sticky":null},"to":{"line":1,"ch":0,"sticky":null},"text":["f"],"removed":[""],"origin":"+input"}
2019-7-2 18:11:52.374#change#{"from":{"line":1,"ch":1,"sticky":null},"to":{"line":1,"ch":1,"sticky":null},"text":["r"],"removed":[""],"origin":"+input"}
2019-7-2 18:11:52.486#change#{"from":{"line":1,"ch":2,"sticky":null},"to":{"line":1,"ch":2,"sticky":null},"text":["o"],"removed":[""],"origin":"+input"}
2019-7-2 18:11:52.670#change#{"from":{"line":1,"ch":3,"sticky":null},"to":{"line":1,"ch":3,"sticky":null},"text":["m"],"removed":[""],"origin":"+input"}
2019-7-2 18:11:52.854#change#{"from":{"line":1,"ch":4,"sticky":null},"to":{"line":1,"ch":4,"sticky":null},"text":[" "],"removed":[""],"origin":"+input"}
2019-7-2 18:11:53.454#change#{"from":{"line":1,"ch":5,"sticky":null},"to":{"line":1,"ch":5,"sticky":null},"text":["n"],"removed":[""],"origin":"+input"}
2019-7-2 18:11:53.646#change#{"from":{"line":1,"ch":6,"sticky":null},"to":{"line":1,"ch":6,"sticky":null},"text":["u"],"removed":[""],"origin":"+input"}
2019-7-2 18:11:53.863#change#{"from":{"line":1,"ch":7,"sticky":null},"to":{"line":1,"ch":7,"sticky":null},"text":["m"],"removed":[""],"origin":"+input"}
2019-7-2 18:11:54.118#change#{"from":{"line":1,"ch":8,"sticky":null},"to":{"line":1,"ch":8,"sticky":null},"text":["p"],"removed":[""],"origin":"+input"}
2019-7-2 18:11:54.983#change#{"from":{"line":1,"ch":9,"sticky":null},"to":{"line":1,"ch":9,"sticky":null},"text":["u"],"removed":[""],"origin":"+input"}
2019-7-2 18:11:55.350#change#{"from":{"line":1,"ch":10,"sticky":null},"to":{"line":1,"ch":10,"sticky":null},"text":["="],"removed":[""],"origin":"+input"}
2019-7-2 18:11:55.395#change#{"from":{"line":1,"ch":10,"sticky":"after"},"to":{"line":1,"ch":11,"sticky":null},"text":[""],"removed":["="],"origin":"+delete"}
2019-7-2 18:11:55.395#keyHandled#"Backspace"
2019-7-2 18:11:55.931#change#{"from":{"line":1,"ch":9,"sticky":"after"},"to":{"line":1,"ch":10,"sticky":null},"text":[""],"removed":["u"],"origin":"+delete"}
2019-7-2 18:11:55.931#keyHandled#"Backspace"
2019-7-2 18:11:56.091#change#{"from":{"line":1,"ch":8,"sticky":"after"},"to":{"line":1,"ch":9,"sticky":null},"text":[""],"removed":["p"],"origin":"+delete"}
2019-7-2 18:11:56.091#keyHandled#"Backspace"
2019-7-2 18:11:56.214#change#{"from":{"line":1,"ch":8,"sticky":null},"to":{"line":1,"ch":8,"sticky":null},"text":["y"],"removed":[""],"origin":"+input"}
2019-7-2 18:11:56.579#change#{"from":{"line":1,"ch":8,"sticky":"after"},"to":{"line":1,"ch":9,"sticky":null},"text":[""],"removed":["y"],"origin":"+delete"}
2019-7-2 18:11:56.579#keyHandled#"Backspace"
2019-7-2 18:11:56.886#change#{"from":{"line":1,"ch":8,"sticky":null},"to":{"line":1,"ch":8,"sticky":null},"text":["p"],"removed":[""],"origin":"+input"}
2019-7-2 18:11:56.989#change#{"from":{"line":1,"ch":9,"sticky":null},"to":{"line":1,"ch":9,"sticky":null},"text":["y"],"removed":[""],"origin":"+input"}
2019-7-2 18:11:57.262#change#{"from":{"line":1,"ch":10,"sticky":null},"to":{"line":1,"ch":10,"sticky":null},"text":["."],"removed":[""],"origin":"+input"}
2019-7-2 18:11:58.414#change#{"from":{"line":1,"ch":11,"sticky":null},"to":{"line":1,"ch":11,"sticky":null},"text":["l"],"removed":[""],"origin":"+input"}
2019-7-2 18:11:58.654#change#{"from":{"line":1,"ch":12,"sticky":null},"to":{"line":1,"ch":12,"sticky":null},"text":["i"],"removed":[""],"origin":"+input"}
2019-7-2 18:11:58.854#change#{"from":{"line":1,"ch":13,"sticky":null},"to":{"line":1,"ch":13,"sticky":null},"text":["n"],"removed":[""],"origin":"+input"}
2019-7-2 18:11:59.030#change#{"from":{"line":1,"ch":14,"sticky":null},"to":{"line":1,"ch":14,"sticky":null},"text":["a"],"removed":[""],"origin":"+input"}
2019-7-2 18:11:59.150#change#{"from":{"line":1,"ch":15,"sticky":null},"to":{"line":1,"ch":15,"sticky":null},"text":["l"],"removed":[""],"origin":"+input"}
2019-7-2 18:11:59.163#change#{"from":{"line":1,"ch":16,"sticky":null},"to":{"line":1,"ch":16,"sticky":null},"text":["k"],"removed":[""],"origin":"+input"}
2019-7-2 18:11:59.734#change#{"from":{"line":1,"ch":17,"sticky":null},"to":{"line":1,"ch":17,"sticky":null},"text":["g"],"removed":[""],"origin":"+input"}
2019-7-2 18:11:59.979#change#{"from":{"line":1,"ch":17,"sticky":"after"},"to":{"line":1,"ch":18,"sticky":null},"text":[""],"removed":["g"],"origin":"+delete"}
2019-7-2 18:11:59.979#keyHandled#"Backspace"
2019-7-2 18:12:00.139#change#{"from":{"line":1,"ch":16,"sticky":"after"},"to":{"line":1,"ch":17,"sticky":null},"text":[""],"removed":["k"],"origin":"+delete"}
2019-7-2 18:12:00.139#keyHandled#"Backspace"
2019-7-2 18:12:00.262#change#{"from":{"line":1,"ch":16,"sticky":null},"to":{"line":1,"ch":16,"sticky":null},"text":["g"],"removed":[""],"origin":"+input"}
2019-7-2 18:12:01.086#change#{"from":{"line":1,"ch":17,"sticky":null},"to":{"line":1,"ch":17,"sticky":null},"text":[" "],"removed":[""],"origin":"+input"}
2019-7-2 18:12:01.734#change#{"from":{"line":1,"ch":18,"sticky":null},"to":{"line":1,"ch":18,"sticky":null},"text":["i"],"removed":[""],"origin":"+input"}
2019-7-2 18:12:01.910#change#{"from":{"line":1,"ch":19,"sticky":null},"to":{"line":1,"ch":19,"sticky":null},"text":["m"],"removed":[""],"origin":"+input"}
2019-7-2 18:12:02.101#change#{"from":{"line":1,"ch":20,"sticky":null},"to":{"line":1,"ch":20,"sticky":null},"text":["p"],"removed":[""],"origin":"+input"}
2019-7-2 18:12:02.262#change#{"from":{"line":1,"ch":21,"sticky":null},"to":{"line":1,"ch":21,"sticky":null},"text":["o"],"removed":[""],"origin":"+input"}
2019-7-2 18:12:02.374#change#{"from":{"line":1,"ch":22,"sticky":null},"to":{"line":1,"ch":22,"sticky":null},"text":["r"],"removed":[""],"origin":"+input"}
2019-7-2 18:12:02.501#change#{"from":{"line":1,"ch":23,"sticky":null},"to":{"line":1,"ch":23,"sticky":null},"text":["t"],"removed":[""],"origin":"+input"}
2019-7-2 18:12:02.646#change#{"from":{"line":1,"ch":24,"sticky":null},"to":{"line":1,"ch":24,"sticky":null},"text":[" "],"removed":[""],"origin":"+input"}
2019-7-2 18:12:02.982#change#{"from":{"line":1,"ch":25,"sticky":null},"to":{"line":1,"ch":25,"sticky":null},"text":["*"],"removed":[""],"origin":"+input"}
2019-7-2 18:12:03.308#change#{"from":{"line":1,"ch":26,"sticky":null},"to":{"line":1,"ch":26,"sticky":null},"text":["",""],"removed":[""],"origin":"+input"}
2019-7-2 18:12:03.309#keyHandled#"Enter"
2019-7-2 18:12:03.322#viewportChange#0
2019-7-2 18:12:06.310#change#{"from":{"line":2,"ch":0,"sticky":null},"to":{"line":2,"ch":0,"sticky":null},"text":["m"],"removed":[""],"origin":"+input"}
2019-7-2 18:12:06.470#change#{"from":{"line":2,"ch":1,"sticky":null},"to":{"line":2,"ch":1,"sticky":null},"text":["a"],"removed":[""],"origin":"+input"}
2019-7-2 18:12:06.638#change#{"from":{"line":2,"ch":2,"sticky":null},"to":{"line":2,"ch":2,"sticky":null},"text":["t"],"removed":[""],"origin":"+input"}
2019-7-2 18:12:06.651#change#{"from":{"line":2,"ch":3,"sticky":null},"to":{"line":2,"ch":3,"sticky":null},"text":["y"],"removed":[""],"origin":"+input"}
2019-7-2 18:12:07.931#change#{"from":{"line":2,"ch":3,"sticky":"after"},"to":{"line":2,"ch":4,"sticky":null},"text":[""],"removed":["y"],"origin":"+delete"}
2019-7-2 18:12:07.931#keyHandled#"Backspace"
2019-7-2 18:12:08.526#change#{"from":{"line":2,"ch":3,"sticky":null},"to":{"line":2,"ch":3,"sticky":null},"text":["="],"removed":[""],"origin":"+input"}
2019-7-2 18:12:09.536#change#{"from":{"line":2,"ch":4,"sticky":null},"to":{"line":2,"ch":4,"sticky":null},"text":["a"],"removed":[""],"origin":"+input"}
2019-7-2 18:12:09.742#change#{"from":{"line":2,"ch":5,"sticky":null},"to":{"line":2,"ch":5,"sticky":null},"text":["r"],"removed":[""],"origin":"+input"}
2019-7-2 18:12:09.903#change#{"from":{"line":2,"ch":6,"sticky":null},"to":{"line":2,"ch":6,"sticky":null},"text":["r"],"removed":[""],"origin":"+input"}
2019-7-2 18:12:10.101#change#{"from":{"line":2,"ch":7,"sticky":null},"to":{"line":2,"ch":7,"sticky":null},"text":["a"],"removed":[""],"origin":"+input"}
2019-7-2 18:12:10.238#change#{"from":{"line":2,"ch":8,"sticky":null},"to":{"line":2,"ch":8,"sticky":null},"text":["y"],"removed":[""],"origin":"+input"}
2019-7-2 18:12:10.890#change#{"from":{"line":2,"ch":9,"sticky":null},"to":{"line":2,"ch":9,"sticky":null},"text":["()"],"removed":[""],"origin":"+input"}
2019-7-2 18:12:10.890#keyHandled#"'('"
2019-7-2 18:12:11.102#change#{"from":{"line":2,"ch":10,"sticky":"after"},"to":{"line":2,"ch":10,"sticky":"after"},"text":["e"],"removed":[""],"origin":"+input"}
2019-7-2 18:12:11.117#change#{"from":{"line":2,"ch":11,"sticky":null},"to":{"line":2,"ch":11,"sticky":null},"text":["w"],"removed":[""],"origin":"+input"}
2019-7-2 18:12:11.342#change#{"from":{"line":2,"ch":12,"sticky":null},"to":{"line":2,"ch":12,"sticky":null},"text":["v"],"removed":[""],"origin":"+input"}
2019-7-2 18:12:11.550#change#{"from":{"line":2,"ch":13,"sticky":null},"to":{"line":2,"ch":13,"sticky":null},"text":["a"],"removed":[""],"origin":"+input"}
2019-7-2 18:12:12.651#change#{"from":{"line":2,"ch":13,"sticky":"after"},"to":{"line":2,"ch":14,"sticky":null},"text":[""],"removed":["a"],"origin":"+delete"}
2019-7-2 18:12:12.651#keyHandled#"Backspace"
2019-7-2 18:12:12.803#change#{"from":{"line":2,"ch":12,"sticky":"after"},"to":{"line":2,"ch":13,"sticky":null},"text":[""],"removed":["v"],"origin":"+delete"}
2019-7-2 18:12:12.803#keyHandled#"Backspace"
2019-7-2 18:12:13.363#change#{"from":{"line":2,"ch":11,"sticky":"after"},"to":{"line":2,"ch":12,"sticky":null},"text":[""],"removed":["w"],"origin":"+delete"}
2019-7-2 18:12:13.363#keyHandled#"Backspace"
2019-7-2 18:12:13.694#change#{"from":{"line":2,"ch":11,"sticky":null},"to":{"line":2,"ch":11,"sticky":null},"text":["v"],"removed":[""],"origin":"+input"}
2019-7-2 18:12:13.950#change#{"from":{"line":2,"ch":12,"sticky":null},"to":{"line":2,"ch":12,"sticky":null},"text":["a"],"removed":[""],"origin":"+input"}
2019-7-2 18:12:14.085#change#{"from":{"line":2,"ch":13,"sticky":null},"to":{"line":2,"ch":13,"sticky":null},"text":["l"],"removed":[""],"origin":"+input"}
2019-7-2 18:12:17.222#change#{"from":{"line":2,"ch":14,"sticky":null},"to":{"line":2,"ch":14,"sticky":null},"text":["()"],"removed":[""],"origin":"+input"}
2019-7-2 18:12:17.222#keyHandled#"'('"
2019-7-2 18:12:17.742#change#{"from":{"line":2,"ch":15,"sticky":"after"},"to":{"line":2,"ch":15,"sticky":"after"},"text":["u"],"removed":[""],"origin":"+input"}
2019-7-2 18:12:17.755#change#{"from":{"line":2,"ch":16,"sticky":null},"to":{"line":2,"ch":16,"sticky":null},"text":["i"],"removed":[""],"origin":"+input"}
2019-7-2 18:12:17.941#change#{"from":{"line":2,"ch":17,"sticky":null},"to":{"line":2,"ch":17,"sticky":null},"text":["n"],"removed":[""],"origin":"+input"}
2019-7-2 18:12:18.763#change#{"from":{"line":2,"ch":17,"sticky":"after"},"to":{"line":2,"ch":18,"sticky":null},"text":[""],"removed":["n"],"origin":"+delete"}
2019-7-2 18:12:18.763#keyHandled#"Backspace"
2019-7-2 18:12:18.939#change#{"from":{"line":2,"ch":16,"sticky":"after"},"to":{"line":2,"ch":17,"sticky":null},"text":[""],"removed":["i"],"origin":"+delete"}
2019-7-2 18:12:18.939#keyHandled#"Backspace"
2019-7-2 18:12:19.123#change#{"from":{"line":2,"ch":15,"sticky":"after"},"to":{"line":2,"ch":16,"sticky":null},"text":[""],"removed":["u"],"origin":"+delete"}
2019-7-2 18:12:19.123#keyHandled#"Backspace"
2019-7-2 18:12:19.751#change#{"from":{"line":2,"ch":15,"sticky":null},"to":{"line":2,"ch":15,"sticky":null},"text":["i"],"removed":[""],"origin":"+input"}
2019-7-2 18:12:19.974#change#{"from":{"line":2,"ch":16,"sticky":null},"to":{"line":2,"ch":16,"sticky":null},"text":["n"],"removed":[""],"origin":"+input"}
2019-7-2 18:12:20.213#change#{"from":{"line":2,"ch":17,"sticky":null},"to":{"line":2,"ch":17,"sticky":null},"text":["p"],"removed":[""],"origin":"+input"}
2019-7-2 18:12:20.454#change#{"from":{"line":2,"ch":18,"sticky":null},"to":{"line":2,"ch":18,"sticky":null},"text":["u"],"removed":[""],"origin":"+input"}
2019-7-2 18:12:20.582#change#{"from":{"line":2,"ch":19,"sticky":null},"to":{"line":2,"ch":19,"sticky":null},"text":["t"],"removed":[""],"origin":"+input"}
2019-7-2 18:12:22.110#change#{"from":{"line":2,"ch":20,"sticky":null},"to":{"line":2,"ch":20,"sticky":null},"text":["()"],"removed":[""],"origin":"+input"}
2019-7-2 18:12:22.110#keyHandled#"'('"
2019-7-2 18:12:22.608#change#{"from":{"line":2,"ch":21,"sticky":"after"},"to":{"line":2,"ch":21,"sticky":"after"},"text":["\"\""],"removed":[""],"origin":"+input"}
2019-7-2 18:12:22.609#keyHandled#"'\"'"
2019-7-2 18:12:27.246#change#{"from":{"line":2,"ch":22,"sticky":"after"},"to":{"line":2,"ch":22,"sticky":"after"},"text":["M"],"removed":[""],"origin":"+input"}
2019-7-2 18:12:27.485#change#{"from":{"line":2,"ch":23,"sticky":null},"to":{"line":2,"ch":23,"sticky":null},"text":["a"],"removed":[""],"origin":"+input"}
2019-7-2 18:12:27.743#change#{"from":{"line":2,"ch":24,"sticky":null},"to":{"line":2,"ch":24,"sticky":null},"text":["t"],"removed":[""],"origin":"+input"}
2019-7-2 18:12:27.886#change#{"from":{"line":2,"ch":25,"sticky":null},"to":{"line":2,"ch":25,"sticky":null},"text":["r"],"removed":[""],"origin":"+input"}
2019-7-2 18:12:28.158#change#{"from":{"line":2,"ch":26,"sticky":null},"to":{"line":2,"ch":26,"sticky":null},"text":["i"],"removed":[""],"origin":"+input"}
2019-7-2 18:12:28.337#change#{"from":{"line":2,"ch":27,"sticky":null},"to":{"line":2,"ch":27,"sticky":null},"text":["z"],"removed":[""],"origin":"+input"}
2019-7-2 18:12:29.552#change#{"from":{"line":2,"ch":28,"sticky":null},"to":{"line":2,"ch":28,"sticky":null},"text":[":"],"removed":[""],"origin":"+input"}
2019-7-2 18:12:30.930#mousedown#{"isTrusted":true}
2019-7-2 18:12:31.334#mousedown#{"isTrusted":true}
2019-7-2 18:12:32.141#change#{"from":{"line":2,"ch":33,"sticky":"before","xRel":18.08331298828125},"to":{"line":2,"ch":33,"sticky":"before","xRel":18.08331298828125},"text":["",""],"removed":[""],"origin":"+input"}
2019-7-2 18:12:32.141#keyHandled#"Enter"
2019-7-2 18:12:32.155#viewportChange#0
2019-7-2 18:12:51.869#change#{"from":{"line":3,"ch":0,"sticky":null},"to":{"line":3,"ch":0,"sticky":null},"text":["f"],"removed":[""],"origin":"+input"}
2019-7-2 18:12:51.990#change#{"from":{"line":3,"ch":1,"sticky":null},"to":{"line":3,"ch":1,"sticky":null},"text":["o"],"removed":[""],"origin":"+input"}
2019-7-2 18:12:52.149#change#{"from":{"line":3,"ch":2,"sticky":null},"to":{"line":3,"ch":2,"sticky":null},"text":["r"],"removed":[""],"origin":"+input"}
2019-7-2 18:12:52.285#change#{"from":{"line":3,"ch":3,"sticky":null},"to":{"line":3,"ch":3,"sticky":null},"text":[" "],"removed":[""],"origin":"+input"}
2019-7-2 18:12:52.522#change#{"from":{"line":3,"ch":4,"sticky":null},"to":{"line":3,"ch":4,"sticky":null},"text":["i"],"removed":[""],"origin":"+input"}
2019-7-2 18:12:52.734#change#{"from":{"line":3,"ch":5,"sticky":null},"to":{"line":3,"ch":5,"sticky":null},"text":[" "],"removed":[""],"origin":"+input"}
2019-7-2 18:12:52.997#change#{"from":{"line":3,"ch":6,"sticky":null},"to":{"line":3,"ch":6,"sticky":null},"text":["i"],"removed":[""],"origin":"+input"}
2019-7-2 18:12:53.262#change#{"from":{"line":3,"ch":7,"sticky":null},"to":{"line":3,"ch":7,"sticky":null},"text":["n"],"removed":[""],"origin":"+input"}
2019-7-2 18:12:53.518#change#{"from":{"line":3,"ch":8,"sticky":null},"to":{"line":3,"ch":8,"sticky":null},"text":[" "],"removed":[""],"origin":"+input"}
2019-7-2 18:12:56.226#mousedown#{"isTrusted":true}
2019-7-2 18:12:56.901#change#{"from":{"line":2,"ch":33,"sticky":"before","xRel":12.08331298828125},"to":{"line":2,"ch":33,"sticky":"before","xRel":12.08331298828125},"text":["",""],"removed":[""],"origin":"+input"}
2019-7-2 18:12:56.901#keyHandled#"Enter"
2019-7-2 18:12:56.916#viewportChange#0
2019-7-2 18:12:59.583#change#{"from":{"line":3,"ch":0,"sticky":null},"to":{"line":3,"ch":0,"sticky":null},"text":["a"],"removed":[""],"origin":"+input"}
2019-7-2 18:12:59.710#change#{"from":{"line":3,"ch":1,"sticky":null},"to":{"line":3,"ch":1,"sticky":null},"text":["l"],"removed":[""],"origin":"+input"}
2019-7-2 18:12:59.949#change#{"from":{"line":3,"ch":2,"sticky":null},"to":{"line":3,"ch":2,"sticky":null},"text":["u"],"removed":[""],"origin":"+input"}
2019-7-2 18:13:00.149#change#{"from":{"line":3,"ch":3,"sticky":null},"to":{"line":3,"ch":3,"sticky":null},"text":["n"],"removed":[""],"origin":"+input"}
2019-7-2 18:13:00.333#change#{"from":{"line":3,"ch":4,"sticky":null},"to":{"line":3,"ch":4,"sticky":null},"text":["o"],"removed":[""],"origin":"+input"}
2019-7-2 18:13:00.493#change#{"from":{"line":3,"ch":5,"sticky":null},"to":{"line":3,"ch":5,"sticky":null},"text":["s"],"removed":[""],"origin":"+input"}
2019-7-2 18:13:01.325#change#{"from":{"line":3,"ch":6,"sticky":null},"to":{"line":3,"ch":6,"sticky":null},"text":["="],"removed":[""],"origin":"+input"}
2019-7-2 18:13:07.678#change#{"from":{"line":3,"ch":7,"sticky":null},"to":{"line":3,"ch":7,"sticky":null},"text":["m"],"removed":[""],"origin":"+input"}
2019-7-2 18:13:08.875#change#{"from":{"line":3,"ch":7,"sticky":"after"},"to":{"line":3,"ch":8,"sticky":null},"text":[""],"removed":["m"],"origin":"+delete"}
2019-7-2 18:13:08.875#keyHandled#"Backspace"
2019-7-2 18:13:37.532#blur#
2019-7-2 18:13:45.316#mousedown#{"isTrusted":true}
2019-7-2 18:13:45.329#focus#
2019-7-2 18:13:56.311#change#{"from":{"line":3,"ch":7,"sticky":"before","xRel":8.08331298828125},"to":{"line":3,"ch":7,"sticky":"before","xRel":8.08331298828125},"text":["q"],"removed":[""],"origin":"+input"}
2019-7-2 18:13:56.819#change#{"from":{"line":3,"ch":7,"sticky":"after"},"to":{"line":3,"ch":8,"sticky":null},"text":[""],"removed":["q"],"origin":"+delete"}
2019-7-2 18:13:56.819#keyHandled#"Backspace"
2019-7-2 18:13:56.991#change#{"from":{"line":3,"ch":7,"sticky":null},"to":{"line":3,"ch":7,"sticky":null},"text":["w"],"removed":[""],"origin":"+input"}
2019-7-2 18:13:57.555#change#{"from":{"line":3,"ch":7,"sticky":"after"},"to":{"line":3,"ch":8,"sticky":null},"text":[""],"removed":["w"],"origin":"+delete"}
2019-7-2 18:13:57.555#keyHandled#"Backspace"
2019-7-2 18:13:57.687#change#{"from":{"line":3,"ch":7,"sticky":null},"to":{"line":3,"ch":7,"sticky":null},"text":["e"],"removed":[""],"origin":"+input"}
2019-7-2 18:13:58.347#change#{"from":{"line":3,"ch":7,"sticky":"after"},"to":{"line":3,"ch":8,"sticky":null},"text":[""],"removed":["e"],"origin":"+delete"}
2019-7-2 18:13:58.347#keyHandled#"Backspace"
2019-7-2 18:13:58.471#change#{"from":{"line":3,"ch":7,"sticky":null},"to":{"line":3,"ch":7,"sticky":null},"text":["r"],"removed":[""],"origin":"+input"}
2019-7-2 18:14:00.819#change#{"from":{"line":3,"ch":7,"sticky":"after"},"to":{"line":3,"ch":8,"sticky":null},"text":[""],"removed":["r"],"origin":"+delete"}
2019-7-2 18:14:00.819#keyHandled#"Backspace"
2019-7-2 18:14:00.959#change#{"from":{"line":3,"ch":7,"sticky":null},"to":{"line":3,"ch":7,"sticky":null},"text":["t"],"removed":[""],"origin":"+input"}
2019-7-2 18:14:01.547#change#{"from":{"line":3,"ch":7,"sticky":"after"},"to":{"line":3,"ch":8,"sticky":null},"text":[""],"removed":["t"],"origin":"+delete"}
2019-7-2 18:14:01.547#keyHandled#"Backspace"
2019-7-2 18:14:01.670#change#{"from":{"line":3,"ch":7,"sticky":null},"to":{"line":3,"ch":7,"sticky":null},"text":["y"],"removed":[""],"origin":"+input"}
2019-7-2 18:14:02.995#change#{"from":{"line":3,"ch":7,"sticky":"after"},"to":{"line":3,"ch":8,"sticky":null},"text":[""],"removed":["y"],"origin":"+delete"}
2019-7-2 18:14:02.995#keyHandled#"Backspace"
2019-7-2 18:14:03.094#change#{"from":{"line":3,"ch":7,"sticky":null},"to":{"line":3,"ch":7,"sticky":null},"text":["u"],"removed":[""],"origin":"+input"}
2019-7-2 18:14:03.595#change#{"from":{"line":3,"ch":7,"sticky":"after"},"to":{"line":3,"ch":8,"sticky":null},"text":[""],"removed":["u"],"origin":"+delete"}
2019-7-2 18:14:03.595#keyHandled#"Backspace"
2019-7-2 18:14:03.742#change#{"from":{"line":3,"ch":7,"sticky":null},"to":{"line":3,"ch":7,"sticky":null},"text":["i"],"removed":[""],"origin":"+input"}
2019-7-2 18:14:04.811#change#{"from":{"line":3,"ch":7,"sticky":"after"},"to":{"line":3,"ch":8,"sticky":null},"text":[""],"removed":["i"],"origin":"+delete"}
2019-7-2 18:14:04.811#keyHandled#"Backspace"
2019-7-2 18:14:05.055#change#{"from":{"line":3,"ch":7,"sticky":null},"to":{"line":3,"ch":7,"sticky":null},"text":["o"],"removed":[""],"origin":"+input"}
2019-7-2 18:14:05.443#change#{"from":{"line":3,"ch":7,"sticky":"after"},"to":{"line":3,"ch":8,"sticky":null},"text":[""],"removed":["o"],"origin":"+delete"}
2019-7-2 18:14:05.443#keyHandled#"Backspace"
2019-7-2 18:14:05.574#change#{"from":{"line":3,"ch":7,"sticky":null},"to":{"line":3,"ch":7,"sticky":null},"text":["p"],"removed":[""],"origin":"+input"}
2019-7-2 18:14:06.036#change#{"from":{"line":3,"ch":7,"sticky":"after"},"to":{"line":3,"ch":8,"sticky":null},"text":[""],"removed":["p"],"origin":"+delete"}
2019-7-2 18:14:06.036#keyHandled#"Backspace"
2019-7-2 18:14:25.032#change#{"from":{"line":3,"ch":7,"sticky":null},"to":{"line":3,"ch":7,"sticky":null},"text":["z"],"removed":[""],"origin":"+input"}
2019-7-2 18:14:25.971#change#{"from":{"line":3,"ch":7,"sticky":"after"},"to":{"line":3,"ch":8,"sticky":null},"text":[""],"removed":["z"],"origin":"+delete"}
2019-7-2 18:14:25.971#keyHandled#"Backspace"
2019-7-2 18:14:26.238#change#{"from":{"line":3,"ch":7,"sticky":null},"to":{"line":3,"ch":7,"sticky":null},"text":["x"],"removed":[""],"origin":"+input"}
2019-7-2 18:14:27.179#change#{"from":{"line":3,"ch":7,"sticky":"after"},"to":{"line":3,"ch":8,"sticky":null},"text":[""],"removed":["x"],"origin":"+delete"}
2019-7-2 18:14:27.179#keyHandled#"Backspace"
2019-7-2 18:14:27.423#change#{"from":{"line":3,"ch":7,"sticky":null},"to":{"line":3,"ch":7,"sticky":null},"text":["c"],"removed":[""],"origin":"+input"}
2019-7-2 18:14:28.051#change#{"from":{"line":3,"ch":7,"sticky":"after"},"to":{"line":3,"ch":8,"sticky":null},"text":[""],"removed":["c"],"origin":"+delete"}
2019-7-2 18:14:28.051#keyHandled#"Backspace"
2019-7-2 18:14:28.222#change#{"from":{"line":3,"ch":7,"sticky":null},"to":{"line":3,"ch":7,"sticky":null},"text":["v"],"removed":[""],"origin":"+input"}
2019-7-2 18:14:28.891#change#{"from":{"line":3,"ch":7,"sticky":"after"},"to":{"line":3,"ch":8,"sticky":null},"text":[""],"removed":["v"],"origin":"+delete"}
2019-7-2 18:14:28.891#keyHandled#"Backspace"
2019-7-2 18:14:29.174#change#{"from":{"line":3,"ch":7,"sticky":null},"to":{"line":3,"ch":7,"sticky":null},"text":["b"],"removed":[""],"origin":"+input"}
2019-7-2 18:14:29.755#change#{"from":{"line":3,"ch":7,"sticky":"after"},"to":{"line":3,"ch":8,"sticky":null},"text":[""],"removed":["b"],"origin":"+delete"}
2019-7-2 18:14:29.755#keyHandled#"Backspace"
2019-7-2 18:14:30.118#change#{"from":{"line":3,"ch":7,"sticky":null},"to":{"line":3,"ch":7,"sticky":null},"text":["n"],"removed":[""],"origin":"+input"}
2019-7-2 18:14:30.571#change#{"from":{"line":3,"ch":7,"sticky":"after"},"to":{"line":3,"ch":8,"sticky":null},"text":[""],"removed":["n"],"origin":"+delete"}
2019-7-2 18:14:30.571#keyHandled#"Backspace"
2019-7-2 18:14:38.182#change#{"from":{"line":3,"ch":7,"sticky":null},"to":{"line":3,"ch":7,"sticky":null},"text":["s"],"removed":[""],"origin":"+input"}
2019-7-2 18:14:46.695#mousedown#{"isTrusted":true}
2019-7-2 18:14:48.846#change#{"from":{"line":4,"ch":9,"sticky":"before","xRel":36.08331298828125},"to":{"line":4,"ch":9,"sticky":"before","xRel":36.08331298828125},"text":["r"],"removed":[""],"origin":"+input"}
2019-7-2 18:14:49.085#change#{"from":{"line":4,"ch":10,"sticky":null},"to":{"line":4,"ch":10,"sticky":null},"text":["a"],"removed":[""],"origin":"+input"}
2019-7-2 18:14:49.205#change#{"from":{"line":4,"ch":11,"sticky":null},"to":{"line":4,"ch":11,"sticky":null},"text":["n"],"removed":[""],"origin":"+input"}
2019-7-2 18:14:49.478#change#{"from":{"line":4,"ch":12,"sticky":null},"to":{"line":4,"ch":12,"sticky":null},"text":["g"],"removed":[""],"origin":"+input"}
2019-7-2 18:14:49.662#change#{"from":{"line":4,"ch":13,"sticky":null},"to":{"line":4,"ch":13,"sticky":null},"text":["e"],"removed":[""],"origin":"+input"}
2019-7-2 18:14:50.114#change#{"from":{"line":4,"ch":14,"sticky":null},"to":{"line":4,"ch":14,"sticky":null},"text":["()"],"removed":[""],"origin":"+input"}
2019-7-2 18:14:50.114#keyHandled#"'('"
2019-7-2 18:14:50.325#change#{"from":{"line":4,"ch":15,"sticky":"after"},"to":{"line":4,"ch":15,"sticky":"after"},"text":["a"],"removed":[""],"origin":"+input"}
2019-7-2 18:14:50.405#change#{"from":{"line":4,"ch":16,"sticky":null},"to":{"line":4,"ch":16,"sticky":null},"text":["l"],"removed":[""],"origin":"+input"}
2019-7-2 18:14:50.909#change#{"from":{"line":4,"ch":17,"sticky":null},"to":{"line":4,"ch":17,"sticky":null},"text":["u"],"removed":[""],"origin":"+input"}
2019-7-2 18:14:51.102#change#{"from":{"line":4,"ch":18,"sticky":null},"to":{"line":4,"ch":18,"sticky":null},"text":["n"],"removed":[""],"origin":"+input"}
2019-7-2 18:14:51.325#change#{"from":{"line":4,"ch":19,"sticky":null},"to":{"line":4,"ch":19,"sticky":null},"text":["o"],"removed":[""],"origin":"+input"}
2019-7-2 18:14:51.407#change#{"from":{"line":4,"ch":20,"sticky":null},"to":{"line":4,"ch":20,"sticky":null},"text":["s"],"removed":[""],"origin":"+input"}
2019-7-2 18:14:52.745#mousedown#{"isTrusted":true}
2019-7-2 18:14:53.478#change#{"from":{"line":4,"ch":22,"sticky":"before","xRel":33.08331298828125},"to":{"line":4,"ch":22,"sticky":"before","xRel":33.08331298828125},"text":[":"],"removed":[""],"origin":"+input"}
2019-7-2 18:14:53.740#change#{"from":{"line":4,"ch":23,"sticky":null},"to":{"line":4,"ch":23,"sticky":null},"text":["",""],"removed":[""],"origin":"+input"}
2019-7-2 18:14:53.740#change#{"from":{"line":5,"ch":0,"sticky":null},"to":{"line":5,"ch":0,"sticky":null},"text":["\t"],"removed":[""],"origin":"+input"}
2019-7-2 18:14:53.740#keyHandled#"Enter"
2019-7-2 18:14:53.752#viewportChange#0
2019-7-2 18:15:15.415#change#{"from":{"line":5,"ch":1,"sticky":null},"to":{"line":5,"ch":1,"sticky":null},"text":["m"],"removed":[""],"origin":"+input"}
2019-7-2 18:15:15.582#change#{"from":{"line":5,"ch":2,"sticky":null},"to":{"line":5,"ch":2,"sticky":null},"text":["a"],"removed":[""],"origin":"+input"}
2019-7-2 18:15:15.766#change#{"from":{"line":5,"ch":3,"sticky":null},"to":{"line":5,"ch":3,"sticky":null},"text":["t"],"removed":[""],"origin":"+input"}
2019-7-2 18:15:17.203#change#{"from":{"line":5,"ch":3,"sticky":"after"},"to":{"line":5,"ch":4,"sticky":null},"text":[""],"removed":["t"],"origin":"+delete"}
2019-7-2 18:15:17.203#keyHandled#"Backspace"
2019-7-2 18:15:17.363#change#{"from":{"line":5,"ch":2,"sticky":"after"},"to":{"line":5,"ch":3,"sticky":null},"text":[""],"removed":["a"],"origin":"+delete"}
2019-7-2 18:15:17.363#keyHandled#"Backspace"
2019-7-2 18:15:17.803#change#{"from":{"line":5,"ch":1,"sticky":"after"},"to":{"line":5,"ch":2,"sticky":null},"text":[""],"removed":["m"],"origin":"+delete"}
2019-7-2 18:15:17.803#keyHandled#"Backspace"
2019-7-2 18:15:22.318#change#{"from":{"line":5,"ch":1,"sticky":null},"to":{"line":5,"ch":1,"sticky":null},"text":["i"],"removed":[""],"origin":"+input"}
2019-7-2 18:15:22.453#change#{"from":{"line":5,"ch":2,"sticky":null},"to":{"line":5,"ch":2,"sticky":null},"text":["f"],"removed":[""],"origin":"+input"}
2019-7-2 18:15:24.295#change#{"from":{"line":5,"ch":3,"sticky":null},"to":{"line":5,"ch":3,"sticky":null},"text":[" "],"removed":[""],"origin":"+input"}
2019-7-2 18:15:26.534#change#{"from":{"line":5,"ch":4,"sticky":null},"to":{"line":5,"ch":4,"sticky":null},"text":["a"],"removed":[""],"origin":"+input"}
2019-7-2 18:15:26.653#change#{"from":{"line":5,"ch":5,"sticky":null},"to":{"line":5,"ch":5,"sticky":null},"text":["l"],"removed":[""],"origin":"+input"}
2019-7-2 18:15:26.903#change#{"from":{"line":5,"ch":6,"sticky":null},"to":{"line":5,"ch":6,"sticky":null},"text":["u"],"removed":[""],"origin":"+input"}
2019-7-2 18:15:27.110#change#{"from":{"line":5,"ch":7,"sticky":null},"to":{"line":5,"ch":7,"sticky":null},"text":["n"],"removed":[""],"origin":"+input"}
2019-7-2 18:15:27.318#change#{"from":{"line":5,"ch":8,"sticky":null},"to":{"line":5,"ch":8,"sticky":null},"text":["o"],"removed":[""],"origin":"+input"}
2019-7-2 18:15:27.438#change#{"from":{"line":5,"ch":9,"sticky":null},"to":{"line":5,"ch":9,"sticky":null},"text":["s"],"removed":[""],"origin":"+input"}
2019-7-2 18:15:28.470#change#{"from":{"line":5,"ch":10,"sticky":null},"to":{"line":5,"ch":10,"sticky":null},"text":["[]"],"removed":[""],"origin":"+input"}
2019-7-2 18:15:28.470#keyHandled#"'['"
2019-7-2 18:15:28.966#change#{"from":{"line":5,"ch":11,"sticky":"after"},"to":{"line":5,"ch":11,"sticky":"after"},"text":["i"],"removed":[""],"origin":"+input"}
2019-7-2 18:15:31.414#change#{"from":{"line":5,"ch":12,"sticky":null},"to":{"line":5,"ch":12,"sticky":null},"text":[","],"removed":[""],"origin":"+input"}
2019-7-2 18:15:31.869#change#{"from":{"line":5,"ch":13,"sticky":null},"to":{"line":5,"ch":13,"sticky":null},"text":[":"],"removed":[""],"origin":"+input"}
2019-7-2 18:15:33.430#mousedown#{"isTrusted":true}
2019-7-2 18:15:35.567#mousedown#{"isTrusted":true}
2019-7-2 18:15:38.143#change#{"from":{"line":5,"ch":4,"sticky":"before","xRel":-2.91668701171875},"to":{"line":5,"ch":4,"sticky":"before","xRel":-2.91668701171875},"text":["s"],"removed":[""],"origin":"+input"}
2019-7-2 18:15:38.286#change#{"from":{"line":5,"ch":5,"sticky":null},"to":{"line":5,"ch":5,"sticky":null},"text":["u"],"removed":[""],"origin":"+input"}
2019-7-2 18:15:38.566#change#{"from":{"line":5,"ch":6,"sticky":null},"to":{"line":5,"ch":6,"sticky":null},"text":["m"],"removed":[""],"origin":"+input"}
2019-7-2 18:15:39.351#change#{"from":{"line":5,"ch":7,"sticky":null},"to":{"line":5,"ch":7,"sticky":null},"text":["("],"removed":[""],"origin":"+input"}
2019-7-2 18:15:40.503#mousedown#{"isTrusted":true}
2019-7-2 18:15:41.255#change#{"from":{"line":5,"ch":19,"sticky":"before","xRel":25.08331298828125},"to":{"line":5,"ch":19,"sticky":"before","xRel":25.08331298828125},"text":[")"],"removed":[""],"origin":"+input"}
2019-7-2 18:15:43.758#change#{"from":{"line":5,"ch":20,"sticky":null},"to":{"line":5,"ch":20,"sticky":null},"text":["="],"removed":[""],"origin":"+input"}
2019-7-2 18:15:43.910#change#{"from":{"line":5,"ch":21,"sticky":null},"to":{"line":5,"ch":21,"sticky":null},"text":["="],"removed":[""],"origin":"+input"}
2019-7-2 18:15:51.329#mousedown#{"isTrusted":true}
2019-7-2 18:15:56.290#mousedown#{"isTrusted":true}
2019-7-2 18:16:00.275#change#{"from":{"line":3,"ch":7,"sticky":"after"},"to":{"line":3,"ch":8,"sticky":"before","xRel":38.08331298828125},"text":[""],"removed":["s"],"origin":"+delete"}
2019-7-2 18:16:00.275#keyHandled#"Backspace"
2019-7-2 18:16:06.120#blur#
2019-7-2 18:16:32.658#mousedown#{"isTrusted":true}
2019-7-2 18:16:32.676#focus#
2019-7-2 18:16:41.164#blur#
2019-7-2 18:16:46.911#mousedown#{"isTrusted":true}
2019-7-2 18:16:46.927#focus#
2019-7-2 18:16:47.424#mousedown#{"isTrusted":true}
2019-7-2 18:16:52.257#mousedown#{"isTrusted":true}
2019-7-2 18:17:02.136#mousedown#{"isTrusted":true}
2019-7-2 18:17:02.529#mousedown#{"isTrusted":true}
2019-7-2 18:17:04.209#change#{"from":{"line":5,"ch":20,"sticky":"before","xRel":-2.91668701171875},"to":{"line":5,"ch":20,"sticky":"before","xRel":-2.91668701171875},"text":["/"],"removed":[""],"origin":"+input"}
2019-7-2 18:17:06.228#mousedown#{"isTrusted":true}
2019-7-2 18:17:07.054#change#{"from":{"line":3,"ch":7,"sticky":"before","xRel":54.08331298828125},"to":{"line":3,"ch":7,"sticky":"before","xRel":54.08331298828125},"text":["",""],"removed":[""],"origin":"+input"}
2019-7-2 18:17:07.054#keyHandled#"Enter"
2019-7-2 18:17:07.071#viewportChange#0
2019-7-2 18:17:07.911#change#{"from":{"line":4,"ch":0,"sticky":null},"to":{"line":4,"ch":0,"sticky":null},"text":["p"],"removed":[""],"origin":"+input"}
2019-7-2 18:17:08.055#change#{"from":{"line":4,"ch":1,"sticky":null},"to":{"line":4,"ch":1,"sticky":null},"text":["r"],"removed":[""],"origin":"+input"}
2019-7-2 18:17:08.207#change#{"from":{"line":4,"ch":2,"sticky":null},"to":{"line":4,"ch":2,"sticky":null},"text":["o"],"removed":[""],"origin":"+input"}
2019-7-2 18:17:08.528#change#{"from":{"line":4,"ch":3,"sticky":null},"to":{"line":4,"ch":3,"sticky":null},"text":["v"],"removed":[""],"origin":"+input"}
2019-7-2 18:17:08.766#change#{"from":{"line":4,"ch":4,"sticky":null},"to":{"line":4,"ch":4,"sticky":null},"text":["a"],"removed":[""],"origin":"+input"}
2019-7-2 18:17:08.926#change#{"from":{"line":4,"ch":5,"sticky":null},"to":{"line":4,"ch":5,"sticky":null},"text":["s"],"removed":[""],"origin":"+input"}
2019-7-2 18:17:10.655#change#{"from":{"line":4,"ch":6,"sticky":null},"to":{"line":4,"ch":6,"sticky":null},"text":["="],"removed":[""],"origin":"+input"}
2019-7-2 18:17:11.859#mousedown#{"isTrusted":true}
2019-7-2 18:17:12.801#change#{"from":{"line":6,"ch":21,"sticky":"after","xRel":2.08331298828125},"to":{"line":6,"ch":21,"sticky":"after","xRel":2.08331298828125},"text":["p"],"removed":[""],"origin":"+input"}
2019-7-2 18:17:12.936#change#{"from":{"line":6,"ch":22,"sticky":null},"to":{"line":6,"ch":22,"sticky":null},"text":["r"],"removed":[""],"origin":"+input"}
2019-7-2 18:17:13.047#change#{"from":{"line":6,"ch":23,"sticky":null},"to":{"line":6,"ch":23,"sticky":null},"text":["o"],"removed":[""],"origin":"+input"}
2019-7-2 18:17:13.351#change#{"from":{"line":6,"ch":24,"sticky":null},"to":{"line":6,"ch":24,"sticky":null},"text":["v"],"removed":[""],"origin":"+input"}
2019-7-2 18:17:13.598#change#{"from":{"line":6,"ch":25,"sticky":null},"to":{"line":6,"ch":25,"sticky":null},"text":["a"],"removed":[""],"origin":"+input"}
2019-7-2 18:17:13.751#change#{"from":{"line":6,"ch":26,"sticky":null},"to":{"line":6,"ch":26,"sticky":null},"text":["s"],"removed":[""],"origin":"+input"}
2019-7-2 18:17:14.858#mousedown#{"isTrusted":true}
2019-7-2 18:17:16.023#change#{"from":{"line":6,"ch":29,"sticky":"before","xRel":31.08331298828125},"to":{"line":6,"ch":29,"sticky":"before","xRel":31.08331298828125},"text":["5"],"removed":[""],"origin":"+input"}
2019-7-2 18:17:19.189#change#{"from":{"line":6,"ch":30,"sticky":null},"to":{"line":6,"ch":30,"sticky":null},"text":["",""],"removed":[""],"origin":"+input"}
2019-7-2 18:17:19.190#change#{"from":{"line":7,"ch":0,"sticky":null},"to":{"line":7,"ch":0,"sticky":null},"text":["\t"],"removed":[""],"origin":"+input"}
2019-7-2 18:17:19.190#keyHandled#"Enter"
2019-7-2 18:17:19.204#viewportChange#0
2019-7-2 18:17:20.153#mousedown#{"isTrusted":true}
2019-7-2 18:17:20.773#change#{"from":{"line":4,"ch":7,"sticky":"before","xRel":47.08331298828125},"to":{"line":4,"ch":7,"sticky":"before","xRel":47.08331298828125},"text":["",""],"removed":[""],"origin":"+input"}
2019-7-2 18:17:20.773#keyHandled#"Enter"
2019-7-2 18:17:20.786#viewportChange#0
2019-7-2 18:17:21.022#change#{"from":{"line":5,"ch":0,"sticky":null},"to":{"line":5,"ch":0,"sticky":null},"text":["a"],"removed":[""],"origin":"+input"}
2019-7-2 18:17:21.238#change#{"from":{"line":5,"ch":1,"sticky":null},"to":{"line":5,"ch":1,"sticky":null},"text":["p"],"removed":[""],"origin":"+input"}
2019-7-2 18:17:21.374#change#{"from":{"line":5,"ch":2,"sticky":null},"to":{"line":5,"ch":2,"sticky":null},"text":["r"],"removed":[""],"origin":"+input"}
2019-7-2 18:17:21.510#change#{"from":{"line":5,"ch":3,"sticky":null},"to":{"line":5,"ch":3,"sticky":null},"text":["o"],"removed":[""],"origin":"+input"}
2019-7-2 18:17:21.702#change#{"from":{"line":5,"ch":4,"sticky":null},"to":{"line":5,"ch":4,"sticky":null},"text":["v"],"removed":[""],"origin":"+input"}
2019-7-2 18:17:21.917#change#{"from":{"line":5,"ch":5,"sticky":null},"to":{"line":5,"ch":5,"sticky":null},"text":["a"],"removed":[""],"origin":"+input"}
2019-7-2 18:17:22.103#change#{"from":{"line":5,"ch":6,"sticky":null},"to":{"line":5,"ch":6,"sticky":null},"text":["d"],"removed":[""],"origin":"+input"}
2019-7-2 18:17:22.207#change#{"from":{"line":5,"ch":7,"sticky":null},"to":{"line":5,"ch":7,"sticky":null},"text":["o"],"removed":[""],"origin":"+input"}
2019-7-2 18:17:22.319#change#{"from":{"line":5,"ch":8,"sticky":null},"to":{"line":5,"ch":8,"sticky":null},"text":["s"],"removed":[""],"origin":"+input"}
2019-7-2 18:17:23.382#change#{"from":{"line":5,"ch":9,"sticky":null},"to":{"line":5,"ch":9,"sticky":null},"text":["="],"removed":[""],"origin":"+input"}
2019-7-2 18:17:23.582#change#{"from":{"line":5,"ch":10,"sticky":null},"to":{"line":5,"ch":10,"sticky":null},"text":["0"],"removed":[""],"origin":"+input"}
2019-7-2 18:17:24.884#mousedown#{"isTrusted":true}
2019-7-2 18:17:25.334#mousedown#{"isTrusted":true}
2019-7-2 18:17:26.454#change#{"from":{"line":7,"ch":30,"sticky":"before","xRel":16.08331298828125},"to":{"line":7,"ch":30,"sticky":"before","xRel":16.08331298828125},"text":[":"],"removed":[""],"origin":"+input"}
2019-7-2 18:17:28.061#change#{"from":{"line":7,"ch":31,"sticky":null},"to":{"line":7,"ch":31,"sticky":null},"text":["",""],"removed":[""],"origin":"+input"}
2019-7-2 18:17:28.061#change#{"from":{"line":8,"ch":0,"sticky":null},"to":{"line":8,"ch":0,"sticky":null},"text":["\t\t"],"removed":[""],"origin":"+input"}
2019-7-2 18:17:28.061#keyHandled#"Enter"
2019-7-2 18:17:28.090#viewportChange#0
2019-7-2 18:17:29.209#mousedown#{"isTrusted":true}
2019-7-2 18:17:29.313#change#{"from":{"line":8,"ch":1,"sticky":"after"},"to":{"line":8,"ch":2,"sticky":"before","xRel":-8.91668701171875},"text":[""],"removed":["\t"],"origin":"+delete"}
2019-7-2 18:17:29.313#keyHandled#"Backspace"
2019-7-2 18:17:29.676#change#{"from":{"line":8,"ch":0,"sticky":"after"},"to":{"line":8,"ch":1,"sticky":null},"text":[""],"removed":["\t"],"origin":"+delete"}
2019-7-2 18:17:29.676#keyHandled#"Backspace"
2019-7-2 18:17:29.917#change#{"from":{"line":7,"ch":31,"sticky":"before"},"to":{"line":8,"ch":0,"sticky":null},"text":[""],"removed":["",""],"origin":"+delete"}
2019-7-2 18:17:29.917#keyHandled#"Backspace"
2019-7-2 18:17:29.946#viewportChange#0
2019-7-2 18:17:30.786#mousedown#{"isTrusted":true}
2019-7-2 18:17:31.100#change#{"from":{"line":8,"ch":0,"sticky":"after"},"to":{"line":8,"ch":1,"sticky":"before","xRel":67.08331298828125},"text":[""],"removed":["\t"],"origin":"+delete"}
2019-7-2 18:17:31.100#keyHandled#"Backspace"
2019-7-2 18:17:31.444#change#{"from":{"line":7,"ch":31,"sticky":"before"},"to":{"line":8,"ch":0,"sticky":null},"text":[""],"removed":["",""],"origin":"+delete"}
2019-7-2 18:17:31.444#keyHandled#"Backspace"
2019-7-2 18:17:31.455#viewportChange#0
2019-7-2 18:17:31.861#change#{"from":{"line":7,"ch":31,"sticky":null},"to":{"line":7,"ch":31,"sticky":null},"text":["",""],"removed":[""],"origin":"+input"}
2019-7-2 18:17:31.862#change#{"from":{"line":8,"ch":0,"sticky":null},"to":{"line":8,"ch":0,"sticky":null},"text":["\t\t"],"removed":[""],"origin":"+input"}
2019-7-2 18:17:31.862#keyHandled#"Enter"
2019-7-2 18:17:31.877#viewportChange#0
2019-7-2 18:17:40.228#change#{"from":{"line":8,"ch":2,"sticky":null},"to":{"line":8,"ch":2,"sticky":null},"text":["a"],"removed":[""],"origin":"+input"}
2019-7-2 18:17:40.519#change#{"from":{"line":8,"ch":3,"sticky":null},"to":{"line":8,"ch":3,"sticky":null},"text":["p"],"removed":[""],"origin":"+input"}
2019-7-2 18:17:40.670#change#{"from":{"line":8,"ch":4,"sticky":null},"to":{"line":8,"ch":4,"sticky":null},"text":["r"],"removed":[""],"origin":"+input"}
2019-7-2 18:17:40.813#change#{"from":{"line":8,"ch":5,"sticky":null},"to":{"line":8,"ch":5,"sticky":null},"text":["o"],"removed":[""],"origin":"+input"}
2019-7-2 18:17:41.015#change#{"from":{"line":8,"ch":6,"sticky":null},"to":{"line":8,"ch":6,"sticky":null},"text":["v"],"removed":[""],"origin":"+input"}
2019-7-2 18:17:41.262#change#{"from":{"line":8,"ch":7,"sticky":null},"to":{"line":8,"ch":7,"sticky":null},"text":["a"],"removed":[""],"origin":"+input"}
2019-7-2 18:17:41.584#change#{"from":{"line":8,"ch":8,"sticky":null},"to":{"line":8,"ch":8,"sticky":null},"text":["d"],"removed":[""],"origin":"+input"}
2019-7-2 18:17:41.615#change#{"from":{"line":8,"ch":9,"sticky":null},"to":{"line":8,"ch":9,"sticky":null},"text":["o"],"removed":[""],"origin":"+input"}
2019-7-2 18:17:42.216#change#{"from":{"line":8,"ch":10,"sticky":null},"to":{"line":8,"ch":10,"sticky":null},"text":["s"],"removed":[""],"origin":"+input"}
2019-7-2 18:17:43.134#change#{"from":{"line":8,"ch":11,"sticky":null},"to":{"line":8,"ch":11,"sticky":null},"text":["="],"removed":[""],"origin":"+input"}
2019-7-2 18:17:43.382#change#{"from":{"line":8,"ch":12,"sticky":null},"to":{"line":8,"ch":12,"sticky":null},"text":["a"],"removed":[""],"origin":"+input"}
2019-7-2 18:17:43.509#change#{"from":{"line":8,"ch":13,"sticky":null},"to":{"line":8,"ch":13,"sticky":null},"text":["p"],"removed":[""],"origin":"+input"}
2019-7-2 18:17:43.661#change#{"from":{"line":8,"ch":14,"sticky":null},"to":{"line":8,"ch":14,"sticky":null},"text":["r"],"removed":[""],"origin":"+input"}
2019-7-2 18:17:43.798#change#{"from":{"line":8,"ch":15,"sticky":null},"to":{"line":8,"ch":15,"sticky":null},"text":["o"],"removed":[""],"origin":"+input"}
2019-7-2 18:17:43.941#change#{"from":{"line":8,"ch":16,"sticky":null},"to":{"line":8,"ch":16,"sticky":null},"text":["v"],"removed":[""],"origin":"+input"}
2019-7-2 18:17:44.182#change#{"from":{"line":8,"ch":17,"sticky":null},"to":{"line":8,"ch":17,"sticky":null},"text":["a"],"removed":[""],"origin":"+input"}
2019-7-2 18:17:44.358#change#{"from":{"line":8,"ch":18,"sticky":null},"to":{"line":8,"ch":18,"sticky":null},"text":["d"],"removed":[""],"origin":"+input"}
2019-7-2 18:17:44.486#change#{"from":{"line":8,"ch":19,"sticky":null},"to":{"line":8,"ch":19,"sticky":null},"text":["o"],"removed":[""],"origin":"+input"}
2019-7-2 18:17:44.583#change#{"from":{"line":8,"ch":20,"sticky":null},"to":{"line":8,"ch":20,"sticky":null},"text":["s"],"removed":[""],"origin":"+input"}
2019-7-2 18:17:44.998#change#{"from":{"line":8,"ch":21,"sticky":null},"to":{"line":8,"ch":21,"sticky":null},"text":["+"],"removed":[""],"origin":"+input"}
2019-7-2 18:17:45.238#change#{"from":{"line":8,"ch":22,"sticky":null},"to":{"line":8,"ch":22,"sticky":null},"text":["1"],"removed":[""],"origin":"+input"}
2019-7-2 18:17:45.931#change#{"from":{"line":8,"ch":23,"sticky":null},"to":{"line":8,"ch":23,"sticky":null},"text":["",""],"removed":[""],"origin":"+input"}
2019-7-2 18:17:45.931#change#{"from":{"line":9,"ch":0,"sticky":null},"to":{"line":9,"ch":0,"sticky":null},"text":["\t\t"],"removed":[""],"origin":"+input"}
2019-7-2 18:17:45.931#keyHandled#"Enter"
2019-7-2 18:17:45.958#viewportChange#0
2019-7-2 18:17:46.595#change#{"from":{"line":9,"ch":1,"sticky":"after"},"to":{"line":9,"ch":2,"sticky":null},"text":[""],"removed":["\t"],"origin":"+delete"}
2019-7-2 18:17:46.595#keyHandled#"Backspace"
2019-7-2 18:17:46.907#change#{"from":{"line":9,"ch":0,"sticky":"after"},"to":{"line":9,"ch":1,"sticky":null},"text":[""],"removed":["\t"],"origin":"+delete"}
2019-7-2 18:17:46.907#keyHandled#"Backspace"
2019-7-2 18:17:48.574#change#{"from":{"line":9,"ch":0,"sticky":null},"to":{"line":9,"ch":0,"sticky":null},"text":["p"],"removed":[""],"origin":"+input"}
2019-7-2 18:17:48.710#change#{"from":{"line":9,"ch":1,"sticky":null},"to":{"line":9,"ch":1,"sticky":null},"text":["r"],"removed":[""],"origin":"+input"}
2019-7-2 18:17:48.854#change#{"from":{"line":9,"ch":2,"sticky":null},"to":{"line":9,"ch":2,"sticky":null},"text":["i"],"removed":[""],"origin":"+input"}
2019-7-2 18:17:49.054#change#{"from":{"line":9,"ch":3,"sticky":null},"to":{"line":9,"ch":3,"sticky":null},"text":["n"],"removed":[""],"origin":"+input"}
2019-7-2 18:17:49.142#change#{"from":{"line":9,"ch":4,"sticky":null},"to":{"line":9,"ch":4,"sticky":null},"text":["t"],"removed":[""],"origin":"+input"}
2019-7-2 18:17:49.462#change#{"from":{"line":9,"ch":5,"sticky":null},"to":{"line":9,"ch":5,"sticky":null},"text":[" "],"removed":[""],"origin":"+input"}
2019-7-2 18:17:50.099#change#{"from":{"line":9,"ch":5,"sticky":"after"},"to":{"line":9,"ch":6,"sticky":null},"text":[""],"removed":[" "],"origin":"+delete"}
2019-7-2 18:17:50.099#keyHandled#"Backspace"
2019-7-2 18:17:50.514#change#{"from":{"line":9,"ch":5,"sticky":null},"to":{"line":9,"ch":5,"sticky":null},"text":["()"],"removed":[""],"origin":"+input"}
2019-7-2 18:17:50.514#keyHandled#"'('"
2019-7-2 18:17:50.733#change#{"from":{"line":9,"ch":6,"sticky":"after"},"to":{"line":9,"ch":6,"sticky":"after"},"text":["a"],"removed":[""],"origin":"+input"}
2019-7-2 18:17:50.878#change#{"from":{"line":9,"ch":7,"sticky":null},"to":{"line":9,"ch":7,"sticky":null},"text":["p"],"removed":[""],"origin":"+input"}
2019-7-2 18:17:51.078#change#{"from":{"line":9,"ch":8,"sticky":null},"to":{"line":9,"ch":8,"sticky":null},"text":["r"],"removed":[""],"origin":"+input"}
2019-7-2 18:17:51.174#change#{"from":{"line":9,"ch":9,"sticky":null},"to":{"line":9,"ch":9,"sticky":null},"text":["o"],"removed":[""],"origin":"+input"}
2019-7-2 18:17:51.367#change#{"from":{"line":9,"ch":10,"sticky":null},"to":{"line":9,"ch":10,"sticky":null},"text":["v"],"removed":[""],"origin":"+input"}
2019-7-2 18:17:51.598#change#{"from":{"line":9,"ch":11,"sticky":null},"to":{"line":9,"ch":11,"sticky":null},"text":["a"],"removed":[""],"origin":"+input"}
2019-7-2 18:17:51.806#change#{"from":{"line":9,"ch":12,"sticky":null},"to":{"line":9,"ch":12,"sticky":null},"text":["d"],"removed":[""],"origin":"+input"}
2019-7-2 18:17:51.942#change#{"from":{"line":9,"ch":13,"sticky":null},"to":{"line":9,"ch":13,"sticky":null},"text":["o"],"removed":[""],"origin":"+input"}
2019-7-2 18:17:52.078#change#{"from":{"line":9,"ch":14,"sticky":null},"to":{"line":9,"ch":14,"sticky":null},"text":["s"],"removed":[""],"origin":"+input"}
2019-7-2 18:17:54.930#blur#
2019-7-2 18:17:56.659#mousedown#{"isTrusted":true}
2019-7-2 18:17:56.674#focus#
2019-7-2 18:17:59.647#change#{"from":{"line":3,"ch":7,"sticky":"before","xRel":29.08331298828125},"to":{"line":3,"ch":7,"sticky":"before","xRel":29.08331298828125},"text":["m"],"removed":[""],"origin":"+input"}
2019-7-2 18:17:59.766#change#{"from":{"line":3,"ch":8,"sticky":null},"to":{"line":3,"ch":8,"sticky":null},"text":["a"],"removed":[""],"origin":"+input"}
2019-7-2 18:18:00.022#change#{"from":{"line":3,"ch":9,"sticky":null},"to":{"line":3,"ch":9,"sticky":null},"text":["t"],"removed":[""],"origin":"+input"}
2019-7-2 18:18:01.506#mousedown#{"isTrusted":true}
2019-7-2 18:18:02.399#change#{"from":{"line":3,"ch":7,"sticky":"before","xRel":-0.91668701171875},"to":{"line":3,"ch":7,"sticky":"before","xRel":-0.91668701171875},"text":["("],"removed":[""],"origin":"+input"}
2019-7-2 18:18:03.601#mousedown#{"isTrusted":true}
2019-7-2 18:18:04.447#change#{"from":{"line":3,"ch":11,"sticky":"before","xRel":4.08331298828125},"to":{"line":3,"ch":11,"sticky":"before","xRel":4.08331298828125},"text":[")"],"removed":[""],"origin":"+input"}
2019-7-2 18:18:05.606#change#{"from":{"line":3,"ch":12,"sticky":null},"to":{"line":3,"ch":12,"sticky":null},"text":["[]"],"removed":[""],"origin":"+input"}
2019-7-2 18:18:05.606#keyHandled#"'['"
2019-7-2 18:18:06.030#change#{"from":{"line":3,"ch":13,"sticky":"after"},"to":{"line":3,"ch":13,"sticky":"after"},"text":["0"],"removed":[""],"origin":"+input"}
2019-7-2 18:18:07.236#mousedown#{"isTrusted":true}
2019-7-2 18:18:08.271#change#{"from":{"line":4,"ch":7,"sticky":"before","xRel":30.08331298828125},"to":{"line":4,"ch":7,"sticky":"before","xRel":30.08331298828125},"text":["()"],"removed":[""],"origin":"+input"}
2019-7-2 18:18:08.271#keyHandled#"'('"
2019-7-2 18:18:09.734#change#{"from":{"line":4,"ch":8,"sticky":"after"},"to":{"line":4,"ch":8,"sticky":"after"},"text":["m"],"removed":[""],"origin":"+input"}
2019-7-2 18:18:09.854#change#{"from":{"line":4,"ch":9,"sticky":null},"to":{"line":4,"ch":9,"sticky":null},"text":["a"],"removed":[""],"origin":"+input"}
2019-7-2 18:18:10.086#change#{"from":{"line":4,"ch":10,"sticky":null},"to":{"line":4,"ch":10,"sticky":null},"text":["t"],"removed":[""],"origin":"+input"}
2019-7-2 18:18:11.309#mousedown#{"isTrusted":true}
2019-7-2 18:18:12.503#change#{"from":{"line":4,"ch":12,"sticky":"before","xRel":30.08331298828125},"to":{"line":4,"ch":12,"sticky":"before","xRel":30.08331298828125},"text":["[]"],"removed":[""],"origin":"+input"}
2019-7-2 18:18:12.503#keyHandled#"'['"
2019-7-2 18:18:12.998#change#{"from":{"line":4,"ch":13,"sticky":"after"},"to":{"line":4,"ch":13,"sticky":"after"},"text":["1"],"removed":[""],"origin":"+input"}
2019-7-2 18:18:14.701#mousedown#{"isTrusted":true}
2019-7-2 18:19:09.715#change#{"from":{"line":3,"ch":7,"sticky":"before","xRel":-0.91668701171875},"to":{"line":3,"ch":7,"sticky":"before","xRel":-0.91668701171875},"text":["s"],"removed":[""],"origin":"+input"}
2019-7-2 18:19:09.814#change#{"from":{"line":3,"ch":8,"sticky":null},"to":{"line":3,"ch":8,"sticky":null},"text":["h"],"removed":[""],"origin":"+input"}
2019-7-2 18:19:10.038#change#{"from":{"line":3,"ch":9,"sticky":null},"to":{"line":3,"ch":9,"sticky":null},"text":["a"],"removed":[""],"origin":"+input"}
2019-7-2 18:19:10.246#change#{"from":{"line":3,"ch":10,"sticky":null},"to":{"line":3,"ch":10,"sticky":null},"text":["p"],"removed":[""],"origin":"+input"}
2019-7-2 18:19:10.389#change#{"from":{"line":3,"ch":11,"sticky":null},"to":{"line":3,"ch":11,"sticky":null},"text":["e"],"removed":[""],"origin":"+input"}
2019-7-2 18:19:11.858#mousedown#{"isTrusted":true}
2019-7-2 18:19:12.183#change#{"from":{"line":4,"ch":7,"sticky":"before","xRel":-0.91668701171875},"to":{"line":4,"ch":7,"sticky":"before","xRel":-0.91668701171875},"text":["s"],"removed":[""],"origin":"+input"}
2019-7-2 18:19:12.614#change#{"from":{"line":4,"ch":8,"sticky":null},"to":{"line":4,"ch":8,"sticky":null},"text":["h"],"removed":[""],"origin":"+input"}
2019-7-2 18:19:12.766#change#{"from":{"line":4,"ch":9,"sticky":null},"to":{"line":4,"ch":9,"sticky":null},"text":["a"],"removed":[""],"origin":"+input"}
2019-7-2 18:19:13.157#change#{"from":{"line":4,"ch":10,"sticky":null},"to":{"line":4,"ch":10,"sticky":null},"text":["p"],"removed":[""],"origin":"+input"}
2019-7-2 18:19:13.294#change#{"from":{"line":4,"ch":11,"sticky":null},"to":{"line":4,"ch":11,"sticky":null},"text":["e"],"removed":[""],"origin":"+input"}
2019-7-2 18:19:14.782#blur#
2019-7-2 18:19:14.782#blur#
2019-7-2 18:19:17.031#saida_testar#$ python3 main.py
2019-7-2 18:19:44.926#mousedown#{"isTrusted":true}
2019-7-2 18:19:44.948#focus#
2019-7-2 18:19:57.563#change#{"from":{"line":7,"ch":15,"sticky":"after"},"to":{"line":7,"ch":16,"sticky":"before","xRel":-1.91668701171875},"text":[""],"removed":["i"],"origin":"+delete"}
2019-7-2 18:19:57.564#keyHandled#"Backspace"
2019-7-2 18:19:59.671#change#{"from":{"line":7,"ch":15,"sticky":null},"to":{"line":7,"ch":15,"sticky":null},"text":[":"],"removed":[""],"origin":"+input"}
2019-7-2 18:20:01.183#mousedown#{"isTrusted":true}
2019-7-2 18:20:01.925#change#{"from":{"line":7,"ch":17,"sticky":"after"},"to":{"line":7,"ch":18,"sticky":"before","xRel":-0.91668701171875},"text":[""],"removed":[":"],"origin":"+delete"}
2019-7-2 18:20:01.925#keyHandled#"Backspace"
2019-7-2 18:20:02.096#change#{"from":{"line":7,"ch":17,"sticky":null},"to":{"line":7,"ch":17,"sticky":null},"text":["1"],"removed":[""],"origin":"+input"}
2019-7-2 18:20:03.603#change#{"from":{"line":7,"ch":17,"sticky":"after"},"to":{"line":7,"ch":18,"sticky":null},"text":[""],"removed":["1"],"origin":"+delete"}
2019-7-2 18:20:03.603#keyHandled#"Backspace"
2019-7-2 18:20:03.770#change#{"from":{"line":7,"ch":17,"sticky":null},"to":{"line":7,"ch":17,"sticky":null},"text":["i"],"removed":[""],"origin":"+input"}
2019-7-2 18:20:04.784#blur#
2019-7-2 18:20:04.784#blur#
2019-7-2 18:20:06.972#saida_testar#$ python3 main.py
2019-7-2 18:20:10.638#mousedown#{"isTrusted":true}
2019-7-2 18:20:11.034#focus#
2019-7-2 18:20:11.131#mousedown#{"isTrusted":true}
2019-7-2 18:20:11.150#dblclick#{"isTrusted":true}
2019-7-2 18:20:11.802#mousedown#{"isTrusted":true}
2019-7-2 18:20:12.907#change#{"from":{"line":7,"ch":17,"sticky":"after"},"to":{"line":7,"ch":18,"sticky":"before","xRel":-0.91668701171875},"text":[""],"removed":["i"],"origin":"+delete"}
2019-7-2 18:20:12.907#keyHandled#"Backspace"
2019-7-2 18:20:13.871#change#{"from":{"line":7,"ch":17,"sticky":null},"to":{"line":7,"ch":17,"sticky":null},"text":[":"],"removed":[""],"origin":"+input"}
2019-7-2 18:20:15.164#mousedown#{"isTrusted":true}
2019-7-2 18:20:16.153#change#{"from":{"line":7,"ch":15,"sticky":"after"},"to":{"line":7,"ch":16,"sticky":"before","xRel":-1.91668701171875},"text":[""],"removed":[":"],"origin":"+delete"}
2019-7-2 18:20:16.153#keyHandled#"Backspace"
2019-7-2 18:20:16.968#change#{"from":{"line":7,"ch":15,"sticky":null},"to":{"line":7,"ch":15,"sticky":null},"text":["i"],"removed":[""],"origin":"+input"}
2019-7-2 18:20:41.635#mousedown#{"isTrusted":true}
2019-7-2 18:20:43.193#change#{"from":{"line":9,"ch":14,"sticky":"after"},"to":{"line":9,"ch":15,"sticky":"after","xRel":0.08331298828125},"text":[""],"removed":["s"],"origin":"+delete"}
2019-7-2 18:20:43.193#keyHandled#"Backspace"
2019-7-2 18:20:45.287#mousedown#{"isTrusted":true}
2019-7-2 18:20:49.455#change#{"from":{"line":6,"ch":0,"sticky":"after","xRel":-0.91668701171875},"to":{"line":6,"ch":0,"sticky":"after","xRel":-0.91668701171875},"text":["#"],"removed":[""],"origin":"+input"}
2019-7-2 18:20:50.728#mousedown#{"isTrusted":true}
2019-7-2 18:20:51.535#mousedown#{"isTrusted":true}
2019-7-2 18:20:52.476#mousedown#{"isTrusted":true}
2019-7-2 18:20:53.678#change#{"from":{"line":7,"ch":1,"sticky":"after","xRel":0.08331298828125},"to":{"line":7,"ch":1,"sticky":"after","xRel":0.08331298828125},"text":["#"],"removed":[""],"origin":"+input"}
2019-7-2 18:20:55.026#mousedown#{"isTrusted":true}
2019-7-2 18:20:56.663#change#{"from":{"line":8,"ch":2,"sticky":"before","xRel":-0.91668701171875},"to":{"line":8,"ch":2,"sticky":"before","xRel":-0.91668701171875},"text":["#"],"removed":[""],"origin":"+input"}
2019-7-2 18:20:58.443#blur#
2019-7-2 18:20:58.443#blur#
2019-7-2 18:21:00.447#mousedown#{"isTrusted":true}
2019-7-2 18:21:00.461#focus#
2019-7-2 18:21:01.104#saida_testar#$ python3 main.py
2019-7-2 18:21:01.387#change#{"from":{"line":9,"ch":13,"sticky":"after"},"to":{"line":9,"ch":14,"sticky":"before","xRel":-2.91668701171875},"text":[""],"removed":["o"],"origin":"+delete"}
2019-7-2 18:21:01.387#keyHandled#"Backspace"
2019-7-2 18:21:01.539#change#{"from":{"line":9,"ch":12,"sticky":"after"},"to":{"line":9,"ch":13,"sticky":null},"text":[""],"removed":["d"],"origin":"+delete"}
2019-7-2 18:21:01.539#keyHandled#"Backspace"
2019-7-2 18:21:01.675#change#{"from":{"line":9,"ch":11,"sticky":"after"},"to":{"line":9,"ch":12,"sticky":null},"text":[""],"removed":["a"],"origin":"+delete"}
2019-7-2 18:21:01.675#keyHandled#"Backspace"
2019-7-2 18:21:01.819#change#{"from":{"line":9,"ch":10,"sticky":"after"},"to":{"line":9,"ch":11,"sticky":null},"text":[""],"removed":["v"],"origin":"+delete"}
2019-7-2 18:21:01.819#keyHandled#"Backspace"
2019-7-2 18:21:01.947#change#{"from":{"line":9,"ch":9,"sticky":"after"},"to":{"line":9,"ch":10,"sticky":null},"text":[""],"removed":["o"],"origin":"+delete"}
2019-7-2 18:21:01.947#keyHandled#"Backspace"
2019-7-2 18:21:02.083#change#{"from":{"line":9,"ch":8,"sticky":"after"},"to":{"line":9,"ch":9,"sticky":null},"text":[""],"removed":["r"],"origin":"+delete"}
2019-7-2 18:21:02.083#keyHandled#"Backspace"
2019-7-2 18:21:02.211#change#{"from":{"line":9,"ch":7,"sticky":"after"},"to":{"line":9,"ch":8,"sticky":null},"text":[""],"removed":["p"],"origin":"+delete"}
2019-7-2 18:21:02.211#keyHandled#"Backspace"
2019-7-2 18:21:02.355#change#{"from":{"line":9,"ch":6,"sticky":"after"},"to":{"line":9,"ch":7,"sticky":null},"text":[""],"removed":["a"],"origin":"+delete"}
2019-7-2 18:21:02.355#keyHandled#"Backspace"
2019-7-2 18:21:02.491#change#{"from":{"line":9,"ch":5,"sticky":null},"to":{"line":9,"ch":7,"sticky":null},"text":[""],"removed":["()"],"origin":"+delete"}
2019-7-2 18:21:02.491#keyHandled#"Backspace"
2019-7-2 18:21:03.998#change#{"from":{"line":9,"ch":5,"sticky":null},"to":{"line":9,"ch":5,"sticky":null},"text":["()"],"removed":[""],"origin":"+input"}
2019-7-2 18:21:03.998#keyHandled#"'('"
2019-7-2 18:21:05.318#change#{"from":{"line":9,"ch":6,"sticky":"after"},"to":{"line":9,"ch":6,"sticky":"after"},"text":["a"],"removed":[""],"origin":"+input"}
2019-7-2 18:21:05.406#change#{"from":{"line":9,"ch":7,"sticky":null},"to":{"line":9,"ch":7,"sticky":null},"text":["l"],"removed":[""],"origin":"+input"}
2019-7-2 18:21:05.639#change#{"from":{"line":9,"ch":8,"sticky":null},"to":{"line":9,"ch":8,"sticky":null},"text":["u"],"removed":[""],"origin":"+input"}
2019-7-2 18:21:05.846#change#{"from":{"line":9,"ch":9,"sticky":null},"to":{"line":9,"ch":9,"sticky":null},"text":["n"],"removed":[""],"origin":"+input"}
2019-7-2 18:21:06.045#change#{"from":{"line":9,"ch":10,"sticky":null},"to":{"line":9,"ch":10,"sticky":null},"text":["o"],"removed":[""],"origin":"+input"}
2019-7-2 18:21:06.133#change#{"from":{"line":9,"ch":11,"sticky":null},"to":{"line":9,"ch":11,"sticky":null},"text":["s"],"removed":[""],"origin":"+input"}
2019-7-2 18:21:07.031#keyHandled#"Right"
2019-7-2 18:21:07.325#change#{"from":{"line":9,"ch":13,"sticky":"before"},"to":{"line":9,"ch":13,"sticky":"before"},"text":["",""],"removed":[""],"origin":"+input"}
2019-7-2 18:21:07.325#keyHandled#"Enter"
2019-7-2 18:21:07.336#viewportChange#0
2019-7-2 18:21:08.225#change#{"from":{"line":10,"ch":0,"sticky":null},"to":{"line":10,"ch":0,"sticky":null},"text":["p"],"removed":[""],"origin":"+input"}
2019-7-2 18:21:08.358#change#{"from":{"line":10,"ch":1,"sticky":null},"to":{"line":10,"ch":1,"sticky":null},"text":["r"],"removed":[""],"origin":"+input"}
2019-7-2 18:21:08.510#change#{"from":{"line":10,"ch":2,"sticky":null},"to":{"line":10,"ch":2,"sticky":null},"text":["i"],"removed":[""],"origin":"+input"}
2019-7-2 18:21:08.718#change#{"from":{"line":10,"ch":3,"sticky":null},"to":{"line":10,"ch":3,"sticky":null},"text":["n"],"removed":[""],"origin":"+input"}
2019-7-2 18:21:08.814#change#{"from":{"line":10,"ch":4,"sticky":null},"to":{"line":10,"ch":4,"sticky":null},"text":["t"],"removed":[""],"origin":"+input"}
2019-7-2 18:21:09.742#change#{"from":{"line":10,"ch":5,"sticky":null},"to":{"line":10,"ch":5,"sticky":null},"text":["()"],"removed":[""],"origin":"+input"}
2019-7-2 18:21:09.742#keyHandled#"'('"
2019-7-2 18:21:09.958#change#{"from":{"line":10,"ch":6,"sticky":"after"},"to":{"line":10,"ch":6,"sticky":"after"},"text":["p"],"removed":[""],"origin":"+input"}
2019-7-2 18:21:10.150#change#{"from":{"line":10,"ch":7,"sticky":null},"to":{"line":10,"ch":7,"sticky":null},"text":["r"],"removed":[""],"origin":"+input"}
2019-7-2 18:21:10.229#change#{"from":{"line":10,"ch":8,"sticky":null},"to":{"line":10,"ch":8,"sticky":null},"text":["o"],"removed":[""],"origin":"+input"}
2019-7-2 18:21:10.438#change#{"from":{"line":10,"ch":9,"sticky":null},"to":{"line":10,"ch":9,"sticky":null},"text":["b"],"removed":[""],"origin":"+input"}
2019-7-2 18:21:11.108#change#{"from":{"line":10,"ch":9,"sticky":"after"},"to":{"line":10,"ch":10,"sticky":null},"text":[""],"removed":["b"],"origin":"+delete"}
2019-7-2 18:21:11.108#keyHandled#"Backspace"
2019-7-2 18:21:11.198#change#{"from":{"line":10,"ch":9,"sticky":null},"to":{"line":10,"ch":9,"sticky":null},"text":["v"],"removed":[""],"origin":"+input"}
2019-7-2 18:21:11.438#change#{"from":{"line":10,"ch":10,"sticky":null},"to":{"line":10,"ch":10,"sticky":null},"text":["a"],"removed":[""],"origin":"+input"}
2019-7-2 18:21:11.630#change#{"from":{"line":10,"ch":11,"sticky":null},"to":{"line":10,"ch":11,"sticky":null},"text":["s"],"removed":[""],"origin":"+input"}
2019-7-2 18:21:13.020#keyHandled#"Right"
2019-7-2 18:21:13.364#change#{"from":{"line":10,"ch":13,"sticky":"before"},"to":{"line":10,"ch":13,"sticky":"before"},"text":["",""],"removed":[""],"origin":"+input"}
2019-7-2 18:21:13.364#keyHandled#"Enter"
2019-7-2 18:21:13.380#viewportChange#0
2019-7-2 18:21:14.126#change#{"from":{"line":11,"ch":0,"sticky":null},"to":{"line":11,"ch":0,"sticky":null},"text":["p"],"removed":[""],"origin":"+input"}
2019-7-2 18:21:14.261#change#{"from":{"line":11,"ch":1,"sticky":null},"to":{"line":11,"ch":1,"sticky":null},"text":["r"],"removed":[""],"origin":"+input"}
2019-7-2 18:21:14.414#change#{"from":{"line":11,"ch":2,"sticky":null},"to":{"line":11,"ch":2,"sticky":null},"text":["i"],"removed":[""],"origin":"+input"}
2019-7-2 18:21:14.599#change#{"from":{"line":11,"ch":3,"sticky":null},"to":{"line":11,"ch":3,"sticky":null},"text":["n"],"removed":[""],"origin":"+input"}
2019-7-2 18:21:14.719#change#{"from":{"line":11,"ch":4,"sticky":null},"to":{"line":11,"ch":4,"sticky":null},"text":["t"],"removed":[""],"origin":"+input"}
2019-7-2 18:21:16.270#change#{"from":{"line":11,"ch":5,"sticky":null},"to":{"line":11,"ch":5,"sticky":null},"text":["()"],"removed":[""],"origin":"+input"}
2019-7-2 18:21:16.270#keyHandled#"'('"
2019-7-2 18:21:16.526#change#{"from":{"line":11,"ch":6,"sticky":"after"},"to":{"line":11,"ch":6,"sticky":"after"},"text":["a"],"removed":[""],"origin":"+input"}
2019-7-2 18:21:16.661#change#{"from":{"line":11,"ch":7,"sticky":null},"to":{"line":11,"ch":7,"sticky":null},"text":["p"],"removed":[""],"origin":"+input"}
2019-7-2 18:21:16.870#change#{"from":{"line":11,"ch":8,"sticky":null},"to":{"line":11,"ch":8,"sticky":null},"text":["r"],"removed":[""],"origin":"+input"}
2019-7-2 18:21:17.462#change#{"from":{"line":11,"ch":9,"sticky":null},"to":{"line":11,"ch":9,"sticky":null},"text":["o"],"removed":[""],"origin":"+input"}
2019-7-2 18:21:18.198#change#{"from":{"line":11,"ch":10,"sticky":null},"to":{"line":11,"ch":10,"sticky":null},"text":["v"],"removed":[""],"origin":"+input"}
2019-7-2 18:21:18.430#change#{"from":{"line":11,"ch":11,"sticky":null},"to":{"line":11,"ch":11,"sticky":null},"text":["a"],"removed":[""],"origin":"+input"}
2019-7-2 18:21:18.630#change#{"from":{"line":11,"ch":12,"sticky":null},"to":{"line":11,"ch":12,"sticky":null},"text":["d"],"removed":[""],"origin":"+input"}
2019-7-2 18:21:18.766#change#{"from":{"line":11,"ch":13,"sticky":null},"to":{"line":11,"ch":13,"sticky":null},"text":["o"],"removed":[""],"origin":"+input"}
2019-7-2 18:21:18.869#change#{"from":{"line":11,"ch":14,"sticky":null},"to":{"line":11,"ch":14,"sticky":null},"text":["s"],"removed":[""],"origin":"+input"}
2019-7-2 18:21:20.207#blur#
2019-7-2 18:21:20.207#blur#
2019-7-2 18:21:24.857#saida_testar#$ python3 main.py
2019-7-2 18:21:35.124#mousedown#{"isTrusted":true}
2019-7-2 18:21:35.504#focus#
2019-7-2 18:21:37.123#change#{"from":{"line":6,"ch":0,"sticky":"after"},"to":{"line":6,"ch":1,"sticky":"after","xRel":0.08331298828125},"text":[""],"removed":["#"],"origin":"+delete"}
2019-7-2 18:21:37.123#keyHandled#"Backspace"
2019-7-2 18:21:38.117#mousedown#{"isTrusted":true}
2019-7-2 18:21:38.324#change#{"from":{"line":7,"ch":1,"sticky":"after"},"to":{"line":7,"ch":2,"sticky":"after","xRel":1.08331298828125},"text":[""],"removed":["#"],"origin":"+delete"}
2019-7-2 18:21:38.324#keyHandled#"Backspace"
2019-7-2 18:21:38.924#mousedown#{"isTrusted":true}
2019-7-2 18:21:39.051#change#{"from":{"line":8,"ch":2,"sticky":"after"},"to":{"line":8,"ch":3,"sticky":"after","xRel":0.08331298828125},"text":[""],"removed":["#"],"origin":"+delete"}
2019-7-2 18:21:39.051#keyHandled#"Backspace"
2019-7-2 18:21:54.916#mousedown#{"isTrusted":true}
2019-7-2 18:21:56.156#change#{"from":{"line":7,"ch":4,"sticky":"after","xRel":2.08331298828125},"to":{"line":7,"ch":4,"sticky":"after","xRel":2.08331298828125},"text":["("],"removed":[""],"origin":"+input"}
2019-7-2 18:21:57.807#mousedown#{"isTrusted":true}
2019-7-2 18:21:58.703#change#{"from":{"line":7,"ch":28,"sticky":"after","xRel":0.08331298828125},"to":{"line":7,"ch":28,"sticky":"after","xRel":0.08331298828125},"text":[")"],"removed":[""],"origin":"+input"}
2019-7-2 18:22:00.654#blur#
2019-7-2 18:22:00.654#blur#
2019-7-2 18:22:02.979#saida_testar#$ python3 main.py
2019-7-2 18:22:08.174#mousedown#{"isTrusted":true}
2019-7-2 18:22:08.530#focus#
2019-7-2 18:22:08.948#mousedown#{"isTrusted":true}
2019-7-2 18:22:10.217#change#{"from":{"line":7,"ch":0,"sticky":"after"},"to":{"line":7,"ch":1,"sticky":"after","xRel":1.08331298828125},"text":[""],"removed":["\t"],"origin":"+delete"}
2019-7-2 18:22:10.217#keyHandled#"Backspace"
2019-7-2 18:22:11.155#change#{"from":{"line":7,"ch":0,"sticky":null},"to":{"line":7,"ch":0,"sticky":null},"text":["\t"],"removed":[""],"origin":"+input"}
2019-7-2 18:22:11.155#keyHandled#"Tab"
2019-7-2 18:22:45.477#mousedown#{"isTrusted":true}
2019-7-2 18:22:46.984#change#{"from":{"line":7,"ch":29,"sticky":"after"},"to":{"line":7,"ch":30,"sticky":"after","xRel":3.08331298828125},"text":[""],"removed":["="],"origin":"+delete"}
2019-7-2 18:22:46.985#keyHandled#"Backspace"
2019-7-2 18:22:47.304#change#{"from":{"line":7,"ch":29,"sticky":null},"to":{"line":7,"ch":29,"sticky":null},"text":[">"],"removed":[""],"origin":"+input"}
2019-7-2 18:22:48.908#blur#
2019-7-2 18:22:48.908#blur#
2019-7-2 18:22:51.063#saida_testar#$ python3 main.py
2019-7-2 18:23:03.908#mousedown#{"isTrusted":true}
2019-7-2 18:23:04.263#focus#
2019-7-2 18:25:01.353#mousedown#{"isTrusted":true}
2019-7-2 18:25:01.757#mousedown#{"isTrusted":true}
2019-7-2 18:25:04.388#change#{"from":{"line":7,"ch":1,"sticky":"before","xRel":-0.91668701171875},"to":{"line":7,"ch":1,"sticky":"before","xRel":-0.91668701171875},"text":["#"],"removed":[""],"origin":"+input"}
2019-7-2 18:25:05.554#mousedown#{"isTrusted":true}
2019-7-2 18:25:06.695#change#{"from":{"line":8,"ch":2,"sticky":"before","xRel":-2.91668701171875},"to":{"line":8,"ch":2,"sticky":"before","xRel":-2.91668701171875},"text":["#"],"removed":[""],"origin":"+input"}
2019-7-2 18:25:08.484#mousedown#{"isTrusted":true}
2019-7-2 18:25:09.911#change#{"from":{"line":6,"ch":0,"sticky":"after","xRel":0.08331298828125},"to":{"line":6,"ch":0,"sticky":"after","xRel":0.08331298828125},"text":["#"],"removed":[""],"origin":"+input"}
2019-7-2 18:25:13.061#mousedown#{"isTrusted":true}
2019-7-2 18:25:13.928#mousedown#{"isTrusted":true}
2019-7-2 18:25:14.679#change#{"from":{"line":9,"ch":6,"sticky":"after","xRel":2.08331298828125},"to":{"line":9,"ch":6,"sticky":"after","xRel":2.08331298828125},"text":["s"],"removed":[""],"origin":"+input"}
2019-7-2 18:25:14.942#change#{"from":{"line":9,"ch":7,"sticky":null},"to":{"line":9,"ch":7,"sticky":null},"text":["u"],"removed":[""],"origin":"+input"}
2019-7-2 18:25:15.156#change#{"from":{"line":9,"ch":8,"sticky":null},"to":{"line":9,"ch":8,"sticky":null},"text":["m"],"removed":[""],"origin":"+input"}
2019-7-2 18:25:18.003#mousedown#{"isTrusted":true}
2019-7-2 18:25:18.848#change#{"from":{"line":9,"ch":17,"sticky":"before","xRel":16.08331298828125},"to":{"line":9,"ch":17,"sticky":"before","xRel":16.08331298828125},"text":[")"],"removed":[""],"origin":"+input"}
2019-7-2 18:25:22.106#mousedown#{"isTrusted":true}
2019-7-2 18:25:24.752#mousedown#{"isTrusted":true}
2019-7-2 18:25:27.551#change#{"from":{"line":9,"ch":16,"sticky":"after","xRel":1.08331298828125},"to":{"line":9,"ch":16,"sticky":"after","xRel":1.08331298828125},"text":["[]"],"removed":[""],"origin":"+input"}
2019-7-2 18:25:27.551#keyHandled#"'['"
2019-7-2 18:25:28.266#change#{"from":{"line":9,"ch":17,"sticky":"after"},"to":{"line":9,"ch":17,"sticky":"after"},"text":["i"],"removed":[""],"origin":"+input"}
2019-7-2 18:25:29.434#change#{"from":{"line":9,"ch":18,"sticky":null},"to":{"line":9,"ch":18,"sticky":null},"text":[","],"removed":[""],"origin":"+input"}
2019-7-2 18:25:32.393#change#{"from":{"line":9,"ch":19,"sticky":null},"to":{"line":9,"ch":19,"sticky":null},"text":[":"],"removed":[""],"origin":"+input"}
2019-7-2 18:25:34.265#blur#
2019-7-2 18:25:34.265#blur#
2019-7-2 18:25:37.035#saida_testar#$ python3 main.py
2019-7-2 18:25:49.508#mousedown#{"isTrusted":true}
2019-7-2 18:25:49.984#focus#
2019-7-2 18:25:50.143#mousedown#{"isTrusted":true}
2019-7-2 18:25:50.187#dblclick#{"isTrusted":true}
2019-7-2 18:25:50.336#mousedown#{"isTrusted":true}
2019-7-2 18:25:51.150#mousedown#{"isTrusted":true}
2019-7-2 18:25:52.511#change#{"from":{"line":9,"ch":17,"sticky":"after"},"to":{"line":9,"ch":18,"sticky":"before","xRel":-0.91668701171875},"text":[""],"removed":["i"],"origin":"+delete"}
2019-7-2 18:25:52.512#keyHandled#"Backspace"
2019-7-2 18:25:52.658#change#{"from":{"line":9,"ch":17,"sticky":null},"to":{"line":9,"ch":17,"sticky":null},"text":["0"],"removed":[""],"origin":"+input"}
2019-7-2 18:25:53.785#blur#
2019-7-2 18:25:53.785#blur#
2019-7-2 18:25:57.284#saida_testar#$ python3 main.py
2019-7-2 18:25:57.284#saida_testar#$ python3 main.py
2019-7-2 18:26:02.884#saida_testar#$ python3 main.py
2019-7-2 18:26:04.938#saida_testar#$ python3 main.py
2019-7-2 18:26:06.406#mousedown#{"isTrusted":true}
2019-7-2 18:26:06.425#focus#
2019-7-2 18:26:07.578#change#{"from":{"line":7,"ch":1,"sticky":"after"},"to":{"line":7,"ch":2,"sticky":"before","xRel":-3.91668701171875},"text":[""],"removed":["#"],"origin":"+delete"}
2019-7-2 18:26:07.578#keyHandled#"Backspace"
2019-7-2 18:26:08.849#mousedown#{"isTrusted":true}
2019-7-2 18:26:09.100#change#{"from":{"line":6,"ch":0,"sticky":"after"},"to":{"line":6,"ch":1,"sticky":"before","xRel":-0.91668701171875},"text":[""],"removed":["#"],"origin":"+delete"}
2019-7-2 18:26:09.100#keyHandled#"Backspace"
2019-7-2 18:26:09.735#mousedown#{"isTrusted":true}
2019-7-2 18:26:10.361#mousedown#{"isTrusted":true}
2019-7-2 18:26:10.788#change#{"from":{"line":8,"ch":2,"sticky":"after"},"to":{"line":8,"ch":3,"sticky":"before","xRel":-1.91668701171875},"text":[""],"removed":["#"],"origin":"+delete"}
2019-7-2 18:26:10.788#keyHandled#"Backspace"
2019-7-2 18:26:46.010#mousedown#{"isTrusted":true}
2019-7-2 18:26:46.755#change#{"from":{"line":9,"ch":9,"sticky":"after"},"to":{"line":9,"ch":10,"sticky":"after","xRel":0.08331298828125},"text":[""],"removed":["("],"origin":"+delete"}
2019-7-2 18:26:46.755#keyHandled#"Backspace"
2019-7-2 18:26:46.916#change#{"from":{"line":9,"ch":8,"sticky":"after"},"to":{"line":9,"ch":9,"sticky":null},"text":[""],"removed":["m"],"origin":"+delete"}
2019-7-2 18:26:46.916#keyHandled#"Backspace"
2019-7-2 18:26:47.084#change#{"from":{"line":9,"ch":7,"sticky":"after"},"to":{"line":9,"ch":8,"sticky":null},"text":[""],"removed":["u"],"origin":"+delete"}
2019-7-2 18:26:47.084#keyHandled#"Backspace"
2019-7-2 18:26:47.453#change#{"from":{"line":9,"ch":6,"sticky":"after"},"to":{"line":9,"ch":7,"sticky":null},"text":[""],"removed":["s"],"origin":"+delete"}
2019-7-2 18:26:47.453#keyHandled#"Backspace"
2019-7-2 18:26:48.442#mousedown#{"isTrusted":true}
2019-7-2 18:26:49.279#mousedown#{"isTrusted":true}
2019-7-2 18:26:49.628#mousedown#{"isTrusted":true}
2019-7-2 18:26:49.986#mousedown#{"isTrusted":true}
2019-7-2 18:26:51.038#change#{"from":{"line":9,"ch":0,"sticky":null},"to":{"line":10,"ch":13,"sticky":null},"text":[""],"removed":["print(alunos[0,:]))","print(provas)"],"origin":"+delete"}
2019-7-2 18:26:51.038#keyHandled#"Backspace"
2019-7-2 18:26:51.059#viewportChange#0
2019-7-2 18:26:52.449#blur#
2019-7-2 18:26:52.449#blur#
2019-7-2 18:26:54.836#saida_testar#$ python3 main.py
2019-7-2 18:26:54.836#saida_testar#$ python3 main.py
2019-7-2 18:27:53.037#saida_testar#$ python3 main.py
2019-7-2 18:28:28.868#mousedown#{"isTrusted":true}
2019-7-2 18:28:28.896#focus#
2019-7-2 18:28:29.752#change#{"from":{"line":7,"ch":27,"sticky":"after"},"to":{"line":7,"ch":28,"sticky":"after","xRel":1.08331298828125},"text":[""],"removed":["s"],"origin":"+delete"}
2019-7-2 18:28:29.752#keyHandled#"Backspace"
2019-7-2 18:28:29.893#change#{"from":{"line":7,"ch":26,"sticky":"after"},"to":{"line":7,"ch":27,"sticky":null},"text":[""],"removed":["a"],"origin":"+delete"}
2019-7-2 18:28:29.893#keyHandled#"Backspace"
2019-7-2 18:28:30.045#change#{"from":{"line":7,"ch":25,"sticky":"after"},"to":{"line":7,"ch":26,"sticky":null},"text":[""],"removed":["v"],"origin":"+delete"}
2019-7-2 18:28:30.046#keyHandled#"Backspace"
2019-7-2 18:28:30.141#change#{"from":{"line":7,"ch":24,"sticky":"after"},"to":{"line":7,"ch":25,"sticky":null},"text":[""],"removed":["o"],"origin":"+delete"}
2019-7-2 18:28:30.141#keyHandled#"Backspace"
2019-7-2 18:28:30.269#change#{"from":{"line":7,"ch":23,"sticky":"after"},"to":{"line":7,"ch":24,"sticky":null},"text":[""],"removed":["r"],"origin":"+delete"}
2019-7-2 18:28:30.269#keyHandled#"Backspace"
2019-7-2 18:28:30.381#change#{"from":{"line":7,"ch":22,"sticky":"after"},"to":{"line":7,"ch":23,"sticky":null},"text":[""],"removed":["p"],"origin":"+delete"}
2019-7-2 18:28:30.381#keyHandled#"Backspace"
2019-7-2 18:28:30.564#change#{"from":{"line":7,"ch":21,"sticky":"after"},"to":{"line":7,"ch":22,"sticky":null},"text":[""],"removed":["/"],"origin":"+delete"}
2019-7-2 18:28:30.564#keyHandled#"Backspace"
2019-7-2 18:28:30.839#change#{"from":{"line":7,"ch":20,"sticky":"after"},"to":{"line":7,"ch":21,"sticky":null},"text":[""],"removed":[")"],"origin":"+delete"}
2019-7-2 18:28:30.839#keyHandled#"Backspace"
2019-7-2 18:28:32.048#keyHandled#"')'"
2019-7-2 18:28:33.294#mousedown#{"isTrusted":true}
2019-7-2 18:28:34.685#change#{"from":{"line":7,"ch":7,"sticky":"after"},"to":{"line":7,"ch":8,"sticky":"after","xRel":2.08331298828125},"text":[""],"removed":["m"],"origin":"+delete"}
2019-7-2 18:28:34.685#keyHandled#"Backspace"
2019-7-2 18:28:34.884#change#{"from":{"line":7,"ch":6,"sticky":"after"},"to":{"line":7,"ch":7,"sticky":null},"text":[""],"removed":["u"],"origin":"+delete"}
2019-7-2 18:28:34.885#keyHandled#"Backspace"
2019-7-2 18:28:35.375#change#{"from":{"line":7,"ch":5,"sticky":"after"},"to":{"line":7,"ch":6,"sticky":null},"text":[""],"removed":["s"],"origin":"+delete"}
2019-7-2 18:28:35.375#keyHandled#"Backspace"
2019-7-2 18:28:39.976#change#{"from":{"line":7,"ch":5,"sticky":null},"to":{"line":7,"ch":5,"sticky":null},"text":["s"],"removed":[""],"origin":"+input"}
2019-7-2 18:28:40.150#change#{"from":{"line":7,"ch":6,"sticky":null},"to":{"line":7,"ch":6,"sticky":null},"text":["u"],"removed":[""],"origin":"+input"}
2019-7-2 18:28:40.351#change#{"from":{"line":7,"ch":7,"sticky":null},"to":{"line":7,"ch":7,"sticky":null},"text":["m"],"removed":[""],"origin":"+input"}
2019-7-2 18:28:50.565#mousedown#{"isTrusted":true}
2019-7-2 18:28:52.740#change#{"from":{"line":7,"ch":14,"sticky":"after"},"to":{"line":7,"ch":15,"sticky":"after","xRel":0.08331298828125},"text":[""],"removed":["s"],"origin":"+delete"}
2019-7-2 18:28:52.740#keyHandled#"Backspace"
2019-7-2 18:28:52.899#change#{"from":{"line":7,"ch":13,"sticky":"after"},"to":{"line":7,"ch":14,"sticky":null},"text":[""],"removed":["o"],"origin":"+delete"}
2019-7-2 18:28:52.899#keyHandled#"Backspace"
2019-7-2 18:28:53.036#change#{"from":{"line":7,"ch":12,"sticky":"after"},"to":{"line":7,"ch":13,"sticky":null},"text":[""],"removed":["n"],"origin":"+delete"}
2019-7-2 18:28:53.036#keyHandled#"Backspace"
2019-7-2 18:28:53.171#change#{"from":{"line":7,"ch":11,"sticky":"after"},"to":{"line":7,"ch":12,"sticky":null},"text":[""],"removed":["u"],"origin":"+delete"}
2019-7-2 18:28:53.171#keyHandled#"Backspace"
2019-7-2 18:28:53.324#change#{"from":{"line":7,"ch":10,"sticky":"after"},"to":{"line":7,"ch":11,"sticky":null},"text":[""],"removed":["l"],"origin":"+delete"}
2019-7-2 18:28:53.324#keyHandled#"Backspace"
2019-7-2 18:28:53.531#change#{"from":{"line":7,"ch":9,"sticky":"after"},"to":{"line":7,"ch":10,"sticky":null},"text":[""],"removed":["a"],"origin":"+delete"}
2019-7-2 18:28:53.531#keyHandled#"Backspace"
2019-7-2 18:28:54.352#change#{"from":{"line":7,"ch":9,"sticky":null},"to":{"line":7,"ch":9,"sticky":null},"text":["m"],"removed":[""],"origin":"+input"}
2019-7-2 18:28:54.486#change#{"from":{"line":7,"ch":10,"sticky":null},"to":{"line":7,"ch":10,"sticky":null},"text":["a"],"removed":[""],"origin":"+input"}
2019-7-2 18:28:54.630#change#{"from":{"line":7,"ch":11,"sticky":null},"to":{"line":7,"ch":11,"sticky":null},"text":["t"],"removed":[""],"origin":"+input"}
2019-7-2 18:28:56.034#mousedown#{"isTrusted":true}
2019-7-2 18:28:59.280#change#{"from":{"line":7,"ch":17,"sticky":"before","xRel":-0.91668701171875},"to":{"line":7,"ch":17,"sticky":"before","xRel":-0.91668701171875},"text":["/"],"removed":[""],"origin":"+input"}
2019-7-2 18:29:01.223#change#{"from":{"line":7,"ch":18,"sticky":null},"to":{"line":7,"ch":18,"sticky":null},"text":["r"],"removed":[""],"origin":"+input"}
2019-7-2 18:29:01.334#change#{"from":{"line":7,"ch":19,"sticky":null},"to":{"line":7,"ch":19,"sticky":null},"text":["p"],"removed":[""],"origin":"+input"}
2019-7-2 18:29:02.059#change#{"from":{"line":7,"ch":19,"sticky":"after"},"to":{"line":7,"ch":20,"sticky":null},"text":[""],"removed":["p"],"origin":"+delete"}
2019-7-2 18:29:02.060#keyHandled#"Backspace"
2019-7-2 18:29:02.211#change#{"from":{"line":7,"ch":18,"sticky":"after"},"to":{"line":7,"ch":19,"sticky":null},"text":[""],"removed":["r"],"origin":"+delete"}
2019-7-2 18:29:02.211#keyHandled#"Backspace"
2019-7-2 18:29:02.936#change#{"from":{"line":7,"ch":18,"sticky":null},"to":{"line":7,"ch":18,"sticky":null},"text":["p"],"removed":[""],"origin":"+input"}
2019-7-2 18:29:03.072#change#{"from":{"line":7,"ch":19,"sticky":null},"to":{"line":7,"ch":19,"sticky":null},"text":["r"],"removed":[""],"origin":"+input"}
2019-7-2 18:29:03.182#change#{"from":{"line":7,"ch":20,"sticky":null},"to":{"line":7,"ch":20,"sticky":null},"text":["o"],"removed":[""],"origin":"+input"}
2019-7-2 18:29:03.462#change#{"from":{"line":7,"ch":21,"sticky":null},"to":{"line":7,"ch":21,"sticky":null},"text":["v"],"removed":[""],"origin":"+input"}
2019-7-2 18:29:03.590#change#{"from":{"line":7,"ch":22,"sticky":null},"to":{"line":7,"ch":22,"sticky":null},"text":["a"],"removed":[""],"origin":"+input"}
2019-7-2 18:29:03.742#change#{"from":{"line":7,"ch":23,"sticky":null},"to":{"line":7,"ch":23,"sticky":null},"text":["s"],"removed":[""],"origin":"+input"}
2019-7-2 18:29:05.288#blur#
2019-7-2 18:29:07.542#mousedown#{"isTrusted":true}
2019-7-2 18:29:07.554#focus#
2019-7-2 18:29:08.376#change#{"from":{"line":7,"ch":17,"sticky":"after","xRel":1.08331298828125},"to":{"line":7,"ch":17,"sticky":"after","xRel":1.08331298828125},"text":[")"],"removed":[""],"origin":"+input"}
2019-7-2 18:29:09.690#blur#
2019-7-2 18:29:09.690#blur#
2019-7-2 18:29:11.263#saida_testar#$ python3 main.py
