2019-3-28 18:26:50.063#viewportChange#0
2019-3-28 18:27:02.555#mousedown#{"isTrusted":true}
2019-3-28 18:27:02.565#focus#
2019-3-28 18:27:03.993#change#{"from":{"line":3,"ch":0,"sticky":null,"xRel":1,"outside":true},"to":{"line":3,"ch":0,"sticky":null,"xRel":1,"outside":true},"text":["t"],"removed":[""],"origin":"+input"}
2019-3-28 18:27:04.154#change#{"from":{"line":3,"ch":1,"sticky":null},"to":{"line":3,"ch":1,"sticky":null},"text":["e"],"removed":[""],"origin":"+input"}
2019-3-28 18:27:04.519#change#{"from":{"line":3,"ch":2,"sticky":null},"to":{"line":3,"ch":2,"sticky":null},"text":["x"],"removed":[""],"origin":"+input"}
2019-3-28 18:27:05.035#change#{"from":{"line":3,"ch":3,"sticky":null},"to":{"line":3,"ch":3,"sticky":null},"text":["t"],"removed":[""],"origin":"+input"}
2019-3-28 18:27:05.198#change#{"from":{"line":3,"ch":4,"sticky":null},"to":{"line":3,"ch":4,"sticky":null},"text":["o"],"removed":[""],"origin":"+input"}
2019-3-28 18:27:07.368#change#{"from":{"line":3,"ch":5,"sticky":null},"to":{"line":3,"ch":5,"sticky":null},"text":["="],"removed":[""],"origin":"+input"}
2019-3-28 18:27:08.041#change#{"from":{"line":3,"ch":6,"sticky":null},"to":{"line":3,"ch":6,"sticky":null},"text":["i"],"removed":[""],"origin":"+input"}
2019-3-28 18:27:08.326#change#{"from":{"line":3,"ch":7,"sticky":null},"to":{"line":3,"ch":7,"sticky":null},"text":["n"],"removed":[""],"origin":"+input"}
2019-3-28 18:27:08.924#change#{"from":{"line":3,"ch":8,"sticky":null},"to":{"line":3,"ch":8,"sticky":null},"text":["p"],"removed":[""],"origin":"+input"}
2019-3-28 18:27:09.403#change#{"from":{"line":3,"ch":9,"sticky":null},"to":{"line":3,"ch":9,"sticky":null},"text":["i"],"removed":[""],"origin":"+input"}
2019-3-28 18:27:10.248#change#{"from":{"line":3,"ch":9,"sticky":"after"},"to":{"line":3,"ch":10,"sticky":null},"text":[""],"removed":["i"],"origin":"+delete"}
2019-3-28 18:27:10.248#keyHandled#"Backspace"
2019-3-28 18:27:10.665#change#{"from":{"line":3,"ch":9,"sticky":null},"to":{"line":3,"ch":9,"sticky":null},"text":["u"],"removed":[""],"origin":"+input"}
2019-3-28 18:27:10.813#change#{"from":{"line":3,"ch":10,"sticky":null},"to":{"line":3,"ch":10,"sticky":null},"text":["t"],"removed":[""],"origin":"+input"}
2019-3-28 18:27:13.347#change#{"from":{"line":3,"ch":11,"sticky":null},"to":{"line":3,"ch":11,"sticky":null},"text":["()"],"removed":[""],"origin":"+input"}
2019-3-28 18:27:13.347#keyHandled#"'('"
2019-3-28 18:27:14.788#change#{"from":{"line":3,"ch":12,"sticky":"after"},"to":{"line":3,"ch":12,"sticky":"after"},"text":["\"\""],"removed":[""],"origin":"+input"}
2019-3-28 18:27:14.788#keyHandled#"'\"'"
2019-3-28 18:27:15.260#change#{"from":{"line":3,"ch":13,"sticky":"after"},"to":{"line":3,"ch":13,"sticky":"after"},"text":["d"],"removed":[""],"origin":"+input"}
2019-3-28 18:27:15.425#change#{"from":{"line":3,"ch":14,"sticky":null},"to":{"line":3,"ch":14,"sticky":null},"text":["i"],"removed":[""],"origin":"+input"}
2019-3-28 18:27:15.788#change#{"from":{"line":3,"ch":15,"sticky":null},"to":{"line":3,"ch":15,"sticky":null},"text":["g"],"removed":[""],"origin":"+input"}
2019-3-28 18:27:17.619#change#{"from":{"line":3,"ch":16,"sticky":null},"to":{"line":3,"ch":16,"sticky":null},"text":["i"],"removed":[""],"origin":"+input"}
2019-3-28 18:27:18.023#change#{"from":{"line":3,"ch":17,"sticky":null},"to":{"line":3,"ch":17,"sticky":null},"text":["t"],"removed":[""],"origin":"+input"}
2019-3-28 18:27:18.246#change#{"from":{"line":3,"ch":18,"sticky":null},"to":{"line":3,"ch":18,"sticky":null},"text":["a"],"removed":[""],"origin":"+input"}
2019-3-28 18:27:18.458#change#{"from":{"line":3,"ch":19,"sticky":null},"to":{"line":3,"ch":19,"sticky":null},"text":[" "],"removed":[""],"origin":"+input"}
2019-3-28 18:27:18.817#change#{"from":{"line":3,"ch":20,"sticky":null},"to":{"line":3,"ch":20,"sticky":null},"text":["u"],"removed":[""],"origin":"+input"}
2019-3-28 18:27:19.065#change#{"from":{"line":3,"ch":21,"sticky":null},"to":{"line":3,"ch":21,"sticky":null},"text":["m"],"removed":[""],"origin":"+input"}
2019-3-28 18:27:19.385#change#{"from":{"line":3,"ch":22,"sticky":null},"to":{"line":3,"ch":22,"sticky":null},"text":[" "],"removed":[""],"origin":"+input"}
2019-3-28 18:27:19.735#change#{"from":{"line":3,"ch":23,"sticky":null},"to":{"line":3,"ch":23,"sticky":null},"text":["t"],"removed":[""],"origin":"+input"}
2019-3-28 18:27:19.914#change#{"from":{"line":3,"ch":24,"sticky":null},"to":{"line":3,"ch":24,"sticky":null},"text":["e"],"removed":[""],"origin":"+input"}
2019-3-28 18:27:20.196#change#{"from":{"line":3,"ch":25,"sticky":null},"to":{"line":3,"ch":25,"sticky":null},"text":["x"],"removed":[""],"origin":"+input"}
2019-3-28 18:27:20.849#change#{"from":{"line":3,"ch":26,"sticky":null},"to":{"line":3,"ch":26,"sticky":null},"text":["t"],"removed":[""],"origin":"+input"}
2019-3-28 18:27:20.999#change#{"from":{"line":3,"ch":27,"sticky":null},"to":{"line":3,"ch":27,"sticky":null},"text":["o"],"removed":[""],"origin":"+input"}
2019-3-28 18:27:25.177#change#{"from":{"line":3,"ch":28,"sticky":null},"to":{"line":3,"ch":28,"sticky":null},"text":[":"],"removed":[""],"origin":"+input"}
2019-3-28 18:27:27.547#change#{"from":{"line":3,"ch":29,"sticky":null},"to":{"line":3,"ch":29,"sticky":null},"text":[" "],"removed":[""],"origin":"+input"}
2019-3-28 18:27:29.947#mousedown#{"isTrusted":true}
2019-3-28 18:27:30.719#change#{"from":{"line":3,"ch":32,"sticky":"before","xRel":30.29998779296875},"to":{"line":3,"ch":32,"sticky":"before","xRel":30.29998779296875},"text":["",""],"removed":[""],"origin":"+input"}
2019-3-28 18:27:30.719#keyHandled#"Enter"
2019-3-28 18:27:30.727#viewportChange#0
2019-3-28 18:27:31.281#change#{"from":{"line":4,"ch":0,"sticky":null},"to":{"line":4,"ch":0,"sticky":null},"text":["p"],"removed":[""],"origin":"+input"}
2019-3-28 18:27:31.609#change#{"from":{"line":4,"ch":1,"sticky":null},"to":{"line":4,"ch":1,"sticky":null},"text":["r"],"removed":[""],"origin":"+input"}
2019-3-28 18:27:31.856#change#{"from":{"line":4,"ch":2,"sticky":null},"to":{"line":4,"ch":2,"sticky":null},"text":["i"],"removed":[""],"origin":"+input"}
2019-3-28 18:27:32.122#change#{"from":{"line":4,"ch":3,"sticky":null},"to":{"line":4,"ch":3,"sticky":null},"text":["n"],"removed":[""],"origin":"+input"}
2019-3-28 18:27:32.443#change#{"from":{"line":4,"ch":4,"sticky":null},"to":{"line":4,"ch":4,"sticky":null},"text":["t"],"removed":[""],"origin":"+input"}
2019-3-28 18:27:33.822#change#{"from":{"line":4,"ch":5,"sticky":null},"to":{"line":4,"ch":5,"sticky":null},"text":["()"],"removed":[""],"origin":"+input"}
2019-3-28 18:27:33.822#keyHandled#"'('"
2019-3-28 18:27:37.663#change#{"from":{"line":4,"ch":6,"sticky":"after"},"to":{"line":4,"ch":6,"sticky":"after"},"text":["t"],"removed":[""],"origin":"+input"}
2019-3-28 18:27:37.803#change#{"from":{"line":4,"ch":7,"sticky":null},"to":{"line":4,"ch":7,"sticky":null},"text":["e"],"removed":[""],"origin":"+input"}
2019-3-28 18:27:38.141#change#{"from":{"line":4,"ch":8,"sticky":null},"to":{"line":4,"ch":8,"sticky":null},"text":["x"],"removed":[""],"origin":"+input"}
2019-3-28 18:27:38.758#change#{"from":{"line":4,"ch":9,"sticky":null},"to":{"line":4,"ch":9,"sticky":null},"text":["t"],"removed":[""],"origin":"+input"}
2019-3-28 18:27:38.915#change#{"from":{"line":4,"ch":10,"sticky":null},"to":{"line":4,"ch":10,"sticky":null},"text":["o"],"removed":[""],"origin":"+input"}
2019-3-28 18:27:40.655#change#{"from":{"line":4,"ch":11,"sticky":null},"to":{"line":4,"ch":11,"sticky":null},"text":["."],"removed":[""],"origin":"+input"}
2019-3-28 18:27:41.225#change#{"from":{"line":4,"ch":12,"sticky":null},"to":{"line":4,"ch":12,"sticky":null},"text":["l"],"removed":[""],"origin":"+input"}
2019-3-28 18:27:44.176#change#{"from":{"line":4,"ch":13,"sticky":null},"to":{"line":4,"ch":13,"sticky":null},"text":["o"],"removed":[""],"origin":"+input"}
2019-3-28 18:27:44.361#change#{"from":{"line":4,"ch":14,"sticky":null},"to":{"line":4,"ch":14,"sticky":null},"text":["e"],"removed":[""],"origin":"+input"}
2019-3-28 18:27:45.856#change#{"from":{"line":4,"ch":14,"sticky":"after"},"to":{"line":4,"ch":15,"sticky":null},"text":[""],"removed":["e"],"origin":"+delete"}
2019-3-28 18:27:45.856#keyHandled#"Backspace"
2019-3-28 18:27:46.038#change#{"from":{"line":4,"ch":14,"sticky":null},"to":{"line":4,"ch":14,"sticky":null},"text":["w"],"removed":[""],"origin":"+input"}
2019-3-28 18:27:46.277#change#{"from":{"line":4,"ch":15,"sticky":null},"to":{"line":4,"ch":15,"sticky":null},"text":["e"],"removed":[""],"origin":"+input"}
2019-3-28 18:27:46.564#change#{"from":{"line":4,"ch":16,"sticky":null},"to":{"line":4,"ch":16,"sticky":null},"text":["r"],"removed":[""],"origin":"+input"}
2019-3-28 18:27:49.304#change#{"from":{"line":4,"ch":17,"sticky":null},"to":{"line":4,"ch":17,"sticky":null},"text":["()"],"removed":[""],"origin":"+input"}
2019-3-28 18:27:49.304#keyHandled#"'('"
