2019-5-1 19:05:30.536#viewportChange#0
2019-5-1 19:07:58.566#mousedown#{"isTrusted":true}
2019-5-1 19:07:58.576#focus#
2019-5-1 19:08:42.616#blur#
2019-5-1 20:50:58.723#mousedown#{"isTrusted":true}
2019-5-1 20:50:58.734#focus#
2019-5-1 20:51:58.916#blur#
2019-5-1 20:52:16.891#focus#
2019-5-1 20:52:16.894#mousedown#{"isTrusted":true}
2019-5-1 20:52:18.934#mousedown#{"isTrusted":true}
2019-5-1 20:52:20.537#mousedown#{"isTrusted":true}
2019-5-1 20:52:32.411#change#{"from":{"line":3,"ch":0,"sticky":"after","xRel":63.6875},"to":{"line":3,"ch":0,"sticky":"after","xRel":63.6875},"text":["a"],"removed":[""],"origin":"+input"}
2019-5-1 20:52:33.654#change#{"from":{"line":3,"ch":1,"sticky":null},"to":{"line":3,"ch":1,"sticky":null},"text":[" "],"removed":[""],"origin":"+input"}
2019-5-1 20:52:33.784#change#{"from":{"line":3,"ch":2,"sticky":null},"to":{"line":3,"ch":2,"sticky":null},"text":["="],"removed":[""],"origin":"+input"}
2019-5-1 20:52:34.764#change#{"from":{"line":3,"ch":3,"sticky":null},"to":{"line":3,"ch":3,"sticky":null},"text":[" "],"removed":[""],"origin":"+input"}
2019-5-1 20:52:34.947#change#{"from":{"line":3,"ch":4,"sticky":null},"to":{"line":3,"ch":4,"sticky":null},"text":["f"],"removed":[""],"origin":"+input"}
2019-5-1 20:52:35.101#change#{"from":{"line":3,"ch":5,"sticky":null},"to":{"line":3,"ch":5,"sticky":null},"text":["l"],"removed":[""],"origin":"+input"}
2019-5-1 20:52:35.674#change#{"from":{"line":3,"ch":6,"sticky":null},"to":{"line":3,"ch":6,"sticky":null},"text":["o"],"removed":[""],"origin":"+input"}
2019-5-1 20:52:35.785#change#{"from":{"line":3,"ch":7,"sticky":null},"to":{"line":3,"ch":7,"sticky":null},"text":["a"],"removed":[""],"origin":"+input"}
2019-5-1 20:52:35.975#change#{"from":{"line":3,"ch":8,"sticky":null},"to":{"line":3,"ch":8,"sticky":null},"text":["t"],"removed":[""],"origin":"+input"}
2019-5-1 20:52:36.686#change#{"from":{"line":3,"ch":9,"sticky":null},"to":{"line":3,"ch":9,"sticky":null},"text":["()"],"removed":[""],"origin":"+input"}
2019-5-1 20:52:36.686#keyHandled#"'('"
2019-5-1 20:52:37.013#change#{"from":{"line":3,"ch":10,"sticky":"after"},"to":{"line":3,"ch":10,"sticky":"after"},"text":["i"],"removed":[""],"origin":"+input"}
2019-5-1 20:52:37.159#change#{"from":{"line":3,"ch":11,"sticky":null},"to":{"line":3,"ch":11,"sticky":null},"text":["n"],"removed":[""],"origin":"+input"}
2019-5-1 20:52:37.406#change#{"from":{"line":3,"ch":12,"sticky":null},"to":{"line":3,"ch":12,"sticky":null},"text":["o"],"removed":[""],"origin":"+input"}
2019-5-1 20:52:37.477#change#{"from":{"line":3,"ch":13,"sticky":null},"to":{"line":3,"ch":13,"sticky":null},"text":["u"],"removed":[""],"origin":"+input"}
2019-5-1 20:52:37.689#change#{"from":{"line":3,"ch":14,"sticky":null},"to":{"line":3,"ch":14,"sticky":null},"text":["t"],"removed":[""],"origin":"+input"}
2019-5-1 20:52:38.198#change#{"from":{"line":3,"ch":14,"sticky":"after"},"to":{"line":3,"ch":15,"sticky":null},"text":[""],"removed":["t"],"origin":"+delete"}
2019-5-1 20:52:38.198#keyHandled#"Backspace"
2019-5-1 20:52:38.326#change#{"from":{"line":3,"ch":13,"sticky":"after"},"to":{"line":3,"ch":14,"sticky":null},"text":[""],"removed":["u"],"origin":"+delete"}
2019-5-1 20:52:38.326#keyHandled#"Backspace"
2019-5-1 20:52:38.920#change#{"from":{"line":3,"ch":12,"sticky":"after"},"to":{"line":3,"ch":13,"sticky":null},"text":[""],"removed":["o"],"origin":"+delete"}
2019-5-1 20:52:38.920#keyHandled#"Backspace"
2019-5-1 20:52:39.182#change#{"from":{"line":3,"ch":12,"sticky":null},"to":{"line":3,"ch":12,"sticky":null},"text":["p"],"removed":[""],"origin":"+input"}
2019-5-1 20:52:39.341#change#{"from":{"line":3,"ch":13,"sticky":null},"to":{"line":3,"ch":13,"sticky":null},"text":["u"],"removed":[""],"origin":"+input"}
2019-5-1 20:52:39.509#change#{"from":{"line":3,"ch":14,"sticky":null},"to":{"line":3,"ch":14,"sticky":null},"text":["t"],"removed":[""],"origin":"+input"}
2019-5-1 20:52:40.997#change#{"from":{"line":3,"ch":15,"sticky":null},"to":{"line":3,"ch":15,"sticky":null},"text":["()"],"removed":[""],"origin":"+input"}
2019-5-1 20:52:40.997#keyHandled#"'('"
2019-5-1 20:52:41.637#keyHandled#"Right"
2019-5-1 20:52:41.822#keyHandled#"Right"
2019-5-1 20:52:42.407#keyHandled#"Left"
2019-5-1 20:52:42.919#keyHandled#"Left"
2019-5-1 20:52:42.952#keyHandled#"Left"
2019-5-1 20:52:42.983#keyHandled#"Left"
2019-5-1 20:52:43.016#keyHandled#"Left"
2019-5-1 20:52:43.050#keyHandled#"Left"
2019-5-1 20:52:43.082#keyHandled#"Left"
2019-5-1 20:52:43.114#keyHandled#"Left"
2019-5-1 20:52:43.147#keyHandled#"Left"
2019-5-1 20:52:43.181#keyHandled#"Left"
2019-5-1 20:52:43.213#keyHandled#"Left"
2019-5-1 20:52:43.246#keyHandled#"Left"
2019-5-1 20:52:43.278#keyHandled#"Left"
2019-5-1 20:52:43.312#keyHandled#"Left"
2019-5-1 20:52:43.344#keyHandled#"Left"
2019-5-1 20:52:43.378#keyHandled#"Left"
2019-5-1 20:52:43.410#keyHandled#"Left"
2019-5-1 20:52:43.810#keyHandled#"Left"
2019-5-1 20:52:44.708#copy#{"isTrusted":true}
2019-5-1 20:52:45.366#keyHandled#"Down"
2019-5-1 20:52:46.234#change#{"from":{"line":3,"ch":18,"sticky":"before"},"to":{"line":3,"ch":18,"sticky":"before"},"text":["",""],"removed":[""],"origin":"+input"}
2019-5-1 20:52:46.234#keyHandled#"Enter"
2019-5-1 20:52:46.238#viewportChange#0
2019-5-1 20:52:46.568#change#{"from":{"line":4,"ch":0,"sticky":null},"to":{"line":4,"ch":0,"sticky":null},"text":["a = float(input())"],"removed":[""],"origin":"paste"}
2019-5-1 20:52:46.985#change#{"from":{"line":4,"ch":18,"sticky":null},"to":{"line":4,"ch":18,"sticky":null},"text":["",""],"removed":[""],"origin":"+input"}
2019-5-1 20:52:46.985#keyHandled#"Enter"
2019-5-1 20:52:46.989#viewportChange#0
2019-5-1 20:52:47.356#change#{"from":{"line":5,"ch":0,"sticky":null},"to":{"line":5,"ch":0,"sticky":null},"text":["a = float(input())"],"removed":[""],"origin":"paste"}
2019-5-1 20:52:47.567#change#{"from":{"line":5,"ch":18,"sticky":null},"to":{"line":5,"ch":18,"sticky":null},"text":["",""],"removed":[""],"origin":"+input"}
2019-5-1 20:52:47.567#keyHandled#"Enter"
2019-5-1 20:52:47.571#viewportChange#0
2019-5-1 20:52:47.921#change#{"from":{"line":6,"ch":0,"sticky":null},"to":{"line":6,"ch":0,"sticky":null},"text":["a = float(input())"],"removed":[""],"origin":"paste"}
2019-5-1 20:52:49.560#mousedown#{"isTrusted":true}
2019-5-1 20:52:50.205#keyHandled#"Right"
2019-5-1 20:52:50.546#change#{"from":{"line":4,"ch":0,"sticky":"after"},"to":{"line":4,"ch":1,"sticky":"before"},"text":[""],"removed":["a"],"origin":"+delete"}
2019-5-1 20:52:50.546#keyHandled#"Backspace"
2019-5-1 20:52:50.850#change#{"from":{"line":4,"ch":0,"sticky":null},"to":{"line":4,"ch":0,"sticky":null},"text":["b"],"removed":[""],"origin":"+input"}
2019-5-1 20:52:51.022#keyHandled#"Down"
2019-5-1 20:52:51.693#change#{"from":{"line":5,"ch":1,"sticky":"after","xRel":0},"to":{"line":5,"ch":1,"sticky":"after","xRel":0},"text":["",""],"removed":[""],"origin":"+input"}
2019-5-1 20:52:51.693#change#{"from":{"line":6,"ch":0,"sticky":null},"to":{"line":6,"ch":1,"sticky":null},"text":[""],"removed":[" "],"origin":"+input"}
2019-5-1 20:52:51.693#keyHandled#"Enter"
2019-5-1 20:52:51.696#viewportChange#0
2019-5-1 20:52:51.931#change#{"from":{"line":6,"ch":0,"sticky":null},"to":{"line":6,"ch":0,"sticky":null},"text":["c"],"removed":[""],"origin":"+input"}
2019-5-1 20:52:52.517#change#{"from":{"line":6,"ch":0,"sticky":"after"},"to":{"line":6,"ch":1,"sticky":null},"text":[""],"removed":["c"],"origin":"+delete"}
2019-5-1 20:52:52.517#keyHandled#"Backspace"
2019-5-1 20:52:52.842#change#{"from":{"line":5,"ch":1,"sticky":"before"},"to":{"line":6,"ch":0,"sticky":null},"text":[""],"removed":["",""],"origin":"+delete"}
2019-5-1 20:52:52.842#keyHandled#"Backspace"
2019-5-1 20:52:52.851#viewportChange#0
2019-5-1 20:52:53.203#change#{"from":{"line":5,"ch":0,"sticky":"after"},"to":{"line":5,"ch":1,"sticky":null},"text":[""],"removed":["a"],"origin":"+delete"}
2019-5-1 20:52:53.203#keyHandled#"Backspace"
2019-5-1 20:52:53.371#change#{"from":{"line":5,"ch":0,"sticky":null},"to":{"line":5,"ch":0,"sticky":null},"text":["c"],"removed":[""],"origin":"+input"}
2019-5-1 20:52:53.856#keyHandled#"Down"
2019-5-1 20:52:54.302#change#{"from":{"line":6,"ch":0,"sticky":"after"},"to":{"line":6,"ch":1,"sticky":"after","xRel":0},"text":[""],"removed":["a"],"origin":"+delete"}
2019-5-1 20:52:54.302#keyHandled#"Backspace"
2019-5-1 20:52:54.669#change#{"from":{"line":6,"ch":0,"sticky":null},"to":{"line":6,"ch":0,"sticky":null},"text":["d"],"removed":[""],"origin":"+input"}
2019-5-1 20:52:55.618#mousedown#{"isTrusted":true}
2019-5-1 20:52:57.914#mousedown#{"isTrusted":true}
2019-5-1 20:52:58.143#change#{"from":{"line":5,"ch":1,"sticky":"after","xRel":1},"to":{"line":5,"ch":1,"sticky":"after","xRel":1},"text":[" "],"removed":[""],"origin":"+input"}
2019-5-1 20:52:59.010#mousedown#{"isTrusted":true}
2019-5-1 20:52:59.731#change#{"from":{"line":6,"ch":18,"sticky":"before","xRel":39.2874755859375},"to":{"line":6,"ch":18,"sticky":"before","xRel":39.2874755859375},"text":["",""],"removed":[""],"origin":"+input"}
2019-5-1 20:52:59.731#keyHandled#"Enter"
2019-5-1 20:52:59.735#viewportChange#0
2019-5-1 20:52:59.910#change#{"from":{"line":7,"ch":0,"sticky":null},"to":{"line":7,"ch":0,"sticky":null},"text":["",""],"removed":[""],"origin":"+input"}
2019-5-1 20:52:59.910#keyHandled#"Enter"
2019-5-1 20:52:59.917#viewportChange#0
2019-5-1 20:53:09.264#change#{"from":{"line":8,"ch":0,"sticky":null},"to":{"line":8,"ch":0,"sticky":null},"text":["i"],"removed":[""],"origin":"+input"}
2019-5-1 20:53:09.424#change#{"from":{"line":8,"ch":1,"sticky":null},"to":{"line":8,"ch":1,"sticky":null},"text":["f"],"removed":[""],"origin":"+input"}
2019-5-1 20:53:09.851#change#{"from":{"line":8,"ch":2,"sticky":null},"to":{"line":8,"ch":2,"sticky":null},"text":["()"],"removed":[""],"origin":"+input"}
2019-5-1 20:53:09.851#keyHandled#"'('"
2019-5-1 20:53:10.234#change#{"from":{"line":8,"ch":3,"sticky":"after"},"to":{"line":8,"ch":3,"sticky":"after"},"text":["b"],"removed":[""],"origin":"+input"}
2019-5-1 20:53:11.000#change#{"from":{"line":8,"ch":4,"sticky":null},"to":{"line":8,"ch":4,"sticky":null},"text":[">"],"removed":[""],"origin":"+input"}
2019-5-1 20:53:11.189#change#{"from":{"line":8,"ch":5,"sticky":null},"to":{"line":8,"ch":5,"sticky":null},"text":["a"],"removed":[""],"origin":"+input"}
2019-5-1 20:53:12.256#change#{"from":{"line":8,"ch":6,"sticky":null},"to":{"line":8,"ch":6,"sticky":null},"text":[" "],"removed":[""],"origin":"+input"}
2019-5-1 20:53:12.367#change#{"from":{"line":8,"ch":7,"sticky":null},"to":{"line":8,"ch":7,"sticky":null},"text":["a"],"removed":[""],"origin":"+input"}
2019-5-1 20:53:12.498#change#{"from":{"line":8,"ch":8,"sticky":null},"to":{"line":8,"ch":8,"sticky":null},"text":["n"],"removed":[""],"origin":"+input"}
2019-5-1 20:53:12.647#change#{"from":{"line":8,"ch":9,"sticky":null},"to":{"line":8,"ch":9,"sticky":null},"text":["d"],"removed":[""],"origin":"+input"}
2019-5-1 20:53:12.893#change#{"from":{"line":8,"ch":10,"sticky":null},"to":{"line":8,"ch":10,"sticky":null},"text":[" "],"removed":[""],"origin":"+input"}
2019-5-1 20:53:15.131#change#{"from":{"line":8,"ch":11,"sticky":null},"to":{"line":8,"ch":11,"sticky":null},"text":["d"],"removed":[""],"origin":"+input"}
2019-5-1 20:53:15.644#change#{"from":{"line":8,"ch":12,"sticky":null},"to":{"line":8,"ch":12,"sticky":null},"text":[">"],"removed":[""],"origin":"+input"}
2019-5-1 20:53:15.930#change#{"from":{"line":8,"ch":13,"sticky":null},"to":{"line":8,"ch":13,"sticky":null},"text":["c"],"removed":[""],"origin":"+input"}
2019-5-1 20:53:16.791#keyHandled#"Right"
2019-5-1 20:53:17.640#change#{"from":{"line":8,"ch":15,"sticky":"before"},"to":{"line":8,"ch":15,"sticky":"before"},"text":[":"],"removed":[""],"origin":"+input"}
2019-5-1 20:53:17.796#change#{"from":{"line":8,"ch":16,"sticky":null},"to":{"line":8,"ch":16,"sticky":null},"text":["",""],"removed":[""],"origin":"+input"}
2019-5-1 20:53:17.796#change#{"from":{"line":9,"ch":0,"sticky":null},"to":{"line":9,"ch":0,"sticky":null},"text":["\t"],"removed":[""],"origin":"+input"}
2019-5-1 20:53:17.796#keyHandled#"Enter"
2019-5-1 20:53:17.800#viewportChange#0
2019-5-1 20:53:18.836#change#{"from":{"line":9,"ch":1,"sticky":null},"to":{"line":9,"ch":1,"sticky":null},"text":["i"],"removed":[""],"origin":"+input"}
2019-5-1 20:53:19.026#change#{"from":{"line":9,"ch":2,"sticky":null},"to":{"line":9,"ch":2,"sticky":null},"text":["f"],"removed":[""],"origin":"+input"}
2019-5-1 20:53:19.494#change#{"from":{"line":9,"ch":3,"sticky":null},"to":{"line":9,"ch":3,"sticky":null},"text":["()"],"removed":[""],"origin":"+input"}
2019-5-1 20:53:19.494#keyHandled#"'('"
2019-5-1 20:53:21.750#change#{"from":{"line":9,"ch":4,"sticky":"after"},"to":{"line":9,"ch":4,"sticky":"after"},"text":["()"],"removed":[""],"origin":"+input"}
2019-5-1 20:53:21.750#keyHandled#"'('"
2019-5-1 20:53:24.096#change#{"from":{"line":9,"ch":5,"sticky":"after"},"to":{"line":9,"ch":5,"sticky":"after"},"text":["b"],"removed":[""],"origin":"+input"}
2019-5-1 20:53:25.331#change#{"from":{"line":9,"ch":5,"sticky":"after"},"to":{"line":9,"ch":6,"sticky":null},"text":[""],"removed":["b"],"origin":"+delete"}
2019-5-1 20:53:25.331#keyHandled#"Backspace"
2019-5-1 20:53:28.718#change#{"from":{"line":9,"ch":5,"sticky":null},"to":{"line":9,"ch":5,"sticky":null},"text":["a"],"removed":[""],"origin":"+input"}
2019-5-1 20:53:29.181#change#{"from":{"line":9,"ch":6,"sticky":null},"to":{"line":9,"ch":6,"sticky":null},"text":["<"],"removed":[""],"origin":"+input"}
2019-5-1 20:53:29.532#change#{"from":{"line":9,"ch":7,"sticky":null},"to":{"line":9,"ch":7,"sticky":null},"text":["="],"removed":[""],"origin":"+input"}
2019-5-1 20:53:30.852#change#{"from":{"line":9,"ch":8,"sticky":null},"to":{"line":9,"ch":8,"sticky":null},"text":["c"],"removed":[""],"origin":"+input"}
2019-5-1 20:53:31.539#change#{"from":{"line":9,"ch":9,"sticky":null},"to":{"line":9,"ch":9,"sticky":null},"text":["<"],"removed":[""],"origin":"+input"}
2019-5-1 20:53:31.983#change#{"from":{"line":9,"ch":10,"sticky":null},"to":{"line":9,"ch":10,"sticky":null},"text":["="],"removed":[""],"origin":"+input"}
2019-5-1 20:53:32.297#change#{"from":{"line":9,"ch":11,"sticky":null},"to":{"line":9,"ch":11,"sticky":null},"text":["d"],"removed":[""],"origin":"+input"}
2019-5-1 20:53:33.734#keyHandled#"Right"
2019-5-1 20:53:34.294#change#{"from":{"line":9,"ch":13,"sticky":"before"},"to":{"line":9,"ch":13,"sticky":"before"},"text":["o"],"removed":[""],"origin":"+input"}
2019-5-1 20:53:34.434#change#{"from":{"line":9,"ch":14,"sticky":null},"to":{"line":9,"ch":14,"sticky":null},"text":["r"],"removed":[""],"origin":"+input"}
2019-5-1 20:53:35.350#change#{"from":{"line":9,"ch":15,"sticky":null},"to":{"line":9,"ch":15,"sticky":null},"text":["()"],"removed":[""],"origin":"+input"}
2019-5-1 20:53:35.350#keyHandled#"'('"
2019-5-1 20:53:41.614#keyHandled#"Left"
2019-5-1 20:53:42.124#keyHandled#"Left"
2019-5-1 20:53:42.306#keyHandled#"Left"
2019-5-1 20:53:42.450#keyHandled#"Left"
2019-5-1 20:53:42.579#keyHandled#"Left"
2019-5-1 20:53:43.161#keyHandled#"Right"
2019-5-1 20:53:43.684#change#{"from":{"line":9,"ch":11,"sticky":"after"},"to":{"line":9,"ch":12,"sticky":"before"},"text":[""],"removed":["d"],"origin":"+delete"}
2019-5-1 20:53:43.684#keyHandled#"Backspace"
2019-5-1 20:53:43.909#change#{"from":{"line":9,"ch":11,"sticky":null},"to":{"line":9,"ch":11,"sticky":null},"text":["b"],"removed":[""],"origin":"+input"}
2019-5-1 20:53:44.937#keyHandled#"Right"
2019-5-1 20:53:45.305#keyHandled#"Left"
2019-5-1 20:53:45.489#keyHandled#"Left"
2019-5-1 20:53:45.599#keyHandled#"Left"
2019-5-1 20:53:45.710#keyHandled#"Left"
2019-5-1 20:53:45.863#keyHandled#"Left"
2019-5-1 20:53:45.973#keyHandled#"Left"
2019-5-1 20:53:46.085#keyHandled#"Left"
2019-5-1 20:53:46.196#keyHandled#"Left"
2019-5-1 20:53:46.342#keyHandled#"Left"
2019-5-1 20:53:47.164#copy#{"isTrusted":true}
2019-5-1 20:53:47.260#keyHandled#"Right"
2019-5-1 20:53:47.411#keyHandled#"Right"
2019-5-1 20:53:47.640#keyHandled#"Right"
2019-5-1 20:53:47.816#keyHandled#"Right"
2019-5-1 20:53:49.671#keyHandled#"Right"
2019-5-1 20:53:50.063#change#{"from":{"line":9,"ch":16,"sticky":"after"},"to":{"line":9,"ch":17,"sticky":"before"},"text":[""],"removed":[")"],"origin":"+delete"}
2019-5-1 20:53:50.063#keyHandled#"Backspace"
2019-5-1 20:53:50.388#change#{"from":{"line":9,"ch":15,"sticky":null},"to":{"line":9,"ch":17,"sticky":null},"text":[""],"removed":["()"],"origin":"+delete"}
2019-5-1 20:53:50.388#keyHandled#"Backspace"
2019-5-1 20:53:51.014#change#{"from":{"line":9,"ch":15,"sticky":null},"to":{"line":9,"ch":15,"sticky":null},"text":["(a<=c<=b)"],"removed":[""],"origin":"paste"}
2019-5-1 20:53:52.698#keyHandled#"Left"
2019-5-1 20:53:52.832#keyHandled#"Left"
2019-5-1 20:53:52.955#keyHandled#"Left"
2019-5-1 20:53:53.104#keyHandled#"Left"
2019-5-1 20:53:53.693#change#{"from":{"line":9,"ch":19,"sticky":"after"},"to":{"line":9,"ch":20,"sticky":"after"},"text":[""],"removed":["c"],"origin":"+delete"}
2019-5-1 20:53:53.693#keyHandled#"Backspace"
2019-5-1 20:53:53.891#change#{"from":{"line":9,"ch":19,"sticky":null},"to":{"line":9,"ch":19,"sticky":null},"text":["d"],"removed":[""],"origin":"+input"}
2019-5-1 20:53:54.353#keyHandled#"Right"
2019-5-1 20:53:54.473#keyHandled#"Right"
2019-5-1 20:53:54.676#keyHandled#"Right"
2019-5-1 20:53:54.831#keyHandled#"Right"
2019-5-1 20:53:55.019#keyHandled#"Right"
2019-5-1 20:53:55.851#keyHandled#"Left"
2019-5-1 20:53:56.764#change#{"from":{"line":9,"ch":24,"sticky":"before"},"to":{"line":9,"ch":24,"sticky":"before"},"text":["o"],"removed":[""],"origin":"+input"}
2019-5-1 20:53:56.922#change#{"from":{"line":9,"ch":25,"sticky":null},"to":{"line":9,"ch":25,"sticky":null},"text":["r"],"removed":[""],"origin":"+input"}
2019-5-1 20:53:59.460#change#{"from":{"line":9,"ch":26,"sticky":null},"to":{"line":9,"ch":26,"sticky":null},"text":["(a<=c<=b)"],"removed":[""],"origin":"paste"}
2019-5-1 20:54:00.575#mousedown#{"isTrusted":true}
2019-5-1 20:54:01.286#change#{"from":{"line":9,"ch":27,"sticky":"after"},"to":{"line":9,"ch":28,"sticky":"before","xRel":-0.07501220703125},"text":[""],"removed":["a"],"origin":"+delete"}
2019-5-1 20:54:01.286#keyHandled#"Backspace"
2019-5-1 20:54:01.864#change#{"from":{"line":9,"ch":27,"sticky":null},"to":{"line":9,"ch":27,"sticky":null},"text":["c"],"removed":[""],"origin":"+input"}
2019-5-1 20:54:02.298#keyHandled#"Right"
2019-5-1 20:54:02.511#keyHandled#"Right"
2019-5-1 20:54:02.640#keyHandled#"Right"
2019-5-1 20:54:03.011#change#{"from":{"line":9,"ch":30,"sticky":"after"},"to":{"line":9,"ch":31,"sticky":"before"},"text":[""],"removed":["c"],"origin":"+delete"}
2019-5-1 20:54:03.011#keyHandled#"Backspace"
2019-5-1 20:54:03.184#change#{"from":{"line":9,"ch":30,"sticky":null},"to":{"line":9,"ch":30,"sticky":null},"text":["a"],"removed":[""],"origin":"+input"}
2019-5-1 20:54:03.534#keyHandled#"Right"
2019-5-1 20:54:03.834#keyHandled#"Right"
2019-5-1 20:54:04.438#change#{"from":{"line":9,"ch":33,"sticky":"after"},"to":{"line":9,"ch":34,"sticky":"before"},"text":[""],"removed":["b"],"origin":"+delete"}
2019-5-1 20:54:04.438#keyHandled#"Backspace"
2019-5-1 20:54:04.655#change#{"from":{"line":9,"ch":33,"sticky":null},"to":{"line":9,"ch":33,"sticky":null},"text":["d"],"removed":[""],"origin":"+input"}
2019-5-1 20:54:07.093#keyHandled#"Right"
2019-5-1 20:54:07.878#change#{"from":{"line":9,"ch":35,"sticky":"before"},"to":{"line":9,"ch":35,"sticky":"before"},"text":["o"],"removed":[""],"origin":"+input"}
2019-5-1 20:54:08.025#change#{"from":{"line":9,"ch":36,"sticky":null},"to":{"line":9,"ch":36,"sticky":null},"text":["r"],"removed":[""],"origin":"+input"}
2019-5-1 20:54:08.710#change#{"from":{"line":9,"ch":37,"sticky":null},"to":{"line":9,"ch":37,"sticky":null},"text":["(a<=c<=b)"],"removed":[""],"origin":"paste"}
2019-5-1 20:54:09.264#keyHandled#"Right"
2019-5-1 20:54:10.212#keyHandled#"Up"
2019-5-1 20:54:10.988#keyHandled#"Right"
2019-5-1 20:54:11.500#keyHandled#"Right"
2019-5-1 20:54:11.533#keyHandled#"Right"
2019-5-1 20:54:11.565#keyHandled#"Right"
2019-5-1 20:54:11.598#keyHandled#"Right"
2019-5-1 20:54:11.632#keyHandled#"Right"
2019-5-1 20:54:11.664#keyHandled#"Right"
2019-5-1 20:54:11.697#keyHandled#"Right"
2019-5-1 20:54:11.730#keyHandled#"Right"
2019-5-1 20:54:11.762#keyHandled#"Right"
2019-5-1 20:54:11.795#keyHandled#"Right"
2019-5-1 20:54:11.828#keyHandled#"Right"
2019-5-1 20:54:11.860#keyHandled#"Right"
2019-5-1 20:54:11.894#keyHandled#"Right"
2019-5-1 20:54:11.927#keyHandled#"Right"
2019-5-1 20:54:11.959#keyHandled#"Right"
2019-5-1 20:54:11.995#keyHandled#"Right"
2019-5-1 20:54:12.026#keyHandled#"Right"
2019-5-1 20:54:12.058#keyHandled#"Right"
2019-5-1 20:54:12.091#keyHandled#"Right"
2019-5-1 20:54:12.124#keyHandled#"Right"
2019-5-1 20:54:12.158#keyHandled#"Right"
2019-5-1 20:54:12.190#keyHandled#"Right"
2019-5-1 20:54:12.223#keyHandled#"Right"
2019-5-1 20:54:12.254#keyHandled#"Right"
2019-5-1 20:54:12.289#keyHandled#"Right"
2019-5-1 20:54:12.321#keyHandled#"Right"
2019-5-1 20:54:12.354#keyHandled#"Right"
2019-5-1 20:54:12.385#keyHandled#"Right"
2019-5-1 20:54:12.419#keyHandled#"Right"
2019-5-1 20:54:12.452#keyHandled#"Right"
2019-5-1 20:54:12.485#keyHandled#"Right"
2019-5-1 20:54:12.518#keyHandled#"Right"
2019-5-1 20:54:12.550#keyHandled#"Right"
2019-5-1 20:54:12.584#keyHandled#"Right"
2019-5-1 20:54:12.616#keyHandled#"Right"
2019-5-1 20:54:12.648#keyHandled#"Right"
2019-5-1 20:54:12.681#keyHandled#"Right"
2019-5-1 20:54:12.716#keyHandled#"Right"
2019-5-1 20:54:13.401#change#{"from":{"line":9,"ch":38,"sticky":"after"},"to":{"line":9,"ch":39,"sticky":"before"},"text":[""],"removed":["a"],"origin":"+delete"}
2019-5-1 20:54:13.401#keyHandled#"Backspace"
2019-5-1 20:54:13.982#keyHandled#"Right"
2019-5-1 20:54:14.146#keyHandled#"Right"
2019-5-1 20:54:14.435#keyHandled#"Right"
2019-5-1 20:54:14.940#change#{"from":{"line":9,"ch":41,"sticky":"after"},"to":{"line":9,"ch":42,"sticky":"before"},"text":[""],"removed":["c"],"origin":"+delete"}
2019-5-1 20:54:14.940#keyHandled#"Backspace"
2019-5-1 20:54:15.201#change#{"from":{"line":9,"ch":41,"sticky":null},"to":{"line":9,"ch":41,"sticky":null},"text":["d"],"removed":[""],"origin":"+input"}
2019-5-1 20:54:15.445#keyHandled#"Right"
2019-5-1 20:54:15.613#keyHandled#"Right"
2019-5-1 20:54:15.938#keyHandled#"Right"
2019-5-1 20:54:16.281#change#{"from":{"line":9,"ch":44,"sticky":"after"},"to":{"line":9,"ch":45,"sticky":"before"},"text":[""],"removed":["b"],"origin":"+delete"}
2019-5-1 20:54:16.281#keyHandled#"Backspace"
2019-5-1 20:54:18.190#change#{"from":{"line":9,"ch":44,"sticky":null},"to":{"line":9,"ch":44,"sticky":null},"text":["d"],"removed":[""],"origin":"+input"}
2019-5-1 20:54:19.327#change#{"from":{"line":9,"ch":44,"sticky":"after"},"to":{"line":9,"ch":45,"sticky":null},"text":[""],"removed":["d"],"origin":"+delete"}
2019-5-1 20:54:19.327#keyHandled#"Backspace"
2019-5-1 20:54:19.529#change#{"from":{"line":9,"ch":43,"sticky":"after"},"to":{"line":9,"ch":44,"sticky":null},"text":[""],"removed":["="],"origin":"+delete"}
2019-5-1 20:54:19.529#keyHandled#"Backspace"
2019-5-1 20:54:19.710#change#{"from":{"line":9,"ch":42,"sticky":"after"},"to":{"line":9,"ch":43,"sticky":null},"text":[""],"removed":["<"],"origin":"+delete"}
2019-5-1 20:54:19.710#keyHandled#"Backspace"
2019-5-1 20:54:20.086#change#{"from":{"line":9,"ch":41,"sticky":"after"},"to":{"line":9,"ch":42,"sticky":null},"text":[""],"removed":["d"],"origin":"+delete"}
2019-5-1 20:54:20.086#keyHandled#"Backspace"
2019-5-1 20:54:20.696#change#{"from":{"line":9,"ch":41,"sticky":null},"to":{"line":9,"ch":41,"sticky":null},"text":["b"],"removed":[""],"origin":"+input"}
2019-5-1 20:54:21.198#change#{"from":{"line":9,"ch":42,"sticky":null},"to":{"line":9,"ch":42,"sticky":null},"text":["<"],"removed":[""],"origin":"+input"}
2019-5-1 20:54:21.613#change#{"from":{"line":9,"ch":43,"sticky":null},"to":{"line":9,"ch":43,"sticky":null},"text":["="],"removed":[""],"origin":"+input"}
2019-5-1 20:54:22.449#change#{"from":{"line":9,"ch":44,"sticky":null},"to":{"line":9,"ch":44,"sticky":null},"text":["d"],"removed":[""],"origin":"+input"}
2019-5-1 20:54:23.058#keyHandled#"Right"
2019-5-1 20:54:37.822#change#{"from":{"line":9,"ch":46,"sticky":"before"},"to":{"line":9,"ch":46,"sticky":"before"},"text":["",""],"removed":[""],"origin":"+input"}
2019-5-1 20:54:37.822#change#{"from":{"line":10,"ch":0,"sticky":null},"to":{"line":10,"ch":0,"sticky":null},"text":["\t\t"],"removed":[""],"origin":"+input"}
2019-5-1 20:54:37.822#keyHandled#"Enter"
2019-5-1 20:54:37.828#viewportChange#0
2019-5-1 20:54:38.517#change#{"from":{"line":10,"ch":2,"sticky":null},"to":{"line":10,"ch":2,"sticky":null},"text":["p"],"removed":[""],"origin":"+input"}
2019-5-1 20:54:38.631#change#{"from":{"line":10,"ch":3,"sticky":null},"to":{"line":10,"ch":3,"sticky":null},"text":["r"],"removed":[""],"origin":"+input"}
2019-5-1 20:54:38.755#change#{"from":{"line":10,"ch":4,"sticky":null},"to":{"line":10,"ch":4,"sticky":null},"text":["i"],"removed":[""],"origin":"+input"}
2019-5-1 20:54:39.461#change#{"from":{"line":10,"ch":4,"sticky":"after"},"to":{"line":10,"ch":5,"sticky":null},"text":[""],"removed":["i"],"origin":"+delete"}
2019-5-1 20:54:39.461#keyHandled#"Backspace"
2019-5-1 20:54:39.972#change#{"from":{"line":10,"ch":4,"sticky":null},"to":{"line":10,"ch":4,"sticky":null},"text":["i"],"removed":[""],"origin":"+input"}
2019-5-1 20:54:40.085#change#{"from":{"line":10,"ch":5,"sticky":null},"to":{"line":10,"ch":5,"sticky":null},"text":["n"],"removed":[""],"origin":"+input"}
2019-5-1 20:54:40.198#change#{"from":{"line":10,"ch":6,"sticky":null},"to":{"line":10,"ch":6,"sticky":null},"text":["t"],"removed":[""],"origin":"+input"}
2019-5-1 20:54:40.807#change#{"from":{"line":10,"ch":7,"sticky":null},"to":{"line":10,"ch":7,"sticky":null},"text":["()"],"removed":[""],"origin":"+input"}
2019-5-1 20:54:40.807#keyHandled#"'('"
2019-5-1 20:54:42.199#change#{"from":{"line":10,"ch":8,"sticky":"after"},"to":{"line":10,"ch":8,"sticky":"after"},"text":["\"\""],"removed":[""],"origin":"+input"}
2019-5-1 20:54:42.199#keyHandled#"'\"'"
2019-5-1 20:54:42.608#change#{"from":{"line":10,"ch":9,"sticky":"after"},"to":{"line":10,"ch":9,"sticky":"after"},"text":["H"],"removed":[""],"origin":"+input"}
2019-5-1 20:54:43.087#change#{"from":{"line":10,"ch":10,"sticky":null},"to":{"line":10,"ch":10,"sticky":null},"text":["a"],"removed":[""],"origin":"+input"}
2019-5-1 20:54:43.300#change#{"from":{"line":10,"ch":11,"sticky":null},"to":{"line":10,"ch":11,"sticky":null},"text":[" "],"removed":[""],"origin":"+input"}
2019-5-1 20:54:43.519#change#{"from":{"line":10,"ch":12,"sticky":null},"to":{"line":10,"ch":12,"sticky":null},"text":["i"],"removed":[""],"origin":"+input"}
2019-5-1 20:54:43.857#change#{"from":{"line":10,"ch":14,"sticky":null},"to":{"line":10,"ch":14,"sticky":null},"text":["t"],"removed":[""],"origin":"+input"}
2019-5-1 20:54:44.137#change#{"from":{"line":10,"ch":15,"sticky":null},"to":{"line":10,"ch":15,"sticky":null},"text":["e"],"removed":[""],"origin":"+input"}
2019-5-1 20:54:44.316#change#{"from":{"line":10,"ch":16,"sticky":null},"to":{"line":10,"ch":16,"sticky":null},"text":["r"],"removed":[""],"origin":"+input"}
2019-5-1 20:54:44.843#change#{"from":{"line":10,"ch":17,"sticky":null},"to":{"line":10,"ch":17,"sticky":null},"text":["s"],"removed":[""],"origin":"+input"}
2019-5-1 20:54:45.287#change#{"from":{"line":10,"ch":18,"sticky":null},"to":{"line":10,"ch":18,"sticky":null},"text":["e"],"removed":[""],"origin":"+input"}
2019-5-1 20:54:45.497#change#{"from":{"line":10,"ch":19,"sticky":null},"to":{"line":10,"ch":19,"sticky":null},"text":["c"],"removed":[""],"origin":"+input"}
2019-5-1 20:54:45.687#change#{"from":{"line":10,"ch":20,"sticky":null},"to":{"line":10,"ch":20,"sticky":null},"text":["a"],"removed":[""],"origin":"+input"}
2019-5-1 20:54:45.840#change#{"from":{"line":10,"ch":21,"sticky":null},"to":{"line":10,"ch":21,"sticky":null},"text":["o"],"removed":[""],"origin":"+input"}
2019-5-1 20:54:46.461#keyHandled#"Right"
2019-5-1 20:54:46.659#keyHandled#"Right"
2019-5-1 20:54:46.921#keyHandled#"Right"
2019-5-1 20:54:47.215#change#{"from":{"line":11,"ch":0,"sticky":"after"},"to":{"line":11,"ch":0,"sticky":"after"},"text":["",""],"removed":[""],"origin":"+input"}
2019-5-1 20:54:47.215#change#{"from":{"line":12,"ch":0,"sticky":null},"to":{"line":12,"ch":0,"sticky":null},"text":["\t\t"],"removed":[""],"origin":"+input"}
2019-5-1 20:54:47.215#keyHandled#"Enter"
2019-5-1 20:54:47.219#viewportChange#0
2019-5-1 20:54:47.736#change#{"from":{"line":12,"ch":1,"sticky":"after"},"to":{"line":12,"ch":2,"sticky":null},"text":[""],"removed":["\t"],"origin":"+delete"}
2019-5-1 20:54:47.736#keyHandled#"Backspace"
2019-5-1 20:54:48.121#change#{"from":{"line":12,"ch":0,"sticky":"after"},"to":{"line":12,"ch":1,"sticky":null},"text":[""],"removed":["\t"],"origin":"+delete"}
2019-5-1 20:54:48.121#keyHandled#"Backspace"
2019-5-1 20:54:48.526#change#{"from":{"line":11,"ch":0,"sticky":"before"},"to":{"line":12,"ch":0,"sticky":null},"text":[""],"removed":["",""],"origin":"+delete"}
2019-5-1 20:54:48.526#keyHandled#"Backspace"
2019-5-1 20:54:48.533#viewportChange#0
2019-5-1 20:54:49.321#change#{"from":{"line":11,"ch":0,"sticky":null},"to":{"line":11,"ch":0,"sticky":null},"text":["e"],"removed":[""],"origin":"+input"}
2019-5-1 20:54:49.496#change#{"from":{"line":11,"ch":1,"sticky":null},"to":{"line":11,"ch":1,"sticky":null},"text":["l"],"removed":[""],"origin":"+input"}
2019-5-1 20:54:49.609#change#{"from":{"line":11,"ch":2,"sticky":null},"to":{"line":11,"ch":2,"sticky":null},"text":["s"],"removed":[""],"origin":"+input"}
2019-5-1 20:54:49.784#change#{"from":{"line":11,"ch":3,"sticky":null},"to":{"line":11,"ch":3,"sticky":null},"text":["e"],"removed":[""],"origin":"+input"}
2019-5-1 20:54:50.539#change#{"from":{"line":11,"ch":4,"sticky":null},"to":{"line":11,"ch":4,"sticky":null},"text":[":"],"removed":[""],"origin":"+input"}
2019-5-1 20:54:50.690#change#{"from":{"line":11,"ch":5,"sticky":null},"to":{"line":11,"ch":5,"sticky":null},"text":["",""],"removed":[""],"origin":"+input"}
2019-5-1 20:54:50.690#change#{"from":{"line":12,"ch":0,"sticky":null},"to":{"line":12,"ch":0,"sticky":null},"text":["\t\t"],"removed":[""],"origin":"+input"}
2019-5-1 20:54:50.690#keyHandled#"Enter"
2019-5-1 20:54:50.694#viewportChange#0
2019-5-1 20:54:51.580#change#{"from":{"line":12,"ch":2,"sticky":null},"to":{"line":12,"ch":2,"sticky":null},"text":["p"],"removed":[""],"origin":"+input"}
2019-5-1 20:54:51.697#change#{"from":{"line":12,"ch":3,"sticky":null},"to":{"line":12,"ch":3,"sticky":null},"text":["r"],"removed":[""],"origin":"+input"}
2019-5-1 20:54:51.843#change#{"from":{"line":12,"ch":4,"sticky":null},"to":{"line":12,"ch":4,"sticky":null},"text":["i"],"removed":[""],"origin":"+input"}
2019-5-1 20:54:51.961#change#{"from":{"line":12,"ch":5,"sticky":null},"to":{"line":12,"ch":5,"sticky":null},"text":["n"],"removed":[""],"origin":"+input"}
2019-5-1 20:54:52.062#change#{"from":{"line":12,"ch":6,"sticky":null},"to":{"line":12,"ch":6,"sticky":null},"text":["t"],"removed":[""],"origin":"+input"}
2019-5-1 20:54:52.772#change#{"from":{"line":12,"ch":7,"sticky":null},"to":{"line":12,"ch":7,"sticky":null},"text":["()"],"removed":[""],"origin":"+input"}
2019-5-1 20:54:52.772#keyHandled#"'('"
2019-5-1 20:54:54.250#change#{"from":{"line":12,"ch":8,"sticky":"after"},"to":{"line":12,"ch":8,"sticky":"after"},"text":["\"\""],"removed":[""],"origin":"+input"}
2019-5-1 20:54:54.250#keyHandled#"'\"'"
2019-5-1 20:54:54.596#change#{"from":{"line":12,"ch":9,"sticky":"after"},"to":{"line":12,"ch":9,"sticky":"after"},"text":["n"],"removed":[""],"origin":"+input"}
2019-5-1 20:54:54.709#change#{"from":{"line":12,"ch":10,"sticky":null},"to":{"line":12,"ch":10,"sticky":null},"text":["a"],"removed":[""],"origin":"+input"}
2019-5-1 20:54:54.861#change#{"from":{"line":12,"ch":11,"sticky":null},"to":{"line":12,"ch":11,"sticky":null},"text":["o"],"removed":[""],"origin":"+input"}
2019-5-1 20:54:55.101#change#{"from":{"line":12,"ch":12,"sticky":null},"to":{"line":12,"ch":12,"sticky":null},"text":[" "],"removed":[""],"origin":"+input"}
2019-5-1 20:54:55.613#change#{"from":{"line":12,"ch":13,"sticky":null},"to":{"line":12,"ch":13,"sticky":null},"text":["h"],"removed":[""],"origin":"+input"}
2019-5-1 20:54:55.726#change#{"from":{"line":12,"ch":14,"sticky":null},"to":{"line":12,"ch":14,"sticky":null},"text":["a"],"removed":[""],"origin":"+input"}
2019-5-1 20:54:57.848#mousedown#{"isTrusted":true}
2019-5-1 20:54:58.530#change#{"from":{"line":11,"ch":0,"sticky":"after","xRel":2.6875},"to":{"line":11,"ch":0,"sticky":"after","xRel":2.6875},"text":["\t"],"removed":[""],"origin":"+input"}
2019-5-1 20:54:58.530#keyHandled#"Tab"
2019-5-1 20:54:59.438#change#{"from":{"line":11,"ch":1,"sticky":null},"to":{"line":11,"ch":1,"sticky":null},"text":["\t"],"removed":[""],"origin":"+input"}
2019-5-1 20:54:59.438#keyHandled#"Tab"
2019-5-1 20:55:00.260#change#{"from":{"line":11,"ch":1,"sticky":"after"},"to":{"line":11,"ch":2,"sticky":null},"text":[""],"removed":["\t"],"origin":"+delete"}
2019-5-1 20:55:00.260#keyHandled#"Backspace"
2019-5-1 20:55:01.630#mousedown#{"isTrusted":true}
2019-5-1 20:55:02.123#change#{"from":{"line":12,"ch":15,"sticky":"before","xRel":-1.7125244140625},"to":{"line":12,"ch":15,"sticky":"before","xRel":-1.7125244140625},"text":[" "],"removed":[""],"origin":"+input"}
2019-5-1 20:55:02.330#change#{"from":{"line":12,"ch":16,"sticky":null},"to":{"line":12,"ch":16,"sticky":null},"text":["i"],"removed":[""],"origin":"+input"}
2019-5-1 20:55:02.459#change#{"from":{"line":12,"ch":17,"sticky":null},"to":{"line":12,"ch":17,"sticky":null},"text":["n"],"removed":[""],"origin":"+input"}
2019-5-1 20:55:02.573#change#{"from":{"line":12,"ch":18,"sticky":null},"to":{"line":12,"ch":18,"sticky":null},"text":["t"],"removed":[""],"origin":"+input"}
2019-5-1 20:55:02.766#change#{"from":{"line":12,"ch":19,"sticky":null},"to":{"line":12,"ch":19,"sticky":null},"text":["e"],"removed":[""],"origin":"+input"}
2019-5-1 20:55:02.898#change#{"from":{"line":12,"ch":20,"sticky":null},"to":{"line":12,"ch":20,"sticky":null},"text":["r"],"removed":[""],"origin":"+input"}
2019-5-1 20:55:03.087#change#{"from":{"line":12,"ch":21,"sticky":null},"to":{"line":12,"ch":21,"sticky":null},"text":["s"],"removed":[""],"origin":"+input"}
2019-5-1 20:55:03.274#change#{"from":{"line":12,"ch":22,"sticky":null},"to":{"line":12,"ch":22,"sticky":null},"text":["e"],"removed":[""],"origin":"+input"}
2019-5-1 20:55:03.908#change#{"from":{"line":12,"ch":23,"sticky":null},"to":{"line":12,"ch":23,"sticky":null},"text":["c"],"removed":[""],"origin":"+input"}
2019-5-1 20:55:04.108#change#{"from":{"line":12,"ch":24,"sticky":null},"to":{"line":12,"ch":24,"sticky":null},"text":["a"],"removed":[""],"origin":"+input"}
2019-5-1 20:55:04.256#change#{"from":{"line":12,"ch":25,"sticky":null},"to":{"line":12,"ch":25,"sticky":null},"text":["o"],"removed":[""],"origin":"+input"}
2019-5-1 20:55:04.774#keyHandled#"Right"
2019-5-1 20:55:05.056#keyHandled#"Right"
2019-5-1 20:55:05.424#change#{"from":{"line":12,"ch":28,"sticky":"before"},"to":{"line":12,"ch":28,"sticky":"before"},"text":["",""],"removed":[""],"origin":"+input"}
2019-5-1 20:55:05.424#change#{"from":{"line":13,"ch":0,"sticky":null},"to":{"line":13,"ch":0,"sticky":null},"text":["\t\t"],"removed":[""],"origin":"+input"}
2019-5-1 20:55:05.425#keyHandled#"Enter"
2019-5-1 20:55:05.429#viewportChange#0
2019-5-1 20:55:05.722#change#{"from":{"line":13,"ch":1,"sticky":"after"},"to":{"line":13,"ch":2,"sticky":null},"text":[""],"removed":["\t"],"origin":"+delete"}
2019-5-1 20:55:05.722#keyHandled#"Backspace"
2019-5-1 20:55:06.079#change#{"from":{"line":13,"ch":0,"sticky":"after"},"to":{"line":13,"ch":1,"sticky":null},"text":[""],"removed":["\t"],"origin":"+delete"}
2019-5-1 20:55:06.079#keyHandled#"Backspace"
2019-5-1 20:55:06.873#change#{"from":{"line":13,"ch":0,"sticky":null},"to":{"line":13,"ch":0,"sticky":null},"text":["e"],"removed":[""],"origin":"+input"}
2019-5-1 20:55:06.993#change#{"from":{"line":13,"ch":1,"sticky":null},"to":{"line":13,"ch":1,"sticky":null},"text":["l"],"removed":[""],"origin":"+input"}
2019-5-1 20:55:07.114#change#{"from":{"line":13,"ch":2,"sticky":null},"to":{"line":13,"ch":2,"sticky":null},"text":["s"],"removed":[""],"origin":"+input"}
2019-5-1 20:55:07.306#change#{"from":{"line":13,"ch":3,"sticky":null},"to":{"line":13,"ch":3,"sticky":null},"text":["e"],"removed":[""],"origin":"+input"}
2019-5-1 20:55:08.393#change#{"from":{"line":13,"ch":4,"sticky":null},"to":{"line":13,"ch":4,"sticky":null},"text":[":"],"removed":[""],"origin":"+input"}
2019-5-1 20:55:08.552#change#{"from":{"line":13,"ch":5,"sticky":null},"to":{"line":13,"ch":5,"sticky":null},"text":["",""],"removed":[""],"origin":"+input"}
2019-5-1 20:55:08.552#change#{"from":{"line":14,"ch":0,"sticky":null},"to":{"line":14,"ch":0,"sticky":null},"text":["\t\t"],"removed":[""],"origin":"+input"}
2019-5-1 20:55:08.552#keyHandled#"Enter"
2019-5-1 20:55:08.560#viewportChange#0
2019-5-1 20:55:15.404#change#{"from":{"line":14,"ch":2,"sticky":null},"to":{"line":14,"ch":2,"sticky":null},"text":["p"],"removed":[""],"origin":"+input"}
2019-5-1 20:55:15.582#change#{"from":{"line":14,"ch":3,"sticky":null},"to":{"line":14,"ch":3,"sticky":null},"text":["r"],"removed":[""],"origin":"+input"}
2019-5-1 20:55:15.656#change#{"from":{"line":14,"ch":4,"sticky":null},"to":{"line":14,"ch":4,"sticky":null},"text":["i"],"removed":[""],"origin":"+input"}
2019-5-1 20:55:15.848#change#{"from":{"line":14,"ch":5,"sticky":null},"to":{"line":14,"ch":5,"sticky":null},"text":["n"],"removed":[""],"origin":"+input"}
2019-5-1 20:55:16.027#change#{"from":{"line":14,"ch":6,"sticky":null},"to":{"line":14,"ch":6,"sticky":null},"text":["t"],"removed":[""],"origin":"+input"}
2019-5-1 20:55:16.252#change#{"from":{"line":14,"ch":6,"sticky":"after"},"to":{"line":14,"ch":7,"sticky":null},"text":[""],"removed":["t"],"origin":"+delete"}
2019-5-1 20:55:16.252#keyHandled#"Backspace"
2019-5-1 20:55:16.426#change#{"from":{"line":14,"ch":5,"sticky":"after"},"to":{"line":14,"ch":6,"sticky":null},"text":[""],"removed":["n"],"origin":"+delete"}
2019-5-1 20:55:16.426#keyHandled#"Backspace"
2019-5-1 20:55:16.603#change#{"from":{"line":14,"ch":4,"sticky":"after"},"to":{"line":14,"ch":5,"sticky":null},"text":[""],"removed":["i"],"origin":"+delete"}
2019-5-1 20:55:16.603#keyHandled#"Backspace"
2019-5-1 20:55:16.933#change#{"from":{"line":14,"ch":3,"sticky":"after"},"to":{"line":14,"ch":4,"sticky":null},"text":[""],"removed":["r"],"origin":"+delete"}
2019-5-1 20:55:16.933#keyHandled#"Backspace"
2019-5-1 20:55:17.093#change#{"from":{"line":14,"ch":2,"sticky":"after"},"to":{"line":14,"ch":3,"sticky":null},"text":[""],"removed":["p"],"origin":"+delete"}
2019-5-1 20:55:17.093#keyHandled#"Backspace"
2019-5-1 20:55:17.227#change#{"from":{"line":14,"ch":1,"sticky":"after"},"to":{"line":14,"ch":2,"sticky":null},"text":[""],"removed":["\t"],"origin":"+delete"}
2019-5-1 20:55:17.227#keyHandled#"Backspace"
2019-5-1 20:55:18.198#change#{"from":{"line":14,"ch":1,"sticky":null},"to":{"line":14,"ch":1,"sticky":null},"text":["p"],"removed":[""],"origin":"+input"}
2019-5-1 20:55:18.342#change#{"from":{"line":14,"ch":2,"sticky":null},"to":{"line":14,"ch":2,"sticky":null},"text":["t"],"removed":[""],"origin":"+input"}
2019-5-1 20:55:18.487#change#{"from":{"line":14,"ch":3,"sticky":null},"to":{"line":14,"ch":3,"sticky":null},"text":["i"],"removed":[""],"origin":"+input"}
2019-5-1 20:55:18.601#change#{"from":{"line":14,"ch":4,"sticky":null},"to":{"line":14,"ch":4,"sticky":null},"text":["n"],"removed":[""],"origin":"+input"}
2019-5-1 20:55:18.980#change#{"from":{"line":14,"ch":4,"sticky":"after"},"to":{"line":14,"ch":5,"sticky":null},"text":[""],"removed":["n"],"origin":"+delete"}
2019-5-1 20:55:18.980#keyHandled#"Backspace"
2019-5-1 20:55:19.098#change#{"from":{"line":14,"ch":3,"sticky":"after"},"to":{"line":14,"ch":4,"sticky":null},"text":[""],"removed":["i"],"origin":"+delete"}
2019-5-1 20:55:19.098#keyHandled#"Backspace"
2019-5-1 20:55:19.235#change#{"from":{"line":14,"ch":2,"sticky":"after"},"to":{"line":14,"ch":3,"sticky":null},"text":[""],"removed":["t"],"origin":"+delete"}
2019-5-1 20:55:19.235#keyHandled#"Backspace"
2019-5-1 20:55:20.046#change#{"from":{"line":14,"ch":2,"sticky":null},"to":{"line":14,"ch":2,"sticky":null},"text":["r"],"removed":[""],"origin":"+input"}
2019-5-1 20:55:20.748#change#{"from":{"line":14,"ch":3,"sticky":null},"to":{"line":14,"ch":3,"sticky":null},"text":["i"],"removed":[""],"origin":"+input"}
2019-5-1 20:55:20.892#change#{"from":{"line":14,"ch":4,"sticky":null},"to":{"line":14,"ch":4,"sticky":null},"text":["n"],"removed":[""],"origin":"+input"}
2019-5-1 20:55:21.004#change#{"from":{"line":14,"ch":5,"sticky":null},"to":{"line":14,"ch":5,"sticky":null},"text":["t"],"removed":[""],"origin":"+input"}
2019-5-1 20:55:21.750#change#{"from":{"line":14,"ch":6,"sticky":null},"to":{"line":14,"ch":6,"sticky":null},"text":["()"],"removed":[""],"origin":"+input"}
2019-5-1 20:55:21.750#keyHandled#"'('"
2019-5-1 20:55:22.181#change#{"from":{"line":14,"ch":7,"sticky":"after"},"to":{"line":14,"ch":7,"sticky":"after"},"text":["e"],"removed":[""],"origin":"+input"}
2019-5-1 20:55:22.374#change#{"from":{"line":14,"ch":8,"sticky":null},"to":{"line":14,"ch":8,"sticky":null},"text":["n"],"removed":[""],"origin":"+input"}
2019-5-1 20:55:23.005#change#{"from":{"line":14,"ch":9,"sticky":null},"to":{"line":14,"ch":9,"sticky":null},"text":["t"],"removed":[""],"origin":"+input"}
2019-5-1 20:55:23.174#change#{"from":{"line":14,"ch":10,"sticky":null},"to":{"line":14,"ch":10,"sticky":null},"text":["r"],"removed":[""],"origin":"+input"}
2019-5-1 20:55:23.334#change#{"from":{"line":14,"ch":11,"sticky":null},"to":{"line":14,"ch":11,"sticky":null},"text":["a"],"removed":[""],"origin":"+input"}
2019-5-1 20:55:23.450#change#{"from":{"line":14,"ch":12,"sticky":null},"to":{"line":14,"ch":12,"sticky":null},"text":["d"],"removed":[""],"origin":"+input"}
2019-5-1 20:55:23.820#change#{"from":{"line":14,"ch":14,"sticky":null},"to":{"line":14,"ch":14,"sticky":null},"text":["s"],"removed":[""],"origin":"+input"}
2019-5-1 20:55:24.138#change#{"from":{"line":14,"ch":14,"sticky":"after"},"to":{"line":14,"ch":15,"sticky":null},"text":[""],"removed":["s"],"origin":"+delete"}
2019-5-1 20:55:24.138#keyHandled#"Backspace"
2019-5-1 20:55:24.311#change#{"from":{"line":14,"ch":13,"sticky":"after"},"to":{"line":14,"ch":14,"sticky":null},"text":[""],"removed":["a"],"origin":"+delete"}
2019-5-1 20:55:24.311#keyHandled#"Backspace"
2019-5-1 20:55:24.446#change#{"from":{"line":14,"ch":12,"sticky":"after"},"to":{"line":14,"ch":13,"sticky":null},"text":[""],"removed":["d"],"origin":"+delete"}
2019-5-1 20:55:24.446#keyHandled#"Backspace"
2019-5-1 20:55:24.581#change#{"from":{"line":14,"ch":11,"sticky":"after"},"to":{"line":14,"ch":12,"sticky":null},"text":[""],"removed":["a"],"origin":"+delete"}
2019-5-1 20:55:24.581#keyHandled#"Backspace"
2019-5-1 20:55:24.714#change#{"from":{"line":14,"ch":10,"sticky":"after"},"to":{"line":14,"ch":11,"sticky":null},"text":[""],"removed":["r"],"origin":"+delete"}
2019-5-1 20:55:24.715#keyHandled#"Backspace"
2019-5-1 20:55:24.840#change#{"from":{"line":14,"ch":9,"sticky":"after"},"to":{"line":14,"ch":10,"sticky":null},"text":[""],"removed":["t"],"origin":"+delete"}
2019-5-1 20:55:24.840#keyHandled#"Backspace"
2019-5-1 20:55:25.138#change#{"from":{"line":14,"ch":8,"sticky":"after"},"to":{"line":14,"ch":9,"sticky":null},"text":[""],"removed":["n"],"origin":"+delete"}
2019-5-1 20:55:25.138#keyHandled#"Backspace"
2019-5-1 20:55:25.460#change#{"from":{"line":14,"ch":8,"sticky":null},"to":{"line":14,"ch":8,"sticky":null},"text":["\"\""],"removed":[""],"origin":"+input"}
2019-5-1 20:55:25.460#keyHandled#"'\"'"
2019-5-1 20:55:25.533#change#{"from":{"line":14,"ch":8,"sticky":"after"},"to":{"line":14,"ch":9,"sticky":"after"},"text":[""],"removed":["\""],"origin":"+delete"}
2019-5-1 20:55:25.533#keyHandled#"Shift-Backspace"
2019-5-1 20:55:25.891#change#{"from":{"line":14,"ch":7,"sticky":"after"},"to":{"line":14,"ch":8,"sticky":null},"text":[""],"removed":["e"],"origin":"+delete"}
2019-5-1 20:55:25.891#keyHandled#"Backspace"
2019-5-1 20:55:26.946#keyHandled#"Right"
2019-5-1 20:55:28.334#change#{"from":{"line":14,"ch":8,"sticky":"before"},"to":{"line":14,"ch":8,"sticky":"before"},"text":["E"],"removed":[""],"origin":"+input"}
2019-5-1 20:55:28.447#change#{"from":{"line":14,"ch":9,"sticky":null},"to":{"line":14,"ch":9,"sticky":null},"text":["n"],"removed":[""],"origin":"+input"}
2019-5-1 20:55:28.557#change#{"from":{"line":14,"ch":10,"sticky":null},"to":{"line":14,"ch":10,"sticky":null},"text":["t"],"removed":[""],"origin":"+input"}
2019-5-1 20:55:28.700#change#{"from":{"line":14,"ch":11,"sticky":null},"to":{"line":14,"ch":11,"sticky":null},"text":["r"],"removed":[""],"origin":"+input"}
2019-5-1 20:55:28.911#change#{"from":{"line":14,"ch":12,"sticky":null},"to":{"line":14,"ch":12,"sticky":null},"text":["a"],"removed":[""],"origin":"+input"}
2019-5-1 20:55:29.180#change#{"from":{"line":14,"ch":13,"sticky":null},"to":{"line":14,"ch":13,"sticky":null},"text":["a"],"removed":[""],"origin":"+input"}
2019-5-1 20:55:29.519#change#{"from":{"line":14,"ch":13,"sticky":"after"},"to":{"line":14,"ch":14,"sticky":null},"text":[""],"removed":["a"],"origin":"+delete"}
2019-5-1 20:55:29.520#keyHandled#"Backspace"
2019-5-1 20:55:29.695#change#{"from":{"line":14,"ch":13,"sticky":null},"to":{"line":14,"ch":13,"sticky":null},"text":["d"],"removed":[""],"origin":"+input"}
2019-5-1 20:55:29.881#change#{"from":{"line":14,"ch":14,"sticky":null},"to":{"line":14,"ch":14,"sticky":null},"text":["a"],"removed":[""],"origin":"+input"}
2019-5-1 20:55:30.029#change#{"from":{"line":14,"ch":15,"sticky":null},"to":{"line":14,"ch":15,"sticky":null},"text":["s"],"removed":[""],"origin":"+input"}
2019-5-1 20:55:30.287#change#{"from":{"line":14,"ch":16,"sticky":null},"to":{"line":14,"ch":16,"sticky":null},"text":[" "],"removed":[""],"origin":"+input"}
2019-5-1 20:55:30.537#change#{"from":{"line":14,"ch":17,"sticky":null},"to":{"line":14,"ch":17,"sticky":null},"text":["i"],"removed":[""],"origin":"+input"}
2019-5-1 20:55:30.688#change#{"from":{"line":14,"ch":18,"sticky":null},"to":{"line":14,"ch":18,"sticky":null},"text":["n"],"removed":[""],"origin":"+input"}
2019-5-1 20:55:30.811#change#{"from":{"line":14,"ch":19,"sticky":null},"to":{"line":14,"ch":19,"sticky":null},"text":["v"],"removed":[""],"origin":"+input"}
2019-5-1 20:55:31.010#change#{"from":{"line":14,"ch":20,"sticky":null},"to":{"line":14,"ch":20,"sticky":null},"text":["a"],"removed":[""],"origin":"+input"}
2019-5-1 20:55:31.119#change#{"from":{"line":14,"ch":21,"sticky":null},"to":{"line":14,"ch":21,"sticky":null},"text":["l"],"removed":[""],"origin":"+input"}
2019-5-1 20:55:31.288#change#{"from":{"line":14,"ch":22,"sticky":null},"to":{"line":14,"ch":22,"sticky":null},"text":["i"],"removed":[""],"origin":"+input"}
2019-5-1 20:55:31.363#change#{"from":{"line":14,"ch":23,"sticky":null},"to":{"line":14,"ch":23,"sticky":null},"text":["d"],"removed":[""],"origin":"+input"}
2019-5-1 20:55:31.473#change#{"from":{"line":14,"ch":24,"sticky":null},"to":{"line":14,"ch":24,"sticky":null},"text":["a"],"removed":[""],"origin":"+input"}
2019-5-1 20:55:31.620#change#{"from":{"line":14,"ch":25,"sticky":null},"to":{"line":14,"ch":25,"sticky":null},"text":["s"],"removed":[""],"origin":"+input"}
2019-5-1 20:55:32.414#change#{"from":{"line":14,"ch":26,"sticky":null},"to":{"line":14,"ch":26,"sticky":null},"text":["\""],"removed":[""],"origin":"+input"}
2019-5-1 20:55:32.970#keyHandled#"Right"
2019-5-1 20:55:33.175#keyHandled#"Right"
2019-5-1 20:55:34.287#blur#
2019-5-1 20:55:36.008#saida_testar#$ python3 main.py
File "main.py", line 11
print("Ha intersecao")
SyntaxError: invalid syntax
2019-5-1 20:55:45.314#mousedown#{"isTrusted":true}
2019-5-1 20:55:45.410#focus#
2019-5-1 20:55:46.290#change#{"from":{"line":9,"ch":46,"sticky":"before","xRel":21.48748779296875},"to":{"line":9,"ch":46,"sticky":"before","xRel":21.48748779296875},"text":[":"],"removed":[""],"origin":"+input"}
2019-5-1 20:55:46.290#change#{"from":{"line":9,"ch":46,"sticky":"before","xRel":21.48748779296875},"to":{"line":9,"ch":46,"sticky":"before","xRel":21.48748779296875},"text":[":"],"removed":[""],"origin":"+input"}
2019-5-1 20:55:47.667#blur#
2019-5-1 20:55:48.298#saida_testar#$ python3 main.py
File "main.py", line 10
if((a<=c<=b)or(a<=d<=b)or(c<=a<=d)or(c<=b<=d):
SyntaxError: invalid syntax
2019-5-1 20:55:51.864#mousedown#{"isTrusted":true}
2019-5-1 20:55:51.954#focus#
2019-5-1 20:55:54.542#keyHandled#"')'"
2019-5-1 20:55:56.852#change#{"from":{"line":9,"ch":46,"sticky":"before"},"to":{"line":9,"ch":46,"sticky":"before"},"text":[")"],"removed":[""],"origin":"+input"}
2019-5-1 20:55:56.852#change#{"from":{"line":9,"ch":46,"sticky":"before"},"to":{"line":9,"ch":46,"sticky":"before"},"text":[")"],"removed":[""],"origin":"+input"}
2019-5-1 20:56:01.519#blur#
2019-5-1 20:56:02.307#saida_testar#$ python3 main.py
2019-5-1 20:56:02.307#saida_testar#$ python3 main.py
2019-5-1 20:56:24.178#submit#Your code did not produce the correct output. Please, correct your code and try again.
2019-5-1 20:56:37.528#mousedown#{"isTrusted":true}
2019-5-1 20:56:37.630#focus#
2019-5-1 20:56:39.909#change#{"from":{"line":7,"ch":0,"sticky":"after","xRel":84.6875},"to":{"line":7,"ch":0,"sticky":"after","xRel":84.6875},"text":["p"],"removed":[""],"origin":"+input"}
2019-5-1 20:56:40.144#change#{"from":{"line":7,"ch":1,"sticky":null},"to":{"line":7,"ch":1,"sticky":null},"text":["i"],"removed":[""],"origin":"+input"}
2019-5-1 20:56:40.387#change#{"from":{"line":7,"ch":2,"sticky":null},"to":{"line":7,"ch":2,"sticky":null},"text":["n"],"removed":[""],"origin":"+input"}
2019-5-1 20:56:40.729#change#{"from":{"line":7,"ch":2,"sticky":"after"},"to":{"line":7,"ch":3,"sticky":null},"text":[""],"removed":["n"],"origin":"+delete"}
2019-5-1 20:56:40.729#keyHandled#"Backspace"
2019-5-1 20:56:41.005#change#{"from":{"line":7,"ch":2,"sticky":null},"to":{"line":7,"ch":2,"sticky":null},"text":["r"],"removed":[""],"origin":"+input"}
2019-5-1 20:56:41.309#change#{"from":{"line":7,"ch":2,"sticky":"after"},"to":{"line":7,"ch":3,"sticky":null},"text":[""],"removed":["r"],"origin":"+delete"}
2019-5-1 20:56:41.309#keyHandled#"Backspace"
2019-5-1 20:56:41.436#change#{"from":{"line":7,"ch":1,"sticky":"after"},"to":{"line":7,"ch":2,"sticky":null},"text":[""],"removed":["i"],"origin":"+delete"}
2019-5-1 20:56:41.436#keyHandled#"Backspace"
2019-5-1 20:56:41.595#change#{"from":{"line":7,"ch":1,"sticky":null},"to":{"line":7,"ch":1,"sticky":null},"text":["r"],"removed":[""],"origin":"+input"}
2019-5-1 20:56:41.703#change#{"from":{"line":7,"ch":2,"sticky":null},"to":{"line":7,"ch":2,"sticky":null},"text":["i"],"removed":[""],"origin":"+input"}
2019-5-1 20:56:41.813#change#{"from":{"line":7,"ch":3,"sticky":null},"to":{"line":7,"ch":3,"sticky":null},"text":["n"],"removed":[""],"origin":"+input"}
2019-5-1 20:56:41.928#change#{"from":{"line":7,"ch":4,"sticky":null},"to":{"line":7,"ch":4,"sticky":null},"text":["t"],"removed":[""],"origin":"+input"}
2019-5-1 20:56:43.230#change#{"from":{"line":7,"ch":5,"sticky":null},"to":{"line":7,"ch":5,"sticky":null},"text":["()"],"removed":[""],"origin":"+input"}
2019-5-1 20:56:43.230#keyHandled#"'('"
2019-5-1 20:56:44.412#change#{"from":{"line":7,"ch":6,"sticky":"after"},"to":{"line":7,"ch":6,"sticky":"after"},"text":["\"\""],"removed":[""],"origin":"+input"}
2019-5-1 20:56:44.413#keyHandled#"'\"'"
2019-5-1 20:56:44.671#change#{"from":{"line":7,"ch":7,"sticky":"after"},"to":{"line":7,"ch":7,"sticky":"after"},"text":["I"],"removed":[""],"origin":"+input"}
2019-5-1 20:56:44.796#change#{"from":{"line":7,"ch":8,"sticky":null},"to":{"line":7,"ch":8,"sticky":null},"text":["n"],"removed":[""],"origin":"+input"}
2019-5-1 20:56:44.923#change#{"from":{"line":7,"ch":9,"sticky":null},"to":{"line":7,"ch":9,"sticky":null},"text":["t"],"removed":[""],"origin":"+input"}
2019-5-1 20:56:45.121#change#{"from":{"line":7,"ch":10,"sticky":null},"to":{"line":7,"ch":10,"sticky":null},"text":["e"],"removed":[""],"origin":"+input"}
2019-5-1 20:56:45.264#change#{"from":{"line":7,"ch":11,"sticky":null},"to":{"line":7,"ch":11,"sticky":null},"text":["r"],"removed":[""],"origin":"+input"}
2019-5-1 20:56:45.500#change#{"from":{"line":7,"ch":12,"sticky":null},"to":{"line":7,"ch":12,"sticky":null},"text":["v"],"removed":[""],"origin":"+input"}
2019-5-1 20:56:45.706#change#{"from":{"line":7,"ch":13,"sticky":null},"to":{"line":7,"ch":13,"sticky":null},"text":["a"],"removed":[""],"origin":"+input"}
2019-5-1 20:56:45.855#change#{"from":{"line":7,"ch":14,"sticky":null},"to":{"line":7,"ch":14,"sticky":null},"text":["l"],"removed":[""],"origin":"+input"}
2019-5-1 20:56:46.039#change#{"from":{"line":7,"ch":15,"sticky":null},"to":{"line":7,"ch":15,"sticky":null},"text":["o"],"removed":[""],"origin":"+input"}
2019-5-1 20:56:46.248#change#{"from":{"line":7,"ch":16,"sticky":null},"to":{"line":7,"ch":16,"sticky":null},"text":[" "],"removed":[""],"origin":"+input"}
2019-5-1 20:56:46.573#change#{"from":{"line":7,"ch":17,"sticky":null},"to":{"line":7,"ch":17,"sticky":null},"text":["q"],"removed":[""],"origin":"+input"}
2019-5-1 20:56:47.227#change#{"from":{"line":7,"ch":17,"sticky":"after"},"to":{"line":7,"ch":18,"sticky":null},"text":[""],"removed":["q"],"origin":"+delete"}
2019-5-1 20:56:47.227#keyHandled#"Backspace"
2019-5-1 20:56:47.521#change#{"from":{"line":7,"ch":17,"sticky":null},"to":{"line":7,"ch":17,"sticky":null},"text":["1"],"removed":[""],"origin":"+input"}
2019-5-1 20:56:47.897#change#{"from":{"line":7,"ch":18,"sticky":null},"to":{"line":7,"ch":18,"sticky":null},"text":[":"],"removed":[""],"origin":"+input"}
2019-5-1 20:56:48.221#change#{"from":{"line":7,"ch":19,"sticky":null},"to":{"line":7,"ch":19,"sticky":null},"text":[" "],"removed":[""],"origin":"+input"}
2019-5-1 20:56:49.827#change#{"from":{"line":7,"ch":19,"sticky":"after"},"to":{"line":7,"ch":20,"sticky":null},"text":[""],"removed":[" "],"origin":"+delete"}
2019-5-1 20:56:49.827#keyHandled#"Backspace"
2019-5-1 20:56:50.348#keyHandled#"Right"
2019-5-1 20:56:51.079#change#{"from":{"line":7,"ch":20,"sticky":"before"},"to":{"line":7,"ch":20,"sticky":"before"},"text":[","],"removed":[""],"origin":"+input"}
2019-5-1 20:56:51.238#change#{"from":{"line":7,"ch":21,"sticky":null},"to":{"line":7,"ch":21,"sticky":null},"text":[" "],"removed":[""],"origin":"+input"}
2019-5-1 20:56:51.349#change#{"from":{"line":7,"ch":22,"sticky":null},"to":{"line":7,"ch":22,"sticky":null},"text":["a"],"removed":[""],"origin":"+input"}
2019-5-1 20:56:55.135#change#{"from":{"line":7,"ch":23,"sticky":null},"to":{"line":7,"ch":23,"sticky":null},"text":[","],"removed":[""],"origin":"+input"}
2019-5-1 20:56:55.888#change#{"from":{"line":7,"ch":24,"sticky":null},"to":{"line":7,"ch":24,"sticky":null},"text":["\"\""],"removed":[""],"origin":"+input"}
2019-5-1 20:56:55.888#keyHandled#"'\"'"
2019-5-1 20:56:56.164#change#{"from":{"line":7,"ch":25,"sticky":"after"},"to":{"line":7,"ch":25,"sticky":"after"},"text":[","],"removed":[""],"origin":"+input"}
2019-5-1 20:56:57.612#keyHandled#"Right"
2019-5-1 20:56:57.941#change#{"from":{"line":7,"ch":27,"sticky":"before"},"to":{"line":7,"ch":27,"sticky":"before"},"text":[","],"removed":[""],"origin":"+input"}
2019-5-1 20:56:58.966#change#{"from":{"line":7,"ch":28,"sticky":null},"to":{"line":7,"ch":28,"sticky":null},"text":["b"],"removed":[""],"origin":"+input"}
2019-5-1 20:57:00.368#keyHandled#"Right"
2019-5-1 20:57:01.916#keyHandled#"Left"
2019-5-1 20:57:02.691#keyHandled#"Left"
2019-5-1 20:57:03.203#keyHandled#"Left"
2019-5-1 20:57:03.235#keyHandled#"Left"
2019-5-1 20:57:03.268#keyHandled#"Left"
2019-5-1 20:57:03.301#keyHandled#"Left"
2019-5-1 20:57:03.334#keyHandled#"Left"
2019-5-1 20:57:03.366#keyHandled#"Left"
2019-5-1 20:57:03.400#keyHandled#"Left"
2019-5-1 20:57:03.436#keyHandled#"Left"
2019-5-1 20:57:03.465#keyHandled#"Left"
2019-5-1 20:57:03.498#keyHandled#"Left"
2019-5-1 20:57:03.531#keyHandled#"Left"
2019-5-1 20:57:03.564#keyHandled#"Left"
2019-5-1 20:57:03.727#keyHandled#"Left"
2019-5-1 20:57:03.761#keyHandled#"Left"
2019-5-1 20:57:03.794#keyHandled#"Left"
2019-5-1 20:57:03.827#keyHandled#"Left"
2019-5-1 20:57:03.860#keyHandled#"Left"
2019-5-1 20:57:03.891#keyHandled#"Left"
2019-5-1 20:57:03.928#keyHandled#"Left"
2019-5-1 20:57:03.957#keyHandled#"Left"
2019-5-1 20:57:03.991#keyHandled#"Left"
2019-5-1 20:57:04.206#keyHandled#"Left"
2019-5-1 20:57:04.316#keyHandled#"Left"
2019-5-1 20:57:04.464#keyHandled#"Left"
2019-5-1 20:57:05.236#copy#{"isTrusted":true}
2019-5-1 20:57:05.548#keyHandled#"Right"
2019-5-1 20:57:06.187#change#{"from":{"line":7,"ch":30,"sticky":"before"},"to":{"line":7,"ch":30,"sticky":"before"},"text":["",""],"removed":[""],"origin":"+input"}
2019-5-1 20:57:06.188#keyHandled#"Enter"
2019-5-1 20:57:06.194#viewportChange#0
2019-5-1 20:57:06.880#change#{"from":{"line":8,"ch":0,"sticky":null},"to":{"line":8,"ch":0,"sticky":null},"text":["print(\"Intervalo 1:\", a,\",\",b)"],"removed":[""],"origin":"paste"}
2019-5-1 20:57:07.869#keyHandled#"Left"
2019-5-1 20:57:08.748#change#{"from":{"line":8,"ch":28,"sticky":"after"},"to":{"line":8,"ch":29,"sticky":"after"},"text":[""],"removed":["b"],"origin":"+delete"}
2019-5-1 20:57:08.748#keyHandled#"Backspace"
2019-5-1 20:57:08.899#change#{"from":{"line":8,"ch":28,"sticky":null},"to":{"line":8,"ch":28,"sticky":null},"text":["d"],"removed":[""],"origin":"+input"}
2019-5-1 20:57:09.097#keyHandled#"Left"
2019-5-1 20:57:09.305#keyHandled#"Left"
2019-5-1 20:57:09.435#keyHandled#"Left"
2019-5-1 20:57:09.553#keyHandled#"Left"
2019-5-1 20:57:09.678#keyHandled#"Left"
2019-5-1 20:57:09.806#keyHandled#"Left"
2019-5-1 20:57:10.268#change#{"from":{"line":8,"ch":22,"sticky":"after"},"to":{"line":8,"ch":23,"sticky":"after"},"text":[""],"removed":["a"],"origin":"+delete"}
2019-5-1 20:57:10.268#keyHandled#"Backspace"
2019-5-1 20:57:10.407#change#{"from":{"line":8,"ch":22,"sticky":null},"to":{"line":8,"ch":22,"sticky":null},"text":["c"],"removed":[""],"origin":"+input"}
2019-5-1 20:57:10.835#keyHandled#"Left"
2019-5-1 20:57:10.979#keyHandled#"Left"
2019-5-1 20:57:11.109#keyHandled#"Left"
2019-5-1 20:57:11.230#keyHandled#"Left"
2019-5-1 20:57:11.344#keyHandled#"Left"
2019-5-1 20:57:12.172#change#{"from":{"line":8,"ch":17,"sticky":"after"},"to":{"line":8,"ch":18,"sticky":"after"},"text":[""],"removed":["1"],"origin":"+delete"}
2019-5-1 20:57:12.172#keyHandled#"Backspace"
2019-5-1 20:57:12.325#change#{"from":{"line":8,"ch":17,"sticky":null},"to":{"line":8,"ch":17,"sticky":null},"text":["w"],"removed":[""],"origin":"+input"}
2019-5-1 20:57:13.319#change#{"from":{"line":8,"ch":17,"sticky":"after"},"to":{"line":8,"ch":18,"sticky":null},"text":[""],"removed":["w"],"origin":"+delete"}
2019-5-1 20:57:13.319#keyHandled#"Backspace"
2019-5-1 20:57:13.499#change#{"from":{"line":8,"ch":17,"sticky":null},"to":{"line":8,"ch":17,"sticky":null},"text":["2"],"removed":[""],"origin":"+input"}
2019-5-1 20:57:14.717#blur#
2019-5-1 20:57:16.365#saida_testar#$ python3 main.py
2019-5-1 20:57:16.365#saida_testar#$ python3 main.py
2019-5-1 20:57:27.667#submit#Your code did not produce the correct output. Please, correct your code and try again.
2019-5-1 20:57:38.643#mousedown#{"isTrusted":true}
2019-5-1 20:57:38.749#focus#
2019-5-1 20:57:38.643#mousedown#{"isTrusted":true}
2019-5-1 20:57:38.749#focus#
2019-5-1 20:57:39.955#blur#
2019-5-1 20:57:40.132#saida_testar#$ python3 main.py
2019-5-1 20:58:44.827#mousedown#{"isTrusted":true}
2019-5-1 20:58:44.941#focus#
2019-5-1 20:58:45.576#keyHandled#"Down"
2019-5-1 20:58:45.800#keyHandled#"Down"
2019-5-1 20:58:52.650#mousedown#{"isTrusted":true}
2019-5-1 20:58:53.729#change#{"from":{"line":13,"ch":9,"sticky":"after"},"to":{"line":13,"ch":10,"sticky":"before","xRel":-0.3125},"text":[""],"removed":["n"],"origin":"+delete"}
2019-5-1 20:58:53.729#keyHandled#"Backspace"
2019-5-1 20:58:54.120#change#{"from":{"line":13,"ch":9,"sticky":null},"to":{"line":13,"ch":9,"sticky":null},"text":["N"],"removed":[""],"origin":"+input"}
