2019-6-29 19:08:26.085#viewportChange#0
2019-6-29 19:09:41.703#mousedown#{"isTrusted":true}
2019-6-29 19:09:41.706#focus#
2019-6-29 19:09:42.847#mousedown#{"isTrusted":true}
2019-6-29 19:09:43.214#mousedown#{"isTrusted":true}
2019-6-29 19:09:43.231#dblclick#{"isTrusted":true}
2019-6-29 19:09:43.793#mousedown#{"isTrusted":true}
2019-6-29 19:10:59.369#change#{"from":{"line":0,"ch":6,"sticky":null},"to":{"line":0,"ch":6,"sticky":null},"text":["u"],"removed":[""],"origin":"+input"}
2019-6-29 19:10:59.744#change#{"from":{"line":0,"ch":7,"sticky":null},"to":{"line":0,"ch":7,"sticky":null},"text":["p"],"removed":[""],"origin":"+input"}
2019-6-29 19:11:00.048#change#{"from":{"line":0,"ch":7,"sticky":"after"},"to":{"line":0,"ch":8,"sticky":null},"text":[""],"removed":["p"],"origin":"+delete"}
2019-6-29 19:11:00.048#keyHandled#"Backspace"
2019-6-29 19:11:00.325#change#{"from":{"line":0,"ch":7,"sticky":null},"to":{"line":0,"ch":7,"sticky":null},"text":["m"],"removed":[""],"origin":"+input"}
2019-6-29 19:11:00.559#change#{"from":{"line":0,"ch":8,"sticky":null},"to":{"line":0,"ch":8,"sticky":null},"text":["p"],"removed":[""],"origin":"+input"}
2019-6-29 19:11:00.721#change#{"from":{"line":0,"ch":9,"sticky":null},"to":{"line":0,"ch":9,"sticky":null},"text":["y"],"removed":[""],"origin":"+input"}
2019-6-29 19:11:01.159#change#{"from":{"line":0,"ch":10,"sticky":null},"to":{"line":0,"ch":10,"sticky":null},"text":[" "],"removed":[""],"origin":"+input"}
2019-6-29 19:11:01.371#change#{"from":{"line":0,"ch":11,"sticky":null},"to":{"line":0,"ch":11,"sticky":null},"text":["i"],"removed":[""],"origin":"+input"}
2019-6-29 19:11:01.500#change#{"from":{"line":0,"ch":12,"sticky":null},"to":{"line":0,"ch":12,"sticky":null},"text":["m"],"removed":[""],"origin":"+input"}
2019-6-29 19:11:01.701#change#{"from":{"line":0,"ch":13,"sticky":null},"to":{"line":0,"ch":13,"sticky":null},"text":["p"],"removed":[""],"origin":"+input"}
2019-6-29 19:11:01.814#change#{"from":{"line":0,"ch":14,"sticky":null},"to":{"line":0,"ch":14,"sticky":null},"text":["o"],"removed":[""],"origin":"+input"}
2019-6-29 19:11:01.887#change#{"from":{"line":0,"ch":15,"sticky":null},"to":{"line":0,"ch":15,"sticky":null},"text":["r"],"removed":[""],"origin":"+input"}
2019-6-29 19:11:02.058#change#{"from":{"line":0,"ch":16,"sticky":null},"to":{"line":0,"ch":16,"sticky":null},"text":["t"],"removed":[""],"origin":"+input"}
2019-6-29 19:11:03.180#change#{"from":{"line":0,"ch":17,"sticky":null},"to":{"line":0,"ch":17,"sticky":null},"text":["*"],"removed":[""],"origin":"+input"}
2019-6-29 19:11:04.099#change#{"from":{"line":0,"ch":18,"sticky":null},"to":{"line":0,"ch":18,"sticky":null},"text":["",""],"removed":[""],"origin":"+input"}
2019-6-29 19:11:04.099#keyHandled#"Enter"
2019-6-29 19:11:04.103#viewportChange#0
2019-6-29 19:11:04.326#change#{"from":{"line":1,"ch":0,"sticky":null},"to":{"line":1,"ch":0,"sticky":null},"text":["f"],"removed":[""],"origin":"+input"}
2019-6-29 19:11:04.485#change#{"from":{"line":1,"ch":1,"sticky":null},"to":{"line":1,"ch":1,"sticky":null},"text":["r"],"removed":[""],"origin":"+input"}
2019-6-29 19:11:04.582#change#{"from":{"line":1,"ch":2,"sticky":null},"to":{"line":1,"ch":2,"sticky":null},"text":["o"],"removed":[""],"origin":"+input"}
2019-6-29 19:11:04.744#change#{"from":{"line":1,"ch":3,"sticky":null},"to":{"line":1,"ch":3,"sticky":null},"text":["m"],"removed":[""],"origin":"+input"}
2019-6-29 19:11:04.974#change#{"from":{"line":1,"ch":4,"sticky":null},"to":{"line":1,"ch":4,"sticky":null},"text":[" "],"removed":[""],"origin":"+input"}
2019-6-29 19:11:05.171#change#{"from":{"line":1,"ch":5,"sticky":null},"to":{"line":1,"ch":5,"sticky":null},"text":["n"],"removed":[""],"origin":"+input"}
2019-6-29 19:11:05.744#change#{"from":{"line":1,"ch":6,"sticky":null},"to":{"line":1,"ch":6,"sticky":null},"text":["u"],"removed":[""],"origin":"+input"}
2019-6-29 19:11:06.274#change#{"from":{"line":1,"ch":7,"sticky":null},"to":{"line":1,"ch":7,"sticky":null},"text":["m"],"removed":[""],"origin":"+input"}
2019-6-29 19:11:06.479#change#{"from":{"line":1,"ch":8,"sticky":null},"to":{"line":1,"ch":8,"sticky":null},"text":["p"],"removed":[""],"origin":"+input"}
2019-6-29 19:11:06.607#change#{"from":{"line":1,"ch":9,"sticky":null},"to":{"line":1,"ch":9,"sticky":null},"text":["y"],"removed":[""],"origin":"+input"}
2019-6-29 19:11:07.455#change#{"from":{"line":1,"ch":10,"sticky":null},"to":{"line":1,"ch":10,"sticky":null},"text":["."],"removed":[""],"origin":"+input"}
2019-6-29 19:11:08.135#change#{"from":{"line":1,"ch":11,"sticky":null},"to":{"line":1,"ch":11,"sticky":null},"text":["a"],"removed":[""],"origin":"+input"}
2019-6-29 19:11:08.335#change#{"from":{"line":1,"ch":12,"sticky":null},"to":{"line":1,"ch":12,"sticky":null},"text":["l"],"removed":[""],"origin":"+input"}
2019-6-29 19:11:09.448#change#{"from":{"line":1,"ch":12,"sticky":"after"},"to":{"line":1,"ch":13,"sticky":null},"text":[""],"removed":["l"],"origin":"+delete"}
2019-6-29 19:11:09.448#keyHandled#"Backspace"
2019-6-29 19:11:09.591#change#{"from":{"line":1,"ch":11,"sticky":"after"},"to":{"line":1,"ch":12,"sticky":null},"text":[""],"removed":["a"],"origin":"+delete"}
2019-6-29 19:11:09.591#keyHandled#"Backspace"
2019-6-29 19:11:10.129#change#{"from":{"line":1,"ch":11,"sticky":null},"to":{"line":1,"ch":11,"sticky":null},"text":["l"],"removed":[""],"origin":"+input"}
2019-6-29 19:11:10.319#change#{"from":{"line":1,"ch":12,"sticky":null},"to":{"line":1,"ch":12,"sticky":null},"text":["i"],"removed":[""],"origin":"+input"}
2019-6-29 19:11:10.441#change#{"from":{"line":1,"ch":13,"sticky":null},"to":{"line":1,"ch":13,"sticky":null},"text":["n"],"removed":[""],"origin":"+input"}
2019-6-29 19:11:11.165#change#{"from":{"line":1,"ch":14,"sticky":null},"to":{"line":1,"ch":14,"sticky":null},"text":["a"],"removed":[""],"origin":"+input"}
2019-6-29 19:11:11.344#change#{"from":{"line":1,"ch":15,"sticky":null},"to":{"line":1,"ch":15,"sticky":null},"text":["l"],"removed":[""],"origin":"+input"}
2019-6-29 19:11:11.573#change#{"from":{"line":1,"ch":16,"sticky":null},"to":{"line":1,"ch":16,"sticky":null},"text":["g"],"removed":[""],"origin":"+input"}
2019-6-29 19:11:13.022#change#{"from":{"line":1,"ch":17,"sticky":null},"to":{"line":1,"ch":17,"sticky":null},"text":[" "],"removed":[""],"origin":"+input"}
2019-6-29 19:11:14.603#change#{"from":{"line":1,"ch":18,"sticky":null},"to":{"line":1,"ch":18,"sticky":null},"text":["i"],"removed":[""],"origin":"+input"}
2019-6-29 19:11:14.714#change#{"from":{"line":1,"ch":19,"sticky":null},"to":{"line":1,"ch":19,"sticky":null},"text":["m"],"removed":[""],"origin":"+input"}
2019-6-29 19:11:14.983#change#{"from":{"line":1,"ch":20,"sticky":null},"to":{"line":1,"ch":20,"sticky":null},"text":["p"],"removed":[""],"origin":"+input"}
2019-6-29 19:11:15.090#change#{"from":{"line":1,"ch":21,"sticky":null},"to":{"line":1,"ch":21,"sticky":null},"text":["o"],"removed":[""],"origin":"+input"}
2019-6-29 19:11:15.216#change#{"from":{"line":1,"ch":22,"sticky":null},"to":{"line":1,"ch":22,"sticky":null},"text":["r"],"removed":[""],"origin":"+input"}
2019-6-29 19:11:15.408#change#{"from":{"line":1,"ch":23,"sticky":null},"to":{"line":1,"ch":23,"sticky":null},"text":["t"],"removed":[""],"origin":"+input"}
2019-6-29 19:11:16.759#change#{"from":{"line":1,"ch":24,"sticky":null},"to":{"line":1,"ch":24,"sticky":null},"text":["*"],"removed":[""],"origin":"+input"}
2019-6-29 19:11:17.267#change#{"from":{"line":1,"ch":25,"sticky":null},"to":{"line":1,"ch":25,"sticky":null},"text":["",""],"removed":[""],"origin":"+input"}
2019-6-29 19:11:17.267#keyHandled#"Enter"
2019-6-29 19:11:17.276#viewportChange#0
2019-6-29 19:11:17.471#change#{"from":{"line":2,"ch":0,"sticky":null},"to":{"line":2,"ch":0,"sticky":null},"text":["",""],"removed":[""],"origin":"+input"}
2019-6-29 19:11:17.471#keyHandled#"Enter"
2019-6-29 19:11:17.474#viewportChange#0
2019-6-29 19:11:20.035#change#{"from":{"line":3,"ch":0,"sticky":null},"to":{"line":3,"ch":0,"sticky":null},"text":["v"],"removed":[""],"origin":"+input"}
2019-6-29 19:11:20.418#change#{"from":{"line":3,"ch":1,"sticky":null},"to":{"line":3,"ch":1,"sticky":null},"text":[" "],"removed":[""],"origin":"+input"}
2019-6-29 19:11:20.718#change#{"from":{"line":3,"ch":2,"sticky":null},"to":{"line":3,"ch":2,"sticky":null},"text":["="],"removed":[""],"origin":"+input"}
2019-6-29 19:11:23.584#change#{"from":{"line":3,"ch":3,"sticky":null},"to":{"line":3,"ch":3,"sticky":null},"text":[" "],"removed":[""],"origin":"+input"}
2019-6-29 19:11:23.731#change#{"from":{"line":3,"ch":4,"sticky":null},"to":{"line":3,"ch":4,"sticky":null},"text":["a"],"removed":[""],"origin":"+input"}
2019-6-29 19:11:23.933#change#{"from":{"line":3,"ch":5,"sticky":null},"to":{"line":3,"ch":5,"sticky":null},"text":["r"],"removed":[""],"origin":"+input"}
2019-6-29 19:11:24.080#change#{"from":{"line":3,"ch":6,"sticky":null},"to":{"line":3,"ch":6,"sticky":null},"text":["r"],"removed":[""],"origin":"+input"}
2019-6-29 19:11:24.180#change#{"from":{"line":3,"ch":7,"sticky":null},"to":{"line":3,"ch":7,"sticky":null},"text":["a"],"removed":[""],"origin":"+input"}
2019-6-29 19:11:24.366#change#{"from":{"line":3,"ch":8,"sticky":null},"to":{"line":3,"ch":8,"sticky":null},"text":["y"],"removed":[""],"origin":"+input"}
2019-6-29 19:11:24.765#change#{"from":{"line":3,"ch":9,"sticky":null},"to":{"line":3,"ch":9,"sticky":null},"text":["()"],"removed":[""],"origin":"+input"}
2019-6-29 19:11:24.765#keyHandled#"'('"
2019-6-29 19:11:24.890#change#{"from":{"line":3,"ch":10,"sticky":"after"},"to":{"line":3,"ch":10,"sticky":"after"},"text":["e"],"removed":[""],"origin":"+input"}
2019-6-29 19:11:25.186#change#{"from":{"line":3,"ch":11,"sticky":null},"to":{"line":3,"ch":11,"sticky":null},"text":["v"],"removed":[""],"origin":"+input"}
2019-6-29 19:11:25.749#change#{"from":{"line":3,"ch":12,"sticky":null},"to":{"line":3,"ch":12,"sticky":null},"text":["a"],"removed":[""],"origin":"+input"}
2019-6-29 19:11:25.912#change#{"from":{"line":3,"ch":13,"sticky":null},"to":{"line":3,"ch":13,"sticky":null},"text":["l"],"removed":[""],"origin":"+input"}
2019-6-29 19:11:26.276#change#{"from":{"line":3,"ch":14,"sticky":null},"to":{"line":3,"ch":14,"sticky":null},"text":["()"],"removed":[""],"origin":"+input"}
2019-6-29 19:11:26.276#keyHandled#"'('"
2019-6-29 19:11:26.536#change#{"from":{"line":3,"ch":15,"sticky":"after"},"to":{"line":3,"ch":15,"sticky":"after"},"text":["i"],"removed":[""],"origin":"+input"}
2019-6-29 19:11:26.715#change#{"from":{"line":3,"ch":16,"sticky":null},"to":{"line":3,"ch":16,"sticky":null},"text":["n"],"removed":[""],"origin":"+input"}
2019-6-29 19:11:26.897#change#{"from":{"line":3,"ch":17,"sticky":null},"to":{"line":3,"ch":17,"sticky":null},"text":["p"],"removed":[""],"origin":"+input"}
2019-6-29 19:11:27.046#change#{"from":{"line":3,"ch":18,"sticky":null},"to":{"line":3,"ch":18,"sticky":null},"text":["u"],"removed":[""],"origin":"+input"}
2019-6-29 19:11:27.149#change#{"from":{"line":3,"ch":19,"sticky":null},"to":{"line":3,"ch":19,"sticky":null},"text":["t"],"removed":[""],"origin":"+input"}
2019-6-29 19:11:28.575#change#{"from":{"line":3,"ch":20,"sticky":null},"to":{"line":3,"ch":20,"sticky":null},"text":["()"],"removed":[""],"origin":"+input"}
2019-6-29 19:11:28.575#keyHandled#"'('"
2019-6-29 19:11:29.724#keyHandled#"Right"
2019-6-29 19:11:30.165#keyHandled#"Right"
2019-6-29 19:11:30.413#keyHandled#"Right"
2019-6-29 19:11:31.589#change#{"from":{"line":3,"ch":24,"sticky":"before"},"to":{"line":3,"ch":24,"sticky":"before"},"text":["",""],"removed":[""],"origin":"+input"}
2019-6-29 19:11:31.589#keyHandled#"Enter"
2019-6-29 19:11:31.594#viewportChange#0
2019-6-29 19:12:10.778#blur#
2019-6-29 19:12:40.102#mousedown#{"isTrusted":true}
2019-6-29 19:12:40.110#focus#
2019-6-29 19:12:40.751#mousedown#{"isTrusted":true}
2019-6-29 19:12:41.371#mousedown#{"isTrusted":true}
2019-6-29 19:12:42.662#change#{"from":{"line":4,"ch":0,"sticky":null,"xRel":1,"outside":true},"to":{"line":4,"ch":0,"sticky":null,"xRel":1,"outside":true},"text":["m"],"removed":[""],"origin":"+input"}
2019-6-29 19:12:43.177#change#{"from":{"line":4,"ch":1,"sticky":null},"to":{"line":4,"ch":1,"sticky":null},"text":[" "],"removed":[""],"origin":"+input"}
2019-6-29 19:12:43.288#change#{"from":{"line":4,"ch":2,"sticky":null},"to":{"line":4,"ch":2,"sticky":null},"text":["="],"removed":[""],"origin":"+input"}
2019-6-29 19:12:44.684#change#{"from":{"line":4,"ch":3,"sticky":null},"to":{"line":4,"ch":3,"sticky":null},"text":[" "],"removed":[""],"origin":"+input"}
2019-6-29 19:12:46.252#change#{"from":{"line":4,"ch":4,"sticky":null},"to":{"line":4,"ch":4,"sticky":null},"text":["()"],"removed":[""],"origin":"+input"}
2019-6-29 19:12:46.252#keyHandled#"'('"
2019-6-29 19:12:48.649#change#{"from":{"line":4,"ch":5,"sticky":"after"},"to":{"line":4,"ch":5,"sticky":"after"},"text":["{}"],"removed":[""],"origin":"+input"}
2019-6-29 19:12:48.649#keyHandled#"'{'"
2019-6-29 19:12:48.947#change#{"from":{"line":4,"ch":6,"sticky":"after"},"to":{"line":4,"ch":6,"sticky":"after"},"text":["{}"],"removed":[""],"origin":"+input"}
2019-6-29 19:12:48.947#keyHandled#"'{'"
2019-6-29 19:12:49.963#change#{"from":{"line":4,"ch":6,"sticky":null},"to":{"line":4,"ch":8,"sticky":null},"text":[""],"removed":["{}"],"origin":"+delete"}
2019-6-29 19:12:49.963#keyHandled#"Backspace"
2019-6-29 19:12:50.121#change#{"from":{"line":4,"ch":5,"sticky":null},"to":{"line":4,"ch":7,"sticky":null},"text":[""],"removed":["{}"],"origin":"+delete"}
2019-6-29 19:12:50.121#keyHandled#"Backspace"
2019-6-29 19:12:51.100#change#{"from":{"line":4,"ch":5,"sticky":null},"to":{"line":4,"ch":5,"sticky":null},"text":["[]"],"removed":[""],"origin":"+input"}
2019-6-29 19:12:51.100#keyHandled#"'['"
2019-6-29 19:12:51.422#change#{"from":{"line":4,"ch":6,"sticky":"after"},"to":{"line":4,"ch":6,"sticky":"after"},"text":["[]"],"removed":[""],"origin":"+input"}
2019-6-29 19:12:51.422#keyHandled#"'['"
2019-6-29 19:12:53.430#change#{"from":{"line":4,"ch":7,"sticky":"after"},"to":{"line":4,"ch":7,"sticky":"after"},"text":["2"],"removed":[""],"origin":"+input"}
2019-6-29 19:12:53.837#change#{"from":{"line":4,"ch":8,"sticky":null},"to":{"line":4,"ch":8,"sticky":null},"text":[","],"removed":[""],"origin":"+input"}
2019-6-29 19:12:54.120#change#{"from":{"line":4,"ch":9,"sticky":null},"to":{"line":4,"ch":9,"sticky":null},"text":[" "],"removed":[""],"origin":"+input"}
2019-6-29 19:12:54.294#change#{"from":{"line":4,"ch":10,"sticky":null},"to":{"line":4,"ch":10,"sticky":null},"text":["1"],"removed":[""],"origin":"+input"}
2019-6-29 19:12:54.982#change#{"from":{"line":4,"ch":11,"sticky":null},"to":{"line":4,"ch":11,"sticky":null},"text":[","],"removed":[""],"origin":"+input"}
2019-6-29 19:12:55.201#change#{"from":{"line":4,"ch":12,"sticky":null},"to":{"line":4,"ch":12,"sticky":null},"text":[" "],"removed":[""],"origin":"+input"}
2019-6-29 19:12:55.516#change#{"from":{"line":4,"ch":13,"sticky":null},"to":{"line":4,"ch":13,"sticky":null},"text":["4"],"removed":[""],"origin":"+input"}
2019-6-29 19:12:56.239#keyHandled#"Right"
2019-6-29 19:12:56.990#change#{"from":{"line":4,"ch":15,"sticky":"before"},"to":{"line":4,"ch":15,"sticky":"before"},"text":[","],"removed":[""],"origin":"+input"}
2019-6-29 19:12:57.196#change#{"from":{"line":4,"ch":16,"sticky":null},"to":{"line":4,"ch":16,"sticky":null},"text":[" "],"removed":[""],"origin":"+input"}
2019-6-29 19:12:57.747#change#{"from":{"line":4,"ch":17,"sticky":null},"to":{"line":4,"ch":17,"sticky":null},"text":["[]"],"removed":[""],"origin":"+input"}
2019-6-29 19:12:57.747#keyHandled#"'['"
2019-6-29 19:12:59.685#change#{"from":{"line":4,"ch":18,"sticky":"after"},"to":{"line":4,"ch":18,"sticky":"after"},"text":["1"],"removed":[""],"origin":"+input"}
2019-6-29 19:12:59.856#change#{"from":{"line":4,"ch":19,"sticky":null},"to":{"line":4,"ch":19,"sticky":null},"text":[","],"removed":[""],"origin":"+input"}
2019-6-29 19:13:00.046#change#{"from":{"line":4,"ch":20,"sticky":null},"to":{"line":4,"ch":20,"sticky":null},"text":[" "],"removed":[""],"origin":"+input"}
2019-6-29 19:13:00.267#change#{"from":{"line":4,"ch":21,"sticky":null},"to":{"line":4,"ch":21,"sticky":null},"text":["2"],"removed":[""],"origin":"+input"}
2019-6-29 19:13:01.693#change#{"from":{"line":4,"ch":22,"sticky":null},"to":{"line":4,"ch":22,"sticky":null},"text":[","],"removed":[""],"origin":"+input"}
2019-6-29 19:13:01.867#change#{"from":{"line":4,"ch":23,"sticky":null},"to":{"line":4,"ch":23,"sticky":null},"text":[" "],"removed":[""],"origin":"+input"}
2019-6-29 19:13:02.183#change#{"from":{"line":4,"ch":24,"sticky":null},"to":{"line":4,"ch":24,"sticky":null},"text":["0"],"removed":[""],"origin":"+input"}
2019-6-29 19:13:03.069#keyHandled#"Right"
2019-6-29 19:13:03.852#change#{"from":{"line":4,"ch":26,"sticky":"before"},"to":{"line":4,"ch":26,"sticky":"before"},"text":[","],"removed":[""],"origin":"+input"}
2019-6-29 19:13:04.062#change#{"from":{"line":4,"ch":27,"sticky":null},"to":{"line":4,"ch":27,"sticky":null},"text":[" "],"removed":[""],"origin":"+input"}
2019-6-29 19:13:05.645#change#{"from":{"line":4,"ch":28,"sticky":null},"to":{"line":4,"ch":28,"sticky":null},"text":["[]"],"removed":[""],"origin":"+input"}
2019-6-29 19:13:05.645#keyHandled#"'['"
2019-6-29 19:13:06.684#change#{"from":{"line":4,"ch":29,"sticky":"after"},"to":{"line":4,"ch":29,"sticky":"after"},"text":["2"],"removed":[""],"origin":"+input"}
2019-6-29 19:13:07.033#change#{"from":{"line":4,"ch":30,"sticky":null},"to":{"line":4,"ch":30,"sticky":null},"text":[","],"removed":[""],"origin":"+input"}
2019-6-29 19:13:07.295#change#{"from":{"line":4,"ch":31,"sticky":null},"to":{"line":4,"ch":31,"sticky":null},"text":[" "],"removed":[""],"origin":"+input"}
2019-6-29 19:13:07.513#change#{"from":{"line":4,"ch":32,"sticky":null},"to":{"line":4,"ch":32,"sticky":null},"text":["3"],"removed":[""],"origin":"+input"}
2019-6-29 19:13:08.026#change#{"from":{"line":4,"ch":33,"sticky":null},"to":{"line":4,"ch":33,"sticky":null},"text":[","],"removed":[""],"origin":"+input"}
2019-6-29 19:13:08.210#change#{"from":{"line":4,"ch":34,"sticky":null},"to":{"line":4,"ch":34,"sticky":null},"text":[" "],"removed":[""],"origin":"+input"}
2019-6-29 19:13:08.392#change#{"from":{"line":4,"ch":35,"sticky":null},"to":{"line":4,"ch":35,"sticky":null},"text":["2"],"removed":[""],"origin":"+input"}
2019-6-29 19:13:15.203#mousedown#{"isTrusted":true}
2019-6-29 19:13:15.962#mousedown#{"isTrusted":true}
2019-6-29 19:13:16.630#change#{"from":{"line":4,"ch":39,"sticky":"before","xRel":-2.3125},"to":{"line":4,"ch":39,"sticky":"before","xRel":-2.3125},"text":["",""],"removed":[""],"origin":"+input"}
2019-6-29 19:13:16.630#keyHandled#"Enter"
2019-6-29 19:13:16.634#viewportChange#0
2019-6-29 19:13:41.150#change#{"from":{"line":5,"ch":0,"sticky":null},"to":{"line":5,"ch":0,"sticky":null},"text":["",""],"removed":[""],"origin":"+input"}
2019-6-29 19:13:41.150#keyHandled#"Enter"
2019-6-29 19:13:41.153#viewportChange#0
2019-6-29 19:14:49.737#mousedown#{"isTrusted":true}
2019-6-29 19:14:52.971#change#{"from":{"line":6,"ch":0,"sticky":"after","xRel":11.6875},"to":{"line":6,"ch":0,"sticky":"after","xRel":11.6875},"text":["p"],"removed":[""],"origin":"+input"}
2019-6-29 19:14:54.069#change#{"from":{"line":6,"ch":0,"sticky":"after"},"to":{"line":6,"ch":1,"sticky":null},"text":[""],"removed":["p"],"origin":"+delete"}
2019-6-29 19:14:54.069#keyHandled#"Backspace"
2019-6-29 19:14:55.823#blur#
2019-6-29 19:14:59.184#mousedown#{"isTrusted":true}
2019-6-29 19:14:59.186#focus#
2019-6-29 19:15:00.134#change#{"from":{"line":6,"ch":0,"sticky":null},"to":{"line":6,"ch":0,"sticky":null},"text":["n"],"removed":[""],"origin":"+input"}
2019-6-29 19:15:00.601#change#{"from":{"line":6,"ch":1,"sticky":null},"to":{"line":6,"ch":1,"sticky":null},"text":[" "],"removed":[""],"origin":"+input"}
2019-6-29 19:15:00.808#change#{"from":{"line":6,"ch":2,"sticky":null},"to":{"line":6,"ch":2,"sticky":null},"text":["="],"removed":[""],"origin":"+input"}
2019-6-29 19:15:01.208#change#{"from":{"line":6,"ch":3,"sticky":null},"to":{"line":6,"ch":3,"sticky":null},"text":[" "],"removed":[""],"origin":"+input"}
2019-6-29 19:15:02.012#change#{"from":{"line":6,"ch":4,"sticky":null},"to":{"line":6,"ch":4,"sticky":null},"text":["()"],"removed":[""],"origin":"+input"}
2019-6-29 19:15:02.013#keyHandled#"'('"
2019-6-29 19:15:03.732#change#{"from":{"line":6,"ch":4,"sticky":null},"to":{"line":6,"ch":6,"sticky":null},"text":[""],"removed":["()"],"origin":"+delete"}
2019-6-29 19:15:03.732#keyHandled#"Backspace"
2019-6-29 19:15:04.152#change#{"from":{"line":6,"ch":4,"sticky":null},"to":{"line":6,"ch":4,"sticky":null},"text":["d"],"removed":[""],"origin":"+input"}
2019-6-29 19:15:04.387#change#{"from":{"line":6,"ch":5,"sticky":null},"to":{"line":6,"ch":5,"sticky":null},"text":["o"],"removed":[""],"origin":"+input"}
2019-6-29 19:15:04.534#change#{"from":{"line":6,"ch":6,"sticky":null},"to":{"line":6,"ch":6,"sticky":null},"text":["t"],"removed":[""],"origin":"+input"}
2019-6-29 19:15:05.247#change#{"from":{"line":6,"ch":7,"sticky":null},"to":{"line":6,"ch":7,"sticky":null},"text":["()"],"removed":[""],"origin":"+input"}
2019-6-29 19:15:05.247#keyHandled#"'('"
2019-6-29 19:15:08.055#change#{"from":{"line":6,"ch":8,"sticky":"after"},"to":{"line":6,"ch":8,"sticky":"after"},"text":["i"],"removed":[""],"origin":"+input"}
2019-6-29 19:15:08.404#change#{"from":{"line":6,"ch":9,"sticky":null},"to":{"line":6,"ch":9,"sticky":null},"text":["n"],"removed":[""],"origin":"+input"}
2019-6-29 19:15:09.333#change#{"from":{"line":6,"ch":10,"sticky":null},"to":{"line":6,"ch":10,"sticky":null},"text":["v"],"removed":[""],"origin":"+input"}
2019-6-29 19:15:09.889#change#{"from":{"line":6,"ch":11,"sticky":null},"to":{"line":6,"ch":11,"sticky":null},"text":["()"],"removed":[""],"origin":"+input"}
2019-6-29 19:15:09.889#keyHandled#"'('"
2019-6-29 19:15:11.306#change#{"from":{"line":6,"ch":12,"sticky":"after"},"to":{"line":6,"ch":12,"sticky":"after"},"text":["v"],"removed":[""],"origin":"+input"}
2019-6-29 19:15:12.232#change#{"from":{"line":6,"ch":12,"sticky":"after"},"to":{"line":6,"ch":13,"sticky":null},"text":[""],"removed":["v"],"origin":"+delete"}
2019-6-29 19:15:12.232#keyHandled#"Backspace"
2019-6-29 19:15:12.559#change#{"from":{"line":6,"ch":12,"sticky":null},"to":{"line":6,"ch":12,"sticky":null},"text":["m"],"removed":[""],"origin":"+input"}
2019-6-29 19:15:13.213#keyHandled#"Right"
2019-6-29 19:15:13.950#change#{"from":{"line":6,"ch":14,"sticky":"before"},"to":{"line":6,"ch":14,"sticky":"before"},"text":[","],"removed":[""],"origin":"+input"}
2019-6-29 19:15:14.194#change#{"from":{"line":6,"ch":15,"sticky":null},"to":{"line":6,"ch":15,"sticky":null},"text":[" "],"removed":[""],"origin":"+input"}
2019-6-29 19:15:16.323#change#{"from":{"line":6,"ch":16,"sticky":null},"to":{"line":6,"ch":16,"sticky":null},"text":["v"],"removed":[""],"origin":"+input"}
2019-6-29 19:15:16.500#change#{"from":{"line":6,"ch":17,"sticky":null},"to":{"line":6,"ch":17,"sticky":null},"text":["."],"removed":[""],"origin":"+input"}
2019-6-29 19:15:17.143#change#{"from":{"line":6,"ch":18,"sticky":null},"to":{"line":6,"ch":18,"sticky":null},"text":["T"],"removed":[""],"origin":"+input"}
2019-6-29 19:15:18.333#mousedown#{"isTrusted":true}
2019-6-29 19:15:22.845#change#{"from":{"line":7,"ch":0,"sticky":null},"to":{"line":7,"ch":0,"sticky":null},"text":["",""],"removed":[""],"origin":"+input"}
2019-6-29 19:15:22.845#keyHandled#"Enter"
2019-6-29 19:15:22.848#viewportChange#0
2019-6-29 19:15:23.662#change#{"from":{"line":7,"ch":0,"sticky":"before"},"to":{"line":8,"ch":0,"sticky":null},"text":[""],"removed":["",""],"origin":"+delete"}
2019-6-29 19:15:23.662#keyHandled#"Backspace"
2019-6-29 19:15:23.667#viewportChange#0
2019-6-29 19:15:30.134#change#{"from":{"line":7,"ch":0,"sticky":null},"to":{"line":7,"ch":0,"sticky":null},"text":["",""],"removed":[""],"origin":"+input"}
2019-6-29 19:15:30.134#keyHandled#"Enter"
2019-6-29 19:15:30.137#viewportChange#0
2019-6-29 19:15:30.492#change#{"from":{"line":7,"ch":0,"sticky":"before"},"to":{"line":8,"ch":0,"sticky":null},"text":[""],"removed":["",""],"origin":"+delete"}
2019-6-29 19:15:30.492#keyHandled#"Backspace"
2019-6-29 19:15:30.497#viewportChange#0
2019-6-29 19:15:30.805#change#{"from":{"line":7,"ch":0,"sticky":null},"to":{"line":7,"ch":0,"sticky":null},"text":["",""],"removed":[""],"origin":"+input"}
2019-6-29 19:15:30.805#keyHandled#"Enter"
2019-6-29 19:15:30.810#viewportChange#0
2019-6-29 19:15:31.472#change#{"from":{"line":7,"ch":0,"sticky":"before"},"to":{"line":8,"ch":0,"sticky":null},"text":[""],"removed":["",""],"origin":"+delete"}
2019-6-29 19:15:31.472#keyHandled#"Backspace"
2019-6-29 19:15:31.477#viewportChange#0
2019-6-29 19:15:31.764#change#{"from":{"line":7,"ch":0,"sticky":null},"to":{"line":7,"ch":0,"sticky":null},"text":["",""],"removed":[""],"origin":"+input"}
2019-6-29 19:15:31.764#keyHandled#"Enter"
2019-6-29 19:15:31.768#viewportChange#0
2019-6-29 19:15:32.840#change#{"from":{"line":7,"ch":0,"sticky":"before"},"to":{"line":8,"ch":0,"sticky":null},"text":[""],"removed":["",""],"origin":"+delete"}
2019-6-29 19:15:32.840#keyHandled#"Backspace"
2019-6-29 19:15:32.848#viewportChange#0
2019-6-29 19:15:33.571#change#{"from":{"line":7,"ch":0,"sticky":null},"to":{"line":7,"ch":0,"sticky":null},"text":["",""],"removed":[""],"origin":"+input"}
2019-6-29 19:15:33.571#keyHandled#"Enter"
2019-6-29 19:15:33.576#viewportChange#0
2019-6-29 19:15:35.192#blur#
2019-6-29 19:15:48.723#mousedown#{"isTrusted":true}
2019-6-29 19:15:48.726#focus#
2019-6-29 19:15:49.447#mousedown#{"isTrusted":true}
2019-6-29 19:15:49.848#mousedown#{"isTrusted":true}
2019-6-29 19:15:51.034#change#{"from":{"line":8,"ch":0,"sticky":"after","xRel":10.6875},"to":{"line":8,"ch":0,"sticky":"after","xRel":10.6875},"text":["p"],"removed":[""],"origin":"+input"}
2019-6-29 19:15:51.178#change#{"from":{"line":8,"ch":1,"sticky":null},"to":{"line":8,"ch":1,"sticky":null},"text":["r"],"removed":[""],"origin":"+input"}
2019-6-29 19:15:51.338#change#{"from":{"line":8,"ch":2,"sticky":null},"to":{"line":8,"ch":2,"sticky":null},"text":["i"],"removed":[""],"origin":"+input"}
2019-6-29 19:15:51.448#change#{"from":{"line":8,"ch":3,"sticky":null},"to":{"line":8,"ch":3,"sticky":null},"text":["n"],"removed":[""],"origin":"+input"}
2019-6-29 19:15:51.601#change#{"from":{"line":8,"ch":4,"sticky":null},"to":{"line":8,"ch":4,"sticky":null},"text":["t"],"removed":[""],"origin":"+input"}
2019-6-29 19:15:52.135#change#{"from":{"line":8,"ch":5,"sticky":null},"to":{"line":8,"ch":5,"sticky":null},"text":["()"],"removed":[""],"origin":"+input"}
2019-6-29 19:15:52.135#keyHandled#"'('"
2019-6-29 19:15:53.574#change#{"from":{"line":8,"ch":6,"sticky":"after"},"to":{"line":8,"ch":6,"sticky":"after"},"text":["\"\""],"removed":[""],"origin":"+input"}
2019-6-29 19:15:53.574#keyHandled#"'\"'"
2019-6-29 19:15:54.662#change#{"from":{"line":8,"ch":7,"sticky":"after"},"to":{"line":8,"ch":7,"sticky":"after"},"text":["e"],"removed":[""],"origin":"+input"}
2019-6-29 19:15:54.850#change#{"from":{"line":8,"ch":8,"sticky":null},"to":{"line":8,"ch":8,"sticky":null},"text":["s"],"removed":[""],"origin":"+input"}
2019-6-29 19:15:55.505#change#{"from":{"line":8,"ch":9,"sticky":null},"to":{"line":8,"ch":9,"sticky":null},"text":["t"],"removed":[""],"origin":"+input"}
2019-6-29 19:15:55.902#change#{"from":{"line":8,"ch":10,"sticky":null},"to":{"line":8,"ch":10,"sticky":null},"text":["a"],"removed":[""],"origin":"+input"}
2019-6-29 19:15:56.949#change#{"from":{"line":8,"ch":11,"sticky":null},"to":{"line":8,"ch":11,"sticky":null},"text":["f"],"removed":[""],"origin":"+input"}
2019-6-29 19:15:57.103#change#{"from":{"line":8,"ch":12,"sticky":null},"to":{"line":8,"ch":12,"sticky":null},"text":["i"],"removed":[""],"origin":"+input"}
2019-6-29 19:15:57.566#change#{"from":{"line":8,"ch":13,"sticky":null},"to":{"line":8,"ch":13,"sticky":null},"text":["l"],"removed":[""],"origin":"+input"}
2019-6-29 19:15:57.790#change#{"from":{"line":8,"ch":14,"sticky":null},"to":{"line":8,"ch":14,"sticky":null},"text":["o"],"removed":[""],"origin":"+input"}
2019-6-29 19:15:58.176#change#{"from":{"line":8,"ch":15,"sticky":null},"to":{"line":8,"ch":15,"sticky":null},"text":["c"],"removed":[""],"origin":"+input"}
2019-6-29 19:15:58.286#change#{"from":{"line":8,"ch":16,"sticky":null},"to":{"line":8,"ch":16,"sticky":null},"text":["o"],"removed":[""],"origin":"+input"}
2019-6-29 19:15:58.531#change#{"from":{"line":8,"ch":17,"sticky":null},"to":{"line":8,"ch":17,"sticky":null},"text":["c"],"removed":[""],"origin":"+input"}
2019-6-29 19:15:58.789#change#{"from":{"line":8,"ch":18,"sticky":null},"to":{"line":8,"ch":18,"sticky":null},"text":["o"],"removed":[""],"origin":"+input"}
2019-6-29 19:15:59.615#change#{"from":{"line":8,"ch":19,"sticky":null},"to":{"line":8,"ch":19,"sticky":null},"text":[":"],"removed":[""],"origin":"+input"}
2019-6-29 19:15:59.813#change#{"from":{"line":8,"ch":20,"sticky":null},"to":{"line":8,"ch":20,"sticky":null},"text":[" "],"removed":[""],"origin":"+input"}
2019-6-29 19:16:00.495#keyHandled#"Right"
2019-6-29 19:16:01.266#change#{"from":{"line":8,"ch":22,"sticky":"before"},"to":{"line":8,"ch":22,"sticky":"before"},"text":[","],"removed":[""],"origin":"+input"}
2019-6-29 19:16:01.488#change#{"from":{"line":8,"ch":23,"sticky":null},"to":{"line":8,"ch":23,"sticky":null},"text":[" "],"removed":[""],"origin":"+input"}
2019-6-29 19:16:03.296#change#{"from":{"line":8,"ch":24,"sticky":null},"to":{"line":8,"ch":24,"sticky":null},"text":["n"],"removed":[""],"origin":"+input"}
2019-6-29 19:16:04.150#change#{"from":{"line":8,"ch":25,"sticky":null},"to":{"line":8,"ch":25,"sticky":null},"text":["[]"],"removed":[""],"origin":"+input"}
2019-6-29 19:16:04.150#keyHandled#"'['"
2019-6-29 19:16:04.964#change#{"from":{"line":8,"ch":26,"sticky":"after"},"to":{"line":8,"ch":26,"sticky":"after"},"text":["0"],"removed":[""],"origin":"+input"}
2019-6-29 19:16:06.544#keyHandled#"Left"
2019-6-29 19:16:06.710#keyHandled#"Left"
2019-6-29 19:16:06.830#keyHandled#"Left"
2019-6-29 19:16:07.344#change#{"from":{"line":8,"ch":24,"sticky":"after"},"to":{"line":8,"ch":24,"sticky":"after"},"text":["r"],"removed":[""],"origin":"+input"}
2019-6-29 19:16:07.451#change#{"from":{"line":8,"ch":25,"sticky":null},"to":{"line":8,"ch":25,"sticky":null},"text":["o"],"removed":[""],"origin":"+input"}
2019-6-29 19:16:07.633#change#{"from":{"line":8,"ch":26,"sticky":null},"to":{"line":8,"ch":26,"sticky":null},"text":["u"],"removed":[""],"origin":"+input"}
2019-6-29 19:16:07.744#change#{"from":{"line":8,"ch":27,"sticky":null},"to":{"line":8,"ch":27,"sticky":null},"text":["n"],"removed":[""],"origin":"+input"}
2019-6-29 19:16:07.851#change#{"from":{"line":8,"ch":28,"sticky":null},"to":{"line":8,"ch":28,"sticky":null},"text":["d"],"removed":[""],"origin":"+input"}
2019-6-29 19:16:08.771#change#{"from":{"line":8,"ch":29,"sticky":null},"to":{"line":8,"ch":29,"sticky":null},"text":["("],"removed":[""],"origin":"+input"}
2019-6-29 19:16:09.226#keyHandled#"Right"
2019-6-29 19:16:09.335#keyHandled#"Right"
2019-6-29 19:16:09.484#keyHandled#"Right"
2019-6-29 19:16:09.646#keyHandled#"Right"
2019-6-29 19:16:10.316#change#{"from":{"line":8,"ch":34,"sticky":"before"},"to":{"line":8,"ch":34,"sticky":"before"},"text":[","],"removed":[""],"origin":"+input"}
2019-6-29 19:16:10.671#change#{"from":{"line":8,"ch":35,"sticky":null},"to":{"line":8,"ch":35,"sticky":null},"text":["1"],"removed":[""],"origin":"+input"}
2019-6-29 19:16:13.174#keyHandled#"')'"
2019-6-29 19:16:14.358#change#{"from":{"line":8,"ch":37,"sticky":"before"},"to":{"line":8,"ch":37,"sticky":"before"},"text":[")"],"removed":[""],"origin":"+input"}
2019-6-29 19:16:15.435#change#{"from":{"line":8,"ch":38,"sticky":null},"to":{"line":8,"ch":38,"sticky":null},"text":["",""],"removed":[""],"origin":"+input"}
2019-6-29 19:16:15.435#keyHandled#"Enter"
2019-6-29 19:16:15.444#viewportChange#0
2019-6-29 19:16:16.142#change#{"from":{"line":9,"ch":0,"sticky":null},"to":{"line":9,"ch":0,"sticky":null},"text":["p"],"removed":[""],"origin":"+input"}
2019-6-29 19:16:16.258#change#{"from":{"line":9,"ch":1,"sticky":null},"to":{"line":9,"ch":1,"sticky":null},"text":["r"],"removed":[""],"origin":"+input"}
2019-6-29 19:16:16.368#change#{"from":{"line":9,"ch":2,"sticky":null},"to":{"line":9,"ch":2,"sticky":null},"text":["i"],"removed":[""],"origin":"+input"}
2019-6-29 19:16:16.481#change#{"from":{"line":9,"ch":3,"sticky":null},"to":{"line":9,"ch":3,"sticky":null},"text":["n"],"removed":[""],"origin":"+input"}
2019-6-29 19:16:16.557#change#{"from":{"line":9,"ch":4,"sticky":null},"to":{"line":9,"ch":4,"sticky":null},"text":["t"],"removed":[""],"origin":"+input"}
2019-6-29 19:16:16.908#change#{"from":{"line":9,"ch":5,"sticky":null},"to":{"line":9,"ch":5,"sticky":null},"text":["()"],"removed":[""],"origin":"+input"}
2019-6-29 19:16:16.908#keyHandled#"'('"
2019-6-29 19:16:18.163#change#{"from":{"line":9,"ch":6,"sticky":"after"},"to":{"line":9,"ch":6,"sticky":"after"},"text":["\"\""],"removed":[""],"origin":"+input"}
2019-6-29 19:16:18.163#keyHandled#"'\"'"
2019-6-29 19:16:18.664#change#{"from":{"line":9,"ch":7,"sticky":"after"},"to":{"line":9,"ch":7,"sticky":"after"},"text":["s"],"removed":[""],"origin":"+input"}
2019-6-29 19:16:18.846#change#{"from":{"line":9,"ch":8,"sticky":null},"to":{"line":9,"ch":8,"sticky":null},"text":["a"],"removed":[""],"origin":"+input"}
2019-6-29 19:16:19.929#change#{"from":{"line":9,"ch":9,"sticky":null},"to":{"line":9,"ch":9,"sticky":null},"text":["l"],"removed":[""],"origin":"+input"}
2019-6-29 19:16:20.129#change#{"from":{"line":9,"ch":10,"sticky":null},"to":{"line":9,"ch":10,"sticky":null},"text":["m"],"removed":[""],"origin":"+input"}
2019-6-29 19:16:20.360#change#{"from":{"line":9,"ch":11,"sticky":null},"to":{"line":9,"ch":11,"sticky":null},"text":["o"],"removed":[""],"origin":"+input"}
2019-6-29 19:16:20.579#change#{"from":{"line":9,"ch":12,"sticky":null},"to":{"line":9,"ch":12,"sticky":null},"text":["n"],"removed":[""],"origin":"+input"}
2019-6-29 19:16:20.768#change#{"from":{"line":9,"ch":13,"sticky":null},"to":{"line":9,"ch":13,"sticky":null},"text":["e"],"removed":[""],"origin":"+input"}
2019-6-29 19:16:20.893#change#{"from":{"line":9,"ch":14,"sticky":null},"to":{"line":9,"ch":14,"sticky":null},"text":["l"],"removed":[""],"origin":"+input"}
2019-6-29 19:16:21.054#change#{"from":{"line":9,"ch":15,"sticky":null},"to":{"line":9,"ch":15,"sticky":null},"text":["a"],"removed":[""],"origin":"+input"}
2019-6-29 19:16:22.041#change#{"from":{"line":9,"ch":16,"sticky":null},"to":{"line":9,"ch":16,"sticky":null},"text":[":"],"removed":[""],"origin":"+input"}
2019-6-29 19:16:22.409#keyHandled#"'\"'"
2019-6-29 19:16:23.055#change#{"from":{"line":9,"ch":17,"sticky":"after"},"to":{"line":9,"ch":18,"sticky":"before"},"text":[""],"removed":["\""],"origin":"+delete"}
2019-6-29 19:16:23.055#keyHandled#"Backspace"
2019-6-29 19:16:23.324#change#{"from":{"line":9,"ch":17,"sticky":null},"to":{"line":9,"ch":17,"sticky":null},"text":[" "],"removed":[""],"origin":"+input"}
2019-6-29 19:16:23.579#change#{"from":{"line":9,"ch":18,"sticky":null},"to":{"line":9,"ch":18,"sticky":null},"text":["\""],"removed":[""],"origin":"+input"}
2019-6-29 19:16:24.619#change#{"from":{"line":9,"ch":19,"sticky":null},"to":{"line":9,"ch":19,"sticky":null},"text":[","],"removed":[""],"origin":"+input"}
2019-6-29 19:16:25.125#change#{"from":{"line":9,"ch":20,"sticky":null},"to":{"line":9,"ch":20,"sticky":null},"text":[" "],"removed":[""],"origin":"+input"}
2019-6-29 19:16:26.744#change#{"from":{"line":9,"ch":21,"sticky":null},"to":{"line":9,"ch":21,"sticky":null},"text":["o"],"removed":[""],"origin":"+input"}
2019-6-29 19:16:26.857#change#{"from":{"line":9,"ch":22,"sticky":null},"to":{"line":9,"ch":22,"sticky":null},"text":["r"],"removed":[""],"origin":"+input"}
2019-6-29 19:16:26.985#change#{"from":{"line":9,"ch":23,"sticky":null},"to":{"line":9,"ch":23,"sticky":null},"text":["u"],"removed":[""],"origin":"+input"}
2019-6-29 19:16:27.091#change#{"from":{"line":9,"ch":24,"sticky":null},"to":{"line":9,"ch":24,"sticky":null},"text":["n"],"removed":[""],"origin":"+input"}
2019-6-29 19:16:27.247#change#{"from":{"line":9,"ch":25,"sticky":null},"to":{"line":9,"ch":25,"sticky":null},"text":["d"],"removed":[""],"origin":"+input"}
2019-6-29 19:16:27.452#change#{"from":{"line":9,"ch":25,"sticky":"after"},"to":{"line":9,"ch":26,"sticky":null},"text":[""],"removed":["d"],"origin":"+delete"}
2019-6-29 19:16:27.452#keyHandled#"Backspace"
2019-6-29 19:16:27.599#change#{"from":{"line":9,"ch":24,"sticky":"after"},"to":{"line":9,"ch":25,"sticky":null},"text":[""],"removed":["n"],"origin":"+delete"}
2019-6-29 19:16:27.600#keyHandled#"Backspace"
2019-6-29 19:16:27.734#change#{"from":{"line":9,"ch":23,"sticky":"after"},"to":{"line":9,"ch":24,"sticky":null},"text":[""],"removed":["u"],"origin":"+delete"}
2019-6-29 19:16:27.734#keyHandled#"Backspace"
2019-6-29 19:16:27.867#change#{"from":{"line":9,"ch":22,"sticky":"after"},"to":{"line":9,"ch":23,"sticky":null},"text":[""],"removed":["r"],"origin":"+delete"}
2019-6-29 19:16:27.867#keyHandled#"Backspace"
2019-6-29 19:16:27.983#change#{"from":{"line":9,"ch":21,"sticky":"after"},"to":{"line":9,"ch":22,"sticky":null},"text":[""],"removed":["o"],"origin":"+delete"}
2019-6-29 19:16:27.983#keyHandled#"Backspace"
2019-6-29 19:16:28.464#change#{"from":{"line":9,"ch":21,"sticky":null},"to":{"line":9,"ch":21,"sticky":null},"text":["r"],"removed":[""],"origin":"+input"}
2019-6-29 19:16:28.607#change#{"from":{"line":9,"ch":22,"sticky":null},"to":{"line":9,"ch":22,"sticky":null},"text":["o"],"removed":[""],"origin":"+input"}
2019-6-29 19:16:28.803#change#{"from":{"line":9,"ch":23,"sticky":null},"to":{"line":9,"ch":23,"sticky":null},"text":["u"],"removed":[""],"origin":"+input"}
2019-6-29 19:16:29.352#change#{"from":{"line":9,"ch":25,"sticky":null},"to":{"line":9,"ch":25,"sticky":null},"text":["()"],"removed":[""],"origin":"+input"}
2019-6-29 19:16:29.353#keyHandled#"'('"
2019-6-29 19:16:29.750#change#{"from":{"line":9,"ch":25,"sticky":null},"to":{"line":9,"ch":27,"sticky":null},"text":[""],"removed":["()"],"origin":"+delete"}
2019-6-29 19:16:29.750#keyHandled#"Backspace"
2019-6-29 19:16:29.909#change#{"from":{"line":9,"ch":24,"sticky":"after"},"to":{"line":9,"ch":25,"sticky":null},"text":[""],"removed":["d"],"origin":"+delete"}
2019-6-29 19:16:29.909#keyHandled#"Backspace"
2019-6-29 19:16:30.314#change#{"from":{"line":9,"ch":24,"sticky":null},"to":{"line":9,"ch":24,"sticky":null},"text":["n"],"removed":[""],"origin":"+input"}
2019-6-29 19:16:30.447#change#{"from":{"line":9,"ch":25,"sticky":null},"to":{"line":9,"ch":25,"sticky":null},"text":["d"],"removed":[""],"origin":"+input"}
2019-6-29 19:16:31.664#change#{"from":{"line":9,"ch":26,"sticky":null},"to":{"line":9,"ch":26,"sticky":null},"text":["()"],"removed":[""],"origin":"+input"}
2019-6-29 19:16:31.664#keyHandled#"'('"
2019-6-29 19:16:32.930#change#{"from":{"line":9,"ch":27,"sticky":"after"},"to":{"line":9,"ch":27,"sticky":"after"},"text":["n"],"removed":[""],"origin":"+input"}
2019-6-29 19:16:33.493#change#{"from":{"line":9,"ch":28,"sticky":null},"to":{"line":9,"ch":28,"sticky":null},"text":["[]"],"removed":[""],"origin":"+input"}
2019-6-29 19:16:33.493#keyHandled#"'['"
2019-6-29 19:16:33.677#change#{"from":{"line":9,"ch":29,"sticky":"after"},"to":{"line":9,"ch":29,"sticky":"after"},"text":["1"],"removed":[""],"origin":"+input"}
2019-6-29 19:16:34.954#keyHandled#"Right"
2019-6-29 19:16:35.623#change#{"from":{"line":9,"ch":31,"sticky":"before"},"to":{"line":9,"ch":31,"sticky":"before"},"text":[","],"removed":[""],"origin":"+input"}
2019-6-29 19:16:35.770#change#{"from":{"line":9,"ch":32,"sticky":null},"to":{"line":9,"ch":32,"sticky":null},"text":["1"],"removed":[""],"origin":"+input"}
2019-6-29 19:16:37.103#keyHandled#"Right"
2019-6-29 19:16:37.264#keyHandled#"Right"
2019-6-29 19:16:37.400#keyHandled#"Right"
2019-6-29 19:16:38.518#change#{"from":{"line":9,"ch":35,"sticky":"before","hitSide":true},"to":{"line":9,"ch":35,"sticky":"before","hitSide":true},"text":["",""],"removed":[""],"origin":"+input"}
2019-6-29 19:16:38.518#keyHandled#"Enter"
2019-6-29 19:16:38.522#viewportChange#0
2019-6-29 19:16:39.457#change#{"from":{"line":10,"ch":0,"sticky":null},"to":{"line":10,"ch":0,"sticky":null},"text":["p"],"removed":[""],"origin":"+input"}
2019-6-29 19:16:39.615#change#{"from":{"line":10,"ch":1,"sticky":null},"to":{"line":10,"ch":1,"sticky":null},"text":["r"],"removed":[""],"origin":"+input"}
2019-6-29 19:16:39.725#change#{"from":{"line":10,"ch":2,"sticky":null},"to":{"line":10,"ch":2,"sticky":null},"text":["i"],"removed":[""],"origin":"+input"}
2019-6-29 19:16:39.837#change#{"from":{"line":10,"ch":3,"sticky":null},"to":{"line":10,"ch":3,"sticky":null},"text":["n"],"removed":[""],"origin":"+input"}
2019-6-29 19:16:39.950#change#{"from":{"line":10,"ch":4,"sticky":null},"to":{"line":10,"ch":4,"sticky":null},"text":["t"],"removed":[""],"origin":"+input"}
2019-6-29 19:16:40.983#change#{"from":{"line":10,"ch":5,"sticky":null},"to":{"line":10,"ch":5,"sticky":null},"text":["()"],"removed":[""],"origin":"+input"}
2019-6-29 19:16:40.983#keyHandled#"'('"
2019-6-29 19:16:42.795#change#{"from":{"line":10,"ch":6,"sticky":"after"},"to":{"line":10,"ch":6,"sticky":"after"},"text":["\"\""],"removed":[""],"origin":"+input"}
2019-6-29 19:16:42.795#keyHandled#"'\"'"
2019-6-29 19:16:44.340#blur#
2019-6-29 19:16:48.466#mousedown#{"isTrusted":true}
2019-6-29 19:16:48.468#focus#
2019-6-29 19:16:49.269#change#{"from":{"line":10,"ch":7,"sticky":"before","xRel":-1.91253662109375},"to":{"line":10,"ch":7,"sticky":"before","xRel":-1.91253662109375},"text":["c"],"removed":[""],"origin":"+input"}
2019-6-29 19:16:49.414#change#{"from":{"line":10,"ch":8,"sticky":null},"to":{"line":10,"ch":8,"sticky":null},"text":["o"],"removed":[""],"origin":"+input"}
2019-6-29 19:16:49.572#change#{"from":{"line":10,"ch":9,"sticky":null},"to":{"line":10,"ch":9,"sticky":null},"text":["l"],"removed":[""],"origin":"+input"}
2019-6-29 19:16:49.748#change#{"from":{"line":10,"ch":10,"sticky":null},"to":{"line":10,"ch":10,"sticky":null},"text":["i"],"removed":[""],"origin":"+input"}
2019-6-29 19:16:50.153#change#{"from":{"line":10,"ch":11,"sticky":null},"to":{"line":10,"ch":11,"sticky":null},"text":[","],"removed":[""],"origin":"+input"}
2019-6-29 19:16:50.943#change#{"from":{"line":10,"ch":11,"sticky":"after"},"to":{"line":10,"ch":12,"sticky":null},"text":[""],"removed":[","],"origin":"+delete"}
2019-6-29 19:16:50.943#keyHandled#"Backspace"
2019-6-29 19:16:52.446#change#{"from":{"line":10,"ch":11,"sticky":null},"to":{"line":10,"ch":11,"sticky":null},"text":[":"],"removed":[""],"origin":"+input"}
2019-6-29 19:16:52.593#change#{"from":{"line":10,"ch":12,"sticky":null},"to":{"line":10,"ch":12,"sticky":null},"text":[" "],"removed":[""],"origin":"+input"}
2019-6-29 19:16:54.379#mousedown#{"isTrusted":true}
2019-6-29 19:16:55.084#change#{"from":{"line":10,"ch":14,"sticky":"after","xRel":0.95001220703125},"to":{"line":10,"ch":14,"sticky":"after","xRel":0.95001220703125},"text":[","],"removed":[""],"origin":"+input"}
2019-6-29 19:16:55.298#change#{"from":{"line":10,"ch":15,"sticky":null},"to":{"line":10,"ch":15,"sticky":null},"text":[" "],"removed":[""],"origin":"+input"}
2019-6-29 19:16:56.101#change#{"from":{"line":10,"ch":16,"sticky":null},"to":{"line":10,"ch":16,"sticky":null},"text":["r"],"removed":[""],"origin":"+input"}
2019-6-29 19:16:56.224#change#{"from":{"line":10,"ch":17,"sticky":null},"to":{"line":10,"ch":17,"sticky":null},"text":["o"],"removed":[""],"origin":"+input"}
2019-6-29 19:16:56.436#change#{"from":{"line":10,"ch":18,"sticky":null},"to":{"line":10,"ch":18,"sticky":null},"text":["u"],"removed":[""],"origin":"+input"}
2019-6-29 19:16:56.545#change#{"from":{"line":10,"ch":19,"sticky":null},"to":{"line":10,"ch":19,"sticky":null},"text":["n"],"removed":[""],"origin":"+input"}
2019-6-29 19:16:56.659#change#{"from":{"line":10,"ch":20,"sticky":null},"to":{"line":10,"ch":20,"sticky":null},"text":["d"],"removed":[""],"origin":"+input"}
2019-6-29 19:16:56.999#change#{"from":{"line":10,"ch":21,"sticky":null},"to":{"line":10,"ch":21,"sticky":null},"text":["()"],"removed":[""],"origin":"+input"}
2019-6-29 19:16:56.999#keyHandled#"'('"
2019-6-29 19:16:58.124#change#{"from":{"line":10,"ch":22,"sticky":"after"},"to":{"line":10,"ch":22,"sticky":"after"},"text":["n"],"removed":[""],"origin":"+input"}
2019-6-29 19:16:58.931#change#{"from":{"line":10,"ch":23,"sticky":null},"to":{"line":10,"ch":23,"sticky":null},"text":["[]"],"removed":[""],"origin":"+input"}
2019-6-29 19:16:58.931#keyHandled#"'['"
2019-6-29 19:17:00.255#keyHandled#"Right"
2019-6-29 19:17:00.941#change#{"from":{"line":10,"ch":26,"sticky":"before"},"to":{"line":10,"ch":26,"sticky":"before"},"text":[","],"removed":[""],"origin":"+input"}
2019-6-29 19:17:01.103#change#{"from":{"line":10,"ch":27,"sticky":null},"to":{"line":10,"ch":27,"sticky":null},"text":[" "],"removed":[""],"origin":"+input"}
2019-6-29 19:17:01.210#change#{"from":{"line":10,"ch":28,"sticky":null},"to":{"line":10,"ch":28,"sticky":null},"text":["1"],"removed":[""],"origin":"+input"}
2019-6-29 19:17:01.649#change#{"from":{"line":10,"ch":28,"sticky":"after"},"to":{"line":10,"ch":29,"sticky":null},"text":[""],"removed":["1"],"origin":"+delete"}
2019-6-29 19:17:01.649#keyHandled#"Backspace"
2019-6-29 19:17:01.810#change#{"from":{"line":10,"ch":27,"sticky":"after"},"to":{"line":10,"ch":28,"sticky":null},"text":[""],"removed":[" "],"origin":"+delete"}
2019-6-29 19:17:01.810#keyHandled#"Backspace"
2019-6-29 19:17:01.928#change#{"from":{"line":10,"ch":27,"sticky":null},"to":{"line":10,"ch":27,"sticky":null},"text":["1"],"removed":[""],"origin":"+input"}
2019-6-29 19:17:04.880#mousedown#{"isTrusted":true}
2019-6-29 19:17:11.505#mousedown#{"isTrusted":true}
2019-6-29 19:17:12.525#change#{"from":{"line":10,"ch":30,"sticky":null,"xRel":1,"outside":true},"to":{"line":10,"ch":30,"sticky":null,"xRel":1,"outside":true},"text":["",""],"removed":[""],"origin":"+input"}
2019-6-29 19:17:12.525#keyHandled#"Enter"
2019-6-29 19:17:12.529#viewportChange#0
2019-6-29 19:17:12.890#change#{"from":{"line":11,"ch":0,"sticky":null},"to":{"line":11,"ch":0,"sticky":null},"text":["",""],"removed":[""],"origin":"+input"}
2019-6-29 19:17:12.890#keyHandled#"Enter"
2019-6-29 19:17:12.893#viewportChange#0
2019-6-29 19:17:13.614#change#{"from":{"line":12,"ch":0,"sticky":null},"to":{"line":12,"ch":0,"sticky":null},"text":["i"],"removed":[""],"origin":"+input"}
2019-6-29 19:17:13.856#change#{"from":{"line":12,"ch":1,"sticky":null},"to":{"line":12,"ch":1,"sticky":null},"text":["f"],"removed":[""],"origin":"+input"}
2019-6-29 19:17:17.678#change#{"from":{"line":12,"ch":2,"sticky":null},"to":{"line":12,"ch":2,"sticky":null},"text":[" "],"removed":[""],"origin":"+input"}
2019-6-29 19:17:18.546#change#{"from":{"line":12,"ch":3,"sticky":null},"to":{"line":12,"ch":3,"sticky":null},"text":["()"],"removed":[""],"origin":"+input"}
2019-6-29 19:17:18.546#keyHandled#"'('"
2019-6-29 19:17:19.291#change#{"from":{"line":12,"ch":4,"sticky":"after"},"to":{"line":12,"ch":4,"sticky":"after"},"text":["n"],"removed":[""],"origin":"+input"}
2019-6-29 19:17:20.395#change#{"from":{"line":12,"ch":5,"sticky":null},"to":{"line":12,"ch":5,"sticky":null},"text":["[]"],"removed":[""],"origin":"+input"}
2019-6-29 19:17:20.395#keyHandled#"'['"
2019-6-29 19:17:20.797#change#{"from":{"line":12,"ch":6,"sticky":"after"},"to":{"line":12,"ch":6,"sticky":"after"},"text":["0"],"removed":[""],"origin":"+input"}
2019-6-29 19:17:21.806#keyHandled#"Right"
2019-6-29 19:17:27.743#change#{"from":{"line":12,"ch":8,"sticky":"before"},"to":{"line":12,"ch":8,"sticky":"before"},"text":["="],"removed":[""],"origin":"+input"}
2019-6-29 19:17:30.686#change#{"from":{"line":12,"ch":9,"sticky":null},"to":{"line":12,"ch":9,"sticky":null},"text":["="],"removed":[""],"origin":"+input"}
2019-6-29 19:17:31.632#change#{"from":{"line":12,"ch":10,"sticky":null},"to":{"line":12,"ch":10,"sticky":null},"text":["m"],"removed":[""],"origin":"+input"}
2019-6-29 19:17:31.782#change#{"from":{"line":12,"ch":11,"sticky":null},"to":{"line":12,"ch":11,"sticky":null},"text":["i"],"removed":[""],"origin":"+input"}
2019-6-29 19:17:31.925#change#{"from":{"line":12,"ch":12,"sticky":null},"to":{"line":12,"ch":12,"sticky":null},"text":["n"],"removed":[""],"origin":"+input"}
2019-6-29 19:17:32.933#change#{"from":{"line":12,"ch":13,"sticky":null},"to":{"line":12,"ch":13,"sticky":null},"text":["()"],"removed":[""],"origin":"+input"}
2019-6-29 19:17:32.933#keyHandled#"'('"
2019-6-29 19:17:33.851#change#{"from":{"line":12,"ch":14,"sticky":"after"},"to":{"line":12,"ch":14,"sticky":"after"},"text":["n"],"removed":[""],"origin":"+input"}
2019-6-29 19:17:34.418#keyHandled#"Right"
2019-6-29 19:17:34.626#keyHandled#"Right"
2019-6-29 19:17:35.295#change#{"from":{"line":12,"ch":17,"sticky":"before"},"to":{"line":12,"ch":17,"sticky":"before"},"text":[":"],"removed":[""],"origin":"+input"}
2019-6-29 19:17:35.479#change#{"from":{"line":12,"ch":18,"sticky":null},"to":{"line":12,"ch":18,"sticky":null},"text":["",""],"removed":[""],"origin":"+input"}
2019-6-29 19:17:35.479#change#{"from":{"line":13,"ch":0,"sticky":null},"to":{"line":13,"ch":0,"sticky":null},"text":["\t"],"removed":[""],"origin":"+input"}
2019-6-29 19:17:35.479#keyHandled#"Enter"
2019-6-29 19:17:35.486#viewportChange#0
2019-6-29 19:17:35.588#change#{"from":{"line":13,"ch":1,"sticky":null},"to":{"line":13,"ch":1,"sticky":null},"text":["",""],"removed":[""],"origin":"+input"}
2019-6-29 19:17:35.588#change#{"from":{"line":14,"ch":0,"sticky":null},"to":{"line":14,"ch":0,"sticky":null},"text":["\t"],"removed":[""],"origin":"+input"}
2019-6-29 19:17:35.588#keyHandled#"Enter"
2019-6-29 19:17:35.595#viewportChange#0
2019-6-29 19:17:36.354#change#{"from":{"line":14,"ch":0,"sticky":"after"},"to":{"line":14,"ch":1,"sticky":null},"text":[""],"removed":["\t"],"origin":"+delete"}
2019-6-29 19:17:36.354#keyHandled#"Backspace"
2019-6-29 19:17:36.947#change#{"from":{"line":13,"ch":1,"sticky":"before"},"to":{"line":14,"ch":0,"sticky":null},"text":[""],"removed":["",""],"origin":"+delete"}
2019-6-29 19:17:36.947#keyHandled#"Backspace"
2019-6-29 19:17:36.955#viewportChange#0
2019-6-29 19:17:37.830#change#{"from":{"line":13,"ch":1,"sticky":null},"to":{"line":13,"ch":1,"sticky":null},"text":["p"],"removed":[""],"origin":"+input"}
2019-6-29 19:17:38.057#change#{"from":{"line":13,"ch":2,"sticky":null},"to":{"line":13,"ch":2,"sticky":null},"text":["r"],"removed":[""],"origin":"+input"}
2019-6-29 19:17:38.214#change#{"from":{"line":13,"ch":3,"sticky":null},"to":{"line":13,"ch":3,"sticky":null},"text":["i"],"removed":[""],"origin":"+input"}
2019-6-29 19:17:38.343#change#{"from":{"line":13,"ch":4,"sticky":null},"to":{"line":13,"ch":4,"sticky":null},"text":["n"],"removed":[""],"origin":"+input"}
2019-6-29 19:17:38.454#change#{"from":{"line":13,"ch":5,"sticky":null},"to":{"line":13,"ch":5,"sticky":null},"text":["t"],"removed":[""],"origin":"+input"}
2019-6-29 19:17:39.591#change#{"from":{"line":13,"ch":6,"sticky":null},"to":{"line":13,"ch":6,"sticky":null},"text":["()"],"removed":[""],"origin":"+input"}
2019-6-29 19:17:39.591#keyHandled#"'('"
2019-6-29 19:17:42.210#change#{"from":{"line":13,"ch":7,"sticky":"after"},"to":{"line":13,"ch":7,"sticky":"after"},"text":["\"\""],"removed":[""],"origin":"+input"}
2019-6-29 19:17:42.210#keyHandled#"'\"'"
2019-6-29 19:17:43.621#change#{"from":{"line":13,"ch":8,"sticky":"after"},"to":{"line":13,"ch":8,"sticky":"after"},"text":["e"],"removed":[""],"origin":"+input"}
2019-6-29 19:17:43.798#change#{"from":{"line":13,"ch":9,"sticky":null},"to":{"line":13,"ch":9,"sticky":null},"text":["s"],"removed":[""],"origin":"+input"}
2019-6-29 19:17:44.092#change#{"from":{"line":13,"ch":10,"sticky":null},"to":{"line":13,"ch":10,"sticky":null},"text":["t"],"removed":[""],"origin":"+input"}
2019-6-29 19:17:44.403#change#{"from":{"line":13,"ch":11,"sticky":null},"to":{"line":13,"ch":11,"sticky":null},"text":["s"],"removed":[""],"origin":"+input"}
2019-6-29 19:17:44.968#change#{"from":{"line":13,"ch":11,"sticky":"after"},"to":{"line":13,"ch":12,"sticky":null},"text":[""],"removed":["s"],"origin":"+delete"}
2019-6-29 19:17:44.969#keyHandled#"Backspace"
2019-6-29 19:17:45.077#change#{"from":{"line":13,"ch":11,"sticky":null},"to":{"line":13,"ch":11,"sticky":null},"text":["a"],"removed":[""],"origin":"+input"}
2019-6-29 19:17:45.697#change#{"from":{"line":13,"ch":12,"sticky":null},"to":{"line":13,"ch":12,"sticky":null},"text":["f"],"removed":[""],"origin":"+input"}
2019-6-29 19:17:45.854#change#{"from":{"line":13,"ch":13,"sticky":null},"to":{"line":13,"ch":13,"sticky":null},"text":["i"],"removed":[""],"origin":"+input"}
2019-6-29 19:17:46.118#change#{"from":{"line":13,"ch":14,"sticky":null},"to":{"line":13,"ch":14,"sticky":null},"text":["l"],"removed":[""],"origin":"+input"}
2019-6-29 19:17:46.345#change#{"from":{"line":13,"ch":15,"sticky":null},"to":{"line":13,"ch":15,"sticky":null},"text":["o"],"removed":[""],"origin":"+input"}
2019-6-29 19:17:46.664#change#{"from":{"line":13,"ch":16,"sticky":null},"to":{"line":13,"ch":16,"sticky":null},"text":["c"],"removed":[""],"origin":"+input"}
2019-6-29 19:17:46.774#change#{"from":{"line":13,"ch":17,"sticky":null},"to":{"line":13,"ch":17,"sticky":null},"text":["o"],"removed":[""],"origin":"+input"}
2019-6-29 19:17:46.967#change#{"from":{"line":13,"ch":18,"sticky":null},"to":{"line":13,"ch":18,"sticky":null},"text":["c"],"removed":[""],"origin":"+input"}
2019-6-29 19:17:47.086#change#{"from":{"line":13,"ch":19,"sticky":null},"to":{"line":13,"ch":19,"sticky":null},"text":["o"],"removed":[""],"origin":"+input"}
2019-6-29 19:17:47.692#keyHandled#"Right"
2019-6-29 19:17:47.878#keyHandled#"Right"
2019-6-29 19:17:49.737#change#{"from":{"line":14,"ch":0,"sticky":"after"},"to":{"line":14,"ch":1,"sticky":null},"text":[""],"removed":["\t"],"origin":"+delete"}
2019-6-29 19:17:49.737#keyHandled#"Backspace"
2019-6-29 19:17:50.327#change#{"from":{"line":14,"ch":0,"sticky":null},"to":{"line":14,"ch":0,"sticky":null},"text":["e"],"removed":[""],"origin":"+input"}
2019-6-29 19:17:50.492#change#{"from":{"line":14,"ch":1,"sticky":null},"to":{"line":14,"ch":1,"sticky":null},"text":["l"],"removed":[""],"origin":"+input"}
2019-6-29 19:17:50.599#change#{"from":{"line":14,"ch":2,"sticky":null},"to":{"line":14,"ch":2,"sticky":null},"text":["s"],"removed":[""],"origin":"+input"}
2019-6-29 19:17:50.756#change#{"from":{"line":14,"ch":3,"sticky":null},"to":{"line":14,"ch":3,"sticky":null},"text":["e"],"removed":[""],"origin":"+input"}
2019-6-29 19:17:51.992#change#{"from":{"line":14,"ch":4,"sticky":null},"to":{"line":14,"ch":4,"sticky":null},"text":[" "],"removed":[""],"origin":"+input"}
2019-6-29 19:17:52.343#change#{"from":{"line":14,"ch":5,"sticky":null},"to":{"line":14,"ch":5,"sticky":null},"text":["()"],"removed":[""],"origin":"+input"}
2019-6-29 19:17:52.343#keyHandled#"'('"
2019-6-29 19:17:53.060#change#{"from":{"line":14,"ch":6,"sticky":"after"},"to":{"line":14,"ch":6,"sticky":"after"},"text":["n"],"removed":[""],"origin":"+input"}
2019-6-29 19:17:54.177#change#{"from":{"line":14,"ch":7,"sticky":null},"to":{"line":14,"ch":7,"sticky":null},"text":["[]"],"removed":[""],"origin":"+input"}
2019-6-29 19:17:54.177#keyHandled#"'['"
2019-6-29 19:17:54.767#change#{"from":{"line":14,"ch":8,"sticky":"after"},"to":{"line":14,"ch":8,"sticky":"after"},"text":["1"],"removed":[""],"origin":"+input"}
2019-6-29 19:17:56.238#keyHandled#"Right"
2019-6-29 19:17:57.530#change#{"from":{"line":14,"ch":10,"sticky":"before"},"to":{"line":14,"ch":10,"sticky":"before"},"text":["="],"removed":[""],"origin":"+input"}
2019-6-29 19:17:57.644#change#{"from":{"line":14,"ch":11,"sticky":null},"to":{"line":14,"ch":11,"sticky":null},"text":["="],"removed":[""],"origin":"+input"}
2019-6-29 19:17:57.909#change#{"from":{"line":14,"ch":12,"sticky":null},"to":{"line":14,"ch":12,"sticky":null},"text":["m"],"removed":[""],"origin":"+input"}
2019-6-29 19:17:58.058#change#{"from":{"line":14,"ch":13,"sticky":null},"to":{"line":14,"ch":13,"sticky":null},"text":["i"],"removed":[""],"origin":"+input"}
2019-6-29 19:17:58.204#change#{"from":{"line":14,"ch":14,"sticky":null},"to":{"line":14,"ch":14,"sticky":null},"text":["n"],"removed":[""],"origin":"+input"}
2019-6-29 19:17:59.712#change#{"from":{"line":14,"ch":15,"sticky":null},"to":{"line":14,"ch":15,"sticky":null},"text":["()"],"removed":[""],"origin":"+input"}
2019-6-29 19:17:59.712#keyHandled#"'('"
2019-6-29 19:17:59.965#change#{"from":{"line":14,"ch":16,"sticky":"after"},"to":{"line":14,"ch":16,"sticky":"after"},"text":["n"],"removed":[""],"origin":"+input"}
2019-6-29 19:18:00.449#keyHandled#"Right"
2019-6-29 19:18:00.645#keyHandled#"Right"
2019-6-29 19:18:01.276#change#{"from":{"line":14,"ch":19,"sticky":"before"},"to":{"line":14,"ch":19,"sticky":"before"},"text":[":"],"removed":[""],"origin":"+input"}
2019-6-29 19:18:01.784#change#{"from":{"line":14,"ch":20,"sticky":null},"to":{"line":14,"ch":20,"sticky":null},"text":["",""],"removed":[""],"origin":"+input"}
2019-6-29 19:18:01.784#change#{"from":{"line":15,"ch":0,"sticky":null},"to":{"line":15,"ch":0,"sticky":null},"text":["\t"],"removed":[""],"origin":"+input"}
2019-6-29 19:18:01.784#keyHandled#"Enter"
2019-6-29 19:18:01.792#viewportChange#0
2019-6-29 19:18:02.802#change#{"from":{"line":15,"ch":1,"sticky":null},"to":{"line":15,"ch":1,"sticky":null},"text":["p"],"removed":[""],"origin":"+input"}
2019-6-29 19:18:02.943#change#{"from":{"line":15,"ch":2,"sticky":null},"to":{"line":15,"ch":2,"sticky":null},"text":["r"],"removed":[""],"origin":"+input"}
2019-6-29 19:18:03.092#change#{"from":{"line":15,"ch":3,"sticky":null},"to":{"line":15,"ch":3,"sticky":null},"text":["i"],"removed":[""],"origin":"+input"}
2019-6-29 19:18:03.163#change#{"from":{"line":15,"ch":4,"sticky":null},"to":{"line":15,"ch":4,"sticky":null},"text":["n"],"removed":[""],"origin":"+input"}
2019-6-29 19:18:03.323#change#{"from":{"line":15,"ch":5,"sticky":null},"to":{"line":15,"ch":5,"sticky":null},"text":["t"],"removed":[""],"origin":"+input"}
2019-6-29 19:18:07.242#change#{"from":{"line":15,"ch":6,"sticky":null},"to":{"line":15,"ch":6,"sticky":null},"text":["()"],"removed":[""],"origin":"+input"}
2019-6-29 19:18:07.242#keyHandled#"'('"
2019-6-29 19:18:08.126#change#{"from":{"line":15,"ch":7,"sticky":"after"},"to":{"line":15,"ch":7,"sticky":"after"},"text":["\"\""],"removed":[""],"origin":"+input"}
2019-6-29 19:18:08.126#keyHandled#"'\"'"
2019-6-29 19:18:10.189#change#{"from":{"line":15,"ch":8,"sticky":"after"},"to":{"line":15,"ch":8,"sticky":"after"},"text":["s"],"removed":[""],"origin":"+input"}
2019-6-29 19:18:10.336#change#{"from":{"line":15,"ch":9,"sticky":null},"to":{"line":15,"ch":9,"sticky":null},"text":["a"],"removed":[""],"origin":"+input"}
2019-6-29 19:18:10.486#change#{"from":{"line":15,"ch":10,"sticky":null},"to":{"line":15,"ch":10,"sticky":null},"text":["l"],"removed":[""],"origin":"+input"}
2019-6-29 19:18:10.625#change#{"from":{"line":15,"ch":11,"sticky":null},"to":{"line":15,"ch":11,"sticky":null},"text":["m"],"removed":[""],"origin":"+input"}
2019-6-29 19:18:10.774#change#{"from":{"line":15,"ch":12,"sticky":null},"to":{"line":15,"ch":12,"sticky":null},"text":["o"],"removed":[""],"origin":"+input"}
2019-6-29 19:18:10.868#change#{"from":{"line":15,"ch":13,"sticky":null},"to":{"line":15,"ch":13,"sticky":null},"text":["n"],"removed":[""],"origin":"+input"}
2019-6-29 19:18:10.983#change#{"from":{"line":15,"ch":14,"sticky":null},"to":{"line":15,"ch":14,"sticky":null},"text":["e"],"removed":[""],"origin":"+input"}
2019-6-29 19:18:11.089#change#{"from":{"line":15,"ch":15,"sticky":null},"to":{"line":15,"ch":15,"sticky":null},"text":["l"],"removed":[""],"origin":"+input"}
2019-6-29 19:18:11.220#change#{"from":{"line":15,"ch":16,"sticky":null},"to":{"line":15,"ch":16,"sticky":null},"text":["a"],"removed":[""],"origin":"+input"}
2019-6-29 19:18:12.502#keyHandled#"Right"
2019-6-29 19:18:12.667#keyHandled#"Right"
2019-6-29 19:18:13.116#change#{"from":{"line":15,"ch":19,"sticky":"before"},"to":{"line":15,"ch":19,"sticky":"before"},"text":["",""],"removed":[""],"origin":"+input"}
2019-6-29 19:18:13.116#change#{"from":{"line":16,"ch":0,"sticky":null},"to":{"line":16,"ch":0,"sticky":null},"text":["\t"],"removed":[""],"origin":"+input"}
2019-6-29 19:18:13.116#keyHandled#"Enter"
2019-6-29 19:18:13.121#viewportChange#0
2019-6-29 19:18:13.500#change#{"from":{"line":16,"ch":0,"sticky":"after"},"to":{"line":16,"ch":1,"sticky":null},"text":[""],"removed":["\t"],"origin":"+delete"}
2019-6-29 19:18:13.500#keyHandled#"Backspace"
2019-6-29 19:18:15.751#mousedown#{"isTrusted":true}
2019-6-29 19:18:16.146#change#{"from":{"line":14,"ch":3,"sticky":"after"},"to":{"line":14,"ch":4,"sticky":"after","xRel":2.2874755859375},"text":[""],"removed":["e"],"origin":"+delete"}
2019-6-29 19:18:16.146#keyHandled#"Backspace"
2019-6-29 19:18:16.551#change#{"from":{"line":14,"ch":2,"sticky":"after"},"to":{"line":14,"ch":3,"sticky":null},"text":[""],"removed":["s"],"origin":"+delete"}
2019-6-29 19:18:16.551#keyHandled#"Backspace"
2019-6-29 19:18:16.922#change#{"from":{"line":14,"ch":2,"sticky":null},"to":{"line":14,"ch":2,"sticky":null},"text":["i"],"removed":[""],"origin":"+input"}
2019-6-29 19:18:17.106#change#{"from":{"line":14,"ch":3,"sticky":null},"to":{"line":14,"ch":3,"sticky":null},"text":["f"],"removed":[""],"origin":"+input"}
2019-6-29 19:18:18.914#mousedown#{"isTrusted":true}
2019-6-29 19:18:19.883#change#{"from":{"line":16,"ch":0,"sticky":"after","xRel":7.6875},"to":{"line":16,"ch":0,"sticky":"after","xRel":7.6875},"text":["e"],"removed":[""],"origin":"+input"}
2019-6-29 19:18:19.991#change#{"from":{"line":16,"ch":1,"sticky":null},"to":{"line":16,"ch":1,"sticky":null},"text":["l"],"removed":[""],"origin":"+input"}
2019-6-29 19:18:20.099#change#{"from":{"line":16,"ch":2,"sticky":null},"to":{"line":16,"ch":2,"sticky":null},"text":["s"],"removed":[""],"origin":"+input"}
2019-6-29 19:18:20.282#change#{"from":{"line":16,"ch":3,"sticky":null},"to":{"line":16,"ch":3,"sticky":null},"text":["e"],"removed":[""],"origin":"+input"}
2019-6-29 19:18:20.766#change#{"from":{"line":16,"ch":4,"sticky":null},"to":{"line":16,"ch":4,"sticky":null},"text":[":"],"removed":[""],"origin":"+input"}
2019-6-29 19:18:21.345#change#{"from":{"line":16,"ch":5,"sticky":null},"to":{"line":16,"ch":5,"sticky":null},"text":["",""],"removed":[""],"origin":"+input"}
2019-6-29 19:18:21.345#change#{"from":{"line":17,"ch":0,"sticky":null},"to":{"line":17,"ch":0,"sticky":null},"text":["\t"],"removed":[""],"origin":"+input"}
2019-6-29 19:18:21.345#keyHandled#"Enter"
2019-6-29 19:18:21.351#viewportChange#0
2019-6-29 19:18:22.101#change#{"from":{"line":17,"ch":1,"sticky":null},"to":{"line":17,"ch":1,"sticky":null},"text":["p"],"removed":[""],"origin":"+input"}
2019-6-29 19:18:22.214#change#{"from":{"line":17,"ch":2,"sticky":null},"to":{"line":17,"ch":2,"sticky":null},"text":["r"],"removed":[""],"origin":"+input"}
2019-6-29 19:18:22.364#change#{"from":{"line":17,"ch":3,"sticky":null},"to":{"line":17,"ch":3,"sticky":null},"text":["i"],"removed":[""],"origin":"+input"}
2019-6-29 19:18:22.473#change#{"from":{"line":17,"ch":4,"sticky":null},"to":{"line":17,"ch":4,"sticky":null},"text":["n"],"removed":[""],"origin":"+input"}
2019-6-29 19:18:22.584#change#{"from":{"line":17,"ch":5,"sticky":null},"to":{"line":17,"ch":5,"sticky":null},"text":["t"],"removed":[""],"origin":"+input"}
2019-6-29 19:18:23.111#change#{"from":{"line":17,"ch":6,"sticky":null},"to":{"line":17,"ch":6,"sticky":null},"text":["()"],"removed":[""],"origin":"+input"}
2019-6-29 19:18:23.111#keyHandled#"'('"
2019-6-29 19:18:23.965#change#{"from":{"line":17,"ch":7,"sticky":"after"},"to":{"line":17,"ch":7,"sticky":"after"},"text":["\"\""],"removed":[""],"origin":"+input"}
2019-6-29 19:18:23.965#keyHandled#"'\"'"
2019-6-29 19:18:24.438#change#{"from":{"line":17,"ch":8,"sticky":"after"},"to":{"line":17,"ch":8,"sticky":"after"},"text":["c"],"removed":[""],"origin":"+input"}
2019-6-29 19:18:24.577#change#{"from":{"line":17,"ch":9,"sticky":null},"to":{"line":17,"ch":9,"sticky":null},"text":["o"],"removed":[""],"origin":"+input"}
2019-6-29 19:18:24.733#change#{"from":{"line":17,"ch":10,"sticky":null},"to":{"line":17,"ch":10,"sticky":null},"text":["l"],"removed":[""],"origin":"+input"}
2019-6-29 19:18:24.963#change#{"from":{"line":17,"ch":11,"sticky":null},"to":{"line":17,"ch":11,"sticky":null},"text":["i"],"removed":[""],"origin":"+input"}
2019-6-29 19:18:24.438#change#{"from":{"line":17,"ch":8,"sticky":"after"},"to":{"line":17,"ch":8,"sticky":"after"},"text":["c"],"removed":[""],"origin":"+input"}
2019-6-29 19:18:24.577#change#{"from":{"line":17,"ch":9,"sticky":null},"to":{"line":17,"ch":9,"sticky":null},"text":["o"],"removed":[""],"origin":"+input"}
2019-6-29 19:18:24.733#change#{"from":{"line":17,"ch":10,"sticky":null},"to":{"line":17,"ch":10,"sticky":null},"text":["l"],"removed":[""],"origin":"+input"}
2019-6-29 19:18:24.963#change#{"from":{"line":17,"ch":11,"sticky":null},"to":{"line":17,"ch":11,"sticky":null},"text":["i"],"removed":[""],"origin":"+input"}
2019-6-29 19:18:28.385#blur#
2019-6-29 19:18:29.664#saida_testar#$ python3 main.py
