== TEST (2019-03-26 16:45:11) 
-- CODE:
# Teste seu codigo aos poucos.
# Nao teste tudo no final, pois fica mais dificil de identificar erros.
# Nao se intimide com as mensagens de erro. Elas ajudam a corrigir seu codigo.
x = float(input("quantsli?"))
f = x/3
print((round(f,3))
-- ERROR:
File "XXXX", line 7
    
                      ^
SyntaxError: unexpected EOF while parsing
*-*-*-*-*-*-*-*-*-*-*-*-*-*-*-*-*-*-*-*-*-*-*-*
== TEST (2019-03-26 16:45:48) 
-- CODE:
# Teste seu codigo aos poucos.
# Nao teste tudo no final, pois fica mais dificil de identificar erros.
# Nao se intimide com as mensagens de erro. Elas ajudam a corrigir seu codigo.
x = float(input("quantsli?"))
f = x/3
print((round(f,3))
-- ERROR:
File "XXXX", line 7
    
                      ^
SyntaxError: unexpected EOF while parsing
*-*-*-*-*-*-*-*-*-*-*-*-*-*-*-*-*-*-*-*-*-*-*-*
== TEST (2019-03-26 16:45:49) 
-- CODE:
# Teste seu codigo aos poucos.
# Nao teste tudo no final, pois fica mais dificil de identificar erros.
# Nao se intimide com as mensagens de erro. Elas ajudam a corrigir seu codigo.
x = float(input("quantsli?"))
f = x/3
print((round(f,3))
-- ERROR:
File "XXXX", line 7
    
                      ^
SyntaxError: unexpected EOF while parsing
*-*-*-*-*-*-*-*-*-*-*-*-*-*-*-*-*-*-*-*-*-*-*-*
== TEST (2019-03-26 16:45:49) 
-- CODE:
# Teste seu codigo aos poucos.
# Nao teste tudo no final, pois fica mais dificil de identificar erros.
# Nao se intimide com as mensagens de erro. Elas ajudam a corrigir seu codigo.
x = float(input("quantsli?"))
f = x/3
print((round(f,3))
-- ERROR:
File "XXXX", line 7
    
                      ^
SyntaxError: unexpected EOF while parsing
*-*-*-*-*-*-*-*-*-*-*-*-*-*-*-*-*-*-*-*-*-*-*-*
== TEST (2019-03-26 16:46:06) 
-- CODE:
# Teste seu codigo aos poucos.
# Nao teste tudo no final, pois fica mais dificil de identificar erros.
# Nao se intimide com as mensagens de erro. Elas ajudam a corrigir seu codigo.
x = float(input("quantsli?"))
f = x/3
print(round(f,3))
-- OUTPUT:
2.333
*-*-*-*-*-*-*-*-*-*-*-*-*-*-*-*-*-*-*-*-*-*-*-*
== TEST (2019-03-26 16:46:12) 
-- CODE:
# Teste seu codigo aos poucos.
# Nao teste tudo no final, pois fica mais dificil de identificar erros.
# Nao se intimide com as mensagens de erro. Elas ajudam a corrigir seu codigo.
x = float(input("quantsli?"))
f = x/3
print(round(f,3))
-- OUTPUT:
2.333
*-*-*-*-*-*-*-*-*-*-*-*-*-*-*-*-*-*-*-*-*-*-*-*
== SUBMITION (2019-03-26 16:46:13) 
-- CODE:
# Teste seu codigo aos poucos.
# Nao teste tudo no final, pois fica mais dificil de identificar erros.
# Nao se intimide com as mensagens de erro. Elas ajudam a corrigir seu codigo.
x = float(input("quantsli?"))
f = x/3
print(round(f,3))
-- EXECUTION TIME:
0.161844
-- TEST CASE 1:
---- input:
7
---- correct output:
2.333
---- user output:
quantsli?2.333
-- TEST CASE 2:
---- input:
20.0
---- correct output:
6.667
---- user output:
quantsli?6.667
-- TEST CASE 3:
---- input:
15
---- correct output:
5.0
---- user output:
quantsli?5.0
-- GRADE:
0%
*-*-*-*-*-*-*-*-*-*-*-*-*-*-*-*-*-*-*-*-*-*-*-*
== SUBMITION (2019-03-26 16:46:21) 
-- CODE:
# Teste seu codigo aos poucos.
# Nao teste tudo no final, pois fica mais dificil de identificar erros.
# Nao se intimide com as mensagens de erro. Elas ajudam a corrigir seu codigo.
x = float(input("quantsli?"))
f = x/3
print(round(f,3))
-- EXECUTION TIME:
0.140074
-- TEST CASE 1:
---- input:
7
---- correct output:
2.333
---- user output:
2.333
-- TEST CASE 2:
---- input:
20.0
---- correct output:
6.667
---- user output:
6.667
-- TEST CASE 3:
---- input:
15
---- correct output:
5.0
---- user output:
5.0
-- GRADE:
100%
*-*-*-*-*-*-*-*-*-*-*-*-*-*-*-*-*-*-*-*-*-*-*-*
