== TEST (2019-06-13 17:39:26) 
-- CODE:
x=input()
saida = ''
for i in x:
	if(x != 'a' and x != 'e' and x != 'i' and x != 'o' and x != 'u'):
		saida += x
print(saida)
-- OUTPUT:
voce_pode_vir_aquivoce_pode_vir_aquivoce_pode_vir_aquivoce_pode_vir_aquivoce_pode_vir_aquivoce_pode_vir_aquivoce_pode_vir_aquivoce_pode_vir_aquivoce_pode_vir_aquivoce_pode_vir_aquivoce_pode_vir_aquivoce_pode_vir_aquivoce_pode_vir_aquivoce_pode_vir_aquivoce_pode_vir_aquivoce_pode_vir_aquivoce_pode_vir_aquivoce_pode_vir_aqui
*-*-*-*-*-*-*-*-*-*-*-*-*-*-*-*-*-*-*-*-*-*-*-*
== TEST (2019-06-13 17:40:47) 
-- CODE:
x=input()
saida = ''
for i in x:
	if(i != 'a' and i != 'e' and i != 'i' and i != 'o' and i != 'u'):
		saida += i
print(saida)
-- OUTPUT:
vc_pd_vr_q
*-*-*-*-*-*-*-*-*-*-*-*-*-*-*-*-*-*-*-*-*-*-*-*
== SUBMITION (2019-06-13 17:40:54) 
-- CODE:
x=input()
saida = ''
for i in x:
	if(i != 'a' and i != 'e' and i != 'i' and i != 'o' and i != 'u'):
		saida += i
print(saida)
-- EXECUTION TIME:
0.555285
-- TEST CASE 1:
---- input:
voce_pode_vir_aqui
---- correct output:
vc_pd_vr_q
---- user output:
vc_pd_vr_q
-- TEST CASE 2:
---- input:
com
---- correct output:
cm
---- user output:
cm
-- TEST CASE 3:
---- input:
tudo
---- correct output:
td
---- user output:
td
-- GRADE:
100%
*-*-*-*-*-*-*-*-*-*-*-*-*-*-*-*-*-*-*-*-*-*-*-*
