== TEST (2019-03-29 20:44:17) 
-- CODE:
# Teste seu codigo aos poucos.
# Nao teste tudo no final, pois fica mais dificil de identificar erros.
# Nao se intimide com as mensagens de erro. Elas ajudam a corrigir seu codigo.
a=float(input("primeiro valor:"))
b=float(input("segundo valor:"))
c=float(input("terceiro valor:"))

print(int(min(a,b,c)))
print(int(a+b+c-min(a,b,c)-max(a,b,c)))
print(int(max(a,b,c)))

-- OUTPUT:
-2
0
10
*-*-*-*-*-*-*-*-*-*-*-*-*-*-*-*-*-*-*-*-*-*-*-*
== SUBMITION (2019-03-29 20:44:31) 
-- CODE:
# Teste seu codigo aos poucos.
# Nao teste tudo no final, pois fica mais dificil de identificar erros.
# Nao se intimide com as mensagens de erro. Elas ajudam a corrigir seu codigo.
a=float(input("primeiro valor:"))
b=float(input("segundo valor:"))
c=float(input("terceiro valor:"))

print(int(min(a,b,c)))
print(int(a+b+c-min(a,b,c)-max(a,b,c)))
print(int(max(a,b,c)))

-- EXECUTION TIME:
0.134003
-- TEST CASE 1:
---- input:
10 -2 0
---- correct output:
-2 0 10
---- user output:
-2
0
10
-- GRADE:
100%
*-*-*-*-*-*-*-*-*-*-*-*-*-*-*-*-*-*-*-*-*-*-*-*
