2019-3-12 19:16:25.570#viewportChange#0
2019-3-12 19:16:26.507#mousedown#{"isTrusted":true}
2019-3-12 19:16:26.518#focus#
2019-3-12 19:16:27.797#mousedown#{"isTrusted":true}
2019-3-12 19:18:44.417#change#{"from":{"line":0,"ch":7,"sticky":"before","xRel":-0.91668701171875},"to":{"line":0,"ch":7,"sticky":"before","xRel":-0.91668701171875},"text":["U"],"removed":[""],"origin":"+input"}
2019-3-12 19:18:45.014#change#{"from":{"line":0,"ch":8,"sticky":null},"to":{"line":0,"ch":8,"sticky":null},"text":["N"],"removed":[""],"origin":"+input"}
2019-3-12 19:18:45.198#change#{"from":{"line":0,"ch":9,"sticky":null},"to":{"line":0,"ch":9,"sticky":null},"text":["i"],"removed":[""],"origin":"+input"}
2019-3-12 19:18:46.083#change#{"from":{"line":0,"ch":9,"sticky":"after"},"to":{"line":0,"ch":10,"sticky":null},"text":[""],"removed":["i"],"origin":"+delete"}
2019-3-12 19:18:46.083#keyHandled#"Backspace"
2019-3-12 19:18:46.383#change#{"from":{"line":0,"ch":8,"sticky":"after"},"to":{"line":0,"ch":9,"sticky":null},"text":[""],"removed":["N"],"origin":"+delete"}
2019-3-12 19:18:46.383#keyHandled#"Backspace"
2019-3-12 19:18:46.735#change#{"from":{"line":0,"ch":8,"sticky":null},"to":{"line":0,"ch":8,"sticky":null},"text":["n"],"removed":[""],"origin":"+input"}
2019-3-12 19:18:47.581#change#{"from":{"line":0,"ch":9,"sticky":null},"to":{"line":0,"ch":9,"sticky":null},"text":["i"],"removed":[""],"origin":"+input"}
2019-3-12 19:18:47.789#change#{"from":{"line":0,"ch":10,"sticky":null},"to":{"line":0,"ch":10,"sticky":null},"text":["v"],"removed":[""],"origin":"+input"}
2019-3-12 19:18:47.978#change#{"from":{"line":0,"ch":11,"sticky":null},"to":{"line":0,"ch":11,"sticky":null},"text":["e"],"removed":[""],"origin":"+input"}
2019-3-12 19:18:48.091#change#{"from":{"line":0,"ch":12,"sticky":null},"to":{"line":0,"ch":12,"sticky":null},"text":["r"],"removed":[""],"origin":"+input"}
2019-3-12 19:18:48.338#change#{"from":{"line":0,"ch":13,"sticky":null},"to":{"line":0,"ch":13,"sticky":null},"text":["d"],"removed":[""],"origin":"+input"}
2019-3-12 19:18:48.463#change#{"from":{"line":0,"ch":14,"sticky":null},"to":{"line":0,"ch":14,"sticky":null},"text":["a"],"removed":[""],"origin":"+input"}
2019-3-12 19:18:48.608#change#{"from":{"line":0,"ch":15,"sticky":null},"to":{"line":0,"ch":15,"sticky":null},"text":["d"],"removed":[""],"origin":"+input"}
2019-3-12 19:18:48.748#change#{"from":{"line":0,"ch":16,"sticky":null},"to":{"line":0,"ch":16,"sticky":null},"text":["e"],"removed":[""],"origin":"+input"}
2019-3-12 19:18:48.961#change#{"from":{"line":0,"ch":17,"sticky":null},"to":{"line":0,"ch":17,"sticky":null},"text":[" "],"removed":[""],"origin":"+input"}
2019-3-12 19:18:49.573#change#{"from":{"line":0,"ch":18,"sticky":null},"to":{"line":0,"ch":18,"sticky":null},"text":["F"],"removed":[""],"origin":"+input"}
2019-3-12 19:18:49.986#change#{"from":{"line":0,"ch":19,"sticky":null},"to":{"line":0,"ch":19,"sticky":null},"text":["e"],"removed":[""],"origin":"+input"}
2019-3-12 19:18:50.183#change#{"from":{"line":0,"ch":20,"sticky":null},"to":{"line":0,"ch":20,"sticky":null},"text":["d"],"removed":[""],"origin":"+input"}
2019-3-12 19:18:50.358#change#{"from":{"line":0,"ch":21,"sticky":null},"to":{"line":0,"ch":21,"sticky":null},"text":["e"],"removed":[""],"origin":"+input"}
2019-3-12 19:18:50.545#change#{"from":{"line":0,"ch":22,"sticky":null},"to":{"line":0,"ch":22,"sticky":null},"text":["r"],"removed":[""],"origin":"+input"}
2019-3-12 19:18:50.726#change#{"from":{"line":0,"ch":23,"sticky":null},"to":{"line":0,"ch":23,"sticky":null},"text":["a"],"removed":[""],"origin":"+input"}
2019-3-12 19:18:50.856#change#{"from":{"line":0,"ch":24,"sticky":null},"to":{"line":0,"ch":24,"sticky":null},"text":["l"],"removed":[""],"origin":"+input"}
2019-3-12 19:18:51.011#change#{"from":{"line":0,"ch":25,"sticky":null},"to":{"line":0,"ch":25,"sticky":null},"text":[" "],"removed":[""],"origin":"+input"}
2019-3-12 19:18:51.119#change#{"from":{"line":0,"ch":26,"sticky":null},"to":{"line":0,"ch":26,"sticky":null},"text":["d"],"removed":[""],"origin":"+input"}
2019-3-12 19:18:51.232#change#{"from":{"line":0,"ch":27,"sticky":null},"to":{"line":0,"ch":27,"sticky":null},"text":["o"],"removed":[""],"origin":"+input"}
2019-3-12 19:18:51.421#change#{"from":{"line":0,"ch":28,"sticky":null},"to":{"line":0,"ch":28,"sticky":null},"text":[" "],"removed":[""],"origin":"+input"}
2019-3-12 19:18:51.709#change#{"from":{"line":0,"ch":29,"sticky":null},"to":{"line":0,"ch":29,"sticky":null},"text":["A"],"removed":[""],"origin":"+input"}
2019-3-12 19:18:51.975#change#{"from":{"line":0,"ch":30,"sticky":null},"to":{"line":0,"ch":30,"sticky":null},"text":["M"],"removed":[""],"origin":"+input"}
2019-3-12 19:18:52.120#change#{"from":{"line":0,"ch":31,"sticky":null},"to":{"line":0,"ch":31,"sticky":null},"text":["a"],"removed":[""],"origin":"+input"}
2019-3-12 19:18:52.324#change#{"from":{"line":0,"ch":32,"sticky":null},"to":{"line":0,"ch":32,"sticky":null},"text":["o"],"removed":[""],"origin":"+input"}
2019-3-12 19:18:52.675#change#{"from":{"line":0,"ch":32,"sticky":"after"},"to":{"line":0,"ch":33,"sticky":null},"text":[""],"removed":["o"],"origin":"+delete"}
2019-3-12 19:18:52.675#keyHandled#"Backspace"
2019-3-12 19:18:52.862#change#{"from":{"line":0,"ch":31,"sticky":"after"},"to":{"line":0,"ch":32,"sticky":null},"text":[""],"removed":["a"],"origin":"+delete"}
2019-3-12 19:18:52.862#keyHandled#"Backspace"
2019-3-12 19:18:53.034#change#{"from":{"line":0,"ch":30,"sticky":"after"},"to":{"line":0,"ch":31,"sticky":null},"text":[""],"removed":["M"],"origin":"+delete"}
2019-3-12 19:18:53.034#keyHandled#"Backspace"
2019-3-12 19:18:53.299#change#{"from":{"line":0,"ch":30,"sticky":null},"to":{"line":0,"ch":30,"sticky":null},"text":["m"],"removed":[""],"origin":"+input"}
2019-3-12 19:18:53.463#change#{"from":{"line":0,"ch":31,"sticky":null},"to":{"line":0,"ch":31,"sticky":null},"text":["a"],"removed":[""],"origin":"+input"}
2019-3-12 19:18:53.755#change#{"from":{"line":0,"ch":32,"sticky":null},"to":{"line":0,"ch":32,"sticky":null},"text":["z"],"removed":[""],"origin":"+input"}
2019-3-12 19:18:53.894#change#{"from":{"line":0,"ch":33,"sticky":null},"to":{"line":0,"ch":33,"sticky":null},"text":["o"],"removed":[""],"origin":"+input"}
2019-3-12 19:18:54.018#change#{"from":{"line":0,"ch":34,"sticky":null},"to":{"line":0,"ch":34,"sticky":null},"text":["n"],"removed":[""],"origin":"+input"}
2019-3-12 19:18:54.149#change#{"from":{"line":0,"ch":35,"sticky":null},"to":{"line":0,"ch":35,"sticky":null},"text":["a"],"removed":[""],"origin":"+input"}
2019-3-12 19:18:59.001#mousedown#{"isTrusted":true}
2019-3-12 19:18:59.758#change#{"from":{"line":0,"ch":39,"sticky":"before","xRel":63.08331298828125},"to":{"line":0,"ch":39,"sticky":"before","xRel":63.08331298828125},"text":["",""],"removed":[""],"origin":"+input"}
2019-3-12 19:18:59.758#keyHandled#"Enter"
2019-3-12 19:18:59.775#viewportChange#0
2019-3-12 19:19:07.305#blur#
2019-3-12 19:19:07.305#blur#
2019-3-12 19:20:06.872#submit#Your code did not produce the correct output. Please, correct your code and try again.
2019-3-12 19:20:27.021#mousedown#{"isTrusted":true}
2019-3-12 19:20:27.042#focus#
2019-3-12 19:20:28.626#mousedown#{"isTrusted":true}
2019-3-12 19:20:29.062#mousedown#{"isTrusted":true}
2019-3-12 19:20:32.680#change#{"from":{"line":0,"ch":8,"sticky":"after","xRel":2.08331298828125},"to":{"line":0,"ch":37,"sticky":"after","xRel":0.08331298828125},"text":[""],"removed":["niverdade Federal do Amazonas"],"origin":"+delete"}
2019-3-12 19:20:32.681#keyHandled#"Backspace"
2019-3-12 19:20:33.174#change#{"from":{"line":0,"ch":7,"sticky":"after"},"to":{"line":0,"ch":8,"sticky":null},"text":[""],"removed":["U"],"origin":"+delete"}
2019-3-12 19:20:33.174#keyHandled#"Backspace"
2019-3-12 19:20:35.584#change#{"from":{"line":0,"ch":39,"sticky":null},"to":{"line":0,"ch":39,"sticky":null},"text":["",""],"removed":[""],"origin":"+input"}
2019-3-12 19:20:35.584#change#{"from":{"line":1,"ch":0,"sticky":null},"to":{"line":1,"ch":0,"sticky":null},"text":["\t\t"],"removed":[""],"origin":"+input"}
2019-3-12 19:20:35.584#keyHandled#"Enter"
2019-3-12 19:20:35.598#viewportChange#0
2019-3-12 19:20:36.777#change#{"from":{"line":1,"ch":1,"sticky":"after"},"to":{"line":1,"ch":2,"sticky":null},"text":[""],"removed":["\t"],"origin":"+delete"}
2019-3-12 19:20:36.777#keyHandled#"Backspace"
2019-3-12 19:20:37.055#change#{"from":{"line":1,"ch":0,"sticky":"after"},"to":{"line":1,"ch":1,"sticky":null},"text":[""],"removed":["\t"],"origin":"+delete"}
2019-3-12 19:20:37.055#keyHandled#"Backspace"
2019-3-12 19:20:37.310#change#{"from":{"line":0,"ch":39,"sticky":"before"},"to":{"line":1,"ch":0,"sticky":null},"text":[""],"removed":["",""],"origin":"+delete"}
2019-3-12 19:20:37.310#keyHandled#"Backspace"
2019-3-12 19:20:37.322#viewportChange#0
2019-3-12 19:20:38.608#mousedown#{"isTrusted":true}
2019-3-12 19:20:38.867#change#{"from":{"line":0,"ch":41,"sticky":"before"},"to":{"line":1,"ch":0,"sticky":"after","xRel":45.08331298828125},"text":[""],"removed":["",""],"origin":"+delete"}
2019-3-12 19:20:38.867#keyHandled#"Backspace"
2019-3-12 19:20:38.881#viewportChange#0
2019-3-12 19:20:40.747#blur#
2019-3-12 19:20:40.747#blur#
2019-3-12 19:20:41.871#submit#Congratulations, your code is correct!
