2019-5-4 15:59:57.081#viewportChange#0
2019-5-4 16:00:22.675#mousedown#{"isTrusted":true}
2019-5-4 16:00:22.679#focus#
2019-5-4 16:00:26.374#mousedown#{"isTrusted":true}
2019-5-4 16:00:28.814#change#{"from":{"line":0,"ch":0,"sticky":"after","xRel":107.09375},"to":{"line":0,"ch":0,"sticky":"after","xRel":107.09375},"text":["x"],"removed":[""],"origin":"+input"}
2019-5-4 16:00:28.998#change#{"from":{"line":0,"ch":1,"sticky":null},"to":{"line":0,"ch":1,"sticky":null},"text":["a"],"removed":[""],"origin":"+input"}
2019-5-4 16:00:30.007#change#{"from":{"line":0,"ch":2,"sticky":null},"to":{"line":0,"ch":2,"sticky":null},"text":[" "],"removed":[""],"origin":"+input"}
2019-5-4 16:00:30.157#change#{"from":{"line":0,"ch":3,"sticky":null},"to":{"line":0,"ch":3,"sticky":null},"text":["="],"removed":[""],"origin":"+input"}
2019-5-4 16:00:30.282#change#{"from":{"line":0,"ch":4,"sticky":null},"to":{"line":0,"ch":4,"sticky":null},"text":[" "],"removed":[""],"origin":"+input"}
2019-5-4 16:00:31.435#change#{"from":{"line":0,"ch":5,"sticky":null},"to":{"line":0,"ch":5,"sticky":null},"text":["f"],"removed":[""],"origin":"+input"}
2019-5-4 16:00:31.566#change#{"from":{"line":0,"ch":6,"sticky":null},"to":{"line":0,"ch":6,"sticky":null},"text":["l"],"removed":[""],"origin":"+input"}
2019-5-4 16:00:31.772#change#{"from":{"line":0,"ch":7,"sticky":null},"to":{"line":0,"ch":7,"sticky":null},"text":["o"],"removed":[""],"origin":"+input"}
2019-5-4 16:00:31.864#change#{"from":{"line":0,"ch":8,"sticky":null},"to":{"line":0,"ch":8,"sticky":null},"text":["a"],"removed":[""],"origin":"+input"}
2019-5-4 16:00:32.108#change#{"from":{"line":0,"ch":9,"sticky":null},"to":{"line":0,"ch":9,"sticky":null},"text":["t"],"removed":[""],"origin":"+input"}
2019-5-4 16:00:32.563#change#{"from":{"line":0,"ch":10,"sticky":null},"to":{"line":0,"ch":10,"sticky":null},"text":["()"],"removed":[""],"origin":"+input"}
2019-5-4 16:00:32.563#keyHandled#"'('"
2019-5-4 16:00:33.356#change#{"from":{"line":0,"ch":12,"sticky":null},"to":{"line":0,"ch":12,"sticky":null},"text":["n"],"removed":[""],"origin":"+input"}
2019-5-4 16:00:34.129#change#{"from":{"line":0,"ch":13,"sticky":null},"to":{"line":0,"ch":13,"sticky":null},"text":["p"],"removed":[""],"origin":"+input"}
2019-5-4 16:00:34.471#change#{"from":{"line":0,"ch":14,"sticky":null},"to":{"line":0,"ch":14,"sticky":null},"text":["u"],"removed":[""],"origin":"+input"}
2019-5-4 16:00:34.623#change#{"from":{"line":0,"ch":15,"sticky":null},"to":{"line":0,"ch":15,"sticky":null},"text":["t"],"removed":[""],"origin":"+input"}
2019-5-4 16:00:35.139#change#{"from":{"line":0,"ch":16,"sticky":null},"to":{"line":0,"ch":16,"sticky":null},"text":["()"],"removed":[""],"origin":"+input"}
2019-5-4 16:00:35.139#keyHandled#"'('"
2019-5-4 16:00:35.551#change#{"from":{"line":0,"ch":17,"sticky":"after"},"to":{"line":0,"ch":17,"sticky":"after"},"text":["\"\""],"removed":[""],"origin":"+input"}
2019-5-4 16:00:35.551#keyHandled#"'\"'"
2019-5-4 16:00:37.737#change#{"from":{"line":0,"ch":18,"sticky":"after"},"to":{"line":0,"ch":18,"sticky":"after"},"text":["c"],"removed":[""],"origin":"+input"}
2019-5-4 16:00:37.989#change#{"from":{"line":0,"ch":19,"sticky":null},"to":{"line":0,"ch":19,"sticky":null},"text":["o"],"removed":[""],"origin":"+input"}
2019-5-4 16:00:38.157#change#{"from":{"line":0,"ch":20,"sticky":null},"to":{"line":0,"ch":20,"sticky":null},"text":["o"],"removed":[""],"origin":"+input"}
2019-5-4 16:00:38.308#change#{"from":{"line":0,"ch":21,"sticky":null},"to":{"line":0,"ch":21,"sticky":null},"text":["r"],"removed":[""],"origin":"+input"}
2019-5-4 16:00:38.524#change#{"from":{"line":0,"ch":22,"sticky":null},"to":{"line":0,"ch":22,"sticky":null},"text":["d"],"removed":[""],"origin":"+input"}
2019-5-4 16:00:38.694#change#{"from":{"line":0,"ch":23,"sticky":null},"to":{"line":0,"ch":23,"sticky":null},"text":["e"],"removed":[""],"origin":"+input"}
2019-5-4 16:00:39.377#change#{"from":{"line":0,"ch":24,"sticky":null},"to":{"line":0,"ch":24,"sticky":null},"text":["n"],"removed":[""],"origin":"+input"}
2019-5-4 16:00:39.486#change#{"from":{"line":0,"ch":25,"sticky":null},"to":{"line":0,"ch":25,"sticky":null},"text":["a"],"removed":[""],"origin":"+input"}
2019-5-4 16:00:39.675#change#{"from":{"line":0,"ch":26,"sticky":null},"to":{"line":0,"ch":26,"sticky":null},"text":["d"],"removed":[""],"origin":"+input"}
2019-5-4 16:00:39.813#change#{"from":{"line":0,"ch":27,"sticky":null},"to":{"line":0,"ch":27,"sticky":null},"text":["a"],"removed":[""],"origin":"+input"}
2019-5-4 16:00:39.985#change#{"from":{"line":0,"ch":28,"sticky":null},"to":{"line":0,"ch":28,"sticky":null},"text":[" "],"removed":[""],"origin":"+input"}
2019-5-4 16:00:40.246#change#{"from":{"line":0,"ch":29,"sticky":null},"to":{"line":0,"ch":29,"sticky":null},"text":["d"],"removed":[""],"origin":"+input"}
2019-5-4 16:00:40.351#change#{"from":{"line":0,"ch":30,"sticky":null},"to":{"line":0,"ch":30,"sticky":null},"text":["o"],"removed":[""],"origin":"+input"}
2019-5-4 16:00:40.553#change#{"from":{"line":0,"ch":31,"sticky":null},"to":{"line":0,"ch":31,"sticky":null},"text":[" "],"removed":[""],"origin":"+input"}
2019-5-4 16:00:41.727#change#{"from":{"line":0,"ch":31,"sticky":"after"},"to":{"line":0,"ch":32,"sticky":null},"text":[""],"removed":[" "],"origin":"+delete"}
2019-5-4 16:00:41.727#keyHandled#"Backspace"
2019-5-4 16:00:42.305#change#{"from":{"line":0,"ch":30,"sticky":"after"},"to":{"line":0,"ch":31,"sticky":null},"text":[""],"removed":["o"],"origin":"+delete"}
2019-5-4 16:00:42.305#keyHandled#"Backspace"
2019-5-4 16:00:42.342#change#{"from":{"line":0,"ch":29,"sticky":"after"},"to":{"line":0,"ch":30,"sticky":null},"text":[""],"removed":["d"],"origin":"+delete"}
2019-5-4 16:00:42.342#keyHandled#"Backspace"
2019-5-4 16:00:42.377#change#{"from":{"line":0,"ch":28,"sticky":"after"},"to":{"line":0,"ch":29,"sticky":null},"text":[""],"removed":[" "],"origin":"+delete"}
2019-5-4 16:00:42.377#keyHandled#"Backspace"
2019-5-4 16:00:42.412#change#{"from":{"line":0,"ch":27,"sticky":"after"},"to":{"line":0,"ch":28,"sticky":null},"text":[""],"removed":["a"],"origin":"+delete"}
2019-5-4 16:00:42.412#keyHandled#"Backspace"
2019-5-4 16:00:42.448#change#{"from":{"line":0,"ch":26,"sticky":"after"},"to":{"line":0,"ch":27,"sticky":null},"text":[""],"removed":["d"],"origin":"+delete"}
2019-5-4 16:00:42.448#keyHandled#"Backspace"
2019-5-4 16:00:42.483#change#{"from":{"line":0,"ch":25,"sticky":"after"},"to":{"line":0,"ch":26,"sticky":null},"text":[""],"removed":["a"],"origin":"+delete"}
2019-5-4 16:00:42.483#keyHandled#"Backspace"
2019-5-4 16:00:42.519#change#{"from":{"line":0,"ch":24,"sticky":"after"},"to":{"line":0,"ch":25,"sticky":null},"text":[""],"removed":["n"],"origin":"+delete"}
2019-5-4 16:00:42.519#keyHandled#"Backspace"
2019-5-4 16:00:42.553#change#{"from":{"line":0,"ch":23,"sticky":"after"},"to":{"line":0,"ch":24,"sticky":null},"text":[""],"removed":["e"],"origin":"+delete"}
2019-5-4 16:00:42.553#keyHandled#"Backspace"
2019-5-4 16:00:42.588#change#{"from":{"line":0,"ch":22,"sticky":"after"},"to":{"line":0,"ch":23,"sticky":null},"text":[""],"removed":["d"],"origin":"+delete"}
2019-5-4 16:00:42.588#keyHandled#"Backspace"
2019-5-4 16:00:42.623#change#{"from":{"line":0,"ch":21,"sticky":"after"},"to":{"line":0,"ch":22,"sticky":null},"text":[""],"removed":["r"],"origin":"+delete"}
2019-5-4 16:00:42.623#keyHandled#"Backspace"
2019-5-4 16:00:42.885#change#{"from":{"line":0,"ch":20,"sticky":"after"},"to":{"line":0,"ch":21,"sticky":null},"text":[""],"removed":["o"],"origin":"+delete"}
2019-5-4 16:00:42.885#keyHandled#"Backspace"
2019-5-4 16:00:43.076#change#{"from":{"line":0,"ch":19,"sticky":"after"},"to":{"line":0,"ch":20,"sticky":null},"text":[""],"removed":["o"],"origin":"+delete"}
2019-5-4 16:00:43.076#keyHandled#"Backspace"
2019-5-4 16:00:43.448#change#{"from":{"line":0,"ch":18,"sticky":"after"},"to":{"line":0,"ch":19,"sticky":null},"text":[""],"removed":["c"],"origin":"+delete"}
2019-5-4 16:00:43.448#keyHandled#"Backspace"
2019-5-4 16:00:45.885#change#{"from":{"line":0,"ch":18,"sticky":null},"to":{"line":0,"ch":18,"sticky":null},"text":["a"],"removed":[""],"origin":"+input"}
2019-5-4 16:00:46.028#change#{"from":{"line":0,"ch":19,"sticky":null},"to":{"line":0,"ch":19,"sticky":null},"text":["b"],"removed":[""],"origin":"+input"}
2019-5-4 16:00:46.204#change#{"from":{"line":0,"ch":20,"sticky":null},"to":{"line":0,"ch":20,"sticky":null},"text":["s"],"removed":[""],"origin":"+input"}
2019-5-4 16:00:46.471#change#{"from":{"line":0,"ch":21,"sticky":null},"to":{"line":0,"ch":21,"sticky":null},"text":["c"],"removed":[""],"origin":"+input"}
2019-5-4 16:00:46.717#change#{"from":{"line":0,"ch":22,"sticky":null},"to":{"line":0,"ch":22,"sticky":null},"text":["i"],"removed":[""],"origin":"+input"}
2019-5-4 16:00:47.002#change#{"from":{"line":0,"ch":23,"sticky":null},"to":{"line":0,"ch":23,"sticky":null},"text":["s"],"removed":[""],"origin":"+input"}
2019-5-4 16:00:47.173#change#{"from":{"line":0,"ch":24,"sticky":null},"to":{"line":0,"ch":24,"sticky":null},"text":["s"],"removed":[""],"origin":"+input"}
2019-5-4 16:00:47.354#change#{"from":{"line":0,"ch":25,"sticky":null},"to":{"line":0,"ch":25,"sticky":null},"text":["a"],"removed":[""],"origin":"+input"}
2019-5-4 16:00:48.502#change#{"from":{"line":0,"ch":25,"sticky":"after"},"to":{"line":0,"ch":26,"sticky":null},"text":[""],"removed":["a"],"origin":"+delete"}
2019-5-4 16:00:48.502#keyHandled#"Backspace"
2019-5-4 16:00:48.680#change#{"from":{"line":0,"ch":24,"sticky":"after"},"to":{"line":0,"ch":25,"sticky":null},"text":[""],"removed":["s"],"origin":"+delete"}
2019-5-4 16:00:48.681#keyHandled#"Backspace"
2019-5-4 16:00:48.867#change#{"from":{"line":0,"ch":23,"sticky":"after"},"to":{"line":0,"ch":24,"sticky":null},"text":[""],"removed":["s"],"origin":"+delete"}
2019-5-4 16:00:48.867#keyHandled#"Backspace"
2019-5-4 16:00:49.030#change#{"from":{"line":0,"ch":22,"sticky":"after"},"to":{"line":0,"ch":23,"sticky":null},"text":[""],"removed":["i"],"origin":"+delete"}
2019-5-4 16:00:49.030#keyHandled#"Backspace"
2019-5-4 16:00:49.216#change#{"from":{"line":0,"ch":21,"sticky":"after"},"to":{"line":0,"ch":22,"sticky":null},"text":[""],"removed":["c"],"origin":"+delete"}
2019-5-4 16:00:49.216#keyHandled#"Backspace"
2019-5-4 16:00:49.391#change#{"from":{"line":0,"ch":20,"sticky":"after"},"to":{"line":0,"ch":21,"sticky":null},"text":[""],"removed":["s"],"origin":"+delete"}
2019-5-4 16:00:49.391#keyHandled#"Backspace"
2019-5-4 16:00:49.592#change#{"from":{"line":0,"ch":19,"sticky":"after"},"to":{"line":0,"ch":20,"sticky":null},"text":[""],"removed":["b"],"origin":"+delete"}
2019-5-4 16:00:49.592#keyHandled#"Backspace"
2019-5-4 16:00:50.100#change#{"from":{"line":0,"ch":18,"sticky":"after"},"to":{"line":0,"ch":19,"sticky":null},"text":[""],"removed":["a"],"origin":"+delete"}
2019-5-4 16:00:50.100#keyHandled#"Backspace"
2019-5-4 16:00:54.104#change#{"from":{"line":0,"ch":18,"sticky":null},"to":{"line":0,"ch":18,"sticky":null},"text":["x"],"removed":[""],"origin":"+input"}
2019-5-4 16:00:55.475#change#{"from":{"line":0,"ch":19,"sticky":null},"to":{"line":0,"ch":19,"sticky":null},"text":["A"],"removed":[""],"origin":"+input"}
2019-5-4 16:00:56.464#change#{"from":{"line":0,"ch":19,"sticky":"after"},"to":{"line":0,"ch":20,"sticky":null},"text":[""],"removed":["A"],"origin":"+delete"}
2019-5-4 16:00:56.464#keyHandled#"Backspace"
2019-5-4 16:00:56.809#change#{"from":{"line":0,"ch":19,"sticky":null},"to":{"line":0,"ch":19,"sticky":null},"text":["a"],"removed":[""],"origin":"+input"}
2019-5-4 16:00:57.487#change#{"from":{"line":0,"ch":20,"sticky":null},"to":{"line":0,"ch":20,"sticky":null},"text":[" "],"removed":[""],"origin":"+input"}
2019-5-4 16:00:57.684#change#{"from":{"line":0,"ch":21,"sticky":null},"to":{"line":0,"ch":21,"sticky":null},"text":["d"],"removed":[""],"origin":"+input"}
2019-5-4 16:00:57.830#change#{"from":{"line":0,"ch":22,"sticky":null},"to":{"line":0,"ch":22,"sticky":null},"text":["e"],"removed":[""],"origin":"+input"}
2019-5-4 16:00:57.957#change#{"from":{"line":0,"ch":23,"sticky":null},"to":{"line":0,"ch":23,"sticky":null},"text":[" "],"removed":[""],"origin":"+input"}
2019-5-4 16:00:58.402#change#{"from":{"line":0,"ch":24,"sticky":null},"to":{"line":0,"ch":24,"sticky":null},"text":["A"],"removed":[""],"origin":"+input"}
2019-5-4 16:00:59.488#change#{"from":{"line":0,"ch":25,"sticky":null},"to":{"line":0,"ch":25,"sticky":null},"text":[":"],"removed":[""],"origin":"+input"}
2019-5-4 16:00:59.774#change#{"from":{"line":0,"ch":26,"sticky":null},"to":{"line":0,"ch":26,"sticky":null},"text":[" "],"removed":[""],"origin":"+input"}
2019-5-4 16:01:00.044#keyHandled#"Right"
2019-5-4 16:01:00.236#keyHandled#"Right"
2019-5-4 16:01:00.411#keyHandled#"Right"
2019-5-4 16:01:00.785#change#{"from":{"line":0,"ch":30,"sticky":"before"},"to":{"line":0,"ch":30,"sticky":"before"},"text":["",""],"removed":[""],"origin":"+input"}
2019-5-4 16:01:00.785#keyHandled#"Enter"
2019-5-4 16:01:00.789#viewportChange#0
2019-5-4 16:01:03.383#change#{"from":{"line":1,"ch":1,"sticky":null},"to":{"line":1,"ch":1,"sticky":null},"text":["a"],"removed":[""],"origin":"+input"}
2019-5-4 16:01:03.935#change#{"from":{"line":1,"ch":2,"sticky":null},"to":{"line":1,"ch":2,"sticky":null},"text":[" "],"removed":[""],"origin":"+input"}
2019-5-4 16:01:04.647#change#{"from":{"line":1,"ch":3,"sticky":null},"to":{"line":1,"ch":3,"sticky":null},"text":["="],"removed":[""],"origin":"+input"}
2019-5-4 16:01:04.774#change#{"from":{"line":1,"ch":4,"sticky":null},"to":{"line":1,"ch":4,"sticky":null},"text":[" "],"removed":[""],"origin":"+input"}
2019-5-4 16:01:05.464#change#{"from":{"line":1,"ch":5,"sticky":null},"to":{"line":1,"ch":5,"sticky":null},"text":["f"],"removed":[""],"origin":"+input"}
2019-5-4 16:01:05.616#change#{"from":{"line":1,"ch":6,"sticky":null},"to":{"line":1,"ch":6,"sticky":null},"text":["l"],"removed":[""],"origin":"+input"}
2019-5-4 16:01:05.805#change#{"from":{"line":1,"ch":7,"sticky":null},"to":{"line":1,"ch":7,"sticky":null},"text":["o"],"removed":[""],"origin":"+input"}
2019-5-4 16:01:05.951#change#{"from":{"line":1,"ch":8,"sticky":null},"to":{"line":1,"ch":8,"sticky":null},"text":["a"],"removed":[""],"origin":"+input"}
2019-5-4 16:01:06.199#change#{"from":{"line":1,"ch":9,"sticky":null},"to":{"line":1,"ch":9,"sticky":null},"text":["t"],"removed":[""],"origin":"+input"}
2019-5-4 16:01:06.748#change#{"from":{"line":1,"ch":10,"sticky":null},"to":{"line":1,"ch":10,"sticky":null},"text":["()"],"removed":[""],"origin":"+input"}
2019-5-4 16:01:06.748#keyHandled#"'('"
2019-5-4 16:01:07.398#change#{"from":{"line":1,"ch":11,"sticky":"after"},"to":{"line":1,"ch":11,"sticky":"after"},"text":["i"],"removed":[""],"origin":"+input"}
2019-5-4 16:01:07.563#change#{"from":{"line":1,"ch":12,"sticky":null},"to":{"line":1,"ch":12,"sticky":null},"text":["n"],"removed":[""],"origin":"+input"}
2019-5-4 16:01:07.956#change#{"from":{"line":1,"ch":13,"sticky":null},"to":{"line":1,"ch":13,"sticky":null},"text":["p"],"removed":[""],"origin":"+input"}
2019-5-4 16:01:08.297#change#{"from":{"line":1,"ch":14,"sticky":null},"to":{"line":1,"ch":14,"sticky":null},"text":["u"],"removed":[""],"origin":"+input"}
2019-5-4 16:01:08.446#change#{"from":{"line":1,"ch":15,"sticky":null},"to":{"line":1,"ch":15,"sticky":null},"text":["t"],"removed":[""],"origin":"+input"}
2019-5-4 16:01:09.037#change#{"from":{"line":1,"ch":16,"sticky":null},"to":{"line":1,"ch":16,"sticky":null},"text":["()"],"removed":[""],"origin":"+input"}
2019-5-4 16:01:09.037#keyHandled#"'('"
2019-5-4 16:01:10.464#change#{"from":{"line":1,"ch":17,"sticky":"after"},"to":{"line":1,"ch":17,"sticky":"after"},"text":["\"\""],"removed":[""],"origin":"+input"}
2019-5-4 16:01:10.464#keyHandled#"'\"'"
2019-5-4 16:01:11.646#change#{"from":{"line":1,"ch":18,"sticky":"after"},"to":{"line":1,"ch":18,"sticky":"after"},"text":["y"],"removed":[""],"origin":"+input"}
2019-5-4 16:01:11.829#change#{"from":{"line":1,"ch":19,"sticky":null},"to":{"line":1,"ch":19,"sticky":null},"text":["a"],"removed":[""],"origin":"+input"}
2019-5-4 16:01:12.098#change#{"from":{"line":1,"ch":20,"sticky":null},"to":{"line":1,"ch":20,"sticky":null},"text":[" "],"removed":[""],"origin":"+input"}
2019-5-4 16:01:12.399#change#{"from":{"line":1,"ch":21,"sticky":null},"to":{"line":1,"ch":21,"sticky":null},"text":["s"],"removed":[""],"origin":"+input"}
2019-5-4 16:01:12.731#change#{"from":{"line":1,"ch":22,"sticky":null},"to":{"line":1,"ch":22,"sticky":null},"text":[" "],"removed":[""],"origin":"+input"}
2019-5-4 16:01:13.483#change#{"from":{"line":1,"ch":22,"sticky":"after"},"to":{"line":1,"ch":23,"sticky":null},"text":[""],"removed":[" "],"origin":"+delete"}
2019-5-4 16:01:13.483#keyHandled#"Backspace"
2019-5-4 16:01:13.654#change#{"from":{"line":1,"ch":21,"sticky":"after"},"to":{"line":1,"ch":22,"sticky":null},"text":[""],"removed":["s"],"origin":"+delete"}
2019-5-4 16:01:13.654#keyHandled#"Backspace"
2019-5-4 16:01:14.477#change#{"from":{"line":1,"ch":21,"sticky":null},"to":{"line":1,"ch":21,"sticky":null},"text":["d"],"removed":[""],"origin":"+input"}
2019-5-4 16:01:14.645#change#{"from":{"line":1,"ch":22,"sticky":null},"to":{"line":1,"ch":22,"sticky":null},"text":["e"],"removed":[""],"origin":"+input"}
2019-5-4 16:01:14.790#change#{"from":{"line":1,"ch":23,"sticky":null},"to":{"line":1,"ch":23,"sticky":null},"text":[" "],"removed":[""],"origin":"+input"}
2019-5-4 16:01:15.724#change#{"from":{"line":1,"ch":24,"sticky":null},"to":{"line":1,"ch":24,"sticky":null},"text":["A"],"removed":[""],"origin":"+input"}
2019-5-4 16:01:16.866#change#{"from":{"line":1,"ch":25,"sticky":null},"to":{"line":1,"ch":25,"sticky":null},"text":[":"],"removed":[""],"origin":"+input"}
2019-5-4 16:01:17.145#change#{"from":{"line":1,"ch":26,"sticky":null},"to":{"line":1,"ch":26,"sticky":null},"text":[" "],"removed":[""],"origin":"+input"}
2019-5-4 16:01:17.463#keyHandled#"Right"
2019-5-4 16:01:17.675#keyHandled#"Right"
2019-5-4 16:01:17.864#keyHandled#"Right"
2019-5-4 16:01:18.217#change#{"from":{"line":1,"ch":30,"sticky":"before"},"to":{"line":1,"ch":30,"sticky":"before"},"text":["",""],"removed":[""],"origin":"+input"}
2019-5-4 16:01:18.218#keyHandled#"Enter"
2019-5-4 16:01:18.221#viewportChange#0
2019-5-4 16:01:21.646#change#{"from":{"line":2,"ch":0,"sticky":null},"to":{"line":2,"ch":0,"sticky":null},"text":["X"],"removed":[""],"origin":"+input"}
2019-5-4 16:01:21.792#change#{"from":{"line":2,"ch":1,"sticky":null},"to":{"line":2,"ch":1,"sticky":null},"text":["B"],"removed":[""],"origin":"+input"}
2019-5-4 16:01:22.710#change#{"from":{"line":2,"ch":1,"sticky":"after"},"to":{"line":2,"ch":2,"sticky":null},"text":[""],"removed":["B"],"origin":"+delete"}
2019-5-4 16:01:22.710#keyHandled#"Backspace"
2019-5-4 16:01:22.873#change#{"from":{"line":2,"ch":0,"sticky":"after"},"to":{"line":2,"ch":1,"sticky":null},"text":[""],"removed":["X"],"origin":"+delete"}
2019-5-4 16:01:22.873#keyHandled#"Backspace"
2019-5-4 16:01:23.714#change#{"from":{"line":2,"ch":0,"sticky":null},"to":{"line":2,"ch":0,"sticky":null},"text":["x"],"removed":[""],"origin":"+input"}
2019-5-4 16:01:23.862#change#{"from":{"line":2,"ch":1,"sticky":null},"to":{"line":2,"ch":1,"sticky":null},"text":["b"],"removed":[""],"origin":"+input"}
2019-5-4 16:01:24.563#change#{"from":{"line":2,"ch":2,"sticky":null},"to":{"line":2,"ch":2,"sticky":null},"text":[" "],"removed":[""],"origin":"+input"}
2019-5-4 16:01:24.733#change#{"from":{"line":2,"ch":3,"sticky":null},"to":{"line":2,"ch":3,"sticky":null},"text":["="],"removed":[""],"origin":"+input"}
2019-5-4 16:01:24.871#change#{"from":{"line":2,"ch":4,"sticky":null},"to":{"line":2,"ch":4,"sticky":null},"text":[" "],"removed":[""],"origin":"+input"}
2019-5-4 16:01:25.650#change#{"from":{"line":2,"ch":5,"sticky":null},"to":{"line":2,"ch":5,"sticky":null},"text":["f"],"removed":[""],"origin":"+input"}
2019-5-4 16:01:25.864#change#{"from":{"line":2,"ch":6,"sticky":null},"to":{"line":2,"ch":6,"sticky":null},"text":["l"],"removed":[""],"origin":"+input"}
2019-5-4 16:01:26.051#change#{"from":{"line":2,"ch":7,"sticky":null},"to":{"line":2,"ch":7,"sticky":null},"text":["o"],"removed":[""],"origin":"+input"}
2019-5-4 16:01:26.178#change#{"from":{"line":2,"ch":8,"sticky":null},"to":{"line":2,"ch":8,"sticky":null},"text":["a"],"removed":[""],"origin":"+input"}
2019-5-4 16:01:26.415#change#{"from":{"line":2,"ch":9,"sticky":null},"to":{"line":2,"ch":9,"sticky":null},"text":["t"],"removed":[""],"origin":"+input"}
2019-5-4 16:01:26.887#change#{"from":{"line":2,"ch":10,"sticky":null},"to":{"line":2,"ch":10,"sticky":null},"text":["()"],"removed":[""],"origin":"+input"}
2019-5-4 16:01:26.887#keyHandled#"'('"
2019-5-4 16:01:27.533#change#{"from":{"line":2,"ch":11,"sticky":"after"},"to":{"line":2,"ch":11,"sticky":"after"},"text":["i"],"removed":[""],"origin":"+input"}
2019-5-4 16:01:27.700#change#{"from":{"line":2,"ch":12,"sticky":null},"to":{"line":2,"ch":12,"sticky":null},"text":["n"],"removed":[""],"origin":"+input"}
2019-5-4 16:01:28.110#change#{"from":{"line":2,"ch":13,"sticky":null},"to":{"line":2,"ch":13,"sticky":null},"text":["p"],"removed":[""],"origin":"+input"}
2019-5-4 16:01:28.436#change#{"from":{"line":2,"ch":14,"sticky":null},"to":{"line":2,"ch":14,"sticky":null},"text":["u"],"removed":[""],"origin":"+input"}
2019-5-4 16:01:28.566#change#{"from":{"line":2,"ch":15,"sticky":null},"to":{"line":2,"ch":15,"sticky":null},"text":["t"],"removed":[""],"origin":"+input"}
2019-5-4 16:01:29.070#change#{"from":{"line":2,"ch":16,"sticky":null},"to":{"line":2,"ch":16,"sticky":null},"text":["()"],"removed":[""],"origin":"+input"}
2019-5-4 16:01:29.070#keyHandled#"'('"
2019-5-4 16:01:29.887#change#{"from":{"line":2,"ch":17,"sticky":"after"},"to":{"line":2,"ch":17,"sticky":"after"},"text":["\"\""],"removed":[""],"origin":"+input"}
2019-5-4 16:01:29.887#keyHandled#"'\"'"
2019-5-4 16:01:30.866#change#{"from":{"line":2,"ch":18,"sticky":"after"},"to":{"line":2,"ch":18,"sticky":"after"},"text":["x"],"removed":[""],"origin":"+input"}
2019-5-4 16:01:31.062#change#{"from":{"line":2,"ch":19,"sticky":null},"to":{"line":2,"ch":19,"sticky":null},"text":["b"],"removed":[""],"origin":"+input"}
2019-5-4 16:01:31.218#change#{"from":{"line":2,"ch":20,"sticky":null},"to":{"line":2,"ch":20,"sticky":null},"text":[" "],"removed":[""],"origin":"+input"}
2019-5-4 16:01:31.546#change#{"from":{"line":2,"ch":21,"sticky":null},"to":{"line":2,"ch":21,"sticky":null},"text":["d"],"removed":[""],"origin":"+input"}
2019-5-4 16:01:31.713#change#{"from":{"line":2,"ch":22,"sticky":null},"to":{"line":2,"ch":22,"sticky":null},"text":["e"],"removed":[""],"origin":"+input"}
2019-5-4 16:01:31.886#change#{"from":{"line":2,"ch":23,"sticky":null},"to":{"line":2,"ch":23,"sticky":null},"text":[" "],"removed":[""],"origin":"+input"}
2019-5-4 16:01:32.426#change#{"from":{"line":2,"ch":24,"sticky":null},"to":{"line":2,"ch":24,"sticky":null},"text":["B"],"removed":[""],"origin":"+input"}
2019-5-4 16:01:33.653#change#{"from":{"line":2,"ch":25,"sticky":null},"to":{"line":2,"ch":25,"sticky":null},"text":[":"],"removed":[""],"origin":"+input"}
2019-5-4 16:01:33.927#change#{"from":{"line":2,"ch":26,"sticky":null},"to":{"line":2,"ch":26,"sticky":null},"text":[" "],"removed":[""],"origin":"+input"}
2019-5-4 16:01:34.144#keyHandled#"Right"
2019-5-4 16:01:34.324#keyHandled#"Right"
2019-5-4 16:01:34.495#keyHandled#"Right"
2019-5-4 16:01:34.898#change#{"from":{"line":2,"ch":30,"sticky":"before"},"to":{"line":2,"ch":30,"sticky":"before"},"text":["",""],"removed":[""],"origin":"+input"}
2019-5-4 16:01:34.898#keyHandled#"Enter"
2019-5-4 16:01:34.902#viewportChange#0
2019-5-4 16:01:36.519#change#{"from":{"line":3,"ch":0,"sticky":null},"to":{"line":3,"ch":0,"sticky":null},"text":["y"],"removed":[""],"origin":"+input"}
2019-5-4 16:01:36.697#change#{"from":{"line":3,"ch":1,"sticky":null},"to":{"line":3,"ch":1,"sticky":null},"text":["b"],"removed":[""],"origin":"+input"}
2019-5-4 16:01:37.182#change#{"from":{"line":3,"ch":2,"sticky":null},"to":{"line":3,"ch":2,"sticky":null},"text":[" "],"removed":[""],"origin":"+input"}
2019-5-4 16:01:37.408#change#{"from":{"line":3,"ch":3,"sticky":null},"to":{"line":3,"ch":3,"sticky":null},"text":["="],"removed":[""],"origin":"+input"}
2019-5-4 16:01:37.527#change#{"from":{"line":3,"ch":4,"sticky":null},"to":{"line":3,"ch":4,"sticky":null},"text":[" "],"removed":[""],"origin":"+input"}
2019-5-4 16:01:38.484#change#{"from":{"line":3,"ch":5,"sticky":null},"to":{"line":3,"ch":5,"sticky":null},"text":["f"],"removed":[""],"origin":"+input"}
2019-5-4 16:01:38.599#change#{"from":{"line":3,"ch":6,"sticky":null},"to":{"line":3,"ch":6,"sticky":null},"text":["l"],"removed":[""],"origin":"+input"}
2019-5-4 16:01:38.782#change#{"from":{"line":3,"ch":7,"sticky":null},"to":{"line":3,"ch":7,"sticky":null},"text":["o"],"removed":[""],"origin":"+input"}
2019-5-4 16:01:38.934#change#{"from":{"line":3,"ch":8,"sticky":null},"to":{"line":3,"ch":8,"sticky":null},"text":["a"],"removed":[""],"origin":"+input"}
2019-5-4 16:01:39.193#change#{"from":{"line":3,"ch":9,"sticky":null},"to":{"line":3,"ch":9,"sticky":null},"text":["t"],"removed":[""],"origin":"+input"}
2019-5-4 16:01:39.647#change#{"from":{"line":3,"ch":10,"sticky":null},"to":{"line":3,"ch":10,"sticky":null},"text":["()"],"removed":[""],"origin":"+input"}
2019-5-4 16:01:39.647#keyHandled#"'('"
2019-5-4 16:01:40.362#change#{"from":{"line":3,"ch":11,"sticky":"after"},"to":{"line":3,"ch":11,"sticky":"after"},"text":["i"],"removed":[""],"origin":"+input"}
2019-5-4 16:01:40.517#change#{"from":{"line":3,"ch":12,"sticky":null},"to":{"line":3,"ch":12,"sticky":null},"text":["n"],"removed":[""],"origin":"+input"}
2019-5-4 16:01:40.933#change#{"from":{"line":3,"ch":13,"sticky":null},"to":{"line":3,"ch":13,"sticky":null},"text":["p"],"removed":[""],"origin":"+input"}
2019-5-4 16:01:41.280#change#{"from":{"line":3,"ch":14,"sticky":null},"to":{"line":3,"ch":14,"sticky":null},"text":["u"],"removed":[""],"origin":"+input"}
2019-5-4 16:01:41.442#change#{"from":{"line":3,"ch":15,"sticky":null},"to":{"line":3,"ch":15,"sticky":null},"text":["t"],"removed":[""],"origin":"+input"}
2019-5-4 16:01:41.898#change#{"from":{"line":3,"ch":16,"sticky":null},"to":{"line":3,"ch":16,"sticky":null},"text":["()"],"removed":[""],"origin":"+input"}
2019-5-4 16:01:41.898#keyHandled#"'('"
2019-5-4 16:01:42.427#change#{"from":{"line":3,"ch":17,"sticky":"after"},"to":{"line":3,"ch":17,"sticky":"after"},"text":["\"\""],"removed":[""],"origin":"+input"}
2019-5-4 16:01:42.427#keyHandled#"'\"'"
2019-5-4 16:01:43.866#change#{"from":{"line":3,"ch":18,"sticky":"after"},"to":{"line":3,"ch":18,"sticky":"after"},"text":["y"],"removed":[""],"origin":"+input"}
2019-5-4 16:01:44.066#change#{"from":{"line":3,"ch":19,"sticky":null},"to":{"line":3,"ch":19,"sticky":null},"text":["b"],"removed":[""],"origin":"+input"}
2019-5-4 16:01:44.224#change#{"from":{"line":3,"ch":20,"sticky":null},"to":{"line":3,"ch":20,"sticky":null},"text":[" "],"removed":[""],"origin":"+input"}
2019-5-4 16:01:44.438#change#{"from":{"line":3,"ch":21,"sticky":null},"to":{"line":3,"ch":21,"sticky":null},"text":["d"],"removed":[""],"origin":"+input"}
2019-5-4 16:01:44.607#change#{"from":{"line":3,"ch":22,"sticky":null},"to":{"line":3,"ch":22,"sticky":null},"text":["e"],"removed":[""],"origin":"+input"}
2019-5-4 16:01:44.713#change#{"from":{"line":3,"ch":23,"sticky":null},"to":{"line":3,"ch":23,"sticky":null},"text":[" "],"removed":[""],"origin":"+input"}
2019-5-4 16:01:45.913#change#{"from":{"line":3,"ch":24,"sticky":null},"to":{"line":3,"ch":24,"sticky":null},"text":["B"],"removed":[""],"origin":"+input"}
2019-5-4 16:01:47.062#change#{"from":{"line":3,"ch":25,"sticky":null},"to":{"line":3,"ch":25,"sticky":null},"text":[":"],"removed":[""],"origin":"+input"}
2019-5-4 16:01:47.478#change#{"from":{"line":3,"ch":26,"sticky":null},"to":{"line":3,"ch":26,"sticky":null},"text":[" "],"removed":[""],"origin":"+input"}
2019-5-4 16:01:47.782#keyHandled#"Right"
2019-5-4 16:01:47.964#keyHandled#"Right"
2019-5-4 16:01:48.255#keyHandled#"Right"
2019-5-4 16:01:48.558#change#{"from":{"line":3,"ch":30,"sticky":"before"},"to":{"line":3,"ch":30,"sticky":"before"},"text":["",""],"removed":[""],"origin":"+input"}
2019-5-4 16:01:48.558#keyHandled#"Enter"
2019-5-4 16:01:48.563#viewportChange#0
2019-5-4 16:02:03.218#mousedown#{"isTrusted":true}
2019-5-4 16:02:09.655#change#{"from":{"line":4,"ch":0,"sticky":"after","xRel":55.09375},"to":{"line":4,"ch":0,"sticky":"after","xRel":55.09375},"text":["P"],"removed":[""],"origin":"+input"}
2019-5-4 16:02:09.886#change#{"from":{"line":4,"ch":1,"sticky":null},"to":{"line":4,"ch":1,"sticky":null},"text":["O"],"removed":[""],"origin":"+input"}
2019-5-4 16:02:10.156#change#{"from":{"line":4,"ch":2,"sticky":null},"to":{"line":4,"ch":2,"sticky":null},"text":["N"],"removed":[""],"origin":"+input"}
2019-5-4 16:02:10.376#change#{"from":{"line":4,"ch":3,"sticky":null},"to":{"line":4,"ch":3,"sticky":null},"text":["T"],"removed":[""],"origin":"+input"}
2019-5-4 16:02:10.501#change#{"from":{"line":4,"ch":4,"sticky":null},"to":{"line":4,"ch":4,"sticky":null},"text":["O"],"removed":[""],"origin":"+input"}
2019-5-4 16:02:10.522#change#{"from":{"line":4,"ch":5,"sticky":null},"to":{"line":4,"ch":5,"sticky":null},"text":["O"],"removed":[""],"origin":"+input"}
2019-5-4 16:02:11.521#change#{"from":{"line":4,"ch":5,"sticky":"after"},"to":{"line":4,"ch":6,"sticky":null},"text":[""],"removed":["O"],"origin":"+delete"}
2019-5-4 16:02:11.521#keyHandled#"Backspace"
2019-5-4 16:02:11.706#change#{"from":{"line":4,"ch":4,"sticky":"after"},"to":{"line":4,"ch":5,"sticky":null},"text":[""],"removed":["O"],"origin":"+delete"}
2019-5-4 16:02:11.706#keyHandled#"Backspace"
2019-5-4 16:02:11.867#change#{"from":{"line":4,"ch":3,"sticky":"after"},"to":{"line":4,"ch":4,"sticky":null},"text":[""],"removed":["T"],"origin":"+delete"}
2019-5-4 16:02:11.867#keyHandled#"Backspace"
2019-5-4 16:02:12.054#change#{"from":{"line":4,"ch":2,"sticky":"after"},"to":{"line":4,"ch":3,"sticky":null},"text":[""],"removed":["N"],"origin":"+delete"}
2019-5-4 16:02:12.054#keyHandled#"Backspace"
2019-5-4 16:02:12.223#change#{"from":{"line":4,"ch":1,"sticky":"after"},"to":{"line":4,"ch":2,"sticky":null},"text":[""],"removed":["O"],"origin":"+delete"}
2019-5-4 16:02:12.223#keyHandled#"Backspace"
2019-5-4 16:02:12.605#change#{"from":{"line":4,"ch":0,"sticky":"after"},"to":{"line":4,"ch":1,"sticky":null},"text":[""],"removed":["P"],"origin":"+delete"}
2019-5-4 16:02:12.605#keyHandled#"Backspace"
2019-5-4 16:02:14.010#change#{"from":{"line":4,"ch":0,"sticky":null},"to":{"line":4,"ch":0,"sticky":null},"text":["x"],"removed":[""],"origin":"+input"}
2019-5-4 16:02:14.225#change#{"from":{"line":4,"ch":1,"sticky":null},"to":{"line":4,"ch":1,"sticky":null},"text":["m"],"removed":[""],"origin":"+input"}
2019-5-4 16:02:15.127#change#{"from":{"line":4,"ch":2,"sticky":null},"to":{"line":4,"ch":2,"sticky":null},"text":[" "],"removed":[""],"origin":"+input"}
2019-5-4 16:02:15.411#change#{"from":{"line":4,"ch":3,"sticky":null},"to":{"line":4,"ch":3,"sticky":null},"text":["="],"removed":[""],"origin":"+input"}
2019-5-4 16:02:15.566#change#{"from":{"line":4,"ch":4,"sticky":null},"to":{"line":4,"ch":4,"sticky":null},"text":[" "],"removed":[""],"origin":"+input"}
2019-5-4 16:02:16.836#change#{"from":{"line":4,"ch":5,"sticky":null},"to":{"line":4,"ch":5,"sticky":null},"text":["()"],"removed":[""],"origin":"+input"}
2019-5-4 16:02:16.836#keyHandled#"'('"
2019-5-4 16:02:18.235#change#{"from":{"line":4,"ch":6,"sticky":"after"},"to":{"line":4,"ch":6,"sticky":"after"},"text":["x"],"removed":[""],"origin":"+input"}
2019-5-4 16:02:18.416#change#{"from":{"line":4,"ch":7,"sticky":null},"to":{"line":4,"ch":7,"sticky":null},"text":["b"],"removed":[""],"origin":"+input"}
2019-5-4 16:02:21.793#change#{"from":{"line":4,"ch":8,"sticky":null},"to":{"line":4,"ch":8,"sticky":null},"text":[" "],"removed":[""],"origin":"+input"}
2019-5-4 16:02:22.524#change#{"from":{"line":4,"ch":9,"sticky":null},"to":{"line":4,"ch":9,"sticky":null},"text":["+"],"removed":[""],"origin":"+input"}
2019-5-4 16:02:23.272#change#{"from":{"line":4,"ch":10,"sticky":null},"to":{"line":4,"ch":10,"sticky":null},"text":[" "],"removed":[""],"origin":"+input"}
2019-5-4 16:02:23.786#change#{"from":{"line":4,"ch":11,"sticky":null},"to":{"line":4,"ch":11,"sticky":null},"text":["x"],"removed":[""],"origin":"+input"}
2019-5-4 16:02:24.190#change#{"from":{"line":4,"ch":12,"sticky":null},"to":{"line":4,"ch":12,"sticky":null},"text":["a"],"removed":[""],"origin":"+input"}
2019-5-4 16:02:25.692#keyHandled#"Down"
2019-5-4 16:02:26.953#change#{"from":{"line":4,"ch":14,"sticky":null,"xRel":1,"outside":true,"hitSide":true},"to":{"line":4,"ch":14,"sticky":null,"xRel":1,"outside":true,"hitSide":true},"text":["?"],"removed":[""],"origin":"+input"}
2019-5-4 16:02:27.883#change#{"from":{"line":4,"ch":14,"sticky":"after"},"to":{"line":4,"ch":15,"sticky":null},"text":[""],"removed":["?"],"origin":"+delete"}
2019-5-4 16:02:27.883#keyHandled#"Backspace"
2019-5-4 16:02:28.151#change#{"from":{"line":4,"ch":14,"sticky":null},"to":{"line":4,"ch":14,"sticky":null},"text":["/"],"removed":[""],"origin":"+input"}
2019-5-4 16:02:28.374#change#{"from":{"line":4,"ch":15,"sticky":null},"to":{"line":4,"ch":15,"sticky":null},"text":["2"],"removed":[""],"origin":"+input"}
2019-5-4 16:02:29.336#change#{"from":{"line":4,"ch":16,"sticky":null},"to":{"line":4,"ch":16,"sticky":null},"text":["",""],"removed":[""],"origin":"+input"}
2019-5-4 16:02:29.336#keyHandled#"Enter"
2019-5-4 16:02:29.341#viewportChange#0
2019-5-4 16:02:31.014#change#{"from":{"line":5,"ch":0,"sticky":null},"to":{"line":5,"ch":0,"sticky":null},"text":["y"],"removed":[""],"origin":"+input"}
2019-5-4 16:02:31.285#change#{"from":{"line":5,"ch":1,"sticky":null},"to":{"line":5,"ch":1,"sticky":null},"text":["m"],"removed":[""],"origin":"+input"}
2019-5-4 16:02:32.166#change#{"from":{"line":5,"ch":2,"sticky":null},"to":{"line":5,"ch":2,"sticky":null},"text":[" "],"removed":[""],"origin":"+input"}
2019-5-4 16:02:32.431#change#{"from":{"line":5,"ch":3,"sticky":null},"to":{"line":5,"ch":3,"sticky":null},"text":["="],"removed":[""],"origin":"+input"}
2019-5-4 16:02:32.599#change#{"from":{"line":5,"ch":4,"sticky":null},"to":{"line":5,"ch":4,"sticky":null},"text":[" "],"removed":[""],"origin":"+input"}
2019-5-4 16:02:33.818#change#{"from":{"line":5,"ch":5,"sticky":null},"to":{"line":5,"ch":5,"sticky":null},"text":["()"],"removed":[""],"origin":"+input"}
2019-5-4 16:02:33.818#keyHandled#"'('"
2019-5-4 16:02:36.804#change#{"from":{"line":5,"ch":6,"sticky":"after"},"to":{"line":5,"ch":6,"sticky":"after"},"text":["y"],"removed":[""],"origin":"+input"}
2019-5-4 16:02:37.012#change#{"from":{"line":5,"ch":7,"sticky":null},"to":{"line":5,"ch":7,"sticky":null},"text":["b"],"removed":[""],"origin":"+input"}
2019-5-4 16:02:37.525#change#{"from":{"line":5,"ch":8,"sticky":null},"to":{"line":5,"ch":8,"sticky":null},"text":[" "],"removed":[""],"origin":"+input"}
2019-5-4 16:02:38.680#change#{"from":{"line":5,"ch":9,"sticky":null},"to":{"line":5,"ch":9,"sticky":null},"text":["+"],"removed":[""],"origin":"+input"}
2019-5-4 16:02:39.398#change#{"from":{"line":5,"ch":10,"sticky":null},"to":{"line":5,"ch":10,"sticky":null},"text":[" "],"removed":[""],"origin":"+input"}
2019-5-4 16:02:41.500#change#{"from":{"line":5,"ch":11,"sticky":null},"to":{"line":5,"ch":11,"sticky":null},"text":["y"],"removed":[""],"origin":"+input"}
2019-5-4 16:02:41.761#change#{"from":{"line":5,"ch":12,"sticky":null},"to":{"line":5,"ch":12,"sticky":null},"text":["a"],"removed":[""],"origin":"+input"}
2019-5-4 16:02:42.377#keyHandled#"Right"
2019-5-4 16:02:43.981#change#{"from":{"line":5,"ch":14,"sticky":"before"},"to":{"line":5,"ch":14,"sticky":"before"},"text":["/"],"removed":[""],"origin":"+input"}
2019-5-4 16:02:44.797#change#{"from":{"line":5,"ch":15,"sticky":null},"to":{"line":5,"ch":15,"sticky":null},"text":["2"],"removed":[""],"origin":"+input"}
2019-5-4 16:02:45.250#change#{"from":{"line":5,"ch":16,"sticky":null},"to":{"line":5,"ch":16,"sticky":null},"text":["",""],"removed":[""],"origin":"+input"}
2019-5-4 16:02:45.250#keyHandled#"Enter"
2019-5-4 16:02:45.254#viewportChange#0
2019-5-4 16:02:46.323#blur#
2019-5-4 16:02:52.797#mousedown#{"isTrusted":true}
2019-5-4 16:02:52.804#focus#
2019-5-4 16:02:54.325#change#{"from":{"line":5,"ch":16,"sticky":"before","xRel":33.03125},"to":{"line":5,"ch":16,"sticky":"before","xRel":33.03125},"text":["",""],"removed":[""],"origin":"+input"}
2019-5-4 16:02:54.325#keyHandled#"Enter"
2019-5-4 16:02:54.330#viewportChange#0
2019-5-4 16:02:54.980#change#{"from":{"line":6,"ch":0,"sticky":null},"to":{"line":6,"ch":0,"sticky":null},"text":["p"],"removed":[""],"origin":"+input"}
2019-5-4 16:02:55.163#change#{"from":{"line":6,"ch":1,"sticky":null},"to":{"line":6,"ch":1,"sticky":null},"text":["r"],"removed":[""],"origin":"+input"}
2019-5-4 16:02:55.293#change#{"from":{"line":6,"ch":2,"sticky":null},"to":{"line":6,"ch":2,"sticky":null},"text":["i"],"removed":[""],"origin":"+input"}
2019-5-4 16:02:55.482#change#{"from":{"line":6,"ch":3,"sticky":null},"to":{"line":6,"ch":3,"sticky":null},"text":["n"],"removed":[""],"origin":"+input"}
2019-5-4 16:02:55.610#change#{"from":{"line":6,"ch":4,"sticky":null},"to":{"line":6,"ch":4,"sticky":null},"text":["t"],"removed":[""],"origin":"+input"}
2019-5-4 16:02:56.945#change#{"from":{"line":6,"ch":5,"sticky":null},"to":{"line":6,"ch":5,"sticky":null},"text":["()"],"removed":[""],"origin":"+input"}
2019-5-4 16:02:56.945#keyHandled#"'('"
2019-5-4 16:02:57.302#change#{"from":{"line":6,"ch":6,"sticky":"after"},"to":{"line":6,"ch":6,"sticky":"after"},"text":["x"],"removed":[""],"origin":"+input"}
2019-5-4 16:02:57.468#change#{"from":{"line":6,"ch":7,"sticky":null},"to":{"line":6,"ch":7,"sticky":null},"text":["m"],"removed":[""],"origin":"+input"}
2019-5-4 16:02:58.801#keyHandled#"Right"
2019-5-4 16:02:59.127#change#{"from":{"line":6,"ch":9,"sticky":"before"},"to":{"line":6,"ch":9,"sticky":"before"},"text":["",""],"removed":[""],"origin":"+input"}
2019-5-4 16:02:59.127#keyHandled#"Enter"
2019-5-4 16:02:59.130#viewportChange#0
2019-5-4 16:02:59.976#change#{"from":{"line":7,"ch":0,"sticky":null},"to":{"line":7,"ch":0,"sticky":null},"text":["p"],"removed":[""],"origin":"+input"}
2019-5-4 16:03:00.178#change#{"from":{"line":7,"ch":1,"sticky":null},"to":{"line":7,"ch":1,"sticky":null},"text":["r"],"removed":[""],"origin":"+input"}
2019-5-4 16:03:00.309#change#{"from":{"line":7,"ch":2,"sticky":null},"to":{"line":7,"ch":2,"sticky":null},"text":["i"],"removed":[""],"origin":"+input"}
2019-5-4 16:03:00.509#change#{"from":{"line":7,"ch":3,"sticky":null},"to":{"line":7,"ch":3,"sticky":null},"text":["n"],"removed":[""],"origin":"+input"}
2019-5-4 16:03:00.628#change#{"from":{"line":7,"ch":4,"sticky":null},"to":{"line":7,"ch":4,"sticky":null},"text":["t"],"removed":[""],"origin":"+input"}
2019-5-4 16:03:01.538#change#{"from":{"line":7,"ch":5,"sticky":null},"to":{"line":7,"ch":5,"sticky":null},"text":["()"],"removed":[""],"origin":"+input"}
2019-5-4 16:03:01.538#keyHandled#"'('"
2019-5-4 16:03:03.400#change#{"from":{"line":7,"ch":6,"sticky":"after"},"to":{"line":7,"ch":6,"sticky":"after"},"text":["y"],"removed":[""],"origin":"+input"}
2019-5-4 16:03:03.680#change#{"from":{"line":7,"ch":7,"sticky":null},"to":{"line":7,"ch":7,"sticky":null},"text":["m"],"removed":[""],"origin":"+input"}
2019-5-4 16:03:03.400#change#{"from":{"line":7,"ch":6,"sticky":"after"},"to":{"line":7,"ch":6,"sticky":"after"},"text":["y"],"removed":[""],"origin":"+input"}
2019-5-4 16:03:03.680#change#{"from":{"line":7,"ch":7,"sticky":null},"to":{"line":7,"ch":7,"sticky":null},"text":["m"],"removed":[""],"origin":"+input"}
2019-5-4 16:03:05.472#submit#Your code did not produce the correct output. Please, correct your code and try again.
2019-5-4 16:03:05.472#submit#Your code did not produce the correct output. Please, correct your code and try again.
2019-5-4 16:03:06.712#blur#
2019-5-4 16:03:07.414#saida_testar#$ python3 main.py
2019-5-4 16:03:29.627#mousedown#{"isTrusted":true}
2019-5-4 16:03:29.673#focus#
2019-5-4 16:03:30.989#change#{"from":{"line":6,"ch":6,"sticky":"before","xRel":-3.078125},"to":{"line":6,"ch":6,"sticky":"before","xRel":-3.078125},"text":["r"],"removed":[""],"origin":"+input"}
2019-5-4 16:03:31.120#change#{"from":{"line":6,"ch":7,"sticky":null},"to":{"line":6,"ch":7,"sticky":null},"text":["o"],"removed":[""],"origin":"+input"}
2019-5-4 16:03:31.381#change#{"from":{"line":6,"ch":8,"sticky":null},"to":{"line":6,"ch":8,"sticky":null},"text":["u"],"removed":[""],"origin":"+input"}
2019-5-4 16:03:31.568#change#{"from":{"line":6,"ch":9,"sticky":null},"to":{"line":6,"ch":9,"sticky":null},"text":["n"],"removed":[""],"origin":"+input"}
2019-5-4 16:03:31.722#change#{"from":{"line":6,"ch":10,"sticky":null},"to":{"line":6,"ch":10,"sticky":null},"text":["d"],"removed":[""],"origin":"+input"}
2019-5-4 16:03:33.038#change#{"from":{"line":6,"ch":11,"sticky":null},"to":{"line":6,"ch":11,"sticky":null},"text":["("],"removed":[""],"origin":"+input"}
2019-5-4 16:03:33.676#keyHandled#"Right"
2019-5-4 16:03:33.866#keyHandled#"Right"
2019-5-4 16:03:34.954#change#{"from":{"line":6,"ch":14,"sticky":"before"},"to":{"line":6,"ch":14,"sticky":"before"},"text":[","],"removed":[""],"origin":"+input"}
2019-5-4 16:03:35.253#change#{"from":{"line":6,"ch":15,"sticky":null},"to":{"line":6,"ch":15,"sticky":null},"text":[" "],"removed":[""],"origin":"+input"}
2019-5-4 16:03:36.258#change#{"from":{"line":6,"ch":16,"sticky":null},"to":{"line":6,"ch":16,"sticky":null},"text":["1"],"removed":[""],"origin":"+input"}
2019-5-4 16:03:36.550#keyHandled#"Right"
2019-5-4 16:03:36.910#keyHandled#"Down"
2019-5-4 16:03:37.307#keyHandled#"Left"
2019-5-4 16:03:37.480#keyHandled#"Left"
2019-5-4 16:03:37.653#keyHandled#"Left"
2019-5-4 16:03:39.340#change#{"from":{"line":7,"ch":6,"sticky":"after"},"to":{"line":7,"ch":6,"sticky":"after"},"text":["r"],"removed":[""],"origin":"+input"}
2019-5-4 16:03:39.485#change#{"from":{"line":7,"ch":7,"sticky":null},"to":{"line":7,"ch":7,"sticky":null},"text":["o"],"removed":[""],"origin":"+input"}
2019-5-4 16:03:39.793#change#{"from":{"line":7,"ch":8,"sticky":null},"to":{"line":7,"ch":8,"sticky":null},"text":["u"],"removed":[""],"origin":"+input"}
2019-5-4 16:03:39.953#change#{"from":{"line":7,"ch":9,"sticky":null},"to":{"line":7,"ch":9,"sticky":null},"text":["n"],"removed":[""],"origin":"+input"}
2019-5-4 16:03:40.117#change#{"from":{"line":7,"ch":10,"sticky":null},"to":{"line":7,"ch":10,"sticky":null},"text":["d"],"removed":[""],"origin":"+input"}
2019-5-4 16:03:41.575#change#{"from":{"line":7,"ch":11,"sticky":null},"to":{"line":7,"ch":11,"sticky":null},"text":["("],"removed":[""],"origin":"+input"}
2019-5-4 16:03:42.246#keyHandled#"Right"
2019-5-4 16:03:42.475#keyHandled#"Right"
2019-5-4 16:03:43.653#change#{"from":{"line":7,"ch":14,"sticky":"before"},"to":{"line":7,"ch":14,"sticky":"before"},"text":[","],"removed":[""],"origin":"+input"}
2019-5-4 16:03:43.889#change#{"from":{"line":7,"ch":15,"sticky":null},"to":{"line":7,"ch":15,"sticky":null},"text":[" "],"removed":[""],"origin":"+input"}
2019-5-4 16:03:44.045#change#{"from":{"line":7,"ch":16,"sticky":null},"to":{"line":7,"ch":16,"sticky":null},"text":["1"],"removed":[""],"origin":"+input"}
2019-5-4 16:03:44.479#keyHandled#"Right"
2019-5-4 16:03:44.045#change#{"from":{"line":7,"ch":16,"sticky":null},"to":{"line":7,"ch":16,"sticky":null},"text":["1"],"removed":[""],"origin":"+input"}
2019-5-4 16:03:44.479#keyHandled#"Right"
2019-5-4 16:03:46.368#submit#Your code did not produce the correct output. Please, correct your code and try again.
2019-5-4 16:03:46.368#submit#Your code did not produce the correct output. Please, correct your code and try again.
2019-5-4 16:03:47.073#blur#
2019-5-4 16:03:47.391#saida_testar#$ python3 main.py
File "main.py", line 8
print(round(ym, 1)
SyntaxError: invalid syntax
2019-5-4 16:03:50.267#mousedown#{"isTrusted":true}
2019-5-4 16:03:50.311#focus#
2019-5-4 16:03:55.857#mousedown#{"isTrusted":true}
2019-5-4 16:03:57.067#change#{"from":{"line":7,"ch":18,"sticky":"before"},"to":{"line":7,"ch":18,"sticky":"before"},"text":[")"],"removed":[""],"origin":"+input"}
2019-5-4 16:03:57.748#keyHandled#"Up"
2019-5-4 16:03:59.715#change#{"from":{"line":6,"ch":18,"sticky":"before","xRel":7.5},"to":{"line":6,"ch":18,"sticky":"before","xRel":7.5},"text":[")"],"removed":[""],"origin":"+input"}
2019-5-4 16:03:59.715#change#{"from":{"line":6,"ch":18,"sticky":"before","xRel":7.5},"to":{"line":6,"ch":18,"sticky":"before","xRel":7.5},"text":[")"],"removed":[""],"origin":"+input"}
2019-5-4 16:04:00.634#blur#
2019-5-4 16:04:00.634#blur#
2019-5-4 16:04:01.465#saida_testar#$ python3 main.py
2019-5-4 16:04:01.852#submit#Congratulations, your code is correct!
2019-5-4 16:04:03.564#mousedown#{"isTrusted":true}
2019-5-4 16:04:03.613#focus#
2019-5-4 16:04:09.922#blur#
2019-5-4 16:05:12.199#mousedown#{"isTrusted":true}
2019-5-4 16:05:12.207#focus#
2019-5-4 16:05:16.575#mousedown#{"isTrusted":true}
2019-5-4 16:05:17.551#mousedown#{"isTrusted":true}
2019-5-4 16:05:18.995#mousedown#{"isTrusted":true}
2019-5-4 16:05:21.814#copy#{"isTrusted":true}
2019-5-4 16:05:23.102#blur#
