2019-3-20 16:57:52.901#viewportChange#0
2019-3-20 16:57:54.011#mousedown#{"isTrusted":true}
2019-3-20 16:57:54.021#focus#
2019-3-20 16:58:49.352#change#{"from":{"line":3,"ch":0,"sticky":"after","xRel":48.09375},"to":{"line":3,"ch":0,"sticky":"after","xRel":48.09375},"text":["t"],"removed":[""],"origin":"+input"}
2019-3-20 16:58:49.483#change#{"from":{"line":3,"ch":1,"sticky":null},"to":{"line":3,"ch":1,"sticky":null},"text":["e"],"removed":[""],"origin":"+input"}
2019-3-20 16:58:50.092#change#{"from":{"line":3,"ch":1,"sticky":"after"},"to":{"line":3,"ch":2,"sticky":null},"text":[""],"removed":["e"],"origin":"+delete"}
2019-3-20 16:58:50.092#keyHandled#"Backspace"
2019-3-20 16:58:51.094#change#{"from":{"line":3,"ch":1,"sticky":null},"to":{"line":3,"ch":1,"sticky":null},"text":["="],"removed":[""],"origin":"+input"}
2019-3-20 16:58:51.783#change#{"from":{"line":3,"ch":2,"sticky":null},"to":{"line":3,"ch":2,"sticky":null},"text":["s"],"removed":[""],"origin":"+input"}
2019-3-20 16:58:52.097#change#{"from":{"line":3,"ch":3,"sticky":null},"to":{"line":3,"ch":3,"sticky":null},"text":["t"],"removed":[""],"origin":"+input"}
2019-3-20 16:58:52.237#change#{"from":{"line":3,"ch":4,"sticky":null},"to":{"line":3,"ch":4,"sticky":null},"text":["r"],"removed":[""],"origin":"+input"}
2019-3-20 16:58:52.263#change#{"from":{"line":3,"ch":5,"sticky":null},"to":{"line":3,"ch":5,"sticky":null},"text":["i"],"removed":[""],"origin":"+input"}
2019-3-20 16:58:52.356#change#{"from":{"line":3,"ch":6,"sticky":null},"to":{"line":3,"ch":6,"sticky":null},"text":["n"],"removed":[""],"origin":"+input"}
2019-3-20 16:58:53.324#change#{"from":{"line":3,"ch":7,"sticky":null},"to":{"line":3,"ch":7,"sticky":null},"text":["g"],"removed":[""],"origin":"+input"}
2019-3-20 16:58:53.691#change#{"from":{"line":3,"ch":8,"sticky":null},"to":{"line":3,"ch":8,"sticky":null},"text":["()"],"removed":[""],"origin":"+input"}
2019-3-20 16:58:53.691#keyHandled#"'('"
2019-3-20 16:58:55.719#change#{"from":{"line":3,"ch":8,"sticky":null},"to":{"line":3,"ch":10,"sticky":null},"text":[""],"removed":["()"],"origin":"+delete"}
2019-3-20 16:58:55.719#keyHandled#"Backspace"
2019-3-20 16:58:57.217#change#{"from":{"line":3,"ch":7,"sticky":"after"},"to":{"line":3,"ch":8,"sticky":null},"text":[""],"removed":["g"],"origin":"+delete"}
2019-3-20 16:58:57.217#keyHandled#"Backspace"
2019-3-20 16:58:57.411#change#{"from":{"line":3,"ch":6,"sticky":"after"},"to":{"line":3,"ch":7,"sticky":null},"text":[""],"removed":["n"],"origin":"+delete"}
2019-3-20 16:58:57.411#keyHandled#"Backspace"
2019-3-20 16:58:57.606#change#{"from":{"line":3,"ch":5,"sticky":"after"},"to":{"line":3,"ch":6,"sticky":null},"text":[""],"removed":["i"],"origin":"+delete"}
2019-3-20 16:58:57.606#keyHandled#"Backspace"
2019-3-20 16:58:57.800#change#{"from":{"line":3,"ch":4,"sticky":"after"},"to":{"line":3,"ch":5,"sticky":null},"text":[""],"removed":["r"],"origin":"+delete"}
2019-3-20 16:58:57.800#keyHandled#"Backspace"
2019-3-20 16:58:58.017#change#{"from":{"line":3,"ch":3,"sticky":"after"},"to":{"line":3,"ch":4,"sticky":null},"text":[""],"removed":["t"],"origin":"+delete"}
2019-3-20 16:58:58.017#keyHandled#"Backspace"
2019-3-20 16:58:58.392#change#{"from":{"line":3,"ch":2,"sticky":"after"},"to":{"line":3,"ch":3,"sticky":null},"text":[""],"removed":["s"],"origin":"+delete"}
2019-3-20 16:58:58.392#keyHandled#"Backspace"
2019-3-20 16:58:59.960#change#{"from":{"line":3,"ch":2,"sticky":null},"to":{"line":3,"ch":2,"sticky":null},"text":["s"],"removed":[""],"origin":"+input"}
2019-3-20 16:59:00.353#change#{"from":{"line":3,"ch":3,"sticky":null},"to":{"line":3,"ch":3,"sticky":null},"text":["t"],"removed":[""],"origin":"+input"}
2019-3-20 16:59:00.418#change#{"from":{"line":3,"ch":4,"sticky":null},"to":{"line":3,"ch":4,"sticky":null},"text":["r"],"removed":[""],"origin":"+input"}
2019-3-20 16:59:00.500#change#{"from":{"line":3,"ch":5,"sticky":null},"to":{"line":3,"ch":5,"sticky":null},"text":["i"],"removed":[""],"origin":"+input"}
2019-3-20 16:59:01.103#change#{"from":{"line":3,"ch":6,"sticky":null},"to":{"line":3,"ch":6,"sticky":null},"text":["n"],"removed":[""],"origin":"+input"}
2019-3-20 16:59:01.384#change#{"from":{"line":3,"ch":7,"sticky":null},"to":{"line":3,"ch":7,"sticky":null},"text":["g"],"removed":[""],"origin":"+input"}
2019-3-20 16:59:01.892#change#{"from":{"line":3,"ch":7,"sticky":"after"},"to":{"line":3,"ch":8,"sticky":null},"text":[""],"removed":["g"],"origin":"+delete"}
2019-3-20 16:59:01.892#keyHandled#"Backspace"
2019-3-20 16:59:02.276#change#{"from":{"line":3,"ch":6,"sticky":"after"},"to":{"line":3,"ch":7,"sticky":null},"text":[""],"removed":["n"],"origin":"+delete"}
2019-3-20 16:59:02.276#keyHandled#"Backspace"
2019-3-20 16:59:02.669#change#{"from":{"line":3,"ch":5,"sticky":"after"},"to":{"line":3,"ch":6,"sticky":null},"text":[""],"removed":["i"],"origin":"+delete"}
2019-3-20 16:59:02.669#keyHandled#"Backspace"
2019-3-20 16:59:03.892#change#{"from":{"line":3,"ch":4,"sticky":"after"},"to":{"line":3,"ch":5,"sticky":null},"text":[""],"removed":["r"],"origin":"+delete"}
2019-3-20 16:59:03.892#keyHandled#"Backspace"
2019-3-20 16:59:04.261#change#{"from":{"line":3,"ch":3,"sticky":"after"},"to":{"line":3,"ch":4,"sticky":null},"text":[""],"removed":["t"],"origin":"+delete"}
2019-3-20 16:59:04.262#keyHandled#"Backspace"
2019-3-20 16:59:08.248#change#{"from":{"line":3,"ch":2,"sticky":"after"},"to":{"line":3,"ch":3,"sticky":null},"text":[""],"removed":["s"],"origin":"+delete"}
2019-3-20 16:59:08.248#keyHandled#"Backspace"
2019-3-20 16:59:09.204#change#{"from":{"line":3,"ch":2,"sticky":null},"to":{"line":3,"ch":2,"sticky":null},"text":["i"],"removed":[""],"origin":"+input"}
2019-3-20 16:59:09.287#change#{"from":{"line":3,"ch":3,"sticky":null},"to":{"line":3,"ch":3,"sticky":null},"text":["n"],"removed":[""],"origin":"+input"}
2019-3-20 16:59:09.525#change#{"from":{"line":3,"ch":4,"sticky":null},"to":{"line":3,"ch":4,"sticky":null},"text":["p"],"removed":[""],"origin":"+input"}
2019-3-20 16:59:09.661#change#{"from":{"line":3,"ch":5,"sticky":null},"to":{"line":3,"ch":5,"sticky":null},"text":["u"],"removed":[""],"origin":"+input"}
2019-3-20 16:59:09.749#change#{"from":{"line":3,"ch":6,"sticky":null},"to":{"line":3,"ch":6,"sticky":null},"text":["t"],"removed":[""],"origin":"+input"}
2019-3-20 16:59:10.544#change#{"from":{"line":3,"ch":7,"sticky":null},"to":{"line":3,"ch":7,"sticky":null},"text":["()"],"removed":[""],"origin":"+input"}
2019-3-20 16:59:10.544#keyHandled#"'('"
2019-3-20 16:59:12.474#change#{"from":{"line":3,"ch":8,"sticky":"after"},"to":{"line":3,"ch":8,"sticky":"after"},"text":["\"\""],"removed":[""],"origin":"+input"}
2019-3-20 16:59:12.474#keyHandled#"'\"'"
2019-3-20 16:59:12.879#change#{"from":{"line":3,"ch":9,"sticky":"after"},"to":{"line":3,"ch":9,"sticky":"after"},"text":["d"],"removed":[""],"origin":"+input"}
2019-3-20 16:59:13.001#change#{"from":{"line":3,"ch":10,"sticky":null},"to":{"line":3,"ch":10,"sticky":null},"text":["i"],"removed":[""],"origin":"+input"}
2019-3-20 16:59:13.202#change#{"from":{"line":3,"ch":11,"sticky":null},"to":{"line":3,"ch":11,"sticky":null},"text":["g"],"removed":[""],"origin":"+input"}
2019-3-20 16:59:13.276#change#{"from":{"line":3,"ch":12,"sticky":null},"to":{"line":3,"ch":12,"sticky":null},"text":["i"],"removed":[""],"origin":"+input"}
2019-3-20 16:59:13.430#change#{"from":{"line":3,"ch":13,"sticky":null},"to":{"line":3,"ch":13,"sticky":null},"text":["t"],"removed":[""],"origin":"+input"}
2019-3-20 16:59:13.522#change#{"from":{"line":3,"ch":14,"sticky":null},"to":{"line":3,"ch":14,"sticky":null},"text":["e"],"removed":[""],"origin":"+input"}
2019-3-20 16:59:13.719#change#{"from":{"line":3,"ch":15,"sticky":null},"to":{"line":3,"ch":15,"sticky":null},"text":[" "],"removed":[""],"origin":"+input"}
2019-3-20 16:59:13.902#change#{"from":{"line":3,"ch":16,"sticky":null},"to":{"line":3,"ch":16,"sticky":null},"text":["s"],"removed":[""],"origin":"+input"}
2019-3-20 16:59:14.099#change#{"from":{"line":3,"ch":17,"sticky":null},"to":{"line":3,"ch":17,"sticky":null},"text":["e"],"removed":[""],"origin":"+input"}
2019-3-20 16:59:14.183#change#{"from":{"line":3,"ch":18,"sticky":null},"to":{"line":3,"ch":18,"sticky":null},"text":["u"],"removed":[""],"origin":"+input"}
2019-3-20 16:59:14.324#change#{"from":{"line":3,"ch":19,"sticky":null},"to":{"line":3,"ch":19,"sticky":null},"text":[" "],"removed":[""],"origin":"+input"}
2019-3-20 16:59:14.603#change#{"from":{"line":3,"ch":20,"sticky":null},"to":{"line":3,"ch":20,"sticky":null},"text":["t"],"removed":[""],"origin":"+input"}
2019-3-20 16:59:14.698#change#{"from":{"line":3,"ch":21,"sticky":null},"to":{"line":3,"ch":21,"sticky":null},"text":["e"],"removed":[""],"origin":"+input"}
2019-3-20 16:59:14.901#change#{"from":{"line":3,"ch":22,"sticky":null},"to":{"line":3,"ch":22,"sticky":null},"text":["x"],"removed":[""],"origin":"+input"}
2019-3-20 16:59:15.028#change#{"from":{"line":3,"ch":23,"sticky":null},"to":{"line":3,"ch":23,"sticky":null},"text":["t"],"removed":[""],"origin":"+input"}
2019-3-20 16:59:15.351#change#{"from":{"line":3,"ch":24,"sticky":null},"to":{"line":3,"ch":24,"sticky":null},"text":["o"],"removed":[""],"origin":"+input"}
2019-3-20 16:59:16.990#change#{"from":{"line":3,"ch":25,"sticky":null},"to":{"line":3,"ch":25,"sticky":null},"text":[":"],"removed":[""],"origin":"+input"}
2019-3-20 16:59:17.608#change#{"from":{"line":3,"ch":26,"sticky":null},"to":{"line":3,"ch":26,"sticky":null},"text":[" "],"removed":[""],"origin":"+input"}
2019-3-20 16:59:17.948#keyHandled#"'\"'"
2019-3-20 16:59:17.608#change#{"from":{"line":3,"ch":26,"sticky":null},"to":{"line":3,"ch":26,"sticky":null},"text":[" "],"removed":[""],"origin":"+input"}
2019-3-20 16:59:17.948#keyHandled#"'\"'"
2019-3-20 16:59:19.511#blur#
2019-3-20 16:59:20.766#saida_testar#$ python3 main.py
2019-3-20 16:59:23.701#mousedown#{"isTrusted":true}
2019-3-20 16:59:23.803#focus#
2019-3-20 16:59:24.203#mousedown#{"isTrusted":true}
2019-3-20 16:59:25.260#change#{"from":{"line":3,"ch":29,"sticky":null,"xRel":1,"outside":true},"to":{"line":3,"ch":29,"sticky":null,"xRel":1,"outside":true},"text":["",""],"removed":[""],"origin":"+input"}
2019-3-20 16:59:25.260#keyHandled#"Enter"
2019-3-20 16:59:25.265#viewportChange#0
2019-3-20 16:59:41.981#change#{"from":{"line":4,"ch":0,"sticky":null},"to":{"line":4,"ch":0,"sticky":null},"text":["p"],"removed":[""],"origin":"+input"}
2019-3-20 16:59:42.135#change#{"from":{"line":4,"ch":1,"sticky":null},"to":{"line":4,"ch":1,"sticky":null},"text":["r"],"removed":[""],"origin":"+input"}
2019-3-20 16:59:42.270#change#{"from":{"line":4,"ch":2,"sticky":null},"to":{"line":4,"ch":2,"sticky":null},"text":["i"],"removed":[""],"origin":"+input"}
2019-3-20 16:59:42.364#change#{"from":{"line":4,"ch":3,"sticky":null},"to":{"line":4,"ch":3,"sticky":null},"text":["n"],"removed":[""],"origin":"+input"}
2019-3-20 16:59:42.465#change#{"from":{"line":4,"ch":4,"sticky":null},"to":{"line":4,"ch":4,"sticky":null},"text":["t"],"removed":[""],"origin":"+input"}
2019-3-20 16:59:44.257#change#{"from":{"line":4,"ch":5,"sticky":null},"to":{"line":4,"ch":5,"sticky":null},"text":["()"],"removed":[""],"origin":"+input"}
2019-3-20 16:59:44.257#keyHandled#"'('"
2019-3-20 16:59:45.155#change#{"from":{"line":4,"ch":6,"sticky":"after"},"to":{"line":4,"ch":6,"sticky":"after"},"text":["t"],"removed":[""],"origin":"+input"}
2019-3-20 16:59:50.250#change#{"from":{"line":4,"ch":7,"sticky":null},"to":{"line":4,"ch":7,"sticky":null},"text":["."],"removed":[""],"origin":"+input"}
2019-3-20 16:59:50.640#change#{"from":{"line":4,"ch":8,"sticky":null},"to":{"line":4,"ch":8,"sticky":null},"text":["u"],"removed":[""],"origin":"+input"}
2019-3-20 16:59:50.845#change#{"from":{"line":4,"ch":9,"sticky":null},"to":{"line":4,"ch":9,"sticky":null},"text":["p"],"removed":[""],"origin":"+input"}
2019-3-20 16:59:50.991#change#{"from":{"line":4,"ch":10,"sticky":null},"to":{"line":4,"ch":10,"sticky":null},"text":["p"],"removed":[""],"origin":"+input"}
2019-3-20 16:59:51.152#change#{"from":{"line":4,"ch":11,"sticky":null},"to":{"line":4,"ch":11,"sticky":null},"text":["e"],"removed":[""],"origin":"+input"}
2019-3-20 16:59:51.264#change#{"from":{"line":4,"ch":12,"sticky":null},"to":{"line":4,"ch":12,"sticky":null},"text":["r"],"removed":[""],"origin":"+input"}
2019-3-20 16:59:52.978#change#{"from":{"line":4,"ch":13,"sticky":null},"to":{"line":4,"ch":13,"sticky":null},"text":["()"],"removed":[""],"origin":"+input"}
2019-3-20 16:59:52.978#keyHandled#"'('"
2019-3-20 16:59:53.133#keyHandled#"')'"
2019-3-20 16:59:53.409#keyHandled#"')'"
2019-3-20 16:59:53.133#keyHandled#"')'"
2019-3-20 16:59:53.409#keyHandled#"')'"
2019-3-20 16:59:58.330#blur#
2019-3-20 16:59:58.536#saida_testar#$ python3 main.py
2019-3-27 16:27:04.491#viewportChange#0
