2019-6-11 17:48:38.949#viewportChange#0
2019-6-11 17:48:45.324#mousedown#{"isTrusted":true}
2019-6-11 17:48:45.329#focus#
2019-6-11 17:48:46.360#change#{"from":{"line":0,"ch":0,"sticky":"after","xRel":41.79998779296875},"to":{"line":0,"ch":0,"sticky":"after","xRel":41.79998779296875},"text":["f"],"removed":[""],"origin":"+input"}
2019-6-11 17:48:46.984#change#{"from":{"line":0,"ch":1,"sticky":null},"to":{"line":0,"ch":1,"sticky":null},"text":["r"],"removed":[""],"origin":"+input"}
2019-6-11 17:48:47.108#change#{"from":{"line":0,"ch":2,"sticky":null},"to":{"line":0,"ch":2,"sticky":null},"text":["o"],"removed":[""],"origin":"+input"}
2019-6-11 17:48:47.340#change#{"from":{"line":0,"ch":3,"sticky":null},"to":{"line":0,"ch":3,"sticky":null},"text":["m"],"removed":[""],"origin":"+input"}
2019-6-11 17:48:47.498#change#{"from":{"line":0,"ch":4,"sticky":null},"to":{"line":0,"ch":4,"sticky":null},"text":[" "],"removed":[""],"origin":"+input"}
2019-6-11 17:48:48.086#change#{"from":{"line":0,"ch":5,"sticky":null},"to":{"line":0,"ch":5,"sticky":null},"text":["n"],"removed":[""],"origin":"+input"}
2019-6-11 17:48:48.204#change#{"from":{"line":0,"ch":6,"sticky":null},"to":{"line":0,"ch":6,"sticky":null},"text":["u"],"removed":[""],"origin":"+input"}
2019-6-11 17:48:48.361#change#{"from":{"line":0,"ch":7,"sticky":null},"to":{"line":0,"ch":7,"sticky":null},"text":["m"],"removed":[""],"origin":"+input"}
2019-6-11 17:48:48.522#change#{"from":{"line":0,"ch":8,"sticky":null},"to":{"line":0,"ch":8,"sticky":null},"text":["p"],"removed":[""],"origin":"+input"}
2019-6-11 17:48:49.185#change#{"from":{"line":0,"ch":9,"sticky":null},"to":{"line":0,"ch":9,"sticky":null},"text":["y"],"removed":[""],"origin":"+input"}
2019-6-11 17:48:49.304#change#{"from":{"line":0,"ch":10,"sticky":null},"to":{"line":0,"ch":10,"sticky":null},"text":[" "],"removed":[""],"origin":"+input"}
2019-6-11 17:48:49.462#change#{"from":{"line":0,"ch":11,"sticky":null},"to":{"line":0,"ch":11,"sticky":null},"text":["9"],"removed":[""],"origin":"+input"}
2019-6-11 17:48:49.582#change#{"from":{"line":0,"ch":12,"sticky":null},"to":{"line":0,"ch":12,"sticky":null},"text":["m"],"removed":[""],"origin":"+input"}
2019-6-11 17:48:49.914#change#{"from":{"line":0,"ch":12,"sticky":"after"},"to":{"line":0,"ch":13,"sticky":null},"text":[""],"removed":["m"],"origin":"+delete"}
2019-6-11 17:48:49.914#keyHandled#"Backspace"
2019-6-11 17:48:50.033#change#{"from":{"line":0,"ch":11,"sticky":"after"},"to":{"line":0,"ch":12,"sticky":null},"text":[""],"removed":["9"],"origin":"+delete"}
2019-6-11 17:48:50.033#keyHandled#"Backspace"
2019-6-11 17:48:50.211#change#{"from":{"line":0,"ch":10,"sticky":"after"},"to":{"line":0,"ch":11,"sticky":null},"text":[""],"removed":[" "],"origin":"+delete"}
2019-6-11 17:48:50.211#keyHandled#"Backspace"
2019-6-11 17:48:51.073#change#{"from":{"line":0,"ch":10,"sticky":null},"to":{"line":0,"ch":10,"sticky":null},"text":[" "],"removed":[""],"origin":"+input"}
2019-6-11 17:48:51.230#change#{"from":{"line":0,"ch":11,"sticky":null},"to":{"line":0,"ch":11,"sticky":null},"text":["i"],"removed":[""],"origin":"+input"}
2019-6-11 17:48:51.349#change#{"from":{"line":0,"ch":12,"sticky":null},"to":{"line":0,"ch":12,"sticky":null},"text":["m"],"removed":[""],"origin":"+input"}
2019-6-11 17:48:51.507#change#{"from":{"line":0,"ch":13,"sticky":null},"to":{"line":0,"ch":13,"sticky":null},"text":["p"],"removed":[""],"origin":"+input"}
2019-6-11 17:48:51.669#change#{"from":{"line":0,"ch":14,"sticky":null},"to":{"line":0,"ch":14,"sticky":null},"text":["o"],"removed":[""],"origin":"+input"}
2019-6-11 17:48:51.755#change#{"from":{"line":0,"ch":15,"sticky":null},"to":{"line":0,"ch":15,"sticky":null},"text":["r"],"removed":[""],"origin":"+input"}
2019-6-11 17:48:51.958#change#{"from":{"line":0,"ch":16,"sticky":null},"to":{"line":0,"ch":16,"sticky":null},"text":["t"],"removed":[""],"origin":"+input"}
2019-6-11 17:48:52.694#change#{"from":{"line":0,"ch":17,"sticky":null},"to":{"line":0,"ch":17,"sticky":null},"text":["*"],"removed":[""],"origin":"+input"}
2019-6-11 17:48:54.380#change#{"from":{"line":0,"ch":18,"sticky":null},"to":{"line":0,"ch":18,"sticky":null},"text":["",""],"removed":[""],"origin":"+input"}
2019-6-11 17:48:54.380#keyHandled#"Enter"
2019-6-11 17:48:54.388#viewportChange#0
2019-6-11 17:48:54.773#change#{"from":{"line":1,"ch":0,"sticky":null},"to":{"line":1,"ch":0,"sticky":null},"text":["",""],"removed":[""],"origin":"+input"}
2019-6-11 17:48:54.773#keyHandled#"Enter"
2019-6-11 17:48:54.778#viewportChange#0
2019-6-11 17:49:36.550#change#{"from":{"line":2,"ch":0,"sticky":null},"to":{"line":2,"ch":0,"sticky":null},"text":["v"],"removed":[""],"origin":"+input"}
2019-6-11 17:49:36.669#change#{"from":{"line":2,"ch":1,"sticky":null},"to":{"line":2,"ch":1,"sticky":null},"text":["e"],"removed":[""],"origin":"+input"}
2019-6-11 17:49:36.786#change#{"from":{"line":2,"ch":2,"sticky":null},"to":{"line":2,"ch":2,"sticky":null},"text":["t"],"removed":[""],"origin":"+input"}
2019-6-11 17:49:38.625#change#{"from":{"line":2,"ch":3,"sticky":null},"to":{"line":2,"ch":3,"sticky":null},"text":["="],"removed":[""],"origin":"+input"}
2019-6-11 17:49:38.784#change#{"from":{"line":2,"ch":4,"sticky":null},"to":{"line":2,"ch":4,"sticky":null},"text":["a"],"removed":[""],"origin":"+input"}
2019-6-11 17:49:39.175#change#{"from":{"line":2,"ch":5,"sticky":null},"to":{"line":2,"ch":5,"sticky":null},"text":["r"],"removed":[""],"origin":"+input"}
2019-6-11 17:49:39.333#change#{"from":{"line":2,"ch":6,"sticky":null},"to":{"line":2,"ch":6,"sticky":null},"text":["r"],"removed":[""],"origin":"+input"}
2019-6-11 17:49:39.578#change#{"from":{"line":2,"ch":7,"sticky":null},"to":{"line":2,"ch":7,"sticky":null},"text":["a"],"removed":[""],"origin":"+input"}
2019-6-11 17:49:40.245#change#{"from":{"line":2,"ch":8,"sticky":null},"to":{"line":2,"ch":8,"sticky":null},"text":["y"],"removed":[""],"origin":"+input"}
2019-6-11 17:49:40.864#change#{"from":{"line":2,"ch":9,"sticky":null},"to":{"line":2,"ch":9,"sticky":null},"text":["()"],"removed":[""],"origin":"+input"}
2019-6-11 17:49:40.864#keyHandled#"'('"
2019-6-11 17:49:41.607#change#{"from":{"line":2,"ch":10,"sticky":"after"},"to":{"line":2,"ch":10,"sticky":"after"},"text":["e"],"removed":[""],"origin":"+input"}
2019-6-11 17:49:41.809#change#{"from":{"line":2,"ch":11,"sticky":null},"to":{"line":2,"ch":11,"sticky":null},"text":["c"],"removed":[""],"origin":"+input"}
2019-6-11 17:49:42.161#change#{"from":{"line":2,"ch":11,"sticky":"after"},"to":{"line":2,"ch":12,"sticky":null},"text":[""],"removed":["c"],"origin":"+delete"}
2019-6-11 17:49:42.161#keyHandled#"Backspace"
2019-6-11 17:49:42.241#change#{"from":{"line":2,"ch":11,"sticky":null},"to":{"line":2,"ch":11,"sticky":null},"text":["v"],"removed":[""],"origin":"+input"}
2019-6-11 17:49:42.479#change#{"from":{"line":2,"ch":12,"sticky":null},"to":{"line":2,"ch":12,"sticky":null},"text":["a"],"removed":[""],"origin":"+input"}
2019-6-11 17:49:42.557#change#{"from":{"line":2,"ch":13,"sticky":null},"to":{"line":2,"ch":13,"sticky":null},"text":["l"],"removed":[""],"origin":"+input"}
2019-6-11 17:49:43.295#change#{"from":{"line":2,"ch":14,"sticky":null},"to":{"line":2,"ch":14,"sticky":null},"text":["()"],"removed":[""],"origin":"+input"}
2019-6-11 17:49:43.295#keyHandled#"'('"
2019-6-11 17:49:44.314#change#{"from":{"line":2,"ch":15,"sticky":"after"},"to":{"line":2,"ch":15,"sticky":"after"},"text":["i"],"removed":[""],"origin":"+input"}
2019-6-11 17:49:44.484#change#{"from":{"line":2,"ch":16,"sticky":null},"to":{"line":2,"ch":16,"sticky":null},"text":["n"],"removed":[""],"origin":"+input"}
2019-6-11 17:49:44.699#change#{"from":{"line":2,"ch":17,"sticky":null},"to":{"line":2,"ch":17,"sticky":null},"text":["p"],"removed":[""],"origin":"+input"}
2019-6-11 17:49:45.403#change#{"from":{"line":2,"ch":18,"sticky":null},"to":{"line":2,"ch":18,"sticky":null},"text":["u"],"removed":[""],"origin":"+input"}
2019-6-11 17:49:45.523#change#{"from":{"line":2,"ch":19,"sticky":null},"to":{"line":2,"ch":19,"sticky":null},"text":["t"],"removed":[""],"origin":"+input"}
2019-6-11 17:49:46.070#change#{"from":{"line":2,"ch":20,"sticky":null},"to":{"line":2,"ch":20,"sticky":null},"text":["()"],"removed":[""],"origin":"+input"}
2019-6-11 17:49:46.070#keyHandled#"'('"
2019-6-11 17:49:48.069#change#{"from":{"line":2,"ch":21,"sticky":"after"},"to":{"line":2,"ch":21,"sticky":"after"},"text":["\"\""],"removed":[""],"origin":"+input"}
2019-6-11 17:49:48.069#keyHandled#"'\"'"
2019-6-11 17:49:49.206#change#{"from":{"line":2,"ch":22,"sticky":"after"},"to":{"line":2,"ch":22,"sticky":"after"},"text":["D"],"removed":[""],"origin":"+input"}
2019-6-11 17:49:50.154#change#{"from":{"line":2,"ch":22,"sticky":"after"},"to":{"line":2,"ch":23,"sticky":null},"text":[""],"removed":["D"],"origin":"+delete"}
2019-6-11 17:49:50.154#keyHandled#"Backspace"
2019-6-11 17:49:51.295#change#{"from":{"line":2,"ch":22,"sticky":null},"to":{"line":2,"ch":22,"sticky":null},"text":["D"],"removed":[""],"origin":"+input"}
2019-6-11 17:49:51.579#change#{"from":{"line":2,"ch":23,"sticky":null},"to":{"line":2,"ch":23,"sticky":null},"text":["i"],"removed":[""],"origin":"+input"}
2019-6-11 17:49:51.896#change#{"from":{"line":2,"ch":24,"sticky":null},"to":{"line":2,"ch":24,"sticky":null},"text":["g"],"removed":[""],"origin":"+input"}
2019-6-11 17:49:52.013#change#{"from":{"line":2,"ch":25,"sticky":null},"to":{"line":2,"ch":25,"sticky":null},"text":["i"],"removed":[""],"origin":"+input"}
2019-6-11 17:49:52.797#change#{"from":{"line":2,"ch":26,"sticky":null},"to":{"line":2,"ch":26,"sticky":null},"text":["t"],"removed":[""],"origin":"+input"}
2019-6-11 17:49:53.033#change#{"from":{"line":2,"ch":27,"sticky":null},"to":{"line":2,"ch":27,"sticky":null},"text":["e"],"removed":[""],"origin":"+input"}
2019-6-11 17:49:53.198#change#{"from":{"line":2,"ch":28,"sticky":null},"to":{"line":2,"ch":28,"sticky":null},"text":[" "],"removed":[""],"origin":"+input"}
2019-6-11 17:49:54.051#change#{"from":{"line":2,"ch":28,"sticky":"after"},"to":{"line":2,"ch":29,"sticky":null},"text":[""],"removed":[" "],"origin":"+delete"}
2019-6-11 17:49:54.051#keyHandled#"Backspace"
2019-6-11 17:49:54.210#change#{"from":{"line":2,"ch":27,"sticky":"after"},"to":{"line":2,"ch":28,"sticky":null},"text":[""],"removed":["e"],"origin":"+delete"}
2019-6-11 17:49:54.210#keyHandled#"Backspace"
2019-6-11 17:49:54.445#change#{"from":{"line":2,"ch":26,"sticky":"after"},"to":{"line":2,"ch":27,"sticky":null},"text":[""],"removed":["t"],"origin":"+delete"}
2019-6-11 17:49:54.445#keyHandled#"Backspace"
2019-6-11 17:49:54.565#change#{"from":{"line":2,"ch":25,"sticky":"after"},"to":{"line":2,"ch":26,"sticky":null},"text":[""],"removed":["i"],"origin":"+delete"}
2019-6-11 17:49:54.565#keyHandled#"Backspace"
2019-6-11 17:49:54.723#change#{"from":{"line":2,"ch":24,"sticky":"after"},"to":{"line":2,"ch":25,"sticky":null},"text":[""],"removed":["g"],"origin":"+delete"}
2019-6-11 17:49:54.723#keyHandled#"Backspace"
2019-6-11 17:49:54.881#change#{"from":{"line":2,"ch":23,"sticky":"after"},"to":{"line":2,"ch":24,"sticky":null},"text":[""],"removed":["i"],"origin":"+delete"}
2019-6-11 17:49:54.881#keyHandled#"Backspace"
2019-6-11 17:49:55.351#change#{"from":{"line":2,"ch":22,"sticky":"after"},"to":{"line":2,"ch":23,"sticky":null},"text":[""],"removed":["D"],"origin":"+delete"}
2019-6-11 17:49:55.351#keyHandled#"Backspace"
2019-6-11 17:49:55.633#change#{"from":{"line":2,"ch":22,"sticky":null},"to":{"line":2,"ch":22,"sticky":null},"text":["D"],"removed":[""],"origin":"+input"}
2019-6-11 17:49:55.884#change#{"from":{"line":2,"ch":23,"sticky":null},"to":{"line":2,"ch":23,"sticky":null},"text":["i"],"removed":[""],"origin":"+input"}
2019-6-11 17:49:56.201#change#{"from":{"line":2,"ch":24,"sticky":null},"to":{"line":2,"ch":24,"sticky":null},"text":["g"],"removed":[""],"origin":"+input"}
2019-6-11 17:49:56.279#change#{"from":{"line":2,"ch":25,"sticky":null},"to":{"line":2,"ch":25,"sticky":null},"text":["i"],"removed":[""],"origin":"+input"}
2019-6-11 17:49:56.517#change#{"from":{"line":2,"ch":26,"sticky":null},"to":{"line":2,"ch":26,"sticky":null},"text":["t"],"removed":[""],"origin":"+input"}
2019-6-11 17:49:56.989#change#{"from":{"line":2,"ch":28,"sticky":null},"to":{"line":2,"ch":28,"sticky":null},"text":[" "],"removed":[""],"origin":"+input"}
2019-6-11 17:49:58.592#change#{"from":{"line":2,"ch":29,"sticky":null},"to":{"line":2,"ch":29,"sticky":null},"text":["u"],"removed":[""],"origin":"+input"}
2019-6-11 17:49:58.790#change#{"from":{"line":2,"ch":30,"sticky":null},"to":{"line":2,"ch":30,"sticky":null},"text":["m"],"removed":[""],"origin":"+input"}
2019-6-11 17:49:59.181#change#{"from":{"line":2,"ch":31,"sticky":null},"to":{"line":2,"ch":31,"sticky":null},"text":[" "],"removed":[""],"origin":"+input"}
2019-6-11 17:49:59.805#change#{"from":{"line":2,"ch":31,"sticky":"after"},"to":{"line":2,"ch":32,"sticky":null},"text":[""],"removed":[" "],"origin":"+delete"}
2019-6-11 17:49:59.805#keyHandled#"Backspace"
2019-6-11 17:49:59.964#change#{"from":{"line":2,"ch":30,"sticky":"after"},"to":{"line":2,"ch":31,"sticky":null},"text":[""],"removed":["m"],"origin":"+delete"}
2019-6-11 17:49:59.964#keyHandled#"Backspace"
2019-6-11 17:50:00.102#change#{"from":{"line":2,"ch":29,"sticky":"after"},"to":{"line":2,"ch":30,"sticky":null},"text":[""],"removed":["u"],"origin":"+delete"}
2019-6-11 17:50:00.102#keyHandled#"Backspace"
2019-6-11 17:50:01.863#change#{"from":{"line":2,"ch":29,"sticky":null},"to":{"line":2,"ch":29,"sticky":null},"text":["o"],"removed":[""],"origin":"+input"}
2019-6-11 17:50:01.942#change#{"from":{"line":2,"ch":30,"sticky":null},"to":{"line":2,"ch":30,"sticky":null},"text":["s"],"removed":[""],"origin":"+input"}
2019-6-11 17:50:02.060#change#{"from":{"line":2,"ch":31,"sticky":null},"to":{"line":2,"ch":31,"sticky":null},"text":[" "],"removed":[""],"origin":"+input"}
2019-6-11 17:50:02.297#change#{"from":{"line":2,"ch":31,"sticky":"after"},"to":{"line":2,"ch":32,"sticky":null},"text":[""],"removed":[" "],"origin":"+delete"}
2019-6-11 17:50:02.297#keyHandled#"Backspace"
2019-6-11 17:50:02.456#change#{"from":{"line":2,"ch":30,"sticky":"after"},"to":{"line":2,"ch":31,"sticky":null},"text":[""],"removed":["s"],"origin":"+delete"}
2019-6-11 17:50:02.456#keyHandled#"Backspace"
2019-6-11 17:50:02.614#change#{"from":{"line":2,"ch":29,"sticky":"after"},"to":{"line":2,"ch":30,"sticky":null},"text":[""],"removed":["o"],"origin":"+delete"}
2019-6-11 17:50:02.614#keyHandled#"Backspace"
2019-6-11 17:50:02.772#change#{"from":{"line":2,"ch":28,"sticky":"after"},"to":{"line":2,"ch":29,"sticky":null},"text":[""],"removed":[" "],"origin":"+delete"}
2019-6-11 17:50:02.772#keyHandled#"Backspace"
2019-6-11 17:50:03.127#change#{"from":{"line":2,"ch":28,"sticky":null},"to":{"line":2,"ch":28,"sticky":null},"text":[" "],"removed":[""],"origin":"+input"}
2019-6-11 17:50:03.440#change#{"from":{"line":2,"ch":29,"sticky":null},"to":{"line":2,"ch":29,"sticky":null},"text":["o"],"removed":[""],"origin":"+input"}
2019-6-11 17:50:03.598#change#{"from":{"line":2,"ch":30,"sticky":null},"to":{"line":2,"ch":30,"sticky":null},"text":["s"],"removed":[""],"origin":"+input"}
2019-6-11 17:50:03.715#change#{"from":{"line":2,"ch":31,"sticky":null},"to":{"line":2,"ch":31,"sticky":null},"text":[" "],"removed":[""],"origin":"+input"}
2019-6-11 17:50:04.500#change#{"from":{"line":2,"ch":32,"sticky":null},"to":{"line":2,"ch":32,"sticky":null},"text":["n"],"removed":[""],"origin":"+input"}
2019-6-11 17:50:04.619#change#{"from":{"line":2,"ch":33,"sticky":null},"to":{"line":2,"ch":33,"sticky":null},"text":["o"],"removed":[""],"origin":"+input"}
2019-6-11 17:50:04.778#change#{"from":{"line":2,"ch":34,"sticky":null},"to":{"line":2,"ch":34,"sticky":null},"text":["m"],"removed":[""],"origin":"+input"}
2019-6-11 17:50:04.936#change#{"from":{"line":2,"ch":35,"sticky":null},"to":{"line":2,"ch":35,"sticky":null},"text":["e"],"removed":[""],"origin":"+input"}
2019-6-11 17:50:05.133#change#{"from":{"line":2,"ch":36,"sticky":null},"to":{"line":2,"ch":36,"sticky":null},"text":["s"],"removed":[""],"origin":"+input"}
2019-6-11 17:50:05.250#change#{"from":{"line":2,"ch":37,"sticky":null},"to":{"line":2,"ch":37,"sticky":null},"text":["m"],"removed":[""],"origin":"+input"}
2019-6-11 17:50:05.760#change#{"from":{"line":2,"ch":37,"sticky":"after"},"to":{"line":2,"ch":38,"sticky":null},"text":[""],"removed":["m"],"origin":"+delete"}
2019-6-11 17:50:05.760#keyHandled#"Backspace"
2019-6-11 17:50:06.036#change#{"from":{"line":2,"ch":37,"sticky":null},"to":{"line":2,"ch":37,"sticky":null},"text":[" "],"removed":[""],"origin":"+input"}
2019-6-11 17:50:06.386#change#{"from":{"line":2,"ch":37,"sticky":"after"},"to":{"line":2,"ch":38,"sticky":null},"text":[""],"removed":[" "],"origin":"+delete"}
2019-6-11 17:50:06.386#keyHandled#"Backspace"
2019-6-11 17:50:06.883#change#{"from":{"line":2,"ch":36,"sticky":"after"},"to":{"line":2,"ch":37,"sticky":null},"text":[""],"removed":["s"],"origin":"+delete"}
2019-6-11 17:50:06.883#keyHandled#"Backspace"
2019-6-11 17:50:06.916#change#{"from":{"line":2,"ch":35,"sticky":"after"},"to":{"line":2,"ch":36,"sticky":null},"text":[""],"removed":["e"],"origin":"+delete"}
2019-6-11 17:50:06.916#keyHandled#"Backspace"
2019-6-11 17:50:06.949#change#{"from":{"line":2,"ch":34,"sticky":"after"},"to":{"line":2,"ch":35,"sticky":null},"text":[""],"removed":["m"],"origin":"+delete"}
2019-6-11 17:50:06.949#keyHandled#"Backspace"
2019-6-11 17:50:06.983#change#{"from":{"line":2,"ch":33,"sticky":"after"},"to":{"line":2,"ch":34,"sticky":null},"text":[""],"removed":["o"],"origin":"+delete"}
2019-6-11 17:50:06.983#keyHandled#"Backspace"
2019-6-11 17:50:07.016#change#{"from":{"line":2,"ch":32,"sticky":"after"},"to":{"line":2,"ch":33,"sticky":null},"text":[""],"removed":["n"],"origin":"+delete"}
2019-6-11 17:50:07.016#keyHandled#"Backspace"
2019-6-11 17:50:07.051#change#{"from":{"line":2,"ch":31,"sticky":"after"},"to":{"line":2,"ch":32,"sticky":null},"text":[""],"removed":[" "],"origin":"+delete"}
2019-6-11 17:50:07.051#keyHandled#"Backspace"
2019-6-11 17:50:07.084#change#{"from":{"line":2,"ch":30,"sticky":"after"},"to":{"line":2,"ch":31,"sticky":null},"text":[""],"removed":["s"],"origin":"+delete"}
2019-6-11 17:50:07.084#keyHandled#"Backspace"
2019-6-11 17:50:07.119#change#{"from":{"line":2,"ch":29,"sticky":"after"},"to":{"line":2,"ch":30,"sticky":null},"text":[""],"removed":["o"],"origin":"+delete"}
2019-6-11 17:50:07.119#keyHandled#"Backspace"
2019-6-11 17:50:07.152#change#{"from":{"line":2,"ch":28,"sticky":"after"},"to":{"line":2,"ch":29,"sticky":null},"text":[""],"removed":[" "],"origin":"+delete"}
2019-6-11 17:50:07.152#keyHandled#"Backspace"
2019-6-11 17:50:07.186#change#{"from":{"line":2,"ch":27,"sticky":"after"},"to":{"line":2,"ch":28,"sticky":null},"text":[""],"removed":["e"],"origin":"+delete"}
2019-6-11 17:50:07.186#keyHandled#"Backspace"
2019-6-11 17:50:07.922#change#{"from":{"line":2,"ch":27,"sticky":null},"to":{"line":2,"ch":27,"sticky":null},"text":["e"],"removed":[""],"origin":"+input"}
2019-6-11 17:50:08.051#change#{"from":{"line":2,"ch":28,"sticky":null},"to":{"line":2,"ch":28,"sticky":null},"text":[" "],"removed":[""],"origin":"+input"}
2019-6-11 17:50:11.289#change#{"from":{"line":2,"ch":28,"sticky":"after"},"to":{"line":2,"ch":29,"sticky":null},"text":[""],"removed":[" "],"origin":"+delete"}
2019-6-11 17:50:11.289#keyHandled#"Backspace"
2019-6-11 17:50:11.447#change#{"from":{"line":2,"ch":27,"sticky":"after"},"to":{"line":2,"ch":28,"sticky":null},"text":[""],"removed":["e"],"origin":"+delete"}
2019-6-11 17:50:11.448#keyHandled#"Backspace"
2019-6-11 17:50:11.606#change#{"from":{"line":2,"ch":26,"sticky":"after"},"to":{"line":2,"ch":27,"sticky":null},"text":[""],"removed":["t"],"origin":"+delete"}
2019-6-11 17:50:11.606#keyHandled#"Backspace"
2019-6-11 17:50:11.765#change#{"from":{"line":2,"ch":25,"sticky":"after"},"to":{"line":2,"ch":26,"sticky":null},"text":[""],"removed":["i"],"origin":"+delete"}
2019-6-11 17:50:11.765#keyHandled#"Backspace"
2019-6-11 17:50:11.942#change#{"from":{"line":2,"ch":24,"sticky":"after"},"to":{"line":2,"ch":25,"sticky":null},"text":[""],"removed":["g"],"origin":"+delete"}
2019-6-11 17:50:11.942#keyHandled#"Backspace"
2019-6-11 17:50:12.100#change#{"from":{"line":2,"ch":23,"sticky":"after"},"to":{"line":2,"ch":24,"sticky":null},"text":[""],"removed":["i"],"origin":"+delete"}
2019-6-11 17:50:12.100#keyHandled#"Backspace"
2019-6-11 17:50:12.376#change#{"from":{"line":2,"ch":22,"sticky":"after"},"to":{"line":2,"ch":23,"sticky":null},"text":[""],"removed":["D"],"origin":"+delete"}
2019-6-11 17:50:12.376#keyHandled#"Backspace"
2019-6-11 17:50:16.972#blur#
2019-6-11 17:50:25.776#focus#
2019-6-11 17:50:27.548#change#{"from":{"line":2,"ch":22,"sticky":null},"to":{"line":2,"ch":22,"sticky":null},"text":["D"],"removed":[""],"origin":"+input"}
2019-6-11 17:50:27.793#change#{"from":{"line":2,"ch":23,"sticky":null},"to":{"line":2,"ch":23,"sticky":null},"text":["i"],"removed":[""],"origin":"+input"}
2019-6-11 17:50:28.001#change#{"from":{"line":2,"ch":24,"sticky":null},"to":{"line":2,"ch":24,"sticky":null},"text":["g"],"removed":[""],"origin":"+input"}
2019-6-11 17:50:28.080#change#{"from":{"line":2,"ch":25,"sticky":null},"to":{"line":2,"ch":25,"sticky":null},"text":["i"],"removed":[""],"origin":"+input"}
2019-6-11 17:50:28.357#change#{"from":{"line":2,"ch":26,"sticky":null},"to":{"line":2,"ch":26,"sticky":null},"text":["t"],"removed":[""],"origin":"+input"}
2019-6-11 17:50:28.369#change#{"from":{"line":2,"ch":27,"sticky":null},"to":{"line":2,"ch":27,"sticky":null},"text":["y"],"removed":[""],"origin":"+input"}
2019-6-11 17:50:28.596#change#{"from":{"line":2,"ch":28,"sticky":null},"to":{"line":2,"ch":28,"sticky":null},"text":["e"],"removed":[""],"origin":"+input"}
2019-6-11 17:50:28.713#change#{"from":{"line":2,"ch":29,"sticky":null},"to":{"line":2,"ch":29,"sticky":null},"text":[" "],"removed":[""],"origin":"+input"}
2019-6-11 17:50:28.951#change#{"from":{"line":2,"ch":29,"sticky":"after"},"to":{"line":2,"ch":30,"sticky":null},"text":[""],"removed":[" "],"origin":"+delete"}
2019-6-11 17:50:28.951#keyHandled#"Backspace"
2019-6-11 17:50:29.109#change#{"from":{"line":2,"ch":28,"sticky":"after"},"to":{"line":2,"ch":29,"sticky":null},"text":[""],"removed":["e"],"origin":"+delete"}
2019-6-11 17:50:29.109#keyHandled#"Backspace"
2019-6-11 17:50:29.228#change#{"from":{"line":2,"ch":27,"sticky":"after"},"to":{"line":2,"ch":28,"sticky":null},"text":[""],"removed":["y"],"origin":"+delete"}
2019-6-11 17:50:29.228#keyHandled#"Backspace"
2019-6-11 17:50:29.347#change#{"from":{"line":2,"ch":27,"sticky":null},"to":{"line":2,"ch":27,"sticky":null},"text":["e"],"removed":[""],"origin":"+input"}
2019-6-11 17:50:29.508#change#{"from":{"line":2,"ch":28,"sticky":null},"to":{"line":2,"ch":28,"sticky":null},"text":[" "],"removed":[""],"origin":"+input"}
2019-6-11 17:50:30.797#change#{"from":{"line":2,"ch":29,"sticky":null},"to":{"line":2,"ch":29,"sticky":null},"text":["o"],"removed":[""],"origin":"+input"}
2019-6-11 17:50:30.917#change#{"from":{"line":2,"ch":30,"sticky":null},"to":{"line":2,"ch":30,"sticky":null},"text":["s"],"removed":[""],"origin":"+input"}
2019-6-11 17:50:30.995#change#{"from":{"line":2,"ch":31,"sticky":null},"to":{"line":2,"ch":31,"sticky":null},"text":[" "],"removed":[""],"origin":"+input"}
2019-6-11 17:50:31.195#change#{"from":{"line":2,"ch":32,"sticky":null},"to":{"line":2,"ch":32,"sticky":null},"text":["n"],"removed":[""],"origin":"+input"}
2019-6-11 17:50:31.430#change#{"from":{"line":2,"ch":33,"sticky":null},"to":{"line":2,"ch":33,"sticky":null},"text":["m"],"removed":[""],"origin":"+input"}
2019-6-11 17:50:31.588#change#{"from":{"line":2,"ch":34,"sticky":null},"to":{"line":2,"ch":34,"sticky":null},"text":["e"],"removed":[""],"origin":"+input"}
2019-6-11 17:50:31.941#change#{"from":{"line":2,"ch":34,"sticky":"after"},"to":{"line":2,"ch":35,"sticky":null},"text":[""],"removed":["e"],"origin":"+delete"}
2019-6-11 17:50:31.941#keyHandled#"Backspace"
2019-6-11 17:50:32.137#change#{"from":{"line":2,"ch":33,"sticky":"after"},"to":{"line":2,"ch":34,"sticky":null},"text":[""],"removed":["m"],"origin":"+delete"}
2019-6-11 17:50:32.137#keyHandled#"Backspace"
2019-6-11 17:50:32.687#change#{"from":{"line":2,"ch":33,"sticky":null},"to":{"line":2,"ch":33,"sticky":null},"text":["u"],"removed":[""],"origin":"+input"}
2019-6-11 17:50:32.844#change#{"from":{"line":2,"ch":34,"sticky":null},"to":{"line":2,"ch":34,"sticky":null},"text":["m"],"removed":[""],"origin":"+input"}
2019-6-11 17:50:33.080#change#{"from":{"line":2,"ch":35,"sticky":null},"to":{"line":2,"ch":35,"sticky":null},"text":["e"],"removed":[""],"origin":"+input"}
2019-6-11 17:50:33.316#change#{"from":{"line":2,"ch":36,"sticky":null},"to":{"line":2,"ch":36,"sticky":null},"text":["r"],"removed":[""],"origin":"+input"}
2019-6-11 17:50:33.440#change#{"from":{"line":2,"ch":37,"sticky":null},"to":{"line":2,"ch":37,"sticky":null},"text":["o"],"removed":[""],"origin":"+input"}
2019-6-11 17:50:33.594#change#{"from":{"line":2,"ch":38,"sticky":null},"to":{"line":2,"ch":38,"sticky":null},"text":["s"],"removed":[""],"origin":"+input"}
2019-6-11 17:50:33.719#change#{"from":{"line":2,"ch":39,"sticky":null},"to":{"line":2,"ch":39,"sticky":null},"text":[" "],"removed":[""],"origin":"+input"}
2019-6-11 17:50:38.637#change#{"from":{"line":2,"ch":39,"sticky":"after"},"to":{"line":2,"ch":40,"sticky":null},"text":[""],"removed":[" "],"origin":"+delete"}
2019-6-11 17:50:38.637#keyHandled#"Backspace"
2019-6-11 17:50:39.132#change#{"from":{"line":2,"ch":38,"sticky":"after"},"to":{"line":2,"ch":39,"sticky":null},"text":[""],"removed":["s"],"origin":"+delete"}
2019-6-11 17:50:39.132#keyHandled#"Backspace"
2019-6-11 17:50:39.166#change#{"from":{"line":2,"ch":37,"sticky":"after"},"to":{"line":2,"ch":38,"sticky":null},"text":[""],"removed":["o"],"origin":"+delete"}
2019-6-11 17:50:39.166#keyHandled#"Backspace"
2019-6-11 17:50:39.199#change#{"from":{"line":2,"ch":36,"sticky":"after"},"to":{"line":2,"ch":37,"sticky":null},"text":[""],"removed":["r"],"origin":"+delete"}
2019-6-11 17:50:39.199#keyHandled#"Backspace"
2019-6-11 17:50:39.232#change#{"from":{"line":2,"ch":35,"sticky":"after"},"to":{"line":2,"ch":36,"sticky":null},"text":[""],"removed":["e"],"origin":"+delete"}
2019-6-11 17:50:39.232#keyHandled#"Backspace"
2019-6-11 17:50:39.266#change#{"from":{"line":2,"ch":34,"sticky":"after"},"to":{"line":2,"ch":35,"sticky":null},"text":[""],"removed":["m"],"origin":"+delete"}
2019-6-11 17:50:39.266#keyHandled#"Backspace"
2019-6-11 17:50:39.301#change#{"from":{"line":2,"ch":33,"sticky":"after"},"to":{"line":2,"ch":34,"sticky":null},"text":[""],"removed":["u"],"origin":"+delete"}
2019-6-11 17:50:39.301#keyHandled#"Backspace"
2019-6-11 17:50:39.335#change#{"from":{"line":2,"ch":32,"sticky":"after"},"to":{"line":2,"ch":33,"sticky":null},"text":[""],"removed":["n"],"origin":"+delete"}
2019-6-11 17:50:39.335#keyHandled#"Backspace"
2019-6-11 17:50:39.369#change#{"from":{"line":2,"ch":31,"sticky":"after"},"to":{"line":2,"ch":32,"sticky":null},"text":[""],"removed":[" "],"origin":"+delete"}
2019-6-11 17:50:39.369#keyHandled#"Backspace"
2019-6-11 17:50:39.700#change#{"from":{"line":2,"ch":30,"sticky":"after"},"to":{"line":2,"ch":31,"sticky":null},"text":[""],"removed":["s"],"origin":"+delete"}
2019-6-11 17:50:39.700#keyHandled#"Backspace"
2019-6-11 17:50:39.877#change#{"from":{"line":2,"ch":29,"sticky":"after"},"to":{"line":2,"ch":30,"sticky":null},"text":[""],"removed":["o"],"origin":"+delete"}
2019-6-11 17:50:39.877#keyHandled#"Backspace"
2019-6-11 17:50:40.076#change#{"from":{"line":2,"ch":29,"sticky":null},"to":{"line":2,"ch":29,"sticky":null},"text":["a"],"removed":[""],"origin":"+input"}
2019-6-11 17:50:40.274#change#{"from":{"line":2,"ch":30,"sticky":null},"to":{"line":2,"ch":30,"sticky":null},"text":["s"],"removed":[""],"origin":"+input"}
2019-6-11 17:50:40.704#change#{"from":{"line":2,"ch":30,"sticky":"after"},"to":{"line":2,"ch":31,"sticky":null},"text":[""],"removed":["s"],"origin":"+delete"}
2019-6-11 17:50:40.704#keyHandled#"Backspace"
2019-6-11 17:50:40.980#change#{"from":{"line":2,"ch":30,"sticky":null},"to":{"line":2,"ch":30,"sticky":null},"text":["m"],"removed":[""],"origin":"+input"}
2019-6-11 17:50:41.448#change#{"from":{"line":2,"ch":30,"sticky":"after"},"to":{"line":2,"ch":31,"sticky":null},"text":[""],"removed":["m"],"origin":"+delete"}
2019-6-11 17:50:41.448#keyHandled#"Backspace"
2019-6-11 17:50:42.132#change#{"from":{"line":2,"ch":29,"sticky":"after"},"to":{"line":2,"ch":30,"sticky":null},"text":[""],"removed":["a"],"origin":"+delete"}
2019-6-11 17:50:42.132#keyHandled#"Backspace"
2019-6-11 17:50:42.486#change#{"from":{"line":2,"ch":29,"sticky":null},"to":{"line":2,"ch":29,"sticky":null},"text":["o"],"removed":[""],"origin":"+input"}
2019-6-11 17:50:42.605#change#{"from":{"line":2,"ch":30,"sticky":null},"to":{"line":2,"ch":30,"sticky":null},"text":["s"],"removed":[""],"origin":"+input"}
2019-6-11 17:50:42.683#change#{"from":{"line":2,"ch":31,"sticky":null},"to":{"line":2,"ch":31,"sticky":null},"text":[" "],"removed":[""],"origin":"+input"}
2019-6-11 17:50:42.844#change#{"from":{"line":2,"ch":32,"sticky":null},"to":{"line":2,"ch":32,"sticky":null},"text":["p"],"removed":[""],"origin":"+input"}
2019-6-11 17:50:43.003#change#{"from":{"line":2,"ch":33,"sticky":null},"to":{"line":2,"ch":33,"sticky":null},"text":["o"],"removed":[""],"origin":"+input"}
2019-6-11 17:50:43.160#change#{"from":{"line":2,"ch":34,"sticky":null},"to":{"line":2,"ch":34,"sticky":null},"text":["n"],"removed":[""],"origin":"+input"}
2019-6-11 17:50:43.435#change#{"from":{"line":2,"ch":35,"sticky":null},"to":{"line":2,"ch":35,"sticky":null},"text":["t"],"removed":[""],"origin":"+input"}
2019-6-11 17:50:43.788#change#{"from":{"line":2,"ch":36,"sticky":null},"to":{"line":2,"ch":36,"sticky":null},"text":["p"],"removed":[""],"origin":"+input"}
2019-6-11 17:50:43.908#change#{"from":{"line":2,"ch":37,"sticky":null},"to":{"line":2,"ch":37,"sticky":null},"text":["s"],"removed":[""],"origin":"+input"}
2019-6-11 17:50:44.070#change#{"from":{"line":2,"ch":38,"sticky":null},"to":{"line":2,"ch":38,"sticky":null},"text":[" "],"removed":[""],"origin":"+input"}
2019-6-11 17:50:44.185#change#{"from":{"line":2,"ch":39,"sticky":null},"to":{"line":2,"ch":39,"sticky":null},"text":["d"],"removed":[""],"origin":"+input"}
2019-6-11 17:50:44.653#change#{"from":{"line":2,"ch":39,"sticky":"after"},"to":{"line":2,"ch":40,"sticky":null},"text":[""],"removed":["d"],"origin":"+delete"}
2019-6-11 17:50:44.653#keyHandled#"Backspace"
2019-6-11 17:50:44.773#change#{"from":{"line":2,"ch":38,"sticky":"after"},"to":{"line":2,"ch":39,"sticky":null},"text":[""],"removed":[" "],"origin":"+delete"}
2019-6-11 17:50:44.773#keyHandled#"Backspace"
2019-6-11 17:50:44.931#change#{"from":{"line":2,"ch":37,"sticky":"after"},"to":{"line":2,"ch":38,"sticky":null},"text":[""],"removed":["s"],"origin":"+delete"}
2019-6-11 17:50:44.931#keyHandled#"Backspace"
2019-6-11 17:50:45.050#change#{"from":{"line":2,"ch":36,"sticky":"after"},"to":{"line":2,"ch":37,"sticky":null},"text":[""],"removed":["p"],"origin":"+delete"}
2019-6-11 17:50:45.050#keyHandled#"Backspace"
2019-6-11 17:50:45.677#change#{"from":{"line":2,"ch":36,"sticky":null},"to":{"line":2,"ch":36,"sticky":null},"text":["o"],"removed":[""],"origin":"+input"}
2019-6-11 17:50:45.756#change#{"from":{"line":2,"ch":37,"sticky":null},"to":{"line":2,"ch":37,"sticky":null},"text":["s"],"removed":[""],"origin":"+input"}
2019-6-11 17:50:46.539#change#{"from":{"line":2,"ch":38,"sticky":null},"to":{"line":2,"ch":38,"sticky":null},"text":[":"],"removed":[""],"origin":"+input"}
2019-6-11 17:50:46.739#change#{"from":{"line":2,"ch":39,"sticky":null},"to":{"line":2,"ch":39,"sticky":null},"text":[" "],"removed":[""],"origin":"+input"}
2019-6-11 17:50:47.489#keyHandled#"Right"
2019-6-11 17:50:47.655#keyHandled#"Right"
2019-6-11 17:50:47.819#keyHandled#"Right"
2019-6-11 17:50:48.240#keyHandled#"Right"
2019-6-11 17:50:48.478#change#{"from":{"line":2,"ch":44,"sticky":"before"},"to":{"line":2,"ch":44,"sticky":"before"},"text":["",""],"removed":[""],"origin":"+input"}
2019-6-11 17:50:48.478#keyHandled#"Enter"
2019-6-11 17:50:48.484#viewportChange#0
2019-6-11 17:50:48.832#change#{"from":{"line":3,"ch":0,"sticky":null},"to":{"line":3,"ch":0,"sticky":null},"text":["",""],"removed":[""],"origin":"+input"}
2019-6-11 17:50:48.832#keyHandled#"Enter"
2019-6-11 17:50:48.837#viewportChange#0
2019-6-11 17:50:48.240#keyHandled#"Right"
2019-6-11 17:50:48.478#change#{"from":{"line":2,"ch":44,"sticky":"before"},"to":{"line":2,"ch":44,"sticky":"before"},"text":["",""],"removed":[""],"origin":"+input"}
2019-6-11 17:50:48.478#keyHandled#"Enter"
2019-6-11 17:50:48.484#viewportChange#0
2019-6-11 17:50:48.832#change#{"from":{"line":3,"ch":0,"sticky":null},"to":{"line":3,"ch":0,"sticky":null},"text":["",""],"removed":[""],"origin":"+input"}
2019-6-11 17:50:48.832#keyHandled#"Enter"
2019-6-11 17:50:48.837#viewportChange#0
2019-6-11 17:50:58.431#saida_testar#$ python3 main.py
2019-6-11 17:50:59.504#change#{"from":{"line":4,"ch":0,"sticky":null},"to":{"line":4,"ch":0,"sticky":null},"text":["[]"],"removed":[""],"origin":"+input"}
2019-6-11 17:50:59.504#keyHandled#"'['"
2019-6-11 17:51:00.477#change#{"from":{"line":4,"ch":0,"sticky":null},"to":{"line":4,"ch":2,"sticky":null},"text":[""],"removed":["[]"],"origin":"+delete"}
2019-6-11 17:51:00.477#keyHandled#"Backspace"
2019-6-11 17:51:00.753#change#{"from":{"line":3,"ch":0,"sticky":"before"},"to":{"line":4,"ch":0,"sticky":null},"text":[""],"removed":["",""],"origin":"+delete"}
2019-6-11 17:51:00.753#keyHandled#"Backspace"
2019-6-11 17:51:00.757#viewportChange#0
2019-6-11 17:51:02.465#change#{"from":{"line":3,"ch":0,"sticky":null},"to":{"line":3,"ch":0,"sticky":null},"text":["",""],"removed":[""],"origin":"+input"}
2019-6-11 17:51:02.465#keyHandled#"Enter"
2019-6-11 17:51:02.472#viewportChange#0
2019-6-11 17:51:08.641#change#{"from":{"line":4,"ch":0,"sticky":null},"to":{"line":4,"ch":0,"sticky":null},"text":["f"],"removed":[""],"origin":"+input"}
2019-6-11 17:51:08.764#change#{"from":{"line":4,"ch":1,"sticky":null},"to":{"line":4,"ch":1,"sticky":null},"text":["o"],"removed":[""],"origin":"+input"}
2019-6-11 17:51:08.878#change#{"from":{"line":4,"ch":2,"sticky":null},"to":{"line":4,"ch":2,"sticky":null},"text":["r"],"removed":[""],"origin":"+input"}
2019-6-11 17:51:09.008#change#{"from":{"line":4,"ch":3,"sticky":null},"to":{"line":4,"ch":3,"sticky":null},"text":[" "],"removed":[""],"origin":"+input"}
2019-6-11 17:51:09.156#change#{"from":{"line":4,"ch":4,"sticky":null},"to":{"line":4,"ch":4,"sticky":null},"text":["i"],"removed":[""],"origin":"+input"}
2019-6-11 17:51:09.443#change#{"from":{"line":4,"ch":5,"sticky":null},"to":{"line":4,"ch":5,"sticky":null},"text":[" "],"removed":[""],"origin":"+input"}
2019-6-11 17:51:09.680#change#{"from":{"line":4,"ch":6,"sticky":null},"to":{"line":4,"ch":6,"sticky":null},"text":["i"],"removed":[""],"origin":"+input"}
2019-6-11 17:51:09.799#change#{"from":{"line":4,"ch":7,"sticky":null},"to":{"line":4,"ch":7,"sticky":null},"text":["n"],"removed":[""],"origin":"+input"}
2019-6-11 17:51:09.958#change#{"from":{"line":4,"ch":8,"sticky":null},"to":{"line":4,"ch":8,"sticky":null},"text":[" "],"removed":[""],"origin":"+input"}
2019-6-11 17:51:15.078#change#{"from":{"line":4,"ch":9,"sticky":null},"to":{"line":4,"ch":9,"sticky":null},"text":["r"],"removed":[""],"origin":"+input"}
2019-6-11 17:51:15.274#change#{"from":{"line":4,"ch":10,"sticky":null},"to":{"line":4,"ch":10,"sticky":null},"text":["a"],"removed":[""],"origin":"+input"}
2019-6-11 17:51:15.352#change#{"from":{"line":4,"ch":11,"sticky":null},"to":{"line":4,"ch":11,"sticky":null},"text":["n"],"removed":[""],"origin":"+input"}
2019-6-11 17:51:15.524#change#{"from":{"line":4,"ch":12,"sticky":null},"to":{"line":4,"ch":12,"sticky":null},"text":["g"],"removed":[""],"origin":"+input"}
2019-6-11 17:51:15.604#change#{"from":{"line":4,"ch":13,"sticky":null},"to":{"line":4,"ch":13,"sticky":null},"text":["e"],"removed":[""],"origin":"+input"}
2019-6-11 17:51:16.308#change#{"from":{"line":4,"ch":14,"sticky":null},"to":{"line":4,"ch":14,"sticky":null},"text":["*"],"removed":[""],"origin":"+input"}
2019-6-11 17:51:16.974#change#{"from":{"line":4,"ch":14,"sticky":"after"},"to":{"line":4,"ch":15,"sticky":null},"text":[""],"removed":["*"],"origin":"+delete"}
2019-6-11 17:51:16.974#keyHandled#"Backspace"
2019-6-11 17:51:17.522#change#{"from":{"line":4,"ch":14,"sticky":null},"to":{"line":4,"ch":14,"sticky":null},"text":["()"],"removed":[""],"origin":"+input"}
2019-6-11 17:51:17.522#keyHandled#"'('"
2019-6-11 17:51:17.799#change#{"from":{"line":4,"ch":15,"sticky":"after"},"to":{"line":4,"ch":15,"sticky":"after"},"text":["s"],"removed":[""],"origin":"+input"}
2019-6-11 17:51:17.916#change#{"from":{"line":4,"ch":16,"sticky":null},"to":{"line":4,"ch":16,"sticky":null},"text":["i"],"removed":[""],"origin":"+input"}
2019-6-11 17:51:18.077#change#{"from":{"line":4,"ch":17,"sticky":null},"to":{"line":4,"ch":17,"sticky":null},"text":["z"],"removed":[""],"origin":"+input"}
2019-6-11 17:51:18.312#change#{"from":{"line":4,"ch":18,"sticky":null},"to":{"line":4,"ch":18,"sticky":null},"text":["e"],"removed":[""],"origin":"+input"}
2019-6-11 17:51:18.899#change#{"from":{"line":4,"ch":19,"sticky":null},"to":{"line":4,"ch":19,"sticky":null},"text":["()"],"removed":[""],"origin":"+input"}
2019-6-11 17:51:18.899#keyHandled#"'('"
2019-6-11 17:51:20.739#change#{"from":{"line":4,"ch":20,"sticky":"after"},"to":{"line":4,"ch":20,"sticky":"after"},"text":["v"],"removed":[""],"origin":"+input"}
2019-6-11 17:51:20.786#change#{"from":{"line":4,"ch":21,"sticky":null},"to":{"line":4,"ch":21,"sticky":null},"text":["e"],"removed":[""],"origin":"+input"}
2019-6-11 17:51:20.910#change#{"from":{"line":4,"ch":22,"sticky":null},"to":{"line":4,"ch":22,"sticky":null},"text":["t"],"removed":[""],"origin":"+input"}
2019-6-11 17:51:20.917#change#{"from":{"line":4,"ch":23,"sticky":null},"to":{"line":4,"ch":23,"sticky":null},"text":["6"],"removed":[""],"origin":"+input"}
2019-6-11 17:51:21.416#change#{"from":{"line":4,"ch":23,"sticky":"after"},"to":{"line":4,"ch":24,"sticky":null},"text":[""],"removed":["6"],"origin":"+delete"}
2019-6-11 17:51:21.416#keyHandled#"Backspace"
2019-6-11 17:51:21.574#change#{"from":{"line":4,"ch":22,"sticky":"after"},"to":{"line":4,"ch":23,"sticky":null},"text":[""],"removed":["t"],"origin":"+delete"}
2019-6-11 17:51:21.574#keyHandled#"Backspace"
2019-6-11 17:51:22.436#change#{"from":{"line":4,"ch":22,"sticky":null},"to":{"line":4,"ch":22,"sticky":null},"text":["e"],"removed":[""],"origin":"+input"}
2019-6-11 17:51:22.672#change#{"from":{"line":4,"ch":23,"sticky":null},"to":{"line":4,"ch":23,"sticky":null},"text":["t"],"removed":[""],"origin":"+input"}
2019-6-11 17:51:23.024#change#{"from":{"line":4,"ch":23,"sticky":"after"},"to":{"line":4,"ch":24,"sticky":null},"text":[""],"removed":["t"],"origin":"+delete"}
2019-6-11 17:51:23.024#keyHandled#"Backspace"
2019-6-11 17:51:23.142#change#{"from":{"line":4,"ch":22,"sticky":"after"},"to":{"line":4,"ch":23,"sticky":null},"text":[""],"removed":["e"],"origin":"+delete"}
2019-6-11 17:51:23.142#keyHandled#"Backspace"
2019-6-11 17:51:23.263#change#{"from":{"line":4,"ch":22,"sticky":null},"to":{"line":4,"ch":22,"sticky":null},"text":["t"],"removed":[""],"origin":"+input"}
2019-6-11 17:51:23.278#change#{"from":{"line":4,"ch":23,"sticky":null},"to":{"line":4,"ch":23,"sticky":null},"text":["y"],"removed":[""],"origin":"+input"}
2019-6-11 17:51:23.812#change#{"from":{"line":4,"ch":23,"sticky":"after"},"to":{"line":4,"ch":24,"sticky":null},"text":[""],"removed":["y"],"origin":"+delete"}
2019-6-11 17:51:23.812#keyHandled#"Backspace"
2019-6-11 17:51:24.525#keyHandled#"Right"
2019-6-11 17:51:24.652#keyHandled#"Right"
2019-6-11 17:51:25.394#change#{"from":{"line":4,"ch":25,"sticky":"before"},"to":{"line":4,"ch":25,"sticky":"before"},"text":[":"],"removed":[""],"origin":"+input"}
2019-6-11 17:51:25.789#change#{"from":{"line":4,"ch":26,"sticky":null},"to":{"line":4,"ch":26,"sticky":null},"text":["",""],"removed":[""],"origin":"+input"}
2019-6-11 17:51:25.789#change#{"from":{"line":5,"ch":0,"sticky":null},"to":{"line":5,"ch":0,"sticky":null},"text":["\t"],"removed":[""],"origin":"+input"}
2019-6-11 17:51:25.789#keyHandled#"Enter"
2019-6-11 17:51:25.796#viewportChange#0
2019-6-11 17:51:29.381#mousedown#{"isTrusted":true}
2019-6-11 17:51:30.009#change#{"from":{"line":4,"ch":14,"sticky":"after"},"to":{"line":4,"ch":15,"sticky":"before","xRel":-1.20001220703125},"text":[""],"removed":["("],"origin":"+delete"}
2019-6-11 17:51:30.009#keyHandled#"Backspace"
2019-6-11 17:51:31.222#change#{"from":{"line":4,"ch":14,"sticky":null},"to":{"line":4,"ch":14,"sticky":null},"text":["("],"removed":[""],"origin":"+input"}
2019-6-11 17:51:32.353#mousedown#{"isTrusted":true}
2019-6-11 17:51:33.102#change#{"from":{"line":4,"ch":26,"sticky":"before","xRel":46.79998779296875},"to":{"line":4,"ch":26,"sticky":"before","xRel":46.79998779296875},"text":["",""],"removed":[""],"origin":"+input"}
2019-6-11 17:51:33.102#change#{"from":{"line":5,"ch":0,"sticky":null},"to":{"line":5,"ch":0,"sticky":null},"text":["\t"],"removed":[""],"origin":"+input"}
2019-6-11 17:51:33.102#keyHandled#"Enter"
2019-6-11 17:51:33.109#viewportChange#0
2019-6-11 17:51:35.564#change#{"from":{"line":5,"ch":1,"sticky":null},"to":{"line":5,"ch":1,"sticky":null},"text":["i"],"removed":[""],"origin":"+input"}
2019-6-11 17:51:35.761#change#{"from":{"line":5,"ch":2,"sticky":null},"to":{"line":5,"ch":2,"sticky":null},"text":["f"],"removed":[""],"origin":"+input"}
2019-6-11 17:51:36.154#change#{"from":{"line":5,"ch":3,"sticky":null},"to":{"line":5,"ch":3,"sticky":null},"text":["()"],"removed":[""],"origin":"+input"}
2019-6-11 17:51:36.154#keyHandled#"'('"
2019-6-11 17:51:40.105#mousedown#{"isTrusted":true}
2019-6-11 17:51:40.691#change#{"from":{"line":2,"ch":44,"sticky":"before","xRel":24.800048828125},"to":{"line":2,"ch":44,"sticky":"before","xRel":24.800048828125},"text":["",""],"removed":[""],"origin":"+input"}
2019-6-11 17:51:40.691#keyHandled#"Enter"
2019-6-11 17:51:40.697#viewportChange#0
2019-6-11 17:51:42.020#change#{"from":{"line":3,"ch":0,"sticky":null},"to":{"line":3,"ch":0,"sticky":null},"text":["g"],"removed":[""],"origin":"+input"}
2019-6-11 17:51:42.257#change#{"from":{"line":3,"ch":1,"sticky":null},"to":{"line":3,"ch":1,"sticky":null},"text":["r"],"removed":[""],"origin":"+input"}
2019-6-11 17:51:42.419#change#{"from":{"line":3,"ch":2,"sticky":null},"to":{"line":3,"ch":2,"sticky":null},"text":["u"],"removed":[""],"origin":"+input"}
2019-6-11 17:51:42.612#change#{"from":{"line":3,"ch":3,"sticky":null},"to":{"line":3,"ch":3,"sticky":null},"text":["p"],"removed":[""],"origin":"+input"}
2019-6-11 17:51:42.785#change#{"from":{"line":3,"ch":4,"sticky":null},"to":{"line":3,"ch":4,"sticky":null},"text":["o"],"removed":[""],"origin":"+input"}
2019-6-11 17:51:48.335#change#{"from":{"line":3,"ch":5,"sticky":null},"to":{"line":3,"ch":5,"sticky":null},"text":["1"],"removed":[""],"origin":"+input"}
2019-6-11 17:51:49.469#change#{"from":{"line":3,"ch":6,"sticky":null},"to":{"line":3,"ch":6,"sticky":null},"text":["="],"removed":[""],"origin":"+input"}
2019-6-11 17:51:49.820#change#{"from":{"line":3,"ch":7,"sticky":null},"to":{"line":3,"ch":7,"sticky":null},"text":["0"],"removed":[""],"origin":"+input"}
2019-6-11 17:51:51.406#mousedown#{"isTrusted":true}
2019-6-11 17:51:58.653#change#{"from":{"line":6,"ch":4,"sticky":"after","xRel":0.79998779296875},"to":{"line":6,"ch":4,"sticky":"after","xRel":0.79998779296875},"text":["v"],"removed":[""],"origin":"+input"}
2019-6-11 17:51:58.773#change#{"from":{"line":6,"ch":5,"sticky":null},"to":{"line":6,"ch":5,"sticky":null},"text":["e"],"removed":[""],"origin":"+input"}
2019-6-11 17:51:58.851#change#{"from":{"line":6,"ch":6,"sticky":null},"to":{"line":6,"ch":6,"sticky":null},"text":["t"],"removed":[""],"origin":"+input"}
2019-6-11 17:51:59.791#change#{"from":{"line":6,"ch":7,"sticky":null},"to":{"line":6,"ch":7,"sticky":null},"text":["[]"],"removed":[""],"origin":"+input"}
2019-6-11 17:51:59.791#keyHandled#"'['"
2019-6-11 17:52:00.106#change#{"from":{"line":6,"ch":8,"sticky":"after"},"to":{"line":6,"ch":8,"sticky":"after"},"text":["i"],"removed":[""],"origin":"+input"}
2019-6-11 17:52:00.856#keyHandled#"Right"
2019-6-11 17:52:02.702#change#{"from":{"line":6,"ch":10,"sticky":"before"},"to":{"line":6,"ch":10,"sticky":"before"},"text":["%"],"removed":[""],"origin":"+input"}
2019-6-11 17:52:04.579#change#{"from":{"line":6,"ch":11,"sticky":null},"to":{"line":6,"ch":11,"sticky":null},"text":["2"],"removed":[""],"origin":"+input"}
2019-6-11 17:52:05.205#change#{"from":{"line":6,"ch":12,"sticky":null},"to":{"line":6,"ch":12,"sticky":null},"text":["="],"removed":[""],"origin":"+input"}
2019-6-11 17:52:05.557#change#{"from":{"line":6,"ch":13,"sticky":null},"to":{"line":6,"ch":13,"sticky":null},"text":["="],"removed":[""],"origin":"+input"}
2019-6-11 17:52:06.223#change#{"from":{"line":6,"ch":14,"sticky":null},"to":{"line":6,"ch":14,"sticky":null},"text":["0"],"removed":[""],"origin":"+input"}
2019-6-11 17:52:06.817#keyHandled#"Right"
2019-6-11 17:52:07.519#change#{"from":{"line":6,"ch":16,"sticky":"before"},"to":{"line":6,"ch":16,"sticky":"before"},"text":[":"],"removed":[""],"origin":"+input"}
2019-6-11 17:52:08.032#change#{"from":{"line":6,"ch":17,"sticky":null},"to":{"line":6,"ch":17,"sticky":null},"text":["",""],"removed":[""],"origin":"+input"}
2019-6-11 17:52:08.032#change#{"from":{"line":7,"ch":0,"sticky":null},"to":{"line":7,"ch":0,"sticky":null},"text":["\t\t"],"removed":[""],"origin":"+input"}
2019-6-11 17:52:08.032#keyHandled#"Enter"
2019-6-11 17:52:08.039#viewportChange#0
2019-6-11 17:52:10.416#change#{"from":{"line":7,"ch":2,"sticky":null},"to":{"line":7,"ch":2,"sticky":null},"text":["g"],"removed":[""],"origin":"+input"}
2019-6-11 17:52:10.653#change#{"from":{"line":7,"ch":3,"sticky":null},"to":{"line":7,"ch":3,"sticky":null},"text":["r"],"removed":[""],"origin":"+input"}
2019-6-11 17:52:10.775#change#{"from":{"line":7,"ch":4,"sticky":null},"to":{"line":7,"ch":4,"sticky":null},"text":["u"],"removed":[""],"origin":"+input"}
2019-6-11 17:52:11.336#change#{"from":{"line":7,"ch":5,"sticky":null},"to":{"line":7,"ch":5,"sticky":null},"text":["p"],"removed":[""],"origin":"+input"}
2019-6-11 17:52:11.494#change#{"from":{"line":7,"ch":6,"sticky":null},"to":{"line":7,"ch":6,"sticky":null},"text":["o"],"removed":[""],"origin":"+input"}
2019-6-11 17:52:12.276#change#{"from":{"line":7,"ch":7,"sticky":null},"to":{"line":7,"ch":7,"sticky":null},"text":["1"],"removed":[""],"origin":"+input"}
2019-6-11 17:52:12.784#change#{"from":{"line":7,"ch":8,"sticky":null},"to":{"line":7,"ch":8,"sticky":null},"text":["="],"removed":[""],"origin":"+input"}
2019-6-11 17:52:13.449#change#{"from":{"line":7,"ch":9,"sticky":null},"to":{"line":7,"ch":9,"sticky":null},"text":["g"],"removed":[""],"origin":"+input"}
2019-6-11 17:52:13.685#change#{"from":{"line":7,"ch":10,"sticky":null},"to":{"line":7,"ch":10,"sticky":null},"text":["r"],"removed":[""],"origin":"+input"}
2019-6-11 17:52:13.921#change#{"from":{"line":7,"ch":11,"sticky":null},"to":{"line":7,"ch":11,"sticky":null},"text":["u"],"removed":[""],"origin":"+input"}
2019-6-11 17:52:14.195#change#{"from":{"line":7,"ch":12,"sticky":null},"to":{"line":7,"ch":12,"sticky":null},"text":["p"],"removed":[""],"origin":"+input"}
2019-6-11 17:52:14.354#change#{"from":{"line":7,"ch":13,"sticky":null},"to":{"line":7,"ch":13,"sticky":null},"text":["o"],"removed":[""],"origin":"+input"}
2019-6-11 17:52:15.565#change#{"from":{"line":7,"ch":14,"sticky":null},"to":{"line":7,"ch":14,"sticky":null},"text":["1"],"removed":[""],"origin":"+input"}
2019-6-11 17:52:16.074#change#{"from":{"line":7,"ch":15,"sticky":null},"to":{"line":7,"ch":15,"sticky":null},"text":["+"],"removed":[""],"origin":"+input"}
2019-6-11 17:52:16.426#change#{"from":{"line":7,"ch":16,"sticky":null},"to":{"line":7,"ch":16,"sticky":null},"text":["1"],"removed":[""],"origin":"+input"}
2019-6-11 17:52:17.117#change#{"from":{"line":7,"ch":17,"sticky":null},"to":{"line":7,"ch":17,"sticky":null},"text":["",""],"removed":[""],"origin":"+input"}
2019-6-11 17:52:17.117#change#{"from":{"line":8,"ch":0,"sticky":null},"to":{"line":8,"ch":0,"sticky":null},"text":["\t\t"],"removed":[""],"origin":"+input"}
2019-6-11 17:52:17.117#keyHandled#"Enter"
2019-6-11 17:52:17.133#viewportChange#0
2019-6-11 17:52:17.780#change#{"from":{"line":8,"ch":1,"sticky":"after"},"to":{"line":8,"ch":2,"sticky":null},"text":[""],"removed":["\t"],"origin":"+delete"}
2019-6-11 17:52:17.780#keyHandled#"Backspace"
2019-6-11 17:52:28.331#change#{"from":{"line":8,"ch":0,"sticky":"after"},"to":{"line":8,"ch":1,"sticky":null},"text":[""],"removed":["\t"],"origin":"+delete"}
2019-6-11 17:52:28.332#keyHandled#"Backspace"
2019-6-11 17:52:29.078#change#{"from":{"line":8,"ch":0,"sticky":null},"to":{"line":8,"ch":0,"sticky":null},"text":["",""],"removed":[""],"origin":"+input"}
2019-6-11 17:52:29.078#change#{"from":{"line":9,"ch":0,"sticky":null},"to":{"line":9,"ch":0,"sticky":null},"text":["\t\t"],"removed":[""],"origin":"+input"}
2019-6-11 17:52:29.078#keyHandled#"Enter"
2019-6-11 17:52:29.084#viewportChange#0
2019-6-11 17:52:29.937#change#{"from":{"line":9,"ch":1,"sticky":"after"},"to":{"line":9,"ch":2,"sticky":null},"text":[""],"removed":["\t"],"origin":"+delete"}
2019-6-11 17:52:29.937#keyHandled#"Backspace"
2019-6-11 17:52:30.290#change#{"from":{"line":9,"ch":0,"sticky":"after"},"to":{"line":9,"ch":1,"sticky":null},"text":[""],"removed":["\t"],"origin":"+delete"}
2019-6-11 17:52:30.290#keyHandled#"Backspace"
2019-6-11 17:52:31.033#change#{"from":{"line":9,"ch":0,"sticky":null},"to":{"line":9,"ch":0,"sticky":null},"text":["f"],"removed":[""],"origin":"+input"}
2019-6-11 17:52:31.191#change#{"from":{"line":9,"ch":1,"sticky":null},"to":{"line":9,"ch":1,"sticky":null},"text":["o"],"removed":[""],"origin":"+input"}
2019-6-11 17:52:31.621#change#{"from":{"line":9,"ch":2,"sticky":null},"to":{"line":9,"ch":2,"sticky":null},"text":["r"],"removed":[""],"origin":"+input"}
2019-6-11 17:52:31.745#change#{"from":{"line":9,"ch":3,"sticky":null},"to":{"line":9,"ch":3,"sticky":null},"text":[" "],"removed":[""],"origin":"+input"}
2019-6-11 17:52:32.602#change#{"from":{"line":9,"ch":4,"sticky":null},"to":{"line":9,"ch":4,"sticky":null},"text":["p"],"removed":[""],"origin":"+input"}
2019-6-11 17:52:32.761#change#{"from":{"line":9,"ch":5,"sticky":null},"to":{"line":9,"ch":5,"sticky":null},"text":[" "],"removed":[""],"origin":"+input"}
2019-6-11 17:52:33.229#change#{"from":{"line":9,"ch":6,"sticky":null},"to":{"line":9,"ch":6,"sticky":null},"text":["i"],"removed":[""],"origin":"+input"}
2019-6-11 17:52:33.347#change#{"from":{"line":9,"ch":7,"sticky":null},"to":{"line":9,"ch":7,"sticky":null},"text":["m"],"removed":[""],"origin":"+input"}
2019-6-11 17:52:33.387#change#{"from":{"line":9,"ch":8,"sticky":null},"to":{"line":9,"ch":8,"sticky":null},"text":["n"],"removed":[""],"origin":"+input"}
2019-6-11 17:52:33.548#change#{"from":{"line":9,"ch":9,"sticky":null},"to":{"line":9,"ch":9,"sticky":null},"text":[" "],"removed":[""],"origin":"+input"}
2019-6-11 17:52:33.879#change#{"from":{"line":9,"ch":9,"sticky":"after"},"to":{"line":9,"ch":10,"sticky":null},"text":[""],"removed":[" "],"origin":"+delete"}
2019-6-11 17:52:33.879#keyHandled#"Backspace"
2019-6-11 17:52:33.999#change#{"from":{"line":9,"ch":8,"sticky":"after"},"to":{"line":9,"ch":9,"sticky":null},"text":[""],"removed":["n"],"origin":"+delete"}
2019-6-11 17:52:33.999#keyHandled#"Backspace"
2019-6-11 17:52:34.099#change#{"from":{"line":9,"ch":7,"sticky":"after"},"to":{"line":9,"ch":8,"sticky":null},"text":[""],"removed":["m"],"origin":"+delete"}
2019-6-11 17:52:34.099#keyHandled#"Backspace"
2019-6-11 17:52:34.766#change#{"from":{"line":9,"ch":7,"sticky":null},"to":{"line":9,"ch":7,"sticky":null},"text":["n"],"removed":[""],"origin":"+input"}
2019-6-11 17:52:34.884#change#{"from":{"line":9,"ch":8,"sticky":null},"to":{"line":9,"ch":8,"sticky":null},"text":[" "],"removed":[""],"origin":"+input"}
2019-6-11 17:52:35.004#change#{"from":{"line":9,"ch":9,"sticky":null},"to":{"line":9,"ch":9,"sticky":null},"text":["r"],"removed":[""],"origin":"+input"}
2019-6-11 17:52:35.200#change#{"from":{"line":9,"ch":10,"sticky":null},"to":{"line":9,"ch":10,"sticky":null},"text":["a"],"removed":[""],"origin":"+input"}
2019-6-11 17:52:35.319#change#{"from":{"line":9,"ch":11,"sticky":null},"to":{"line":9,"ch":11,"sticky":null},"text":["n"],"removed":[""],"origin":"+input"}
2019-6-11 17:52:35.487#change#{"from":{"line":9,"ch":12,"sticky":null},"to":{"line":9,"ch":12,"sticky":null},"text":["g"],"removed":[""],"origin":"+input"}
2019-6-11 17:52:35.607#change#{"from":{"line":9,"ch":13,"sticky":null},"to":{"line":9,"ch":13,"sticky":null},"text":["e"],"removed":[""],"origin":"+input"}
2019-6-11 17:52:36.349#change#{"from":{"line":9,"ch":14,"sticky":null},"to":{"line":9,"ch":14,"sticky":null},"text":["()"],"removed":[""],"origin":"+input"}
2019-6-11 17:52:36.349#keyHandled#"'('"
2019-6-11 17:52:38.583#mousedown#{"isTrusted":true}
2019-6-11 17:52:39.324#change#{"from":{"line":7,"ch":17,"sticky":"before","xRel":55.79998779296875},"to":{"line":7,"ch":17,"sticky":"before","xRel":55.79998779296875},"text":["",""],"removed":[""],"origin":"+input"}
2019-6-11 17:52:39.324#change#{"from":{"line":8,"ch":0,"sticky":null},"to":{"line":8,"ch":0,"sticky":null},"text":["\t\t"],"removed":[""],"origin":"+input"}
2019-6-11 17:52:39.324#keyHandled#"Enter"
2019-6-11 17:52:39.330#viewportChange#0
2019-6-11 17:52:39.756#change#{"from":{"line":8,"ch":2,"sticky":null},"to":{"line":8,"ch":2,"sticky":null},"text":["",""],"removed":[""],"origin":"+input"}
2019-6-11 17:52:39.756#change#{"from":{"line":9,"ch":0,"sticky":null},"to":{"line":9,"ch":0,"sticky":null},"text":["\t\t"],"removed":[""],"origin":"+input"}
2019-6-11 17:52:39.756#keyHandled#"Enter"
2019-6-11 17:52:39.760#viewportChange#0
2019-6-11 17:52:40.380#change#{"from":{"line":9,"ch":1,"sticky":"after"},"to":{"line":9,"ch":2,"sticky":null},"text":[""],"removed":["\t"],"origin":"+delete"}
2019-6-11 17:52:40.380#keyHandled#"Backspace"
2019-6-11 17:52:40.772#change#{"from":{"line":9,"ch":0,"sticky":"after"},"to":{"line":9,"ch":1,"sticky":null},"text":[""],"removed":["\t"],"origin":"+delete"}
2019-6-11 17:52:40.772#keyHandled#"Backspace"
2019-6-11 17:52:41.595#change#{"from":{"line":9,"ch":0,"sticky":null},"to":{"line":9,"ch":0,"sticky":null},"text":["z"],"removed":[""],"origin":"+input"}
2019-6-11 17:52:41.998#change#{"from":{"line":9,"ch":1,"sticky":null},"to":{"line":9,"ch":1,"sticky":null},"text":["="],"removed":[""],"origin":"+input"}
2019-6-11 17:52:44.069#change#{"from":{"line":9,"ch":2,"sticky":null},"to":{"line":9,"ch":2,"sticky":null},"text":["z"],"removed":[""],"origin":"+input"}
2019-6-11 17:52:44.345#change#{"from":{"line":9,"ch":3,"sticky":null},"to":{"line":9,"ch":3,"sticky":null},"text":["e"],"removed":[""],"origin":"+input"}
2019-6-11 17:52:44.542#change#{"from":{"line":9,"ch":4,"sticky":null},"to":{"line":9,"ch":4,"sticky":null},"text":["r"],"removed":[""],"origin":"+input"}
2019-6-11 17:52:44.701#change#{"from":{"line":9,"ch":5,"sticky":null},"to":{"line":9,"ch":5,"sticky":null},"text":["o"],"removed":[""],"origin":"+input"}
2019-6-11 17:52:44.780#change#{"from":{"line":9,"ch":6,"sticky":null},"to":{"line":9,"ch":6,"sticky":null},"text":["s"],"removed":[""],"origin":"+input"}
2019-6-11 17:52:45.562#change#{"from":{"line":9,"ch":7,"sticky":null},"to":{"line":9,"ch":7,"sticky":null},"text":["()"],"removed":[""],"origin":"+input"}
2019-6-11 17:52:45.562#keyHandled#"'('"
2019-6-11 17:52:47.245#change#{"from":{"line":9,"ch":8,"sticky":"after"},"to":{"line":9,"ch":8,"sticky":"after"},"text":["s"],"removed":[""],"origin":"+input"}
2019-6-11 17:52:47.407#change#{"from":{"line":9,"ch":9,"sticky":null},"to":{"line":9,"ch":9,"sticky":null},"text":["i"],"removed":[""],"origin":"+input"}
2019-6-11 17:52:47.482#change#{"from":{"line":9,"ch":10,"sticky":null},"to":{"line":9,"ch":10,"sticky":null},"text":["z"],"removed":[""],"origin":"+input"}
2019-6-11 17:52:47.720#change#{"from":{"line":9,"ch":11,"sticky":null},"to":{"line":9,"ch":11,"sticky":null},"text":["e"],"removed":[""],"origin":"+input"}
2019-6-11 17:52:48.462#change#{"from":{"line":9,"ch":12,"sticky":null},"to":{"line":9,"ch":12,"sticky":null},"text":["()"],"removed":[""],"origin":"+input"}
2019-6-11 17:52:48.462#keyHandled#"'('"
2019-6-11 17:52:49.534#change#{"from":{"line":9,"ch":12,"sticky":null},"to":{"line":9,"ch":14,"sticky":null},"text":[""],"removed":["()"],"origin":"+delete"}
2019-6-11 17:52:49.534#keyHandled#"Backspace"
2019-6-11 17:52:49.653#change#{"from":{"line":9,"ch":11,"sticky":"after"},"to":{"line":9,"ch":12,"sticky":null},"text":[""],"removed":["e"],"origin":"+delete"}
2019-6-11 17:52:49.653#keyHandled#"Backspace"
2019-6-11 17:52:49.811#change#{"from":{"line":9,"ch":10,"sticky":"after"},"to":{"line":9,"ch":11,"sticky":null},"text":[""],"removed":["z"],"origin":"+delete"}
2019-6-11 17:52:49.811#keyHandled#"Backspace"
2019-6-11 17:52:49.970#change#{"from":{"line":9,"ch":9,"sticky":"after"},"to":{"line":9,"ch":10,"sticky":null},"text":[""],"removed":["i"],"origin":"+delete"}
2019-6-11 17:52:49.970#keyHandled#"Backspace"
2019-6-11 17:52:50.128#change#{"from":{"line":9,"ch":8,"sticky":"after"},"to":{"line":9,"ch":9,"sticky":null},"text":[""],"removed":["s"],"origin":"+delete"}
2019-6-11 17:52:50.128#keyHandled#"Backspace"
2019-6-11 17:52:51.146#change#{"from":{"line":9,"ch":8,"sticky":null},"to":{"line":9,"ch":8,"sticky":null},"text":["g"],"removed":[""],"origin":"+input"}
2019-6-11 17:52:51.343#change#{"from":{"line":9,"ch":9,"sticky":null},"to":{"line":9,"ch":9,"sticky":null},"text":["r"],"removed":[""],"origin":"+input"}
2019-6-11 17:52:51.549#change#{"from":{"line":9,"ch":10,"sticky":null},"to":{"line":9,"ch":10,"sticky":null},"text":["u"],"removed":[""],"origin":"+input"}
2019-6-11 17:52:51.746#change#{"from":{"line":9,"ch":11,"sticky":null},"to":{"line":9,"ch":11,"sticky":null},"text":["p"],"removed":[""],"origin":"+input"}
2019-6-11 17:52:51.943#change#{"from":{"line":9,"ch":12,"sticky":null},"to":{"line":9,"ch":12,"sticky":null},"text":["o"],"removed":[""],"origin":"+input"}
2019-6-11 17:52:52.803#change#{"from":{"line":9,"ch":13,"sticky":null},"to":{"line":9,"ch":13,"sticky":null},"text":["1"],"removed":[""],"origin":"+input"}
2019-6-11 17:52:53.319#keyHandled#"Right"
2019-6-11 17:52:54.343#keyHandled#"Left"
2019-6-11 17:52:55.241#change#{"from":{"line":9,"ch":14,"sticky":"after"},"to":{"line":9,"ch":14,"sticky":"after"},"text":[","],"removed":[""],"origin":"+input"}
2019-6-11 17:52:56.257#change#{"from":{"line":9,"ch":15,"sticky":null},"to":{"line":9,"ch":15,"sticky":null},"text":["d"],"removed":[""],"origin":"+input"}
2019-6-11 17:52:56.576#change#{"from":{"line":9,"ch":16,"sticky":null},"to":{"line":9,"ch":16,"sticky":null},"text":["t"],"removed":[""],"origin":"+input"}
2019-6-11 17:52:57.204#change#{"from":{"line":9,"ch":18,"sticky":null},"to":{"line":9,"ch":18,"sticky":null},"text":["e"],"removed":[""],"origin":"+input"}
2019-6-11 17:52:57.458#change#{"from":{"line":9,"ch":18,"sticky":"after"},"to":{"line":9,"ch":19,"sticky":null},"text":[""],"removed":["e"],"origin":"+delete"}
2019-6-11 17:52:57.458#keyHandled#"Backspace"
2019-6-11 17:52:58.125#change#{"from":{"line":9,"ch":18,"sticky":null},"to":{"line":9,"ch":18,"sticky":null},"text":["p"],"removed":[""],"origin":"+input"}
2019-6-11 17:52:58.367#change#{"from":{"line":9,"ch":19,"sticky":null},"to":{"line":9,"ch":19,"sticky":null},"text":["e"],"removed":[""],"origin":"+input"}
2019-6-11 17:52:58.759#change#{"from":{"line":9,"ch":20,"sticky":null},"to":{"line":9,"ch":20,"sticky":null},"text":["="],"removed":[""],"origin":"+input"}
2019-6-11 17:52:59.540#change#{"from":{"line":9,"ch":21,"sticky":null},"to":{"line":9,"ch":21,"sticky":null},"text":["i"],"removed":[""],"origin":"+input"}
2019-6-11 17:52:59.699#change#{"from":{"line":9,"ch":22,"sticky":null},"to":{"line":9,"ch":22,"sticky":null},"text":["n"],"removed":[""],"origin":"+input"}
2019-6-11 17:52:59.777#change#{"from":{"line":9,"ch":23,"sticky":null},"to":{"line":9,"ch":23,"sticky":null},"text":["t"],"removed":[""],"origin":"+input"}
2019-6-11 17:53:00.804#keyHandled#"Right"
2019-6-11 17:53:20.921#mousedown#{"isTrusted":true}
2019-6-11 17:53:23.234#change#{"from":{"line":11,"ch":15,"sticky":"before","xRel":-2.20001220703125},"to":{"line":11,"ch":15,"sticky":"before","xRel":-2.20001220703125},"text":["s"],"removed":[""],"origin":"+input"}
2019-6-11 17:53:23.742#change#{"from":{"line":11,"ch":16,"sticky":null},"to":{"line":11,"ch":16,"sticky":null},"text":["i"],"removed":[""],"origin":"+input"}
2019-6-11 17:53:24.057#change#{"from":{"line":11,"ch":17,"sticky":null},"to":{"line":11,"ch":17,"sticky":null},"text":["c"],"removed":[""],"origin":"+input"}
2019-6-11 17:53:24.299#change#{"from":{"line":11,"ch":18,"sticky":null},"to":{"line":11,"ch":18,"sticky":null},"text":["e"],"removed":[""],"origin":"+input"}
2019-6-11 17:53:24.727#change#{"from":{"line":11,"ch":18,"sticky":"after"},"to":{"line":11,"ch":19,"sticky":null},"text":[""],"removed":["e"],"origin":"+delete"}
2019-6-11 17:53:24.728#keyHandled#"Backspace"
2019-6-11 17:53:24.847#change#{"from":{"line":11,"ch":17,"sticky":"after"},"to":{"line":11,"ch":18,"sticky":null},"text":[""],"removed":["c"],"origin":"+delete"}
2019-6-11 17:53:24.847#keyHandled#"Backspace"
2019-6-11 17:53:25.474#change#{"from":{"line":11,"ch":17,"sticky":null},"to":{"line":11,"ch":17,"sticky":null},"text":["z"],"removed":[""],"origin":"+input"}
2019-6-11 17:53:25.671#change#{"from":{"line":11,"ch":18,"sticky":null},"to":{"line":11,"ch":18,"sticky":null},"text":["e"],"removed":[""],"origin":"+input"}
2019-6-11 17:53:26.023#change#{"from":{"line":11,"ch":19,"sticky":null},"to":{"line":11,"ch":19,"sticky":null},"text":["\\"],"removed":[""],"origin":"+input"}
2019-6-11 17:53:26.140#change#{"from":{"line":11,"ch":20,"sticky":null},"to":{"line":11,"ch":20,"sticky":null},"text":["9"],"removed":[""],"origin":"+input"}
2019-6-11 17:53:26.611#change#{"from":{"line":11,"ch":20,"sticky":"after"},"to":{"line":11,"ch":21,"sticky":null},"text":[""],"removed":["9"],"origin":"+delete"}
2019-6-11 17:53:26.611#keyHandled#"Backspace"
2019-6-11 17:53:26.769#change#{"from":{"line":11,"ch":19,"sticky":"after"},"to":{"line":11,"ch":20,"sticky":null},"text":[""],"removed":["\\"],"origin":"+delete"}
2019-6-11 17:53:26.769#keyHandled#"Backspace"
2019-6-11 17:53:27.435#change#{"from":{"line":11,"ch":19,"sticky":null},"to":{"line":11,"ch":19,"sticky":null},"text":["()"],"removed":[""],"origin":"+input"}
2019-6-11 17:53:27.435#keyHandled#"'('"
2019-6-11 17:53:28.767#change#{"from":{"line":11,"ch":20,"sticky":"after"},"to":{"line":11,"ch":20,"sticky":"after"},"text":["z"],"removed":[""],"origin":"+input"}
2019-6-11 17:53:29.752#keyHandled#"Right"
2019-6-11 17:53:29.878#keyHandled#"Right"
2019-6-11 17:53:30.933#change#{"from":{"line":11,"ch":23,"sticky":"before"},"to":{"line":11,"ch":23,"sticky":"before"},"text":[":"],"removed":[""],"origin":"+input"}
2019-6-11 17:53:31.481#change#{"from":{"line":11,"ch":24,"sticky":null},"to":{"line":11,"ch":24,"sticky":null},"text":[","],"removed":[""],"origin":"+input"}
2019-6-11 17:53:32.223#change#{"from":{"line":11,"ch":24,"sticky":"after"},"to":{"line":11,"ch":25,"sticky":null},"text":[""],"removed":[","],"origin":"+delete"}
2019-6-11 17:53:32.223#keyHandled#"Backspace"
2019-6-11 17:53:32.541#change#{"from":{"line":11,"ch":24,"sticky":null},"to":{"line":11,"ch":24,"sticky":null},"text":["",""],"removed":[""],"origin":"+input"}
2019-6-11 17:53:32.541#change#{"from":{"line":12,"ch":0,"sticky":null},"to":{"line":12,"ch":0,"sticky":null},"text":["\t"],"removed":[""],"origin":"+input"}
2019-6-11 17:53:32.541#keyHandled#"Enter"
2019-6-11 17:53:32.547#viewportChange#0
2019-6-11 17:53:41.909#change#{"from":{"line":12,"ch":1,"sticky":null},"to":{"line":12,"ch":1,"sticky":null},"text":["i"],"removed":[""],"origin":"+input"}
2019-6-11 17:53:42.027#change#{"from":{"line":12,"ch":2,"sticky":null},"to":{"line":12,"ch":2,"sticky":null},"text":["f"],"removed":[""],"origin":"+input"}
2019-6-11 17:53:42.497#change#{"from":{"line":12,"ch":3,"sticky":null},"to":{"line":12,"ch":3,"sticky":null},"text":["()"],"removed":[""],"origin":"+input"}
2019-6-11 17:53:42.497#keyHandled#"'('"
2019-6-11 17:53:50.395#change#{"from":{"line":12,"ch":4,"sticky":"after"},"to":{"line":12,"ch":4,"sticky":"after"},"text":["v"],"removed":[""],"origin":"+input"}
2019-6-11 17:53:50.472#change#{"from":{"line":12,"ch":5,"sticky":null},"to":{"line":12,"ch":5,"sticky":null},"text":["e"],"removed":[""],"origin":"+input"}
2019-6-11 17:53:50.552#change#{"from":{"line":12,"ch":6,"sticky":null},"to":{"line":12,"ch":6,"sticky":null},"text":["t"],"removed":[""],"origin":"+input"}
2019-6-11 17:53:51.610#change#{"from":{"line":12,"ch":7,"sticky":null},"to":{"line":12,"ch":7,"sticky":null},"text":["[]"],"removed":[""],"origin":"+input"}
2019-6-11 17:53:51.610#keyHandled#"'['"
2019-6-11 17:53:52.431#change#{"from":{"line":12,"ch":8,"sticky":"after"},"to":{"line":12,"ch":8,"sticky":"after"},"text":["i"],"removed":[""],"origin":"+input"}
2019-6-11 17:53:53.427#mousedown#{"isTrusted":true}
2019-6-11 17:53:54.153#change#{"from":{"line":10,"ch":0,"sticky":"after","xRel":223.79998779296875},"to":{"line":10,"ch":0,"sticky":"after","xRel":223.79998779296875},"text":["",""],"removed":[""],"origin":"+input"}
2019-6-11 17:53:54.153#keyHandled#"Enter"
2019-6-11 17:53:54.159#viewportChange#0
2019-6-11 17:53:55.170#change#{"from":{"line":11,"ch":0,"sticky":null},"to":{"line":11,"ch":0,"sticky":null},"text":["k"],"removed":[""],"origin":"+input"}
2019-6-11 17:53:55.405#change#{"from":{"line":11,"ch":1,"sticky":null},"to":{"line":11,"ch":1,"sticky":null},"text":["="],"removed":[""],"origin":"+input"}
2019-6-11 17:53:55.835#change#{"from":{"line":11,"ch":2,"sticky":null},"to":{"line":11,"ch":2,"sticky":null},"text":["0"],"removed":[""],"origin":"+input"}
2019-6-11 17:53:55.847#change#{"from":{"line":11,"ch":3,"sticky":null},"to":{"line":11,"ch":3,"sticky":null},"text":["1"],"removed":[""],"origin":"+input"}
2019-6-11 17:53:56.698#change#{"from":{"line":11,"ch":3,"sticky":"after"},"to":{"line":11,"ch":4,"sticky":null},"text":[""],"removed":["1"],"origin":"+delete"}
2019-6-11 17:53:56.698#keyHandled#"Backspace"
2019-6-11 17:53:57.985#mousedown#{"isTrusted":true}
2019-6-11 17:53:58.701#mousedown#{"isTrusted":true}
2019-6-11 17:53:59.826#change#{"from":{"line":13,"ch":10,"sticky":"before","xRel":-3.20001220703125},"to":{"line":13,"ch":10,"sticky":"before","xRel":-3.20001220703125},"text":["="],"removed":[""],"origin":"+input"}
2019-6-11 17:54:13.073#change#{"from":{"line":13,"ch":10,"sticky":"after"},"to":{"line":13,"ch":11,"sticky":null},"text":[""],"removed":["="],"origin":"+delete"}
2019-6-11 17:54:13.073#keyHandled#"Backspace"
2019-6-11 17:54:15.208#change#{"from":{"line":13,"ch":10,"sticky":null},"to":{"line":13,"ch":10,"sticky":null},"text":["%"],"removed":[""],"origin":"+input"}
2019-6-11 17:54:16.147#change#{"from":{"line":13,"ch":11,"sticky":null},"to":{"line":13,"ch":11,"sticky":null},"text":["2"],"removed":[""],"origin":"+input"}
2019-6-11 17:54:17.203#change#{"from":{"line":13,"ch":12,"sticky":null},"to":{"line":13,"ch":12,"sticky":null},"text":["="],"removed":[""],"origin":"+input"}
2019-6-11 17:54:17.296#change#{"from":{"line":13,"ch":13,"sticky":null},"to":{"line":13,"ch":13,"sticky":null},"text":["="],"removed":[""],"origin":"+input"}
2019-6-11 17:54:17.688#change#{"from":{"line":13,"ch":14,"sticky":null},"to":{"line":13,"ch":14,"sticky":null},"text":["0"],"removed":[""],"origin":"+input"}
2019-6-11 17:54:18.382#keyHandled#"Right"
2019-6-11 17:54:20.972#mousedown#{"isTrusted":true}
2019-6-11 17:54:23.292#mousedown#{"isTrusted":true}
2019-6-11 17:54:25.416#change#{"from":{"line":13,"ch":16,"sticky":"before","xRel":9.79998779296875},"to":{"line":13,"ch":16,"sticky":"before","xRel":9.79998779296875},"text":[":"],"removed":[""],"origin":"+input"}
2019-6-11 17:54:25.984#change#{"from":{"line":13,"ch":17,"sticky":null},"to":{"line":13,"ch":17,"sticky":null},"text":["",""],"removed":[""],"origin":"+input"}
2019-6-11 17:54:25.984#change#{"from":{"line":14,"ch":0,"sticky":null},"to":{"line":14,"ch":0,"sticky":null},"text":["\t\t"],"removed":[""],"origin":"+input"}
2019-6-11 17:54:25.984#keyHandled#"Enter"
2019-6-11 17:54:25.991#viewportChange#0
2019-6-11 17:54:30.361#change#{"from":{"line":14,"ch":2,"sticky":null},"to":{"line":14,"ch":2,"sticky":null},"text":["z"],"removed":[""],"origin":"+input"}
2019-6-11 17:54:31.807#change#{"from":{"line":14,"ch":3,"sticky":null},"to":{"line":14,"ch":3,"sticky":null},"text":["[]"],"removed":[""],"origin":"+input"}
2019-6-11 17:54:31.807#keyHandled#"'['"
2019-6-11 17:54:32.238#change#{"from":{"line":14,"ch":4,"sticky":"after"},"to":{"line":14,"ch":4,"sticky":"after"},"text":["p"],"removed":[""],"origin":"+input"}
2019-6-11 17:54:33.067#keyHandled#"Right"
2019-6-11 17:54:33.887#change#{"from":{"line":14,"ch":6,"sticky":"before"},"to":{"line":14,"ch":6,"sticky":"before"},"text":["="],"removed":[""],"origin":"+input"}
2019-6-11 17:54:37.795#change#{"from":{"line":14,"ch":7,"sticky":null},"to":{"line":14,"ch":7,"sticky":null},"text":["m"],"removed":[""],"origin":"+input"}
2019-6-11 17:54:37.953#change#{"from":{"line":14,"ch":8,"sticky":null},"to":{"line":14,"ch":8,"sticky":null},"text":["a"],"removed":[""],"origin":"+input"}
2019-6-11 17:54:38.971#change#{"from":{"line":14,"ch":9,"sticky":null},"to":{"line":14,"ch":9,"sticky":null},"text":["t"],"removed":[""],"origin":"+input"}
2019-6-11 17:54:39.136#change#{"from":{"line":14,"ch":10,"sticky":null},"to":{"line":14,"ch":10,"sticky":null},"text":["r"],"removed":[""],"origin":"+input"}
2019-6-11 17:54:39.489#change#{"from":{"line":14,"ch":11,"sticky":null},"to":{"line":14,"ch":11,"sticky":null},"text":["i"],"removed":[""],"origin":"+input"}
2019-6-11 17:54:39.956#change#{"from":{"line":14,"ch":11,"sticky":"after"},"to":{"line":14,"ch":12,"sticky":null},"text":[""],"removed":["i"],"origin":"+delete"}
2019-6-11 17:54:39.956#keyHandled#"Backspace"
2019-6-11 17:54:40.466#change#{"from":{"line":14,"ch":11,"sticky":null},"to":{"line":14,"ch":11,"sticky":null},"text":["a"],"removed":[""],"origin":"+input"}
2019-6-11 17:54:41.445#change#{"from":{"line":14,"ch":12,"sticky":null},"to":{"line":14,"ch":12,"sticky":null},"text":["",""],"removed":[""],"origin":"+input"}
2019-6-11 17:54:41.445#change#{"from":{"line":15,"ch":0,"sticky":null},"to":{"line":15,"ch":0,"sticky":null},"text":["\t\t"],"removed":[""],"origin":"+input"}
2019-6-11 17:54:41.445#keyHandled#"Enter"
2019-6-11 17:54:41.452#viewportChange#0
2019-6-11 17:54:41.914#change#{"from":{"line":15,"ch":1,"sticky":"after"},"to":{"line":15,"ch":2,"sticky":null},"text":[""],"removed":["\t"],"origin":"+delete"}
2019-6-11 17:54:41.914#keyHandled#"Backspace"
2019-6-11 17:54:42.227#change#{"from":{"line":15,"ch":0,"sticky":"after"},"to":{"line":15,"ch":1,"sticky":null},"text":[""],"removed":["\t"],"origin":"+delete"}
2019-6-11 17:54:42.227#keyHandled#"Backspace"
2019-6-11 17:54:42.619#change#{"from":{"line":14,"ch":12,"sticky":"before"},"to":{"line":15,"ch":0,"sticky":null},"text":[""],"removed":["",""],"origin":"+delete"}
2019-6-11 17:54:42.619#keyHandled#"Backspace"
2019-6-11 17:54:42.625#viewportChange#0
2019-6-11 17:54:43.166#change#{"from":{"line":14,"ch":11,"sticky":"after"},"to":{"line":14,"ch":12,"sticky":null},"text":[""],"removed":["a"],"origin":"+delete"}
2019-6-11 17:54:43.166#keyHandled#"Backspace"
2019-6-11 17:54:44.478#change#{"from":{"line":14,"ch":11,"sticky":null},"to":{"line":14,"ch":11,"sticky":null},"text":["a"],"removed":[""],"origin":"+input"}
2019-6-11 17:54:45.228#keyHandled#"Left"
2019-6-11 17:54:45.393#keyHandled#"Left"
2019-6-11 17:54:45.519#keyHandled#"Left"
2019-6-11 17:54:45.685#keyHandled#"Left"
2019-6-11 17:54:45.850#keyHandled#"Left"
2019-6-11 17:54:46.093#keyHandled#"Left"
2019-6-11 17:54:46.261#keyHandled#"Left"
2019-6-11 17:54:47.314#change#{"from":{"line":14,"ch":4,"sticky":null},"to":{"line":14,"ch":4,"sticky":null},"text":["k"],"removed":[""],"origin":"+input"}
2019-6-11 17:54:48.182#keyHandled#"Right"
2019-6-11 17:54:48.347#keyHandled#"Right"
2019-6-11 17:54:48.474#keyHandled#"Right"
2019-6-11 17:54:48.639#keyHandled#"Right"
2019-6-11 17:54:48.806#keyHandled#"Right"
2019-6-11 17:54:49.010#keyHandled#"Right"
2019-6-11 17:54:49.291#keyHandled#"Right"
2019-6-11 17:54:50.561#change#{"from":{"line":14,"ch":11,"sticky":"after"},"to":{"line":14,"ch":12,"sticky":"before"},"text":[""],"removed":["a"],"origin":"+delete"}
2019-6-11 17:54:50.561#keyHandled#"Backspace"
2019-6-11 17:54:53.259#change#{"from":{"line":14,"ch":11,"sticky":null},"to":{"line":14,"ch":11,"sticky":null},"text":["[]"],"removed":[""],"origin":"+input"}
2019-6-11 17:54:53.259#keyHandled#"'['"
2019-6-11 17:54:56.503#change#{"from":{"line":14,"ch":12,"sticky":"after"},"to":{"line":14,"ch":12,"sticky":"after"},"text":["p"],"removed":[""],"origin":"+input"}
2019-6-11 17:54:57.293#keyHandled#"Right"
2019-6-11 17:54:57.685#change#{"from":{"line":14,"ch":14,"sticky":"before"},"to":{"line":14,"ch":14,"sticky":"before"},"text":["",""],"removed":[""],"origin":"+input"}
2019-6-11 17:54:57.685#change#{"from":{"line":15,"ch":0,"sticky":null},"to":{"line":15,"ch":0,"sticky":null},"text":["\t\t"],"removed":[""],"origin":"+input"}
2019-6-11 17:54:57.685#keyHandled#"Enter"
2019-6-11 17:54:57.691#viewportChange#0
2019-6-11 17:54:58.739#change#{"from":{"line":15,"ch":1,"sticky":"after"},"to":{"line":15,"ch":2,"sticky":null},"text":[""],"removed":["\t"],"origin":"+delete"}
2019-6-11 17:54:58.739#keyHandled#"Backspace"
2019-6-11 17:55:01.282#change#{"from":{"line":15,"ch":1,"sticky":null},"to":{"line":15,"ch":1,"sticky":null},"text":["k"],"removed":[""],"origin":"+input"}
2019-6-11 17:55:03.209#change#{"from":{"line":15,"ch":2,"sticky":null},"to":{"line":15,"ch":2,"sticky":null},"text":["="],"removed":[""],"origin":"+input"}
2019-6-11 17:55:04.436#change#{"from":{"line":15,"ch":3,"sticky":null},"to":{"line":15,"ch":3,"sticky":null},"text":["k"],"removed":[""],"origin":"+input"}
2019-6-11 17:55:04.981#change#{"from":{"line":15,"ch":4,"sticky":null},"to":{"line":15,"ch":4,"sticky":null},"text":["+"],"removed":[""],"origin":"+input"}
2019-6-11 17:55:05.333#change#{"from":{"line":15,"ch":5,"sticky":null},"to":{"line":15,"ch":5,"sticky":null},"text":["1"],"removed":[""],"origin":"+input"}
2019-6-11 17:55:06.198#change#{"from":{"line":15,"ch":6,"sticky":null},"to":{"line":15,"ch":6,"sticky":null},"text":["",""],"removed":[""],"origin":"+input"}
2019-6-11 17:55:06.198#change#{"from":{"line":16,"ch":0,"sticky":null},"to":{"line":16,"ch":0,"sticky":null},"text":["\t"],"removed":[""],"origin":"+input"}
2019-6-11 17:55:06.198#keyHandled#"Enter"
2019-6-11 17:55:06.205#viewportChange#0
2019-6-11 17:55:06.976#change#{"from":{"line":16,"ch":0,"sticky":"after"},"to":{"line":16,"ch":1,"sticky":null},"text":[""],"removed":["\t"],"origin":"+delete"}
2019-6-11 17:55:06.976#keyHandled#"Backspace"
2019-6-11 17:55:08.307#change#{"from":{"line":16,"ch":0,"sticky":null},"to":{"line":16,"ch":0,"sticky":null},"text":["p"],"removed":[""],"origin":"+input"}
2019-6-11 17:55:08.444#change#{"from":{"line":16,"ch":1,"sticky":null},"to":{"line":16,"ch":1,"sticky":null},"text":["r"],"removed":[""],"origin":"+input"}
2019-6-11 17:55:08.560#change#{"from":{"line":16,"ch":2,"sticky":null},"to":{"line":16,"ch":2,"sticky":null},"text":["i"],"removed":[""],"origin":"+input"}
2019-6-11 17:55:08.733#change#{"from":{"line":16,"ch":3,"sticky":null},"to":{"line":16,"ch":3,"sticky":null},"text":["n"],"removed":[""],"origin":"+input"}
2019-6-11 17:55:08.811#change#{"from":{"line":16,"ch":4,"sticky":null},"to":{"line":16,"ch":4,"sticky":null},"text":["t"],"removed":[""],"origin":"+input"}
2019-6-11 17:55:09.556#change#{"from":{"line":16,"ch":5,"sticky":null},"to":{"line":16,"ch":5,"sticky":null},"text":["()"],"removed":[""],"origin":"+input"}
2019-6-11 17:55:09.556#keyHandled#"'('"
2019-6-11 17:55:12.686#change#{"from":{"line":16,"ch":6,"sticky":"after"},"to":{"line":16,"ch":6,"sticky":"after"},"text":["z"],"removed":[""],"origin":"+input"}
2019-6-11 17:55:12.686#change#{"from":{"line":16,"ch":6,"sticky":"after"},"to":{"line":16,"ch":6,"sticky":"after"},"text":["z"],"removed":[""],"origin":"+input"}
2019-6-11 17:55:14.623#saida_testar#$ python3 main.py
2019-6-11 17:55:17.118#blur#
2019-6-11 17:55:30.510#mousedown#{"isTrusted":true}
2019-6-11 17:55:30.587#focus#
2019-6-11 17:55:31.407#change#{"from":{"line":13,"ch":8,"sticky":"after","xRel":3.79998779296875},"to":{"line":13,"ch":9,"sticky":"before","xRel":-3.20001220703125},"text":[""],"removed":["i"],"origin":"+delete"}
2019-6-11 17:55:31.407#keyHandled#"Backspace"
2019-6-11 17:55:31.644#change#{"from":{"line":13,"ch":8,"sticky":null},"to":{"line":13,"ch":8,"sticky":null},"text":["p"],"removed":[""],"origin":"+input"}
2019-6-11 17:55:31.407#change#{"from":{"line":13,"ch":8,"sticky":"after","xRel":3.79998779296875},"to":{"line":13,"ch":9,"sticky":"before","xRel":-3.20001220703125},"text":[""],"removed":["i"],"origin":"+delete"}
2019-6-11 17:55:31.407#keyHandled#"Backspace"
2019-6-11 17:55:31.644#change#{"from":{"line":13,"ch":8,"sticky":null},"to":{"line":13,"ch":8,"sticky":null},"text":["p"],"removed":[""],"origin":"+input"}
2019-6-11 17:55:34.667#saida_testar#$ python3 main.py
2019-6-11 17:55:34.711#blur#
2019-6-11 17:55:38.342#mousedown#{"isTrusted":true}
2019-6-11 17:55:38.416#focus#
2019-6-11 17:55:39.270#change#{"from":{"line":14,"ch":7,"sticky":"before","xRel":-0.20001220703125},"to":{"line":14,"ch":7,"sticky":"before","xRel":-0.20001220703125},"text":["="],"removed":[""],"origin":"+input"}
2019-6-11 17:55:39.270#change#{"from":{"line":14,"ch":7,"sticky":"before","xRel":-0.20001220703125},"to":{"line":14,"ch":7,"sticky":"before","xRel":-0.20001220703125},"text":["="],"removed":[""],"origin":"+input"}
2019-6-11 17:55:41.761#mousedown#{"isTrusted":true}
2019-6-11 17:55:41.762#contextmenu#{"isTrusted":true}
2019-6-11 17:55:42.403#saida_testar#$ python3 main.py
2019-6-11 17:55:42.596#blur#
2019-6-11 17:55:48.193#mousedown#{"isTrusted":true}
2019-6-11 17:55:48.271#focus#
2019-6-11 17:55:48.860#change#{"from":{"line":14,"ch":11,"sticky":"after"},"to":{"line":14,"ch":12,"sticky":"before","xRel":-2.20001220703125},"text":[""],"removed":["r"],"origin":"+delete"}
2019-6-11 17:55:48.860#keyHandled#"Backspace"
2019-6-11 17:55:49.018#change#{"from":{"line":14,"ch":10,"sticky":"after"},"to":{"line":14,"ch":11,"sticky":null},"text":[""],"removed":["t"],"origin":"+delete"}
2019-6-11 17:55:49.018#keyHandled#"Backspace"
2019-6-11 17:55:49.179#change#{"from":{"line":14,"ch":9,"sticky":"after"},"to":{"line":14,"ch":10,"sticky":null},"text":[""],"removed":["a"],"origin":"+delete"}
2019-6-11 17:55:49.179#keyHandled#"Backspace"
2019-6-11 17:55:49.509#change#{"from":{"line":14,"ch":8,"sticky":"after"},"to":{"line":14,"ch":9,"sticky":null},"text":[""],"removed":["m"],"origin":"+delete"}
2019-6-11 17:55:49.509#keyHandled#"Backspace"
2019-6-11 17:55:50.098#change#{"from":{"line":14,"ch":8,"sticky":null},"to":{"line":14,"ch":8,"sticky":null},"text":["v"],"removed":[""],"origin":"+input"}
2019-6-11 17:55:50.380#change#{"from":{"line":14,"ch":9,"sticky":null},"to":{"line":14,"ch":9,"sticky":null},"text":["e"],"removed":[""],"origin":"+input"}
2019-6-11 17:55:50.497#change#{"from":{"line":14,"ch":10,"sticky":null},"to":{"line":14,"ch":10,"sticky":null},"text":["t"],"removed":[""],"origin":"+input"}
2019-6-11 17:55:50.098#change#{"from":{"line":14,"ch":8,"sticky":null},"to":{"line":14,"ch":8,"sticky":null},"text":["v"],"removed":[""],"origin":"+input"}
2019-6-11 17:55:50.380#change#{"from":{"line":14,"ch":9,"sticky":null},"to":{"line":14,"ch":9,"sticky":null},"text":["e"],"removed":[""],"origin":"+input"}
2019-6-11 17:55:50.497#change#{"from":{"line":14,"ch":10,"sticky":null},"to":{"line":14,"ch":10,"sticky":null},"text":["t"],"removed":[""],"origin":"+input"}
2019-6-11 17:55:54.108#blur#
2019-6-11 17:55:54.327#saida_testar#$ python3 main.py
2019-6-11 17:56:32.222#mousedown#{"isTrusted":true}
2019-6-11 17:56:32.296#focus#
2019-6-11 17:56:32.922#change#{"from":{"line":14,"ch":7,"sticky":"after"},"to":{"line":14,"ch":8,"sticky":"after","xRel":0.79998779296875},"text":[""],"removed":["="],"origin":"+delete"}
2019-6-11 17:56:32.923#keyHandled#"Backspace"
2019-6-11 17:56:32.222#mousedown#{"isTrusted":true}
2019-6-11 17:56:32.296#focus#
2019-6-11 17:56:32.922#change#{"from":{"line":14,"ch":7,"sticky":"after"},"to":{"line":14,"ch":8,"sticky":"after","xRel":0.79998779296875},"text":[""],"removed":["="],"origin":"+delete"}
2019-6-11 17:56:32.923#keyHandled#"Backspace"
2019-6-11 17:56:34.854#saida_testar#$ python3 main.py
2019-6-11 17:56:36.892#blur#
2019-6-11 17:59:32.891#mousedown#{"isTrusted":true}
2019-6-11 17:59:32.973#focus#
2019-6-11 17:59:32.891#mousedown#{"isTrusted":true}
2019-6-11 17:59:32.973#focus#
2019-6-11 18:00:14.559#blur#
2019-6-11 18:00:14.662#saida_testar#$ python3 main.py
2019-6-11 18:00:44.790#mousedown#{"isTrusted":true}
2019-6-11 18:00:44.797#focus#
2019-6-11 18:00:45.284#mousedown#{"isTrusted":true}
2019-6-11 18:00:47.500#blur#
2019-6-11 18:00:51.632#focus#
2019-6-11 18:00:53.074#mousedown#{"isTrusted":true}
2019-6-11 18:00:54.040#change#{"from":{"line":15,"ch":1,"sticky":"after","xRel":0.79998779296875},"to":{"line":15,"ch":1,"sticky":"after","xRel":0.79998779296875},"text":[" "],"removed":[""],"origin":"+input"}
2019-6-11 18:00:54.276#change#{"from":{"line":15,"ch":2,"sticky":null},"to":{"line":15,"ch":2,"sticky":null},"text":[" "],"removed":[""],"origin":"+input"}
2019-6-11 18:00:54.474#change#{"from":{"line":15,"ch":3,"sticky":null},"to":{"line":15,"ch":3,"sticky":null},"text":[" "],"removed":[""],"origin":"+input"}
2019-6-11 18:00:54.040#change#{"from":{"line":15,"ch":1,"sticky":"after","xRel":0.79998779296875},"to":{"line":15,"ch":1,"sticky":"after","xRel":0.79998779296875},"text":[" "],"removed":[""],"origin":"+input"}
2019-6-11 18:00:54.276#change#{"from":{"line":15,"ch":2,"sticky":null},"to":{"line":15,"ch":2,"sticky":null},"text":[" "],"removed":[""],"origin":"+input"}
2019-6-11 18:00:54.474#change#{"from":{"line":15,"ch":3,"sticky":null},"to":{"line":15,"ch":3,"sticky":null},"text":[" "],"removed":[""],"origin":"+input"}
2019-6-11 18:00:58.812#saida_testar#$ python3 main.py
File "main.py", line 16
k=k+1
IndentationError: unindent does not match any outer indentation level
2019-6-11 18:01:00.451#blur#
2019-6-11 18:01:02.753#focus#
2019-6-11 18:01:04.359#mousedown#{"isTrusted":true}
2019-6-11 18:01:05.028#change#{"from":{"line":14,"ch":1,"sticky":"after"},"to":{"line":14,"ch":2,"sticky":"before","xRel":-0.20001220703125},"text":[""],"removed":["\t"],"origin":"+delete"}
2019-6-11 18:01:05.028#keyHandled#"Backspace"
2019-6-11 18:01:05.222#change#{"from":{"line":14,"ch":0,"sticky":"after"},"to":{"line":14,"ch":1,"sticky":null},"text":[""],"removed":["\t"],"origin":"+delete"}
2019-6-11 18:01:05.222#keyHandled#"Backspace"
2019-6-11 18:01:05.574#change#{"from":{"line":13,"ch":17,"sticky":"before"},"to":{"line":14,"ch":0,"sticky":null},"text":[""],"removed":["",""],"origin":"+delete"}
2019-6-11 18:01:05.574#keyHandled#"Backspace"
2019-6-11 18:01:05.581#viewportChange#0
2019-6-11 18:01:06.232#change#{"from":{"line":13,"ch":17,"sticky":null},"to":{"line":13,"ch":17,"sticky":null},"text":["",""],"removed":[""],"origin":"+input"}
2019-6-11 18:01:06.232#change#{"from":{"line":14,"ch":0,"sticky":null},"to":{"line":14,"ch":0,"sticky":null},"text":["\t\t"],"removed":[""],"origin":"+input"}
2019-6-11 18:01:06.232#keyHandled#"Enter"
2019-6-11 18:01:06.238#viewportChange#0
2019-6-11 18:01:07.418#mousedown#{"isTrusted":true}
2019-6-11 18:01:08.028#change#{"from":{"line":15,"ch":3,"sticky":"after"},"to":{"line":15,"ch":4,"sticky":"after","xRel":0.79998779296875},"text":[""],"removed":[" "],"origin":"+delete"}
2019-6-11 18:01:08.028#keyHandled#"Backspace"
2019-6-11 18:01:08.302#change#{"from":{"line":15,"ch":2,"sticky":"after"},"to":{"line":15,"ch":3,"sticky":null},"text":[""],"removed":[" "],"origin":"+delete"}
2019-6-11 18:01:08.303#keyHandled#"Backspace"
2019-6-11 18:01:08.578#change#{"from":{"line":15,"ch":1,"sticky":"after"},"to":{"line":15,"ch":2,"sticky":null},"text":[""],"removed":[" "],"origin":"+delete"}
2019-6-11 18:01:08.578#keyHandled#"Backspace"
2019-6-11 18:01:08.852#change#{"from":{"line":15,"ch":0,"sticky":"after"},"to":{"line":15,"ch":1,"sticky":null},"text":[""],"removed":["\t"],"origin":"+delete"}
2019-6-11 18:01:08.852#keyHandled#"Backspace"
2019-6-11 18:01:09.127#change#{"from":{"line":14,"ch":13,"sticky":"before"},"to":{"line":15,"ch":0,"sticky":null},"text":[""],"removed":["",""],"origin":"+delete"}
2019-6-11 18:01:09.127#keyHandled#"Backspace"
2019-6-11 18:01:09.133#viewportChange#0
2019-6-11 18:01:10.051#change#{"from":{"line":14,"ch":13,"sticky":null},"to":{"line":14,"ch":13,"sticky":null},"text":["",""],"removed":[""],"origin":"+input"}
2019-6-11 18:01:10.051#change#{"from":{"line":15,"ch":0,"sticky":null},"to":{"line":15,"ch":0,"sticky":null},"text":["\t\t"],"removed":[""],"origin":"+input"}
2019-6-11 18:01:10.051#keyHandled#"Enter"
2019-6-11 18:01:10.058#viewportChange#0
2019-6-11 18:01:10.051#change#{"from":{"line":14,"ch":13,"sticky":null},"to":{"line":14,"ch":13,"sticky":null},"text":["",""],"removed":[""],"origin":"+input"}
2019-6-11 18:01:10.051#change#{"from":{"line":15,"ch":0,"sticky":null},"to":{"line":15,"ch":0,"sticky":null},"text":["\t\t"],"removed":[""],"origin":"+input"}
2019-6-11 18:01:10.051#keyHandled#"Enter"
2019-6-11 18:01:10.058#viewportChange#0
2019-6-11 18:01:13.732#saida_testar#$ python3 main.py
2019-6-11 18:01:14.830#blur#
2019-6-11 18:01:28.800#mousedown#{"isTrusted":true}
2019-6-11 18:01:28.884#focus#
2019-6-11 18:01:30.231#blur#
2019-6-11 18:01:32.574#focus#
2019-6-11 18:01:36.258#blur#
2019-6-11 18:01:37.528#focus#
2019-6-11 18:01:38.388#blur#
2019-6-11 18:01:39.677#focus#
2019-6-11 18:01:40.903#blur#
2019-6-11 18:01:57.823#focus#
2019-6-11 18:01:59.212#blur#
2019-6-11 18:02:00.262#focus#
2019-6-11 18:02:02.348#blur#
2019-6-11 18:02:03.791#focus#
2019-6-11 18:02:05.130#blur#
2019-6-11 18:02:06.590#focus#
2019-6-11 18:02:07.190#blur#
2019-6-11 18:02:14.649#focus#
2019-6-11 18:02:16.086#blur#
2019-6-11 18:02:16.839#focus#
2019-6-11 18:02:17.671#blur#
2019-6-11 18:02:18.576#focus#
2019-6-11 18:02:19.526#blur#
2019-6-11 18:02:20.702#focus#
2019-6-11 18:02:21.472#blur#
2019-6-11 18:02:22.498#focus#
2019-6-11 18:02:25.519#mousedown#{"isTrusted":true}
2019-6-11 18:02:26.776#blur#
2019-6-11 18:02:27.635#focus#
2019-6-11 18:02:28.721#change#{"from":{"line":12,"ch":20,"sticky":"after"},"to":{"line":12,"ch":21,"sticky":"after","xRel":2.79998779296875},"text":[""],"removed":["z"],"origin":"+delete"}
2019-6-11 18:02:28.721#keyHandled#"Backspace"
2019-6-11 18:02:30.363#change#{"from":{"line":12,"ch":20,"sticky":null},"to":{"line":12,"ch":20,"sticky":null},"text":["v"],"removed":[""],"origin":"+input"}
2019-6-11 18:02:30.448#change#{"from":{"line":12,"ch":21,"sticky":null},"to":{"line":12,"ch":21,"sticky":null},"text":["e"],"removed":[""],"origin":"+input"}
2019-6-11 18:02:30.568#change#{"from":{"line":12,"ch":22,"sticky":null},"to":{"line":12,"ch":22,"sticky":null},"text":["t"],"removed":[""],"origin":"+input"}
2019-6-11 18:02:30.363#change#{"from":{"line":12,"ch":20,"sticky":null},"to":{"line":12,"ch":20,"sticky":null},"text":["v"],"removed":[""],"origin":"+input"}
2019-6-11 18:02:30.448#change#{"from":{"line":12,"ch":21,"sticky":null},"to":{"line":12,"ch":21,"sticky":null},"text":["e"],"removed":[""],"origin":"+input"}
2019-6-11 18:02:30.568#change#{"from":{"line":12,"ch":22,"sticky":null},"to":{"line":12,"ch":22,"sticky":null},"text":["t"],"removed":[""],"origin":"+input"}
2019-6-11 18:02:33.000#saida_testar#$ python3 main.py
2019-6-11 18:02:33.862#blur#
2019-6-27 16:27:43.869#viewportChange#0
2019-6-27 16:27:57.648#mousedown#{"isTrusted":true}
2019-6-27 16:27:57.666#focus#
2019-6-27 16:27:59.161#mousedown#{"isTrusted":true}
2019-6-27 16:28:05.064#mousedown#{"isTrusted":true}
2019-6-27 16:28:14.851#mousedown#{"isTrusted":true}
2019-6-27 16:28:15.640#mousedown#{"isTrusted":true}
2019-6-27 16:28:16.043#mousedown#{"isTrusted":true}
2019-6-27 16:28:17.757#mousedown#{"isTrusted":true}
2019-6-27 16:28:18.635#mousedown#{"isTrusted":true}
