2019-3-14 20:23:01.543#viewportChange#0
2019-3-14 20:23:17.598#mousedown#{"isTrusted":true}
2019-3-14 20:23:17.610#focus#
2019-3-14 20:23:19.253#change#{"from":{"line":0,"ch":0,"sticky":"after","xRel":89.29998779296875},"to":{"line":0,"ch":0,"sticky":"after","xRel":89.29998779296875},"text":["p"],"removed":[""],"origin":"+input"}
2019-3-14 20:23:19.343#change#{"from":{"line":0,"ch":1,"sticky":null},"to":{"line":0,"ch":1,"sticky":null},"text":["r"],"removed":[""],"origin":"+input"}
2019-3-14 20:23:19.501#change#{"from":{"line":0,"ch":2,"sticky":null},"to":{"line":0,"ch":2,"sticky":null},"text":["i"],"removed":[""],"origin":"+input"}
2019-3-14 20:23:19.719#change#{"from":{"line":0,"ch":3,"sticky":null},"to":{"line":0,"ch":3,"sticky":null},"text":["n"],"removed":[""],"origin":"+input"}
2019-3-14 20:23:19.897#change#{"from":{"line":0,"ch":4,"sticky":null},"to":{"line":0,"ch":4,"sticky":null},"text":["t"],"removed":[""],"origin":"+input"}
2019-3-14 20:23:20.904#change#{"from":{"line":0,"ch":5,"sticky":null},"to":{"line":0,"ch":5,"sticky":null},"text":["()"],"removed":[""],"origin":"+input"}
2019-3-14 20:23:20.904#keyHandled#"'('"
2019-3-14 20:23:21.192#keyHandled#"')'"
2019-3-14 20:23:21.776#keyHandled#"Left"
2019-3-14 20:23:22.548#change#{"from":{"line":0,"ch":6,"sticky":"after"},"to":{"line":0,"ch":6,"sticky":"after"},"text":["3"],"removed":[""],"origin":"+input"}
2019-3-14 20:23:22.757#change#{"from":{"line":0,"ch":7,"sticky":null},"to":{"line":0,"ch":7,"sticky":null},"text":["5"],"removed":[""],"origin":"+input"}
2019-3-14 20:23:24.245#blur#
2019-3-21 20:07:38.238#viewportChange#0
2019-3-23 16:23:59.055#viewportChange#0
2019-3-23 16:24:37.201#mousedown#{"isTrusted":true}
2019-3-23 16:24:37.256#focus#
2019-3-23 16:24:37.575#change#{"from":{"line":0,"ch":0,"sticky":"after","xRel":-0.90625},"to":{"line":0,"ch":0,"sticky":"after","xRel":-0.90625},"text":["",""],"removed":[""],"origin":"+input"}
2019-3-23 16:24:37.576#keyHandled#"Enter"
2019-3-23 16:24:37.599#viewportChange#0
2019-3-23 16:24:37.867#change#{"from":{"line":1,"ch":0,"sticky":null},"to":{"line":1,"ch":0,"sticky":null},"text":["",""],"removed":[""],"origin":"+input"}
2019-3-23 16:24:37.867#keyHandled#"Enter"
2019-3-23 16:24:37.881#viewportChange#0
2019-3-23 16:25:12.316#blur#
2019-3-23 16:25:36.500#mousedown#{"isTrusted":true}
2019-3-23 16:25:36.507#focus#
2019-3-23 16:25:37.361#change#{"from":{"line":0,"ch":0,"sticky":"after","xRel":0},"to":{"line":0,"ch":0,"sticky":"after","xRel":0},"text":["i"],"removed":[""],"origin":"+input"}
2019-3-23 16:25:37.547#change#{"from":{"line":0,"ch":1,"sticky":null},"to":{"line":0,"ch":1,"sticky":null},"text":["n"],"removed":[""],"origin":"+input"}
2019-3-23 16:25:37.714#change#{"from":{"line":0,"ch":2,"sticky":null},"to":{"line":0,"ch":2,"sticky":null},"text":["t"],"removed":[""],"origin":"+input"}
2019-3-23 16:25:41.373#change#{"from":{"line":0,"ch":2,"sticky":"after"},"to":{"line":0,"ch":3,"sticky":null},"text":[""],"removed":["t"],"origin":"+delete"}
2019-3-23 16:25:41.374#keyHandled#"Backspace"
2019-3-23 16:25:41.833#change#{"from":{"line":0,"ch":1,"sticky":"after"},"to":{"line":0,"ch":2,"sticky":null},"text":[""],"removed":["n"],"origin":"+delete"}
2019-3-23 16:25:41.833#keyHandled#"Backspace"
2019-3-23 16:25:42.059#change#{"from":{"line":0,"ch":0,"sticky":"after"},"to":{"line":0,"ch":1,"sticky":null},"text":[""],"removed":["i"],"origin":"+delete"}
2019-3-23 16:25:42.059#keyHandled#"Backspace"
2019-3-23 16:25:44.400#change#{"from":{"line":0,"ch":0,"sticky":null},"to":{"line":0,"ch":0,"sticky":null},"text":["i"],"removed":[""],"origin":"+input"}
2019-3-23 16:25:44.646#change#{"from":{"line":0,"ch":1,"sticky":null},"to":{"line":0,"ch":1,"sticky":null},"text":["n"],"removed":[""],"origin":"+input"}
2019-3-23 16:25:44.902#change#{"from":{"line":0,"ch":2,"sticky":null},"to":{"line":0,"ch":2,"sticky":null},"text":["p"],"removed":[""],"origin":"+input"}
2019-3-23 16:25:45.226#change#{"from":{"line":0,"ch":3,"sticky":null},"to":{"line":0,"ch":3,"sticky":null},"text":["u"],"removed":[""],"origin":"+input"}
2019-3-23 16:25:45.485#change#{"from":{"line":0,"ch":4,"sticky":null},"to":{"line":0,"ch":4,"sticky":null},"text":["t"],"removed":[""],"origin":"+input"}
2019-3-23 16:25:47.163#change#{"from":{"line":0,"ch":5,"sticky":null},"to":{"line":0,"ch":5,"sticky":null},"text":[":"],"removed":[""],"origin":"+input"}
2019-3-23 16:25:47.547#change#{"from":{"line":0,"ch":6,"sticky":null},"to":{"line":0,"ch":6,"sticky":null},"text":[" "],"removed":[""],"origin":"+input"}
2019-3-23 16:25:52.843#blur#
2019-3-23 16:26:09.259#mousedown#{"isTrusted":true}
2019-3-23 16:26:09.283#focus#
2019-3-23 16:26:10.398#keyHandled#"Right"
2019-3-23 16:26:10.724#keyHandled#"Right"
2019-3-23 16:26:11.281#change#{"from":{"line":2,"ch":7,"sticky":"after"},"to":{"line":2,"ch":8,"sticky":"before"},"text":[""],"removed":["5"],"origin":"+delete"}
2019-3-23 16:26:11.281#keyHandled#"Backspace"
2019-3-23 16:26:11.471#change#{"from":{"line":2,"ch":6,"sticky":"after"},"to":{"line":2,"ch":7,"sticky":null},"text":[""],"removed":["3"],"origin":"+delete"}
2019-3-23 16:26:11.471#keyHandled#"Backspace"
2019-3-23 16:26:13.920#change#{"from":{"line":2,"ch":6,"sticky":null},"to":{"line":2,"ch":6,"sticky":null},"text":["9"],"removed":[""],"origin":"+input"}
2019-3-23 16:26:14.189#change#{"from":{"line":2,"ch":7,"sticky":null},"to":{"line":2,"ch":7,"sticky":null},"text":["0"],"removed":[""],"origin":"+input"}
2019-3-23 16:26:15.203#change#{"from":{"line":2,"ch":7,"sticky":"after"},"to":{"line":2,"ch":8,"sticky":null},"text":[""],"removed":["0"],"origin":"+delete"}
2019-3-23 16:26:15.203#keyHandled#"Backspace"
2019-3-23 16:26:15.391#change#{"from":{"line":2,"ch":6,"sticky":"after"},"to":{"line":2,"ch":7,"sticky":null},"text":[""],"removed":["9"],"origin":"+delete"}
2019-3-23 16:26:15.391#keyHandled#"Backspace"
2019-3-23 16:26:17.089#change#{"from":{"line":2,"ch":6,"sticky":null},"to":{"line":2,"ch":6,"sticky":null},"text":["\"\""],"removed":[""],"origin":"+input"}
2019-3-23 16:26:17.089#keyHandled#"'\"'"
2019-3-23 16:26:18.618#change#{"from":{"line":2,"ch":7,"sticky":"after"},"to":{"line":2,"ch":7,"sticky":"after"},"text":["0"],"removed":[""],"origin":"+input"}
2019-3-23 16:26:19.296#change#{"from":{"line":2,"ch":7,"sticky":"after"},"to":{"line":2,"ch":8,"sticky":null},"text":[""],"removed":["0"],"origin":"+delete"}
2019-3-23 16:26:19.296#keyHandled#"Backspace"
2019-3-23 16:26:19.511#change#{"from":{"line":2,"ch":7,"sticky":null},"to":{"line":2,"ch":7,"sticky":null},"text":["9"],"removed":[""],"origin":"+input"}
2019-3-23 16:26:19.721#change#{"from":{"line":2,"ch":8,"sticky":null},"to":{"line":2,"ch":8,"sticky":null},"text":["0"],"removed":[""],"origin":"+input"}
2019-3-23 16:26:20.422#keyHandled#"Right"
2019-3-23 16:26:20.961#change#{"from":{"line":2,"ch":10,"sticky":"before"},"to":{"line":2,"ch":10,"sticky":"before"},"text":[" "],"removed":[""],"origin":"+input"}
2019-3-23 16:26:21.837#change#{"from":{"line":2,"ch":11,"sticky":null},"to":{"line":2,"ch":11,"sticky":null},"text":["-"],"removed":[""],"origin":"+input"}
2019-3-23 16:26:23.275#change#{"from":{"line":2,"ch":12,"sticky":null},"to":{"line":2,"ch":12,"sticky":null},"text":[" "],"removed":[""],"origin":"+input"}
2019-3-23 16:26:24.476#change#{"from":{"line":2,"ch":12,"sticky":"after"},"to":{"line":2,"ch":13,"sticky":null},"text":[""],"removed":[" "],"origin":"+delete"}
2019-3-23 16:26:24.476#keyHandled#"Backspace"
2019-3-23 16:26:24.768#change#{"from":{"line":2,"ch":11,"sticky":"after"},"to":{"line":2,"ch":12,"sticky":null},"text":[""],"removed":["-"],"origin":"+delete"}
2019-3-23 16:26:24.768#keyHandled#"Backspace"
2019-3-23 16:26:25.756#change#{"from":{"line":2,"ch":11,"sticky":null},"to":{"line":2,"ch":11,"sticky":null},"text":["_"],"removed":[""],"origin":"+input"}
2019-3-23 16:26:26.407#change#{"from":{"line":2,"ch":11,"sticky":"after"},"to":{"line":2,"ch":12,"sticky":null},"text":[""],"removed":["_"],"origin":"+delete"}
2019-3-23 16:26:26.407#keyHandled#"Backspace"
2019-3-23 16:26:26.899#change#{"from":{"line":2,"ch":11,"sticky":null},"to":{"line":2,"ch":11,"sticky":null},"text":["-"],"removed":[""],"origin":"+input"}
2019-3-23 16:26:27.279#change#{"from":{"line":2,"ch":12,"sticky":null},"to":{"line":2,"ch":12,"sticky":null},"text":[" "],"removed":[""],"origin":"+input"}
2019-3-23 16:26:27.854#change#{"from":{"line":2,"ch":13,"sticky":null},"to":{"line":2,"ch":13,"sticky":null},"text":["\"\""],"removed":[""],"origin":"+input"}
2019-3-23 16:26:27.854#keyHandled#"'\"'"
2019-3-23 16:26:30.084#change#{"from":{"line":2,"ch":14,"sticky":"after"},"to":{"line":2,"ch":14,"sticky":"after"},"text":["5"],"removed":[""],"origin":"+input"}
2019-3-23 16:26:30.252#change#{"from":{"line":2,"ch":15,"sticky":null},"to":{"line":2,"ch":15,"sticky":null},"text":["5"],"removed":[""],"origin":"+input"}
2019-3-23 16:26:34.875#mousedown#{"isTrusted":true}
2019-3-23 16:26:35.923#change#{"from":{"line":0,"ch":6,"sticky":"after"},"to":{"line":0,"ch":7,"sticky":"before","xRel":12.21875},"text":[""],"removed":[" "],"origin":"+delete"}
2019-3-23 16:26:35.923#keyHandled#"Backspace"
2019-3-23 16:26:36.280#change#{"from":{"line":0,"ch":5,"sticky":"after"},"to":{"line":0,"ch":6,"sticky":null},"text":[""],"removed":[":"],"origin":"+delete"}
2019-3-23 16:26:36.281#keyHandled#"Backspace"
2019-3-23 16:26:36.473#change#{"from":{"line":0,"ch":4,"sticky":"after"},"to":{"line":0,"ch":5,"sticky":null},"text":[""],"removed":["t"],"origin":"+delete"}
2019-3-23 16:26:36.473#keyHandled#"Backspace"
2019-3-23 16:26:36.645#change#{"from":{"line":0,"ch":3,"sticky":"after"},"to":{"line":0,"ch":4,"sticky":null},"text":[""],"removed":["u"],"origin":"+delete"}
2019-3-23 16:26:36.645#keyHandled#"Backspace"
2019-3-23 16:26:36.837#change#{"from":{"line":0,"ch":2,"sticky":"after"},"to":{"line":0,"ch":3,"sticky":null},"text":[""],"removed":["p"],"origin":"+delete"}
2019-3-23 16:26:36.837#keyHandled#"Backspace"
2019-3-23 16:26:37.024#change#{"from":{"line":0,"ch":1,"sticky":"after"},"to":{"line":0,"ch":2,"sticky":null},"text":[""],"removed":["n"],"origin":"+delete"}
2019-3-23 16:26:37.024#keyHandled#"Backspace"
2019-3-23 16:26:37.213#change#{"from":{"line":0,"ch":0,"sticky":"after"},"to":{"line":0,"ch":1,"sticky":null},"text":[""],"removed":["i"],"origin":"+delete"}
2019-3-23 16:26:37.213#keyHandled#"Backspace"
2019-3-23 16:26:37.453#keyHandled#"Backspace"
2019-3-23 16:26:38.888#change#{"from":{"line":0,"ch":0,"sticky":"before"},"to":{"line":1,"ch":0,"sticky":"after","xRel":0},"text":[""],"removed":["",""],"origin":"+delete"}
2019-3-23 16:26:38.888#keyHandled#"Backspace"
2019-3-23 16:26:38.903#viewportChange#0
2019-3-23 16:26:39.482#keyHandled#"Backspace"
2019-3-23 16:26:40.325#keyHandled#"Down"
2019-3-23 16:26:40.788#change#{"from":{"line":0,"ch":0,"sticky":"before"},"to":{"line":1,"ch":0,"sticky":"after","xRel":0},"text":[""],"removed":["",""],"origin":"+delete"}
2019-3-23 16:26:40.788#keyHandled#"Backspace"
2019-3-23 16:26:40.806#viewportChange#0
2019-3-23 16:26:42.236#mousedown#{"isTrusted":true}
2019-3-23 16:26:45.697#change#{"from":{"line":0,"ch":18,"sticky":"before","xRel":45.609375},"to":{"line":0,"ch":18,"sticky":"before","xRel":45.609375},"text":["",""],"removed":[""],"origin":"+input"}
2019-3-23 16:26:45.697#keyHandled#"Enter"
2019-3-23 16:26:45.712#viewportChange#0
2019-3-23 16:26:46.635#change#{"from":{"line":1,"ch":0,"sticky":null},"to":{"line":1,"ch":0,"sticky":null},"text":["p"],"removed":[""],"origin":"+input"}
2019-3-23 16:26:47.069#change#{"from":{"line":1,"ch":1,"sticky":null},"to":{"line":1,"ch":1,"sticky":null},"text":["r"],"removed":[""],"origin":"+input"}
2019-3-23 16:26:47.247#change#{"from":{"line":1,"ch":2,"sticky":null},"to":{"line":1,"ch":2,"sticky":null},"text":["i"],"removed":[""],"origin":"+input"}
2019-3-23 16:26:47.466#change#{"from":{"line":1,"ch":3,"sticky":null},"to":{"line":1,"ch":3,"sticky":null},"text":["n"],"removed":[""],"origin":"+input"}
2019-3-23 16:26:47.608#change#{"from":{"line":1,"ch":4,"sticky":null},"to":{"line":1,"ch":4,"sticky":null},"text":["t"],"removed":[""],"origin":"+input"}
2019-3-23 16:26:48.841#change#{"from":{"line":1,"ch":5,"sticky":null},"to":{"line":1,"ch":5,"sticky":null},"text":["()"],"removed":[""],"origin":"+input"}
2019-3-23 16:26:48.842#keyHandled#"'('"
2019-3-23 16:26:50.405#change#{"from":{"line":1,"ch":6,"sticky":"after"},"to":{"line":1,"ch":6,"sticky":"after"},"text":["\"\""],"removed":[""],"origin":"+input"}
2019-3-23 16:26:50.405#keyHandled#"'\"'"
2019-3-23 16:26:55.088#mousedown#{"isTrusted":true}
2019-3-23 16:26:55.948#change#{"from":{"line":1,"ch":0,"sticky":"after","xRel":-1.90625},"to":{"line":1,"ch":9,"sticky":"before","xRel":51.84375},"text":[""],"removed":["print(\"\")"],"origin":"+delete"}
2019-3-23 16:26:55.948#keyHandled#"Backspace"
2019-3-23 16:26:55.088#mousedown#{"isTrusted":true}
2019-3-23 16:26:55.948#change#{"from":{"line":1,"ch":0,"sticky":"after","xRel":-1.90625},"to":{"line":1,"ch":9,"sticky":"before","xRel":51.84375},"text":[""],"removed":["print(\"\")"],"origin":"+delete"}
2019-3-23 16:26:55.948#keyHandled#"Backspace"
2019-3-23 16:27:03.902#blur#
2019-3-23 16:27:11.200#mousedown#{"isTrusted":true}
2019-3-23 16:27:11.378#focus#
2019-3-23 16:27:12.009#change#{"from":{"line":1,"ch":0,"sticky":"after","xRel":81.09375},"to":{"line":1,"ch":0,"sticky":"after","xRel":81.09375},"text":["a"],"removed":[""],"origin":"+input"}
2019-3-23 16:27:12.221#change#{"from":{"line":1,"ch":1,"sticky":null},"to":{"line":1,"ch":1,"sticky":null},"text":["m"],"removed":[""],"origin":"+input"}
2019-3-23 16:27:13.043#change#{"from":{"line":1,"ch":1,"sticky":"after"},"to":{"line":1,"ch":2,"sticky":null},"text":[""],"removed":["m"],"origin":"+delete"}
2019-3-23 16:27:13.043#keyHandled#"Backspace"
2019-3-23 16:27:13.646#change#{"from":{"line":1,"ch":1,"sticky":null},"to":{"line":1,"ch":1,"sticky":null},"text":["n"],"removed":[""],"origin":"+input"}
2019-3-23 16:27:13.811#change#{"from":{"line":1,"ch":2,"sticky":null},"to":{"line":1,"ch":2,"sticky":null},"text":["g"],"removed":[""],"origin":"+input"}
2019-3-23 16:27:14.386#change#{"from":{"line":1,"ch":2,"sticky":"after"},"to":{"line":1,"ch":3,"sticky":null},"text":[""],"removed":["g"],"origin":"+delete"}
2019-3-23 16:27:14.386#keyHandled#"Backspace"
2019-3-23 16:27:15.036#change#{"from":{"line":1,"ch":2,"sticky":null},"to":{"line":1,"ch":2,"sticky":null},"text":["d"],"removed":[""],"origin":"+input"}
2019-3-23 16:27:15.527#change#{"from":{"line":1,"ch":3,"sticky":null},"to":{"line":1,"ch":3,"sticky":null},"text":[" "],"removed":[""],"origin":"+input"}
2019-3-23 16:27:32.536#mousedown#{"isTrusted":true}
2019-3-23 16:27:33.207#change#{"from":{"line":0,"ch":18,"sticky":"before","xRel":-3.390625},"to":{"line":0,"ch":18,"sticky":"before","xRel":-3.390625},"text":[":"],"removed":[""],"origin":"+input"}
2019-3-23 16:27:35.084#change#{"from":{"line":0,"ch":18,"sticky":"after"},"to":{"line":0,"ch":19,"sticky":null},"text":[""],"removed":[":"],"origin":"+delete"}
2019-3-23 16:27:35.084#keyHandled#"Backspace"
2019-3-23 16:27:35.084#change#{"from":{"line":0,"ch":18,"sticky":"after"},"to":{"line":0,"ch":19,"sticky":null},"text":[""],"removed":[":"],"origin":"+delete"}
2019-3-23 16:27:35.084#keyHandled#"Backspace"
2019-3-23 16:27:40.646#blur#
2019-3-23 16:27:40.771#saida_testar#$ python3 main.py
Traceback (most recent call last):
File "main.py", line 1, in <module>
print("90" - "55")
TypeError: unsupported operand type(s) for -: 'str' and 'str'
2019-3-23 16:27:44.343#mousedown#{"isTrusted":true}
2019-3-23 16:27:44.621#focus#
2019-3-23 16:27:45.818#change#{"from":{"line":1,"ch":3,"sticky":"after"},"to":{"line":1,"ch":4,"sticky":null,"xRel":1,"outside":true},"text":[""],"removed":[" "],"origin":"+delete"}
2019-3-23 16:27:45.818#keyHandled#"Backspace"
2019-3-23 16:27:46.042#change#{"from":{"line":1,"ch":2,"sticky":"after"},"to":{"line":1,"ch":3,"sticky":null},"text":[""],"removed":["d"],"origin":"+delete"}
2019-3-23 16:27:46.042#keyHandled#"Backspace"
2019-3-23 16:27:46.232#change#{"from":{"line":1,"ch":1,"sticky":"after"},"to":{"line":1,"ch":2,"sticky":null},"text":[""],"removed":["n"],"origin":"+delete"}
2019-3-23 16:27:46.232#keyHandled#"Backspace"
2019-3-23 16:27:46.462#change#{"from":{"line":1,"ch":0,"sticky":"after"},"to":{"line":1,"ch":1,"sticky":null},"text":[""],"removed":["a"],"origin":"+delete"}
2019-3-23 16:27:46.462#keyHandled#"Backspace"
2019-3-23 16:28:18.728#change#{"from":{"line":0,"ch":0,"sticky":null},"to":{"line":0,"ch":0,"sticky":null},"text":["d"],"removed":[""],"origin":"+input"}
2019-3-23 16:28:18.864#change#{"from":{"line":0,"ch":1,"sticky":null},"to":{"line":0,"ch":1,"sticky":null},"text":["i"],"removed":[""],"origin":"+input"}
2019-3-23 16:28:19.255#change#{"from":{"line":0,"ch":2,"sticky":null},"to":{"line":0,"ch":2,"sticky":null},"text":["f"],"removed":[""],"origin":"+input"}
2019-3-23 16:28:19.452#change#{"from":{"line":0,"ch":3,"sticky":null},"to":{"line":0,"ch":3,"sticky":null},"text":["e"],"removed":[""],"origin":"+input"}
2019-3-23 16:28:20.618#change#{"from":{"line":0,"ch":4,"sticky":null},"to":{"line":0,"ch":4,"sticky":null},"text":[":"],"removed":[""],"origin":"+input"}
2019-3-23 16:28:21.829#change#{"from":{"line":0,"ch":4,"sticky":"after"},"to":{"line":0,"ch":5,"sticky":null},"text":[""],"removed":[":"],"origin":"+delete"}
2019-3-23 16:28:21.829#keyHandled#"Backspace"
2019-3-23 16:28:22.744#change#{"from":{"line":0,"ch":4,"sticky":null},"to":{"line":0,"ch":4,"sticky":null},"text":[":"],"removed":[""],"origin":"+input"}
2019-3-23 16:28:25.672#blur#
2019-3-23 16:28:31.068#mousedown#{"isTrusted":true}
2019-3-23 16:28:31.087#focus#
2019-3-23 16:28:32.047#mousedown#{"isTrusted":true}
2019-3-23 16:28:32.783#change#{"from":{"line":0,"ch":4,"sticky":"after"},"to":{"line":0,"ch":5,"sticky":"before","xRel":75.625},"text":[""],"removed":[":"],"origin":"+delete"}
2019-3-23 16:28:32.783#keyHandled#"Backspace"
2019-3-23 16:28:33.730#change#{"from":{"line":0,"ch":4,"sticky":null},"to":{"line":0,"ch":4,"sticky":null},"text":[" "],"removed":[""],"origin":"+input"}
2019-3-23 16:28:33.973#change#{"from":{"line":0,"ch":5,"sticky":null},"to":{"line":0,"ch":5,"sticky":null},"text":["="],"removed":[""],"origin":"+input"}
2019-3-23 16:28:34.095#change#{"from":{"line":0,"ch":6,"sticky":null},"to":{"line":0,"ch":6,"sticky":null},"text":[" "],"removed":[""],"origin":"+input"}
2019-3-23 16:28:37.728#change#{"from":{"line":0,"ch":7,"sticky":null},"to":{"line":0,"ch":7,"sticky":null},"text":["9"],"removed":[""],"origin":"+input"}
2019-3-23 16:28:38.261#change#{"from":{"line":0,"ch":8,"sticky":null},"to":{"line":0,"ch":8,"sticky":null},"text":["0"],"removed":[""],"origin":"+input"}
2019-3-23 16:28:38.520#change#{"from":{"line":0,"ch":9,"sticky":null},"to":{"line":0,"ch":9,"sticky":null},"text":[" "],"removed":[""],"origin":"+input"}
2019-3-23 16:28:39.090#change#{"from":{"line":0,"ch":10,"sticky":null},"to":{"line":0,"ch":10,"sticky":null},"text":["-"],"removed":[""],"origin":"+input"}
2019-3-23 16:28:39.541#change#{"from":{"line":0,"ch":11,"sticky":null},"to":{"line":0,"ch":11,"sticky":null},"text":[" "],"removed":[""],"origin":"+input"}
2019-3-23 16:28:40.058#change#{"from":{"line":0,"ch":12,"sticky":null},"to":{"line":0,"ch":12,"sticky":null},"text":["5"],"removed":[""],"origin":"+input"}
2019-3-23 16:28:40.225#change#{"from":{"line":0,"ch":13,"sticky":null},"to":{"line":0,"ch":13,"sticky":null},"text":["5"],"removed":[""],"origin":"+input"}
2019-3-23 16:28:41.407#change#{"from":{"line":0,"ch":14,"sticky":null},"to":{"line":0,"ch":14,"sticky":null},"text":["",""],"removed":[""],"origin":"+input"}
2019-3-23 16:28:41.407#keyHandled#"Enter"
2019-3-23 16:28:41.425#viewportChange#0
2019-3-23 16:28:44.307#blur#
2019-3-23 16:28:59.681#mousedown#{"isTrusted":true}
2019-3-23 16:28:59.689#focus#
2019-3-23 16:29:00.648#change#{"from":{"line":1,"ch":0,"sticky":"after","xRel":21.09375},"to":{"line":1,"ch":0,"sticky":"after","xRel":21.09375},"text":["p"],"removed":[""],"origin":"+input"}
2019-3-23 16:29:00.928#change#{"from":{"line":1,"ch":1,"sticky":null},"to":{"line":1,"ch":1,"sticky":null},"text":["r"],"removed":[""],"origin":"+input"}
2019-3-23 16:29:01.097#change#{"from":{"line":1,"ch":2,"sticky":null},"to":{"line":1,"ch":2,"sticky":null},"text":["i"],"removed":[""],"origin":"+input"}
2019-3-23 16:29:01.332#change#{"from":{"line":1,"ch":3,"sticky":null},"to":{"line":1,"ch":3,"sticky":null},"text":["n"],"removed":[""],"origin":"+input"}
2019-3-23 16:29:01.539#change#{"from":{"line":1,"ch":4,"sticky":null},"to":{"line":1,"ch":4,"sticky":null},"text":["t"],"removed":[""],"origin":"+input"}
2019-3-23 16:29:02.078#change#{"from":{"line":1,"ch":5,"sticky":null},"to":{"line":1,"ch":5,"sticky":null},"text":["()"],"removed":[""],"origin":"+input"}
2019-3-23 16:29:02.078#keyHandled#"'('"
2019-3-23 16:29:04.843#change#{"from":{"line":1,"ch":6,"sticky":"after"},"to":{"line":1,"ch":6,"sticky":"after"},"text":["d"],"removed":[""],"origin":"+input"}
2019-3-23 16:29:05.006#change#{"from":{"line":1,"ch":7,"sticky":null},"to":{"line":1,"ch":7,"sticky":null},"text":["i"],"removed":[""],"origin":"+input"}
2019-3-23 16:29:05.211#change#{"from":{"line":1,"ch":8,"sticky":null},"to":{"line":1,"ch":8,"sticky":null},"text":["f"],"removed":[""],"origin":"+input"}
2019-3-23 16:29:07.181#change#{"from":{"line":1,"ch":9,"sticky":null},"to":{"line":1,"ch":9,"sticky":null},"text":["e"],"removed":[""],"origin":"+input"}
2019-3-23 16:29:07.877#keyHandled#"Right"
2019-3-23 16:29:09.380#change#{"from":{"line":1,"ch":11,"sticky":"before"},"to":{"line":1,"ch":11,"sticky":"before"},"text":["",""],"removed":[""],"origin":"+input"}
2019-3-23 16:29:09.380#keyHandled#"Enter"
2019-3-23 16:29:09.397#viewportChange#0
2019-3-23 16:29:09.380#change#{"from":{"line":1,"ch":11,"sticky":"before"},"to":{"line":1,"ch":11,"sticky":"before"},"text":["",""],"removed":[""],"origin":"+input"}
2019-3-23 16:29:09.380#keyHandled#"Enter"
2019-3-23 16:29:09.397#viewportChange#0
2019-3-23 16:29:10.886#blur#
2019-3-23 16:29:10.998#saida_testar#$ python3 main.py
File "main.py", line 2
and
SyntaxError: invalid syntax
