2019-3-23 17:48:56.248#viewportChange#0
2019-3-23 17:49:17.955#mousedown#{"isTrusted":true}
2019-3-23 17:49:17.979#focus#
2019-3-23 17:49:18.868#change#{"from":{"line":3,"ch":0,"sticky":null,"xRel":1,"outside":true},"to":{"line":3,"ch":0,"sticky":null,"xRel":1,"outside":true},"text":["",""],"removed":[""],"origin":"+input"}
2019-3-23 17:49:18.868#keyHandled#"Enter"
2019-3-23 17:49:18.881#viewportChange#0
2019-3-23 17:49:20.223#change#{"from":{"line":3,"ch":0,"sticky":"before"},"to":{"line":4,"ch":0,"sticky":null},"text":[""],"removed":["",""],"origin":"+delete"}
2019-3-23 17:49:20.223#keyHandled#"Backspace"
2019-3-23 17:49:20.234#viewportChange#0
2019-3-23 17:49:24.211#change#{"from":{"line":3,"ch":0,"sticky":null},"to":{"line":3,"ch":0,"sticky":null},"text":[" "],"removed":[""],"origin":"+input"}
2019-3-23 17:49:24.657#change#{"from":{"line":3,"ch":1,"sticky":null},"to":{"line":3,"ch":1,"sticky":null},"text":["a"],"removed":[""],"origin":"+input"}
2019-3-23 17:49:26.311#change#{"from":{"line":3,"ch":2,"sticky":null},"to":{"line":3,"ch":2,"sticky":null},"text":[" "],"removed":[""],"origin":"+input"}
2019-3-23 17:49:26.403#change#{"from":{"line":3,"ch":3,"sticky":null},"to":{"line":3,"ch":3,"sticky":null},"text":["="],"removed":[""],"origin":"+input"}
2019-3-23 17:49:27.004#change#{"from":{"line":3,"ch":4,"sticky":null},"to":{"line":3,"ch":4,"sticky":null},"text":[" "],"removed":[""],"origin":"+input"}
2019-3-23 17:49:27.466#change#{"from":{"line":3,"ch":5,"sticky":null},"to":{"line":3,"ch":5,"sticky":null},"text":["f"],"removed":[""],"origin":"+input"}
2019-3-23 17:49:27.703#change#{"from":{"line":3,"ch":6,"sticky":null},"to":{"line":3,"ch":6,"sticky":null},"text":["l"],"removed":[""],"origin":"+input"}
2019-3-23 17:49:27.864#change#{"from":{"line":3,"ch":7,"sticky":null},"to":{"line":3,"ch":7,"sticky":null},"text":["o"],"removed":[""],"origin":"+input"}
2019-3-23 17:49:27.998#change#{"from":{"line":3,"ch":8,"sticky":null},"to":{"line":3,"ch":8,"sticky":null},"text":["a"],"removed":[""],"origin":"+input"}
2019-3-23 17:49:28.184#change#{"from":{"line":3,"ch":9,"sticky":null},"to":{"line":3,"ch":9,"sticky":null},"text":["t"],"removed":[""],"origin":"+input"}
2019-3-23 17:49:29.018#change#{"from":{"line":3,"ch":10,"sticky":null},"to":{"line":3,"ch":10,"sticky":null},"text":["()"],"removed":[""],"origin":"+input"}
2019-3-23 17:49:29.018#keyHandled#"'('"
2019-3-23 17:49:29.825#change#{"from":{"line":3,"ch":11,"sticky":"after"},"to":{"line":3,"ch":11,"sticky":"after"},"text":["i"],"removed":[""],"origin":"+input"}
2019-3-23 17:49:29.995#change#{"from":{"line":3,"ch":12,"sticky":null},"to":{"line":3,"ch":12,"sticky":null},"text":["n"],"removed":[""],"origin":"+input"}
2019-3-23 17:49:30.419#change#{"from":{"line":3,"ch":13,"sticky":null},"to":{"line":3,"ch":13,"sticky":null},"text":["o"],"removed":[""],"origin":"+input"}
2019-3-23 17:49:30.796#change#{"from":{"line":3,"ch":14,"sticky":null},"to":{"line":3,"ch":14,"sticky":null},"text":["u"],"removed":[""],"origin":"+input"}
2019-3-23 17:49:31.071#change#{"from":{"line":3,"ch":15,"sticky":null},"to":{"line":3,"ch":15,"sticky":null},"text":["t"],"removed":[""],"origin":"+input"}
2019-3-23 17:49:31.955#change#{"from":{"line":3,"ch":16,"sticky":null},"to":{"line":3,"ch":16,"sticky":null},"text":["()"],"removed":[""],"origin":"+input"}
2019-3-23 17:49:31.955#keyHandled#"'('"
2019-3-23 17:49:33.352#keyHandled#"Left"
2019-3-23 17:49:33.507#keyHandled#"Left"
2019-3-23 17:49:33.723#keyHandled#"Left"
2019-3-23 17:49:33.882#keyHandled#"Left"
2019-3-23 17:49:35.356#keyHandled#"Right"
2019-3-23 17:49:36.068#change#{"from":{"line":3,"ch":13,"sticky":"after"},"to":{"line":3,"ch":14,"sticky":"before"},"text":[""],"removed":["o"],"origin":"+delete"}
2019-3-23 17:49:36.068#keyHandled#"Backspace"
2019-3-23 17:49:36.501#change#{"from":{"line":3,"ch":13,"sticky":null},"to":{"line":3,"ch":13,"sticky":null},"text":["p"],"removed":[""],"origin":"+input"}
2019-3-23 17:49:37.304#keyHandled#"Right"
2019-3-23 17:49:37.433#keyHandled#"Right"
2019-3-23 17:49:37.595#keyHandled#"Right"
2019-3-23 17:49:40.565#change#{"from":{"line":3,"ch":17,"sticky":"before"},"to":{"line":3,"ch":17,"sticky":"before"},"text":["\"\""],"removed":[""],"origin":"+input"}
2019-3-23 17:49:40.565#keyHandled#"'\"'"
2019-3-23 17:49:41.533#change#{"from":{"line":3,"ch":18,"sticky":"after"},"to":{"line":3,"ch":18,"sticky":"after"},"text":["o"],"removed":[""],"origin":"+input"}
2019-3-23 17:49:41.592#change#{"from":{"line":3,"ch":19,"sticky":null},"to":{"line":3,"ch":19,"sticky":null},"text":["r"],"removed":[""],"origin":"+input"}
2019-3-23 17:49:41.748#change#{"from":{"line":3,"ch":20,"sticky":null},"to":{"line":3,"ch":20,"sticky":null},"text":["i"],"removed":[""],"origin":"+input"}
2019-3-23 17:49:41.949#change#{"from":{"line":3,"ch":21,"sticky":null},"to":{"line":3,"ch":21,"sticky":null},"text":["m"],"removed":[""],"origin":"+input"}
2019-3-23 17:49:42.065#change#{"from":{"line":3,"ch":22,"sticky":null},"to":{"line":3,"ch":22,"sticky":null},"text":["e"],"removed":[""],"origin":"+input"}
2019-3-23 17:49:42.223#change#{"from":{"line":3,"ch":23,"sticky":null},"to":{"line":3,"ch":23,"sticky":null},"text":["u"],"removed":[""],"origin":"+input"}
2019-3-23 17:49:42.518#change#{"from":{"line":3,"ch":24,"sticky":null},"to":{"line":3,"ch":24,"sticky":null},"text":["o"],"removed":[""],"origin":"+input"}
2019-3-23 17:49:43.503#change#{"from":{"line":3,"ch":24,"sticky":"after"},"to":{"line":3,"ch":25,"sticky":null},"text":[""],"removed":["o"],"origin":"+delete"}
2019-3-23 17:49:43.503#keyHandled#"Backspace"
2019-3-23 17:49:43.623#change#{"from":{"line":3,"ch":23,"sticky":"after"},"to":{"line":3,"ch":24,"sticky":null},"text":[""],"removed":["u"],"origin":"+delete"}
2019-3-23 17:49:43.623#keyHandled#"Backspace"
2019-3-23 17:49:43.743#change#{"from":{"line":3,"ch":22,"sticky":"after"},"to":{"line":3,"ch":23,"sticky":null},"text":[""],"removed":["e"],"origin":"+delete"}
2019-3-23 17:49:43.743#keyHandled#"Backspace"
2019-3-23 17:49:43.841#change#{"from":{"line":3,"ch":21,"sticky":"after"},"to":{"line":3,"ch":22,"sticky":null},"text":[""],"removed":["m"],"origin":"+delete"}
2019-3-23 17:49:43.841#keyHandled#"Backspace"
2019-3-23 17:49:43.934#change#{"from":{"line":3,"ch":20,"sticky":"after"},"to":{"line":3,"ch":21,"sticky":null},"text":[""],"removed":["i"],"origin":"+delete"}
2019-3-23 17:49:43.934#keyHandled#"Backspace"
2019-3-23 17:49:44.025#change#{"from":{"line":3,"ch":19,"sticky":"after"},"to":{"line":3,"ch":20,"sticky":null},"text":[""],"removed":["r"],"origin":"+delete"}
2019-3-23 17:49:44.026#keyHandled#"Backspace"
2019-3-23 17:49:44.135#change#{"from":{"line":3,"ch":18,"sticky":"after"},"to":{"line":3,"ch":19,"sticky":null},"text":[""],"removed":["o"],"origin":"+delete"}
2019-3-23 17:49:44.135#keyHandled#"Backspace"
2019-3-23 17:49:45.146#change#{"from":{"line":3,"ch":18,"sticky":null},"to":{"line":3,"ch":18,"sticky":null},"text":["p"],"removed":[""],"origin":"+input"}
2019-3-23 17:49:45.256#change#{"from":{"line":3,"ch":19,"sticky":null},"to":{"line":3,"ch":19,"sticky":null},"text":["e"],"removed":[""],"origin":"+input"}
2019-3-23 17:49:45.750#change#{"from":{"line":3,"ch":19,"sticky":"after"},"to":{"line":3,"ch":20,"sticky":null},"text":[""],"removed":["e"],"origin":"+delete"}
2019-3-23 17:49:45.750#keyHandled#"Backspace"
2019-3-23 17:49:45.906#change#{"from":{"line":3,"ch":19,"sticky":null},"to":{"line":3,"ch":19,"sticky":null},"text":["r"],"removed":[""],"origin":"+input"}
2019-3-23 17:49:46.152#change#{"from":{"line":3,"ch":20,"sticky":null},"to":{"line":3,"ch":20,"sticky":null},"text":["i"],"removed":[""],"origin":"+input"}
2019-3-23 17:49:46.378#change#{"from":{"line":3,"ch":21,"sticky":null},"to":{"line":3,"ch":21,"sticky":null},"text":["m"],"removed":[""],"origin":"+input"}
2019-3-23 17:49:46.866#change#{"from":{"line":3,"ch":22,"sticky":null},"to":{"line":3,"ch":22,"sticky":null},"text":["e"],"removed":[""],"origin":"+input"}
2019-3-23 17:49:46.982#change#{"from":{"line":3,"ch":23,"sticky":null},"to":{"line":3,"ch":23,"sticky":null},"text":["i"],"removed":[""],"origin":"+input"}
2019-3-23 17:49:47.112#change#{"from":{"line":3,"ch":24,"sticky":null},"to":{"line":3,"ch":24,"sticky":null},"text":["r"],"removed":[""],"origin":"+input"}
2019-3-23 17:49:47.256#change#{"from":{"line":3,"ch":25,"sticky":null},"to":{"line":3,"ch":25,"sticky":null},"text":["o"],"removed":[""],"origin":"+input"}
2019-3-23 17:49:48.188#change#{"from":{"line":3,"ch":26,"sticky":null},"to":{"line":3,"ch":26,"sticky":null},"text":[" "],"removed":[""],"origin":"+input"}
2019-3-23 17:49:48.545#change#{"from":{"line":3,"ch":27,"sticky":null},"to":{"line":3,"ch":27,"sticky":null},"text":["v"],"removed":[""],"origin":"+input"}
2019-3-23 17:49:48.651#change#{"from":{"line":3,"ch":28,"sticky":null},"to":{"line":3,"ch":28,"sticky":null},"text":["a"],"removed":[""],"origin":"+input"}
2019-3-23 17:49:49.069#change#{"from":{"line":3,"ch":29,"sticky":null},"to":{"line":3,"ch":29,"sticky":null},"text":["l"],"removed":[""],"origin":"+input"}
2019-3-23 17:49:49.227#change#{"from":{"line":3,"ch":30,"sticky":null},"to":{"line":3,"ch":30,"sticky":null},"text":["o"],"removed":[""],"origin":"+input"}
2019-3-23 17:49:49.364#change#{"from":{"line":3,"ch":31,"sticky":null},"to":{"line":3,"ch":31,"sticky":null},"text":["r"],"removed":[""],"origin":"+input"}
2019-3-23 17:49:51.259#change#{"from":{"line":3,"ch":32,"sticky":null},"to":{"line":3,"ch":32,"sticky":null},"text":[":"],"removed":[""],"origin":"+input"}
2019-3-23 17:49:51.677#change#{"from":{"line":3,"ch":33,"sticky":null},"to":{"line":3,"ch":33,"sticky":null},"text":[" "],"removed":[""],"origin":"+input"}
2019-3-23 17:49:53.024#keyHandled#"Right"
2019-3-23 17:49:53.190#keyHandled#"Right"
2019-3-23 17:49:53.403#keyHandled#"Right"
2019-3-23 17:49:54.023#change#{"from":{"line":3,"ch":37,"sticky":"before"},"to":{"line":3,"ch":37,"sticky":"before"},"text":["",""],"removed":[""],"origin":"+input"}
2019-3-23 17:49:54.023#change#{"from":{"line":4,"ch":0,"sticky":null},"to":{"line":4,"ch":0,"sticky":null},"text":["\t"],"removed":[""],"origin":"+input"}
2019-3-23 17:49:54.023#keyHandled#"Enter"
2019-3-23 17:49:54.040#viewportChange#0
2019-3-23 17:50:02.347#mousedown#{"isTrusted":true}
2019-3-23 17:50:03.089#mousedown#{"isTrusted":true}
2019-3-23 17:50:04.591#mousedown#{"isTrusted":true}
2019-3-23 17:50:05.700#mousedown#{"isTrusted":true}
2019-3-23 17:50:08.695#copy#{"isTrusted":true}
2019-3-23 17:50:09.838#mousedown#{"isTrusted":true}
2019-3-23 17:50:11.409#change#{"from":{"line":4,"ch":0,"sticky":"after","xRel":112.09375},"to":{"line":4,"ch":0,"sticky":"after","xRel":112.09375},"text":[" = float(input(\"primeiro valor: \"))"],"removed":[""],"origin":"paste"}
2019-3-23 17:50:13.848#mousedown#{"isTrusted":true}
2019-3-23 17:50:14.736#change#{"from":{"line":4,"ch":1,"sticky":"before","xRel":-3.59375},"to":{"line":4,"ch":1,"sticky":"before","xRel":-3.59375},"text":["b"],"removed":[""],"origin":"+input"}
2019-3-23 17:50:15.068#change#{"from":{"line":4,"ch":2,"sticky":null},"to":{"line":4,"ch":2,"sticky":null},"text":[" "],"removed":[""],"origin":"+input"}
2019-3-23 17:50:18.432#mousedown#{"isTrusted":true}
2019-3-23 17:50:22.067#change#{"from":{"line":4,"ch":37,"sticky":null,"xRel":1,"outside":true},"to":{"line":4,"ch":37,"sticky":null,"xRel":1,"outside":true},"text":["",""],"removed":[""],"origin":"+input"}
2019-3-23 17:50:22.067#keyHandled#"Enter"
2019-3-23 17:50:22.081#viewportChange#0
2019-3-23 17:50:22.721#change#{"from":{"line":5,"ch":0,"sticky":null},"to":{"line":5,"ch":0,"sticky":null},"text":[" = float(input(\"primeiro valor: \"))"],"removed":[""],"origin":"paste"}
2019-3-23 17:50:24.826#change#{"from":{"line":5,"ch":35,"sticky":null},"to":{"line":5,"ch":35,"sticky":null},"text":["",""],"removed":[""],"origin":"+input"}
2019-3-23 17:50:24.826#change#{"from":{"line":6,"ch":0,"sticky":null},"to":{"line":6,"ch":0,"sticky":null},"text":["\t"],"removed":[""],"origin":"+input"}
2019-3-23 17:50:24.826#keyHandled#"Enter"
2019-3-23 17:50:24.844#viewportChange#0
2019-3-23 17:50:29.668#mousedown#{"isTrusted":true}
2019-3-23 17:50:30.642#change#{"from":{"line":5,"ch":1,"sticky":"before","xRel":-2.59375},"to":{"line":5,"ch":1,"sticky":"before","xRel":-2.59375},"text":["c"],"removed":[""],"origin":"+input"}
2019-3-23 17:50:30.867#change#{"from":{"line":5,"ch":2,"sticky":null},"to":{"line":5,"ch":2,"sticky":null},"text":[" "],"removed":[""],"origin":"+input"}
2019-3-23 17:50:32.337#mousedown#{"isTrusted":true}
2019-3-23 17:50:32.741#change#{"from":{"line":4,"ch":1,"sticky":"after"},"to":{"line":4,"ch":2,"sticky":"before","xRel":-2.28125},"text":[""],"removed":["b"],"origin":"+delete"}
2019-3-23 17:50:32.742#keyHandled#"Backspace"
2019-3-23 17:50:34.087#change#{"from":{"line":4,"ch":1,"sticky":null},"to":{"line":4,"ch":1,"sticky":null},"text":["b"],"removed":[""],"origin":"+input"}
2019-3-23 17:50:35.462#change#{"from":{"line":4,"ch":1,"sticky":"after"},"to":{"line":4,"ch":2,"sticky":null},"text":[""],"removed":["b"],"origin":"+delete"}
2019-3-23 17:50:35.462#keyHandled#"Backspace"
2019-3-23 17:50:35.773#change#{"from":{"line":4,"ch":0,"sticky":"after"},"to":{"line":4,"ch":1,"sticky":null},"text":[""],"removed":[" "],"origin":"+delete"}
2019-3-23 17:50:35.774#keyHandled#"Backspace"
2019-3-23 17:50:37.549#change#{"from":{"line":4,"ch":0,"sticky":null},"to":{"line":4,"ch":0,"sticky":null},"text":["b"],"removed":[""],"origin":"+input"}
2019-3-23 17:50:39.950#mousedown#{"isTrusted":true}
2019-3-23 17:50:40.279#change#{"from":{"line":4,"ch":0,"sticky":"after","xRel":-1.90625},"to":{"line":4,"ch":0,"sticky":"after","xRel":-1.90625},"text":[" "],"removed":[""],"origin":"+input"}
2019-3-23 17:50:41.526#change#{"from":{"line":4,"ch":0,"sticky":"after"},"to":{"line":4,"ch":1,"sticky":null},"text":[""],"removed":[" "],"origin":"+delete"}
2019-3-23 17:50:41.526#keyHandled#"Backspace"
2019-3-23 17:50:43.708#mousedown#{"isTrusted":true}
2019-3-23 17:50:44.031#change#{"from":{"line":3,"ch":0,"sticky":"after"},"to":{"line":3,"ch":1,"sticky":"before","xRel":-2.59375},"text":[""],"removed":[" "],"origin":"+delete"}
2019-3-23 17:50:44.032#keyHandled#"Backspace"
2019-3-23 17:50:45.684#mousedown#{"isTrusted":true}
2019-3-23 17:50:46.601#change#{"from":{"line":5,"ch":0,"sticky":"after"},"to":{"line":5,"ch":1,"sticky":"before","xRel":-3.59375},"text":[""],"removed":[" "],"origin":"+delete"}
2019-3-23 17:50:46.601#keyHandled#"Backspace"
2019-3-23 17:50:52.090#mousedown#{"isTrusted":true}
2019-3-23 17:50:52.747#change#{"from":{"line":4,"ch":24,"sticky":"after"},"to":{"line":4,"ch":25,"sticky":"after","xRel":1.09375},"text":[""],"removed":["o"],"origin":"+delete"}
2019-3-23 17:50:52.747#keyHandled#"Backspace"
2019-3-23 17:50:52.875#change#{"from":{"line":4,"ch":23,"sticky":"after"},"to":{"line":4,"ch":24,"sticky":null},"text":[""],"removed":["r"],"origin":"+delete"}
2019-3-23 17:50:52.875#keyHandled#"Backspace"
2019-3-23 17:50:53.040#change#{"from":{"line":4,"ch":22,"sticky":"after"},"to":{"line":4,"ch":23,"sticky":null},"text":[""],"removed":["i"],"origin":"+delete"}
2019-3-23 17:50:53.040#keyHandled#"Backspace"
2019-3-23 17:50:53.141#change#{"from":{"line":4,"ch":21,"sticky":"after"},"to":{"line":4,"ch":22,"sticky":null},"text":[""],"removed":["e"],"origin":"+delete"}
2019-3-23 17:50:53.142#keyHandled#"Backspace"
2019-3-23 17:50:53.336#change#{"from":{"line":4,"ch":20,"sticky":"after"},"to":{"line":4,"ch":21,"sticky":null},"text":[""],"removed":["m"],"origin":"+delete"}
2019-3-23 17:50:53.336#keyHandled#"Backspace"
2019-3-23 17:50:53.476#change#{"from":{"line":4,"ch":19,"sticky":"after"},"to":{"line":4,"ch":20,"sticky":null},"text":[""],"removed":["i"],"origin":"+delete"}
2019-3-23 17:50:53.477#keyHandled#"Backspace"
2019-3-23 17:50:53.607#change#{"from":{"line":4,"ch":18,"sticky":"after"},"to":{"line":4,"ch":19,"sticky":null},"text":[""],"removed":["r"],"origin":"+delete"}
2019-3-23 17:50:53.608#keyHandled#"Backspace"
2019-3-23 17:50:54.192#change#{"from":{"line":4,"ch":17,"sticky":"after"},"to":{"line":4,"ch":18,"sticky":null},"text":[""],"removed":["p"],"origin":"+delete"}
2019-3-23 17:50:54.192#keyHandled#"Backspace"
2019-3-23 17:50:54.578#change#{"from":{"line":4,"ch":17,"sticky":null},"to":{"line":4,"ch":17,"sticky":null},"text":["s"],"removed":[""],"origin":"+input"}
2019-3-23 17:50:54.756#change#{"from":{"line":4,"ch":18,"sticky":null},"to":{"line":4,"ch":18,"sticky":null},"text":["e"],"removed":[""],"origin":"+input"}
2019-3-23 17:50:55.094#change#{"from":{"line":4,"ch":19,"sticky":null},"to":{"line":4,"ch":19,"sticky":null},"text":["g"],"removed":[""],"origin":"+input"}
2019-3-23 17:50:55.297#change#{"from":{"line":4,"ch":20,"sticky":null},"to":{"line":4,"ch":20,"sticky":null},"text":["u"],"removed":[""],"origin":"+input"}
2019-3-23 17:50:55.579#change#{"from":{"line":4,"ch":21,"sticky":null},"to":{"line":4,"ch":21,"sticky":null},"text":["n"],"removed":[""],"origin":"+input"}
2019-3-23 17:50:55.820#change#{"from":{"line":4,"ch":22,"sticky":null},"to":{"line":4,"ch":22,"sticky":null},"text":["d"],"removed":[""],"origin":"+input"}
2019-3-23 17:50:56.025#change#{"from":{"line":4,"ch":23,"sticky":null},"to":{"line":4,"ch":23,"sticky":null},"text":["o"],"removed":[""],"origin":"+input"}
2019-3-23 17:50:59.104#mousedown#{"isTrusted":true}
2019-3-23 17:50:59.549#change#{"from":{"line":5,"ch":20,"sticky":"after"},"to":{"line":5,"ch":21,"sticky":"after","xRel":1.09375},"text":[""],"removed":["m"],"origin":"+delete"}
2019-3-23 17:50:59.549#keyHandled#"Backspace"
2019-3-23 17:50:59.698#change#{"from":{"line":5,"ch":19,"sticky":"after"},"to":{"line":5,"ch":20,"sticky":null},"text":[""],"removed":["i"],"origin":"+delete"}
2019-3-23 17:50:59.699#keyHandled#"Backspace"
2019-3-23 17:50:59.831#change#{"from":{"line":5,"ch":18,"sticky":"after"},"to":{"line":5,"ch":19,"sticky":null},"text":[""],"removed":["r"],"origin":"+delete"}
2019-3-23 17:50:59.831#keyHandled#"Backspace"
2019-3-23 17:51:00.032#change#{"from":{"line":5,"ch":17,"sticky":"after"},"to":{"line":5,"ch":18,"sticky":null},"text":[""],"removed":["p"],"origin":"+delete"}
2019-3-23 17:51:00.032#keyHandled#"Backspace"
2019-3-23 17:51:00.707#change#{"from":{"line":5,"ch":17,"sticky":null},"to":{"line":5,"ch":17,"sticky":null},"text":["t"],"removed":[""],"origin":"+input"}
2019-3-23 17:51:00.915#change#{"from":{"line":5,"ch":18,"sticky":null},"to":{"line":5,"ch":18,"sticky":null},"text":["e"],"removed":[""],"origin":"+input"}
2019-3-23 17:51:01.093#change#{"from":{"line":5,"ch":19,"sticky":null},"to":{"line":5,"ch":19,"sticky":null},"text":["r"],"removed":[""],"origin":"+input"}
2019-3-23 17:51:01.368#change#{"from":{"line":5,"ch":20,"sticky":null},"to":{"line":5,"ch":20,"sticky":null},"text":["c"],"removed":[""],"origin":"+input"}
2019-3-23 17:51:03.899#mousedown#{"isTrusted":true}
2019-3-23 17:51:06.036#change#{"from":{"line":6,"ch":0,"sticky":"after"},"to":{"line":6,"ch":1,"sticky":"before","xRel":262},"text":[""],"removed":["\t"],"origin":"+delete"}
2019-3-23 17:51:06.036#keyHandled#"Backspace"
2019-3-23 17:51:19.169#change#{"from":{"line":6,"ch":0,"sticky":null},"to":{"line":6,"ch":0,"sticky":null},"text":["",""],"removed":[""],"origin":"+input"}
2019-3-23 17:51:19.169#keyHandled#"Enter"
2019-3-23 17:51:19.181#viewportChange#0
2019-3-23 17:51:20.219#change#{"from":{"line":7,"ch":0,"sticky":null},"to":{"line":7,"ch":0,"sticky":null},"text":["p"],"removed":[""],"origin":"+input"}
2019-3-23 17:51:20.309#change#{"from":{"line":7,"ch":1,"sticky":null},"to":{"line":7,"ch":1,"sticky":null},"text":["r"],"removed":[""],"origin":"+input"}
2019-3-23 17:51:20.453#change#{"from":{"line":7,"ch":2,"sticky":null},"to":{"line":7,"ch":2,"sticky":null},"text":["i"],"removed":[""],"origin":"+input"}
2019-3-23 17:51:20.926#change#{"from":{"line":7,"ch":3,"sticky":null},"to":{"line":7,"ch":3,"sticky":null},"text":["n"],"removed":[""],"origin":"+input"}
2019-3-23 17:51:20.997#change#{"from":{"line":7,"ch":4,"sticky":null},"to":{"line":7,"ch":4,"sticky":null},"text":["t"],"removed":[""],"origin":"+input"}
2019-3-23 17:51:22.431#change#{"from":{"line":7,"ch":5,"sticky":null},"to":{"line":7,"ch":5,"sticky":null},"text":["()"],"removed":[""],"origin":"+input"}
2019-3-23 17:51:22.431#keyHandled#"'('"
2019-3-23 17:51:22.884#change#{"from":{"line":7,"ch":6,"sticky":"after"},"to":{"line":7,"ch":6,"sticky":"after"},"text":["i"],"removed":[""],"origin":"+input"}
2019-3-23 17:51:23.512#change#{"from":{"line":7,"ch":7,"sticky":null},"to":{"line":7,"ch":7,"sticky":null},"text":["n"],"removed":[""],"origin":"+input"}
2019-3-23 17:51:23.609#change#{"from":{"line":7,"ch":8,"sticky":null},"to":{"line":7,"ch":8,"sticky":null},"text":["t"],"removed":[""],"origin":"+input"}
2019-3-23 17:51:35.799#change#{"from":{"line":7,"ch":10,"sticky":"after"},"to":{"line":7,"ch":10,"sticky":"after"},"text":["m"],"removed":[""],"origin":"+input"}
2019-3-23 17:51:36.409#change#{"from":{"line":7,"ch":11,"sticky":null},"to":{"line":7,"ch":11,"sticky":null},"text":["i"],"removed":[""],"origin":"+input"}
2019-3-23 17:51:36.604#change#{"from":{"line":7,"ch":12,"sticky":null},"to":{"line":7,"ch":12,"sticky":null},"text":["n"],"removed":[""],"origin":"+input"}
2019-3-23 17:51:38.098#change#{"from":{"line":7,"ch":13,"sticky":null},"to":{"line":7,"ch":13,"sticky":null},"text":["()"],"removed":[""],"origin":"+input"}
2019-3-23 17:51:38.098#keyHandled#"'('"
2019-3-23 17:51:42.051#change#{"from":{"line":7,"ch":14,"sticky":"after"},"to":{"line":7,"ch":14,"sticky":"after"},"text":["\"\""],"removed":[""],"origin":"+input"}
2019-3-23 17:51:42.051#keyHandled#"'\"'"
2019-3-23 17:51:43.767#change#{"from":{"line":7,"ch":15,"sticky":"after"},"to":{"line":7,"ch":15,"sticky":"after"},"text":["p"],"removed":[""],"origin":"+input"}
2019-3-23 17:51:44.188#change#{"from":{"line":7,"ch":16,"sticky":null},"to":{"line":7,"ch":16,"sticky":null},"text":["r"],"removed":[""],"origin":"+input"}
2019-3-23 17:51:44.323#change#{"from":{"line":7,"ch":17,"sticky":null},"to":{"line":7,"ch":17,"sticky":null},"text":["i"],"removed":[""],"origin":"+input"}
2019-3-23 17:51:44.534#change#{"from":{"line":7,"ch":18,"sticky":null},"to":{"line":7,"ch":18,"sticky":null},"text":["m"],"removed":[""],"origin":"+input"}
2019-3-23 17:51:44.643#change#{"from":{"line":7,"ch":19,"sticky":null},"to":{"line":7,"ch":19,"sticky":null},"text":["e"],"removed":[""],"origin":"+input"}
2019-3-23 17:51:44.827#change#{"from":{"line":7,"ch":20,"sticky":null},"to":{"line":7,"ch":20,"sticky":null},"text":["i"],"removed":[""],"origin":"+input"}
2019-3-23 17:51:45.102#change#{"from":{"line":7,"ch":22,"sticky":null},"to":{"line":7,"ch":22,"sticky":null},"text":["o"],"removed":[""],"origin":"+input"}
2019-3-23 17:51:45.890#change#{"from":{"line":7,"ch":23,"sticky":null},"to":{"line":7,"ch":23,"sticky":null},"text":[" "],"removed":[""],"origin":"+input"}
2019-3-23 17:51:46.445#change#{"from":{"line":7,"ch":24,"sticky":null},"to":{"line":7,"ch":24,"sticky":null},"text":["v"],"removed":[""],"origin":"+input"}
2019-3-23 17:51:46.623#change#{"from":{"line":7,"ch":25,"sticky":null},"to":{"line":7,"ch":25,"sticky":null},"text":["a"],"removed":[""],"origin":"+input"}
2019-3-23 17:51:47.020#change#{"from":{"line":7,"ch":26,"sticky":null},"to":{"line":7,"ch":26,"sticky":null},"text":["l"],"removed":[""],"origin":"+input"}
2019-3-23 17:51:47.174#change#{"from":{"line":7,"ch":27,"sticky":null},"to":{"line":7,"ch":27,"sticky":null},"text":["o"],"removed":[""],"origin":"+input"}
2019-3-23 17:51:47.282#change#{"from":{"line":7,"ch":28,"sticky":null},"to":{"line":7,"ch":28,"sticky":null},"text":["r"],"removed":[""],"origin":"+input"}
2019-3-23 17:51:52.544#change#{"from":{"line":7,"ch":29,"sticky":null},"to":{"line":7,"ch":29,"sticky":null},"text":[":"],"removed":[""],"origin":"+input"}
2019-3-23 17:51:52.794#change#{"from":{"line":7,"ch":30,"sticky":null},"to":{"line":7,"ch":30,"sticky":null},"text":[" "],"removed":[""],"origin":"+input"}
2019-3-23 17:51:53.885#keyHandled#"Right"
2019-3-23 17:51:53.996#keyHandled#"Right"
2019-3-23 17:51:54.170#keyHandled#"Right"
2019-3-23 17:51:54.382#keyHandled#"Right"
2019-3-23 17:51:56.366#change#{"from":{"line":7,"ch":35,"sticky":"before"},"to":{"line":7,"ch":35,"sticky":"before"},"text":["",""],"removed":[""],"origin":"+input"}
2019-3-23 17:51:56.366#keyHandled#"Enter"
2019-3-23 17:51:56.381#viewportChange#0
2019-3-23 17:51:58.345#change#{"from":{"line":8,"ch":0,"sticky":null},"to":{"line":8,"ch":0,"sticky":null},"text":["p"],"removed":[""],"origin":"+input"}
2019-3-23 17:51:58.441#change#{"from":{"line":8,"ch":1,"sticky":null},"to":{"line":8,"ch":1,"sticky":null},"text":["r"],"removed":[""],"origin":"+input"}
2019-3-23 17:51:58.651#change#{"from":{"line":8,"ch":2,"sticky":null},"to":{"line":8,"ch":2,"sticky":null},"text":["i"],"removed":[""],"origin":"+input"}
2019-3-23 17:51:58.835#change#{"from":{"line":8,"ch":3,"sticky":null},"to":{"line":8,"ch":3,"sticky":null},"text":["n"],"removed":[""],"origin":"+input"}
2019-3-23 17:51:58.961#change#{"from":{"line":8,"ch":4,"sticky":null},"to":{"line":8,"ch":4,"sticky":null},"text":["t"],"removed":[""],"origin":"+input"}
2019-3-23 17:52:00.526#change#{"from":{"line":8,"ch":5,"sticky":null},"to":{"line":8,"ch":5,"sticky":null},"text":["()"],"removed":[""],"origin":"+input"}
2019-3-23 17:52:00.526#keyHandled#"'('"
2019-3-23 17:52:02.819#change#{"from":{"line":8,"ch":6,"sticky":"after"},"to":{"line":8,"ch":6,"sticky":"after"},"text":["i"],"removed":[""],"origin":"+input"}
2019-3-23 17:52:03.009#change#{"from":{"line":8,"ch":7,"sticky":null},"to":{"line":8,"ch":7,"sticky":null},"text":["n"],"removed":[""],"origin":"+input"}
2019-3-23 17:52:03.176#change#{"from":{"line":8,"ch":8,"sticky":null},"to":{"line":8,"ch":8,"sticky":null},"text":["t"],"removed":[""],"origin":"+input"}
2019-3-23 17:52:05.729#change#{"from":{"line":8,"ch":9,"sticky":null},"to":{"line":8,"ch":9,"sticky":null},"text":["()"],"removed":[""],"origin":"+input"}
2019-3-23 17:52:05.729#keyHandled#"'('"
2019-3-23 17:52:07.879#change#{"from":{"line":8,"ch":10,"sticky":"after"},"to":{"line":8,"ch":10,"sticky":"after"},"text":["m"],"removed":[""],"origin":"+input"}
2019-3-23 17:52:07.932#change#{"from":{"line":8,"ch":11,"sticky":null},"to":{"line":8,"ch":11,"sticky":null},"text":["a"],"removed":[""],"origin":"+input"}
2019-3-23 17:52:08.139#change#{"from":{"line":8,"ch":12,"sticky":null},"to":{"line":8,"ch":12,"sticky":null},"text":["x"],"removed":[""],"origin":"+input"}
2019-3-23 17:52:17.130#keyHandled#"Up"
2019-3-23 17:52:17.536#keyHandled#"Right"
2019-3-23 17:52:18.047#keyHandled#"Right"
2019-3-23 17:52:18.078#keyHandled#"Right"
2019-3-23 17:52:18.112#keyHandled#"Right"
2019-3-23 17:52:18.142#keyHandled#"Right"
2019-3-23 17:52:18.176#keyHandled#"Right"
2019-3-23 17:52:18.211#keyHandled#"Right"
2019-3-23 17:52:18.241#keyHandled#"Right"
2019-3-23 17:52:18.257#keyHandled#"Right"
2019-3-23 17:52:18.303#keyHandled#"Right"
2019-3-23 17:52:18.332#keyHandled#"Right"
2019-3-23 17:52:18.364#keyHandled#"Right"
2019-3-23 17:52:18.397#keyHandled#"Right"
2019-3-23 17:52:18.427#keyHandled#"Right"
2019-3-23 17:52:18.458#keyHandled#"Right"
2019-3-23 17:52:18.493#keyHandled#"Right"
2019-3-23 17:52:18.644#keyHandled#"Right"
2019-3-23 17:52:18.834#keyHandled#"Right"
2019-3-23 17:52:19.029#keyHandled#"Right"
2019-3-23 17:52:19.183#keyHandled#"Right"
2019-3-23 17:52:19.363#keyHandled#"Right"
2019-3-23 17:52:19.688#keyHandled#"Right"
2019-3-23 17:52:20.326#change#{"from":{"line":7,"ch":35,"sticky":"before"},"to":{"line":7,"ch":35,"sticky":"before"},"text":["",""],"removed":[""],"origin":"+input"}
2019-3-23 17:52:20.326#keyHandled#"Enter"
2019-3-23 17:52:20.360#viewportChange#0
2019-3-23 17:52:21.643#change#{"from":{"line":8,"ch":0,"sticky":null},"to":{"line":8,"ch":0,"sticky":null},"text":["p"],"removed":[""],"origin":"+input"}
2019-3-23 17:52:21.759#change#{"from":{"line":8,"ch":1,"sticky":null},"to":{"line":8,"ch":1,"sticky":null},"text":["r"],"removed":[""],"origin":"+input"}
2019-3-23 17:52:22.023#change#{"from":{"line":8,"ch":2,"sticky":null},"to":{"line":8,"ch":2,"sticky":null},"text":["i"],"removed":[""],"origin":"+input"}
2019-3-23 17:52:22.237#change#{"from":{"line":8,"ch":3,"sticky":null},"to":{"line":8,"ch":3,"sticky":null},"text":["n"],"removed":[""],"origin":"+input"}
2019-3-23 17:52:22.402#change#{"from":{"line":8,"ch":4,"sticky":null},"to":{"line":8,"ch":4,"sticky":null},"text":["t"],"removed":[""],"origin":"+input"}
2019-3-23 17:52:23.981#change#{"from":{"line":8,"ch":5,"sticky":null},"to":{"line":8,"ch":5,"sticky":null},"text":["()"],"removed":[""],"origin":"+input"}
2019-3-23 17:52:23.982#keyHandled#"'('"
2019-3-23 17:52:24.231#change#{"from":{"line":8,"ch":6,"sticky":"after"},"to":{"line":8,"ch":6,"sticky":"after"},"text":["i"],"removed":[""],"origin":"+input"}
2019-3-23 17:52:24.490#change#{"from":{"line":8,"ch":7,"sticky":null},"to":{"line":8,"ch":7,"sticky":null},"text":["n"],"removed":[""],"origin":"+input"}
2019-3-23 17:52:24.736#change#{"from":{"line":8,"ch":8,"sticky":null},"to":{"line":8,"ch":8,"sticky":null},"text":["t"],"removed":[""],"origin":"+input"}
2019-3-23 17:52:31.738#change#{"from":{"line":8,"ch":9,"sticky":null},"to":{"line":8,"ch":9,"sticky":null},"text":["()"],"removed":[""],"origin":"+input"}
2019-3-23 17:52:31.738#keyHandled#"'('"
2019-3-23 17:52:38.710#keyHandled#"Left"
2019-3-23 17:52:38.893#keyHandled#"Left"
2019-3-23 17:52:39.427#keyHandled#"Up"
2019-3-23 17:52:39.650#keyHandled#"Right"
2019-3-23 17:52:40.169#keyHandled#"Right"
2019-3-23 17:52:40.199#keyHandled#"Right"
2019-3-23 17:52:40.230#keyHandled#"Right"
2019-3-23 17:52:40.250#keyHandled#"Right"
2019-3-23 17:52:40.279#keyHandled#"Right"
2019-3-23 17:52:40.314#keyHandled#"Right"
2019-3-23 17:52:40.349#keyHandled#"Right"
2019-3-23 17:52:40.379#keyHandled#"Right"
2019-3-23 17:52:40.411#keyHandled#"Right"
2019-3-23 17:52:40.430#keyHandled#"Right"
2019-3-23 17:52:40.462#keyHandled#"Right"
2019-3-23 17:52:40.497#keyHandled#"Right"
2019-3-23 17:52:40.534#keyHandled#"Right"
2019-3-23 17:52:40.565#keyHandled#"Right"
2019-3-23 17:52:40.596#keyHandled#"Right"
2019-3-23 17:52:40.629#keyHandled#"Right"
2019-3-23 17:52:40.661#keyHandled#"Right"
2019-3-23 17:52:40.841#keyHandled#"Right"
2019-3-23 17:52:41.036#keyHandled#"Right"
2019-3-23 17:52:41.409#keyHandled#"Right"
2019-3-23 17:52:41.672#keyHandled#"Right"
2019-3-23 17:52:42.327#change#{"from":{"line":7,"ch":29,"sticky":"after"},"to":{"line":7,"ch":30,"sticky":"before"},"text":[""],"removed":[":"],"origin":"+delete"}
2019-3-23 17:52:42.327#keyHandled#"Backspace"
2019-3-23 17:52:42.474#change#{"from":{"line":7,"ch":28,"sticky":"after"},"to":{"line":7,"ch":29,"sticky":null},"text":[""],"removed":["r"],"origin":"+delete"}
2019-3-23 17:52:42.475#keyHandled#"Backspace"
2019-3-23 17:52:42.740#change#{"from":{"line":7,"ch":27,"sticky":"after"},"to":{"line":7,"ch":28,"sticky":null},"text":[""],"removed":["o"],"origin":"+delete"}
2019-3-23 17:52:42.740#keyHandled#"Backspace"
2019-3-23 17:52:42.899#change#{"from":{"line":7,"ch":26,"sticky":"after"},"to":{"line":7,"ch":27,"sticky":null},"text":[""],"removed":["l"],"origin":"+delete"}
2019-3-23 17:52:42.899#keyHandled#"Backspace"
2019-3-23 17:52:43.064#change#{"from":{"line":7,"ch":25,"sticky":"after"},"to":{"line":7,"ch":26,"sticky":null},"text":[""],"removed":["a"],"origin":"+delete"}
2019-3-23 17:52:43.064#keyHandled#"Backspace"
2019-3-23 17:52:43.218#change#{"from":{"line":7,"ch":24,"sticky":"after"},"to":{"line":7,"ch":25,"sticky":null},"text":[""],"removed":["v"],"origin":"+delete"}
2019-3-23 17:52:43.218#keyHandled#"Backspace"
2019-3-23 17:52:43.425#change#{"from":{"line":7,"ch":23,"sticky":"after"},"to":{"line":7,"ch":24,"sticky":null},"text":[""],"removed":[" "],"origin":"+delete"}
2019-3-23 17:52:43.425#keyHandled#"Backspace"
2019-3-23 17:52:43.607#change#{"from":{"line":7,"ch":22,"sticky":"after"},"to":{"line":7,"ch":23,"sticky":null},"text":[""],"removed":["o"],"origin":"+delete"}
2019-3-23 17:52:43.607#keyHandled#"Backspace"
2019-3-23 17:52:43.734#change#{"from":{"line":7,"ch":21,"sticky":"after"},"to":{"line":7,"ch":22,"sticky":null},"text":[""],"removed":["r"],"origin":"+delete"}
2019-3-23 17:52:43.734#keyHandled#"Backspace"
2019-3-23 17:52:43.842#change#{"from":{"line":7,"ch":20,"sticky":"after"},"to":{"line":7,"ch":21,"sticky":null},"text":[""],"removed":["i"],"origin":"+delete"}
2019-3-23 17:52:43.842#keyHandled#"Backspace"
2019-3-23 17:52:43.967#change#{"from":{"line":7,"ch":19,"sticky":"after"},"to":{"line":7,"ch":20,"sticky":null},"text":[""],"removed":["e"],"origin":"+delete"}
2019-3-23 17:52:43.967#keyHandled#"Backspace"
2019-3-23 17:52:44.189#change#{"from":{"line":7,"ch":18,"sticky":"after"},"to":{"line":7,"ch":19,"sticky":null},"text":[""],"removed":["m"],"origin":"+delete"}
2019-3-23 17:52:44.189#keyHandled#"Backspace"
2019-3-23 17:52:44.340#change#{"from":{"line":7,"ch":17,"sticky":"after"},"to":{"line":7,"ch":18,"sticky":null},"text":[""],"removed":["i"],"origin":"+delete"}
2019-3-23 17:52:44.340#keyHandled#"Backspace"
2019-3-23 17:52:44.539#change#{"from":{"line":7,"ch":16,"sticky":"after"},"to":{"line":7,"ch":17,"sticky":null},"text":[""],"removed":["r"],"origin":"+delete"}
2019-3-23 17:52:44.540#keyHandled#"Backspace"
2019-3-23 17:52:44.748#change#{"from":{"line":7,"ch":15,"sticky":"after"},"to":{"line":7,"ch":16,"sticky":null},"text":[""],"removed":["p"],"origin":"+delete"}
2019-3-23 17:52:44.748#keyHandled#"Backspace"
2019-3-23 17:52:45.171#change#{"from":{"line":7,"ch":14,"sticky":"after"},"to":{"line":7,"ch":15,"sticky":null},"text":[""],"removed":["\""],"origin":"+delete"}
2019-3-23 17:52:45.171#keyHandled#"Backspace"
2019-3-23 17:52:45.854#keyHandled#"Right"
2019-3-23 17:52:46.000#keyHandled#"Right"
2019-3-23 17:52:46.723#change#{"from":{"line":7,"ch":15,"sticky":"after"},"to":{"line":7,"ch":16,"sticky":"before"},"text":[""],"removed":["\""],"origin":"+delete"}
2019-3-23 17:52:46.723#keyHandled#"Backspace"
2019-3-23 17:52:47.501#change#{"from":{"line":7,"ch":14,"sticky":"after"},"to":{"line":7,"ch":15,"sticky":null},"text":[""],"removed":[" "],"origin":"+delete"}
2019-3-23 17:52:47.501#keyHandled#"Backspace"
2019-3-23 17:52:48.652#change#{"from":{"line":7,"ch":14,"sticky":null},"to":{"line":7,"ch":14,"sticky":null},"text":["a"],"removed":[""],"origin":"+input"}
2019-3-23 17:52:49.239#change#{"from":{"line":7,"ch":15,"sticky":null},"to":{"line":7,"ch":15,"sticky":null},"text":[","],"removed":[""],"origin":"+input"}
2019-3-23 17:52:49.407#change#{"from":{"line":7,"ch":16,"sticky":null},"to":{"line":7,"ch":16,"sticky":null},"text":[" "],"removed":[""],"origin":"+input"}
2019-3-23 17:52:49.639#change#{"from":{"line":7,"ch":17,"sticky":null},"to":{"line":7,"ch":17,"sticky":null},"text":["b"],"removed":[""],"origin":"+input"}
2019-3-23 17:52:49.814#change#{"from":{"line":7,"ch":18,"sticky":null},"to":{"line":7,"ch":18,"sticky":null},"text":[" "],"removed":[""],"origin":"+input"}
2019-3-23 17:52:50.283#change#{"from":{"line":7,"ch":19,"sticky":null},"to":{"line":7,"ch":19,"sticky":null},"text":["."],"removed":[""],"origin":"+input"}
2019-3-23 17:52:50.970#change#{"from":{"line":7,"ch":19,"sticky":"after"},"to":{"line":7,"ch":20,"sticky":null},"text":[""],"removed":["."],"origin":"+delete"}
2019-3-23 17:52:50.970#keyHandled#"Backspace"
2019-3-23 17:52:51.347#change#{"from":{"line":7,"ch":19,"sticky":null},"to":{"line":7,"ch":19,"sticky":null},"text":[","],"removed":[""],"origin":"+input"}
2019-3-23 17:52:52.717#change#{"from":{"line":7,"ch":19,"sticky":"after"},"to":{"line":7,"ch":20,"sticky":null},"text":[""],"removed":[","],"origin":"+delete"}
2019-3-23 17:52:52.718#keyHandled#"Backspace"
2019-3-23 17:52:53.187#change#{"from":{"line":7,"ch":18,"sticky":"after"},"to":{"line":7,"ch":19,"sticky":null},"text":[""],"removed":[" "],"origin":"+delete"}
2019-3-23 17:52:53.187#keyHandled#"Backspace"
2019-3-23 17:52:53.959#change#{"from":{"line":7,"ch":18,"sticky":null},"to":{"line":7,"ch":18,"sticky":null},"text":[","],"removed":[""],"origin":"+input"}
2019-3-23 17:52:54.192#change#{"from":{"line":7,"ch":19,"sticky":null},"to":{"line":7,"ch":19,"sticky":null},"text":[" "],"removed":[""],"origin":"+input"}
2019-3-23 17:52:54.856#change#{"from":{"line":7,"ch":20,"sticky":null},"to":{"line":7,"ch":20,"sticky":null},"text":["c"],"removed":[""],"origin":"+input"}
2019-3-23 17:52:57.325#mousedown#{"isTrusted":true}
2019-3-23 17:52:58.028#mousedown#{"isTrusted":true}
2019-3-23 17:52:58.957#mousedown#{"isTrusted":true}
2019-3-23 17:53:01.607#change#{"from":{"line":8,"ch":10,"sticky":"after","xRel":0.09375},"to":{"line":8,"ch":10,"sticky":"after","xRel":0.09375},"text":["a"],"removed":[""],"origin":"+input"}
2019-3-23 17:53:02.090#change#{"from":{"line":8,"ch":11,"sticky":null},"to":{"line":8,"ch":11,"sticky":null},"text":[" "],"removed":[""],"origin":"+input"}
2019-3-23 17:53:02.442#change#{"from":{"line":8,"ch":12,"sticky":null},"to":{"line":8,"ch":12,"sticky":null},"text":["="],"removed":[""],"origin":"+input"}
2019-3-23 17:53:03.210#change#{"from":{"line":8,"ch":12,"sticky":"after"},"to":{"line":8,"ch":13,"sticky":null},"text":[""],"removed":["="],"origin":"+delete"}
2019-3-23 17:53:03.210#keyHandled#"Backspace"
2019-3-23 17:53:03.991#change#{"from":{"line":8,"ch":12,"sticky":null},"to":{"line":8,"ch":12,"sticky":null},"text":["+"],"removed":[""],"origin":"+input"}
2019-3-23 17:53:04.419#change#{"from":{"line":8,"ch":13,"sticky":null},"to":{"line":8,"ch":13,"sticky":null},"text":[" "],"removed":[""],"origin":"+input"}
2019-3-23 17:53:05.012#change#{"from":{"line":8,"ch":14,"sticky":null},"to":{"line":8,"ch":14,"sticky":null},"text":["b"],"removed":[""],"origin":"+input"}
2019-3-23 17:53:05.541#change#{"from":{"line":8,"ch":15,"sticky":null},"to":{"line":8,"ch":15,"sticky":null},"text":[" "],"removed":[""],"origin":"+input"}
2019-3-23 17:53:06.417#change#{"from":{"line":8,"ch":16,"sticky":null},"to":{"line":8,"ch":16,"sticky":null},"text":["+"],"removed":[""],"origin":"+input"}
2019-3-23 17:53:06.793#change#{"from":{"line":8,"ch":17,"sticky":null},"to":{"line":8,"ch":17,"sticky":null},"text":[" "],"removed":[""],"origin":"+input"}
2019-3-23 17:53:07.675#change#{"from":{"line":8,"ch":18,"sticky":null},"to":{"line":8,"ch":18,"sticky":null},"text":["c"],"removed":[""],"origin":"+input"}
2019-3-23 17:53:10.255#change#{"from":{"line":8,"ch":19,"sticky":null},"to":{"line":8,"ch":19,"sticky":null},"text":[" "],"removed":[""],"origin":"+input"}
2019-3-23 17:53:10.733#change#{"from":{"line":8,"ch":20,"sticky":null},"to":{"line":8,"ch":20,"sticky":null},"text":["-"],"removed":[""],"origin":"+input"}
2019-3-23 17:53:11.050#change#{"from":{"line":8,"ch":21,"sticky":null},"to":{"line":8,"ch":21,"sticky":null},"text":[" "],"removed":[""],"origin":"+input"}
2019-3-23 17:53:16.057#change#{"from":{"line":8,"ch":22,"sticky":null},"to":{"line":8,"ch":22,"sticky":null},"text":["m"],"removed":[""],"origin":"+input"}
2019-3-23 17:53:16.296#change#{"from":{"line":8,"ch":23,"sticky":null},"to":{"line":8,"ch":23,"sticky":null},"text":["i"],"removed":[""],"origin":"+input"}
2019-3-23 17:53:16.493#change#{"from":{"line":8,"ch":24,"sticky":null},"to":{"line":8,"ch":24,"sticky":null},"text":["n"],"removed":[""],"origin":"+input"}
2019-3-23 17:53:18.204#change#{"from":{"line":8,"ch":25,"sticky":null},"to":{"line":8,"ch":25,"sticky":null},"text":["()"],"removed":[""],"origin":"+input"}
2019-3-23 17:53:18.204#keyHandled#"'('"
2019-3-23 17:53:21.144#change#{"from":{"line":8,"ch":26,"sticky":"after"},"to":{"line":8,"ch":26,"sticky":"after"},"text":["a"],"removed":[""],"origin":"+input"}
2019-3-23 17:53:22.312#change#{"from":{"line":8,"ch":27,"sticky":null},"to":{"line":8,"ch":27,"sticky":null},"text":[","],"removed":[""],"origin":"+input"}
2019-3-23 17:53:23.086#change#{"from":{"line":8,"ch":28,"sticky":null},"to":{"line":8,"ch":28,"sticky":null},"text":["b"],"removed":[""],"origin":"+input"}
2019-3-23 17:53:23.542#change#{"from":{"line":8,"ch":29,"sticky":null},"to":{"line":8,"ch":29,"sticky":null},"text":[","],"removed":[""],"origin":"+input"}
2019-3-23 17:53:24.545#change#{"from":{"line":8,"ch":30,"sticky":null},"to":{"line":8,"ch":30,"sticky":null},"text":["c"],"removed":[""],"origin":"+input"}
2019-3-23 17:53:27.417#keyHandled#"Right"
2019-3-23 17:53:29.049#change#{"from":{"line":8,"ch":32,"sticky":"before"},"to":{"line":8,"ch":32,"sticky":"before"},"text":["-"],"removed":[""],"origin":"+input"}
2019-3-23 17:53:30.022#change#{"from":{"line":8,"ch":33,"sticky":null},"to":{"line":8,"ch":33,"sticky":null},"text":[" "],"removed":[""],"origin":"+input"}
2019-3-23 17:53:30.474#change#{"from":{"line":8,"ch":34,"sticky":null},"to":{"line":8,"ch":34,"sticky":null},"text":["-"],"removed":[""],"origin":"+input"}
2019-3-23 17:53:30.762#change#{"from":{"line":8,"ch":35,"sticky":null},"to":{"line":8,"ch":35,"sticky":null},"text":[" "],"removed":[""],"origin":"+input"}
2019-3-23 17:53:34.069#keyHandled#"Left"
2019-3-23 17:53:34.242#keyHandled#"Left"
2019-3-23 17:53:34.419#keyHandled#"Left"
2019-3-23 17:53:35.106#change#{"from":{"line":8,"ch":32,"sticky":"after"},"to":{"line":8,"ch":33,"sticky":"after"},"text":[""],"removed":["-"],"origin":"+delete"}
2019-3-23 17:53:35.106#keyHandled#"Backspace"
2019-3-23 17:53:36.058#keyHandled#"Right"
2019-3-23 17:53:36.298#keyHandled#"Right"
2019-3-23 17:53:36.501#keyHandled#"Right"
2019-3-23 17:53:40.566#change#{"from":{"line":8,"ch":35,"sticky":"before"},"to":{"line":8,"ch":35,"sticky":"before"},"text":[" "],"removed":[""],"origin":"+input"}
2019-3-23 17:53:41.045#change#{"from":{"line":8,"ch":36,"sticky":null},"to":{"line":8,"ch":36,"sticky":null},"text":["m"],"removed":[""],"origin":"+input"}
2019-3-23 17:53:41.112#change#{"from":{"line":8,"ch":37,"sticky":null},"to":{"line":8,"ch":37,"sticky":null},"text":["a"],"removed":[""],"origin":"+input"}
2019-3-23 17:53:41.708#change#{"from":{"line":8,"ch":38,"sticky":null},"to":{"line":8,"ch":38,"sticky":null},"text":["x"],"removed":[""],"origin":"+input"}
2019-3-23 17:53:47.731#change#{"from":{"line":8,"ch":39,"sticky":null},"to":{"line":8,"ch":39,"sticky":null},"text":["()"],"removed":[""],"origin":"+input"}
2019-3-23 17:53:47.731#keyHandled#"'('"
2019-3-23 17:53:49.228#change#{"from":{"line":8,"ch":40,"sticky":"after"},"to":{"line":8,"ch":40,"sticky":"after"},"text":["a"],"removed":[""],"origin":"+input"}
2019-3-23 17:53:49.482#change#{"from":{"line":8,"ch":41,"sticky":null},"to":{"line":8,"ch":41,"sticky":null},"text":[","],"removed":[""],"origin":"+input"}
2019-3-23 17:53:50.248#change#{"from":{"line":8,"ch":42,"sticky":null},"to":{"line":8,"ch":42,"sticky":null},"text":["b"],"removed":[""],"origin":"+input"}
2019-3-23 17:53:50.387#change#{"from":{"line":8,"ch":43,"sticky":null},"to":{"line":8,"ch":43,"sticky":null},"text":[","],"removed":[""],"origin":"+input"}
2019-3-23 17:53:51.076#change#{"from":{"line":8,"ch":44,"sticky":null},"to":{"line":8,"ch":44,"sticky":null},"text":["c"],"removed":[""],"origin":"+input"}
2019-3-23 17:53:54.762#mousedown#{"isTrusted":true}
2019-3-23 17:54:04.770#keyHandled#"Left"
2019-3-23 17:54:06.123#change#{"from":{"line":9,"ch":13,"sticky":"after"},"to":{"line":9,"ch":13,"sticky":"after"},"text":["()"],"removed":[""],"origin":"+input"}
2019-3-23 17:54:06.123#keyHandled#"'('"
2019-3-23 17:54:07.202#change#{"from":{"line":9,"ch":14,"sticky":"after"},"to":{"line":9,"ch":14,"sticky":"after"},"text":["a"],"removed":[""],"origin":"+input"}
2019-3-23 17:54:07.503#change#{"from":{"line":9,"ch":15,"sticky":null},"to":{"line":9,"ch":15,"sticky":null},"text":[","],"removed":[""],"origin":"+input"}
2019-3-23 17:54:07.996#change#{"from":{"line":9,"ch":16,"sticky":null},"to":{"line":9,"ch":16,"sticky":null},"text":["b"],"removed":[""],"origin":"+input"}
2019-3-23 17:54:08.235#change#{"from":{"line":9,"ch":17,"sticky":null},"to":{"line":9,"ch":17,"sticky":null},"text":[","],"removed":[""],"origin":"+input"}
2019-3-23 17:54:08.934#change#{"from":{"line":9,"ch":18,"sticky":null},"to":{"line":9,"ch":18,"sticky":null},"text":["c"],"removed":[""],"origin":"+input"}
2019-3-23 17:54:08.235#change#{"from":{"line":9,"ch":17,"sticky":null},"to":{"line":9,"ch":17,"sticky":null},"text":[","],"removed":[""],"origin":"+input"}
2019-3-23 17:54:08.934#change#{"from":{"line":9,"ch":18,"sticky":null},"to":{"line":9,"ch":18,"sticky":null},"text":["c"],"removed":[""],"origin":"+input"}
2019-3-23 17:54:11.597#blur#
2019-3-23 17:54:12.248#saida_testar#$ python3 main.py
