2019-4-27 14:08:04.670#viewportChange#0
2019-4-27 14:08:44.971#mousedown#{"isTrusted":true}
2019-4-27 14:08:44.982#focus#
2019-4-27 14:08:46.203#mousedown#{"isTrusted":true}
2019-4-27 14:08:47.901#change#{"from":{"line":0,"ch":0,"sticky":"after","xRel":2.0728759765625},"to":{"line":1,"ch":0,"sticky":"after","xRel":254.5242919921875},"text":[""],"removed":["# Ao testar sua solução, não se limite ao caso de exemplo.",""],"origin":"+delete"}
2019-4-27 14:08:47.901#keyHandled#"Backspace"
2019-4-27 14:08:47.907#viewportChange#0
2019-4-27 14:09:20.202#change#{"from":{"line":0,"ch":3,"sticky":null},"to":{"line":0,"ch":3,"sticky":null},"text":["f"],"removed":[""],"origin":"+input"}
2019-4-27 14:09:20.381#change#{"from":{"line":0,"ch":4,"sticky":null},"to":{"line":0,"ch":4,"sticky":null},"text":["l"],"removed":[""],"origin":"+input"}
2019-4-27 14:09:20.614#change#{"from":{"line":0,"ch":5,"sticky":null},"to":{"line":0,"ch":5,"sticky":null},"text":["o"],"removed":[""],"origin":"+input"}
2019-4-27 14:09:20.731#change#{"from":{"line":0,"ch":6,"sticky":null},"to":{"line":0,"ch":6,"sticky":null},"text":["a"],"removed":[""],"origin":"+input"}
2019-4-27 14:09:21.139#change#{"from":{"line":0,"ch":7,"sticky":null},"to":{"line":0,"ch":7,"sticky":null},"text":["t"],"removed":[""],"origin":"+input"}
2019-4-27 14:09:21.783#change#{"from":{"line":0,"ch":8,"sticky":null},"to":{"line":0,"ch":8,"sticky":null},"text":["()"],"removed":[""],"origin":"+input"}
2019-4-27 14:09:21.783#keyHandled#"'('"
2019-4-27 14:09:22.314#change#{"from":{"line":0,"ch":9,"sticky":"after"},"to":{"line":0,"ch":9,"sticky":"after"},"text":["i"],"removed":[""],"origin":"+input"}
2019-4-27 14:09:22.498#change#{"from":{"line":0,"ch":10,"sticky":null},"to":{"line":0,"ch":10,"sticky":null},"text":["n"],"removed":[""],"origin":"+input"}
2019-4-27 14:09:22.716#change#{"from":{"line":0,"ch":11,"sticky":null},"to":{"line":0,"ch":11,"sticky":null},"text":["p"],"removed":[""],"origin":"+input"}
2019-4-27 14:09:23.216#change#{"from":{"line":0,"ch":12,"sticky":null},"to":{"line":0,"ch":12,"sticky":null},"text":["u"],"removed":[""],"origin":"+input"}
2019-4-27 14:09:23.447#change#{"from":{"line":0,"ch":13,"sticky":null},"to":{"line":0,"ch":13,"sticky":null},"text":["t"],"removed":[""],"origin":"+input"}
2019-4-27 14:09:25.972#blur#
2019-4-27 14:09:56.878#focus#
2019-4-27 14:09:59.816#change#{"from":{"line":0,"ch":14,"sticky":null},"to":{"line":0,"ch":14,"sticky":null},"text":["()"],"removed":[""],"origin":"+input"}
2019-4-27 14:09:59.816#keyHandled#"'('"
2019-4-27 14:10:00.717#change#{"from":{"line":0,"ch":15,"sticky":"after"},"to":{"line":0,"ch":15,"sticky":"after"},"text":["\"\""],"removed":[""],"origin":"+input"}
2019-4-27 14:10:00.717#keyHandled#"'\"'"
2019-4-27 14:10:02.134#change#{"from":{"line":0,"ch":16,"sticky":"after"},"to":{"line":0,"ch":16,"sticky":"after"},"text":["D"],"removed":[""],"origin":"+input"}
2019-4-27 14:10:02.963#change#{"from":{"line":0,"ch":17,"sticky":null},"to":{"line":0,"ch":17,"sticky":null},"text":["i"],"removed":[""],"origin":"+input"}
2019-4-27 14:10:03.713#change#{"from":{"line":0,"ch":18,"sticky":null},"to":{"line":0,"ch":18,"sticky":null},"text":["g"],"removed":[""],"origin":"+input"}
2019-4-27 14:10:03.930#change#{"from":{"line":0,"ch":19,"sticky":null},"to":{"line":0,"ch":19,"sticky":null},"text":["u"],"removed":[""],"origin":"+input"}
2019-4-27 14:10:04.246#change#{"from":{"line":0,"ch":20,"sticky":null},"to":{"line":0,"ch":20,"sticky":null},"text":["t"],"removed":[""],"origin":"+input"}
2019-4-27 14:10:04.497#change#{"from":{"line":0,"ch":21,"sticky":null},"to":{"line":0,"ch":21,"sticky":null},"text":["e"],"removed":[""],"origin":"+input"}
2019-4-27 14:10:05.829#change#{"from":{"line":0,"ch":21,"sticky":"after"},"to":{"line":0,"ch":22,"sticky":null},"text":[""],"removed":["e"],"origin":"+delete"}
2019-4-27 14:10:05.829#keyHandled#"Backspace"
2019-4-27 14:10:06.047#change#{"from":{"line":0,"ch":20,"sticky":"after"},"to":{"line":0,"ch":21,"sticky":null},"text":[""],"removed":["t"],"origin":"+delete"}
2019-4-27 14:10:06.047#keyHandled#"Backspace"
2019-4-27 14:10:06.474#change#{"from":{"line":0,"ch":19,"sticky":"after"},"to":{"line":0,"ch":20,"sticky":null},"text":[""],"removed":["u"],"origin":"+delete"}
2019-4-27 14:10:06.474#keyHandled#"Backspace"
2019-4-27 14:10:07.364#change#{"from":{"line":0,"ch":19,"sticky":null},"to":{"line":0,"ch":19,"sticky":null},"text":["i"],"removed":[""],"origin":"+input"}
2019-4-27 14:10:07.546#change#{"from":{"line":0,"ch":20,"sticky":null},"to":{"line":0,"ch":20,"sticky":null},"text":["t"],"removed":[""],"origin":"+input"}
2019-4-27 14:10:07.778#change#{"from":{"line":0,"ch":21,"sticky":null},"to":{"line":0,"ch":21,"sticky":null},"text":["e"],"removed":[""],"origin":"+input"}
2019-4-27 14:10:07.878#change#{"from":{"line":0,"ch":22,"sticky":null},"to":{"line":0,"ch":22,"sticky":null},"text":[" "],"removed":[""],"origin":"+input"}
2019-4-27 14:10:08.081#change#{"from":{"line":0,"ch":23,"sticky":null},"to":{"line":0,"ch":23,"sticky":null},"text":["o"],"removed":[""],"origin":"+input"}
2019-4-27 14:10:08.212#change#{"from":{"line":0,"ch":24,"sticky":null},"to":{"line":0,"ch":24,"sticky":null},"text":[" "],"removed":[""],"origin":"+input"}
2019-4-27 14:10:08.346#change#{"from":{"line":0,"ch":25,"sticky":null},"to":{"line":0,"ch":25,"sticky":null},"text":["v"],"removed":[""],"origin":"+input"}
2019-4-27 14:10:09.298#change#{"from":{"line":0,"ch":31,"sticky":null},"to":{"line":0,"ch":31,"sticky":null},"text":["d"],"removed":[""],"origin":"+input"}
2019-4-27 14:10:09.527#change#{"from":{"line":0,"ch":32,"sticky":null},"to":{"line":0,"ch":32,"sticky":null},"text":["e"],"removed":[""],"origin":"+input"}
2019-4-27 14:10:09.650#change#{"from":{"line":0,"ch":33,"sticky":null},"to":{"line":0,"ch":33,"sticky":null},"text":[" "],"removed":[""],"origin":"+input"}
2019-4-27 14:10:10.598#change#{"from":{"line":0,"ch":34,"sticky":null},"to":{"line":0,"ch":34,"sticky":null},"text":["x"],"removed":[""],"origin":"+input"}
2019-4-27 14:10:11.414#change#{"from":{"line":0,"ch":35,"sticky":null},"to":{"line":0,"ch":35,"sticky":null},"text":[":"],"removed":[""],"origin":"+input"}
2019-4-27 14:10:13.788#change#{"from":{"line":0,"ch":36,"sticky":null},"to":{"line":0,"ch":36,"sticky":null},"text":[" "],"removed":[""],"origin":"+input"}
2019-4-27 14:10:14.600#keyHandled#"Right"
2019-4-27 14:10:14.663#keyHandled#"Right"
2019-4-27 14:10:14.779#keyHandled#"Right"
2019-4-27 14:10:15.470#change#{"from":{"line":0,"ch":40,"sticky":"before"},"to":{"line":0,"ch":40,"sticky":"before"},"text":["",""],"removed":[""],"origin":"+input"}
2019-4-27 14:10:15.470#keyHandled#"Enter"
2019-4-27 14:10:15.474#viewportChange#0
2019-4-27 14:10:16.529#change#{"from":{"line":1,"ch":0,"sticky":null},"to":{"line":1,"ch":0,"sticky":null},"text":["y"],"removed":[""],"origin":"+input"}
2019-4-27 14:10:17.248#change#{"from":{"line":1,"ch":1,"sticky":null},"to":{"line":1,"ch":1,"sticky":null},"text":["="],"removed":[""],"origin":"+input"}
2019-4-27 14:10:18.194#change#{"from":{"line":1,"ch":2,"sticky":null},"to":{"line":1,"ch":2,"sticky":null},"text":["f"],"removed":[""],"origin":"+input"}
2019-4-27 14:10:18.417#change#{"from":{"line":1,"ch":3,"sticky":null},"to":{"line":1,"ch":3,"sticky":null},"text":["l"],"removed":[""],"origin":"+input"}
2019-4-27 14:10:19.944#change#{"from":{"line":1,"ch":7,"sticky":null},"to":{"line":1,"ch":7,"sticky":null},"text":["()"],"removed":[""],"origin":"+input"}
2019-4-27 14:10:19.945#keyHandled#"'('"
2019-4-27 14:10:20.512#change#{"from":{"line":1,"ch":8,"sticky":"after"},"to":{"line":1,"ch":8,"sticky":"after"},"text":["i"],"removed":[""],"origin":"+input"}
2019-4-27 14:10:20.659#change#{"from":{"line":1,"ch":9,"sticky":null},"to":{"line":1,"ch":9,"sticky":null},"text":["n"],"removed":[""],"origin":"+input"}
2019-4-27 14:10:20.881#change#{"from":{"line":1,"ch":10,"sticky":null},"to":{"line":1,"ch":10,"sticky":null},"text":["p"],"removed":[""],"origin":"+input"}
2019-4-27 14:10:21.492#change#{"from":{"line":1,"ch":11,"sticky":null},"to":{"line":1,"ch":11,"sticky":null},"text":["u"],"removed":[""],"origin":"+input"}
2019-4-27 14:10:21.697#change#{"from":{"line":1,"ch":12,"sticky":null},"to":{"line":1,"ch":12,"sticky":null},"text":["t"],"removed":[""],"origin":"+input"}
2019-4-27 14:10:23.009#change#{"from":{"line":1,"ch":13,"sticky":null},"to":{"line":1,"ch":13,"sticky":null},"text":["()"],"removed":[""],"origin":"+input"}
2019-4-27 14:10:23.009#keyHandled#"'('"
2019-4-27 14:10:23.843#change#{"from":{"line":1,"ch":14,"sticky":"after"},"to":{"line":1,"ch":14,"sticky":"after"},"text":["\"\""],"removed":[""],"origin":"+input"}
2019-4-27 14:10:23.843#keyHandled#"'\"'"
2019-4-27 14:10:24.475#change#{"from":{"line":1,"ch":15,"sticky":"after"},"to":{"line":1,"ch":15,"sticky":"after"},"text":["D"],"removed":[""],"origin":"+input"}
2019-4-27 14:10:24.926#change#{"from":{"line":1,"ch":16,"sticky":null},"to":{"line":1,"ch":16,"sticky":null},"text":["i"],"removed":[""],"origin":"+input"}
2019-4-27 14:10:25.145#change#{"from":{"line":1,"ch":17,"sticky":null},"to":{"line":1,"ch":17,"sticky":null},"text":["g"],"removed":[""],"origin":"+input"}
2019-4-27 14:10:25.316#change#{"from":{"line":1,"ch":18,"sticky":null},"to":{"line":1,"ch":18,"sticky":null},"text":["i"],"removed":[""],"origin":"+input"}
2019-4-27 14:10:25.477#change#{"from":{"line":1,"ch":19,"sticky":null},"to":{"line":1,"ch":19,"sticky":null},"text":["t"],"removed":[""],"origin":"+input"}
2019-4-27 14:10:25.712#change#{"from":{"line":1,"ch":20,"sticky":null},"to":{"line":1,"ch":20,"sticky":null},"text":["e"],"removed":[""],"origin":"+input"}
2019-4-27 14:10:25.844#change#{"from":{"line":1,"ch":21,"sticky":null},"to":{"line":1,"ch":21,"sticky":null},"text":[" "],"removed":[""],"origin":"+input"}
2019-4-27 14:10:26.032#change#{"from":{"line":1,"ch":22,"sticky":null},"to":{"line":1,"ch":22,"sticky":null},"text":["o"],"removed":[""],"origin":"+input"}
2019-4-27 14:10:26.200#change#{"from":{"line":1,"ch":23,"sticky":null},"to":{"line":1,"ch":23,"sticky":null},"text":[" "],"removed":[""],"origin":"+input"}
2019-4-27 14:10:26.362#change#{"from":{"line":1,"ch":24,"sticky":null},"to":{"line":1,"ch":24,"sticky":null},"text":["v"],"removed":[""],"origin":"+input"}
2019-4-27 14:10:26.598#change#{"from":{"line":1,"ch":25,"sticky":null},"to":{"line":1,"ch":25,"sticky":null},"text":["a"],"removed":[""],"origin":"+input"}
2019-4-27 14:10:26.720#change#{"from":{"line":1,"ch":26,"sticky":null},"to":{"line":1,"ch":26,"sticky":null},"text":["l"],"removed":[""],"origin":"+input"}
2019-4-27 14:10:26.944#change#{"from":{"line":1,"ch":27,"sticky":null},"to":{"line":1,"ch":27,"sticky":null},"text":["o"],"removed":[""],"origin":"+input"}
2019-4-27 14:10:27.069#change#{"from":{"line":1,"ch":28,"sticky":null},"to":{"line":1,"ch":28,"sticky":null},"text":["r"],"removed":[""],"origin":"+input"}
2019-4-27 14:10:27.198#change#{"from":{"line":1,"ch":29,"sticky":null},"to":{"line":1,"ch":29,"sticky":null},"text":[" "],"removed":[""],"origin":"+input"}
2019-4-27 14:10:27.352#change#{"from":{"line":1,"ch":30,"sticky":null},"to":{"line":1,"ch":30,"sticky":null},"text":["d"],"removed":[""],"origin":"+input"}
2019-4-27 14:10:27.562#change#{"from":{"line":1,"ch":31,"sticky":null},"to":{"line":1,"ch":31,"sticky":null},"text":["e"],"removed":[""],"origin":"+input"}
2019-4-27 14:10:27.711#change#{"from":{"line":1,"ch":32,"sticky":null},"to":{"line":1,"ch":32,"sticky":null},"text":[" "],"removed":[""],"origin":"+input"}
2019-4-27 14:10:28.243#change#{"from":{"line":1,"ch":33,"sticky":null},"to":{"line":1,"ch":33,"sticky":null},"text":["y"],"removed":[""],"origin":"+input"}
2019-4-27 14:10:29.512#change#{"from":{"line":1,"ch":35,"sticky":null},"to":{"line":1,"ch":35,"sticky":null},"text":[" "],"removed":[""],"origin":"+input"}
2019-4-27 14:10:30.105#keyHandled#"Right"
2019-4-27 14:10:30.378#keyHandled#"Right"
2019-4-27 14:10:30.561#keyHandled#"Right"
2019-4-27 14:10:31.059#change#{"from":{"line":1,"ch":39,"sticky":"before"},"to":{"line":1,"ch":39,"sticky":"before"},"text":["",""],"removed":[""],"origin":"+input"}
2019-4-27 14:10:31.059#keyHandled#"Enter"
2019-4-27 14:10:31.065#viewportChange#0
2019-4-27 14:10:36.611#mousedown#{"isTrusted":true}
2019-4-27 14:10:37.733#keyHandled#"Right"
2019-4-27 14:10:38.169#change#{"from":{"line":1,"ch":2,"sticky":"before"},"to":{"line":1,"ch":2,"sticky":"before"},"text":[" "],"removed":[""],"origin":"+input"}
2019-4-27 14:10:40.176#mousedown#{"isTrusted":true}
2019-4-27 14:10:41.145#change#{"from":{"line":2,"ch":0,"sticky":"after","xRel":379.5242919921875},"to":{"line":2,"ch":0,"sticky":"after","xRel":379.5242919921875},"text":["",""],"removed":[""],"origin":"+input"}
2019-4-27 14:10:41.145#keyHandled#"Enter"
2019-4-27 14:10:41.152#viewportChange#0
2019-4-27 14:10:43.235#blur#
2019-4-27 14:11:26.254#focus#
2019-4-27 14:11:28.164#change#{"from":{"line":3,"ch":0,"sticky":null},"to":{"line":3,"ch":0,"sticky":null},"text":["i"],"removed":[""],"origin":"+input"}
2019-4-27 14:11:28.480#change#{"from":{"line":3,"ch":1,"sticky":null},"to":{"line":3,"ch":1,"sticky":null},"text":["f"],"removed":[""],"origin":"+input"}
2019-4-27 14:11:29.478#change#{"from":{"line":3,"ch":2,"sticky":null},"to":{"line":3,"ch":2,"sticky":null},"text":[" "],"removed":[""],"origin":"+input"}
2019-4-27 14:11:30.726#change#{"from":{"line":3,"ch":3,"sticky":null},"to":{"line":3,"ch":3,"sticky":null},"text":["()"],"removed":[""],"origin":"+input"}
2019-4-27 14:11:30.726#keyHandled#"'('"
2019-4-27 14:11:31.486#change#{"from":{"line":3,"ch":4,"sticky":"after"},"to":{"line":3,"ch":4,"sticky":"after"},"text":["x"],"removed":[""],"origin":"+input"}
2019-4-27 14:11:32.470#change#{"from":{"line":3,"ch":5,"sticky":null},"to":{"line":3,"ch":5,"sticky":null},"text":[" "],"removed":[""],"origin":"+input"}
2019-4-27 14:11:33.096#change#{"from":{"line":3,"ch":6,"sticky":null},"to":{"line":3,"ch":6,"sticky":null},"text":[">"],"removed":[""],"origin":"+input"}
2019-4-27 14:11:34.813#change#{"from":{"line":3,"ch":7,"sticky":null},"to":{"line":3,"ch":7,"sticky":null},"text":[" "],"removed":[""],"origin":"+input"}
2019-4-27 14:11:35.377#change#{"from":{"line":3,"ch":8,"sticky":null},"to":{"line":3,"ch":8,"sticky":null},"text":["0"],"removed":[""],"origin":"+input"}
2019-4-27 14:11:36.311#keyHandled#"Right"
2019-4-27 14:11:36.924#change#{"from":{"line":3,"ch":10,"sticky":"before"},"to":{"line":3,"ch":10,"sticky":"before"},"text":[":"],"removed":[""],"origin":"+input"}
2019-4-27 14:11:37.183#change#{"from":{"line":3,"ch":11,"sticky":null},"to":{"line":3,"ch":11,"sticky":null},"text":["",""],"removed":[""],"origin":"+input"}
2019-4-27 14:11:37.183#change#{"from":{"line":4,"ch":0,"sticky":null},"to":{"line":4,"ch":0,"sticky":null},"text":["\t"],"removed":[""],"origin":"+input"}
2019-4-27 14:11:37.183#keyHandled#"Enter"
2019-4-27 14:11:37.189#viewportChange#0
2019-4-27 14:11:39.122#change#{"from":{"line":4,"ch":1,"sticky":null},"to":{"line":4,"ch":1,"sticky":null},"text":["i"],"removed":[""],"origin":"+input"}
2019-4-27 14:11:39.505#change#{"from":{"line":4,"ch":2,"sticky":null},"to":{"line":4,"ch":2,"sticky":null},"text":["f"],"removed":[""],"origin":"+input"}
2019-4-27 14:11:40.107#change#{"from":{"line":4,"ch":3,"sticky":null},"to":{"line":4,"ch":3,"sticky":null},"text":["()"],"removed":[""],"origin":"+input"}
2019-4-27 14:11:40.107#keyHandled#"'('"
2019-4-27 14:11:41.734#change#{"from":{"line":4,"ch":4,"sticky":"after"},"to":{"line":4,"ch":4,"sticky":"after"},"text":["y"],"removed":[""],"origin":"+input"}
2019-4-27 14:11:42.292#change#{"from":{"line":4,"ch":5,"sticky":null},"to":{"line":4,"ch":5,"sticky":null},"text":[" "],"removed":[""],"origin":"+input"}
2019-4-27 14:11:42.690#change#{"from":{"line":4,"ch":6,"sticky":null},"to":{"line":4,"ch":6,"sticky":null},"text":[">"],"removed":[""],"origin":"+input"}
2019-4-27 14:11:44.843#change#{"from":{"line":4,"ch":7,"sticky":null},"to":{"line":4,"ch":7,"sticky":null},"text":["0"],"removed":[""],"origin":"+input"}
2019-4-27 14:11:45.938#keyHandled#"Right"
2019-4-27 14:11:46.730#change#{"from":{"line":4,"ch":9,"sticky":"before"},"to":{"line":4,"ch":9,"sticky":"before"},"text":["?"],"removed":[""],"origin":"+input"}
2019-4-27 14:11:47.527#change#{"from":{"line":4,"ch":9,"sticky":"after"},"to":{"line":4,"ch":10,"sticky":null},"text":[""],"removed":["?"],"origin":"+delete"}
2019-4-27 14:11:47.527#keyHandled#"Backspace"
2019-4-27 14:11:48.057#change#{"from":{"line":4,"ch":9,"sticky":null},"to":{"line":4,"ch":9,"sticky":null},"text":[":"],"removed":[""],"origin":"+input"}
2019-4-27 14:11:49.181#keyHandled#"Left"
2019-4-27 14:11:49.394#keyHandled#"Left"
2019-4-27 14:11:49.595#keyHandled#"Left"
2019-4-27 14:11:49.823#keyHandled#"Left"
2019-4-27 14:11:50.056#change#{"from":{"line":4,"ch":3,"sticky":"after"},"to":{"line":4,"ch":3,"sticky":"after"},"text":[" "],"removed":[""],"origin":"+input"}
2019-4-27 14:11:50.526#keyHandled#"Right"
2019-4-27 14:11:50.794#keyHandled#"Right"
2019-4-27 14:11:50.984#keyHandled#"Right"
2019-4-27 14:11:51.157#keyHandled#"Right"
2019-4-27 14:11:51.347#keyHandled#"Right"
2019-4-27 14:11:51.561#keyHandled#"Right"
2019-4-27 14:11:51.918#keyHandled#"Right"
2019-4-27 14:11:52.408#change#{"from":{"line":4,"ch":11,"sticky":"before"},"to":{"line":4,"ch":11,"sticky":"before"},"text":["",""],"removed":[""],"origin":"+input"}
2019-4-27 14:11:52.408#change#{"from":{"line":5,"ch":0,"sticky":null},"to":{"line":5,"ch":0,"sticky":null},"text":["\t\t"],"removed":[""],"origin":"+input"}
2019-4-27 14:11:52.408#keyHandled#"Enter"
2019-4-27 14:11:52.414#viewportChange#0
2019-4-27 14:11:53.331#change#{"from":{"line":5,"ch":2,"sticky":null},"to":{"line":5,"ch":2,"sticky":null},"text":["p"],"removed":[""],"origin":"+input"}
2019-4-27 14:11:53.483#change#{"from":{"line":5,"ch":3,"sticky":null},"to":{"line":5,"ch":3,"sticky":null},"text":["r"],"removed":[""],"origin":"+input"}
2019-4-27 14:11:53.723#change#{"from":{"line":5,"ch":4,"sticky":null},"to":{"line":5,"ch":4,"sticky":null},"text":["i"],"removed":[""],"origin":"+input"}
2019-4-27 14:11:53.890#change#{"from":{"line":5,"ch":5,"sticky":null},"to":{"line":5,"ch":5,"sticky":null},"text":["n"],"removed":[""],"origin":"+input"}
2019-4-27 14:11:54.071#change#{"from":{"line":5,"ch":6,"sticky":null},"to":{"line":5,"ch":6,"sticky":null},"text":["t"],"removed":[""],"origin":"+input"}
2019-4-27 14:11:56.940#blur#
2019-4-27 14:12:02.375#focus#
2019-4-27 14:12:04.644#mousedown#{"isTrusted":true}
2019-4-27 14:12:05.955#mousedown#{"isTrusted":true}
2019-4-27 14:12:06.708#change#{"from":{"line":5,"ch":7,"sticky":"before","xRel":39.8367919921875},"to":{"line":5,"ch":7,"sticky":"before","xRel":39.8367919921875},"text":["/"],"removed":[""],"origin":"+input"}
2019-4-27 14:12:07.021#change#{"from":{"line":5,"ch":8,"sticky":null},"to":{"line":5,"ch":8,"sticky":null},"text":["9"],"removed":[""],"origin":"+input"}
2019-4-27 14:12:07.597#change#{"from":{"line":5,"ch":8,"sticky":"after"},"to":{"line":5,"ch":9,"sticky":null},"text":[""],"removed":["9"],"origin":"+delete"}
2019-4-27 14:12:07.597#keyHandled#"Backspace"
2019-4-27 14:12:07.822#change#{"from":{"line":5,"ch":7,"sticky":"after"},"to":{"line":5,"ch":8,"sticky":null},"text":[""],"removed":["/"],"origin":"+delete"}
2019-4-27 14:12:07.822#keyHandled#"Backspace"
2019-4-27 14:12:09.491#change#{"from":{"line":5,"ch":8,"sticky":"after"},"to":{"line":5,"ch":8,"sticky":"after"},"text":["\"\""],"removed":[""],"origin":"+input"}
2019-4-27 14:12:09.491#keyHandled#"'\"'"
2019-4-27 14:12:10.121#change#{"from":{"line":5,"ch":9,"sticky":"after"},"to":{"line":5,"ch":9,"sticky":"after"},"text":["S"],"removed":[""],"origin":"+input"}
2019-4-27 14:12:10.530#change#{"from":{"line":5,"ch":10,"sticky":null},"to":{"line":5,"ch":10,"sticky":null},"text":["u"],"removed":[""],"origin":"+input"}
2019-4-27 14:12:10.892#change#{"from":{"line":5,"ch":11,"sticky":null},"to":{"line":5,"ch":11,"sticky":null},"text":["p"],"removed":[""],"origin":"+input"}
2019-4-27 14:12:11.093#change#{"from":{"line":5,"ch":12,"sticky":null},"to":{"line":5,"ch":12,"sticky":null},"text":["e"],"removed":[""],"origin":"+input"}
2019-4-27 14:12:11.325#change#{"from":{"line":5,"ch":13,"sticky":null},"to":{"line":5,"ch":13,"sticky":null},"text":["r"],"removed":[""],"origin":"+input"}
2019-4-27 14:12:11.524#change#{"from":{"line":5,"ch":14,"sticky":null},"to":{"line":5,"ch":14,"sticky":null},"text":["i"],"removed":[""],"origin":"+input"}
2019-4-27 14:12:11.774#change#{"from":{"line":5,"ch":15,"sticky":null},"to":{"line":5,"ch":15,"sticky":null},"text":["o"],"removed":[""],"origin":"+input"}
2019-4-27 14:12:11.929#change#{"from":{"line":5,"ch":16,"sticky":null},"to":{"line":5,"ch":16,"sticky":null},"text":["s"],"removed":[""],"origin":"+input"}
2019-4-27 14:12:12.277#change#{"from":{"line":5,"ch":16,"sticky":"after"},"to":{"line":5,"ch":17,"sticky":null},"text":[""],"removed":["s"],"origin":"+delete"}
2019-4-27 14:12:12.277#keyHandled#"Backspace"
2019-4-27 14:12:12.423#change#{"from":{"line":5,"ch":16,"sticky":null},"to":{"line":5,"ch":16,"sticky":null},"text":["r"],"removed":[""],"origin":"+input"}
2019-4-27 14:12:12.607#change#{"from":{"line":5,"ch":17,"sticky":null},"to":{"line":5,"ch":17,"sticky":null},"text":["e"],"removed":[""],"origin":"+input"}
2019-4-27 14:12:12.775#change#{"from":{"line":5,"ch":18,"sticky":null},"to":{"line":5,"ch":18,"sticky":null},"text":["s"],"removed":[""],"origin":"+input"}
2019-4-27 14:12:13.511#keyHandled#"Right"
2019-4-27 14:12:13.749#keyHandled#"Right"
2019-4-27 14:12:14.089#keyHandled#"Right"
2019-4-27 14:12:16.067#mousedown#{"isTrusted":true}
2019-4-27 14:12:16.545#mousedown#{"isTrusted":true}
2019-4-27 14:12:16.700#dblclick#{"isTrusted":true}
2019-4-27 14:12:16.878#change#{"from":{"line":5,"ch":21,"sticky":"before","hitSide":true},"to":{"line":5,"ch":21,"sticky":"before","hitSide":true},"text":["",""],"removed":[""],"origin":"+input"}
2019-4-27 14:12:16.878#change#{"from":{"line":6,"ch":0,"sticky":null},"to":{"line":6,"ch":0,"sticky":null},"text":["\t\t"],"removed":[""],"origin":"+input"}
2019-4-27 14:12:16.878#keyHandled#"Enter"
2019-4-27 14:12:16.883#viewportChange#0
2019-4-27 14:12:17.538#change#{"from":{"line":6,"ch":2,"sticky":null},"to":{"line":6,"ch":2,"sticky":null},"text":["",""],"removed":[""],"origin":"+input"}
2019-4-27 14:12:17.538#change#{"from":{"line":7,"ch":0,"sticky":null},"to":{"line":7,"ch":0,"sticky":null},"text":["\t\t"],"removed":[""],"origin":"+input"}
2019-4-27 14:12:17.538#keyHandled#"Enter"
2019-4-27 14:12:17.542#viewportChange#0
2019-4-27 14:12:17.984#change#{"from":{"line":7,"ch":1,"sticky":"after"},"to":{"line":7,"ch":2,"sticky":null},"text":[""],"removed":["\t"],"origin":"+delete"}
2019-4-27 14:12:17.984#keyHandled#"Backspace"
2019-4-27 14:12:19.928#change#{"from":{"line":6,"ch":1,"sticky":"before","xRel":0},"to":{"line":6,"ch":1,"sticky":"before","xRel":0},"text":["e"],"removed":[""],"origin":"+input"}
2019-4-27 14:12:20.125#change#{"from":{"line":6,"ch":2,"sticky":null},"to":{"line":6,"ch":2,"sticky":null},"text":["l"],"removed":[""],"origin":"+input"}
2019-4-27 14:12:20.212#change#{"from":{"line":6,"ch":3,"sticky":null},"to":{"line":6,"ch":3,"sticky":null},"text":["s"],"removed":[""],"origin":"+input"}
2019-4-27 14:12:20.410#change#{"from":{"line":6,"ch":4,"sticky":null},"to":{"line":6,"ch":4,"sticky":null},"text":["e"],"removed":[""],"origin":"+input"}
2019-4-27 14:12:21.381#change#{"from":{"line":6,"ch":5,"sticky":null},"to":{"line":6,"ch":5,"sticky":null},"text":[":"],"removed":[""],"origin":"+input"}
2019-4-27 14:12:21.639#change#{"from":{"line":6,"ch":6,"sticky":null},"to":{"line":6,"ch":6,"sticky":null},"text":["",""],"removed":[""],"origin":"+input"}
2019-4-27 14:12:21.639#change#{"from":{"line":7,"ch":0,"sticky":null},"to":{"line":7,"ch":1,"sticky":null},"text":["\t\t"],"removed":["\t"],"origin":"+input"}
2019-4-27 14:12:21.639#keyHandled#"Enter"
2019-4-27 14:12:21.644#viewportChange#0
2019-4-27 14:12:22.365#change#{"from":{"line":7,"ch":2,"sticky":null},"to":{"line":7,"ch":2,"sticky":null},"text":["p"],"removed":[""],"origin":"+input"}
2019-4-27 14:12:22.558#change#{"from":{"line":7,"ch":3,"sticky":null},"to":{"line":7,"ch":3,"sticky":null},"text":["r"],"removed":[""],"origin":"+input"}
2019-4-27 14:12:22.690#change#{"from":{"line":7,"ch":4,"sticky":null},"to":{"line":7,"ch":4,"sticky":null},"text":["i"],"removed":[""],"origin":"+input"}
2019-4-27 14:12:22.872#change#{"from":{"line":7,"ch":5,"sticky":null},"to":{"line":7,"ch":5,"sticky":null},"text":["n"],"removed":[""],"origin":"+input"}
2019-4-27 14:12:22.990#change#{"from":{"line":7,"ch":6,"sticky":null},"to":{"line":7,"ch":6,"sticky":null},"text":["t"],"removed":[""],"origin":"+input"}
2019-4-27 14:12:23.956#change#{"from":{"line":7,"ch":7,"sticky":null},"to":{"line":7,"ch":7,"sticky":null},"text":["*"],"removed":[""],"origin":"+input"}
2019-4-27 14:12:24.647#change#{"from":{"line":7,"ch":7,"sticky":"after"},"to":{"line":7,"ch":8,"sticky":null},"text":[""],"removed":["*"],"origin":"+delete"}
2019-4-27 14:12:24.647#keyHandled#"Backspace"
2019-4-27 14:12:25.043#change#{"from":{"line":7,"ch":7,"sticky":null},"to":{"line":7,"ch":7,"sticky":null},"text":["()"],"removed":[""],"origin":"+input"}
2019-4-27 14:12:25.043#keyHandled#"'('"
2019-4-27 14:12:25.805#change#{"from":{"line":7,"ch":8,"sticky":"after"},"to":{"line":7,"ch":8,"sticky":"after"},"text":["\"\""],"removed":[""],"origin":"+input"}
2019-4-27 14:12:25.805#keyHandled#"'\"'"
2019-4-27 14:12:26.788#change#{"from":{"line":7,"ch":9,"sticky":"after"},"to":{"line":7,"ch":9,"sticky":"after"},"text":["I"],"removed":[""],"origin":"+input"}
2019-4-27 14:12:27.060#change#{"from":{"line":7,"ch":10,"sticky":null},"to":{"line":7,"ch":10,"sticky":null},"text":["n"],"removed":[""],"origin":"+input"}
2019-4-27 14:12:27.360#change#{"from":{"line":7,"ch":11,"sticky":null},"to":{"line":7,"ch":11,"sticky":null},"text":["f"],"removed":[""],"origin":"+input"}
2019-4-27 14:12:27.878#change#{"from":{"line":7,"ch":12,"sticky":null},"to":{"line":7,"ch":12,"sticky":null},"text":["e"],"removed":[""],"origin":"+input"}
2019-4-27 14:12:28.136#change#{"from":{"line":7,"ch":13,"sticky":null},"to":{"line":7,"ch":13,"sticky":null},"text":["r"],"removed":[""],"origin":"+input"}
2019-4-27 14:12:28.305#change#{"from":{"line":7,"ch":14,"sticky":null},"to":{"line":7,"ch":14,"sticky":null},"text":["i"],"removed":[""],"origin":"+input"}
2019-4-27 14:12:29.247#change#{"from":{"line":7,"ch":17,"sticky":null},"to":{"line":7,"ch":17,"sticky":null},"text":["e"],"removed":[""],"origin":"+input"}
2019-4-27 14:12:29.456#change#{"from":{"line":7,"ch":18,"sticky":null},"to":{"line":7,"ch":18,"sticky":null},"text":["s"],"removed":[""],"origin":"+input"}
2019-4-27 14:12:30.291#keyHandled#"Right"
2019-4-27 14:12:30.600#keyHandled#"Right"
2019-4-27 14:12:31.621#change#{"from":{"line":7,"ch":21,"sticky":"before"},"to":{"line":7,"ch":21,"sticky":"before"},"text":["",""],"removed":[""],"origin":"+input"}
2019-4-27 14:12:31.621#change#{"from":{"line":8,"ch":0,"sticky":null},"to":{"line":8,"ch":0,"sticky":null},"text":["\t\t"],"removed":[""],"origin":"+input"}
2019-4-27 14:12:31.621#keyHandled#"Enter"
2019-4-27 14:12:31.630#viewportChange#0
2019-4-27 14:12:32.372#change#{"from":{"line":8,"ch":2,"sticky":null},"to":{"line":8,"ch":2,"sticky":null},"text":["",""],"removed":[""],"origin":"+input"}
2019-4-27 14:12:32.372#change#{"from":{"line":9,"ch":0,"sticky":null},"to":{"line":9,"ch":0,"sticky":null},"text":["\t\t"],"removed":[""],"origin":"+input"}
2019-4-27 14:12:32.372#keyHandled#"Enter"
2019-4-27 14:12:32.377#viewportChange#0
2019-4-27 14:12:32.739#change#{"from":{"line":9,"ch":1,"sticky":"after"},"to":{"line":9,"ch":2,"sticky":null},"text":[""],"removed":["\t"],"origin":"+delete"}
2019-4-27 14:12:32.739#keyHandled#"Backspace"
2019-4-27 14:12:33.077#change#{"from":{"line":9,"ch":0,"sticky":"after"},"to":{"line":9,"ch":1,"sticky":null},"text":[""],"removed":["\t"],"origin":"+delete"}
2019-4-27 14:12:33.077#keyHandled#"Backspace"
2019-4-27 14:12:34.434#keyHandled#"Up"
2019-4-27 14:12:35.260#change#{"from":{"line":8,"ch":0,"sticky":"after","xRel":0},"to":{"line":8,"ch":0,"sticky":"after","xRel":0},"text":["e"],"removed":[""],"origin":"+input"}
2019-4-27 14:12:35.530#change#{"from":{"line":8,"ch":1,"sticky":null},"to":{"line":8,"ch":1,"sticky":null},"text":["l"],"removed":[""],"origin":"+input"}
2019-4-27 14:12:35.657#change#{"from":{"line":8,"ch":2,"sticky":null},"to":{"line":8,"ch":2,"sticky":null},"text":["s"],"removed":[""],"origin":"+input"}
2019-4-27 14:12:35.862#change#{"from":{"line":8,"ch":3,"sticky":null},"to":{"line":8,"ch":3,"sticky":null},"text":["e"],"removed":[""],"origin":"+input"}
2019-4-27 14:12:36.655#change#{"from":{"line":8,"ch":4,"sticky":null},"to":{"line":8,"ch":4,"sticky":null},"text":[":"],"removed":[""],"origin":"+input"}
2019-4-27 14:12:36.944#change#{"from":{"line":8,"ch":5,"sticky":null},"to":{"line":8,"ch":5,"sticky":null},"text":["",""],"removed":[""],"origin":"+input"}
2019-4-27 14:12:36.944#change#{"from":{"line":9,"ch":0,"sticky":null},"to":{"line":9,"ch":2,"sticky":null},"text":["\t"],"removed":["\t\t"],"origin":"+input"}
2019-4-27 14:12:36.944#keyHandled#"Enter"
2019-4-27 14:12:36.948#viewportChange#0
2019-4-27 14:12:37.672#change#{"from":{"line":9,"ch":1,"sticky":null},"to":{"line":9,"ch":1,"sticky":null},"text":["i"],"removed":[""],"origin":"+input"}
2019-4-27 14:12:37.924#change#{"from":{"line":9,"ch":2,"sticky":null},"to":{"line":9,"ch":2,"sticky":null},"text":["g"],"removed":[""],"origin":"+input"}
2019-4-27 14:12:39.789#change#{"from":{"line":9,"ch":3,"sticky":null},"to":{"line":9,"ch":3,"sticky":null},"text":["()"],"removed":[""],"origin":"+input"}
2019-4-27 14:12:39.789#keyHandled#"'('"
2019-4-27 14:12:44.142#change#{"from":{"line":9,"ch":4,"sticky":"after"},"to":{"line":9,"ch":4,"sticky":"after"},"text":["y"],"removed":[""],"origin":"+input"}
2019-4-27 14:12:44.407#change#{"from":{"line":9,"ch":5,"sticky":null},"to":{"line":9,"ch":5,"sticky":null},"text":[" "],"removed":[""],"origin":"+input"}
2019-4-27 14:12:44.707#change#{"from":{"line":9,"ch":6,"sticky":null},"to":{"line":9,"ch":6,"sticky":null},"text":[">"],"removed":[""],"origin":"+input"}
2019-4-27 14:12:45.339#change#{"from":{"line":9,"ch":7,"sticky":null},"to":{"line":9,"ch":7,"sticky":null},"text":["0"],"removed":[""],"origin":"+input"}
2019-4-27 14:12:46.653#change#{"from":{"line":9,"ch":7,"sticky":"after"},"to":{"line":9,"ch":8,"sticky":null},"text":[""],"removed":["0"],"origin":"+delete"}
2019-4-27 14:12:46.653#keyHandled#"Backspace"
2019-4-27 14:12:46.769#change#{"from":{"line":9,"ch":7,"sticky":null},"to":{"line":9,"ch":7,"sticky":null},"text":[" "],"removed":[""],"origin":"+input"}
2019-4-27 14:12:47.292#change#{"from":{"line":9,"ch":8,"sticky":null},"to":{"line":9,"ch":8,"sticky":null},"text":["0"],"removed":[""],"origin":"+input"}
2019-4-27 14:12:47.854#keyHandled#"Right"
2019-4-27 14:12:48.376#change#{"from":{"line":9,"ch":10,"sticky":"before"},"to":{"line":9,"ch":10,"sticky":"before"},"text":[":"],"removed":[""],"origin":"+input"}
2019-4-27 14:12:50.388#change#{"from":{"line":10,"ch":2,"sticky":null},"to":{"line":10,"ch":2,"sticky":null},"text":["p"],"removed":[""],"origin":"+input"}
2019-4-27 14:12:50.505#change#{"from":{"line":10,"ch":3,"sticky":null},"to":{"line":10,"ch":3,"sticky":null},"text":["p"],"removed":[""],"origin":"+input"}
2019-4-27 14:12:50.620#change#{"from":{"line":10,"ch":4,"sticky":null},"to":{"line":10,"ch":4,"sticky":null},"text":["r"],"removed":[""],"origin":"+input"}
2019-4-27 14:12:50.771#change#{"from":{"line":10,"ch":5,"sticky":null},"to":{"line":10,"ch":5,"sticky":null},"text":["i"],"removed":[""],"origin":"+input"}
2019-4-27 14:12:51.004#change#{"from":{"line":10,"ch":6,"sticky":null},"to":{"line":10,"ch":6,"sticky":null},"text":["n"],"removed":[""],"origin":"+input"}
2019-4-27 14:12:51.207#change#{"from":{"line":10,"ch":7,"sticky":null},"to":{"line":10,"ch":7,"sticky":null},"text":["t"],"removed":[""],"origin":"+input"}
2019-4-27 14:12:51.736#change#{"from":{"line":10,"ch":7,"sticky":"after"},"to":{"line":10,"ch":8,"sticky":null},"text":[""],"removed":["t"],"origin":"+delete"}
2019-4-27 14:12:51.736#keyHandled#"Backspace"
2019-4-27 14:12:51.920#change#{"from":{"line":10,"ch":6,"sticky":"after"},"to":{"line":10,"ch":7,"sticky":null},"text":[""],"removed":["n"],"origin":"+delete"}
2019-4-27 14:12:51.920#keyHandled#"Backspace"
2019-4-27 14:12:52.106#change#{"from":{"line":10,"ch":5,"sticky":"after"},"to":{"line":10,"ch":6,"sticky":null},"text":[""],"removed":["i"],"origin":"+delete"}
2019-4-27 14:12:52.106#keyHandled#"Backspace"
2019-4-27 14:12:52.336#change#{"from":{"line":10,"ch":4,"sticky":"after"},"to":{"line":10,"ch":5,"sticky":null},"text":[""],"removed":["r"],"origin":"+delete"}
2019-4-27 14:12:52.336#keyHandled#"Backspace"
2019-4-27 14:12:52.574#change#{"from":{"line":10,"ch":3,"sticky":"after"},"to":{"line":10,"ch":4,"sticky":null},"text":[""],"removed":["p"],"origin":"+delete"}
2019-4-27 14:12:52.574#keyHandled#"Backspace"
2019-4-27 14:12:53.237#change#{"from":{"line":10,"ch":3,"sticky":null},"to":{"line":10,"ch":3,"sticky":null},"text":["r"],"removed":[""],"origin":"+input"}
2019-4-27 14:12:53.423#change#{"from":{"line":10,"ch":4,"sticky":null},"to":{"line":10,"ch":4,"sticky":null},"text":["i"],"removed":[""],"origin":"+input"}
2019-4-27 14:12:53.544#change#{"from":{"line":10,"ch":5,"sticky":null},"to":{"line":10,"ch":5,"sticky":null},"text":["n"],"removed":[""],"origin":"+input"}
2019-4-27 14:12:53.726#change#{"from":{"line":10,"ch":6,"sticky":null},"to":{"line":10,"ch":6,"sticky":null},"text":["t"],"removed":[""],"origin":"+input"}
2019-4-27 14:12:55.408#change#{"from":{"line":10,"ch":7,"sticky":null},"to":{"line":10,"ch":7,"sticky":null},"text":["()"],"removed":[""],"origin":"+input"}
2019-4-27 14:12:55.408#keyHandled#"'('"
2019-4-27 14:12:57.351#blur#
2019-4-27 14:13:01.822#focus#
2019-4-27 14:13:03.892#change#{"from":{"line":10,"ch":8,"sticky":"after"},"to":{"line":10,"ch":8,"sticky":"after"},"text":["\"\""],"removed":[""],"origin":"+input"}
2019-4-27 14:13:03.892#keyHandled#"'\"'"
2019-4-27 14:13:04.629#change#{"from":{"line":10,"ch":9,"sticky":"after"},"to":{"line":10,"ch":9,"sticky":"after"},"text":["S"],"removed":[""],"origin":"+input"}
2019-4-27 14:13:05.822#change#{"from":{"line":10,"ch":10,"sticky":null},"to":{"line":10,"ch":10,"sticky":null},"text":["u"],"removed":[""],"origin":"+input"}
2019-4-27 14:13:06.088#change#{"from":{"line":10,"ch":11,"sticky":null},"to":{"line":10,"ch":11,"sticky":null},"text":["p"],"removed":[""],"origin":"+input"}
2019-4-27 14:13:06.288#change#{"from":{"line":10,"ch":12,"sticky":null},"to":{"line":10,"ch":12,"sticky":null},"text":["e"],"removed":[""],"origin":"+input"}
2019-4-27 14:13:06.507#change#{"from":{"line":10,"ch":13,"sticky":null},"to":{"line":10,"ch":13,"sticky":null},"text":["r"],"removed":[""],"origin":"+input"}
2019-4-27 14:13:06.787#change#{"from":{"line":10,"ch":14,"sticky":null},"to":{"line":10,"ch":14,"sticky":null},"text":["i"],"removed":[""],"origin":"+input"}
2019-4-27 14:13:07.039#change#{"from":{"line":10,"ch":15,"sticky":null},"to":{"line":10,"ch":15,"sticky":null},"text":["o"],"removed":[""],"origin":"+input"}
2019-4-27 14:13:07.172#change#{"from":{"line":10,"ch":16,"sticky":null},"to":{"line":10,"ch":16,"sticky":null},"text":["r"],"removed":[""],"origin":"+input"}
2019-4-27 14:13:07.388#change#{"from":{"line":10,"ch":17,"sticky":null},"to":{"line":10,"ch":17,"sticky":null},"text":["e"],"removed":[""],"origin":"+input"}
2019-4-27 14:13:07.611#change#{"from":{"line":10,"ch":18,"sticky":null},"to":{"line":10,"ch":18,"sticky":null},"text":["s"],"removed":[""],"origin":"+input"}
2019-4-27 14:13:08.303#keyHandled#"Right"
2019-4-27 14:13:09.992#keyHandled#"PageUp"
2019-4-27 14:13:12.492#mousedown#{"isTrusted":true}
2019-4-27 14:13:13.195#change#{"from":{"line":10,"ch":21,"sticky":"before","xRel":28.09368896484375},"to":{"line":10,"ch":21,"sticky":"before","xRel":28.09368896484375},"text":["",""],"removed":[""],"origin":"+input"}
2019-4-27 14:13:13.195#change#{"from":{"line":11,"ch":0,"sticky":null},"to":{"line":11,"ch":0,"sticky":null},"text":["\t\t"],"removed":[""],"origin":"+input"}
2019-4-27 14:13:13.195#keyHandled#"Enter"
2019-4-27 14:13:13.200#viewportChange#0
2019-4-27 14:13:14.954#change#{"from":{"line":11,"ch":1,"sticky":"after"},"to":{"line":11,"ch":2,"sticky":null},"text":[""],"removed":["\t"],"origin":"+delete"}
2019-4-27 14:13:14.954#keyHandled#"Backspace"
2019-4-27 14:13:15.637#change#{"from":{"line":11,"ch":1,"sticky":null},"to":{"line":11,"ch":1,"sticky":null},"text":["e"],"removed":[""],"origin":"+input"}
2019-4-27 14:13:15.837#change#{"from":{"line":11,"ch":2,"sticky":null},"to":{"line":11,"ch":2,"sticky":null},"text":["l"],"removed":[""],"origin":"+input"}
2019-4-27 14:13:15.959#change#{"from":{"line":11,"ch":3,"sticky":null},"to":{"line":11,"ch":3,"sticky":null},"text":["s"],"removed":[""],"origin":"+input"}
2019-4-27 14:13:16.140#change#{"from":{"line":11,"ch":4,"sticky":null},"to":{"line":11,"ch":4,"sticky":null},"text":["e"],"removed":[""],"origin":"+input"}
2019-4-27 14:13:17.035#change#{"from":{"line":11,"ch":5,"sticky":null},"to":{"line":11,"ch":5,"sticky":null},"text":[":"],"removed":[""],"origin":"+input"}
2019-4-27 14:13:17.386#change#{"from":{"line":11,"ch":6,"sticky":null},"to":{"line":11,"ch":6,"sticky":null},"text":["",""],"removed":[""],"origin":"+input"}
2019-4-27 14:13:17.386#change#{"from":{"line":12,"ch":0,"sticky":null},"to":{"line":12,"ch":0,"sticky":null},"text":["\t\t"],"removed":[""],"origin":"+input"}
2019-4-27 14:13:17.386#keyHandled#"Enter"
2019-4-27 14:13:17.393#viewportChange#0
2019-4-27 14:13:18.325#change#{"from":{"line":12,"ch":2,"sticky":null},"to":{"line":12,"ch":2,"sticky":null},"text":["p"],"removed":[""],"origin":"+input"}
2019-4-27 14:13:18.486#change#{"from":{"line":12,"ch":3,"sticky":null},"to":{"line":12,"ch":3,"sticky":null},"text":["r"],"removed":[""],"origin":"+input"}
2019-4-27 14:13:19.523#change#{"from":{"line":12,"ch":7,"sticky":null},"to":{"line":12,"ch":7,"sticky":null},"text":["()"],"removed":[""],"origin":"+input"}
2019-4-27 14:13:19.523#keyHandled#"'('"
2019-4-27 14:13:20.275#change#{"from":{"line":12,"ch":8,"sticky":"after"},"to":{"line":12,"ch":8,"sticky":"after"},"text":["\"\""],"removed":[""],"origin":"+input"}
2019-4-27 14:13:20.275#keyHandled#"'\"'"
2019-4-27 14:13:20.920#change#{"from":{"line":12,"ch":9,"sticky":"after"},"to":{"line":12,"ch":9,"sticky":"after"},"text":["I"],"removed":[""],"origin":"+input"}
2019-4-27 14:13:21.172#change#{"from":{"line":12,"ch":10,"sticky":null},"to":{"line":12,"ch":10,"sticky":null},"text":["n"],"removed":[""],"origin":"+input"}
2019-4-27 14:13:21.694#change#{"from":{"line":12,"ch":11,"sticky":null},"to":{"line":12,"ch":11,"sticky":null},"text":["f"],"removed":[""],"origin":"+input"}
2019-4-27 14:13:21.905#change#{"from":{"line":12,"ch":12,"sticky":null},"to":{"line":12,"ch":12,"sticky":null},"text":["e"],"removed":[""],"origin":"+input"}
2019-4-27 14:13:22.737#change#{"from":{"line":12,"ch":13,"sticky":null},"to":{"line":12,"ch":13,"sticky":null},"text":["r"],"removed":[""],"origin":"+input"}
2019-4-27 14:13:22.886#change#{"from":{"line":12,"ch":14,"sticky":null},"to":{"line":12,"ch":14,"sticky":null},"text":["i"],"removed":[""],"origin":"+input"}
2019-4-27 14:13:23.122#change#{"from":{"line":12,"ch":15,"sticky":null},"to":{"line":12,"ch":15,"sticky":null},"text":["o"],"removed":[""],"origin":"+input"}
2019-4-27 14:13:23.268#change#{"from":{"line":12,"ch":16,"sticky":null},"to":{"line":12,"ch":16,"sticky":null},"text":["r"],"removed":[""],"origin":"+input"}
2019-4-27 14:13:23.462#change#{"from":{"line":12,"ch":17,"sticky":null},"to":{"line":12,"ch":17,"sticky":null},"text":["e"],"removed":[""],"origin":"+input"}
2019-4-27 14:13:23.688#change#{"from":{"line":12,"ch":18,"sticky":null},"to":{"line":12,"ch":18,"sticky":null},"text":["s"],"removed":[""],"origin":"+input"}
2019-4-27 14:13:25.743#blur#
2019-4-27 14:13:25.743#blur#
2019-4-27 14:14:03.271#submit#Congratulations, your code is correct!
2019-4-27 14:18:23.186#mousedown#{"isTrusted":true}
2019-4-27 14:18:23.193#focus#
2019-4-27 14:18:25.767#mousedown#{"isTrusted":true}
2019-4-27 14:18:25.871#blur#
2019-4-27 14:18:25.943#contextmenu#{"isTrusted":true}
2019-4-27 14:18:25.947#focus#
2019-4-27 14:18:28.476#copy#{"isTrusted":true}
