2019-3-14 16:38:30.328#viewportChange#0
2019-3-14 16:39:06.240#mousedown#{}
2019-3-14 16:39:06.345#focus#
2019-3-14 16:39:08.408#change#{"from":{"line":2,"ch":23,"sticky":"after"},"to":{"line":2,"ch":24,"sticky":"before","xRel":-3.5999755859375},"text":[""],"removed":["."],"origin":"+delete"}
2019-3-14 16:39:08.409#keyHandled#"Backspace"
2019-3-14 16:39:08.635#change#{"from":{"line":2,"ch":22,"sticky":"after"},"to":{"line":2,"ch":23,"sticky":null},"text":[""],"removed":["."],"origin":"+delete"}
2019-3-14 16:39:08.635#keyHandled#"Backspace"
2019-3-14 16:39:09.388#change#{"from":{"line":2,"ch":21,"sticky":"after"},"to":{"line":2,"ch":22,"sticky":null},"text":[""],"removed":["."],"origin":"+delete"}
2019-3-14 16:39:09.390#keyHandled#"Backspace"
2019-3-14 16:39:11.391#change#{"from":{"line":2,"ch":21,"sticky":null},"to":{"line":2,"ch":21,"sticky":null},"text":["1"],"removed":[""],"origin":"+input"}
2019-3-14 16:39:11.549#change#{"from":{"line":2,"ch":22,"sticky":null},"to":{"line":2,"ch":22,"sticky":null},"text":["2"],"removed":[""],"origin":"+input"}
2019-3-14 16:39:13.616#change#{"from":{"line":2,"ch":23,"sticky":null},"to":{"line":2,"ch":23,"sticky":null},"text":["-"],"removed":[""],"origin":"+input"}
2019-3-14 16:39:14.370#change#{"from":{"line":2,"ch":24,"sticky":null},"to":{"line":2,"ch":24,"sticky":null},"text":["4"],"removed":[""],"origin":"+input"}
2019-3-14 16:39:16.623#mousedown#{}
2019-3-14 16:39:18.137#change#{"from":{"line":4,"ch":26,"sticky":"after"},"to":{"line":4,"ch":27,"sticky":"before","xRel":-0.70001220703125},"text":[""],"removed":["."],"origin":"+delete"}
2019-3-14 16:39:18.139#keyHandled#"Backspace"
2019-3-14 16:39:18.778#change#{"from":{"line":4,"ch":25,"sticky":"after"},"to":{"line":4,"ch":26,"sticky":null},"text":[""],"removed":["."],"origin":"+delete"}
2019-3-14 16:39:18.778#keyHandled#"Backspace"
2019-3-14 16:39:21.100#keyHandled#"Home"
2019-3-14 16:39:25.040#mousedown#{}
2019-3-14 16:39:28.799#change#{"from":{"line":4,"ch":25,"sticky":"before","xRel":-2.29998779296875},"to":{"line":4,"ch":26,"sticky":"before"},"text":[""],"removed":["."],"origin":"+delete"}
2019-3-14 16:39:28.799#keyHandled#"Delete"
2019-3-14 16:39:31.865#change#{"from":{"line":4,"ch":25,"sticky":null},"to":{"line":4,"ch":25,"sticky":null},"text":["2"],"removed":[""],"origin":"+input"}
2019-3-14 16:39:32.458#change#{"from":{"line":4,"ch":26,"sticky":null},"to":{"line":4,"ch":26,"sticky":null},"text":["*"],"removed":[""],"origin":"+input"}
2019-3-14 16:39:32.940#change#{"from":{"line":4,"ch":27,"sticky":null},"to":{"line":4,"ch":27,"sticky":null},"text":["4"],"removed":[""],"origin":"+input"}
2019-3-14 16:39:34.471#mousedown#{}
2019-3-14 16:39:35.612#change#{"from":{"line":6,"ch":21,"sticky":"after"},"to":{"line":6,"ch":22,"sticky":"before","xRel":-1.20001220703125},"text":[""],"removed":["."],"origin":"+delete"}
2019-3-14 16:39:35.612#keyHandled#"Backspace"
2019-3-14 16:39:35.780#change#{"from":{"line":6,"ch":20,"sticky":"after"},"to":{"line":6,"ch":21,"sticky":null},"text":[""],"removed":["."],"origin":"+delete"}
2019-3-14 16:39:35.780#keyHandled#"Backspace"
2019-3-14 16:39:36.379#change#{"from":{"line":6,"ch":19,"sticky":"after"},"to":{"line":6,"ch":20,"sticky":null},"text":[""],"removed":["."],"origin":"+delete"}
2019-3-14 16:39:36.379#keyHandled#"Backspace"
2019-3-14 16:39:39.773#change#{"from":{"line":6,"ch":20,"sticky":null},"to":{"line":6,"ch":20,"sticky":null},"text":["8"],"removed":[""],"origin":"+input"}
2019-3-14 16:39:40.124#change#{"from":{"line":6,"ch":21,"sticky":null},"to":{"line":6,"ch":21,"sticky":null},"text":["/"],"removed":[""],"origin":"+input"}
2019-3-14 16:39:40.883#change#{"from":{"line":6,"ch":22,"sticky":null},"to":{"line":6,"ch":22,"sticky":null},"text":["2"],"removed":[""],"origin":"+input"}
2019-3-14 16:39:42.111#keyHandled#"Left"
2019-3-14 16:39:42.348#keyHandled#"Left"
2019-3-14 16:39:43.087#change#{"from":{"line":6,"ch":20,"sticky":"after"},"to":{"line":6,"ch":21,"sticky":"after"},"text":[""],"removed":["8"],"origin":"+delete"}
2019-3-14 16:39:43.087#keyHandled#"Backspace"
2019-3-14 16:39:43.933#change#{"from":{"line":6,"ch":20,"sticky":null},"to":{"line":6,"ch":20,"sticky":null},"text":["6"],"removed":[""],"origin":"+input"}
2019-3-14 16:39:45.608#mousedown#{}
2019-3-14 16:39:46.930#change#{"from":{"line":8,"ch":19,"sticky":"after"},"to":{"line":8,"ch":20,"sticky":"before","xRel":-0.79998779296875},"text":[""],"removed":["."],"origin":"+delete"}
2019-3-14 16:39:46.930#keyHandled#"Backspace"
2019-3-14 16:39:47.139#change#{"from":{"line":8,"ch":18,"sticky":"after"},"to":{"line":8,"ch":19,"sticky":null},"text":[""],"removed":["."],"origin":"+delete"}
2019-3-14 16:39:47.139#keyHandled#"Backspace"
2019-3-14 16:39:48.514#change#{"from":{"line":8,"ch":17,"sticky":"after"},"to":{"line":8,"ch":18,"sticky":null},"text":[""],"removed":["."],"origin":"+delete"}
2019-3-14 16:39:48.514#keyHandled#"Backspace"
2019-3-14 16:40:33.540#mousedown#{}
2019-3-14 16:40:34.828#change#{"from":{"line":10,"ch":25,"sticky":"after"},"to":{"line":10,"ch":26,"sticky":"after","xRel":1},"text":[""],"removed":["."],"origin":"+delete"}
2019-3-14 16:40:34.829#keyHandled#"Backspace"
2019-3-14 16:40:34.990#change#{"from":{"line":10,"ch":24,"sticky":"after"},"to":{"line":10,"ch":25,"sticky":null},"text":[""],"removed":["."],"origin":"+delete"}
2019-3-14 16:40:34.990#keyHandled#"Backspace"
2019-3-14 16:40:35.132#change#{"from":{"line":10,"ch":23,"sticky":"after"},"to":{"line":10,"ch":24,"sticky":null},"text":[""],"removed":["."],"origin":"+delete"}
2019-3-14 16:40:35.132#keyHandled#"Backspace"
2019-3-14 16:40:36.189#change#{"from":{"line":10,"ch":23,"sticky":null},"to":{"line":10,"ch":23,"sticky":null},"text":["2"],"removed":[""],"origin":"+input"}
2019-3-14 16:40:36.789#change#{"from":{"line":10,"ch":24,"sticky":null},"to":{"line":10,"ch":24,"sticky":null},"text":["*"],"removed":[""],"origin":"+input"}
2019-3-14 16:40:36.942#change#{"from":{"line":10,"ch":25,"sticky":null},"to":{"line":10,"ch":25,"sticky":null},"text":["*"],"removed":[""],"origin":"+input"}
2019-3-14 16:40:43.264#change#{"from":{"line":10,"ch":26,"sticky":null},"to":{"line":10,"ch":26,"sticky":null},"text":["3"],"removed":[""],"origin":"+input"}
2019-3-14 16:40:45.565#mousedown#{}
2019-3-14 16:51:14.743#change#{"from":{"line":8,"ch":16,"sticky":"after","xRel":1},"to":{"line":8,"ch":16,"sticky":"after","xRel":1},"text":["1"],"removed":[""],"origin":"+input"}
2019-3-14 16:51:15.017#change#{"from":{"line":8,"ch":17,"sticky":null},"to":{"line":8,"ch":17,"sticky":null},"text":["1"],"removed":[""],"origin":"+input"}
2019-3-14 16:51:15.415#change#{"from":{"line":8,"ch":18,"sticky":null},"to":{"line":8,"ch":18,"sticky":null},"text":["2"],"removed":[""],"origin":"+input"}
2019-3-14 16:51:18.006#change#{"from":{"line":8,"ch":19,"sticky":null},"to":{"line":8,"ch":19,"sticky":null},"text":["/"],"removed":[""],"origin":"+input"}
2019-3-14 16:51:22.261#blur#
2019-3-14 16:51:22.261#blur#
2019-3-14 16:51:36.847#submit#Your code did not produce the correct output. Please, correct your code and try again.
2019-3-14 16:51:38.551#mousedown#{}
2019-3-14 16:51:38.750#focus#
2019-3-14 16:51:39.890#change#{"from":{"line":8,"ch":20,"sticky":"after"},"to":{"line":8,"ch":21,"sticky":"before","xRel":-1.5},"text":[""],"removed":["3"],"origin":"+delete"}
2019-3-14 16:51:39.890#keyHandled#"Backspace"
2019-3-14 16:51:40.091#change#{"from":{"line":8,"ch":19,"sticky":"after"},"to":{"line":8,"ch":20,"sticky":null},"text":[""],"removed":["/"],"origin":"+delete"}
2019-3-14 16:51:40.091#keyHandled#"Backspace"
2019-3-14 16:51:40.228#change#{"from":{"line":8,"ch":18,"sticky":"after"},"to":{"line":8,"ch":19,"sticky":null},"text":[""],"removed":["2"],"origin":"+delete"}
2019-3-14 16:51:40.228#keyHandled#"Backspace"
2019-3-14 16:51:40.408#change#{"from":{"line":8,"ch":17,"sticky":"after"},"to":{"line":8,"ch":18,"sticky":null},"text":[""],"removed":["1"],"origin":"+delete"}
2019-3-14 16:51:40.408#keyHandled#"Backspace"
2019-3-14 16:51:40.581#change#{"from":{"line":8,"ch":16,"sticky":"after"},"to":{"line":8,"ch":17,"sticky":null},"text":[""],"removed":["1"],"origin":"+delete"}
2019-3-14 16:51:40.581#keyHandled#"Backspace"
2019-3-14 16:51:44.130#change#{"from":{"line":8,"ch":16,"sticky":null},"to":{"line":8,"ch":16,"sticky":null},"text":[" "],"removed":[""],"origin":"+input"}
2019-3-14 16:51:56.733#change#{"from":{"line":8,"ch":17,"sticky":null},"to":{"line":8,"ch":17,"sticky":null},"text":["7"],"removed":[""],"origin":"+input"}
2019-3-14 16:51:57.372#change#{"from":{"line":8,"ch":18,"sticky":null},"to":{"line":8,"ch":18,"sticky":null},"text":["2"],"removed":[""],"origin":"+input"}
2019-3-14 16:51:58.279#change#{"from":{"line":8,"ch":19,"sticky":null},"to":{"line":8,"ch":19,"sticky":null},"text":["/"],"removed":[""],"origin":"+input"}
2019-3-14 16:51:59.639#change#{"from":{"line":8,"ch":20,"sticky":null},"to":{"line":8,"ch":20,"sticky":null},"text":["2"],"removed":[""],"origin":"+input"}
2019-3-14 16:51:59.639#change#{"from":{"line":8,"ch":20,"sticky":null},"to":{"line":8,"ch":20,"sticky":null},"text":["2"],"removed":[""],"origin":"+input"}
2019-3-14 16:52:01.592#blur#
2019-3-14 16:52:07.284#mousedown#{}
2019-3-14 16:52:07.450#focus#
2019-3-14 16:52:08.388#change#{"from":{"line":8,"ch":20,"sticky":"after"},"to":{"line":8,"ch":21,"sticky":"before","xRel":-0.5},"text":[""],"removed":["2"],"origin":"+delete"}
2019-3-14 16:52:08.388#keyHandled#"Backspace"
2019-3-14 16:52:09.501#change#{"from":{"line":8,"ch":20,"sticky":null},"to":{"line":8,"ch":20,"sticky":null},"text":["4"],"removed":[""],"origin":"+input"}
2019-3-14 16:52:11.141#blur#
2019-3-14 16:52:13.592#mousedown#{}
2019-3-14 16:52:13.763#focus#
2019-3-14 16:52:14.570#change#{"from":{"line":8,"ch":21,"sticky":"after"},"to":{"line":8,"ch":22,"sticky":"before","xRel":-2.20001220703125},"text":[""],"removed":[" "],"origin":"+delete"}
2019-3-14 16:52:14.570#keyHandled#"Backspace"
2019-3-14 16:52:15.192#change#{"from":{"line":8,"ch":20,"sticky":"after"},"to":{"line":8,"ch":21,"sticky":null},"text":[""],"removed":["4"],"origin":"+delete"}
2019-3-14 16:52:15.193#keyHandled#"Backspace"
2019-3-14 16:52:16.939#change#{"from":{"line":8,"ch":20,"sticky":null},"to":{"line":8,"ch":20,"sticky":null},"text":["6"],"removed":[""],"origin":"+input"}
2019-3-14 16:52:16.939#change#{"from":{"line":8,"ch":20,"sticky":null},"to":{"line":8,"ch":20,"sticky":null},"text":["6"],"removed":[""],"origin":"+input"}
2019-3-14 16:52:17.911#blur#
2019-3-14 16:52:20.153#mousedown#{}
2019-3-14 16:52:20.309#focus#
2019-3-14 16:52:21.071#change#{"from":{"line":8,"ch":20,"sticky":"after"},"to":{"line":8,"ch":21,"sticky":"after","xRel":0.5},"text":[""],"removed":["6"],"origin":"+delete"}
2019-3-14 16:52:21.073#keyHandled#"Backspace"
2019-3-14 16:52:21.737#change#{"from":{"line":8,"ch":20,"sticky":null},"to":{"line":8,"ch":20,"sticky":null},"text":["8"],"removed":[""],"origin":"+input"}
2019-3-14 16:52:21.071#change#{"from":{"line":8,"ch":20,"sticky":"after"},"to":{"line":8,"ch":21,"sticky":"after","xRel":0.5},"text":[""],"removed":["6"],"origin":"+delete"}
2019-3-14 16:52:21.073#keyHandled#"Backspace"
2019-3-14 16:52:21.737#change#{"from":{"line":8,"ch":20,"sticky":null},"to":{"line":8,"ch":20,"sticky":null},"text":["8"],"removed":[""],"origin":"+input"}
2019-3-14 16:52:22.569#blur#
2019-3-14 16:52:25.015#mousedown#{}
2019-3-14 16:52:25.180#focus#
2019-3-14 16:52:27.435#change#{"from":{"line":8,"ch":20,"sticky":"after"},"to":{"line":8,"ch":21,"sticky":"before","xRel":-2.5},"text":[""],"removed":["8"],"origin":"+delete"}
2019-3-14 16:52:27.435#keyHandled#"Backspace"
2019-3-14 16:52:28.458#change#{"from":{"line":8,"ch":20,"sticky":null},"to":{"line":8,"ch":20,"sticky":null},"text":["9"],"removed":[""],"origin":"+input"}
2019-3-14 16:52:28.458#change#{"from":{"line":8,"ch":20,"sticky":null},"to":{"line":8,"ch":20,"sticky":null},"text":["9"],"removed":[""],"origin":"+input"}
2019-3-14 16:52:29.265#blur#
2019-3-14 16:52:29.265#blur#
2019-3-14 16:52:31.841#submit#Your code did not produce the correct output. Please, correct your code and try again.
2019-3-14 16:52:39.160#mousedown#{}
2019-3-14 16:52:39.336#focus#
2019-3-14 16:52:39.160#mousedown#{}
2019-3-14 16:52:39.336#focus#
2019-3-14 16:52:41.813#blur#
2019-3-14 16:52:41.813#blur#
2019-3-14 16:52:46.318#submit#Your code did not produce the correct output. Please, correct your code and try again.
2019-3-14 16:52:54.933#mousedown#{}
2019-3-14 16:52:55.104#focus#
2019-3-14 16:52:55.104#focus#
2019-3-14 16:52:57.932#submit#Your code did not produce the correct output. Please, correct your code and try again.
2019-3-14 16:53:00.738#blur#
2019-3-14 16:53:06.934#mousedown#{}
2019-3-14 16:53:06.994#focus#
2019-3-14 16:53:06.934#mousedown#{}
2019-3-14 16:53:06.994#focus#
2019-3-14 16:53:09.514#blur#
2019-3-14 16:53:19.430#mousedown#{}
2019-3-14 16:53:19.605#focus#
2019-3-14 16:53:21.784#change#{"from":{"line":8,"ch":20,"sticky":"after"},"to":{"line":8,"ch":21,"sticky":"after","xRel":1.5},"text":[""],"removed":["9"],"origin":"+delete"}
2019-3-14 16:53:21.784#keyHandled#"Backspace"
2019-3-14 16:53:22.313#change#{"from":{"line":8,"ch":19,"sticky":"after"},"to":{"line":8,"ch":20,"sticky":null},"text":[""],"removed":["/"],"origin":"+delete"}
2019-3-14 16:53:22.314#keyHandled#"Backspace"
2019-3-14 16:53:22.528#change#{"from":{"line":8,"ch":18,"sticky":"after"},"to":{"line":8,"ch":19,"sticky":null},"text":[""],"removed":["2"],"origin":"+delete"}
2019-3-14 16:53:22.528#keyHandled#"Backspace"
2019-3-14 16:53:22.880#change#{"from":{"line":8,"ch":17,"sticky":"after"},"to":{"line":8,"ch":18,"sticky":null},"text":[""],"removed":["7"],"origin":"+delete"}
2019-3-14 16:53:22.880#keyHandled#"Backspace"
2019-3-14 16:53:29.126#change#{"from":{"line":8,"ch":17,"sticky":null},"to":{"line":8,"ch":17,"sticky":null},"text":["6"],"removed":[""],"origin":"+input"}
2019-3-14 16:53:29.432#change#{"from":{"line":8,"ch":18,"sticky":null},"to":{"line":8,"ch":18,"sticky":null},"text":["8"],"removed":[""],"origin":"+input"}
2019-3-14 16:53:29.887#change#{"from":{"line":8,"ch":19,"sticky":null},"to":{"line":8,"ch":19,"sticky":null},"text":["/"],"removed":[""],"origin":"+input"}
2019-3-14 16:53:30.665#change#{"from":{"line":8,"ch":20,"sticky":null},"to":{"line":8,"ch":20,"sticky":null},"text":["2"],"removed":[""],"origin":"+input"}
2019-3-14 16:53:30.665#change#{"from":{"line":8,"ch":20,"sticky":null},"to":{"line":8,"ch":20,"sticky":null},"text":["2"],"removed":[""],"origin":"+input"}
2019-3-14 16:53:33.081#blur#
2019-3-14 16:53:38.079#mousedown#{}
2019-3-14 16:53:38.232#focus#
2019-3-14 16:53:39.370#change#{"from":{"line":8,"ch":20,"sticky":"after"},"to":{"line":8,"ch":21,"sticky":"before","xRel":-0.5},"text":[""],"removed":["2"],"origin":"+delete"}
2019-3-14 16:53:39.370#keyHandled#"Backspace"
2019-3-14 16:53:42.709#blur#
2019-3-14 16:53:44.977#mousedown#{}
2019-3-14 16:53:45.145#focus#
2019-3-14 16:53:46.075#keyHandled#"Left"
2019-3-14 16:53:46.697#change#{"from":{"line":8,"ch":20,"sticky":"after"},"to":{"line":8,"ch":21,"sticky":"after"},"text":[""],"removed":["6"],"origin":"+delete"}
2019-3-14 16:53:46.697#keyHandled#"Backspace"
2019-3-14 16:53:47.890#change#{"from":{"line":8,"ch":20,"sticky":null},"to":{"line":8,"ch":20,"sticky":null},"text":["7"],"removed":[""],"origin":"+input"}
2019-3-14 16:53:50.953#change#{"from":{"line":8,"ch":20,"sticky":null},"to":{"line":8,"ch":20,"sticky":null},"text":["8"],"removed":[""],"origin":"+input"}
2019-3-14 16:53:50.953#change#{"from":{"line":8,"ch":20,"sticky":null},"to":{"line":8,"ch":20,"sticky":null},"text":["8"],"removed":[""],"origin":"+input"}
2019-3-14 16:53:53.278#blur#
2019-3-14 16:53:57.436#mousedown#{}
2019-3-14 16:53:57.598#focus#
2019-3-14 16:53:58.722#change#{"from":{"line":8,"ch":18,"sticky":"after"},"to":{"line":8,"ch":19,"sticky":"before","xRel":-2.0999755859375},"text":[""],"removed":["8"],"origin":"+delete"}
2019-3-14 16:53:58.722#keyHandled#"Backspace"
2019-3-14 16:53:59.901#change#{"from":{"line":8,"ch":17,"sticky":"after"},"to":{"line":8,"ch":18,"sticky":null},"text":[""],"removed":["6"],"origin":"+delete"}
2019-3-14 16:53:59.902#keyHandled#"Backspace"
2019-3-14 16:54:00.439#change#{"from":{"line":8,"ch":17,"sticky":null},"to":{"line":8,"ch":17,"sticky":null},"text":["8"],"removed":[""],"origin":"+input"}
2019-3-14 16:54:00.604#change#{"from":{"line":8,"ch":18,"sticky":null},"to":{"line":8,"ch":18,"sticky":null},"text":["8"],"removed":[""],"origin":"+input"}
2019-3-14 16:54:00.439#change#{"from":{"line":8,"ch":17,"sticky":null},"to":{"line":8,"ch":17,"sticky":null},"text":["8"],"removed":[""],"origin":"+input"}
2019-3-14 16:54:00.604#change#{"from":{"line":8,"ch":18,"sticky":null},"to":{"line":8,"ch":18,"sticky":null},"text":["8"],"removed":[""],"origin":"+input"}
2019-3-14 16:54:03.022#blur#
2019-3-14 16:54:06.321#mousedown#{}
2019-3-14 16:54:06.486#focus#
2019-3-14 16:54:07.912#keyHandled#"Left"
2019-3-14 16:54:08.313#keyHandled#"Left"
2019-3-14 16:54:09.350#keyHandled#"Left"
2019-3-14 16:54:10.082#change#{"from":{"line":8,"ch":17,"sticky":"after"},"to":{"line":8,"ch":18,"sticky":"after"},"text":[""],"removed":["8"],"origin":"+delete"}
2019-3-14 16:54:10.082#keyHandled#"Backspace"
2019-3-14 16:54:10.616#change#{"from":{"line":8,"ch":17,"sticky":null},"to":{"line":8,"ch":17,"sticky":null},"text":["9"],"removed":[""],"origin":"+input"}
2019-3-14 16:54:10.082#change#{"from":{"line":8,"ch":17,"sticky":"after"},"to":{"line":8,"ch":18,"sticky":"after"},"text":[""],"removed":["8"],"origin":"+delete"}
2019-3-14 16:54:10.082#keyHandled#"Backspace"
2019-3-14 16:54:10.616#change#{"from":{"line":8,"ch":17,"sticky":null},"to":{"line":8,"ch":17,"sticky":null},"text":["9"],"removed":[""],"origin":"+input"}
2019-3-14 16:54:12.508#blur#
2019-3-14 16:54:16.497#mousedown#{}
2019-3-14 16:54:16.671#focus#
2019-3-14 16:54:18.841#keyHandled#"Right"
2019-3-14 16:54:20.909#change#{"from":{"line":8,"ch":19,"sticky":"before"},"to":{"line":8,"ch":20,"sticky":"before"},"text":[""],"removed":["/"],"origin":"+delete"}
2019-3-14 16:54:20.909#keyHandled#"Delete"
2019-3-14 16:54:23.280#change#{"from":{"line":8,"ch":18,"sticky":"after"},"to":{"line":8,"ch":19,"sticky":null},"text":[""],"removed":["8"],"origin":"+delete"}
2019-3-14 16:54:23.280#keyHandled#"Backspace"
2019-3-14 16:54:24.511#change#{"from":{"line":8,"ch":18,"sticky":null},"to":{"line":8,"ch":18,"sticky":null},"text":["/"],"removed":[""],"origin":"+input"}
2019-3-14 16:54:25.667#keyHandled#"Left"
2019-3-14 16:54:26.544#change#{"from":{"line":8,"ch":17,"sticky":"after"},"to":{"line":8,"ch":18,"sticky":"after"},"text":[""],"removed":["9"],"origin":"+delete"}
2019-3-14 16:54:26.544#keyHandled#"Backspace"
2019-3-14 16:54:40.354#change#{"from":{"line":8,"ch":17,"sticky":null},"to":{"line":8,"ch":17,"sticky":null},"text":["3"],"removed":[""],"origin":"+input"}
2019-3-14 16:54:40.605#change#{"from":{"line":8,"ch":18,"sticky":null},"to":{"line":8,"ch":18,"sticky":null},"text":["6"],"removed":[""],"origin":"+input"}
2019-3-14 16:54:41.264#keyHandled#"Right"
2019-3-14 16:54:42.483#change#{"from":{"line":8,"ch":20,"sticky":"before"},"to":{"line":8,"ch":21,"sticky":"before"},"text":[""],"removed":["8"],"origin":"+delete"}
2019-3-14 16:54:42.483#keyHandled#"Delete"
2019-3-14 16:54:43.120#change#{"from":{"line":8,"ch":20,"sticky":null},"to":{"line":8,"ch":20,"sticky":null},"text":["4"],"removed":[""],"origin":"+input"}
2019-3-14 16:54:43.120#change#{"from":{"line":8,"ch":20,"sticky":null},"to":{"line":8,"ch":20,"sticky":null},"text":["4"],"removed":[""],"origin":"+input"}
2019-3-14 16:54:45.484#blur#
2019-3-14 16:54:49.208#mousedown#{}
2019-3-14 16:54:49.361#focus#
2019-3-14 16:54:50.441#change#{"from":{"line":8,"ch":20,"sticky":"after"},"to":{"line":8,"ch":21,"sticky":"after","xRel":0.5},"text":[""],"removed":["4"],"origin":"+delete"}
2019-3-14 16:54:50.443#keyHandled#"Backspace"
2019-3-14 16:54:51.033#change#{"from":{"line":8,"ch":20,"sticky":null},"to":{"line":8,"ch":20,"sticky":null},"text":["5"],"removed":[""],"origin":"+input"}
2019-3-14 16:54:51.033#change#{"from":{"line":8,"ch":20,"sticky":null},"to":{"line":8,"ch":20,"sticky":null},"text":["5"],"removed":[""],"origin":"+input"}
2019-3-14 16:54:53.016#blur#
2019-3-14 16:54:55.419#mousedown#{}
2019-3-14 16:54:55.583#focus#
2019-3-14 16:54:56.363#change#{"from":{"line":8,"ch":18,"sticky":"after"},"to":{"line":8,"ch":19,"sticky":"after","xRel":0.9000244140625},"text":[""],"removed":["6"],"origin":"+delete"}
2019-3-14 16:54:56.363#keyHandled#"Backspace"
2019-3-14 16:54:56.956#change#{"from":{"line":8,"ch":18,"sticky":null},"to":{"line":8,"ch":18,"sticky":null},"text":["8"],"removed":[""],"origin":"+input"}
2019-3-14 16:54:57.860#keyHandled#"Right"
2019-3-14 16:54:59.758#change#{"from":{"line":8,"ch":20,"sticky":"before"},"to":{"line":8,"ch":21,"sticky":"before"},"text":[""],"removed":["5"],"origin":"+delete"}
2019-3-14 16:54:59.758#keyHandled#"Delete"
2019-3-14 16:55:00.877#change#{"from":{"line":8,"ch":20,"sticky":null},"to":{"line":8,"ch":20,"sticky":null},"text":["4"],"removed":[""],"origin":"+input"}
2019-3-14 16:55:00.877#change#{"from":{"line":8,"ch":20,"sticky":null},"to":{"line":8,"ch":20,"sticky":null},"text":["4"],"removed":[""],"origin":"+input"}
2019-3-14 16:55:03.084#blur#
2019-3-14 16:55:05.054#mousedown#{}
2019-3-14 16:55:05.212#focus#
2019-3-14 16:55:06.333#change#{"from":{"line":8,"ch":20,"sticky":"after"},"to":{"line":8,"ch":21,"sticky":"after","xRel":0.5},"text":[""],"removed":["4"],"origin":"+delete"}
2019-3-14 16:55:06.333#keyHandled#"Backspace"
2019-3-14 16:55:07.372#change#{"from":{"line":8,"ch":20,"sticky":null},"to":{"line":8,"ch":20,"sticky":null},"text":["5"],"removed":[""],"origin":"+input"}
2019-3-14 16:55:08.862#blur#
2019-3-14 16:55:11.686#focus#
2019-3-14 16:55:11.692#mousedown#{}
2019-3-14 16:55:11.686#focus#
2019-3-14 16:55:11.692#mousedown#{}
2019-3-14 16:55:14.020#blur#
2019-3-14 16:55:15.556#mousedown#{}
2019-3-14 16:55:15.710#focus#
2019-3-14 16:55:16.553#change#{"from":{"line":8,"ch":20,"sticky":"after"},"to":{"line":8,"ch":21,"sticky":"before","xRel":-0.5},"text":[""],"removed":["5"],"origin":"+delete"}
2019-3-14 16:55:16.553#keyHandled#"Backspace"
2019-3-14 16:55:17.187#change#{"from":{"line":8,"ch":20,"sticky":null},"to":{"line":8,"ch":20,"sticky":null},"text":["8"],"removed":[""],"origin":"+input"}
2019-3-14 16:55:17.187#change#{"from":{"line":8,"ch":20,"sticky":null},"to":{"line":8,"ch":20,"sticky":null},"text":["8"],"removed":[""],"origin":"+input"}
2019-3-14 16:55:17.841#blur#
2019-3-14 16:55:19.098#mousedown#{}
2019-3-14 16:55:19.237#focus#
2019-3-14 16:55:20.453#keyHandled#"Left"
2019-3-14 16:55:21.779#keyHandled#"Left"
2019-3-14 16:55:21.994#change#{"from":{"line":8,"ch":18,"sticky":"after"},"to":{"line":8,"ch":19,"sticky":"after"},"text":[""],"removed":["8"],"origin":"+delete"}
2019-3-14 16:55:21.994#keyHandled#"Backspace"
2019-3-14 16:55:23.613#change#{"from":{"line":8,"ch":17,"sticky":"after"},"to":{"line":8,"ch":18,"sticky":null},"text":[""],"removed":["3"],"origin":"+delete"}
2019-3-14 16:55:23.613#keyHandled#"Backspace"
2019-3-14 16:55:24.539#change#{"from":{"line":8,"ch":17,"sticky":null},"to":{"line":8,"ch":17,"sticky":null},"text":["4"],"removed":[""],"origin":"+input"}
2019-3-14 16:55:24.752#change#{"from":{"line":8,"ch":18,"sticky":null},"to":{"line":8,"ch":18,"sticky":null},"text":["2"],"removed":[""],"origin":"+input"}
2019-3-14 16:55:24.539#change#{"from":{"line":8,"ch":17,"sticky":null},"to":{"line":8,"ch":17,"sticky":null},"text":["4"],"removed":[""],"origin":"+input"}
2019-3-14 16:55:24.752#change#{"from":{"line":8,"ch":18,"sticky":null},"to":{"line":8,"ch":18,"sticky":null},"text":["2"],"removed":[""],"origin":"+input"}
2019-3-14 16:55:27.294#blur#
2019-3-14 16:55:29.149#mousedown#{}
2019-3-14 16:55:29.310#focus#
2019-3-14 16:55:30.022#change#{"from":{"line":8,"ch":20,"sticky":"after"},"to":{"line":8,"ch":21,"sticky":"after","xRel":3.5},"text":[""],"removed":["8"],"origin":"+delete"}
2019-3-14 16:55:30.022#keyHandled#"Backspace"
2019-3-14 16:55:30.501#change#{"from":{"line":8,"ch":20,"sticky":null},"to":{"line":8,"ch":20,"sticky":null},"text":["4"],"removed":[""],"origin":"+input"}
2019-3-14 16:55:30.022#change#{"from":{"line":8,"ch":20,"sticky":"after"},"to":{"line":8,"ch":21,"sticky":"after","xRel":3.5},"text":[""],"removed":["8"],"origin":"+delete"}
2019-3-14 16:55:30.022#keyHandled#"Backspace"
2019-3-14 16:55:30.501#change#{"from":{"line":8,"ch":20,"sticky":null},"to":{"line":8,"ch":20,"sticky":null},"text":["4"],"removed":[""],"origin":"+input"}
2019-3-14 16:55:31.269#blur#
2019-3-14 16:55:34.350#mousedown#{}
2019-3-14 16:55:34.510#focus#
2019-3-14 16:55:35.302#change#{"from":{"line":8,"ch":20,"sticky":"after"},"to":{"line":8,"ch":21,"sticky":"before","xRel":-1.5},"text":[""],"removed":["4"],"origin":"+delete"}
2019-3-14 16:55:35.302#keyHandled#"Backspace"
2019-3-14 16:55:35.900#change#{"from":{"line":8,"ch":20,"sticky":null},"to":{"line":8,"ch":20,"sticky":null},"text":["5"],"removed":[""],"origin":"+input"}
2019-3-14 16:55:35.302#change#{"from":{"line":8,"ch":20,"sticky":"after"},"to":{"line":8,"ch":21,"sticky":"before","xRel":-1.5},"text":[""],"removed":["4"],"origin":"+delete"}
2019-3-14 16:55:35.302#keyHandled#"Backspace"
2019-3-14 16:55:35.900#change#{"from":{"line":8,"ch":20,"sticky":null},"to":{"line":8,"ch":20,"sticky":null},"text":["5"],"removed":[""],"origin":"+input"}
2019-3-14 16:55:36.717#blur#
2019-3-14 16:55:39.341#mousedown#{}
2019-3-14 16:55:39.509#focus#
2019-3-14 16:55:40.397#change#{"from":{"line":8,"ch":20,"sticky":"after"},"to":{"line":8,"ch":21,"sticky":"before","xRel":-0.5},"text":[""],"removed":["5"],"origin":"+delete"}
2019-3-14 16:55:40.397#keyHandled#"Backspace"
2019-3-14 16:55:41.216#change#{"from":{"line":8,"ch":20,"sticky":null},"to":{"line":8,"ch":20,"sticky":null},"text":["6"],"removed":[""],"origin":"+input"}
2019-3-14 16:55:41.216#change#{"from":{"line":8,"ch":20,"sticky":null},"to":{"line":8,"ch":20,"sticky":null},"text":["6"],"removed":[""],"origin":"+input"}
2019-3-14 16:55:41.924#blur#
2019-3-14 16:55:50.695#mousedown#{}
2019-3-14 16:55:50.850#focus#
2019-3-14 16:55:51.747#change#{"from":{"line":8,"ch":20,"sticky":"after"},"to":{"line":8,"ch":21,"sticky":"before","xRel":-0.5},"text":[""],"removed":["6"],"origin":"+delete"}
2019-3-14 16:55:51.747#keyHandled#"Backspace"
2019-3-14 16:55:52.521#keyHandled#"Left"
2019-3-14 16:55:54.317#change#{"from":{"line":8,"ch":18,"sticky":"after"},"to":{"line":8,"ch":19,"sticky":"after"},"text":[""],"removed":["2"],"origin":"+delete"}
2019-3-14 16:55:54.317#keyHandled#"Backspace"
2019-3-14 16:55:54.518#change#{"from":{"line":8,"ch":17,"sticky":"after"},"to":{"line":8,"ch":18,"sticky":null},"text":[""],"removed":["4"],"origin":"+delete"}
2019-3-14 16:55:54.518#keyHandled#"Backspace"
2019-3-14 16:55:59.811#change#{"from":{"line":8,"ch":17,"sticky":null},"to":{"line":8,"ch":17,"sticky":null},"text":["1"],"removed":[""],"origin":"+input"}
2019-3-14 16:56:00.338#change#{"from":{"line":8,"ch":18,"sticky":null},"to":{"line":8,"ch":18,"sticky":null},"text":["6"],"removed":[""],"origin":"+input"}
2019-3-14 16:56:01.753#keyHandled#"Right"
2019-3-14 16:56:03.765#change#{"from":{"line":8,"ch":20,"sticky":"before"},"to":{"line":8,"ch":20,"sticky":"before"},"text":["2"],"removed":[""],"origin":"+input"}
2019-3-14 16:56:03.765#change#{"from":{"line":8,"ch":20,"sticky":"before"},"to":{"line":8,"ch":20,"sticky":"before"},"text":["2"],"removed":[""],"origin":"+input"}
2019-3-14 16:56:07.581#blur#
2019-3-14 16:56:07.581#blur#
2019-3-14 16:56:13.337#submit#Your code did not produce the correct output. Please, correct your code and try again.
2019-3-14 16:56:16.158#mousedown#{}
2019-3-14 16:56:16.330#focus#
2019-3-14 16:56:17.421#mousedown#{}
2019-3-14 16:56:17.421#mousedown#{}
2019-3-14 16:56:20.134#blur#
2019-3-14 16:56:26.558#mousedown#{}
2019-3-14 16:56:26.742#focus#
2019-3-14 16:56:28.280#change#{"from":{"line":8,"ch":20,"sticky":"after"},"to":{"line":8,"ch":21,"sticky":"before","xRel":-0.5},"text":[""],"removed":["2"],"origin":"+delete"}
2019-3-14 16:56:28.280#keyHandled#"Backspace"
2019-3-14 16:56:29.707#change#{"from":{"line":8,"ch":20,"sticky":null},"to":{"line":8,"ch":20,"sticky":null},"text":["1"],"removed":[""],"origin":"+input"}
2019-3-14 16:56:30.691#keyHandled#"Left"
2019-3-14 16:56:31.196#keyHandled#"Left"
2019-3-14 16:56:31.775#change#{"from":{"line":8,"ch":18,"sticky":"after"},"to":{"line":8,"ch":19,"sticky":"after"},"text":[""],"removed":["6"],"origin":"+delete"}
2019-3-14 16:56:31.775#keyHandled#"Backspace"
2019-3-14 16:56:32.002#change#{"from":{"line":8,"ch":17,"sticky":"after"},"to":{"line":8,"ch":18,"sticky":null},"text":[""],"removed":["1"],"origin":"+delete"}
2019-3-14 16:56:32.002#keyHandled#"Backspace"
2019-3-14 16:56:32.834#change#{"from":{"line":8,"ch":17,"sticky":null},"to":{"line":8,"ch":17,"sticky":null},"text":["8"],"removed":[""],"origin":"+input"}
2019-3-14 16:56:32.002#change#{"from":{"line":8,"ch":17,"sticky":"after"},"to":{"line":8,"ch":18,"sticky":null},"text":[""],"removed":["1"],"origin":"+delete"}
2019-3-14 16:56:32.002#keyHandled#"Backspace"
2019-3-14 16:56:32.834#change#{"from":{"line":8,"ch":17,"sticky":null},"to":{"line":8,"ch":17,"sticky":null},"text":["8"],"removed":[""],"origin":"+input"}
2019-3-14 16:56:34.618#blur#
2019-3-14 16:56:34.618#blur#
2019-3-14 16:56:35.833#submit#Your code did not produce the correct output. Please, correct your code and try again.
2019-3-14 16:56:40.592#mousedown#{}
2019-3-14 16:56:40.752#focus#
2019-3-14 16:56:40.592#mousedown#{}
2019-3-14 16:56:40.752#focus#
2019-3-14 16:56:41.633#blur#
2019-3-14 16:57:07.578#mousedown#{}
2019-3-14 16:57:07.753#focus#
2019-3-14 16:57:08.744#change#{"from":{"line":8,"ch":19,"sticky":"after"},"to":{"line":8,"ch":20,"sticky":"before","xRel":-0.79998779296875},"text":[""],"removed":["1"],"origin":"+delete"}
2019-3-14 16:57:08.744#keyHandled#"Backspace"
2019-3-14 16:57:08.932#change#{"from":{"line":8,"ch":18,"sticky":"after"},"to":{"line":8,"ch":19,"sticky":null},"text":[""],"removed":["/"],"origin":"+delete"}
2019-3-14 16:57:08.932#keyHandled#"Backspace"
2019-3-14 16:57:09.495#change#{"from":{"line":8,"ch":17,"sticky":"after"},"to":{"line":8,"ch":18,"sticky":null},"text":[""],"removed":["8"],"origin":"+delete"}
2019-3-14 16:57:09.495#keyHandled#"Backspace"
2019-3-14 16:57:11.293#change#{"from":{"line":8,"ch":17,"sticky":null},"to":{"line":8,"ch":17,"sticky":null},"text":["1"],"removed":[""],"origin":"+input"}
2019-3-14 16:57:11.886#change#{"from":{"line":8,"ch":18,"sticky":null},"to":{"line":8,"ch":18,"sticky":null},"text":["/"],"removed":[""],"origin":"+input"}
2019-3-14 16:57:13.761#change#{"from":{"line":8,"ch":19,"sticky":null},"to":{"line":8,"ch":19,"sticky":null},"text":["8"],"removed":[""],"origin":"+input"}
2019-3-14 16:57:13.761#change#{"from":{"line":8,"ch":19,"sticky":null},"to":{"line":8,"ch":19,"sticky":null},"text":["8"],"removed":[""],"origin":"+input"}
2019-3-14 16:57:15.032#blur#
2019-3-14 16:57:17.368#mousedown#{}
2019-3-14 16:57:17.528#focus#
2019-3-14 16:57:18.612#change#{"from":{"line":8,"ch":19,"sticky":"after"},"to":{"line":8,"ch":20,"sticky":"before","xRel":-1.79998779296875},"text":[""],"removed":["8"],"origin":"+delete"}
2019-3-14 16:57:18.612#keyHandled#"Backspace"
2019-3-14 16:57:18.791#change#{"from":{"line":8,"ch":18,"sticky":"after"},"to":{"line":8,"ch":19,"sticky":null},"text":[""],"removed":["/"],"origin":"+delete"}
2019-3-14 16:57:18.791#keyHandled#"Backspace"
2019-3-14 16:57:24.171#change#{"from":{"line":8,"ch":17,"sticky":null},"to":{"line":8,"ch":17,"sticky":null},"text":["8"],"removed":[""],"origin":"+input"}
2019-3-14 16:57:24.416#change#{"from":{"line":8,"ch":18,"sticky":null},"to":{"line":8,"ch":18,"sticky":null},"text":["/"],"removed":[""],"origin":"+input"}
2019-3-14 16:57:25.717#change#{"from":{"line":8,"ch":19,"sticky":null},"to":{"line":8,"ch":19,"sticky":null},"text":["1"],"removed":[""],"origin":"+input"}
2019-3-14 16:57:25.717#change#{"from":{"line":8,"ch":19,"sticky":null},"to":{"line":8,"ch":19,"sticky":null},"text":["1"],"removed":[""],"origin":"+input"}
2019-3-14 16:57:27.560#blur#
2019-3-14 16:58:01.808#mousedown#{}
2019-3-14 16:58:01.945#focus#
2019-3-14 16:58:03.087#change#{"from":{"line":8,"ch":19,"sticky":"after"},"to":{"line":8,"ch":20,"sticky":"after","xRel":3.20001220703125},"text":[""],"removed":["1"],"origin":"+delete"}
2019-3-14 16:58:03.087#keyHandled#"Backspace"
2019-3-14 16:58:06.435#change#{"from":{"line":8,"ch":19,"sticky":null},"to":{"line":8,"ch":19,"sticky":null},"text":["0"],"removed":[""],"origin":"+input"}
2019-3-14 16:58:06.435#change#{"from":{"line":8,"ch":19,"sticky":null},"to":{"line":8,"ch":19,"sticky":null},"text":["0"],"removed":[""],"origin":"+input"}
2019-3-14 16:58:09.964#blur#
2019-3-14 16:58:13.206#mousedown#{}
2019-3-14 16:58:13.377#focus#
2019-3-14 16:58:14.190#change#{"from":{"line":8,"ch":19,"sticky":"after"},"to":{"line":8,"ch":20,"sticky":"after","xRel":0.20001220703125},"text":[""],"removed":["0"],"origin":"+delete"}
2019-3-14 16:58:14.190#keyHandled#"Backspace"
2019-3-14 16:58:14.384#change#{"from":{"line":8,"ch":18,"sticky":"after"},"to":{"line":8,"ch":19,"sticky":null},"text":[""],"removed":["/"],"origin":"+delete"}
2019-3-14 16:58:14.384#keyHandled#"Backspace"
2019-3-14 16:58:14.190#change#{"from":{"line":8,"ch":19,"sticky":"after"},"to":{"line":8,"ch":20,"sticky":"after","xRel":0.20001220703125},"text":[""],"removed":["0"],"origin":"+delete"}
2019-3-14 16:58:14.190#keyHandled#"Backspace"
2019-3-14 16:58:14.384#change#{"from":{"line":8,"ch":18,"sticky":"after"},"to":{"line":8,"ch":19,"sticky":null},"text":[""],"removed":["/"],"origin":"+delete"}
2019-3-14 16:58:14.384#keyHandled#"Backspace"
2019-3-14 16:58:18.111#blur#
