2019-3-28 12:23:16.159#viewportChange#0
2019-3-28 12:23:20.639#mousedown#{}
2019-3-28 12:23:20.686#focus#
2019-3-28 12:29:53.262#change#{"from":{"line":0,"ch":0,"sticky":"after","xRel":120.20001220703125},"to":{"line":0,"ch":0,"sticky":"after","xRel":120.20001220703125},"text":[" "],"removed":[""],"origin":"+input"}
2019-3-28 12:29:53.719#change#{"from":{"line":0,"ch":1,"sticky":null},"to":{"line":0,"ch":1,"sticky":null},"text":[" "],"removed":[""],"origin":"+input"}
2019-3-28 12:29:54.172#change#{"from":{"line":0,"ch":2,"sticky":null},"to":{"line":0,"ch":2,"sticky":null},"text":[" "],"removed":[""],"origin":"+input"}
2019-3-28 12:29:54.814#change#{"from":{"line":0,"ch":2,"sticky":"after"},"to":{"line":0,"ch":3,"sticky":null},"text":[""],"removed":[" "],"origin":"+delete"}
2019-3-28 12:29:54.815#keyHandled#"Backspace"
2019-3-28 12:29:54.976#change#{"from":{"line":0,"ch":1,"sticky":"after"},"to":{"line":0,"ch":2,"sticky":null},"text":[""],"removed":[" "],"origin":"+delete"}
2019-3-28 12:29:54.976#keyHandled#"Backspace"
2019-3-28 12:29:55.164#change#{"from":{"line":0,"ch":0,"sticky":"after"},"to":{"line":0,"ch":1,"sticky":null},"text":[""],"removed":[" "],"origin":"+delete"}
2019-3-28 12:29:55.166#keyHandled#"Backspace"
2019-3-28 12:29:55.311#keyHandled#"Backspace"
2019-3-28 12:32:09.004#change#{"from":{"line":0,"ch":4,"sticky":null},"to":{"line":0,"ch":4,"sticky":null},"text":["i"],"removed":[""],"origin":"+input"}
2019-3-28 12:32:09.184#change#{"from":{"line":0,"ch":5,"sticky":null},"to":{"line":0,"ch":5,"sticky":null},"text":["n"],"removed":[""],"origin":"+input"}
2019-3-28 12:32:09.319#change#{"from":{"line":0,"ch":6,"sticky":null},"to":{"line":0,"ch":6,"sticky":null},"text":["t"],"removed":[""],"origin":"+input"}
2019-3-28 12:32:10.752#change#{"from":{"line":0,"ch":7,"sticky":null},"to":{"line":0,"ch":7,"sticky":null},"text":["()"],"removed":[""],"origin":"+input"}
2019-3-28 12:32:10.752#keyHandled#"'('"
2019-3-28 12:32:11.650#change#{"from":{"line":0,"ch":8,"sticky":"after"},"to":{"line":0,"ch":8,"sticky":"after"},"text":["i"],"removed":[""],"origin":"+input"}
2019-3-28 12:32:11.806#change#{"from":{"line":0,"ch":9,"sticky":null},"to":{"line":0,"ch":9,"sticky":null},"text":["n"],"removed":[""],"origin":"+input"}
2019-3-28 12:32:12.404#change#{"from":{"line":0,"ch":10,"sticky":null},"to":{"line":0,"ch":10,"sticky":null},"text":["p"],"removed":[""],"origin":"+input"}
2019-3-28 12:32:12.669#change#{"from":{"line":0,"ch":11,"sticky":null},"to":{"line":0,"ch":11,"sticky":null},"text":["u"],"removed":[""],"origin":"+input"}
2019-3-28 12:32:12.816#change#{"from":{"line":0,"ch":12,"sticky":null},"to":{"line":0,"ch":12,"sticky":null},"text":["t"],"removed":[""],"origin":"+input"}
2019-3-28 12:32:14.044#change#{"from":{"line":0,"ch":13,"sticky":null},"to":{"line":0,"ch":13,"sticky":null},"text":["()"],"removed":[""],"origin":"+input"}
2019-3-28 12:32:14.044#keyHandled#"'('"
2019-3-28 12:32:15.269#keyHandled#"Down"
2019-3-28 12:32:15.733#keyHandled#"Down"
2019-3-28 12:32:16.111#change#{"from":{"line":0,"ch":16,"sticky":null,"xRel":1,"outside":true,"hitSide":true},"to":{"line":0,"ch":16,"sticky":null,"xRel":1,"outside":true,"hitSide":true},"text":["",""],"removed":[""],"origin":"+input"}
2019-3-28 12:32:16.111#keyHandled#"Enter"
2019-3-28 12:32:16.120#viewportChange#0
2019-3-28 12:32:17.442#change#{"from":{"line":1,"ch":0,"sticky":null},"to":{"line":1,"ch":0,"sticky":null},"text":["b"],"removed":[""],"origin":"+input"}
2019-3-28 12:32:18.483#change#{"from":{"line":1,"ch":1,"sticky":null},"to":{"line":1,"ch":1,"sticky":null},"text":[" "],"removed":[""],"origin":"+input"}
2019-3-28 12:32:18.661#change#{"from":{"line":1,"ch":2,"sticky":null},"to":{"line":1,"ch":2,"sticky":null},"text":["="],"removed":[""],"origin":"+input"}
2019-3-28 12:32:18.838#change#{"from":{"line":1,"ch":3,"sticky":null},"to":{"line":1,"ch":3,"sticky":null},"text":[" "],"removed":[""],"origin":"+input"}
2019-3-28 12:32:20.410#change#{"from":{"line":1,"ch":4,"sticky":null},"to":{"line":1,"ch":4,"sticky":null},"text":["i"],"removed":[""],"origin":"+input"}
2019-3-28 12:32:21.044#change#{"from":{"line":1,"ch":5,"sticky":null},"to":{"line":1,"ch":5,"sticky":null},"text":["n"],"removed":[""],"origin":"+input"}
2019-3-28 12:32:21.159#change#{"from":{"line":1,"ch":6,"sticky":null},"to":{"line":1,"ch":6,"sticky":null},"text":["t"],"removed":[""],"origin":"+input"}
2019-3-28 12:32:22.270#change#{"from":{"line":1,"ch":7,"sticky":null},"to":{"line":1,"ch":7,"sticky":null},"text":["()"],"removed":[""],"origin":"+input"}
2019-3-28 12:32:22.270#keyHandled#"'('"
2019-3-28 12:32:23.148#change#{"from":{"line":1,"ch":8,"sticky":"after"},"to":{"line":1,"ch":8,"sticky":"after"},"text":["i"],"removed":[""],"origin":"+input"}
2019-3-28 12:32:23.343#change#{"from":{"line":1,"ch":9,"sticky":null},"to":{"line":1,"ch":9,"sticky":null},"text":["n"],"removed":[""],"origin":"+input"}
2019-3-28 12:32:23.955#change#{"from":{"line":1,"ch":10,"sticky":null},"to":{"line":1,"ch":10,"sticky":null},"text":["p"],"removed":[""],"origin":"+input"}
2019-3-28 12:32:24.292#change#{"from":{"line":1,"ch":11,"sticky":null},"to":{"line":1,"ch":11,"sticky":null},"text":["u"],"removed":[""],"origin":"+input"}
2019-3-28 12:32:24.480#change#{"from":{"line":1,"ch":12,"sticky":null},"to":{"line":1,"ch":12,"sticky":null},"text":["t"],"removed":[""],"origin":"+input"}
2019-3-28 12:32:25.535#change#{"from":{"line":1,"ch":13,"sticky":null},"to":{"line":1,"ch":13,"sticky":null},"text":["()"],"removed":[""],"origin":"+input"}
2019-3-28 12:32:25.535#keyHandled#"'('"
2019-3-28 12:32:27.093#keyHandled#"Down"
2019-3-28 12:32:27.552#change#{"from":{"line":1,"ch":16,"sticky":null,"xRel":1,"outside":true,"hitSide":true},"to":{"line":1,"ch":16,"sticky":null,"xRel":1,"outside":true,"hitSide":true},"text":["",""],"removed":[""],"origin":"+input"}
2019-3-28 12:32:27.552#keyHandled#"Enter"
2019-3-28 12:32:27.559#viewportChange#0
2019-3-28 12:32:28.990#change#{"from":{"line":2,"ch":0,"sticky":null},"to":{"line":2,"ch":0,"sticky":null},"text":["c"],"removed":[""],"origin":"+input"}
2019-3-28 12:32:29.434#change#{"from":{"line":2,"ch":1,"sticky":null},"to":{"line":2,"ch":1,"sticky":null},"text":[" "],"removed":[""],"origin":"+input"}
2019-3-28 12:32:29.592#change#{"from":{"line":2,"ch":2,"sticky":null},"to":{"line":2,"ch":2,"sticky":null},"text":["="],"removed":[""],"origin":"+input"}
2019-3-28 12:32:29.726#change#{"from":{"line":2,"ch":3,"sticky":null},"to":{"line":2,"ch":3,"sticky":null},"text":[" "],"removed":[""],"origin":"+input"}
2019-3-28 12:32:30.479#change#{"from":{"line":2,"ch":4,"sticky":null},"to":{"line":2,"ch":4,"sticky":null},"text":["i"],"removed":[""],"origin":"+input"}
2019-3-28 12:32:30.628#change#{"from":{"line":2,"ch":5,"sticky":null},"to":{"line":2,"ch":5,"sticky":null},"text":["n"],"removed":[""],"origin":"+input"}
2019-3-28 12:32:30.789#change#{"from":{"line":2,"ch":6,"sticky":null},"to":{"line":2,"ch":6,"sticky":null},"text":["t"],"removed":[""],"origin":"+input"}
2019-3-28 12:32:31.559#change#{"from":{"line":2,"ch":7,"sticky":null},"to":{"line":2,"ch":7,"sticky":null},"text":["()"],"removed":[""],"origin":"+input"}
2019-3-28 12:32:31.559#keyHandled#"'('"
2019-3-28 12:32:32.292#change#{"from":{"line":2,"ch":8,"sticky":"after"},"to":{"line":2,"ch":8,"sticky":"after"},"text":["i"],"removed":[""],"origin":"+input"}
2019-3-28 12:32:32.725#change#{"from":{"line":2,"ch":9,"sticky":null},"to":{"line":2,"ch":9,"sticky":null},"text":["n"],"removed":[""],"origin":"+input"}
2019-3-28 12:32:33.334#change#{"from":{"line":2,"ch":10,"sticky":null},"to":{"line":2,"ch":10,"sticky":null},"text":["p"],"removed":[""],"origin":"+input"}
2019-3-28 12:32:33.649#change#{"from":{"line":2,"ch":11,"sticky":null},"to":{"line":2,"ch":11,"sticky":null},"text":["u"],"removed":[""],"origin":"+input"}
2019-3-28 12:32:33.795#change#{"from":{"line":2,"ch":12,"sticky":null},"to":{"line":2,"ch":12,"sticky":null},"text":["t"],"removed":[""],"origin":"+input"}
2019-3-28 12:32:34.548#change#{"from":{"line":2,"ch":13,"sticky":null},"to":{"line":2,"ch":13,"sticky":null},"text":["()"],"removed":[""],"origin":"+input"}
2019-3-28 12:32:34.548#keyHandled#"'('"
2019-3-28 12:32:35.483#keyHandled#"Down"
2019-3-28 12:32:36.189#change#{"from":{"line":2,"ch":16,"sticky":null,"xRel":1,"outside":true,"hitSide":true},"to":{"line":2,"ch":16,"sticky":null,"xRel":1,"outside":true,"hitSide":true},"text":["",""],"removed":[""],"origin":"+input"}
2019-3-28 12:32:36.189#keyHandled#"Enter"
2019-3-28 12:32:36.196#viewportChange#0
2019-3-28 12:32:37.447#change#{"from":{"line":3,"ch":0,"sticky":null},"to":{"line":3,"ch":0,"sticky":null},"text":["d"],"removed":[""],"origin":"+input"}
2019-3-28 12:32:38.329#change#{"from":{"line":3,"ch":1,"sticky":null},"to":{"line":3,"ch":1,"sticky":null},"text":[" "],"removed":[""],"origin":"+input"}
2019-3-28 12:32:38.565#change#{"from":{"line":3,"ch":2,"sticky":null},"to":{"line":3,"ch":2,"sticky":null},"text":["="],"removed":[""],"origin":"+input"}
2019-3-28 12:32:38.683#change#{"from":{"line":3,"ch":3,"sticky":null},"to":{"line":3,"ch":3,"sticky":null},"text":[" "],"removed":[""],"origin":"+input"}
2019-3-28 12:32:39.505#change#{"from":{"line":3,"ch":4,"sticky":null},"to":{"line":3,"ch":4,"sticky":null},"text":["i"],"removed":[""],"origin":"+input"}
2019-3-28 12:32:39.666#change#{"from":{"line":3,"ch":5,"sticky":null},"to":{"line":3,"ch":5,"sticky":null},"text":["n"],"removed":[""],"origin":"+input"}
2019-3-28 12:32:39.827#change#{"from":{"line":3,"ch":6,"sticky":null},"to":{"line":3,"ch":6,"sticky":null},"text":["t"],"removed":[""],"origin":"+input"}
2019-3-28 12:32:40.815#change#{"from":{"line":3,"ch":7,"sticky":null},"to":{"line":3,"ch":7,"sticky":null},"text":["()"],"removed":[""],"origin":"+input"}
2019-3-28 12:32:40.816#keyHandled#"'('"
2019-3-28 12:32:41.554#change#{"from":{"line":3,"ch":8,"sticky":"after"},"to":{"line":3,"ch":8,"sticky":"after"},"text":["i"],"removed":[""],"origin":"+input"}
2019-3-28 12:32:41.738#change#{"from":{"line":3,"ch":9,"sticky":null},"to":{"line":3,"ch":9,"sticky":null},"text":["n"],"removed":[""],"origin":"+input"}
2019-3-28 12:32:42.298#change#{"from":{"line":3,"ch":10,"sticky":null},"to":{"line":3,"ch":10,"sticky":null},"text":["p"],"removed":[""],"origin":"+input"}
2019-3-28 12:32:42.617#change#{"from":{"line":3,"ch":11,"sticky":null},"to":{"line":3,"ch":11,"sticky":null},"text":["u"],"removed":[""],"origin":"+input"}
2019-3-28 12:32:42.799#change#{"from":{"line":3,"ch":12,"sticky":null},"to":{"line":3,"ch":12,"sticky":null},"text":["t"],"removed":[""],"origin":"+input"}
2019-3-28 12:32:43.942#change#{"from":{"line":3,"ch":13,"sticky":null},"to":{"line":3,"ch":13,"sticky":null},"text":["()"],"removed":[""],"origin":"+input"}
2019-3-28 12:32:43.942#keyHandled#"'('"
2019-3-28 12:32:45.490#keyHandled#"Down"
2019-3-28 12:32:46.091#change#{"from":{"line":3,"ch":16,"sticky":null,"xRel":1,"outside":true,"hitSide":true},"to":{"line":3,"ch":16,"sticky":null,"xRel":1,"outside":true,"hitSide":true},"text":["",""],"removed":[""],"origin":"+input"}
2019-3-28 12:32:46.091#keyHandled#"Enter"
2019-3-28 12:32:46.099#viewportChange#0
2019-3-28 12:32:46.488#change#{"from":{"line":4,"ch":0,"sticky":null},"to":{"line":4,"ch":0,"sticky":null},"text":["",""],"removed":[""],"origin":"+input"}
2019-3-28 12:32:46.488#keyHandled#"Enter"
2019-3-28 12:32:46.495#viewportChange#0
2019-3-28 12:33:08.647#blur#
2019-3-28 12:34:51.861#mousedown#{}
2019-3-28 12:34:51.881#focus#
2019-3-28 12:35:15.044#blur#
2019-3-28 12:36:49.174#focus#
2019-3-28 12:37:01.009#change#{"from":{"line":5,"ch":0,"sticky":null},"to":{"line":5,"ch":0,"sticky":null},"text":["v"],"removed":[""],"origin":"+input"}
2019-3-28 12:37:01.225#change#{"from":{"line":5,"ch":1,"sticky":null},"to":{"line":5,"ch":1,"sticky":null},"text":["a"],"removed":[""],"origin":"+input"}
2019-3-28 12:37:01.464#change#{"from":{"line":5,"ch":2,"sticky":null},"to":{"line":5,"ch":2,"sticky":null},"text":["r"],"removed":[""],"origin":"+input"}
2019-3-28 12:37:02.268#change#{"from":{"line":5,"ch":3,"sticky":null},"to":{"line":5,"ch":3,"sticky":null},"text":[" "],"removed":[""],"origin":"+input"}
2019-3-28 12:37:02.448#change#{"from":{"line":5,"ch":4,"sticky":null},"to":{"line":5,"ch":4,"sticky":null},"text":["="],"removed":[""],"origin":"+input"}
2019-3-28 12:37:02.552#change#{"from":{"line":5,"ch":5,"sticky":null},"to":{"line":5,"ch":5,"sticky":null},"text":[" "],"removed":[""],"origin":"+input"}
2019-3-28 12:37:05.270#change#{"from":{"line":5,"ch":6,"sticky":null},"to":{"line":5,"ch":6,"sticky":null},"text":["a"],"removed":[""],"origin":"+input"}
2019-3-28 12:37:06.611#change#{"from":{"line":5,"ch":7,"sticky":null},"to":{"line":5,"ch":7,"sticky":null},"text":["*"],"removed":[""],"origin":"+input"}
2019-3-28 12:37:07.602#change#{"from":{"line":5,"ch":8,"sticky":null},"to":{"line":5,"ch":8,"sticky":null},"text":["z"],"removed":[""],"origin":"+input"}
2019-3-28 12:37:08.890#change#{"from":{"line":5,"ch":8,"sticky":"after"},"to":{"line":5,"ch":9,"sticky":null},"text":[""],"removed":["z"],"origin":"+delete"}
2019-3-28 12:37:08.890#keyHandled#"Backspace"
2019-3-28 12:37:09.503#change#{"from":{"line":5,"ch":8,"sticky":null},"to":{"line":5,"ch":8,"sticky":null},"text":["1"],"removed":[""],"origin":"+input"}
2019-3-28 12:37:10.686#change#{"from":{"line":5,"ch":9,"sticky":null},"to":{"line":5,"ch":9,"sticky":null},"text":[" "],"removed":[""],"origin":"+input"}
2019-3-28 12:37:10.917#change#{"from":{"line":5,"ch":10,"sticky":null},"to":{"line":5,"ch":10,"sticky":null},"text":["="],"removed":[""],"origin":"+input"}
2019-3-28 12:37:11.084#change#{"from":{"line":5,"ch":11,"sticky":null},"to":{"line":5,"ch":11,"sticky":null},"text":[" "],"removed":[""],"origin":"+input"}
2019-3-28 12:37:11.894#change#{"from":{"line":5,"ch":11,"sticky":"after"},"to":{"line":5,"ch":12,"sticky":null},"text":[""],"removed":[" "],"origin":"+delete"}
2019-3-28 12:37:11.894#keyHandled#"Backspace"
2019-3-28 12:37:12.040#change#{"from":{"line":5,"ch":10,"sticky":"after"},"to":{"line":5,"ch":11,"sticky":null},"text":[""],"removed":["="],"origin":"+delete"}
2019-3-28 12:37:12.040#keyHandled#"Backspace"
2019-3-28 12:37:12.211#change#{"from":{"line":5,"ch":9,"sticky":"after"},"to":{"line":5,"ch":10,"sticky":null},"text":[""],"removed":[" "],"origin":"+delete"}
2019-3-28 12:37:12.211#keyHandled#"Backspace"
2019-3-28 12:37:12.385#change#{"from":{"line":5,"ch":8,"sticky":"after"},"to":{"line":5,"ch":9,"sticky":null},"text":[""],"removed":["1"],"origin":"+delete"}
2019-3-28 12:37:12.385#keyHandled#"Backspace"
2019-3-28 12:37:12.537#change#{"from":{"line":5,"ch":7,"sticky":"after"},"to":{"line":5,"ch":8,"sticky":null},"text":[""],"removed":["*"],"origin":"+delete"}
2019-3-28 12:37:12.537#keyHandled#"Backspace"
2019-3-28 12:37:12.933#change#{"from":{"line":5,"ch":6,"sticky":"after"},"to":{"line":5,"ch":7,"sticky":null},"text":[""],"removed":["a"],"origin":"+delete"}
2019-3-28 12:37:12.933#keyHandled#"Backspace"
2019-3-28 12:37:13.933#change#{"from":{"line":5,"ch":6,"sticky":null},"to":{"line":5,"ch":6,"sticky":null},"text":["()"],"removed":[""],"origin":"+input"}
2019-3-28 12:37:13.933#keyHandled#"'('"
2019-3-28 12:37:14.861#change#{"from":{"line":5,"ch":7,"sticky":"after"},"to":{"line":5,"ch":7,"sticky":"after"},"text":["a"],"removed":[""],"origin":"+input"}
2019-3-28 12:37:15.167#change#{"from":{"line":5,"ch":8,"sticky":null},"to":{"line":5,"ch":8,"sticky":null},"text":["*"],"removed":[""],"origin":"+input"}
2019-3-28 12:37:16.460#change#{"from":{"line":5,"ch":8,"sticky":"after"},"to":{"line":5,"ch":9,"sticky":null},"text":[""],"removed":["*"],"origin":"+delete"}
2019-3-28 12:37:16.460#keyHandled#"Backspace"
2019-3-28 12:37:18.596#change#{"from":{"line":5,"ch":9,"sticky":null},"to":{"line":5,"ch":9,"sticky":null},"text":["1"],"removed":[""],"origin":"+input"}
2019-3-28 12:37:20.077#change#{"from":{"line":5,"ch":10,"sticky":null},"to":{"line":5,"ch":10,"sticky":null},"text":[" "],"removed":[""],"origin":"+input"}
2019-3-28 12:37:20.211#change#{"from":{"line":5,"ch":11,"sticky":null},"to":{"line":5,"ch":11,"sticky":null},"text":["+"],"removed":[""],"origin":"+input"}
2019-3-28 12:37:20.334#change#{"from":{"line":5,"ch":12,"sticky":null},"to":{"line":5,"ch":12,"sticky":null},"text":[" "],"removed":[""],"origin":"+input"}
2019-3-28 12:37:22.724#change#{"from":{"line":5,"ch":13,"sticky":null},"to":{"line":5,"ch":13,"sticky":null},"text":["b"],"removed":[""],"origin":"+input"}
2019-3-28 12:37:23.319#change#{"from":{"line":5,"ch":14,"sticky":null},"to":{"line":5,"ch":14,"sticky":null},"text":["*"],"removed":[""],"origin":"+input"}
2019-3-28 12:37:24.280#change#{"from":{"line":5,"ch":15,"sticky":null},"to":{"line":5,"ch":15,"sticky":null},"text":["2"],"removed":[""],"origin":"+input"}
2019-3-28 12:37:26.286#change#{"from":{"line":5,"ch":16,"sticky":null},"to":{"line":5,"ch":16,"sticky":null},"text":[" "],"removed":[""],"origin":"+input"}
2019-3-28 12:37:26.437#change#{"from":{"line":5,"ch":17,"sticky":null},"to":{"line":5,"ch":17,"sticky":null},"text":["+"],"removed":[""],"origin":"+input"}
2019-3-28 12:37:26.845#change#{"from":{"line":5,"ch":18,"sticky":null},"to":{"line":5,"ch":18,"sticky":null},"text":[" "],"removed":[""],"origin":"+input"}
2019-3-28 12:37:27.836#change#{"from":{"line":5,"ch":19,"sticky":null},"to":{"line":5,"ch":19,"sticky":null},"text":["c"],"removed":[""],"origin":"+input"}
2019-3-28 12:37:28.211#change#{"from":{"line":5,"ch":20,"sticky":null},"to":{"line":5,"ch":20,"sticky":null},"text":["*"],"removed":[""],"origin":"+input"}
2019-3-28 12:37:28.765#change#{"from":{"line":5,"ch":21,"sticky":null},"to":{"line":5,"ch":21,"sticky":null},"text":["3"],"removed":[""],"origin":"+input"}
2019-3-28 12:37:30.035#change#{"from":{"line":5,"ch":22,"sticky":null},"to":{"line":5,"ch":22,"sticky":null},"text":[" "],"removed":[""],"origin":"+input"}
2019-3-28 12:37:30.194#change#{"from":{"line":5,"ch":23,"sticky":null},"to":{"line":5,"ch":23,"sticky":null},"text":["+"],"removed":[""],"origin":"+input"}
2019-3-28 12:37:30.398#change#{"from":{"line":5,"ch":24,"sticky":null},"to":{"line":5,"ch":24,"sticky":null},"text":[" "],"removed":[""],"origin":"+input"}
2019-3-28 12:37:31.916#change#{"from":{"line":5,"ch":25,"sticky":null},"to":{"line":5,"ch":25,"sticky":null},"text":["d"],"removed":[""],"origin":"+input"}
2019-3-28 12:37:32.610#change#{"from":{"line":5,"ch":26,"sticky":null},"to":{"line":5,"ch":26,"sticky":null},"text":["*"],"removed":[""],"origin":"+input"}
2019-3-28 12:37:35.687#change#{"from":{"line":5,"ch":27,"sticky":null},"to":{"line":5,"ch":27,"sticky":null},"text":["4"],"removed":[""],"origin":"+input"}
2019-3-28 12:37:36.619#keyHandled#"Right"
2019-3-28 12:37:38.939#change#{"from":{"line":5,"ch":29,"sticky":"before"},"to":{"line":5,"ch":29,"sticky":"before"},"text":["/"],"removed":[""],"origin":"+input"}
2019-3-28 12:37:39.760#change#{"from":{"line":5,"ch":30,"sticky":null},"to":{"line":5,"ch":30,"sticky":null},"text":["()"],"removed":[""],"origin":"+input"}
2019-3-28 12:37:39.760#keyHandled#"'('"
2019-3-28 12:37:41.480#change#{"from":{"line":5,"ch":31,"sticky":"after"},"to":{"line":5,"ch":31,"sticky":"after"},"text":["1"],"removed":[""],"origin":"+input"}
2019-3-28 12:37:41.971#change#{"from":{"line":5,"ch":32,"sticky":null},"to":{"line":5,"ch":32,"sticky":null},"text":["+"],"removed":[""],"origin":"+input"}
2019-3-28 12:37:43.735#change#{"from":{"line":5,"ch":33,"sticky":null},"to":{"line":5,"ch":33,"sticky":null},"text":["2"],"removed":[""],"origin":"+input"}
2019-3-28 12:37:44.000#change#{"from":{"line":5,"ch":34,"sticky":null},"to":{"line":5,"ch":34,"sticky":null},"text":["+"],"removed":[""],"origin":"+input"}
2019-3-28 12:37:44.262#change#{"from":{"line":5,"ch":35,"sticky":null},"to":{"line":5,"ch":35,"sticky":null},"text":["3"],"removed":[""],"origin":"+input"}
2019-3-28 12:37:44.490#change#{"from":{"line":5,"ch":36,"sticky":null},"to":{"line":5,"ch":36,"sticky":null},"text":["+"],"removed":[""],"origin":"+input"}
2019-3-28 12:37:44.762#change#{"from":{"line":5,"ch":37,"sticky":null},"to":{"line":5,"ch":37,"sticky":null},"text":["4"],"removed":[""],"origin":"+input"}
2019-3-28 12:37:46.009#keyHandled#"Right"
2019-3-28 12:37:46.944#change#{"from":{"line":5,"ch":39,"sticky":"before"},"to":{"line":5,"ch":39,"sticky":"before"},"text":["",""],"removed":[""],"origin":"+input"}
2019-3-28 12:37:46.944#keyHandled#"Enter"
2019-3-28 12:37:46.955#viewportChange#0
2019-3-28 12:37:48.877#change#{"from":{"line":6,"ch":0,"sticky":null},"to":{"line":6,"ch":0,"sticky":null},"text":["p"],"removed":[""],"origin":"+input"}
2019-3-28 12:37:49.018#change#{"from":{"line":6,"ch":1,"sticky":null},"to":{"line":6,"ch":1,"sticky":null},"text":["r"],"removed":[""],"origin":"+input"}
2019-3-28 12:37:49.132#change#{"from":{"line":6,"ch":2,"sticky":null},"to":{"line":6,"ch":2,"sticky":null},"text":["i"],"removed":[""],"origin":"+input"}
2019-3-28 12:37:49.313#change#{"from":{"line":6,"ch":3,"sticky":null},"to":{"line":6,"ch":3,"sticky":null},"text":["n"],"removed":[""],"origin":"+input"}
2019-3-28 12:37:49.434#change#{"from":{"line":6,"ch":4,"sticky":null},"to":{"line":6,"ch":4,"sticky":null},"text":["t"],"removed":[""],"origin":"+input"}
2019-3-28 12:37:50.832#change#{"from":{"line":6,"ch":4,"sticky":"after"},"to":{"line":6,"ch":5,"sticky":null},"text":[""],"removed":["t"],"origin":"+delete"}
2019-3-28 12:37:50.832#keyHandled#"Backspace"
2019-3-28 12:37:51.001#change#{"from":{"line":6,"ch":3,"sticky":"after"},"to":{"line":6,"ch":4,"sticky":null},"text":[""],"removed":["n"],"origin":"+delete"}
2019-3-28 12:37:51.001#keyHandled#"Backspace"
2019-3-28 12:37:51.158#change#{"from":{"line":6,"ch":2,"sticky":"after"},"to":{"line":6,"ch":3,"sticky":null},"text":[""],"removed":["i"],"origin":"+delete"}
2019-3-28 12:37:51.158#keyHandled#"Backspace"
2019-3-28 12:37:51.302#change#{"from":{"line":6,"ch":1,"sticky":"after"},"to":{"line":6,"ch":2,"sticky":null},"text":[""],"removed":["r"],"origin":"+delete"}
2019-3-28 12:37:51.302#keyHandled#"Backspace"
2019-3-28 12:37:52.279#change#{"from":{"line":6,"ch":0,"sticky":"after"},"to":{"line":6,"ch":1,"sticky":null},"text":[""],"removed":["p"],"origin":"+delete"}
2019-3-28 12:37:52.279#keyHandled#"Backspace"
2019-3-28 12:37:52.787#change#{"from":{"line":6,"ch":0,"sticky":null},"to":{"line":6,"ch":0,"sticky":null},"text":["",""],"removed":[""],"origin":"+input"}
2019-3-28 12:37:52.787#keyHandled#"Enter"
2019-3-28 12:37:52.793#viewportChange#0
2019-3-28 12:37:53.521#change#{"from":{"line":7,"ch":0,"sticky":null},"to":{"line":7,"ch":0,"sticky":null},"text":["p"],"removed":[""],"origin":"+input"}
2019-3-28 12:37:53.650#change#{"from":{"line":7,"ch":1,"sticky":null},"to":{"line":7,"ch":1,"sticky":null},"text":["r"],"removed":[""],"origin":"+input"}
2019-3-28 12:37:53.797#change#{"from":{"line":7,"ch":2,"sticky":null},"to":{"line":7,"ch":2,"sticky":null},"text":["i"],"removed":[""],"origin":"+input"}
2019-3-28 12:37:53.945#change#{"from":{"line":7,"ch":3,"sticky":null},"to":{"line":7,"ch":3,"sticky":null},"text":["n"],"removed":[""],"origin":"+input"}
2019-3-28 12:37:54.078#change#{"from":{"line":7,"ch":4,"sticky":null},"to":{"line":7,"ch":4,"sticky":null},"text":["t"],"removed":[""],"origin":"+input"}
2019-3-28 12:37:55.196#change#{"from":{"line":7,"ch":5,"sticky":null},"to":{"line":7,"ch":5,"sticky":null},"text":["()"],"removed":[""],"origin":"+input"}
2019-3-28 12:37:55.198#keyHandled#"'('"
2019-3-28 12:37:55.937#change#{"from":{"line":7,"ch":6,"sticky":"after"},"to":{"line":7,"ch":6,"sticky":"after"},"text":["r"],"removed":[""],"origin":"+input"}
2019-3-28 12:37:56.116#change#{"from":{"line":7,"ch":7,"sticky":null},"to":{"line":7,"ch":7,"sticky":null},"text":["o"],"removed":[""],"origin":"+input"}
2019-3-28 12:37:56.359#change#{"from":{"line":7,"ch":8,"sticky":null},"to":{"line":7,"ch":8,"sticky":null},"text":["u"],"removed":[""],"origin":"+input"}
2019-3-28 12:37:56.537#change#{"from":{"line":7,"ch":9,"sticky":null},"to":{"line":7,"ch":9,"sticky":null},"text":["n"],"removed":[""],"origin":"+input"}
2019-3-28 12:37:56.706#change#{"from":{"line":7,"ch":10,"sticky":null},"to":{"line":7,"ch":10,"sticky":null},"text":["d"],"removed":[""],"origin":"+input"}
2019-3-28 12:38:01.152#change#{"from":{"line":7,"ch":11,"sticky":null},"to":{"line":7,"ch":11,"sticky":null},"text":["()"],"removed":[""],"origin":"+input"}
2019-3-28 12:38:01.152#keyHandled#"'('"
2019-3-28 12:38:02.174#change#{"from":{"line":7,"ch":12,"sticky":"after"},"to":{"line":7,"ch":12,"sticky":"after"},"text":["v"],"removed":[""],"origin":"+input"}
2019-3-28 12:38:02.366#change#{"from":{"line":7,"ch":13,"sticky":null},"to":{"line":7,"ch":13,"sticky":null},"text":["a"],"removed":[""],"origin":"+input"}
2019-3-28 12:38:02.832#change#{"from":{"line":7,"ch":14,"sticky":null},"to":{"line":7,"ch":14,"sticky":null},"text":["r"],"removed":[""],"origin":"+input"}
2019-3-28 12:38:03.821#change#{"from":{"line":7,"ch":15,"sticky":null},"to":{"line":7,"ch":15,"sticky":null},"text":[","],"removed":[""],"origin":"+input"}
2019-3-28 12:38:04.499#change#{"from":{"line":7,"ch":16,"sticky":null},"to":{"line":7,"ch":16,"sticky":null},"text":[" "],"removed":[""],"origin":"+input"}
2019-3-28 12:38:04.746#change#{"from":{"line":7,"ch":17,"sticky":null},"to":{"line":7,"ch":17,"sticky":null},"text":["2"],"removed":[""],"origin":"+input"}
2019-3-28 12:38:04.499#change#{"from":{"line":7,"ch":16,"sticky":null},"to":{"line":7,"ch":16,"sticky":null},"text":[" "],"removed":[""],"origin":"+input"}
2019-3-28 12:38:04.746#change#{"from":{"line":7,"ch":17,"sticky":null},"to":{"line":7,"ch":17,"sticky":null},"text":["2"],"removed":[""],"origin":"+input"}
2019-3-28 12:38:07.744#blur#
2019-3-28 12:38:08.543#saida_testar#$ python3 main.py
2019-3-28 12:38:08.543#saida_testar#$ python3 main.py
2019-3-28 12:38:43.400#submit#Your code did not produce the correct output. Please, correct your code and try again.
2019-3-28 12:39:09.697#mousedown#{}
2019-3-28 12:39:09.908#focus#
2019-3-28 12:39:09.697#mousedown#{}
2019-3-28 12:39:09.908#focus#
2019-3-28 12:39:13.408#blur#
2019-3-28 12:39:14.199#saida_testar#$ python3 main.py
2019-3-28 12:39:14.199#saida_testar#$ python3 main.py
2019-3-28 12:39:24.092#submit#Your code did not produce the correct output. Please, correct your code and try again.
2019-3-28 12:39:34.323#mousedown#{}
2019-3-28 12:39:34.505#focus#
2019-3-28 12:39:35.755#change#{"from":{"line":0,"ch":6,"sticky":"after","xRel":3},"to":{"line":0,"ch":7,"sticky":"before"},"text":[""],"removed":["t"],"origin":"+delete"}
2019-3-28 12:39:35.755#keyHandled#"Delete"
2019-3-28 12:39:36.002#change#{"from":{"line":0,"ch":5,"sticky":"after"},"to":{"line":0,"ch":6,"sticky":null},"text":[""],"removed":["n"],"origin":"+delete"}
2019-3-28 12:39:36.002#keyHandled#"Backspace"
2019-3-28 12:39:36.300#change#{"from":{"line":0,"ch":4,"sticky":"after"},"to":{"line":0,"ch":5,"sticky":null},"text":[""],"removed":["i"],"origin":"+delete"}
2019-3-28 12:39:36.300#keyHandled#"Backspace"
2019-3-28 12:39:37.213#change#{"from":{"line":0,"ch":4,"sticky":null},"to":{"line":0,"ch":4,"sticky":null},"text":["l"],"removed":[""],"origin":"+input"}
2019-3-28 12:39:37.832#change#{"from":{"line":0,"ch":4,"sticky":"after"},"to":{"line":0,"ch":5,"sticky":null},"text":[""],"removed":["l"],"origin":"+delete"}
2019-3-28 12:39:37.832#keyHandled#"Backspace"
2019-3-28 12:39:37.993#change#{"from":{"line":0,"ch":4,"sticky":null},"to":{"line":0,"ch":4,"sticky":null},"text":["f"],"removed":[""],"origin":"+input"}
2019-3-28 12:39:38.306#change#{"from":{"line":0,"ch":5,"sticky":null},"to":{"line":0,"ch":5,"sticky":null},"text":["l"],"removed":[""],"origin":"+input"}
2019-3-28 12:39:38.499#change#{"from":{"line":0,"ch":6,"sticky":null},"to":{"line":0,"ch":6,"sticky":null},"text":["o"],"removed":[""],"origin":"+input"}
2019-3-28 12:39:38.619#change#{"from":{"line":0,"ch":7,"sticky":null},"to":{"line":0,"ch":7,"sticky":null},"text":["a"],"removed":[""],"origin":"+input"}
2019-3-28 12:39:39.296#change#{"from":{"line":0,"ch":8,"sticky":null},"to":{"line":0,"ch":8,"sticky":null},"text":["t"],"removed":[""],"origin":"+input"}
2019-3-28 12:39:39.600#keyHandled#"Down"
2019-3-28 12:39:40.332#keyHandled#"Left"
2019-3-28 12:39:40.851#keyHandled#"Left"
2019-3-28 12:39:41.478#change#{"from":{"line":1,"ch":6,"sticky":"after"},"to":{"line":1,"ch":7,"sticky":"after"},"text":[""],"removed":["t"],"origin":"+delete"}
2019-3-28 12:39:41.478#keyHandled#"Backspace"
2019-3-28 12:39:41.670#change#{"from":{"line":1,"ch":5,"sticky":"after"},"to":{"line":1,"ch":6,"sticky":null},"text":[""],"removed":["n"],"origin":"+delete"}
2019-3-28 12:39:41.670#keyHandled#"Backspace"
2019-3-28 12:39:41.839#change#{"from":{"line":1,"ch":4,"sticky":"after"},"to":{"line":1,"ch":5,"sticky":null},"text":[""],"removed":["i"],"origin":"+delete"}
2019-3-28 12:39:41.841#keyHandled#"Backspace"
2019-3-28 12:39:42.573#change#{"from":{"line":1,"ch":4,"sticky":null},"to":{"line":1,"ch":4,"sticky":null},"text":["f"],"removed":[""],"origin":"+input"}
2019-3-28 12:39:42.788#change#{"from":{"line":1,"ch":5,"sticky":null},"to":{"line":1,"ch":5,"sticky":null},"text":["l"],"removed":[""],"origin":"+input"}
2019-3-28 12:39:42.956#change#{"from":{"line":1,"ch":6,"sticky":null},"to":{"line":1,"ch":6,"sticky":null},"text":["o"],"removed":[""],"origin":"+input"}
2019-3-28 12:39:43.072#change#{"from":{"line":1,"ch":7,"sticky":null},"to":{"line":1,"ch":7,"sticky":null},"text":["a"],"removed":[""],"origin":"+input"}
2019-3-28 12:39:43.312#change#{"from":{"line":1,"ch":8,"sticky":null},"to":{"line":1,"ch":8,"sticky":null},"text":["t"],"removed":[""],"origin":"+input"}
2019-3-28 12:39:44.162#keyHandled#"Down"
2019-3-28 12:39:44.612#keyHandled#"Left"
2019-3-28 12:39:44.819#keyHandled#"Left"
2019-3-28 12:39:45.480#change#{"from":{"line":2,"ch":6,"sticky":"after"},"to":{"line":2,"ch":7,"sticky":"after"},"text":[""],"removed":["t"],"origin":"+delete"}
2019-3-28 12:39:45.480#keyHandled#"Backspace"
2019-3-28 12:39:45.699#change#{"from":{"line":2,"ch":5,"sticky":"after"},"to":{"line":2,"ch":6,"sticky":null},"text":[""],"removed":["n"],"origin":"+delete"}
2019-3-28 12:39:45.699#keyHandled#"Backspace"
2019-3-28 12:39:46.148#change#{"from":{"line":2,"ch":4,"sticky":"after"},"to":{"line":2,"ch":5,"sticky":null},"text":[""],"removed":["i"],"origin":"+delete"}
2019-3-28 12:39:46.148#keyHandled#"Backspace"
2019-3-28 12:39:46.552#change#{"from":{"line":2,"ch":4,"sticky":null},"to":{"line":2,"ch":4,"sticky":null},"text":["f"],"removed":[""],"origin":"+input"}
2019-3-28 12:39:46.773#change#{"from":{"line":2,"ch":5,"sticky":null},"to":{"line":2,"ch":5,"sticky":null},"text":["l"],"removed":[""],"origin":"+input"}
2019-3-28 12:39:46.959#change#{"from":{"line":2,"ch":6,"sticky":null},"to":{"line":2,"ch":6,"sticky":null},"text":["o"],"removed":[""],"origin":"+input"}
2019-3-28 12:39:47.110#change#{"from":{"line":2,"ch":7,"sticky":null},"to":{"line":2,"ch":7,"sticky":null},"text":["a"],"removed":[""],"origin":"+input"}
2019-3-28 12:39:47.338#change#{"from":{"line":2,"ch":8,"sticky":null},"to":{"line":2,"ch":8,"sticky":null},"text":["t"],"removed":[""],"origin":"+input"}
2019-3-28 12:39:48.054#keyHandled#"Down"
2019-3-28 12:39:48.520#keyHandled#"Left"
2019-3-28 12:39:48.844#keyHandled#"Left"
2019-3-28 12:39:49.344#change#{"from":{"line":3,"ch":6,"sticky":"after"},"to":{"line":3,"ch":7,"sticky":"after"},"text":[""],"removed":["t"],"origin":"+delete"}
2019-3-28 12:39:49.344#keyHandled#"Backspace"
2019-3-28 12:39:49.527#change#{"from":{"line":3,"ch":5,"sticky":"after"},"to":{"line":3,"ch":6,"sticky":null},"text":[""],"removed":["n"],"origin":"+delete"}
2019-3-28 12:39:49.527#keyHandled#"Backspace"
2019-3-28 12:39:49.918#change#{"from":{"line":3,"ch":4,"sticky":"after"},"to":{"line":3,"ch":5,"sticky":null},"text":[""],"removed":["i"],"origin":"+delete"}
2019-3-28 12:39:49.918#keyHandled#"Backspace"
2019-3-28 12:39:50.285#change#{"from":{"line":3,"ch":4,"sticky":null},"to":{"line":3,"ch":4,"sticky":null},"text":["f"],"removed":[""],"origin":"+input"}
2019-3-28 12:39:50.478#change#{"from":{"line":3,"ch":5,"sticky":null},"to":{"line":3,"ch":5,"sticky":null},"text":["l"],"removed":[""],"origin":"+input"}
2019-3-28 12:39:50.666#change#{"from":{"line":3,"ch":6,"sticky":null},"to":{"line":3,"ch":6,"sticky":null},"text":["o"],"removed":[""],"origin":"+input"}
2019-3-28 12:39:50.809#change#{"from":{"line":3,"ch":7,"sticky":null},"to":{"line":3,"ch":7,"sticky":null},"text":["a"],"removed":[""],"origin":"+input"}
2019-3-28 12:39:50.975#change#{"from":{"line":3,"ch":8,"sticky":null},"to":{"line":3,"ch":8,"sticky":null},"text":["t"],"removed":[""],"origin":"+input"}
2019-3-28 12:39:50.285#change#{"from":{"line":3,"ch":4,"sticky":null},"to":{"line":3,"ch":4,"sticky":null},"text":["f"],"removed":[""],"origin":"+input"}
2019-3-28 12:39:50.478#change#{"from":{"line":3,"ch":5,"sticky":null},"to":{"line":3,"ch":5,"sticky":null},"text":["l"],"removed":[""],"origin":"+input"}
2019-3-28 12:39:50.666#change#{"from":{"line":3,"ch":6,"sticky":null},"to":{"line":3,"ch":6,"sticky":null},"text":["o"],"removed":[""],"origin":"+input"}
2019-3-28 12:39:50.809#change#{"from":{"line":3,"ch":7,"sticky":null},"to":{"line":3,"ch":7,"sticky":null},"text":["a"],"removed":[""],"origin":"+input"}
2019-3-28 12:39:50.975#change#{"from":{"line":3,"ch":8,"sticky":null},"to":{"line":3,"ch":8,"sticky":null},"text":["t"],"removed":[""],"origin":"+input"}
2019-3-28 12:39:53.210#blur#
2019-3-28 12:39:54.372#saida_testar#$ python3 main.py
