2019-5-9 18:20:23.319#viewportChange#0
2019-5-9 18:20:24.621#mousedown#{"isTrusted":true}
2019-5-9 18:20:24.627#focus#
2019-5-9 18:20:30.405#change#{"from":{"line":0,"ch":0,"sticky":"after","xRel":177.4000244140625},"to":{"line":0,"ch":0,"sticky":"after","xRel":177.4000244140625},"text":["a"],"removed":[""],"origin":"+input"}
2019-5-9 18:20:30.437#change#{"from":{"line":0,"ch":1,"sticky":null},"to":{"line":0,"ch":1,"sticky":null},"text":[" "],"removed":[""],"origin":"+input"}
2019-5-9 18:20:30.933#change#{"from":{"line":0,"ch":1,"sticky":"after"},"to":{"line":0,"ch":2,"sticky":null},"text":[""],"removed":[" "],"origin":"+delete"}
2019-5-9 18:20:30.933#keyHandled#"Backspace"
2019-5-9 18:20:31.113#change#{"from":{"line":0,"ch":0,"sticky":"after"},"to":{"line":0,"ch":1,"sticky":null},"text":[""],"removed":["a"],"origin":"+delete"}
2019-5-9 18:20:31.113#keyHandled#"Backspace"
2019-5-9 18:20:31.291#keyHandled#"Backspace"
2019-5-9 18:20:31.578#change#{"from":{"line":0,"ch":0,"sticky":null,"hitSide":true},"to":{"line":0,"ch":0,"sticky":null},"text":["a"],"removed":[""],"origin":"+input"}
2019-5-9 18:20:31.728#change#{"from":{"line":0,"ch":1,"sticky":null},"to":{"line":0,"ch":1,"sticky":null},"text":["h"],"removed":[""],"origin":"+input"}
2019-5-9 18:20:32.257#change#{"from":{"line":0,"ch":1,"sticky":"after"},"to":{"line":0,"ch":2,"sticky":null},"text":[""],"removed":["h"],"origin":"+delete"}
2019-5-9 18:20:32.257#keyHandled#"Backspace"
2019-5-9 18:20:32.770#change#{"from":{"line":0,"ch":1,"sticky":null},"to":{"line":0,"ch":1,"sticky":null},"text":["b"],"removed":[""],"origin":"+input"}
2019-5-9 18:20:32.943#change#{"from":{"line":0,"ch":2,"sticky":null},"to":{"line":0,"ch":2,"sticky":null},"text":[" "],"removed":[""],"origin":"+input"}
2019-5-9 18:20:33.510#change#{"from":{"line":0,"ch":3,"sticky":null},"to":{"line":0,"ch":3,"sticky":null},"text":["-"],"removed":[""],"origin":"+input"}
2019-5-9 18:20:33.678#change#{"from":{"line":0,"ch":4,"sticky":null},"to":{"line":0,"ch":4,"sticky":null},"text":[" "],"removed":[""],"origin":"+input"}
2019-5-9 18:20:34.770#change#{"from":{"line":0,"ch":4,"sticky":"after"},"to":{"line":0,"ch":5,"sticky":null},"text":[""],"removed":[" "],"origin":"+delete"}
2019-5-9 18:20:34.770#keyHandled#"Backspace"
2019-5-9 18:20:34.964#change#{"from":{"line":0,"ch":3,"sticky":"after"},"to":{"line":0,"ch":4,"sticky":null},"text":[""],"removed":["-"],"origin":"+delete"}
2019-5-9 18:20:34.964#keyHandled#"Backspace"
2019-5-9 18:20:35.195#change#{"from":{"line":0,"ch":3,"sticky":null},"to":{"line":0,"ch":3,"sticky":null},"text":["="],"removed":[""],"origin":"+input"}
2019-5-9 18:20:35.478#change#{"from":{"line":0,"ch":4,"sticky":null},"to":{"line":0,"ch":4,"sticky":null},"text":[" "],"removed":[""],"origin":"+input"}
2019-5-9 18:20:35.801#change#{"from":{"line":0,"ch":5,"sticky":null},"to":{"line":0,"ch":5,"sticky":null},"text":["i"],"removed":[""],"origin":"+input"}
2019-5-9 18:20:36.767#change#{"from":{"line":0,"ch":6,"sticky":null},"to":{"line":0,"ch":6,"sticky":null},"text":["n"],"removed":[""],"origin":"+input"}
2019-5-9 18:20:36.909#change#{"from":{"line":0,"ch":7,"sticky":null},"to":{"line":0,"ch":7,"sticky":null},"text":["t"],"removed":[""],"origin":"+input"}
2019-5-9 18:20:37.004#change#{"from":{"line":0,"ch":8,"sticky":null},"to":{"line":0,"ch":8,"sticky":null},"text":[" "],"removed":[""],"origin":"+input"}
2019-5-9 18:20:37.533#change#{"from":{"line":0,"ch":8,"sticky":"after"},"to":{"line":0,"ch":9,"sticky":null},"text":[""],"removed":[" "],"origin":"+delete"}
2019-5-9 18:20:37.533#keyHandled#"Backspace"
2019-5-9 18:20:38.069#change#{"from":{"line":0,"ch":8,"sticky":null},"to":{"line":0,"ch":8,"sticky":null},"text":["()"],"removed":[""],"origin":"+input"}
2019-5-9 18:20:38.069#keyHandled#"'('"
2019-5-9 18:20:38.964#change#{"from":{"line":0,"ch":9,"sticky":"after"},"to":{"line":0,"ch":9,"sticky":"after"},"text":["i"],"removed":[""],"origin":"+input"}
2019-5-9 18:20:39.159#change#{"from":{"line":0,"ch":10,"sticky":null},"to":{"line":0,"ch":10,"sticky":null},"text":["n"],"removed":[""],"origin":"+input"}
2019-5-9 18:20:39.342#change#{"from":{"line":0,"ch":11,"sticky":null},"to":{"line":0,"ch":11,"sticky":null},"text":["p"],"removed":[""],"origin":"+input"}
2019-5-9 18:20:39.536#change#{"from":{"line":0,"ch":12,"sticky":null},"to":{"line":0,"ch":12,"sticky":null},"text":["u"],"removed":[""],"origin":"+input"}
2019-5-9 18:20:39.644#change#{"from":{"line":0,"ch":13,"sticky":null},"to":{"line":0,"ch":13,"sticky":null},"text":["t"],"removed":[""],"origin":"+input"}
2019-5-9 18:20:40.183#change#{"from":{"line":0,"ch":14,"sticky":null},"to":{"line":0,"ch":14,"sticky":null},"text":["()"],"removed":[""],"origin":"+input"}
2019-5-9 18:20:40.183#keyHandled#"'('"
2019-5-9 18:20:40.414#change#{"from":{"line":0,"ch":15,"sticky":"after"},"to":{"line":0,"ch":15,"sticky":"after"},"text":["\"\""],"removed":[""],"origin":"+input"}
2019-5-9 18:20:40.414#keyHandled#"'\"'"
2019-5-9 18:20:41.141#change#{"from":{"line":0,"ch":16,"sticky":"after"},"to":{"line":0,"ch":16,"sticky":"after"},"text":["N"],"removed":[""],"origin":"+input"}
2019-5-9 18:20:41.612#change#{"from":{"line":0,"ch":17,"sticky":null},"to":{"line":0,"ch":17,"sticky":null},"text":[" "],"removed":[""],"origin":"+input"}
2019-5-9 18:20:41.781#change#{"from":{"line":0,"ch":18,"sticky":null},"to":{"line":0,"ch":18,"sticky":null},"text":["h"],"removed":[""],"origin":"+input"}
2019-5-9 18:20:41.897#change#{"from":{"line":0,"ch":19,"sticky":null},"to":{"line":0,"ch":19,"sticky":null},"text":["a"],"removed":[""],"origin":"+input"}
2019-5-9 18:20:42.082#change#{"from":{"line":0,"ch":20,"sticky":null},"to":{"line":0,"ch":20,"sticky":null},"text":["b"],"removed":[""],"origin":"+input"}
2019-5-9 18:20:42.191#change#{"from":{"line":0,"ch":21,"sticky":null},"to":{"line":0,"ch":21,"sticky":null},"text":["i"],"removed":[""],"origin":"+input"}
2019-5-9 18:20:42.326#change#{"from":{"line":0,"ch":22,"sticky":null},"to":{"line":0,"ch":22,"sticky":null},"text":["a"],"removed":[""],"origin":"+input"}
2019-5-9 18:20:43.021#change#{"from":{"line":0,"ch":22,"sticky":"after"},"to":{"line":0,"ch":23,"sticky":null},"text":[""],"removed":["a"],"origin":"+delete"}
2019-5-9 18:20:43.021#keyHandled#"Backspace"
2019-5-9 18:20:43.097#change#{"from":{"line":0,"ch":22,"sticky":null},"to":{"line":0,"ch":22,"sticky":null},"text":[" "],"removed":[""],"origin":"+input"}
2019-5-9 18:20:43.470#change#{"from":{"line":0,"ch":23,"sticky":null},"to":{"line":0,"ch":23,"sticky":null},"text":["A"],"removed":[""],"origin":"+input"}
2019-5-9 18:20:44.357#change#{"from":{"line":0,"ch":24,"sticky":null},"to":{"line":0,"ch":24,"sticky":null},"text":[":"],"removed":[""],"origin":"+input"}
2019-5-9 18:20:44.704#keyHandled#"Right"
2019-5-9 18:20:44.883#keyHandled#"Right"
2019-5-9 18:20:45.008#keyHandled#"Right"
2019-5-9 18:20:46.874#keyHandled#"Left"
2019-5-9 18:20:47.374#keyHandled#"Left"
2019-5-9 18:20:47.424#keyHandled#"Left"
2019-5-9 18:20:47.474#keyHandled#"Left"
2019-5-9 18:20:47.524#keyHandled#"Left"
2019-5-9 18:20:47.593#keyHandled#"Left"
2019-5-9 18:20:47.624#keyHandled#"Left"
2019-5-9 18:20:47.675#keyHandled#"Left"
2019-5-9 18:20:47.725#keyHandled#"Left"
2019-5-9 18:20:47.774#keyHandled#"Left"
2019-5-9 18:20:47.825#keyHandled#"Left"
2019-5-9 18:20:47.876#keyHandled#"Left"
2019-5-9 18:20:47.927#keyHandled#"Left"
2019-5-9 18:20:47.977#keyHandled#"Left"
2019-5-9 18:20:48.028#keyHandled#"Left"
2019-5-9 18:20:48.389#keyHandled#"Left"
2019-5-9 18:20:48.890#keyHandled#"Left"
2019-5-9 18:20:48.940#keyHandled#"Left"
2019-5-9 18:20:48.990#keyHandled#"Left"
2019-5-9 18:20:49.040#keyHandled#"Left"
2019-5-9 18:20:49.090#keyHandled#"Left"
2019-5-9 18:20:49.140#keyHandled#"Left"
2019-5-9 18:20:49.191#keyHandled#"Left"
2019-5-9 18:20:49.241#keyHandled#"Left"
2019-5-9 18:20:49.292#keyHandled#"Left"
2019-5-9 18:20:49.567#keyHandled#"Left"
2019-5-9 18:20:49.771#keyHandled#"Left"
2019-5-9 18:20:50.022#keyHandled#"Left"
2019-5-9 18:20:50.850#copy#{"isTrusted":true}
2019-5-9 18:20:51.143#keyHandled#"Down"
2019-5-9 18:20:51.648#change#{"from":{"line":0,"ch":28,"sticky":"before"},"to":{"line":0,"ch":28,"sticky":"before"},"text":["",""],"removed":[""],"origin":"+input"}
2019-5-9 18:20:51.648#keyHandled#"Enter"
2019-5-9 18:20:51.657#viewportChange#0
2019-5-9 18:20:52.035#change#{"from":{"line":1,"ch":0,"sticky":null},"to":{"line":1,"ch":0,"sticky":null},"text":["ab = int(input(\"N habi A:\"))"],"removed":[""],"origin":"paste"}
2019-5-9 18:20:52.704#keyHandled#"Left"
2019-5-9 18:20:53.204#keyHandled#"Left"
2019-5-9 18:20:53.254#keyHandled#"Left"
2019-5-9 18:20:53.304#keyHandled#"Left"
2019-5-9 18:20:53.354#keyHandled#"Left"
2019-5-9 18:20:53.404#keyHandled#"Left"
2019-5-9 18:20:53.454#keyHandled#"Left"
2019-5-9 18:20:53.504#keyHandled#"Left"
2019-5-9 18:20:53.553#keyHandled#"Left"
2019-5-9 18:20:53.622#keyHandled#"Left"
2019-5-9 18:20:53.654#keyHandled#"Left"
2019-5-9 18:20:53.705#keyHandled#"Left"
2019-5-9 18:20:53.755#keyHandled#"Left"
2019-5-9 18:20:53.805#keyHandled#"Left"
2019-5-9 18:20:53.855#keyHandled#"Left"
2019-5-9 18:20:53.905#keyHandled#"Left"
2019-5-9 18:20:53.955#keyHandled#"Left"
2019-5-9 18:20:54.005#keyHandled#"Left"
2019-5-9 18:20:54.055#keyHandled#"Left"
2019-5-9 18:20:54.105#keyHandled#"Left"
2019-5-9 18:20:54.156#keyHandled#"Left"
2019-5-9 18:20:54.206#keyHandled#"Left"
2019-5-9 18:20:54.256#keyHandled#"Left"
2019-5-9 18:20:54.305#keyHandled#"Left"
2019-5-9 18:20:54.356#keyHandled#"Left"
2019-5-9 18:20:54.706#keyHandled#"Left"
2019-5-9 18:20:55.716#change#{"from":{"line":1,"ch":0,"sticky":"after"},"to":{"line":1,"ch":1,"sticky":null},"text":[""],"removed":["a"],"origin":"+delete"}
2019-5-9 18:20:55.716#keyHandled#"Backspace"
2019-5-9 18:20:55.843#change#{"from":{"line":1,"ch":0,"sticky":null},"to":{"line":1,"ch":0,"sticky":null},"text":["b"],"removed":[""],"origin":"+input"}
2019-5-9 18:20:56.546#change#{"from":{"line":1,"ch":1,"sticky":null},"to":{"line":1,"ch":1,"sticky":null},"text":["a"],"removed":[""],"origin":"+input"}
2019-5-9 18:20:57.026#change#{"from":{"line":1,"ch":1,"sticky":"after"},"to":{"line":1,"ch":2,"sticky":null},"text":[""],"removed":["a"],"origin":"+delete"}
2019-5-9 18:20:57.026#keyHandled#"Backspace"
2019-5-9 18:20:57.139#change#{"from":{"line":1,"ch":1,"sticky":null},"to":{"line":1,"ch":1,"sticky":null},"text":["b"],"removed":[""],"origin":"+input"}
2019-5-9 18:20:57.889#keyHandled#"Right"
2019-5-9 18:20:58.419#keyHandled#"Up"
2019-5-9 18:20:58.608#keyHandled#"Left"
2019-5-9 18:20:58.998#change#{"from":{"line":0,"ch":1,"sticky":"after"},"to":{"line":0,"ch":2,"sticky":"after"},"text":[""],"removed":["b"],"origin":"+delete"}
2019-5-9 18:20:58.998#keyHandled#"Backspace"
2019-5-9 18:20:59.140#change#{"from":{"line":0,"ch":0,"sticky":"after"},"to":{"line":0,"ch":1,"sticky":null},"text":[""],"removed":["a"],"origin":"+delete"}
2019-5-9 18:20:59.140#keyHandled#"Backspace"
2019-5-9 18:20:59.415#change#{"from":{"line":0,"ch":0,"sticky":null},"to":{"line":0,"ch":0,"sticky":null},"text":["h"],"removed":[""],"origin":"+input"}
2019-5-9 18:20:59.651#change#{"from":{"line":0,"ch":1,"sticky":null},"to":{"line":0,"ch":1,"sticky":null},"text":["a"],"removed":[""],"origin":"+input"}
2019-5-9 18:20:59.834#change#{"from":{"line":0,"ch":2,"sticky":null},"to":{"line":0,"ch":2,"sticky":null},"text":["b"],"removed":[""],"origin":"+input"}
2019-5-9 18:20:59.995#change#{"from":{"line":0,"ch":3,"sticky":null},"to":{"line":0,"ch":3,"sticky":null},"text":["a"],"removed":[""],"origin":"+input"}
2019-5-9 18:21:00.583#keyHandled#"Down"
2019-5-9 18:21:00.885#keyHandled#"Left"
2019-5-9 18:21:01.052#keyHandled#"Left"
2019-5-9 18:21:01.475#change#{"from":{"line":1,"ch":1,"sticky":"after"},"to":{"line":1,"ch":2,"sticky":"after"},"text":[""],"removed":["b"],"origin":"+delete"}
2019-5-9 18:21:01.475#keyHandled#"Backspace"
2019-5-9 18:21:01.625#change#{"from":{"line":1,"ch":0,"sticky":"after"},"to":{"line":1,"ch":1,"sticky":null},"text":[""],"removed":["b"],"origin":"+delete"}
2019-5-9 18:21:01.625#keyHandled#"Backspace"
2019-5-9 18:21:01.801#change#{"from":{"line":0,"ch":30,"sticky":"before"},"to":{"line":1,"ch":0,"sticky":null},"text":[""],"removed":["",""],"origin":"+delete"}
2019-5-9 18:21:01.801#keyHandled#"Backspace"
2019-5-9 18:21:01.821#viewportChange#0
2019-5-9 18:21:01.852#change#{"from":{"line":0,"ch":30,"sticky":null},"to":{"line":0,"ch":30,"sticky":null},"text":["h"],"removed":[""],"origin":"+input"}
2019-5-9 18:21:02.492#change#{"from":{"line":0,"ch":30,"sticky":"after"},"to":{"line":0,"ch":31,"sticky":null},"text":[""],"removed":["h"],"origin":"+delete"}
2019-5-9 18:21:02.492#keyHandled#"Backspace"
2019-5-9 18:21:02.731#change#{"from":{"line":0,"ch":30,"sticky":null},"to":{"line":0,"ch":30,"sticky":null},"text":["",""],"removed":[""],"origin":"+input"}
2019-5-9 18:21:02.731#change#{"from":{"line":1,"ch":0,"sticky":null},"to":{"line":1,"ch":1,"sticky":null},"text":[""],"removed":[" "],"origin":"+input"}
2019-5-9 18:21:02.731#keyHandled#"Enter"
2019-5-9 18:21:02.741#viewportChange#0
2019-5-9 18:21:03.150#change#{"from":{"line":1,"ch":0,"sticky":null},"to":{"line":1,"ch":0,"sticky":null},"text":["h"],"removed":[""],"origin":"+input"}
2019-5-9 18:21:03.730#change#{"from":{"line":1,"ch":1,"sticky":null},"to":{"line":1,"ch":1,"sticky":null},"text":["a"],"removed":[""],"origin":"+input"}
2019-5-9 18:21:04.001#change#{"from":{"line":1,"ch":2,"sticky":null},"to":{"line":1,"ch":2,"sticky":null},"text":["b"],"removed":[""],"origin":"+input"}
2019-5-9 18:21:04.746#change#{"from":{"line":1,"ch":3,"sticky":null},"to":{"line":1,"ch":3,"sticky":null},"text":["b"],"removed":[""],"origin":"+input"}
2019-5-9 18:21:05.763#keyHandled#"Right"
2019-5-9 18:21:06.478#keyHandled#"Down"
2019-5-9 18:21:08.925#change#{"from":{"line":1,"ch":29,"sticky":null,"xRel":1,"outside":true,"hitSide":true},"to":{"line":1,"ch":29,"sticky":null,"xRel":1,"outside":true,"hitSide":true},"text":["",""],"removed":[""],"origin":"+input"}
2019-5-9 18:21:08.925#keyHandled#"Enter"
2019-5-9 18:21:08.933#viewportChange#0
2019-5-9 18:21:15.658#change#{"from":{"line":2,"ch":1,"sticky":null},"to":{"line":2,"ch":1,"sticky":null},"text":["e"],"removed":[""],"origin":"+input"}
2019-5-9 18:21:16.291#change#{"from":{"line":2,"ch":2,"sticky":null},"to":{"line":2,"ch":2,"sticky":null},"text":["r"],"removed":[""],"origin":"+input"}
2019-5-9 18:21:16.544#change#{"from":{"line":2,"ch":3,"sticky":null},"to":{"line":2,"ch":3,"sticky":null},"text":["c"],"removed":[""],"origin":"+input"}
2019-5-9 18:21:16.720#change#{"from":{"line":2,"ch":4,"sticky":null},"to":{"line":2,"ch":4,"sticky":null},"text":["e"],"removed":[""],"origin":"+input"}
2019-5-9 18:21:17.166#change#{"from":{"line":2,"ch":4,"sticky":"after"},"to":{"line":2,"ch":5,"sticky":null},"text":[""],"removed":["e"],"origin":"+delete"}
2019-5-9 18:21:17.166#keyHandled#"Backspace"
2019-5-9 18:21:17.294#change#{"from":{"line":2,"ch":4,"sticky":null},"to":{"line":2,"ch":4,"sticky":null},"text":["a"],"removed":[""],"origin":"+input"}
2019-5-9 18:21:17.674#change#{"from":{"line":2,"ch":5,"sticky":null},"to":{"line":2,"ch":5,"sticky":null},"text":[" "],"removed":[""],"origin":"+input"}
2019-5-9 18:21:18.017#change#{"from":{"line":2,"ch":6,"sticky":null},"to":{"line":2,"ch":6,"sticky":null},"text":["="],"removed":[""],"origin":"+input"}
2019-5-9 18:21:18.368#change#{"from":{"line":2,"ch":7,"sticky":null},"to":{"line":2,"ch":7,"sticky":null},"text":[" "],"removed":[""],"origin":"+input"}
2019-5-9 18:21:21.380#change#{"from":{"line":2,"ch":8,"sticky":null},"to":{"line":2,"ch":8,"sticky":null},"text":["i"],"removed":[""],"origin":"+input"}
2019-5-9 18:21:21.621#change#{"from":{"line":2,"ch":9,"sticky":null},"to":{"line":2,"ch":9,"sticky":null},"text":["n"],"removed":[""],"origin":"+input"}
2019-5-9 18:21:21.756#change#{"from":{"line":2,"ch":10,"sticky":null},"to":{"line":2,"ch":10,"sticky":null},"text":["t"],"removed":[""],"origin":"+input"}
2019-5-9 18:21:22.572#change#{"from":{"line":2,"ch":10,"sticky":"after"},"to":{"line":2,"ch":11,"sticky":null},"text":[""],"removed":["t"],"origin":"+delete"}
2019-5-9 18:21:22.572#keyHandled#"Backspace"
2019-5-9 18:21:22.733#change#{"from":{"line":2,"ch":9,"sticky":"after"},"to":{"line":2,"ch":10,"sticky":null},"text":[""],"removed":["n"],"origin":"+delete"}
2019-5-9 18:21:22.733#keyHandled#"Backspace"
2019-5-9 18:21:22.879#change#{"from":{"line":2,"ch":8,"sticky":"after"},"to":{"line":2,"ch":9,"sticky":null},"text":[""],"removed":["i"],"origin":"+delete"}
2019-5-9 18:21:22.879#keyHandled#"Backspace"
2019-5-9 18:21:23.008#change#{"from":{"line":2,"ch":8,"sticky":null},"to":{"line":2,"ch":8,"sticky":null},"text":["f"],"removed":[""],"origin":"+input"}
2019-5-9 18:21:23.108#change#{"from":{"line":2,"ch":9,"sticky":null},"to":{"line":2,"ch":9,"sticky":null},"text":["l"],"removed":[""],"origin":"+input"}
2019-5-9 18:21:23.267#change#{"from":{"line":2,"ch":10,"sticky":null},"to":{"line":2,"ch":10,"sticky":null},"text":["o"],"removed":[""],"origin":"+input"}
2019-5-9 18:21:23.331#change#{"from":{"line":2,"ch":11,"sticky":null},"to":{"line":2,"ch":11,"sticky":null},"text":["a"],"removed":[""],"origin":"+input"}
2019-5-9 18:21:23.447#change#{"from":{"line":2,"ch":12,"sticky":null},"to":{"line":2,"ch":12,"sticky":null},"text":["t"],"removed":[""],"origin":"+input"}
2019-5-9 18:21:24.090#change#{"from":{"line":2,"ch":13,"sticky":null},"to":{"line":2,"ch":13,"sticky":null},"text":["()"],"removed":[""],"origin":"+input"}
2019-5-9 18:21:24.090#keyHandled#"'('"
2019-5-9 18:21:24.410#change#{"from":{"line":2,"ch":14,"sticky":"after"},"to":{"line":2,"ch":14,"sticky":"after"},"text":["i"],"removed":[""],"origin":"+input"}
2019-5-9 18:21:24.659#change#{"from":{"line":2,"ch":15,"sticky":null},"to":{"line":2,"ch":15,"sticky":null},"text":["n"],"removed":[""],"origin":"+input"}
2019-5-9 18:21:24.805#change#{"from":{"line":2,"ch":16,"sticky":null},"to":{"line":2,"ch":16,"sticky":null},"text":["p"],"removed":[""],"origin":"+input"}
2019-5-9 18:21:25.152#change#{"from":{"line":2,"ch":17,"sticky":null},"to":{"line":2,"ch":17,"sticky":null},"text":["u"],"removed":[""],"origin":"+input"}
2019-5-9 18:21:25.302#change#{"from":{"line":2,"ch":18,"sticky":null},"to":{"line":2,"ch":18,"sticky":null},"text":["t"],"removed":[""],"origin":"+input"}
2019-5-9 18:21:26.221#change#{"from":{"line":2,"ch":19,"sticky":null},"to":{"line":2,"ch":19,"sticky":null},"text":["()"],"removed":[""],"origin":"+input"}
2019-5-9 18:21:26.221#keyHandled#"'('"
2019-5-9 18:21:26.359#change#{"from":{"line":2,"ch":20,"sticky":"after"},"to":{"line":2,"ch":20,"sticky":"after"},"text":["\"\""],"removed":[""],"origin":"+input"}
2019-5-9 18:21:26.359#keyHandled#"'\"'"
2019-5-9 18:21:27.869#change#{"from":{"line":2,"ch":21,"sticky":"after"},"to":{"line":2,"ch":21,"sticky":"after"},"text":["P"],"removed":[""],"origin":"+input"}
2019-5-9 18:21:28.090#change#{"from":{"line":2,"ch":22,"sticky":null},"to":{"line":2,"ch":22,"sticky":null},"text":["o"],"removed":[""],"origin":"+input"}
2019-5-9 18:21:28.190#change#{"from":{"line":2,"ch":23,"sticky":null},"to":{"line":2,"ch":23,"sticky":null},"text":["r"],"removed":[""],"origin":"+input"}
2019-5-9 18:21:28.454#change#{"from":{"line":2,"ch":24,"sticky":null},"to":{"line":2,"ch":24,"sticky":null},"text":["c"],"removed":[""],"origin":"+input"}
2019-5-9 18:21:29.028#change#{"from":{"line":2,"ch":25,"sticky":null},"to":{"line":2,"ch":25,"sticky":null},"text":[" "],"removed":[""],"origin":"+input"}
2019-5-9 18:21:29.192#change#{"from":{"line":2,"ch":26,"sticky":null},"to":{"line":2,"ch":26,"sticky":null},"text":["a"],"removed":[""],"origin":"+input"}
2019-5-9 18:21:29.447#change#{"from":{"line":2,"ch":26,"sticky":"after"},"to":{"line":2,"ch":27,"sticky":null},"text":[""],"removed":["a"],"origin":"+delete"}
2019-5-9 18:21:29.447#keyHandled#"Backspace"
2019-5-9 18:21:29.574#change#{"from":{"line":2,"ch":25,"sticky":"after"},"to":{"line":2,"ch":26,"sticky":null},"text":[""],"removed":[" "],"origin":"+delete"}
2019-5-9 18:21:29.574#keyHandled#"Backspace"
2019-5-9 18:21:29.663#change#{"from":{"line":2,"ch":25,"sticky":null},"to":{"line":2,"ch":25,"sticky":null},"text":["a"],"removed":[""],"origin":"+input"}
2019-5-9 18:21:29.773#change#{"from":{"line":2,"ch":26,"sticky":null},"to":{"line":2,"ch":26,"sticky":null},"text":[" "],"removed":[""],"origin":"+input"}
2019-5-9 18:21:31.727#keyHandled#"Left"
2019-5-9 18:21:32.148#change#{"from":{"line":2,"ch":26,"sticky":"after"},"to":{"line":2,"ch":26,"sticky":"after"},"text":[":"],"removed":[""],"origin":"+input"}
2019-5-9 18:21:32.702#keyHandled#"Right"
2019-5-9 18:21:32.897#keyHandled#"Right"
2019-5-9 18:21:33.066#keyHandled#"Right"
2019-5-9 18:21:33.230#keyHandled#"Right"
2019-5-9 18:21:33.608#change#{"from":{"line":2,"ch":31,"sticky":"before"},"to":{"line":2,"ch":31,"sticky":"before"},"text":["",""],"removed":[""],"origin":"+input"}
2019-5-9 18:21:33.608#keyHandled#"Enter"
2019-5-9 18:21:33.615#viewportChange#0
2019-5-9 18:21:35.918#change#{"from":{"line":3,"ch":0,"sticky":null},"to":{"line":3,"ch":0,"sticky":null},"text":["p"],"removed":[""],"origin":"+input"}
2019-5-9 18:21:36.032#change#{"from":{"line":3,"ch":1,"sticky":null},"to":{"line":3,"ch":1,"sticky":null},"text":["e"],"removed":[""],"origin":"+input"}
2019-5-9 18:21:36.220#change#{"from":{"line":3,"ch":2,"sticky":null},"to":{"line":3,"ch":2,"sticky":null},"text":["r"],"removed":[""],"origin":"+input"}
2019-5-9 18:21:36.502#change#{"from":{"line":3,"ch":3,"sticky":null},"to":{"line":3,"ch":3,"sticky":null},"text":["c"],"removed":[""],"origin":"+input"}
2019-5-9 18:21:36.877#change#{"from":{"line":3,"ch":4,"sticky":null},"to":{"line":3,"ch":4,"sticky":null},"text":["a"],"removed":[""],"origin":"+input"}
2019-5-9 18:21:37.358#change#{"from":{"line":3,"ch":4,"sticky":"after"},"to":{"line":3,"ch":5,"sticky":null},"text":[""],"removed":["a"],"origin":"+delete"}
2019-5-9 18:21:37.358#keyHandled#"Backspace"
2019-5-9 18:21:37.473#change#{"from":{"line":3,"ch":4,"sticky":null},"to":{"line":3,"ch":4,"sticky":null},"text":["b"],"removed":[""],"origin":"+input"}
2019-5-9 18:21:38.373#change#{"from":{"line":3,"ch":5,"sticky":null},"to":{"line":3,"ch":5,"sticky":null},"text":[" "],"removed":[""],"origin":"+input"}
2019-5-9 18:21:38.474#change#{"from":{"line":3,"ch":6,"sticky":null},"to":{"line":3,"ch":6,"sticky":null},"text":["="],"removed":[""],"origin":"+input"}
2019-5-9 18:21:38.616#change#{"from":{"line":3,"ch":7,"sticky":null},"to":{"line":3,"ch":7,"sticky":null},"text":[" "],"removed":[""],"origin":"+input"}
2019-5-9 18:21:39.876#change#{"from":{"line":3,"ch":8,"sticky":null},"to":{"line":3,"ch":8,"sticky":null},"text":["f"],"removed":[""],"origin":"+input"}
2019-5-9 18:21:39.994#change#{"from":{"line":3,"ch":9,"sticky":null},"to":{"line":3,"ch":9,"sticky":null},"text":["l"],"removed":[""],"origin":"+input"}
2019-5-9 18:21:40.168#change#{"from":{"line":3,"ch":10,"sticky":null},"to":{"line":3,"ch":10,"sticky":null},"text":["o"],"removed":[""],"origin":"+input"}
2019-5-9 18:21:40.283#change#{"from":{"line":3,"ch":11,"sticky":null},"to":{"line":3,"ch":11,"sticky":null},"text":["a"],"removed":[""],"origin":"+input"}
2019-5-9 18:21:40.359#change#{"from":{"line":3,"ch":12,"sticky":null},"to":{"line":3,"ch":12,"sticky":null},"text":["t"],"removed":[""],"origin":"+input"}
2019-5-9 18:21:40.817#change#{"from":{"line":3,"ch":13,"sticky":null},"to":{"line":3,"ch":13,"sticky":null},"text":["()"],"removed":[""],"origin":"+input"}
2019-5-9 18:21:40.817#keyHandled#"'('"
2019-5-9 18:21:41.145#change#{"from":{"line":3,"ch":14,"sticky":"after"},"to":{"line":3,"ch":14,"sticky":"after"},"text":["i"],"removed":[""],"origin":"+input"}
2019-5-9 18:21:41.367#change#{"from":{"line":3,"ch":15,"sticky":null},"to":{"line":3,"ch":15,"sticky":null},"text":["n"],"removed":[""],"origin":"+input"}
2019-5-9 18:21:41.586#change#{"from":{"line":3,"ch":16,"sticky":null},"to":{"line":3,"ch":16,"sticky":null},"text":["p"],"removed":[""],"origin":"+input"}
2019-5-9 18:21:41.791#change#{"from":{"line":3,"ch":17,"sticky":null},"to":{"line":3,"ch":17,"sticky":null},"text":["u"],"removed":[""],"origin":"+input"}
2019-5-9 18:21:41.903#change#{"from":{"line":3,"ch":18,"sticky":null},"to":{"line":3,"ch":18,"sticky":null},"text":["t"],"removed":[""],"origin":"+input"}
2019-5-9 18:21:42.929#change#{"from":{"line":3,"ch":19,"sticky":null},"to":{"line":3,"ch":19,"sticky":null},"text":["()"],"removed":[""],"origin":"+input"}
2019-5-9 18:21:42.929#keyHandled#"'('"
2019-5-9 18:21:43.211#change#{"from":{"line":3,"ch":20,"sticky":"after"},"to":{"line":3,"ch":20,"sticky":"after"},"text":["\"\""],"removed":[""],"origin":"+input"}
2019-5-9 18:21:43.211#keyHandled#"'\"'"
2019-5-9 18:21:46.112#change#{"from":{"line":3,"ch":21,"sticky":"after"},"to":{"line":3,"ch":21,"sticky":"after"},"text":["P"],"removed":[""],"origin":"+input"}
2019-5-9 18:21:46.501#change#{"from":{"line":3,"ch":22,"sticky":null},"to":{"line":3,"ch":22,"sticky":null},"text":["o"],"removed":[""],"origin":"+input"}
2019-5-9 18:21:46.847#change#{"from":{"line":3,"ch":23,"sticky":null},"to":{"line":3,"ch":23,"sticky":null},"text":["r"],"removed":[""],"origin":"+input"}
2019-5-9 18:21:47.021#change#{"from":{"line":3,"ch":24,"sticky":null},"to":{"line":3,"ch":24,"sticky":null},"text":["b"],"removed":[""],"origin":"+input"}
2019-5-9 18:21:47.577#change#{"from":{"line":3,"ch":25,"sticky":null},"to":{"line":3,"ch":25,"sticky":null},"text":["c"],"removed":[""],"origin":"+input"}
2019-5-9 18:21:48.000#change#{"from":{"line":3,"ch":25,"sticky":"after"},"to":{"line":3,"ch":26,"sticky":null},"text":[""],"removed":["c"],"origin":"+delete"}
2019-5-9 18:21:48.001#keyHandled#"Backspace"
2019-5-9 18:21:49.143#change#{"from":{"line":3,"ch":24,"sticky":"after"},"to":{"line":3,"ch":25,"sticky":null},"text":[""],"removed":["b"],"origin":"+delete"}
2019-5-9 18:21:49.143#keyHandled#"Backspace"
2019-5-9 18:21:49.282#change#{"from":{"line":3,"ch":24,"sticky":null},"to":{"line":3,"ch":24,"sticky":null},"text":["c"],"removed":[""],"origin":"+input"}
2019-5-9 18:21:49.494#change#{"from":{"line":3,"ch":25,"sticky":null},"to":{"line":3,"ch":25,"sticky":null},"text":["b"],"removed":[""],"origin":"+input"}
2019-5-9 18:21:51.885#change#{"from":{"line":3,"ch":26,"sticky":null},"to":{"line":3,"ch":26,"sticky":null},"text":[":"],"removed":[""],"origin":"+input"}
2019-5-9 18:21:52.098#change#{"from":{"line":3,"ch":27,"sticky":null},"to":{"line":3,"ch":27,"sticky":null},"text":[" "],"removed":[""],"origin":"+input"}
2019-5-9 18:21:52.345#keyHandled#"Down"
2019-5-9 18:21:52.594#keyHandled#"Right"
2019-5-9 18:21:53.287#change#{"from":{"line":3,"ch":31,"sticky":null,"xRel":1,"outside":true,"hitSide":true},"to":{"line":3,"ch":31,"sticky":null,"xRel":1,"outside":true,"hitSide":true},"text":["",""],"removed":[""],"origin":"+input"}
2019-5-9 18:21:53.288#keyHandled#"Enter"
2019-5-9 18:21:53.295#viewportChange#0
2019-5-9 18:21:54.120#change#{"from":{"line":4,"ch":0,"sticky":null},"to":{"line":4,"ch":0,"sticky":null},"text":["",""],"removed":[""],"origin":"+input"}
2019-5-9 18:21:54.120#keyHandled#"Enter"
2019-5-9 18:21:54.128#viewportChange#0
2019-5-9 18:21:55.343#change#{"from":{"line":5,"ch":0,"sticky":null},"to":{"line":5,"ch":0,"sticky":null},"text":["w"],"removed":[""],"origin":"+input"}
2019-5-9 18:21:55.432#change#{"from":{"line":5,"ch":1,"sticky":null},"to":{"line":5,"ch":1,"sticky":null},"text":["h"],"removed":[""],"origin":"+input"}
2019-5-9 18:21:55.657#change#{"from":{"line":5,"ch":2,"sticky":null},"to":{"line":5,"ch":2,"sticky":null},"text":["i"],"removed":[""],"origin":"+input"}
2019-5-9 18:21:55.906#change#{"from":{"line":5,"ch":3,"sticky":null},"to":{"line":5,"ch":3,"sticky":null},"text":["l"],"removed":[""],"origin":"+input"}
2019-5-9 18:21:56.032#change#{"from":{"line":5,"ch":4,"sticky":null},"to":{"line":5,"ch":4,"sticky":null},"text":["e"],"removed":[""],"origin":"+input"}
2019-5-9 18:21:57.788#change#{"from":{"line":5,"ch":5,"sticky":null},"to":{"line":5,"ch":5,"sticky":null},"text":[" "],"removed":[""],"origin":"+input"}
2019-5-9 18:21:58.296#change#{"from":{"line":5,"ch":5,"sticky":"after"},"to":{"line":5,"ch":6,"sticky":null},"text":[""],"removed":[" "],"origin":"+delete"}
2019-5-9 18:21:58.296#keyHandled#"Backspace"
2019-5-9 18:21:58.842#change#{"from":{"line":5,"ch":5,"sticky":null},"to":{"line":5,"ch":5,"sticky":null},"text":["()"],"removed":[""],"origin":"+input"}
2019-5-9 18:21:58.842#keyHandled#"'('"
2019-5-9 18:22:04.687#change#{"from":{"line":5,"ch":6,"sticky":"after"},"to":{"line":5,"ch":6,"sticky":"after"},"text":["h"],"removed":[""],"origin":"+input"}
2019-5-9 18:22:04.839#change#{"from":{"line":5,"ch":7,"sticky":null},"to":{"line":5,"ch":7,"sticky":null},"text":["a"],"removed":[""],"origin":"+input"}
2019-5-9 18:22:04.956#change#{"from":{"line":5,"ch":8,"sticky":null},"to":{"line":5,"ch":8,"sticky":null},"text":["b"],"removed":[""],"origin":"+input"}
2019-5-9 18:22:05.082#change#{"from":{"line":5,"ch":9,"sticky":null},"to":{"line":5,"ch":9,"sticky":null},"text":["a"],"removed":[""],"origin":"+input"}
2019-5-9 18:22:05.246#change#{"from":{"line":5,"ch":10,"sticky":null},"to":{"line":5,"ch":10,"sticky":null},"text":[" "],"removed":[""],"origin":"+input"}
2019-5-9 18:22:05.608#change#{"from":{"line":5,"ch":10,"sticky":"after"},"to":{"line":5,"ch":11,"sticky":null},"text":[""],"removed":[" "],"origin":"+delete"}
2019-5-9 18:22:05.608#keyHandled#"Backspace"
2019-5-9 18:22:06.428#change#{"from":{"line":5,"ch":10,"sticky":null},"to":{"line":5,"ch":10,"sticky":null},"text":["!"],"removed":[""],"origin":"+input"}
2019-5-9 18:22:06.669#change#{"from":{"line":5,"ch":11,"sticky":null},"to":{"line":5,"ch":11,"sticky":null},"text":["="],"removed":[""],"origin":"+input"}
2019-5-9 18:22:07.933#change#{"from":{"line":5,"ch":12,"sticky":null},"to":{"line":5,"ch":12,"sticky":null},"text":["h"],"removed":[""],"origin":"+input"}
2019-5-9 18:22:08.115#change#{"from":{"line":5,"ch":13,"sticky":null},"to":{"line":5,"ch":13,"sticky":null},"text":["a"],"removed":[""],"origin":"+input"}
2019-5-9 18:22:08.686#change#{"from":{"line":5,"ch":14,"sticky":null},"to":{"line":5,"ch":14,"sticky":null},"text":["b"],"removed":[""],"origin":"+input"}
2019-5-9 18:22:08.843#change#{"from":{"line":5,"ch":15,"sticky":null},"to":{"line":5,"ch":15,"sticky":null},"text":["b"],"removed":[""],"origin":"+input"}
2019-5-9 18:22:09.772#keyHandled#"Right"
2019-5-9 18:22:09.969#keyHandled#"Right"
2019-5-9 18:22:11.021#change#{"from":{"line":5,"ch":17,"sticky":"before","hitSide":true},"to":{"line":5,"ch":17,"sticky":"before","hitSide":true},"text":[":"],"removed":[""],"origin":"+input"}
2019-5-9 18:22:11.389#change#{"from":{"line":5,"ch":18,"sticky":null},"to":{"line":5,"ch":18,"sticky":null},"text":["",""],"removed":[""],"origin":"+input"}
2019-5-9 18:22:11.389#change#{"from":{"line":6,"ch":0,"sticky":null},"to":{"line":6,"ch":0,"sticky":null},"text":["\t"],"removed":[""],"origin":"+input"}
2019-5-9 18:22:11.389#keyHandled#"Enter"
2019-5-9 18:22:11.395#viewportChange#0
2019-5-9 18:22:20.299#keyHandled#"Up"
2019-5-9 18:22:20.864#keyHandled#"Right"
2019-5-9 18:22:21.068#keyHandled#"Right"
2019-5-9 18:22:21.258#keyHandled#"Right"
2019-5-9 18:22:21.430#keyHandled#"Right"
2019-5-9 18:22:21.624#keyHandled#"Right"
2019-5-9 18:22:21.777#keyHandled#"Right"
2019-5-9 18:22:21.944#keyHandled#"Right"
2019-5-9 18:22:22.109#keyHandled#"Right"
2019-5-9 18:22:22.313#keyHandled#"Right"
2019-5-9 18:22:53.169#keyHandled#"Down"
2019-5-9 18:22:56.645#keyHandled#"Up"
2019-5-9 18:22:56.856#keyHandled#"Right"
2019-5-9 18:22:57.272#keyHandled#"Left"
2019-5-9 18:22:57.448#keyHandled#"Left"
2019-5-9 18:22:57.748#keyHandled#"Right"
2019-5-9 18:22:58.061#change#{"from":{"line":5,"ch":11,"sticky":"after"},"to":{"line":5,"ch":12,"sticky":"before"},"text":[""],"removed":["="],"origin":"+delete"}
2019-5-9 18:22:58.061#keyHandled#"Backspace"
2019-5-9 18:22:58.222#change#{"from":{"line":5,"ch":10,"sticky":"after"},"to":{"line":5,"ch":11,"sticky":null},"text":[""],"removed":["!"],"origin":"+delete"}
2019-5-9 18:22:58.222#keyHandled#"Backspace"
2019-5-9 18:22:58.835#change#{"from":{"line":5,"ch":10,"sticky":null},"to":{"line":5,"ch":10,"sticky":null},"text":["<"],"removed":[""],"origin":"+input"}
2019-5-9 18:22:59.332#keyHandled#"Down"
2019-5-9 18:23:01.052#change#{"from":{"line":6,"ch":1,"sticky":"before","xRel":64},"to":{"line":6,"ch":1,"sticky":"before","xRel":64},"text":["a"],"removed":[""],"origin":"+input"}
2019-5-9 18:23:01.107#change#{"from":{"line":6,"ch":2,"sticky":null},"to":{"line":6,"ch":2,"sticky":null},"text":["n"],"removed":[""],"origin":"+input"}
2019-5-9 18:23:01.321#change#{"from":{"line":6,"ch":3,"sticky":null},"to":{"line":6,"ch":3,"sticky":null},"text":["o"],"removed":[""],"origin":"+input"}
2019-5-9 18:23:01.398#change#{"from":{"line":6,"ch":4,"sticky":null},"to":{"line":6,"ch":4,"sticky":null},"text":["s"],"removed":[""],"origin":"+input"}
2019-5-9 18:23:01.604#change#{"from":{"line":6,"ch":4,"sticky":"after"},"to":{"line":6,"ch":5,"sticky":null},"text":[""],"removed":["s"],"origin":"+delete"}
2019-5-9 18:23:01.604#keyHandled#"Backspace"
2019-5-9 18:23:02.087#change#{"from":{"line":6,"ch":3,"sticky":"after"},"to":{"line":6,"ch":4,"sticky":null},"text":[""],"removed":["o"],"origin":"+delete"}
2019-5-9 18:23:02.087#keyHandled#"Backspace"
2019-5-9 18:23:02.237#change#{"from":{"line":6,"ch":2,"sticky":"after"},"to":{"line":6,"ch":3,"sticky":null},"text":[""],"removed":["n"],"origin":"+delete"}
2019-5-9 18:23:02.237#keyHandled#"Backspace"
2019-5-9 18:23:02.364#change#{"from":{"line":6,"ch":1,"sticky":"after"},"to":{"line":6,"ch":2,"sticky":null},"text":[""],"removed":["a"],"origin":"+delete"}
2019-5-9 18:23:02.364#keyHandled#"Backspace"
2019-5-9 18:23:02.677#keyHandled#"Up"
2019-5-9 18:23:02.838#keyHandled#"Up"
2019-5-9 18:23:03.202#change#{"from":{"line":4,"ch":0,"sticky":"after","xRel":24},"to":{"line":4,"ch":0,"sticky":"after","xRel":24},"text":["",""],"removed":[""],"origin":"+input"}
2019-5-9 18:23:03.202#keyHandled#"Enter"
2019-5-9 18:23:03.210#viewportChange#0
2019-5-9 18:23:04.206#change#{"from":{"line":4,"ch":0,"sticky":"before"},"to":{"line":5,"ch":0,"sticky":null},"text":[""],"removed":["",""],"origin":"+delete"}
2019-5-9 18:23:04.206#keyHandled#"Backspace"
2019-5-9 18:23:04.213#viewportChange#0
2019-5-9 18:23:04.995#change#{"from":{"line":4,"ch":0,"sticky":null},"to":{"line":4,"ch":0,"sticky":null},"text":["a"],"removed":[""],"origin":"+input"}
2019-5-9 18:23:05.115#change#{"from":{"line":4,"ch":1,"sticky":null},"to":{"line":4,"ch":1,"sticky":null},"text":["n"],"removed":[""],"origin":"+input"}
2019-5-9 18:23:05.287#change#{"from":{"line":4,"ch":2,"sticky":null},"to":{"line":4,"ch":2,"sticky":null},"text":["o"],"removed":[""],"origin":"+input"}
2019-5-9 18:23:05.481#change#{"from":{"line":4,"ch":3,"sticky":null},"to":{"line":4,"ch":3,"sticky":null},"text":["s"],"removed":[""],"origin":"+input"}
2019-5-9 18:23:06.019#change#{"from":{"line":4,"ch":5,"sticky":null},"to":{"line":4,"ch":5,"sticky":null},"text":["="],"removed":[""],"origin":"+input"}
2019-5-9 18:23:06.158#change#{"from":{"line":4,"ch":6,"sticky":null},"to":{"line":4,"ch":6,"sticky":null},"text":[" "],"removed":[""],"origin":"+input"}
2019-5-9 18:23:07.299#change#{"from":{"line":4,"ch":7,"sticky":null},"to":{"line":4,"ch":7,"sticky":null},"text":["0"],"removed":[""],"origin":"+input"}
2019-5-9 18:23:08.044#keyHandled#"Down"
2019-5-9 18:23:08.205#keyHandled#"Down"
2019-5-9 18:23:30.717#change#{"from":{"line":6,"ch":1,"sticky":"before","xRel":40},"to":{"line":6,"ch":1,"sticky":"before","xRel":40},"text":["h"],"removed":[""],"origin":"+input"}
2019-5-9 18:23:30.846#change#{"from":{"line":6,"ch":2,"sticky":null},"to":{"line":6,"ch":2,"sticky":null},"text":["a"],"removed":[""],"origin":"+input"}
2019-5-9 18:23:30.934#change#{"from":{"line":6,"ch":3,"sticky":null},"to":{"line":6,"ch":3,"sticky":null},"text":["b"],"removed":[""],"origin":"+input"}
2019-5-9 18:23:31.338#change#{"from":{"line":6,"ch":4,"sticky":null},"to":{"line":6,"ch":4,"sticky":null},"text":["s"],"removed":[""],"origin":"+input"}
2019-5-9 18:23:31.732#change#{"from":{"line":6,"ch":5,"sticky":null},"to":{"line":6,"ch":5,"sticky":null},"text":["a"],"removed":[""],"origin":"+input"}
2019-5-9 18:23:31.945#change#{"from":{"line":6,"ch":5,"sticky":"after"},"to":{"line":6,"ch":6,"sticky":null},"text":[""],"removed":["a"],"origin":"+delete"}
2019-5-9 18:23:31.945#keyHandled#"Backspace"
2019-5-9 18:23:32.124#change#{"from":{"line":6,"ch":4,"sticky":"after"},"to":{"line":6,"ch":5,"sticky":null},"text":[""],"removed":["s"],"origin":"+delete"}
2019-5-9 18:23:32.124#keyHandled#"Backspace"
2019-5-9 18:23:32.210#change#{"from":{"line":6,"ch":4,"sticky":null},"to":{"line":6,"ch":4,"sticky":null},"text":["a"],"removed":[""],"origin":"+input"}
2019-5-9 18:23:32.340#change#{"from":{"line":6,"ch":5,"sticky":null},"to":{"line":6,"ch":5,"sticky":null},"text":["n"],"removed":[""],"origin":"+input"}
2019-5-9 18:23:32.349#change#{"from":{"line":6,"ch":6,"sticky":null},"to":{"line":6,"ch":6,"sticky":null},"text":["h"],"removed":[""],"origin":"+input"}
2019-5-9 18:23:33.452#change#{"from":{"line":6,"ch":6,"sticky":"after"},"to":{"line":6,"ch":7,"sticky":null},"text":[""],"removed":["h"],"origin":"+delete"}
2019-5-9 18:23:33.452#keyHandled#"Backspace"
2019-5-9 18:23:33.638#change#{"from":{"line":6,"ch":6,"sticky":null},"to":{"line":6,"ch":6,"sticky":null},"text":[" "],"removed":[""],"origin":"+input"}
2019-5-9 18:23:33.741#change#{"from":{"line":6,"ch":7,"sticky":null},"to":{"line":6,"ch":7,"sticky":null},"text":["="],"removed":[""],"origin":"+input"}
2019-5-9 18:23:33.870#change#{"from":{"line":6,"ch":8,"sticky":null},"to":{"line":6,"ch":8,"sticky":null},"text":[" "],"removed":[""],"origin":"+input"}
2019-5-9 18:23:38.791#change#{"from":{"line":6,"ch":9,"sticky":null},"to":{"line":6,"ch":9,"sticky":null},"text":["h"],"removed":[""],"origin":"+input"}
2019-5-9 18:23:39.857#change#{"from":{"line":6,"ch":10,"sticky":null},"to":{"line":6,"ch":10,"sticky":null},"text":["a"],"removed":[""],"origin":"+input"}
2019-5-9 18:23:40.021#change#{"from":{"line":6,"ch":11,"sticky":null},"to":{"line":6,"ch":11,"sticky":null},"text":["b"],"removed":[""],"origin":"+input"}
2019-5-9 18:23:40.150#change#{"from":{"line":6,"ch":12,"sticky":null},"to":{"line":6,"ch":12,"sticky":null},"text":["a"],"removed":[""],"origin":"+input"}
2019-5-9 18:23:40.376#change#{"from":{"line":6,"ch":13,"sticky":null},"to":{"line":6,"ch":13,"sticky":null},"text":[" "],"removed":[""],"origin":"+input"}
2019-5-9 18:23:41.532#change#{"from":{"line":6,"ch":14,"sticky":null},"to":{"line":6,"ch":14,"sticky":null},"text":["*"],"removed":[""],"origin":"+input"}
2019-5-9 18:23:42.502#change#{"from":{"line":6,"ch":15,"sticky":null},"to":{"line":6,"ch":15,"sticky":null},"text":[" "],"removed":[""],"origin":"+input"}
2019-5-9 18:23:43.367#change#{"from":{"line":6,"ch":16,"sticky":null},"to":{"line":6,"ch":16,"sticky":null},"text":["p"],"removed":[""],"origin":"+input"}
2019-5-9 18:23:43.431#change#{"from":{"line":6,"ch":17,"sticky":null},"to":{"line":6,"ch":17,"sticky":null},"text":["e"],"removed":[""],"origin":"+input"}
2019-5-9 18:23:43.638#change#{"from":{"line":6,"ch":18,"sticky":null},"to":{"line":6,"ch":18,"sticky":null},"text":["r"],"removed":[""],"origin":"+input"}
2019-5-9 18:23:43.821#change#{"from":{"line":6,"ch":19,"sticky":null},"to":{"line":6,"ch":19,"sticky":null},"text":["c"],"removed":[""],"origin":"+input"}
2019-5-9 18:23:43.962#change#{"from":{"line":6,"ch":20,"sticky":null},"to":{"line":6,"ch":20,"sticky":null},"text":["a"],"removed":[""],"origin":"+input"}
2019-5-9 18:23:50.232#change#{"from":{"line":6,"ch":21,"sticky":null},"to":{"line":6,"ch":21,"sticky":null},"text":["/"],"removed":[""],"origin":"+input"}
2019-5-9 18:23:50.440#change#{"from":{"line":6,"ch":22,"sticky":null},"to":{"line":6,"ch":22,"sticky":null},"text":["1"],"removed":[""],"origin":"+input"}
2019-5-9 18:23:50.554#change#{"from":{"line":6,"ch":23,"sticky":null},"to":{"line":6,"ch":23,"sticky":null},"text":["0"],"removed":[""],"origin":"+input"}
2019-5-9 18:23:50.715#change#{"from":{"line":6,"ch":24,"sticky":null},"to":{"line":6,"ch":24,"sticky":null},"text":["0"],"removed":[""],"origin":"+input"}
2019-5-9 18:23:51.352#keyHandled#"Left"
2019-5-9 18:23:51.853#keyHandled#"Left"
2019-5-9 18:23:51.903#keyHandled#"Left"
2019-5-9 18:23:51.954#keyHandled#"Left"
2019-5-9 18:23:52.004#keyHandled#"Left"
2019-5-9 18:23:52.053#keyHandled#"Left"
2019-5-9 18:23:52.240#keyHandled#"Left"
2019-5-9 18:23:52.427#keyHandled#"Left"
2019-5-9 18:23:52.613#keyHandled#"Left"
2019-5-9 18:23:53.356#change#{"from":{"line":6,"ch":16,"sticky":"after"},"to":{"line":6,"ch":16,"sticky":"after"},"text":["("],"removed":[""],"origin":"+input"}
2019-5-9 18:23:53.969#keyHandled#"Right"
2019-5-9 18:23:54.470#keyHandled#"Right"
2019-5-9 18:23:54.520#keyHandled#"Right"
2019-5-9 18:23:54.570#keyHandled#"Right"
2019-5-9 18:23:54.620#keyHandled#"Right"
2019-5-9 18:23:54.670#keyHandled#"Right"
2019-5-9 18:23:54.720#keyHandled#"Right"
2019-5-9 18:23:54.772#keyHandled#"Right"
2019-5-9 18:23:55.096#keyHandled#"Right"
2019-5-9 18:23:55.915#change#{"from":{"line":6,"ch":26,"sticky":"before"},"to":{"line":6,"ch":26,"sticky":"before"},"text":[")"],"removed":[""],"origin":"+input"}
2019-5-9 18:23:56.607#keyHandled#"Down"
2019-5-9 18:23:57.598#change#{"from":{"line":6,"ch":27,"sticky":null},"to":{"line":6,"ch":27,"sticky":null},"text":["",""],"removed":[""],"origin":"+input"}
2019-5-9 18:23:57.598#change#{"from":{"line":7,"ch":0,"sticky":null},"to":{"line":7,"ch":0,"sticky":null},"text":["\t"],"removed":[""],"origin":"+input"}
2019-5-9 18:23:57.598#keyHandled#"Enter"
2019-5-9 18:23:57.608#viewportChange#0
2019-5-9 18:23:57.897#change#{"from":{"line":7,"ch":1,"sticky":null},"to":{"line":7,"ch":1,"sticky":null},"text":["h"],"removed":[""],"origin":"+input"}
2019-5-9 18:23:58.619#change#{"from":{"line":7,"ch":2,"sticky":null},"to":{"line":7,"ch":2,"sticky":null},"text":["a"],"removed":[""],"origin":"+input"}
2019-5-9 18:23:58.941#change#{"from":{"line":7,"ch":3,"sticky":null},"to":{"line":7,"ch":3,"sticky":null},"text":["b"],"removed":[""],"origin":"+input"}
2019-5-9 18:23:59.145#change#{"from":{"line":7,"ch":4,"sticky":null},"to":{"line":7,"ch":4,"sticky":null},"text":["a"],"removed":[""],"origin":"+input"}
2019-5-9 18:23:59.310#change#{"from":{"line":7,"ch":5,"sticky":null},"to":{"line":7,"ch":5,"sticky":null},"text":[" "],"removed":[""],"origin":"+input"}
2019-5-9 18:23:59.451#change#{"from":{"line":7,"ch":6,"sticky":null},"to":{"line":7,"ch":6,"sticky":null},"text":["="],"removed":[""],"origin":"+input"}
2019-5-9 18:23:59.562#change#{"from":{"line":7,"ch":7,"sticky":null},"to":{"line":7,"ch":7,"sticky":null},"text":[" "],"removed":[""],"origin":"+input"}
2019-5-9 18:24:00.857#change#{"from":{"line":7,"ch":8,"sticky":null},"to":{"line":7,"ch":8,"sticky":null},"text":["h"],"removed":[""],"origin":"+input"}
2019-5-9 18:24:00.957#change#{"from":{"line":7,"ch":9,"sticky":null},"to":{"line":7,"ch":9,"sticky":null},"text":["a"],"removed":[""],"origin":"+input"}
2019-5-9 18:24:01.057#change#{"from":{"line":7,"ch":10,"sticky":null},"to":{"line":7,"ch":10,"sticky":null},"text":["b"],"removed":[""],"origin":"+input"}
2019-5-9 18:24:01.136#change#{"from":{"line":7,"ch":11,"sticky":null},"to":{"line":7,"ch":11,"sticky":null},"text":["a"],"removed":[""],"origin":"+input"}
2019-5-9 18:24:01.177#change#{"from":{"line":7,"ch":12,"sticky":null},"to":{"line":7,"ch":12,"sticky":null},"text":[" "],"removed":[""],"origin":"+input"}
2019-5-9 18:24:02.023#change#{"from":{"line":7,"ch":13,"sticky":null},"to":{"line":7,"ch":13,"sticky":null},"text":["+"],"removed":[""],"origin":"+input"}
2019-5-9 18:24:03.318#change#{"from":{"line":7,"ch":14,"sticky":null},"to":{"line":7,"ch":14,"sticky":null},"text":[" "],"removed":[""],"origin":"+input"}
2019-5-9 18:24:03.683#change#{"from":{"line":7,"ch":15,"sticky":null},"to":{"line":7,"ch":15,"sticky":null},"text":["h"],"removed":[""],"origin":"+input"}
2019-5-9 18:24:03.851#change#{"from":{"line":7,"ch":16,"sticky":null},"to":{"line":7,"ch":16,"sticky":null},"text":["a"],"removed":[""],"origin":"+input"}
2019-5-9 18:24:03.938#change#{"from":{"line":7,"ch":17,"sticky":null},"to":{"line":7,"ch":17,"sticky":null},"text":["b"],"removed":[""],"origin":"+input"}
2019-5-9 18:24:04.104#change#{"from":{"line":7,"ch":18,"sticky":null},"to":{"line":7,"ch":18,"sticky":null},"text":["a"],"removed":[""],"origin":"+input"}
2019-5-9 18:24:04.191#change#{"from":{"line":7,"ch":19,"sticky":null},"to":{"line":7,"ch":19,"sticky":null},"text":["n"],"removed":[""],"origin":"+input"}
2019-5-9 18:24:04.629#change#{"from":{"line":7,"ch":20,"sticky":null},"to":{"line":7,"ch":20,"sticky":null},"text":["",""],"removed":[""],"origin":"+input"}
2019-5-9 18:24:04.629#change#{"from":{"line":8,"ch":0,"sticky":null},"to":{"line":8,"ch":0,"sticky":null},"text":["\t"],"removed":[""],"origin":"+input"}
2019-5-9 18:24:04.629#keyHandled#"Enter"
2019-5-9 18:24:04.638#viewportChange#0
2019-5-9 18:24:13.519#change#{"from":{"line":8,"ch":1,"sticky":null},"to":{"line":8,"ch":1,"sticky":null},"text":["h"],"removed":[""],"origin":"+input"}
2019-5-9 18:24:13.664#change#{"from":{"line":8,"ch":2,"sticky":null},"to":{"line":8,"ch":2,"sticky":null},"text":["a"],"removed":[""],"origin":"+input"}
2019-5-9 18:24:14.093#change#{"from":{"line":8,"ch":2,"sticky":"after"},"to":{"line":8,"ch":3,"sticky":null},"text":[""],"removed":["a"],"origin":"+delete"}
2019-5-9 18:24:14.093#keyHandled#"Backspace"
2019-5-9 18:24:14.272#change#{"from":{"line":8,"ch":1,"sticky":"after"},"to":{"line":8,"ch":2,"sticky":null},"text":[""],"removed":["h"],"origin":"+delete"}
2019-5-9 18:24:14.272#keyHandled#"Backspace"
2019-5-9 18:24:15.240#change#{"from":{"line":8,"ch":1,"sticky":null},"to":{"line":8,"ch":1,"sticky":null},"text":["h"],"removed":[""],"origin":"+input"}
2019-5-9 18:24:15.407#change#{"from":{"line":8,"ch":2,"sticky":null},"to":{"line":8,"ch":2,"sticky":null},"text":["a"],"removed":[""],"origin":"+input"}
2019-5-9 18:24:15.645#change#{"from":{"line":8,"ch":3,"sticky":null},"to":{"line":8,"ch":3,"sticky":null},"text":["b"],"removed":[""],"origin":"+input"}
2019-5-9 18:24:15.965#change#{"from":{"line":8,"ch":4,"sticky":null},"to":{"line":8,"ch":4,"sticky":null},"text":["e"],"removed":[""],"origin":"+input"}
2019-5-9 18:24:16.080#change#{"from":{"line":8,"ch":5,"sticky":null},"to":{"line":8,"ch":5,"sticky":null},"text":["n"],"removed":[""],"origin":"+input"}
2019-5-9 18:24:16.604#change#{"from":{"line":8,"ch":5,"sticky":"after"},"to":{"line":8,"ch":6,"sticky":null},"text":[""],"removed":["n"],"origin":"+delete"}
2019-5-9 18:24:16.604#keyHandled#"Backspace"
2019-5-9 18:24:16.761#change#{"from":{"line":8,"ch":4,"sticky":"after"},"to":{"line":8,"ch":5,"sticky":null},"text":[""],"removed":["e"],"origin":"+delete"}
2019-5-9 18:24:16.761#keyHandled#"Backspace"
2019-5-9 18:24:17.477#change#{"from":{"line":8,"ch":4,"sticky":null},"to":{"line":8,"ch":4,"sticky":null},"text":["b"],"removed":[""],"origin":"+input"}
2019-5-9 18:24:20.036#change#{"from":{"line":8,"ch":4,"sticky":"after"},"to":{"line":8,"ch":5,"sticky":null},"text":[""],"removed":["b"],"origin":"+delete"}
2019-5-9 18:24:20.036#keyHandled#"Backspace"
2019-5-9 18:24:20.640#change#{"from":{"line":8,"ch":4,"sticky":null},"to":{"line":8,"ch":4,"sticky":null},"text":["b"],"removed":[""],"origin":"+input"}
2019-5-9 18:24:21.081#change#{"from":{"line":8,"ch":5,"sticky":null},"to":{"line":8,"ch":5,"sticky":null},"text":["n"],"removed":[""],"origin":"+input"}
2019-5-9 18:24:21.626#change#{"from":{"line":8,"ch":6,"sticky":null},"to":{"line":8,"ch":6,"sticky":null},"text":[" "],"removed":[""],"origin":"+input"}
2019-5-9 18:24:21.748#change#{"from":{"line":8,"ch":7,"sticky":null},"to":{"line":8,"ch":7,"sticky":null},"text":["="],"removed":[""],"origin":"+input"}
2019-5-9 18:24:21.965#change#{"from":{"line":8,"ch":8,"sticky":null},"to":{"line":8,"ch":8,"sticky":null},"text":[" "],"removed":[""],"origin":"+input"}
2019-5-9 18:24:22.810#change#{"from":{"line":8,"ch":9,"sticky":null},"to":{"line":8,"ch":9,"sticky":null},"text":["h"],"removed":[""],"origin":"+input"}
2019-5-9 18:24:22.976#change#{"from":{"line":8,"ch":10,"sticky":null},"to":{"line":8,"ch":10,"sticky":null},"text":["a"],"removed":[""],"origin":"+input"}
2019-5-9 18:24:23.212#change#{"from":{"line":8,"ch":11,"sticky":null},"to":{"line":8,"ch":11,"sticky":null},"text":["b"],"removed":[""],"origin":"+input"}
2019-5-9 18:24:23.365#change#{"from":{"line":8,"ch":12,"sticky":null},"to":{"line":8,"ch":12,"sticky":null},"text":["b"],"removed":[""],"origin":"+input"}
2019-5-9 18:24:23.804#change#{"from":{"line":8,"ch":13,"sticky":null},"to":{"line":8,"ch":13,"sticky":null},"text":[" "],"removed":[""],"origin":"+input"}
2019-5-9 18:24:24.839#change#{"from":{"line":8,"ch":14,"sticky":null},"to":{"line":8,"ch":14,"sticky":null},"text":["*"],"removed":[""],"origin":"+input"}
2019-5-9 18:24:26.334#change#{"from":{"line":8,"ch":15,"sticky":null},"to":{"line":8,"ch":15,"sticky":null},"text":[" "],"removed":[""],"origin":"+input"}
2019-5-9 18:24:27.394#change#{"from":{"line":8,"ch":15,"sticky":"after"},"to":{"line":8,"ch":16,"sticky":null},"text":[""],"removed":[" "],"origin":"+delete"}
2019-5-9 18:24:27.394#keyHandled#"Backspace"
2019-5-9 18:24:27.897#change#{"from":{"line":8,"ch":15,"sticky":null},"to":{"line":8,"ch":15,"sticky":null},"text":["()"],"removed":[""],"origin":"+input"}
2019-5-9 18:24:27.897#keyHandled#"'('"
2019-5-9 18:24:29.690#change#{"from":{"line":8,"ch":16,"sticky":"after"},"to":{"line":8,"ch":16,"sticky":"after"},"text":["p"],"removed":[""],"origin":"+input"}
2019-5-9 18:24:29.764#change#{"from":{"line":8,"ch":17,"sticky":null},"to":{"line":8,"ch":17,"sticky":null},"text":["e"],"removed":[""],"origin":"+input"}
2019-5-9 18:24:29.942#change#{"from":{"line":8,"ch":18,"sticky":null},"to":{"line":8,"ch":18,"sticky":null},"text":["r"],"removed":[""],"origin":"+input"}
2019-5-9 18:24:30.107#change#{"from":{"line":8,"ch":19,"sticky":null},"to":{"line":8,"ch":19,"sticky":null},"text":["c"],"removed":[""],"origin":"+input"}
2019-5-9 18:24:30.951#change#{"from":{"line":8,"ch":20,"sticky":null},"to":{"line":8,"ch":20,"sticky":null},"text":["b"],"removed":[""],"origin":"+input"}
2019-5-9 18:24:31.541#change#{"from":{"line":8,"ch":21,"sticky":null},"to":{"line":8,"ch":21,"sticky":null},"text":["/"],"removed":[""],"origin":"+input"}
2019-5-9 18:24:32.090#change#{"from":{"line":8,"ch":22,"sticky":null},"to":{"line":8,"ch":22,"sticky":null},"text":["1"],"removed":[""],"origin":"+input"}
2019-5-9 18:24:32.272#change#{"from":{"line":8,"ch":23,"sticky":null},"to":{"line":8,"ch":23,"sticky":null},"text":["0"],"removed":[""],"origin":"+input"}
2019-5-9 18:24:32.426#change#{"from":{"line":8,"ch":24,"sticky":null},"to":{"line":8,"ch":24,"sticky":null},"text":["0"],"removed":[""],"origin":"+input"}
2019-5-9 18:24:33.078#keyHandled#"Right"
2019-5-9 18:24:33.816#change#{"from":{"line":8,"ch":26,"sticky":"before"},"to":{"line":8,"ch":26,"sticky":"before"},"text":["",""],"removed":[""],"origin":"+input"}
2019-5-9 18:24:33.816#change#{"from":{"line":9,"ch":0,"sticky":null},"to":{"line":9,"ch":0,"sticky":null},"text":["\t"],"removed":[""],"origin":"+input"}
2019-5-9 18:24:33.816#keyHandled#"Enter"
2019-5-9 18:24:33.834#viewportChange#0
2019-5-9 18:24:34.564#change#{"from":{"line":9,"ch":1,"sticky":null},"to":{"line":9,"ch":1,"sticky":null},"text":["h"],"removed":[""],"origin":"+input"}
2019-5-9 18:24:34.727#change#{"from":{"line":9,"ch":2,"sticky":null},"to":{"line":9,"ch":2,"sticky":null},"text":["a"],"removed":[""],"origin":"+input"}
2019-5-9 18:24:34.895#change#{"from":{"line":9,"ch":3,"sticky":null},"to":{"line":9,"ch":3,"sticky":null},"text":["b"],"removed":[""],"origin":"+input"}
2019-5-9 18:24:35.144#change#{"from":{"line":9,"ch":4,"sticky":null},"to":{"line":9,"ch":4,"sticky":null},"text":["b"],"removed":[""],"origin":"+input"}
2019-5-9 18:24:35.608#change#{"from":{"line":9,"ch":5,"sticky":null},"to":{"line":9,"ch":5,"sticky":null},"text":[" "],"removed":[""],"origin":"+input"}
2019-5-9 18:24:35.758#change#{"from":{"line":9,"ch":6,"sticky":null},"to":{"line":9,"ch":6,"sticky":null},"text":["="],"removed":[""],"origin":"+input"}
2019-5-9 18:24:35.851#change#{"from":{"line":9,"ch":7,"sticky":null},"to":{"line":9,"ch":7,"sticky":null},"text":[" "],"removed":[""],"origin":"+input"}
2019-5-9 18:24:37.837#change#{"from":{"line":9,"ch":8,"sticky":null},"to":{"line":9,"ch":8,"sticky":null},"text":["a"],"removed":[""],"origin":"+input"}
2019-5-9 18:24:38.243#change#{"from":{"line":9,"ch":8,"sticky":"after"},"to":{"line":9,"ch":9,"sticky":null},"text":[""],"removed":["a"],"origin":"+delete"}
2019-5-9 18:24:38.243#keyHandled#"Backspace"
2019-5-9 18:24:38.506#change#{"from":{"line":9,"ch":8,"sticky":null},"to":{"line":9,"ch":8,"sticky":null},"text":["h"],"removed":[""],"origin":"+input"}
2019-5-9 18:24:38.663#change#{"from":{"line":9,"ch":9,"sticky":null},"to":{"line":9,"ch":9,"sticky":null},"text":["a"],"removed":[""],"origin":"+input"}
2019-5-9 18:24:38.839#change#{"from":{"line":9,"ch":10,"sticky":null},"to":{"line":9,"ch":10,"sticky":null},"text":["b"],"removed":[""],"origin":"+input"}
2019-5-9 18:24:38.963#change#{"from":{"line":9,"ch":11,"sticky":null},"to":{"line":9,"ch":11,"sticky":null},"text":["b"],"removed":[""],"origin":"+input"}
2019-5-9 18:24:39.303#change#{"from":{"line":9,"ch":12,"sticky":null},"to":{"line":9,"ch":12,"sticky":null},"text":[" "],"removed":[""],"origin":"+input"}
2019-5-9 18:24:39.812#change#{"from":{"line":9,"ch":13,"sticky":null},"to":{"line":9,"ch":13,"sticky":null},"text":["+"],"removed":[""],"origin":"+input"}
2019-5-9 18:24:40.133#change#{"from":{"line":9,"ch":14,"sticky":null},"to":{"line":9,"ch":14,"sticky":null},"text":[" "],"removed":[""],"origin":"+input"}
2019-5-9 18:24:40.304#change#{"from":{"line":9,"ch":15,"sticky":null},"to":{"line":9,"ch":15,"sticky":null},"text":["h"],"removed":[""],"origin":"+input"}
2019-5-9 18:24:40.494#change#{"from":{"line":9,"ch":16,"sticky":null},"to":{"line":9,"ch":16,"sticky":null},"text":["a"],"removed":[""],"origin":"+input"}
2019-5-9 18:24:40.806#change#{"from":{"line":9,"ch":17,"sticky":null},"to":{"line":9,"ch":17,"sticky":null},"text":["b"],"removed":[""],"origin":"+input"}
2019-5-9 18:24:40.966#change#{"from":{"line":9,"ch":18,"sticky":null},"to":{"line":9,"ch":18,"sticky":null},"text":["b"],"removed":[""],"origin":"+input"}
2019-5-9 18:24:41.179#change#{"from":{"line":9,"ch":19,"sticky":null},"to":{"line":9,"ch":19,"sticky":null},"text":["n"],"removed":[""],"origin":"+input"}
2019-5-9 18:24:42.754#change#{"from":{"line":9,"ch":20,"sticky":null},"to":{"line":9,"ch":20,"sticky":null},"text":["",""],"removed":[""],"origin":"+input"}
2019-5-9 18:24:42.754#change#{"from":{"line":10,"ch":0,"sticky":null},"to":{"line":10,"ch":0,"sticky":null},"text":["\t"],"removed":[""],"origin":"+input"}
2019-5-9 18:24:42.754#keyHandled#"Enter"
2019-5-9 18:24:42.762#viewportChange#0
2019-5-9 18:24:50.377#change#{"from":{"line":10,"ch":1,"sticky":null},"to":{"line":10,"ch":1,"sticky":null},"text":["a"],"removed":[""],"origin":"+input"}
2019-5-9 18:24:50.513#change#{"from":{"line":10,"ch":2,"sticky":null},"to":{"line":10,"ch":2,"sticky":null},"text":["n"],"removed":[""],"origin":"+input"}
2019-5-9 18:24:51.108#change#{"from":{"line":10,"ch":3,"sticky":null},"to":{"line":10,"ch":3,"sticky":null},"text":["p"],"removed":[""],"origin":"+input"}
2019-5-9 18:24:51.345#change#{"from":{"line":10,"ch":4,"sticky":null},"to":{"line":10,"ch":4,"sticky":null},"text":["s"],"removed":[""],"origin":"+input"}
2019-5-9 18:24:51.506#change#{"from":{"line":10,"ch":5,"sticky":null},"to":{"line":10,"ch":5,"sticky":null},"text":[" "],"removed":[""],"origin":"+input"}
2019-5-9 18:24:51.869#change#{"from":{"line":10,"ch":5,"sticky":"after"},"to":{"line":10,"ch":6,"sticky":null},"text":[""],"removed":[" "],"origin":"+delete"}
2019-5-9 18:24:51.869#keyHandled#"Backspace"
2019-5-9 18:24:52.041#change#{"from":{"line":10,"ch":4,"sticky":"after"},"to":{"line":10,"ch":5,"sticky":null},"text":[""],"removed":["s"],"origin":"+delete"}
2019-5-9 18:24:52.041#keyHandled#"Backspace"
2019-5-9 18:24:52.187#change#{"from":{"line":10,"ch":3,"sticky":"after"},"to":{"line":10,"ch":4,"sticky":null},"text":[""],"removed":["p"],"origin":"+delete"}
2019-5-9 18:24:52.187#keyHandled#"Backspace"
2019-5-9 18:24:52.415#change#{"from":{"line":10,"ch":3,"sticky":null},"to":{"line":10,"ch":3,"sticky":null},"text":["o"],"removed":[""],"origin":"+input"}
2019-5-9 18:24:52.557#change#{"from":{"line":10,"ch":4,"sticky":null},"to":{"line":10,"ch":4,"sticky":null},"text":["s"],"removed":[""],"origin":"+input"}
2019-5-9 18:24:52.629#change#{"from":{"line":10,"ch":5,"sticky":null},"to":{"line":10,"ch":5,"sticky":null},"text":[" "],"removed":[""],"origin":"+input"}
2019-5-9 18:24:53.854#change#{"from":{"line":10,"ch":6,"sticky":null},"to":{"line":10,"ch":6,"sticky":null},"text":["="],"removed":[""],"origin":"+input"}
2019-5-9 18:24:53.974#change#{"from":{"line":10,"ch":7,"sticky":null},"to":{"line":10,"ch":7,"sticky":null},"text":[" "],"removed":[""],"origin":"+input"}
2019-5-9 18:24:54.113#change#{"from":{"line":10,"ch":8,"sticky":null},"to":{"line":10,"ch":8,"sticky":null},"text":["a"],"removed":[""],"origin":"+input"}
2019-5-9 18:24:54.191#change#{"from":{"line":10,"ch":9,"sticky":null},"to":{"line":10,"ch":9,"sticky":null},"text":["n"],"removed":[""],"origin":"+input"}
2019-5-9 18:24:54.373#change#{"from":{"line":10,"ch":10,"sticky":null},"to":{"line":10,"ch":10,"sticky":null},"text":["o"],"removed":[""],"origin":"+input"}
2019-5-9 18:24:54.498#change#{"from":{"line":10,"ch":11,"sticky":null},"to":{"line":10,"ch":11,"sticky":null},"text":["s"],"removed":[""],"origin":"+input"}
2019-5-9 18:24:54.523#change#{"from":{"line":10,"ch":12,"sticky":null},"to":{"line":10,"ch":12,"sticky":null},"text":[" "],"removed":[""],"origin":"+input"}
2019-5-9 18:24:55.706#change#{"from":{"line":10,"ch":13,"sticky":null},"to":{"line":10,"ch":13,"sticky":null},"text":["+"],"removed":[""],"origin":"+input"}
2019-5-9 18:24:56.092#change#{"from":{"line":10,"ch":14,"sticky":null},"to":{"line":10,"ch":14,"sticky":null},"text":[" "],"removed":[""],"origin":"+input"}
2019-5-9 18:24:56.270#change#{"from":{"line":10,"ch":15,"sticky":null},"to":{"line":10,"ch":15,"sticky":null},"text":["1"],"removed":[""],"origin":"+input"}
2019-5-9 18:24:57.818#keyHandled#"Right"
2019-5-9 18:24:59.609#change#{"from":{"line":10,"ch":16,"sticky":null},"to":{"line":10,"ch":16,"sticky":null,"hitSide":true},"text":["",""],"removed":[""],"origin":"+input"}
2019-5-9 18:24:59.609#change#{"from":{"line":11,"ch":0,"sticky":null},"to":{"line":11,"ch":0,"sticky":null},"text":["\t"],"removed":[""],"origin":"+input"}
2019-5-9 18:24:59.609#keyHandled#"Enter"
2019-5-9 18:24:59.618#viewportChange#0
2019-5-9 18:25:00.500#change#{"from":{"line":11,"ch":1,"sticky":null},"to":{"line":11,"ch":1,"sticky":null},"text":["",""],"removed":[""],"origin":"+input"}
2019-5-9 18:25:00.500#change#{"from":{"line":12,"ch":0,"sticky":null},"to":{"line":12,"ch":0,"sticky":null},"text":["\t"],"removed":[""],"origin":"+input"}
2019-5-9 18:25:00.500#keyHandled#"Enter"
2019-5-9 18:25:00.507#viewportChange#0
2019-5-9 18:25:00.781#change#{"from":{"line":12,"ch":0,"sticky":"after"},"to":{"line":12,"ch":1,"sticky":null},"text":[""],"removed":["\t"],"origin":"+delete"}
2019-5-9 18:25:00.781#keyHandled#"Backspace"
2019-5-9 18:25:01.811#change#{"from":{"line":12,"ch":0,"sticky":null},"to":{"line":12,"ch":0,"sticky":null},"text":["p"],"removed":[""],"origin":"+input"}
2019-5-9 18:25:02.227#change#{"from":{"line":12,"ch":1,"sticky":null},"to":{"line":12,"ch":1,"sticky":null},"text":["r"],"removed":[""],"origin":"+input"}
2019-5-9 18:25:02.335#change#{"from":{"line":12,"ch":2,"sticky":null},"to":{"line":12,"ch":2,"sticky":null},"text":["i"],"removed":[""],"origin":"+input"}
2019-5-9 18:25:02.556#change#{"from":{"line":12,"ch":3,"sticky":null},"to":{"line":12,"ch":3,"sticky":null},"text":["n"],"removed":[""],"origin":"+input"}
2019-5-9 18:25:02.681#change#{"from":{"line":12,"ch":4,"sticky":null},"to":{"line":12,"ch":4,"sticky":null},"text":["t"],"removed":[""],"origin":"+input"}
2019-5-9 18:25:03.425#change#{"from":{"line":12,"ch":5,"sticky":null},"to":{"line":12,"ch":5,"sticky":null},"text":["()"],"removed":[""],"origin":"+input"}
2019-5-9 18:25:03.425#keyHandled#"'('"
2019-5-9 18:25:03.720#change#{"from":{"line":12,"ch":6,"sticky":"after"},"to":{"line":12,"ch":6,"sticky":"after"},"text":["a"],"removed":[""],"origin":"+input"}
2019-5-9 18:25:03.827#change#{"from":{"line":12,"ch":7,"sticky":null},"to":{"line":12,"ch":7,"sticky":null},"text":["n"],"removed":[""],"origin":"+input"}
2019-5-9 18:25:04.034#change#{"from":{"line":12,"ch":8,"sticky":null},"to":{"line":12,"ch":8,"sticky":null},"text":["o"],"removed":[""],"origin":"+input"}
2019-5-9 18:25:04.162#change#{"from":{"line":12,"ch":9,"sticky":null},"to":{"line":12,"ch":9,"sticky":null},"text":["s"],"removed":[""],"origin":"+input"}
2019-5-9 18:25:04.034#change#{"from":{"line":12,"ch":8,"sticky":null},"to":{"line":12,"ch":8,"sticky":null},"text":["o"],"removed":[""],"origin":"+input"}
2019-5-9 18:25:04.162#change#{"from":{"line":12,"ch":9,"sticky":null},"to":{"line":12,"ch":9,"sticky":null},"text":["s"],"removed":[""],"origin":"+input"}
2019-5-9 18:25:06.128#saida_testar#$ python3 main.py
2019-5-9 18:25:07.884#blur#
2019-5-9 18:25:07.884#blur#
2019-5-9 18:25:29.228#submit#Congratulations, your code is correct!
2019-5-14 18:41:49.953#viewportChange#0
2019-5-14 18:42:28.578#mousedown#{"isTrusted":true}
2019-5-14 18:42:28.600#focus#
2019-5-14 18:42:34.421#mousedown#{"isTrusted":true}
2019-5-14 18:42:35.004#mousedown#{"isTrusted":true}
2019-5-14 18:42:59.742#mousedown#{"isTrusted":true}
2019-5-14 18:43:00.797#change#{"from":{"line":0,"ch":3,"sticky":"after"},"to":{"line":0,"ch":4,"sticky":"before","xRel":-4.20001220703125},"text":[""],"removed":["a"],"origin":"+delete"}
2019-5-14 18:43:00.797#keyHandled#"Backspace"
2019-5-14 18:43:00.930#change#{"from":{"line":0,"ch":2,"sticky":"after"},"to":{"line":0,"ch":3,"sticky":null},"text":[""],"removed":["b"],"origin":"+delete"}
2019-5-14 18:43:00.930#keyHandled#"Backspace"
2019-5-14 18:43:01.077#change#{"from":{"line":0,"ch":1,"sticky":"after"},"to":{"line":0,"ch":2,"sticky":null},"text":[""],"removed":["a"],"origin":"+delete"}
2019-5-14 18:43:01.077#keyHandled#"Backspace"
2019-5-14 18:43:01.220#change#{"from":{"line":0,"ch":0,"sticky":"after"},"to":{"line":0,"ch":1,"sticky":null},"text":[""],"removed":["h"],"origin":"+delete"}
2019-5-14 18:43:01.220#keyHandled#"Backspace"
2019-5-14 18:43:01.645#change#{"from":{"line":0,"ch":0,"sticky":null},"to":{"line":0,"ch":0,"sticky":null},"text":["N"],"removed":[""],"origin":"+input"}
2019-5-14 18:43:02.166#change#{"from":{"line":0,"ch":1,"sticky":null},"to":{"line":0,"ch":1,"sticky":null},"text":["a"],"removed":[""],"origin":"+input"}
2019-5-14 18:43:02.461#keyHandled#"Down"
2019-5-14 18:43:02.746#keyHandled#"Right"
2019-5-14 18:43:02.965#keyHandled#"Right"
2019-5-14 18:43:03.651#change#{"from":{"line":1,"ch":3,"sticky":"after"},"to":{"line":1,"ch":4,"sticky":"before"},"text":[""],"removed":["b"],"origin":"+delete"}
2019-5-14 18:43:03.651#keyHandled#"Backspace"
2019-5-14 18:43:03.815#change#{"from":{"line":1,"ch":2,"sticky":"after"},"to":{"line":1,"ch":3,"sticky":null},"text":[""],"removed":["b"],"origin":"+delete"}
2019-5-14 18:43:03.815#keyHandled#"Backspace"
2019-5-14 18:43:03.950#change#{"from":{"line":1,"ch":1,"sticky":"after"},"to":{"line":1,"ch":2,"sticky":null},"text":[""],"removed":["a"],"origin":"+delete"}
2019-5-14 18:43:03.950#keyHandled#"Backspace"
2019-5-14 18:43:04.090#change#{"from":{"line":1,"ch":0,"sticky":"after"},"to":{"line":1,"ch":1,"sticky":null},"text":[""],"removed":["h"],"origin":"+delete"}
2019-5-14 18:43:04.090#keyHandled#"Backspace"
2019-5-14 18:43:04.443#change#{"from":{"line":1,"ch":0,"sticky":null},"to":{"line":1,"ch":0,"sticky":null},"text":["N"],"removed":[""],"origin":"+input"}
2019-5-14 18:43:05.243#change#{"from":{"line":1,"ch":1,"sticky":null},"to":{"line":1,"ch":1,"sticky":null},"text":["b"],"removed":[""],"origin":"+input"}
2019-5-14 18:43:05.636#keyHandled#"Down"
2019-5-14 18:43:06.021#keyHandled#"Right"
2019-5-14 18:43:06.201#keyHandled#"Right"
2019-5-14 18:43:06.355#keyHandled#"Right"
2019-5-14 18:43:08.406#change#{"from":{"line":2,"ch":4,"sticky":"after"},"to":{"line":2,"ch":5,"sticky":"before"},"text":[""],"removed":["a"],"origin":"+delete"}
2019-5-14 18:43:08.406#keyHandled#"Backspace"
2019-5-14 18:43:08.530#change#{"from":{"line":2,"ch":3,"sticky":"after"},"to":{"line":2,"ch":4,"sticky":null},"text":[""],"removed":["c"],"origin":"+delete"}
2019-5-14 18:43:08.530#keyHandled#"Backspace"
2019-5-14 18:43:08.684#change#{"from":{"line":2,"ch":2,"sticky":"after"},"to":{"line":2,"ch":3,"sticky":null},"text":[""],"removed":["r"],"origin":"+delete"}
2019-5-14 18:43:08.684#keyHandled#"Backspace"
2019-5-14 18:43:08.795#change#{"from":{"line":2,"ch":1,"sticky":"after"},"to":{"line":2,"ch":2,"sticky":null},"text":[""],"removed":["e"],"origin":"+delete"}
2019-5-14 18:43:08.796#keyHandled#"Backspace"
2019-5-14 18:43:08.976#change#{"from":{"line":2,"ch":0,"sticky":"after"},"to":{"line":2,"ch":1,"sticky":null},"text":[""],"removed":["p"],"origin":"+delete"}
2019-5-14 18:43:08.976#keyHandled#"Backspace"
2019-5-14 18:43:09.611#change#{"from":{"line":2,"ch":0,"sticky":null},"to":{"line":2,"ch":0,"sticky":null},"text":["P"],"removed":[""],"origin":"+input"}
2019-5-14 18:43:09.809#change#{"from":{"line":2,"ch":1,"sticky":null},"to":{"line":2,"ch":1,"sticky":null},"text":["a"],"removed":[""],"origin":"+input"}
2019-5-14 18:43:10.336#keyHandled#"Right"
2019-5-14 18:43:10.357#keyHandled#"Down"
2019-5-14 18:43:10.534#keyHandled#"Right"
2019-5-14 18:43:10.785#keyHandled#"Right"
2019-5-14 18:43:11.261#change#{"from":{"line":3,"ch":4,"sticky":"after"},"to":{"line":3,"ch":5,"sticky":"before"},"text":[""],"removed":["b"],"origin":"+delete"}
2019-5-14 18:43:11.261#keyHandled#"Backspace"
2019-5-14 18:43:11.438#change#{"from":{"line":3,"ch":3,"sticky":"after"},"to":{"line":3,"ch":4,"sticky":null},"text":[""],"removed":["c"],"origin":"+delete"}
2019-5-14 18:43:11.438#keyHandled#"Backspace"
2019-5-14 18:43:11.539#change#{"from":{"line":3,"ch":2,"sticky":"after"},"to":{"line":3,"ch":3,"sticky":null},"text":[""],"removed":["r"],"origin":"+delete"}
2019-5-14 18:43:11.539#keyHandled#"Backspace"
2019-5-14 18:43:11.672#change#{"from":{"line":3,"ch":1,"sticky":"after"},"to":{"line":3,"ch":2,"sticky":null},"text":[""],"removed":["e"],"origin":"+delete"}
2019-5-14 18:43:11.673#keyHandled#"Backspace"
2019-5-14 18:43:11.827#change#{"from":{"line":3,"ch":0,"sticky":"after"},"to":{"line":3,"ch":1,"sticky":null},"text":[""],"removed":["p"],"origin":"+delete"}
2019-5-14 18:43:11.827#keyHandled#"Backspace"
2019-5-14 18:43:12.472#change#{"from":{"line":3,"ch":0,"sticky":null},"to":{"line":3,"ch":0,"sticky":null},"text":["P"],"removed":[""],"origin":"+input"}
2019-5-14 18:43:12.868#change#{"from":{"line":3,"ch":1,"sticky":null},"to":{"line":3,"ch":1,"sticky":null},"text":["b"],"removed":[""],"origin":"+input"}
2019-5-14 18:43:13.354#keyHandled#"Down"
2019-5-14 18:43:13.542#keyHandled#"Down"
2019-5-14 18:43:13.676#keyHandled#"Right"
2019-5-14 18:43:13.885#keyHandled#"Right"
2019-5-14 18:43:14.056#keyHandled#"Right"
2019-5-14 18:43:14.077#keyHandled#"Down"
2019-5-14 18:43:14.194#keyHandled#"Right"
2019-5-14 18:43:14.695#keyHandled#"Right"
2019-5-14 18:43:14.745#keyHandled#"Right"
2019-5-14 18:43:14.794#keyHandled#"Right"
2019-5-14 18:43:14.844#keyHandled#"Right"
2019-5-14 18:43:14.895#keyHandled#"Right"
2019-5-14 18:43:15.062#keyHandled#"Right"
2019-5-14 18:43:15.216#keyHandled#"Right"
2019-5-14 18:43:15.362#keyHandled#"Right"
2019-5-14 18:43:15.556#keyHandled#"Right"
2019-5-14 18:43:17.081#change#{"from":{"line":6,"ch":12,"sticky":"after"},"to":{"line":6,"ch":13,"sticky":"before"},"text":[""],"removed":["a"],"origin":"+delete"}
2019-5-14 18:43:17.081#keyHandled#"Backspace"
2019-5-14 18:43:17.241#change#{"from":{"line":6,"ch":11,"sticky":"after"},"to":{"line":6,"ch":12,"sticky":null},"text":[""],"removed":["b"],"origin":"+delete"}
2019-5-14 18:43:17.241#keyHandled#"Backspace"
2019-5-14 18:43:17.405#change#{"from":{"line":6,"ch":10,"sticky":"after"},"to":{"line":6,"ch":11,"sticky":null},"text":[""],"removed":["a"],"origin":"+delete"}
2019-5-14 18:43:17.405#keyHandled#"Backspace"
2019-5-14 18:43:17.554#change#{"from":{"line":6,"ch":9,"sticky":"after"},"to":{"line":6,"ch":10,"sticky":null},"text":[""],"removed":["h"],"origin":"+delete"}
2019-5-14 18:43:17.554#keyHandled#"Backspace"
2019-5-14 18:43:17.970#change#{"from":{"line":6,"ch":9,"sticky":null},"to":{"line":6,"ch":9,"sticky":null},"text":["B"],"removed":[""],"origin":"+input"}
2019-5-14 18:43:19.156#change#{"from":{"line":6,"ch":9,"sticky":"after"},"to":{"line":6,"ch":10,"sticky":null},"text":[""],"removed":["B"],"origin":"+delete"}
2019-5-14 18:43:19.156#keyHandled#"Backspace"
2019-5-14 18:43:20.489#change#{"from":{"line":6,"ch":9,"sticky":null},"to":{"line":6,"ch":9,"sticky":null},"text":["B"],"removed":[""],"origin":"undo"}
2019-5-14 18:43:20.489#keyHandled#"Ctrl-Z"
2019-5-14 18:43:21.054#change#{"from":{"line":6,"ch":9,"sticky":null},"to":{"line":6,"ch":10,"sticky":null},"text":[""],"removed":["B"],"origin":"undo"}
2019-5-14 18:43:21.054#keyHandled#"Ctrl-Z"
2019-5-14 18:43:21.425#change#{"from":{"line":6,"ch":9,"sticky":null},"to":{"line":6,"ch":9,"sticky":null},"text":["h"],"removed":[""],"origin":"undo"}
2019-5-14 18:43:21.425#change#{"from":{"line":6,"ch":10,"sticky":null},"to":{"line":6,"ch":10,"sticky":null},"text":["a"],"removed":[""],"origin":"undo"}
2019-5-14 18:43:21.425#change#{"from":{"line":6,"ch":11,"sticky":null},"to":{"line":6,"ch":11,"sticky":null},"text":["b"],"removed":[""],"origin":"undo"}
2019-5-14 18:43:21.425#change#{"from":{"line":6,"ch":12,"sticky":null},"to":{"line":6,"ch":12,"sticky":null},"text":["a"],"removed":[""],"origin":"undo"}
2019-5-14 18:43:21.426#keyHandled#"Ctrl-Z"
2019-5-14 18:43:22.779#change#{"from":{"line":6,"ch":12,"sticky":"after"},"to":{"line":6,"ch":13,"sticky":"before"},"text":[""],"removed":["a"],"origin":"+delete"}
2019-5-14 18:43:22.779#keyHandled#"Backspace"
2019-5-14 18:43:22.949#change#{"from":{"line":6,"ch":11,"sticky":"after"},"to":{"line":6,"ch":12,"sticky":null},"text":[""],"removed":["b"],"origin":"+delete"}
2019-5-14 18:43:22.949#keyHandled#"Backspace"
2019-5-14 18:43:23.058#change#{"from":{"line":6,"ch":10,"sticky":"after"},"to":{"line":6,"ch":11,"sticky":null},"text":[""],"removed":["a"],"origin":"+delete"}
2019-5-14 18:43:23.058#keyHandled#"Backspace"
2019-5-14 18:43:23.256#change#{"from":{"line":6,"ch":9,"sticky":"after"},"to":{"line":6,"ch":10,"sticky":null},"text":[""],"removed":["h"],"origin":"+delete"}
2019-5-14 18:43:23.256#keyHandled#"Backspace"
2019-5-14 18:43:23.784#change#{"from":{"line":6,"ch":9,"sticky":null},"to":{"line":6,"ch":9,"sticky":null},"text":["N"],"removed":[""],"origin":"+input"}
2019-5-14 18:43:24.194#change#{"from":{"line":6,"ch":10,"sticky":null},"to":{"line":6,"ch":10,"sticky":null},"text":["a"],"removed":[""],"origin":"+input"}
2019-5-14 18:43:24.857#keyHandled#"Right"
2019-5-14 18:43:25.295#keyHandled#"Right"
2019-5-14 18:43:25.789#keyHandled#"Right"
2019-5-14 18:43:26.289#keyHandled#"Right"
2019-5-14 18:43:26.339#keyHandled#"Right"
2019-5-14 18:43:26.389#keyHandled#"Right"
2019-5-14 18:43:26.602#keyHandled#"Right"
2019-5-14 18:43:26.782#keyHandled#"Right"
2019-5-14 18:43:26.919#keyHandled#"Right"
2019-5-14 18:43:27.305#change#{"from":{"line":6,"ch":19,"sticky":"after"},"to":{"line":6,"ch":20,"sticky":"before"},"text":[""],"removed":["a"],"origin":"+delete"}
2019-5-14 18:43:27.305#keyHandled#"Backspace"
2019-5-14 18:43:27.446#change#{"from":{"line":6,"ch":18,"sticky":"after"},"to":{"line":6,"ch":19,"sticky":null},"text":[""],"removed":["c"],"origin":"+delete"}
2019-5-14 18:43:27.446#keyHandled#"Backspace"
2019-5-14 18:43:27.612#change#{"from":{"line":6,"ch":17,"sticky":"after"},"to":{"line":6,"ch":18,"sticky":null},"text":[""],"removed":["r"],"origin":"+delete"}
2019-5-14 18:43:27.612#keyHandled#"Backspace"
2019-5-14 18:43:27.739#change#{"from":{"line":6,"ch":16,"sticky":"after"},"to":{"line":6,"ch":17,"sticky":null},"text":[""],"removed":["e"],"origin":"+delete"}
2019-5-14 18:43:27.739#keyHandled#"Backspace"
2019-5-14 18:43:27.868#change#{"from":{"line":6,"ch":15,"sticky":"after"},"to":{"line":6,"ch":16,"sticky":null},"text":[""],"removed":["p"],"origin":"+delete"}
2019-5-14 18:43:27.869#keyHandled#"Backspace"
2019-5-14 18:43:28.554#change#{"from":{"line":6,"ch":15,"sticky":null},"to":{"line":6,"ch":15,"sticky":null},"text":["P"],"removed":[""],"origin":"+input"}
2019-5-14 18:43:28.933#change#{"from":{"line":6,"ch":16,"sticky":null},"to":{"line":6,"ch":16,"sticky":null},"text":["a"],"removed":[""],"origin":"+input"}
2019-5-14 18:43:29.298#keyHandled#"Down"
2019-5-14 18:43:29.581#keyHandled#"Left"
2019-5-14 18:43:30.060#keyHandled#"Left"
2019-5-14 18:43:30.110#keyHandled#"Left"
2019-5-14 18:43:30.161#keyHandled#"Left"
2019-5-14 18:43:30.211#keyHandled#"Left"
2019-5-14 18:43:30.410#keyHandled#"Left"
2019-5-14 18:43:30.618#keyHandled#"Right"
2019-5-14 18:43:31.129#change#{"from":{"line":7,"ch":11,"sticky":"after"},"to":{"line":7,"ch":12,"sticky":"before"},"text":[""],"removed":["a"],"origin":"+delete"}
2019-5-14 18:43:31.129#keyHandled#"Backspace"
2019-5-14 18:43:31.289#change#{"from":{"line":7,"ch":10,"sticky":"after"},"to":{"line":7,"ch":11,"sticky":null},"text":[""],"removed":["b"],"origin":"+delete"}
2019-5-14 18:43:31.290#keyHandled#"Backspace"
2019-5-14 18:43:31.433#change#{"from":{"line":7,"ch":9,"sticky":"after"},"to":{"line":7,"ch":10,"sticky":null},"text":[""],"removed":["a"],"origin":"+delete"}
2019-5-14 18:43:31.433#keyHandled#"Backspace"
2019-5-14 18:43:31.829#change#{"from":{"line":7,"ch":8,"sticky":"after"},"to":{"line":7,"ch":9,"sticky":null},"text":[""],"removed":["h"],"origin":"+delete"}
2019-5-14 18:43:31.829#keyHandled#"Backspace"
2019-5-14 18:43:32.436#change#{"from":{"line":7,"ch":8,"sticky":null},"to":{"line":7,"ch":8,"sticky":null},"text":["N"],"removed":[""],"origin":"+input"}
2019-5-14 18:43:32.806#change#{"from":{"line":7,"ch":9,"sticky":null},"to":{"line":7,"ch":9,"sticky":null},"text":["a"],"removed":[""],"origin":"+input"}
2019-5-14 18:43:33.103#keyHandled#"Right"
2019-5-14 18:43:33.317#keyHandled#"Right"
2019-5-14 18:43:33.463#keyHandled#"Right"
2019-5-14 18:43:33.648#keyHandled#"Right"
2019-5-14 18:43:33.814#keyHandled#"Right"
2019-5-14 18:43:34.002#keyHandled#"Right"
2019-5-14 18:43:34.176#keyHandled#"Right"
2019-5-14 18:43:34.305#keyHandled#"Right"
2019-5-14 18:43:37.686#keyHandled#"Up"
2019-5-14 18:43:37.885#keyHandled#"Left"
2019-5-14 18:43:38.131#keyHandled#"Down"
2019-5-14 18:43:38.328#keyHandled#"Left"
2019-5-14 18:43:38.650#keyHandled#"Left"
2019-5-14 18:43:38.819#keyHandled#"Down"
2019-5-14 18:43:39.039#keyHandled#"Left"
2019-5-14 18:43:39.518#keyHandled#"Left"
2019-5-14 18:43:39.687#keyHandled#"Left"
2019-5-14 18:43:39.910#keyHandled#"Left"
2019-5-14 18:43:40.308#keyHandled#"Up"
2019-5-14 18:43:40.488#keyHandled#"Left"
2019-5-14 18:43:40.732#keyHandled#"Up"
2019-5-14 18:43:40.986#keyHandled#"Up"
2019-5-14 18:43:41.011#keyHandled#"Left"
2019-5-14 18:43:41.499#keyHandled#"Down"
2019-5-14 18:43:41.725#keyHandled#"Down"
2019-5-14 18:43:41.999#keyHandled#"Up"
2019-5-14 18:43:56.354#keyHandled#"Left"
2019-5-14 18:43:56.624#keyHandled#"Left"
2019-5-14 18:43:57.029#keyHandled#"Left"
2019-5-14 18:43:57.518#keyHandled#"Right"
2019-5-14 18:43:58.262#keyHandled#"Right"
2019-5-14 18:43:58.465#keyHandled#"Right"
2019-5-14 18:43:58.645#keyHandled#"Right"
2019-5-14 18:43:58.846#keyHandled#"Down"
2019-5-14 18:43:59.080#keyHandled#"Down"
2019-5-14 18:43:59.246#keyHandled#"Down"
2019-5-14 18:43:59.483#keyHandled#"Down"
2019-5-14 18:43:59.770#keyHandled#"Up"
2019-5-14 18:43:59.991#keyHandled#"Up"
2019-5-14 18:44:00.194#keyHandled#"Left"
2019-5-14 18:44:00.351#keyHandled#"Up"
2019-5-14 18:44:00.540#keyHandled#"Left"
2019-5-14 18:44:00.649#keyHandled#"Up"
2019-5-14 18:44:00.766#keyHandled#"Left"
2019-5-14 18:44:00.941#keyHandled#"Left"
2019-5-14 18:44:01.534#keyHandled#"Right"
2019-5-14 18:44:01.785#keyHandled#"Right"
2019-5-14 18:44:02.056#keyHandled#"Down"
2019-5-14 18:44:02.253#keyHandled#"Down"
2019-5-14 18:44:02.436#keyHandled#"Down"
2019-5-14 18:44:02.605#keyHandled#"Down"
2019-5-14 18:44:02.802#keyHandled#"Down"
2019-5-14 18:44:03.070#keyHandled#"Down"
2019-5-14 18:44:03.096#keyHandled#"Up"
2019-5-14 18:44:03.274#keyHandled#"Up"
2019-5-14 18:44:03.448#keyHandled#"Up"
2019-5-14 18:44:03.949#keyHandled#"Up"
2019-5-14 18:44:03.998#keyHandled#"Up"
2019-5-14 18:44:04.218#keyHandled#"Up"
2019-5-14 18:44:04.421#keyHandled#"Up"
2019-5-14 18:44:04.776#keyHandled#"Down"
2019-5-14 18:44:05.184#keyHandled#"Up"
2019-5-14 18:44:05.508#keyHandled#"Down"
2019-5-14 18:44:05.813#keyHandled#"Right"
2019-5-14 18:44:06.035#keyHandled#"Right"
2019-5-14 18:44:06.268#keyHandled#"Left"
2019-5-14 18:44:06.458#keyHandled#"Left"
2019-5-14 18:44:06.723#keyHandled#"Right"
2019-5-14 18:44:07.361#keyHandled#"Down"
2019-5-14 18:44:07.553#keyHandled#"Down"
2019-5-14 18:44:07.749#keyHandled#"Down"
2019-5-14 18:44:08.029#keyHandled#"Down"
2019-5-14 18:44:08.422#keyHandled#"Up"
2019-5-14 18:44:08.738#keyHandled#"Up"
2019-5-14 18:44:09.011#keyHandled#"Left"
2019-5-14 18:44:09.191#keyHandled#"Left"
2019-5-14 18:44:09.375#keyHandled#"Left"
2019-5-14 18:44:09.671#keyHandled#"Right"
2019-5-14 18:44:09.917#keyHandled#"Up"
2019-5-14 18:44:10.145#keyHandled#"Left"
2019-5-14 18:44:10.343#keyHandled#"Up"
2019-5-14 18:44:11.373#change#{"from":{"line":6,"ch":5,"sticky":"after"},"to":{"line":6,"ch":6,"sticky":"after","xRel":0},"text":[""],"removed":["n"],"origin":"+delete"}
2019-5-14 18:44:11.374#keyHandled#"Backspace"
2019-5-14 18:44:12.075#change#{"from":{"line":6,"ch":4,"sticky":"after"},"to":{"line":6,"ch":5,"sticky":null},"text":[""],"removed":["a"],"origin":"+delete"}
2019-5-14 18:44:12.075#keyHandled#"Backspace"
2019-5-14 18:44:12.456#change#{"from":{"line":6,"ch":3,"sticky":"after"},"to":{"line":6,"ch":4,"sticky":null},"text":[""],"removed":["b"],"origin":"+delete"}
2019-5-14 18:44:12.456#keyHandled#"Backspace"
2019-5-14 18:44:12.659#change#{"from":{"line":6,"ch":2,"sticky":"after"},"to":{"line":6,"ch":3,"sticky":null},"text":[""],"removed":["a"],"origin":"+delete"}
2019-5-14 18:44:12.659#keyHandled#"Backspace"
2019-5-14 18:44:13.083#change#{"from":{"line":6,"ch":1,"sticky":"after"},"to":{"line":6,"ch":2,"sticky":null},"text":[""],"removed":["h"],"origin":"+delete"}
2019-5-14 18:44:13.083#keyHandled#"Backspace"
2019-5-14 18:44:14.261#change#{"from":{"line":6,"ch":1,"sticky":null},"to":{"line":6,"ch":1,"sticky":null},"text":["H"],"removed":[""],"origin":"+input"}
2019-5-14 18:44:14.669#change#{"from":{"line":6,"ch":2,"sticky":null},"to":{"line":6,"ch":2,"sticky":null},"text":["B"],"removed":[""],"origin":"+input"}
2019-5-14 18:44:15.406#change#{"from":{"line":6,"ch":2,"sticky":"after"},"to":{"line":6,"ch":3,"sticky":null},"text":[""],"removed":["B"],"origin":"+delete"}
2019-5-14 18:44:15.407#keyHandled#"Backspace"
2019-5-14 18:44:15.985#change#{"from":{"line":6,"ch":2,"sticky":null},"to":{"line":6,"ch":2,"sticky":null},"text":["B"],"removed":[""],"origin":"+input"}
2019-5-14 18:44:16.529#change#{"from":{"line":6,"ch":2,"sticky":"after"},"to":{"line":6,"ch":3,"sticky":null},"text":[""],"removed":["B"],"origin":"+delete"}
2019-5-14 18:44:16.529#keyHandled#"Backspace"
2019-5-14 18:44:17.294#change#{"from":{"line":6,"ch":2,"sticky":null},"to":{"line":6,"ch":2,"sticky":null},"text":["B"],"removed":[""],"origin":"+input"}
2019-5-14 18:44:18.786#change#{"from":{"line":6,"ch":2,"sticky":"after"},"to":{"line":6,"ch":3,"sticky":null},"text":[""],"removed":["B"],"origin":"+delete"}
2019-5-14 18:44:18.786#keyHandled#"Backspace"
2019-5-14 18:44:18.961#change#{"from":{"line":6,"ch":1,"sticky":"after"},"to":{"line":6,"ch":2,"sticky":null},"text":[""],"removed":["H"],"origin":"+delete"}
2019-5-14 18:44:18.961#keyHandled#"Backspace"
2019-5-14 18:44:19.578#change#{"from":{"line":6,"ch":1,"sticky":null},"to":{"line":6,"ch":1,"sticky":null},"text":["N"],"removed":[""],"origin":"+input"}
2019-5-14 18:44:21.940#change#{"from":{"line":6,"ch":2,"sticky":null},"to":{"line":6,"ch":2,"sticky":null},"text":["N"],"removed":[""],"origin":"+input"}
2019-5-14 18:44:22.208#change#{"from":{"line":6,"ch":3,"sticky":null},"to":{"line":6,"ch":3,"sticky":null},"text":["A"],"removed":[""],"origin":"+input"}
2019-5-14 18:44:23.067#change#{"from":{"line":6,"ch":3,"sticky":"after"},"to":{"line":6,"ch":4,"sticky":null},"text":[""],"removed":["A"],"origin":"+delete"}
2019-5-14 18:44:23.067#keyHandled#"Backspace"
2019-5-14 18:44:23.248#change#{"from":{"line":6,"ch":2,"sticky":"after"},"to":{"line":6,"ch":3,"sticky":null},"text":[""],"removed":["N"],"origin":"+delete"}
2019-5-14 18:44:23.248#keyHandled#"Backspace"
2019-5-14 18:44:24.174#change#{"from":{"line":6,"ch":2,"sticky":null},"to":{"line":6,"ch":2,"sticky":null},"text":["n"],"removed":[""],"origin":"+input"}
2019-5-14 18:44:24.363#change#{"from":{"line":6,"ch":3,"sticky":null},"to":{"line":6,"ch":3,"sticky":null},"text":["a"],"removed":[""],"origin":"+input"}
2019-5-14 18:44:25.001#keyHandled#"Down"
2019-5-14 18:44:25.382#keyHandled#"Right"
2019-5-14 18:44:29.784#change#{"from":{"line":7,"ch":4,"sticky":"after"},"to":{"line":7,"ch":5,"sticky":"before"},"text":[""],"removed":["a"],"origin":"+delete"}
2019-5-14 18:44:29.784#keyHandled#"Backspace"
2019-5-14 18:44:29.959#change#{"from":{"line":7,"ch":3,"sticky":"after"},"to":{"line":7,"ch":4,"sticky":null},"text":[""],"removed":["b"],"origin":"+delete"}
2019-5-14 18:44:29.959#keyHandled#"Backspace"
2019-5-14 18:44:30.227#change#{"from":{"line":7,"ch":2,"sticky":"after"},"to":{"line":7,"ch":3,"sticky":null},"text":[""],"removed":["a"],"origin":"+delete"}
2019-5-14 18:44:30.227#keyHandled#"Backspace"
2019-5-14 18:44:30.434#change#{"from":{"line":7,"ch":1,"sticky":"after"},"to":{"line":7,"ch":2,"sticky":null},"text":[""],"removed":["h"],"origin":"+delete"}
2019-5-14 18:44:30.434#keyHandled#"Backspace"
2019-5-14 18:44:31.130#change#{"from":{"line":7,"ch":1,"sticky":null},"to":{"line":7,"ch":1,"sticky":null},"text":["N"],"removed":[""],"origin":"+input"}
2019-5-14 18:44:31.448#change#{"from":{"line":7,"ch":2,"sticky":null},"to":{"line":7,"ch":2,"sticky":null},"text":["a"],"removed":[""],"origin":"+input"}
2019-5-14 18:44:31.979#keyHandled#"Down"
2019-5-14 18:44:32.184#keyHandled#"Right"
2019-5-14 18:44:32.398#keyHandled#"Right"
2019-5-14 18:44:32.578#keyHandled#"Right"
2019-5-14 18:44:34.122#change#{"from":{"line":8,"ch":5,"sticky":"after"},"to":{"line":8,"ch":6,"sticky":"before"},"text":[""],"removed":["n"],"origin":"+delete"}
2019-5-14 18:44:34.122#keyHandled#"Backspace"
2019-5-14 18:44:34.308#change#{"from":{"line":8,"ch":4,"sticky":"after"},"to":{"line":8,"ch":5,"sticky":null},"text":[""],"removed":["b"],"origin":"+delete"}
2019-5-14 18:44:34.308#keyHandled#"Backspace"
2019-5-14 18:44:34.469#change#{"from":{"line":8,"ch":3,"sticky":"after"},"to":{"line":8,"ch":4,"sticky":null},"text":[""],"removed":["b"],"origin":"+delete"}
2019-5-14 18:44:34.469#keyHandled#"Backspace"
2019-5-14 18:44:34.632#change#{"from":{"line":8,"ch":2,"sticky":"after"},"to":{"line":8,"ch":3,"sticky":null},"text":[""],"removed":["a"],"origin":"+delete"}
2019-5-14 18:44:34.632#keyHandled#"Backspace"
2019-5-14 18:44:35.209#change#{"from":{"line":8,"ch":1,"sticky":"after"},"to":{"line":8,"ch":2,"sticky":null},"text":[""],"removed":["h"],"origin":"+delete"}
2019-5-14 18:44:35.209#keyHandled#"Backspace"
2019-5-14 18:44:35.834#change#{"from":{"line":8,"ch":1,"sticky":null},"to":{"line":8,"ch":1,"sticky":null},"text":["N"],"removed":[""],"origin":"+input"}
2019-5-14 18:44:36.225#change#{"from":{"line":8,"ch":2,"sticky":null},"to":{"line":8,"ch":2,"sticky":null},"text":["n"],"removed":[""],"origin":"+input"}
2019-5-14 18:44:36.357#change#{"from":{"line":8,"ch":3,"sticky":null},"to":{"line":8,"ch":3,"sticky":null},"text":["b"],"removed":[""],"origin":"+input"}
2019-5-14 18:44:37.004#keyHandled#"Down"
2019-5-14 18:44:37.337#keyHandled#"Right"
2019-5-14 18:44:38.380#change#{"from":{"line":9,"ch":4,"sticky":"after"},"to":{"line":9,"ch":5,"sticky":"before"},"text":[""],"removed":["b"],"origin":"+delete"}
2019-5-14 18:44:38.380#keyHandled#"Backspace"
2019-5-14 18:44:38.546#change#{"from":{"line":9,"ch":3,"sticky":"after"},"to":{"line":9,"ch":4,"sticky":null},"text":[""],"removed":["b"],"origin":"+delete"}
2019-5-14 18:44:38.546#keyHandled#"Backspace"
2019-5-14 18:44:38.716#change#{"from":{"line":9,"ch":2,"sticky":"after"},"to":{"line":9,"ch":3,"sticky":null},"text":[""],"removed":["a"],"origin":"+delete"}
2019-5-14 18:44:38.716#keyHandled#"Backspace"
2019-5-14 18:44:39.009#change#{"from":{"line":9,"ch":1,"sticky":"after"},"to":{"line":9,"ch":2,"sticky":null},"text":[""],"removed":["h"],"origin":"+delete"}
2019-5-14 18:44:39.009#keyHandled#"Backspace"
2019-5-14 18:44:39.757#change#{"from":{"line":9,"ch":1,"sticky":null},"to":{"line":9,"ch":1,"sticky":null},"text":["N"],"removed":[""],"origin":"+input"}
2019-5-14 18:44:42.567#change#{"from":{"line":9,"ch":2,"sticky":null},"to":{"line":9,"ch":2,"sticky":null},"text":["b"],"removed":[""],"origin":"+input"}
2019-5-14 18:44:43.614#keyHandled#"Right"
2019-5-14 18:44:43.831#keyHandled#"Right"
2019-5-14 18:44:43.940#keyHandled#"Right"
2019-5-14 18:44:44.098#keyHandled#"Right"
2019-5-14 18:44:44.339#keyHandled#"Right"
2019-5-14 18:44:44.587#keyHandled#"Right"
2019-5-14 18:44:44.781#keyHandled#"Right"
2019-5-14 18:44:45.503#change#{"from":{"line":9,"ch":9,"sticky":"after"},"to":{"line":9,"ch":10,"sticky":"before"},"text":[""],"removed":["b"],"origin":"+delete"}
2019-5-14 18:44:45.503#keyHandled#"Backspace"
2019-5-14 18:44:45.638#change#{"from":{"line":9,"ch":8,"sticky":"after"},"to":{"line":9,"ch":9,"sticky":null},"text":[""],"removed":["b"],"origin":"+delete"}
2019-5-14 18:44:45.638#keyHandled#"Backspace"
2019-5-14 18:44:45.797#change#{"from":{"line":9,"ch":7,"sticky":"after"},"to":{"line":9,"ch":8,"sticky":null},"text":[""],"removed":["a"],"origin":"+delete"}
2019-5-14 18:44:45.797#keyHandled#"Backspace"
2019-5-14 18:44:46.110#change#{"from":{"line":9,"ch":6,"sticky":"after"},"to":{"line":9,"ch":7,"sticky":null},"text":[""],"removed":["h"],"origin":"+delete"}
2019-5-14 18:44:46.110#keyHandled#"Backspace"
2019-5-14 18:44:46.771#change#{"from":{"line":9,"ch":6,"sticky":null},"to":{"line":9,"ch":6,"sticky":null},"text":["N"],"removed":[""],"origin":"+input"}
2019-5-14 18:44:47.068#change#{"from":{"line":9,"ch":7,"sticky":null},"to":{"line":9,"ch":7,"sticky":null},"text":["v"],"removed":[""],"origin":"+input"}
2019-5-14 18:44:47.087#change#{"from":{"line":9,"ch":8,"sticky":null},"to":{"line":9,"ch":8,"sticky":null},"text":["b"],"removed":[""],"origin":"+input"}
2019-5-14 18:44:47.673#change#{"from":{"line":9,"ch":8,"sticky":"after"},"to":{"line":9,"ch":9,"sticky":null},"text":[""],"removed":["b"],"origin":"+delete"}
2019-5-14 18:44:47.673#keyHandled#"Backspace"
2019-5-14 18:44:47.824#change#{"from":{"line":9,"ch":7,"sticky":"after"},"to":{"line":9,"ch":8,"sticky":null},"text":[""],"removed":["v"],"origin":"+delete"}
2019-5-14 18:44:47.824#keyHandled#"Backspace"
2019-5-14 18:44:47.919#change#{"from":{"line":9,"ch":7,"sticky":null},"to":{"line":9,"ch":7,"sticky":null},"text":["b"],"removed":[""],"origin":"+input"}
2019-5-14 18:44:48.395#keyHandled#"Right"
2019-5-14 18:44:48.632#keyHandled#"Right"
2019-5-14 18:44:48.777#keyHandled#"Right"
2019-5-14 18:44:49.123#keyHandled#"Right"
2019-5-14 18:44:49.275#keyHandled#"Right"
2019-5-14 18:44:49.491#keyHandled#"Right"
2019-5-14 18:44:49.628#keyHandled#"Right"
2019-5-14 18:44:49.795#keyHandled#"Right"
2019-5-14 18:44:50.443#change#{"from":{"line":9,"ch":15,"sticky":"after"},"to":{"line":9,"ch":16,"sticky":"before"},"text":[""],"removed":["n"],"origin":"+delete"}
2019-5-14 18:44:50.443#keyHandled#"Backspace"
2019-5-14 18:44:50.599#change#{"from":{"line":9,"ch":14,"sticky":"after"},"to":{"line":9,"ch":15,"sticky":null},"text":[""],"removed":["b"],"origin":"+delete"}
2019-5-14 18:44:50.599#keyHandled#"Backspace"
2019-5-14 18:44:50.777#change#{"from":{"line":9,"ch":13,"sticky":"after"},"to":{"line":9,"ch":14,"sticky":null},"text":[""],"removed":["b"],"origin":"+delete"}
2019-5-14 18:44:50.777#keyHandled#"Backspace"
2019-5-14 18:44:50.962#change#{"from":{"line":9,"ch":12,"sticky":"after"},"to":{"line":9,"ch":13,"sticky":null},"text":[""],"removed":["a"],"origin":"+delete"}
2019-5-14 18:44:50.962#keyHandled#"Backspace"
2019-5-14 18:44:51.295#change#{"from":{"line":9,"ch":11,"sticky":"after"},"to":{"line":9,"ch":12,"sticky":null},"text":[""],"removed":["h"],"origin":"+delete"}
2019-5-14 18:44:51.296#keyHandled#"Backspace"
2019-5-14 18:44:51.747#change#{"from":{"line":9,"ch":11,"sticky":null},"to":{"line":9,"ch":11,"sticky":null},"text":["N"],"removed":[""],"origin":"+input"}
2019-5-14 18:44:52.183#change#{"from":{"line":9,"ch":12,"sticky":null},"to":{"line":9,"ch":12,"sticky":null},"text":["n"],"removed":[""],"origin":"+input"}
2019-5-14 18:44:52.382#change#{"from":{"line":9,"ch":13,"sticky":null},"to":{"line":9,"ch":13,"sticky":null},"text":["b"],"removed":[""],"origin":"+input"}
2019-5-14 18:44:52.659#keyHandled#"Up"
2019-5-14 18:44:52.981#keyHandled#"Up"
2019-5-14 18:44:53.189#keyHandled#"Right"
2019-5-14 18:44:53.919#keyHandled#"Right"
2019-5-14 18:44:54.287#change#{"from":{"line":7,"ch":15,"sticky":"after"},"to":{"line":7,"ch":16,"sticky":"before"},"text":[""],"removed":["n"],"origin":"+delete"}
2019-5-14 18:44:54.287#keyHandled#"Backspace"
2019-5-14 18:44:54.774#change#{"from":{"line":7,"ch":14,"sticky":"after"},"to":{"line":7,"ch":15,"sticky":null},"text":[""],"removed":["a"],"origin":"+delete"}
2019-5-14 18:44:54.774#keyHandled#"Backspace"
2019-5-14 18:44:54.937#change#{"from":{"line":7,"ch":13,"sticky":"after"},"to":{"line":7,"ch":14,"sticky":null},"text":[""],"removed":["b"],"origin":"+delete"}
2019-5-14 18:44:54.937#keyHandled#"Backspace"
2019-5-14 18:44:55.089#change#{"from":{"line":7,"ch":12,"sticky":"after"},"to":{"line":7,"ch":13,"sticky":null},"text":[""],"removed":["a"],"origin":"+delete"}
2019-5-14 18:44:55.089#keyHandled#"Backspace"
2019-5-14 18:44:55.256#change#{"from":{"line":7,"ch":11,"sticky":"after"},"to":{"line":7,"ch":12,"sticky":null},"text":[""],"removed":["h"],"origin":"+delete"}
2019-5-14 18:44:55.256#keyHandled#"Backspace"
2019-5-14 18:44:55.972#change#{"from":{"line":7,"ch":11,"sticky":null},"to":{"line":7,"ch":11,"sticky":null},"text":["N"],"removed":[""],"origin":"+input"}
2019-5-14 18:44:56.276#change#{"from":{"line":7,"ch":12,"sticky":null},"to":{"line":7,"ch":12,"sticky":null},"text":["n"],"removed":[""],"origin":"+input"}
2019-5-14 18:44:56.519#change#{"from":{"line":7,"ch":13,"sticky":null},"to":{"line":7,"ch":13,"sticky":null},"text":["a"],"removed":[""],"origin":"+input"}
2019-5-14 18:44:57.285#keyHandled#"Down"
2019-5-14 18:44:57.642#keyHandled#"Down"
2019-5-14 18:44:58.074#keyHandled#"Up"
2019-5-14 18:44:58.543#keyHandled#"Right"
2019-5-14 18:44:59.043#keyHandled#"Right"
2019-5-14 18:44:59.240#keyHandled#"Right"
2019-5-14 18:44:59.406#keyHandled#"Right"
2019-5-14 18:44:59.691#keyHandled#"Right"
2019-5-14 18:45:00.011#change#{"from":{"line":8,"ch":18,"sticky":"after"},"to":{"line":8,"ch":19,"sticky":"before"},"text":[""],"removed":["b"],"origin":"+delete"}
2019-5-14 18:45:00.011#keyHandled#"Backspace"
2019-5-14 18:45:00.166#change#{"from":{"line":8,"ch":17,"sticky":"after"},"to":{"line":8,"ch":18,"sticky":null},"text":[""],"removed":["c"],"origin":"+delete"}
2019-5-14 18:45:00.166#keyHandled#"Backspace"
2019-5-14 18:45:00.324#change#{"from":{"line":8,"ch":16,"sticky":"after"},"to":{"line":8,"ch":17,"sticky":null},"text":[""],"removed":["r"],"origin":"+delete"}
2019-5-14 18:45:00.324#keyHandled#"Backspace"
2019-5-14 18:45:00.493#change#{"from":{"line":8,"ch":15,"sticky":"after"},"to":{"line":8,"ch":16,"sticky":null},"text":[""],"removed":["e"],"origin":"+delete"}
2019-5-14 18:45:00.494#keyHandled#"Backspace"
2019-5-14 18:45:01.093#change#{"from":{"line":8,"ch":14,"sticky":"after"},"to":{"line":8,"ch":15,"sticky":null},"text":[""],"removed":["p"],"origin":"+delete"}
2019-5-14 18:45:01.093#keyHandled#"Backspace"
2019-5-14 18:45:01.535#change#{"from":{"line":8,"ch":14,"sticky":null},"to":{"line":8,"ch":14,"sticky":null},"text":["P"],"removed":[""],"origin":"+input"}
2019-5-14 18:45:01.919#change#{"from":{"line":8,"ch":15,"sticky":null},"to":{"line":8,"ch":15,"sticky":null},"text":["b"],"removed":[""],"origin":"+input"}
2019-5-14 18:45:06.186#blur#
2019-5-15 15:43:48.207#viewportChange#0
2019-5-15 15:43:54.825#mousedown#{"isTrusted":true}
2019-5-15 15:43:54.857#focus#
2019-5-15 15:43:55.439#mousedown#{"isTrusted":true}
2019-5-15 15:43:56.337#mousedown#{"isTrusted":true}
2019-5-15 15:43:57.455#blur#
2019-5-15 15:44:00.524#focus#
2019-5-15 15:44:06.838#blur#
2019-5-15 15:44:06.838#blur#
2019-5-15 15:45:00.718#submit#Your code did not produce the correct output. Please, correct your code and try again.
2019-5-15 15:47:13.342#mousedown#{"isTrusted":true}
2019-5-15 15:47:13.364#focus#
2019-5-15 15:48:42.357#blur#
