2019-5-13 16:41:12.044#viewportChange#0
2019-5-13 16:46:45.249#mousedown#{"isTrusted":true}
2019-5-13 16:46:45.258#focus#
2019-5-13 16:46:54.328#change#{"from":{"line":0,"ch":0,"sticky":"after","xRel":73.08331298828125},"to":{"line":0,"ch":0,"sticky":"after","xRel":73.08331298828125},"text":["a"],"removed":[""],"origin":"+input"}
2019-5-13 16:46:54.896#change#{"from":{"line":0,"ch":1,"sticky":null},"to":{"line":0,"ch":1,"sticky":null},"text":[" "],"removed":[""],"origin":"+input"}
2019-5-13 16:46:55.559#change#{"from":{"line":0,"ch":2,"sticky":null},"to":{"line":0,"ch":2,"sticky":null},"text":["="],"removed":[""],"origin":"+input"}
2019-5-13 16:46:55.872#change#{"from":{"line":0,"ch":3,"sticky":null},"to":{"line":0,"ch":3,"sticky":null},"text":[" "],"removed":[""],"origin":"+input"}
2019-5-13 16:46:56.664#change#{"from":{"line":0,"ch":4,"sticky":null},"to":{"line":0,"ch":4,"sticky":null},"text":["i"],"removed":[""],"origin":"+input"}
2019-5-13 16:46:56.831#change#{"from":{"line":0,"ch":5,"sticky":null},"to":{"line":0,"ch":5,"sticky":null},"text":["n"],"removed":[""],"origin":"+input"}
2019-5-13 16:46:57.096#change#{"from":{"line":0,"ch":6,"sticky":null},"to":{"line":0,"ch":6,"sticky":null},"text":["t"],"removed":[""],"origin":"+input"}
2019-5-13 16:46:58.903#change#{"from":{"line":0,"ch":8,"sticky":"after"},"to":{"line":0,"ch":8,"sticky":"after"},"text":["i"],"removed":[""],"origin":"+input"}
2019-5-13 16:46:59.007#change#{"from":{"line":0,"ch":9,"sticky":null},"to":{"line":0,"ch":9,"sticky":null},"text":["n"],"removed":[""],"origin":"+input"}
2019-5-13 16:46:59.257#change#{"from":{"line":0,"ch":10,"sticky":null},"to":{"line":0,"ch":10,"sticky":null},"text":["p"],"removed":[""],"origin":"+input"}
2019-5-13 16:46:59.438#change#{"from":{"line":0,"ch":11,"sticky":null},"to":{"line":0,"ch":11,"sticky":null},"text":["u"],"removed":[""],"origin":"+input"}
2019-5-13 16:46:59.678#change#{"from":{"line":0,"ch":12,"sticky":null},"to":{"line":0,"ch":12,"sticky":null},"text":["t"],"removed":[""],"origin":"+input"}
2019-5-13 16:47:00.678#change#{"from":{"line":0,"ch":13,"sticky":null},"to":{"line":0,"ch":13,"sticky":null},"text":["()"],"removed":[""],"origin":"+input"}
2019-5-13 16:47:00.678#keyHandled#"'('"
2019-5-13 16:47:03.336#change#{"from":{"line":0,"ch":14,"sticky":"after"},"to":{"line":0,"ch":14,"sticky":"after"},"text":["\"\""],"removed":[""],"origin":"+input"}
2019-5-13 16:47:03.336#keyHandled#"'\"'"
2019-5-13 16:47:04.199#change#{"from":{"line":0,"ch":15,"sticky":"after"},"to":{"line":0,"ch":15,"sticky":"after"},"text":[":"],"removed":[""],"origin":"+input"}
2019-5-13 16:47:05.218#keyHandled#"Right"
2019-5-13 16:47:05.368#keyHandled#"Right"
2019-5-13 16:47:05.644#change#{"from":{"line":0,"ch":18,"sticky":"before"},"to":{"line":0,"ch":18,"sticky":"before"},"text":["",""],"removed":[""],"origin":"+input"}
2019-5-13 16:47:05.644#change#{"from":{"line":1,"ch":0,"sticky":null},"to":{"line":1,"ch":0,"sticky":null},"text":["\t\t "],"removed":[""],"origin":"+input"}
2019-5-13 16:47:05.644#keyHandled#"Enter"
2019-5-13 16:47:05.657#viewportChange#0
2019-5-13 16:47:07.377#change#{"from":{"line":1,"ch":2,"sticky":"after"},"to":{"line":1,"ch":3,"sticky":null},"text":[""],"removed":[" "],"origin":"+delete"}
2019-5-13 16:47:07.377#keyHandled#"Backspace"
2019-5-13 16:47:08.009#change#{"from":{"line":1,"ch":1,"sticky":"after"},"to":{"line":1,"ch":2,"sticky":null},"text":[""],"removed":["\t"],"origin":"+delete"}
2019-5-13 16:47:08.009#keyHandled#"Backspace"
2019-5-13 16:47:08.564#change#{"from":{"line":1,"ch":0,"sticky":"after"},"to":{"line":1,"ch":1,"sticky":null},"text":[""],"removed":["\t"],"origin":"+delete"}
2019-5-13 16:47:08.564#keyHandled#"Backspace"
2019-5-13 16:47:09.026#change#{"from":{"line":0,"ch":18,"sticky":"before"},"to":{"line":1,"ch":0,"sticky":null},"text":[""],"removed":["",""],"origin":"+delete"}
2019-5-13 16:47:09.026#keyHandled#"Backspace"
2019-5-13 16:47:09.038#viewportChange#0
2019-5-13 16:47:12.632#keyHandled#"Right"
2019-5-13 16:47:13.426#change#{"from":{"line":0,"ch":19,"sticky":"before"},"to":{"line":0,"ch":19,"sticky":"before"},"text":["",""],"removed":[""],"origin":"+input"}
2019-5-13 16:47:13.426#keyHandled#"Enter"
2019-5-13 16:47:13.439#viewportChange#0
2019-5-13 16:48:00.876#viewportChange#0
2019-5-13 16:49:25.828#mousedown#{"isTrusted":true}
2019-5-13 16:49:25.850#focus#
2019-5-13 16:52:09.886#change#{"from":{"line":1,"ch":0,"sticky":null,"xRel":1,"outside":true},"to":{"line":1,"ch":0,"sticky":null,"xRel":1,"outside":true},"text":["",""],"removed":[""],"origin":"+input"}
2019-5-13 16:52:09.886#keyHandled#"Enter"
2019-5-13 16:52:09.898#viewportChange#0
2019-5-13 16:54:54.791#viewportChange#0
2019-5-13 16:54:56.560#mousedown#{"isTrusted":true}
2019-5-13 16:54:56.579#focus#
2019-5-13 16:56:04.446#change#{"from":{"line":2,"ch":0,"sticky":"after","xRel":24.08331298828125},"to":{"line":2,"ch":0,"sticky":"after","xRel":24.08331298828125},"text":["w"],"removed":[""],"origin":"+input"}
2019-5-13 16:56:04.618#change#{"from":{"line":2,"ch":1,"sticky":null},"to":{"line":2,"ch":1,"sticky":null},"text":["h"],"removed":[""],"origin":"+input"}
2019-5-13 16:56:04.634#change#{"from":{"line":2,"ch":2,"sticky":null},"to":{"line":2,"ch":2,"sticky":null},"text":["i"],"removed":[""],"origin":"+input"}
2019-5-13 16:56:04.954#change#{"from":{"line":2,"ch":3,"sticky":null},"to":{"line":2,"ch":3,"sticky":null},"text":["l"],"removed":[""],"origin":"+input"}
2019-5-13 16:56:04.972#change#{"from":{"line":2,"ch":4,"sticky":null},"to":{"line":2,"ch":4,"sticky":null},"text":["k"],"removed":[""],"origin":"+input"}
2019-5-13 16:56:05.215#change#{"from":{"line":2,"ch":5,"sticky":null},"to":{"line":2,"ch":5,"sticky":null},"text":["e"],"removed":[""],"origin":"+input"}
2019-5-13 16:56:05.770#change#{"from":{"line":2,"ch":5,"sticky":"after"},"to":{"line":2,"ch":6,"sticky":null},"text":[""],"removed":["e"],"origin":"+delete"}
2019-5-13 16:56:05.771#keyHandled#"Backspace"
2019-5-13 16:56:05.962#change#{"from":{"line":2,"ch":4,"sticky":"after"},"to":{"line":2,"ch":5,"sticky":null},"text":[""],"removed":["k"],"origin":"+delete"}
2019-5-13 16:56:05.962#keyHandled#"Backspace"
2019-5-13 16:56:06.106#change#{"from":{"line":2,"ch":3,"sticky":"after"},"to":{"line":2,"ch":4,"sticky":null},"text":[""],"removed":["l"],"origin":"+delete"}
2019-5-13 16:56:06.106#keyHandled#"Backspace"
2019-5-13 16:56:07.111#change#{"from":{"line":2,"ch":3,"sticky":null},"to":{"line":2,"ch":3,"sticky":null},"text":["l"],"removed":[""],"origin":"+input"}
2019-5-13 16:56:07.306#change#{"from":{"line":2,"ch":4,"sticky":null},"to":{"line":2,"ch":4,"sticky":null},"text":["e"],"removed":[""],"origin":"+input"}
2019-5-13 16:56:08.518#change#{"from":{"line":2,"ch":5,"sticky":null},"to":{"line":2,"ch":5,"sticky":null},"text":["()"],"removed":[""],"origin":"+input"}
2019-5-13 16:56:08.518#keyHandled#"'('"
2019-5-13 16:56:16.134#mousedown#{"isTrusted":true}
2019-5-13 16:56:17.610#change#{"from":{"line":1,"ch":0,"sticky":"after","xRel":18.08331298828125},"to":{"line":1,"ch":0,"sticky":"after","xRel":18.08331298828125},"text":["",""],"removed":[""],"origin":"+input"}
2019-5-13 16:56:17.610#keyHandled#"Enter"
2019-5-13 16:56:17.623#viewportChange#0
2019-5-13 16:56:39.844#mousedown#{"isTrusted":true}
2019-5-13 16:57:27.192#change#{"from":{"line":3,"ch":6,"sticky":"after","xRel":1.08331298828125},"to":{"line":3,"ch":6,"sticky":"after","xRel":1.08331298828125},"text":["a"],"removed":[""],"origin":"+input"}
2019-5-13 16:57:35.327#change#{"from":{"line":3,"ch":7,"sticky":null},"to":{"line":3,"ch":7,"sticky":null},"text":["<"],"removed":[""],"origin":"+input"}
2019-5-13 16:57:36.263#change#{"from":{"line":3,"ch":8,"sticky":null},"to":{"line":3,"ch":8,"sticky":null},"text":["="],"removed":[""],"origin":"+input"}
2019-5-13 16:57:36.686#change#{"from":{"line":3,"ch":9,"sticky":null},"to":{"line":3,"ch":9,"sticky":null},"text":[" "],"removed":[""],"origin":"+input"}
2019-5-13 16:57:38.346#change#{"from":{"line":3,"ch":9,"sticky":"after"},"to":{"line":3,"ch":10,"sticky":null},"text":[""],"removed":[" "],"origin":"+delete"}
2019-5-13 16:57:38.346#keyHandled#"Backspace"
2019-5-13 16:57:38.529#change#{"from":{"line":3,"ch":8,"sticky":"after"},"to":{"line":3,"ch":9,"sticky":null},"text":[""],"removed":["="],"origin":"+delete"}
2019-5-13 16:57:38.529#keyHandled#"Backspace"
2019-5-13 16:57:38.681#change#{"from":{"line":3,"ch":7,"sticky":"after"},"to":{"line":3,"ch":8,"sticky":null},"text":[""],"removed":["<"],"origin":"+delete"}
2019-5-13 16:57:38.682#keyHandled#"Backspace"
2019-5-13 16:57:38.913#change#{"from":{"line":3,"ch":6,"sticky":"after"},"to":{"line":3,"ch":7,"sticky":null},"text":[""],"removed":["a"],"origin":"+delete"}
2019-5-13 16:57:38.913#keyHandled#"Backspace"
2019-5-13 16:57:40.184#change#{"from":{"line":3,"ch":6,"sticky":null},"to":{"line":3,"ch":6,"sticky":null},"text":["n"],"removed":[""],"origin":"+input"}
2019-5-13 16:57:41.512#change#{"from":{"line":3,"ch":7,"sticky":null},"to":{"line":3,"ch":7,"sticky":null},"text":[" "],"removed":[""],"origin":"+input"}
2019-5-13 16:57:42.374#change#{"from":{"line":3,"ch":8,"sticky":null},"to":{"line":3,"ch":8,"sticky":null},"text":["<"],"removed":[""],"origin":"+input"}
2019-5-13 16:57:43.574#change#{"from":{"line":3,"ch":9,"sticky":null},"to":{"line":3,"ch":9,"sticky":null},"text":["="],"removed":[""],"origin":"+input"}
2019-5-13 16:57:43.910#change#{"from":{"line":3,"ch":10,"sticky":null},"to":{"line":3,"ch":10,"sticky":null},"text":[" "],"removed":[""],"origin":"+input"}
2019-5-13 16:57:44.615#change#{"from":{"line":3,"ch":11,"sticky":null},"to":{"line":3,"ch":11,"sticky":null},"text":["a"],"removed":[""],"origin":"+input"}
2019-5-13 16:57:45.934#mousedown#{"isTrusted":true}
2019-5-13 16:57:47.362#keyHandled#"Up"
2019-5-13 16:57:48.369#keyHandled#"Down"
2019-5-13 16:57:49.489#change#{"from":{"line":2,"ch":0,"sticky":"after","xRel":0},"to":{"line":2,"ch":0,"sticky":"after","xRel":0},"text":["",""],"removed":[""],"origin":"+input"}
2019-5-13 16:57:49.489#keyHandled#"Enter"
2019-5-13 16:57:49.502#viewportChange#0
2019-5-13 16:57:49.905#keyHandled#"Up"
2019-5-13 16:57:51.215#change#{"from":{"line":2,"ch":0,"sticky":"after","xRel":0},"to":{"line":2,"ch":0,"sticky":"after","xRel":0},"text":["n"],"removed":[""],"origin":"+input"}
2019-5-13 16:57:51.454#change#{"from":{"line":2,"ch":1,"sticky":null},"to":{"line":2,"ch":1,"sticky":null},"text":[" "],"removed":[""],"origin":"+input"}
2019-5-13 16:57:52.238#change#{"from":{"line":2,"ch":2,"sticky":null},"to":{"line":2,"ch":2,"sticky":null},"text":["="],"removed":[""],"origin":"+input"}
2019-5-13 16:57:53.014#change#{"from":{"line":2,"ch":3,"sticky":null},"to":{"line":2,"ch":3,"sticky":null},"text":[" "],"removed":[""],"origin":"+input"}
2019-5-13 16:57:55.023#change#{"from":{"line":2,"ch":4,"sticky":null},"to":{"line":2,"ch":4,"sticky":null},"text":["1"],"removed":[""],"origin":"+input"}
2019-5-13 16:57:57.302#blur#
2019-5-13 16:58:02.454#mousedown#{"isTrusted":true}
2019-5-13 16:58:02.469#focus#
2019-5-13 16:58:04.424#change#{"from":{"line":4,"ch":13,"sticky":null,"xRel":1,"outside":true},"to":{"line":4,"ch":13,"sticky":null,"xRel":1,"outside":true},"text":[":"],"removed":[""],"origin":"+input"}
2019-5-13 16:58:04.734#change#{"from":{"line":4,"ch":14,"sticky":null},"to":{"line":4,"ch":14,"sticky":null},"text":["",""],"removed":[""],"origin":"+input"}
2019-5-13 16:58:04.734#change#{"from":{"line":5,"ch":0,"sticky":null},"to":{"line":5,"ch":0,"sticky":null},"text":["\t"],"removed":[""],"origin":"+input"}
2019-5-13 16:58:04.734#keyHandled#"Enter"
2019-5-13 16:58:04.748#viewportChange#0
2019-5-13 16:58:20.928#change#{"from":{"line":5,"ch":1,"sticky":null},"to":{"line":5,"ch":1,"sticky":null},"text":["i"],"removed":[""],"origin":"+input"}
2019-5-13 16:58:21.087#change#{"from":{"line":5,"ch":2,"sticky":null},"to":{"line":5,"ch":2,"sticky":null},"text":["f"],"removed":[""],"origin":"+input"}
2019-5-13 16:58:22.248#change#{"from":{"line":5,"ch":3,"sticky":null},"to":{"line":5,"ch":3,"sticky":null},"text":["()"],"removed":[""],"origin":"+input"}
2019-5-13 16:58:22.248#keyHandled#"'('"
2019-5-13 16:58:27.311#change#{"from":{"line":5,"ch":4,"sticky":"after"},"to":{"line":5,"ch":4,"sticky":"after"},"text":["a"],"removed":[""],"origin":"+input"}
2019-5-13 16:58:28.897#change#{"from":{"line":5,"ch":5,"sticky":null},"to":{"line":5,"ch":5,"sticky":null},"text":["%"],"removed":[""],"origin":"+input"}
2019-5-13 16:58:31.600#change#{"from":{"line":5,"ch":6,"sticky":null},"to":{"line":5,"ch":6,"sticky":null},"text":["n"],"removed":[""],"origin":"+input"}
2019-5-13 16:58:33.217#keyHandled#"Right"
2019-5-13 16:58:33.945#keyHandled#"Left"
2019-5-13 16:58:35.407#change#{"from":{"line":5,"ch":7,"sticky":"after"},"to":{"line":5,"ch":7,"sticky":"after"},"text":["="],"removed":[""],"origin":"+input"}
2019-5-13 16:58:35.566#change#{"from":{"line":5,"ch":8,"sticky":null},"to":{"line":5,"ch":8,"sticky":null},"text":["="],"removed":[""],"origin":"+input"}
2019-5-13 16:58:36.695#change#{"from":{"line":5,"ch":9,"sticky":null},"to":{"line":5,"ch":9,"sticky":null},"text":["0"],"removed":[""],"origin":"+input"}
2019-5-13 16:58:38.704#keyHandled#"Right"
2019-5-13 16:58:39.423#change#{"from":{"line":5,"ch":11,"sticky":"before"},"to":{"line":5,"ch":11,"sticky":"before"},"text":[":"],"removed":[""],"origin":"+input"}
2019-5-13 16:58:39.714#change#{"from":{"line":5,"ch":12,"sticky":null},"to":{"line":5,"ch":12,"sticky":null},"text":["",""],"removed":[""],"origin":"+input"}
2019-5-13 16:58:39.714#change#{"from":{"line":6,"ch":0,"sticky":null},"to":{"line":6,"ch":0,"sticky":null},"text":["\t\t"],"removed":[""],"origin":"+input"}
2019-5-13 16:58:39.714#keyHandled#"Enter"
2019-5-13 16:58:39.727#viewportChange#0
2019-5-13 16:58:45.598#change#{"from":{"line":6,"ch":2,"sticky":null},"to":{"line":6,"ch":2,"sticky":null},"text":["c"],"removed":[""],"origin":"+input"}
2019-5-13 16:58:47.800#change#{"from":{"line":6,"ch":3,"sticky":null},"to":{"line":6,"ch":3,"sticky":null},"text":["o"],"removed":[""],"origin":"+input"}
2019-5-13 16:58:47.910#change#{"from":{"line":6,"ch":4,"sticky":null},"to":{"line":6,"ch":4,"sticky":null},"text":["n"],"removed":[""],"origin":"+input"}
2019-5-13 16:58:48.286#change#{"from":{"line":6,"ch":5,"sticky":null},"to":{"line":6,"ch":5,"sticky":null},"text":["t"],"removed":[""],"origin":"+input"}
2019-5-13 16:58:48.430#change#{"from":{"line":6,"ch":6,"sticky":null},"to":{"line":6,"ch":6,"sticky":null},"text":["a"],"removed":[""],"origin":"+input"}
2019-5-13 16:58:48.553#change#{"from":{"line":6,"ch":7,"sticky":null},"to":{"line":6,"ch":7,"sticky":null},"text":["d"],"removed":[""],"origin":"+input"}
2019-5-13 16:58:48.950#change#{"from":{"line":6,"ch":8,"sticky":null},"to":{"line":6,"ch":8,"sticky":null},"text":["o"],"removed":[""],"origin":"+input"}
2019-5-13 16:58:49.134#change#{"from":{"line":6,"ch":9,"sticky":null},"to":{"line":6,"ch":9,"sticky":null},"text":["r"],"removed":[""],"origin":"+input"}
2019-5-13 16:58:50.582#change#{"from":{"line":6,"ch":10,"sticky":null},"to":{"line":6,"ch":10,"sticky":null},"text":[" "],"removed":[""],"origin":"+input"}
2019-5-13 16:58:51.318#change#{"from":{"line":6,"ch":11,"sticky":null},"to":{"line":6,"ch":11,"sticky":null},"text":["="],"removed":[""],"origin":"+input"}
2019-5-13 16:58:51.518#change#{"from":{"line":6,"ch":12,"sticky":null},"to":{"line":6,"ch":12,"sticky":null},"text":[" "],"removed":[""],"origin":"+input"}
2019-5-13 16:58:52.342#change#{"from":{"line":6,"ch":13,"sticky":null},"to":{"line":6,"ch":13,"sticky":null},"text":["c"],"removed":[""],"origin":"+input"}
2019-5-13 16:58:52.470#change#{"from":{"line":6,"ch":14,"sticky":null},"to":{"line":6,"ch":14,"sticky":null},"text":["o"],"removed":[""],"origin":"+input"}
2019-5-13 16:58:52.663#change#{"from":{"line":6,"ch":15,"sticky":null},"to":{"line":6,"ch":15,"sticky":null},"text":["n"],"removed":[""],"origin":"+input"}
2019-5-13 16:58:53.086#change#{"from":{"line":6,"ch":16,"sticky":null},"to":{"line":6,"ch":16,"sticky":null},"text":["a"],"removed":[""],"origin":"+input"}
2019-5-13 16:58:53.889#change#{"from":{"line":6,"ch":16,"sticky":"after"},"to":{"line":6,"ch":17,"sticky":null},"text":[""],"removed":["a"],"origin":"+delete"}
2019-5-13 16:58:53.889#keyHandled#"Backspace"
2019-5-13 16:58:54.630#change#{"from":{"line":6,"ch":16,"sticky":null},"to":{"line":6,"ch":16,"sticky":null},"text":["t"],"removed":[""],"origin":"+input"}
2019-5-13 16:58:54.789#change#{"from":{"line":6,"ch":17,"sticky":null},"to":{"line":6,"ch":17,"sticky":null},"text":["a"],"removed":[""],"origin":"+input"}
2019-5-13 16:58:54.918#change#{"from":{"line":6,"ch":18,"sticky":null},"to":{"line":6,"ch":18,"sticky":null},"text":["d"],"removed":[""],"origin":"+input"}
2019-5-13 16:58:55.318#change#{"from":{"line":6,"ch":19,"sticky":null},"to":{"line":6,"ch":19,"sticky":null},"text":["o"],"removed":[""],"origin":"+input"}
2019-5-13 16:58:55.509#change#{"from":{"line":6,"ch":20,"sticky":null},"to":{"line":6,"ch":20,"sticky":null},"text":["r"],"removed":[""],"origin":"+input"}
2019-5-13 16:58:55.686#change#{"from":{"line":6,"ch":21,"sticky":null},"to":{"line":6,"ch":21,"sticky":null},"text":[" "],"removed":[""],"origin":"+input"}
2019-5-13 16:58:56.974#change#{"from":{"line":6,"ch":22,"sticky":null},"to":{"line":6,"ch":22,"sticky":null},"text":["+"],"removed":[""],"origin":"+input"}
2019-5-13 16:58:57.862#change#{"from":{"line":6,"ch":23,"sticky":null},"to":{"line":6,"ch":23,"sticky":null},"text":[" "],"removed":[""],"origin":"+input"}
2019-5-13 16:58:59.707#change#{"from":{"line":6,"ch":24,"sticky":null},"to":{"line":6,"ch":24,"sticky":null},"text":["1"],"removed":[""],"origin":"+input"}
2019-5-13 16:59:01.344#mousedown#{"isTrusted":true}
2019-5-13 16:59:02.271#change#{"from":{"line":3,"ch":0,"sticky":"after","xRel":21.08331298828125},"to":{"line":3,"ch":0,"sticky":"after","xRel":21.08331298828125},"text":["c"],"removed":[""],"origin":"+input"}
2019-5-13 16:59:02.454#change#{"from":{"line":3,"ch":1,"sticky":null},"to":{"line":3,"ch":1,"sticky":null},"text":["o"],"removed":[""],"origin":"+input"}
2019-5-13 16:59:02.599#change#{"from":{"line":3,"ch":2,"sticky":null},"to":{"line":3,"ch":2,"sticky":null},"text":["n"],"removed":[""],"origin":"+input"}
2019-5-13 16:59:02.935#change#{"from":{"line":3,"ch":3,"sticky":null},"to":{"line":3,"ch":3,"sticky":null},"text":["t"],"removed":[""],"origin":"+input"}
2019-5-13 16:59:03.079#change#{"from":{"line":3,"ch":4,"sticky":null},"to":{"line":3,"ch":4,"sticky":null},"text":["a"],"removed":[""],"origin":"+input"}
2019-5-13 16:59:03.190#change#{"from":{"line":3,"ch":5,"sticky":null},"to":{"line":3,"ch":5,"sticky":null},"text":["d"],"removed":[""],"origin":"+input"}
2019-5-13 16:59:03.574#change#{"from":{"line":3,"ch":6,"sticky":null},"to":{"line":3,"ch":6,"sticky":null},"text":["o"],"removed":[""],"origin":"+input"}
2019-5-13 16:59:03.742#change#{"from":{"line":3,"ch":7,"sticky":null},"to":{"line":3,"ch":7,"sticky":null},"text":["r"],"removed":[""],"origin":"+input"}
2019-5-13 16:59:06.722#mousedown#{"isTrusted":true}
2019-5-13 16:59:07.954#change#{"from":{"line":6,"ch":25,"sticky":null,"xRel":1,"outside":true},"to":{"line":6,"ch":25,"sticky":null,"xRel":1,"outside":true},"text":["",""],"removed":[""],"origin":"+input"}
2019-5-13 16:59:07.954#change#{"from":{"line":7,"ch":0,"sticky":null},"to":{"line":7,"ch":0,"sticky":null},"text":["\t\t"],"removed":[""],"origin":"+input"}
2019-5-13 16:59:07.954#keyHandled#"Enter"
2019-5-13 16:59:07.967#viewportChange#0
2019-5-13 16:59:56.745#change#{"from":{"line":7,"ch":1,"sticky":"after"},"to":{"line":7,"ch":2,"sticky":null},"text":[""],"removed":["\t"],"origin":"+delete"}
2019-5-13 16:59:56.745#keyHandled#"Backspace"
2019-5-13 16:59:58.022#change#{"from":{"line":7,"ch":1,"sticky":null},"to":{"line":7,"ch":1,"sticky":null},"text":["e"],"removed":[""],"origin":"+input"}
2019-5-13 16:59:58.086#change#{"from":{"line":7,"ch":2,"sticky":null},"to":{"line":7,"ch":2,"sticky":null},"text":["l"],"removed":[""],"origin":"+input"}
2019-5-13 16:59:58.350#change#{"from":{"line":7,"ch":3,"sticky":null},"to":{"line":7,"ch":3,"sticky":null},"text":["i"],"removed":[""],"origin":"+input"}
2019-5-13 16:59:58.526#change#{"from":{"line":7,"ch":4,"sticky":null},"to":{"line":7,"ch":4,"sticky":null},"text":["f"],"removed":[""],"origin":"+input"}
2019-5-13 17:00:02.248#change#{"from":{"line":7,"ch":5,"sticky":null},"to":{"line":7,"ch":5,"sticky":null},"text":["()"],"removed":[""],"origin":"+input"}
2019-5-13 17:00:02.248#keyHandled#"'('"
2019-5-13 17:00:07.497#keyHandled#"Right"
2019-5-13 17:00:08.521#change#{"from":{"line":7,"ch":6,"sticky":"after"},"to":{"line":7,"ch":7,"sticky":"before"},"text":[""],"removed":[")"],"origin":"+delete"}
2019-5-13 17:00:08.521#keyHandled#"Backspace"
2019-5-13 17:00:08.722#change#{"from":{"line":7,"ch":5,"sticky":"after"},"to":{"line":7,"ch":6,"sticky":null},"text":[""],"removed":["("],"origin":"+delete"}
2019-5-13 17:00:08.722#keyHandled#"Backspace"
2019-5-13 17:00:08.881#change#{"from":{"line":7,"ch":4,"sticky":"after"},"to":{"line":7,"ch":5,"sticky":null},"text":[""],"removed":["f"],"origin":"+delete"}
2019-5-13 17:00:08.881#keyHandled#"Backspace"
2019-5-13 17:00:09.041#change#{"from":{"line":7,"ch":3,"sticky":"after"},"to":{"line":7,"ch":4,"sticky":null},"text":[""],"removed":["i"],"origin":"+delete"}
2019-5-13 17:00:09.041#keyHandled#"Backspace"
2019-5-13 17:00:09.193#change#{"from":{"line":7,"ch":2,"sticky":"after"},"to":{"line":7,"ch":3,"sticky":null},"text":[""],"removed":["l"],"origin":"+delete"}
2019-5-13 17:00:09.193#keyHandled#"Backspace"
2019-5-13 17:00:09.353#change#{"from":{"line":7,"ch":1,"sticky":"after"},"to":{"line":7,"ch":2,"sticky":null},"text":[""],"removed":["e"],"origin":"+delete"}
2019-5-13 17:00:09.353#keyHandled#"Backspace"
2019-5-13 17:00:09.557#change#{"from":{"line":7,"ch":0,"sticky":"after"},"to":{"line":7,"ch":1,"sticky":null},"text":[""],"removed":["\t"],"origin":"+delete"}
2019-5-13 17:00:09.557#keyHandled#"Backspace"
2019-5-13 17:00:10.895#change#{"from":{"line":7,"ch":0,"sticky":null},"to":{"line":7,"ch":0,"sticky":null},"text":["i"],"removed":[""],"origin":"+input"}
2019-5-13 17:00:11.030#change#{"from":{"line":7,"ch":1,"sticky":null},"to":{"line":7,"ch":1,"sticky":null},"text":["f"],"removed":[""],"origin":"+input"}
2019-5-13 17:00:12.030#change#{"from":{"line":7,"ch":2,"sticky":null},"to":{"line":7,"ch":2,"sticky":null},"text":["()"],"removed":[""],"origin":"+input"}
2019-5-13 17:00:12.030#keyHandled#"'('"
2019-5-13 17:03:14.654#blur#
2019-5-13 17:07:22.952#mousedown#{"isTrusted":true}
2019-5-13 17:07:22.969#focus#
2019-5-13 17:07:23.746#change#{"from":{"line":5,"ch":12,"sticky":"before","xRel":13.08331298828125},"to":{"line":5,"ch":12,"sticky":"before","xRel":13.08331298828125},"text":["",""],"removed":[""],"origin":"+input"}
2019-5-13 17:07:23.747#change#{"from":{"line":6,"ch":0,"sticky":null},"to":{"line":6,"ch":0,"sticky":null},"text":["\t\t"],"removed":[""],"origin":"+input"}
2019-5-13 17:07:23.747#keyHandled#"Enter"
2019-5-13 17:07:23.762#viewportChange#0
2019-5-13 17:07:25.022#change#{"from":{"line":6,"ch":2,"sticky":null},"to":{"line":6,"ch":2,"sticky":null},"text":["p"],"removed":[""],"origin":"+input"}
2019-5-13 17:07:25.183#change#{"from":{"line":6,"ch":3,"sticky":null},"to":{"line":6,"ch":3,"sticky":null},"text":["r"],"removed":[""],"origin":"+input"}
2019-5-13 17:07:25.318#change#{"from":{"line":6,"ch":4,"sticky":null},"to":{"line":6,"ch":4,"sticky":null},"text":["i"],"removed":[""],"origin":"+input"}
2019-5-13 17:07:25.543#change#{"from":{"line":6,"ch":5,"sticky":null},"to":{"line":6,"ch":5,"sticky":null},"text":["n"],"removed":[""],"origin":"+input"}
2019-5-13 17:07:25.702#change#{"from":{"line":6,"ch":6,"sticky":null},"to":{"line":6,"ch":6,"sticky":null},"text":["t"],"removed":[""],"origin":"+input"}
2019-5-13 17:07:26.267#change#{"from":{"line":6,"ch":7,"sticky":null},"to":{"line":6,"ch":7,"sticky":null},"text":["()"],"removed":[""],"origin":"+input"}
2019-5-13 17:07:26.267#keyHandled#"'('"
2019-5-13 17:07:27.287#change#{"from":{"line":6,"ch":8,"sticky":"after"},"to":{"line":6,"ch":8,"sticky":"after"},"text":["n"],"removed":[""],"origin":"+input"}
2019-5-13 17:11:11.373#viewportChange#0
2019-5-13 17:11:16.847#mousedown#{"isTrusted":true}
2019-5-13 17:11:16.875#focus#
2019-5-13 17:13:47.657#mousedown#{"isTrusted":true}
2019-5-13 17:13:48.684#change#{"from":{"line":7,"ch":1,"sticky":"after","xRel":5.08331298828125},"to":{"line":7,"ch":1,"sticky":"after","xRel":5.08331298828125},"text":["",""],"removed":[""],"origin":"+input"}
2019-5-13 17:13:48.684#keyHandled#"Enter"
2019-5-13 17:13:48.716#viewportChange#0
2019-5-13 17:13:50.618#change#{"from":{"line":7,"ch":1,"sticky":"before"},"to":{"line":8,"ch":0,"sticky":null},"text":[""],"removed":["",""],"origin":"+delete"}
2019-5-13 17:13:50.618#keyHandled#"Backspace"
2019-5-13 17:13:50.648#viewportChange#0
2019-5-13 17:13:51.963#change#{"from":{"line":7,"ch":1,"sticky":null},"to":{"line":7,"ch":1,"sticky":null},"text":["\t"],"removed":[""],"origin":"+input"}
2019-5-13 17:13:51.963#keyHandled#"Tab"
2019-5-13 17:13:52.847#mousedown#{"isTrusted":true}
2019-5-13 17:13:53.901#mousedown#{"isTrusted":true}
2019-5-13 17:13:54.539#change#{"from":{"line":7,"ch":25,"sticky":"before","xRel":19.08331298828125},"to":{"line":7,"ch":25,"sticky":"before","xRel":19.08331298828125},"text":["",""],"removed":[""],"origin":"+input"}
2019-5-13 17:13:54.539#change#{"from":{"line":8,"ch":0,"sticky":null},"to":{"line":8,"ch":0,"sticky":null},"text":["\t\t"],"removed":[""],"origin":"+input"}
2019-5-13 17:13:54.539#keyHandled#"Enter"
2019-5-13 17:13:54.569#viewportChange#0
2019-5-13 17:13:55.626#change#{"from":{"line":8,"ch":1,"sticky":"after"},"to":{"line":8,"ch":2,"sticky":null},"text":[""],"removed":["\t"],"origin":"+delete"}
2019-5-13 17:13:55.626#keyHandled#"Backspace"
2019-5-13 17:13:58.945#change#{"from":{"line":8,"ch":1,"sticky":null},"to":{"line":8,"ch":1,"sticky":null},"text":["n"],"removed":[""],"origin":"+input"}
2019-5-13 17:13:59.592#change#{"from":{"line":8,"ch":2,"sticky":null},"to":{"line":8,"ch":2,"sticky":null},"text":[" "],"removed":[""],"origin":"+input"}
2019-5-13 17:14:00.031#change#{"from":{"line":8,"ch":3,"sticky":null},"to":{"line":8,"ch":3,"sticky":null},"text":["="],"removed":[""],"origin":"+input"}
2019-5-13 17:14:00.191#change#{"from":{"line":8,"ch":4,"sticky":null},"to":{"line":8,"ch":4,"sticky":null},"text":[" "],"removed":[""],"origin":"+input"}
2019-5-13 17:14:00.936#change#{"from":{"line":8,"ch":5,"sticky":null},"to":{"line":8,"ch":5,"sticky":null},"text":["n"],"removed":[""],"origin":"+input"}
2019-5-13 17:14:01.135#change#{"from":{"line":8,"ch":6,"sticky":null},"to":{"line":8,"ch":6,"sticky":null},"text":[" "],"removed":[""],"origin":"+input"}
2019-5-13 17:14:01.926#change#{"from":{"line":8,"ch":7,"sticky":null},"to":{"line":8,"ch":7,"sticky":null},"text":["+"],"removed":[""],"origin":"+input"}
2019-5-13 17:14:02.487#change#{"from":{"line":8,"ch":8,"sticky":null},"to":{"line":8,"ch":8,"sticky":null},"text":[" "],"removed":[""],"origin":"+input"}
2019-5-13 17:14:03.264#change#{"from":{"line":8,"ch":9,"sticky":null},"to":{"line":8,"ch":9,"sticky":null},"text":["1"],"removed":[""],"origin":"+input"}
2019-5-13 17:14:05.198#mousedown#{"isTrusted":true}
2019-5-13 17:14:42.223#change#{"from":{"line":9,"ch":3,"sticky":"after","xRel":3.08331298828125},"to":{"line":9,"ch":3,"sticky":"after","xRel":3.08331298828125},"text":["1"],"removed":[""],"origin":"+input"}
2019-5-13 17:14:42.968#change#{"from":{"line":9,"ch":4,"sticky":null},"to":{"line":9,"ch":4,"sticky":null},"text":[" "],"removed":[""],"origin":"+input"}
2019-5-13 17:14:43.255#change#{"from":{"line":9,"ch":5,"sticky":null},"to":{"line":9,"ch":5,"sticky":null},"text":["="],"removed":[""],"origin":"+input"}
2019-5-13 17:14:43.494#change#{"from":{"line":9,"ch":6,"sticky":null},"to":{"line":9,"ch":6,"sticky":null},"text":[" "],"removed":[""],"origin":"+input"}
2019-5-13 17:14:44.314#change#{"from":{"line":9,"ch":6,"sticky":"after"},"to":{"line":9,"ch":7,"sticky":null},"text":[""],"removed":[" "],"origin":"+delete"}
2019-5-13 17:14:44.314#keyHandled#"Backspace"
2019-5-13 17:14:44.481#change#{"from":{"line":9,"ch":5,"sticky":"after"},"to":{"line":9,"ch":6,"sticky":null},"text":[""],"removed":["="],"origin":"+delete"}
2019-5-13 17:14:44.481#keyHandled#"Backspace"
2019-5-13 17:14:45.377#change#{"from":{"line":9,"ch":5,"sticky":null},"to":{"line":9,"ch":5,"sticky":null},"text":["+"],"removed":[""],"origin":"+input"}
2019-5-13 17:14:46.463#change#{"from":{"line":9,"ch":6,"sticky":null},"to":{"line":9,"ch":6,"sticky":null},"text":[" "],"removed":[""],"origin":"+input"}
2019-5-13 17:14:47.750#change#{"from":{"line":9,"ch":7,"sticky":null},"to":{"line":9,"ch":7,"sticky":null},"text":["2"],"removed":[""],"origin":"+input"}
2019-5-13 17:14:48.470#change#{"from":{"line":9,"ch":8,"sticky":null},"to":{"line":9,"ch":8,"sticky":null},"text":[" "],"removed":[""],"origin":"+input"}
2019-5-13 17:14:48.646#change#{"from":{"line":9,"ch":9,"sticky":null},"to":{"line":9,"ch":9,"sticky":null},"text":["+"],"removed":[""],"origin":"+input"}
2019-5-13 17:14:48.790#change#{"from":{"line":9,"ch":10,"sticky":null},"to":{"line":9,"ch":10,"sticky":null},"text":[" "],"removed":[""],"origin":"+input"}
2019-5-13 17:14:51.607#change#{"from":{"line":9,"ch":11,"sticky":null},"to":{"line":9,"ch":11,"sticky":null},"text":["4"],"removed":[""],"origin":"+input"}
2019-5-13 17:14:52.750#change#{"from":{"line":9,"ch":12,"sticky":null},"to":{"line":9,"ch":12,"sticky":null},"text":[" "],"removed":[""],"origin":"+input"}
2019-5-13 17:14:52.942#change#{"from":{"line":9,"ch":13,"sticky":null},"to":{"line":9,"ch":13,"sticky":null},"text":["+"],"removed":[""],"origin":"+input"}
2019-5-13 17:14:53.097#change#{"from":{"line":9,"ch":14,"sticky":null},"to":{"line":9,"ch":14,"sticky":null},"text":[" "],"removed":[""],"origin":"+input"}
2019-5-13 17:14:55.168#change#{"from":{"line":9,"ch":15,"sticky":null},"to":{"line":9,"ch":15,"sticky":null},"text":["7"],"removed":[""],"origin":"+input"}
2019-5-13 17:14:55.758#change#{"from":{"line":9,"ch":16,"sticky":null},"to":{"line":9,"ch":16,"sticky":null},"text":[" "],"removed":[""],"origin":"+input"}
2019-5-13 17:14:55.941#change#{"from":{"line":9,"ch":17,"sticky":null},"to":{"line":9,"ch":17,"sticky":null},"text":["+"],"removed":[""],"origin":"+input"}
2019-5-13 17:14:56.086#change#{"from":{"line":9,"ch":18,"sticky":null},"to":{"line":9,"ch":18,"sticky":null},"text":[" "],"removed":[""],"origin":"+input"}
2019-5-13 17:14:57.950#change#{"from":{"line":9,"ch":19,"sticky":null},"to":{"line":9,"ch":19,"sticky":null},"text":["1"],"removed":[""],"origin":"+input"}
2019-5-13 17:14:58.142#change#{"from":{"line":9,"ch":20,"sticky":null},"to":{"line":9,"ch":20,"sticky":null},"text":["4"],"removed":[""],"origin":"+input"}
2019-5-13 17:15:06.261#change#{"from":{"line":9,"ch":21,"sticky":null},"to":{"line":9,"ch":21,"sticky":null},"text":[" "],"removed":[""],"origin":"+input"}
2019-5-13 17:15:06.958#change#{"from":{"line":9,"ch":22,"sticky":null},"to":{"line":9,"ch":22,"sticky":null},"text":["="],"removed":[""],"origin":"+input"}
2019-5-13 17:15:07.182#change#{"from":{"line":9,"ch":23,"sticky":null},"to":{"line":9,"ch":23,"sticky":null},"text":["="],"removed":[""],"origin":"+input"}
2019-5-13 17:15:07.415#change#{"from":{"line":9,"ch":24,"sticky":null},"to":{"line":9,"ch":24,"sticky":null},"text":[" "],"removed":[""],"origin":"+input"}
2019-5-13 17:15:15.871#change#{"from":{"line":9,"ch":25,"sticky":null},"to":{"line":9,"ch":25,"sticky":null},"text":["a"],"removed":[""],"origin":"+input"}
2019-5-13 17:15:18.095#mousedown#{"isTrusted":true}
2019-5-13 17:15:18.990#change#{"from":{"line":9,"ch":27,"sticky":"before","xRel":7.08331298828125},"to":{"line":9,"ch":27,"sticky":"before","xRel":7.08331298828125},"text":[":"],"removed":[""],"origin":"+input"}
2019-5-13 17:15:19.187#change#{"from":{"line":9,"ch":28,"sticky":null},"to":{"line":9,"ch":28,"sticky":null},"text":["",""],"removed":[""],"origin":"+input"}
2019-5-13 17:15:19.187#change#{"from":{"line":10,"ch":0,"sticky":null},"to":{"line":10,"ch":0,"sticky":null},"text":["\t"],"removed":[""],"origin":"+input"}
2019-5-13 17:15:19.187#keyHandled#"Enter"
2019-5-13 17:15:19.200#viewportChange#0
2019-5-13 17:15:20.390#change#{"from":{"line":10,"ch":1,"sticky":null},"to":{"line":10,"ch":1,"sticky":null},"text":["p"],"removed":[""],"origin":"+input"}
2019-5-13 17:15:20.518#change#{"from":{"line":10,"ch":2,"sticky":null},"to":{"line":10,"ch":2,"sticky":null},"text":["r"],"removed":[""],"origin":"+input"}
2019-5-13 17:15:20.606#change#{"from":{"line":10,"ch":3,"sticky":null},"to":{"line":10,"ch":3,"sticky":null},"text":["i"],"removed":[""],"origin":"+input"}
2019-5-13 17:15:21.022#change#{"from":{"line":10,"ch":4,"sticky":null},"to":{"line":10,"ch":4,"sticky":null},"text":["t"],"removed":[""],"origin":"+input"}
2019-5-13 17:15:22.057#change#{"from":{"line":10,"ch":4,"sticky":"after"},"to":{"line":10,"ch":5,"sticky":null},"text":[""],"removed":["t"],"origin":"+delete"}
2019-5-13 17:15:22.057#keyHandled#"Backspace"
2019-5-13 17:15:22.823#change#{"from":{"line":10,"ch":4,"sticky":null},"to":{"line":10,"ch":4,"sticky":null},"text":["n"],"removed":[""],"origin":"+input"}
2019-5-13 17:15:23.013#change#{"from":{"line":10,"ch":5,"sticky":null},"to":{"line":10,"ch":5,"sticky":null},"text":["t"],"removed":[""],"origin":"+input"}
2019-5-13 17:15:23.600#change#{"from":{"line":10,"ch":6,"sticky":null},"to":{"line":10,"ch":6,"sticky":null},"text":["()"],"removed":[""],"origin":"+input"}
2019-5-13 17:15:23.601#keyHandled#"'('"
2019-5-13 17:15:33.399#change#{"from":{"line":10,"ch":7,"sticky":"after"},"to":{"line":10,"ch":7,"sticky":"after"},"text":["P"],"removed":[""],"origin":"+input"}
2019-5-13 17:15:34.705#change#{"from":{"line":10,"ch":7,"sticky":"after"},"to":{"line":10,"ch":8,"sticky":null},"text":[""],"removed":["P"],"origin":"+delete"}
2019-5-13 17:15:34.705#keyHandled#"Backspace"
2019-5-13 17:15:35.544#change#{"from":{"line":10,"ch":7,"sticky":null},"to":{"line":10,"ch":7,"sticky":null},"text":["\"\""],"removed":[""],"origin":"+input"}
2019-5-13 17:15:35.544#keyHandled#"'\"'"
2019-5-13 17:15:36.471#change#{"from":{"line":10,"ch":8,"sticky":"after"},"to":{"line":10,"ch":8,"sticky":"after"},"text":["P"],"removed":[""],"origin":"+input"}
2019-5-13 17:15:36.583#change#{"from":{"line":10,"ch":9,"sticky":null},"to":{"line":10,"ch":9,"sticky":null},"text":["E"],"removed":[""],"origin":"+input"}
2019-5-13 17:15:36.777#change#{"from":{"line":10,"ch":10,"sticky":null},"to":{"line":10,"ch":10,"sticky":null},"text":["R"],"removed":[""],"origin":"+input"}
2019-5-13 17:15:37.030#change#{"from":{"line":10,"ch":11,"sticky":null},"to":{"line":10,"ch":11,"sticky":null},"text":["F"],"removed":[""],"origin":"+input"}
2019-5-13 17:15:37.182#change#{"from":{"line":10,"ch":12,"sticky":null},"to":{"line":10,"ch":12,"sticky":null},"text":["E"],"removed":[""],"origin":"+input"}
2019-5-13 17:15:37.334#change#{"from":{"line":10,"ch":13,"sticky":null},"to":{"line":10,"ch":13,"sticky":null},"text":["I"],"removed":[""],"origin":"+input"}
2019-5-13 17:15:37.495#change#{"from":{"line":10,"ch":14,"sticky":null},"to":{"line":10,"ch":14,"sticky":null},"text":["T"],"removed":[""],"origin":"+input"}
2019-5-13 17:15:37.566#change#{"from":{"line":10,"ch":15,"sticky":null},"to":{"line":10,"ch":15,"sticky":null},"text":["O"],"removed":[""],"origin":"+input"}
2019-5-13 17:15:38.721#keyHandled#"Right"
2019-5-13 17:15:39.018#keyHandled#"Right"
2019-5-13 17:15:39.658#change#{"from":{"line":10,"ch":18,"sticky":"before"},"to":{"line":10,"ch":18,"sticky":"before"},"text":["",""],"removed":[""],"origin":"+input"}
2019-5-13 17:15:39.658#change#{"from":{"line":11,"ch":0,"sticky":null},"to":{"line":11,"ch":0,"sticky":null},"text":["\t"],"removed":[""],"origin":"+input"}
2019-5-13 17:15:39.658#keyHandled#"Enter"
2019-5-13 17:15:39.676#viewportChange#0
2019-5-13 17:15:40.129#change#{"from":{"line":11,"ch":0,"sticky":"after"},"to":{"line":11,"ch":1,"sticky":null},"text":[""],"removed":["\t"],"origin":"+delete"}
2019-5-13 17:15:40.129#keyHandled#"Backspace"
2019-5-13 17:15:40.855#change#{"from":{"line":11,"ch":0,"sticky":null},"to":{"line":11,"ch":0,"sticky":null},"text":["E"],"removed":[""],"origin":"+input"}
2019-5-13 17:15:40.975#change#{"from":{"line":11,"ch":1,"sticky":null},"to":{"line":11,"ch":1,"sticky":null},"text":["L"],"removed":[""],"origin":"+input"}
2019-5-13 17:15:41.094#change#{"from":{"line":11,"ch":2,"sticky":null},"to":{"line":11,"ch":2,"sticky":null},"text":["S"],"removed":[""],"origin":"+input"}
2019-5-13 17:15:41.326#change#{"from":{"line":11,"ch":3,"sticky":null},"to":{"line":11,"ch":3,"sticky":null},"text":["E"],"removed":[""],"origin":"+input"}
2019-5-13 17:15:42.249#change#{"from":{"line":11,"ch":3,"sticky":"after"},"to":{"line":11,"ch":4,"sticky":null},"text":[""],"removed":["E"],"origin":"+delete"}
2019-5-13 17:15:42.249#keyHandled#"Backspace"
2019-5-13 17:15:42.401#change#{"from":{"line":11,"ch":2,"sticky":"after"},"to":{"line":11,"ch":3,"sticky":null},"text":[""],"removed":["S"],"origin":"+delete"}
2019-5-13 17:15:42.401#keyHandled#"Backspace"
2019-5-13 17:15:42.553#change#{"from":{"line":11,"ch":1,"sticky":"after"},"to":{"line":11,"ch":2,"sticky":null},"text":[""],"removed":["L"],"origin":"+delete"}
2019-5-13 17:15:42.553#keyHandled#"Backspace"
2019-5-13 17:15:42.793#change#{"from":{"line":11,"ch":0,"sticky":"after"},"to":{"line":11,"ch":1,"sticky":null},"text":[""],"removed":["E"],"origin":"+delete"}
2019-5-13 17:15:42.793#keyHandled#"Backspace"
2019-5-13 17:15:43.166#change#{"from":{"line":11,"ch":0,"sticky":null},"to":{"line":11,"ch":0,"sticky":null},"text":["A"],"removed":[""],"origin":"+input"}
2019-5-13 17:15:43.889#change#{"from":{"line":11,"ch":0,"sticky":"after"},"to":{"line":11,"ch":1,"sticky":null},"text":[""],"removed":["A"],"origin":"+delete"}
2019-5-13 17:15:43.889#keyHandled#"Backspace"
2019-5-13 17:15:44.583#change#{"from":{"line":11,"ch":0,"sticky":null},"to":{"line":11,"ch":0,"sticky":null},"text":["e"],"removed":[""],"origin":"+input"}
2019-5-13 17:15:44.734#change#{"from":{"line":11,"ch":1,"sticky":null},"to":{"line":11,"ch":1,"sticky":null},"text":["l"],"removed":[""],"origin":"+input"}
2019-5-13 17:15:44.822#change#{"from":{"line":11,"ch":2,"sticky":null},"to":{"line":11,"ch":2,"sticky":null},"text":["s"],"removed":[""],"origin":"+input"}
2019-5-13 17:15:45.030#change#{"from":{"line":11,"ch":3,"sticky":null},"to":{"line":11,"ch":3,"sticky":null},"text":["e"],"removed":[""],"origin":"+input"}
2019-5-13 17:15:46.358#change#{"from":{"line":11,"ch":4,"sticky":null},"to":{"line":11,"ch":4,"sticky":null},"text":[":"],"removed":[""],"origin":"+input"}
2019-5-13 17:15:46.547#change#{"from":{"line":11,"ch":5,"sticky":null},"to":{"line":11,"ch":5,"sticky":null},"text":["",""],"removed":[""],"origin":"+input"}
2019-5-13 17:15:46.547#change#{"from":{"line":12,"ch":0,"sticky":null},"to":{"line":12,"ch":0,"sticky":null},"text":["\t"],"removed":[""],"origin":"+input"}
2019-5-13 17:15:46.548#keyHandled#"Enter"
2019-5-13 17:15:46.562#viewportChange#0
2019-5-13 17:15:47.976#change#{"from":{"line":12,"ch":1,"sticky":null},"to":{"line":12,"ch":1,"sticky":null},"text":["p"],"removed":[""],"origin":"+input"}
2019-5-13 17:15:48.095#change#{"from":{"line":12,"ch":2,"sticky":null},"to":{"line":12,"ch":2,"sticky":null},"text":["r"],"removed":[""],"origin":"+input"}
2019-5-13 17:15:48.222#change#{"from":{"line":12,"ch":3,"sticky":null},"to":{"line":12,"ch":3,"sticky":null},"text":["i"],"removed":[""],"origin":"+input"}
2019-5-13 17:15:48.429#change#{"from":{"line":12,"ch":4,"sticky":null},"to":{"line":12,"ch":4,"sticky":null},"text":["n"],"removed":[""],"origin":"+input"}
2019-5-13 17:15:48.574#change#{"from":{"line":12,"ch":5,"sticky":null},"to":{"line":12,"ch":5,"sticky":null},"text":["t"],"removed":[""],"origin":"+input"}
2019-5-13 17:15:49.502#change#{"from":{"line":12,"ch":6,"sticky":null},"to":{"line":12,"ch":6,"sticky":null},"text":["()"],"removed":[""],"origin":"+input"}
2019-5-13 17:15:49.502#keyHandled#"'('"
2019-5-13 17:15:51.534#change#{"from":{"line":12,"ch":7,"sticky":"after"},"to":{"line":12,"ch":7,"sticky":"after"},"text":["N"],"removed":[""],"origin":"+input"}
2019-5-13 17:15:51.654#change#{"from":{"line":12,"ch":8,"sticky":null},"to":{"line":12,"ch":8,"sticky":null},"text":["A"],"removed":[""],"origin":"+input"}
2019-5-13 17:15:51.806#change#{"from":{"line":12,"ch":9,"sticky":null},"to":{"line":12,"ch":9,"sticky":null},"text":["O"],"removed":[""],"origin":"+input"}
2019-5-13 17:15:52.494#change#{"from":{"line":12,"ch":10,"sticky":null},"to":{"line":12,"ch":10,"sticky":null},"text":[" "],"removed":[""],"origin":"+input"}
2019-5-13 17:15:53.342#change#{"from":{"line":12,"ch":11,"sticky":null},"to":{"line":12,"ch":11,"sticky":null},"text":["P"],"removed":[""],"origin":"+input"}
2019-5-13 17:15:53.454#change#{"from":{"line":12,"ch":12,"sticky":null},"to":{"line":12,"ch":12,"sticky":null},"text":["E"],"removed":[""],"origin":"+input"}
2019-5-13 17:15:53.662#change#{"from":{"line":12,"ch":13,"sticky":null},"to":{"line":12,"ch":13,"sticky":null},"text":["R"],"removed":[""],"origin":"+input"}
2019-5-13 17:15:54.057#change#{"from":{"line":12,"ch":13,"sticky":"after"},"to":{"line":12,"ch":14,"sticky":null},"text":[""],"removed":["R"],"origin":"+delete"}
2019-5-13 17:15:54.057#keyHandled#"Backspace"
2019-5-13 17:15:54.225#change#{"from":{"line":12,"ch":12,"sticky":"after"},"to":{"line":12,"ch":13,"sticky":null},"text":[""],"removed":["E"],"origin":"+delete"}
2019-5-13 17:15:54.225#keyHandled#"Backspace"
2019-5-13 17:15:54.385#change#{"from":{"line":12,"ch":11,"sticky":"after"},"to":{"line":12,"ch":12,"sticky":null},"text":[""],"removed":["P"],"origin":"+delete"}
2019-5-13 17:15:54.385#keyHandled#"Backspace"
2019-5-13 17:15:54.545#change#{"from":{"line":12,"ch":10,"sticky":"after"},"to":{"line":12,"ch":11,"sticky":null},"text":[""],"removed":[" "],"origin":"+delete"}
2019-5-13 17:15:54.545#keyHandled#"Backspace"
2019-5-13 17:15:54.697#change#{"from":{"line":12,"ch":9,"sticky":"after"},"to":{"line":12,"ch":10,"sticky":null},"text":[""],"removed":["O"],"origin":"+delete"}
2019-5-13 17:15:54.697#keyHandled#"Backspace"
2019-5-13 17:15:54.857#change#{"from":{"line":12,"ch":8,"sticky":"after"},"to":{"line":12,"ch":9,"sticky":null},"text":[""],"removed":["A"],"origin":"+delete"}
2019-5-13 17:15:54.857#keyHandled#"Backspace"
2019-5-13 17:15:55.025#change#{"from":{"line":12,"ch":7,"sticky":"after"},"to":{"line":12,"ch":8,"sticky":null},"text":[""],"removed":["N"],"origin":"+delete"}
2019-5-13 17:15:55.025#keyHandled#"Backspace"
2019-5-13 17:15:56.102#change#{"from":{"line":12,"ch":7,"sticky":null},"to":{"line":12,"ch":7,"sticky":null},"text":["\"\""],"removed":[""],"origin":"+input"}
2019-5-13 17:15:56.102#keyHandled#"'\"'"
2019-5-13 17:15:57.511#change#{"from":{"line":12,"ch":8,"sticky":"after"},"to":{"line":12,"ch":8,"sticky":"after"},"text":["N"],"removed":[""],"origin":"+input"}
2019-5-13 17:15:57.678#change#{"from":{"line":12,"ch":9,"sticky":null},"to":{"line":12,"ch":9,"sticky":null},"text":["A"],"removed":[""],"origin":"+input"}
2019-5-13 17:15:57.814#change#{"from":{"line":12,"ch":10,"sticky":null},"to":{"line":12,"ch":10,"sticky":null},"text":["O"],"removed":[""],"origin":"+input"}
2019-5-13 17:15:58.039#change#{"from":{"line":12,"ch":11,"sticky":null},"to":{"line":12,"ch":11,"sticky":null},"text":[" "],"removed":[""],"origin":"+input"}
2019-5-13 17:15:58.302#change#{"from":{"line":12,"ch":12,"sticky":null},"to":{"line":12,"ch":12,"sticky":null},"text":["P"],"removed":[""],"origin":"+input"}
2019-5-13 17:15:58.462#change#{"from":{"line":12,"ch":13,"sticky":null},"to":{"line":12,"ch":13,"sticky":null},"text":["E"],"removed":[""],"origin":"+input"}
2019-5-13 17:15:58.654#change#{"from":{"line":12,"ch":14,"sticky":null},"to":{"line":12,"ch":14,"sticky":null},"text":["R"],"removed":[""],"origin":"+input"}
2019-5-13 17:15:58.922#change#{"from":{"line":12,"ch":15,"sticky":null},"to":{"line":12,"ch":15,"sticky":null},"text":["F"],"removed":[""],"origin":"+input"}
2019-5-13 17:15:59.064#change#{"from":{"line":12,"ch":16,"sticky":null},"to":{"line":12,"ch":16,"sticky":null},"text":["E"],"removed":[""],"origin":"+input"}
2019-5-13 17:15:59.278#change#{"from":{"line":12,"ch":17,"sticky":null},"to":{"line":12,"ch":17,"sticky":null},"text":["I"],"removed":[""],"origin":"+input"}
2019-5-13 17:15:59.427#change#{"from":{"line":12,"ch":18,"sticky":null},"to":{"line":12,"ch":18,"sticky":null},"text":["T"],"removed":[""],"origin":"+input"}
2019-5-13 17:15:59.622#change#{"from":{"line":12,"ch":19,"sticky":null},"to":{"line":12,"ch":19,"sticky":null},"text":["O"],"removed":[""],"origin":"+input"}
2019-5-13 17:16:02.399#saida_testar#$ python3 main.py
2019-5-13 17:16:05.455#change#{"from":{"line":12,"ch":20,"sticky":null},"to":{"line":12,"ch":20,"sticky":null},"text":["2"],"removed":[""],"origin":"+input"}
2019-5-13 17:16:05.686#change#{"from":{"line":12,"ch":21,"sticky":null},"to":{"line":12,"ch":21,"sticky":null},"text":["8"],"removed":[""],"origin":"+input"}
2019-5-13 17:16:07.015#change#{"from":{"line":12,"ch":21,"sticky":"after"},"to":{"line":12,"ch":22,"sticky":null},"text":[""],"removed":["8"],"origin":"+delete"}
2019-5-13 17:16:07.016#keyHandled#"Backspace"
2019-5-13 17:16:07.217#change#{"from":{"line":12,"ch":20,"sticky":"after"},"to":{"line":12,"ch":21,"sticky":null},"text":[""],"removed":["2"],"origin":"+delete"}
2019-5-13 17:16:07.217#keyHandled#"Backspace"
2019-5-13 17:16:08.344#blur#
2019-5-13 17:16:14.728#mousedown#{"isTrusted":true}
2019-5-13 17:16:14.917#focus#
2019-5-13 17:16:16.136#change#{"from":{"line":3,"ch":8,"sticky":"before","xRel":10.08331298828125},"to":{"line":3,"ch":8,"sticky":"before","xRel":10.08331298828125},"text":[" "],"removed":[""],"origin":"+input"}
2019-5-13 17:16:16.295#change#{"from":{"line":3,"ch":9,"sticky":null},"to":{"line":3,"ch":9,"sticky":null},"text":["="],"removed":[""],"origin":"+input"}
2019-5-13 17:16:16.399#change#{"from":{"line":3,"ch":10,"sticky":null},"to":{"line":3,"ch":10,"sticky":null},"text":[" "],"removed":[""],"origin":"+input"}
2019-5-13 17:16:18.057#change#{"from":{"line":3,"ch":10,"sticky":"after"},"to":{"line":3,"ch":11,"sticky":null},"text":[""],"removed":[" "],"origin":"+delete"}
2019-5-13 17:16:18.057#keyHandled#"Backspace"
2019-5-13 17:16:18.249#change#{"from":{"line":3,"ch":9,"sticky":"after"},"to":{"line":3,"ch":10,"sticky":null},"text":[""],"removed":["="],"origin":"+delete"}
2019-5-13 17:16:18.249#keyHandled#"Backspace"
2019-5-13 17:16:19.184#change#{"from":{"line":3,"ch":9,"sticky":null},"to":{"line":3,"ch":9,"sticky":null},"text":["="],"removed":[""],"origin":"+input"}
2019-5-13 17:16:19.463#change#{"from":{"line":3,"ch":10,"sticky":null},"to":{"line":3,"ch":10,"sticky":null},"text":[" "],"removed":[""],"origin":"+input"}
2019-5-13 17:16:20.095#change#{"from":{"line":3,"ch":11,"sticky":null},"to":{"line":3,"ch":11,"sticky":null},"text":["0"],"removed":[""],"origin":"+input"}
2019-5-13 17:16:20.095#change#{"from":{"line":3,"ch":11,"sticky":null},"to":{"line":3,"ch":11,"sticky":null},"text":["0"],"removed":[""],"origin":"+input"}
2019-5-13 17:16:27.771#submit#Your code did not produce the correct output. Please, correct your code and try again.
2019-5-13 17:16:27.771#submit#Your code did not produce the correct output. Please, correct your code and try again.
2019-5-13 17:16:30.309#saida_testar#$ python3 main.py
2019-5-13 17:16:30.575#blur#
2019-5-13 17:17:07.393#mousedown#{"isTrusted":true}
2019-5-13 17:17:07.569#focus#
2019-5-13 17:18:07.163#mousedown#{"isTrusted":true}
2019-5-13 17:18:08.609#change#{"from":{"line":9,"ch":20,"sticky":"after"},"to":{"line":9,"ch":21,"sticky":"before","xRel":-1.91668701171875},"text":[""],"removed":["4"],"origin":"+delete"}
2019-5-13 17:18:08.609#keyHandled#"Backspace"
2019-5-13 17:18:08.809#change#{"from":{"line":9,"ch":19,"sticky":"after"},"to":{"line":9,"ch":20,"sticky":null},"text":[""],"removed":["1"],"origin":"+delete"}
2019-5-13 17:18:08.809#keyHandled#"Backspace"
2019-5-13 17:18:09.009#change#{"from":{"line":9,"ch":18,"sticky":"after"},"to":{"line":9,"ch":19,"sticky":null},"text":[""],"removed":[" "],"origin":"+delete"}
2019-5-13 17:18:09.009#keyHandled#"Backspace"
2019-5-13 17:18:09.185#change#{"from":{"line":9,"ch":17,"sticky":"after"},"to":{"line":9,"ch":18,"sticky":null},"text":[""],"removed":["+"],"origin":"+delete"}
2019-5-13 17:18:09.185#keyHandled#"Backspace"
2019-5-13 17:18:09.337#change#{"from":{"line":9,"ch":16,"sticky":"after"},"to":{"line":9,"ch":17,"sticky":null},"text":[""],"removed":[" "],"origin":"+delete"}
2019-5-13 17:18:09.337#keyHandled#"Backspace"
2019-5-13 17:18:09.837#change#{"from":{"line":9,"ch":15,"sticky":"after"},"to":{"line":9,"ch":16,"sticky":null},"text":[""],"removed":["7"],"origin":"+delete"}
2019-5-13 17:18:09.837#keyHandled#"Backspace"
2019-5-13 17:18:09.867#change#{"from":{"line":9,"ch":14,"sticky":"after"},"to":{"line":9,"ch":15,"sticky":null},"text":[""],"removed":[" "],"origin":"+delete"}
2019-5-13 17:18:09.867#keyHandled#"Backspace"
2019-5-13 17:18:09.988#change#{"from":{"line":9,"ch":10,"sticky":"after"},"to":{"line":9,"ch":11,"sticky":null},"text":[""],"removed":[" "],"origin":"+delete"}
2019-5-13 17:18:09.988#keyHandled#"Backspace"
2019-5-13 17:18:10.019#change#{"from":{"line":9,"ch":9,"sticky":"after"},"to":{"line":9,"ch":10,"sticky":null},"text":[""],"removed":["+"],"origin":"+delete"}
2019-5-13 17:18:10.019#keyHandled#"Backspace"
2019-5-13 17:18:10.061#change#{"from":{"line":9,"ch":8,"sticky":"after"},"to":{"line":9,"ch":9,"sticky":null},"text":[""],"removed":[" "],"origin":"+delete"}
2019-5-13 17:18:10.061#keyHandled#"Backspace"
2019-5-13 17:18:10.080#change#{"from":{"line":9,"ch":7,"sticky":"after"},"to":{"line":9,"ch":8,"sticky":null},"text":[""],"removed":["2"],"origin":"+delete"}
2019-5-13 17:18:10.081#keyHandled#"Backspace"
2019-5-13 17:18:10.111#change#{"from":{"line":9,"ch":6,"sticky":"after"},"to":{"line":9,"ch":7,"sticky":null},"text":[""],"removed":[" "],"origin":"+delete"}
2019-5-13 17:18:10.111#keyHandled#"Backspace"
2019-5-13 17:18:10.141#change#{"from":{"line":9,"ch":5,"sticky":"after"},"to":{"line":9,"ch":6,"sticky":null},"text":[""],"removed":["+"],"origin":"+delete"}
2019-5-13 17:18:10.141#keyHandled#"Backspace"
2019-5-13 17:18:10.171#change#{"from":{"line":9,"ch":4,"sticky":"after"},"to":{"line":9,"ch":5,"sticky":null},"text":[""],"removed":[" "],"origin":"+delete"}
2019-5-13 17:18:10.171#keyHandled#"Backspace"
2019-5-13 17:18:10.201#change#{"from":{"line":9,"ch":3,"sticky":"after"},"to":{"line":9,"ch":4,"sticky":null},"text":[""],"removed":["1"],"origin":"+delete"}
2019-5-13 17:18:10.201#keyHandled#"Backspace"
2019-5-13 17:18:13.199#change#{"from":{"line":9,"ch":3,"sticky":null},"to":{"line":9,"ch":3,"sticky":null},"text":[" "],"removed":[""],"origin":"+input"}
2019-5-13 17:18:15.065#change#{"from":{"line":9,"ch":3,"sticky":"after"},"to":{"line":9,"ch":4,"sticky":null},"text":[""],"removed":[" "],"origin":"+delete"}
2019-5-13 17:18:15.065#keyHandled#"Backspace"
2019-5-13 17:18:26.527#change#{"from":{"line":9,"ch":3,"sticky":null},"to":{"line":9,"ch":3,"sticky":null},"text":["N"],"removed":[""],"origin":"+input"}
2019-5-13 17:18:27.579#change#{"from":{"line":9,"ch":3,"sticky":"after"},"to":{"line":9,"ch":4,"sticky":null},"text":[""],"removed":["N"],"origin":"+delete"}
2019-5-13 17:18:27.579#keyHandled#"Backspace"
2019-5-13 17:18:28.127#change#{"from":{"line":9,"ch":3,"sticky":null},"to":{"line":9,"ch":3,"sticky":null},"text":["n"],"removed":[""],"origin":"+input"}
2019-5-13 17:18:29.113#keyHandled#"Right"
2019-5-13 17:18:29.265#keyHandled#"Right"
2019-5-13 17:18:29.425#keyHandled#"Right"
2019-5-13 17:18:29.595#keyHandled#"Right"
2019-5-13 17:18:29.737#keyHandled#"Right"
2019-5-13 17:18:30.337#change#{"from":{"line":9,"ch":8,"sticky":"after"},"to":{"line":9,"ch":9,"sticky":"before"},"text":[""],"removed":["a"],"origin":"+delete"}
2019-5-13 17:18:30.337#keyHandled#"Backspace"
2019-5-13 17:18:30.497#change#{"from":{"line":9,"ch":7,"sticky":"after"},"to":{"line":9,"ch":8,"sticky":null},"text":[""],"removed":[" "],"origin":"+delete"}
2019-5-13 17:18:30.497#keyHandled#"Backspace"
2019-5-13 17:18:30.673#change#{"from":{"line":9,"ch":6,"sticky":"after"},"to":{"line":9,"ch":7,"sticky":null},"text":[""],"removed":["="],"origin":"+delete"}
2019-5-13 17:18:30.673#keyHandled#"Backspace"
2019-5-13 17:18:30.873#change#{"from":{"line":9,"ch":5,"sticky":"after"},"to":{"line":9,"ch":6,"sticky":null},"text":[""],"removed":["="],"origin":"+delete"}
2019-5-13 17:18:30.873#keyHandled#"Backspace"
2019-5-13 17:18:31.121#change#{"from":{"line":9,"ch":4,"sticky":"after"},"to":{"line":9,"ch":5,"sticky":null},"text":[""],"removed":[" "],"origin":"+delete"}
2019-5-13 17:18:31.121#keyHandled#"Backspace"
2019-5-13 17:18:32.015#change#{"from":{"line":9,"ch":4,"sticky":null},"to":{"line":9,"ch":4,"sticky":null},"text":[" "],"removed":[""],"origin":"+input"}
2019-5-13 17:18:47.087#change#{"from":{"line":9,"ch":5,"sticky":null},"to":{"line":9,"ch":5,"sticky":null},"text":["="],"removed":[""],"origin":"+input"}
2019-5-13 17:18:47.254#change#{"from":{"line":9,"ch":6,"sticky":null},"to":{"line":9,"ch":6,"sticky":null},"text":["="],"removed":[""],"origin":"+input"}
2019-5-13 17:18:47.511#change#{"from":{"line":9,"ch":7,"sticky":null},"to":{"line":9,"ch":7,"sticky":null},"text":[" "],"removed":[""],"origin":"+input"}
2019-5-13 17:18:54.894#change#{"from":{"line":9,"ch":8,"sticky":null},"to":{"line":9,"ch":8,"sticky":null},"text":["2"],"removed":[""],"origin":"+input"}
2019-5-13 17:18:55.142#change#{"from":{"line":9,"ch":9,"sticky":null},"to":{"line":9,"ch":9,"sticky":null},"text":["8"],"removed":[""],"origin":"+input"}
2019-5-13 17:18:57.022#change#{"from":{"line":9,"ch":10,"sticky":null},"to":{"line":9,"ch":10,"sticky":null},"text":[" "],"removed":[""],"origin":"+input"}
2019-5-13 17:18:57.222#change#{"from":{"line":9,"ch":11,"sticky":null},"to":{"line":9,"ch":11,"sticky":null},"text":["A"],"removed":[""],"origin":"+input"}
2019-5-13 17:18:57.358#change#{"from":{"line":9,"ch":12,"sticky":null},"to":{"line":9,"ch":12,"sticky":null},"text":["N"],"removed":[""],"origin":"+input"}
2019-5-13 17:18:57.503#change#{"from":{"line":9,"ch":13,"sticky":null},"to":{"line":9,"ch":13,"sticky":null},"text":["D"],"removed":[""],"origin":"+input"}
2019-5-13 17:18:57.727#change#{"from":{"line":9,"ch":14,"sticky":null},"to":{"line":9,"ch":14,"sticky":null},"text":[" "],"removed":[""],"origin":"+input"}
2019-5-13 17:18:58.673#change#{"from":{"line":9,"ch":14,"sticky":"after"},"to":{"line":9,"ch":15,"sticky":null},"text":[""],"removed":[" "],"origin":"+delete"}
2019-5-13 17:18:58.673#keyHandled#"Backspace"
2019-5-13 17:18:58.833#change#{"from":{"line":9,"ch":13,"sticky":"after"},"to":{"line":9,"ch":14,"sticky":null},"text":[""],"removed":["D"],"origin":"+delete"}
2019-5-13 17:18:58.833#keyHandled#"Backspace"
2019-5-13 17:18:58.977#change#{"from":{"line":9,"ch":12,"sticky":"after"},"to":{"line":9,"ch":13,"sticky":null},"text":[""],"removed":["N"],"origin":"+delete"}
2019-5-13 17:18:58.977#keyHandled#"Backspace"
2019-5-13 17:18:59.169#change#{"from":{"line":9,"ch":11,"sticky":"after"},"to":{"line":9,"ch":12,"sticky":null},"text":[""],"removed":["A"],"origin":"+delete"}
2019-5-13 17:18:59.169#keyHandled#"Backspace"
2019-5-13 17:19:00.102#change#{"from":{"line":9,"ch":12,"sticky":null},"to":{"line":9,"ch":12,"sticky":null},"text":["n"],"removed":[""],"origin":"+input"}
2019-5-13 17:19:00.222#change#{"from":{"line":9,"ch":13,"sticky":null},"to":{"line":9,"ch":13,"sticky":null},"text":["d"],"removed":[""],"origin":"+input"}
2019-5-13 17:19:00.391#change#{"from":{"line":9,"ch":14,"sticky":null},"to":{"line":9,"ch":14,"sticky":null},"text":[" "],"removed":[""],"origin":"+input"}
2019-5-13 17:19:02.919#change#{"from":{"line":9,"ch":15,"sticky":null},"to":{"line":9,"ch":15,"sticky":null},"text":["n"],"removed":[""],"origin":"+input"}
2019-5-13 17:19:06.440#change#{"from":{"line":9,"ch":16,"sticky":null},"to":{"line":9,"ch":16,"sticky":null},"text":["!"],"removed":[""],"origin":"+input"}
2019-5-13 17:19:18.530#change#{"from":{"line":9,"ch":16,"sticky":"after"},"to":{"line":9,"ch":17,"sticky":null},"text":[""],"removed":["!"],"origin":"+delete"}
2019-5-13 17:19:18.530#keyHandled#"Backspace"
2019-5-13 17:19:18.673#change#{"from":{"line":9,"ch":15,"sticky":"after"},"to":{"line":9,"ch":16,"sticky":null},"text":[""],"removed":["n"],"origin":"+delete"}
2019-5-13 17:19:18.673#keyHandled#"Backspace"
2019-5-13 17:19:18.857#change#{"from":{"line":9,"ch":14,"sticky":"after"},"to":{"line":9,"ch":15,"sticky":null},"text":[""],"removed":[" "],"origin":"+delete"}
2019-5-13 17:19:18.857#keyHandled#"Backspace"
2019-5-13 17:19:19.097#change#{"from":{"line":9,"ch":13,"sticky":"after"},"to":{"line":9,"ch":14,"sticky":null},"text":[""],"removed":["d"],"origin":"+delete"}
2019-5-13 17:19:19.097#keyHandled#"Backspace"
2019-5-13 17:19:19.305#change#{"from":{"line":9,"ch":12,"sticky":"after"},"to":{"line":9,"ch":13,"sticky":null},"text":[""],"removed":["n"],"origin":"+delete"}
2019-5-13 17:19:19.305#keyHandled#"Backspace"
2019-5-13 17:19:19.481#change#{"from":{"line":9,"ch":11,"sticky":"after"},"to":{"line":9,"ch":12,"sticky":null},"text":[""],"removed":["a"],"origin":"+delete"}
2019-5-13 17:19:19.481#keyHandled#"Backspace"
2019-5-13 17:19:19.649#change#{"from":{"line":9,"ch":10,"sticky":"after"},"to":{"line":9,"ch":11,"sticky":null},"text":[""],"removed":[" "],"origin":"+delete"}
2019-5-13 17:19:19.649#keyHandled#"Backspace"
2019-5-13 17:19:19.849#change#{"from":{"line":9,"ch":9,"sticky":"after"},"to":{"line":9,"ch":10,"sticky":null},"text":[""],"removed":["8"],"origin":"+delete"}
2019-5-13 17:19:19.849#keyHandled#"Backspace"
2019-5-13 17:19:19.993#change#{"from":{"line":9,"ch":8,"sticky":"after"},"to":{"line":9,"ch":9,"sticky":null},"text":[""],"removed":["2"],"origin":"+delete"}
2019-5-13 17:19:19.993#keyHandled#"Backspace"
2019-5-13 17:19:20.169#change#{"from":{"line":9,"ch":7,"sticky":"after"},"to":{"line":9,"ch":8,"sticky":null},"text":[""],"removed":[" "],"origin":"+delete"}
2019-5-13 17:19:20.169#keyHandled#"Backspace"
2019-5-13 17:19:20.353#change#{"from":{"line":9,"ch":6,"sticky":"after"},"to":{"line":9,"ch":7,"sticky":null},"text":[""],"removed":["="],"origin":"+delete"}
2019-5-13 17:19:20.353#keyHandled#"Backspace"
2019-5-13 17:19:20.545#change#{"from":{"line":9,"ch":5,"sticky":"after"},"to":{"line":9,"ch":6,"sticky":null},"text":[""],"removed":["="],"origin":"+delete"}
2019-5-13 17:19:20.545#keyHandled#"Backspace"
2019-5-13 17:19:20.745#change#{"from":{"line":9,"ch":4,"sticky":"after"},"to":{"line":9,"ch":5,"sticky":null},"text":[""],"removed":[" "],"origin":"+delete"}
2019-5-13 17:19:20.745#keyHandled#"Backspace"
2019-5-13 17:19:20.993#change#{"from":{"line":9,"ch":3,"sticky":"after"},"to":{"line":9,"ch":4,"sticky":null},"text":[""],"removed":["n"],"origin":"+delete"}
2019-5-13 17:19:20.993#keyHandled#"Backspace"
2019-5-13 17:19:24.735#change#{"from":{"line":9,"ch":3,"sticky":null},"to":{"line":9,"ch":3,"sticky":null},"text":["n"],"removed":[""],"origin":"+input"}
2019-5-13 17:19:26.014#change#{"from":{"line":9,"ch":4,"sticky":null},"to":{"line":9,"ch":4,"sticky":null},"text":[" "],"removed":[""],"origin":"+input"}
2019-5-13 17:19:27.102#change#{"from":{"line":9,"ch":5,"sticky":null},"to":{"line":9,"ch":5,"sticky":null},"text":["1"],"removed":[""],"origin":"+input"}
2019-5-13 17:19:27.955#change#{"from":{"line":9,"ch":6,"sticky":null},"to":{"line":9,"ch":6,"sticky":null},"text":["="],"removed":[""],"origin":"+input"}
2019-5-13 17:19:28.279#change#{"from":{"line":9,"ch":7,"sticky":null},"to":{"line":9,"ch":7,"sticky":null},"text":[" "],"removed":[""],"origin":"+input"}
2019-5-13 17:19:29.262#change#{"from":{"line":9,"ch":8,"sticky":null},"to":{"line":9,"ch":8,"sticky":null},"text":["2"],"removed":[""],"origin":"+input"}
2019-5-13 17:19:29.486#change#{"from":{"line":9,"ch":9,"sticky":null},"to":{"line":9,"ch":9,"sticky":null},"text":["8"],"removed":[""],"origin":"+input"}
2019-5-13 17:19:33.282#mousedown#{"isTrusted":true}
2019-5-13 17:19:34.113#change#{"from":{"line":9,"ch":6,"sticky":"after"},"to":{"line":9,"ch":7,"sticky":"before","xRel":-1.91668701171875},"text":[""],"removed":["="],"origin":"+delete"}
2019-5-13 17:19:34.113#keyHandled#"Backspace"
2019-5-13 17:19:34.281#change#{"from":{"line":9,"ch":5,"sticky":"after"},"to":{"line":9,"ch":6,"sticky":null},"text":[""],"removed":["1"],"origin":"+delete"}
2019-5-13 17:19:34.281#keyHandled#"Backspace"
2019-5-13 17:19:35.879#change#{"from":{"line":9,"ch":5,"sticky":null},"to":{"line":9,"ch":5,"sticky":null},"text":["!"],"removed":[""],"origin":"+input"}
2019-5-13 17:19:37.262#change#{"from":{"line":9,"ch":6,"sticky":null},"to":{"line":9,"ch":6,"sticky":null},"text":["="],"removed":[""],"origin":"+input"}
2019-5-13 17:20:16.731#saida_testar#$ python3 main.py
2019-5-13 17:20:17.675#blur#
2019-5-13 17:20:29.252#mousedown#{"isTrusted":true}
2019-5-13 17:20:29.448#focus#
2019-5-13 17:20:45.423#mousedown#{"isTrusted":true}
2019-5-13 17:20:49.721#change#{"from":{"line":4,"ch":9,"sticky":"after"},"to":{"line":4,"ch":10,"sticky":"before","xRel":-1.91668701171875},"text":[""],"removed":["="],"origin":"+delete"}
2019-5-13 17:20:49.721#keyHandled#"Backspace"
2019-5-13 17:20:54.544#saida_testar#$ python3 main.py
2019-5-13 17:21:00.770#mousedown#{"isTrusted":true}
2019-5-13 17:21:00.770#mousedown#{"isTrusted":true}
2019-5-13 17:21:12.344#saida_testar#$ python3 main.py
2019-5-13 17:21:13.148#blur#
2019-5-13 17:21:32.887#mousedown#{"isTrusted":true}
2019-5-13 17:21:33.057#focus#
2019-5-13 17:21:34.753#mousedown#{"isTrusted":true}
2019-5-13 17:21:52.506#change#{"from":{"line":9,"ch":6,"sticky":"after"},"to":{"line":9,"ch":7,"sticky":"before","xRel":-1.91668701171875},"text":[""],"removed":["="],"origin":"+delete"}
2019-5-13 17:21:52.506#keyHandled#"Backspace"
2019-5-13 17:21:52.737#change#{"from":{"line":9,"ch":5,"sticky":"after"},"to":{"line":9,"ch":6,"sticky":null},"text":[""],"removed":["!"],"origin":"+delete"}
2019-5-13 17:21:52.737#keyHandled#"Backspace"
2019-5-13 17:23:03.810#mousedown#{"isTrusted":true}
2019-5-13 17:23:26.504#change#{"from":{"line":8,"ch":1,"sticky":"before","xRel":-2.91668701171875},"to":{"line":8,"ch":1,"sticky":"before","xRel":-2.91668701171875},"text":[" "],"removed":[""],"origin":"+input"}
2019-5-13 17:23:27.921#change#{"from":{"line":8,"ch":1,"sticky":"after"},"to":{"line":8,"ch":2,"sticky":null},"text":[""],"removed":[" "],"origin":"+delete"}
2019-5-13 17:23:27.921#keyHandled#"Backspace"
2019-5-13 17:23:28.905#change#{"from":{"line":8,"ch":1,"sticky":null},"to":{"line":8,"ch":1,"sticky":null},"text":["\t"],"removed":[""],"origin":"+input"}
2019-5-13 17:23:28.905#keyHandled#"Tab"
2019-5-13 17:23:36.497#change#{"from":{"line":8,"ch":1,"sticky":"after"},"to":{"line":8,"ch":2,"sticky":null},"text":[""],"removed":["\t"],"origin":"+delete"}
2019-5-13 17:23:36.497#keyHandled#"Backspace"
2019-5-13 17:23:36.921#change#{"from":{"line":8,"ch":0,"sticky":"after"},"to":{"line":8,"ch":1,"sticky":null},"text":[""],"removed":["\t"],"origin":"+delete"}
2019-5-13 17:23:36.921#keyHandled#"Backspace"
2019-5-13 17:23:39.033#change#{"from":{"line":8,"ch":0,"sticky":null},"to":{"line":8,"ch":0,"sticky":null},"text":["\t"],"removed":[""],"origin":"+input"}
2019-5-13 17:23:39.033#keyHandled#"Tab"
2019-5-13 17:24:05.504#mousedown#{"isTrusted":true}
2019-5-13 17:24:07.225#change#{"from":{"line":7,"ch":2,"sticky":"before","xRel":-5.91668701171875},"to":{"line":7,"ch":25,"sticky":"before","xRel":-2.91668701171875},"text":[""],"removed":["contador = contador + 1"],"origin":"+delete"}
2019-5-13 17:24:07.225#keyHandled#"Backspace"
2019-5-13 17:24:08.041#change#{"from":{"line":7,"ch":1,"sticky":"after"},"to":{"line":7,"ch":2,"sticky":null},"text":[""],"removed":["\t"],"origin":"+delete"}
2019-5-13 17:24:08.041#keyHandled#"Backspace"
2019-5-13 17:24:08.505#change#{"from":{"line":7,"ch":0,"sticky":"after"},"to":{"line":7,"ch":1,"sticky":null},"text":[""],"removed":["\t"],"origin":"+delete"}
2019-5-13 17:24:08.505#keyHandled#"Backspace"
2019-5-13 17:24:09.002#change#{"from":{"line":6,"ch":10,"sticky":"before"},"to":{"line":7,"ch":0,"sticky":null},"text":[""],"removed":["",""],"origin":"+delete"}
2019-5-13 17:24:09.002#keyHandled#"Backspace"
2019-5-13 17:24:09.016#viewportChange#0
2019-5-13 17:24:57.053#change#{"from":{"line":6,"ch":10,"sticky":null},"to":{"line":6,"ch":10,"sticky":null},"text":["",""],"removed":[""],"origin":"+input"}
2019-5-13 17:24:57.053#change#{"from":{"line":7,"ch":0,"sticky":null},"to":{"line":7,"ch":0,"sticky":null},"text":["\t\t"],"removed":[""],"origin":"+input"}
2019-5-13 17:24:57.053#keyHandled#"Enter"
2019-5-13 17:24:57.066#viewportChange#0
2019-5-13 17:24:58.399#change#{"from":{"line":7,"ch":2,"sticky":null},"to":{"line":7,"ch":2,"sticky":null},"text":["s"],"removed":[""],"origin":"+input"}
2019-5-13 17:24:58.894#change#{"from":{"line":7,"ch":3,"sticky":null},"to":{"line":7,"ch":3,"sticky":null},"text":[" "],"removed":[""],"origin":"+input"}
2019-5-13 17:24:59.439#change#{"from":{"line":7,"ch":4,"sticky":null},"to":{"line":7,"ch":4,"sticky":null},"text":["="],"removed":[""],"origin":"+input"}
2019-5-13 17:24:59.830#change#{"from":{"line":7,"ch":5,"sticky":null},"to":{"line":7,"ch":5,"sticky":null},"text":[" "],"removed":[""],"origin":"+input"}
2019-5-13 17:25:00.286#change#{"from":{"line":7,"ch":6,"sticky":null},"to":{"line":7,"ch":6,"sticky":null},"text":["s"],"removed":[""],"origin":"+input"}
2019-5-13 17:25:00.534#change#{"from":{"line":7,"ch":7,"sticky":null},"to":{"line":7,"ch":7,"sticky":null},"text":[" "],"removed":[""],"origin":"+input"}
2019-5-13 17:25:01.518#change#{"from":{"line":7,"ch":8,"sticky":null},"to":{"line":7,"ch":8,"sticky":null},"text":["+"],"removed":[""],"origin":"+input"}
2019-5-13 17:25:02.157#change#{"from":{"line":7,"ch":9,"sticky":null},"to":{"line":7,"ch":9,"sticky":null},"text":[" "],"removed":[""],"origin":"+input"}
2019-5-13 17:25:02.696#change#{"from":{"line":7,"ch":10,"sticky":null},"to":{"line":7,"ch":10,"sticky":null},"text":["n"],"removed":[""],"origin":"+input"}
2019-5-13 17:25:08.474#mousedown#{"isTrusted":true}
2019-5-13 17:25:09.577#change#{"from":{"line":3,"ch":7,"sticky":"after"},"to":{"line":3,"ch":8,"sticky":"before","xRel":-3.91668701171875},"text":[""],"removed":["r"],"origin":"+delete"}
2019-5-13 17:25:09.577#keyHandled#"Backspace"
2019-5-13 17:25:09.777#change#{"from":{"line":3,"ch":6,"sticky":"after"},"to":{"line":3,"ch":7,"sticky":null},"text":[""],"removed":["o"],"origin":"+delete"}
2019-5-13 17:25:09.777#keyHandled#"Backspace"
2019-5-13 17:25:09.953#change#{"from":{"line":3,"ch":5,"sticky":"after"},"to":{"line":3,"ch":6,"sticky":null},"text":[""],"removed":["d"],"origin":"+delete"}
2019-5-13 17:25:09.953#keyHandled#"Backspace"
2019-5-13 17:25:10.129#change#{"from":{"line":3,"ch":4,"sticky":"after"},"to":{"line":3,"ch":5,"sticky":null},"text":[""],"removed":["a"],"origin":"+delete"}
2019-5-13 17:25:10.129#keyHandled#"Backspace"
2019-5-13 17:25:10.297#change#{"from":{"line":3,"ch":3,"sticky":"after"},"to":{"line":3,"ch":4,"sticky":null},"text":[""],"removed":["t"],"origin":"+delete"}
2019-5-13 17:25:10.297#keyHandled#"Backspace"
2019-5-13 17:25:10.425#change#{"from":{"line":3,"ch":2,"sticky":"after"},"to":{"line":3,"ch":3,"sticky":null},"text":[""],"removed":["n"],"origin":"+delete"}
2019-5-13 17:25:10.425#keyHandled#"Backspace"
2019-5-13 17:25:10.593#change#{"from":{"line":3,"ch":1,"sticky":"after"},"to":{"line":3,"ch":2,"sticky":null},"text":[""],"removed":["o"],"origin":"+delete"}
2019-5-13 17:25:10.593#keyHandled#"Backspace"
2019-5-13 17:25:10.961#change#{"from":{"line":3,"ch":0,"sticky":"after"},"to":{"line":3,"ch":1,"sticky":null},"text":[""],"removed":["c"],"origin":"+delete"}
2019-5-13 17:25:10.961#keyHandled#"Backspace"
2019-5-13 17:25:11.751#change#{"from":{"line":3,"ch":0,"sticky":null},"to":{"line":3,"ch":0,"sticky":null},"text":["s"],"removed":[""],"origin":"+input"}
2019-5-13 17:25:15.502#mousedown#{"isTrusted":true}
2019-5-13 17:25:36.013#mousedown#{"isTrusted":true}
2019-5-13 17:25:37.305#change#{"from":{"line":9,"ch":7,"sticky":"after"},"to":{"line":9,"ch":8,"sticky":"after","xRel":0.08331298828125},"text":[""],"removed":["8"],"origin":"+delete"}
2019-5-13 17:25:37.305#keyHandled#"Backspace"
2019-5-13 17:25:37.521#change#{"from":{"line":9,"ch":6,"sticky":"after"},"to":{"line":9,"ch":7,"sticky":null},"text":[""],"removed":["2"],"origin":"+delete"}
2019-5-13 17:25:37.521#keyHandled#"Backspace"
2019-5-13 17:25:37.705#change#{"from":{"line":9,"ch":5,"sticky":"after"},"to":{"line":9,"ch":6,"sticky":null},"text":[""],"removed":[" "],"origin":"+delete"}
2019-5-13 17:25:37.705#keyHandled#"Backspace"
2019-5-13 17:25:37.889#change#{"from":{"line":9,"ch":4,"sticky":"after"},"to":{"line":9,"ch":5,"sticky":null},"text":[""],"removed":[" "],"origin":"+delete"}
2019-5-13 17:25:37.889#keyHandled#"Backspace"
2019-5-13 17:25:38.057#change#{"from":{"line":9,"ch":3,"sticky":"after"},"to":{"line":9,"ch":4,"sticky":null},"text":[""],"removed":["n"],"origin":"+delete"}
2019-5-13 17:25:38.057#keyHandled#"Backspace"
2019-5-13 17:25:38.895#change#{"from":{"line":9,"ch":3,"sticky":null},"to":{"line":9,"ch":3,"sticky":null},"text":["s"],"removed":[""],"origin":"+input"}
2019-5-13 17:26:20.815#change#{"from":{"line":9,"ch":4,"sticky":null},"to":{"line":9,"ch":4,"sticky":null},"text":[" "],"removed":[""],"origin":"+input"}
2019-5-13 17:26:20.998#change#{"from":{"line":9,"ch":5,"sticky":null},"to":{"line":9,"ch":5,"sticky":null},"text":["="],"removed":[""],"origin":"+input"}
2019-5-13 17:26:21.119#change#{"from":{"line":9,"ch":6,"sticky":null},"to":{"line":9,"ch":6,"sticky":null},"text":[" "],"removed":[""],"origin":"+input"}
2019-5-13 17:26:21.182#change#{"from":{"line":9,"ch":7,"sticky":null},"to":{"line":9,"ch":7,"sticky":null},"text":["="],"removed":[""],"origin":"+input"}
2019-5-13 17:26:21.937#change#{"from":{"line":9,"ch":7,"sticky":"after"},"to":{"line":9,"ch":8,"sticky":null},"text":[""],"removed":["="],"origin":"+delete"}
2019-5-13 17:26:21.937#keyHandled#"Backspace"
2019-5-13 17:26:22.121#change#{"from":{"line":9,"ch":6,"sticky":"after"},"to":{"line":9,"ch":7,"sticky":null},"text":[""],"removed":[" "],"origin":"+delete"}
2019-5-13 17:26:22.121#keyHandled#"Backspace"
2019-5-13 17:26:22.935#change#{"from":{"line":9,"ch":6,"sticky":null},"to":{"line":9,"ch":6,"sticky":null},"text":["="],"removed":[""],"origin":"+input"}
2019-5-13 17:26:23.150#change#{"from":{"line":9,"ch":7,"sticky":null},"to":{"line":9,"ch":7,"sticky":null},"text":[" "],"removed":[""],"origin":"+input"}
2019-5-13 17:26:23.959#change#{"from":{"line":9,"ch":8,"sticky":null},"to":{"line":9,"ch":8,"sticky":null},"text":["a"],"removed":[""],"origin":"+input"}
2019-5-13 17:26:23.150#change#{"from":{"line":9,"ch":7,"sticky":null},"to":{"line":9,"ch":7,"sticky":null},"text":[" "],"removed":[""],"origin":"+input"}
2019-5-13 17:26:23.959#change#{"from":{"line":9,"ch":8,"sticky":null},"to":{"line":9,"ch":8,"sticky":null},"text":["a"],"removed":[""],"origin":"+input"}
2019-5-13 17:26:28.470#saida_testar#$ python3 main.py
2019-5-13 17:26:30.178#blur#
