== TEST (2019-03-12 09:32:30) 
-- CODE:
print("*****")
print("(* o o *)")
print("*  ^  *")
print("* ___ *")
print("*****")
-- OUTPUT:
*****
(* o o *)
*  ^  *
* ___ *
*****
*-*-*-*-*-*-*-*-*-*-*-*-*-*-*-*-*-*-*-*-*-*-*-*
== TEST (2019-03-12 09:32:54) 
-- CODE:
print(" *****")
print("(* o o *)")
print(" *  ^  *")
print(" * ___ *")
print(" *****")
-- OUTPUT:
*****
(* o o *)
 *  ^  *
 * ___ *
 *****
*-*-*-*-*-*-*-*-*-*-*-*-*-*-*-*-*-*-*-*-*-*-*-*
== TEST (2019-03-12 09:33:02) 
-- CODE:
print("  *****")
print("(* o o *)")
print(" *  ^  *")
print(" * ___ *")
print("  *****")
-- OUTPUT:
*****
(* o o *)
 *  ^  *
 * ___ *
  *****
*-*-*-*-*-*-*-*-*-*-*-*-*-*-*-*-*-*-*-*-*-*-*-*
== SUBMITION (2019-03-12 09:37:15) 
-- CODE:
print("  *****")
print("(* o o *)")
print(" *  ^  *")
print(" * ___ *")
print("  *****")
-- EXECUTION TIME:
0.170004
-- TEST CASE 1:
---- input:
xx
---- correct output:
*****
(* o o *)
*  ^  *
* --- *
*****
---- user output:
*****
(* o o *)
 *  ^  *
 * ___ *
  *****
-- GRADE:
0%
*-*-*-*-*-*-*-*-*-*-*-*-*-*-*-*-*-*-*-*-*-*-*-*
== TEST (2019-03-12 09:37:22) 
-- CODE:
print("  *****")
print("(* o o *)")
print(" *  ^  *")
print(" * ___ *")
print("  *****")
-- OUTPUT:
*****
(* o o *)
 *  ^  *
 * ___ *
  *****
*-*-*-*-*-*-*-*-*-*-*-*-*-*-*-*-*-*-*-*-*-*-*-*
== TEST (2019-03-12 09:37:37) 
-- CODE:
print("  *****")
print("(* o o *)")
print(" *  ^  *")
print(" * _ _ _ *")
print("  *****")
-- OUTPUT:
*****
(* o o *)
 *  ^  *
 * _ _ _ *
  *****
*-*-*-*-*-*-*-*-*-*-*-*-*-*-*-*-*-*-*-*-*-*-*-*
== TEST (2019-03-12 09:38:25) 
-- CODE:
print("  *****  ")
print("(* o o *)")
print(" *  ^  *")
print(" * _ _ _ *")
print("  *****")
-- OUTPUT:
*****  
(* o o *)
 *  ^  *
 * _ _ _ *
  *****
*-*-*-*-*-*-*-*-*-*-*-*-*-*-*-*-*-*-*-*-*-*-*-*
== TEST (2019-03-12 09:38:53) 
-- CODE:
print("  *****  ")
print("(* o o *)")
print(" *  ^  *")
print(" * _ _ _ *")
print("  *****  ")
-- OUTPUT:
*****  
(* o o *)
 *  ^  *
 * _ _ _ *
  *****
*-*-*-*-*-*-*-*-*-*-*-*-*-*-*-*-*-*-*-*-*-*-*-*
== TEST (2019-03-12 09:39:11) 
-- CODE:
print("  *****  ")
print("(* o o *)")
print(" *  ^  *")
print(" * --- *")
print("  *****  ")
-- OUTPUT:
*****  
(* o o *)
 *  ^  *
 * --- *
  *****
*-*-*-*-*-*-*-*-*-*-*-*-*-*-*-*-*-*-*-*-*-*-*-*
== SUBMITION (2019-03-12 09:39:16) 
-- CODE:
print("  *****  ")
print("(* o o *)")
print(" *  ^  *")
print(" * --- *")
print("  *****  ")
-- EXECUTION TIME:
0.131599
-- TEST CASE 1:
---- input:
xx
---- correct output:
*****
(* o o *)
*  ^  *
* --- *
*****
---- user output:
*****  
(* o o *)
 *  ^  *
 * --- *
  *****
-- GRADE:
100%
*-*-*-*-*-*-*-*-*-*-*-*-*-*-*-*-*-*-*-*-*-*-*-*
