2019-4-13 10:26:41.516#viewportChange#0
2019-4-13 10:27:03.200#mousedown#{"isTrusted":true}
2019-4-13 10:27:03.212#focus#
2019-4-13 10:27:14.716#change#{"from":{"line":0,"ch":0,"sticky":"after","xRel":-0.4666748046875},"to":{"line":2,"ch":52,"sticky":"before","xRel":-3.4666748046875},"text":[""],"removed":["# Teste seu código aos poucos.","# Não teste tudo no final, pois fica mais difícil de identificar erros.","# Use as mensagens de erro para corrigir seu código."],"origin":"+delete"}
2019-4-13 10:27:14.716#keyHandled#"Backspace"
2019-4-13 10:27:14.725#viewportChange#0
2019-4-13 10:28:05.571#change#{"from":{"line":0,"ch":0,"sticky":null},"to":{"line":0,"ch":0,"sticky":null},"text":["p"],"removed":[""],"origin":"+input"}
2019-4-13 10:28:05.652#change#{"from":{"line":0,"ch":1,"sticky":null},"to":{"line":0,"ch":1,"sticky":null},"text":[" "],"removed":[""],"origin":"+input"}
2019-4-13 10:28:06.129#change#{"from":{"line":0,"ch":2,"sticky":null},"to":{"line":0,"ch":2,"sticky":null},"text":["="],"removed":[""],"origin":"+input"}
2019-4-13 10:28:06.258#change#{"from":{"line":0,"ch":3,"sticky":null},"to":{"line":0,"ch":3,"sticky":null},"text":[" "],"removed":[""],"origin":"+input"}
2019-4-13 10:28:34.165#keyHandled#"End"
2019-4-13 10:28:36.274#keyHandled#"Home"
2019-4-13 10:28:37.020#keyHandled#"Right"
2019-4-13 10:28:37.827#change#{"from":{"line":0,"ch":1,"sticky":"before"},"to":{"line":0,"ch":1,"sticky":"before"},"text":["x"],"removed":[""],"origin":"+input"}
2019-4-13 10:28:38.503#keyHandled#"End"
2019-4-13 10:28:43.416#change#{"from":{"line":0,"ch":5,"sticky":"before"},"to":{"line":0,"ch":5,"sticky":"before"},"text":["f"],"removed":[""],"origin":"+input"}
2019-4-13 10:28:43.667#change#{"from":{"line":0,"ch":6,"sticky":null},"to":{"line":0,"ch":6,"sticky":null},"text":["l"],"removed":[""],"origin":"+input"}
2019-4-13 10:28:43.738#change#{"from":{"line":0,"ch":7,"sticky":null},"to":{"line":0,"ch":7,"sticky":null},"text":["o"],"removed":[""],"origin":"+input"}
2019-4-13 10:28:43.921#change#{"from":{"line":0,"ch":8,"sticky":null},"to":{"line":0,"ch":8,"sticky":null},"text":["a"],"removed":[""],"origin":"+input"}
2019-4-13 10:28:44.177#change#{"from":{"line":0,"ch":9,"sticky":null},"to":{"line":0,"ch":9,"sticky":null},"text":["t"],"removed":[""],"origin":"+input"}
2019-4-13 10:28:52.311#change#{"from":{"line":0,"ch":10,"sticky":null},"to":{"line":0,"ch":10,"sticky":null},"text":["()"],"removed":[""],"origin":"+input"}
2019-4-13 10:28:52.311#keyHandled#"'('"
2019-4-13 10:28:52.750#change#{"from":{"line":0,"ch":11,"sticky":"after"},"to":{"line":0,"ch":11,"sticky":"after"},"text":["\"\""],"removed":[""],"origin":"+input"}
2019-4-13 10:28:52.750#keyHandled#"'\"'"
2019-4-13 10:28:53.311#change#{"from":{"line":0,"ch":12,"sticky":"after"},"to":{"line":0,"ch":12,"sticky":"after"},"text":["i"],"removed":[""],"origin":"+input"}
2019-4-13 10:28:54.221#change#{"from":{"line":0,"ch":12,"sticky":"after"},"to":{"line":0,"ch":13,"sticky":null},"text":[""],"removed":["i"],"origin":"+delete"}
2019-4-13 10:28:54.222#keyHandled#"Backspace"
2019-4-13 10:28:54.374#change#{"from":{"line":0,"ch":11,"sticky":null},"to":{"line":0,"ch":13,"sticky":null},"text":[""],"removed":["\"\""],"origin":"+delete"}
2019-4-13 10:28:54.374#keyHandled#"Backspace"
2019-4-13 10:28:55.524#change#{"from":{"line":0,"ch":11,"sticky":null},"to":{"line":0,"ch":11,"sticky":null},"text":["()"],"removed":[""],"origin":"+input"}
2019-4-13 10:28:55.524#keyHandled#"'('"
2019-4-13 10:28:58.041#change#{"from":{"line":0,"ch":11,"sticky":null},"to":{"line":0,"ch":13,"sticky":null},"text":[""],"removed":["()"],"origin":"+delete"}
2019-4-13 10:28:58.041#keyHandled#"Backspace"
2019-4-13 10:28:58.831#change#{"from":{"line":0,"ch":11,"sticky":null},"to":{"line":0,"ch":11,"sticky":null},"text":["i"],"removed":[""],"origin":"+input"}
2019-4-13 10:28:59.007#change#{"from":{"line":0,"ch":12,"sticky":null},"to":{"line":0,"ch":12,"sticky":null},"text":["n"],"removed":[""],"origin":"+input"}
2019-4-13 10:28:59.291#change#{"from":{"line":0,"ch":13,"sticky":null},"to":{"line":0,"ch":13,"sticky":null},"text":["p"],"removed":[""],"origin":"+input"}
2019-4-13 10:28:59.432#change#{"from":{"line":0,"ch":14,"sticky":null},"to":{"line":0,"ch":14,"sticky":null},"text":["u"],"removed":[""],"origin":"+input"}
2019-4-13 10:28:59.523#change#{"from":{"line":0,"ch":15,"sticky":null},"to":{"line":0,"ch":15,"sticky":null},"text":["t"],"removed":[""],"origin":"+input"}
2019-4-13 10:29:00.215#change#{"from":{"line":0,"ch":16,"sticky":null},"to":{"line":0,"ch":16,"sticky":null},"text":["()"],"removed":[""],"origin":"+input"}
2019-4-13 10:29:00.215#keyHandled#"'('"
2019-4-13 10:29:01.435#change#{"from":{"line":0,"ch":17,"sticky":"after"},"to":{"line":0,"ch":17,"sticky":"after"},"text":["\"\""],"removed":[""],"origin":"+input"}
2019-4-13 10:29:01.435#keyHandled#"'\"'"
2019-4-13 10:29:02.066#change#{"from":{"line":0,"ch":18,"sticky":"after"},"to":{"line":0,"ch":18,"sticky":"after"},"text":["I"],"removed":[""],"origin":"+input"}
2019-4-13 10:29:02.304#change#{"from":{"line":0,"ch":19,"sticky":null},"to":{"line":0,"ch":19,"sticky":null},"text":["n"],"removed":[""],"origin":"+input"}
2019-4-13 10:29:02.467#change#{"from":{"line":0,"ch":20,"sticky":null},"to":{"line":0,"ch":20,"sticky":null},"text":["s"],"removed":[""],"origin":"+input"}
2019-4-13 10:29:02.583#change#{"from":{"line":0,"ch":21,"sticky":null},"to":{"line":0,"ch":21,"sticky":null},"text":["i"],"removed":[""],"origin":"+input"}
2019-4-13 10:29:02.769#change#{"from":{"line":0,"ch":22,"sticky":null},"to":{"line":0,"ch":22,"sticky":null},"text":["r"],"removed":[""],"origin":"+input"}
2019-4-13 10:29:02.850#change#{"from":{"line":0,"ch":23,"sticky":null},"to":{"line":0,"ch":23,"sticky":null},"text":["a"],"removed":[""],"origin":"+input"}
2019-4-13 10:29:02.964#change#{"from":{"line":0,"ch":24,"sticky":null},"to":{"line":0,"ch":24,"sticky":null},"text":[" "],"removed":[""],"origin":"+input"}
2019-4-13 10:29:03.040#change#{"from":{"line":0,"ch":25,"sticky":null},"to":{"line":0,"ch":25,"sticky":null},"text":["u"],"removed":[""],"origin":"+input"}
2019-4-13 10:29:03.327#change#{"from":{"line":0,"ch":26,"sticky":null},"to":{"line":0,"ch":26,"sticky":null},"text":["m"],"removed":[""],"origin":"+input"}
2019-4-13 10:29:03.404#change#{"from":{"line":0,"ch":27,"sticky":null},"to":{"line":0,"ch":27,"sticky":null},"text":[" "],"removed":[""],"origin":"+input"}
2019-4-13 10:29:03.796#change#{"from":{"line":0,"ch":28,"sticky":null},"to":{"line":0,"ch":28,"sticky":null},"text":["p"],"removed":[""],"origin":"+input"}
2019-4-13 10:29:03.852#change#{"from":{"line":0,"ch":29,"sticky":null},"to":{"line":0,"ch":29,"sticky":null},"text":["o"],"removed":[""],"origin":"+input"}
2019-4-13 10:29:04.139#change#{"from":{"line":0,"ch":30,"sticky":null},"to":{"line":0,"ch":30,"sticky":null},"text":["n"],"removed":[""],"origin":"+input"}
2019-4-13 10:29:04.289#change#{"from":{"line":0,"ch":31,"sticky":null},"to":{"line":0,"ch":31,"sticky":null},"text":["t"],"removed":[""],"origin":"+input"}
2019-4-13 10:29:04.445#change#{"from":{"line":0,"ch":32,"sticky":null},"to":{"line":0,"ch":32,"sticky":null},"text":["o"],"removed":[""],"origin":"+input"}
2019-4-13 10:29:04.637#change#{"from":{"line":0,"ch":33,"sticky":null},"to":{"line":0,"ch":33,"sticky":null},"text":[" "],"removed":[""],"origin":"+input"}
2019-4-13 10:29:06.291#change#{"from":{"line":0,"ch":34,"sticky":null},"to":{"line":0,"ch":34,"sticky":null},"text":["X"],"removed":[""],"origin":"+input"}
2019-4-13 10:29:07.907#change#{"from":{"line":0,"ch":35,"sticky":null},"to":{"line":0,"ch":35,"sticky":null},"text":[":"],"removed":[""],"origin":"+input"}
2019-4-13 10:29:08.230#change#{"from":{"line":0,"ch":36,"sticky":null},"to":{"line":0,"ch":36,"sticky":null},"text":[" "],"removed":[""],"origin":"+input"}
2019-4-13 10:29:09.155#keyHandled#"End"
2019-4-13 10:29:11.140#keyHandled#"Ctrl-Home"
2019-4-13 10:29:12.747#keyHandled#"End"
2019-4-13 10:29:13.804#copy#{"isTrusted":true}
2019-4-13 10:29:14.308#keyHandled#"End"
2019-4-13 10:39:28.420#keyHandled#"Ctrl-Home"
2019-4-13 10:39:29.761#keyHandled#"End"
2019-4-13 10:39:30.479#copy#{"isTrusted":true}
2019-4-13 10:39:46.607#copy#{"isTrusted":true}
2019-4-13 10:39:47.401#keyHandled#"Right"
2019-4-13 10:39:48.114#keyHandled#"End"
2019-4-13 10:39:49.690#change#{"from":{"line":0,"ch":40,"sticky":"before"},"to":{"line":0,"ch":40,"sticky":"before"},"text":["",""],"removed":[""],"origin":"+input"}
2019-4-13 10:39:49.690#keyHandled#"Enter"
2019-4-13 10:39:49.703#viewportChange#0
2019-4-13 10:39:50.842#change#{"from":{"line":1,"ch":0,"sticky":null},"to":{"line":1,"ch":0,"sticky":null},"text":["px = float(input(\"Insira um ponto X: \"))"],"removed":[""],"origin":"paste"}
2019-4-13 10:39:51.827#keyHandled#"Left"
2019-4-13 10:39:51.998#keyHandled#"Left"
2019-4-13 10:39:52.153#keyHandled#"Left"
2019-4-13 10:39:52.320#keyHandled#"Left"
2019-4-13 10:39:52.466#keyHandled#"Left"
2019-4-13 10:39:52.638#keyHandled#"Left"
2019-4-13 10:39:53.030#keyHandled#"Right"
2019-4-13 10:39:53.898#change#{"from":{"line":1,"ch":34,"sticky":"after"},"to":{"line":1,"ch":35,"sticky":"before"},"text":[""],"removed":["X"],"origin":"+delete"}
2019-4-13 10:39:53.898#keyHandled#"Backspace"
2019-4-13 10:39:54.383#change#{"from":{"line":1,"ch":34,"sticky":null},"to":{"line":1,"ch":34,"sticky":null},"text":["Y"],"removed":[""],"origin":"+input"}
2019-4-13 10:39:55.166#keyHandled#"Home"
2019-4-13 10:39:55.750#keyHandled#"Right"
2019-4-13 10:39:56.048#keyHandled#"Right"
2019-4-13 10:39:56.729#change#{"from":{"line":1,"ch":1,"sticky":"after"},"to":{"line":1,"ch":2,"sticky":"before"},"text":[""],"removed":["x"],"origin":"+delete"}
2019-4-13 10:39:56.729#keyHandled#"Backspace"
2019-4-13 10:39:56.784#change#{"from":{"line":1,"ch":1,"sticky":null},"to":{"line":1,"ch":1,"sticky":null},"text":["y"],"removed":[""],"origin":"+input"}
2019-4-13 10:39:57.941#keyHandled#"End"
2019-4-13 10:40:03.764#change#{"from":{"line":1,"ch":40,"sticky":"before"},"to":{"line":1,"ch":40,"sticky":"before"},"text":["",""],"removed":[""],"origin":"+input"}
2019-4-13 10:40:03.764#keyHandled#"Enter"
2019-4-13 10:40:03.772#viewportChange#0
2019-4-13 10:41:39.393#change#{"from":{"line":2,"ch":0,"sticky":null},"to":{"line":2,"ch":0,"sticky":null},"text":["",""],"removed":[""],"origin":"+input"}
2019-4-13 10:41:39.394#keyHandled#"Enter"
2019-4-13 10:41:39.401#viewportChange#0
2019-4-13 10:41:40.529#change#{"from":{"line":3,"ch":0,"sticky":null},"to":{"line":3,"ch":0,"sticky":null},"text":["i"],"removed":[""],"origin":"+input"}
2019-4-13 10:41:40.608#change#{"from":{"line":3,"ch":1,"sticky":null},"to":{"line":3,"ch":1,"sticky":null},"text":["f"],"removed":[""],"origin":"+input"}
2019-4-13 10:41:42.054#change#{"from":{"line":3,"ch":2,"sticky":null},"to":{"line":3,"ch":2,"sticky":null},"text":[" "],"removed":[""],"origin":"+input"}
2019-4-13 10:41:42.957#change#{"from":{"line":3,"ch":3,"sticky":null},"to":{"line":3,"ch":3,"sticky":null},"text":["()"],"removed":[""],"origin":"+input"}
2019-4-13 10:41:42.958#keyHandled#"'('"
2019-4-13 10:41:46.393#change#{"from":{"line":3,"ch":4,"sticky":"after"},"to":{"line":3,"ch":4,"sticky":"after"},"text":["p"],"removed":[""],"origin":"+input"}
2019-4-13 10:41:46.561#change#{"from":{"line":3,"ch":5,"sticky":null},"to":{"line":3,"ch":5,"sticky":null},"text":["x"],"removed":[""],"origin":"+input"}
2019-4-13 10:41:48.903#change#{"from":{"line":3,"ch":6,"sticky":null},"to":{"line":3,"ch":6,"sticky":null},"text":["*"],"removed":[""],"origin":"+input"}
2019-4-13 10:41:52.484#change#{"from":{"line":3,"ch":7,"sticky":null},"to":{"line":3,"ch":7,"sticky":null},"text":["2"],"removed":[""],"origin":"+input"}
2019-4-13 10:41:52.983#keyHandled#"')'"
2019-4-13 10:41:54.360#keyHandled#"Left"
2019-4-13 10:41:54.662#keyHandled#"Left"
2019-4-13 10:41:54.858#keyHandled#"Left"
2019-4-13 10:41:55.071#keyHandled#"Left"
2019-4-13 10:41:55.252#keyHandled#"Left"
2019-4-13 10:41:56.055#change#{"from":{"line":3,"ch":4,"sticky":"after"},"to":{"line":3,"ch":4,"sticky":"after"},"text":["("],"removed":[""],"origin":"+input"}
2019-4-13 10:41:57.508#keyHandled#"Right"
2019-4-13 10:41:57.710#keyHandled#"Right"
2019-4-13 10:41:57.892#keyHandled#"Right"
2019-4-13 10:41:58.047#keyHandled#"Right"
2019-4-13 10:41:59.123#keyHandled#"')'"
2019-4-13 10:42:00.154#change#{"from":{"line":3,"ch":10,"sticky":"before"},"to":{"line":3,"ch":10,"sticky":"before"},"text":[")"],"removed":[""],"origin":"+input"}
2019-4-13 10:42:00.789#change#{"from":{"line":3,"ch":10,"sticky":"after"},"to":{"line":3,"ch":11,"sticky":null},"text":[""],"removed":[")"],"origin":"+delete"}
2019-4-13 10:42:00.789#keyHandled#"Backspace"
2019-4-13 10:42:03.039#change#{"from":{"line":3,"ch":10,"sticky":null},"to":{"line":3,"ch":10,"sticky":null},"text":["+"],"removed":[""],"origin":"+input"}
2019-4-13 10:42:08.173#change#{"from":{"line":3,"ch":10,"sticky":"after"},"to":{"line":3,"ch":11,"sticky":null},"text":[""],"removed":["+"],"origin":"+delete"}
2019-4-13 10:42:08.173#keyHandled#"Backspace"
2019-4-13 10:42:08.326#change#{"from":{"line":3,"ch":10,"sticky":null},"to":{"line":3,"ch":10,"sticky":null},"text":[" "],"removed":[""],"origin":"+input"}
2019-4-13 10:42:08.932#change#{"from":{"line":3,"ch":11,"sticky":null},"to":{"line":3,"ch":11,"sticky":null},"text":["+"],"removed":[""],"origin":"+input"}
2019-4-13 10:42:09.238#change#{"from":{"line":3,"ch":12,"sticky":null},"to":{"line":3,"ch":12,"sticky":null},"text":[" "],"removed":[""],"origin":"+input"}
2019-4-13 10:42:11.611#change#{"from":{"line":3,"ch":13,"sticky":null},"to":{"line":3,"ch":13,"sticky":null},"text":["p"],"removed":[""],"origin":"+input"}
2019-4-13 10:42:11.776#change#{"from":{"line":3,"ch":14,"sticky":null},"to":{"line":3,"ch":14,"sticky":null},"text":["y"],"removed":[""],"origin":"+input"}
2019-4-13 10:42:14.488#change#{"from":{"line":3,"ch":15,"sticky":null},"to":{"line":3,"ch":15,"sticky":null},"text":[" "],"removed":[""],"origin":"+input"}
2019-4-13 10:42:16.016#change#{"from":{"line":3,"ch":16,"sticky":null},"to":{"line":3,"ch":16,"sticky":null},"text":["="],"removed":[""],"origin":"+input"}
2019-4-13 10:42:16.196#change#{"from":{"line":3,"ch":17,"sticky":null},"to":{"line":3,"ch":17,"sticky":null},"text":["="],"removed":[""],"origin":"+input"}
2019-4-13 10:42:17.126#change#{"from":{"line":3,"ch":18,"sticky":null},"to":{"line":3,"ch":18,"sticky":null},"text":[" "],"removed":[""],"origin":"+input"}
2019-4-13 10:42:17.277#change#{"from":{"line":3,"ch":19,"sticky":null},"to":{"line":3,"ch":19,"sticky":null},"text":["3"],"removed":[""],"origin":"+input"}
2019-4-13 10:42:18.929#change#{"from":{"line":3,"ch":20,"sticky":null},"to":{"line":3,"ch":20,"sticky":null},"text":[")"],"removed":[""],"origin":"+input"}
2019-4-13 10:42:21.616#change#{"from":{"line":3,"ch":21,"sticky":null},"to":{"line":3,"ch":21,"sticky":null},"text":["",""],"removed":[""],"origin":"+input"}
2019-4-13 10:42:21.616#keyHandled#"Enter"
2019-4-13 10:42:21.624#viewportChange#0
2019-4-13 10:42:22.061#change#{"from":{"line":4,"ch":0,"sticky":null},"to":{"line":4,"ch":0,"sticky":null},"text":["\t"],"removed":[""],"origin":"+input"}
2019-4-13 10:42:22.061#keyHandled#"Tab"
2019-4-13 10:42:24.980#change#{"from":{"line":4,"ch":1,"sticky":null},"to":{"line":4,"ch":1,"sticky":null},"text":["p"],"removed":[""],"origin":"+input"}
2019-4-13 10:42:25.103#change#{"from":{"line":4,"ch":2,"sticky":null},"to":{"line":4,"ch":2,"sticky":null},"text":["r"],"removed":[""],"origin":"+input"}
2019-4-13 10:42:25.225#change#{"from":{"line":4,"ch":3,"sticky":null},"to":{"line":4,"ch":3,"sticky":null},"text":["i"],"removed":[""],"origin":"+input"}
2019-4-13 10:42:25.448#change#{"from":{"line":4,"ch":4,"sticky":null},"to":{"line":4,"ch":4,"sticky":null},"text":["n"],"removed":[""],"origin":"+input"}
2019-4-13 10:42:25.510#change#{"from":{"line":4,"ch":5,"sticky":null},"to":{"line":4,"ch":5,"sticky":null},"text":["t"],"removed":[""],"origin":"+input"}
2019-4-13 10:42:26.302#change#{"from":{"line":4,"ch":6,"sticky":null},"to":{"line":4,"ch":6,"sticky":null},"text":["()"],"removed":[""],"origin":"+input"}
2019-4-13 10:42:26.302#keyHandled#"'('"
2019-4-13 10:42:26.722#change#{"from":{"line":4,"ch":7,"sticky":"after"},"to":{"line":4,"ch":7,"sticky":"after"},"text":["e"],"removed":[""],"origin":"+input"}
2019-4-13 10:42:27.110#change#{"from":{"line":4,"ch":7,"sticky":"after"},"to":{"line":4,"ch":8,"sticky":null},"text":[""],"removed":["e"],"origin":"+delete"}
2019-4-13 10:42:27.110#keyHandled#"Backspace"
2019-4-13 10:42:27.350#change#{"from":{"line":4,"ch":7,"sticky":null},"to":{"line":4,"ch":7,"sticky":null},"text":["\"\""],"removed":[""],"origin":"+input"}
2019-4-13 10:42:27.350#keyHandled#"'\"'"
2019-4-13 10:42:27.660#change#{"from":{"line":4,"ch":8,"sticky":"after"},"to":{"line":4,"ch":8,"sticky":"after"},"text":["e"],"removed":[""],"origin":"+input"}
2019-4-13 10:42:27.881#change#{"from":{"line":4,"ch":9,"sticky":null},"to":{"line":4,"ch":9,"sticky":null},"text":["s"],"removed":[""],"origin":"+input"}
2019-4-13 10:42:28.027#change#{"from":{"line":4,"ch":10,"sticky":null},"to":{"line":4,"ch":10,"sticky":null},"text":["s"],"removed":[""],"origin":"+input"}
2019-4-13 10:42:28.185#change#{"from":{"line":4,"ch":11,"sticky":null},"to":{"line":4,"ch":11,"sticky":null},"text":["e"],"removed":[""],"origin":"+input"}
2019-4-13 10:42:28.345#change#{"from":{"line":4,"ch":12,"sticky":null},"to":{"line":4,"ch":12,"sticky":null},"text":[" "],"removed":[""],"origin":"+input"}
2019-4-13 10:42:28.561#change#{"from":{"line":4,"ch":13,"sticky":null},"to":{"line":4,"ch":13,"sticky":null},"text":["p"],"removed":[""],"origin":"+input"}
2019-4-13 10:42:28.639#change#{"from":{"line":4,"ch":14,"sticky":null},"to":{"line":4,"ch":14,"sticky":null},"text":["o"],"removed":[""],"origin":"+input"}
2019-4-13 10:42:28.874#change#{"from":{"line":4,"ch":15,"sticky":null},"to":{"line":4,"ch":15,"sticky":null},"text":["n"],"removed":[""],"origin":"+input"}
2019-4-13 10:42:29.014#change#{"from":{"line":4,"ch":16,"sticky":null},"to":{"line":4,"ch":16,"sticky":null},"text":["t"],"removed":[""],"origin":"+input"}
2019-4-13 10:42:29.146#change#{"from":{"line":4,"ch":17,"sticky":null},"to":{"line":4,"ch":17,"sticky":null},"text":["o"],"removed":[""],"origin":"+input"}
2019-4-13 10:42:29.261#change#{"from":{"line":4,"ch":18,"sticky":null},"to":{"line":4,"ch":18,"sticky":null},"text":[" "],"removed":[""],"origin":"+input"}
2019-4-13 10:42:29.433#change#{"from":{"line":4,"ch":19,"sticky":null},"to":{"line":4,"ch":19,"sticky":null},"text":["p"],"removed":[""],"origin":"+input"}
2019-4-13 10:42:29.502#change#{"from":{"line":4,"ch":20,"sticky":null},"to":{"line":4,"ch":20,"sticky":null},"text":["e"],"removed":[""],"origin":"+input"}
2019-4-13 10:42:29.610#change#{"from":{"line":4,"ch":21,"sticky":null},"to":{"line":4,"ch":21,"sticky":null},"text":["r"],"removed":[""],"origin":"+input"}
2019-4-13 10:42:29.775#change#{"from":{"line":4,"ch":22,"sticky":null},"to":{"line":4,"ch":22,"sticky":null},"text":["t"],"removed":[""],"origin":"+input"}
2019-4-13 10:42:29.862#change#{"from":{"line":4,"ch":23,"sticky":null},"to":{"line":4,"ch":23,"sticky":null},"text":["e"],"removed":[""],"origin":"+input"}
2019-4-13 10:42:30.065#change#{"from":{"line":4,"ch":24,"sticky":null},"to":{"line":4,"ch":24,"sticky":null},"text":["c"],"removed":[""],"origin":"+input"}
2019-4-13 10:42:30.160#change#{"from":{"line":4,"ch":25,"sticky":null},"to":{"line":4,"ch":25,"sticky":null},"text":["e"],"removed":[""],"origin":"+input"}
2019-4-13 10:42:31.671#change#{"from":{"line":4,"ch":25,"sticky":"after"},"to":{"line":4,"ch":26,"sticky":null},"text":[""],"removed":["e"],"origin":"+delete"}
2019-4-13 10:42:31.671#keyHandled#"Backspace"
2019-4-13 10:42:31.883#change#{"from":{"line":4,"ch":24,"sticky":"after"},"to":{"line":4,"ch":25,"sticky":null},"text":[""],"removed":["c"],"origin":"+delete"}
2019-4-13 10:42:31.883#keyHandled#"Backspace"
2019-4-13 10:42:32.427#change#{"from":{"line":4,"ch":25,"sticky":null},"to":{"line":4,"ch":25,"sticky":null},"text":["c"],"removed":[""],"origin":"+input"}
2019-4-13 10:42:32.538#change#{"from":{"line":4,"ch":26,"sticky":null},"to":{"line":4,"ch":26,"sticky":null},"text":["e"],"removed":[""],"origin":"+input"}
2019-4-13 10:42:32.711#change#{"from":{"line":4,"ch":27,"sticky":null},"to":{"line":4,"ch":27,"sticky":null},"text":[" "],"removed":[""],"origin":"+input"}
2019-4-13 10:42:32.927#change#{"from":{"line":4,"ch":28,"sticky":null},"to":{"line":4,"ch":28,"sticky":null},"text":["a"],"removed":[""],"origin":"+input"}
2019-4-13 10:42:33.027#change#{"from":{"line":4,"ch":29,"sticky":null},"to":{"line":4,"ch":29,"sticky":null},"text":[" "],"removed":[""],"origin":"+input"}
2019-4-13 10:42:33.172#change#{"from":{"line":4,"ch":30,"sticky":null},"to":{"line":4,"ch":30,"sticky":null},"text":["r"],"removed":[""],"origin":"+input"}
2019-4-13 10:42:33.239#change#{"from":{"line":4,"ch":31,"sticky":null},"to":{"line":4,"ch":31,"sticky":null},"text":["e"],"removed":[""],"origin":"+input"}
2019-4-13 10:42:33.506#change#{"from":{"line":4,"ch":32,"sticky":null},"to":{"line":4,"ch":32,"sticky":null},"text":["t"],"removed":[""],"origin":"+input"}
2019-4-13 10:42:33.594#change#{"from":{"line":4,"ch":33,"sticky":null},"to":{"line":4,"ch":33,"sticky":null},"text":["a"],"removed":[""],"origin":"+input"}
2019-4-13 10:42:35.509#keyHandled#"End"
2019-4-13 10:42:36.106#keyHandled#"Left"
2019-4-13 10:42:37.267#change#{"from":{"line":4,"ch":35,"sticky":"after"},"to":{"line":4,"ch":35,"sticky":"after"},"text":["."],"removed":[""],"origin":"+input"}
2019-4-13 10:42:38.172#change#{"from":{"line":4,"ch":35,"sticky":"after"},"to":{"line":4,"ch":36,"sticky":null},"text":[""],"removed":["."],"origin":"+delete"}
2019-4-13 10:42:38.172#keyHandled#"Backspace"
2019-4-13 10:42:38.988#keyHandled#"End"
2019-4-13 10:42:39.651#change#{"from":{"line":4,"ch":36,"sticky":"before"},"to":{"line":4,"ch":36,"sticky":"before"},"text":["",""],"removed":[""],"origin":"+input"}
2019-4-13 10:42:39.651#change#{"from":{"line":5,"ch":0,"sticky":null},"to":{"line":5,"ch":0,"sticky":null},"text":["\t"],"removed":[""],"origin":"+input"}
2019-4-13 10:42:39.651#keyHandled#"Enter"
2019-4-13 10:42:39.660#viewportChange#0
2019-4-13 10:42:40.775#change#{"from":{"line":5,"ch":0,"sticky":"after"},"to":{"line":5,"ch":1,"sticky":null},"text":[""],"removed":["\t"],"origin":"+delete"}
2019-4-13 10:42:40.775#keyHandled#"Backspace"
2019-4-13 10:42:41.367#change#{"from":{"line":5,"ch":0,"sticky":null},"to":{"line":5,"ch":0,"sticky":null},"text":["e"],"removed":[""],"origin":"+input"}
2019-4-13 10:42:41.482#change#{"from":{"line":5,"ch":1,"sticky":null},"to":{"line":5,"ch":1,"sticky":null},"text":["l"],"removed":[""],"origin":"+input"}
2019-4-13 10:42:41.635#change#{"from":{"line":5,"ch":2,"sticky":null},"to":{"line":5,"ch":2,"sticky":null},"text":["s"],"removed":[""],"origin":"+input"}
2019-4-13 10:42:41.812#change#{"from":{"line":5,"ch":3,"sticky":null},"to":{"line":5,"ch":3,"sticky":null},"text":["e"],"removed":[""],"origin":"+input"}
2019-4-13 10:42:42.599#change#{"from":{"line":5,"ch":4,"sticky":null},"to":{"line":5,"ch":4,"sticky":null},"text":[":"],"removed":[""],"origin":"+input"}
2019-4-13 10:42:43.158#change#{"from":{"line":5,"ch":5,"sticky":null},"to":{"line":5,"ch":5,"sticky":null},"text":["",""],"removed":[""],"origin":"+input"}
2019-4-13 10:42:43.158#change#{"from":{"line":6,"ch":0,"sticky":null},"to":{"line":6,"ch":0,"sticky":null},"text":["\t"],"removed":[""],"origin":"+input"}
2019-4-13 10:42:43.158#keyHandled#"Enter"
2019-4-13 10:42:43.166#viewportChange#0
2019-4-13 10:42:43.610#change#{"from":{"line":6,"ch":1,"sticky":null},"to":{"line":6,"ch":1,"sticky":null},"text":["\t"],"removed":[""],"origin":"+input"}
2019-4-13 10:42:43.610#keyHandled#"Tab"
2019-4-13 10:42:44.070#change#{"from":{"line":6,"ch":1,"sticky":"after"},"to":{"line":6,"ch":2,"sticky":null},"text":[""],"removed":["\t"],"origin":"+delete"}
2019-4-13 10:42:44.070#keyHandled#"Backspace"
2019-4-13 10:42:44.571#change#{"from":{"line":6,"ch":1,"sticky":null},"to":{"line":6,"ch":1,"sticky":null},"text":["p"],"removed":[""],"origin":"+input"}
2019-4-13 10:42:44.708#change#{"from":{"line":6,"ch":2,"sticky":null},"to":{"line":6,"ch":2,"sticky":null},"text":["r"],"removed":[""],"origin":"+input"}
2019-4-13 10:42:44.793#change#{"from":{"line":6,"ch":3,"sticky":null},"to":{"line":6,"ch":3,"sticky":null},"text":["i"],"removed":[""],"origin":"+input"}
2019-4-13 10:42:44.977#change#{"from":{"line":6,"ch":4,"sticky":null},"to":{"line":6,"ch":4,"sticky":null},"text":["n"],"removed":[""],"origin":"+input"}
2019-4-13 10:42:45.074#change#{"from":{"line":6,"ch":5,"sticky":null},"to":{"line":6,"ch":5,"sticky":null},"text":["t"],"removed":[""],"origin":"+input"}
2019-4-13 10:42:45.481#change#{"from":{"line":6,"ch":6,"sticky":null},"to":{"line":6,"ch":6,"sticky":null},"text":["()"],"removed":[""],"origin":"+input"}
2019-4-13 10:42:45.481#keyHandled#"'('"
2019-4-13 10:42:46.285#change#{"from":{"line":6,"ch":7,"sticky":"after"},"to":{"line":6,"ch":7,"sticky":"after"},"text":["e"],"removed":[""],"origin":"+input"}
2019-4-13 10:42:46.623#change#{"from":{"line":6,"ch":8,"sticky":null},"to":{"line":6,"ch":8,"sticky":null},"text":["s"],"removed":[""],"origin":"+input"}
2019-4-13 10:42:46.796#change#{"from":{"line":6,"ch":9,"sticky":null},"to":{"line":6,"ch":9,"sticky":null},"text":["s"],"removed":[""],"origin":"+input"}
2019-4-13 10:42:47.010#change#{"from":{"line":6,"ch":10,"sticky":null},"to":{"line":6,"ch":10,"sticky":null},"text":["e"],"removed":[""],"origin":"+input"}
2019-4-13 10:42:47.303#change#{"from":{"line":6,"ch":10,"sticky":"after"},"to":{"line":6,"ch":11,"sticky":null},"text":[""],"removed":["e"],"origin":"+delete"}
2019-4-13 10:42:47.303#keyHandled#"Backspace"
2019-4-13 10:42:47.513#change#{"from":{"line":6,"ch":9,"sticky":"after"},"to":{"line":6,"ch":10,"sticky":null},"text":[""],"removed":["s"],"origin":"+delete"}
2019-4-13 10:42:47.513#keyHandled#"Backspace"
2019-4-13 10:42:47.663#change#{"from":{"line":6,"ch":8,"sticky":"after"},"to":{"line":6,"ch":9,"sticky":null},"text":[""],"removed":["s"],"origin":"+delete"}
2019-4-13 10:42:47.663#keyHandled#"Backspace"
2019-4-13 10:42:47.865#change#{"from":{"line":6,"ch":7,"sticky":"after"},"to":{"line":6,"ch":8,"sticky":null},"text":[""],"removed":["e"],"origin":"+delete"}
2019-4-13 10:42:47.865#keyHandled#"Backspace"
2019-4-13 10:42:48.099#change#{"from":{"line":6,"ch":7,"sticky":null},"to":{"line":6,"ch":7,"sticky":null},"text":["\"\""],"removed":[""],"origin":"+input"}
2019-4-13 10:42:48.099#keyHandled#"'\"'"
2019-4-13 10:42:48.558#change#{"from":{"line":6,"ch":8,"sticky":"after"},"to":{"line":6,"ch":8,"sticky":"after"},"text":["e"],"removed":[""],"origin":"+input"}
2019-4-13 10:42:48.863#change#{"from":{"line":6,"ch":9,"sticky":null},"to":{"line":6,"ch":9,"sticky":null},"text":["s"],"removed":[""],"origin":"+input"}
2019-4-13 10:42:49.025#change#{"from":{"line":6,"ch":10,"sticky":null},"to":{"line":6,"ch":10,"sticky":null},"text":["s"],"removed":[""],"origin":"+input"}
2019-4-13 10:42:49.207#change#{"from":{"line":6,"ch":11,"sticky":null},"to":{"line":6,"ch":11,"sticky":null},"text":["e"],"removed":[""],"origin":"+input"}
2019-4-13 10:42:49.330#change#{"from":{"line":6,"ch":12,"sticky":null},"to":{"line":6,"ch":12,"sticky":null},"text":[" "],"removed":[""],"origin":"+input"}
2019-4-13 10:42:49.626#change#{"from":{"line":6,"ch":13,"sticky":null},"to":{"line":6,"ch":13,"sticky":null},"text":["o"],"removed":[""],"origin":"+input"}
2019-4-13 10:42:50.095#change#{"from":{"line":6,"ch":13,"sticky":"after"},"to":{"line":6,"ch":14,"sticky":null},"text":[""],"removed":["o"],"origin":"+delete"}
2019-4-13 10:42:50.095#keyHandled#"Backspace"
2019-4-13 10:42:50.424#change#{"from":{"line":6,"ch":13,"sticky":null},"to":{"line":6,"ch":13,"sticky":null},"text":["p"],"removed":[""],"origin":"+input"}
2019-4-13 10:42:50.507#change#{"from":{"line":6,"ch":14,"sticky":null},"to":{"line":6,"ch":14,"sticky":null},"text":["o"],"removed":[""],"origin":"+input"}
2019-4-13 10:42:50.740#change#{"from":{"line":6,"ch":15,"sticky":null},"to":{"line":6,"ch":15,"sticky":null},"text":["n"],"removed":[""],"origin":"+input"}
2019-4-13 10:42:50.929#change#{"from":{"line":6,"ch":16,"sticky":null},"to":{"line":6,"ch":16,"sticky":null},"text":["t"],"removed":[""],"origin":"+input"}
2019-4-13 10:42:51.052#change#{"from":{"line":6,"ch":17,"sticky":null},"to":{"line":6,"ch":17,"sticky":null},"text":["o"],"removed":[""],"origin":"+input"}
2019-4-13 10:42:51.097#change#{"from":{"line":6,"ch":18,"sticky":null},"to":{"line":6,"ch":18,"sticky":null},"text":[" "],"removed":[""],"origin":"+input"}
2019-4-13 10:42:51.405#change#{"from":{"line":6,"ch":19,"sticky":null},"to":{"line":6,"ch":19,"sticky":null},"text":["n"],"removed":[""],"origin":"+input"}
2019-4-13 10:42:51.537#change#{"from":{"line":6,"ch":20,"sticky":null},"to":{"line":6,"ch":20,"sticky":null},"text":["a"],"removed":[""],"origin":"+input"}
2019-4-13 10:42:51.664#change#{"from":{"line":6,"ch":21,"sticky":null},"to":{"line":6,"ch":21,"sticky":null},"text":["o"],"removed":[""],"origin":"+input"}
2019-4-13 10:42:51.747#change#{"from":{"line":6,"ch":22,"sticky":null},"to":{"line":6,"ch":22,"sticky":null},"text":[" "],"removed":[""],"origin":"+input"}
2019-4-13 10:42:51.916#change#{"from":{"line":6,"ch":23,"sticky":null},"to":{"line":6,"ch":23,"sticky":null},"text":["p"],"removed":[""],"origin":"+input"}
2019-4-13 10:42:51.988#change#{"from":{"line":6,"ch":24,"sticky":null},"to":{"line":6,"ch":24,"sticky":null},"text":["e"],"removed":[""],"origin":"+input"}
2019-4-13 10:42:52.113#change#{"from":{"line":6,"ch":25,"sticky":null},"to":{"line":6,"ch":25,"sticky":null},"text":["r"],"removed":[""],"origin":"+input"}
2019-4-13 10:42:52.380#change#{"from":{"line":6,"ch":27,"sticky":null},"to":{"line":6,"ch":27,"sticky":null},"text":["e"],"removed":[""],"origin":"+input"}
2019-4-13 10:42:52.515#change#{"from":{"line":6,"ch":28,"sticky":null},"to":{"line":6,"ch":28,"sticky":null},"text":["n"],"removed":[""],"origin":"+input"}
2019-4-13 10:42:52.612#change#{"from":{"line":6,"ch":29,"sticky":null},"to":{"line":6,"ch":29,"sticky":null},"text":["c"],"removed":[""],"origin":"+input"}
2019-4-13 10:42:52.665#change#{"from":{"line":6,"ch":30,"sticky":null},"to":{"line":6,"ch":30,"sticky":null},"text":["e"],"removed":[""],"origin":"+input"}
2019-4-13 10:42:52.766#change#{"from":{"line":6,"ch":31,"sticky":null},"to":{"line":6,"ch":31,"sticky":null},"text":[" "],"removed":[""],"origin":"+input"}
2019-4-13 10:42:52.994#change#{"from":{"line":6,"ch":32,"sticky":null},"to":{"line":6,"ch":32,"sticky":null},"text":[" "],"removed":[""],"origin":"+input"}
2019-4-13 10:42:53.336#change#{"from":{"line":6,"ch":32,"sticky":"after"},"to":{"line":6,"ch":33,"sticky":null},"text":[""],"removed":[" "],"origin":"+delete"}
2019-4-13 10:42:53.336#keyHandled#"Backspace"
2019-4-13 10:42:53.491#change#{"from":{"line":6,"ch":32,"sticky":null},"to":{"line":6,"ch":32,"sticky":null},"text":["a"],"removed":[""],"origin":"+input"}
2019-4-13 10:42:53.633#change#{"from":{"line":6,"ch":33,"sticky":null},"to":{"line":6,"ch":33,"sticky":null},"text":[" "],"removed":[""],"origin":"+input"}
2019-4-13 10:42:53.768#change#{"from":{"line":6,"ch":34,"sticky":null},"to":{"line":6,"ch":34,"sticky":null},"text":["r"],"removed":[""],"origin":"+input"}
2019-4-13 10:42:53.835#change#{"from":{"line":6,"ch":35,"sticky":null},"to":{"line":6,"ch":35,"sticky":null},"text":["e"],"removed":[""],"origin":"+input"}
2019-4-13 10:42:54.097#change#{"from":{"line":6,"ch":36,"sticky":null},"to":{"line":6,"ch":36,"sticky":null},"text":["t"],"removed":[""],"origin":"+input"}
2019-4-13 10:42:54.150#change#{"from":{"line":6,"ch":37,"sticky":null},"to":{"line":6,"ch":37,"sticky":null},"text":["a"],"removed":[""],"origin":"+input"}
2019-4-13 10:42:55.333#keyHandled#"End"
2019-4-13 10:42:57.871#blur#
2019-4-13 10:43:32.356#focus#
2019-4-13 10:43:36.130#keyHandled#"Left"
2019-4-13 10:43:36.130#keyHandled#"Left"
2019-4-13 10:43:39.778#saida_testar#$ python3 main.py
File "main.py", line 4
if ((px*2) + py == 3)
SyntaxError: invalid syntax
2019-4-13 10:43:43.017#mousedown#{"isTrusted":true}
2019-4-13 10:43:44.340#change#{"from":{"line":3,"ch":15,"sticky":"after","xRel":1.5333251953125},"to":{"line":3,"ch":15,"sticky":"after","xRel":1.5333251953125},"text":[")"],"removed":[""],"origin":"+input"}
2019-4-13 10:43:45.366#keyHandled#"Left"
2019-4-13 10:43:45.863#keyHandled#"Left"
2019-4-13 10:43:45.897#keyHandled#"Left"
2019-4-13 10:43:45.932#keyHandled#"Left"
2019-4-13 10:43:45.967#keyHandled#"Left"
2019-4-13 10:43:46.001#keyHandled#"Left"
2019-4-13 10:43:46.035#keyHandled#"Left"
2019-4-13 10:43:46.070#keyHandled#"Left"
2019-4-13 10:43:46.795#keyHandled#"Left"
2019-4-13 10:43:47.025#keyHandled#"Left"
2019-4-13 10:43:47.240#keyHandled#"Left"
2019-4-13 10:43:47.710#keyHandled#"Left"
2019-4-13 10:43:48.535#change#{"from":{"line":3,"ch":4,"sticky":"after"},"to":{"line":3,"ch":4,"sticky":"after"},"text":["("],"removed":[""],"origin":"+input"}
2019-4-13 10:43:48.535#change#{"from":{"line":3,"ch":4,"sticky":"after"},"to":{"line":3,"ch":4,"sticky":"after"},"text":["("],"removed":[""],"origin":"+input"}
2019-4-13 10:43:51.888#saida_testar#$ python3 main.py
File "main.py", line 4
if (((px*2) + py) == 3)
SyntaxError: invalid syntax
2019-4-13 10:44:03.010#mousedown#{"isTrusted":true}
2019-4-13 10:44:04.951#change#{"from":{"line":3,"ch":23,"sticky":"before","xRel":33.5333251953125},"to":{"line":3,"ch":23,"sticky":"before","xRel":33.5333251953125},"text":[":"],"removed":[""],"origin":"+input"}
2019-4-13 10:44:04.951#change#{"from":{"line":3,"ch":23,"sticky":"before","xRel":33.5333251953125},"to":{"line":3,"ch":23,"sticky":"before","xRel":33.5333251953125},"text":[":"],"removed":[""],"origin":"+input"}
2019-4-13 10:44:11.431#blur#
2019-4-13 10:44:11.910#saida_testar#$ python3 main.py
2019-4-13 10:44:11.431#blur#
2019-4-13 10:44:11.910#saida_testar#$ python3 main.py
2019-4-13 10:44:16.955#submit#Your code did not produce the correct output. Please, correct your code and try again.
2019-4-13 10:44:18.408#mousedown#{"isTrusted":true}
2019-4-13 10:44:18.515#focus#
2019-4-13 10:44:19.464#change#{"from":{"line":6,"ch":39,"sticky":"before","xRel":-2.4666748046875},"to":{"line":6,"ch":39,"sticky":"before","xRel":-2.4666748046875},"text":["."],"removed":[""],"origin":"+input"}
2019-4-13 10:44:19.752#change#{"from":{"line":6,"ch":40,"sticky":null},"to":{"line":6,"ch":40,"sticky":null},"text":["l"],"removed":[""],"origin":"+input"}
2019-4-13 10:44:19.863#change#{"from":{"line":6,"ch":41,"sticky":null},"to":{"line":6,"ch":41,"sticky":null},"text":["o"],"removed":[""],"origin":"+input"}
2019-4-13 10:44:20.191#change#{"from":{"line":6,"ch":42,"sticky":null},"to":{"line":6,"ch":42,"sticky":null},"text":["w"],"removed":[""],"origin":"+input"}
2019-4-13 10:44:20.329#change#{"from":{"line":6,"ch":43,"sticky":null},"to":{"line":6,"ch":43,"sticky":null},"text":["e"],"removed":[""],"origin":"+input"}
2019-4-13 10:44:20.518#change#{"from":{"line":6,"ch":44,"sticky":null},"to":{"line":6,"ch":44,"sticky":null},"text":["r"],"removed":[""],"origin":"+input"}
2019-4-13 10:44:21.059#change#{"from":{"line":6,"ch":45,"sticky":null},"to":{"line":6,"ch":45,"sticky":null},"text":["()"],"removed":[""],"origin":"+input"}
2019-4-13 10:44:21.059#keyHandled#"'('"
2019-4-13 10:44:21.945#keyHandled#"Up"
2019-4-13 10:44:22.131#keyHandled#"Left"
2019-4-13 10:44:22.390#keyHandled#"Up"
2019-4-13 10:44:23.350#keyHandled#"End"
2019-4-13 10:44:23.737#keyHandled#"Left"
2019-4-13 10:44:24.828#change#{"from":{"line":4,"ch":35,"sticky":"after"},"to":{"line":4,"ch":35,"sticky":"after"},"text":["."],"removed":[""],"origin":"+input"}
2019-4-13 10:44:26.320#change#{"from":{"line":4,"ch":36,"sticky":null},"to":{"line":4,"ch":36,"sticky":null},"text":["l"],"removed":[""],"origin":"+input"}
2019-4-13 10:44:26.404#change#{"from":{"line":4,"ch":37,"sticky":null},"to":{"line":4,"ch":37,"sticky":null},"text":["o"],"removed":[""],"origin":"+input"}
2019-4-13 10:44:26.499#change#{"from":{"line":4,"ch":38,"sticky":null},"to":{"line":4,"ch":38,"sticky":null},"text":["w"],"removed":[""],"origin":"+input"}
2019-4-13 10:44:26.613#change#{"from":{"line":4,"ch":39,"sticky":null},"to":{"line":4,"ch":39,"sticky":null},"text":["e"],"removed":[""],"origin":"+input"}
2019-4-13 10:44:26.835#change#{"from":{"line":4,"ch":40,"sticky":null},"to":{"line":4,"ch":40,"sticky":null},"text":["r"],"removed":[""],"origin":"+input"}
2019-4-13 10:44:27.224#change#{"from":{"line":4,"ch":41,"sticky":null},"to":{"line":4,"ch":41,"sticky":null},"text":["()"],"removed":[""],"origin":"+input"}
2019-4-13 10:44:27.224#keyHandled#"'('"
2019-4-13 10:44:27.224#change#{"from":{"line":4,"ch":41,"sticky":null},"to":{"line":4,"ch":41,"sticky":null},"text":["()"],"removed":[""],"origin":"+input"}
2019-4-13 10:44:27.224#keyHandled#"'('"
2019-4-13 10:44:29.838#saida_testar#$ python3 main.py
2019-4-13 10:44:30.060#submit#Your code did not produce the correct output. Please, correct your code and try again.
2019-4-13 13:08:35.241#viewportChange#0
2019-4-13 13:09:53.923#mousedown#{"isTrusted":true}
2019-4-13 13:09:53.932#focus#
2019-4-13 13:09:55.505#change#{"from":{"line":2,"ch":0,"sticky":"after","xRel":8.5333251953125},"to":{"line":2,"ch":0,"sticky":"after","xRel":8.5333251953125},"text":["",""],"removed":[""],"origin":"+input"}
2019-4-13 13:09:55.505#keyHandled#"Enter"
2019-4-13 13:09:55.515#viewportChange#0
2019-4-13 13:09:58.713#change#{"from":{"line":3,"ch":0,"sticky":null},"to":{"line":3,"ch":0,"sticky":null},"text":["",""],"removed":[""],"origin":"+input"}
2019-4-13 13:09:58.713#keyHandled#"Enter"
2019-4-13 13:09:58.730#viewportChange#0
2019-4-13 13:09:59.144#keyHandled#"Up"
2019-4-13 13:09:59.829#change#{"from":{"line":3,"ch":0,"sticky":"after","xRel":0},"to":{"line":3,"ch":0,"sticky":"after","xRel":0},"text":["e"],"removed":[""],"origin":"+input"}
2019-4-13 13:10:00.259#change#{"from":{"line":3,"ch":1,"sticky":null},"to":{"line":3,"ch":1,"sticky":null},"text":[" "],"removed":[""],"origin":"+input"}
2019-4-13 13:10:00.746#change#{"from":{"line":3,"ch":2,"sticky":null},"to":{"line":3,"ch":2,"sticky":null},"text":[" "],"removed":[""],"origin":"+input"}
2019-4-13 13:10:00.920#change#{"from":{"line":3,"ch":3,"sticky":null},"to":{"line":3,"ch":3,"sticky":null},"text":["="],"removed":[""],"origin":"+input"}
2019-4-13 13:10:01.028#change#{"from":{"line":3,"ch":4,"sticky":null},"to":{"line":3,"ch":4,"sticky":null},"text":[" "],"removed":[""],"origin":"+input"}
2019-4-13 13:10:02.502#change#{"from":{"line":3,"ch":5,"sticky":null},"to":{"line":3,"ch":5,"sticky":null},"text":["p"],"removed":[""],"origin":"+input"}
2019-4-13 13:10:02.674#change#{"from":{"line":3,"ch":6,"sticky":null},"to":{"line":3,"ch":6,"sticky":null},"text":["c"],"removed":[""],"origin":"+input"}
2019-4-13 13:10:03.047#change#{"from":{"line":3,"ch":6,"sticky":"after"},"to":{"line":3,"ch":7,"sticky":null},"text":[""],"removed":["c"],"origin":"+delete"}
2019-4-13 13:10:03.047#keyHandled#"Backspace"
2019-4-13 13:10:03.160#change#{"from":{"line":3,"ch":6,"sticky":null},"to":{"line":3,"ch":6,"sticky":null},"text":["x"],"removed":[""],"origin":"+input"}
2019-4-13 13:10:04.739#change#{"from":{"line":3,"ch":7,"sticky":null},"to":{"line":3,"ch":7,"sticky":null},"text":["*"],"removed":[""],"origin":"+input"}
2019-4-13 13:10:05.154#change#{"from":{"line":3,"ch":8,"sticky":null},"to":{"line":3,"ch":8,"sticky":null},"text":["2"],"removed":[""],"origin":"+input"}
2019-4-13 13:10:07.975#change#{"from":{"line":3,"ch":9,"sticky":null},"to":{"line":3,"ch":9,"sticky":null},"text":[")"],"removed":[""],"origin":"+input"}
2019-4-13 13:10:08.712#keyHandled#"Left"
2019-4-13 13:10:08.977#keyHandled#"Up"
2019-4-13 13:10:09.878#keyHandled#"Down"
2019-4-13 13:10:10.193#keyHandled#"Left"
2019-4-13 13:10:10.690#keyHandled#"Left"
2019-4-13 13:10:10.725#keyHandled#"Left"
2019-4-13 13:10:10.759#keyHandled#"Left"
2019-4-13 13:10:10.795#keyHandled#"Left"
2019-4-13 13:10:11.271#keyHandled#"Right"
2019-4-13 13:10:11.974#change#{"from":{"line":3,"ch":5,"sticky":"before"},"to":{"line":3,"ch":5,"sticky":"before"},"text":["("],"removed":[""],"origin":"+input"}
2019-4-13 13:10:13.001#keyHandled#"End"
2019-4-13 13:10:14.055#change#{"from":{"line":3,"ch":11,"sticky":"before"},"to":{"line":3,"ch":11,"sticky":"before"},"text":[" "],"removed":[""],"origin":"+input"}
2019-4-13 13:10:14.493#change#{"from":{"line":3,"ch":12,"sticky":null},"to":{"line":3,"ch":12,"sticky":null},"text":["+"],"removed":[""],"origin":"+input"}
2019-4-13 13:10:15.025#change#{"from":{"line":3,"ch":13,"sticky":null},"to":{"line":3,"ch":13,"sticky":null},"text":["m"],"removed":[""],"origin":"+input"}
2019-4-13 13:10:15.622#change#{"from":{"line":3,"ch":13,"sticky":"after"},"to":{"line":3,"ch":14,"sticky":null},"text":[""],"removed":["m"],"origin":"+delete"}
2019-4-13 13:10:15.622#keyHandled#"Backspace"
2019-4-13 13:10:15.811#change#{"from":{"line":3,"ch":13,"sticky":null},"to":{"line":3,"ch":13,"sticky":null},"text":[" "],"removed":[""],"origin":"+input"}
2019-4-13 13:10:16.354#change#{"from":{"line":3,"ch":14,"sticky":null},"to":{"line":3,"ch":14,"sticky":null},"text":["p"],"removed":[""],"origin":"+input"}
2019-4-13 13:10:17.042#change#{"from":{"line":3,"ch":15,"sticky":null},"to":{"line":3,"ch":15,"sticky":null},"text":["y"],"removed":[""],"origin":"+input"}
2019-4-13 13:10:19.078#change#{"from":{"line":3,"ch":16,"sticky":null},"to":{"line":3,"ch":16,"sticky":null},"text":[")"],"removed":[""],"origin":"+input"}
2019-4-13 13:10:20.958#keyHandled#"Left"
2019-4-13 13:10:21.213#keyHandled#"Left"
2019-4-13 13:10:21.451#keyHandled#"Left"
2019-4-13 13:10:22.311#change#{"from":{"line":3,"ch":14,"sticky":"after"},"to":{"line":3,"ch":14,"sticky":"after"},"text":["("],"removed":[""],"origin":"+input"}
2019-4-13 13:10:23.109#keyHandled#"Down"
2019-4-13 13:10:23.380#keyHandled#"Down"
2019-4-13 13:10:24.026#keyHandled#"Right"
2019-4-13 13:10:24.523#keyHandled#"Right"
2019-4-13 13:10:24.558#keyHandled#"Right"
2019-4-13 13:10:24.593#keyHandled#"Right"
2019-4-13 13:10:24.627#keyHandled#"Right"
2019-4-13 13:10:24.961#keyHandled#"Right"
2019-4-13 13:10:25.743#keyHandled#"Left"
2019-4-13 13:10:26.252#keyHandled#"Left"
2019-4-13 13:10:26.287#keyHandled#"Left"
2019-4-13 13:10:26.324#keyHandled#"Left"
2019-4-13 13:10:26.357#keyHandled#"Left"
2019-4-13 13:10:26.392#keyHandled#"Left"
2019-4-13 13:10:26.428#keyHandled#"Left"
2019-4-13 13:10:26.463#keyHandled#"Left"
2019-4-13 13:10:26.497#keyHandled#"Left"
2019-4-13 13:10:26.533#keyHandled#"Left"
2019-4-13 13:10:26.568#keyHandled#"Left"
2019-4-13 13:10:26.603#keyHandled#"Left"
2019-4-13 13:10:26.638#keyHandled#"Left"
2019-4-13 13:10:26.846#keyHandled#"Left"
2019-4-13 13:10:27.271#keyHandled#"Left"
2019-4-13 13:10:27.538#keyHandled#"Left"
2019-4-13 13:10:27.783#keyHandled#"Left"
2019-4-13 13:10:29.843#change#{"from":{"line":5,"ch":4,"sticky":"after"},"to":{"line":5,"ch":21,"sticky":"before"},"text":[""],"removed":["((px*2) + py) == "],"origin":"+delete"}
2019-4-13 13:10:29.843#keyHandled#"Backspace"
2019-4-13 13:10:29.916#change#{"from":{"line":5,"ch":4,"sticky":null},"to":{"line":5,"ch":4,"sticky":null},"text":["e"],"removed":[""],"origin":"+input"}
2019-4-13 13:10:32.058#change#{"from":{"line":5,"ch":5,"sticky":null},"to":{"line":5,"ch":5,"sticky":null},"text":["="],"removed":[""],"origin":"+input"}
2019-4-13 13:10:32.235#change#{"from":{"line":5,"ch":6,"sticky":null},"to":{"line":5,"ch":6,"sticky":null},"text":["="],"removed":[""],"origin":"+input"}
2019-4-13 13:10:33.300#change#{"from":{"line":5,"ch":7,"sticky":null},"to":{"line":5,"ch":7,"sticky":null},"text":[" "],"removed":[""],"origin":"+input"}
2019-4-13 13:10:33.736#keyHandled#"Left"
2019-4-13 13:10:33.896#keyHandled#"Left"
2019-4-13 13:10:34.063#keyHandled#"Left"
2019-4-13 13:10:34.192#change#{"from":{"line":5,"ch":5,"sticky":"after"},"to":{"line":5,"ch":5,"sticky":"after"},"text":[" "],"removed":[""],"origin":"+input"}
2019-4-13 13:10:34.756#blur#
2019-4-13 13:10:36.106#focus#
2019-4-13 13:10:42.133#blur#
2019-4-13 13:10:43.279#saida_testar#$ python3 main.py
2019-4-13 13:10:43.279#saida_testar#$ python3 main.py
2019-4-13 13:10:47.089#saida_testar#$ python3 main.py
2019-4-13 13:11:44.426#mousedown#{"isTrusted":true}
2019-4-13 13:11:44.514#focus#
2019-4-13 13:11:46.371#change#{"from":{"line":6,"ch":35,"sticky":"after","xRel":1.5333251953125},"to":{"line":6,"ch":43,"sticky":"before","xRel":-3.4666748046875},"text":[""],"removed":[".lower()"],"origin":"+delete"}
2019-4-13 13:11:46.371#keyHandled#"Backspace"
2019-4-13 13:11:53.578#keyHandled#"Down"
2019-4-13 13:11:53.796#keyHandled#"Right"
2019-4-13 13:11:53.989#keyHandled#"Right"
2019-4-13 13:11:54.487#keyHandled#"Right"
2019-4-13 13:11:54.521#keyHandled#"Right"
2019-4-13 13:11:54.557#keyHandled#"Right"
2019-4-13 13:11:54.591#keyHandled#"Right"
2019-4-13 13:11:54.626#keyHandled#"Right"
2019-4-13 13:11:54.660#keyHandled#"Right"
2019-4-13 13:11:54.695#keyHandled#"Right"
2019-4-13 13:11:54.729#keyHandled#"Right"
2019-4-13 13:11:54.764#keyHandled#"Right"
2019-4-13 13:11:54.798#keyHandled#"Right"
2019-4-13 13:11:54.832#keyHandled#"Right"
2019-4-13 13:11:54.867#keyHandled#"Right"
2019-4-13 13:11:54.902#keyHandled#"Right"
2019-4-13 13:11:54.937#keyHandled#"Right"
2019-4-13 13:11:54.972#keyHandled#"Right"
2019-4-13 13:11:55.006#keyHandled#"Right"
2019-4-13 13:11:55.042#keyHandled#"Right"
2019-4-13 13:11:55.076#keyHandled#"Right"
2019-4-13 13:11:55.110#keyHandled#"Right"
2019-4-13 13:11:55.145#keyHandled#"Right"
2019-4-13 13:11:55.179#keyHandled#"Right"
2019-4-13 13:11:55.214#keyHandled#"Right"
2019-4-13 13:11:55.249#keyHandled#"Right"
2019-4-13 13:11:55.283#keyHandled#"Right"
2019-4-13 13:11:55.318#keyHandled#"Right"
2019-4-13 13:11:55.352#keyHandled#"Right"
2019-4-13 13:11:55.387#keyHandled#"Right"
2019-4-13 13:11:55.421#keyHandled#"Right"
2019-4-13 13:11:55.456#keyHandled#"Right"
2019-4-13 13:11:55.491#keyHandled#"Right"
2019-4-13 13:11:55.525#keyHandled#"Right"
2019-4-13 13:11:55.576#keyHandled#"Right"
2019-4-13 13:11:55.595#keyHandled#"Right"
2019-4-13 13:11:55.628#keyHandled#"Right"
2019-4-13 13:11:55.663#keyHandled#"Right"
2019-4-13 13:11:55.698#keyHandled#"Right"
2019-4-13 13:11:55.733#keyHandled#"Right"
2019-4-13 13:11:55.767#keyHandled#"Right"
2019-4-13 13:11:55.802#keyHandled#"Right"
2019-4-13 13:11:56.200#keyHandled#"Left"
2019-4-13 13:11:56.406#keyHandled#"Right"
2019-4-13 13:11:57.192#keyHandled#"Left"
2019-4-13 13:11:57.374#keyHandled#"Right"
2019-4-13 13:11:57.617#keyHandled#"Right"
2019-4-13 13:11:57.780#keyHandled#"Right"
2019-4-13 13:11:57.913#keyHandled#"Right"
2019-4-13 13:11:58.125#keyHandled#"Right"
2019-4-13 13:11:58.312#keyHandled#"Right"
2019-4-13 13:11:58.506#keyHandled#"Right"
2019-4-13 13:11:58.673#keyHandled#"Right"
2019-4-13 13:11:59.429#change#{"from":{"line":8,"ch":39,"sticky":"after"},"to":{"line":8,"ch":47,"sticky":"before"},"text":[""],"removed":[".lower()"],"origin":"+delete"}
2019-4-13 13:11:59.429#keyHandled#"Backspace"
2019-4-13 13:12:44.444#blur#
2019-4-13 13:12:44.444#blur#
2019-4-13 13:12:49.126#submit#Your code did not produce the correct output. Please, correct your code and try again.
2019-4-13 13:12:49.431#saida_testar#$ python3 main.py
2019-4-13 13:13:06.754#mousedown#{"isTrusted":true}
2019-4-13 13:13:06.764#focus#
2019-4-13 13:13:08.714#change#{"from":{"line":3,"ch":18,"sticky":"before","xRel":9.5333251953125},"to":{"line":3,"ch":18,"sticky":"before","xRel":9.5333251953125},"text":[" "],"removed":[""],"origin":"+input"}
2019-4-13 13:13:08.908#change#{"from":{"line":3,"ch":19,"sticky":null},"to":{"line":3,"ch":19,"sticky":null},"text":["-"],"removed":[""],"origin":"+input"}
2019-4-13 13:13:09.023#change#{"from":{"line":3,"ch":20,"sticky":null},"to":{"line":3,"ch":20,"sticky":null},"text":[" "],"removed":[""],"origin":"+input"}
2019-4-13 13:13:09.383#change#{"from":{"line":3,"ch":21,"sticky":null},"to":{"line":3,"ch":21,"sticky":null},"text":["3"],"removed":[""],"origin":"+input"}
2019-4-13 13:13:10.579#mousedown#{"isTrusted":true}
2019-4-13 13:13:11.428#change#{"from":{"line":5,"ch":9,"sticky":"after"},"to":{"line":5,"ch":10,"sticky":"before","xRel":-1.4666748046875},"text":[""],"removed":["3"],"origin":"+delete"}
2019-4-13 13:13:11.428#keyHandled#"Backspace"
2019-4-13 13:13:11.702#change#{"from":{"line":5,"ch":9,"sticky":null},"to":{"line":5,"ch":9,"sticky":null},"text":["0"],"removed":[""],"origin":"+input"}
2019-4-13 13:13:11.428#change#{"from":{"line":5,"ch":9,"sticky":"after"},"to":{"line":5,"ch":10,"sticky":"before","xRel":-1.4666748046875},"text":[""],"removed":["3"],"origin":"+delete"}
2019-4-13 13:13:11.428#keyHandled#"Backspace"
2019-4-13 13:13:11.702#change#{"from":{"line":5,"ch":9,"sticky":null},"to":{"line":5,"ch":9,"sticky":null},"text":["0"],"removed":[""],"origin":"+input"}
2019-4-13 13:13:13.966#blur#
2019-4-13 13:13:15.014#saida_testar#$ python3 main.py
Insira um ponto X: 1
2019-4-13 13:13:15.014#saida_testar#$ python3 main.py
Insira um ponto X: 1
2019-4-13 13:13:17.057#saida_testar#$ python3 main.py
2019-4-13 13:13:17.057#saida_testar#$ python3 main.py
2019-4-13 13:13:21.029#saida_testar#$ python3 main.py
2019-4-13 13:13:22.458#mousedown#{"isTrusted":true}
2019-4-13 13:13:22.540#focus#
2019-4-13 13:13:23.149#change#{"from":{"line":3,"ch":21,"sticky":"after"},"to":{"line":3,"ch":22,"sticky":"before","xRel":-2.4666748046875},"text":[""],"removed":["3"],"origin":"+delete"}
2019-4-13 13:13:23.149#keyHandled#"Backspace"
2019-4-13 13:13:23.316#change#{"from":{"line":3,"ch":20,"sticky":"after"},"to":{"line":3,"ch":21,"sticky":null},"text":[""],"removed":[" "],"origin":"+delete"}
2019-4-13 13:13:23.316#keyHandled#"Backspace"
2019-4-13 13:13:23.499#change#{"from":{"line":3,"ch":19,"sticky":"after"},"to":{"line":3,"ch":20,"sticky":null},"text":[""],"removed":["-"],"origin":"+delete"}
2019-4-13 13:13:23.499#keyHandled#"Backspace"
2019-4-13 13:13:24.946#mousedown#{"isTrusted":true}
2019-4-13 13:13:25.942#change#{"from":{"line":5,"ch":9,"sticky":"after"},"to":{"line":5,"ch":10,"sticky":"after","xRel":3.5333251953125},"text":[""],"removed":["0"],"origin":"+delete"}
2019-4-13 13:13:25.942#keyHandled#"Backspace"
2019-4-13 13:13:26.095#change#{"from":{"line":5,"ch":9,"sticky":null},"to":{"line":5,"ch":9,"sticky":null},"text":["3"],"removed":[""],"origin":"+input"}
2019-4-13 13:13:26.095#change#{"from":{"line":5,"ch":9,"sticky":null},"to":{"line":5,"ch":9,"sticky":null},"text":["3"],"removed":[""],"origin":"+input"}
2019-4-13 13:13:27.918#blur#
2019-4-13 13:13:29.156#saida_testar#$ python3 main.py
Insira um ponto X: 3
2019-4-13 13:14:03.978#mousedown#{"isTrusted":true}
2019-4-13 13:14:04.043#focus#
2019-4-13 13:14:04.364#mousedown#{"isTrusted":true}
2019-4-13 13:14:05.529#change#{"from":{"line":5,"ch":9,"sticky":"after"},"to":{"line":5,"ch":10,"sticky":"before","xRel":-2.4666748046875},"text":[""],"removed":["3"],"origin":"+delete"}
2019-4-13 13:14:05.529#keyHandled#"Backspace"
2019-4-13 13:14:05.648#change#{"from":{"line":5,"ch":9,"sticky":null},"to":{"line":5,"ch":9,"sticky":null},"text":["0"],"removed":[""],"origin":"+input"}
2019-4-13 13:14:06.316#keyHandled#"Up"
2019-4-13 13:14:06.882#keyHandled#"Up"
2019-4-13 13:14:07.311#keyHandled#"End"
2019-4-13 13:14:08.147#keyHandled#"Left"
2019-4-13 13:14:09.018#change#{"from":{"line":3,"ch":18,"sticky":"after"},"to":{"line":3,"ch":18,"sticky":"after"},"text":["-"],"removed":[""],"origin":"+input"}
2019-4-13 13:14:09.438#change#{"from":{"line":3,"ch":19,"sticky":null},"to":{"line":3,"ch":19,"sticky":null},"text":["3"],"removed":[""],"origin":"+input"}
2019-4-13 13:14:09.018#change#{"from":{"line":3,"ch":18,"sticky":"after"},"to":{"line":3,"ch":18,"sticky":"after"},"text":["-"],"removed":[""],"origin":"+input"}
2019-4-13 13:14:09.438#change#{"from":{"line":3,"ch":19,"sticky":null},"to":{"line":3,"ch":19,"sticky":null},"text":["3"],"removed":[""],"origin":"+input"}
2019-4-13 13:14:11.298#saida_testar#$ python3 main.py
2019-4-13 13:14:11.427#submit#Your code did not produce the correct output. Please, correct your code and try again.
2019-4-13 13:14:15.226#mousedown#{"isTrusted":true}
2019-4-13 13:14:19.365#change#{"from":{"line":3,"ch":19,"sticky":"after","xRel":0.5333251953125},"to":{"line":3,"ch":19,"sticky":"after","xRel":0.5333251953125},"text":[" "],"removed":[""],"origin":"+input"}
2019-4-13 13:14:19.365#change#{"from":{"line":3,"ch":19,"sticky":"after","xRel":0.5333251953125},"to":{"line":3,"ch":19,"sticky":"after","xRel":0.5333251953125},"text":[" "],"removed":[""],"origin":"+input"}
2019-4-13 13:14:21.186#saida_testar#$ python3 main.py
2019-4-13 13:14:21.352#submit#Your code did not produce the correct output. Please, correct your code and try again.
2019-4-13 13:14:23.151#keyHandled#"Left"
2019-4-13 13:14:23.332#keyHandled#"Left"
2019-4-13 13:14:23.491#keyHandled#"Left"
2019-4-13 13:14:23.893#keyHandled#"Right"
2019-4-13 13:14:24.630#change#{"from":{"line":3,"ch":17,"sticky":"after"},"to":{"line":3,"ch":18,"sticky":"before"},"text":[""],"removed":[")"],"origin":"+delete"}
2019-4-13 13:14:24.630#keyHandled#"Backspace"
2019-4-13 13:14:25.326#keyHandled#"End"
2019-4-13 13:14:25.896#change#{"from":{"line":3,"ch":21,"sticky":"before"},"to":{"line":3,"ch":21,"sticky":"before"},"text":["_"],"removed":[""],"origin":"+input"}
2019-4-13 13:14:26.973#change#{"from":{"line":3,"ch":21,"sticky":"after"},"to":{"line":3,"ch":22,"sticky":null},"text":[""],"removed":["_"],"origin":"+delete"}
2019-4-13 13:14:26.973#keyHandled#"Backspace"
2019-4-13 13:14:27.564#change#{"from":{"line":3,"ch":20,"sticky":"after"},"to":{"line":3,"ch":21,"sticky":null},"text":[""],"removed":[" "],"origin":"+delete"}
2019-4-13 13:14:27.564#keyHandled#"Backspace"
2019-4-13 13:14:28.567#change#{"from":{"line":3,"ch":20,"sticky":null},"to":{"line":3,"ch":20,"sticky":null},"text":[")"],"removed":[""],"origin":"+input"}
2019-4-13 13:14:35.551#saida_testar#$ python3 main.py
2019-4-13 13:14:35.551#saida_testar#$ python3 main.py
2019-4-13 13:14:36.434#submit#Your code did not produce the correct output. Please, correct your code and try again.
2019-4-13 13:14:37.266#mousedown#{"isTrusted":true}
2019-4-13 13:14:38.314#mousedown#{"isTrusted":true}
2019-4-13 13:14:39.817#keyHandled#"Left"
2019-4-13 13:14:40.095#keyHandled#"Left"
2019-4-13 13:14:40.520#keyHandled#"Right"
2019-4-13 13:14:42.292#change#{"from":{"line":3,"ch":17,"sticky":"before"},"to":{"line":3,"ch":17,"sticky":"before"},"text":[")"],"removed":[""],"origin":"+input"}
2019-4-13 13:14:44.106#keyHandled#"Right"
2019-4-13 13:14:44.976#keyHandled#"Left"
2019-4-13 13:14:46.979#keyHandled#"Right"
2019-4-13 13:14:47.246#keyHandled#"Right"
2019-4-13 13:14:48.073#change#{"from":{"line":3,"ch":19,"sticky":"after"},"to":{"line":3,"ch":20,"sticky":"before"},"text":[""],"removed":[" "],"origin":"+delete"}
2019-4-13 13:14:48.073#keyHandled#"Backspace"
2019-4-13 13:14:49.060#change#{"from":{"line":3,"ch":19,"sticky":null},"to":{"line":3,"ch":19,"sticky":null},"text":["("],"removed":[""],"origin":"+input"}
2019-4-13 13:14:49.060#change#{"from":{"line":3,"ch":19,"sticky":null},"to":{"line":3,"ch":19,"sticky":null},"text":["("],"removed":[""],"origin":"+input"}
2019-4-13 13:14:51.246#submit#Your code did not produce the correct output. Please, correct your code and try again.
2019-4-13 13:14:51.269#saida_testar#$ python3 main.py
2019-4-13 13:14:52.438#blur#
2019-4-13 13:14:55.196#focus#
2019-4-13 13:14:56.836#blur#
2019-4-13 13:14:58.066#focus#
2019-4-13 13:14:59.883#blur#
2019-4-13 13:15:01.880#focus#
2019-4-13 13:15:02.832#blur#
2019-4-13 13:15:03.788#focus#
2019-4-13 13:15:04.538#blur#
2019-4-13 13:15:06.152#focus#
2019-4-13 13:15:06.433#blur#
2019-4-13 13:15:38.873#focus#
2019-4-13 13:16:07.915#change#{"from":{"line":3,"ch":19,"sticky":"after"},"to":{"line":3,"ch":20,"sticky":null},"text":[""],"removed":["("],"origin":"+delete"}
2019-4-13 13:16:07.915#keyHandled#"Backspace"
2019-4-13 13:17:02.336#blur#
2019-4-13 13:17:07.302#focus#
2019-4-13 13:17:08.122#mousedown#{"isTrusted":true}
2019-4-13 13:17:10.228#change#{"from":{"line":0,"ch":0,"sticky":"after","xRel":1.5333251953125},"to":{"line":9,"ch":0,"sticky":"after","xRel":278.5333251953125},"text":["x = float(input(\"Coordenada x: \"))","y = float(input(\"Cooddenada y: \"))","z = 2*x + y -3","if(z==0):","\tprint(\"ponto pertence a reta\")","else:","\tprint(\"ponto nao pertence a reta\")"],"removed":["px = float(input(\"Insira um ponto X: \"))","py = float(input(\"Insira um ponto Y: \"))","","e  = (px*2) + (py)-3)","","if (e == 0):","\tprint(\"esse ponto pertence a reta\")","else:","\tprint(\"esse ponto nao pertence a reta\")",""],"origin":"paste"}
2019-4-13 13:17:10.254#viewportChange#0
2019-4-13 13:17:12.759#submit#Congratulations, your code is correct!
2019-4-13 13:17:20.854#blur#
2019-4-13 13:19:08.041#mousedown#{"isTrusted":true}
2019-4-13 13:19:08.046#focus#
2019-4-13 13:19:08.798#blur#
2019-4-13 13:19:09.540#focus#
2019-4-13 13:19:11.057#mousedown#{"isTrusted":true}
2019-4-13 13:19:11.991#change#{"from":{"line":0,"ch":0,"sticky":null},"to":{"line":6,"ch":35,"sticky":null},"text":["px = float(input(\"Insira um ponto X: \"))","py = float(input(\"Insira um ponto Y: \"))","","e  = (px*2) + (py)-3)","","if (e == 0):","\tprint(\"esse ponto pertence a reta\")","else:","\tprint(\"esse ponto nao pertence a reta\")",""],"removed":["x = float(input(\"Coordenada x: \"))","y = float(input(\"Cooddenada y: \"))","z = 2*x + y -3","if(z==0):","\tprint(\"ponto pertence a reta\")","else:","\tprint(\"ponto nao pertence a reta\")"],"origin":"undo"}
2019-4-13 13:19:11.991#keyHandled#"Ctrl-Z"
2019-4-13 13:19:12.013#viewportChange#0
2019-4-13 13:19:12.682#mousedown#{"isTrusted":true}
2019-4-13 13:19:13.105#mousedown#{"isTrusted":true}
2019-4-13 13:19:16.927#blur#
2019-4-13 13:19:19.005#focus#
2019-4-13 13:19:19.933#blur#
2019-4-13 13:20:04.975#focus#
2019-4-13 13:20:12.837#blur#
2019-4-13 13:20:14.166#focus#
2019-4-13 13:20:14.937#blur#
2019-4-13 13:20:15.870#focus#
2019-4-13 13:20:17.922#mousedown#{"isTrusted":true}
2019-4-13 13:20:18.782#change#{"from":{"line":3,"ch":20,"sticky":"after"},"to":{"line":3,"ch":21,"sticky":"before","xRel":2.5333251953125},"text":[""],"removed":[")"],"origin":"+delete"}
2019-4-13 13:20:18.782#keyHandled#"Backspace"
2019-4-13 13:20:19.568#keyHandled#"Left"
2019-4-13 13:20:19.744#keyHandled#"Left"
2019-4-13 13:20:19.967#keyHandled#"Left"
2019-4-13 13:20:20.452#keyHandled#"Right"
2019-4-13 13:20:21.186#change#{"from":{"line":3,"ch":17,"sticky":"after"},"to":{"line":3,"ch":18,"sticky":"before"},"text":[""],"removed":[")"],"origin":"+delete"}
2019-4-13 13:20:21.186#keyHandled#"Backspace"
2019-4-13 13:20:21.282#keyHandled#"Left"
2019-4-13 13:20:21.509#keyHandled#"Left"
2019-4-13 13:20:21.883#change#{"from":{"line":3,"ch":14,"sticky":"after"},"to":{"line":3,"ch":15,"sticky":"after"},"text":[""],"removed":["("],"origin":"+delete"}
2019-4-13 13:20:21.883#keyHandled#"Backspace"
2019-4-13 13:20:22.420#keyHandled#"Left"
2019-4-13 13:20:22.635#keyHandled#"Left"
2019-4-13 13:20:22.795#keyHandled#"Left"
2019-4-13 13:20:22.925#keyHandled#"Left"
2019-4-13 13:20:23.107#change#{"from":{"line":3,"ch":9,"sticky":"after"},"to":{"line":3,"ch":10,"sticky":"after"},"text":[""],"removed":["2"],"origin":"+delete"}
2019-4-13 13:20:23.107#keyHandled#"Backspace"
2019-4-13 13:20:24.591#change#{"from":{"line":3,"ch":9,"sticky":null},"to":{"line":3,"ch":9,"sticky":null},"text":["2"],"removed":[""],"origin":"+input"}
2019-4-13 13:20:25.214#keyHandled#"Right"
2019-4-13 13:20:25.468#change#{"from":{"line":3,"ch":10,"sticky":"after"},"to":{"line":3,"ch":11,"sticky":"before"},"text":[""],"removed":[")"],"origin":"+delete"}
2019-4-13 13:20:25.468#keyHandled#"Backspace"
2019-4-13 13:20:25.913#keyHandled#"Left"
2019-4-13 13:20:26.164#keyHandled#"Left"
2019-4-13 13:20:26.394#keyHandled#"Left"
2019-4-13 13:20:26.739#keyHandled#"Left"
2019-4-13 13:20:27.156#change#{"from":{"line":3,"ch":5,"sticky":"after"},"to":{"line":3,"ch":6,"sticky":"after"},"text":[""],"removed":["("],"origin":"+delete"}
2019-4-13 13:20:27.156#keyHandled#"Backspace"
2019-4-13 13:20:32.024#blur#
2019-4-13 13:20:33.284#focus#
2019-4-13 13:20:33.284#focus#
2019-4-13 13:20:36.552#saida_testar#$ python3 main.py
2019-4-13 13:20:36.552#saida_testar#$ python3 main.py
2019-4-13 13:20:37.529#submit#Your code did not produce the correct output. Please, correct your code and try again.
2019-4-13 13:20:37.529#submit#Your code did not produce the correct output. Please, correct your code and try again.
2019-4-13 13:20:39.344#submit#Your code did not produce the correct output. Please, correct your code and try again.
2019-4-13 13:20:40.112#keyHandled#"Right"
2019-4-13 13:20:40.314#keyHandled#"Right"
2019-4-13 13:20:40.557#keyHandled#"Right"
2019-4-13 13:20:42.694#change#{"from":{"line":3,"ch":5,"sticky":null},"to":{"line":3,"ch":8,"sticky":"before"},"text":[""],"removed":["px*"],"origin":"+delete"}
2019-4-13 13:20:42.694#keyHandled#"Backspace"
2019-4-13 13:20:43.226#keyHandled#"Right"
2019-4-13 13:20:46.483#change#{"from":{"line":3,"ch":6,"sticky":"before"},"to":{"line":3,"ch":6,"sticky":"before"},"text":["*"],"removed":[""],"origin":"+input"}
2019-4-13 13:20:47.934#change#{"from":{"line":3,"ch":7,"sticky":null},"to":{"line":3,"ch":7,"sticky":null},"text":["p"],"removed":[""],"origin":"+input"}
2019-4-13 13:20:48.058#change#{"from":{"line":3,"ch":8,"sticky":null},"to":{"line":3,"ch":8,"sticky":null},"text":["x"],"removed":[""],"origin":"+input"}
2019-4-13 13:20:50.917#blur#
2019-4-13 13:20:51.933#focus#
2019-4-13 13:20:52.692#blur#
2019-4-13 13:20:53.937#focus#
2019-4-13 13:20:54.365#blur#
2019-4-13 13:20:56.194#focus#
2019-4-13 13:21:00.624#blur#
2019-4-13 13:21:02.183#focus#
2019-4-13 13:21:03.113#blur#
2019-4-13 13:21:04.561#focus#
2019-4-13 13:21:05.866#mousedown#{"isTrusted":true}
2019-4-13 13:21:06.914#mousedown#{"isTrusted":true}
2019-4-13 13:21:06.914#mousedown#{"isTrusted":true}
2019-4-13 13:21:10.942#submit#Your code did not produce the correct output. Please, correct your code and try again.
2019-4-13 13:21:11.334#saida_testar#$ python3 main.py
2019-4-13 13:21:12.682#mousedown#{"isTrusted":true}
2019-4-13 13:21:13.414#change#{"from":{"line":3,"ch":7,"sticky":"after"},"to":{"line":3,"ch":8,"sticky":"before","xRel":-1.4666748046875},"text":[""],"removed":["p"],"origin":"+delete"}
2019-4-13 13:21:13.414#keyHandled#"Backspace"
2019-4-13 13:21:14.354#mousedown#{"isTrusted":true}
2019-4-13 13:21:14.850#mousedown#{"isTrusted":true}
2019-4-13 13:21:15.347#change#{"from":{"line":3,"ch":11,"sticky":"after"},"to":{"line":3,"ch":12,"sticky":"after","xRel":1.5333251953125},"text":[""],"removed":["p"],"origin":"+delete"}
2019-4-13 13:21:15.347#keyHandled#"Backspace"
2019-4-13 13:21:16.708#blur#
2019-4-13 13:21:18.035#focus#
2019-4-13 13:21:18.882#mousedown#{"isTrusted":true}
2019-4-13 13:21:19.263#change#{"from":{"line":3,"ch":12,"sticky":"after","xRel":0.5333251953125},"to":{"line":3,"ch":12,"sticky":"after","xRel":0.5333251953125},"text":[" "],"removed":[""],"origin":"+input"}
2019-4-13 13:21:20.538#mousedown#{"isTrusted":true}
2019-4-13 13:21:21.221#change#{"from":{"line":0,"ch":0,"sticky":"after"},"to":{"line":0,"ch":1,"sticky":"before","xRel":-3.4666748046875},"text":[""],"removed":["p"],"origin":"+delete"}
2019-4-13 13:21:21.221#keyHandled#"Backspace"
2019-4-13 13:21:21.883#mousedown#{"isTrusted":true}
2019-4-13 13:21:22.370#mousedown#{"isTrusted":true}
2019-4-13 13:21:22.494#dblclick#{"isTrusted":true}
2019-4-13 13:21:22.834#mousedown#{"isTrusted":true}
2019-4-13 13:21:23.022#change#{"from":{"line":1,"ch":0,"sticky":"after"},"to":{"line":1,"ch":1,"sticky":"before","xRel":-2.4666748046875},"text":[""],"removed":["p"],"origin":"+delete"}
2019-4-13 13:21:23.022#keyHandled#"Backspace"
2019-4-13 13:21:23.022#change#{"from":{"line":1,"ch":0,"sticky":"after"},"to":{"line":1,"ch":1,"sticky":"before","xRel":-2.4666748046875},"text":[""],"removed":["p"],"origin":"+delete"}
2019-4-13 13:21:23.022#keyHandled#"Backspace"
2019-4-13 13:21:25.339#submit#Your code did not produce the correct output. Please, correct your code and try again.
2019-4-13 13:21:38.205#blur#
2019-4-13 13:21:39.544#focus#
2019-4-13 13:21:40.258#mousedown#{"isTrusted":true}
2019-4-13 13:21:41.056#change#{"from":{"line":5,"ch":2,"sticky":"after"},"to":{"line":5,"ch":3,"sticky":"after","xRel":0.5333251953125},"text":[""],"removed":[" "],"origin":"+delete"}
2019-4-13 13:21:41.056#keyHandled#"Backspace"
2019-4-13 13:21:41.056#change#{"from":{"line":5,"ch":2,"sticky":"after"},"to":{"line":5,"ch":3,"sticky":"after","xRel":0.5333251953125},"text":[""],"removed":[" "],"origin":"+delete"}
2019-4-13 13:21:41.056#keyHandled#"Backspace"
2019-4-13 13:21:43.118#saida_testar#$ python3 main.py
2019-4-13 13:21:43.118#saida_testar#$ python3 main.py
2019-4-13 13:21:43.722#submit#Your code did not produce the correct output. Please, correct your code and try again.
2019-4-13 13:21:43.118#saida_testar#$ python3 main.py
2019-4-13 13:21:43.722#submit#Your code did not produce the correct output. Please, correct your code and try again.
2019-4-13 13:21:45.416#submit#Your code did not produce the correct output. Please, correct your code and try again.
2019-4-13 13:21:45.774#saida_testar#$ python3 main.py
2019-4-13 13:21:47.898#mousedown#{"isTrusted":true}
2019-4-13 13:21:48.833#change#{"from":{"line":3,"ch":2,"sticky":"after"},"to":{"line":3,"ch":3,"sticky":"before","xRel":-0.4666748046875},"text":[""],"removed":[" "],"origin":"+delete"}
2019-4-13 13:21:48.833#keyHandled#"Backspace"
2019-4-13 13:21:49.127#blur#
2019-4-13 13:21:50.116#focus#
2019-4-13 13:21:51.067#blur#
2019-4-13 13:21:51.726#focus#
2019-4-13 13:21:52.466#mousedown#{"isTrusted":true}
2019-4-13 13:21:53.147#change#{"from":{"line":5,"ch":4,"sticky":"after"},"to":{"line":5,"ch":5,"sticky":"before","xRel":-0.4666748046875},"text":[""],"removed":[" "],"origin":"+delete"}
2019-4-13 13:21:53.147#keyHandled#"Backspace"
2019-4-13 13:21:54.017#keyHandled#"Right"
2019-4-13 13:21:54.201#keyHandled#"Right"
2019-4-13 13:21:55.137#keyHandled#"Right"
2019-4-13 13:21:55.471#change#{"from":{"line":5,"ch":6,"sticky":"after"},"to":{"line":5,"ch":7,"sticky":"before"},"text":[""],"removed":[" "],"origin":"+delete"}
2019-4-13 13:21:55.471#keyHandled#"Backspace"
2019-4-13 13:21:55.137#keyHandled#"Right"
2019-4-13 13:21:55.471#change#{"from":{"line":5,"ch":6,"sticky":"after"},"to":{"line":5,"ch":7,"sticky":"before"},"text":[""],"removed":[" "],"origin":"+delete"}
2019-4-13 13:21:55.471#keyHandled#"Backspace"
2019-4-13 13:21:57.901#submit#Your code did not produce the correct output. Please, correct your code and try again.
2019-4-13 13:21:58.252#saida_testar#$ python3 main.py
2019-4-13 13:22:06.495#blur#
2019-4-13 13:22:07.517#focus#
2019-4-13 13:22:09.074#blur#
2019-4-13 13:22:12.576#focus#
2019-4-13 13:22:13.859#blur#
2019-4-13 13:22:22.813#blur#
2019-4-13 13:22:24.778#focus#
2019-4-13 13:22:26.184#blur#
2019-4-13 13:22:27.394#focus#
2019-4-13 13:22:28.372#blur#
2019-4-13 13:22:29.387#focus#
2019-4-13 13:22:30.229#blur#
2019-4-13 13:22:31.472#focus#
2019-4-13 13:22:35.909#blur#
2019-4-13 13:22:38.349#focus#
2019-4-13 13:22:39.090#mousedown#{"isTrusted":true}
2019-4-13 13:22:40.223#blur#
2019-4-13 13:22:41.153#focus#
2019-4-13 13:22:44.878#blur#
2019-4-13 13:22:46.409#focus#
2019-4-13 13:22:47.242#mousedown#{"isTrusted":true}
2019-4-13 13:22:48.369#blur#
2019-4-13 13:22:50.548#focus#
2019-4-13 13:22:51.282#mousedown#{"isTrusted":true}
2019-4-13 13:22:51.843#mousedown#{"isTrusted":true}
2019-4-13 13:22:53.361#change#{"from":{"line":0,"ch":0,"sticky":null,"xRel":-1,"outside":true},"to":{"line":9,"ch":0,"sticky":"after","xRel":378.5333251953125},"text":["x = float(input(\"Coordenada x: \"))","y = float(input(\"Cooddenada y: \"))","z = 2*x + y -3","if(z==0):","\tprint(\"ponto pertence a reta\")","else:","\tprint(\"ponto nao pertence a reta\")"],"removed":["x = float(input(\"Insira um ponto X: \"))","y = float(input(\"Insira um ponto Y: \"))","","e = 2*x + y -3","","if(e==0):","\tprint(\"esse ponto pertence a reta\")","else:","\tprint(\"esse ponto nao pertence a reta\")",""],"origin":"paste"}
2019-4-13 13:22:53.376#viewportChange#0
2019-4-13 13:22:53.361#change#{"from":{"line":0,"ch":0,"sticky":null,"xRel":-1,"outside":true},"to":{"line":9,"ch":0,"sticky":"after","xRel":378.5333251953125},"text":["x = float(input(\"Coordenada x: \"))","y = float(input(\"Cooddenada y: \"))","z = 2*x + y -3","if(z==0):","\tprint(\"ponto pertence a reta\")","else:","\tprint(\"ponto nao pertence a reta\")"],"removed":["x = float(input(\"Insira um ponto X: \"))","y = float(input(\"Insira um ponto Y: \"))","","e = 2*x + y -3","","if(e==0):","\tprint(\"esse ponto pertence a reta\")","else:","\tprint(\"esse ponto nao pertence a reta\")",""],"origin":"paste"}
2019-4-13 13:22:53.376#viewportChange#0
2019-4-13 13:22:57.132#submit#Congratulations, your code is correct!
2019-4-13 13:22:57.428#saida_testar#$ python3 main.py
2019-4-13 13:22:59.419#change#{"from":{"line":0,"ch":0,"sticky":null},"to":{"line":6,"ch":35,"sticky":null},"text":["x = float(input(\"Insira um ponto X: \"))","y = float(input(\"Insira um ponto Y: \"))","","e = 2*x + y -3","","if(e==0):","\tprint(\"esse ponto pertence a reta\")","else:","\tprint(\"esse ponto nao pertence a reta\")",""],"removed":["x = float(input(\"Coordenada x: \"))","y = float(input(\"Cooddenada y: \"))","z = 2*x + y -3","if(z==0):","\tprint(\"ponto pertence a reta\")","else:","\tprint(\"ponto nao pertence a reta\")"],"origin":"undo"}
2019-4-13 13:22:59.419#keyHandled#"Ctrl-Z"
2019-4-13 13:22:59.434#viewportChange#0
2019-4-13 13:23:00.148#mousedown#{"isTrusted":true}
2019-4-13 13:23:01.392#change#{"from":{"line":3,"ch":14,"sticky":"before"},"to":{"line":4,"ch":0,"sticky":"after","xRel":60.5333251953125},"text":[""],"removed":["",""],"origin":"+delete"}
2019-4-13 13:23:01.392#keyHandled#"Backspace"
2019-4-13 13:23:01.405#viewportChange#0
2019-4-13 13:23:02.199#mousedown#{"isTrusted":true}
2019-4-13 13:23:03.064#change#{"from":{"line":2,"ch":0,"sticky":"before"},"to":{"line":3,"ch":0,"sticky":"after","xRel":1.5333251953125},"text":[""],"removed":["",""],"origin":"+delete"}
2019-4-13 13:23:03.064#keyHandled#"Backspace"
2019-4-13 13:23:03.072#viewportChange#0
2019-4-13 13:23:03.064#change#{"from":{"line":2,"ch":0,"sticky":"before"},"to":{"line":3,"ch":0,"sticky":"after","xRel":1.5333251953125},"text":[""],"removed":["",""],"origin":"+delete"}
2019-4-13 13:23:03.064#keyHandled#"Backspace"
2019-4-13 13:23:03.072#viewportChange#0
2019-4-13 13:23:04.968#saida_testar#$ python3 main.py
2019-4-13 13:23:04.968#saida_testar#$ python3 main.py
2019-4-13 13:23:05.228#blur#
2019-4-13 13:23:05.631#submit#Your code did not produce the correct output. Please, correct your code and try again.
2019-4-13 13:23:05.228#blur#
2019-4-13 13:23:05.631#submit#Your code did not produce the correct output. Please, correct your code and try again.
2019-4-13 13:23:11.028#saida_testar#$ python3 main.py
2019-4-13 13:23:11.235#submit#Your code did not produce the correct output. Please, correct your code and try again.
2019-4-13 13:23:11.028#saida_testar#$ python3 main.py
2019-4-13 13:23:11.235#submit#Your code did not produce the correct output. Please, correct your code and try again.
2019-4-13 13:23:12.417#submit#Your code did not produce the correct output. Please, correct your code and try again.
2019-4-13 13:23:12.417#submit#Your code did not produce the correct output. Please, correct your code and try again.
2019-4-13 13:23:12.417#submit#Your code did not produce the correct output. Please, correct your code and try again.
2019-4-13 13:23:12.948#submit#Your code did not produce the correct output. Please, correct your code and try again.
2019-4-13 13:23:12.417#submit#Your code did not produce the correct output. Please, correct your code and try again.
2019-4-13 13:23:12.948#submit#Your code did not produce the correct output. Please, correct your code and try again.
2019-4-13 13:23:13.157#submit#Your code did not produce the correct output. Please, correct your code and try again.
2019-4-13 13:23:13.157#submit#Your code did not produce the correct output. Please, correct your code and try again.
2019-4-13 13:23:13.414#submit#Your code did not produce the correct output. Please, correct your code and try again.
2019-4-13 13:23:13.157#submit#Your code did not produce the correct output. Please, correct your code and try again.
2019-4-13 13:23:13.414#submit#Your code did not produce the correct output. Please, correct your code and try again.
2019-4-13 13:23:13.563#submit#Your code did not produce the correct output. Please, correct your code and try again.
2019-4-13 13:23:13.157#submit#Your code did not produce the correct output. Please, correct your code and try again.
2019-4-13 13:23:13.414#submit#Your code did not produce the correct output. Please, correct your code and try again.
2019-4-13 13:23:13.563#submit#Your code did not produce the correct output. Please, correct your code and try again.
2019-4-13 13:23:13.157#submit#Your code did not produce the correct output. Please, correct your code and try again.
2019-4-13 13:23:13.414#submit#Your code did not produce the correct output. Please, correct your code and try again.
2019-4-13 13:23:13.563#submit#Your code did not produce the correct output. Please, correct your code and try again.
2019-4-13 13:23:13.809#submit#Your code did not produce the correct output. Please, correct your code and try again.
2019-4-13 13:23:13.157#submit#Your code did not produce the correct output. Please, correct your code and try again.
2019-4-13 13:23:13.414#submit#Your code did not produce the correct output. Please, correct your code and try again.
2019-4-13 13:23:13.563#submit#Your code did not produce the correct output. Please, correct your code and try again.
2019-4-13 13:23:13.809#submit#Your code did not produce the correct output. Please, correct your code and try again.
2019-4-13 13:23:13.989#submit#Your code did not produce the correct output. Please, correct your code and try again.
2019-4-13 13:23:14.194#submit#Your code did not produce the correct output. Please, correct your code and try again.
2019-4-13 13:23:14.271#submit#Your code did not produce the correct output. Please, correct your code and try again.
2019-4-13 13:23:15.611#mousedown#{"isTrusted":true}
2019-4-13 13:23:15.619#focus#
2019-4-13 13:23:17.445#change#{"from":{"line":0,"ch":0,"sticky":"after","xRel":-4},"to":{"line":6,"ch":40,"sticky":"before","xRel":25.5333251953125},"text":["x = float(input(\"Coordenada x: \"))","y = float(input(\"Cooddenada y: \"))","z = 2*x + y -3","if(z==0):","\tprint(\"ponto pertence a reta\")","else:","\tprint(\"ponto nao pertence a reta\")"],"removed":["x = float(input(\"Insira um ponto X: \"))","y = float(input(\"Insira um ponto Y: \"))","e = 2*x + y -3","if(e==0):","\tprint(\"esse ponto pertence a reta\")","else:","\tprint(\"esse ponto nao pertence a reta\")"],"origin":"paste"}
2019-4-13 13:23:18.756#change#{"from":{"line":0,"ch":0,"sticky":null},"to":{"line":6,"ch":35,"sticky":null},"text":["x = float(input(\"Insira um ponto X: \"))","y = float(input(\"Insira um ponto Y: \"))","e = 2*x + y -3","if(e==0):","\tprint(\"esse ponto pertence a reta\")","else:","\tprint(\"esse ponto nao pertence a reta\")"],"removed":["x = float(input(\"Coordenada x: \"))","y = float(input(\"Cooddenada y: \"))","z = 2*x + y -3","if(z==0):","\tprint(\"ponto pertence a reta\")","else:","\tprint(\"ponto nao pertence a reta\")"],"origin":"undo"}
2019-4-13 13:23:18.756#keyHandled#"Ctrl-Z"
2019-4-13 13:23:22.383#change#{"from":{"line":0,"ch":0,"sticky":"after","xRel":-4},"to":{"line":6,"ch":40,"sticky":"before","xRel":25.5333251953125},"text":["x = float(input(\"Coordenada x: \"))","y = float(input(\"Cooddenada y: \"))","z = 2*x + y -3","if(z==0):","\tprint(\"ponto pertence a reta\")","else:","\tprint(\"ponto nao pertence a reta\")"],"removed":["x = float(input(\"Insira um ponto X: \"))","y = float(input(\"Insira um ponto Y: \"))","e = 2*x + y -3","if(e==0):","\tprint(\"esse ponto pertence a reta\")","else:","\tprint(\"esse ponto nao pertence a reta\")"],"origin":"paste"}
2019-4-13 13:23:23.837#change#{"from":{"line":0,"ch":0,"sticky":null},"to":{"line":6,"ch":35,"sticky":null},"text":["x = float(input(\"Insira um ponto X: \"))","y = float(input(\"Insira um ponto Y: \"))","e = 2*x + y -3","if(e==0):","\tprint(\"esse ponto pertence a reta\")","else:","\tprint(\"esse ponto nao pertence a reta\")"],"removed":["x = float(input(\"Coordenada x: \"))","y = float(input(\"Cooddenada y: \"))","z = 2*x + y -3","if(z==0):","\tprint(\"ponto pertence a reta\")","else:","\tprint(\"ponto nao pertence a reta\")"],"origin":"undo"}
2019-4-13 13:23:23.837#keyHandled#"Ctrl-Z"
2019-4-13 13:23:25.402#mousedown#{"isTrusted":true}
2019-4-13 13:23:26.234#mousedown#{"isTrusted":true}
2019-4-13 13:23:28.490#mousedown#{"isTrusted":true}
2019-4-13 13:23:29.554#change#{"from":{"line":2,"ch":0,"sticky":"after"},"to":{"line":2,"ch":1,"sticky":"before","xRel":-1.4666748046875},"text":[""],"removed":["e"],"origin":"+delete"}
2019-4-13 13:23:29.554#keyHandled#"Backspace"
2019-4-13 13:23:29.616#change#{"from":{"line":2,"ch":0,"sticky":null},"to":{"line":2,"ch":0,"sticky":null},"text":["z"],"removed":[""],"origin":"+input"}
2019-4-13 13:23:30.167#keyHandled#"Left"
2019-4-13 13:23:30.310#keyHandled#"Down"
2019-4-13 13:23:30.724#keyHandled#"Left"
2019-4-13 13:23:31.239#keyHandled#"Down"
2019-4-13 13:23:31.673#keyHandled#"Left"
2019-4-13 13:23:31.860#keyHandled#"Left"
2019-4-13 13:23:32.031#keyHandled#"Left"
2019-4-13 13:23:32.184#keyHandled#"Left"
2019-4-13 13:23:32.335#keyHandled#"Left"
2019-4-13 13:23:33.106#change#{"from":{"line":3,"ch":3,"sticky":"after"},"to":{"line":3,"ch":4,"sticky":"after"},"text":[""],"removed":["e"],"origin":"+delete"}
2019-4-13 13:23:33.106#keyHandled#"Backspace"
2019-4-13 13:23:33.275#change#{"from":{"line":3,"ch":3,"sticky":null},"to":{"line":3,"ch":3,"sticky":null},"text":["z"],"removed":[""],"origin":"+input"}
2019-4-13 13:23:33.106#change#{"from":{"line":3,"ch":3,"sticky":"after"},"to":{"line":3,"ch":4,"sticky":"after"},"text":[""],"removed":["e"],"origin":"+delete"}
2019-4-13 13:23:33.106#keyHandled#"Backspace"
2019-4-13 13:23:33.275#change#{"from":{"line":3,"ch":3,"sticky":null},"to":{"line":3,"ch":3,"sticky":null},"text":["z"],"removed":[""],"origin":"+input"}
2019-4-13 13:23:33.106#change#{"from":{"line":3,"ch":3,"sticky":"after"},"to":{"line":3,"ch":4,"sticky":"after"},"text":[""],"removed":["e"],"origin":"+delete"}
2019-4-13 13:23:33.106#keyHandled#"Backspace"
2019-4-13 13:23:33.275#change#{"from":{"line":3,"ch":3,"sticky":null},"to":{"line":3,"ch":3,"sticky":null},"text":["z"],"removed":[""],"origin":"+input"}
2019-4-13 13:23:35.151#saida_testar#$ python3 main.py
2019-4-13 13:23:35.454#submit#Your code did not produce the correct output. Please, correct your code and try again.
2019-4-13 13:23:35.151#saida_testar#$ python3 main.py
2019-4-13 13:23:35.454#submit#Your code did not produce the correct output. Please, correct your code and try again.
2019-4-13 13:23:35.151#saida_testar#$ python3 main.py
2019-4-13 13:23:35.454#submit#Your code did not produce the correct output. Please, correct your code and try again.
2019-4-13 13:23:36.618#mousedown#{"isTrusted":true}
2019-4-13 13:23:36.700#submit#Your code did not produce the correct output. Please, correct your code and try again.
2019-4-13 13:23:36.941#saida_testar#$ python3 main.py
2019-4-13 13:23:38.386#change#{"from":{"line":0,"ch":0,"sticky":null,"xRel":-1,"outside":true},"to":{"line":7,"ch":0,"sticky":"after","xRel":354.5333251953125},"text":["x = float(input(\"Coordenada x: \"))","y = float(input(\"Cooddenada y: \"))","z = 2*x + y -3","if(z==0):","\tprint(\"ponto pertence a reta\")","else:","\tprint(\"ponto nao pertence a reta\")"],"removed":["x = float(input(\"Insira um ponto X: \"))","y = float(input(\"Insira um ponto Y: \"))","z = 2*x + y -3","if(z==0):","\tprint(\"esse ponto pertence a reta\")","else:","\tprint(\"esse ponto nao pertence a reta\")",""],"origin":"paste"}
2019-4-13 13:23:38.398#viewportChange#0
2019-4-13 13:23:39.603#change#{"from":{"line":0,"ch":0,"sticky":null},"to":{"line":6,"ch":35,"sticky":null},"text":["x = float(input(\"Insira um ponto X: \"))","y = float(input(\"Insira um ponto Y: \"))","z = 2*x + y -3","if(z==0):","\tprint(\"esse ponto pertence a reta\")","else:","\tprint(\"esse ponto nao pertence a reta\")",""],"removed":["x = float(input(\"Coordenada x: \"))","y = float(input(\"Cooddenada y: \"))","z = 2*x + y -3","if(z==0):","\tprint(\"ponto pertence a reta\")","else:","\tprint(\"ponto nao pertence a reta\")"],"origin":"undo"}
2019-4-13 13:23:39.603#keyHandled#"Ctrl-Z"
2019-4-13 13:23:39.617#viewportChange#0
2019-4-13 13:23:41.141#change#{"from":{"line":0,"ch":0,"sticky":null,"xRel":-1,"outside":true},"to":{"line":7,"ch":0,"sticky":"after","xRel":354.5333251953125},"text":["x = float(input(\"Coordenada x: \"))","y = float(input(\"Cooddenada y: \"))","z = 2*x + y -3","if(z==0):","\tprint(\"ponto pertence a reta\")","else:","\tprint(\"ponto nao pertence a reta\")"],"removed":["x = float(input(\"Insira um ponto X: \"))","y = float(input(\"Insira um ponto Y: \"))","z = 2*x + y -3","if(z==0):","\tprint(\"esse ponto pertence a reta\")","else:","\tprint(\"esse ponto nao pertence a reta\")",""],"origin":"paste"}
2019-4-13 13:23:41.153#viewportChange#0
2019-4-13 13:23:41.141#change#{"from":{"line":0,"ch":0,"sticky":null,"xRel":-1,"outside":true},"to":{"line":7,"ch":0,"sticky":"after","xRel":354.5333251953125},"text":["x = float(input(\"Coordenada x: \"))","y = float(input(\"Cooddenada y: \"))","z = 2*x + y -3","if(z==0):","\tprint(\"ponto pertence a reta\")","else:","\tprint(\"ponto nao pertence a reta\")"],"removed":["x = float(input(\"Insira um ponto X: \"))","y = float(input(\"Insira um ponto Y: \"))","z = 2*x + y -3","if(z==0):","\tprint(\"esse ponto pertence a reta\")","else:","\tprint(\"esse ponto nao pertence a reta\")",""],"origin":"paste"}
2019-4-13 13:23:41.153#viewportChange#0
