2019-5-29 15:44:28.266#viewportChange#0
2019-5-29 15:44:30.556#mousedown#{"isTrusted":true}
2019-5-29 15:44:30.562#focus#
2019-5-29 15:44:33.939#change#{"from":{"line":0,"ch":0,"sticky":"after","xRel":45.84661865234375},"to":{"line":0,"ch":0,"sticky":"after","xRel":45.84661865234375},"text":["f"],"removed":[""],"origin":"+input"}
2019-5-29 15:44:34.057#change#{"from":{"line":0,"ch":1,"sticky":null},"to":{"line":0,"ch":1,"sticky":null},"text":["r"],"removed":[""],"origin":"+input"}
2019-5-29 15:44:34.216#change#{"from":{"line":0,"ch":2,"sticky":null},"to":{"line":0,"ch":2,"sticky":null},"text":["o"],"removed":[""],"origin":"+input"}
2019-5-29 15:44:34.274#change#{"from":{"line":0,"ch":3,"sticky":null},"to":{"line":0,"ch":3,"sticky":null},"text":["m"],"removed":[""],"origin":"+input"}
2019-5-29 15:44:34.803#change#{"from":{"line":0,"ch":4,"sticky":null},"to":{"line":0,"ch":4,"sticky":null},"text":[" "],"removed":[""],"origin":"+input"}
2019-5-29 15:44:36.430#change#{"from":{"line":0,"ch":5,"sticky":null},"to":{"line":0,"ch":5,"sticky":null},"text":["n"],"removed":[""],"origin":"+input"}
2019-5-29 15:44:36.705#change#{"from":{"line":0,"ch":6,"sticky":null},"to":{"line":0,"ch":6,"sticky":null},"text":["u"],"removed":[""],"origin":"+input"}
2019-5-29 15:44:36.941#change#{"from":{"line":0,"ch":7,"sticky":null},"to":{"line":0,"ch":7,"sticky":null},"text":["m"],"removed":[""],"origin":"+input"}
2019-5-29 15:44:37.113#change#{"from":{"line":0,"ch":8,"sticky":null},"to":{"line":0,"ch":8,"sticky":null},"text":["p"],"removed":[""],"origin":"+input"}
2019-5-29 15:44:37.278#change#{"from":{"line":0,"ch":9,"sticky":null},"to":{"line":0,"ch":9,"sticky":null},"text":["y"],"removed":[""],"origin":"+input"}
2019-5-29 15:44:38.062#change#{"from":{"line":0,"ch":10,"sticky":null},"to":{"line":0,"ch":10,"sticky":null},"text":[" "],"removed":[""],"origin":"+input"}
2019-5-29 15:44:38.411#change#{"from":{"line":0,"ch":11,"sticky":null},"to":{"line":0,"ch":11,"sticky":null},"text":["i"],"removed":[""],"origin":"+input"}
2019-5-29 15:44:38.561#change#{"from":{"line":0,"ch":12,"sticky":null},"to":{"line":0,"ch":12,"sticky":null},"text":["m"],"removed":[""],"origin":"+input"}
2019-5-29 15:44:38.732#change#{"from":{"line":0,"ch":13,"sticky":null},"to":{"line":0,"ch":13,"sticky":null},"text":["p"],"removed":[""],"origin":"+input"}
2019-5-29 15:44:38.754#change#{"from":{"line":0,"ch":14,"sticky":null},"to":{"line":0,"ch":14,"sticky":null},"text":["o"],"removed":[""],"origin":"+input"}
2019-5-29 15:44:39.002#change#{"from":{"line":0,"ch":15,"sticky":null},"to":{"line":0,"ch":15,"sticky":null},"text":["i"],"removed":[""],"origin":"+input"}
2019-5-29 15:44:39.687#change#{"from":{"line":0,"ch":15,"sticky":"after"},"to":{"line":0,"ch":16,"sticky":null},"text":[""],"removed":["i"],"origin":"+delete"}
2019-5-29 15:44:39.687#keyHandled#"Backspace"
2019-5-29 15:44:39.846#change#{"from":{"line":0,"ch":14,"sticky":"after"},"to":{"line":0,"ch":15,"sticky":null},"text":[""],"removed":["o"],"origin":"+delete"}
2019-5-29 15:44:39.847#keyHandled#"Backspace"
2019-5-29 15:44:40.666#change#{"from":{"line":0,"ch":14,"sticky":null},"to":{"line":0,"ch":14,"sticky":null},"text":["o"],"removed":[""],"origin":"+input"}
2019-5-29 15:44:40.801#change#{"from":{"line":0,"ch":15,"sticky":null},"to":{"line":0,"ch":15,"sticky":null},"text":["r"],"removed":[""],"origin":"+input"}
2019-5-29 15:44:41.025#change#{"from":{"line":0,"ch":16,"sticky":null},"to":{"line":0,"ch":16,"sticky":null},"text":["t"],"removed":[""],"origin":"+input"}
2019-5-29 15:44:42.246#change#{"from":{"line":0,"ch":17,"sticky":null},"to":{"line":0,"ch":17,"sticky":null},"text":["8"],"removed":[""],"origin":"+input"}
2019-5-29 15:44:43.234#change#{"from":{"line":0,"ch":17,"sticky":"after"},"to":{"line":0,"ch":18,"sticky":null},"text":[""],"removed":["8"],"origin":"+delete"}
2019-5-29 15:44:43.234#keyHandled#"Backspace"
2019-5-29 15:44:43.746#change#{"from":{"line":0,"ch":17,"sticky":null},"to":{"line":0,"ch":17,"sticky":null},"text":["*"],"removed":[""],"origin":"+input"}
2019-5-29 15:44:45.285#change#{"from":{"line":0,"ch":18,"sticky":null},"to":{"line":0,"ch":18,"sticky":null},"text":["",""],"removed":[""],"origin":"+input"}
2019-5-29 15:44:45.286#keyHandled#"Enter"
2019-5-29 15:44:45.297#viewportChange#0
2019-5-29 15:44:45.849#change#{"from":{"line":1,"ch":0,"sticky":null},"to":{"line":1,"ch":0,"sticky":null},"text":["v"],"removed":[""],"origin":"+input"}
2019-5-29 15:44:45.981#change#{"from":{"line":1,"ch":1,"sticky":null},"to":{"line":1,"ch":1,"sticky":null},"text":["e"],"removed":[""],"origin":"+input"}
2019-5-29 15:44:47.794#change#{"from":{"line":1,"ch":3,"sticky":null},"to":{"line":1,"ch":3,"sticky":null},"text":["_"],"removed":[""],"origin":"+input"}
2019-5-29 15:44:48.797#change#{"from":{"line":1,"ch":4,"sticky":null},"to":{"line":1,"ch":4,"sticky":null},"text":["p"],"removed":[""],"origin":"+input"}
2019-5-29 15:44:48.928#change#{"from":{"line":1,"ch":5,"sticky":null},"to":{"line":1,"ch":5,"sticky":null},"text":["r"],"removed":[""],"origin":"+input"}
2019-5-29 15:44:49.961#change#{"from":{"line":1,"ch":6,"sticky":null},"to":{"line":1,"ch":6,"sticky":null},"text":["="],"removed":[""],"origin":"+input"}
2019-5-29 15:44:50.668#change#{"from":{"line":1,"ch":7,"sticky":null},"to":{"line":1,"ch":7,"sticky":null},"text":["a"],"removed":[""],"origin":"+input"}
2019-5-29 15:44:50.975#change#{"from":{"line":1,"ch":8,"sticky":null},"to":{"line":1,"ch":8,"sticky":null},"text":["r"],"removed":[""],"origin":"+input"}
2019-5-29 15:44:51.142#change#{"from":{"line":1,"ch":9,"sticky":null},"to":{"line":1,"ch":9,"sticky":null},"text":["r"],"removed":[""],"origin":"+input"}
2019-5-29 15:44:51.328#change#{"from":{"line":1,"ch":10,"sticky":null},"to":{"line":1,"ch":10,"sticky":null},"text":["a"],"removed":[""],"origin":"+input"}
2019-5-29 15:44:51.572#change#{"from":{"line":1,"ch":11,"sticky":null},"to":{"line":1,"ch":11,"sticky":null},"text":["y"],"removed":[""],"origin":"+input"}
2019-5-29 15:44:52.919#change#{"from":{"line":1,"ch":12,"sticky":null},"to":{"line":1,"ch":12,"sticky":null},"text":["()"],"removed":[""],"origin":"+input"}
2019-5-29 15:44:52.919#keyHandled#"'('"
2019-5-29 15:44:53.297#change#{"from":{"line":1,"ch":13,"sticky":"after"},"to":{"line":1,"ch":13,"sticky":"after"},"text":["e"],"removed":[""],"origin":"+input"}
2019-5-29 15:44:53.567#change#{"from":{"line":1,"ch":14,"sticky":null},"to":{"line":1,"ch":14,"sticky":null},"text":["v"],"removed":[""],"origin":"+input"}
2019-5-29 15:44:53.821#change#{"from":{"line":1,"ch":15,"sticky":null},"to":{"line":1,"ch":15,"sticky":null},"text":["a"],"removed":[""],"origin":"+input"}
2019-5-29 15:44:53.998#change#{"from":{"line":1,"ch":16,"sticky":null},"to":{"line":1,"ch":16,"sticky":null},"text":["l"],"removed":[""],"origin":"+input"}
2019-5-29 15:44:57.499#change#{"from":{"line":1,"ch":18,"sticky":"after"},"to":{"line":1,"ch":18,"sticky":"after"},"text":["i"],"removed":[""],"origin":"+input"}
2019-5-29 15:44:57.729#change#{"from":{"line":1,"ch":19,"sticky":null},"to":{"line":1,"ch":19,"sticky":null},"text":["n"],"removed":[""],"origin":"+input"}
2019-5-29 15:44:57.940#change#{"from":{"line":1,"ch":20,"sticky":null},"to":{"line":1,"ch":20,"sticky":null},"text":["p"],"removed":[""],"origin":"+input"}
2019-5-29 15:44:58.177#change#{"from":{"line":1,"ch":21,"sticky":null},"to":{"line":1,"ch":21,"sticky":null},"text":["u"],"removed":[""],"origin":"+input"}
2019-5-29 15:44:58.321#change#{"from":{"line":1,"ch":22,"sticky":null},"to":{"line":1,"ch":22,"sticky":null},"text":["t"],"removed":[""],"origin":"+input"}
2019-5-29 15:44:59.952#change#{"from":{"line":1,"ch":23,"sticky":null},"to":{"line":1,"ch":23,"sticky":null},"text":["()"],"removed":[""],"origin":"+input"}
2019-5-29 15:44:59.952#keyHandled#"'('"
2019-5-29 15:45:00.768#change#{"from":{"line":1,"ch":24,"sticky":"after"},"to":{"line":1,"ch":24,"sticky":"after"},"text":["''"],"removed":[""],"origin":"+input"}
2019-5-29 15:45:00.768#keyHandled#"'''"
2019-5-29 15:45:02.837#change#{"from":{"line":1,"ch":24,"sticky":null},"to":{"line":1,"ch":26,"sticky":null},"text":[""],"removed":["''"],"origin":"+delete"}
2019-5-29 15:45:02.837#keyHandled#"Backspace"
2019-5-29 15:45:03.110#change#{"from":{"line":1,"ch":24,"sticky":null},"to":{"line":1,"ch":24,"sticky":null},"text":["\"\""],"removed":[""],"origin":"+input"}
2019-5-29 15:45:03.110#keyHandled#"'\"'"
2019-5-29 15:45:04.806#change#{"from":{"line":1,"ch":25,"sticky":"after"},"to":{"line":1,"ch":25,"sticky":"after"},"text":["a"],"removed":[""],"origin":"+input"}
2019-5-29 15:45:04.972#change#{"from":{"line":1,"ch":26,"sticky":null},"to":{"line":1,"ch":26,"sticky":null},"text":["l"],"removed":[""],"origin":"+input"}
2019-5-29 15:45:05.209#change#{"from":{"line":1,"ch":27,"sticky":null},"to":{"line":1,"ch":27,"sticky":null},"text":["u"],"removed":[""],"origin":"+input"}
2019-5-29 15:45:05.656#change#{"from":{"line":1,"ch":28,"sticky":null},"to":{"line":1,"ch":28,"sticky":null},"text":["n"],"removed":[""],"origin":"+input"}
2019-5-29 15:45:05.820#change#{"from":{"line":1,"ch":29,"sticky":null},"to":{"line":1,"ch":29,"sticky":null},"text":["o"],"removed":[""],"origin":"+input"}
2019-5-29 15:45:06.009#change#{"from":{"line":1,"ch":30,"sticky":null},"to":{"line":1,"ch":30,"sticky":null},"text":["s"],"removed":[""],"origin":"+input"}
2019-5-29 15:45:06.264#change#{"from":{"line":1,"ch":31,"sticky":null},"to":{"line":1,"ch":31,"sticky":null},"text":[" "],"removed":[""],"origin":"+input"}
2019-5-29 15:45:06.465#change#{"from":{"line":1,"ch":32,"sticky":null},"to":{"line":1,"ch":32,"sticky":null},"text":["q"],"removed":[""],"origin":"+input"}
2019-5-29 15:45:06.915#change#{"from":{"line":1,"ch":33,"sticky":null},"to":{"line":1,"ch":33,"sticky":null},"text":["u"],"removed":[""],"origin":"+input"}
2019-5-29 15:45:07.134#change#{"from":{"line":1,"ch":34,"sticky":null},"to":{"line":1,"ch":34,"sticky":null},"text":["e"],"removed":[""],"origin":"+input"}
2019-5-29 15:45:07.329#change#{"from":{"line":1,"ch":35,"sticky":null},"to":{"line":1,"ch":35,"sticky":null},"text":[" "],"removed":[""],"origin":"+input"}
2019-5-29 15:45:07.491#change#{"from":{"line":1,"ch":36,"sticky":null},"to":{"line":1,"ch":36,"sticky":null},"text":["f"],"removed":[""],"origin":"+input"}
2019-5-29 15:45:07.681#change#{"from":{"line":1,"ch":37,"sticky":null},"to":{"line":1,"ch":37,"sticky":null},"text":["o"],"removed":[""],"origin":"+input"}
2019-5-29 15:45:07.814#change#{"from":{"line":1,"ch":38,"sticky":null},"to":{"line":1,"ch":38,"sticky":null},"text":["r"],"removed":[""],"origin":"+input"}
2019-5-29 15:45:08.144#change#{"from":{"line":1,"ch":39,"sticky":null},"to":{"line":1,"ch":39,"sticky":null},"text":["a"],"removed":[""],"origin":"+input"}
2019-5-29 15:45:08.311#change#{"from":{"line":1,"ch":40,"sticky":null},"to":{"line":1,"ch":40,"sticky":null},"text":["m"],"removed":[""],"origin":"+input"}
2019-5-29 15:45:08.510#change#{"from":{"line":1,"ch":41,"sticky":null},"to":{"line":1,"ch":41,"sticky":null},"text":[" "],"removed":[""],"origin":"+input"}
2019-5-29 15:45:08.712#change#{"from":{"line":1,"ch":42,"sticky":null},"to":{"line":1,"ch":42,"sticky":null},"text":["a"],"removed":[""],"origin":"+input"}
2019-5-29 15:45:08.886#change#{"from":{"line":1,"ch":43,"sticky":null},"to":{"line":1,"ch":43,"sticky":null},"text":["o"],"removed":[""],"origin":"+input"}
2019-5-29 15:45:08.978#change#{"from":{"line":1,"ch":44,"sticky":null},"to":{"line":1,"ch":44,"sticky":null},"text":["o"],"removed":[""],"origin":"+input"}
2019-5-29 15:45:09.155#change#{"from":{"line":1,"ch":45,"sticky":null},"to":{"line":1,"ch":45,"sticky":null},"text":[" "],"removed":[""],"origin":"+input"}
2019-5-29 15:45:09.688#change#{"from":{"line":1,"ch":45,"sticky":"after"},"to":{"line":1,"ch":46,"sticky":null},"text":[""],"removed":[" "],"origin":"+delete"}
2019-5-29 15:45:09.688#keyHandled#"Backspace"
2019-5-29 15:45:09.890#change#{"from":{"line":1,"ch":44,"sticky":"after"},"to":{"line":1,"ch":45,"sticky":null},"text":[""],"removed":["o"],"origin":"+delete"}
2019-5-29 15:45:09.890#keyHandled#"Backspace"
2019-5-29 15:45:10.361#change#{"from":{"line":1,"ch":44,"sticky":null},"to":{"line":1,"ch":44,"sticky":null},"text":[" "],"removed":[""],"origin":"+input"}
2019-5-29 15:45:10.592#change#{"from":{"line":1,"ch":45,"sticky":null},"to":{"line":1,"ch":45,"sticky":null},"text":["c"],"removed":[""],"origin":"+input"}
2019-5-29 15:45:11.062#change#{"from":{"line":1,"ch":46,"sticky":null},"to":{"line":1,"ch":46,"sticky":null},"text":["u"],"removed":[""],"origin":"+input"}
2019-5-29 15:45:11.341#change#{"from":{"line":1,"ch":47,"sticky":null},"to":{"line":1,"ch":47,"sticky":null},"text":["r"],"removed":[""],"origin":"+input"}
2019-5-29 15:45:11.624#change#{"from":{"line":1,"ch":48,"sticky":null},"to":{"line":1,"ch":48,"sticky":null},"text":["s"],"removed":[""],"origin":"+input"}
2019-5-29 15:45:11.796#change#{"from":{"line":1,"ch":49,"sticky":null},"to":{"line":1,"ch":49,"sticky":null},"text":["o"],"removed":[""],"origin":"+input"}
2019-5-29 15:45:14.159#change#{"from":{"line":1,"ch":50,"sticky":null},"to":{"line":1,"ch":50,"sticky":null},"text":[";"],"removed":[""],"origin":"+input"}
2019-5-29 15:45:14.599#change#{"from":{"line":1,"ch":51,"sticky":null},"to":{"line":1,"ch":51,"sticky":null},"text":[" "],"removed":[""],"origin":"+input"}
2019-5-29 15:45:15.317#change#{"from":{"line":1,"ch":51,"sticky":"after"},"to":{"line":1,"ch":52,"sticky":null},"text":[""],"removed":[" "],"origin":"+delete"}
2019-5-29 15:45:15.317#keyHandled#"Backspace"
2019-5-29 15:45:15.486#change#{"from":{"line":1,"ch":50,"sticky":"after"},"to":{"line":1,"ch":51,"sticky":null},"text":[""],"removed":[";"],"origin":"+delete"}
2019-5-29 15:45:15.486#keyHandled#"Backspace"
2019-5-29 15:45:16.259#change#{"from":{"line":1,"ch":50,"sticky":null},"to":{"line":1,"ch":50,"sticky":null},"text":[":"],"removed":[""],"origin":"+input"}
2019-5-29 15:45:16.726#change#{"from":{"line":1,"ch":51,"sticky":null},"to":{"line":1,"ch":51,"sticky":null},"text":[" "],"removed":[""],"origin":"+input"}
2019-5-29 15:45:17.275#keyHandled#"Right"
2019-5-29 15:45:17.447#keyHandled#"Right"
2019-5-29 15:45:17.601#keyHandled#"Right"
2019-5-29 15:45:17.756#keyHandled#"Right"
2019-5-29 15:45:19.755#change#{"from":{"line":1,"ch":56,"sticky":"before"},"to":{"line":1,"ch":56,"sticky":"before"},"text":["",""],"removed":[""],"origin":"+input"}
2019-5-29 15:45:19.755#keyHandled#"Enter"
2019-5-29 15:45:19.766#viewportChange#0
2019-5-29 15:45:20.361#change#{"from":{"line":2,"ch":0,"sticky":null},"to":{"line":2,"ch":0,"sticky":null},"text":["v"],"removed":[""],"origin":"+input"}
2019-5-29 15:45:20.469#change#{"from":{"line":2,"ch":1,"sticky":null},"to":{"line":2,"ch":1,"sticky":null},"text":["e"],"removed":[""],"origin":"+input"}
2019-5-29 15:45:20.878#change#{"from":{"line":2,"ch":2,"sticky":null},"to":{"line":2,"ch":2,"sticky":null},"text":["c"],"removed":[""],"origin":"+input"}
2019-5-29 15:45:22.326#change#{"from":{"line":2,"ch":3,"sticky":null},"to":{"line":2,"ch":3,"sticky":null},"text":["_"],"removed":[""],"origin":"+input"}
2019-5-29 15:45:30.125#blur#
2019-5-29 15:45:34.773#focus#
2019-5-29 15:45:39.423#change#{"from":{"line":2,"ch":4,"sticky":null},"to":{"line":2,"ch":4,"sticky":null},"text":["f"],"removed":[""],"origin":"+input"}
2019-5-29 15:45:39.652#change#{"from":{"line":2,"ch":5,"sticky":null},"to":{"line":2,"ch":5,"sticky":null},"text":["a"],"removed":[""],"origin":"+input"}
2019-5-29 15:45:39.861#change#{"from":{"line":2,"ch":6,"sticky":null},"to":{"line":2,"ch":6,"sticky":null},"text":["l"],"removed":[""],"origin":"+input"}
2019-5-29 15:45:40.082#change#{"from":{"line":2,"ch":7,"sticky":null},"to":{"line":2,"ch":7,"sticky":null},"text":["t"],"removed":[""],"origin":"+input"}
2019-5-29 15:45:43.368#change#{"from":{"line":2,"ch":8,"sticky":null},"to":{"line":2,"ch":8,"sticky":null},"text":["="],"removed":[""],"origin":"+input"}
2019-5-29 15:45:43.551#change#{"from":{"line":2,"ch":9,"sticky":null},"to":{"line":2,"ch":9,"sticky":null},"text":["a"],"removed":[""],"origin":"+input"}
2019-5-29 15:45:43.820#change#{"from":{"line":2,"ch":10,"sticky":null},"to":{"line":2,"ch":10,"sticky":null},"text":["r"],"removed":[""],"origin":"+input"}
2019-5-29 15:45:44.004#change#{"from":{"line":2,"ch":11,"sticky":null},"to":{"line":2,"ch":11,"sticky":null},"text":["r"],"removed":[""],"origin":"+input"}
2019-5-29 15:45:44.199#change#{"from":{"line":2,"ch":12,"sticky":null},"to":{"line":2,"ch":12,"sticky":null},"text":["a"],"removed":[""],"origin":"+input"}
2019-5-29 15:45:44.394#change#{"from":{"line":2,"ch":13,"sticky":null},"to":{"line":2,"ch":13,"sticky":null},"text":["y"],"removed":[""],"origin":"+input"}
2019-5-29 15:45:45.666#change#{"from":{"line":2,"ch":14,"sticky":null},"to":{"line":2,"ch":14,"sticky":null},"text":["()"],"removed":[""],"origin":"+input"}
2019-5-29 15:45:45.666#keyHandled#"'('"
2019-5-29 15:45:45.869#change#{"from":{"line":2,"ch":15,"sticky":"after"},"to":{"line":2,"ch":15,"sticky":"after"},"text":["e"],"removed":[""],"origin":"+input"}
2019-5-29 15:45:46.398#change#{"from":{"line":2,"ch":17,"sticky":null},"to":{"line":2,"ch":17,"sticky":null},"text":["a"],"removed":[""],"origin":"+input"}
2019-5-29 15:45:46.569#change#{"from":{"line":2,"ch":18,"sticky":null},"to":{"line":2,"ch":18,"sticky":null},"text":["l"],"removed":[""],"origin":"+input"}
2019-5-29 15:45:48.178#change#{"from":{"line":2,"ch":19,"sticky":null},"to":{"line":2,"ch":19,"sticky":null},"text":["()"],"removed":[""],"origin":"+input"}
2019-5-29 15:45:48.178#keyHandled#"'('"
2019-5-29 15:45:48.503#change#{"from":{"line":2,"ch":20,"sticky":"after"},"to":{"line":2,"ch":20,"sticky":"after"},"text":["i"],"removed":[""],"origin":"+input"}
2019-5-29 15:45:48.701#change#{"from":{"line":2,"ch":21,"sticky":null},"to":{"line":2,"ch":21,"sticky":null},"text":["n"],"removed":[""],"origin":"+input"}
2019-5-29 15:45:49.264#change#{"from":{"line":2,"ch":22,"sticky":null},"to":{"line":2,"ch":22,"sticky":null},"text":["p"],"removed":[""],"origin":"+input"}
2019-5-29 15:45:49.464#change#{"from":{"line":2,"ch":23,"sticky":null},"to":{"line":2,"ch":23,"sticky":null},"text":["u"],"removed":[""],"origin":"+input"}
2019-5-29 15:45:49.591#change#{"from":{"line":2,"ch":24,"sticky":null},"to":{"line":2,"ch":24,"sticky":null},"text":["t"],"removed":[""],"origin":"+input"}
2019-5-29 15:45:51.555#change#{"from":{"line":2,"ch":25,"sticky":null},"to":{"line":2,"ch":25,"sticky":null},"text":["()"],"removed":[""],"origin":"+input"}
2019-5-29 15:45:51.555#keyHandled#"'('"
2019-5-29 15:45:53.535#change#{"from":{"line":2,"ch":26,"sticky":"after"},"to":{"line":2,"ch":26,"sticky":"after"},"text":["\"\""],"removed":[""],"origin":"+input"}
2019-5-29 15:45:53.535#keyHandled#"'\"'"
2019-5-29 15:45:55.077#change#{"from":{"line":2,"ch":27,"sticky":"after"},"to":{"line":2,"ch":27,"sticky":"after"},"text":["a"],"removed":[""],"origin":"+input"}
2019-5-29 15:45:55.240#change#{"from":{"line":2,"ch":28,"sticky":null},"to":{"line":2,"ch":28,"sticky":null},"text":["l"],"removed":[""],"origin":"+input"}
2019-5-29 15:45:55.513#change#{"from":{"line":2,"ch":29,"sticky":null},"to":{"line":2,"ch":29,"sticky":null},"text":["u"],"removed":[""],"origin":"+input"}
2019-5-29 15:45:55.827#change#{"from":{"line":2,"ch":30,"sticky":null},"to":{"line":2,"ch":30,"sticky":null},"text":["n"],"removed":[""],"origin":"+input"}
2019-5-29 15:45:55.996#change#{"from":{"line":2,"ch":31,"sticky":null},"to":{"line":2,"ch":31,"sticky":null},"text":["o"],"removed":[""],"origin":"+input"}
2019-5-29 15:45:58.190#change#{"from":{"line":2,"ch":40,"sticky":null},"to":{"line":2,"ch":40,"sticky":null},"text":["t"],"removed":[""],"origin":"+input"}
2019-5-29 15:45:58.509#change#{"from":{"line":2,"ch":41,"sticky":null},"to":{"line":2,"ch":41,"sticky":null},"text":["a"],"removed":[""],"origin":"+input"}
2019-5-29 15:45:58.689#change#{"from":{"line":2,"ch":42,"sticky":null},"to":{"line":2,"ch":42,"sticky":null},"text":["v"],"removed":[""],"origin":"+input"}
2019-5-29 15:45:58.821#change#{"from":{"line":2,"ch":43,"sticky":null},"to":{"line":2,"ch":43,"sticky":null},"text":["a"],"removed":[""],"origin":"+input"}
2019-5-29 15:45:59.084#change#{"from":{"line":2,"ch":44,"sticky":null},"to":{"line":2,"ch":44,"sticky":null},"text":["m"],"removed":[""],"origin":"+input"}
2019-5-29 15:46:00.575#change#{"from":{"line":2,"ch":45,"sticky":null},"to":{"line":2,"ch":45,"sticky":null},"text":[" "],"removed":[""],"origin":"+input"}
2019-5-29 15:46:02.841#change#{"from":{"line":2,"ch":46,"sticky":null},"to":{"line":2,"ch":46,"sticky":null},"text":["a"],"removed":[""],"origin":"+input"}
2019-5-29 15:46:02.983#change#{"from":{"line":2,"ch":47,"sticky":null},"to":{"line":2,"ch":47,"sticky":null},"text":["o"],"removed":[""],"origin":"+input"}
2019-5-29 15:46:03.219#change#{"from":{"line":2,"ch":48,"sticky":null},"to":{"line":2,"ch":48,"sticky":null},"text":[" "],"removed":[""],"origin":"+input"}
2019-5-29 15:46:03.387#change#{"from":{"line":2,"ch":49,"sticky":null},"to":{"line":2,"ch":49,"sticky":null},"text":["c"],"removed":[""],"origin":"+input"}
2019-5-29 15:46:03.555#change#{"from":{"line":2,"ch":50,"sticky":null},"to":{"line":2,"ch":50,"sticky":null},"text":["u"],"removed":[""],"origin":"+input"}
2019-5-29 15:46:03.854#change#{"from":{"line":2,"ch":51,"sticky":null},"to":{"line":2,"ch":51,"sticky":null},"text":["r"],"removed":[""],"origin":"+input"}
2019-5-29 15:46:04.057#change#{"from":{"line":2,"ch":52,"sticky":null},"to":{"line":2,"ch":52,"sticky":null},"text":["s"],"removed":[""],"origin":"+input"}
2019-5-29 15:46:04.278#change#{"from":{"line":2,"ch":53,"sticky":null},"to":{"line":2,"ch":53,"sticky":null},"text":["o"],"removed":[""],"origin":"+input"}
2019-5-29 15:46:05.375#change#{"from":{"line":2,"ch":54,"sticky":null},"to":{"line":2,"ch":54,"sticky":null},"text":[":"],"removed":[""],"origin":"+input"}
2019-5-29 15:46:05.669#change#{"from":{"line":2,"ch":55,"sticky":null},"to":{"line":2,"ch":55,"sticky":null},"text":[" "],"removed":[""],"origin":"+input"}
2019-5-29 15:46:06.262#keyHandled#"Right"
2019-5-29 15:46:06.405#keyHandled#"Right"
2019-5-29 15:46:06.501#keyHandled#"Right"
2019-5-29 15:46:06.645#keyHandled#"Right"
2019-5-29 15:46:08.431#change#{"from":{"line":2,"ch":60,"sticky":"before"},"to":{"line":2,"ch":60,"sticky":"before"},"text":["",""],"removed":[""],"origin":"+input"}
2019-5-29 15:46:08.431#keyHandled#"Enter"
2019-5-29 15:46:08.444#viewportChange#0
2019-5-29 15:46:10.807#change#{"from":{"line":3,"ch":0,"sticky":null},"to":{"line":3,"ch":0,"sticky":null},"text":["i"],"removed":[""],"origin":"+input"}
2019-5-29 15:46:11.757#change#{"from":{"line":3,"ch":1,"sticky":null},"to":{"line":3,"ch":1,"sticky":null},"text":["="],"removed":[""],"origin":"+input"}
2019-5-29 15:46:13.162#change#{"from":{"line":3,"ch":1,"sticky":"after"},"to":{"line":3,"ch":2,"sticky":null},"text":[""],"removed":["="],"origin":"+delete"}
2019-5-29 15:46:13.162#keyHandled#"Backspace"
2019-5-29 15:46:13.734#change#{"from":{"line":3,"ch":1,"sticky":null},"to":{"line":3,"ch":1,"sticky":null},"text":[" "],"removed":[""],"origin":"+input"}
2019-5-29 15:46:13.835#change#{"from":{"line":3,"ch":2,"sticky":null},"to":{"line":3,"ch":2,"sticky":null},"text":["="],"removed":[""],"origin":"+input"}
2019-5-29 15:46:13.951#change#{"from":{"line":3,"ch":3,"sticky":null},"to":{"line":3,"ch":3,"sticky":null},"text":[" "],"removed":[""],"origin":"+input"}
2019-5-29 15:46:14.066#change#{"from":{"line":3,"ch":4,"sticky":null},"to":{"line":3,"ch":4,"sticky":null},"text":["0"],"removed":[""],"origin":"+input"}
2019-5-29 15:46:14.974#change#{"from":{"line":3,"ch":5,"sticky":null},"to":{"line":3,"ch":5,"sticky":null},"text":["",""],"removed":[""],"origin":"+input"}
2019-5-29 15:46:14.974#keyHandled#"Enter"
2019-5-29 15:46:14.986#viewportChange#0
2019-5-29 15:46:17.246#change#{"from":{"line":4,"ch":0,"sticky":null},"to":{"line":4,"ch":0,"sticky":null},"text":["w"],"removed":[""],"origin":"+input"}
2019-5-29 15:46:17.384#change#{"from":{"line":4,"ch":1,"sticky":null},"to":{"line":4,"ch":1,"sticky":null},"text":["h"],"removed":[""],"origin":"+input"}
2019-5-29 15:46:17.555#change#{"from":{"line":4,"ch":2,"sticky":null},"to":{"line":4,"ch":2,"sticky":null},"text":["i"],"removed":[""],"origin":"+input"}
2019-5-29 15:46:17.667#change#{"from":{"line":4,"ch":3,"sticky":null},"to":{"line":4,"ch":3,"sticky":null},"text":["l"],"removed":[""],"origin":"+input"}
2019-5-29 15:46:17.768#change#{"from":{"line":4,"ch":4,"sticky":null},"to":{"line":4,"ch":4,"sticky":null},"text":["e"],"removed":[""],"origin":"+input"}
2019-5-29 15:46:19.217#change#{"from":{"line":4,"ch":5,"sticky":null},"to":{"line":4,"ch":5,"sticky":null},"text":[" "],"removed":[""],"origin":"+input"}
2019-5-29 15:46:19.699#change#{"from":{"line":4,"ch":6,"sticky":null},"to":{"line":4,"ch":6,"sticky":null},"text":["()"],"removed":[""],"origin":"+input"}
2019-5-29 15:46:19.699#keyHandled#"'('"
2019-5-29 15:46:21.820#change#{"from":{"line":4,"ch":7,"sticky":"after"},"to":{"line":4,"ch":7,"sticky":"after"},"text":["1"],"removed":[""],"origin":"+input"}
2019-5-29 15:46:24.065#change#{"from":{"line":4,"ch":8,"sticky":null},"to":{"line":4,"ch":8,"sticky":null},"text":["<"],"removed":[""],"origin":"+input"}
2019-5-29 15:46:24.599#change#{"from":{"line":4,"ch":9,"sticky":null},"to":{"line":4,"ch":9,"sticky":null},"text":["="],"removed":[""],"origin":"+input"}
2019-5-29 15:46:25.812#change#{"from":{"line":4,"ch":9,"sticky":"after"},"to":{"line":4,"ch":10,"sticky":null},"text":[""],"removed":["="],"origin":"+delete"}
2019-5-29 15:46:25.812#keyHandled#"Backspace"
2019-5-29 15:46:25.973#change#{"from":{"line":4,"ch":8,"sticky":"after"},"to":{"line":4,"ch":9,"sticky":null},"text":[""],"removed":["<"],"origin":"+delete"}
2019-5-29 15:46:25.973#keyHandled#"Backspace"
2019-5-29 15:46:26.384#change#{"from":{"line":4,"ch":8,"sticky":null},"to":{"line":4,"ch":8,"sticky":null},"text":[" "],"removed":[""],"origin":"+input"}
2019-5-29 15:46:26.974#change#{"from":{"line":4,"ch":9,"sticky":null},"to":{"line":4,"ch":9,"sticky":null},"text":["<"],"removed":[""],"origin":"+input"}
2019-5-29 15:46:27.484#change#{"from":{"line":4,"ch":10,"sticky":null},"to":{"line":4,"ch":10,"sticky":null},"text":["="],"removed":[""],"origin":"+input"}
2019-5-29 15:46:28.883#change#{"from":{"line":4,"ch":11,"sticky":null},"to":{"line":4,"ch":11,"sticky":null},"text":[" "],"removed":[""],"origin":"+input"}
2019-5-29 15:46:29.109#change#{"from":{"line":4,"ch":12,"sticky":null},"to":{"line":4,"ch":12,"sticky":null},"text":["1"],"removed":[""],"origin":"+input"}
2019-5-29 15:46:29.283#change#{"from":{"line":4,"ch":13,"sticky":null},"to":{"line":4,"ch":13,"sticky":null},"text":["1"],"removed":[""],"origin":"+input"}
2019-5-29 15:46:30.573#keyHandled#"Right"
2019-5-29 15:46:31.342#change#{"from":{"line":4,"ch":15,"sticky":"before"},"to":{"line":4,"ch":15,"sticky":"before"},"text":[":"],"removed":[""],"origin":"+input"}
2019-5-29 15:46:32.852#change#{"from":{"line":4,"ch":16,"sticky":null},"to":{"line":4,"ch":16,"sticky":null},"text":["",""],"removed":[""],"origin":"+input"}
2019-5-29 15:46:32.852#change#{"from":{"line":5,"ch":0,"sticky":null},"to":{"line":5,"ch":0,"sticky":null},"text":["\t"],"removed":[""],"origin":"+input"}
2019-5-29 15:46:32.852#keyHandled#"Enter"
2019-5-29 15:46:32.867#viewportChange#0
2019-5-29 15:46:33.304#change#{"from":{"line":5,"ch":1,"sticky":null},"to":{"line":5,"ch":1,"sticky":null},"text":["i"],"removed":[""],"origin":"+input"}
2019-5-29 15:46:33.443#change#{"from":{"line":5,"ch":2,"sticky":null},"to":{"line":5,"ch":2,"sticky":null},"text":["f"],"removed":[""],"origin":"+input"}
2019-5-29 15:46:39.371#change#{"from":{"line":5,"ch":3,"sticky":"after"},"to":{"line":5,"ch":4,"sticky":null},"text":[""],"removed":["9"],"origin":"+delete"}
2019-5-29 15:46:39.371#keyHandled#"Backspace"
2019-5-29 15:46:39.855#change#{"from":{"line":5,"ch":3,"sticky":null},"to":{"line":5,"ch":3,"sticky":null},"text":["()"],"removed":[""],"origin":"+input"}
2019-5-29 15:46:39.855#keyHandled#"'('"
2019-5-29 15:46:40.222#change#{"from":{"line":5,"ch":4,"sticky":"after"},"to":{"line":5,"ch":4,"sticky":"after"},"text":["v"],"removed":[""],"origin":"+input"}
2019-5-29 15:46:40.362#change#{"from":{"line":5,"ch":5,"sticky":null},"to":{"line":5,"ch":5,"sticky":null},"text":["e"],"removed":[""],"origin":"+input"}
2019-5-29 15:46:40.586#change#{"from":{"line":5,"ch":6,"sticky":null},"to":{"line":5,"ch":6,"sticky":null},"text":["c"],"removed":[""],"origin":"+input"}
2019-5-29 15:46:43.645#change#{"from":{"line":5,"ch":7,"sticky":null},"to":{"line":5,"ch":7,"sticky":null},"text":["_"],"removed":[""],"origin":"+input"}
2019-5-29 15:46:45.291#change#{"from":{"line":5,"ch":8,"sticky":null},"to":{"line":5,"ch":8,"sticky":null},"text":["p"],"removed":[""],"origin":"+input"}
2019-5-29 15:46:45.461#change#{"from":{"line":5,"ch":9,"sticky":null},"to":{"line":5,"ch":9,"sticky":null},"text":["r"],"removed":[""],"origin":"+input"}
2019-5-29 15:46:47.299#change#{"from":{"line":5,"ch":10,"sticky":null},"to":{"line":5,"ch":10,"sticky":null},"text":["[]"],"removed":[""],"origin":"+input"}
2019-5-29 15:46:47.299#keyHandled#"'['"
2019-5-29 15:46:47.433#change#{"from":{"line":5,"ch":11,"sticky":"after"},"to":{"line":5,"ch":11,"sticky":"after"},"text":["i"],"removed":[""],"origin":"+input"}
2019-5-29 15:46:48.196#keyHandled#"Right"
2019-5-29 15:46:50.398#change#{"from":{"line":5,"ch":13,"sticky":"before"},"to":{"line":5,"ch":13,"sticky":"before"},"text":[" "],"removed":[""],"origin":"+input"}
2019-5-29 15:46:50.587#change#{"from":{"line":5,"ch":14,"sticky":null},"to":{"line":5,"ch":14,"sticky":null},"text":["="],"removed":[""],"origin":"+input"}
2019-5-29 15:46:50.780#change#{"from":{"line":5,"ch":15,"sticky":null},"to":{"line":5,"ch":15,"sticky":null},"text":["="],"removed":[""],"origin":"+input"}
2019-5-29 15:46:52.114#change#{"from":{"line":5,"ch":16,"sticky":null},"to":{"line":5,"ch":16,"sticky":null},"text":["m"],"removed":[""],"origin":"+input"}
2019-5-29 15:46:53.433#change#{"from":{"line":5,"ch":16,"sticky":"after"},"to":{"line":5,"ch":17,"sticky":null},"text":[""],"removed":["m"],"origin":"+delete"}
2019-5-29 15:46:53.433#keyHandled#"Backspace"
2019-5-29 15:46:53.814#change#{"from":{"line":5,"ch":16,"sticky":null},"to":{"line":5,"ch":16,"sticky":null},"text":[" "],"removed":[""],"origin":"+input"}
2019-5-29 15:46:54.035#change#{"from":{"line":5,"ch":17,"sticky":null},"to":{"line":5,"ch":17,"sticky":null},"text":["m"],"removed":[""],"origin":"+input"}
2019-5-29 15:46:54.258#change#{"from":{"line":5,"ch":18,"sticky":null},"to":{"line":5,"ch":18,"sticky":null},"text":["a"],"removed":[""],"origin":"+input"}
2019-5-29 15:46:54.596#change#{"from":{"line":5,"ch":19,"sticky":null},"to":{"line":5,"ch":19,"sticky":null},"text":["x"],"removed":[""],"origin":"+input"}
2019-5-29 15:46:56.994#change#{"from":{"line":5,"ch":21,"sticky":"after"},"to":{"line":5,"ch":21,"sticky":"after"},"text":["v"],"removed":[""],"origin":"+input"}
2019-5-29 15:46:57.144#change#{"from":{"line":5,"ch":22,"sticky":null},"to":{"line":5,"ch":22,"sticky":null},"text":["e"],"removed":[""],"origin":"+input"}
2019-5-29 15:46:58.009#change#{"from":{"line":5,"ch":23,"sticky":null},"to":{"line":5,"ch":23,"sticky":null},"text":["c"],"removed":[""],"origin":"+input"}
2019-5-29 15:46:59.854#change#{"from":{"line":5,"ch":24,"sticky":null},"to":{"line":5,"ch":24,"sticky":null},"text":["_"],"removed":[""],"origin":"+input"}
2019-5-29 15:47:00.571#change#{"from":{"line":5,"ch":25,"sticky":null},"to":{"line":5,"ch":25,"sticky":null},"text":["p"],"removed":[""],"origin":"+input"}
2019-5-29 15:47:00.675#change#{"from":{"line":5,"ch":26,"sticky":null},"to":{"line":5,"ch":26,"sticky":null},"text":["r"],"removed":[""],"origin":"+input"}
2019-5-29 15:47:02.478#keyHandled#"Down"
2019-5-29 15:47:03.740#change#{"from":{"line":5,"ch":29,"sticky":null,"xRel":1,"outside":true,"hitSide":true},"to":{"line":5,"ch":29,"sticky":null,"xRel":1,"outside":true,"hitSide":true},"text":[":"],"removed":[""],"origin":"+input"}
2019-5-29 15:47:05.411#change#{"from":{"line":5,"ch":30,"sticky":null},"to":{"line":5,"ch":30,"sticky":null},"text":["",""],"removed":[""],"origin":"+input"}
2019-5-29 15:47:05.411#change#{"from":{"line":6,"ch":0,"sticky":null},"to":{"line":6,"ch":0,"sticky":null},"text":["\t\t"],"removed":[""],"origin":"+input"}
2019-5-29 15:47:05.411#keyHandled#"Enter"
2019-5-29 15:47:05.424#viewportChange#0
2019-5-29 15:47:06.842#change#{"from":{"line":6,"ch":2,"sticky":null},"to":{"line":6,"ch":2,"sticky":null},"text":["p"],"removed":[""],"origin":"+input"}
2019-5-29 15:47:07.107#change#{"from":{"line":6,"ch":3,"sticky":null},"to":{"line":6,"ch":3,"sticky":null},"text":["r"],"removed":[""],"origin":"+input"}
2019-5-29 15:47:07.298#change#{"from":{"line":6,"ch":4,"sticky":null},"to":{"line":6,"ch":4,"sticky":null},"text":["i"],"removed":[""],"origin":"+input"}
2019-5-29 15:47:07.444#change#{"from":{"line":6,"ch":5,"sticky":null},"to":{"line":6,"ch":5,"sticky":null},"text":["n"],"removed":[""],"origin":"+input"}
2019-5-29 15:47:07.551#change#{"from":{"line":6,"ch":6,"sticky":null},"to":{"line":6,"ch":6,"sticky":null},"text":["t"],"removed":[""],"origin":"+input"}
2019-5-29 15:47:09.169#change#{"from":{"line":6,"ch":7,"sticky":null},"to":{"line":6,"ch":7,"sticky":null},"text":["()"],"removed":[""],"origin":"+input"}
2019-5-29 15:47:09.169#keyHandled#"'('"
2019-5-29 15:47:11.726#change#{"from":{"line":6,"ch":8,"sticky":"after"},"to":{"line":6,"ch":8,"sticky":"after"},"text":["i"],"removed":[""],"origin":"+input"}
2019-5-29 15:47:12.980#change#{"from":{"line":6,"ch":9,"sticky":null},"to":{"line":6,"ch":9,"sticky":null},"text":[" "],"removed":[""],"origin":"+input"}
2019-5-29 15:47:13.376#change#{"from":{"line":6,"ch":10,"sticky":null},"to":{"line":6,"ch":10,"sticky":null},"text":["+"],"removed":[""],"origin":"+input"}
2019-5-29 15:47:14.266#change#{"from":{"line":6,"ch":11,"sticky":null},"to":{"line":6,"ch":11,"sticky":null},"text":[" "],"removed":[""],"origin":"+input"}
2019-5-29 15:47:14.401#change#{"from":{"line":6,"ch":12,"sticky":null},"to":{"line":6,"ch":12,"sticky":null},"text":["1"],"removed":[""],"origin":"+input"}
2019-5-29 15:47:15.052#keyHandled#"Right"
2019-5-29 15:47:15.583#change#{"from":{"line":6,"ch":14,"sticky":"before"},"to":{"line":6,"ch":14,"sticky":"before"},"text":["",""],"removed":[""],"origin":"+input"}
2019-5-29 15:47:15.583#change#{"from":{"line":7,"ch":0,"sticky":null},"to":{"line":7,"ch":0,"sticky":null},"text":["\t\t"],"removed":[""],"origin":"+input"}
2019-5-29 15:47:15.583#keyHandled#"Enter"
2019-5-29 15:47:15.595#viewportChange#0
2019-5-29 15:47:16.970#change#{"from":{"line":7,"ch":1,"sticky":"after"},"to":{"line":7,"ch":2,"sticky":null},"text":[""],"removed":["\t"],"origin":"+delete"}
2019-5-29 15:47:16.970#keyHandled#"Backspace"
2019-5-29 15:47:18.683#change#{"from":{"line":7,"ch":1,"sticky":null},"to":{"line":7,"ch":1,"sticky":null},"text":["i"],"removed":[""],"origin":"+input"}
2019-5-29 15:47:19.487#change#{"from":{"line":7,"ch":2,"sticky":null},"to":{"line":7,"ch":2,"sticky":null},"text":[" "],"removed":[""],"origin":"+input"}
2019-5-29 15:47:19.913#change#{"from":{"line":7,"ch":3,"sticky":null},"to":{"line":7,"ch":3,"sticky":null},"text":["+"],"removed":[""],"origin":"+input"}
2019-5-29 15:47:20.806#change#{"from":{"line":7,"ch":4,"sticky":null},"to":{"line":7,"ch":4,"sticky":null},"text":["="],"removed":[""],"origin":"+input"}
2019-5-29 15:47:21.209#change#{"from":{"line":7,"ch":5,"sticky":null},"to":{"line":7,"ch":5,"sticky":null},"text":[" "],"removed":[""],"origin":"+input"}
2019-5-29 15:47:21.397#change#{"from":{"line":7,"ch":6,"sticky":null},"to":{"line":7,"ch":6,"sticky":null},"text":["1"],"removed":[""],"origin":"+input"}
2019-5-29 15:47:21.209#change#{"from":{"line":7,"ch":5,"sticky":null},"to":{"line":7,"ch":5,"sticky":null},"text":[" "],"removed":[""],"origin":"+input"}
2019-5-29 15:47:21.397#change#{"from":{"line":7,"ch":6,"sticky":null},"to":{"line":7,"ch":6,"sticky":null},"text":["1"],"removed":[""],"origin":"+input"}
2019-5-29 15:47:24.941#submit#Your code did not produce the correct output. Please, correct your code and try again.
2019-5-29 15:47:44.182#blur#
2019-5-29 15:47:44.847#saida_testar#$ python3 main.py
2019-5-29 15:48:08.589#mousedown#{"isTrusted":true}
2019-5-29 15:48:08.680#focus#
2019-5-29 15:48:08.930#change#{"from":{"line":2,"ch":9,"sticky":"before","xRel":-0.60791015625},"to":{"line":2,"ch":9,"sticky":"before","xRel":-0.60791015625},"text":[" "],"removed":[""],"origin":"+input"}
2019-5-29 15:48:09.858#mousedown#{"isTrusted":true}
2019-5-29 15:48:10.105#change#{"from":{"line":1,"ch":7,"sticky":"after","xRel":2.2926025390625},"to":{"line":1,"ch":7,"sticky":"after","xRel":2.2926025390625},"text":[" "],"removed":[""],"origin":"+input"}
2019-5-29 15:48:11.286#mousedown#{"isTrusted":true}
2019-5-29 15:48:11.689#change#{"from":{"line":1,"ch":6,"sticky":"after","xRel":0.21026611328125},"to":{"line":1,"ch":6,"sticky":"after","xRel":0.21026611328125},"text":[" "],"removed":[""],"origin":"+input"}
2019-5-29 15:48:12.788#mousedown#{"isTrusted":true}
2019-5-29 15:48:12.975#change#{"from":{"line":2,"ch":8,"sticky":"before","xRel":-1.9801025390625},"to":{"line":2,"ch":8,"sticky":"before","xRel":-1.9801025390625},"text":[" "],"removed":[""],"origin":"+input"}
2019-5-29 15:48:15.025#blur#
2019-5-29 15:48:17.016#focus#
2019-5-29 15:48:18.189#blur#
2019-5-29 15:48:20.706#focus#
2019-5-29 15:48:21.603#blur#
2019-5-29 15:48:24.814#focus#
2019-5-29 15:48:25.925#blur#
2019-5-29 15:48:28.189#focus#
2019-5-29 15:48:28.501#blur#
2019-5-29 15:48:55.672#focus#
2019-5-29 15:48:55.672#focus#
2019-5-29 15:48:59.797#submit#Your code did not produce the correct output. Please, correct your code and try again.
2019-5-29 15:49:00.919#mousedown#{"isTrusted":true}
2019-5-29 15:49:01.700#change#{"from":{"line":5,"ch":26,"sticky":"after"},"to":{"line":5,"ch":27,"sticky":"before","xRel":-2.70733642578125},"text":[""],"removed":["r"],"origin":"+delete"}
2019-5-29 15:49:01.700#keyHandled#"Backspace"
2019-5-29 15:49:01.872#change#{"from":{"line":5,"ch":25,"sticky":"after"},"to":{"line":5,"ch":26,"sticky":null},"text":[""],"removed":["p"],"origin":"+delete"}
2019-5-29 15:49:01.872#keyHandled#"Backspace"
2019-5-29 15:49:02.678#change#{"from":{"line":5,"ch":25,"sticky":null},"to":{"line":5,"ch":25,"sticky":null},"text":["f"],"removed":[""],"origin":"+input"}
2019-5-29 15:49:02.889#change#{"from":{"line":5,"ch":26,"sticky":null},"to":{"line":5,"ch":26,"sticky":null},"text":["a"],"removed":[""],"origin":"+input"}
2019-5-29 15:49:04.066#change#{"from":{"line":5,"ch":27,"sticky":null},"to":{"line":5,"ch":27,"sticky":null},"text":["l"],"removed":[""],"origin":"+input"}
2019-5-29 15:49:04.324#change#{"from":{"line":5,"ch":28,"sticky":null},"to":{"line":5,"ch":28,"sticky":null},"text":["t"],"removed":[""],"origin":"+input"}
2019-5-29 15:49:04.066#change#{"from":{"line":5,"ch":27,"sticky":null},"to":{"line":5,"ch":27,"sticky":null},"text":["l"],"removed":[""],"origin":"+input"}
2019-5-29 15:49:04.324#change#{"from":{"line":5,"ch":28,"sticky":null},"to":{"line":5,"ch":28,"sticky":null},"text":["t"],"removed":[""],"origin":"+input"}
2019-5-29 15:49:06.074#submit#Your code did not produce the correct output. Please, correct your code and try again.
2019-5-29 15:49:07.753#submit#Your code did not produce the correct output. Please, correct your code and try again.
2019-5-29 15:49:08.444#change#{"from":{"line":5,"ch":28,"sticky":"after"},"to":{"line":5,"ch":29,"sticky":null},"text":[""],"removed":["t"],"origin":"+delete"}
2019-5-29 15:49:08.444#keyHandled#"Backspace"
2019-5-29 15:49:08.622#change#{"from":{"line":5,"ch":27,"sticky":"after"},"to":{"line":5,"ch":28,"sticky":null},"text":[""],"removed":["l"],"origin":"+delete"}
2019-5-29 15:49:08.622#keyHandled#"Backspace"
2019-5-29 15:49:08.866#change#{"from":{"line":5,"ch":26,"sticky":"after"},"to":{"line":5,"ch":27,"sticky":null},"text":[""],"removed":["a"],"origin":"+delete"}
2019-5-29 15:49:08.866#keyHandled#"Backspace"
2019-5-29 15:49:10.636#change#{"from":{"line":5,"ch":25,"sticky":"after"},"to":{"line":5,"ch":26,"sticky":null},"text":[""],"removed":["f"],"origin":"+delete"}
2019-5-29 15:49:10.636#keyHandled#"Backspace"
2019-5-29 15:49:10.706#change#{"from":{"line":5,"ch":25,"sticky":null},"to":{"line":5,"ch":25,"sticky":null},"text":["p"],"removed":[""],"origin":"+input"}
2019-5-29 15:49:10.829#change#{"from":{"line":5,"ch":26,"sticky":null},"to":{"line":5,"ch":26,"sticky":null},"text":["r"],"removed":[""],"origin":"+input"}
2019-5-29 15:49:12.102#mousedown#{"isTrusted":true}
2019-5-29 15:49:13.042#mousedown#{"isTrusted":true}
2019-5-29 15:49:13.920#change#{"from":{"line":5,"ch":9,"sticky":"after"},"to":{"line":5,"ch":10,"sticky":"before","xRel":-3.07098388671875},"text":[""],"removed":["r"],"origin":"+delete"}
2019-5-29 15:49:13.920#keyHandled#"Backspace"
2019-5-29 15:49:14.080#change#{"from":{"line":5,"ch":8,"sticky":"after"},"to":{"line":5,"ch":9,"sticky":null},"text":[""],"removed":["p"],"origin":"+delete"}
2019-5-29 15:49:14.080#keyHandled#"Backspace"
2019-5-29 15:49:14.363#change#{"from":{"line":5,"ch":8,"sticky":null},"to":{"line":5,"ch":8,"sticky":null},"text":["f"],"removed":[""],"origin":"+input"}
2019-5-29 15:49:14.625#change#{"from":{"line":5,"ch":9,"sticky":null},"to":{"line":5,"ch":9,"sticky":null},"text":["a"],"removed":[""],"origin":"+input"}
2019-5-29 15:49:14.814#change#{"from":{"line":5,"ch":10,"sticky":null},"to":{"line":5,"ch":10,"sticky":null},"text":["l"],"removed":[""],"origin":"+input"}
2019-5-29 15:49:15.087#change#{"from":{"line":5,"ch":11,"sticky":null},"to":{"line":5,"ch":11,"sticky":null},"text":["t"],"removed":[""],"origin":"+input"}
2019-5-29 15:49:18.179#submit#Your code did not produce the correct output. Please, correct your code and try again.
2019-5-29 15:49:18.638#change#{"from":{"line":5,"ch":11,"sticky":"after"},"to":{"line":5,"ch":12,"sticky":null},"text":[""],"removed":["t"],"origin":"+delete"}
2019-5-29 15:49:18.638#keyHandled#"Backspace"
2019-5-29 15:49:18.817#change#{"from":{"line":5,"ch":10,"sticky":"after"},"to":{"line":5,"ch":11,"sticky":null},"text":[""],"removed":["l"],"origin":"+delete"}
2019-5-29 15:49:18.817#keyHandled#"Backspace"
2019-5-29 15:49:18.987#change#{"from":{"line":5,"ch":9,"sticky":"after"},"to":{"line":5,"ch":10,"sticky":null},"text":[""],"removed":["a"],"origin":"+delete"}
2019-5-29 15:49:18.987#keyHandled#"Backspace"
2019-5-29 15:49:19.201#change#{"from":{"line":5,"ch":8,"sticky":"after"},"to":{"line":5,"ch":9,"sticky":null},"text":[""],"removed":["f"],"origin":"+delete"}
2019-5-29 15:49:19.201#keyHandled#"Backspace"
2019-5-29 15:49:20.284#change#{"from":{"line":5,"ch":8,"sticky":null},"to":{"line":5,"ch":8,"sticky":null},"text":["p"],"removed":[""],"origin":"+input"}
2019-5-29 15:49:20.411#change#{"from":{"line":5,"ch":9,"sticky":null},"to":{"line":5,"ch":9,"sticky":null},"text":["r"],"removed":[""],"origin":"+input"}
2019-5-29 15:49:20.284#change#{"from":{"line":5,"ch":8,"sticky":null},"to":{"line":5,"ch":8,"sticky":null},"text":["p"],"removed":[""],"origin":"+input"}
2019-5-29 15:49:20.411#change#{"from":{"line":5,"ch":9,"sticky":null},"to":{"line":5,"ch":9,"sticky":null},"text":["r"],"removed":[""],"origin":"+input"}
2019-5-29 15:49:22.881#submit#Your code did not produce the correct output. Please, correct your code and try again.
2019-5-29 15:49:23.444#mousedown#{"isTrusted":true}
2019-5-29 15:49:25.108#change#{"from":{"line":5,"ch":0,"sticky":"after"},"to":{"line":5,"ch":1,"sticky":"before","xRel":-3.971588134765625},"text":[""],"removed":["\t"],"origin":"+delete"}
2019-5-29 15:49:25.109#keyHandled#"Backspace"
2019-5-29 15:49:25.404#change#{"from":{"line":4,"ch":16,"sticky":"before"},"to":{"line":5,"ch":0,"sticky":null},"text":[""],"removed":["",""],"origin":"+delete"}
2019-5-29 15:49:25.404#keyHandled#"Backspace"
2019-5-29 15:49:25.417#viewportChange#0
2019-5-29 15:49:28.155#mousedown#{"isTrusted":true}
2019-5-29 15:49:28.870#change#{"from":{"line":6,"ch":1,"sticky":"after"},"to":{"line":6,"ch":2,"sticky":"before","xRel":-3.789764404296875},"text":[""],"removed":["\t"],"origin":"+delete"}
2019-5-29 15:49:28.870#keyHandled#"Backspace"
2019-5-29 15:49:29.175#change#{"from":{"line":6,"ch":0,"sticky":"after"},"to":{"line":6,"ch":1,"sticky":null},"text":[""],"removed":["\t"],"origin":"+delete"}
2019-5-29 15:49:29.175#keyHandled#"Backspace"
2019-5-29 15:49:29.641#change#{"from":{"line":5,"ch":30,"sticky":"before"},"to":{"line":6,"ch":0,"sticky":null},"text":[""],"removed":["",""],"origin":"+delete"}
2019-5-29 15:49:29.641#keyHandled#"Backspace"
2019-5-29 15:49:29.655#viewportChange#0
2019-5-29 15:49:29.994#change#{"from":{"line":5,"ch":30,"sticky":null},"to":{"line":5,"ch":30,"sticky":null},"text":["",""],"removed":[""],"origin":"+input"}
2019-5-29 15:49:29.994#change#{"from":{"line":6,"ch":0,"sticky":null},"to":{"line":6,"ch":0,"sticky":null},"text":["\t\t"],"removed":[""],"origin":"+input"}
2019-5-29 15:49:29.994#keyHandled#"Enter"
2019-5-29 15:49:30.007#viewportChange#0
2019-5-29 15:49:32.286#mousedown#{"isTrusted":true}
2019-5-29 15:49:33.065#change#{"from":{"line":7,"ch":0,"sticky":"after"},"to":{"line":7,"ch":1,"sticky":"before","xRel":-2.971588134765625},"text":[""],"removed":["\t"],"origin":"+delete"}
2019-5-29 15:49:33.065#keyHandled#"Backspace"
2019-5-29 15:49:33.320#change#{"from":{"line":6,"ch":14,"sticky":"before"},"to":{"line":7,"ch":0,"sticky":null},"text":[""],"removed":["",""],"origin":"+delete"}
2019-5-29 15:49:33.320#keyHandled#"Backspace"
2019-5-29 15:49:33.330#viewportChange#0
2019-5-29 15:49:33.676#change#{"from":{"line":6,"ch":14,"sticky":null},"to":{"line":6,"ch":14,"sticky":null},"text":["",""],"removed":[""],"origin":"+input"}
2019-5-29 15:49:33.676#change#{"from":{"line":7,"ch":0,"sticky":null},"to":{"line":7,"ch":0,"sticky":null},"text":["\t\t"],"removed":[""],"origin":"+input"}
2019-5-29 15:49:33.676#keyHandled#"Enter"
2019-5-29 15:49:33.690#viewportChange#0
2019-5-29 15:49:33.065#change#{"from":{"line":7,"ch":0,"sticky":"after"},"to":{"line":7,"ch":1,"sticky":"before","xRel":-2.971588134765625},"text":[""],"removed":["\t"],"origin":"+delete"}
2019-5-29 15:49:33.065#keyHandled#"Backspace"
2019-5-29 15:49:33.320#change#{"from":{"line":6,"ch":14,"sticky":"before"},"to":{"line":7,"ch":0,"sticky":null},"text":[""],"removed":["",""],"origin":"+delete"}
2019-5-29 15:49:33.320#keyHandled#"Backspace"
2019-5-29 15:49:33.330#viewportChange#0
2019-5-29 15:49:33.676#change#{"from":{"line":6,"ch":14,"sticky":null},"to":{"line":6,"ch":14,"sticky":null},"text":["",""],"removed":[""],"origin":"+input"}
2019-5-29 15:49:33.676#change#{"from":{"line":7,"ch":0,"sticky":null},"to":{"line":7,"ch":0,"sticky":null},"text":["\t\t"],"removed":[""],"origin":"+input"}
2019-5-29 15:49:33.676#keyHandled#"Enter"
2019-5-29 15:49:33.690#viewportChange#0
2019-5-29 15:49:35.950#change#{"from":{"line":7,"ch":1,"sticky":"after"},"to":{"line":7,"ch":2,"sticky":null},"text":[""],"removed":["\t"],"origin":"+delete"}
2019-5-29 15:49:35.950#keyHandled#"Backspace"
2019-5-29 15:49:37.446#change#{"from":{"line":7,"ch":0,"sticky":"after"},"to":{"line":7,"ch":1,"sticky":null},"text":[""],"removed":["\t"],"origin":"+delete"}
2019-5-29 15:49:37.446#keyHandled#"Backspace"
2019-5-29 15:49:38.014#change#{"from":{"line":6,"ch":14,"sticky":"before"},"to":{"line":7,"ch":0,"sticky":null},"text":[""],"removed":["",""],"origin":"+delete"}
2019-5-29 15:49:38.014#keyHandled#"Backspace"
2019-5-29 15:49:38.024#viewportChange#0
2019-5-29 15:49:38.284#change#{"from":{"line":6,"ch":14,"sticky":null},"to":{"line":6,"ch":14,"sticky":null},"text":["",""],"removed":[""],"origin":"+input"}
2019-5-29 15:49:38.284#change#{"from":{"line":7,"ch":0,"sticky":null},"to":{"line":7,"ch":0,"sticky":null},"text":["\t\t"],"removed":[""],"origin":"+input"}
2019-5-29 15:49:38.284#keyHandled#"Enter"
2019-5-29 15:49:38.293#viewportChange#0
2019-5-29 15:49:38.014#change#{"from":{"line":6,"ch":14,"sticky":"before"},"to":{"line":7,"ch":0,"sticky":null},"text":[""],"removed":["",""],"origin":"+delete"}
2019-5-29 15:49:38.014#keyHandled#"Backspace"
2019-5-29 15:49:38.024#viewportChange#0
2019-5-29 15:49:38.284#change#{"from":{"line":6,"ch":14,"sticky":null},"to":{"line":6,"ch":14,"sticky":null},"text":["",""],"removed":[""],"origin":"+input"}
2019-5-29 15:49:38.284#change#{"from":{"line":7,"ch":0,"sticky":null},"to":{"line":7,"ch":0,"sticky":null},"text":["\t\t"],"removed":[""],"origin":"+input"}
2019-5-29 15:49:38.284#keyHandled#"Enter"
2019-5-29 15:49:38.293#viewportChange#0
2019-5-29 15:49:39.157#submit#Your code did not produce the correct output. Please, correct your code and try again.
2019-5-29 15:49:39.480#change#{"from":{"line":7,"ch":1,"sticky":"after"},"to":{"line":7,"ch":2,"sticky":null},"text":[""],"removed":["\t"],"origin":"+delete"}
2019-5-29 15:49:39.480#keyHandled#"Backspace"
2019-5-29 15:49:39.157#submit#Your code did not produce the correct output. Please, correct your code and try again.
2019-5-29 15:49:39.480#change#{"from":{"line":7,"ch":1,"sticky":"after"},"to":{"line":7,"ch":2,"sticky":null},"text":[""],"removed":["\t"],"origin":"+delete"}
2019-5-29 15:49:39.480#keyHandled#"Backspace"
2019-5-29 15:49:40.700#change#{"from":{"line":7,"ch":0,"sticky":"after"},"to":{"line":7,"ch":1,"sticky":null},"text":[""],"removed":["\t"],"origin":"+delete"}
2019-5-29 15:49:40.700#keyHandled#"Backspace"
2019-5-29 15:49:41.037#change#{"from":{"line":6,"ch":14,"sticky":"before"},"to":{"line":7,"ch":0,"sticky":null},"text":[""],"removed":["",""],"origin":"+delete"}
2019-5-29 15:49:41.038#keyHandled#"Backspace"
2019-5-29 15:49:41.049#viewportChange#0
2019-5-29 15:49:41.368#change#{"from":{"line":6,"ch":14,"sticky":null},"to":{"line":6,"ch":14,"sticky":null},"text":["",""],"removed":[""],"origin":"+input"}
2019-5-29 15:49:41.369#change#{"from":{"line":7,"ch":0,"sticky":null},"to":{"line":7,"ch":0,"sticky":null},"text":["\t\t"],"removed":[""],"origin":"+input"}
2019-5-29 15:49:41.369#keyHandled#"Enter"
2019-5-29 15:49:41.380#viewportChange#0
2019-5-29 15:49:41.731#change#{"from":{"line":7,"ch":1,"sticky":"after"},"to":{"line":7,"ch":2,"sticky":null},"text":[""],"removed":["\t"],"origin":"+delete"}
2019-5-29 15:49:41.731#keyHandled#"Backspace"
2019-5-29 15:49:41.037#change#{"from":{"line":6,"ch":14,"sticky":"before"},"to":{"line":7,"ch":0,"sticky":null},"text":[""],"removed":["",""],"origin":"+delete"}
2019-5-29 15:49:41.038#keyHandled#"Backspace"
2019-5-29 15:49:41.049#viewportChange#0
2019-5-29 15:49:41.368#change#{"from":{"line":6,"ch":14,"sticky":null},"to":{"line":6,"ch":14,"sticky":null},"text":["",""],"removed":[""],"origin":"+input"}
2019-5-29 15:49:41.369#change#{"from":{"line":7,"ch":0,"sticky":null},"to":{"line":7,"ch":0,"sticky":null},"text":["\t\t"],"removed":[""],"origin":"+input"}
2019-5-29 15:49:41.369#keyHandled#"Enter"
2019-5-29 15:49:41.380#viewportChange#0
2019-5-29 15:49:41.731#change#{"from":{"line":7,"ch":1,"sticky":"after"},"to":{"line":7,"ch":2,"sticky":null},"text":[""],"removed":["\t"],"origin":"+delete"}
2019-5-29 15:49:41.731#keyHandled#"Backspace"
2019-5-29 15:49:41.037#change#{"from":{"line":6,"ch":14,"sticky":"before"},"to":{"line":7,"ch":0,"sticky":null},"text":[""],"removed":["",""],"origin":"+delete"}
2019-5-29 15:49:41.038#keyHandled#"Backspace"
2019-5-29 15:49:41.049#viewportChange#0
2019-5-29 15:49:41.368#change#{"from":{"line":6,"ch":14,"sticky":null},"to":{"line":6,"ch":14,"sticky":null},"text":["",""],"removed":[""],"origin":"+input"}
2019-5-29 15:49:41.369#change#{"from":{"line":7,"ch":0,"sticky":null},"to":{"line":7,"ch":0,"sticky":null},"text":["\t\t"],"removed":[""],"origin":"+input"}
2019-5-29 15:49:41.369#keyHandled#"Enter"
2019-5-29 15:49:41.380#viewportChange#0
2019-5-29 15:49:41.731#change#{"from":{"line":7,"ch":1,"sticky":"after"},"to":{"line":7,"ch":2,"sticky":null},"text":[""],"removed":["\t"],"origin":"+delete"}
2019-5-29 15:49:41.731#keyHandled#"Backspace"
2019-5-29 15:49:41.037#change#{"from":{"line":6,"ch":14,"sticky":"before"},"to":{"line":7,"ch":0,"sticky":null},"text":[""],"removed":["",""],"origin":"+delete"}
2019-5-29 15:49:41.038#keyHandled#"Backspace"
2019-5-29 15:49:41.049#viewportChange#0
2019-5-29 15:49:41.368#change#{"from":{"line":6,"ch":14,"sticky":null},"to":{"line":6,"ch":14,"sticky":null},"text":["",""],"removed":[""],"origin":"+input"}
2019-5-29 15:49:41.369#change#{"from":{"line":7,"ch":0,"sticky":null},"to":{"line":7,"ch":0,"sticky":null},"text":["\t\t"],"removed":[""],"origin":"+input"}
2019-5-29 15:49:41.369#keyHandled#"Enter"
2019-5-29 15:49:41.380#viewportChange#0
2019-5-29 15:49:41.731#change#{"from":{"line":7,"ch":1,"sticky":"after"},"to":{"line":7,"ch":2,"sticky":null},"text":[""],"removed":["\t"],"origin":"+delete"}
2019-5-29 15:49:41.731#keyHandled#"Backspace"
2019-5-29 15:49:41.037#change#{"from":{"line":6,"ch":14,"sticky":"before"},"to":{"line":7,"ch":0,"sticky":null},"text":[""],"removed":["",""],"origin":"+delete"}
2019-5-29 15:49:41.038#keyHandled#"Backspace"
2019-5-29 15:49:41.049#viewportChange#0
2019-5-29 15:49:41.368#change#{"from":{"line":6,"ch":14,"sticky":null},"to":{"line":6,"ch":14,"sticky":null},"text":["",""],"removed":[""],"origin":"+input"}
2019-5-29 15:49:41.369#change#{"from":{"line":7,"ch":0,"sticky":null},"to":{"line":7,"ch":0,"sticky":null},"text":["\t\t"],"removed":[""],"origin":"+input"}
2019-5-29 15:49:41.369#keyHandled#"Enter"
2019-5-29 15:49:41.380#viewportChange#0
2019-5-29 15:49:41.731#change#{"from":{"line":7,"ch":1,"sticky":"after"},"to":{"line":7,"ch":2,"sticky":null},"text":[""],"removed":["\t"],"origin":"+delete"}
2019-5-29 15:49:41.731#keyHandled#"Backspace"
2019-5-29 15:49:44.369#submit#Your code did not produce the correct output. Please, correct your code and try again.
2019-5-29 15:49:47.955#submit#Your code did not produce the correct output. Please, correct your code and try again.
2019-5-29 15:49:49.844#submit#Your code did not produce the correct output. Please, correct your code and try again.
2019-5-29 15:49:50.196#submit#Your code did not produce the correct output. Please, correct your code and try again.
2019-5-29 15:49:54.462#blur#
2019-5-29 15:49:59.131#focus#
2019-5-29 15:49:59.647#blur#
2019-5-29 15:50:01.628#focus#
2019-5-29 15:50:01.966#blur#
2019-5-29 15:50:03.947#focus#
2019-5-29 15:50:05.179#blur#
2019-5-29 15:50:07.399#focus#
2019-5-29 15:50:09.281#blur#
2019-5-29 15:50:12.122#focus#
2019-5-29 15:50:12.950#mousedown#{"isTrusted":true}
2019-5-29 15:50:13.756#change#{"from":{"line":6,"ch":11,"sticky":"after"},"to":{"line":6,"ch":12,"sticky":"before","xRel":-1.51702880859375},"text":[""],"removed":[" "],"origin":"+delete"}
2019-5-29 15:50:13.757#keyHandled#"Backspace"
2019-5-29 15:50:14.828#keyHandled#"Left"
2019-5-29 15:50:15.005#keyHandled#"Left"
2019-5-29 15:50:15.583#keyHandled#"Right"
2019-5-29 15:50:16.483#change#{"from":{"line":6,"ch":9,"sticky":"after"},"to":{"line":6,"ch":10,"sticky":"before"},"text":[""],"removed":[" "],"origin":"+delete"}
2019-5-29 15:50:16.483#keyHandled#"Backspace"
2019-5-29 15:50:16.483#change#{"from":{"line":6,"ch":9,"sticky":"after"},"to":{"line":6,"ch":10,"sticky":"before"},"text":[""],"removed":[" "],"origin":"+delete"}
2019-5-29 15:50:16.483#keyHandled#"Backspace"
2019-5-29 15:50:16.483#change#{"from":{"line":6,"ch":9,"sticky":"after"},"to":{"line":6,"ch":10,"sticky":"before"},"text":[""],"removed":[" "],"origin":"+delete"}
2019-5-29 15:50:16.483#keyHandled#"Backspace"
2019-5-29 15:50:20.458#submit#Your code did not produce the correct output. Please, correct your code and try again.
2019-5-29 15:50:20.677#blur#
2019-5-29 15:50:22.587#submit#Your code did not produce the correct output. Please, correct your code and try again.
2019-5-29 15:50:22.733#focus#
2019-5-29 15:50:23.560#blur#
2019-5-29 15:50:27.668#focus#
2019-5-29 15:50:32.300#blur#
2019-5-29 15:50:39.840#focus#
2019-5-29 15:50:42.940#mousedown#{"isTrusted":true}
2019-5-29 15:50:46.582#blur#
2019-5-29 15:50:50.351#focus#
2019-5-29 15:50:51.320#change#{"from":{"line":1,"ch":27,"sticky":"before","xRel":-3.16192626953125},"to":{"line":1,"ch":53,"sticky":"before","xRel":-3.2528076171875},"text":["n"],"removed":["alunos que foram ao curso:"],"origin":"+input"}
2019-5-29 15:50:51.468#change#{"from":{"line":1,"ch":28,"sticky":null},"to":{"line":1,"ch":28,"sticky":null},"text":["u"],"removed":[""],"origin":"+input"}
2019-5-29 15:50:51.653#change#{"from":{"line":1,"ch":29,"sticky":null},"to":{"line":1,"ch":29,"sticky":null},"text":["m"],"removed":[""],"origin":"+input"}
2019-5-29 15:50:51.777#change#{"from":{"line":1,"ch":30,"sticky":null},"to":{"line":1,"ch":30,"sticky":null},"text":["e"],"removed":[""],"origin":"+input"}
2019-5-29 15:50:51.955#change#{"from":{"line":1,"ch":31,"sticky":null},"to":{"line":1,"ch":31,"sticky":null},"text":["r"],"removed":[""],"origin":"+input"}
2019-5-29 15:50:52.055#change#{"from":{"line":1,"ch":32,"sticky":null},"to":{"line":1,"ch":32,"sticky":null},"text":["o"],"removed":[""],"origin":"+input"}
2019-5-29 15:50:53.062#change#{"from":{"line":1,"ch":33,"sticky":null},"to":{"line":1,"ch":33,"sticky":null},"text":["s"],"removed":[""],"origin":"+input"}
2019-5-29 15:50:53.293#change#{"from":{"line":1,"ch":34,"sticky":null},"to":{"line":1,"ch":34,"sticky":null},"text":[" "],"removed":[""],"origin":"+input"}
2019-5-29 15:50:53.436#change#{"from":{"line":1,"ch":35,"sticky":null},"to":{"line":1,"ch":35,"sticky":null},"text":["d"],"removed":[""],"origin":"+input"}
2019-5-29 15:50:53.544#change#{"from":{"line":1,"ch":36,"sticky":null},"to":{"line":1,"ch":36,"sticky":null},"text":["e"],"removed":[""],"origin":"+input"}
2019-5-29 15:50:53.717#change#{"from":{"line":1,"ch":37,"sticky":null},"to":{"line":1,"ch":37,"sticky":null},"text":[" "],"removed":[""],"origin":"+input"}
2019-5-29 15:50:54.071#change#{"from":{"line":1,"ch":38,"sticky":null},"to":{"line":1,"ch":38,"sticky":null},"text":["a"],"removed":[""],"origin":"+input"}
2019-5-29 15:50:54.375#change#{"from":{"line":1,"ch":39,"sticky":null},"to":{"line":1,"ch":39,"sticky":null},"text":["l"],"removed":[""],"origin":"+input"}
2019-5-29 15:50:54.624#change#{"from":{"line":1,"ch":40,"sticky":null},"to":{"line":1,"ch":40,"sticky":null},"text":["u"],"removed":[""],"origin":"+input"}
2019-5-29 15:50:54.779#change#{"from":{"line":1,"ch":41,"sticky":null},"to":{"line":1,"ch":41,"sticky":null},"text":["n"],"removed":[""],"origin":"+input"}
2019-5-29 15:50:54.928#change#{"from":{"line":1,"ch":42,"sticky":null},"to":{"line":1,"ch":42,"sticky":null},"text":["o"],"removed":[""],"origin":"+input"}
2019-5-29 15:50:55.067#change#{"from":{"line":1,"ch":43,"sticky":null},"to":{"line":1,"ch":43,"sticky":null},"text":["s"],"removed":[""],"origin":"+input"}
2019-5-29 15:50:58.685#focus#
2019-5-29 15:50:59.415#change#{"from":{"line":1,"ch":44,"sticky":null},"to":{"line":1,"ch":44,"sticky":null},"text":[" "],"removed":[""],"origin":"+input"}
2019-5-29 15:50:59.591#change#{"from":{"line":1,"ch":45,"sticky":null},"to":{"line":1,"ch":45,"sticky":null},"text":["q"],"removed":[""],"origin":"+input"}
2019-5-29 15:50:59.722#change#{"from":{"line":1,"ch":46,"sticky":null},"to":{"line":1,"ch":46,"sticky":null},"text":["u"],"removed":[""],"origin":"+input"}
2019-5-29 15:50:59.861#change#{"from":{"line":1,"ch":47,"sticky":null},"to":{"line":1,"ch":47,"sticky":null},"text":["e"],"removed":[""],"origin":"+input"}
2019-5-29 15:51:00.065#change#{"from":{"line":1,"ch":48,"sticky":null},"to":{"line":1,"ch":48,"sticky":null},"text":[" "],"removed":[""],"origin":"+input"}
2019-5-29 15:51:00.717#change#{"from":{"line":1,"ch":49,"sticky":null},"to":{"line":1,"ch":49,"sticky":null},"text":["f"],"removed":[""],"origin":"+input"}
2019-5-29 15:51:00.923#change#{"from":{"line":1,"ch":50,"sticky":null},"to":{"line":1,"ch":50,"sticky":null},"text":["o"],"removed":[""],"origin":"+input"}
2019-5-29 15:51:01.015#change#{"from":{"line":1,"ch":51,"sticky":null},"to":{"line":1,"ch":51,"sticky":null},"text":["r"],"removed":[""],"origin":"+input"}
2019-5-29 15:51:01.294#change#{"from":{"line":1,"ch":52,"sticky":null},"to":{"line":1,"ch":52,"sticky":null},"text":["a"],"removed":[""],"origin":"+input"}
2019-5-29 15:51:01.480#change#{"from":{"line":1,"ch":53,"sticky":null},"to":{"line":1,"ch":53,"sticky":null},"text":["m"],"removed":[""],"origin":"+input"}
2019-5-29 15:51:01.729#change#{"from":{"line":1,"ch":54,"sticky":null},"to":{"line":1,"ch":54,"sticky":null},"text":[" "],"removed":[""],"origin":"+input"}
2019-5-29 15:51:01.888#change#{"from":{"line":1,"ch":55,"sticky":null},"to":{"line":1,"ch":55,"sticky":null},"text":["a"],"removed":[""],"origin":"+input"}
2019-5-29 15:51:02.028#change#{"from":{"line":1,"ch":56,"sticky":null},"to":{"line":1,"ch":56,"sticky":null},"text":["o"],"removed":[""],"origin":"+input"}
2019-5-29 15:51:02.221#change#{"from":{"line":1,"ch":57,"sticky":null},"to":{"line":1,"ch":57,"sticky":null},"text":[" "],"removed":[""],"origin":"+input"}
2019-5-29 15:51:02.674#change#{"from":{"line":1,"ch":58,"sticky":null},"to":{"line":1,"ch":58,"sticky":null},"text":["c"],"removed":[""],"origin":"+input"}
2019-5-29 15:51:02.853#change#{"from":{"line":1,"ch":59,"sticky":null},"to":{"line":1,"ch":59,"sticky":null},"text":["u"],"removed":[""],"origin":"+input"}
2019-5-29 15:51:02.985#change#{"from":{"line":1,"ch":60,"sticky":null},"to":{"line":1,"ch":60,"sticky":null},"text":["r"],"removed":[""],"origin":"+input"}
2019-5-29 15:51:03.223#change#{"from":{"line":1,"ch":61,"sticky":null},"to":{"line":1,"ch":61,"sticky":null},"text":["s"],"removed":[""],"origin":"+input"}
2019-5-29 15:51:03.357#change#{"from":{"line":1,"ch":62,"sticky":null},"to":{"line":1,"ch":62,"sticky":null},"text":["o"],"removed":[""],"origin":"+input"}
2019-5-29 15:51:04.183#blur#
2019-5-29 15:51:06.024#focus#
2019-5-29 15:51:06.673#change#{"from":{"line":1,"ch":63,"sticky":null},"to":{"line":1,"ch":63,"sticky":null},"text":["()"],"removed":[""],"origin":"+input"}
2019-5-29 15:51:06.673#keyHandled#"'('"
2019-5-29 15:51:07.879#change#{"from":{"line":1,"ch":64,"sticky":"after"},"to":{"line":1,"ch":64,"sticky":"after"},"text":["a"],"removed":[""],"origin":"+input"}
2019-5-29 15:51:08.150#change#{"from":{"line":1,"ch":65,"sticky":null},"to":{"line":1,"ch":65,"sticky":null},"text":[" "],"removed":[""],"origin":"+input"}
2019-5-29 15:51:08.415#change#{"from":{"line":1,"ch":66,"sticky":null},"to":{"line":1,"ch":66,"sticky":null},"text":["c"],"removed":[""],"origin":"+input"}
2019-5-29 15:51:08.561#change#{"from":{"line":1,"ch":67,"sticky":null},"to":{"line":1,"ch":67,"sticky":null},"text":["a"],"removed":[""],"origin":"+input"}
2019-5-29 15:51:08.762#change#{"from":{"line":1,"ch":68,"sticky":null},"to":{"line":1,"ch":68,"sticky":null},"text":["d"],"removed":[""],"origin":"+input"}
2019-5-29 15:51:08.908#change#{"from":{"line":1,"ch":69,"sticky":null},"to":{"line":1,"ch":69,"sticky":null},"text":["s"],"removed":[""],"origin":"+input"}
2019-5-29 15:51:09.072#change#{"from":{"line":1,"ch":70,"sticky":null},"to":{"line":1,"ch":70,"sticky":null},"text":["a"],"removed":[""],"origin":"+input"}
2019-5-29 15:51:09.379#change#{"from":{"line":1,"ch":71,"sticky":null},"to":{"line":1,"ch":71,"sticky":null},"text":[" "],"removed":[""],"origin":"+input"}
2019-5-29 15:51:10.043#change#{"from":{"line":1,"ch":71,"sticky":"after"},"to":{"line":1,"ch":72,"sticky":null},"text":[""],"removed":[" "],"origin":"+delete"}
2019-5-29 15:51:10.043#keyHandled#"Backspace"
2019-5-29 15:51:10.237#change#{"from":{"line":1,"ch":70,"sticky":"after"},"to":{"line":1,"ch":71,"sticky":null},"text":[""],"removed":["a"],"origin":"+delete"}
2019-5-29 15:51:10.237#keyHandled#"Backspace"
2019-5-29 15:51:10.519#change#{"from":{"line":1,"ch":70,"sticky":null},"to":{"line":1,"ch":70,"sticky":null},"text":["a"],"removed":[""],"origin":"+input"}
2019-5-29 15:51:11.397#change#{"from":{"line":1,"ch":70,"sticky":"after"},"to":{"line":1,"ch":71,"sticky":null},"text":[""],"removed":["a"],"origin":"+delete"}
2019-5-29 15:51:11.397#keyHandled#"Backspace"
2019-5-29 15:51:11.542#change#{"from":{"line":1,"ch":69,"sticky":"after"},"to":{"line":1,"ch":70,"sticky":null},"text":[""],"removed":["s"],"origin":"+delete"}
2019-5-29 15:51:11.542#keyHandled#"Backspace"
2019-5-29 15:51:11.647#change#{"from":{"line":1,"ch":69,"sticky":null},"to":{"line":1,"ch":69,"sticky":null},"text":["a"],"removed":[""],"origin":"+input"}
2019-5-29 15:51:12.104#change#{"from":{"line":1,"ch":70,"sticky":null},"to":{"line":1,"ch":70,"sticky":null},"text":[" "],"removed":[""],"origin":"+input"}
2019-5-29 15:51:12.716#change#{"from":{"line":1,"ch":71,"sticky":null},"to":{"line":1,"ch":71,"sticky":null},"text":["m"],"removed":[""],"origin":"+input"}
2019-5-29 15:51:12.864#change#{"from":{"line":1,"ch":72,"sticky":null},"to":{"line":1,"ch":72,"sticky":null},"text":["e"],"removed":[""],"origin":"+input"}
2019-5-29 15:51:13.054#change#{"from":{"line":1,"ch":73,"sticky":null},"to":{"line":1,"ch":73,"sticky":null},"text":["s"],"removed":[""],"origin":"+input"}
2019-5-29 15:51:14.467#blur#
2019-5-29 15:51:17.592#focus#
2019-5-29 15:51:19.481#mousedown#{"isTrusted":true}
2019-5-29 15:51:22.172#change#{"from":{"line":1,"ch":75,"sticky":"before","xRel":-1.2528076171875},"to":{"line":1,"ch":75,"sticky":"before","xRel":-1.2528076171875},"text":[":"],"removed":[""],"origin":"+input"}
2019-5-29 15:51:23.374#mousedown#{"isTrusted":true}
2019-5-29 15:51:25.378#change#{"from":{"line":1,"ch":29,"sticky":"after","xRel":2.29266357421875},"to":{"line":2,"ch":56,"sticky":"before","xRel":-0.07098388671875},"text":["n"],"removed":["meros de alunos que foram ao curso(a cada mes): \")))","vec_falt = array(eval(input(\"aluno que faltavam ao curso"],"origin":"+input"}
2019-5-29 15:51:25.397#viewportChange#0
2019-5-29 15:51:25.514#change#{"from":{"line":1,"ch":30,"sticky":null},"to":{"line":1,"ch":30,"sticky":null},"text":["u"],"removed":[""],"origin":"+input"}
2019-5-29 15:51:25.721#change#{"from":{"line":1,"ch":31,"sticky":null},"to":{"line":1,"ch":31,"sticky":null},"text":["m"],"removed":[""],"origin":"+input"}
2019-5-29 15:51:25.866#change#{"from":{"line":1,"ch":32,"sticky":null},"to":{"line":1,"ch":32,"sticky":null},"text":["e"],"removed":[""],"origin":"+input"}
2019-5-29 15:51:26.093#change#{"from":{"line":1,"ch":33,"sticky":null},"to":{"line":1,"ch":33,"sticky":null},"text":["r"],"removed":[""],"origin":"+input"}
2019-5-29 15:51:26.534#change#{"from":{"line":1,"ch":34,"sticky":null},"to":{"line":1,"ch":34,"sticky":null},"text":["o"],"removed":[""],"origin":"+input"}
2019-5-29 15:51:26.705#change#{"from":{"line":1,"ch":35,"sticky":null},"to":{"line":1,"ch":35,"sticky":null},"text":["s"],"removed":[""],"origin":"+input"}
2019-5-29 15:51:28.027#change#{"from":{"line":1,"ch":29,"sticky":null},"to":{"line":1,"ch":36,"sticky":null},"text":["meros de alunos que foram ao curso(a cada mes): \")))","vec_falt = array(eval(input(\"aluno que faltavam ao curso"],"removed":["numeros"],"origin":"undo"}
2019-5-29 15:51:28.027#keyHandled#"Ctrl-Z"
2019-5-29 15:51:28.048#viewportChange#0
2019-5-29 15:51:29.295#mousedown#{"isTrusted":true}
2019-5-29 15:51:29.892#mousedown#{"isTrusted":true}
2019-5-29 15:51:32.266#change#{"from":{"line":2,"ch":29,"sticky":"before","xRel":-2.70733642578125},"to":{"line":2,"ch":56,"sticky":"after","xRel":0.92901611328125},"text":["n"],"removed":["aluno que faltavam ao curso"],"origin":"+input"}
2019-5-29 15:51:32.440#change#{"from":{"line":2,"ch":30,"sticky":null},"to":{"line":2,"ch":30,"sticky":null},"text":["u"],"removed":[""],"origin":"+input"}
2019-5-29 15:51:32.611#change#{"from":{"line":2,"ch":31,"sticky":null},"to":{"line":2,"ch":31,"sticky":null},"text":["m"],"removed":[""],"origin":"+input"}
2019-5-29 15:51:32.742#change#{"from":{"line":2,"ch":32,"sticky":null},"to":{"line":2,"ch":32,"sticky":null},"text":["e"],"removed":[""],"origin":"+input"}
2019-5-29 15:51:32.936#change#{"from":{"line":2,"ch":33,"sticky":null},"to":{"line":2,"ch":33,"sticky":null},"text":["r"],"removed":[""],"origin":"+input"}
2019-5-29 15:51:33.100#change#{"from":{"line":2,"ch":34,"sticky":null},"to":{"line":2,"ch":34,"sticky":null},"text":["o"],"removed":[""],"origin":"+input"}
2019-5-29 15:51:33.521#change#{"from":{"line":2,"ch":35,"sticky":null},"to":{"line":2,"ch":35,"sticky":null},"text":["s"],"removed":[""],"origin":"+input"}
2019-5-29 15:51:33.760#change#{"from":{"line":2,"ch":36,"sticky":null},"to":{"line":2,"ch":36,"sticky":null},"text":[" "],"removed":[""],"origin":"+input"}
2019-5-29 15:51:33.811#change#{"from":{"line":2,"ch":37,"sticky":null},"to":{"line":2,"ch":37,"sticky":null},"text":["d"],"removed":[""],"origin":"+input"}
2019-5-29 15:51:33.961#change#{"from":{"line":2,"ch":38,"sticky":null},"to":{"line":2,"ch":38,"sticky":null},"text":["e"],"removed":[""],"origin":"+input"}
2019-5-29 15:51:34.132#change#{"from":{"line":2,"ch":39,"sticky":null},"to":{"line":2,"ch":39,"sticky":null},"text":[" "],"removed":[""],"origin":"+input"}
2019-5-29 15:51:35.084#change#{"from":{"line":2,"ch":40,"sticky":null},"to":{"line":2,"ch":40,"sticky":null},"text":["a"],"removed":[""],"origin":"+input"}
2019-5-29 15:51:35.229#change#{"from":{"line":2,"ch":41,"sticky":null},"to":{"line":2,"ch":41,"sticky":null},"text":["l"],"removed":[""],"origin":"+input"}
2019-5-29 15:51:35.537#change#{"from":{"line":2,"ch":42,"sticky":null},"to":{"line":2,"ch":42,"sticky":null},"text":["u"],"removed":[""],"origin":"+input"}
2019-5-29 15:51:35.775#change#{"from":{"line":2,"ch":43,"sticky":null},"to":{"line":2,"ch":43,"sticky":null},"text":["n"],"removed":[""],"origin":"+input"}
2019-5-29 15:51:35.972#change#{"from":{"line":2,"ch":44,"sticky":null},"to":{"line":2,"ch":44,"sticky":null},"text":["o"],"removed":[""],"origin":"+input"}
2019-5-29 15:51:36.437#change#{"from":{"line":2,"ch":46,"sticky":null},"to":{"line":2,"ch":46,"sticky":null},"text":[" "],"removed":[""],"origin":"+input"}
2019-5-29 15:51:36.875#change#{"from":{"line":2,"ch":47,"sticky":null},"to":{"line":2,"ch":47,"sticky":null},"text":["q"],"removed":[""],"origin":"+input"}
2019-5-29 15:51:37.034#change#{"from":{"line":2,"ch":48,"sticky":null},"to":{"line":2,"ch":48,"sticky":null},"text":["u"],"removed":[""],"origin":"+input"}
2019-5-29 15:51:37.149#change#{"from":{"line":2,"ch":49,"sticky":null},"to":{"line":2,"ch":49,"sticky":null},"text":["e"],"removed":[""],"origin":"+input"}
2019-5-29 15:51:37.346#change#{"from":{"line":2,"ch":50,"sticky":null},"to":{"line":2,"ch":50,"sticky":null},"text":[" "],"removed":[""],"origin":"+input"}
2019-5-29 15:51:38.128#change#{"from":{"line":2,"ch":51,"sticky":null},"to":{"line":2,"ch":51,"sticky":null},"text":["f"],"removed":[""],"origin":"+input"}
2019-5-29 15:51:38.315#change#{"from":{"line":2,"ch":52,"sticky":null},"to":{"line":2,"ch":52,"sticky":null},"text":["a"],"removed":[""],"origin":"+input"}
2019-5-29 15:51:38.549#change#{"from":{"line":2,"ch":53,"sticky":null},"to":{"line":2,"ch":53,"sticky":null},"text":["l"],"removed":[""],"origin":"+input"}
2019-5-29 15:51:38.876#change#{"from":{"line":2,"ch":54,"sticky":null},"to":{"line":2,"ch":54,"sticky":null},"text":["t"],"removed":[""],"origin":"+input"}
2019-5-29 15:51:39.028#change#{"from":{"line":2,"ch":55,"sticky":null},"to":{"line":2,"ch":55,"sticky":null},"text":["a"],"removed":[""],"origin":"+input"}
2019-5-29 15:51:39.274#change#{"from":{"line":2,"ch":56,"sticky":null},"to":{"line":2,"ch":56,"sticky":null},"text":["r"],"removed":[""],"origin":"+input"}
2019-5-29 15:51:39.458#change#{"from":{"line":2,"ch":57,"sticky":null},"to":{"line":2,"ch":57,"sticky":null},"text":["a"],"removed":[""],"origin":"+input"}
2019-5-29 15:51:39.700#change#{"from":{"line":2,"ch":58,"sticky":null},"to":{"line":2,"ch":58,"sticky":null},"text":["m"],"removed":[""],"origin":"+input"}
2019-5-29 15:51:40.101#change#{"from":{"line":2,"ch":59,"sticky":null},"to":{"line":2,"ch":59,"sticky":null},"text":[" "],"removed":[""],"origin":"+input"}
2019-5-29 15:51:40.587#change#{"from":{"line":2,"ch":60,"sticky":null},"to":{"line":2,"ch":60,"sticky":null},"text":["a"],"removed":[""],"origin":"+input"}
2019-5-29 15:51:40.757#change#{"from":{"line":2,"ch":61,"sticky":null},"to":{"line":2,"ch":61,"sticky":null},"text":["o"],"removed":[""],"origin":"+input"}
2019-5-29 15:51:40.996#change#{"from":{"line":2,"ch":62,"sticky":null},"to":{"line":2,"ch":62,"sticky":null},"text":[" "],"removed":[""],"origin":"+input"}
2019-5-29 15:51:41.171#change#{"from":{"line":2,"ch":63,"sticky":null},"to":{"line":2,"ch":63,"sticky":null},"text":["c"],"removed":[""],"origin":"+input"}
2019-5-29 15:51:41.422#change#{"from":{"line":2,"ch":64,"sticky":null},"to":{"line":2,"ch":64,"sticky":null},"text":["u"],"removed":[""],"origin":"+input"}
2019-5-29 15:51:41.555#change#{"from":{"line":2,"ch":65,"sticky":null},"to":{"line":2,"ch":65,"sticky":null},"text":["r"],"removed":[""],"origin":"+input"}
2019-5-29 15:51:41.869#change#{"from":{"line":2,"ch":66,"sticky":null},"to":{"line":2,"ch":66,"sticky":null},"text":["s"],"removed":[""],"origin":"+input"}
2019-5-29 15:51:42.032#change#{"from":{"line":2,"ch":67,"sticky":null},"to":{"line":2,"ch":67,"sticky":null},"text":["o"],"removed":[""],"origin":"+input"}
2019-5-29 15:51:43.692#change#{"from":{"line":2,"ch":68,"sticky":null},"to":{"line":2,"ch":68,"sticky":null},"text":["("],"removed":[""],"origin":"+input"}
2019-5-29 15:51:45.338#change#{"from":{"line":2,"ch":69,"sticky":null},"to":{"line":2,"ch":69,"sticky":null},"text":["a"],"removed":[""],"origin":"+input"}
2019-5-29 15:51:45.970#change#{"from":{"line":2,"ch":70,"sticky":null},"to":{"line":2,"ch":70,"sticky":null},"text":[" "],"removed":[""],"origin":"+input"}
2019-5-29 15:51:46.438#change#{"from":{"line":2,"ch":72,"sticky":null},"to":{"line":2,"ch":72,"sticky":null},"text":["a"],"removed":[""],"origin":"+input"}
2019-5-29 15:51:46.665#change#{"from":{"line":2,"ch":73,"sticky":null},"to":{"line":2,"ch":73,"sticky":null},"text":["d"],"removed":[""],"origin":"+input"}
2019-5-29 15:51:46.800#change#{"from":{"line":2,"ch":74,"sticky":null},"to":{"line":2,"ch":74,"sticky":null},"text":["a"],"removed":[""],"origin":"+input"}
2019-5-29 15:51:47.304#change#{"from":{"line":2,"ch":75,"sticky":null},"to":{"line":2,"ch":75,"sticky":null},"text":[" "],"removed":[""],"origin":"+input"}
2019-5-29 15:51:47.745#change#{"from":{"line":2,"ch":76,"sticky":null},"to":{"line":2,"ch":76,"sticky":null},"text":["m"],"removed":[""],"origin":"+input"}
2019-5-29 15:51:47.883#change#{"from":{"line":2,"ch":77,"sticky":null},"to":{"line":2,"ch":77,"sticky":null},"text":["e"],"removed":[""],"origin":"+input"}
2019-5-29 15:51:48.049#change#{"from":{"line":2,"ch":78,"sticky":null},"to":{"line":2,"ch":78,"sticky":null},"text":["s"],"removed":[""],"origin":"+input"}
2019-5-29 15:51:50.863#change#{"from":{"line":2,"ch":79,"sticky":null},"to":{"line":2,"ch":79,"sticky":null},"text":[")"],"removed":[""],"origin":"+input"}
2019-5-29 15:51:53.249#blur#
2019-5-29 15:52:15.083#focus#
2019-5-29 15:52:16.136#blur#
2019-5-29 15:52:20.516#focus#
2019-5-29 15:52:21.788#mousedown#{"isTrusted":true}
2019-5-29 15:52:22.661#change#{"from":{"line":4,"ch":5,"sticky":"after"},"to":{"line":4,"ch":6,"sticky":"before","xRel":-1.43463134765625},"text":[""],"removed":[" "],"origin":"+delete"}
2019-5-29 15:52:22.661#keyHandled#"Backspace"
2019-5-29 15:52:22.661#change#{"from":{"line":4,"ch":5,"sticky":"after"},"to":{"line":4,"ch":6,"sticky":"before","xRel":-1.43463134765625},"text":[""],"removed":[" "],"origin":"+delete"}
2019-5-29 15:52:22.661#keyHandled#"Backspace"
2019-5-29 15:52:25.166#mousedown#{"isTrusted":true}
2019-5-29 15:52:26.614#change#{"from":{"line":5,"ch":0,"sticky":"after"},"to":{"line":5,"ch":1,"sticky":"before","xRel":-2.971588134765625},"text":[""],"removed":["\t"],"origin":"+delete"}
2019-5-29 15:52:26.614#keyHandled#"Backspace"
2019-5-29 15:52:27.012#change#{"from":{"line":4,"ch":15,"sticky":"before"},"to":{"line":5,"ch":0,"sticky":null},"text":[""],"removed":["",""],"origin":"+delete"}
2019-5-29 15:52:27.012#keyHandled#"Backspace"
2019-5-29 15:52:27.024#viewportChange#0
2019-5-29 15:52:27.450#submit#Your code did not produce the correct output. Please, correct your code and try again.
2019-5-29 15:52:27.574#change#{"from":{"line":4,"ch":15,"sticky":null},"to":{"line":4,"ch":15,"sticky":null},"text":["",""],"removed":[""],"origin":"+input"}
2019-5-29 15:52:27.574#change#{"from":{"line":5,"ch":0,"sticky":null},"to":{"line":5,"ch":0,"sticky":null},"text":["\t"],"removed":[""],"origin":"+input"}
2019-5-29 15:52:27.574#keyHandled#"Enter"
2019-5-29 15:52:27.585#viewportChange#0
2019-5-29 15:52:27.012#change#{"from":{"line":4,"ch":15,"sticky":"before"},"to":{"line":5,"ch":0,"sticky":null},"text":[""],"removed":["",""],"origin":"+delete"}
2019-5-29 15:52:27.012#keyHandled#"Backspace"
2019-5-29 15:52:27.024#viewportChange#0
2019-5-29 15:52:27.450#submit#Your code did not produce the correct output. Please, correct your code and try again.
2019-5-29 15:52:27.574#change#{"from":{"line":4,"ch":15,"sticky":null},"to":{"line":4,"ch":15,"sticky":null},"text":["",""],"removed":[""],"origin":"+input"}
2019-5-29 15:52:27.574#change#{"from":{"line":5,"ch":0,"sticky":null},"to":{"line":5,"ch":0,"sticky":null},"text":["\t"],"removed":[""],"origin":"+input"}
2019-5-29 15:52:27.574#keyHandled#"Enter"
2019-5-29 15:52:27.585#viewportChange#0
2019-5-29 15:52:29.270#blur#
2019-5-29 15:52:30.828#saida_testar#$ python3 main.py
2019-5-29 15:52:30.828#saida_testar#$ python3 main.py
2019-5-29 15:52:53.079#saida_testar#$ python3 main.py
2019-5-29 15:54:18.339#mousedown#{"isTrusted":true}
2019-5-29 15:54:18.459#focus#
2019-5-29 15:54:19.835#copy#{"isTrusted":true}
2019-5-29 15:54:21.572#mousedown#{"isTrusted":true}
2019-5-29 15:54:23.089#change#{"from":{"line":5,"ch":4,"sticky":"after","xRel":3.56536865234375},"to":{"line":5,"ch":13,"sticky":"before","xRel":-2.88916015625},"text":["vec_pr"],"removed":["vec_pr[i]"],"origin":"paste"}
2019-5-29 15:54:23.089#change#{"from":{"line":5,"ch":4,"sticky":"after","xRel":3.56536865234375},"to":{"line":5,"ch":13,"sticky":"before","xRel":-2.88916015625},"text":["vec_pr"],"removed":["vec_pr[i]"],"origin":"paste"}
2019-5-29 15:54:25.511#blur#
2019-5-29 15:54:27.111#saida_testar#$ python3 main.py
2019-5-29 15:54:27.111#saida_testar#$ python3 main.py
2019-5-29 15:54:30.445#mousedown#{"isTrusted":true}
2019-5-29 15:54:30.507#focus#
2019-5-29 15:54:31.421#mousedown#{"isTrusted":true}
2019-5-29 15:54:31.433#submit#Your code did not produce the correct output. Please, correct your code and try again.
2019-5-29 15:54:33.593#change#{"from":{"line":5,"ch":10,"sticky":"before","xRel":-0.07098388671875},"to":{"line":5,"ch":10,"sticky":"before","xRel":-0.07098388671875},"text":["[]"],"removed":[""],"origin":"+input"}
2019-5-29 15:54:33.593#keyHandled#"'['"
2019-5-29 15:54:33.713#change#{"from":{"line":5,"ch":11,"sticky":"after"},"to":{"line":5,"ch":11,"sticky":"after"},"text":["i"],"removed":[""],"origin":"+input"}
2019-5-29 15:54:38.302#blur#
2019-5-29 15:54:38.894#saida_testar#$ python3 main.py
2019-5-29 15:54:38.302#blur#
2019-5-29 15:54:38.894#saida_testar#$ python3 main.py
2019-5-29 15:54:43.143#submit#Your code did not produce the correct output. Please, correct your code and try again.
2019-5-29 15:55:00.034#mousedown#{"isTrusted":true}
2019-5-29 15:55:00.107#focus#
2019-5-29 15:55:00.779#mousedown#{"isTrusted":true}
2019-5-29 15:55:01.611#change#{"from":{"line":5,"ch":9,"sticky":"after","xRel":3.20172119140625},"to":{"line":5,"ch":10,"sticky":"before","xRel":-3.07098388671875},"text":[""],"removed":["r"],"origin":"+delete"}
2019-5-29 15:55:01.611#keyHandled#"Backspace"
2019-5-29 15:55:01.843#change#{"from":{"line":5,"ch":8,"sticky":"after"},"to":{"line":5,"ch":9,"sticky":null},"text":[""],"removed":["p"],"origin":"+delete"}
2019-5-29 15:55:01.843#keyHandled#"Backspace"
2019-5-29 15:55:02.753#change#{"from":{"line":5,"ch":8,"sticky":null},"to":{"line":5,"ch":8,"sticky":null},"text":["f"],"removed":[""],"origin":"+input"}
2019-5-29 15:55:02.952#change#{"from":{"line":5,"ch":9,"sticky":null},"to":{"line":5,"ch":9,"sticky":null},"text":["a"],"removed":[""],"origin":"+input"}
2019-5-29 15:55:03.157#change#{"from":{"line":5,"ch":10,"sticky":null},"to":{"line":5,"ch":10,"sticky":null},"text":["l"],"removed":[""],"origin":"+input"}
2019-5-29 15:55:03.405#change#{"from":{"line":5,"ch":11,"sticky":null},"to":{"line":5,"ch":11,"sticky":null},"text":["t"],"removed":[""],"origin":"+input"}
2019-5-29 15:55:03.157#change#{"from":{"line":5,"ch":10,"sticky":null},"to":{"line":5,"ch":10,"sticky":null},"text":["l"],"removed":[""],"origin":"+input"}
2019-5-29 15:55:03.405#change#{"from":{"line":5,"ch":11,"sticky":null},"to":{"line":5,"ch":11,"sticky":null},"text":["t"],"removed":[""],"origin":"+input"}
2019-5-29 15:55:03.157#change#{"from":{"line":5,"ch":10,"sticky":null},"to":{"line":5,"ch":10,"sticky":null},"text":["l"],"removed":[""],"origin":"+input"}
2019-5-29 15:55:03.405#change#{"from":{"line":5,"ch":11,"sticky":null},"to":{"line":5,"ch":11,"sticky":null},"text":["t"],"removed":[""],"origin":"+input"}
2019-5-29 15:55:06.245#change#{"from":{"line":5,"ch":11,"sticky":"after"},"to":{"line":5,"ch":12,"sticky":null},"text":[""],"removed":["t"],"origin":"+delete"}
2019-5-29 15:55:06.248#keyHandled#"Backspace"
2019-5-29 15:55:06.551#change#{"from":{"line":5,"ch":10,"sticky":"after"},"to":{"line":5,"ch":11,"sticky":null},"text":[""],"removed":["l"],"origin":"+delete"}
2019-5-29 15:55:06.551#keyHandled#"Backspace"
2019-5-29 15:55:06.782#change#{"from":{"line":5,"ch":9,"sticky":"after"},"to":{"line":5,"ch":10,"sticky":null},"text":[""],"removed":["a"],"origin":"+delete"}
2019-5-29 15:55:06.782#keyHandled#"Backspace"
2019-5-29 15:55:07.175#change#{"from":{"line":5,"ch":8,"sticky":"after"},"to":{"line":5,"ch":9,"sticky":null},"text":[""],"removed":["f"],"origin":"+delete"}
2019-5-29 15:55:07.175#keyHandled#"Backspace"
2019-5-29 15:55:08.264#change#{"from":{"line":5,"ch":8,"sticky":null},"to":{"line":5,"ch":8,"sticky":null},"text":["p"],"removed":[""],"origin":"+input"}
2019-5-29 15:55:08.289#change#{"from":{"line":5,"ch":9,"sticky":null},"to":{"line":5,"ch":9,"sticky":null},"text":["r"],"removed":[""],"origin":"+input"}
2019-5-29 15:55:08.442#submit#Your code did not produce the correct output. Please, correct your code and try again.
2019-5-29 15:55:09.657#submit#Your code did not produce the correct output. Please, correct your code and try again.
2019-5-29 15:55:13.964#blur#
2019-5-29 15:55:16.480#focus#
2019-5-29 15:55:17.100#blur#
2019-5-29 15:55:20.433#focus#
2019-5-29 15:55:21.017#blur#
2019-5-29 15:55:24.896#focus#
2019-5-29 15:55:27.831#focus#
2019-5-29 15:55:28.731#mousedown#{"isTrusted":true}
2019-5-29 15:55:29.341#mousedown#{"isTrusted":true}
2019-5-29 15:55:29.880#mousedown#{"isTrusted":true}
2019-5-29 15:55:30.403#mousedown#{"isTrusted":true}
2019-5-29 15:55:31.377#change#{"from":{"line":4,"ch":6,"sticky":"after"},"to":{"line":4,"ch":7,"sticky":"before","xRel":-2.0625},"text":[""],"removed":["1"],"origin":"+delete"}
2019-5-29 15:55:31.377#keyHandled#"Backspace"
2019-5-29 15:55:31.776#change#{"from":{"line":4,"ch":6,"sticky":null},"to":{"line":4,"ch":6,"sticky":null},"text":["i"],"removed":[""],"origin":"+input"}
2019-5-29 15:55:31.377#change#{"from":{"line":4,"ch":6,"sticky":"after"},"to":{"line":4,"ch":7,"sticky":"before","xRel":-2.0625},"text":[""],"removed":["1"],"origin":"+delete"}
2019-5-29 15:55:31.377#keyHandled#"Backspace"
2019-5-29 15:55:31.776#change#{"from":{"line":4,"ch":6,"sticky":null},"to":{"line":4,"ch":6,"sticky":null},"text":["i"],"removed":[""],"origin":"+input"}
