2019-3-26 19:04:21.400#viewportChange#0
2019-3-26 19:04:26.781#mousedown#{"isTrusted":true}
2019-3-26 19:04:26.799#focus#
2019-3-26 19:04:27.783#change#{"from":{"line":2,"ch":78,"sticky":"before","xRel":6.800048828125},"to":{"line":2,"ch":78,"sticky":"before","xRel":6.800048828125},"text":["",""],"removed":[""],"origin":"+input"}
2019-3-26 19:04:27.783#keyHandled#"Enter"
2019-3-26 19:04:27.799#viewportChange#0
2019-3-26 19:07:36.676#change#{"from":{"line":3,"ch":0,"sticky":null},"to":{"line":3,"ch":0,"sticky":null},"text":["t"],"removed":[""],"origin":"+input"}
2019-3-26 19:07:37.176#change#{"from":{"line":3,"ch":1,"sticky":null},"to":{"line":3,"ch":1,"sticky":null},"text":["e"],"removed":[""],"origin":"+input"}
2019-3-26 19:07:37.573#change#{"from":{"line":3,"ch":2,"sticky":null},"to":{"line":3,"ch":2,"sticky":null},"text":["x"],"removed":[""],"origin":"+input"}
2019-3-26 19:07:37.902#change#{"from":{"line":3,"ch":3,"sticky":null},"to":{"line":3,"ch":3,"sticky":null},"text":["t"],"removed":[""],"origin":"+input"}
2019-3-26 19:07:38.758#change#{"from":{"line":3,"ch":4,"sticky":null},"to":{"line":3,"ch":4,"sticky":null},"text":["o"],"removed":[""],"origin":"+input"}
2019-3-26 19:07:40.174#change#{"from":{"line":3,"ch":5,"sticky":null},"to":{"line":3,"ch":5,"sticky":null},"text":["="],"removed":[""],"origin":"+input"}
2019-3-26 19:08:14.953#change#{"from":{"line":3,"ch":5,"sticky":"after"},"to":{"line":3,"ch":6,"sticky":null},"text":[""],"removed":["="],"origin":"+delete"}
2019-3-26 19:08:14.953#keyHandled#"Backspace"
2019-3-26 19:08:15.200#change#{"from":{"line":3,"ch":4,"sticky":"after"},"to":{"line":3,"ch":5,"sticky":null},"text":[""],"removed":["o"],"origin":"+delete"}
2019-3-26 19:08:15.200#keyHandled#"Backspace"
2019-3-26 19:08:15.361#change#{"from":{"line":3,"ch":3,"sticky":"after"},"to":{"line":3,"ch":4,"sticky":null},"text":[""],"removed":["t"],"origin":"+delete"}
2019-3-26 19:08:15.361#keyHandled#"Backspace"
2019-3-26 19:08:15.744#change#{"from":{"line":3,"ch":2,"sticky":"after"},"to":{"line":3,"ch":3,"sticky":null},"text":[""],"removed":["x"],"origin":"+delete"}
2019-3-26 19:08:15.745#keyHandled#"Backspace"
2019-3-26 19:08:16.104#change#{"from":{"line":3,"ch":1,"sticky":"after"},"to":{"line":3,"ch":2,"sticky":null},"text":[""],"removed":["e"],"origin":"+delete"}
2019-3-26 19:08:16.104#keyHandled#"Backspace"
2019-3-26 19:08:16.688#change#{"from":{"line":3,"ch":0,"sticky":"after"},"to":{"line":3,"ch":1,"sticky":null},"text":[""],"removed":["t"],"origin":"+delete"}
2019-3-26 19:08:16.688#keyHandled#"Backspace"
2019-3-26 19:08:17.713#blur#
2019-3-26 19:08:49.853#mousedown#{"isTrusted":true}
2019-3-26 19:08:49.861#focus#
2019-3-26 19:08:55.194#blur#
2019-3-26 19:09:30.681#mousedown#{"isTrusted":true}
2019-3-26 19:09:30.684#focus#
2019-3-26 19:09:31.735#change#{"from":{"line":3,"ch":0,"sticky":"after","xRel":55.29998779296875},"to":{"line":3,"ch":0,"sticky":"after","xRel":55.29998779296875},"text":["t"],"removed":[""],"origin":"+input"}
2019-3-26 19:09:32.212#change#{"from":{"line":3,"ch":1,"sticky":null},"to":{"line":3,"ch":1,"sticky":null},"text":["e"],"removed":[""],"origin":"+input"}
2019-3-26 19:09:32.523#change#{"from":{"line":3,"ch":2,"sticky":null},"to":{"line":3,"ch":2,"sticky":null},"text":["x"],"removed":[""],"origin":"+input"}
2019-3-26 19:09:32.853#change#{"from":{"line":3,"ch":3,"sticky":null},"to":{"line":3,"ch":3,"sticky":null},"text":["t"],"removed":[""],"origin":"+input"}
2019-3-26 19:09:33.248#change#{"from":{"line":3,"ch":4,"sticky":null},"to":{"line":3,"ch":4,"sticky":null},"text":["o"],"removed":[""],"origin":"+input"}
2019-3-26 19:09:34.271#change#{"from":{"line":3,"ch":5,"sticky":null},"to":{"line":3,"ch":5,"sticky":null},"text":["+"],"removed":[""],"origin":"+input"}
2019-3-26 19:09:35.033#change#{"from":{"line":3,"ch":5,"sticky":"after"},"to":{"line":3,"ch":6,"sticky":null},"text":[""],"removed":["+"],"origin":"+delete"}
2019-3-26 19:09:35.033#keyHandled#"Backspace"
2019-3-26 19:09:35.422#change#{"from":{"line":3,"ch":5,"sticky":null},"to":{"line":3,"ch":5,"sticky":null},"text":["="],"removed":[""],"origin":"+input"}
2019-3-26 19:09:37.894#change#{"from":{"line":3,"ch":6,"sticky":null},"to":{"line":3,"ch":6,"sticky":null},"text":[" "],"removed":[""],"origin":"+input"}
2019-3-26 19:09:38.145#change#{"from":{"line":3,"ch":7,"sticky":null},"to":{"line":3,"ch":7,"sticky":null},"text":["i"],"removed":[""],"origin":"+input"}
2019-3-26 19:09:38.418#change#{"from":{"line":3,"ch":8,"sticky":null},"to":{"line":3,"ch":8,"sticky":null},"text":["n"],"removed":[""],"origin":"+input"}
2019-3-26 19:09:39.208#change#{"from":{"line":3,"ch":9,"sticky":null},"to":{"line":3,"ch":9,"sticky":null},"text":["o"],"removed":[""],"origin":"+input"}
2019-3-26 19:09:41.673#change#{"from":{"line":3,"ch":9,"sticky":"after"},"to":{"line":3,"ch":10,"sticky":null},"text":[""],"removed":["o"],"origin":"+delete"}
2019-3-26 19:09:41.673#keyHandled#"Backspace"
2019-3-26 19:09:42.656#change#{"from":{"line":3,"ch":9,"sticky":null},"to":{"line":3,"ch":9,"sticky":null},"text":["p"],"removed":[""],"origin":"+input"}
2019-3-26 19:09:43.166#change#{"from":{"line":3,"ch":10,"sticky":null},"to":{"line":3,"ch":10,"sticky":null},"text":["u"],"removed":[""],"origin":"+input"}
2019-3-26 19:09:45.249#change#{"from":{"line":3,"ch":11,"sticky":"after"},"to":{"line":3,"ch":12,"sticky":null},"text":[""],"removed":["y"],"origin":"+delete"}
2019-3-26 19:09:45.249#keyHandled#"Backspace"
2019-3-26 19:09:45.534#change#{"from":{"line":3,"ch":11,"sticky":null},"to":{"line":3,"ch":11,"sticky":null},"text":["t"],"removed":[""],"origin":"+input"}
2019-3-26 19:09:46.885#change#{"from":{"line":3,"ch":12,"sticky":null},"to":{"line":3,"ch":12,"sticky":null},"text":["()"],"removed":[""],"origin":"+input"}
2019-3-26 19:09:46.885#keyHandled#"'('"
2019-3-26 19:09:54.294#change#{"from":{"line":3,"ch":13,"sticky":"after"},"to":{"line":3,"ch":13,"sticky":"after"},"text":["\"\""],"removed":[""],"origin":"+input"}
2019-3-26 19:09:54.294#keyHandled#"'\"'"
2019-3-26 19:09:55.575#change#{"from":{"line":3,"ch":14,"sticky":"after"},"to":{"line":3,"ch":14,"sticky":"after"},"text":["t"],"removed":[""],"origin":"+input"}
2019-3-26 19:09:55.990#change#{"from":{"line":3,"ch":15,"sticky":null},"to":{"line":3,"ch":15,"sticky":null},"text":["e"],"removed":[""],"origin":"+input"}
2019-3-26 19:09:56.447#change#{"from":{"line":3,"ch":16,"sticky":null},"to":{"line":3,"ch":16,"sticky":null},"text":["c"],"removed":[""],"origin":"+input"}
2019-3-26 19:09:57.121#change#{"from":{"line":3,"ch":16,"sticky":"after"},"to":{"line":3,"ch":17,"sticky":null},"text":[""],"removed":["c"],"origin":"+delete"}
2019-3-26 19:09:57.121#keyHandled#"Backspace"
2019-3-26 19:09:58.559#change#{"from":{"line":3,"ch":16,"sticky":null},"to":{"line":3,"ch":16,"sticky":null},"text":["x"],"removed":[""],"origin":"+input"}
2019-3-26 19:09:58.942#change#{"from":{"line":3,"ch":17,"sticky":null},"to":{"line":3,"ch":17,"sticky":null},"text":["t"],"removed":[""],"origin":"+input"}
2019-3-26 19:09:59.326#change#{"from":{"line":3,"ch":18,"sticky":null},"to":{"line":3,"ch":18,"sticky":null},"text":["o"],"removed":[""],"origin":"+input"}
2019-3-26 19:10:01.394#mousedown#{"isTrusted":true}
2019-3-26 19:10:02.307#change#{"from":{"line":3,"ch":21,"sticky":"before","xRel":5.54998779296875},"to":{"line":3,"ch":21,"sticky":"before","xRel":5.54998779296875},"text":["",""],"removed":[""],"origin":"+input"}
2019-3-26 19:10:02.307#keyHandled#"Enter"
2019-3-26 19:10:02.323#viewportChange#0
2019-3-26 19:10:10.607#change#{"from":{"line":4,"ch":0,"sticky":null},"to":{"line":4,"ch":0,"sticky":null},"text":["p"],"removed":[""],"origin":"+input"}
2019-3-26 19:10:10.926#change#{"from":{"line":4,"ch":1,"sticky":null},"to":{"line":4,"ch":1,"sticky":null},"text":["r"],"removed":[""],"origin":"+input"}
2019-3-26 19:10:11.551#change#{"from":{"line":4,"ch":2,"sticky":null},"to":{"line":4,"ch":2,"sticky":null},"text":["i"],"removed":[""],"origin":"+input"}
2019-3-26 19:10:11.907#change#{"from":{"line":4,"ch":3,"sticky":null},"to":{"line":4,"ch":3,"sticky":null},"text":["n"],"removed":[""],"origin":"+input"}
2019-3-26 19:10:12.251#change#{"from":{"line":4,"ch":4,"sticky":null},"to":{"line":4,"ch":4,"sticky":null},"text":["t"],"removed":[""],"origin":"+input"}
2019-3-26 19:10:15.574#change#{"from":{"line":4,"ch":5,"sticky":null},"to":{"line":4,"ch":5,"sticky":null},"text":["()"],"removed":[""],"origin":"+input"}
2019-3-26 19:10:15.574#keyHandled#"'('"
2019-3-26 19:10:20.791#change#{"from":{"line":4,"ch":6,"sticky":"after"},"to":{"line":4,"ch":6,"sticky":"after"},"text":["t"],"removed":[""],"origin":"+input"}
2019-3-26 19:10:21.334#change#{"from":{"line":4,"ch":7,"sticky":null},"to":{"line":4,"ch":7,"sticky":null},"text":["e"],"removed":[""],"origin":"+input"}
2019-3-26 19:10:21.682#change#{"from":{"line":4,"ch":8,"sticky":null},"to":{"line":4,"ch":8,"sticky":null},"text":["x"],"removed":[""],"origin":"+input"}
2019-3-26 19:10:22.035#change#{"from":{"line":4,"ch":9,"sticky":null},"to":{"line":4,"ch":9,"sticky":null},"text":["t"],"removed":[""],"origin":"+input"}
2019-3-26 19:10:22.518#change#{"from":{"line":4,"ch":10,"sticky":null},"to":{"line":4,"ch":10,"sticky":null},"text":["o"],"removed":[""],"origin":"+input"}
2019-3-26 19:10:24.470#change#{"from":{"line":4,"ch":11,"sticky":null},"to":{"line":4,"ch":11,"sticky":null},"text":["."],"removed":[""],"origin":"+input"}
2019-3-26 19:10:25.137#change#{"from":{"line":4,"ch":12,"sticky":null},"to":{"line":4,"ch":12,"sticky":null},"text":["u"],"removed":[""],"origin":"+input"}
2019-3-26 19:10:25.513#change#{"from":{"line":4,"ch":13,"sticky":null},"to":{"line":4,"ch":13,"sticky":null},"text":["p"],"removed":[""],"origin":"+input"}
2019-3-26 19:10:26.030#change#{"from":{"line":4,"ch":14,"sticky":null},"to":{"line":4,"ch":14,"sticky":null},"text":["p"],"removed":[""],"origin":"+input"}
2019-3-26 19:10:26.542#change#{"from":{"line":4,"ch":15,"sticky":null},"to":{"line":4,"ch":15,"sticky":null},"text":["e"],"removed":[""],"origin":"+input"}
2019-3-26 19:10:26.835#change#{"from":{"line":4,"ch":16,"sticky":null},"to":{"line":4,"ch":16,"sticky":null},"text":["r"],"removed":[""],"origin":"+input"}
2019-3-26 19:10:36.670#change#{"from":{"line":4,"ch":17,"sticky":null},"to":{"line":4,"ch":17,"sticky":null},"text":["()"],"removed":[""],"origin":"+input"}
2019-3-26 19:10:36.670#keyHandled#"'('"
2019-3-26 19:10:54.713#blur#
2019-3-26 19:10:54.713#blur#
2019-3-26 19:10:56.619#saida_testar#$ python3 main.py
