2019-4-15 12:09:25.707#viewportChange#0
2019-4-15 12:09:27.627#mousedown#{"isTrusted":true}
2019-4-15 12:09:27.639#focus#
2019-4-15 12:09:31.617#change#{"from":{"line":0,"ch":0,"sticky":"after","xRel":52.09375},"to":{"line":0,"ch":0,"sticky":"after","xRel":52.09375},"text":["n"],"removed":[""],"origin":"+input"}
2019-4-15 12:09:31.872#change#{"from":{"line":0,"ch":1,"sticky":null},"to":{"line":0,"ch":1,"sticky":null},"text":["o"],"removed":[""],"origin":"+input"}
2019-4-15 12:09:32.011#change#{"from":{"line":0,"ch":2,"sticky":null},"to":{"line":0,"ch":2,"sticky":null},"text":["t"],"removed":[""],"origin":"+input"}
2019-4-15 12:09:32.270#change#{"from":{"line":0,"ch":3,"sticky":null},"to":{"line":0,"ch":3,"sticky":null},"text":["a"],"removed":[""],"origin":"+input"}
2019-4-15 12:09:32.404#change#{"from":{"line":0,"ch":4,"sticky":null},"to":{"line":0,"ch":4,"sticky":null},"text":[" "],"removed":[""],"origin":"+input"}
2019-4-15 12:09:32.908#change#{"from":{"line":0,"ch":4,"sticky":"after"},"to":{"line":0,"ch":5,"sticky":null},"text":[""],"removed":[" "],"origin":"+delete"}
2019-4-15 12:09:32.908#keyHandled#"Backspace"
2019-4-15 12:09:34.666#change#{"from":{"line":0,"ch":4,"sticky":null},"to":{"line":0,"ch":4,"sticky":null},"text":["="],"removed":[""],"origin":"+input"}
2019-4-15 12:09:46.871#change#{"from":{"line":0,"ch":5,"sticky":null},"to":{"line":0,"ch":5,"sticky":null},"text":["f"],"removed":[""],"origin":"+input"}
2019-4-15 12:09:47.016#change#{"from":{"line":0,"ch":6,"sticky":null},"to":{"line":0,"ch":6,"sticky":null},"text":["l"],"removed":[""],"origin":"+input"}
2019-4-15 12:09:47.228#change#{"from":{"line":0,"ch":7,"sticky":null},"to":{"line":0,"ch":7,"sticky":null},"text":["o"],"removed":[""],"origin":"+input"}
2019-4-15 12:09:47.474#change#{"from":{"line":0,"ch":7,"sticky":"after"},"to":{"line":0,"ch":8,"sticky":null},"text":[""],"removed":["o"],"origin":"+delete"}
2019-4-15 12:09:47.474#keyHandled#"Backspace"
2019-4-15 12:09:47.635#change#{"from":{"line":0,"ch":6,"sticky":"after"},"to":{"line":0,"ch":7,"sticky":null},"text":[""],"removed":["l"],"origin":"+delete"}
2019-4-15 12:09:47.635#keyHandled#"Backspace"
2019-4-15 12:09:47.990#change#{"from":{"line":0,"ch":5,"sticky":"after"},"to":{"line":0,"ch":6,"sticky":null},"text":[""],"removed":["f"],"origin":"+delete"}
2019-4-15 12:09:47.990#keyHandled#"Backspace"
2019-4-15 12:09:48.143#change#{"from":{"line":0,"ch":5,"sticky":null},"to":{"line":0,"ch":5,"sticky":null},"text":[" "],"removed":[""],"origin":"+input"}
2019-4-15 12:09:48.284#change#{"from":{"line":0,"ch":6,"sticky":null},"to":{"line":0,"ch":6,"sticky":null},"text":["f"],"removed":[""],"origin":"+input"}
2019-4-15 12:09:48.390#change#{"from":{"line":0,"ch":7,"sticky":null},"to":{"line":0,"ch":7,"sticky":null},"text":["l"],"removed":[""],"origin":"+input"}
2019-4-15 12:09:48.631#change#{"from":{"line":0,"ch":8,"sticky":null},"to":{"line":0,"ch":8,"sticky":null},"text":["o"],"removed":[""],"origin":"+input"}
2019-4-15 12:09:48.798#change#{"from":{"line":0,"ch":9,"sticky":null},"to":{"line":0,"ch":9,"sticky":null},"text":["a"],"removed":[""],"origin":"+input"}
2019-4-15 12:09:50.396#change#{"from":{"line":0,"ch":10,"sticky":null},"to":{"line":0,"ch":10,"sticky":null},"text":["t"],"removed":[""],"origin":"+input"}
2019-4-15 12:09:50.914#change#{"from":{"line":0,"ch":11,"sticky":null},"to":{"line":0,"ch":11,"sticky":null},"text":["()"],"removed":[""],"origin":"+input"}
2019-4-15 12:09:50.914#keyHandled#"'('"
2019-4-15 12:09:52.931#change#{"from":{"line":0,"ch":12,"sticky":"after"},"to":{"line":0,"ch":12,"sticky":"after"},"text":["i"],"removed":[""],"origin":"+input"}
2019-4-15 12:09:53.160#change#{"from":{"line":0,"ch":13,"sticky":null},"to":{"line":0,"ch":13,"sticky":null},"text":["n"],"removed":[""],"origin":"+input"}
2019-4-15 12:09:53.460#change#{"from":{"line":0,"ch":14,"sticky":null},"to":{"line":0,"ch":14,"sticky":null},"text":["p"],"removed":[""],"origin":"+input"}
2019-4-15 12:09:53.726#change#{"from":{"line":0,"ch":15,"sticky":null},"to":{"line":0,"ch":15,"sticky":null},"text":["u"],"removed":[""],"origin":"+input"}
2019-4-15 12:09:53.958#change#{"from":{"line":0,"ch":16,"sticky":null},"to":{"line":0,"ch":16,"sticky":null},"text":["t"],"removed":[""],"origin":"+input"}
2019-4-15 12:09:57.794#change#{"from":{"line":0,"ch":17,"sticky":null},"to":{"line":0,"ch":17,"sticky":null},"text":["\"\""],"removed":[""],"origin":"+input"}
2019-4-15 12:09:57.794#keyHandled#"'\"'"
2019-4-15 12:10:02.882#change#{"from":{"line":0,"ch":18,"sticky":"after"},"to":{"line":0,"ch":18,"sticky":"after"},"text":["D"],"removed":[""],"origin":"+input"}
2019-4-15 12:10:04.667#change#{"from":{"line":0,"ch":19,"sticky":null},"to":{"line":0,"ch":19,"sticky":null},"text":["i"],"removed":[""],"origin":"+input"}
2019-4-15 12:10:05.436#change#{"from":{"line":0,"ch":20,"sticky":null},"to":{"line":0,"ch":20,"sticky":null},"text":["g"],"removed":[""],"origin":"+input"}
2019-4-15 12:10:05.592#change#{"from":{"line":0,"ch":21,"sticky":null},"to":{"line":0,"ch":21,"sticky":null},"text":["i"],"removed":[""],"origin":"+input"}
2019-4-15 12:10:06.308#change#{"from":{"line":0,"ch":22,"sticky":null},"to":{"line":0,"ch":22,"sticky":null},"text":["t"],"removed":[""],"origin":"+input"}
2019-4-15 12:10:06.557#change#{"from":{"line":0,"ch":23,"sticky":null},"to":{"line":0,"ch":23,"sticky":null},"text":["e"],"removed":[""],"origin":"+input"}
2019-4-15 12:10:06.664#change#{"from":{"line":0,"ch":24,"sticky":null},"to":{"line":0,"ch":24,"sticky":null},"text":[" "],"removed":[""],"origin":"+input"}
2019-4-15 12:10:06.834#change#{"from":{"line":0,"ch":25,"sticky":null},"to":{"line":0,"ch":25,"sticky":null},"text":["a"],"removed":[""],"origin":"+input"}
2019-4-15 12:10:06.897#change#{"from":{"line":0,"ch":26,"sticky":null},"to":{"line":0,"ch":26,"sticky":null},"text":[" "],"removed":[""],"origin":"+input"}
2019-4-15 12:10:07.069#change#{"from":{"line":0,"ch":27,"sticky":null},"to":{"line":0,"ch":27,"sticky":null},"text":["n"],"removed":[""],"origin":"+input"}
2019-4-15 12:10:07.292#change#{"from":{"line":0,"ch":28,"sticky":null},"to":{"line":0,"ch":28,"sticky":null},"text":["o"],"removed":[""],"origin":"+input"}
2019-4-15 12:10:07.412#change#{"from":{"line":0,"ch":29,"sticky":null},"to":{"line":0,"ch":29,"sticky":null},"text":["t"],"removed":[""],"origin":"+input"}
2019-4-15 12:10:07.725#change#{"from":{"line":0,"ch":30,"sticky":null},"to":{"line":0,"ch":30,"sticky":null},"text":["a"],"removed":[""],"origin":"+input"}
2019-4-15 12:10:07.803#change#{"from":{"line":0,"ch":31,"sticky":null},"to":{"line":0,"ch":31,"sticky":null},"text":[" "],"removed":[""],"origin":"+input"}
2019-4-15 12:10:07.973#change#{"from":{"line":0,"ch":32,"sticky":null},"to":{"line":0,"ch":32,"sticky":null},"text":["d"],"removed":[""],"origin":"+input"}
2019-4-15 12:10:08.061#change#{"from":{"line":0,"ch":33,"sticky":null},"to":{"line":0,"ch":33,"sticky":null},"text":["o"],"removed":[""],"origin":"+input"}
2019-4-15 12:10:08.229#change#{"from":{"line":0,"ch":34,"sticky":null},"to":{"line":0,"ch":34,"sticky":null},"text":[" "],"removed":[""],"origin":"+input"}
2019-4-15 12:10:08.456#change#{"from":{"line":0,"ch":35,"sticky":null},"to":{"line":0,"ch":35,"sticky":null},"text":["l"],"removed":[""],"origin":"+input"}
2019-4-15 12:10:08.477#change#{"from":{"line":0,"ch":36,"sticky":null},"to":{"line":0,"ch":36,"sticky":null},"text":["a"],"removed":[""],"origin":"+input"}
2019-4-15 12:10:09.039#change#{"from":{"line":0,"ch":36,"sticky":"after"},"to":{"line":0,"ch":37,"sticky":null},"text":[""],"removed":["a"],"origin":"+delete"}
2019-4-15 12:10:09.040#keyHandled#"Backspace"
2019-4-15 12:10:09.163#change#{"from":{"line":0,"ch":35,"sticky":"after"},"to":{"line":0,"ch":36,"sticky":null},"text":[""],"removed":["l"],"origin":"+delete"}
2019-4-15 12:10:09.163#keyHandled#"Backspace"
2019-4-15 12:10:09.675#change#{"from":{"line":0,"ch":35,"sticky":null},"to":{"line":0,"ch":35,"sticky":null},"text":["a"],"removed":[""],"origin":"+input"}
2019-4-15 12:10:09.796#change#{"from":{"line":0,"ch":36,"sticky":null},"to":{"line":0,"ch":36,"sticky":null},"text":["l"],"removed":[""],"origin":"+input"}
2019-4-15 12:10:10.062#change#{"from":{"line":0,"ch":37,"sticky":null},"to":{"line":0,"ch":37,"sticky":null},"text":["u"],"removed":[""],"origin":"+input"}
2019-4-15 12:10:10.277#change#{"from":{"line":0,"ch":38,"sticky":null},"to":{"line":0,"ch":38,"sticky":null},"text":["n"],"removed":[""],"origin":"+input"}
2019-4-15 12:10:12.272#mousedown#{"isTrusted":true}
2019-4-15 12:10:22.339#change#{"from":{"line":0,"ch":42,"sticky":"before","xRel":52.859375},"to":{"line":0,"ch":42,"sticky":"before","xRel":52.859375},"text":[")"],"removed":[""],"origin":"+input"}
2019-4-15 12:10:22.894#change#{"from":{"line":0,"ch":42,"sticky":"after"},"to":{"line":0,"ch":43,"sticky":null},"text":[""],"removed":[")"],"origin":"+delete"}
2019-4-15 12:10:22.894#keyHandled#"Backspace"
2019-4-15 12:10:23.125#change#{"from":{"line":0,"ch":41,"sticky":"after"},"to":{"line":0,"ch":42,"sticky":null},"text":[""],"removed":[")"],"origin":"+delete"}
2019-4-15 12:10:23.125#keyHandled#"Backspace"
2019-4-15 12:10:25.205#mousedown#{"isTrusted":true}
2019-4-15 12:10:26.226#change#{"from":{"line":0,"ch":17,"sticky":"before","xRel":-0.71875},"to":{"line":0,"ch":17,"sticky":"before","xRel":-0.71875},"text":["()"],"removed":[""],"origin":"+input"}
2019-4-15 12:10:26.226#keyHandled#"'('"
2019-4-15 12:10:27.787#mousedown#{"isTrusted":true}
2019-4-15 12:10:28.319#change#{"from":{"line":0,"ch":42,"sticky":"after"},"to":{"line":0,"ch":43,"sticky":"before","xRel":19.15625},"text":[""],"removed":["\""],"origin":"+delete"}
2019-4-15 12:10:28.319#keyHandled#"Backspace"
2019-4-15 12:10:28.628#change#{"from":{"line":0,"ch":41,"sticky":"after"},"to":{"line":0,"ch":42,"sticky":null},"text":[""],"removed":["o"],"origin":"+delete"}
2019-4-15 12:10:28.628#keyHandled#"Backspace"
2019-4-15 12:10:28.820#change#{"from":{"line":0,"ch":40,"sticky":"after"},"to":{"line":0,"ch":41,"sticky":null},"text":[""],"removed":["n"],"origin":"+delete"}
2019-4-15 12:10:28.820#keyHandled#"Backspace"
2019-4-15 12:10:33.422#change#{"from":{"line":0,"ch":39,"sticky":"after"},"to":{"line":0,"ch":40,"sticky":null},"text":[""],"removed":["u"],"origin":"+delete"}
2019-4-15 12:10:33.422#keyHandled#"Backspace"
2019-4-15 12:10:33.938#change#{"from":{"line":0,"ch":38,"sticky":"after"},"to":{"line":0,"ch":39,"sticky":null},"text":[""],"removed":["l"],"origin":"+delete"}
2019-4-15 12:10:33.938#keyHandled#"Backspace"
2019-4-15 12:10:34.070#change#{"from":{"line":0,"ch":37,"sticky":"after"},"to":{"line":0,"ch":38,"sticky":null},"text":[""],"removed":["a"],"origin":"+delete"}
2019-4-15 12:10:34.071#keyHandled#"Backspace"
2019-4-15 12:10:34.207#change#{"from":{"line":0,"ch":36,"sticky":"after"},"to":{"line":0,"ch":37,"sticky":null},"text":[""],"removed":[" "],"origin":"+delete"}
2019-4-15 12:10:34.207#keyHandled#"Backspace"
2019-4-15 12:10:34.336#change#{"from":{"line":0,"ch":35,"sticky":"after"},"to":{"line":0,"ch":36,"sticky":null},"text":[""],"removed":["o"],"origin":"+delete"}
2019-4-15 12:10:34.336#keyHandled#"Backspace"
2019-4-15 12:10:34.467#change#{"from":{"line":0,"ch":34,"sticky":"after"},"to":{"line":0,"ch":35,"sticky":null},"text":[""],"removed":["d"],"origin":"+delete"}
2019-4-15 12:10:34.467#keyHandled#"Backspace"
2019-4-15 12:10:34.600#change#{"from":{"line":0,"ch":33,"sticky":"after"},"to":{"line":0,"ch":34,"sticky":null},"text":[""],"removed":[" "],"origin":"+delete"}
2019-4-15 12:10:34.600#keyHandled#"Backspace"
2019-4-15 12:10:34.755#change#{"from":{"line":0,"ch":32,"sticky":"after"},"to":{"line":0,"ch":33,"sticky":null},"text":[""],"removed":["a"],"origin":"+delete"}
2019-4-15 12:10:34.755#keyHandled#"Backspace"
2019-4-15 12:10:34.968#change#{"from":{"line":0,"ch":31,"sticky":"after"},"to":{"line":0,"ch":32,"sticky":null},"text":[""],"removed":["t"],"origin":"+delete"}
2019-4-15 12:10:34.968#keyHandled#"Backspace"
2019-4-15 12:10:35.111#change#{"from":{"line":0,"ch":30,"sticky":"after"},"to":{"line":0,"ch":31,"sticky":null},"text":[""],"removed":["o"],"origin":"+delete"}
2019-4-15 12:10:35.111#keyHandled#"Backspace"
2019-4-15 12:10:35.247#change#{"from":{"line":0,"ch":29,"sticky":"after"},"to":{"line":0,"ch":30,"sticky":null},"text":[""],"removed":["n"],"origin":"+delete"}
2019-4-15 12:10:35.247#keyHandled#"Backspace"
2019-4-15 12:10:35.372#change#{"from":{"line":0,"ch":28,"sticky":"after"},"to":{"line":0,"ch":29,"sticky":null},"text":[""],"removed":[" "],"origin":"+delete"}
2019-4-15 12:10:35.372#keyHandled#"Backspace"
2019-4-15 12:10:35.501#change#{"from":{"line":0,"ch":27,"sticky":"after"},"to":{"line":0,"ch":28,"sticky":null},"text":[""],"removed":["a"],"origin":"+delete"}
2019-4-15 12:10:35.501#keyHandled#"Backspace"
2019-4-15 12:10:35.634#change#{"from":{"line":0,"ch":26,"sticky":"after"},"to":{"line":0,"ch":27,"sticky":null},"text":[""],"removed":[" "],"origin":"+delete"}
2019-4-15 12:10:35.634#keyHandled#"Backspace"
2019-4-15 12:10:35.770#change#{"from":{"line":0,"ch":25,"sticky":"after"},"to":{"line":0,"ch":26,"sticky":null},"text":[""],"removed":["e"],"origin":"+delete"}
2019-4-15 12:10:35.770#keyHandled#"Backspace"
2019-4-15 12:10:35.932#change#{"from":{"line":0,"ch":24,"sticky":"after"},"to":{"line":0,"ch":25,"sticky":null},"text":[""],"removed":["t"],"origin":"+delete"}
2019-4-15 12:10:35.932#keyHandled#"Backspace"
2019-4-15 12:10:36.077#change#{"from":{"line":0,"ch":23,"sticky":"after"},"to":{"line":0,"ch":24,"sticky":null},"text":[""],"removed":["i"],"origin":"+delete"}
2019-4-15 12:10:36.077#keyHandled#"Backspace"
2019-4-15 12:10:36.235#change#{"from":{"line":0,"ch":22,"sticky":"after"},"to":{"line":0,"ch":23,"sticky":null},"text":[""],"removed":["g"],"origin":"+delete"}
2019-4-15 12:10:36.235#keyHandled#"Backspace"
2019-4-15 12:10:36.376#change#{"from":{"line":0,"ch":21,"sticky":"after"},"to":{"line":0,"ch":22,"sticky":null},"text":[""],"removed":["i"],"origin":"+delete"}
2019-4-15 12:10:36.376#keyHandled#"Backspace"
2019-4-15 12:10:36.600#change#{"from":{"line":0,"ch":20,"sticky":"after"},"to":{"line":0,"ch":21,"sticky":null},"text":[""],"removed":["D"],"origin":"+delete"}
2019-4-15 12:10:36.600#keyHandled#"Backspace"
2019-4-15 12:10:37.135#change#{"from":{"line":0,"ch":19,"sticky":"after"},"to":{"line":0,"ch":20,"sticky":null},"text":[""],"removed":["\""],"origin":"+delete"}
2019-4-15 12:10:37.135#keyHandled#"Backspace"
2019-4-15 12:10:38.044#keyHandled#"Left"
2019-4-15 12:10:38.860#change#{"from":{"line":0,"ch":18,"sticky":"after"},"to":{"line":0,"ch":18,"sticky":"after"},"text":["\"\""],"removed":[""],"origin":"+input"}
2019-4-15 12:10:38.860#keyHandled#"'\"'"
2019-4-15 12:10:41.892#change#{"from":{"line":0,"ch":19,"sticky":"after"},"to":{"line":0,"ch":19,"sticky":"after"},"text":["D"],"removed":[""],"origin":"+input"}
2019-4-15 12:10:42.286#change#{"from":{"line":0,"ch":20,"sticky":null},"to":{"line":0,"ch":20,"sticky":null},"text":["i"],"removed":[""],"origin":"+input"}
2019-4-15 12:10:42.589#change#{"from":{"line":0,"ch":21,"sticky":null},"to":{"line":0,"ch":21,"sticky":null},"text":["g"],"removed":[""],"origin":"+input"}
2019-4-15 12:10:42.826#change#{"from":{"line":0,"ch":22,"sticky":null},"to":{"line":0,"ch":22,"sticky":null},"text":["i"],"removed":[""],"origin":"+input"}
2019-4-15 12:10:43.107#change#{"from":{"line":0,"ch":23,"sticky":null},"to":{"line":0,"ch":23,"sticky":null},"text":["t"],"removed":[""],"origin":"+input"}
2019-4-15 12:10:43.347#change#{"from":{"line":0,"ch":24,"sticky":null},"to":{"line":0,"ch":24,"sticky":null},"text":["e"],"removed":[""],"origin":"+input"}
2019-4-15 12:10:43.725#change#{"from":{"line":0,"ch":25,"sticky":null},"to":{"line":0,"ch":25,"sticky":null},"text":[" "],"removed":[""],"origin":"+input"}
2019-4-15 12:10:43.842#change#{"from":{"line":0,"ch":26,"sticky":null},"to":{"line":0,"ch":26,"sticky":null},"text":["a"],"removed":[""],"origin":"+input"}
2019-4-15 12:10:43.940#change#{"from":{"line":0,"ch":27,"sticky":null},"to":{"line":0,"ch":27,"sticky":null},"text":[" "],"removed":[""],"origin":"+input"}
2019-4-15 12:10:44.126#change#{"from":{"line":0,"ch":28,"sticky":null},"to":{"line":0,"ch":28,"sticky":null},"text":["n"],"removed":[""],"origin":"+input"}
2019-4-15 12:10:44.840#change#{"from":{"line":0,"ch":29,"sticky":null},"to":{"line":0,"ch":29,"sticky":null},"text":["o"],"removed":[""],"origin":"+input"}
2019-4-15 12:10:44.960#change#{"from":{"line":0,"ch":30,"sticky":null},"to":{"line":0,"ch":30,"sticky":null},"text":["t"],"removed":[""],"origin":"+input"}
2019-4-15 12:10:45.242#change#{"from":{"line":0,"ch":31,"sticky":null},"to":{"line":0,"ch":31,"sticky":null},"text":["a"],"removed":[""],"origin":"+input"}
2019-4-15 12:10:45.314#change#{"from":{"line":0,"ch":32,"sticky":null},"to":{"line":0,"ch":32,"sticky":null},"text":[" "],"removed":[""],"origin":"+input"}
2019-4-15 12:10:45.710#change#{"from":{"line":0,"ch":33,"sticky":null},"to":{"line":0,"ch":33,"sticky":null},"text":["o"],"removed":[""],"origin":"+input"}
2019-4-15 12:10:45.780#change#{"from":{"line":0,"ch":34,"sticky":null},"to":{"line":0,"ch":34,"sticky":null},"text":["d"],"removed":[""],"origin":"+input"}
2019-4-15 12:10:46.098#change#{"from":{"line":0,"ch":34,"sticky":"after"},"to":{"line":0,"ch":35,"sticky":null},"text":[""],"removed":["d"],"origin":"+delete"}
2019-4-15 12:10:46.098#keyHandled#"Backspace"
2019-4-15 12:10:46.311#change#{"from":{"line":0,"ch":33,"sticky":"after"},"to":{"line":0,"ch":34,"sticky":null},"text":[""],"removed":["o"],"origin":"+delete"}
2019-4-15 12:10:46.312#keyHandled#"Backspace"
2019-4-15 12:10:46.394#change#{"from":{"line":0,"ch":33,"sticky":null},"to":{"line":0,"ch":33,"sticky":null},"text":["d"],"removed":[""],"origin":"+input"}
2019-4-15 12:10:46.542#change#{"from":{"line":0,"ch":34,"sticky":null},"to":{"line":0,"ch":34,"sticky":null},"text":["o"],"removed":[""],"origin":"+input"}
2019-4-15 12:10:46.894#change#{"from":{"line":0,"ch":35,"sticky":null},"to":{"line":0,"ch":35,"sticky":null},"text":[" "],"removed":[""],"origin":"+input"}
2019-4-15 12:10:47.179#change#{"from":{"line":0,"ch":36,"sticky":null},"to":{"line":0,"ch":36,"sticky":null},"text":["a"],"removed":[""],"origin":"+input"}
2019-4-15 12:10:47.258#change#{"from":{"line":0,"ch":37,"sticky":null},"to":{"line":0,"ch":37,"sticky":null},"text":["l"],"removed":[""],"origin":"+input"}
2019-4-15 12:10:47.558#change#{"from":{"line":0,"ch":38,"sticky":null},"to":{"line":0,"ch":38,"sticky":null},"text":["u"],"removed":[""],"origin":"+input"}
2019-4-15 12:10:48.097#change#{"from":{"line":0,"ch":39,"sticky":null},"to":{"line":0,"ch":39,"sticky":null},"text":["n"],"removed":[""],"origin":"+input"}
2019-4-15 12:10:48.259#change#{"from":{"line":0,"ch":40,"sticky":null},"to":{"line":0,"ch":40,"sticky":null},"text":["o"],"removed":[""],"origin":"+input"}
2019-4-15 12:10:49.207#mousedown#{"isTrusted":true}
2019-4-15 12:10:53.024#mousedown#{"isTrusted":true}
2019-4-15 12:10:53.826#keyHandled#"')'"
2019-4-15 12:10:55.128#keyHandled#"Left"
2019-4-15 12:10:55.791#keyHandled#"')'"
2019-4-15 12:10:56.193#change#{"from":{"line":0,"ch":43,"sticky":"before"},"to":{"line":0,"ch":43,"sticky":"before"},"text":["0"],"removed":[""],"origin":"+input"}
2019-4-15 12:10:56.769#change#{"from":{"line":0,"ch":43,"sticky":"after"},"to":{"line":0,"ch":44,"sticky":null},"text":[""],"removed":["0"],"origin":"+delete"}
2019-4-15 12:10:56.769#keyHandled#"Backspace"
2019-4-15 12:10:57.109#change#{"from":{"line":0,"ch":43,"sticky":null},"to":{"line":0,"ch":43,"sticky":null},"text":[")"],"removed":[""],"origin":"+input"}
2019-4-15 12:10:58.389#change#{"from":{"line":0,"ch":44,"sticky":null},"to":{"line":0,"ch":44,"sticky":null},"text":["",""],"removed":[""],"origin":"+input"}
2019-4-15 12:10:58.389#keyHandled#"Enter"
2019-4-15 12:10:58.394#viewportChange#0
2019-4-15 12:11:02.696#change#{"from":{"line":1,"ch":0,"sticky":null},"to":{"line":1,"ch":0,"sticky":null},"text":["b"],"removed":[""],"origin":"+input"}
2019-4-15 12:11:02.817#change#{"from":{"line":1,"ch":1,"sticky":null},"to":{"line":1,"ch":1,"sticky":null},"text":["o"],"removed":[""],"origin":"+input"}
2019-4-15 12:11:03.341#change#{"from":{"line":1,"ch":2,"sticky":null},"to":{"line":1,"ch":2,"sticky":null},"text":["n"],"removed":[""],"origin":"+input"}
2019-4-15 12:11:03.497#change#{"from":{"line":1,"ch":3,"sticky":null},"to":{"line":1,"ch":3,"sticky":null},"text":["u"],"removed":[""],"origin":"+input"}
2019-4-15 12:11:03.614#change#{"from":{"line":1,"ch":4,"sticky":null},"to":{"line":1,"ch":4,"sticky":null},"text":["s"],"removed":[""],"origin":"+input"}
2019-4-15 12:11:06.259#change#{"from":{"line":1,"ch":5,"sticky":null},"to":{"line":1,"ch":5,"sticky":null},"text":[" "],"removed":[""],"origin":"+input"}
2019-4-15 12:11:06.615#change#{"from":{"line":1,"ch":6,"sticky":null},"to":{"line":1,"ch":6,"sticky":null},"text":["="],"removed":[""],"origin":"+input"}
2019-4-15 12:11:07.312#change#{"from":{"line":1,"ch":7,"sticky":null},"to":{"line":1,"ch":7,"sticky":null},"text":[" "],"removed":[""],"origin":"+input"}
2019-4-15 12:11:07.882#change#{"from":{"line":1,"ch":8,"sticky":null},"to":{"line":1,"ch":8,"sticky":null},"text":["i"],"removed":[""],"origin":"+input"}
2019-4-15 12:11:08.039#change#{"from":{"line":1,"ch":9,"sticky":null},"to":{"line":1,"ch":9,"sticky":null},"text":["n"],"removed":[""],"origin":"+input"}
2019-4-15 12:11:08.308#change#{"from":{"line":1,"ch":10,"sticky":null},"to":{"line":1,"ch":10,"sticky":null},"text":["p"],"removed":[""],"origin":"+input"}
2019-4-15 12:11:08.608#change#{"from":{"line":1,"ch":11,"sticky":null},"to":{"line":1,"ch":11,"sticky":null},"text":["u"],"removed":[""],"origin":"+input"}
2019-4-15 12:11:08.739#change#{"from":{"line":1,"ch":12,"sticky":null},"to":{"line":1,"ch":12,"sticky":null},"text":["t"],"removed":[""],"origin":"+input"}
2019-4-15 12:11:11.563#change#{"from":{"line":1,"ch":14,"sticky":"after"},"to":{"line":1,"ch":14,"sticky":"after"},"text":["\"\""],"removed":[""],"origin":"+input"}
2019-4-15 12:11:11.563#keyHandled#"'\"'"
2019-4-15 12:11:14.687#change#{"from":{"line":1,"ch":15,"sticky":"after"},"to":{"line":1,"ch":15,"sticky":"after"},"text":["V"],"removed":[""],"origin":"+input"}
2019-4-15 12:11:15.065#change#{"from":{"line":1,"ch":16,"sticky":null},"to":{"line":1,"ch":16,"sticky":null},"text":["o"],"removed":[""],"origin":"+input"}
2019-4-15 12:11:15.442#change#{"from":{"line":1,"ch":17,"sticky":null},"to":{"line":1,"ch":17,"sticky":null},"text":["c"],"removed":[""],"origin":"+input"}
2019-4-15 12:11:15.759#change#{"from":{"line":1,"ch":18,"sticky":null},"to":{"line":1,"ch":18,"sticky":null},"text":["e"],"removed":[""],"origin":"+input"}
2019-4-15 12:11:15.863#change#{"from":{"line":1,"ch":19,"sticky":null},"to":{"line":1,"ch":19,"sticky":null},"text":[" "],"removed":[""],"origin":"+input"}
2019-4-15 12:11:16.007#change#{"from":{"line":1,"ch":20,"sticky":null},"to":{"line":1,"ch":20,"sticky":null},"text":["d"],"removed":[""],"origin":"+input"}
2019-4-15 12:11:16.176#change#{"from":{"line":1,"ch":21,"sticky":null},"to":{"line":1,"ch":21,"sticky":null},"text":["e"],"removed":[""],"origin":"+input"}
2019-4-15 12:11:16.410#change#{"from":{"line":1,"ch":22,"sticky":null},"to":{"line":1,"ch":22,"sticky":null},"text":["s"],"removed":[""],"origin":"+input"}
2019-4-15 12:11:16.591#change#{"from":{"line":1,"ch":23,"sticky":null},"to":{"line":1,"ch":23,"sticky":null},"text":["e"],"removed":[""],"origin":"+input"}
2019-4-15 12:11:16.709#change#{"from":{"line":1,"ch":24,"sticky":null},"to":{"line":1,"ch":24,"sticky":null},"text":["j"],"removed":[""],"origin":"+input"}
2019-4-15 12:11:16.846#change#{"from":{"line":1,"ch":25,"sticky":null},"to":{"line":1,"ch":25,"sticky":null},"text":["a"],"removed":[""],"origin":"+input"}
2019-4-15 12:11:16.939#change#{"from":{"line":1,"ch":26,"sticky":null},"to":{"line":1,"ch":26,"sticky":null},"text":[" "],"removed":[""],"origin":"+input"}
2019-4-15 12:11:17.077#change#{"from":{"line":1,"ch":27,"sticky":null},"to":{"line":1,"ch":27,"sticky":null},"text":["q"],"removed":[""],"origin":"+input"}
2019-4-15 12:11:17.140#change#{"from":{"line":1,"ch":28,"sticky":null},"to":{"line":1,"ch":28,"sticky":null},"text":["u"],"removed":[""],"origin":"+input"}
2019-4-15 12:11:17.526#change#{"from":{"line":1,"ch":29,"sticky":null},"to":{"line":1,"ch":29,"sticky":null},"text":["e"],"removed":[""],"origin":"+input"}
2019-4-15 12:11:17.641#change#{"from":{"line":1,"ch":30,"sticky":null},"to":{"line":1,"ch":30,"sticky":null},"text":[" "],"removed":[""],"origin":"+input"}
2019-4-15 12:11:17.908#change#{"from":{"line":1,"ch":31,"sticky":null},"to":{"line":1,"ch":31,"sticky":null},"text":["o"],"removed":[""],"origin":"+input"}
2019-4-15 12:11:18.008#change#{"from":{"line":1,"ch":32,"sticky":null},"to":{"line":1,"ch":32,"sticky":null},"text":[" "],"removed":[""],"origin":"+input"}
2019-4-15 12:11:18.224#change#{"from":{"line":1,"ch":33,"sticky":null},"to":{"line":1,"ch":33,"sticky":null},"text":["a"],"removed":[""],"origin":"+input"}
2019-4-15 12:11:18.279#change#{"from":{"line":1,"ch":34,"sticky":null},"to":{"line":1,"ch":34,"sticky":null},"text":["l"],"removed":[""],"origin":"+input"}
2019-4-15 12:11:18.525#change#{"from":{"line":1,"ch":35,"sticky":null},"to":{"line":1,"ch":35,"sticky":null},"text":["u"],"removed":[""],"origin":"+input"}
2019-4-15 12:11:18.727#change#{"from":{"line":1,"ch":36,"sticky":null},"to":{"line":1,"ch":36,"sticky":null},"text":["n"],"removed":[""],"origin":"+input"}
2019-4-15 12:11:18.899#change#{"from":{"line":1,"ch":37,"sticky":null},"to":{"line":1,"ch":37,"sticky":null},"text":["o"],"removed":[""],"origin":"+input"}
2019-4-15 12:11:19.127#change#{"from":{"line":1,"ch":38,"sticky":null},"to":{"line":1,"ch":38,"sticky":null},"text":[" "],"removed":[""],"origin":"+input"}
2019-4-15 12:11:19.609#change#{"from":{"line":1,"ch":39,"sticky":null},"to":{"line":1,"ch":39,"sticky":null},"text":["r"],"removed":[""],"origin":"+input"}
2019-4-15 12:11:19.709#change#{"from":{"line":1,"ch":40,"sticky":null},"to":{"line":1,"ch":40,"sticky":null},"text":["r"],"removed":[""],"origin":"+input"}
2019-4-15 12:11:20.162#change#{"from":{"line":1,"ch":41,"sticky":null},"to":{"line":1,"ch":41,"sticky":null},"text":["e"],"removed":[""],"origin":"+input"}
2019-4-15 12:11:20.654#change#{"from":{"line":1,"ch":41,"sticky":"after"},"to":{"line":1,"ch":42,"sticky":null},"text":[""],"removed":["e"],"origin":"+delete"}
2019-4-15 12:11:20.655#keyHandled#"Backspace"
2019-4-15 12:11:20.849#change#{"from":{"line":1,"ch":41,"sticky":null},"to":{"line":1,"ch":41,"sticky":null},"text":["e"],"removed":[""],"origin":"+input"}
2019-4-15 12:11:21.125#change#{"from":{"line":1,"ch":41,"sticky":"after"},"to":{"line":1,"ch":42,"sticky":null},"text":[""],"removed":["e"],"origin":"+delete"}
2019-4-15 12:11:21.125#keyHandled#"Backspace"
2019-4-15 12:11:21.255#change#{"from":{"line":1,"ch":40,"sticky":"after"},"to":{"line":1,"ch":41,"sticky":null},"text":[""],"removed":["r"],"origin":"+delete"}
2019-4-15 12:11:21.255#keyHandled#"Backspace"
2019-4-15 12:11:21.358#change#{"from":{"line":1,"ch":40,"sticky":null},"to":{"line":1,"ch":40,"sticky":null},"text":["e"],"removed":[""],"origin":"+input"}
2019-4-15 12:11:21.575#change#{"from":{"line":1,"ch":41,"sticky":null},"to":{"line":1,"ch":41,"sticky":null},"text":["c"],"removed":[""],"origin":"+input"}
2019-4-15 12:11:21.797#change#{"from":{"line":1,"ch":42,"sticky":null},"to":{"line":1,"ch":42,"sticky":null},"text":["e"],"removed":[""],"origin":"+input"}
2019-4-15 12:11:22.010#change#{"from":{"line":1,"ch":43,"sticky":null},"to":{"line":1,"ch":43,"sticky":null},"text":["b"],"removed":[""],"origin":"+input"}
2019-4-15 12:11:22.212#change#{"from":{"line":1,"ch":44,"sticky":null},"to":{"line":1,"ch":44,"sticky":null},"text":["n"],"removed":[""],"origin":"+input"}
2019-4-15 12:11:22.657#change#{"from":{"line":1,"ch":44,"sticky":"after"},"to":{"line":1,"ch":45,"sticky":null},"text":[""],"removed":["n"],"origin":"+delete"}
2019-4-15 12:11:22.657#keyHandled#"Backspace"
2019-4-15 12:11:22.797#change#{"from":{"line":1,"ch":44,"sticky":null},"to":{"line":1,"ch":44,"sticky":null},"text":["a"],"removed":[""],"origin":"+input"}
2019-4-15 12:11:22.925#change#{"from":{"line":1,"ch":45,"sticky":null},"to":{"line":1,"ch":45,"sticky":null},"text":[" "],"removed":[""],"origin":"+input"}
2019-4-15 12:11:23.141#change#{"from":{"line":1,"ch":46,"sticky":null},"to":{"line":1,"ch":46,"sticky":null},"text":["a"],"removed":[""],"origin":"+input"}
2019-4-15 12:11:23.171#change#{"from":{"line":1,"ch":47,"sticky":null},"to":{"line":1,"ch":47,"sticky":null},"text":[" "],"removed":[""],"origin":"+input"}
2019-4-15 12:11:23.790#change#{"from":{"line":1,"ch":48,"sticky":null},"to":{"line":1,"ch":48,"sticky":null},"text":["b"],"removed":[""],"origin":"+input"}
2019-4-15 12:11:24.071#change#{"from":{"line":1,"ch":49,"sticky":null},"to":{"line":1,"ch":49,"sticky":null},"text":["o"],"removed":[""],"origin":"+input"}
2019-4-15 12:11:24.280#change#{"from":{"line":1,"ch":50,"sticky":null},"to":{"line":1,"ch":50,"sticky":null},"text":["n"],"removed":[""],"origin":"+input"}
2019-4-15 12:11:24.421#change#{"from":{"line":1,"ch":51,"sticky":null},"to":{"line":1,"ch":51,"sticky":null},"text":["i"],"removed":[""],"origin":"+input"}
2019-4-15 12:11:24.530#change#{"from":{"line":1,"ch":52,"sticky":null},"to":{"line":1,"ch":52,"sticky":null},"text":["f"],"removed":[""],"origin":"+input"}
2019-4-15 12:11:24.630#change#{"from":{"line":1,"ch":53,"sticky":null},"to":{"line":1,"ch":53,"sticky":null},"text":["i"],"removed":[""],"origin":"+input"}
2019-4-15 12:11:24.932#change#{"from":{"line":1,"ch":54,"sticky":null},"to":{"line":1,"ch":54,"sticky":null},"text":["c"],"removed":[""],"origin":"+input"}
2019-4-15 12:11:25.208#change#{"from":{"line":1,"ch":55,"sticky":null},"to":{"line":1,"ch":55,"sticky":null},"text":["a"],"removed":[""],"origin":"+input"}
2019-4-15 12:11:25.570#change#{"from":{"line":1,"ch":56,"sticky":null},"to":{"line":1,"ch":56,"sticky":null},"text":["c"],"removed":[""],"origin":"+input"}
2019-4-15 12:11:25.815#change#{"from":{"line":1,"ch":57,"sticky":null},"to":{"line":1,"ch":57,"sticky":null},"text":["a"],"removed":[""],"origin":"+input"}
2019-4-15 12:11:25.893#change#{"from":{"line":1,"ch":58,"sticky":null},"to":{"line":1,"ch":58,"sticky":null},"text":["o"],"removed":[""],"origin":"+input"}
2019-4-15 12:11:28.530#change#{"from":{"line":1,"ch":59,"sticky":null},"to":{"line":1,"ch":59,"sticky":null},"text":[" "],"removed":[""],"origin":"+input"}
2019-4-15 12:11:29.272#change#{"from":{"line":1,"ch":60,"sticky":null},"to":{"line":1,"ch":60,"sticky":null},"text":["()"],"removed":[""],"origin":"+input"}
2019-4-15 12:11:29.272#keyHandled#"'('"
2019-4-15 12:11:29.897#change#{"from":{"line":1,"ch":61,"sticky":"after"},"to":{"line":1,"ch":61,"sticky":"after"},"text":["S"],"removed":[""],"origin":"+input"}
2019-4-15 12:11:31.158#change#{"from":{"line":1,"ch":62,"sticky":null},"to":{"line":1,"ch":62,"sticky":null},"text":["/"],"removed":[""],"origin":"+input"}
2019-4-15 12:11:31.734#change#{"from":{"line":1,"ch":63,"sticky":null},"to":{"line":1,"ch":63,"sticky":null},"text":["N"],"removed":[""],"origin":"+input"}
2019-4-15 12:11:36.279#mousedown#{"isTrusted":true}
2019-4-15 12:11:37.629#change#{"from":{"line":1,"ch":65,"sticky":"after","xRel":1.09375},"to":{"line":1,"ch":65,"sticky":"after","xRel":1.09375},"text":[":"],"removed":[""],"origin":"+input"}
2019-4-15 12:11:40.958#mousedown#{"isTrusted":true}
2019-4-15 12:11:41.777#change#{"from":{"line":1,"ch":68,"sticky":null,"xRel":1,"outside":true},"to":{"line":1,"ch":68,"sticky":null,"xRel":1,"outside":true},"text":["",""],"removed":[""],"origin":"+input"}
2019-4-15 12:11:41.777#keyHandled#"Enter"
2019-4-15 12:11:41.781#viewportChange#0
2019-4-15 12:11:42.926#change#{"from":{"line":2,"ch":0,"sticky":null},"to":{"line":2,"ch":0,"sticky":null},"text":["i"],"removed":[""],"origin":"+input"}
2019-4-15 12:11:43.526#change#{"from":{"line":2,"ch":0,"sticky":"after"},"to":{"line":2,"ch":1,"sticky":null},"text":[""],"removed":["i"],"origin":"+delete"}
2019-4-15 12:11:43.526#keyHandled#"Backspace"
2019-4-15 12:11:43.801#change#{"from":{"line":2,"ch":0,"sticky":null},"to":{"line":2,"ch":0,"sticky":null},"text":["",""],"removed":[""],"origin":"+input"}
2019-4-15 12:11:43.801#keyHandled#"Enter"
2019-4-15 12:11:43.808#viewportChange#0
2019-4-15 12:11:44.147#change#{"from":{"line":3,"ch":0,"sticky":null},"to":{"line":3,"ch":0,"sticky":null},"text":["i"],"removed":[""],"origin":"+input"}
2019-4-15 12:11:44.259#change#{"from":{"line":3,"ch":1,"sticky":null},"to":{"line":3,"ch":1,"sticky":null},"text":["f"],"removed":[""],"origin":"+input"}
2019-4-15 12:11:45.724#change#{"from":{"line":3,"ch":2,"sticky":null},"to":{"line":3,"ch":2,"sticky":null},"text":[" "],"removed":[""],"origin":"+input"}
2019-4-15 12:11:46.208#change#{"from":{"line":3,"ch":3,"sticky":null},"to":{"line":3,"ch":3,"sticky":null},"text":["()"],"removed":[""],"origin":"+input"}
2019-4-15 12:11:46.208#keyHandled#"'('"
2019-4-15 12:11:46.875#change#{"from":{"line":3,"ch":4,"sticky":"after"},"to":{"line":3,"ch":4,"sticky":"after"},"text":["b"],"removed":[""],"origin":"+input"}
2019-4-15 12:11:47.042#change#{"from":{"line":3,"ch":5,"sticky":null},"to":{"line":3,"ch":5,"sticky":null},"text":["o"],"removed":[""],"origin":"+input"}
2019-4-15 12:11:47.241#change#{"from":{"line":3,"ch":6,"sticky":null},"to":{"line":3,"ch":6,"sticky":null},"text":["n"],"removed":[""],"origin":"+input"}
2019-4-15 12:11:47.415#change#{"from":{"line":3,"ch":7,"sticky":null},"to":{"line":3,"ch":7,"sticky":null},"text":["u"],"removed":[""],"origin":"+input"}
2019-4-15 12:11:47.525#change#{"from":{"line":3,"ch":8,"sticky":null},"to":{"line":3,"ch":8,"sticky":null},"text":["s"],"removed":[""],"origin":"+input"}
2019-4-15 12:11:50.014#change#{"from":{"line":3,"ch":9,"sticky":null},"to":{"line":3,"ch":9,"sticky":null},"text":[" "],"removed":[""],"origin":"+input"}
2019-4-15 12:11:50.274#change#{"from":{"line":3,"ch":10,"sticky":null},"to":{"line":3,"ch":10,"sticky":null},"text":["="],"removed":[""],"origin":"+input"}
2019-4-15 12:11:50.478#change#{"from":{"line":3,"ch":11,"sticky":null},"to":{"line":3,"ch":11,"sticky":null},"text":["="],"removed":[""],"origin":"+input"}
2019-4-15 12:11:52.693#change#{"from":{"line":3,"ch":13,"sticky":null},"to":{"line":3,"ch":13,"sticky":null},"text":["\"\""],"removed":[""],"origin":"+input"}
2019-4-15 12:11:52.693#keyHandled#"'\"'"
2019-4-15 12:11:53.208#change#{"from":{"line":3,"ch":14,"sticky":"after"},"to":{"line":3,"ch":14,"sticky":"after"},"text":["S"],"removed":[""],"origin":"+input"}
2019-4-15 12:11:54.294#keyHandled#"Right"
2019-4-15 12:11:54.672#keyHandled#"Right"
2019-4-15 12:11:55.055#change#{"from":{"line":3,"ch":17,"sticky":"before"},"to":{"line":3,"ch":17,"sticky":"before"},"text":["",""],"removed":[""],"origin":"+input"}
2019-4-15 12:11:55.055#keyHandled#"Enter"
2019-4-15 12:11:55.062#viewportChange#0
2019-4-15 12:11:57.106#change#{"from":{"line":4,"ch":0,"sticky":null},"to":{"line":4,"ch":0,"sticky":null},"text":["\t"],"removed":[""],"origin":"+input"}
2019-4-15 12:11:57.106#keyHandled#"Tab"
2019-4-15 12:11:57.979#change#{"from":{"line":4,"ch":1,"sticky":null},"to":{"line":4,"ch":1,"sticky":null},"text":["n"],"removed":[""],"origin":"+input"}
2019-4-15 12:11:58.197#change#{"from":{"line":4,"ch":2,"sticky":null},"to":{"line":4,"ch":2,"sticky":null},"text":["o"],"removed":[""],"origin":"+input"}
2019-4-15 12:11:58.308#change#{"from":{"line":4,"ch":3,"sticky":null},"to":{"line":4,"ch":3,"sticky":null},"text":["t"],"removed":[""],"origin":"+input"}
2019-4-15 12:11:58.663#change#{"from":{"line":4,"ch":4,"sticky":null},"to":{"line":4,"ch":4,"sticky":null},"text":["a"],"removed":[""],"origin":"+input"}
2019-4-15 12:12:00.324#change#{"from":{"line":4,"ch":5,"sticky":null},"to":{"line":4,"ch":5,"sticky":null},"text":[" "],"removed":[""],"origin":"+input"}
2019-4-15 12:12:02.093#change#{"from":{"line":4,"ch":9,"sticky":null},"to":{"line":4,"ch":9,"sticky":null},"text":["p"],"removed":[""],"origin":"+input"}
2019-4-15 12:12:02.176#change#{"from":{"line":4,"ch":10,"sticky":null},"to":{"line":4,"ch":10,"sticky":null},"text":["t"],"removed":[""],"origin":"+input"}
2019-4-15 12:12:02.574#change#{"from":{"line":4,"ch":10,"sticky":"after"},"to":{"line":4,"ch":11,"sticky":null},"text":[""],"removed":["t"],"origin":"+delete"}
2019-4-15 12:12:02.575#keyHandled#"Backspace"
2019-4-15 12:12:02.789#change#{"from":{"line":4,"ch":9,"sticky":"after"},"to":{"line":4,"ch":10,"sticky":null},"text":[""],"removed":["p"],"origin":"+delete"}
2019-4-15 12:12:02.789#keyHandled#"Backspace"
2019-4-15 12:12:03.293#change#{"from":{"line":4,"ch":9,"sticky":null},"to":{"line":4,"ch":9,"sticky":null},"text":["o"],"removed":[""],"origin":"+input"}
2019-4-15 12:12:03.381#change#{"from":{"line":4,"ch":10,"sticky":null},"to":{"line":4,"ch":10,"sticky":null},"text":["t"],"removed":[""],"origin":"+input"}
2019-4-15 12:12:03.644#change#{"from":{"line":4,"ch":11,"sticky":null},"to":{"line":4,"ch":11,"sticky":null},"text":["s"],"removed":[""],"origin":"+input"}
2019-4-15 12:12:04.487#change#{"from":{"line":4,"ch":11,"sticky":"after"},"to":{"line":4,"ch":12,"sticky":null},"text":[""],"removed":["s"],"origin":"+delete"}
2019-4-15 12:12:04.487#keyHandled#"Backspace"
2019-4-15 12:12:05.761#change#{"from":{"line":4,"ch":11,"sticky":null},"to":{"line":4,"ch":11,"sticky":null},"text":["a"],"removed":[""],"origin":"+input"}
2019-4-15 12:12:06.508#change#{"from":{"line":4,"ch":12,"sticky":null},"to":{"line":4,"ch":12,"sticky":null},"text":[" "],"removed":[""],"origin":"+input"}
2019-4-15 12:12:07.112#change#{"from":{"line":4,"ch":13,"sticky":null},"to":{"line":4,"ch":13,"sticky":null},"text":["+"],"removed":[""],"origin":"+input"}
2019-4-15 12:12:07.419#change#{"from":{"line":4,"ch":14,"sticky":null},"to":{"line":4,"ch":14,"sticky":null},"text":[" "],"removed":[""],"origin":"+input"}
2019-4-15 12:12:08.860#change#{"from":{"line":4,"ch":15,"sticky":null},"to":{"line":4,"ch":15,"sticky":null},"text":["0"],"removed":[""],"origin":"+input"}
2019-4-15 12:12:09.750#change#{"from":{"line":4,"ch":16,"sticky":null},"to":{"line":4,"ch":16,"sticky":null},"text":["."],"removed":[""],"origin":"+input"}
2019-4-15 12:12:10.146#change#{"from":{"line":4,"ch":17,"sticky":null},"to":{"line":4,"ch":17,"sticky":null},"text":["1"],"removed":[""],"origin":"+input"}
2019-4-15 12:12:13.813#change#{"from":{"line":4,"ch":18,"sticky":null},"to":{"line":4,"ch":18,"sticky":null},"text":["*"],"removed":[""],"origin":"+input"}
2019-4-15 12:12:14.242#change#{"from":{"line":4,"ch":19,"sticky":null},"to":{"line":4,"ch":19,"sticky":null},"text":["n"],"removed":[""],"origin":"+input"}
2019-4-15 12:12:14.958#change#{"from":{"line":4,"ch":20,"sticky":null},"to":{"line":4,"ch":20,"sticky":null},"text":["o"],"removed":[""],"origin":"+input"}
2019-4-15 12:12:15.100#change#{"from":{"line":4,"ch":21,"sticky":null},"to":{"line":4,"ch":21,"sticky":null},"text":["y"],"removed":[""],"origin":"+input"}
2019-4-15 12:12:16.311#change#{"from":{"line":4,"ch":21,"sticky":"after"},"to":{"line":4,"ch":22,"sticky":null},"text":[""],"removed":["y"],"origin":"+delete"}
2019-4-15 12:12:16.311#keyHandled#"Backspace"
2019-4-15 12:12:16.414#change#{"from":{"line":4,"ch":21,"sticky":null},"to":{"line":4,"ch":21,"sticky":null},"text":["t"],"removed":[""],"origin":"+input"}
2019-4-15 12:12:16.698#change#{"from":{"line":4,"ch":22,"sticky":null},"to":{"line":4,"ch":22,"sticky":null},"text":["a"],"removed":[""],"origin":"+input"}
2019-4-15 12:12:16.843#change#{"from":{"line":4,"ch":23,"sticky":null},"to":{"line":4,"ch":23,"sticky":null},"text":["",""],"removed":[""],"origin":"+input"}
2019-4-15 12:12:16.843#change#{"from":{"line":5,"ch":0,"sticky":null},"to":{"line":5,"ch":0,"sticky":null},"text":["\t"],"removed":[""],"origin":"+input"}
2019-4-15 12:12:16.843#keyHandled#"Enter"
2019-4-15 12:12:16.847#viewportChange#0
2019-4-15 12:12:21.493#change#{"from":{"line":5,"ch":0,"sticky":null},"to":{"line":5,"ch":0,"sticky":null},"text":["p"],"removed":[""],"origin":"+input"}
2019-4-15 12:12:21.591#change#{"from":{"line":5,"ch":1,"sticky":null},"to":{"line":5,"ch":1,"sticky":null},"text":["r"],"removed":[""],"origin":"+input"}
2019-4-15 12:12:22.346#change#{"from":{"line":5,"ch":2,"sticky":null},"to":{"line":5,"ch":2,"sticky":null},"text":["i"],"removed":[""],"origin":"+input"}
2019-4-15 12:12:22.547#change#{"from":{"line":5,"ch":3,"sticky":null},"to":{"line":5,"ch":3,"sticky":null},"text":["n"],"removed":[""],"origin":"+input"}
2019-4-15 12:12:22.641#change#{"from":{"line":5,"ch":4,"sticky":null},"to":{"line":5,"ch":4,"sticky":null},"text":["t"],"removed":[""],"origin":"+input"}
2019-4-15 12:12:24.552#change#{"from":{"line":5,"ch":5,"sticky":null},"to":{"line":5,"ch":5,"sticky":null},"text":["()"],"removed":[""],"origin":"+input"}
2019-4-15 12:12:24.552#keyHandled#"'('"
2019-4-15 12:12:24.929#change#{"from":{"line":5,"ch":6,"sticky":"after"},"to":{"line":5,"ch":6,"sticky":"after"},"text":["r"],"removed":[""],"origin":"+input"}
2019-4-15 12:12:25.536#change#{"from":{"line":5,"ch":7,"sticky":null},"to":{"line":5,"ch":7,"sticky":null},"text":["o"],"removed":[""],"origin":"+input"}
2019-4-15 12:12:25.763#change#{"from":{"line":5,"ch":8,"sticky":null},"to":{"line":5,"ch":8,"sticky":null},"text":["u"],"removed":[""],"origin":"+input"}
2019-4-15 12:12:25.953#change#{"from":{"line":5,"ch":9,"sticky":null},"to":{"line":5,"ch":9,"sticky":null},"text":["n"],"removed":[""],"origin":"+input"}
2019-4-15 12:12:26.074#change#{"from":{"line":5,"ch":10,"sticky":null},"to":{"line":5,"ch":10,"sticky":null},"text":["d"],"removed":[""],"origin":"+input"}
2019-4-15 12:12:28.093#change#{"from":{"line":5,"ch":11,"sticky":null},"to":{"line":5,"ch":11,"sticky":null},"text":["()"],"removed":[""],"origin":"+input"}
2019-4-15 12:12:28.093#keyHandled#"'('"
2019-4-15 12:12:28.860#change#{"from":{"line":5,"ch":12,"sticky":"after"},"to":{"line":5,"ch":12,"sticky":"after"},"text":["n"],"removed":[""],"origin":"+input"}
2019-4-15 12:12:29.566#change#{"from":{"line":5,"ch":13,"sticky":null},"to":{"line":5,"ch":13,"sticky":null},"text":["o"],"removed":[""],"origin":"+input"}
2019-4-15 12:12:29.797#change#{"from":{"line":5,"ch":14,"sticky":null},"to":{"line":5,"ch":14,"sticky":null},"text":["t"],"removed":[""],"origin":"+input"}
2019-4-15 12:12:30.143#change#{"from":{"line":5,"ch":15,"sticky":null},"to":{"line":5,"ch":15,"sticky":null},"text":["a"],"removed":[""],"origin":"+input"}
2019-4-15 12:12:32.835#change#{"from":{"line":5,"ch":16,"sticky":null},"to":{"line":5,"ch":16,"sticky":null},"text":[","],"removed":[""],"origin":"+input"}
2019-4-15 12:12:33.844#change#{"from":{"line":5,"ch":17,"sticky":null},"to":{"line":5,"ch":17,"sticky":null},"text":["1"],"removed":[""],"origin":"+input"}
2019-4-15 12:12:34.747#mousedown#{"isTrusted":true}
2019-4-15 12:12:37.092#blur#
2019-4-15 12:12:37.092#blur#
2019-4-15 12:12:42.848#saida_testar#$ python3 main.py
File "main.py", line 4
if (bonus == "S")
SyntaxError: invalid syntax
2019-4-15 12:12:48.123#mousedown#{"isTrusted":true}
2019-4-15 12:12:48.220#focus#
2019-4-15 12:12:52.088#mousedown#{"isTrusted":true}
2019-4-15 12:12:52.999#change#{"from":{"line":3,"ch":17,"sticky":"before","xRel":23.296875},"to":{"line":3,"ch":17,"sticky":"before","xRel":23.296875},"text":[":"],"removed":[""],"origin":"+input"}
2019-4-15 12:12:54.714#blur#
2019-4-15 12:12:54.714#blur#
2019-4-15 12:13:04.608#mousedown#{"isTrusted":true}
2019-4-15 12:13:04.753#focus#
2019-4-15 12:13:06.770#change#{"from":{"line":0,"ch":43,"sticky":"after"},"to":{"line":0,"ch":44,"sticky":"before","xRel":0.46875},"text":[""],"removed":[")"],"origin":"+delete"}
2019-4-15 12:13:06.770#keyHandled#"Backspace"
2019-4-15 12:13:09.272#change#{"from":{"line":0,"ch":43,"sticky":null},"to":{"line":0,"ch":43,"sticky":null},"text":[")"],"removed":[""],"origin":"+input"}
2019-4-15 12:13:10.362#change#{"from":{"line":0,"ch":44,"sticky":null},"to":{"line":0,"ch":44,"sticky":null},"text":[":"],"removed":[""],"origin":"+input"}
2019-4-15 12:13:12.247#blur#
2019-4-15 12:13:12.247#blur#
2019-4-15 12:13:16.448#saida_testar#$ python3 main.py
2019-4-15 12:13:21.975#mousedown#{"isTrusted":true}
2019-4-15 12:13:22.053#focus#
2019-4-15 12:13:22.689#change#{"from":{"line":0,"ch":44,"sticky":"after"},"to":{"line":0,"ch":45,"sticky":"before","xRel":9.09375},"text":[""],"removed":[":"],"origin":"+delete"}
2019-4-15 12:13:22.689#keyHandled#"Backspace"
2019-4-15 12:13:24.359#mousedown#{"isTrusted":true}
2019-4-15 12:13:26.133#mousedown#{"isTrusted":true}
2019-4-15 12:13:27.027#change#{"from":{"line":0,"ch":41,"sticky":"before","xRel":-0.90625},"to":{"line":0,"ch":41,"sticky":"before","xRel":-0.90625},"text":[":"],"removed":[""],"origin":"+input"}
2019-4-15 12:13:28.370#blur#
2019-4-15 12:13:28.370#blur#
2019-4-15 12:13:30.439#saida_testar#$ python3 main.py
File "main.py", line 1
nota= float(input("Digite a nota do aluno")):
SyntaxError: invalid syntax
