2019-4-10 20:46:12.042#viewportChange#0
2019-4-10 20:46:16.483#mousedown#{"isTrusted":true}
2019-4-10 20:46:16.498#focus#
2019-4-10 20:46:19.862#change#{"from":{"line":3,"ch":0,"sticky":null,"xRel":1,"outside":true},"to":{"line":3,"ch":0,"sticky":null,"xRel":1,"outside":true},"text":["",""],"removed":[""],"origin":"+input"}
2019-4-10 20:46:19.862#keyHandled#"Enter"
2019-4-10 20:46:19.868#viewportChange#0
2019-4-10 20:46:29.943#change#{"from":{"line":4,"ch":0,"sticky":null},"to":{"line":4,"ch":0,"sticky":null},"text":["n"],"removed":[""],"origin":"+input"}
2019-4-10 20:46:30.135#change#{"from":{"line":4,"ch":1,"sticky":null},"to":{"line":4,"ch":1,"sticky":null},"text":["n"],"removed":[""],"origin":"+input"}
2019-4-10 20:46:31.467#change#{"from":{"line":4,"ch":1,"sticky":"after"},"to":{"line":4,"ch":2,"sticky":null},"text":[""],"removed":["n"],"origin":"+delete"}
2019-4-10 20:46:31.467#keyHandled#"Backspace"
2019-4-10 20:46:31.906#change#{"from":{"line":4,"ch":0,"sticky":"after"},"to":{"line":4,"ch":1,"sticky":null},"text":[""],"removed":["n"],"origin":"+delete"}
2019-4-10 20:46:31.906#keyHandled#"Backspace"
2019-4-10 20:46:32.644#change#{"from":{"line":4,"ch":0,"sticky":null},"to":{"line":4,"ch":0,"sticky":null},"text":["x"],"removed":[""],"origin":"+input"}
2019-4-10 20:46:33.461#change#{"from":{"line":4,"ch":1,"sticky":null},"to":{"line":4,"ch":1,"sticky":null},"text":["="],"removed":[""],"origin":"+input"}
2019-4-10 20:46:34.402#change#{"from":{"line":4,"ch":2,"sticky":null},"to":{"line":4,"ch":2,"sticky":null},"text":["f"],"removed":[""],"origin":"+input"}
2019-4-10 20:46:34.713#change#{"from":{"line":4,"ch":3,"sticky":null},"to":{"line":4,"ch":3,"sticky":null},"text":["o"],"removed":[""],"origin":"+input"}
2019-4-10 20:46:36.068#change#{"from":{"line":4,"ch":3,"sticky":"after"},"to":{"line":4,"ch":4,"sticky":null},"text":[""],"removed":["o"],"origin":"+delete"}
2019-4-10 20:46:36.068#keyHandled#"Backspace"
2019-4-10 20:46:36.471#change#{"from":{"line":4,"ch":3,"sticky":null},"to":{"line":4,"ch":3,"sticky":null},"text":["l"],"removed":[""],"origin":"+input"}
2019-4-10 20:46:36.656#change#{"from":{"line":4,"ch":4,"sticky":null},"to":{"line":4,"ch":4,"sticky":null},"text":["o"],"removed":[""],"origin":"+input"}
2019-4-10 20:46:36.783#change#{"from":{"line":4,"ch":5,"sticky":null},"to":{"line":4,"ch":5,"sticky":null},"text":["a"],"removed":[""],"origin":"+input"}
2019-4-10 20:46:38.746#change#{"from":{"line":4,"ch":7,"sticky":null},"to":{"line":4,"ch":7,"sticky":null},"text":["()"],"removed":[""],"origin":"+input"}
2019-4-10 20:46:38.746#keyHandled#"'('"
2019-4-10 20:46:39.380#change#{"from":{"line":4,"ch":8,"sticky":"after"},"to":{"line":4,"ch":8,"sticky":"after"},"text":["i"],"removed":[""],"origin":"+input"}
2019-4-10 20:46:39.916#change#{"from":{"line":4,"ch":9,"sticky":null},"to":{"line":4,"ch":9,"sticky":null},"text":["n"],"removed":[""],"origin":"+input"}
2019-4-10 20:46:40.703#change#{"from":{"line":4,"ch":10,"sticky":null},"to":{"line":4,"ch":10,"sticky":null},"text":["p"],"removed":[""],"origin":"+input"}
2019-4-10 20:46:41.058#change#{"from":{"line":4,"ch":11,"sticky":null},"to":{"line":4,"ch":11,"sticky":null},"text":["u"],"removed":[""],"origin":"+input"}
2019-4-10 20:46:41.374#change#{"from":{"line":4,"ch":12,"sticky":null},"to":{"line":4,"ch":12,"sticky":null},"text":["t"],"removed":[""],"origin":"+input"}
2019-4-10 20:46:42.525#change#{"from":{"line":4,"ch":13,"sticky":null},"to":{"line":4,"ch":13,"sticky":null},"text":["()"],"removed":[""],"origin":"+input"}
2019-4-10 20:46:42.525#keyHandled#"'('"
2019-4-10 20:46:43.339#change#{"from":{"line":4,"ch":14,"sticky":"after"},"to":{"line":4,"ch":14,"sticky":"after"},"text":["\"\""],"removed":[""],"origin":"+input"}
2019-4-10 20:46:43.339#keyHandled#"'\"'"
2019-4-10 20:46:44.916#change#{"from":{"line":4,"ch":15,"sticky":"after"},"to":{"line":4,"ch":15,"sticky":"after"},"text":["N"],"removed":[""],"origin":"+input"}
2019-4-10 20:46:45.253#change#{"from":{"line":4,"ch":16,"sticky":null},"to":{"line":4,"ch":16,"sticky":null},"text":["u"],"removed":[""],"origin":"+input"}
2019-4-10 20:46:45.600#change#{"from":{"line":4,"ch":17,"sticky":null},"to":{"line":4,"ch":17,"sticky":null},"text":["m"],"removed":[""],"origin":"+input"}
2019-4-10 20:46:46.105#change#{"from":{"line":4,"ch":18,"sticky":null},"to":{"line":4,"ch":18,"sticky":null},"text":["e"],"removed":[""],"origin":"+input"}
2019-4-10 20:46:46.395#change#{"from":{"line":4,"ch":19,"sticky":null},"to":{"line":4,"ch":19,"sticky":null},"text":["r"],"removed":[""],"origin":"+input"}
2019-4-10 20:46:46.550#change#{"from":{"line":4,"ch":20,"sticky":null},"to":{"line":4,"ch":20,"sticky":null},"text":["o"],"removed":[""],"origin":"+input"}
2019-4-10 20:46:48.284#change#{"from":{"line":4,"ch":21,"sticky":null},"to":{"line":4,"ch":21,"sticky":null},"text":[":"],"removed":[""],"origin":"+input"}
2019-4-10 20:46:48.539#change#{"from":{"line":4,"ch":22,"sticky":null},"to":{"line":4,"ch":22,"sticky":null},"text":[" "],"removed":[""],"origin":"+input"}
2019-4-10 20:46:49.983#mousedown#{"isTrusted":true}
2019-4-10 20:46:53.717#copy#{"isTrusted":true}
2019-4-10 20:46:54.805#mousedown#{"isTrusted":true}
2019-4-10 20:46:55.417#change#{"from":{"line":4,"ch":26,"sticky":"before","xRel":101.09375},"to":{"line":4,"ch":26,"sticky":"before","xRel":101.09375},"text":["",""],"removed":[""],"origin":"+input"}
2019-4-10 20:46:55.417#keyHandled#"Enter"
2019-4-10 20:46:55.423#viewportChange#0
2019-4-10 20:46:56.545#change#{"from":{"line":5,"ch":0,"sticky":null},"to":{"line":5,"ch":0,"sticky":null},"text":["y"],"removed":[""],"origin":"+input"}
2019-4-10 20:46:57.181#change#{"from":{"line":5,"ch":1,"sticky":null},"to":{"line":5,"ch":1,"sticky":null},"text":["="],"removed":[""],"origin":"+input"}
2019-4-10 20:46:57.714#change#{"from":{"line":5,"ch":2,"sticky":null},"to":{"line":5,"ch":2,"sticky":null},"text":["float(input(\"Numero: \"))"],"removed":[""],"origin":"paste"}
2019-4-10 20:46:59.069#change#{"from":{"line":5,"ch":26,"sticky":null},"to":{"line":5,"ch":26,"sticky":null},"text":["",""],"removed":[""],"origin":"+input"}
2019-4-10 20:46:59.069#keyHandled#"Enter"
2019-4-10 20:46:59.076#viewportChange#0
2019-4-10 20:46:59.806#change#{"from":{"line":6,"ch":0,"sticky":null},"to":{"line":6,"ch":0,"sticky":null},"text":["",""],"removed":[""],"origin":"+input"}
2019-4-10 20:46:59.806#keyHandled#"Enter"
2019-4-10 20:46:59.812#viewportChange#0
2019-4-10 20:47:02.889#change#{"from":{"line":7,"ch":0,"sticky":null},"to":{"line":7,"ch":0,"sticky":null},"text":["i"],"removed":[""],"origin":"+input"}
2019-4-10 20:47:03.329#change#{"from":{"line":7,"ch":1,"sticky":null},"to":{"line":7,"ch":1,"sticky":null},"text":["f"],"removed":[""],"origin":"+input"}
2019-4-10 20:47:05.609#change#{"from":{"line":7,"ch":2,"sticky":null},"to":{"line":7,"ch":2,"sticky":null},"text":["()"],"removed":[""],"origin":"+input"}
2019-4-10 20:47:05.609#keyHandled#"'('"
2019-4-10 20:47:11.643#change#{"from":{"line":7,"ch":3,"sticky":"after"},"to":{"line":7,"ch":3,"sticky":"after"},"text":["2"],"removed":[""],"origin":"+input"}
2019-4-10 20:47:13.578#change#{"from":{"line":7,"ch":4,"sticky":null},"to":{"line":7,"ch":4,"sticky":null},"text":["*"],"removed":[""],"origin":"+input"}
2019-4-10 20:47:15.045#change#{"from":{"line":7,"ch":5,"sticky":null},"to":{"line":7,"ch":5,"sticky":null},"text":["x"],"removed":[""],"origin":"+input"}
2019-4-10 20:47:16.464#change#{"from":{"line":7,"ch":6,"sticky":null},"to":{"line":7,"ch":6,"sticky":null},"text":["+"],"removed":[""],"origin":"+input"}
2019-4-10 20:47:17.486#change#{"from":{"line":7,"ch":7,"sticky":null},"to":{"line":7,"ch":7,"sticky":null},"text":["y"],"removed":[""],"origin":"+input"}
2019-4-10 20:47:21.581#change#{"from":{"line":7,"ch":8,"sticky":null},"to":{"line":7,"ch":8,"sticky":null},"text":["="],"removed":[""],"origin":"+input"}
2019-4-10 20:47:21.807#change#{"from":{"line":7,"ch":9,"sticky":null},"to":{"line":7,"ch":9,"sticky":null},"text":["="],"removed":[""],"origin":"+input"}
2019-4-10 20:47:23.687#change#{"from":{"line":7,"ch":10,"sticky":null},"to":{"line":7,"ch":10,"sticky":null},"text":["3"],"removed":[""],"origin":"+input"}
2019-4-10 20:47:24.472#keyHandled#"Right"
2019-4-10 20:47:25.463#change#{"from":{"line":7,"ch":12,"sticky":"before"},"to":{"line":7,"ch":12,"sticky":"before"},"text":[":"],"removed":[""],"origin":"+input"}
2019-4-10 20:47:25.788#change#{"from":{"line":7,"ch":13,"sticky":null},"to":{"line":7,"ch":13,"sticky":null},"text":["",""],"removed":[""],"origin":"+input"}
2019-4-10 20:47:25.788#change#{"from":{"line":8,"ch":0,"sticky":null},"to":{"line":8,"ch":0,"sticky":null},"text":["\t"],"removed":[""],"origin":"+input"}
2019-4-10 20:47:25.788#keyHandled#"Enter"
2019-4-10 20:47:25.795#viewportChange#0
2019-4-10 20:47:27.202#change#{"from":{"line":8,"ch":1,"sticky":null},"to":{"line":8,"ch":1,"sticky":null},"text":["m"],"removed":[""],"origin":"+input"}
2019-4-10 20:47:27.695#change#{"from":{"line":8,"ch":2,"sticky":null},"to":{"line":8,"ch":2,"sticky":null},"text":["s"],"removed":[""],"origin":"+input"}
2019-4-10 20:47:28.030#change#{"from":{"line":8,"ch":3,"sticky":null},"to":{"line":8,"ch":3,"sticky":null},"text":["g"],"removed":[""],"origin":"+input"}
2019-4-10 20:47:29.764#change#{"from":{"line":8,"ch":4,"sticky":null},"to":{"line":8,"ch":4,"sticky":null},"text":["="],"removed":[""],"origin":"+input"}
2019-4-10 20:47:31.683#change#{"from":{"line":8,"ch":5,"sticky":null},"to":{"line":8,"ch":5,"sticky":null},"text":["p"],"removed":[""],"origin":"+input"}
2019-4-10 20:47:32.056#change#{"from":{"line":8,"ch":6,"sticky":null},"to":{"line":8,"ch":6,"sticky":null},"text":["o"],"removed":[""],"origin":"+input"}
2019-4-10 20:47:32.305#change#{"from":{"line":8,"ch":7,"sticky":null},"to":{"line":8,"ch":7,"sticky":null},"text":["n"],"removed":[""],"origin":"+input"}
2019-4-10 20:47:32.481#change#{"from":{"line":8,"ch":8,"sticky":null},"to":{"line":8,"ch":8,"sticky":null},"text":["t"],"removed":[""],"origin":"+input"}
2019-4-10 20:47:32.580#change#{"from":{"line":8,"ch":9,"sticky":null},"to":{"line":8,"ch":9,"sticky":null},"text":["o"],"removed":[""],"origin":"+input"}
2019-4-10 20:47:32.791#change#{"from":{"line":8,"ch":10,"sticky":null},"to":{"line":8,"ch":10,"sticky":null},"text":[" "],"removed":[""],"origin":"+input"}
2019-4-10 20:47:33.317#change#{"from":{"line":8,"ch":11,"sticky":null},"to":{"line":8,"ch":11,"sticky":null},"text":["p"],"removed":[""],"origin":"+input"}
2019-4-10 20:47:33.503#change#{"from":{"line":8,"ch":12,"sticky":null},"to":{"line":8,"ch":12,"sticky":null},"text":["e"],"removed":[""],"origin":"+input"}
2019-4-10 20:47:33.659#change#{"from":{"line":8,"ch":13,"sticky":null},"to":{"line":8,"ch":13,"sticky":null},"text":["r"],"removed":[""],"origin":"+input"}
2019-4-10 20:47:34.154#change#{"from":{"line":8,"ch":14,"sticky":null},"to":{"line":8,"ch":14,"sticky":null},"text":["t"],"removed":[""],"origin":"+input"}
2019-4-10 20:47:35.436#change#{"from":{"line":8,"ch":14,"sticky":"after"},"to":{"line":8,"ch":15,"sticky":null},"text":[""],"removed":["t"],"origin":"+delete"}
2019-4-10 20:47:35.436#keyHandled#"Backspace"
2019-4-10 20:47:35.932#change#{"from":{"line":8,"ch":13,"sticky":"after"},"to":{"line":8,"ch":14,"sticky":null},"text":[""],"removed":["r"],"origin":"+delete"}
2019-4-10 20:47:35.932#keyHandled#"Backspace"
2019-4-10 20:47:35.968#change#{"from":{"line":8,"ch":12,"sticky":"after"},"to":{"line":8,"ch":13,"sticky":null},"text":[""],"removed":["e"],"origin":"+delete"}
2019-4-10 20:47:35.968#keyHandled#"Backspace"
2019-4-10 20:47:36.002#change#{"from":{"line":8,"ch":11,"sticky":"after"},"to":{"line":8,"ch":12,"sticky":null},"text":[""],"removed":["p"],"origin":"+delete"}
2019-4-10 20:47:36.002#keyHandled#"Backspace"
2019-4-10 20:47:36.037#change#{"from":{"line":8,"ch":10,"sticky":"after"},"to":{"line":8,"ch":11,"sticky":null},"text":[""],"removed":[" "],"origin":"+delete"}
2019-4-10 20:47:36.037#keyHandled#"Backspace"
2019-4-10 20:47:36.072#change#{"from":{"line":8,"ch":9,"sticky":"after"},"to":{"line":8,"ch":10,"sticky":null},"text":[""],"removed":["o"],"origin":"+delete"}
2019-4-10 20:47:36.072#keyHandled#"Backspace"
2019-4-10 20:47:36.223#change#{"from":{"line":8,"ch":8,"sticky":"after"},"to":{"line":8,"ch":9,"sticky":null},"text":[""],"removed":["t"],"origin":"+delete"}
2019-4-10 20:47:36.223#keyHandled#"Backspace"
2019-4-10 20:47:36.388#change#{"from":{"line":8,"ch":7,"sticky":"after"},"to":{"line":8,"ch":8,"sticky":null},"text":[""],"removed":["n"],"origin":"+delete"}
2019-4-10 20:47:36.388#keyHandled#"Backspace"
2019-4-10 20:47:36.547#change#{"from":{"line":8,"ch":6,"sticky":"after"},"to":{"line":8,"ch":7,"sticky":null},"text":[""],"removed":["o"],"origin":"+delete"}
2019-4-10 20:47:36.547#keyHandled#"Backspace"
2019-4-10 20:47:36.940#change#{"from":{"line":8,"ch":5,"sticky":"after"},"to":{"line":8,"ch":6,"sticky":null},"text":[""],"removed":["p"],"origin":"+delete"}
2019-4-10 20:47:36.940#keyHandled#"Backspace"
2019-4-10 20:47:38.340#change#{"from":{"line":8,"ch":6,"sticky":"after"},"to":{"line":8,"ch":6,"sticky":"after"},"text":["p"],"removed":[""],"origin":"+input"}
2019-4-10 20:47:38.525#change#{"from":{"line":8,"ch":7,"sticky":null},"to":{"line":8,"ch":7,"sticky":null},"text":["o"],"removed":[""],"origin":"+input"}
2019-4-10 20:47:38.781#change#{"from":{"line":8,"ch":8,"sticky":null},"to":{"line":8,"ch":8,"sticky":null},"text":["n"],"removed":[""],"origin":"+input"}
2019-4-10 20:47:38.995#change#{"from":{"line":8,"ch":9,"sticky":null},"to":{"line":8,"ch":9,"sticky":null},"text":["t"],"removed":[""],"origin":"+input"}
2019-4-10 20:47:39.077#change#{"from":{"line":8,"ch":10,"sticky":null},"to":{"line":8,"ch":10,"sticky":null},"text":["o"],"removed":[""],"origin":"+input"}
2019-4-10 20:47:39.327#change#{"from":{"line":8,"ch":11,"sticky":null},"to":{"line":8,"ch":11,"sticky":null},"text":[" "],"removed":[""],"origin":"+input"}
2019-4-10 20:47:39.748#change#{"from":{"line":8,"ch":12,"sticky":null},"to":{"line":8,"ch":12,"sticky":null},"text":["p"],"removed":[""],"origin":"+input"}
2019-4-10 20:47:39.879#change#{"from":{"line":8,"ch":13,"sticky":null},"to":{"line":8,"ch":13,"sticky":null},"text":["e"],"removed":[""],"origin":"+input"}
2019-4-10 20:47:40.079#change#{"from":{"line":8,"ch":14,"sticky":null},"to":{"line":8,"ch":14,"sticky":null},"text":["r"],"removed":[""],"origin":"+input"}
2019-4-10 20:47:40.311#change#{"from":{"line":8,"ch":15,"sticky":null},"to":{"line":8,"ch":15,"sticky":null},"text":["t"],"removed":[""],"origin":"+input"}
2019-4-10 20:47:40.561#change#{"from":{"line":8,"ch":16,"sticky":null},"to":{"line":8,"ch":16,"sticky":null},"text":["e"],"removed":[""],"origin":"+input"}
2019-4-10 20:47:40.682#change#{"from":{"line":8,"ch":17,"sticky":null},"to":{"line":8,"ch":17,"sticky":null},"text":["n"],"removed":[""],"origin":"+input"}
2019-4-10 20:47:41.118#change#{"from":{"line":8,"ch":18,"sticky":null},"to":{"line":8,"ch":18,"sticky":null},"text":["c"],"removed":[""],"origin":"+input"}
2019-4-10 20:47:41.279#change#{"from":{"line":8,"ch":19,"sticky":null},"to":{"line":8,"ch":19,"sticky":null},"text":["e"],"removed":[""],"origin":"+input"}
2019-4-10 20:47:41.484#change#{"from":{"line":8,"ch":20,"sticky":null},"to":{"line":8,"ch":20,"sticky":null},"text":[" "],"removed":[""],"origin":"+input"}
2019-4-10 20:47:41.766#change#{"from":{"line":8,"ch":21,"sticky":null},"to":{"line":8,"ch":21,"sticky":null},"text":["a"],"removed":[""],"origin":"+input"}
2019-4-10 20:47:41.889#change#{"from":{"line":8,"ch":22,"sticky":null},"to":{"line":8,"ch":22,"sticky":null},"text":[" "],"removed":[""],"origin":"+input"}
2019-4-10 20:47:42.310#change#{"from":{"line":8,"ch":23,"sticky":null},"to":{"line":8,"ch":23,"sticky":null},"text":["r"],"removed":[""],"origin":"+input"}
2019-4-10 20:47:42.587#change#{"from":{"line":8,"ch":24,"sticky":null},"to":{"line":8,"ch":24,"sticky":null},"text":["e"],"removed":[""],"origin":"+input"}
2019-4-10 20:47:42.831#change#{"from":{"line":8,"ch":25,"sticky":null},"to":{"line":8,"ch":25,"sticky":null},"text":["t"],"removed":[""],"origin":"+input"}
2019-4-10 20:47:43.253#change#{"from":{"line":8,"ch":26,"sticky":null},"to":{"line":8,"ch":26,"sticky":null},"text":["a"],"removed":[""],"origin":"+input"}
2019-4-10 20:47:44.546#keyHandled#"Right"
2019-4-10 20:47:46.350#change#{"from":{"line":8,"ch":28,"sticky":"before"},"to":{"line":8,"ch":28,"sticky":"before"},"text":["",""],"removed":[""],"origin":"+input"}
2019-4-10 20:47:46.350#change#{"from":{"line":9,"ch":0,"sticky":null},"to":{"line":9,"ch":0,"sticky":null},"text":["\t"],"removed":[""],"origin":"+input"}
2019-4-10 20:47:46.350#keyHandled#"Enter"
2019-4-10 20:47:46.367#viewportChange#0
2019-4-10 20:47:46.746#change#{"from":{"line":9,"ch":0,"sticky":"after"},"to":{"line":9,"ch":1,"sticky":null},"text":[""],"removed":["\t"],"origin":"+delete"}
2019-4-10 20:47:46.746#keyHandled#"Backspace"
2019-4-10 20:47:47.395#change#{"from":{"line":9,"ch":0,"sticky":null},"to":{"line":9,"ch":0,"sticky":null},"text":["e"],"removed":[""],"origin":"+input"}
2019-4-10 20:47:47.719#change#{"from":{"line":9,"ch":2,"sticky":null},"to":{"line":9,"ch":2,"sticky":null},"text":["s"],"removed":[""],"origin":"+input"}
2019-4-10 20:47:47.970#change#{"from":{"line":9,"ch":3,"sticky":null},"to":{"line":9,"ch":3,"sticky":null},"text":["e"],"removed":[""],"origin":"+input"}
2019-4-10 20:47:50.409#change#{"from":{"line":9,"ch":4,"sticky":null},"to":{"line":9,"ch":4,"sticky":null},"text":[":"],"removed":[""],"origin":"+input"}
2019-4-10 20:47:50.812#change#{"from":{"line":9,"ch":5,"sticky":null},"to":{"line":9,"ch":5,"sticky":null},"text":["",""],"removed":[""],"origin":"+input"}
2019-4-10 20:47:50.812#change#{"from":{"line":10,"ch":0,"sticky":null},"to":{"line":10,"ch":0,"sticky":null},"text":["\t"],"removed":[""],"origin":"+input"}
2019-4-10 20:47:50.812#keyHandled#"Enter"
2019-4-10 20:47:50.818#viewportChange#0
2019-4-10 20:47:51.474#change#{"from":{"line":10,"ch":1,"sticky":null},"to":{"line":10,"ch":1,"sticky":null},"text":["m"],"removed":[""],"origin":"+input"}
2019-4-10 20:47:52.537#change#{"from":{"line":10,"ch":2,"sticky":null},"to":{"line":10,"ch":2,"sticky":null},"text":["d"],"removed":[""],"origin":"+input"}
2019-4-10 20:47:53.609#change#{"from":{"line":10,"ch":2,"sticky":"after"},"to":{"line":10,"ch":3,"sticky":null},"text":[""],"removed":["d"],"origin":"+delete"}
2019-4-10 20:47:53.609#keyHandled#"Backspace"
2019-4-10 20:47:53.751#change#{"from":{"line":10,"ch":2,"sticky":null},"to":{"line":10,"ch":2,"sticky":null},"text":["s"],"removed":[""],"origin":"+input"}
2019-4-10 20:47:54.132#change#{"from":{"line":10,"ch":3,"sticky":null},"to":{"line":10,"ch":3,"sticky":null},"text":["g"],"removed":[""],"origin":"+input"}
2019-4-10 20:47:55.245#change#{"from":{"line":10,"ch":4,"sticky":null},"to":{"line":10,"ch":4,"sticky":null},"text":["-"],"removed":[""],"origin":"+input"}
2019-4-10 20:47:56.351#change#{"from":{"line":10,"ch":4,"sticky":"after"},"to":{"line":10,"ch":5,"sticky":null},"text":[""],"removed":["-"],"origin":"+delete"}
2019-4-10 20:47:56.351#keyHandled#"Backspace"
2019-4-10 20:47:57.065#change#{"from":{"line":10,"ch":4,"sticky":null},"to":{"line":10,"ch":4,"sticky":null},"text":["="],"removed":[""],"origin":"+input"}
2019-4-10 20:47:58.804#change#{"from":{"line":10,"ch":5,"sticky":null},"to":{"line":10,"ch":5,"sticky":null},"text":["p"],"removed":[""],"origin":"+input"}
2019-4-10 20:47:59.178#change#{"from":{"line":10,"ch":5,"sticky":"after"},"to":{"line":10,"ch":6,"sticky":null},"text":[""],"removed":["p"],"origin":"+delete"}
2019-4-10 20:47:59.179#keyHandled#"Backspace"
2019-4-10 20:48:00.382#change#{"from":{"line":10,"ch":5,"sticky":null},"to":{"line":10,"ch":5,"sticky":null},"text":["''"],"removed":[""],"origin":"+input"}
2019-4-10 20:48:00.382#keyHandled#"'''"
2019-4-10 20:48:00.744#change#{"from":{"line":10,"ch":6,"sticky":"after"},"to":{"line":10,"ch":6,"sticky":"after"},"text":["p"],"removed":[""],"origin":"+input"}
2019-4-10 20:48:00.935#change#{"from":{"line":10,"ch":7,"sticky":null},"to":{"line":10,"ch":7,"sticky":null},"text":["o"],"removed":[""],"origin":"+input"}
2019-4-10 20:48:01.386#change#{"from":{"line":10,"ch":8,"sticky":null},"to":{"line":10,"ch":8,"sticky":null},"text":["n"],"removed":[""],"origin":"+input"}
2019-4-10 20:48:01.627#change#{"from":{"line":10,"ch":9,"sticky":null},"to":{"line":10,"ch":9,"sticky":null},"text":["t"],"removed":[""],"origin":"+input"}
2019-4-10 20:48:01.703#change#{"from":{"line":10,"ch":10,"sticky":null},"to":{"line":10,"ch":10,"sticky":null},"text":["o"],"removed":[""],"origin":"+input"}
2019-4-10 20:48:01.892#change#{"from":{"line":10,"ch":11,"sticky":null},"to":{"line":10,"ch":11,"sticky":null},"text":[" "],"removed":[""],"origin":"+input"}
2019-4-10 20:48:02.790#change#{"from":{"line":10,"ch":12,"sticky":null},"to":{"line":10,"ch":12,"sticky":null},"text":["n"],"removed":[""],"origin":"+input"}
2019-4-10 20:48:03.382#change#{"from":{"line":10,"ch":13,"sticky":null},"to":{"line":10,"ch":13,"sticky":null},"text":["a"],"removed":[""],"origin":"+input"}
2019-4-10 20:48:03.597#change#{"from":{"line":10,"ch":14,"sticky":null},"to":{"line":10,"ch":14,"sticky":null},"text":["o"],"removed":[""],"origin":"+input"}
2019-4-10 20:48:04.139#change#{"from":{"line":10,"ch":15,"sticky":null},"to":{"line":10,"ch":15,"sticky":null},"text":[" "],"removed":[""],"origin":"+input"}
2019-4-10 20:48:05.011#change#{"from":{"line":10,"ch":16,"sticky":null},"to":{"line":10,"ch":16,"sticky":null},"text":["p"],"removed":[""],"origin":"+input"}
2019-4-10 20:48:05.227#change#{"from":{"line":10,"ch":17,"sticky":null},"to":{"line":10,"ch":17,"sticky":null},"text":["e"],"removed":[""],"origin":"+input"}
2019-4-10 20:48:05.358#change#{"from":{"line":10,"ch":18,"sticky":null},"to":{"line":10,"ch":18,"sticky":null},"text":["r"],"removed":[""],"origin":"+input"}
2019-4-10 20:48:05.663#change#{"from":{"line":10,"ch":19,"sticky":null},"to":{"line":10,"ch":19,"sticky":null},"text":["t"],"removed":[""],"origin":"+input"}
2019-4-10 20:48:05.914#change#{"from":{"line":10,"ch":20,"sticky":null},"to":{"line":10,"ch":20,"sticky":null},"text":["e"],"removed":[""],"origin":"+input"}
2019-4-10 20:48:06.035#change#{"from":{"line":10,"ch":21,"sticky":null},"to":{"line":10,"ch":21,"sticky":null},"text":["n"],"removed":[""],"origin":"+input"}
2019-4-10 20:48:06.235#change#{"from":{"line":10,"ch":22,"sticky":null},"to":{"line":10,"ch":22,"sticky":null},"text":["c"],"removed":[""],"origin":"+input"}
2019-4-10 20:48:06.370#change#{"from":{"line":10,"ch":23,"sticky":null},"to":{"line":10,"ch":23,"sticky":null},"text":["e"],"removed":[""],"origin":"+input"}
2019-4-10 20:48:06.549#change#{"from":{"line":10,"ch":24,"sticky":null},"to":{"line":10,"ch":24,"sticky":null},"text":[" "],"removed":[""],"origin":"+input"}
2019-4-10 20:48:06.832#change#{"from":{"line":10,"ch":25,"sticky":null},"to":{"line":10,"ch":25,"sticky":null},"text":["a"],"removed":[""],"origin":"+input"}
2019-4-10 20:48:08.005#change#{"from":{"line":10,"ch":28,"sticky":null},"to":{"line":10,"ch":28,"sticky":null},"text":["e"],"removed":[""],"origin":"+input"}
2019-4-10 20:48:08.257#change#{"from":{"line":10,"ch":29,"sticky":null},"to":{"line":10,"ch":29,"sticky":null},"text":["t"],"removed":[""],"origin":"+input"}
2019-4-10 20:48:08.762#change#{"from":{"line":10,"ch":30,"sticky":null},"to":{"line":10,"ch":30,"sticky":null},"text":["a"],"removed":[""],"origin":"+input"}
2019-4-10 20:48:10.019#keyHandled#"Right"
2019-4-10 20:48:10.295#keyHandled#"Right"
2019-4-10 20:48:10.884#change#{"from":{"line":10,"ch":32,"sticky":"before","hitSide":true},"to":{"line":10,"ch":32,"sticky":"before","hitSide":true},"text":["]"],"removed":[""],"origin":"+input"}
2019-4-10 20:48:11.794#change#{"from":{"line":10,"ch":32,"sticky":"after"},"to":{"line":10,"ch":33,"sticky":null},"text":[""],"removed":["]"],"origin":"+delete"}
2019-4-10 20:48:11.794#keyHandled#"Backspace"
2019-4-10 20:48:12.157#change#{"from":{"line":10,"ch":32,"sticky":null},"to":{"line":10,"ch":32,"sticky":null},"text":["",""],"removed":[""],"origin":"+input"}
2019-4-10 20:48:12.157#change#{"from":{"line":11,"ch":0,"sticky":null},"to":{"line":11,"ch":0,"sticky":null},"text":["\t"],"removed":[""],"origin":"+input"}
2019-4-10 20:48:12.157#keyHandled#"Enter"
2019-4-10 20:48:12.166#viewportChange#0
2019-4-10 20:48:12.568#change#{"from":{"line":11,"ch":0,"sticky":"after"},"to":{"line":11,"ch":1,"sticky":null},"text":[""],"removed":["\t"],"origin":"+delete"}
2019-4-10 20:48:12.568#keyHandled#"Backspace"
2019-4-10 20:48:13.265#change#{"from":{"line":11,"ch":0,"sticky":null},"to":{"line":11,"ch":0,"sticky":null},"text":["p"],"removed":[""],"origin":"+input"}
2019-4-10 20:48:13.506#change#{"from":{"line":11,"ch":1,"sticky":null},"to":{"line":11,"ch":1,"sticky":null},"text":["r"],"removed":[""],"origin":"+input"}
2019-4-10 20:48:13.631#change#{"from":{"line":11,"ch":2,"sticky":null},"to":{"line":11,"ch":2,"sticky":null},"text":["i"],"removed":[""],"origin":"+input"}
2019-4-10 20:48:13.797#change#{"from":{"line":11,"ch":3,"sticky":null},"to":{"line":11,"ch":3,"sticky":null},"text":["n"],"removed":[""],"origin":"+input"}
2019-4-10 20:48:13.927#change#{"from":{"line":11,"ch":4,"sticky":null},"to":{"line":11,"ch":4,"sticky":null},"text":["t"],"removed":[""],"origin":"+input"}
2019-4-10 20:48:14.931#change#{"from":{"line":11,"ch":5,"sticky":null},"to":{"line":11,"ch":5,"sticky":null},"text":["()"],"removed":[""],"origin":"+input"}
2019-4-10 20:48:14.931#keyHandled#"'('"
2019-4-10 20:48:17.844#change#{"from":{"line":11,"ch":7,"sticky":null},"to":{"line":11,"ch":7,"sticky":null},"text":["s"],"removed":[""],"origin":"+input"}
2019-4-10 20:48:18.129#change#{"from":{"line":11,"ch":8,"sticky":null},"to":{"line":11,"ch":8,"sticky":null},"text":["g"],"removed":[""],"origin":"+input"}
2019-4-10 20:48:19.151#keyHandled#"Right"
2019-4-10 20:48:19.321#keyHandled#"Right"
2019-4-10 20:48:19.749#change#{"from":{"line":11,"ch":10,"sticky":"before","hitSide":true},"to":{"line":11,"ch":10,"sticky":"before","hitSide":true},"text":["]"],"removed":[""],"origin":"+input"}
2019-4-10 20:48:20.716#change#{"from":{"line":11,"ch":10,"sticky":"after"},"to":{"line":11,"ch":11,"sticky":null},"text":[""],"removed":["]"],"origin":"+delete"}
2019-4-10 20:48:20.716#keyHandled#"Backspace"
2019-4-10 20:48:31.380#keyHandled#"Left"
2019-4-10 20:48:32.510#change#{"from":{"line":11,"ch":9,"sticky":"after"},"to":{"line":11,"ch":9,"sticky":"after"},"text":["."],"removed":[""],"origin":"+input"}
2019-4-10 20:48:33.117#change#{"from":{"line":11,"ch":10,"sticky":null},"to":{"line":11,"ch":10,"sticky":null},"text":["l"],"removed":[""],"origin":"+input"}
2019-4-10 20:48:33.313#change#{"from":{"line":11,"ch":11,"sticky":null},"to":{"line":11,"ch":11,"sticky":null},"text":["o"],"removed":[""],"origin":"+input"}
2019-4-10 20:48:34.251#change#{"from":{"line":11,"ch":12,"sticky":null},"to":{"line":11,"ch":12,"sticky":null},"text":["w"],"removed":[""],"origin":"+input"}
2019-4-10 20:48:34.461#change#{"from":{"line":11,"ch":13,"sticky":null},"to":{"line":11,"ch":13,"sticky":null},"text":["e"],"removed":[""],"origin":"+input"}
2019-4-10 20:48:34.742#change#{"from":{"line":11,"ch":14,"sticky":null},"to":{"line":11,"ch":14,"sticky":null},"text":["r"],"removed":[""],"origin":"+input"}
2019-4-10 20:48:36.682#keyHandled#"')'"
2019-4-10 20:48:37.874#keyHandled#"Left"
2019-4-10 20:48:38.689#change#{"from":{"line":11,"ch":15,"sticky":"after"},"to":{"line":11,"ch":15,"sticky":"after"},"text":["()"],"removed":[""],"origin":"+input"}
2019-4-10 20:48:38.689#keyHandled#"'('"
2019-4-10 20:48:38.689#change#{"from":{"line":11,"ch":15,"sticky":"after"},"to":{"line":11,"ch":15,"sticky":"after"},"text":["()"],"removed":[""],"origin":"+input"}
2019-4-10 20:48:38.689#keyHandled#"'('"
2019-4-10 20:48:44.304#blur#
