== TEST (2019-05-28 09:11:42) 
-- CODE:
from numpy import *
v = array(eval(input("Valores do vetor: ")))
h = array([b for b in v if h >= 0])

print(h)




-- ERROR:
Traceback (most recent call last):
  File "XXXX", line 1, in <module>
    from numpy import *
ModuleNotFoundError: No module named 'numpy'
*-*-*-*-*-*-*-*-*-*-*-*-*-*-*-*-*-*-*-*-*-*-*-*
== TEST (2019-05-28 09:12:25) 
-- CODE:
from numpy import *
v = array(eval(input("Valores do vetor: ")))
h = array([b for b in h if v >= 0])

print(h)




-- ERROR:
Traceback (most recent call last):
  File "XXXX", line 1, in <module>
    from numpy import *
ModuleNotFoundError: No module named 'numpy'
*-*-*-*-*-*-*-*-*-*-*-*-*-*-*-*-*-*-*-*-*-*-*-*
== TEST (2019-05-28 09:13:20) 
-- CODE:
from numpy import *
v = array(eval(input("Valores do vetor: ")))
h = array([b for b in v if b >= 0])

print(h)




-- ERROR:
Traceback (most recent call last):
  File "XXXX", line 1, in <module>
    from numpy import *
ModuleNotFoundError: No module named 'numpy'
*-*-*-*-*-*-*-*-*-*-*-*-*-*-*-*-*-*-*-*-*-*-*-*
== SUBMITION (2019-05-28 10:02:18) 
-- CODE:
from numpy import *
v = array(eval(input("Valores do vetor: ")))

h = array([b for b in v if b >= 0])

print(h)




-- EXECUTION TIME:
0.528047
-- TEST CASE 1:
---- input:
[-1,-2,-3,-4,-5,-6,-7,-8,-9,-10,1]
---- correct output:
[1]
---- user output:
[1]
-- TEST CASE 2:
---- input:
[2,-1,3,-4,5]
---- correct output:
[2 3 5]
---- user output:
[2 3 5]
-- TEST CASE 3:
---- input:
[-1,18,32,14,25,-6]
---- correct output:
[18 32 14 25]
---- user output:
[18 32 14 25]
-- GRADE:
100%
*-*-*-*-*-*-*-*-*-*-*-*-*-*-*-*-*-*-*-*-*-*-*-*
== TEST (2019-06-12 11:07:37) 
-- CODE:
from numpy import *
v = array(eval(input("Valores do vetor: ")))

h = array([b for b in v if b >= 0])

print(h)




-- ERROR:
Traceback (most recent call last):
  File "XXXX", line 1, in <module>
    from numpy import *
ModuleNotFoundError: No module named 'numpy'
*-*-*-*-*-*-*-*-*-*-*-*-*-*-*-*-*-*-*-*-*-*-*-*
