2019-3-31 23:43:55.355#viewportChange#0
2019-3-31 23:44:04.868#mousedown#{"isTrusted":true}
2019-3-31 23:44:04.883#focus#
2019-3-31 23:44:18.048#change#{"from":{"line":3,"ch":0,"sticky":null,"xRel":1,"outside":true},"to":{"line":3,"ch":0,"sticky":null,"xRel":1,"outside":true},"text":["x"],"removed":[""],"origin":"+input"}
2019-3-31 23:44:18.170#change#{"from":{"line":3,"ch":1,"sticky":null},"to":{"line":3,"ch":1,"sticky":null},"text":["="],"removed":[""],"origin":"+input"}
2019-3-31 23:44:18.759#change#{"from":{"line":3,"ch":2,"sticky":null},"to":{"line":3,"ch":2,"sticky":null},"text":[" "],"removed":[""],"origin":"+input"}
2019-3-31 23:44:22.217#change#{"from":{"line":3,"ch":3,"sticky":null},"to":{"line":3,"ch":3,"sticky":null},"text":["f"],"removed":[""],"origin":"+input"}
2019-3-31 23:44:22.295#change#{"from":{"line":3,"ch":4,"sticky":null},"to":{"line":3,"ch":4,"sticky":null},"text":["l"],"removed":[""],"origin":"+input"}
2019-3-31 23:44:22.441#change#{"from":{"line":3,"ch":5,"sticky":null},"to":{"line":3,"ch":5,"sticky":null},"text":["o"],"removed":[""],"origin":"+input"}
2019-3-31 23:44:22.499#change#{"from":{"line":3,"ch":6,"sticky":null},"to":{"line":3,"ch":6,"sticky":null},"text":["a"],"removed":[""],"origin":"+input"}
2019-3-31 23:44:22.612#change#{"from":{"line":3,"ch":7,"sticky":null},"to":{"line":3,"ch":7,"sticky":null},"text":["t"],"removed":[""],"origin":"+input"}
2019-3-31 23:44:22.914#change#{"from":{"line":3,"ch":8,"sticky":null},"to":{"line":3,"ch":8,"sticky":null},"text":["()"],"removed":[""],"origin":"+input"}
2019-3-31 23:44:22.914#keyHandled#"'('"
2019-3-31 23:44:23.185#change#{"from":{"line":3,"ch":9,"sticky":"after"},"to":{"line":3,"ch":9,"sticky":"after"},"text":["i"],"removed":[""],"origin":"+input"}
2019-3-31 23:44:23.379#change#{"from":{"line":3,"ch":10,"sticky":null},"to":{"line":3,"ch":10,"sticky":null},"text":["n"],"removed":[""],"origin":"+input"}
2019-3-31 23:44:23.763#change#{"from":{"line":3,"ch":12,"sticky":null},"to":{"line":3,"ch":12,"sticky":null},"text":["u"],"removed":[""],"origin":"+input"}
2019-3-31 23:44:23.861#change#{"from":{"line":3,"ch":13,"sticky":null},"to":{"line":3,"ch":13,"sticky":null},"text":["t"],"removed":[""],"origin":"+input"}
2019-3-31 23:44:24.156#change#{"from":{"line":3,"ch":14,"sticky":null},"to":{"line":3,"ch":14,"sticky":null},"text":["()"],"removed":[""],"origin":"+input"}
2019-3-31 23:44:24.156#keyHandled#"'('"
2019-3-31 23:44:25.165#change#{"from":{"line":3,"ch":15,"sticky":"after"},"to":{"line":3,"ch":15,"sticky":"after"},"text":["\"\""],"removed":[""],"origin":"+input"}
2019-3-31 23:44:25.165#keyHandled#"'\"'"
2019-3-31 23:44:25.380#change#{"from":{"line":3,"ch":16,"sticky":"after"},"to":{"line":3,"ch":16,"sticky":"after"},"text":["n"],"removed":[""],"origin":"+input"}
2019-3-31 23:44:25.536#change#{"from":{"line":3,"ch":17,"sticky":null},"to":{"line":3,"ch":17,"sticky":null},"text":["u"],"removed":[""],"origin":"+input"}
2019-3-31 23:44:25.701#change#{"from":{"line":3,"ch":18,"sticky":null},"to":{"line":3,"ch":18,"sticky":null},"text":["m"],"removed":[""],"origin":"+input"}
2019-3-31 23:44:25.762#change#{"from":{"line":3,"ch":19,"sticky":null},"to":{"line":3,"ch":19,"sticky":null},"text":["e"],"removed":[""],"origin":"+input"}
2019-3-31 23:44:25.835#change#{"from":{"line":3,"ch":20,"sticky":null},"to":{"line":3,"ch":20,"sticky":null},"text":["r"],"removed":[""],"origin":"+input"}
2019-3-31 23:44:25.911#change#{"from":{"line":3,"ch":21,"sticky":null},"to":{"line":3,"ch":21,"sticky":null},"text":["o"],"removed":[""],"origin":"+input"}
2019-3-31 23:44:27.610#change#{"from":{"line":3,"ch":22,"sticky":null},"to":{"line":3,"ch":22,"sticky":null},"text":[":"],"removed":[""],"origin":"+input"}
2019-3-31 23:44:28.572#change#{"from":{"line":3,"ch":23,"sticky":null},"to":{"line":3,"ch":23,"sticky":null},"text":[" "],"removed":[""],"origin":"+input"}
2019-3-31 23:44:28.913#mousedown#{"isTrusted":true}
2019-3-31 23:44:30.301#copy#{"isTrusted":true}
2019-3-31 23:44:30.478#copy#{"isTrusted":true}
2019-3-31 23:44:30.634#mousedown#{"isTrusted":true}
2019-3-31 23:44:31.668#change#{"from":{"line":3,"ch":27,"sticky":null,"xRel":1,"outside":true},"to":{"line":3,"ch":27,"sticky":null,"xRel":1,"outside":true},"text":["",""],"removed":[""],"origin":"+input"}
2019-3-31 23:44:31.668#keyHandled#"Enter"
2019-3-31 23:44:31.675#viewportChange#0
2019-3-31 23:44:31.807#change#{"from":{"line":4,"ch":0,"sticky":null},"to":{"line":4,"ch":0,"sticky":null},"text":["x= float(input(\"numero: \"))"],"removed":[""],"origin":"paste"}
2019-3-31 23:44:33.240#mousedown#{"isTrusted":true}
2019-3-31 23:44:33.881#change#{"from":{"line":4,"ch":0,"sticky":"after"},"to":{"line":4,"ch":1,"sticky":"before","xRel":-3.1458740234375},"text":[""],"removed":["x"],"origin":"+delete"}
2019-3-31 23:44:33.881#keyHandled#"Backspace"
2019-3-31 23:44:34.099#change#{"from":{"line":4,"ch":0,"sticky":null},"to":{"line":4,"ch":0,"sticky":null},"text":["y"],"removed":[""],"origin":"+input"}
2019-3-31 23:44:34.865#mousedown#{"isTrusted":true}
2019-3-31 23:44:35.162#mousedown#{"isTrusted":true}
2019-3-31 23:44:35.589#change#{"from":{"line":4,"ch":24,"sticky":null},"to":{"line":4,"ch":27,"sticky":null},"text":["",""],"removed":["\"))"],"origin":"+input"}
2019-3-31 23:44:35.590#change#{"from":{"line":5,"ch":0,"sticky":null},"to":{"line":5,"ch":0,"sticky":null},"text":["\t\t\t\t\t"],"removed":[""],"origin":"+input"}
2019-3-31 23:44:35.590#keyHandled#"Enter"
2019-3-31 23:44:35.600#viewportChange#0
2019-3-31 23:44:38.501#change#{"from":{"line":5,"ch":5,"sticky":null},"to":{"line":5,"ch":5,"sticky":null},"text":["t"],"removed":[""],"origin":"+input"}
2019-3-31 23:44:39.860#change#{"from":{"line":5,"ch":5,"sticky":"after"},"to":{"line":5,"ch":6,"sticky":null},"text":[""],"removed":["t"],"origin":"+delete"}
2019-3-31 23:44:39.860#keyHandled#"Backspace"
2019-3-31 23:44:40.036#change#{"from":{"line":5,"ch":4,"sticky":"after"},"to":{"line":5,"ch":5,"sticky":null},"text":[""],"removed":["\t"],"origin":"+delete"}
2019-3-31 23:44:40.036#keyHandled#"Backspace"
2019-3-31 23:44:40.179#change#{"from":{"line":5,"ch":3,"sticky":"after"},"to":{"line":5,"ch":4,"sticky":null},"text":[""],"removed":["\t"],"origin":"+delete"}
2019-3-31 23:44:40.179#keyHandled#"Backspace"
2019-3-31 23:44:40.354#change#{"from":{"line":5,"ch":2,"sticky":"after"},"to":{"line":5,"ch":3,"sticky":null},"text":[""],"removed":["\t"],"origin":"+delete"}
2019-3-31 23:44:40.354#keyHandled#"Backspace"
2019-3-31 23:44:40.509#change#{"from":{"line":5,"ch":1,"sticky":"after"},"to":{"line":5,"ch":2,"sticky":null},"text":[""],"removed":["\t"],"origin":"+delete"}
2019-3-31 23:44:40.509#keyHandled#"Backspace"
2019-3-31 23:44:40.664#change#{"from":{"line":5,"ch":0,"sticky":"after"},"to":{"line":5,"ch":1,"sticky":null},"text":[""],"removed":["\t"],"origin":"+delete"}
2019-3-31 23:44:40.664#keyHandled#"Backspace"
2019-3-31 23:44:43.216#change#{"from":{"line":5,"ch":0,"sticky":null},"to":{"line":5,"ch":0,"sticky":null},"text":["p"],"removed":[""],"origin":"+input"}
2019-3-31 23:44:43.406#change#{"from":{"line":5,"ch":1,"sticky":null},"to":{"line":5,"ch":1,"sticky":null},"text":["r"],"removed":[""],"origin":"+input"}
2019-3-31 23:44:43.531#change#{"from":{"line":5,"ch":2,"sticky":null},"to":{"line":5,"ch":2,"sticky":null},"text":["i"],"removed":[""],"origin":"+input"}
2019-3-31 23:44:43.671#change#{"from":{"line":5,"ch":3,"sticky":null},"to":{"line":5,"ch":3,"sticky":null},"text":["n"],"removed":[""],"origin":"+input"}
2019-3-31 23:44:43.757#change#{"from":{"line":5,"ch":4,"sticky":null},"to":{"line":5,"ch":4,"sticky":null},"text":["t"],"removed":[""],"origin":"+input"}
2019-3-31 23:44:48.278#change#{"from":{"line":5,"ch":5,"sticky":null},"to":{"line":5,"ch":5,"sticky":null},"text":[" "],"removed":[""],"origin":"+input"}
2019-3-31 23:44:48.815#change#{"from":{"line":5,"ch":6,"sticky":null},"to":{"line":5,"ch":6,"sticky":null},"text":["()"],"removed":[""],"origin":"+input"}
2019-3-31 23:44:48.815#keyHandled#"'('"
2019-3-31 23:44:50.228#change#{"from":{"line":5,"ch":7,"sticky":"after"},"to":{"line":5,"ch":7,"sticky":"after"},"text":["x"],"removed":[""],"origin":"+input"}
2019-3-31 23:44:50.693#keyHandled#"Right"
2019-3-31 23:44:50.912#change#{"from":{"line":5,"ch":9,"sticky":"before"},"to":{"line":5,"ch":9,"sticky":"before"},"text":["",""],"removed":[""],"origin":"+input"}
2019-3-31 23:44:50.912#change#{"from":{"line":6,"ch":0,"sticky":null},"to":{"line":6,"ch":0,"sticky":null},"text":["\t\t\t\t\t"],"removed":[""],"origin":"+input"}
2019-3-31 23:44:50.912#keyHandled#"Enter"
2019-3-31 23:44:50.917#viewportChange#0
2019-3-31 23:44:51.393#change#{"from":{"line":6,"ch":5,"sticky":null},"to":{"line":6,"ch":5,"sticky":null},"text":["p"],"removed":[""],"origin":"+input"}
2019-3-31 23:44:51.527#change#{"from":{"line":6,"ch":6,"sticky":null},"to":{"line":6,"ch":6,"sticky":null},"text":["r"],"removed":[""],"origin":"+input"}
2019-3-31 23:44:51.625#change#{"from":{"line":6,"ch":7,"sticky":null},"to":{"line":6,"ch":7,"sticky":null},"text":["i"],"removed":[""],"origin":"+input"}
2019-3-31 23:44:51.777#change#{"from":{"line":6,"ch":8,"sticky":null},"to":{"line":6,"ch":8,"sticky":null},"text":["n"],"removed":[""],"origin":"+input"}
2019-3-31 23:44:51.858#change#{"from":{"line":6,"ch":9,"sticky":null},"to":{"line":6,"ch":9,"sticky":null},"text":["t"],"removed":[""],"origin":"+input"}
2019-3-31 23:44:52.435#change#{"from":{"line":6,"ch":10,"sticky":null},"to":{"line":6,"ch":10,"sticky":null},"text":["()"],"removed":[""],"origin":"+input"}
2019-3-31 23:44:52.435#keyHandled#"'('"
2019-3-31 23:44:53.096#change#{"from":{"line":6,"ch":10,"sticky":null},"to":{"line":6,"ch":12,"sticky":null},"text":[""],"removed":["()"],"origin":"+delete"}
2019-3-31 23:44:53.096#keyHandled#"Backspace"
2019-3-31 23:44:53.270#change#{"from":{"line":6,"ch":9,"sticky":"after"},"to":{"line":6,"ch":10,"sticky":null},"text":[""],"removed":["t"],"origin":"+delete"}
2019-3-31 23:44:53.270#keyHandled#"Backspace"
2019-3-31 23:44:53.440#change#{"from":{"line":6,"ch":8,"sticky":"after"},"to":{"line":6,"ch":9,"sticky":null},"text":[""],"removed":["n"],"origin":"+delete"}
2019-3-31 23:44:53.440#keyHandled#"Backspace"
2019-3-31 23:44:53.806#keyHandled#"Right"
2019-3-31 23:44:54.025#change#{"from":{"line":6,"ch":7,"sticky":"after"},"to":{"line":6,"ch":8,"sticky":null,"hitSide":true},"text":[""],"removed":["i"],"origin":"+delete"}
2019-3-31 23:44:54.025#keyHandled#"Backspace"
2019-3-31 23:44:54.160#change#{"from":{"line":6,"ch":6,"sticky":"after"},"to":{"line":6,"ch":7,"sticky":null},"text":[""],"removed":["r"],"origin":"+delete"}
2019-3-31 23:44:54.160#keyHandled#"Backspace"
2019-3-31 23:44:54.325#change#{"from":{"line":6,"ch":5,"sticky":"after"},"to":{"line":6,"ch":6,"sticky":null},"text":[""],"removed":["p"],"origin":"+delete"}
2019-3-31 23:44:54.325#keyHandled#"Backspace"
2019-3-31 23:44:54.506#change#{"from":{"line":6,"ch":4,"sticky":"after"},"to":{"line":6,"ch":5,"sticky":null},"text":[""],"removed":["\t"],"origin":"+delete"}
2019-3-31 23:44:54.506#keyHandled#"Backspace"
2019-3-31 23:44:54.793#change#{"from":{"line":6,"ch":3,"sticky":"after"},"to":{"line":6,"ch":4,"sticky":null},"text":[""],"removed":["\t"],"origin":"+delete"}
2019-3-31 23:44:54.794#keyHandled#"Backspace"
2019-3-31 23:44:55.006#change#{"from":{"line":6,"ch":2,"sticky":"after"},"to":{"line":6,"ch":3,"sticky":null},"text":[""],"removed":["\t"],"origin":"+delete"}
2019-3-31 23:44:55.006#keyHandled#"Backspace"
2019-3-31 23:44:55.204#change#{"from":{"line":6,"ch":1,"sticky":"after"},"to":{"line":6,"ch":2,"sticky":null},"text":[""],"removed":["\t"],"origin":"+delete"}
2019-3-31 23:44:55.204#keyHandled#"Backspace"
2019-3-31 23:44:55.557#change#{"from":{"line":6,"ch":0,"sticky":"after"},"to":{"line":6,"ch":1,"sticky":null},"text":[""],"removed":["\t"],"origin":"+delete"}
2019-3-31 23:44:55.557#keyHandled#"Backspace"
2019-3-31 23:44:56.157#change#{"from":{"line":6,"ch":0,"sticky":null},"to":{"line":6,"ch":0,"sticky":null},"text":["p"],"removed":[""],"origin":"+input"}
2019-3-31 23:44:56.293#change#{"from":{"line":6,"ch":1,"sticky":null},"to":{"line":6,"ch":1,"sticky":null},"text":["r"],"removed":[""],"origin":"+input"}
2019-3-31 23:44:56.387#change#{"from":{"line":6,"ch":2,"sticky":null},"to":{"line":6,"ch":2,"sticky":null},"text":["i"],"removed":[""],"origin":"+input"}
2019-3-31 23:44:56.522#change#{"from":{"line":6,"ch":3,"sticky":null},"to":{"line":6,"ch":3,"sticky":null},"text":["n"],"removed":[""],"origin":"+input"}
2019-3-31 23:44:56.596#change#{"from":{"line":6,"ch":4,"sticky":null},"to":{"line":6,"ch":4,"sticky":null},"text":["t"],"removed":[""],"origin":"+input"}
2019-3-31 23:44:57.443#change#{"from":{"line":6,"ch":5,"sticky":null},"to":{"line":6,"ch":5,"sticky":null},"text":["()"],"removed":[""],"origin":"+input"}
2019-3-31 23:44:57.443#keyHandled#"'('"
2019-3-31 23:44:57.840#change#{"from":{"line":6,"ch":6,"sticky":"after"},"to":{"line":6,"ch":6,"sticky":"after"},"text":["y"],"removed":[""],"origin":"+input"}
2019-3-31 23:44:58.369#keyHandled#"Right"
2019-3-31 23:44:59.504#change#{"from":{"line":6,"ch":8,"sticky":"before"},"to":{"line":6,"ch":8,"sticky":"before"},"text":["",""],"removed":[""],"origin":"+input"}
2019-3-31 23:44:59.504#change#{"from":{"line":7,"ch":0,"sticky":null},"to":{"line":7,"ch":0,"sticky":null},"text":["\t\t\t\t\t"],"removed":[""],"origin":"+input"}
2019-3-31 23:44:59.504#keyHandled#"Enter"
2019-3-31 23:44:59.509#viewportChange#0
2019-3-31 23:45:00.972#keyHandled#"Left"
2019-3-31 23:45:01.731#keyHandled#"Left"
2019-3-31 23:45:01.974#keyHandled#"Left"
2019-3-31 23:45:02.158#keyHandled#"Left"
2019-3-31 23:45:02.312#keyHandled#"Left"
2019-3-31 23:45:02.494#keyHandled#"Left"
2019-3-31 23:45:04.104#mousedown#{"isTrusted":true}
2019-3-31 23:45:04.947#keyHandled#"Right"
2019-3-31 23:45:05.309#change#{"from":{"line":5,"ch":5,"sticky":"after"},"to":{"line":5,"ch":6,"sticky":"before"},"text":[""],"removed":[" "],"origin":"+delete"}
2019-3-31 23:45:05.309#keyHandled#"Backspace"
2019-3-31 23:45:06.400#mousedown#{"isTrusted":true}
2019-3-31 23:45:06.949#change#{"from":{"line":6,"ch":8,"sticky":"before","xRel":9},"to":{"line":6,"ch":8,"sticky":"before","xRel":9},"text":["s"],"removed":[""],"origin":"+input"}
2019-3-31 23:45:07.010#change#{"from":{"line":6,"ch":9,"sticky":null},"to":{"line":6,"ch":9,"sticky":null},"text":["d"],"removed":[""],"origin":"+input"}
2019-3-31 23:45:07.086#change#{"from":{"line":6,"ch":10,"sticky":null},"to":{"line":6,"ch":10,"sticky":null},"text":["a"],"removed":[""],"origin":"+input"}
2019-3-31 23:45:07.490#change#{"from":{"line":6,"ch":10,"sticky":"after"},"to":{"line":6,"ch":11,"sticky":null},"text":[""],"removed":["a"],"origin":"+delete"}
2019-3-31 23:45:07.490#keyHandled#"Backspace"
2019-3-31 23:45:07.659#change#{"from":{"line":6,"ch":9,"sticky":"after"},"to":{"line":6,"ch":10,"sticky":null},"text":[""],"removed":["d"],"origin":"+delete"}
2019-3-31 23:45:07.659#keyHandled#"Backspace"
2019-3-31 23:45:08.046#change#{"from":{"line":6,"ch":8,"sticky":"after"},"to":{"line":6,"ch":9,"sticky":null},"text":[""],"removed":["s"],"origin":"+delete"}
2019-3-31 23:45:08.046#keyHandled#"Backspace"
2019-3-31 23:45:08.302#change#{"from":{"line":6,"ch":8,"sticky":null},"to":{"line":6,"ch":8,"sticky":null},"text":["",""],"removed":[""],"origin":"+input"}
2019-3-31 23:45:08.302#change#{"from":{"line":7,"ch":0,"sticky":null},"to":{"line":7,"ch":0,"sticky":null},"text":["\t\t\t\t\t"],"removed":[""],"origin":"+input"}
2019-3-31 23:45:08.302#keyHandled#"Enter"
2019-3-31 23:45:08.309#viewportChange#0
2019-3-31 23:45:09.009#change#{"from":{"line":7,"ch":5,"sticky":null},"to":{"line":7,"ch":5,"sticky":null},"text":["s"],"removed":[""],"origin":"+input"}
2019-3-31 23:45:09.213#change#{"from":{"line":7,"ch":6,"sticky":null},"to":{"line":7,"ch":6,"sticky":null},"text":["d"],"removed":[""],"origin":"+input"}
2019-3-31 23:45:09.325#change#{"from":{"line":7,"ch":7,"sticky":null},"to":{"line":7,"ch":7,"sticky":null},"text":["a"],"removed":[""],"origin":"+input"}
2019-3-31 23:45:09.411#change#{"from":{"line":7,"ch":8,"sticky":null},"to":{"line":7,"ch":8,"sticky":null},"text":["w"],"removed":[""],"origin":"+input"}
2019-3-31 23:45:09.530#change#{"from":{"line":7,"ch":8,"sticky":"after"},"to":{"line":7,"ch":9,"sticky":null},"text":[""],"removed":["w"],"origin":"+delete"}
2019-3-31 23:45:09.530#keyHandled#"Backspace"
2019-3-31 23:45:09.972#change#{"from":{"line":7,"ch":7,"sticky":"after"},"to":{"line":7,"ch":8,"sticky":null},"text":[""],"removed":["a"],"origin":"+delete"}
2019-3-31 23:45:09.972#keyHandled#"Backspace"
2019-3-31 23:45:09.996#change#{"from":{"line":7,"ch":6,"sticky":"after"},"to":{"line":7,"ch":7,"sticky":null},"text":[""],"removed":["d"],"origin":"+delete"}
2019-3-31 23:45:09.996#keyHandled#"Backspace"
2019-3-31 23:45:10.024#change#{"from":{"line":7,"ch":5,"sticky":"after"},"to":{"line":7,"ch":6,"sticky":null},"text":[""],"removed":["s"],"origin":"+delete"}
2019-3-31 23:45:10.024#keyHandled#"Backspace"
2019-3-31 23:45:10.047#change#{"from":{"line":7,"ch":4,"sticky":"after"},"to":{"line":7,"ch":5,"sticky":null},"text":[""],"removed":["\t"],"origin":"+delete"}
2019-3-31 23:45:10.047#keyHandled#"Backspace"
2019-3-31 23:45:10.070#change#{"from":{"line":7,"ch":3,"sticky":"after"},"to":{"line":7,"ch":4,"sticky":null},"text":[""],"removed":["\t"],"origin":"+delete"}
2019-3-31 23:45:10.070#keyHandled#"Backspace"
2019-3-31 23:45:10.092#change#{"from":{"line":7,"ch":2,"sticky":"after"},"to":{"line":7,"ch":3,"sticky":null},"text":[""],"removed":["\t"],"origin":"+delete"}
2019-3-31 23:45:10.093#keyHandled#"Backspace"
2019-3-31 23:45:10.118#change#{"from":{"line":7,"ch":1,"sticky":"after"},"to":{"line":7,"ch":2,"sticky":null},"text":[""],"removed":["\t"],"origin":"+delete"}
2019-3-31 23:45:10.118#keyHandled#"Backspace"
2019-3-31 23:45:10.141#change#{"from":{"line":7,"ch":0,"sticky":"after"},"to":{"line":7,"ch":1,"sticky":null},"text":[""],"removed":["\t"],"origin":"+delete"}
2019-3-31 23:45:10.141#keyHandled#"Backspace"
2019-3-31 23:45:10.166#change#{"from":{"line":6,"ch":8,"sticky":"before"},"to":{"line":7,"ch":0,"sticky":null},"text":[""],"removed":["",""],"origin":"+delete"}
2019-3-31 23:45:10.166#keyHandled#"Backspace"
2019-3-31 23:45:10.174#viewportChange#0
2019-3-31 23:45:10.193#change#{"from":{"line":6,"ch":7,"sticky":"after"},"to":{"line":6,"ch":8,"sticky":null},"text":[""],"removed":[")"],"origin":"+delete"}
2019-3-31 23:45:10.193#keyHandled#"Backspace"
2019-3-31 23:45:10.295#change#{"from":{"line":6,"ch":6,"sticky":"after"},"to":{"line":6,"ch":7,"sticky":null},"text":[""],"removed":["y"],"origin":"+delete"}
2019-3-31 23:45:10.295#keyHandled#"Backspace"
2019-3-31 23:45:11.595#blur#
2019-3-31 23:45:12.043#mousedown#{"isTrusted":true}
2019-3-31 23:45:12.090#focus#
2019-3-31 23:45:12.402#mousedown#{"isTrusted":true}
2019-3-31 23:45:12.661#blur#
2019-3-31 23:45:13.387#mousedown#{"isTrusted":true}
2019-3-31 23:45:13.396#focus#
2019-3-31 23:45:13.842#mousedown#{"isTrusted":true}
2019-3-31 23:45:14.360#mousedown#{"isTrusted":true}
2019-3-31 23:45:16.034#change#{"from":{"line":5,"ch":8,"sticky":"before","xRel":11},"to":{"line":5,"ch":8,"sticky":"before","xRel":11},"text":["",""],"removed":[""],"origin":"+input"}
2019-3-31 23:45:16.034#change#{"from":{"line":6,"ch":0,"sticky":null},"to":{"line":6,"ch":0,"sticky":null},"text":["\t\t\t\t\t"],"removed":[""],"origin":"+input"}
2019-3-31 23:45:16.034#keyHandled#"Enter"
2019-3-31 23:45:16.043#viewportChange#0
2019-3-31 23:45:16.981#change#{"from":{"line":6,"ch":5,"sticky":null},"to":{"line":6,"ch":5,"sticky":null},"text":["d"],"removed":[""],"origin":"+input"}
2019-3-31 23:45:17.109#change#{"from":{"line":6,"ch":6,"sticky":null},"to":{"line":6,"ch":6,"sticky":null},"text":["s"],"removed":[""],"origin":"+input"}
2019-3-31 23:45:17.128#change#{"from":{"line":6,"ch":7,"sticky":null},"to":{"line":6,"ch":7,"sticky":null},"text":["a"],"removed":[""],"origin":"+input"}
2019-3-31 23:45:17.209#change#{"from":{"line":6,"ch":8,"sticky":null},"to":{"line":6,"ch":8,"sticky":null},"text":["d"],"removed":[""],"origin":"+input"}
2019-3-31 23:45:17.439#change#{"from":{"line":6,"ch":8,"sticky":"after"},"to":{"line":6,"ch":9,"sticky":null},"text":[""],"removed":["d"],"origin":"+delete"}
2019-3-31 23:45:17.439#keyHandled#"Backspace"
2019-3-31 23:45:17.616#change#{"from":{"line":6,"ch":7,"sticky":"after"},"to":{"line":6,"ch":8,"sticky":null},"text":[""],"removed":["a"],"origin":"+delete"}
2019-3-31 23:45:17.616#keyHandled#"Backspace"
2019-3-31 23:45:17.774#change#{"from":{"line":6,"ch":6,"sticky":"after"},"to":{"line":6,"ch":7,"sticky":null},"text":[""],"removed":["s"],"origin":"+delete"}
2019-3-31 23:45:17.774#keyHandled#"Backspace"
2019-3-31 23:45:17.891#change#{"from":{"line":6,"ch":5,"sticky":"after"},"to":{"line":6,"ch":6,"sticky":null},"text":[""],"removed":["d"],"origin":"+delete"}
2019-3-31 23:45:17.891#keyHandled#"Backspace"
2019-3-31 23:45:17.967#change#{"from":{"line":6,"ch":4,"sticky":"after"},"to":{"line":6,"ch":5,"sticky":null},"text":[""],"removed":["\t"],"origin":"+delete"}
2019-3-31 23:45:17.967#keyHandled#"Backspace"
2019-3-31 23:45:18.057#change#{"from":{"line":6,"ch":3,"sticky":"after"},"to":{"line":6,"ch":4,"sticky":null},"text":[""],"removed":["\t"],"origin":"+delete"}
2019-3-31 23:45:18.057#keyHandled#"Backspace"
2019-3-31 23:45:18.169#change#{"from":{"line":6,"ch":2,"sticky":"after"},"to":{"line":6,"ch":3,"sticky":null},"text":[""],"removed":["\t"],"origin":"+delete"}
2019-3-31 23:45:18.169#keyHandled#"Backspace"
2019-3-31 23:45:18.242#change#{"from":{"line":6,"ch":1,"sticky":"after"},"to":{"line":6,"ch":2,"sticky":null},"text":[""],"removed":["\t"],"origin":"+delete"}
2019-3-31 23:45:18.242#keyHandled#"Backspace"
2019-3-31 23:45:18.345#change#{"from":{"line":6,"ch":0,"sticky":"after"},"to":{"line":6,"ch":1,"sticky":null},"text":[""],"removed":["\t"],"origin":"+delete"}
2019-3-31 23:45:18.345#keyHandled#"Backspace"
2019-3-31 23:45:18.473#change#{"from":{"line":5,"ch":8,"sticky":"before"},"to":{"line":6,"ch":0,"sticky":null},"text":[""],"removed":["",""],"origin":"+delete"}
2019-3-31 23:45:18.473#keyHandled#"Backspace"
2019-3-31 23:45:18.478#viewportChange#0
2019-3-31 23:45:19.058#change#{"from":{"line":5,"ch":8,"sticky":null},"to":{"line":5,"ch":8,"sticky":null},"text":["",""],"removed":[""],"origin":"+input"}
2019-3-31 23:45:19.064#viewportChange#0
2019-3-31 23:45:20.396#change#{"from":{"line":5,"ch":8,"sticky":"before"},"to":{"line":6,"ch":0,"sticky":null},"text":[""],"removed":["",""],"origin":"+delete"}
2019-3-31 23:45:20.396#keyHandled#"Backspace"
2019-3-31 23:45:20.400#viewportChange#0
2019-3-31 23:45:21.039#keyHandled#"Down"
2019-3-31 23:45:21.687#keyHandled#"Right"
2019-3-31 23:45:21.834#keyHandled#"Right"
2019-3-31 23:45:22.073#keyHandled#"Right"
2019-3-31 23:45:22.229#keyHandled#"Up"
2019-3-31 23:45:22.629#keyHandled#"Right"
2019-3-31 23:45:23.095#keyHandled#"Up"
2019-3-31 23:45:23.889#keyHandled#"Right"
2019-3-31 23:45:24.051#keyHandled#"Right"
2019-3-31 23:45:24.195#keyHandled#"Right"
2019-3-31 23:45:24.355#keyHandled#"Right"
2019-3-31 23:45:24.714#keyHandled#"Right"
2019-3-31 23:45:26.353#change#{"from":{"line":6,"ch":6,"sticky":"before"},"to":{"line":6,"ch":6,"sticky":"before"},"text":["y"],"removed":[""],"origin":"+input"}
2019-3-31 23:45:26.865#change#{"from":{"line":6,"ch":7,"sticky":null},"to":{"line":6,"ch":7,"sticky":null},"text":[")"],"removed":[""],"origin":"+input"}
2019-3-31 23:45:27.533#change#{"from":{"line":6,"ch":8,"sticky":null},"to":{"line":6,"ch":8,"sticky":null},"text":["",""],"removed":[""],"origin":"+input"}
2019-3-31 23:45:27.533#change#{"from":{"line":7,"ch":0,"sticky":null},"to":{"line":7,"ch":0,"sticky":null},"text":["\t\t\t\t\t"],"removed":[""],"origin":"+input"}
2019-3-31 23:45:27.533#keyHandled#"Enter"
2019-3-31 23:45:27.538#viewportChange#0
2019-3-31 23:45:28.399#change#{"from":{"line":7,"ch":5,"sticky":null},"to":{"line":7,"ch":5,"sticky":null},"text":["s"],"removed":[""],"origin":"+input"}
2019-3-31 23:45:28.462#change#{"from":{"line":7,"ch":6,"sticky":null},"to":{"line":7,"ch":6,"sticky":null},"text":["d"],"removed":[""],"origin":"+input"}
2019-3-31 23:45:28.766#change#{"from":{"line":7,"ch":6,"sticky":"after"},"to":{"line":7,"ch":7,"sticky":null},"text":[""],"removed":["d"],"origin":"+delete"}
2019-3-31 23:45:28.766#keyHandled#"Backspace"
2019-3-31 23:45:28.952#change#{"from":{"line":7,"ch":5,"sticky":"after"},"to":{"line":7,"ch":6,"sticky":null},"text":[""],"removed":["s"],"origin":"+delete"}
2019-3-31 23:45:28.952#keyHandled#"Backspace"
2019-3-31 23:45:29.286#change#{"from":{"line":7,"ch":4,"sticky":"after"},"to":{"line":7,"ch":5,"sticky":null},"text":[""],"removed":["\t"],"origin":"+delete"}
2019-3-31 23:45:29.286#keyHandled#"Backspace"
2019-3-31 23:45:29.569#change#{"from":{"line":7,"ch":3,"sticky":"after"},"to":{"line":7,"ch":4,"sticky":null},"text":[""],"removed":["\t"],"origin":"+delete"}
2019-3-31 23:45:29.569#keyHandled#"Backspace"
2019-3-31 23:45:29.733#change#{"from":{"line":7,"ch":2,"sticky":"after"},"to":{"line":7,"ch":3,"sticky":null},"text":[""],"removed":["\t"],"origin":"+delete"}
2019-3-31 23:45:29.733#keyHandled#"Backspace"
2019-3-31 23:45:29.905#change#{"from":{"line":7,"ch":1,"sticky":"after"},"to":{"line":7,"ch":2,"sticky":null},"text":[""],"removed":["\t"],"origin":"+delete"}
2019-3-31 23:45:29.905#keyHandled#"Backspace"
2019-3-31 23:45:30.262#change#{"from":{"line":7,"ch":0,"sticky":"after"},"to":{"line":7,"ch":1,"sticky":null},"text":[""],"removed":["\t"],"origin":"+delete"}
2019-3-31 23:45:30.262#keyHandled#"Backspace"
2019-3-31 23:45:32.131#change#{"from":{"line":7,"ch":0,"sticky":null},"to":{"line":7,"ch":0,"sticky":null},"text":["p"],"removed":[""],"origin":"+input"}
2019-3-31 23:45:32.268#change#{"from":{"line":7,"ch":1,"sticky":null},"to":{"line":7,"ch":1,"sticky":null},"text":["r"],"removed":[""],"origin":"+input"}
2019-3-31 23:45:32.369#change#{"from":{"line":7,"ch":2,"sticky":null},"to":{"line":7,"ch":2,"sticky":null},"text":["i"],"removed":[""],"origin":"+input"}
2019-3-31 23:45:32.521#change#{"from":{"line":7,"ch":3,"sticky":null},"to":{"line":7,"ch":3,"sticky":null},"text":["n"],"removed":[""],"origin":"+input"}
2019-3-31 23:45:32.609#change#{"from":{"line":7,"ch":4,"sticky":null},"to":{"line":7,"ch":4,"sticky":null},"text":["t"],"removed":[""],"origin":"+input"}
2019-3-31 23:45:33.731#change#{"from":{"line":7,"ch":5,"sticky":null},"to":{"line":7,"ch":5,"sticky":null},"text":["()"],"removed":[""],"origin":"+input"}
2019-3-31 23:45:33.731#keyHandled#"'('"
2019-3-31 23:45:35.250#change#{"from":{"line":7,"ch":6,"sticky":"after"},"to":{"line":7,"ch":6,"sticky":"after"},"text":["x"],"removed":[""],"origin":"+input"}
2019-3-31 23:45:36.295#change#{"from":{"line":7,"ch":7,"sticky":null},"to":{"line":7,"ch":7,"sticky":null},"text":["/"],"removed":[""],"origin":"+input"}
2019-3-31 23:45:36.435#change#{"from":{"line":7,"ch":8,"sticky":null},"to":{"line":7,"ch":8,"sticky":null},"text":["/"],"removed":[""],"origin":"+input"}
2019-3-31 23:45:36.861#change#{"from":{"line":7,"ch":9,"sticky":null},"to":{"line":7,"ch":9,"sticky":null},"text":["y"],"removed":[""],"origin":"+input"}
2019-3-31 23:45:37.494#keyHandled#"Right"
2019-3-31 23:45:38.416#change#{"from":{"line":7,"ch":11,"sticky":"before"},"to":{"line":7,"ch":11,"sticky":"before"},"text":["",""],"removed":[""],"origin":"+input"}
2019-3-31 23:45:38.425#viewportChange#0
2019-3-31 23:45:39.054#change#{"from":{"line":8,"ch":0,"sticky":null},"to":{"line":8,"ch":0,"sticky":null},"text":["p"],"removed":[""],"origin":"+input"}
2019-3-31 23:45:39.176#change#{"from":{"line":8,"ch":1,"sticky":null},"to":{"line":8,"ch":1,"sticky":null},"text":["r"],"removed":[""],"origin":"+input"}
2019-3-31 23:45:39.277#change#{"from":{"line":8,"ch":2,"sticky":null},"to":{"line":8,"ch":2,"sticky":null},"text":["i"],"removed":[""],"origin":"+input"}
2019-3-31 23:45:39.426#change#{"from":{"line":8,"ch":3,"sticky":null},"to":{"line":8,"ch":3,"sticky":null},"text":["n"],"removed":[""],"origin":"+input"}
2019-3-31 23:45:39.527#change#{"from":{"line":8,"ch":4,"sticky":null},"to":{"line":8,"ch":4,"sticky":null},"text":["t"],"removed":[""],"origin":"+input"}
2019-3-31 23:45:40.505#change#{"from":{"line":8,"ch":5,"sticky":null},"to":{"line":8,"ch":5,"sticky":null},"text":["()"],"removed":[""],"origin":"+input"}
2019-3-31 23:45:40.506#keyHandled#"'('"
2019-3-31 23:45:41.793#change#{"from":{"line":8,"ch":6,"sticky":"after"},"to":{"line":8,"ch":6,"sticky":"after"},"text":["x"],"removed":[""],"origin":"+input"}
2019-3-31 23:45:43.307#change#{"from":{"line":8,"ch":7,"sticky":null},"to":{"line":8,"ch":7,"sticky":null},"text":["%"],"removed":[""],"origin":"+input"}
2019-3-31 23:45:44.757#change#{"from":{"line":8,"ch":8,"sticky":null},"to":{"line":8,"ch":8,"sticky":null},"text":["y"],"removed":[""],"origin":"+input"}
2019-3-31 23:45:45.417#keyHandled#"Right"
2019-3-31 23:45:45.417#keyHandled#"Right"
2019-3-31 23:45:47.120#submit#Your code did not produce the correct output. Please, correct your code and try again.
2019-3-31 23:45:47.120#submit#Your code did not produce the correct output. Please, correct your code and try again.
2019-3-31 23:45:48.398#blur#
2019-3-31 23:45:48.995#saida_testar#$ python3 main.py
File "main.py", line 5
y= float(input("numero:
SyntaxError: EOL while scanning string literal
2019-3-31 23:45:52.056#mousedown#{"isTrusted":true}
2019-3-31 23:45:52.097#focus#
2019-3-31 23:45:52.410#mousedown#{"isTrusted":true}
2019-3-31 23:45:52.985#mousedown#{"isTrusted":true}
2019-3-31 23:45:53.532#keyHandled#"Right"
2019-3-31 23:45:53.847#keyHandled#"Left"
2019-3-31 23:45:53.904#keyHandled#"Up"
2019-3-31 23:45:54.392#keyHandled#"Down"
2019-3-31 23:45:56.931#change#{"from":{"line":4,"ch":24,"sticky":"before","xRel":0},"to":{"line":4,"ch":24,"sticky":"before","xRel":0},"text":["\""],"removed":[""],"origin":"+input"}
2019-3-31 23:45:58.662#change#{"from":{"line":4,"ch":25,"sticky":null},"to":{"line":4,"ch":25,"sticky":null},"text":[")"],"removed":[""],"origin":"+input"}
2019-3-31 23:45:58.982#change#{"from":{"line":4,"ch":26,"sticky":null},"to":{"line":4,"ch":26,"sticky":null},"text":[")"],"removed":[""],"origin":"+input"}
2019-3-31 23:45:58.662#change#{"from":{"line":4,"ch":25,"sticky":null},"to":{"line":4,"ch":25,"sticky":null},"text":[")"],"removed":[""],"origin":"+input"}
2019-3-31 23:45:58.982#change#{"from":{"line":4,"ch":26,"sticky":null},"to":{"line":4,"ch":26,"sticky":null},"text":[")"],"removed":[""],"origin":"+input"}
2019-3-31 23:46:00.541#submit#Your code did not produce the correct output. Please, correct your code and try again.
2019-3-31 23:46:00.541#submit#Your code did not produce the correct output. Please, correct your code and try again.
2019-3-31 23:46:01.944#submit#Your code did not produce the correct output. Please, correct your code and try again.
2019-3-31 23:46:01.944#submit#Your code did not produce the correct output. Please, correct your code and try again.
2019-3-31 23:46:03.282#blur#
2019-3-31 23:46:05.050#saida_testar#$ python3 main.py
2019-3-31 23:46:12.217#mousedown#{"isTrusted":true}
2019-3-31 23:46:12.255#focus#
2019-3-31 23:46:12.832#change#{"from":{"line":4,"ch":7,"sticky":"after"},"to":{"line":4,"ch":8,"sticky":"before","xRel":-1.79168701171875},"text":[""],"removed":["t"],"origin":"+delete"}
2019-3-31 23:46:12.832#keyHandled#"Backspace"
2019-3-31 23:46:13.004#change#{"from":{"line":4,"ch":6,"sticky":"after"},"to":{"line":4,"ch":7,"sticky":null},"text":[""],"removed":["a"],"origin":"+delete"}
2019-3-31 23:46:13.004#keyHandled#"Backspace"
2019-3-31 23:46:13.169#change#{"from":{"line":4,"ch":5,"sticky":"after"},"to":{"line":4,"ch":6,"sticky":null},"text":[""],"removed":["o"],"origin":"+delete"}
2019-3-31 23:46:13.169#keyHandled#"Backspace"
2019-3-31 23:46:13.335#change#{"from":{"line":4,"ch":4,"sticky":"after"},"to":{"line":4,"ch":5,"sticky":null},"text":[""],"removed":["l"],"origin":"+delete"}
2019-3-31 23:46:13.335#keyHandled#"Backspace"
2019-3-31 23:46:13.852#change#{"from":{"line":4,"ch":4,"sticky":"after"},"to":{"line":4,"ch":5,"sticky":null},"text":[""],"removed":["i"],"origin":"+delete"}
2019-3-31 23:46:13.852#keyHandled#"Backspace"
2019-3-31 23:46:13.973#change#{"from":{"line":4,"ch":3,"sticky":"after"},"to":{"line":4,"ch":4,"sticky":null},"text":[""],"removed":["f"],"origin":"+delete"}
2019-3-31 23:46:13.973#keyHandled#"Backspace"
2019-3-31 23:46:14.098#change#{"from":{"line":4,"ch":3,"sticky":null},"to":{"line":4,"ch":3,"sticky":null},"text":["i"],"removed":[""],"origin":"+input"}
2019-3-31 23:46:14.363#change#{"from":{"line":4,"ch":4,"sticky":null},"to":{"line":4,"ch":4,"sticky":null},"text":["n"],"removed":[""],"origin":"+input"}
2019-3-31 23:46:14.520#change#{"from":{"line":4,"ch":5,"sticky":null},"to":{"line":4,"ch":5,"sticky":null},"text":["t"],"removed":[""],"origin":"+input"}
2019-3-31 23:46:15.188#keyHandled#"Up"
2019-3-31 23:46:15.617#keyHandled#"Right"
2019-3-31 23:46:15.755#keyHandled#"Right"
2019-3-31 23:46:15.866#keyHandled#"Right"
2019-3-31 23:46:16.120#change#{"from":{"line":3,"ch":8,"sticky":"after"},"to":{"line":3,"ch":9,"sticky":"before"},"text":[""],"removed":["("],"origin":"+delete"}
2019-3-31 23:46:16.120#keyHandled#"Backspace"
2019-3-31 23:46:17.035#change#{"from":{"line":3,"ch":7,"sticky":"after"},"to":{"line":3,"ch":8,"sticky":null},"text":[""],"removed":["t"],"origin":"+delete"}
2019-3-31 23:46:17.035#keyHandled#"Backspace"
2019-3-31 23:46:17.211#change#{"from":{"line":3,"ch":6,"sticky":"after"},"to":{"line":3,"ch":7,"sticky":null},"text":[""],"removed":["a"],"origin":"+delete"}
2019-3-31 23:46:17.211#keyHandled#"Backspace"
2019-3-31 23:46:17.351#change#{"from":{"line":3,"ch":5,"sticky":"after"},"to":{"line":3,"ch":6,"sticky":null},"text":[""],"removed":["o"],"origin":"+delete"}
2019-3-31 23:46:17.351#keyHandled#"Backspace"
2019-3-31 23:46:17.529#change#{"from":{"line":3,"ch":4,"sticky":"after"},"to":{"line":3,"ch":5,"sticky":null},"text":[""],"removed":["l"],"origin":"+delete"}
2019-3-31 23:46:17.530#keyHandled#"Backspace"
2019-3-31 23:46:17.705#change#{"from":{"line":3,"ch":3,"sticky":"after"},"to":{"line":3,"ch":4,"sticky":null},"text":[""],"removed":["f"],"origin":"+delete"}
2019-3-31 23:46:17.705#keyHandled#"Backspace"
2019-3-31 23:46:18.067#change#{"from":{"line":3,"ch":3,"sticky":null},"to":{"line":3,"ch":3,"sticky":null},"text":["i"],"removed":[""],"origin":"+input"}
2019-3-31 23:46:18.273#change#{"from":{"line":3,"ch":4,"sticky":null},"to":{"line":3,"ch":4,"sticky":null},"text":["n"],"removed":[""],"origin":"+input"}
2019-3-31 23:46:18.410#change#{"from":{"line":3,"ch":5,"sticky":null},"to":{"line":3,"ch":5,"sticky":null},"text":["t"],"removed":[""],"origin":"+input"}
2019-3-31 23:46:19.283#change#{"from":{"line":3,"ch":6,"sticky":null},"to":{"line":3,"ch":6,"sticky":null},"text":["("],"removed":[""],"origin":"+input"}
2019-3-31 23:46:19.283#change#{"from":{"line":3,"ch":6,"sticky":null},"to":{"line":3,"ch":6,"sticky":null},"text":["("],"removed":[""],"origin":"+input"}
2019-3-31 23:46:21.116#submit#Congratulations, your code is correct!
