2019-3-11 17:35:38.628#viewportChange#0
2019-3-11 17:35:45.787#mousedown#{"isTrusted":true}
2019-3-11 17:35:45.812#focus#
2019-3-11 17:36:18.616#change#{"from":{"line":0,"ch":0,"sticky":"after","xRel":163.5333251953125},"to":{"line":0,"ch":0,"sticky":"after","xRel":163.5333251953125},"text":["p"],"removed":[""],"origin":"+input"}
2019-3-11 17:36:18.849#change#{"from":{"line":0,"ch":1,"sticky":null},"to":{"line":0,"ch":1,"sticky":null},"text":["r"],"removed":[""],"origin":"+input"}
2019-3-11 17:36:18.987#change#{"from":{"line":0,"ch":2,"sticky":null},"to":{"line":0,"ch":2,"sticky":null},"text":["i"],"removed":[""],"origin":"+input"}
2019-3-11 17:36:19.069#change#{"from":{"line":0,"ch":3,"sticky":null},"to":{"line":0,"ch":3,"sticky":null},"text":["n"],"removed":[""],"origin":"+input"}
2019-3-11 17:36:19.181#change#{"from":{"line":0,"ch":4,"sticky":null},"to":{"line":0,"ch":4,"sticky":null},"text":["t"],"removed":[""],"origin":"+input"}
2019-3-11 17:36:21.188#change#{"from":{"line":0,"ch":5,"sticky":null},"to":{"line":0,"ch":5,"sticky":null},"text":["()"],"removed":[""],"origin":"+input"}
2019-3-11 17:36:21.188#keyHandled#"'('"
2019-3-11 17:36:26.898#change#{"from":{"line":0,"ch":6,"sticky":"after"},"to":{"line":0,"ch":6,"sticky":"after"},"text":["/"],"removed":[""],"origin":"+input"}
2019-3-11 17:36:27.079#change#{"from":{"line":0,"ch":7,"sticky":null},"to":{"line":0,"ch":7,"sticky":null},"text":["/"],"removed":[""],"origin":"+input"}
2019-3-11 17:36:28.423#keyHandled#"Left"
2019-3-11 17:36:28.602#keyHandled#"Left"
2019-3-11 17:36:30.607#change#{"from":{"line":0,"ch":6,"sticky":"after"},"to":{"line":0,"ch":6,"sticky":"after"},"text":["5"],"removed":[""],"origin":"+input"}
2019-3-11 17:36:30.677#change#{"from":{"line":0,"ch":7,"sticky":null},"to":{"line":0,"ch":7,"sticky":null},"text":["0"],"removed":[""],"origin":"+input"}
2019-3-11 17:36:31.446#keyHandled#"Right"
2019-3-11 17:36:31.657#keyHandled#"Right"
2019-3-11 17:36:34.958#change#{"from":{"line":0,"ch":10,"sticky":"before"},"to":{"line":0,"ch":10,"sticky":"before"},"text":["3"],"removed":[""],"origin":"+input"}
2019-3-11 17:36:34.958#change#{"from":{"line":0,"ch":10,"sticky":"before"},"to":{"line":0,"ch":10,"sticky":"before"},"text":["3"],"removed":[""],"origin":"+input"}
2019-3-11 17:36:40.139#mousedown#{"isTrusted":true}
2019-3-11 17:36:41.458#change#{"from":{"line":0,"ch":12,"sticky":"before","xRel":74.5333251953125},"to":{"line":0,"ch":12,"sticky":"before","xRel":74.5333251953125},"text":["",""],"removed":[""],"origin":"+input"}
2019-3-11 17:36:41.458#keyHandled#"Enter"
2019-3-11 17:36:41.470#viewportChange#0
2019-3-11 17:36:46.944#change#{"from":{"line":1,"ch":0,"sticky":null},"to":{"line":1,"ch":0,"sticky":null},"text":["p"],"removed":[""],"origin":"+input"}
2019-3-11 17:36:47.747#change#{"from":{"line":1,"ch":1,"sticky":null},"to":{"line":1,"ch":1,"sticky":null},"text":["p"],"removed":[""],"origin":"+input"}
2019-3-11 17:36:48.605#change#{"from":{"line":1,"ch":1,"sticky":"after"},"to":{"line":1,"ch":2,"sticky":null},"text":[""],"removed":["p"],"origin":"+delete"}
2019-3-11 17:36:48.605#keyHandled#"Backspace"
2019-3-11 17:36:48.825#change#{"from":{"line":1,"ch":1,"sticky":null},"to":{"line":1,"ch":1,"sticky":null},"text":["r"],"removed":[""],"origin":"+input"}
2019-3-11 17:36:49.242#change#{"from":{"line":1,"ch":2,"sticky":null},"to":{"line":1,"ch":2,"sticky":null},"text":["i"],"removed":[""],"origin":"+input"}
2019-3-11 17:36:49.421#change#{"from":{"line":1,"ch":3,"sticky":null},"to":{"line":1,"ch":3,"sticky":null},"text":["n"],"removed":[""],"origin":"+input"}
2019-3-11 17:36:49.595#change#{"from":{"line":1,"ch":4,"sticky":null},"to":{"line":1,"ch":4,"sticky":null},"text":["t"],"removed":[""],"origin":"+input"}
2019-3-11 17:36:52.165#change#{"from":{"line":1,"ch":5,"sticky":null},"to":{"line":1,"ch":5,"sticky":null},"text":["()"],"removed":[""],"origin":"+input"}
2019-3-11 17:36:52.165#keyHandled#"'('"
2019-3-11 17:36:53.744#change#{"from":{"line":1,"ch":6,"sticky":"after"},"to":{"line":1,"ch":6,"sticky":"after"},"text":["5"],"removed":[""],"origin":"+input"}
2019-3-11 17:36:54.173#change#{"from":{"line":1,"ch":7,"sticky":null},"to":{"line":1,"ch":7,"sticky":null},"text":["0"],"removed":[""],"origin":"+input"}
2019-3-11 17:36:56.646#change#{"from":{"line":1,"ch":8,"sticky":null},"to":{"line":1,"ch":8,"sticky":null},"text":["/"],"removed":[""],"origin":"+input"}
2019-3-11 17:36:56.924#change#{"from":{"line":1,"ch":9,"sticky":null},"to":{"line":1,"ch":9,"sticky":null},"text":["/"],"removed":[""],"origin":"+input"}
2019-3-11 17:36:57.921#change#{"from":{"line":1,"ch":10,"sticky":null},"to":{"line":1,"ch":10,"sticky":null},"text":["3"],"removed":[""],"origin":"+input"}
2019-3-11 17:36:59.722#change#{"from":{"line":1,"ch":11,"sticky":null},"to":{"line":1,"ch":11,"sticky":null},"text":["-"],"removed":[""],"origin":"+input"}
2019-3-11 17:37:00.961#change#{"from":{"line":1,"ch":12,"sticky":null},"to":{"line":1,"ch":12,"sticky":null},"text":["5"],"removed":[""],"origin":"+input"}
2019-3-11 17:37:01.128#change#{"from":{"line":1,"ch":13,"sticky":null},"to":{"line":1,"ch":13,"sticky":null},"text":["0"],"removed":[""],"origin":"+input"}
2019-3-11 17:37:01.128#change#{"from":{"line":1,"ch":13,"sticky":null},"to":{"line":1,"ch":13,"sticky":null},"text":["0"],"removed":[""],"origin":"+input"}
2019-3-11 17:37:13.387#change#{"from":{"line":1,"ch":13,"sticky":"after"},"to":{"line":1,"ch":14,"sticky":null},"text":[""],"removed":["0"],"origin":"+delete"}
2019-3-11 17:37:13.387#keyHandled#"Backspace"
2019-3-11 17:37:13.679#change#{"from":{"line":1,"ch":12,"sticky":"after"},"to":{"line":1,"ch":13,"sticky":null},"text":[""],"removed":["5"],"origin":"+delete"}
2019-3-11 17:37:13.679#keyHandled#"Backspace"
2019-3-11 17:37:13.920#change#{"from":{"line":1,"ch":11,"sticky":"after"},"to":{"line":1,"ch":12,"sticky":null},"text":[""],"removed":["-"],"origin":"+delete"}
2019-3-11 17:37:13.920#keyHandled#"Backspace"
2019-3-11 17:37:14.830#keyHandled#"Left"
2019-3-11 17:37:15.011#keyHandled#"Left"
2019-3-11 17:37:15.199#keyHandled#"Left"
2019-3-11 17:37:15.356#keyHandled#"Left"
2019-3-11 17:37:15.556#keyHandled#"Left"
2019-3-11 17:37:17.340#change#{"from":{"line":1,"ch":6,"sticky":"after"},"to":{"line":1,"ch":6,"sticky":"after"},"text":["5"],"removed":[""],"origin":"+input"}
2019-3-11 17:37:17.498#change#{"from":{"line":1,"ch":7,"sticky":null},"to":{"line":1,"ch":7,"sticky":null},"text":["0"],"removed":[""],"origin":"+input"}
2019-3-11 17:37:18.035#change#{"from":{"line":1,"ch":8,"sticky":null},"to":{"line":1,"ch":8,"sticky":null},"text":["-"],"removed":[""],"origin":"+input"}
2019-3-11 17:37:27.356#mousedown#{"isTrusted":true}
2019-3-11 17:37:29.256#change#{"from":{"line":1,"ch":13,"sticky":"after"},"to":{"line":1,"ch":14,"sticky":"before","xRel":-0.4666748046875},"text":[""],"removed":["3"],"origin":"+delete"}
2019-3-11 17:37:29.256#keyHandled#"Backspace"
2019-3-11 17:37:29.458#change#{"from":{"line":1,"ch":12,"sticky":"after"},"to":{"line":1,"ch":13,"sticky":null},"text":[""],"removed":["/"],"origin":"+delete"}
2019-3-11 17:37:29.458#keyHandled#"Backspace"
2019-3-11 17:37:29.676#change#{"from":{"line":1,"ch":11,"sticky":"after"},"to":{"line":1,"ch":12,"sticky":null},"text":[""],"removed":["/"],"origin":"+delete"}
2019-3-11 17:37:29.676#keyHandled#"Backspace"
2019-3-11 17:37:29.870#change#{"from":{"line":1,"ch":10,"sticky":"after"},"to":{"line":1,"ch":11,"sticky":null},"text":[""],"removed":["0"],"origin":"+delete"}
2019-3-11 17:37:29.870#keyHandled#"Backspace"
2019-3-11 17:37:30.067#change#{"from":{"line":1,"ch":9,"sticky":"after"},"to":{"line":1,"ch":10,"sticky":null},"text":[""],"removed":["5"],"origin":"+delete"}
2019-3-11 17:37:30.067#keyHandled#"Backspace"
2019-3-11 17:37:30.261#change#{"from":{"line":1,"ch":8,"sticky":"after"},"to":{"line":1,"ch":9,"sticky":null},"text":[""],"removed":["-"],"origin":"+delete"}
2019-3-11 17:37:30.261#keyHandled#"Backspace"
2019-3-11 17:37:30.432#change#{"from":{"line":1,"ch":7,"sticky":"after"},"to":{"line":1,"ch":8,"sticky":null},"text":[""],"removed":["0"],"origin":"+delete"}
2019-3-11 17:37:30.432#keyHandled#"Backspace"
2019-3-11 17:37:30.620#change#{"from":{"line":1,"ch":6,"sticky":"after"},"to":{"line":1,"ch":7,"sticky":null},"text":[""],"removed":["5"],"origin":"+delete"}
2019-3-11 17:37:30.620#keyHandled#"Backspace"
2019-3-11 17:37:39.004#change#{"from":{"line":1,"ch":6,"sticky":null},"to":{"line":1,"ch":6,"sticky":null},"text":["9"],"removed":[""],"origin":"+input"}
2019-3-11 17:37:47.492#change#{"from":{"line":1,"ch":7,"sticky":null},"to":{"line":1,"ch":7,"sticky":null},"text":["%"],"removed":[""],"origin":"+input"}
2019-3-11 17:37:48.804#change#{"from":{"line":1,"ch":7,"sticky":"after"},"to":{"line":1,"ch":8,"sticky":null},"text":[""],"removed":["%"],"origin":"+delete"}
2019-3-11 17:37:48.804#keyHandled#"Backspace"
2019-3-11 17:37:48.995#change#{"from":{"line":1,"ch":6,"sticky":"after"},"to":{"line":1,"ch":7,"sticky":null},"text":[""],"removed":["9"],"origin":"+delete"}
2019-3-11 17:37:48.995#keyHandled#"Backspace"
2019-3-11 17:37:50.283#change#{"from":{"line":1,"ch":6,"sticky":null},"to":{"line":1,"ch":6,"sticky":null},"text":["5"],"removed":[""],"origin":"+input"}
2019-3-11 17:37:50.506#change#{"from":{"line":1,"ch":7,"sticky":null},"to":{"line":1,"ch":7,"sticky":null},"text":["0"],"removed":[""],"origin":"+input"}
2019-3-11 17:37:51.284#change#{"from":{"line":1,"ch":8,"sticky":null},"to":{"line":1,"ch":8,"sticky":null},"text":["%"],"removed":[""],"origin":"+input"}
2019-3-11 17:37:52.217#change#{"from":{"line":1,"ch":9,"sticky":null},"to":{"line":1,"ch":9,"sticky":null},"text":["3"],"removed":[""],"origin":"+input"}
2019-3-11 17:37:52.217#change#{"from":{"line":1,"ch":9,"sticky":null},"to":{"line":1,"ch":9,"sticky":null},"text":["3"],"removed":[""],"origin":"+input"}
