2019-5-2 08:19:03.291#viewportChange#0
2019-5-2 08:19:58.082#mousedown#{"isTrusted":true}
2019-5-2 08:19:58.095#focus#
2019-5-2 08:20:00.458#change#{"from":{"line":0,"ch":0,"sticky":"after","xRel":-3.91668701171875},"to":{"line":0,"ch":0,"sticky":"after","xRel":-3.91668701171875},"text":["x"],"removed":[""],"origin":"+input"}
2019-5-2 08:20:00.678#change#{"from":{"line":0,"ch":1,"sticky":null},"to":{"line":0,"ch":1,"sticky":null},"text":[" "],"removed":[""],"origin":"+input"}
2019-5-2 08:20:00.830#change#{"from":{"line":0,"ch":2,"sticky":null},"to":{"line":0,"ch":2,"sticky":null},"text":["="],"removed":[""],"origin":"+input"}
2019-5-2 08:20:00.994#change#{"from":{"line":0,"ch":3,"sticky":null},"to":{"line":0,"ch":3,"sticky":null},"text":[" "],"removed":[""],"origin":"+input"}
2019-5-2 08:20:01.782#change#{"from":{"line":0,"ch":4,"sticky":null},"to":{"line":0,"ch":4,"sticky":null},"text":["()"],"removed":[""],"origin":"+input"}
2019-5-2 08:20:01.782#keyHandled#"'('"
2019-5-2 08:20:02.202#change#{"from":{"line":0,"ch":4,"sticky":null},"to":{"line":0,"ch":6,"sticky":null},"text":[""],"removed":["()"],"origin":"+delete"}
2019-5-2 08:20:02.202#keyHandled#"Backspace"
2019-5-2 08:20:08.425#change#{"from":{"line":0,"ch":4,"sticky":null},"to":{"line":0,"ch":4,"sticky":null},"text":["f"],"removed":[""],"origin":"+input"}
2019-5-2 08:20:08.567#change#{"from":{"line":0,"ch":5,"sticky":null},"to":{"line":0,"ch":5,"sticky":null},"text":["l"],"removed":[""],"origin":"+input"}
2019-5-2 08:20:08.722#change#{"from":{"line":0,"ch":6,"sticky":null},"to":{"line":0,"ch":6,"sticky":null},"text":["o"],"removed":[""],"origin":"+input"}
2019-5-2 08:20:08.865#change#{"from":{"line":0,"ch":7,"sticky":null},"to":{"line":0,"ch":7,"sticky":null},"text":["a"],"removed":[""],"origin":"+input"}
2019-5-2 08:20:08.997#change#{"from":{"line":0,"ch":8,"sticky":null},"to":{"line":0,"ch":8,"sticky":null},"text":["t"],"removed":[""],"origin":"+input"}
2019-5-2 08:20:10.012#change#{"from":{"line":0,"ch":9,"sticky":null},"to":{"line":0,"ch":9,"sticky":null},"text":["()"],"removed":[""],"origin":"+input"}
2019-5-2 08:20:10.012#keyHandled#"'('"
2019-5-2 08:20:10.668#change#{"from":{"line":0,"ch":10,"sticky":"after"},"to":{"line":0,"ch":10,"sticky":"after"},"text":["i"],"removed":[""],"origin":"+input"}
2019-5-2 08:20:10.843#change#{"from":{"line":0,"ch":11,"sticky":null},"to":{"line":0,"ch":11,"sticky":null},"text":["n"],"removed":[""],"origin":"+input"}
2019-5-2 08:20:11.071#change#{"from":{"line":0,"ch":12,"sticky":null},"to":{"line":0,"ch":12,"sticky":null},"text":["p"],"removed":[""],"origin":"+input"}
2019-5-2 08:20:11.276#change#{"from":{"line":0,"ch":13,"sticky":null},"to":{"line":0,"ch":13,"sticky":null},"text":["u"],"removed":[""],"origin":"+input"}
2019-5-2 08:20:11.527#change#{"from":{"line":0,"ch":14,"sticky":null},"to":{"line":0,"ch":14,"sticky":null},"text":["t"],"removed":[""],"origin":"+input"}
2019-5-2 08:20:12.246#change#{"from":{"line":0,"ch":15,"sticky":null},"to":{"line":0,"ch":15,"sticky":null},"text":["()"],"removed":[""],"origin":"+input"}
2019-5-2 08:20:12.246#keyHandled#"'('"
2019-5-2 08:20:13.157#change#{"from":{"line":0,"ch":16,"sticky":"after"},"to":{"line":0,"ch":16,"sticky":"after"},"text":["\"\""],"removed":[""],"origin":"+input"}
2019-5-2 08:20:13.157#keyHandled#"'\"'"
2019-5-2 08:20:13.926#keyHandled#"Right"
2019-5-2 08:20:14.366#keyHandled#"Left"
2019-5-2 08:20:21.612#change#{"from":{"line":0,"ch":17,"sticky":"after"},"to":{"line":0,"ch":17,"sticky":"after"},"text":["d"],"removed":[""],"origin":"+input"}
2019-5-2 08:20:21.817#change#{"from":{"line":0,"ch":18,"sticky":null},"to":{"line":0,"ch":18,"sticky":null},"text":["i"],"removed":[""],"origin":"+input"}
2019-5-2 08:20:21.998#change#{"from":{"line":0,"ch":19,"sticky":null},"to":{"line":0,"ch":19,"sticky":null},"text":["g"],"removed":[""],"origin":"+input"}
2019-5-2 08:20:22.099#change#{"from":{"line":0,"ch":20,"sticky":null},"to":{"line":0,"ch":20,"sticky":null},"text":["i"],"removed":[""],"origin":"+input"}
2019-5-2 08:20:22.337#change#{"from":{"line":0,"ch":21,"sticky":null},"to":{"line":0,"ch":21,"sticky":null},"text":["t"],"removed":[""],"origin":"+input"}
2019-5-2 08:20:22.449#change#{"from":{"line":0,"ch":22,"sticky":null},"to":{"line":0,"ch":22,"sticky":null},"text":["e"],"removed":[""],"origin":"+input"}
2019-5-2 08:20:22.605#change#{"from":{"line":0,"ch":23,"sticky":null},"to":{"line":0,"ch":23,"sticky":null},"text":[" "],"removed":[""],"origin":"+input"}
2019-5-2 08:20:23.493#keyHandled#"Left"
2019-5-2 08:20:23.641#keyHandled#"Left"
2019-5-2 08:20:23.804#keyHandled#"Left"
2019-5-2 08:20:23.950#keyHandled#"Left"
2019-5-2 08:20:24.113#keyHandled#"Left"
2019-5-2 08:20:24.256#keyHandled#"Left"
2019-5-2 08:20:24.712#change#{"from":{"line":0,"ch":17,"sticky":"after"},"to":{"line":0,"ch":18,"sticky":"after"},"text":[""],"removed":["d"],"origin":"+delete"}
2019-5-2 08:20:24.712#keyHandled#"Backspace"
2019-5-2 08:20:25.186#change#{"from":{"line":0,"ch":17,"sticky":null},"to":{"line":0,"ch":17,"sticky":null},"text":["D"],"removed":[""],"origin":"+input"}
2019-5-2 08:20:26.009#keyHandled#"Right"
2019-5-2 08:20:26.160#keyHandled#"Right"
2019-5-2 08:20:26.297#keyHandled#"Right"
2019-5-2 08:20:26.441#keyHandled#"Right"
2019-5-2 08:20:26.577#keyHandled#"Right"
2019-5-2 08:20:26.892#change#{"from":{"line":0,"ch":23,"sticky":"before"},"to":{"line":0,"ch":23,"sticky":"before"},"text":[" "],"removed":[""],"origin":"+input"}
2019-5-2 08:20:27.328#change#{"from":{"line":0,"ch":24,"sticky":null},"to":{"line":0,"ch":24,"sticky":null},"text":["u"],"removed":[""],"origin":"+input"}
2019-5-2 08:20:27.532#change#{"from":{"line":0,"ch":25,"sticky":null},"to":{"line":0,"ch":25,"sticky":null},"text":["m"],"removed":[""],"origin":"+input"}
2019-5-2 08:20:27.735#change#{"from":{"line":0,"ch":26,"sticky":null},"to":{"line":0,"ch":26,"sticky":null},"text":[" "],"removed":[""],"origin":"+input"}
2019-5-2 08:20:28.275#change#{"from":{"line":0,"ch":27,"sticky":null},"to":{"line":0,"ch":27,"sticky":null},"text":["v"],"removed":[""],"origin":"+input"}
2019-5-2 08:20:28.398#change#{"from":{"line":0,"ch":28,"sticky":null},"to":{"line":0,"ch":28,"sticky":null},"text":["a"],"removed":[""],"origin":"+input"}
2019-5-2 08:20:28.571#change#{"from":{"line":0,"ch":29,"sticky":null},"to":{"line":0,"ch":29,"sticky":null},"text":["l"],"removed":[""],"origin":"+input"}
2019-5-2 08:20:28.720#change#{"from":{"line":0,"ch":30,"sticky":null},"to":{"line":0,"ch":30,"sticky":null},"text":["o"],"removed":[""],"origin":"+input"}
2019-5-2 08:20:28.830#change#{"from":{"line":0,"ch":31,"sticky":null},"to":{"line":0,"ch":31,"sticky":null},"text":["r"],"removed":[""],"origin":"+input"}
2019-5-2 08:20:28.936#change#{"from":{"line":0,"ch":32,"sticky":null},"to":{"line":0,"ch":32,"sticky":null},"text":[" "],"removed":[""],"origin":"+input"}
2019-5-2 08:20:29.146#change#{"from":{"line":0,"ch":33,"sticky":null},"to":{"line":0,"ch":33,"sticky":null},"text":["o"],"removed":[""],"origin":"+input"}
2019-5-2 08:20:29.290#change#{"from":{"line":0,"ch":34,"sticky":null},"to":{"line":0,"ch":34,"sticky":null},"text":["a"],"removed":[""],"origin":"+input"}
2019-5-2 08:20:29.474#change#{"from":{"line":0,"ch":35,"sticky":null},"to":{"line":0,"ch":35,"sticky":null},"text":["r"],"removed":[""],"origin":"+input"}
2019-5-2 08:20:29.621#change#{"from":{"line":0,"ch":36,"sticky":null},"to":{"line":0,"ch":36,"sticky":null},"text":["a"],"removed":[""],"origin":"+input"}
2019-5-2 08:20:29.777#change#{"from":{"line":0,"ch":37,"sticky":null},"to":{"line":0,"ch":37,"sticky":null},"text":[" "],"removed":[""],"origin":"+input"}
2019-5-2 08:20:30.389#change#{"from":{"line":0,"ch":38,"sticky":null},"to":{"line":0,"ch":38,"sticky":null},"text":["x"],"removed":[""],"origin":"+input"}
2019-5-2 08:20:33.317#change#{"from":{"line":0,"ch":39,"sticky":null},"to":{"line":0,"ch":39,"sticky":null},"text":[":"],"removed":[""],"origin":"+input"}
2019-5-2 08:20:33.738#change#{"from":{"line":0,"ch":40,"sticky":null},"to":{"line":0,"ch":40,"sticky":null},"text":[" "],"removed":[""],"origin":"+input"}
2019-5-2 08:20:34.243#keyHandled#"Right"
2019-5-2 08:20:34.391#keyHandled#"Right"
2019-5-2 08:20:34.768#keyHandled#"Left"
2019-5-2 08:20:35.130#change#{"from":{"line":0,"ch":41,"sticky":"after"},"to":{"line":0,"ch":42,"sticky":"after"},"text":[""],"removed":[" "],"origin":"+delete"}
2019-5-2 08:20:35.130#keyHandled#"Backspace"
2019-5-2 08:20:36.578#keyHandled#"Right"
2019-5-2 08:20:36.710#keyHandled#"Right"
2019-5-2 08:20:36.901#keyHandled#"Right"
2019-5-2 08:20:37.867#change#{"from":{"line":0,"ch":44,"sticky":"before"},"to":{"line":0,"ch":44,"sticky":"before"},"text":["",""],"removed":[""],"origin":"+input"}
2019-5-2 08:20:37.867#keyHandled#"Enter"
2019-5-2 08:20:37.882#viewportChange#0
2019-5-2 08:20:39.636#change#{"from":{"line":1,"ch":0,"sticky":null},"to":{"line":1,"ch":0,"sticky":null},"text":["",""],"removed":[""],"origin":"+input"}
2019-5-2 08:20:39.636#keyHandled#"Enter"
2019-5-2 08:20:39.649#viewportChange#0
2019-5-2 08:20:54.344#change#{"from":{"line":2,"ch":0,"sticky":null},"to":{"line":2,"ch":0,"sticky":null},"text":["i"],"removed":[""],"origin":"+input"}
2019-5-2 08:20:54.852#change#{"from":{"line":2,"ch":1,"sticky":null},"to":{"line":2,"ch":1,"sticky":null},"text":["f"],"removed":[""],"origin":"+input"}
2019-5-2 08:20:55.154#change#{"from":{"line":2,"ch":2,"sticky":null},"to":{"line":2,"ch":2,"sticky":null},"text":[" "],"removed":[""],"origin":"+input"}
2019-5-2 08:20:56.512#change#{"from":{"line":2,"ch":2,"sticky":"after"},"to":{"line":2,"ch":3,"sticky":null},"text":[""],"removed":[" "],"origin":"+delete"}
2019-5-2 08:20:56.512#keyHandled#"Backspace"
2019-5-2 08:20:57.303#change#{"from":{"line":2,"ch":2,"sticky":null},"to":{"line":2,"ch":2,"sticky":null},"text":["()"],"removed":[""],"origin":"+input"}
2019-5-2 08:20:57.303#keyHandled#"'('"
2019-5-2 08:20:57.474#keyHandled#"Right"
2019-5-2 08:20:57.946#change#{"from":{"line":2,"ch":4,"sticky":"before"},"to":{"line":2,"ch":4,"sticky":"before"},"text":["?"],"removed":[""],"origin":"+input"}
2019-5-2 08:20:58.750#change#{"from":{"line":2,"ch":4,"sticky":"after"},"to":{"line":2,"ch":5,"sticky":null},"text":[""],"removed":["?"],"origin":"+delete"}
2019-5-2 08:20:58.750#keyHandled#"Backspace"
2019-5-2 08:20:59.165#change#{"from":{"line":2,"ch":4,"sticky":null},"to":{"line":2,"ch":4,"sticky":null},"text":[":"],"removed":[""],"origin":"+input"}
2019-5-2 08:20:59.642#keyHandled#"Left"
2019-5-2 08:20:59.856#keyHandled#"Left"
2019-5-2 08:21:04.065#change#{"from":{"line":2,"ch":3,"sticky":"after"},"to":{"line":2,"ch":3,"sticky":"after"},"text":["x"],"removed":[""],"origin":"+input"}
2019-5-2 08:21:06.309#change#{"from":{"line":2,"ch":4,"sticky":null},"to":{"line":2,"ch":4,"sticky":null},"text":["<"],"removed":[""],"origin":"+input"}
2019-5-2 08:21:07.195#change#{"from":{"line":2,"ch":5,"sticky":null},"to":{"line":2,"ch":5,"sticky":null},"text":["="],"removed":[""],"origin":"+input"}
2019-5-2 08:21:08.375#change#{"from":{"line":2,"ch":6,"sticky":null},"to":{"line":2,"ch":6,"sticky":null},"text":["-"],"removed":[""],"origin":"+input"}
2019-5-2 08:21:08.689#change#{"from":{"line":2,"ch":7,"sticky":null},"to":{"line":2,"ch":7,"sticky":null},"text":["1"],"removed":[""],"origin":"+input"}
2019-5-2 08:21:11.810#change#{"from":{"line":2,"ch":8,"sticky":null},"to":{"line":2,"ch":8,"sticky":null},"text":[" "],"removed":[""],"origin":"+input"}
2019-5-2 08:21:12.021#change#{"from":{"line":2,"ch":9,"sticky":null},"to":{"line":2,"ch":9,"sticky":null},"text":["a"],"removed":[""],"origin":"+input"}
2019-5-2 08:21:12.489#change#{"from":{"line":2,"ch":10,"sticky":null},"to":{"line":2,"ch":10,"sticky":null},"text":["n"],"removed":[""],"origin":"+input"}
2019-5-2 08:21:12.620#change#{"from":{"line":2,"ch":11,"sticky":null},"to":{"line":2,"ch":11,"sticky":null},"text":["d"],"removed":[""],"origin":"+input"}
2019-5-2 08:21:13.368#keyHandled#"Left"
2019-5-2 08:21:13.537#keyHandled#"Left"
2019-5-2 08:21:13.702#keyHandled#"Left"
2019-5-2 08:21:13.874#keyHandled#"Left"
2019-5-2 08:21:14.558#change#{"from":{"line":2,"ch":8,"sticky":"after"},"to":{"line":2,"ch":8,"sticky":"after"},"text":[")"],"removed":[""],"origin":"+input"}
2019-5-2 08:21:14.745#keyHandled#"Left"
2019-5-2 08:21:14.908#keyHandled#"Left"
2019-5-2 08:21:15.065#keyHandled#"Left"
2019-5-2 08:21:15.220#keyHandled#"Left"
2019-5-2 08:21:15.371#keyHandled#"Left"
2019-5-2 08:21:15.520#keyHandled#"Left"
2019-5-2 08:21:15.995#change#{"from":{"line":2,"ch":3,"sticky":"after"},"to":{"line":2,"ch":3,"sticky":"after"},"text":["("],"removed":[""],"origin":"+input"}
2019-5-2 08:21:16.193#keyHandled#"Right"
2019-5-2 08:21:16.333#keyHandled#"Right"
2019-5-2 08:21:16.467#keyHandled#"Right"
2019-5-2 08:21:16.596#keyHandled#"Right"
2019-5-2 08:21:16.734#keyHandled#"Right"
2019-5-2 08:21:16.857#keyHandled#"Right"
2019-5-2 08:21:17.007#keyHandled#"Right"
2019-5-2 08:21:17.174#keyHandled#"Right"
2019-5-2 08:21:17.339#keyHandled#"Right"
2019-5-2 08:21:17.684#keyHandled#"Right"
2019-5-2 08:21:18.132#change#{"from":{"line":2,"ch":14,"sticky":"before"},"to":{"line":2,"ch":14,"sticky":"before"},"text":[" "],"removed":[""],"origin":"+input"}
2019-5-2 08:21:18.804#change#{"from":{"line":2,"ch":15,"sticky":null},"to":{"line":2,"ch":15,"sticky":null},"text":["()"],"removed":[""],"origin":"+input"}
2019-5-2 08:21:18.804#keyHandled#"'('"
2019-5-2 08:21:20.959#keyHandled#"Left"
2019-5-2 08:21:21.122#keyHandled#"Left"
2019-5-2 08:21:21.271#keyHandled#"Left"
2019-5-2 08:21:21.572#keyHandled#"Right"
2019-5-2 08:21:21.959#change#{"from":{"line":2,"ch":13,"sticky":"after"},"to":{"line":2,"ch":14,"sticky":"before"},"text":[""],"removed":["d"],"origin":"+delete"}
2019-5-2 08:21:21.959#keyHandled#"Backspace"
2019-5-2 08:21:22.128#change#{"from":{"line":2,"ch":12,"sticky":"after"},"to":{"line":2,"ch":13,"sticky":null},"text":[""],"removed":["n"],"origin":"+delete"}
2019-5-2 08:21:22.128#keyHandled#"Backspace"
2019-5-2 08:21:22.689#change#{"from":{"line":2,"ch":11,"sticky":"after"},"to":{"line":2,"ch":12,"sticky":null},"text":[""],"removed":["a"],"origin":"+delete"}
2019-5-2 08:21:22.689#keyHandled#"Backspace"
2019-5-2 08:21:23.212#change#{"from":{"line":2,"ch":11,"sticky":null},"to":{"line":2,"ch":11,"sticky":null},"text":["o"],"removed":[""],"origin":"+input"}
2019-5-2 08:21:23.354#change#{"from":{"line":2,"ch":12,"sticky":null},"to":{"line":2,"ch":12,"sticky":null},"text":["r"],"removed":[""],"origin":"+input"}
2019-5-2 08:21:24.108#keyHandled#"Right"
2019-5-2 08:21:24.248#keyHandled#"Right"
2019-5-2 08:21:24.397#keyHandled#"Right"
2019-5-2 08:21:25.064#keyHandled#"Left"
2019-5-2 08:21:25.867#change#{"from":{"line":2,"ch":15,"sticky":"after"},"to":{"line":2,"ch":15,"sticky":"after"},"text":["x"],"removed":[""],"origin":"+input"}
2019-5-2 08:21:26.548#change#{"from":{"line":2,"ch":16,"sticky":null},"to":{"line":2,"ch":16,"sticky":null},"text":[">"],"removed":[""],"origin":"+input"}
2019-5-2 08:21:27.221#change#{"from":{"line":2,"ch":17,"sticky":null},"to":{"line":2,"ch":17,"sticky":null},"text":["="],"removed":[""],"origin":"+input"}
2019-5-2 08:21:28.513#change#{"from":{"line":2,"ch":18,"sticky":null},"to":{"line":2,"ch":18,"sticky":null},"text":["1"],"removed":[""],"origin":"+input"}
2019-5-2 08:21:29.890#keyHandled#"Right"
2019-5-2 08:21:30.035#keyHandled#"Right"
2019-5-2 08:21:30.201#keyHandled#"Right"
2019-5-2 08:21:30.902#change#{"from":{"line":2,"ch":22,"sticky":"before"},"to":{"line":2,"ch":22,"sticky":"before"},"text":["",""],"removed":[""],"origin":"+input"}
2019-5-2 08:21:30.902#change#{"from":{"line":3,"ch":0,"sticky":null},"to":{"line":3,"ch":0,"sticky":null},"text":["\t"],"removed":[""],"origin":"+input"}
2019-5-2 08:21:30.902#keyHandled#"Enter"
2019-5-2 08:21:30.915#viewportChange#0
2019-5-2 08:21:34.562#change#{"from":{"line":3,"ch":1,"sticky":null},"to":{"line":3,"ch":1,"sticky":null},"text":["f"],"removed":[""],"origin":"+input"}
2019-5-2 08:21:34.833#change#{"from":{"line":3,"ch":2,"sticky":null},"to":{"line":3,"ch":2,"sticky":null},"text":["x"],"removed":[""],"origin":"+input"}
2019-5-2 08:21:36.590#change#{"from":{"line":3,"ch":2,"sticky":"after"},"to":{"line":3,"ch":3,"sticky":null},"text":[""],"removed":["x"],"origin":"+delete"}
2019-5-2 08:21:36.590#keyHandled#"Backspace"
2019-5-2 08:21:36.791#change#{"from":{"line":3,"ch":1,"sticky":"after"},"to":{"line":3,"ch":2,"sticky":null},"text":[""],"removed":["f"],"origin":"+delete"}
2019-5-2 08:21:36.791#keyHandled#"Backspace"
2019-5-2 08:21:40.242#change#{"from":{"line":3,"ch":1,"sticky":null},"to":{"line":3,"ch":1,"sticky":null},"text":["f"],"removed":[""],"origin":"+input"}
2019-5-2 08:21:40.446#change#{"from":{"line":3,"ch":2,"sticky":null},"to":{"line":3,"ch":2,"sticky":null},"text":["x"],"removed":[""],"origin":"+input"}
2019-5-2 08:21:40.876#change#{"from":{"line":3,"ch":3,"sticky":null},"to":{"line":3,"ch":3,"sticky":null},"text":["1"],"removed":[""],"origin":"+input"}
2019-5-2 08:21:41.650#change#{"from":{"line":3,"ch":4,"sticky":null},"to":{"line":3,"ch":4,"sticky":null},"text":[" "],"removed":[""],"origin":"+input"}
2019-5-2 08:21:41.932#change#{"from":{"line":3,"ch":5,"sticky":null},"to":{"line":3,"ch":5,"sticky":null},"text":["="],"removed":[""],"origin":"+input"}
2019-5-2 08:21:42.061#change#{"from":{"line":3,"ch":6,"sticky":null},"to":{"line":3,"ch":6,"sticky":null},"text":[" "],"removed":[""],"origin":"+input"}
2019-5-2 08:21:44.704#change#{"from":{"line":3,"ch":7,"sticky":null},"to":{"line":3,"ch":7,"sticky":null},"text":["x"],"removed":[""],"origin":"+input"}
2019-5-2 08:21:45.656#change#{"from":{"line":3,"ch":8,"sticky":null},"to":{"line":3,"ch":8,"sticky":null},"text":[" "],"removed":[""],"origin":"+input"}
2019-5-2 08:21:45.853#change#{"from":{"line":3,"ch":9,"sticky":null},"to":{"line":3,"ch":9,"sticky":null},"text":["*"],"removed":[""],"origin":"+input"}
2019-5-2 08:21:46.003#change#{"from":{"line":3,"ch":10,"sticky":null},"to":{"line":3,"ch":10,"sticky":null},"text":["*"],"removed":[""],"origin":"+input"}
2019-5-2 08:21:46.915#change#{"from":{"line":3,"ch":11,"sticky":null},"to":{"line":3,"ch":11,"sticky":null},"text":[" "],"removed":[""],"origin":"+input"}
2019-5-2 08:21:47.146#change#{"from":{"line":3,"ch":12,"sticky":null},"to":{"line":3,"ch":12,"sticky":null},"text":["2"],"removed":[""],"origin":"+input"}
2019-5-2 08:21:48.045#change#{"from":{"line":3,"ch":13,"sticky":null},"to":{"line":3,"ch":13,"sticky":null},"text":[")"],"removed":[""],"origin":"+input"}
2019-5-2 08:21:48.235#keyHandled#"Left"
2019-5-2 08:21:48.412#keyHandled#"Left"
2019-5-2 08:21:48.578#keyHandled#"Left"
2019-5-2 08:21:48.712#keyHandled#"Left"
2019-5-2 08:21:48.857#keyHandled#"Left"
2019-5-2 08:21:48.997#keyHandled#"Left"
2019-5-2 08:21:49.700#keyHandled#"Left"
2019-5-2 08:21:50.141#change#{"from":{"line":3,"ch":7,"sticky":"after"},"to":{"line":3,"ch":7,"sticky":"after"},"text":["("],"removed":[""],"origin":"+input"}
2019-5-2 08:21:50.556#keyHandled#"Right"
2019-5-2 08:21:50.726#keyHandled#"Right"
2019-5-2 08:21:50.852#keyHandled#"Right"
2019-5-2 08:21:50.981#keyHandled#"Right"
2019-5-2 08:21:51.124#keyHandled#"Right"
2019-5-2 08:21:51.246#keyHandled#"Right"
2019-5-2 08:21:51.390#keyHandled#"Right"
2019-5-2 08:21:51.980#change#{"from":{"line":3,"ch":15,"sticky":"before"},"to":{"line":3,"ch":15,"sticky":"before"},"text":["",""],"removed":[""],"origin":"+input"}
2019-5-2 08:21:51.980#change#{"from":{"line":4,"ch":0,"sticky":null},"to":{"line":4,"ch":0,"sticky":null},"text":["\t"],"removed":[""],"origin":"+input"}
2019-5-2 08:21:51.980#keyHandled#"Enter"
2019-5-2 08:21:51.995#viewportChange#0
2019-5-2 08:21:52.583#change#{"from":{"line":4,"ch":1,"sticky":null},"to":{"line":4,"ch":1,"sticky":null},"text":["p"],"removed":[""],"origin":"+input"}
2019-5-2 08:21:52.713#change#{"from":{"line":4,"ch":2,"sticky":null},"to":{"line":4,"ch":2,"sticky":null},"text":["r"],"removed":[""],"origin":"+input"}
2019-5-2 08:21:52.877#change#{"from":{"line":4,"ch":3,"sticky":null},"to":{"line":4,"ch":3,"sticky":null},"text":["i"],"removed":[""],"origin":"+input"}
2019-5-2 08:21:53.055#change#{"from":{"line":4,"ch":4,"sticky":null},"to":{"line":4,"ch":4,"sticky":null},"text":["n"],"removed":[""],"origin":"+input"}
2019-5-2 08:21:53.185#change#{"from":{"line":4,"ch":5,"sticky":null},"to":{"line":4,"ch":5,"sticky":null},"text":["t"],"removed":[""],"origin":"+input"}
2019-5-2 08:21:54.017#change#{"from":{"line":4,"ch":6,"sticky":null},"to":{"line":4,"ch":6,"sticky":null},"text":["()"],"removed":[""],"origin":"+input"}
2019-5-2 08:21:54.017#keyHandled#"'('"
2019-5-2 08:22:15.679#mousedown#{"isTrusted":true}
2019-5-2 08:22:17.912#change#{"from":{"line":4,"ch":7,"sticky":"after"},"to":{"line":4,"ch":7,"sticky":"after"},"text":["f"],"removed":[""],"origin":"+input"}
2019-5-2 08:22:18.301#change#{"from":{"line":4,"ch":8,"sticky":null},"to":{"line":4,"ch":8,"sticky":null},"text":["x"],"removed":[""],"origin":"+input"}
2019-5-2 08:22:18.816#change#{"from":{"line":4,"ch":9,"sticky":null},"to":{"line":4,"ch":9,"sticky":null},"text":["1"],"removed":[""],"origin":"+input"}
2019-5-2 08:22:21.759#keyHandled#"Left"
2019-5-2 08:22:21.947#keyHandled#"Left"
2019-5-2 08:22:22.139#keyHandled#"Left"
2019-5-2 08:22:22.339#keyHandled#"Left"
2019-5-2 08:22:22.580#keyHandled#"Left"
2019-5-2 08:22:22.846#keyHandled#"Left"
2019-5-2 08:22:23.173#keyHandled#"Right"
2019-5-2 08:22:25.088#keyHandled#"Right"
2019-5-2 08:22:25.945#change#{"from":{"line":4,"ch":6,"sticky":"before"},"to":{"line":4,"ch":6,"sticky":"before"},"text":["r"],"removed":[""],"origin":"+input"}
2019-5-2 08:22:26.059#change#{"from":{"line":4,"ch":7,"sticky":null},"to":{"line":4,"ch":7,"sticky":null},"text":["o"],"removed":[""],"origin":"+input"}
2019-5-2 08:22:26.212#change#{"from":{"line":4,"ch":8,"sticky":null},"to":{"line":4,"ch":8,"sticky":null},"text":["u"],"removed":[""],"origin":"+input"}
2019-5-2 08:22:26.433#change#{"from":{"line":4,"ch":9,"sticky":null},"to":{"line":4,"ch":9,"sticky":null},"text":["n"],"removed":[""],"origin":"+input"}
2019-5-2 08:22:26.577#change#{"from":{"line":4,"ch":10,"sticky":null},"to":{"line":4,"ch":10,"sticky":null},"text":["d"],"removed":[""],"origin":"+input"}
2019-5-2 08:22:27.668#keyHandled#"Left"
2019-5-2 08:22:27.820#keyHandled#"Left"
2019-5-2 08:22:27.975#keyHandled#"Left"
2019-5-2 08:22:28.132#keyHandled#"Left"
2019-5-2 08:22:28.550#keyHandled#"Left"
2019-5-2 08:22:29.260#change#{"from":{"line":4,"ch":6,"sticky":"after"},"to":{"line":4,"ch":6,"sticky":"after"},"text":["("],"removed":[""],"origin":"+input"}
2019-5-2 08:22:29.416#keyHandled#"Right"
2019-5-2 08:22:29.916#keyHandled#"Right"
2019-5-2 08:22:29.967#keyHandled#"Right"
2019-5-2 08:22:30.017#keyHandled#"Right"
2019-5-2 08:22:30.068#keyHandled#"Right"
2019-5-2 08:22:30.118#keyHandled#"Right"
2019-5-2 08:22:30.301#keyHandled#"Right"
2019-5-2 08:22:30.484#keyHandled#"Right"
2019-5-2 08:22:30.724#keyHandled#"Right"
2019-5-2 08:22:31.097#keyHandled#"Right"
2019-5-2 08:22:31.146#keyHandled#"Right"
2019-5-2 08:22:31.525#change#{"from":{"line":4,"ch":17,"sticky":"before","hitSide":true},"to":{"line":4,"ch":17,"sticky":"before","hitSide":true},"text":[")"],"removed":[""],"origin":"+input"}
2019-5-2 08:22:31.878#keyHandled#"Down"
2019-5-2 08:22:31.984#keyHandled#"Down"
2019-5-2 08:22:32.209#keyHandled#"Left"
2019-5-2 08:22:32.633#keyHandled#"Left"
2019-5-2 08:22:34.295#change#{"from":{"line":4,"ch":16,"sticky":"after"},"to":{"line":4,"ch":16,"sticky":"after"},"text":[","],"removed":[""],"origin":"+input"}
2019-5-2 08:22:34.540#change#{"from":{"line":4,"ch":17,"sticky":null},"to":{"line":4,"ch":17,"sticky":null},"text":["4"],"removed":[""],"origin":"+input"}
2019-5-2 08:22:34.295#change#{"from":{"line":4,"ch":16,"sticky":"after"},"to":{"line":4,"ch":16,"sticky":"after"},"text":[","],"removed":[""],"origin":"+input"}
2019-5-2 08:22:34.540#change#{"from":{"line":4,"ch":17,"sticky":null},"to":{"line":4,"ch":17,"sticky":null},"text":["4"],"removed":[""],"origin":"+input"}
2019-5-2 08:22:34.295#change#{"from":{"line":4,"ch":16,"sticky":"after"},"to":{"line":4,"ch":16,"sticky":"after"},"text":[","],"removed":[""],"origin":"+input"}
2019-5-2 08:22:34.540#change#{"from":{"line":4,"ch":17,"sticky":null},"to":{"line":4,"ch":17,"sticky":null},"text":["4"],"removed":[""],"origin":"+input"}
2019-5-2 08:22:36.799#submit#Your code did not produce the correct output. Please, correct your code and try again.
2019-5-2 08:22:36.799#submit#Your code did not produce the correct output. Please, correct your code and try again.
2019-5-2 08:22:38.798#saida_testar#$ python3 main.py
2019-5-2 08:22:39.984#blur#
2019-5-2 08:22:41.281#mousedown#{"isTrusted":true}
2019-5-2 08:22:41.448#focus#
2019-5-2 08:22:42.291#change#{"from":{"line":0,"ch":33,"sticky":"after"},"to":{"line":0,"ch":34,"sticky":"before","xRel":-1.91668701171875},"text":[""],"removed":["o"],"origin":"+delete"}
2019-5-2 08:22:42.291#keyHandled#"Backspace"
2019-5-2 08:22:42.512#change#{"from":{"line":0,"ch":33,"sticky":null},"to":{"line":0,"ch":33,"sticky":null},"text":["p"],"removed":[""],"origin":"+input"}
2019-5-2 08:22:42.291#change#{"from":{"line":0,"ch":33,"sticky":"after"},"to":{"line":0,"ch":34,"sticky":"before","xRel":-1.91668701171875},"text":[""],"removed":["o"],"origin":"+delete"}
2019-5-2 08:22:42.291#keyHandled#"Backspace"
2019-5-2 08:22:42.512#change#{"from":{"line":0,"ch":33,"sticky":null},"to":{"line":0,"ch":33,"sticky":null},"text":["p"],"removed":[""],"origin":"+input"}
2019-5-2 08:22:44.805#saida_testar#$ python3 main.py
2019-5-2 08:22:44.986#blur#
2019-5-2 08:23:02.603#mousedown#{"isTrusted":true}
2019-5-2 08:23:02.782#focus#
2019-5-2 08:23:03.265#change#{"from":{"line":4,"ch":20,"sticky":"before","xRel":13.08331298828125},"to":{"line":4,"ch":20,"sticky":"before","xRel":13.08331298828125},"text":["",""],"removed":[""],"origin":"+input"}
2019-5-2 08:23:03.265#change#{"from":{"line":5,"ch":0,"sticky":null},"to":{"line":5,"ch":0,"sticky":null},"text":["\t"],"removed":[""],"origin":"+input"}
2019-5-2 08:23:03.265#keyHandled#"Enter"
2019-5-2 08:23:03.279#viewportChange#0
2019-5-2 08:23:03.916#change#{"from":{"line":5,"ch":0,"sticky":"after"},"to":{"line":5,"ch":1,"sticky":null},"text":[""],"removed":["\t"],"origin":"+delete"}
2019-5-2 08:23:03.916#keyHandled#"Backspace"
2019-5-2 08:23:05.714#change#{"from":{"line":5,"ch":0,"sticky":null},"to":{"line":5,"ch":0,"sticky":null},"text":["e"],"removed":[""],"origin":"+input"}
2019-5-2 08:23:05.810#change#{"from":{"line":5,"ch":1,"sticky":null},"to":{"line":5,"ch":1,"sticky":null},"text":["l"],"removed":[""],"origin":"+input"}
2019-5-2 08:23:06.004#change#{"from":{"line":5,"ch":2,"sticky":null},"to":{"line":5,"ch":2,"sticky":null},"text":["i"],"removed":[""],"origin":"+input"}
2019-5-2 08:23:06.319#change#{"from":{"line":5,"ch":3,"sticky":null},"to":{"line":5,"ch":3,"sticky":null},"text":["f"],"removed":[""],"origin":"+input"}
2019-5-2 08:23:08.151#change#{"from":{"line":5,"ch":4,"sticky":null},"to":{"line":5,"ch":4,"sticky":null},"text":["()"],"removed":[""],"origin":"+input"}
2019-5-2 08:23:08.151#keyHandled#"'('"
2019-5-2 08:23:09.702#keyHandled#"Right"
2019-5-2 08:23:10.419#change#{"from":{"line":5,"ch":6,"sticky":"before"},"to":{"line":5,"ch":6,"sticky":"before"},"text":[":"],"removed":[""],"origin":"+input"}
2019-5-2 08:23:10.799#keyHandled#"Left"
2019-5-2 08:23:10.990#keyHandled#"Left"
2019-5-2 08:23:17.971#change#{"from":{"line":5,"ch":5,"sticky":"after"},"to":{"line":5,"ch":5,"sticky":"after"},"text":["x"],"removed":[""],"origin":"+input"}
2019-5-2 08:23:19.058#change#{"from":{"line":5,"ch":6,"sticky":null},"to":{"line":5,"ch":6,"sticky":null},"text":[">"],"removed":[""],"origin":"+input"}
2019-5-2 08:23:20.637#change#{"from":{"line":5,"ch":7,"sticky":null},"to":{"line":5,"ch":7,"sticky":null},"text":["-"],"removed":[""],"origin":"+input"}
2019-5-2 08:23:21.290#change#{"from":{"line":5,"ch":8,"sticky":null},"to":{"line":5,"ch":8,"sticky":null},"text":["1"],"removed":[""],"origin":"+input"}
2019-5-2 08:23:22.136#keyHandled#"')'"
2019-5-2 08:23:22.348#keyHandled#"Down"
2019-5-2 08:23:22.358#keyHandled#"Left"
2019-5-2 08:23:22.549#keyHandled#"Left"
2019-5-2 08:23:22.697#keyHandled#"Left"
2019-5-2 08:23:22.848#keyHandled#"Left"
2019-5-2 08:23:22.994#keyHandled#"Left"
2019-5-2 08:23:23.143#keyHandled#"Left"
2019-5-2 08:23:23.683#change#{"from":{"line":5,"ch":5,"sticky":"after"},"to":{"line":5,"ch":5,"sticky":"after"},"text":["("],"removed":[""],"origin":"+input"}
2019-5-2 08:23:23.950#keyHandled#"Right"
2019-5-2 08:23:24.251#keyHandled#"Right"
2019-5-2 08:23:24.383#keyHandled#"Right"
2019-5-2 08:23:24.599#keyHandled#"Right"
2019-5-2 08:23:25.090#keyHandled#"')'"
2019-5-2 08:23:26.192#change#{"from":{"line":5,"ch":11,"sticky":"before"},"to":{"line":5,"ch":11,"sticky":"before"},"text":[")"],"removed":[""],"origin":"+input"}
2019-5-2 08:23:26.452#keyHandled#"Left"
2019-5-2 08:23:26.644#keyHandled#"Left"
2019-5-2 08:23:27.138#keyHandled#"Right"
2019-5-2 08:23:27.546#change#{"from":{"line":5,"ch":11,"sticky":"before"},"to":{"line":5,"ch":11,"sticky":"before"},"text":[" "],"removed":[""],"origin":"+input"}
2019-5-2 08:23:27.703#change#{"from":{"line":5,"ch":12,"sticky":null},"to":{"line":5,"ch":12,"sticky":null},"text":["a"],"removed":[""],"origin":"+input"}
2019-5-2 08:23:27.841#change#{"from":{"line":5,"ch":13,"sticky":null},"to":{"line":5,"ch":13,"sticky":null},"text":["n"],"removed":[""],"origin":"+input"}
2019-5-2 08:23:28.563#change#{"from":{"line":5,"ch":13,"sticky":"after"},"to":{"line":5,"ch":14,"sticky":null},"text":[""],"removed":["n"],"origin":"+delete"}
2019-5-2 08:23:28.563#keyHandled#"Backspace"
2019-5-2 08:23:28.706#change#{"from":{"line":5,"ch":12,"sticky":"after"},"to":{"line":5,"ch":13,"sticky":null},"text":[""],"removed":["a"],"origin":"+delete"}
2019-5-2 08:23:28.707#keyHandled#"Backspace"
2019-5-2 08:23:29.529#change#{"from":{"line":5,"ch":12,"sticky":null},"to":{"line":5,"ch":12,"sticky":null},"text":["o"],"removed":[""],"origin":"+input"}
2019-5-2 08:23:29.676#change#{"from":{"line":5,"ch":13,"sticky":null},"to":{"line":5,"ch":13,"sticky":null},"text":["r"],"removed":[""],"origin":"+input"}
2019-5-2 08:23:29.811#change#{"from":{"line":5,"ch":14,"sticky":null},"to":{"line":5,"ch":14,"sticky":null},"text":[" "],"removed":[""],"origin":"+input"}
2019-5-2 08:23:40.367#change#{"from":{"line":5,"ch":15,"sticky":null},"to":{"line":5,"ch":15,"sticky":null},"text":["x"],"removed":[""],"origin":"+input"}
2019-5-2 08:23:43.266#keyHandled#"Left"
2019-5-2 08:23:43.669#change#{"from":{"line":5,"ch":15,"sticky":"after"},"to":{"line":5,"ch":15,"sticky":"after"},"text":["("],"removed":[""],"origin":"+input"}
2019-5-2 08:23:43.960#keyHandled#"Right"
2019-5-2 08:23:44.171#keyHandled#"Right"
2019-5-2 08:23:44.586#keyHandled#"Right"
2019-5-2 08:23:45.412#change#{"from":{"line":5,"ch":19,"sticky":"before"},"to":{"line":5,"ch":19,"sticky":"before"},"text":[")"],"removed":[""],"origin":"+input"}
2019-5-2 08:23:45.913#keyHandled#"Left"
2019-5-2 08:23:46.381#keyHandled#"Right"
2019-5-2 08:23:46.710#change#{"from":{"line":5,"ch":19,"sticky":"after"},"to":{"line":5,"ch":20,"sticky":"before"},"text":[""],"removed":[")"],"origin":"+delete"}
2019-5-2 08:23:46.710#keyHandled#"Backspace"
2019-5-2 08:23:47.116#keyHandled#"Left"
2019-5-2 08:23:47.767#change#{"from":{"line":5,"ch":18,"sticky":"after"},"to":{"line":5,"ch":18,"sticky":"after"},"text":[")"],"removed":[""],"origin":"+input"}
2019-5-2 08:23:47.949#keyHandled#"Left"
2019-5-2 08:23:48.175#keyHandled#"Left"
2019-5-2 08:23:51.333#change#{"from":{"line":5,"ch":17,"sticky":"after"},"to":{"line":5,"ch":17,"sticky":"after"},"text":["<"],"removed":[""],"origin":"+input"}
2019-5-2 08:23:51.822#change#{"from":{"line":5,"ch":18,"sticky":null},"to":{"line":5,"ch":18,"sticky":null},"text":["0"],"removed":[""],"origin":"+input"}
2019-5-2 08:23:51.841#change#{"from":{"line":5,"ch":19,"sticky":null},"to":{"line":5,"ch":19,"sticky":null},"text":["1"],"removed":[""],"origin":"+input"}
2019-5-2 08:23:52.981#change#{"from":{"line":5,"ch":19,"sticky":"after"},"to":{"line":5,"ch":20,"sticky":null},"text":[""],"removed":["1"],"origin":"+delete"}
2019-5-2 08:23:52.981#keyHandled#"Backspace"
2019-5-2 08:23:53.682#keyHandled#"Right"
2019-5-2 08:23:54.430#change#{"from":{"line":5,"ch":20,"sticky":"before"},"to":{"line":5,"ch":20,"sticky":"before"},"text":[" "],"removed":[""],"origin":"+input"}
2019-5-2 08:23:54.676#change#{"from":{"line":5,"ch":21,"sticky":null},"to":{"line":5,"ch":21,"sticky":null},"text":["o"],"removed":[""],"origin":"+input"}
2019-5-2 08:23:54.800#change#{"from":{"line":5,"ch":22,"sticky":null},"to":{"line":5,"ch":22,"sticky":null},"text":["r"],"removed":[""],"origin":"+input"}
2019-5-2 08:23:54.932#change#{"from":{"line":5,"ch":23,"sticky":null},"to":{"line":5,"ch":23,"sticky":null},"text":[" "],"removed":[""],"origin":"+input"}
2019-5-2 08:23:55.852#change#{"from":{"line":5,"ch":24,"sticky":null},"to":{"line":5,"ch":24,"sticky":null},"text":["()"],"removed":[""],"origin":"+input"}
2019-5-2 08:23:55.853#keyHandled#"'('"
2019-5-2 08:24:07.276#mousedown#{"isTrusted":true}
2019-5-2 08:24:09.361#change#{"from":{"line":5,"ch":5,"sticky":"after","xRel":2.08331298828125},"to":{"line":5,"ch":26,"sticky":"after","xRel":1.08331298828125},"text":[""],"removed":["(x>-1) or (x<0) or ()"],"origin":"+delete"}
2019-5-2 08:24:09.361#keyHandled#"Backspace"
2019-5-2 08:24:11.468#change#{"from":{"line":5,"ch":5,"sticky":null},"to":{"line":5,"ch":5,"sticky":null},"text":["-"],"removed":[""],"origin":"+input"}
2019-5-2 08:24:11.762#change#{"from":{"line":5,"ch":6,"sticky":null},"to":{"line":5,"ch":6,"sticky":null},"text":["1"],"removed":[""],"origin":"+input"}
2019-5-2 08:24:12.348#change#{"from":{"line":5,"ch":7,"sticky":null},"to":{"line":5,"ch":7,"sticky":null},"text":["<"],"removed":[""],"origin":"+input"}
2019-5-2 08:24:14.076#change#{"from":{"line":5,"ch":8,"sticky":null},"to":{"line":5,"ch":8,"sticky":null},"text":["x"],"removed":[""],"origin":"+input"}
2019-5-2 08:24:14.581#change#{"from":{"line":5,"ch":9,"sticky":null},"to":{"line":5,"ch":9,"sticky":null},"text":["<"],"removed":[""],"origin":"+input"}
2019-5-2 08:24:14.909#change#{"from":{"line":5,"ch":10,"sticky":null},"to":{"line":5,"ch":10,"sticky":null},"text":["0"],"removed":[""],"origin":"+input"}
2019-5-2 08:24:16.645#keyHandled#"')'"
2019-5-2 08:24:16.854#keyHandled#"Left"
2019-5-2 08:24:17.031#keyHandled#"Left"
2019-5-2 08:24:17.182#keyHandled#"Left"
2019-5-2 08:24:17.325#keyHandled#"Left"
2019-5-2 08:24:17.467#keyHandled#"Left"
2019-5-2 08:24:17.619#keyHandled#"Left"
2019-5-2 08:24:17.907#keyHandled#"Left"
2019-5-2 08:24:18.248#change#{"from":{"line":5,"ch":5,"sticky":"after"},"to":{"line":5,"ch":5,"sticky":"after"},"text":["("],"removed":[""],"origin":"+input"}
2019-5-2 08:24:18.663#keyHandled#"Right"
2019-5-2 08:24:18.780#keyHandled#"Right"
2019-5-2 08:24:18.937#keyHandled#"Right"
2019-5-2 08:24:19.074#keyHandled#"Right"
2019-5-2 08:24:19.206#keyHandled#"Right"
2019-5-2 08:24:19.351#keyHandled#"Right"
2019-5-2 08:24:19.520#keyHandled#"Right"
2019-5-2 08:24:19.978#change#{"from":{"line":5,"ch":13,"sticky":"before"},"to":{"line":5,"ch":13,"sticky":"before"},"text":[")"],"removed":[""],"origin":"+input"}
2019-5-2 08:24:20.480#keyHandled#"Left"
2019-5-2 08:24:20.728#keyHandled#"Left"
2019-5-2 08:24:21.140#keyHandled#"Right"
2019-5-2 08:24:21.390#change#{"from":{"line":5,"ch":13,"sticky":"before"},"to":{"line":5,"ch":13,"sticky":"before"},"text":[" "],"removed":[""],"origin":"+input"}
2019-5-2 08:24:21.773#change#{"from":{"line":5,"ch":14,"sticky":null},"to":{"line":5,"ch":14,"sticky":null},"text":["o"],"removed":[""],"origin":"+input"}
2019-5-2 08:24:22.247#change#{"from":{"line":5,"ch":15,"sticky":null},"to":{"line":5,"ch":15,"sticky":null},"text":["r"],"removed":[""],"origin":"+input"}
2019-5-2 08:24:22.406#change#{"from":{"line":5,"ch":16,"sticky":null},"to":{"line":5,"ch":16,"sticky":null},"text":[" "],"removed":[""],"origin":"+input"}
2019-5-2 08:24:23.973#keyHandled#"Left"
2019-5-2 08:24:24.147#keyHandled#"Left"
2019-5-2 08:24:24.305#keyHandled#"Left"
2019-5-2 08:24:24.464#keyHandled#"Left"
2019-5-2 08:24:24.624#keyHandled#"Left"
2019-5-2 08:24:24.807#keyHandled#"Left"
2019-5-2 08:24:24.984#keyHandled#"Left"
2019-5-2 08:24:25.159#keyHandled#"Left"
2019-5-2 08:24:25.630#change#{"from":{"line":5,"ch":9,"sticky":"after"},"to":{"line":5,"ch":9,"sticky":"after"},"text":[" "],"removed":[""],"origin":"+input"}
2019-5-2 08:24:25.794#keyHandled#"Right"
2019-5-2 08:24:25.973#change#{"from":{"line":5,"ch":11,"sticky":"before"},"to":{"line":5,"ch":11,"sticky":"before"},"text":[" "],"removed":[""],"origin":"+input"}
2019-5-2 08:24:26.650#keyHandled#"Right"
2019-5-2 08:24:27.074#keyHandled#"Left"
2019-5-2 08:24:27.521#change#{"from":{"line":5,"ch":11,"sticky":"after"},"to":{"line":5,"ch":12,"sticky":"after"},"text":[""],"removed":[" "],"origin":"+delete"}
2019-5-2 08:24:27.521#keyHandled#"Backspace"
2019-5-2 08:24:27.953#keyHandled#"Left"
2019-5-2 08:24:28.107#keyHandled#"Left"
2019-5-2 08:24:28.678#keyHandled#"Right"
2019-5-2 08:24:28.973#change#{"from":{"line":5,"ch":9,"sticky":"after"},"to":{"line":5,"ch":10,"sticky":"before"},"text":[""],"removed":[" "],"origin":"+delete"}
2019-5-2 08:24:28.973#keyHandled#"Backspace"
2019-5-2 08:24:29.656#keyHandled#"Right"
2019-5-2 08:24:29.807#keyHandled#"Right"
2019-5-2 08:24:29.953#keyHandled#"Right"
2019-5-2 08:24:30.096#keyHandled#"Right"
2019-5-2 08:24:30.218#keyHandled#"Right"
2019-5-2 08:24:30.358#keyHandled#"Right"
2019-5-2 08:24:30.501#keyHandled#"Right"
2019-5-2 08:24:31.015#change#{"from":{"line":5,"ch":16,"sticky":"before"},"to":{"line":5,"ch":16,"sticky":"before"},"text":[" "],"removed":[""],"origin":"+input"}
2019-5-2 08:24:42.051#change#{"from":{"line":5,"ch":17,"sticky":null},"to":{"line":5,"ch":17,"sticky":null},"text":["0"],"removed":[""],"origin":"+input"}
2019-5-2 08:24:42.300#change#{"from":{"line":5,"ch":18,"sticky":null},"to":{"line":5,"ch":18,"sticky":null},"text":[" "],"removed":[""],"origin":"+input"}
2019-5-2 08:24:42.886#change#{"from":{"line":5,"ch":19,"sticky":null},"to":{"line":5,"ch":19,"sticky":null},"text":["<"],"removed":[""],"origin":"+input"}
2019-5-2 08:24:44.417#change#{"from":{"line":5,"ch":20,"sticky":null},"to":{"line":5,"ch":20,"sticky":null},"text":["x"],"removed":[""],"origin":"+input"}
2019-5-2 08:24:44.876#change#{"from":{"line":5,"ch":21,"sticky":null},"to":{"line":5,"ch":21,"sticky":null},"text":["<"],"removed":[""],"origin":"+input"}
2019-5-2 08:24:45.958#change#{"from":{"line":5,"ch":22,"sticky":null},"to":{"line":5,"ch":22,"sticky":null},"text":["1"],"removed":[""],"origin":"+input"}
2019-5-2 08:24:46.813#keyHandled#"Left"
2019-5-2 08:24:46.995#keyHandled#"Left"
2019-5-2 08:24:47.155#keyHandled#"Left"
2019-5-2 08:24:47.367#keyHandled#"Left"
2019-5-2 08:24:47.826#change#{"from":{"line":5,"ch":18,"sticky":"after"},"to":{"line":5,"ch":19,"sticky":"after"},"text":[""],"removed":[" "],"origin":"+delete"}
2019-5-2 08:24:47.826#keyHandled#"Backspace"
2019-5-2 08:24:48.411#keyHandled#"Left"
2019-5-2 08:24:48.852#change#{"from":{"line":5,"ch":17,"sticky":"after"},"to":{"line":5,"ch":17,"sticky":"after"},"text":["("],"removed":[""],"origin":"+input"}
2019-5-2 08:24:49.203#keyHandled#"Right"
2019-5-2 08:24:49.345#keyHandled#"Right"
2019-5-2 08:24:49.494#keyHandled#"Right"
2019-5-2 08:24:49.594#keyHandled#"Right"
2019-5-2 08:24:49.737#keyHandled#"Right"
2019-5-2 08:24:49.882#keyHandled#"Right"
2019-5-2 08:24:50.321#keyHandled#"')'"
2019-5-2 08:24:50.722#change#{"from":{"line":5,"ch":25,"sticky":"before"},"to":{"line":5,"ch":25,"sticky":"before"},"text":[")"],"removed":[""],"origin":"+input"}
2019-5-2 08:24:51.097#keyHandled#"Left"
2019-5-2 08:24:51.246#keyHandled#"Left"
2019-5-2 08:24:51.662#change#{"from":{"line":5,"ch":23,"sticky":"after"},"to":{"line":5,"ch":24,"sticky":"after"},"text":[""],"removed":[" "],"origin":"+delete"}
2019-5-2 08:24:51.662#keyHandled#"Backspace"
2019-5-2 08:24:52.244#keyHandled#"Right"
2019-5-2 08:24:52.423#keyHandled#"Right"
2019-5-2 08:24:53.714#keyHandled#"Left"
2019-5-2 08:24:53.891#keyHandled#"Left"
2019-5-2 08:24:54.535#keyHandled#"Right"
2019-5-2 08:24:54.672#keyHandled#"Right"
2019-5-2 08:24:54.951#keyHandled#"Right"
2019-5-2 08:24:55.482#change#{"from":{"line":5,"ch":26,"sticky":"before"},"to":{"line":5,"ch":26,"sticky":"before"},"text":["",""],"removed":[""],"origin":"+input"}
2019-5-2 08:24:55.482#change#{"from":{"line":6,"ch":0,"sticky":null},"to":{"line":6,"ch":0,"sticky":null},"text":["\t"],"removed":[""],"origin":"+input"}
2019-5-2 08:24:55.482#keyHandled#"Enter"
2019-5-2 08:24:55.496#viewportChange#0
2019-5-2 08:24:57.334#change#{"from":{"line":6,"ch":1,"sticky":null},"to":{"line":6,"ch":1,"sticky":null},"text":["f"],"removed":[""],"origin":"+input"}
2019-5-2 08:24:57.491#change#{"from":{"line":6,"ch":2,"sticky":null},"to":{"line":6,"ch":2,"sticky":null},"text":["x"],"removed":[""],"origin":"+input"}
2019-5-2 08:24:57.934#change#{"from":{"line":6,"ch":3,"sticky":null},"to":{"line":6,"ch":3,"sticky":null},"text":["2"],"removed":[""],"origin":"+input"}
2019-5-2 08:25:00.284#change#{"from":{"line":6,"ch":4,"sticky":null},"to":{"line":6,"ch":4,"sticky":null},"text":[" "],"removed":[""],"origin":"+input"}
2019-5-2 08:25:00.768#change#{"from":{"line":6,"ch":5,"sticky":null},"to":{"line":6,"ch":5,"sticky":null},"text":["="],"removed":[""],"origin":"+input"}
2019-5-2 08:25:00.908#change#{"from":{"line":6,"ch":6,"sticky":null},"to":{"line":6,"ch":6,"sticky":null},"text":[" "],"removed":[""],"origin":"+input"}
2019-5-2 08:25:03.360#change#{"from":{"line":6,"ch":7,"sticky":null},"to":{"line":6,"ch":7,"sticky":null},"text":["x"],"removed":[""],"origin":"+input"}
2019-5-2 08:25:04.269#change#{"from":{"line":6,"ch":8,"sticky":null},"to":{"line":6,"ch":8,"sticky":null},"text":["",""],"removed":[""],"origin":"+input"}
2019-5-2 08:25:04.269#change#{"from":{"line":7,"ch":0,"sticky":null},"to":{"line":7,"ch":0,"sticky":null},"text":["\t"],"removed":[""],"origin":"+input"}
2019-5-2 08:25:04.269#keyHandled#"Enter"
2019-5-2 08:25:04.283#viewportChange#0
2019-5-2 08:25:05.663#change#{"from":{"line":7,"ch":1,"sticky":null},"to":{"line":7,"ch":1,"sticky":null},"text":["p"],"removed":[""],"origin":"+input"}
2019-5-2 08:25:05.839#change#{"from":{"line":7,"ch":2,"sticky":null},"to":{"line":7,"ch":2,"sticky":null},"text":["r"],"removed":[""],"origin":"+input"}
2019-5-2 08:25:05.939#change#{"from":{"line":7,"ch":3,"sticky":null},"to":{"line":7,"ch":3,"sticky":null},"text":["i"],"removed":[""],"origin":"+input"}
2019-5-2 08:25:06.086#change#{"from":{"line":7,"ch":4,"sticky":null},"to":{"line":7,"ch":4,"sticky":null},"text":["n"],"removed":[""],"origin":"+input"}
2019-5-2 08:25:06.208#change#{"from":{"line":7,"ch":5,"sticky":null},"to":{"line":7,"ch":5,"sticky":null},"text":["t"],"removed":[""],"origin":"+input"}
2019-5-2 08:25:07.085#change#{"from":{"line":7,"ch":6,"sticky":null},"to":{"line":7,"ch":6,"sticky":null},"text":["()"],"removed":[""],"origin":"+input"}
2019-5-2 08:25:07.085#keyHandled#"'('"
2019-5-2 08:25:07.689#change#{"from":{"line":7,"ch":7,"sticky":"after"},"to":{"line":7,"ch":7,"sticky":"after"},"text":["r"],"removed":[""],"origin":"+input"}
2019-5-2 08:25:07.769#change#{"from":{"line":7,"ch":8,"sticky":null},"to":{"line":7,"ch":8,"sticky":null},"text":["o"],"removed":[""],"origin":"+input"}
2019-5-2 08:25:07.943#change#{"from":{"line":7,"ch":9,"sticky":null},"to":{"line":7,"ch":9,"sticky":null},"text":["u"],"removed":[""],"origin":"+input"}
2019-5-2 08:25:08.149#change#{"from":{"line":7,"ch":10,"sticky":null},"to":{"line":7,"ch":10,"sticky":null},"text":["n"],"removed":[""],"origin":"+input"}
2019-5-2 08:25:08.284#change#{"from":{"line":7,"ch":11,"sticky":null},"to":{"line":7,"ch":11,"sticky":null},"text":["d"],"removed":[""],"origin":"+input"}
2019-5-2 08:25:09.348#change#{"from":{"line":7,"ch":12,"sticky":null},"to":{"line":7,"ch":12,"sticky":null},"text":["()"],"removed":[""],"origin":"+input"}
2019-5-2 08:25:09.348#keyHandled#"'('"
2019-5-2 08:25:10.667#change#{"from":{"line":7,"ch":13,"sticky":"after"},"to":{"line":7,"ch":13,"sticky":"after"},"text":["f"],"removed":[""],"origin":"+input"}
2019-5-2 08:25:11.059#change#{"from":{"line":7,"ch":14,"sticky":null},"to":{"line":7,"ch":14,"sticky":null},"text":["x"],"removed":[""],"origin":"+input"}
2019-5-2 08:25:11.941#change#{"from":{"line":7,"ch":15,"sticky":null},"to":{"line":7,"ch":15,"sticky":null},"text":["1"],"removed":[""],"origin":"+input"}
2019-5-2 08:25:12.746#change#{"from":{"line":7,"ch":15,"sticky":"after"},"to":{"line":7,"ch":16,"sticky":null},"text":[""],"removed":["1"],"origin":"+delete"}
2019-5-2 08:25:12.746#keyHandled#"Backspace"
2019-5-2 08:25:13.348#change#{"from":{"line":7,"ch":15,"sticky":null},"to":{"line":7,"ch":15,"sticky":null},"text":["2"],"removed":[""],"origin":"+input"}
2019-5-2 08:25:14.023#change#{"from":{"line":7,"ch":16,"sticky":null},"to":{"line":7,"ch":16,"sticky":null},"text":[","],"removed":[""],"origin":"+input"}
2019-5-2 08:25:14.495#change#{"from":{"line":7,"ch":17,"sticky":null},"to":{"line":7,"ch":17,"sticky":null},"text":["4"],"removed":[""],"origin":"+input"}
2019-5-2 08:25:14.023#change#{"from":{"line":7,"ch":16,"sticky":null},"to":{"line":7,"ch":16,"sticky":null},"text":[","],"removed":[""],"origin":"+input"}
2019-5-2 08:25:14.495#change#{"from":{"line":7,"ch":17,"sticky":null},"to":{"line":7,"ch":17,"sticky":null},"text":["4"],"removed":[""],"origin":"+input"}
2019-5-2 08:25:16.839#saida_testar#$ python3 main.py
2019-5-2 08:25:21.772#mousedown#{"isTrusted":true}
2019-5-2 08:25:22.650#change#{"from":{"line":7,"ch":20,"sticky":"before","xRel":15.08331298828125},"to":{"line":7,"ch":20,"sticky":"before","xRel":15.08331298828125},"text":["",""],"removed":[""],"origin":"+input"}
2019-5-2 08:25:22.650#change#{"from":{"line":8,"ch":0,"sticky":null},"to":{"line":8,"ch":0,"sticky":null},"text":["\t"],"removed":[""],"origin":"+input"}
2019-5-2 08:25:22.650#keyHandled#"Enter"
2019-5-2 08:25:22.662#viewportChange#0
2019-5-2 08:25:23.324#change#{"from":{"line":8,"ch":0,"sticky":"after"},"to":{"line":8,"ch":1,"sticky":null},"text":[""],"removed":["\t"],"origin":"+delete"}
2019-5-2 08:25:23.324#keyHandled#"Backspace"
2019-5-2 08:25:23.763#change#{"from":{"line":8,"ch":0,"sticky":null},"to":{"line":8,"ch":0,"sticky":null},"text":["e"],"removed":[""],"origin":"+input"}
2019-5-2 08:25:23.895#change#{"from":{"line":8,"ch":1,"sticky":null},"to":{"line":8,"ch":1,"sticky":null},"text":["l"],"removed":[""],"origin":"+input"}
2019-5-2 08:25:24.099#change#{"from":{"line":8,"ch":2,"sticky":null},"to":{"line":8,"ch":2,"sticky":null},"text":["i"],"removed":[""],"origin":"+input"}
2019-5-2 08:25:24.122#change#{"from":{"line":8,"ch":3,"sticky":null},"to":{"line":8,"ch":3,"sticky":null},"text":["u"],"removed":[""],"origin":"+input"}
2019-5-2 08:25:24.259#change#{"from":{"line":8,"ch":4,"sticky":null},"to":{"line":8,"ch":4,"sticky":null},"text":["f"],"removed":[""],"origin":"+input"}
2019-5-2 08:25:25.071#change#{"from":{"line":8,"ch":4,"sticky":"after"},"to":{"line":8,"ch":5,"sticky":null},"text":[""],"removed":["f"],"origin":"+delete"}
2019-5-2 08:25:25.071#keyHandled#"Backspace"
2019-5-2 08:25:25.243#change#{"from":{"line":8,"ch":3,"sticky":"after"},"to":{"line":8,"ch":4,"sticky":null},"text":[""],"removed":["u"],"origin":"+delete"}
2019-5-2 08:25:25.243#keyHandled#"Backspace"
2019-5-2 08:25:26.209#change#{"from":{"line":8,"ch":3,"sticky":null},"to":{"line":8,"ch":3,"sticky":null},"text":["f"],"removed":[""],"origin":"+input"}
2019-5-2 08:25:26.914#change#{"from":{"line":8,"ch":4,"sticky":null},"to":{"line":8,"ch":4,"sticky":null},"text":["()"],"removed":[""],"origin":"+input"}
2019-5-2 08:25:26.914#keyHandled#"'('"
2019-5-2 08:25:27.375#keyHandled#"Right"
2019-5-2 08:25:27.759#change#{"from":{"line":8,"ch":6,"sticky":"before"},"to":{"line":8,"ch":6,"sticky":"before"},"text":["?"],"removed":[""],"origin":"+input"}
2019-5-2 08:25:28.560#change#{"from":{"line":8,"ch":6,"sticky":"after"},"to":{"line":8,"ch":7,"sticky":null},"text":[""],"removed":["?"],"origin":"+delete"}
2019-5-2 08:25:28.560#keyHandled#"Backspace"
2019-5-2 08:25:28.984#change#{"from":{"line":8,"ch":6,"sticky":null},"to":{"line":8,"ch":6,"sticky":null},"text":[":"],"removed":[""],"origin":"+input"}
2019-5-2 08:25:29.426#keyHandled#"Left"
2019-5-2 08:25:29.592#keyHandled#"Left"
2019-5-2 08:25:41.216#change#{"from":{"line":8,"ch":5,"sticky":"after"},"to":{"line":8,"ch":5,"sticky":"after"},"text":["x"],"removed":[""],"origin":"+input"}
2019-5-2 08:25:41.527#change#{"from":{"line":8,"ch":6,"sticky":null},"to":{"line":8,"ch":6,"sticky":null},"text":[" "],"removed":[""],"origin":"+input"}
2019-5-2 08:25:41.702#change#{"from":{"line":8,"ch":7,"sticky":null},"to":{"line":8,"ch":7,"sticky":null},"text":["="],"removed":[""],"origin":"+input"}
2019-5-2 08:25:41.846#change#{"from":{"line":8,"ch":8,"sticky":null},"to":{"line":8,"ch":8,"sticky":null},"text":["="],"removed":[""],"origin":"+input"}
2019-5-2 08:25:42.027#change#{"from":{"line":8,"ch":9,"sticky":null},"to":{"line":8,"ch":9,"sticky":null},"text":[" "],"removed":[""],"origin":"+input"}
2019-5-2 08:25:42.211#change#{"from":{"line":8,"ch":10,"sticky":null},"to":{"line":8,"ch":10,"sticky":null},"text":["0"],"removed":[""],"origin":"+input"}
2019-5-2 08:25:43.563#keyHandled#"Right"
2019-5-2 08:25:43.725#keyHandled#"Right"
2019-5-2 08:25:45.562#change#{"from":{"line":8,"ch":13,"sticky":"before"},"to":{"line":8,"ch":13,"sticky":"before"},"text":["",""],"removed":[""],"origin":"+input"}
2019-5-2 08:25:45.562#change#{"from":{"line":9,"ch":0,"sticky":null},"to":{"line":9,"ch":0,"sticky":null},"text":["\t"],"removed":[""],"origin":"+input"}
2019-5-2 08:25:45.562#keyHandled#"Enter"
2019-5-2 08:25:45.598#viewportChange#0
2019-5-2 08:25:46.174#change#{"from":{"line":9,"ch":1,"sticky":null},"to":{"line":9,"ch":1,"sticky":null},"text":["p"],"removed":[""],"origin":"+input"}
2019-5-2 08:25:46.293#change#{"from":{"line":9,"ch":2,"sticky":null},"to":{"line":9,"ch":2,"sticky":null},"text":["r"],"removed":[""],"origin":"+input"}
2019-5-2 08:25:46.391#change#{"from":{"line":9,"ch":3,"sticky":null},"to":{"line":9,"ch":3,"sticky":null},"text":["i"],"removed":[""],"origin":"+input"}
2019-5-2 08:25:46.549#change#{"from":{"line":9,"ch":4,"sticky":null},"to":{"line":9,"ch":4,"sticky":null},"text":["n"],"removed":[""],"origin":"+input"}
2019-5-2 08:25:46.713#change#{"from":{"line":9,"ch":5,"sticky":null},"to":{"line":9,"ch":5,"sticky":null},"text":["t"],"removed":[""],"origin":"+input"}
2019-5-2 08:25:47.134#change#{"from":{"line":9,"ch":5,"sticky":"after"},"to":{"line":9,"ch":6,"sticky":null},"text":[""],"removed":["t"],"origin":"+delete"}
2019-5-2 08:25:47.134#keyHandled#"Backspace"
2019-5-2 08:25:47.270#change#{"from":{"line":9,"ch":4,"sticky":"after"},"to":{"line":9,"ch":5,"sticky":null},"text":[""],"removed":["n"],"origin":"+delete"}
2019-5-2 08:25:47.270#keyHandled#"Backspace"
2019-5-2 08:25:47.428#change#{"from":{"line":9,"ch":3,"sticky":"after"},"to":{"line":9,"ch":4,"sticky":null},"text":[""],"removed":["i"],"origin":"+delete"}
2019-5-2 08:25:47.429#keyHandled#"Backspace"
2019-5-2 08:25:47.584#change#{"from":{"line":9,"ch":2,"sticky":"after"},"to":{"line":9,"ch":3,"sticky":null},"text":[""],"removed":["r"],"origin":"+delete"}
2019-5-2 08:25:47.584#keyHandled#"Backspace"
2019-5-2 08:25:47.735#change#{"from":{"line":9,"ch":1,"sticky":"after"},"to":{"line":9,"ch":2,"sticky":null},"text":[""],"removed":["p"],"origin":"+delete"}
2019-5-2 08:25:47.735#keyHandled#"Backspace"
2019-5-2 08:25:49.027#change#{"from":{"line":9,"ch":1,"sticky":null},"to":{"line":9,"ch":1,"sticky":null},"text":["f"],"removed":[""],"origin":"+input"}
2019-5-2 08:25:49.238#change#{"from":{"line":9,"ch":2,"sticky":null},"to":{"line":9,"ch":2,"sticky":null},"text":["x"],"removed":[""],"origin":"+input"}
2019-5-2 08:25:52.518#change#{"from":{"line":9,"ch":3,"sticky":null},"to":{"line":9,"ch":3,"sticky":null},"text":["3"],"removed":[""],"origin":"+input"}
2019-5-2 08:25:52.783#change#{"from":{"line":9,"ch":4,"sticky":null},"to":{"line":9,"ch":4,"sticky":null},"text":[" "],"removed":[""],"origin":"+input"}
2019-5-2 08:25:53.587#change#{"from":{"line":9,"ch":5,"sticky":null},"to":{"line":9,"ch":5,"sticky":null},"text":["="],"removed":[""],"origin":"+input"}
2019-5-2 08:25:53.864#change#{"from":{"line":9,"ch":6,"sticky":null},"to":{"line":9,"ch":6,"sticky":null},"text":[" "],"removed":[""],"origin":"+input"}
2019-5-2 08:25:53.587#change#{"from":{"line":9,"ch":5,"sticky":null},"to":{"line":9,"ch":5,"sticky":null},"text":["="],"removed":[""],"origin":"+input"}
2019-5-2 08:25:53.864#change#{"from":{"line":9,"ch":6,"sticky":null},"to":{"line":9,"ch":6,"sticky":null},"text":[" "],"removed":[""],"origin":"+input"}
2019-5-2 08:25:56.957#saida_testar#$ python3 main.py
File "main.py", line 10
fx3 =
SyntaxError: invalid syntax
2019-5-2 08:25:59.870#blur#
2019-5-2 08:26:02.823#mousedown#{"isTrusted":true}
2019-5-2 08:26:02.994#focus#
2019-5-2 08:26:06.379#change#{"from":{"line":9,"ch":7,"sticky":"before","xRel":41.08331298828125},"to":{"line":9,"ch":7,"sticky":"before","xRel":41.08331298828125},"text":["1"],"removed":[""],"origin":"+input"}
2019-5-2 08:26:06.379#change#{"from":{"line":9,"ch":7,"sticky":"before","xRel":41.08331298828125},"to":{"line":9,"ch":7,"sticky":"before","xRel":41.08331298828125},"text":["1"],"removed":[""],"origin":"+input"}
2019-5-2 08:26:10.536#saida_testar#$ python3 main.py
2019-5-2 08:26:12.593#change#{"from":{"line":9,"ch":8,"sticky":null},"to":{"line":9,"ch":8,"sticky":null},"text":["",""],"removed":[""],"origin":"+input"}
2019-5-2 08:26:12.593#change#{"from":{"line":10,"ch":0,"sticky":null},"to":{"line":10,"ch":0,"sticky":null},"text":["\t"],"removed":[""],"origin":"+input"}
2019-5-2 08:26:12.593#keyHandled#"Enter"
2019-5-2 08:26:12.608#viewportChange#0
2019-5-2 08:26:13.345#change#{"from":{"line":10,"ch":1,"sticky":null},"to":{"line":10,"ch":1,"sticky":null},"text":["p"],"removed":[""],"origin":"+input"}
2019-5-2 08:26:13.508#change#{"from":{"line":10,"ch":2,"sticky":null},"to":{"line":10,"ch":2,"sticky":null},"text":["r"],"removed":[""],"origin":"+input"}
2019-5-2 08:26:13.611#change#{"from":{"line":10,"ch":3,"sticky":null},"to":{"line":10,"ch":3,"sticky":null},"text":["i"],"removed":[""],"origin":"+input"}
2019-5-2 08:26:13.776#change#{"from":{"line":10,"ch":4,"sticky":null},"to":{"line":10,"ch":4,"sticky":null},"text":["n"],"removed":[""],"origin":"+input"}
2019-5-2 08:26:13.913#change#{"from":{"line":10,"ch":5,"sticky":null},"to":{"line":10,"ch":5,"sticky":null},"text":["t"],"removed":[""],"origin":"+input"}
2019-5-2 08:26:14.620#change#{"from":{"line":10,"ch":6,"sticky":null},"to":{"line":10,"ch":6,"sticky":null},"text":["()"],"removed":[""],"origin":"+input"}
2019-5-2 08:26:14.620#keyHandled#"'('"
2019-5-2 08:26:15.330#change#{"from":{"line":10,"ch":7,"sticky":"after"},"to":{"line":10,"ch":7,"sticky":"after"},"text":["r"],"removed":[""],"origin":"+input"}
2019-5-2 08:26:15.412#change#{"from":{"line":10,"ch":8,"sticky":null},"to":{"line":10,"ch":8,"sticky":null},"text":["o"],"removed":[""],"origin":"+input"}
2019-5-2 08:26:15.556#change#{"from":{"line":10,"ch":9,"sticky":null},"to":{"line":10,"ch":9,"sticky":null},"text":["u"],"removed":[""],"origin":"+input"}
2019-5-2 08:26:15.774#change#{"from":{"line":10,"ch":10,"sticky":null},"to":{"line":10,"ch":10,"sticky":null},"text":["n"],"removed":[""],"origin":"+input"}
2019-5-2 08:26:15.877#change#{"from":{"line":10,"ch":11,"sticky":null},"to":{"line":10,"ch":11,"sticky":null},"text":["d"],"removed":[""],"origin":"+input"}
2019-5-2 08:26:16.638#change#{"from":{"line":10,"ch":12,"sticky":null},"to":{"line":10,"ch":12,"sticky":null},"text":["()"],"removed":[""],"origin":"+input"}
2019-5-2 08:26:16.638#keyHandled#"'('"
2019-5-2 08:26:18.052#change#{"from":{"line":10,"ch":13,"sticky":"after"},"to":{"line":10,"ch":13,"sticky":"after"},"text":["f"],"removed":[""],"origin":"+input"}
2019-5-2 08:26:18.271#change#{"from":{"line":10,"ch":14,"sticky":null},"to":{"line":10,"ch":14,"sticky":null},"text":["x"],"removed":[""],"origin":"+input"}
2019-5-2 08:26:18.762#change#{"from":{"line":10,"ch":15,"sticky":null},"to":{"line":10,"ch":15,"sticky":null},"text":["3"],"removed":[""],"origin":"+input"}
2019-5-2 08:26:19.342#change#{"from":{"line":10,"ch":16,"sticky":null},"to":{"line":10,"ch":16,"sticky":null},"text":[","],"removed":[""],"origin":"+input"}
2019-5-2 08:26:19.741#change#{"from":{"line":10,"ch":17,"sticky":null},"to":{"line":10,"ch":17,"sticky":null},"text":["4"],"removed":[""],"origin":"+input"}
2019-5-2 08:26:19.342#change#{"from":{"line":10,"ch":16,"sticky":null},"to":{"line":10,"ch":16,"sticky":null},"text":[","],"removed":[""],"origin":"+input"}
2019-5-2 08:26:19.741#change#{"from":{"line":10,"ch":17,"sticky":null},"to":{"line":10,"ch":17,"sticky":null},"text":["4"],"removed":[""],"origin":"+input"}
2019-5-2 08:26:28.527#blur#
2019-5-2 08:26:28.590#saida_testar#$ python3 main.py
2019-5-2 08:26:28.527#blur#
2019-5-2 08:26:28.590#saida_testar#$ python3 main.py
2019-5-2 08:26:38.614#saida_testar#$ python3 main.py
2019-5-2 08:26:38.614#saida_testar#$ python3 main.py
2019-5-2 08:26:46.952#saida_testar#$ python3 main.py
2019-5-2 08:26:46.952#saida_testar#$ python3 main.py
2019-5-2 08:26:51.061#submit#Congratulations, your code is correct!
2019-5-2 08:28:53.003#mousedown#{"isTrusted":true}
2019-5-2 08:29:32.789#mousedown#{"isTrusted":true}
2019-5-2 08:29:32.806#focus#
2019-5-2 08:29:33.686#change#{"from":{"line":10,"ch":20,"sticky":"before","xRel":16.08331298828125},"to":{"line":10,"ch":20,"sticky":"before","xRel":16.08331298828125},"text":["",""],"removed":[""],"origin":"+input"}
2019-5-2 08:29:33.686#change#{"from":{"line":11,"ch":0,"sticky":null},"to":{"line":11,"ch":0,"sticky":null},"text":["\t"],"removed":[""],"origin":"+input"}
2019-5-2 08:29:33.686#keyHandled#"Enter"
2019-5-2 08:29:33.709#viewportChange#0
2019-5-2 08:29:34.554#change#{"from":{"line":11,"ch":0,"sticky":"after"},"to":{"line":11,"ch":1,"sticky":null},"text":[""],"removed":["\t"],"origin":"+delete"}
2019-5-2 08:29:34.554#keyHandled#"Backspace"
2019-5-2 08:29:35.559#change#{"from":{"line":11,"ch":0,"sticky":null},"to":{"line":11,"ch":0,"sticky":null},"text":["g"],"removed":[""],"origin":"+input"}
2019-5-2 08:29:35.743#change#{"from":{"line":11,"ch":1,"sticky":null},"to":{"line":11,"ch":1,"sticky":null},"text":["r"],"removed":[""],"origin":"+input"}
2019-5-2 08:29:35.906#change#{"from":{"line":11,"ch":2,"sticky":null},"to":{"line":11,"ch":2,"sticky":null},"text":["a"],"removed":[""],"origin":"+input"}
2019-5-2 08:29:36.284#change#{"from":{"line":11,"ch":3,"sticky":null},"to":{"line":11,"ch":3,"sticky":null},"text":["d"],"removed":[""],"origin":"+input"}
2019-5-2 08:29:36.437#change#{"from":{"line":11,"ch":4,"sticky":null},"to":{"line":11,"ch":4,"sticky":null},"text":["i"],"removed":[""],"origin":"+input"}
2019-5-2 08:29:36.578#change#{"from":{"line":11,"ch":5,"sticky":null},"to":{"line":11,"ch":5,"sticky":null},"text":["a"],"removed":[""],"origin":"+input"}
2019-5-2 08:29:36.691#change#{"from":{"line":11,"ch":6,"sticky":null},"to":{"line":11,"ch":6,"sticky":null},"text":["n"],"removed":[""],"origin":"+input"}
2019-5-2 08:29:36.835#change#{"from":{"line":11,"ch":7,"sticky":null},"to":{"line":11,"ch":7,"sticky":null},"text":["s"],"removed":[""],"origin":"+input"}
2019-5-2 08:29:38.458#change#{"from":{"line":11,"ch":8,"sticky":null},"to":{"line":11,"ch":8,"sticky":null},"text":["()"],"removed":[""],"origin":"+input"}
2019-5-2 08:29:38.458#keyHandled#"'('"
2019-5-2 08:29:39.094#keyHandled#"Right"
2019-5-2 08:29:39.306#keyHandled#"Right"
2019-5-2 08:30:47.070#change#{"from":{"line":11,"ch":9,"sticky":"after"},"to":{"line":11,"ch":10,"sticky":"before","hitSide":true},"text":[""],"removed":[")"],"origin":"+delete"}
2019-5-2 08:30:47.070#keyHandled#"Backspace"
2019-5-2 08:30:47.570#change#{"from":{"line":11,"ch":8,"sticky":"after"},"to":{"line":11,"ch":9,"sticky":null},"text":[""],"removed":["("],"origin":"+delete"}
2019-5-2 08:30:47.570#keyHandled#"Backspace"
2019-5-2 08:30:47.620#change#{"from":{"line":11,"ch":7,"sticky":"after"},"to":{"line":11,"ch":8,"sticky":null},"text":[""],"removed":["s"],"origin":"+delete"}
2019-5-2 08:30:47.621#keyHandled#"Backspace"
2019-5-2 08:30:47.670#change#{"from":{"line":11,"ch":6,"sticky":"after"},"to":{"line":11,"ch":7,"sticky":null},"text":[""],"removed":["n"],"origin":"+delete"}
2019-5-2 08:30:47.670#keyHandled#"Backspace"
2019-5-2 08:30:47.720#change#{"from":{"line":11,"ch":5,"sticky":"after"},"to":{"line":11,"ch":6,"sticky":null},"text":[""],"removed":["a"],"origin":"+delete"}
2019-5-2 08:30:47.720#keyHandled#"Backspace"
2019-5-2 08:30:47.769#change#{"from":{"line":11,"ch":4,"sticky":"after"},"to":{"line":11,"ch":5,"sticky":null},"text":[""],"removed":["i"],"origin":"+delete"}
2019-5-2 08:30:47.770#keyHandled#"Backspace"
2019-5-2 08:30:47.820#change#{"from":{"line":11,"ch":3,"sticky":"after"},"to":{"line":11,"ch":4,"sticky":null},"text":[""],"removed":["d"],"origin":"+delete"}
2019-5-2 08:30:47.820#keyHandled#"Backspace"
2019-5-2 08:30:47.870#change#{"from":{"line":11,"ch":2,"sticky":"after"},"to":{"line":11,"ch":3,"sticky":null},"text":[""],"removed":["a"],"origin":"+delete"}
2019-5-2 08:30:47.870#keyHandled#"Backspace"
2019-5-2 08:30:47.920#change#{"from":{"line":11,"ch":1,"sticky":"after"},"to":{"line":11,"ch":2,"sticky":null},"text":[""],"removed":["r"],"origin":"+delete"}
2019-5-2 08:30:47.920#keyHandled#"Backspace"
2019-5-2 08:30:47.970#change#{"from":{"line":11,"ch":0,"sticky":"after"},"to":{"line":11,"ch":1,"sticky":null},"text":[""],"removed":["g"],"origin":"+delete"}
2019-5-2 08:30:47.970#keyHandled#"Backspace"
