2019-6-30 17:45:11.740#viewportChange#0
2019-6-30 17:45:36.467#viewportChange#0
2019-6-30 17:48:43.457#mousedown#{"isTrusted":true}
2019-6-30 17:48:43.563#focus#
2019-6-30 17:56:50.831#blur#
2019-6-30 18:10:37.077#focus#
2019-6-30 18:10:38.639#blur#
2019-6-30 18:11:03.047#focus#
2019-6-30 18:11:07.570#change#{"from":{"line":10,"ch":17,"sticky":"after"},"to":{"line":10,"ch":18,"sticky":"before","xRel":-3.6796875},"text":[""],"removed":[" "],"origin":"+delete"}
2019-6-30 18:11:07.570#keyHandled#"Backspace"
2019-6-30 18:11:11.236#change#{"from":{"line":10,"ch":17,"sticky":null},"to":{"line":10,"ch":17,"sticky":null},"text":["3"],"removed":[""],"origin":"+input"}
2019-6-30 18:11:12.292#keyHandled#"Right"
2019-6-30 18:11:14.444#change#{"from":{"line":10,"ch":19,"sticky":"before"},"to":{"line":10,"ch":19,"sticky":"before"},"text":["1"],"removed":[""],"origin":"+input"}
2019-6-30 18:11:15.329#change#{"from":{"line":10,"ch":20,"sticky":null},"to":{"line":10,"ch":20,"sticky":null},"text":["2"],"removed":[""],"origin":"+input"}
2019-6-30 18:11:18.126#mousedown#{"isTrusted":true}
2019-6-30 18:11:18.635#change#{"from":{"line":10,"ch":18,"sticky":"before","xRel":-0.6796875},"to":{"line":10,"ch":18,"sticky":"before","xRel":-0.6796875},"text":[" "],"removed":[""],"origin":"+input"}
2019-6-30 18:11:20.184#blur#
2019-6-30 18:11:23.659#focus#
2019-6-30 18:11:25.516#mousedown#{"isTrusted":true}
2019-6-30 18:11:27.994#blur#
2019-6-30 18:11:29.496#focus#
2019-6-30 18:11:30.460#change#{"from":{"line":10,"ch":25,"sticky":"after","xRel":1.5703125},"to":{"line":10,"ch":25,"sticky":"after","xRel":1.5703125},"text":[" "],"removed":[""],"origin":"+input"}
2019-6-30 18:11:30.758#change#{"from":{"line":10,"ch":26,"sticky":null},"to":{"line":10,"ch":26,"sticky":null},"text":["1"],"removed":[""],"origin":"+input"}
2019-6-30 18:11:33.020#mousedown#{"isTrusted":true}
2019-6-30 18:11:37.721#change#{"from":{"line":10,"ch":33,"sticky":"before","xRel":-3.6796875},"to":{"line":10,"ch":33,"sticky":"before","xRel":-3.6796875},"text":["1"],"removed":[""],"origin":"+input"}
2019-6-30 18:11:37.987#change#{"from":{"line":10,"ch":34,"sticky":null},"to":{"line":10,"ch":34,"sticky":null},"text":["2"],"removed":[""],"origin":"+input"}
2019-6-30 18:11:40.856#blur#
2019-6-30 18:11:42.642#focus#
2019-6-30 18:11:44.706#mousedown#{"isTrusted":true}
2019-6-30 18:11:45.196#change#{"from":{"line":10,"ch":32,"sticky":"after"},"to":{"line":10,"ch":33,"sticky":"after","xRel":0.3203125},"text":[""],"removed":[" "],"origin":"+delete"}
2019-6-30 18:11:45.196#keyHandled#"Backspace"
2019-6-30 18:11:46.187#mousedown#{"isTrusted":true}
2019-6-30 18:11:48.657#change#{"from":{"line":10,"ch":36,"sticky":"before","xRel":-0.4296875},"to":{"line":10,"ch":36,"sticky":"before","xRel":-0.4296875},"text":["0"],"removed":[""],"origin":"+input"}
2019-6-30 18:11:50.274#mousedown#{"isTrusted":true}
2019-6-30 18:11:53.440#change#{"from":{"line":10,"ch":40,"sticky":"after","xRel":1.5703125},"to":{"line":10,"ch":40,"sticky":"after","xRel":1.5703125},"text":["2"],"removed":[""],"origin":"+input"}
2019-6-30 18:11:55.209#mousedown#{"isTrusted":true}
2019-6-30 18:11:59.005#change#{"from":{"line":10,"ch":46,"sticky":"after","xRel":3.3203125},"to":{"line":10,"ch":46,"sticky":"after","xRel":3.3203125},"text":["0"],"removed":[""],"origin":"+input"}
2019-6-30 18:11:59.743#keyHandled#"Right"
2019-6-30 18:12:00.062#keyHandled#"Right"
2019-6-30 18:12:00.362#keyHandled#"Right"
2019-6-30 18:12:02.681#change#{"from":{"line":10,"ch":50,"sticky":"before"},"to":{"line":10,"ch":50,"sticky":"before"},"text":["2"],"removed":[""],"origin":"+input"}
2019-6-30 18:12:03.420#keyHandled#"Right"
2019-6-30 18:12:03.713#keyHandled#"Right"
2019-6-30 18:12:04.167#keyHandled#"Right"
2019-6-30 18:12:05.221#change#{"from":{"line":10,"ch":54,"sticky":"before"},"to":{"line":10,"ch":54,"sticky":"before"},"text":["3"],"removed":[""],"origin":"+input"}
2019-6-30 18:12:06.206#keyHandled#"Down"
2019-6-30 18:12:06.818#keyHandled#"Down"
2019-6-30 18:12:10.357#keyHandled#"Down"
2019-6-30 18:14:06.208#blur#
2019-6-30 18:14:37.627#focus#
2019-6-30 18:14:41.604#blur#
2019-6-30 18:14:44.697#focus#
2019-6-30 18:14:46.139#mousedown#{"isTrusted":true}
2019-6-30 18:14:47.881#change#{"from":{"line":17,"ch":12,"sticky":"after"},"to":{"line":17,"ch":13,"sticky":"after","xRel":0.0703125},"text":[""],"removed":[" "],"origin":"+delete"}
2019-6-30 18:14:47.881#keyHandled#"Backspace"
2019-6-30 18:14:48.878#change#{"from":{"line":17,"ch":12,"sticky":null},"to":{"line":17,"ch":12,"sticky":null},"text":["f"],"removed":[""],"origin":"+input"}
2019-6-30 18:14:49.149#change#{"from":{"line":17,"ch":13,"sticky":null},"to":{"line":17,"ch":13,"sticky":null},"text":["r"],"removed":[""],"origin":"+input"}
2019-6-30 18:14:49.410#change#{"from":{"line":17,"ch":14,"sticky":null},"to":{"line":17,"ch":14,"sticky":null},"text":["u"],"removed":[""],"origin":"+input"}
2019-6-30 18:14:49.561#change#{"from":{"line":17,"ch":15,"sticky":null},"to":{"line":17,"ch":15,"sticky":null},"text":["t"],"removed":[""],"origin":"+input"}
2019-6-30 18:14:49.977#change#{"from":{"line":17,"ch":16,"sticky":null},"to":{"line":17,"ch":16,"sticky":null},"text":["a"],"removed":[""],"origin":"+input"}
2019-6-30 18:14:50.234#change#{"from":{"line":17,"ch":17,"sticky":null},"to":{"line":17,"ch":17,"sticky":null},"text":["s"],"removed":[""],"origin":"+input"}
2019-6-30 18:14:51.226#keyHandled#"Right"
2019-6-30 18:14:52.093#change#{"from":{"line":17,"ch":19,"sticky":"before"},"to":{"line":17,"ch":19,"sticky":"before"},"text":["c"],"removed":[""],"origin":"+input"}
2019-6-30 18:14:52.245#change#{"from":{"line":17,"ch":20,"sticky":null},"to":{"line":17,"ch":20,"sticky":null},"text":["o"],"removed":[""],"origin":"+input"}
2019-6-30 18:14:52.430#change#{"from":{"line":17,"ch":21,"sticky":null},"to":{"line":17,"ch":21,"sticky":null},"text":["m"],"removed":[""],"origin":"+input"}
2019-6-30 18:14:52.668#change#{"from":{"line":17,"ch":22,"sticky":null},"to":{"line":17,"ch":22,"sticky":null},"text":["p"],"removed":[""],"origin":"+input"}
2019-6-30 18:14:53.340#change#{"from":{"line":17,"ch":23,"sticky":null},"to":{"line":17,"ch":23,"sticky":null},"text":["r"],"removed":[""],"origin":"+input"}
2019-6-30 18:14:53.484#change#{"from":{"line":17,"ch":24,"sticky":null},"to":{"line":17,"ch":24,"sticky":null},"text":["a"],"removed":[""],"origin":"+input"}
2019-6-30 18:14:53.731#change#{"from":{"line":17,"ch":25,"sticky":null},"to":{"line":17,"ch":25,"sticky":null},"text":["s"],"removed":[""],"origin":"+input"}
2019-6-30 18:14:55.753#blur#
2019-6-30 18:14:59.393#focus#
2019-6-30 18:15:01.933#mousedown#{"isTrusted":true}
2019-6-30 18:15:02.372#change#{"from":{"line":17,"ch":26,"sticky":"after"},"to":{"line":17,"ch":27,"sticky":"after","xRel":0.5703125},"text":[""],"removed":[" "],"origin":"+delete"}
2019-6-30 18:15:02.372#keyHandled#"Backspace"
2019-6-30 18:15:09.034#blur#
2019-6-30 18:15:09.034#blur#
2019-6-30 18:15:34.939#mousedown#{"isTrusted":true}
2019-6-30 18:15:34.990#focus#
2019-6-30 18:15:35.956#change#{"from":{"line":10,"ch":59,"sticky":"before","xRel":5.3203125},"to":{"line":10,"ch":59,"sticky":"before","xRel":5.3203125},"text":["",""],"removed":[""],"origin":"+input"}
2019-6-30 18:15:35.956#keyHandled#"Enter"
2019-6-30 18:15:35.965#viewportChange#0
2019-6-30 18:15:37.716#change#{"from":{"line":11,"ch":0,"sticky":null},"to":{"line":11,"ch":0,"sticky":null},"text":["f"],"removed":[""],"origin":"+input"}
2019-6-30 18:15:37.957#change#{"from":{"line":11,"ch":1,"sticky":null},"to":{"line":11,"ch":1,"sticky":null},"text":["r"],"removed":[""],"origin":"+input"}
2019-6-30 18:15:38.139#change#{"from":{"line":11,"ch":2,"sticky":null},"to":{"line":11,"ch":2,"sticky":null},"text":["u"],"removed":[""],"origin":"+input"}
2019-6-30 18:15:38.388#change#{"from":{"line":11,"ch":3,"sticky":null},"to":{"line":11,"ch":3,"sticky":null},"text":["t"],"removed":[""],"origin":"+input"}
2019-6-30 18:15:38.515#change#{"from":{"line":11,"ch":4,"sticky":null},"to":{"line":11,"ch":4,"sticky":null},"text":["a"],"removed":[""],"origin":"+input"}
2019-6-30 18:15:38.763#change#{"from":{"line":11,"ch":5,"sticky":null},"to":{"line":11,"ch":5,"sticky":null},"text":["s"],"removed":[""],"origin":"+input"}
2019-6-30 18:15:39.520#change#{"from":{"line":11,"ch":6,"sticky":null},"to":{"line":11,"ch":6,"sticky":null},"text":[" "],"removed":[""],"origin":"+input"}
2019-6-30 18:15:40.056#change#{"from":{"line":11,"ch":7,"sticky":null},"to":{"line":11,"ch":7,"sticky":null},"text":["="],"removed":[""],"origin":"+input"}
2019-6-30 18:15:40.489#change#{"from":{"line":11,"ch":8,"sticky":null},"to":{"line":11,"ch":8,"sticky":null},"text":[" "],"removed":[""],"origin":"+input"}
2019-6-30 18:15:41.942#change#{"from":{"line":11,"ch":9,"sticky":null},"to":{"line":11,"ch":9,"sticky":null},"text":["i"],"removed":[""],"origin":"+input"}
2019-6-30 18:15:42.156#change#{"from":{"line":11,"ch":10,"sticky":null},"to":{"line":11,"ch":10,"sticky":null},"text":["n"],"removed":[""],"origin":"+input"}
2019-6-30 18:15:42.659#change#{"from":{"line":11,"ch":11,"sticky":null},"to":{"line":11,"ch":11,"sticky":null},"text":["v"],"removed":[""],"origin":"+input"}
2019-6-30 18:15:44.595#blur#
2019-6-30 18:15:49.434#focus#
2019-6-30 18:15:50.679#change#{"from":{"line":11,"ch":12,"sticky":null},"to":{"line":11,"ch":12,"sticky":null},"text":["()"],"removed":[""],"origin":"+input"}
2019-6-30 18:15:50.679#keyHandled#"'('"
2019-6-30 18:15:51.654#change#{"from":{"line":11,"ch":13,"sticky":"after"},"to":{"line":11,"ch":13,"sticky":"after"},"text":["f"],"removed":[""],"origin":"+input"}
2019-6-30 18:15:51.863#change#{"from":{"line":11,"ch":14,"sticky":null},"to":{"line":11,"ch":14,"sticky":null},"text":["r"],"removed":[""],"origin":"+input"}
2019-6-30 18:15:52.022#change#{"from":{"line":11,"ch":15,"sticky":null},"to":{"line":11,"ch":15,"sticky":null},"text":["u"],"removed":[""],"origin":"+input"}
2019-6-30 18:15:52.255#change#{"from":{"line":11,"ch":16,"sticky":null},"to":{"line":11,"ch":16,"sticky":null},"text":["t"],"removed":[""],"origin":"+input"}
2019-6-30 18:15:52.358#change#{"from":{"line":11,"ch":17,"sticky":null},"to":{"line":11,"ch":17,"sticky":null},"text":["a"],"removed":[""],"origin":"+input"}
2019-6-30 18:15:52.572#change#{"from":{"line":11,"ch":18,"sticky":null},"to":{"line":11,"ch":18,"sticky":null},"text":["s"],"removed":[""],"origin":"+input"}
2019-6-30 18:15:54.227#blur#
2019-6-30 18:15:54.227#blur#
2019-6-30 18:15:56.106#saida_testar#$ python3 main.py
abacate:  2.9
banana:  0.5
caqui:  8.9
caqui
2019-7-1 23:16:30.805#viewportChange#0
2019-7-1 23:25:47.498#mousedown#{"isTrusted":true}
2019-7-1 23:25:47.595#focus#
2019-7-1 23:25:48.600#blur#
2019-7-1 23:55:17.648#viewportChange#0
