2019-3-28 23:48:36.575#viewportChange#0
2019-3-28 23:50:29.281#mousedown#{"isTrusted":true}
2019-3-28 23:50:29.295#focus#
2019-3-28 23:50:35.513#change#{"from":{"line":0,"ch":0,"sticky":"after","xRel":33.73333740234375},"to":{"line":0,"ch":0,"sticky":"after","xRel":33.73333740234375},"text":["d"],"removed":[""],"origin":"+input"}
2019-3-28 23:50:36.583#change#{"from":{"line":0,"ch":1,"sticky":null},"to":{"line":0,"ch":1,"sticky":null},"text":["t"],"removed":[""],"origin":"+input"}
2019-3-28 23:50:36.735#change#{"from":{"line":0,"ch":2,"sticky":null},"to":{"line":0,"ch":2,"sticky":null},"text":[" "],"removed":[""],"origin":"+input"}
2019-3-28 23:50:37.189#change#{"from":{"line":0,"ch":3,"sticky":null},"to":{"line":0,"ch":3,"sticky":null},"text":["="],"removed":[""],"origin":"+input"}
2019-3-28 23:50:37.521#change#{"from":{"line":0,"ch":4,"sticky":null},"to":{"line":0,"ch":4,"sticky":null},"text":[" "],"removed":[""],"origin":"+input"}
2019-3-28 23:50:45.794#change#{"from":{"line":0,"ch":5,"sticky":null},"to":{"line":0,"ch":5,"sticky":null},"text":["8"],"removed":[""],"origin":"+input"}
2019-3-28 23:50:46.193#change#{"from":{"line":0,"ch":6,"sticky":null},"to":{"line":0,"ch":6,"sticky":null},"text":["0"],"removed":[""],"origin":"+input"}
2019-3-28 23:50:52.149#change#{"from":{"line":1,"ch":0,"sticky":null},"to":{"line":1,"ch":0,"sticky":null},"text":["c"],"removed":[""],"origin":"+input"}
2019-3-28 23:50:52.797#change#{"from":{"line":1,"ch":1,"sticky":null},"to":{"line":1,"ch":1,"sticky":null},"text":["g"],"removed":[""],"origin":"+input"}
2019-3-28 23:50:53.438#change#{"from":{"line":1,"ch":2,"sticky":null},"to":{"line":1,"ch":2,"sticky":null},"text":[" "],"removed":[""],"origin":"+input"}
2019-3-28 23:50:53.991#change#{"from":{"line":1,"ch":3,"sticky":null},"to":{"line":1,"ch":3,"sticky":null},"text":["="],"removed":[""],"origin":"+input"}
2019-3-28 23:50:54.348#change#{"from":{"line":1,"ch":4,"sticky":null},"to":{"line":1,"ch":4,"sticky":null},"text":[" "],"removed":[""],"origin":"+input"}
2019-3-28 23:51:07.473#change#{"from":{"line":1,"ch":5,"sticky":null},"to":{"line":1,"ch":5,"sticky":null},"text":["4"],"removed":[""],"origin":"+input"}
2019-3-28 23:51:07.554#change#{"from":{"line":1,"ch":6,"sticky":null},"to":{"line":1,"ch":6,"sticky":null},"text":["0"],"removed":[""],"origin":"+input"}
2019-3-28 23:51:08.553#change#{"from":{"line":1,"ch":6,"sticky":"after"},"to":{"line":1,"ch":7,"sticky":null},"text":[""],"removed":["0"],"origin":"+delete"}
2019-3-28 23:51:08.553#keyHandled#"Backspace"
2019-3-28 23:51:09.396#change#{"from":{"line":1,"ch":5,"sticky":"after"},"to":{"line":1,"ch":6,"sticky":null},"text":[""],"removed":["4"],"origin":"+delete"}
2019-3-28 23:51:09.397#keyHandled#"Backspace"
2019-3-28 23:51:10.344#change#{"from":{"line":1,"ch":5,"sticky":null},"to":{"line":1,"ch":5,"sticky":null},"text":["1"],"removed":[""],"origin":"+input"}
2019-3-28 23:51:10.633#change#{"from":{"line":1,"ch":6,"sticky":null},"to":{"line":1,"ch":6,"sticky":null},"text":["2"],"removed":[""],"origin":"+input"}
2019-3-28 23:51:10.970#change#{"from":{"line":1,"ch":7,"sticky":null},"to":{"line":1,"ch":7,"sticky":null},"text":["0"],"removed":[""],"origin":"+input"}
2019-3-28 23:51:12.536#mousedown#{"isTrusted":true}
2019-3-28 23:51:13.514#change#{"from":{"line":0,"ch":8,"sticky":"before","xRel":15.73333740234375},"to":{"line":0,"ch":8,"sticky":"before","xRel":15.73333740234375},"text":["0"],"removed":[""],"origin":"+input"}
2019-3-28 23:51:15.722#mousedown#{"isTrusted":true}
2019-3-28 23:51:16.718#change#{"from":{"line":1,"ch":8,"sticky":"before","xRel":13.73333740234375},"to":{"line":1,"ch":8,"sticky":"before","xRel":13.73333740234375},"text":["",""],"removed":[""],"origin":"+input"}
2019-3-28 23:51:16.718#keyHandled#"Enter"
2019-3-28 23:51:16.727#viewportChange#0
2019-3-28 23:51:17.845#change#{"from":{"line":2,"ch":0,"sticky":null},"to":{"line":2,"ch":0,"sticky":null},"text":["c"],"removed":[""],"origin":"+input"}
2019-3-28 23:51:18.872#change#{"from":{"line":2,"ch":1,"sticky":null},"to":{"line":2,"ch":1,"sticky":null},"text":["m"],"removed":[""],"origin":"+input"}
2019-3-28 23:51:19.225#change#{"from":{"line":2,"ch":2,"sticky":null},"to":{"line":2,"ch":2,"sticky":null},"text":[" "],"removed":[""],"origin":"+input"}
2019-3-28 23:51:19.542#change#{"from":{"line":2,"ch":3,"sticky":null},"to":{"line":2,"ch":3,"sticky":null},"text":["="],"removed":[""],"origin":"+input"}
2019-3-28 23:51:19.814#change#{"from":{"line":2,"ch":4,"sticky":null},"to":{"line":2,"ch":4,"sticky":null},"text":[" "],"removed":[""],"origin":"+input"}
2019-3-28 23:51:24.294#change#{"from":{"line":2,"ch":5,"sticky":null},"to":{"line":2,"ch":5,"sticky":null},"text":["d"],"removed":[""],"origin":"+input"}
2019-3-28 23:51:24.425#change#{"from":{"line":2,"ch":6,"sticky":null},"to":{"line":2,"ch":6,"sticky":null},"text":["t"],"removed":[""],"origin":"+input"}
2019-3-28 23:51:38.906#change#{"from":{"line":2,"ch":7,"sticky":null},"to":{"line":2,"ch":7,"sticky":null},"text":[" "],"removed":[""],"origin":"+input"}
2019-3-28 23:51:39.958#change#{"from":{"line":2,"ch":8,"sticky":null},"to":{"line":2,"ch":8,"sticky":null},"text":["/"],"removed":[""],"origin":"+input"}
2019-3-28 23:51:40.095#change#{"from":{"line":2,"ch":9,"sticky":null},"to":{"line":2,"ch":9,"sticky":null},"text":["/"],"removed":[""],"origin":"+input"}
2019-3-28 23:51:40.416#change#{"from":{"line":2,"ch":10,"sticky":null},"to":{"line":2,"ch":10,"sticky":null},"text":[" "],"removed":[""],"origin":"+input"}
2019-3-28 23:51:42.502#change#{"from":{"line":2,"ch":11,"sticky":null},"to":{"line":2,"ch":11,"sticky":null},"text":["c"],"removed":[""],"origin":"+input"}
2019-3-28 23:51:42.657#blur#
2019-3-28 23:51:46.668#mousedown#{"isTrusted":true}
2019-3-28 23:51:46.680#focus#
2019-3-28 23:51:47.520#mousedown#{"isTrusted":true}
2019-3-28 23:51:49.570#change#{"from":{"line":2,"ch":12,"sticky":"before","xRel":20.73333740234375},"to":{"line":2,"ch":12,"sticky":"before","xRel":20.73333740234375},"text":["g"],"removed":[""],"origin":"+input"}
2019-3-28 23:51:50.499#change#{"from":{"line":2,"ch":13,"sticky":null},"to":{"line":2,"ch":13,"sticky":null},"text":["",""],"removed":[""],"origin":"+input"}
2019-3-28 23:51:50.499#keyHandled#"Enter"
2019-3-28 23:51:50.510#viewportChange#0
2019-3-28 23:51:58.194#change#{"from":{"line":3,"ch":0,"sticky":null},"to":{"line":3,"ch":0,"sticky":null},"text":["",""],"removed":[""],"origin":"+input"}
2019-3-28 23:51:58.194#keyHandled#"Enter"
2019-3-28 23:51:58.202#viewportChange#0
2019-3-28 23:52:11.398#change#{"from":{"line":4,"ch":0,"sticky":null},"to":{"line":4,"ch":0,"sticky":null},"text":["p"],"removed":[""],"origin":"+input"}
2019-3-28 23:52:11.555#change#{"from":{"line":4,"ch":1,"sticky":null},"to":{"line":4,"ch":1,"sticky":null},"text":["r"],"removed":[""],"origin":"+input"}
2019-3-28 23:52:11.742#change#{"from":{"line":4,"ch":2,"sticky":null},"to":{"line":4,"ch":2,"sticky":null},"text":["i"],"removed":[""],"origin":"+input"}
2019-3-28 23:52:11.977#change#{"from":{"line":4,"ch":3,"sticky":null},"to":{"line":4,"ch":3,"sticky":null},"text":["n"],"removed":[""],"origin":"+input"}
2019-3-28 23:52:12.168#change#{"from":{"line":4,"ch":4,"sticky":null},"to":{"line":4,"ch":4,"sticky":null},"text":["t"],"removed":[""],"origin":"+input"}
2019-3-28 23:52:12.878#change#{"from":{"line":4,"ch":5,"sticky":null},"to":{"line":4,"ch":5,"sticky":null},"text":["()"],"removed":[""],"origin":"+input"}
2019-3-28 23:52:12.878#keyHandled#"'('"
2019-3-28 23:52:16.553#change#{"from":{"line":4,"ch":6,"sticky":"after"},"to":{"line":4,"ch":6,"sticky":"after"},"text":["r"],"removed":[""],"origin":"+input"}
2019-3-28 23:52:16.691#change#{"from":{"line":4,"ch":7,"sticky":null},"to":{"line":4,"ch":7,"sticky":null},"text":["o"],"removed":[""],"origin":"+input"}
2019-3-28 23:52:16.931#change#{"from":{"line":4,"ch":8,"sticky":null},"to":{"line":4,"ch":8,"sticky":null},"text":["u"],"removed":[""],"origin":"+input"}
2019-3-28 23:52:17.176#change#{"from":{"line":4,"ch":9,"sticky":null},"to":{"line":4,"ch":9,"sticky":null},"text":["n"],"removed":[""],"origin":"+input"}
2019-3-28 23:52:17.442#change#{"from":{"line":4,"ch":10,"sticky":null},"to":{"line":4,"ch":10,"sticky":null},"text":["d"],"removed":[""],"origin":"+input"}
2019-3-28 23:52:19.202#change#{"from":{"line":4,"ch":11,"sticky":null},"to":{"line":4,"ch":11,"sticky":null},"text":["()"],"removed":[""],"origin":"+input"}
2019-3-28 23:52:19.202#keyHandled#"'('"
2019-3-28 23:52:21.335#change#{"from":{"line":4,"ch":12,"sticky":"after"},"to":{"line":4,"ch":12,"sticky":"after"},"text":["c"],"removed":[""],"origin":"+input"}
2019-3-28 23:52:21.530#change#{"from":{"line":4,"ch":13,"sticky":null},"to":{"line":4,"ch":13,"sticky":null},"text":["m"],"removed":[""],"origin":"+input"}
2019-3-28 23:52:22.626#change#{"from":{"line":4,"ch":14,"sticky":null},"to":{"line":4,"ch":14,"sticky":null},"text":[","],"removed":[""],"origin":"+input"}
2019-3-28 23:52:24.949#change#{"from":{"line":4,"ch":14,"sticky":"after"},"to":{"line":4,"ch":15,"sticky":null},"text":[""],"removed":[","],"origin":"+delete"}
2019-3-28 23:52:24.949#keyHandled#"Backspace"
2019-3-28 23:52:25.160#change#{"from":{"line":4,"ch":13,"sticky":"after"},"to":{"line":4,"ch":14,"sticky":null},"text":[""],"removed":["m"],"origin":"+delete"}
2019-3-28 23:52:25.160#keyHandled#"Backspace"
2019-3-28 23:52:26.037#change#{"from":{"line":4,"ch":13,"sticky":null},"to":{"line":4,"ch":13,"sticky":null},"text":["m"],"removed":[""],"origin":"+input"}
2019-3-28 23:52:27.527#change#{"from":{"line":4,"ch":15,"sticky":null},"to":{"line":4,"ch":15,"sticky":null},"text":["\"\""],"removed":[""],"origin":"+input"}
2019-3-28 23:52:27.527#keyHandled#"'\"'"
2019-3-28 23:52:30.565#change#{"from":{"line":4,"ch":16,"sticky":"after"},"to":{"line":4,"ch":16,"sticky":"after"},"text":["k"],"removed":[""],"origin":"+input"}
2019-3-28 23:52:30.749#change#{"from":{"line":4,"ch":17,"sticky":null},"to":{"line":4,"ch":17,"sticky":null},"text":["m"],"removed":[""],"origin":"+input"}
2019-3-28 23:52:32.324#change#{"from":{"line":4,"ch":18,"sticky":null},"to":{"line":4,"ch":18,"sticky":null},"text":["/"],"removed":[""],"origin":"+input"}
2019-3-28 23:52:33.797#change#{"from":{"line":4,"ch":19,"sticky":null},"to":{"line":4,"ch":19,"sticky":null},"text":["l"],"removed":[""],"origin":"+input"}
2019-3-28 23:52:37.123#mousedown#{"isTrusted":true}
2019-3-28 23:52:38.517#change#{"from":{"line":4,"ch":21,"sticky":"before","xRel":-2.26666259765625},"to":{"line":4,"ch":21,"sticky":"before","xRel":-2.26666259765625},"text":[","],"removed":[""],"origin":"+input"}
2019-3-28 23:52:38.749#change#{"from":{"line":4,"ch":22,"sticky":null},"to":{"line":4,"ch":22,"sticky":null},"text":[" "],"removed":[""],"origin":"+input"}
2019-3-28 23:52:40.178#change#{"from":{"line":4,"ch":23,"sticky":null},"to":{"line":4,"ch":23,"sticky":null},"text":["3"],"removed":[""],"origin":"+input"}
2019-3-28 23:52:41.364#mousedown#{"isTrusted":true}
2019-3-28 23:52:42.928#blur#
2019-3-28 23:52:42.928#blur#
2019-3-28 23:52:54.741#mousedown#{"isTrusted":true}
2019-3-28 23:52:54.750#focus#
2019-3-28 23:52:57.094#change#{"from":{"line":4,"ch":14,"sticky":"after","xRel":3.73333740234375},"to":{"line":4,"ch":21,"sticky":"before","xRel":-0.26666259765625},"text":[""],"removed":[" \"km/l\""],"origin":"+delete"}
2019-3-28 23:52:57.094#keyHandled#"Backspace"
2019-3-28 23:53:01.198#mousedown#{"isTrusted":true}
2019-3-28 23:53:03.583#change#{"from":{"line":4,"ch":6,"sticky":"before","xRel":-1.26666259765625},"to":{"line":4,"ch":6,"sticky":"before","xRel":-1.26666259765625},"text":["\""],"removed":[""],"origin":"+input"}
2019-3-28 23:53:06.590#change#{"from":{"line":4,"ch":8,"sticky":null},"to":{"line":4,"ch":8,"sticky":null},"text":["m"],"removed":[""],"origin":"+input"}
2019-3-28 23:53:08.721#change#{"from":{"line":4,"ch":9,"sticky":null},"to":{"line":4,"ch":9,"sticky":null},"text":["/"],"removed":[""],"origin":"+input"}
2019-3-28 23:53:09.183#change#{"from":{"line":4,"ch":10,"sticky":null},"to":{"line":4,"ch":10,"sticky":null},"text":["l"],"removed":[""],"origin":"+input"}
2019-3-28 23:53:09.506#change#{"from":{"line":4,"ch":11,"sticky":null},"to":{"line":4,"ch":11,"sticky":null},"text":[" "],"removed":[""],"origin":"+input"}
2019-3-28 23:53:11.590#mousedown#{"isTrusted":true}
2019-3-28 23:53:12.144#change#{"from":{"line":4,"ch":24,"sticky":"after"},"to":{"line":4,"ch":25,"sticky":"before","xRel":48.73333740234375},"text":[""],"removed":[")"],"origin":"+delete"}
2019-3-28 23:53:12.144#keyHandled#"Backspace"
2019-3-28 23:53:12.703#change#{"from":{"line":4,"ch":23,"sticky":"after"},"to":{"line":4,"ch":24,"sticky":null},"text":[""],"removed":[")"],"origin":"+delete"}
2019-3-28 23:53:12.703#keyHandled#"Backspace"
2019-3-28 23:53:12.740#change#{"from":{"line":4,"ch":22,"sticky":"after"},"to":{"line":4,"ch":23,"sticky":null},"text":[""],"removed":["3"],"origin":"+delete"}
2019-3-28 23:53:12.740#keyHandled#"Backspace"
2019-3-28 23:53:12.773#change#{"from":{"line":4,"ch":21,"sticky":"after"},"to":{"line":4,"ch":22,"sticky":null},"text":[""],"removed":[" "],"origin":"+delete"}
2019-3-28 23:53:12.773#keyHandled#"Backspace"
2019-3-28 23:53:12.808#change#{"from":{"line":4,"ch":20,"sticky":"after"},"to":{"line":4,"ch":21,"sticky":null},"text":[""],"removed":[","],"origin":"+delete"}
2019-3-28 23:53:12.808#keyHandled#"Backspace"
2019-3-28 23:53:12.859#change#{"from":{"line":4,"ch":19,"sticky":"after"},"to":{"line":4,"ch":20,"sticky":null},"text":[""],"removed":["m"],"origin":"+delete"}
2019-3-28 23:53:12.859#keyHandled#"Backspace"
2019-3-28 23:53:12.913#change#{"from":{"line":4,"ch":18,"sticky":"after"},"to":{"line":4,"ch":19,"sticky":null},"text":[""],"removed":["c"],"origin":"+delete"}
2019-3-28 23:53:12.914#keyHandled#"Backspace"
2019-3-28 23:53:12.950#change#{"from":{"line":4,"ch":17,"sticky":"after"},"to":{"line":4,"ch":18,"sticky":null},"text":[""],"removed":["("],"origin":"+delete"}
2019-3-28 23:53:12.950#keyHandled#"Backspace"
2019-3-28 23:53:12.983#change#{"from":{"line":4,"ch":16,"sticky":"after"},"to":{"line":4,"ch":17,"sticky":null},"text":[""],"removed":["d"],"origin":"+delete"}
2019-3-28 23:53:12.983#keyHandled#"Backspace"
2019-3-28 23:53:13.017#change#{"from":{"line":4,"ch":15,"sticky":"after"},"to":{"line":4,"ch":16,"sticky":null},"text":[""],"removed":["n"],"origin":"+delete"}
2019-3-28 23:53:13.017#keyHandled#"Backspace"
2019-3-28 23:53:13.050#change#{"from":{"line":4,"ch":14,"sticky":"after"},"to":{"line":4,"ch":15,"sticky":null},"text":[""],"removed":["u"],"origin":"+delete"}
2019-3-28 23:53:13.050#keyHandled#"Backspace"
2019-3-28 23:53:13.087#change#{"from":{"line":4,"ch":13,"sticky":"after"},"to":{"line":4,"ch":14,"sticky":null},"text":[""],"removed":["o"],"origin":"+delete"}
2019-3-28 23:53:13.087#keyHandled#"Backspace"
2019-3-28 23:53:13.122#change#{"from":{"line":4,"ch":12,"sticky":"after"},"to":{"line":4,"ch":13,"sticky":null},"text":[""],"removed":["r"],"origin":"+delete"}
2019-3-28 23:53:13.122#keyHandled#"Backspace"
2019-3-28 23:53:13.154#change#{"from":{"line":4,"ch":11,"sticky":"after"},"to":{"line":4,"ch":12,"sticky":null},"text":[""],"removed":[" "],"origin":"+delete"}
2019-3-28 23:53:13.154#keyHandled#"Backspace"
2019-3-28 23:53:13.192#change#{"from":{"line":4,"ch":10,"sticky":"after"},"to":{"line":4,"ch":11,"sticky":null},"text":[""],"removed":["l"],"origin":"+delete"}
2019-3-28 23:53:13.192#keyHandled#"Backspace"
2019-3-28 23:53:13.226#change#{"from":{"line":4,"ch":9,"sticky":"after"},"to":{"line":4,"ch":10,"sticky":null},"text":[""],"removed":["/"],"origin":"+delete"}
2019-3-28 23:53:13.226#keyHandled#"Backspace"
2019-3-28 23:53:13.259#change#{"from":{"line":4,"ch":8,"sticky":"after"},"to":{"line":4,"ch":9,"sticky":null},"text":[""],"removed":["m"],"origin":"+delete"}
2019-3-28 23:53:13.259#keyHandled#"Backspace"
2019-3-28 23:53:13.425#change#{"from":{"line":4,"ch":7,"sticky":"after"},"to":{"line":4,"ch":8,"sticky":null},"text":[""],"removed":["k"],"origin":"+delete"}
2019-3-28 23:53:13.425#keyHandled#"Backspace"
2019-3-28 23:53:13.864#change#{"from":{"line":4,"ch":6,"sticky":"after"},"to":{"line":4,"ch":7,"sticky":null},"text":[""],"removed":["\""],"origin":"+delete"}
2019-3-28 23:53:13.864#keyHandled#"Backspace"
2019-3-28 23:53:25.162#change#{"from":{"line":4,"ch":6,"sticky":null},"to":{"line":4,"ch":6,"sticky":null},"text":["r"],"removed":[""],"origin":"+input"}
2019-3-28 23:53:25.202#change#{"from":{"line":4,"ch":7,"sticky":null},"to":{"line":4,"ch":7,"sticky":null},"text":["o"],"removed":[""],"origin":"+input"}
2019-3-28 23:53:25.439#change#{"from":{"line":4,"ch":8,"sticky":null},"to":{"line":4,"ch":8,"sticky":null},"text":["u"],"removed":[""],"origin":"+input"}
2019-3-28 23:53:25.695#change#{"from":{"line":4,"ch":9,"sticky":null},"to":{"line":4,"ch":9,"sticky":null},"text":["b"],"removed":[""],"origin":"+input"}
2019-3-28 23:53:26.401#change#{"from":{"line":4,"ch":10,"sticky":null},"to":{"line":4,"ch":10,"sticky":null},"text":["n"],"removed":[""],"origin":"+input"}
2019-3-28 23:53:27.117#change#{"from":{"line":4,"ch":10,"sticky":"after"},"to":{"line":4,"ch":11,"sticky":null},"text":[""],"removed":["n"],"origin":"+delete"}
2019-3-28 23:53:27.117#keyHandled#"Backspace"
2019-3-28 23:53:27.292#change#{"from":{"line":4,"ch":9,"sticky":"after"},"to":{"line":4,"ch":10,"sticky":null},"text":[""],"removed":["b"],"origin":"+delete"}
2019-3-28 23:53:27.292#keyHandled#"Backspace"
2019-3-28 23:53:27.906#change#{"from":{"line":4,"ch":9,"sticky":null},"to":{"line":4,"ch":9,"sticky":null},"text":["d"],"removed":[""],"origin":"+input"}
2019-3-28 23:53:29.683#change#{"from":{"line":4,"ch":10,"sticky":null},"to":{"line":4,"ch":10,"sticky":null},"text":["()"],"removed":[""],"origin":"+input"}
2019-3-28 23:53:29.683#keyHandled#"'('"
2019-3-28 23:53:30.625#change#{"from":{"line":4,"ch":11,"sticky":"after"},"to":{"line":4,"ch":11,"sticky":"after"},"text":["c"],"removed":[""],"origin":"+input"}
2019-3-28 23:53:30.837#change#{"from":{"line":4,"ch":12,"sticky":null},"to":{"line":4,"ch":12,"sticky":null},"text":["m"],"removed":[""],"origin":"+input"}
2019-3-28 23:53:31.160#change#{"from":{"line":4,"ch":13,"sticky":null},"to":{"line":4,"ch":13,"sticky":null},"text":[","],"removed":[""],"origin":"+input"}
2019-3-28 23:53:31.375#change#{"from":{"line":4,"ch":14,"sticky":null},"to":{"line":4,"ch":14,"sticky":null},"text":[" "],"removed":[""],"origin":"+input"}
2019-3-28 23:53:32.154#change#{"from":{"line":4,"ch":15,"sticky":null},"to":{"line":4,"ch":15,"sticky":null},"text":["3"],"removed":[""],"origin":"+input"}
2019-3-28 23:53:33.192#mousedown#{"isTrusted":true}
2019-3-28 23:53:37.507#change#{"from":{"line":4,"ch":9,"sticky":"before","xRel":-2.26666259765625},"to":{"line":4,"ch":9,"sticky":"before","xRel":-2.26666259765625},"text":["n"],"removed":[""],"origin":"+input"}
2019-3-28 23:53:38.773#mousedown#{"isTrusted":true}
2019-3-28 23:53:39.718#change#{"from":{"line":4,"ch":18,"sticky":"before","xRel":11.73333740234375},"to":{"line":4,"ch":18,"sticky":"before","xRel":11.73333740234375},"text":[")"],"removed":[""],"origin":"+input"}
2019-3-28 23:53:46.810#change#{"from":{"line":4,"ch":19,"sticky":null},"to":{"line":4,"ch":19,"sticky":null},"text":["",""],"removed":[""],"origin":"+input"}
2019-3-28 23:53:46.810#keyHandled#"Enter"
2019-3-28 23:53:46.819#viewportChange#0
2019-3-28 23:53:47.444#change#{"from":{"line":5,"ch":0,"sticky":null},"to":{"line":5,"ch":0,"sticky":null},"text":["p"],"removed":[""],"origin":"+input"}
2019-3-28 23:53:47.601#change#{"from":{"line":5,"ch":1,"sticky":null},"to":{"line":5,"ch":1,"sticky":null},"text":["r"],"removed":[""],"origin":"+input"}
2019-3-28 23:53:47.725#change#{"from":{"line":5,"ch":2,"sticky":null},"to":{"line":5,"ch":2,"sticky":null},"text":["i"],"removed":[""],"origin":"+input"}
2019-3-28 23:53:47.922#change#{"from":{"line":5,"ch":3,"sticky":null},"to":{"line":5,"ch":3,"sticky":null},"text":["n"],"removed":[""],"origin":"+input"}
2019-3-28 23:53:48.073#change#{"from":{"line":5,"ch":4,"sticky":null},"to":{"line":5,"ch":4,"sticky":null},"text":["r"],"removed":[""],"origin":"+input"}
2019-3-28 23:53:48.095#change#{"from":{"line":5,"ch":5,"sticky":null},"to":{"line":5,"ch":5,"sticky":null},"text":["t"],"removed":[""],"origin":"+input"}
2019-3-28 23:53:49.481#change#{"from":{"line":5,"ch":5,"sticky":"after"},"to":{"line":5,"ch":6,"sticky":null},"text":[""],"removed":["t"],"origin":"+delete"}
2019-3-28 23:53:49.481#keyHandled#"Backspace"
2019-3-28 23:53:49.748#change#{"from":{"line":5,"ch":4,"sticky":"after"},"to":{"line":5,"ch":5,"sticky":null},"text":[""],"removed":["r"],"origin":"+delete"}
2019-3-28 23:53:49.748#keyHandled#"Backspace"
2019-3-28 23:53:50.147#change#{"from":{"line":5,"ch":3,"sticky":"after"},"to":{"line":5,"ch":4,"sticky":null},"text":[""],"removed":["n"],"origin":"+delete"}
2019-3-28 23:53:50.147#keyHandled#"Backspace"
2019-3-28 23:53:51.169#change#{"from":{"line":5,"ch":3,"sticky":null},"to":{"line":5,"ch":3,"sticky":null},"text":["n"],"removed":[""],"origin":"+input"}
2019-3-28 23:53:51.364#change#{"from":{"line":5,"ch":4,"sticky":null},"to":{"line":5,"ch":4,"sticky":null},"text":["t"],"removed":[""],"origin":"+input"}
2019-3-28 23:53:52.286#change#{"from":{"line":5,"ch":5,"sticky":null},"to":{"line":5,"ch":5,"sticky":null},"text":["()"],"removed":[""],"origin":"+input"}
2019-3-28 23:53:52.286#keyHandled#"'('"
2019-3-28 23:53:53.961#change#{"from":{"line":5,"ch":6,"sticky":"after"},"to":{"line":5,"ch":6,"sticky":"after"},"text":["\"\""],"removed":[""],"origin":"+input"}
2019-3-28 23:53:53.961#keyHandled#"'\"'"
2019-3-28 23:53:56.274#change#{"from":{"line":5,"ch":7,"sticky":"after"},"to":{"line":5,"ch":7,"sticky":"after"},"text":["c"],"removed":[""],"origin":"+input"}
2019-3-28 23:54:00.228#change#{"from":{"line":5,"ch":8,"sticky":"after"},"to":{"line":5,"ch":9,"sticky":null},"text":[""],"removed":["m"],"origin":"+delete"}
2019-3-28 23:54:00.228#keyHandled#"Backspace"
2019-3-28 23:54:01.182#change#{"from":{"line":5,"ch":7,"sticky":"after"},"to":{"line":5,"ch":8,"sticky":null},"text":[""],"removed":["c"],"origin":"+delete"}
2019-3-28 23:54:01.182#keyHandled#"Backspace"
2019-3-28 23:54:01.603#keyHandled#"Left"
2019-3-28 23:54:02.991#change#{"from":{"line":5,"ch":6,"sticky":"after"},"to":{"line":5,"ch":6,"sticky":"after"},"text":["c"],"removed":[""],"origin":"+input"}
2019-3-28 23:54:03.154#change#{"from":{"line":5,"ch":7,"sticky":null},"to":{"line":5,"ch":7,"sticky":null},"text":["m"],"removed":[""],"origin":"+input"}
2019-3-28 23:54:03.688#change#{"from":{"line":5,"ch":8,"sticky":null},"to":{"line":5,"ch":8,"sticky":null},"text":[" "],"removed":[""],"origin":"+input"}
2019-3-28 23:54:04.461#keyHandled#"Right"
2019-3-28 23:54:05.695#change#{"from":{"line":5,"ch":10,"sticky":"before"},"to":{"line":5,"ch":10,"sticky":"before"},"text":["k"],"removed":[""],"origin":"+input"}
2019-3-28 23:54:05.889#change#{"from":{"line":5,"ch":11,"sticky":null},"to":{"line":5,"ch":11,"sticky":null},"text":["m"],"removed":[""],"origin":"+input"}
2019-3-28 23:54:06.877#change#{"from":{"line":5,"ch":12,"sticky":null},"to":{"line":5,"ch":12,"sticky":null},"text":["/"],"removed":[""],"origin":"+input"}
2019-3-28 23:54:07.187#change#{"from":{"line":5,"ch":13,"sticky":null},"to":{"line":5,"ch":13,"sticky":null},"text":["l"],"removed":[""],"origin":"+input"}
2019-3-28 23:54:08.685#mousedown#{"isTrusted":true}
2019-3-28 23:54:09.695#mousedown#{"isTrusted":true}
2019-3-28 23:54:11.335#blur#
2019-3-28 23:54:11.335#blur#
2019-3-28 23:54:14.023#saida_testar#$ python3 main.py
File "main.py", line 5
print(round(cm "km/l", 3))
SyntaxError: invalid syntax
2019-3-28 23:54:19.286#mousedown#{"isTrusted":true}
2019-3-28 23:54:19.289#focus#
2019-3-28 23:54:19.961#change#{"from":{"line":5,"ch":15,"sticky":"after"},"to":{"line":5,"ch":16,"sticky":null,"xRel":1,"outside":true},"text":[""],"removed":[")"],"origin":"+delete"}
2019-3-28 23:54:19.961#keyHandled#"Backspace"
2019-3-28 23:54:20.526#change#{"from":{"line":5,"ch":14,"sticky":"after"},"to":{"line":5,"ch":15,"sticky":null},"text":[""],"removed":["\""],"origin":"+delete"}
2019-3-28 23:54:20.526#keyHandled#"Backspace"
2019-3-28 23:54:20.560#change#{"from":{"line":5,"ch":13,"sticky":"after"},"to":{"line":5,"ch":14,"sticky":null},"text":[""],"removed":["l"],"origin":"+delete"}
2019-3-28 23:54:20.560#keyHandled#"Backspace"
2019-3-28 23:54:20.600#change#{"from":{"line":5,"ch":12,"sticky":"after"},"to":{"line":5,"ch":13,"sticky":null},"text":[""],"removed":["/"],"origin":"+delete"}
2019-3-28 23:54:20.600#keyHandled#"Backspace"
2019-3-28 23:54:20.628#change#{"from":{"line":5,"ch":11,"sticky":"after"},"to":{"line":5,"ch":12,"sticky":null},"text":[""],"removed":["m"],"origin":"+delete"}
2019-3-28 23:54:20.628#keyHandled#"Backspace"
2019-3-28 23:54:20.659#change#{"from":{"line":5,"ch":10,"sticky":"after"},"to":{"line":5,"ch":11,"sticky":null},"text":[""],"removed":["k"],"origin":"+delete"}
2019-3-28 23:54:20.659#keyHandled#"Backspace"
2019-3-28 23:54:20.692#change#{"from":{"line":5,"ch":9,"sticky":"after"},"to":{"line":5,"ch":10,"sticky":null},"text":[""],"removed":["\""],"origin":"+delete"}
2019-3-28 23:54:20.692#keyHandled#"Backspace"
2019-3-28 23:54:20.730#change#{"from":{"line":5,"ch":8,"sticky":"after"},"to":{"line":5,"ch":9,"sticky":null},"text":[""],"removed":[" "],"origin":"+delete"}
2019-3-28 23:54:20.730#keyHandled#"Backspace"
2019-3-28 23:54:20.760#change#{"from":{"line":5,"ch":7,"sticky":"after"},"to":{"line":5,"ch":8,"sticky":null},"text":[""],"removed":["m"],"origin":"+delete"}
2019-3-28 23:54:20.760#keyHandled#"Backspace"
2019-3-28 23:54:20.793#change#{"from":{"line":5,"ch":6,"sticky":"after"},"to":{"line":5,"ch":7,"sticky":null},"text":[""],"removed":["c"],"origin":"+delete"}
2019-3-28 23:54:20.793#keyHandled#"Backspace"
2019-3-28 23:54:20.830#change#{"from":{"line":5,"ch":5,"sticky":"after"},"to":{"line":5,"ch":6,"sticky":null},"text":[""],"removed":["("],"origin":"+delete"}
2019-3-28 23:54:20.830#keyHandled#"Backspace"
2019-3-28 23:54:20.862#change#{"from":{"line":5,"ch":4,"sticky":"after"},"to":{"line":5,"ch":5,"sticky":null},"text":[""],"removed":["t"],"origin":"+delete"}
2019-3-28 23:54:20.862#keyHandled#"Backspace"
2019-3-28 23:54:20.894#change#{"from":{"line":5,"ch":3,"sticky":"after"},"to":{"line":5,"ch":4,"sticky":null},"text":[""],"removed":["n"],"origin":"+delete"}
2019-3-28 23:54:20.894#keyHandled#"Backspace"
2019-3-28 23:54:20.925#change#{"from":{"line":5,"ch":2,"sticky":"after"},"to":{"line":5,"ch":3,"sticky":null},"text":[""],"removed":["i"],"origin":"+delete"}
2019-3-28 23:54:20.925#keyHandled#"Backspace"
2019-3-28 23:54:20.963#change#{"from":{"line":5,"ch":1,"sticky":"after"},"to":{"line":5,"ch":2,"sticky":null},"text":[""],"removed":["r"],"origin":"+delete"}
2019-3-28 23:54:20.963#keyHandled#"Backspace"
2019-3-28 23:54:20.995#change#{"from":{"line":5,"ch":0,"sticky":"after"},"to":{"line":5,"ch":1,"sticky":null},"text":[""],"removed":["p"],"origin":"+delete"}
2019-3-28 23:54:20.995#keyHandled#"Backspace"
2019-3-28 23:54:21.033#change#{"from":{"line":4,"ch":19,"sticky":"before"},"to":{"line":5,"ch":0,"sticky":null},"text":[""],"removed":["",""],"origin":"+delete"}
2019-3-28 23:54:21.033#keyHandled#"Backspace"
2019-3-28 23:54:21.039#viewportChange#0
2019-3-28 23:54:21.068#change#{"from":{"line":4,"ch":18,"sticky":"after"},"to":{"line":4,"ch":19,"sticky":null},"text":[""],"removed":[")"],"origin":"+delete"}
2019-3-28 23:54:21.068#keyHandled#"Backspace"
2019-3-28 23:54:21.100#change#{"from":{"line":4,"ch":17,"sticky":"after"},"to":{"line":4,"ch":18,"sticky":null},"text":[""],"removed":[")"],"origin":"+delete"}
2019-3-28 23:54:21.100#keyHandled#"Backspace"
2019-3-28 23:54:21.136#change#{"from":{"line":4,"ch":16,"sticky":"after"},"to":{"line":4,"ch":17,"sticky":null},"text":[""],"removed":["3"],"origin":"+delete"}
2019-3-28 23:54:21.136#keyHandled#"Backspace"
2019-3-28 23:54:21.178#change#{"from":{"line":4,"ch":15,"sticky":"after"},"to":{"line":4,"ch":16,"sticky":null},"text":[""],"removed":[" "],"origin":"+delete"}
2019-3-28 23:54:21.178#keyHandled#"Backspace"
2019-3-28 23:54:21.211#change#{"from":{"line":4,"ch":14,"sticky":"after"},"to":{"line":4,"ch":15,"sticky":null},"text":[""],"removed":[","],"origin":"+delete"}
2019-3-28 23:54:21.211#keyHandled#"Backspace"
2019-3-28 23:54:21.245#change#{"from":{"line":4,"ch":13,"sticky":"after"},"to":{"line":4,"ch":14,"sticky":null},"text":[""],"removed":["m"],"origin":"+delete"}
2019-3-28 23:54:21.245#keyHandled#"Backspace"
2019-3-28 23:54:21.277#change#{"from":{"line":4,"ch":12,"sticky":"after"},"to":{"line":4,"ch":13,"sticky":null},"text":[""],"removed":["c"],"origin":"+delete"}
2019-3-28 23:54:21.277#keyHandled#"Backspace"
2019-3-28 23:54:21.312#change#{"from":{"line":4,"ch":11,"sticky":"after"},"to":{"line":4,"ch":12,"sticky":null},"text":[""],"removed":["("],"origin":"+delete"}
2019-3-28 23:54:21.312#keyHandled#"Backspace"
2019-3-28 23:54:21.706#change#{"from":{"line":4,"ch":10,"sticky":"after"},"to":{"line":4,"ch":11,"sticky":null},"text":[""],"removed":["d"],"origin":"+delete"}
2019-3-28 23:54:21.706#keyHandled#"Backspace"
2019-3-28 23:54:22.058#change#{"from":{"line":4,"ch":9,"sticky":"after"},"to":{"line":4,"ch":10,"sticky":null},"text":[""],"removed":["n"],"origin":"+delete"}
2019-3-28 23:54:22.058#keyHandled#"Backspace"
2019-3-28 23:54:22.268#change#{"from":{"line":4,"ch":8,"sticky":"after"},"to":{"line":4,"ch":9,"sticky":null},"text":[""],"removed":["u"],"origin":"+delete"}
2019-3-28 23:54:22.268#keyHandled#"Backspace"
2019-3-28 23:54:22.454#change#{"from":{"line":4,"ch":7,"sticky":"after"},"to":{"line":4,"ch":8,"sticky":null},"text":[""],"removed":["o"],"origin":"+delete"}
2019-3-28 23:54:22.454#keyHandled#"Backspace"
2019-3-28 23:54:22.888#change#{"from":{"line":4,"ch":6,"sticky":"after"},"to":{"line":4,"ch":7,"sticky":null},"text":[""],"removed":["r"],"origin":"+delete"}
2019-3-28 23:54:22.888#keyHandled#"Backspace"
2019-3-28 23:54:23.035#change#{"from":{"line":4,"ch":5,"sticky":"after"},"to":{"line":4,"ch":6,"sticky":null},"text":[""],"removed":["("],"origin":"+delete"}
2019-3-28 23:54:23.035#keyHandled#"Backspace"
2019-3-28 23:54:23.210#change#{"from":{"line":4,"ch":4,"sticky":"after"},"to":{"line":4,"ch":5,"sticky":null},"text":[""],"removed":["t"],"origin":"+delete"}
2019-3-28 23:54:23.210#keyHandled#"Backspace"
2019-3-28 23:54:23.377#change#{"from":{"line":4,"ch":3,"sticky":"after"},"to":{"line":4,"ch":4,"sticky":null},"text":[""],"removed":["n"],"origin":"+delete"}
2019-3-28 23:54:23.377#keyHandled#"Backspace"
2019-3-28 23:54:23.579#change#{"from":{"line":4,"ch":2,"sticky":"after"},"to":{"line":4,"ch":3,"sticky":null},"text":[""],"removed":["i"],"origin":"+delete"}
2019-3-28 23:54:23.579#keyHandled#"Backspace"
2019-3-28 23:54:23.796#change#{"from":{"line":4,"ch":1,"sticky":"after"},"to":{"line":4,"ch":2,"sticky":null},"text":[""],"removed":["r"],"origin":"+delete"}
2019-3-28 23:54:23.796#keyHandled#"Backspace"
2019-3-28 23:54:24.160#change#{"from":{"line":4,"ch":0,"sticky":"after"},"to":{"line":4,"ch":1,"sticky":null},"text":[""],"removed":["p"],"origin":"+delete"}
2019-3-28 23:54:24.160#keyHandled#"Backspace"
2019-3-28 23:54:24.582#change#{"from":{"line":3,"ch":0,"sticky":"before"},"to":{"line":4,"ch":0,"sticky":null},"text":[""],"removed":["",""],"origin":"+delete"}
2019-3-28 23:54:24.582#keyHandled#"Backspace"
2019-3-28 23:54:24.591#viewportChange#0
2019-3-28 23:54:25.304#change#{"from":{"line":2,"ch":13,"sticky":"before"},"to":{"line":3,"ch":0,"sticky":null},"text":[""],"removed":["",""],"origin":"+delete"}
2019-3-28 23:54:25.304#keyHandled#"Backspace"
2019-3-28 23:54:25.314#viewportChange#0
2019-3-29 00:03:41.934#mousedown#{"isTrusted":true}
2019-3-29 00:03:41.963#focus#
2019-3-29 00:03:43.377#change#{"from":{"line":2,"ch":13,"sticky":null,"xRel":1,"outside":true},"to":{"line":2,"ch":13,"sticky":null,"xRel":1,"outside":true},"text":["",""],"removed":[""],"origin":"+input"}
2019-3-29 00:03:43.377#keyHandled#"Enter"
2019-3-29 00:03:43.384#viewportChange#0
2019-3-29 00:03:45.317#change#{"from":{"line":3,"ch":0,"sticky":null},"to":{"line":3,"ch":0,"sticky":null},"text":["",""],"removed":[""],"origin":"+input"}
2019-3-29 00:03:45.318#keyHandled#"Enter"
2019-3-29 00:03:45.323#viewportChange#0
2019-3-29 00:03:46.184#change#{"from":{"line":4,"ch":0,"sticky":null},"to":{"line":4,"ch":0,"sticky":null},"text":["p"],"removed":[""],"origin":"+input"}
2019-3-29 00:03:46.431#change#{"from":{"line":4,"ch":1,"sticky":null},"to":{"line":4,"ch":1,"sticky":null},"text":["r"],"removed":[""],"origin":"+input"}
2019-3-29 00:03:46.592#change#{"from":{"line":4,"ch":2,"sticky":null},"to":{"line":4,"ch":2,"sticky":null},"text":["i"],"removed":[""],"origin":"+input"}
2019-3-29 00:03:46.856#change#{"from":{"line":4,"ch":3,"sticky":null},"to":{"line":4,"ch":3,"sticky":null},"text":["n"],"removed":[""],"origin":"+input"}
2019-3-29 00:03:47.092#change#{"from":{"line":4,"ch":4,"sticky":null},"to":{"line":4,"ch":4,"sticky":null},"text":["t"],"removed":[""],"origin":"+input"}
2019-3-29 00:03:48.769#change#{"from":{"line":4,"ch":5,"sticky":null},"to":{"line":4,"ch":5,"sticky":null},"text":["()"],"removed":[""],"origin":"+input"}
2019-3-29 00:03:48.769#keyHandled#"'('"
2019-3-29 00:03:49.613#change#{"from":{"line":4,"ch":6,"sticky":"after"},"to":{"line":4,"ch":6,"sticky":"after"},"text":["r"],"removed":[""],"origin":"+input"}
2019-3-29 00:03:49.814#change#{"from":{"line":4,"ch":7,"sticky":null},"to":{"line":4,"ch":7,"sticky":null},"text":["o"],"removed":[""],"origin":"+input"}
2019-3-29 00:03:50.335#change#{"from":{"line":4,"ch":9,"sticky":null},"to":{"line":4,"ch":9,"sticky":null},"text":["n"],"removed":[""],"origin":"+input"}
2019-3-29 00:03:50.591#change#{"from":{"line":4,"ch":10,"sticky":null},"to":{"line":4,"ch":10,"sticky":null},"text":["d"],"removed":[""],"origin":"+input"}
2019-3-29 00:03:51.924#change#{"from":{"line":4,"ch":11,"sticky":null},"to":{"line":4,"ch":11,"sticky":null},"text":["()"],"removed":[""],"origin":"+input"}
2019-3-29 00:03:51.925#keyHandled#"'('"
2019-3-29 00:03:53.307#change#{"from":{"line":4,"ch":12,"sticky":"after"},"to":{"line":4,"ch":12,"sticky":"after"},"text":["c"],"removed":[""],"origin":"+input"}
2019-3-29 00:03:53.445#change#{"from":{"line":4,"ch":13,"sticky":null},"to":{"line":4,"ch":13,"sticky":null},"text":["m"],"removed":[""],"origin":"+input"}
2019-3-29 00:03:53.922#change#{"from":{"line":4,"ch":14,"sticky":null},"to":{"line":4,"ch":14,"sticky":null},"text":[","],"removed":[""],"origin":"+input"}
2019-3-29 00:03:54.135#change#{"from":{"line":4,"ch":15,"sticky":null},"to":{"line":4,"ch":15,"sticky":null},"text":[" "],"removed":[""],"origin":"+input"}
2019-3-29 00:03:55.993#change#{"from":{"line":4,"ch":16,"sticky":null},"to":{"line":4,"ch":16,"sticky":null},"text":["3"],"removed":[""],"origin":"+input"}
2019-3-29 00:03:57.810#mousedown#{"isTrusted":true}
2019-3-29 00:03:58.549#mousedown#{"isTrusted":true}
2019-3-29 00:04:01.491#change#{"from":{"line":4,"ch":19,"sticky":"after"},"to":{"line":4,"ch":19,"sticky":"after"},"text":["k"],"removed":[""],"origin":"+input"}
2019-3-29 00:04:01.869#change#{"from":{"line":4,"ch":20,"sticky":null},"to":{"line":4,"ch":20,"sticky":null},"text":["m"],"removed":[""],"origin":"+input"}
2019-3-29 00:04:02.828#change#{"from":{"line":4,"ch":21,"sticky":null},"to":{"line":4,"ch":21,"sticky":null},"text":["/"],"removed":[""],"origin":"+input"}
2019-3-29 00:04:03.220#change#{"from":{"line":4,"ch":22,"sticky":null},"to":{"line":4,"ch":22,"sticky":null},"text":["l"],"removed":[""],"origin":"+input"}
2019-3-29 00:04:04.283#mousedown#{"isTrusted":true}
2019-3-29 00:04:05.786#blur#
2019-3-29 00:04:05.786#blur#
2019-3-29 00:04:08.462#submit#Your code did not produce the correct output. Please, correct your code and try again.
2019-3-29 00:04:29.155#mousedown#{"isTrusted":true}
2019-3-29 00:04:29.169#focus#
2019-3-29 00:04:29.954#change#{"from":{"line":2,"ch":9,"sticky":"after"},"to":{"line":2,"ch":10,"sticky":"before","xRel":-2.26666259765625},"text":[""],"removed":["/"],"origin":"+delete"}
2019-3-29 00:04:29.954#keyHandled#"Backspace"
2019-3-29 00:04:40.285#mousedown#{"isTrusted":true}
2019-3-29 00:04:42.249#blur#
2019-3-29 00:04:42.249#blur#
2019-3-29 00:04:57.557#mousedown#{"isTrusted":true}
2019-3-29 00:04:57.563#focus#
2019-3-29 00:04:58.644#change#{"from":{"line":4,"ch":18,"sticky":"before","xRel":-0.26666259765625},"to":{"line":4,"ch":18,"sticky":"before","xRel":-0.26666259765625},"text":[","],"removed":[""],"origin":"+input"}
2019-3-29 00:05:00.056#change#{"from":{"line":4,"ch":19,"sticky":null},"to":{"line":4,"ch":19,"sticky":null},"text":[" "],"removed":[""],"origin":"+input"}
2019-3-29 00:05:02.395#mousedown#{"isTrusted":true}
2019-3-29 00:05:04.558#change#{"from":{"line":0,"ch":5,"sticky":"before","xRel":-3.26666259765625},"to":{"line":0,"ch":9,"sticky":"before","xRel":3.73333740234375},"text":["f"],"removed":["8000"],"origin":"+input"}
2019-3-29 00:05:04.757#change#{"from":{"line":0,"ch":6,"sticky":null},"to":{"line":0,"ch":6,"sticky":null},"text":["l"],"removed":[""],"origin":"+input"}
2019-3-29 00:05:04.943#change#{"from":{"line":0,"ch":7,"sticky":null},"to":{"line":0,"ch":7,"sticky":null},"text":["o"],"removed":[""],"origin":"+input"}
2019-3-29 00:05:05.120#change#{"from":{"line":0,"ch":8,"sticky":null},"to":{"line":0,"ch":8,"sticky":null},"text":["a"],"removed":[""],"origin":"+input"}
2019-3-29 00:05:05.452#change#{"from":{"line":0,"ch":9,"sticky":null},"to":{"line":0,"ch":9,"sticky":null},"text":["t"],"removed":[""],"origin":"+input"}
2019-3-29 00:05:07.357#change#{"from":{"line":0,"ch":10,"sticky":null},"to":{"line":0,"ch":10,"sticky":null},"text":["()"],"removed":[""],"origin":"+input"}
2019-3-29 00:05:07.357#keyHandled#"'('"
2019-3-29 00:05:08.946#change#{"from":{"line":0,"ch":11,"sticky":"after"},"to":{"line":0,"ch":11,"sticky":"after"},"text":["i"],"removed":[""],"origin":"+input"}
2019-3-29 00:05:09.187#change#{"from":{"line":0,"ch":12,"sticky":null},"to":{"line":0,"ch":12,"sticky":null},"text":["n"],"removed":[""],"origin":"+input"}
2019-3-29 00:05:09.758#change#{"from":{"line":0,"ch":13,"sticky":null},"to":{"line":0,"ch":13,"sticky":null},"text":["p"],"removed":[""],"origin":"+input"}
2019-3-29 00:05:10.066#change#{"from":{"line":0,"ch":14,"sticky":null},"to":{"line":0,"ch":14,"sticky":null},"text":["u"],"removed":[""],"origin":"+input"}
2019-3-29 00:05:10.336#change#{"from":{"line":0,"ch":15,"sticky":null},"to":{"line":0,"ch":15,"sticky":null},"text":["t"],"removed":[""],"origin":"+input"}
2019-3-29 00:05:11.912#change#{"from":{"line":0,"ch":16,"sticky":null},"to":{"line":0,"ch":16,"sticky":null},"text":["()"],"removed":[""],"origin":"+input"}
2019-3-29 00:05:11.912#keyHandled#"'('"
2019-3-29 00:05:14.118#change#{"from":{"line":0,"ch":17,"sticky":"after"},"to":{"line":0,"ch":17,"sticky":"after"},"text":["\"\""],"removed":[""],"origin":"+input"}
2019-3-29 00:05:14.118#keyHandled#"'\"'"
2019-3-29 00:05:15.510#change#{"from":{"line":0,"ch":18,"sticky":"after"},"to":{"line":0,"ch":18,"sticky":"after"},"text":["D"],"removed":[""],"origin":"+input"}
2019-3-29 00:05:15.859#change#{"from":{"line":0,"ch":19,"sticky":null},"to":{"line":0,"ch":19,"sticky":null},"text":["i"],"removed":[""],"origin":"+input"}
2019-3-29 00:05:16.047#change#{"from":{"line":0,"ch":20,"sticky":null},"to":{"line":0,"ch":20,"sticky":null},"text":["s"],"removed":[""],"origin":"+input"}
2019-3-29 00:05:16.216#change#{"from":{"line":0,"ch":21,"sticky":null},"to":{"line":0,"ch":21,"sticky":null},"text":["t"],"removed":[""],"origin":"+input"}
2019-3-29 00:05:16.373#change#{"from":{"line":0,"ch":22,"sticky":null},"to":{"line":0,"ch":22,"sticky":null},"text":["a"],"removed":[""],"origin":"+input"}
2019-3-29 00:05:16.644#change#{"from":{"line":0,"ch":23,"sticky":null},"to":{"line":0,"ch":23,"sticky":null},"text":["n"],"removed":[""],"origin":"+input"}
2019-3-29 00:05:16.834#change#{"from":{"line":0,"ch":24,"sticky":null},"to":{"line":0,"ch":24,"sticky":null},"text":["c"],"removed":[""],"origin":"+input"}
2019-3-29 00:05:16.961#change#{"from":{"line":0,"ch":25,"sticky":null},"to":{"line":0,"ch":25,"sticky":null},"text":["i"],"removed":[""],"origin":"+input"}
2019-3-29 00:05:17.134#change#{"from":{"line":0,"ch":26,"sticky":null},"to":{"line":0,"ch":26,"sticky":null},"text":["a"],"removed":[""],"origin":"+input"}
2019-3-29 00:05:18.260#change#{"from":{"line":0,"ch":27,"sticky":null},"to":{"line":0,"ch":27,"sticky":null},"text":[" "],"removed":[""],"origin":"+input"}
2019-3-29 00:05:18.685#change#{"from":{"line":0,"ch":28,"sticky":null},"to":{"line":0,"ch":28,"sticky":null},"text":["e"],"removed":[""],"origin":"+input"}
2019-3-29 00:05:18.869#change#{"from":{"line":0,"ch":29,"sticky":null},"to":{"line":0,"ch":29,"sticky":null},"text":["m"],"removed":[""],"origin":"+input"}
2019-3-29 00:05:19.036#change#{"from":{"line":0,"ch":30,"sticky":null},"to":{"line":0,"ch":30,"sticky":null},"text":[" "],"removed":[""],"origin":"+input"}
2019-3-29 00:05:20.171#change#{"from":{"line":0,"ch":31,"sticky":null},"to":{"line":0,"ch":31,"sticky":null},"text":["k"],"removed":[""],"origin":"+input"}
2019-3-29 00:05:20.385#change#{"from":{"line":0,"ch":32,"sticky":null},"to":{"line":0,"ch":32,"sticky":null},"text":["m"],"removed":[""],"origin":"+input"}
2019-3-29 00:05:22.309#change#{"from":{"line":0,"ch":33,"sticky":null},"to":{"line":0,"ch":33,"sticky":null},"text":[":"],"removed":[""],"origin":"+input"}
2019-3-29 00:05:24.705#mousedown#{"isTrusted":true}
2019-3-29 00:05:27.486#copy#{"isTrusted":true}
2019-3-29 00:05:31.863#mousedown#{"isTrusted":true}
2019-3-29 00:05:33.950#change#{"from":{"line":1,"ch":5,"sticky":"before","xRel":-3.26666259765625},"to":{"line":1,"ch":8,"sticky":"before","xRel":-3.26666259765625},"text":["float(input(\"Distancia em km:\"))"],"removed":["120"],"origin":"paste"}
2019-3-29 00:05:35.884#blur#
2019-3-29 00:09:12.231#focus#
2019-3-29 00:09:23.786#mousedown#{"isTrusted":true}
2019-3-29 00:09:26.965#change#{"from":{"line":1,"ch":18,"sticky":"before","xRel":-2.26666259765625},"to":{"line":1,"ch":33,"sticky":"before","xRel":-3.26666259765625},"text":["V"],"removed":["Distancia em km"],"origin":"+input"}
2019-3-29 00:09:27.677#change#{"from":{"line":1,"ch":18,"sticky":"after"},"to":{"line":1,"ch":19,"sticky":null},"text":[""],"removed":["V"],"origin":"+delete"}
2019-3-29 00:09:27.677#keyHandled#"Backspace"
2019-3-29 00:09:28.422#change#{"from":{"line":1,"ch":18,"sticky":null},"to":{"line":1,"ch":18,"sticky":null},"text":["C"],"removed":[""],"origin":"+input"}
2019-3-29 00:09:28.769#change#{"from":{"line":1,"ch":19,"sticky":null},"to":{"line":1,"ch":19,"sticky":null},"text":["o"],"removed":[""],"origin":"+input"}
2019-3-29 00:09:29.120#change#{"from":{"line":1,"ch":20,"sticky":null},"to":{"line":1,"ch":20,"sticky":null},"text":["m"],"removed":[""],"origin":"+input"}
2019-3-29 00:09:29.407#change#{"from":{"line":1,"ch":21,"sticky":null},"to":{"line":1,"ch":21,"sticky":null},"text":["b"],"removed":[""],"origin":"+input"}
2019-3-29 00:09:29.625#change#{"from":{"line":1,"ch":22,"sticky":null},"to":{"line":1,"ch":22,"sticky":null},"text":["u"],"removed":[""],"origin":"+input"}
2019-3-29 00:09:29.774#change#{"from":{"line":1,"ch":23,"sticky":null},"to":{"line":1,"ch":23,"sticky":null},"text":["s"],"removed":[""],"origin":"+input"}
2019-3-29 00:09:30.156#change#{"from":{"line":1,"ch":24,"sticky":null},"to":{"line":1,"ch":24,"sticky":null},"text":["t"],"removed":[""],"origin":"+input"}
2019-3-29 00:09:30.318#change#{"from":{"line":1,"ch":25,"sticky":null},"to":{"line":1,"ch":25,"sticky":null},"text":["i"],"removed":[""],"origin":"+input"}
2019-3-29 00:09:30.599#change#{"from":{"line":1,"ch":26,"sticky":null},"to":{"line":1,"ch":26,"sticky":null},"text":["v"],"removed":[""],"origin":"+input"}
2019-3-29 00:09:30.783#change#{"from":{"line":1,"ch":27,"sticky":null},"to":{"line":1,"ch":27,"sticky":null},"text":["e"],"removed":[""],"origin":"+input"}
2019-3-29 00:09:31.076#change#{"from":{"line":1,"ch":28,"sticky":null},"to":{"line":1,"ch":28,"sticky":null},"text":["l"],"removed":[""],"origin":"+input"}
2019-3-29 00:09:31.304#change#{"from":{"line":1,"ch":29,"sticky":null},"to":{"line":1,"ch":29,"sticky":null},"text":[" "],"removed":[""],"origin":"+input"}
2019-3-29 00:09:32.308#change#{"from":{"line":1,"ch":30,"sticky":null},"to":{"line":1,"ch":30,"sticky":null},"text":["g"],"removed":[""],"origin":"+input"}
2019-3-29 00:09:32.395#change#{"from":{"line":1,"ch":31,"sticky":null},"to":{"line":1,"ch":31,"sticky":null},"text":["a"],"removed":[""],"origin":"+input"}
2019-3-29 00:09:32.631#change#{"from":{"line":1,"ch":32,"sticky":null},"to":{"line":1,"ch":32,"sticky":null},"text":["s"],"removed":[""],"origin":"+input"}
2019-3-29 00:09:32.954#change#{"from":{"line":1,"ch":33,"sticky":null},"to":{"line":1,"ch":33,"sticky":null},"text":["t"],"removed":[""],"origin":"+input"}
2019-3-29 00:09:33.109#change#{"from":{"line":1,"ch":34,"sticky":null},"to":{"line":1,"ch":34,"sticky":null},"text":["o"],"removed":[""],"origin":"+input"}
2019-3-29 00:09:34.494#change#{"from":{"line":1,"ch":35,"sticky":null},"to":{"line":1,"ch":35,"sticky":null},"text":[" "],"removed":[""],"origin":"+input"}
2019-3-29 00:09:34.738#change#{"from":{"line":1,"ch":36,"sticky":null},"to":{"line":1,"ch":36,"sticky":null},"text":["e"],"removed":[""],"origin":"+input"}
2019-3-29 00:09:34.917#change#{"from":{"line":1,"ch":37,"sticky":null},"to":{"line":1,"ch":37,"sticky":null},"text":["m"],"removed":[""],"origin":"+input"}
2019-3-29 00:09:35.113#change#{"from":{"line":1,"ch":38,"sticky":null},"to":{"line":1,"ch":38,"sticky":null},"text":[" "],"removed":[""],"origin":"+input"}
2019-3-29 00:09:35.394#change#{"from":{"line":1,"ch":39,"sticky":null},"to":{"line":1,"ch":39,"sticky":null},"text":["l"],"removed":[""],"origin":"+input"}
2019-3-29 00:09:35.640#change#{"from":{"line":1,"ch":40,"sticky":null},"to":{"line":1,"ch":40,"sticky":null},"text":["i"],"removed":[""],"origin":"+input"}
2019-3-29 00:09:36.197#change#{"from":{"line":1,"ch":41,"sticky":null},"to":{"line":1,"ch":41,"sticky":null},"text":["t"],"removed":[""],"origin":"+input"}
2019-3-29 00:09:36.400#change#{"from":{"line":1,"ch":42,"sticky":null},"to":{"line":1,"ch":42,"sticky":null},"text":["r"],"removed":[""],"origin":"+input"}
2019-3-29 00:09:36.567#change#{"from":{"line":1,"ch":43,"sticky":null},"to":{"line":1,"ch":43,"sticky":null},"text":["o"],"removed":[""],"origin":"+input"}
2019-3-29 00:09:36.695#change#{"from":{"line":1,"ch":44,"sticky":null},"to":{"line":1,"ch":44,"sticky":null},"text":["s"],"removed":[""],"origin":"+input"}
2019-3-29 00:09:40.978#mousedown#{"isTrusted":true}
2019-3-29 00:09:41.564#change#{"from":{"line":0,"ch":27,"sticky":"before","xRel":-0.26666259765625},"to":{"line":0,"ch":27,"sticky":"before","xRel":-0.26666259765625},"text":[" "],"removed":[""],"origin":"+input"}
2019-3-29 00:09:41.915#change#{"from":{"line":0,"ch":28,"sticky":null},"to":{"line":0,"ch":28,"sticky":null},"text":["p"],"removed":[""],"origin":"+input"}
2019-3-29 00:09:42.121#change#{"from":{"line":0,"ch":29,"sticky":null},"to":{"line":0,"ch":29,"sticky":null},"text":["e"],"removed":[""],"origin":"+input"}
2019-3-29 00:09:42.363#change#{"from":{"line":0,"ch":30,"sticky":null},"to":{"line":0,"ch":30,"sticky":null},"text":["r"],"removed":[""],"origin":"+input"}
2019-3-29 00:09:42.653#change#{"from":{"line":0,"ch":31,"sticky":null},"to":{"line":0,"ch":31,"sticky":null},"text":["c"],"removed":[""],"origin":"+input"}
2019-3-29 00:09:42.924#change#{"from":{"line":0,"ch":32,"sticky":null},"to":{"line":0,"ch":32,"sticky":null},"text":["o"],"removed":[""],"origin":"+input"}
2019-3-29 00:09:43.160#change#{"from":{"line":0,"ch":33,"sticky":null},"to":{"line":0,"ch":33,"sticky":null},"text":["r"],"removed":[""],"origin":"+input"}
2019-3-29 00:09:43.318#change#{"from":{"line":0,"ch":34,"sticky":null},"to":{"line":0,"ch":34,"sticky":null},"text":["r"],"removed":[""],"origin":"+input"}
2019-3-29 00:09:43.506#change#{"from":{"line":0,"ch":35,"sticky":null},"to":{"line":0,"ch":35,"sticky":null},"text":["i"],"removed":[""],"origin":"+input"}
2019-3-29 00:09:43.622#change#{"from":{"line":0,"ch":36,"sticky":null},"to":{"line":0,"ch":36,"sticky":null},"text":["d"],"removed":[""],"origin":"+input"}
2019-3-29 00:09:43.878#change#{"from":{"line":0,"ch":37,"sticky":null},"to":{"line":0,"ch":37,"sticky":null},"text":["a"],"removed":[""],"origin":"+input"}
2019-3-29 00:09:46.532#mousedown#{"isTrusted":true}
2019-3-29 00:09:48.507#mousedown#{"isTrusted":true}
2019-3-29 00:09:52.683#blur#
