== TEST (2019-03-21 20:18:59) 
-- CODE:
valor1 = int(input("Qual a quantidade de jogos a serem encomendados?"))
valor2 = float(input("Qual o valor unitário de cada jogo?"))
valor3 = float(input("Qual o valor do frete?"))

total = float(valor1*valor2 + valor3)

print(total)
-- OUTPUT:
618.0
*-*-*-*-*-*-*-*-*-*-*-*-*-*-*-*-*-*-*-*-*-*-*-*
== TEST (2019-03-21 20:19:14) 
-- CODE:
valor1 = int(input("Qual a quantidade de jogos a serem encomendados?"))
valor2 = float(input("Qual o valor unitario de cada jogo?"))
valor3 = float(input("Qual o valor do frete?"))

total = float(valor1*valor2 + valor3)

print(total)
-- OUTPUT:
618.0
*-*-*-*-*-*-*-*-*-*-*-*-*-*-*-*-*-*-*-*-*-*-*-*
== SUBMITION (2019-03-21 20:19:33) 
-- CODE:
valor1 = int(input("Qual a quantidade de jogos a serem encomendados?"))
valor2 = float(input("Qual o valor unitario de cada jogo?"))
valor3 = float(input("Qual o valor do frete?"))

total = float(valor1*valor2 + valor3)

print(total)
-- EXECUTION TIME:
0.187283
-- TEST CASE 1:
---- input:
12
45.0
78.0
---- correct output:
618.0
---- user output:
618.0
-- TEST CASE 2:
---- input:
10
67.0
95.0
---- correct output:
765.0
---- user output:
765.0
-- TEST CASE 3:
---- input:
246
975.0
321.0
---- correct output:
240171.0
---- user output:
240171.0
-- GRADE:
100%
*-*-*-*-*-*-*-*-*-*-*-*-*-*-*-*-*-*-*-*-*-*-*-*
== SUBMITION (2019-03-21 20:20:03) 
-- CODE:
valor1 = int(input("Qual a quantidade de jogos a serem encomendados?"))
valor2 = float(input("Qual o valor unitario de cada jogo?"))
valor3 = float(input("Qual o valor do frete?"))

total = float(valor1*valor2 + valor3)

print(total)
-- EXECUTION TIME:
0.127201
-- TEST CASE 1:
---- input:
12
45.0
78.0
---- correct output:
618.0
---- user output:
618.0
-- TEST CASE 2:
---- input:
10
67.0
95.0
---- correct output:
765.0
---- user output:
765.0
-- TEST CASE 3:
---- input:
246
975.0
321.0
---- correct output:
240171.0
---- user output:
240171.0
-- GRADE:
100%
*-*-*-*-*-*-*-*-*-*-*-*-*-*-*-*-*-*-*-*-*-*-*-*
== SUBMITION (2019-03-21 20:20:53) 
-- CODE:
valor1 = int(input("Qual a quantidade de jogos a serem encomendados?"))
valor2 = float(input("Qual o valor unitario de cada jogo?"))
valor3 = float(input("Qual o valor do frete?"))

total = float(valor1*valor2 + valor3)

print(total)
-- EXECUTION TIME:
0.141841
-- TEST CASE 1:
---- input:
12
45.0
78.0
---- correct output:
618.0
---- user output:
618.0
-- TEST CASE 2:
---- input:
10
67.0
95.0
---- correct output:
765.0
---- user output:
765.0
-- TEST CASE 3:
---- input:
246
975.0
321.0
---- correct output:
240171.0
---- user output:
240171.0
-- GRADE:
100%
*-*-*-*-*-*-*-*-*-*-*-*-*-*-*-*-*-*-*-*-*-*-*-*
== SUBMITION (2019-03-21 20:22:49) 
-- CODE:
valor1 = int(input("Qual a quantidade de jogos a serem encomendados?"))
valor2 = float(input("Qual o valor unitario de cada jogo?"))
valor3 = float(input("Qual o valor do frete?"))

total = float(valor1*valor2 + valor3)

print(total)
-- EXECUTION TIME:
0.181951
-- TEST CASE 1:
---- input:
12
45.0
78.0
---- correct output:
618.0
---- user output:
618.0
-- TEST CASE 2:
---- input:
10
67.0
95.0
---- correct output:
765.0
---- user output:
765.0
-- TEST CASE 3:
---- input:
246
975.0
321.0
---- correct output:
240171.0
---- user output:
240171.0
-- GRADE:
100%
*-*-*-*-*-*-*-*-*-*-*-*-*-*-*-*-*-*-*-*-*-*-*-*
== TEST (2019-03-21 20:28:12) 
-- CODE:
valor_quant = int(input("Qual a quantidade de jogos a serem encomendados?"))
valor_jogo = float(input("Qual o valor unitario de cada jogo?"))
valor_frete = float(input("Qual o valor do frete?"))

total = float(valor_quant*valor_jogo + valor_frete)

print(total)
-- OUTPUT:
618.0
*-*-*-*-*-*-*-*-*-*-*-*-*-*-*-*-*-*-*-*-*-*-*-*
== SUBMITION (2019-03-21 20:28:15) 
-- CODE:
valor_quant = int(input("Qual a quantidade de jogos a serem encomendados?"))
valor_jogo = float(input("Qual o valor unitario de cada jogo?"))
valor_frete = float(input("Qual o valor do frete?"))

total = float(valor_quant*valor_jogo + valor_frete)

print(total)
-- EXECUTION TIME:
0.124895
-- TEST CASE 1:
---- input:
12
45.0
78.0
---- correct output:
618.0
---- user output:
618.0
-- TEST CASE 2:
---- input:
10
67.0
95.0
---- correct output:
765.0
---- user output:
765.0
-- TEST CASE 3:
---- input:
246
975.0
321.0
---- correct output:
240171.0
---- user output:
240171.0
-- GRADE:
100%
*-*-*-*-*-*-*-*-*-*-*-*-*-*-*-*-*-*-*-*-*-*-*-*
== SUBMITION (2019-03-24 15:40:27) 
-- CODE:
valor_quant = int(input("Qual a quantidade de jogos a serem encomendados?"))
valor_jogo = float(input("Qual o valor unitario de cada jogo?"))
valor_frete = float(input("Qual o valor do frete?"))

total = float(valor_quant*valor_jogo + valor_frete)

print(total)
-- EXECUTION TIME:
0.117794
-- TEST CASE 1:
---- input:
12
45.0
78.0
---- correct output:
618.0
---- user output:
618.0
-- TEST CASE 2:
---- input:
10
67.0
95.0
---- correct output:
765.0
---- user output:
765.0
-- TEST CASE 3:
---- input:
246
975.0
321.0
---- correct output:
240171.0
---- user output:
240171.0
-- GRADE:
100%
*-*-*-*-*-*-*-*-*-*-*-*-*-*-*-*-*-*-*-*-*-*-*-*
