2019-5-28 20:05:00.025#viewportChange#0
2019-5-28 20:05:00.937#mousedown#{"isTrusted":true}
2019-5-28 20:05:00.946#focus#
2019-5-28 20:05:01.934#change#{"from":{"line":1,"ch":65,"sticky":null,"xRel":1,"outside":true},"to":{"line":1,"ch":65,"sticky":null,"xRel":1,"outside":true},"text":["",""],"removed":[""],"origin":"+input"}
2019-5-28 20:05:01.934#keyHandled#"Enter"
2019-5-28 20:05:01.939#viewportChange#0
2019-5-28 20:05:33.652#change#{"from":{"line":2,"ch":0,"sticky":null},"to":{"line":2,"ch":0,"sticky":null},"text":["v"],"removed":[""],"origin":"+input"}
2019-5-28 20:05:33.891#change#{"from":{"line":2,"ch":1,"sticky":null},"to":{"line":2,"ch":1,"sticky":null},"text":["e"],"removed":[""],"origin":"+input"}
2019-5-28 20:05:34.571#change#{"from":{"line":2,"ch":2,"sticky":null},"to":{"line":2,"ch":2,"sticky":null},"text":["t"],"removed":[""],"origin":"+input"}
2019-5-28 20:05:35.609#change#{"from":{"line":2,"ch":3,"sticky":null},"to":{"line":2,"ch":3,"sticky":null},"text":["="],"removed":[""],"origin":"+input"}
2019-5-28 20:05:38.314#change#{"from":{"line":2,"ch":4,"sticky":null},"to":{"line":2,"ch":4,"sticky":null},"text":["a"],"removed":[""],"origin":"+input"}
2019-5-28 20:05:38.867#change#{"from":{"line":2,"ch":5,"sticky":null},"to":{"line":2,"ch":5,"sticky":null},"text":["r"],"removed":[""],"origin":"+input"}
2019-5-28 20:05:39.448#change#{"from":{"line":2,"ch":7,"sticky":null},"to":{"line":2,"ch":7,"sticky":null},"text":["a"],"removed":[""],"origin":"+input"}
2019-5-28 20:05:40.564#change#{"from":{"line":2,"ch":8,"sticky":null},"to":{"line":2,"ch":8,"sticky":null},"text":["y"],"removed":[""],"origin":"+input"}
2019-5-28 20:05:41.539#change#{"from":{"line":2,"ch":9,"sticky":null},"to":{"line":2,"ch":9,"sticky":null},"text":["()"],"removed":[""],"origin":"+input"}
2019-5-28 20:05:41.539#keyHandled#"'('"
2019-5-28 20:05:42.797#change#{"from":{"line":2,"ch":10,"sticky":"after"},"to":{"line":2,"ch":10,"sticky":"after"},"text":["e"],"removed":[""],"origin":"+input"}
2019-5-28 20:05:43.013#change#{"from":{"line":2,"ch":11,"sticky":null},"to":{"line":2,"ch":11,"sticky":null},"text":["v"],"removed":[""],"origin":"+input"}
2019-5-28 20:05:43.303#change#{"from":{"line":2,"ch":12,"sticky":null},"to":{"line":2,"ch":12,"sticky":null},"text":["a"],"removed":[""],"origin":"+input"}
2019-5-28 20:05:44.286#change#{"from":{"line":2,"ch":13,"sticky":null},"to":{"line":2,"ch":13,"sticky":null},"text":["."],"removed":[""],"origin":"+input"}
2019-5-28 20:05:44.312#change#{"from":{"line":2,"ch":14,"sticky":null},"to":{"line":2,"ch":14,"sticky":null},"text":["รง"],"removed":[""],"origin":"+input"}
2019-5-28 20:05:45.749#change#{"from":{"line":2,"ch":14,"sticky":"after"},"to":{"line":2,"ch":15,"sticky":null},"text":[""],"removed":["รง"],"origin":"+delete"}
2019-5-28 20:05:45.749#keyHandled#"Backspace"
2019-5-28 20:05:45.926#change#{"from":{"line":2,"ch":13,"sticky":"after"},"to":{"line":2,"ch":14,"sticky":null},"text":[""],"removed":["."],"origin":"+delete"}
2019-5-28 20:05:45.927#keyHandled#"Backspace"
2019-5-28 20:05:46.775#change#{"from":{"line":2,"ch":13,"sticky":null},"to":{"line":2,"ch":13,"sticky":null},"text":["l"],"removed":[""],"origin":"+input"}
2019-5-28 20:05:47.434#change#{"from":{"line":2,"ch":14,"sticky":null},"to":{"line":2,"ch":14,"sticky":null},"text":["()"],"removed":[""],"origin":"+input"}
2019-5-28 20:05:47.434#keyHandled#"'('"
2019-5-28 20:05:49.275#change#{"from":{"line":2,"ch":15,"sticky":"after"},"to":{"line":2,"ch":15,"sticky":"after"},"text":["i"],"removed":[""],"origin":"+input"}
2019-5-28 20:05:49.400#change#{"from":{"line":2,"ch":16,"sticky":null},"to":{"line":2,"ch":16,"sticky":null},"text":["n"],"removed":[""],"origin":"+input"}
2019-5-28 20:05:50.419#change#{"from":{"line":2,"ch":17,"sticky":null},"to":{"line":2,"ch":17,"sticky":null},"text":["p"],"removed":[""],"origin":"+input"}
2019-5-28 20:05:50.769#change#{"from":{"line":2,"ch":18,"sticky":null},"to":{"line":2,"ch":18,"sticky":null},"text":["u"],"removed":[""],"origin":"+input"}
2019-5-28 20:05:51.130#change#{"from":{"line":2,"ch":19,"sticky":null},"to":{"line":2,"ch":19,"sticky":null},"text":["t"],"removed":[""],"origin":"+input"}
2019-5-28 20:05:52.608#change#{"from":{"line":2,"ch":20,"sticky":null},"to":{"line":2,"ch":20,"sticky":null},"text":["()"],"removed":[""],"origin":"+input"}
2019-5-28 20:05:52.608#keyHandled#"'('"
2019-5-28 20:05:53.783#change#{"from":{"line":2,"ch":21,"sticky":"after"},"to":{"line":2,"ch":21,"sticky":"after"},"text":["\"\""],"removed":[""],"origin":"+input"}
2019-5-28 20:05:53.783#keyHandled#"'\"'"
2019-5-28 20:05:56.425#change#{"from":{"line":2,"ch":22,"sticky":"after"},"to":{"line":2,"ch":22,"sticky":"after"},"text":["v"],"removed":[""],"origin":"+input"}
2019-5-28 20:05:56.672#change#{"from":{"line":2,"ch":23,"sticky":null},"to":{"line":2,"ch":23,"sticky":null},"text":["e"],"removed":[""],"origin":"+input"}
2019-5-28 20:05:57.483#change#{"from":{"line":2,"ch":24,"sticky":null},"to":{"line":2,"ch":24,"sticky":null},"text":["t"],"removed":[""],"origin":"+input"}
2019-5-28 20:05:57.995#change#{"from":{"line":2,"ch":25,"sticky":null},"to":{"line":2,"ch":25,"sticky":null},"text":["o"],"removed":[""],"origin":"+input"}
2019-5-28 20:05:58.368#change#{"from":{"line":2,"ch":26,"sticky":null},"to":{"line":2,"ch":26,"sticky":null},"text":["r"],"removed":[""],"origin":"+input"}
2019-5-28 20:06:00.130#change#{"from":{"line":2,"ch":27,"sticky":null},"to":{"line":2,"ch":27,"sticky":null},"text":[":"],"removed":[""],"origin":"+input"}
2019-5-28 20:06:00.455#change#{"from":{"line":2,"ch":28,"sticky":null},"to":{"line":2,"ch":28,"sticky":null},"text":[" "],"removed":[""],"origin":"+input"}
2019-5-28 20:06:02.878#keyHandled#"Right"
2019-5-28 20:06:03.378#keyHandled#"Right"
2019-5-28 20:06:03.429#keyHandled#"Right"
2019-5-28 20:06:03.479#keyHandled#"Right"
2019-5-28 20:06:03.529#keyHandled#"Right"
2019-5-28 20:06:03.579#keyHandled#"Right"
2019-5-28 20:06:03.629#keyHandled#"Right"
2019-5-28 20:06:03.680#keyHandled#"Right"
2019-5-28 20:06:33.121#keyHandled#"Left"
2019-5-28 20:06:33.619#keyHandled#"Left"
2019-5-28 20:06:33.673#keyHandled#"Left"
2019-5-28 20:06:33.723#keyHandled#"Left"
2019-5-28 20:06:33.773#keyHandled#"Left"
2019-5-28 20:06:33.824#keyHandled#"Left"
2019-5-28 20:06:33.874#keyHandled#"Left"
2019-5-28 20:06:33.924#keyHandled#"Left"
2019-5-28 20:06:33.975#keyHandled#"Left"
2019-5-28 20:06:34.024#keyHandled#"Left"
2019-5-28 20:06:34.075#keyHandled#"Left"
2019-5-28 20:06:34.125#keyHandled#"Left"
2019-5-28 20:06:34.175#keyHandled#"Left"
2019-5-28 20:06:34.226#keyHandled#"Left"
2019-5-28 20:06:34.277#keyHandled#"Left"
2019-5-28 20:06:34.327#keyHandled#"Left"
2019-5-28 20:06:34.377#keyHandled#"Left"
2019-5-28 20:06:34.427#keyHandled#"Left"
2019-5-28 20:06:34.477#keyHandled#"Left"
2019-5-28 20:06:34.527#keyHandled#"Left"
2019-5-28 20:06:34.577#keyHandled#"Left"
2019-5-28 20:06:34.627#keyHandled#"Left"
2019-5-28 20:06:34.679#keyHandled#"Left"
2019-5-28 20:06:34.729#keyHandled#"Left"
2019-5-28 20:06:34.779#keyHandled#"Left"
2019-5-28 20:06:34.829#keyHandled#"Left"
2019-5-28 20:06:34.880#keyHandled#"Left"
2019-5-28 20:06:34.929#keyHandled#"Left"
2019-5-28 20:06:34.979#keyHandled#"Left"
2019-5-28 20:06:35.177#keyHandled#"Left"
2019-5-28 20:06:35.383#keyHandled#"Left"
2019-5-28 20:06:35.577#keyHandled#"Left"
2019-5-28 20:06:35.813#keyHandled#"Left"
2019-5-28 20:06:36.368#change#{"from":{"line":2,"ch":0,"sticky":"after"},"to":{"line":2,"ch":0,"sticky":"after"},"text":["",""],"removed":[""],"origin":"+input"}
2019-5-28 20:06:36.368#keyHandled#"Enter"
2019-5-28 20:06:36.374#viewportChange#0
2019-5-28 20:06:36.623#keyHandled#"Up"
2019-5-28 20:06:38.025#change#{"from":{"line":2,"ch":0,"sticky":"after","xRel":-0.234375},"to":{"line":2,"ch":0,"sticky":"after","xRel":-0.234375},"text":["f"],"removed":[""],"origin":"+input"}
2019-5-28 20:06:38.261#change#{"from":{"line":2,"ch":1,"sticky":null},"to":{"line":2,"ch":1,"sticky":null},"text":["r"],"removed":[""],"origin":"+input"}
2019-5-28 20:06:38.429#change#{"from":{"line":2,"ch":2,"sticky":null},"to":{"line":2,"ch":2,"sticky":null},"text":["o"],"removed":[""],"origin":"+input"}
2019-5-28 20:06:38.647#change#{"from":{"line":2,"ch":3,"sticky":null},"to":{"line":2,"ch":3,"sticky":null},"text":["m"],"removed":[""],"origin":"+input"}
2019-5-28 20:06:39.592#change#{"from":{"line":2,"ch":5,"sticky":null},"to":{"line":2,"ch":5,"sticky":null},"text":["n"],"removed":[""],"origin":"+input"}
2019-5-28 20:06:39.903#change#{"from":{"line":2,"ch":6,"sticky":null},"to":{"line":2,"ch":6,"sticky":null},"text":["u"],"removed":[""],"origin":"+input"}
2019-5-28 20:06:44.387#change#{"from":{"line":2,"ch":7,"sticky":null},"to":{"line":2,"ch":7,"sticky":null},"text":["m"],"removed":[""],"origin":"+input"}
2019-5-28 20:06:44.729#change#{"from":{"line":2,"ch":8,"sticky":null},"to":{"line":2,"ch":8,"sticky":null},"text":["p"],"removed":[""],"origin":"+input"}
2019-5-28 20:06:45.103#change#{"from":{"line":2,"ch":9,"sticky":null},"to":{"line":2,"ch":9,"sticky":null},"text":["y"],"removed":[""],"origin":"+input"}
2019-5-28 20:06:45.359#change#{"from":{"line":2,"ch":10,"sticky":null},"to":{"line":2,"ch":10,"sticky":null},"text":[" "],"removed":[""],"origin":"+input"}
2019-5-28 20:06:49.035#change#{"from":{"line":2,"ch":11,"sticky":null},"to":{"line":2,"ch":11,"sticky":null},"text":["i"],"removed":[""],"origin":"+input"}
2019-5-28 20:06:49.288#change#{"from":{"line":2,"ch":12,"sticky":null},"to":{"line":2,"ch":12,"sticky":null},"text":["m"],"removed":[""],"origin":"+input"}
2019-5-28 20:06:49.516#change#{"from":{"line":2,"ch":13,"sticky":null},"to":{"line":2,"ch":13,"sticky":null},"text":["p"],"removed":[""],"origin":"+input"}
2019-5-28 20:06:49.699#change#{"from":{"line":2,"ch":14,"sticky":null},"to":{"line":2,"ch":14,"sticky":null},"text":["o"],"removed":[""],"origin":"+input"}
2019-5-28 20:06:50.076#change#{"from":{"line":2,"ch":15,"sticky":null},"to":{"line":2,"ch":15,"sticky":null},"text":["r"],"removed":[""],"origin":"+input"}
2019-5-28 20:06:50.276#change#{"from":{"line":2,"ch":16,"sticky":null},"to":{"line":2,"ch":16,"sticky":null},"text":["t"],"removed":[""],"origin":"+input"}
2019-5-28 20:06:52.910#change#{"from":{"line":2,"ch":17,"sticky":null},"to":{"line":2,"ch":17,"sticky":null},"text":["*"],"removed":[""],"origin":"+input"}
2019-5-28 20:07:26.799#keyHandled#"Down"
2019-5-28 20:07:27.255#keyHandled#"Right"
2019-5-28 20:07:27.753#keyHandled#"Right"
2019-5-28 20:07:27.803#keyHandled#"Right"
2019-5-28 20:07:27.853#keyHandled#"Right"
2019-5-28 20:07:27.904#keyHandled#"Right"
2019-5-28 20:07:27.955#keyHandled#"Right"
2019-5-28 20:07:28.005#keyHandled#"Right"
2019-5-28 20:07:28.056#keyHandled#"Right"
2019-5-28 20:07:28.105#keyHandled#"Right"
2019-5-28 20:07:28.156#keyHandled#"Right"
2019-5-28 20:07:28.206#keyHandled#"Right"
2019-5-28 20:07:28.257#keyHandled#"Right"
2019-5-28 20:07:28.309#keyHandled#"Right"
2019-5-28 20:07:28.360#keyHandled#"Right"
2019-5-28 20:07:28.411#keyHandled#"Right"
2019-5-28 20:07:28.460#keyHandled#"Right"
2019-5-28 20:07:28.510#keyHandled#"Right"
2019-5-28 20:07:28.561#keyHandled#"Right"
2019-5-28 20:07:30.186#change#{"from":{"line":3,"ch":33,"sticky":"before","hitSide":true},"to":{"line":3,"ch":33,"sticky":"before","hitSide":true},"text":["",""],"removed":[""],"origin":"+input"}
2019-5-28 20:07:30.186#keyHandled#"Enter"
2019-5-28 20:07:30.193#viewportChange#0
2019-5-28 20:07:53.750#keyHandled#"Down"
2019-5-28 20:08:27.301#change#{"from":{"line":4,"ch":0,"sticky":null},"to":{"line":4,"ch":0,"sticky":null},"text":["a"],"removed":[""],"origin":"+input"}
2019-5-28 20:08:28.005#change#{"from":{"line":4,"ch":1,"sticky":null},"to":{"line":4,"ch":1,"sticky":null},"text":["m"],"removed":[""],"origin":"+input"}
2019-5-28 20:08:28.490#change#{"from":{"line":4,"ch":2,"sticky":null},"to":{"line":4,"ch":2,"sticky":null},"text":["o"],"removed":[""],"origin":"+input"}
2019-5-28 20:08:28.802#change#{"from":{"line":4,"ch":3,"sticky":null},"to":{"line":4,"ch":3,"sticky":null},"text":["u"],"removed":[""],"origin":"+input"}
2019-5-28 20:08:28.971#change#{"from":{"line":4,"ch":4,"sticky":null},"to":{"line":4,"ch":4,"sticky":null},"text":["n"],"removed":[""],"origin":"+input"}
2019-5-28 20:08:29.219#change#{"from":{"line":4,"ch":5,"sticky":null},"to":{"line":4,"ch":5,"sticky":null},"text":["t"],"removed":[""],"origin":"+input"}
2019-5-28 20:08:30.464#change#{"from":{"line":4,"ch":6,"sticky":null},"to":{"line":4,"ch":6,"sticky":null},"text":["="],"removed":[""],"origin":"+input"}
2019-5-28 20:08:31.182#change#{"from":{"line":4,"ch":7,"sticky":null},"to":{"line":4,"ch":7,"sticky":null},"text":[" "],"removed":[""],"origin":"+input"}
2019-5-28 20:08:31.904#keyHandled#"Left"
2019-5-28 20:08:32.096#keyHandled#"Left"
2019-5-28 20:08:32.592#change#{"from":{"line":4,"ch":6,"sticky":"after"},"to":{"line":4,"ch":6,"sticky":"after"},"text":[" "],"removed":[""],"origin":"+input"}
2019-5-28 20:08:33.193#keyHandled#"Right"
2019-5-28 20:08:33.368#keyHandled#"Right"
2019-5-28 20:08:33.534#keyHandled#"Right"
2019-5-28 20:08:51.413#change#{"from":{"line":4,"ch":9,"sticky":"before","hitSide":true},"to":{"line":4,"ch":9,"sticky":"before","hitSide":true},"text":["s"],"removed":[""],"origin":"+input"}
2019-5-28 20:08:52.188#change#{"from":{"line":4,"ch":10,"sticky":null},"to":{"line":4,"ch":10,"sticky":null},"text":["i"],"removed":[""],"origin":"+input"}
2019-5-28 20:08:53.097#change#{"from":{"line":4,"ch":11,"sticky":null},"to":{"line":4,"ch":11,"sticky":null},"text":["x"],"removed":[""],"origin":"+input"}
2019-5-28 20:08:53.938#change#{"from":{"line":4,"ch":11,"sticky":"after"},"to":{"line":4,"ch":12,"sticky":null},"text":[""],"removed":["x"],"origin":"+delete"}
2019-5-28 20:08:53.938#keyHandled#"Backspace"
2019-5-28 20:08:54.602#change#{"from":{"line":4,"ch":11,"sticky":null},"to":{"line":4,"ch":11,"sticky":null},"text":["z"],"removed":[""],"origin":"+input"}
2019-5-28 20:08:54.784#change#{"from":{"line":4,"ch":12,"sticky":null},"to":{"line":4,"ch":12,"sticky":null},"text":["e"],"removed":[""],"origin":"+input"}
2019-5-28 20:08:55.966#change#{"from":{"line":4,"ch":13,"sticky":null},"to":{"line":4,"ch":13,"sticky":null},"text":["",""],"removed":[""],"origin":"+input"}
2019-5-28 20:08:55.966#keyHandled#"Enter"
2019-5-28 20:08:55.972#viewportChange#0
2019-5-28 20:08:56.157#change#{"from":{"line":5,"ch":0,"sticky":null},"to":{"line":5,"ch":0,"sticky":null},"text":["9"],"removed":[""],"origin":"+input"}
2019-5-28 20:08:57.420#change#{"from":{"line":5,"ch":0,"sticky":"after"},"to":{"line":5,"ch":1,"sticky":null},"text":[""],"removed":["9"],"origin":"+delete"}
2019-5-28 20:08:57.420#keyHandled#"Backspace"
2019-5-28 20:08:57.679#change#{"from":{"line":4,"ch":13,"sticky":"before"},"to":{"line":5,"ch":0,"sticky":null},"text":[""],"removed":["",""],"origin":"+delete"}
2019-5-28 20:08:57.679#keyHandled#"Backspace"
2019-5-28 20:08:57.684#viewportChange#0
2019-5-28 20:08:58.911#change#{"from":{"line":4,"ch":13,"sticky":null},"to":{"line":4,"ch":13,"sticky":null},"text":["()"],"removed":[""],"origin":"+input"}
2019-5-28 20:08:58.911#keyHandled#"'('"
2019-5-28 20:09:06.438#change#{"from":{"line":4,"ch":14,"sticky":"after"},"to":{"line":4,"ch":14,"sticky":"after"},"text":["v"],"removed":[""],"origin":"+input"}
2019-5-28 20:09:06.977#change#{"from":{"line":4,"ch":15,"sticky":null},"to":{"line":4,"ch":15,"sticky":null},"text":["e"],"removed":[""],"origin":"+input"}
2019-5-28 20:09:07.465#change#{"from":{"line":4,"ch":16,"sticky":null},"to":{"line":4,"ch":16,"sticky":null},"text":["t"],"removed":[""],"origin":"+input"}
2019-5-28 20:09:08.390#keyHandled#"Right"
2019-5-28 20:09:09.470#change#{"from":{"line":4,"ch":18,"sticky":"before"},"to":{"line":4,"ch":18,"sticky":"before"},"text":["",""],"removed":[""],"origin":"+input"}
2019-5-28 20:09:09.470#keyHandled#"Enter"
2019-5-28 20:09:09.478#viewportChange#0
2019-5-28 20:09:20.787#change#{"from":{"line":5,"ch":0,"sticky":null},"to":{"line":5,"ch":0,"sticky":null},"text":["p"],"removed":[""],"origin":"+input"}
2019-5-28 20:09:21.226#change#{"from":{"line":5,"ch":1,"sticky":null},"to":{"line":5,"ch":1,"sticky":null},"text":["r"],"removed":[""],"origin":"+input"}
2019-5-28 20:09:22.237#change#{"from":{"line":5,"ch":2,"sticky":null},"to":{"line":5,"ch":2,"sticky":null},"text":["i"],"removed":[""],"origin":"+input"}
2019-5-28 20:09:22.450#change#{"from":{"line":5,"ch":3,"sticky":null},"to":{"line":5,"ch":3,"sticky":null},"text":["m"],"removed":[""],"origin":"+input"}
2019-5-28 20:09:22.928#change#{"from":{"line":5,"ch":4,"sticky":null},"to":{"line":5,"ch":4,"sticky":null},"text":["e"],"removed":[""],"origin":"+input"}
2019-5-28 20:09:23.513#change#{"from":{"line":5,"ch":5,"sticky":null},"to":{"line":5,"ch":5,"sticky":null},"text":["i"],"removed":[""],"origin":"+input"}
2019-5-28 20:09:23.851#change#{"from":{"line":5,"ch":6,"sticky":null},"to":{"line":5,"ch":6,"sticky":null},"text":["r"],"removed":[""],"origin":"+input"}
2019-5-28 20:09:24.480#change#{"from":{"line":5,"ch":7,"sticky":null},"to":{"line":5,"ch":7,"sticky":null},"text":["o"],"removed":[""],"origin":"+input"}
2019-5-28 20:09:26.024#change#{"from":{"line":5,"ch":8,"sticky":null},"to":{"line":5,"ch":8,"sticky":null},"text":[" "],"removed":[""],"origin":"+input"}
2019-5-28 20:09:26.618#change#{"from":{"line":5,"ch":9,"sticky":null},"to":{"line":5,"ch":9,"sticky":null},"text":["="],"removed":[""],"origin":"+input"}
2019-5-28 20:09:27.086#change#{"from":{"line":5,"ch":10,"sticky":null},"to":{"line":5,"ch":10,"sticky":null},"text":[" "],"removed":[""],"origin":"+input"}
2019-5-28 20:09:37.160#change#{"from":{"line":5,"ch":11,"sticky":null},"to":{"line":5,"ch":11,"sticky":null},"text":["v"],"removed":[""],"origin":"+input"}
2019-5-28 20:09:37.470#change#{"from":{"line":5,"ch":12,"sticky":null},"to":{"line":5,"ch":12,"sticky":null},"text":["e"],"removed":[""],"origin":"+input"}
2019-5-28 20:09:37.947#change#{"from":{"line":5,"ch":13,"sticky":null},"to":{"line":5,"ch":13,"sticky":null},"text":["t"],"removed":[""],"origin":"+input"}
2019-5-28 20:09:39.341#change#{"from":{"line":5,"ch":14,"sticky":null},"to":{"line":5,"ch":14,"sticky":null},"text":["[]"],"removed":[""],"origin":"+input"}
2019-5-28 20:09:39.341#keyHandled#"'['"
2019-5-28 20:09:39.873#keyHandled#"']'"
2019-5-28 20:09:41.092#keyHandled#"Left"
2019-5-28 20:09:41.823#change#{"from":{"line":5,"ch":15,"sticky":"after"},"to":{"line":5,"ch":15,"sticky":"after"},"text":["0"],"removed":[""],"origin":"+input"}
2019-5-28 20:10:00.152#keyHandled#"Right"
2019-5-28 20:10:01.618#change#{"from":{"line":5,"ch":17,"sticky":"before"},"to":{"line":5,"ch":17,"sticky":"before"},"text":["",""],"removed":[""],"origin":"+input"}
2019-5-28 20:10:01.618#keyHandled#"Enter"
2019-5-28 20:10:01.624#viewportChange#0
2019-5-28 20:10:04.153#change#{"from":{"line":6,"ch":0,"sticky":null},"to":{"line":6,"ch":0,"sticky":null},"text":["u"],"removed":[""],"origin":"+input"}
2019-5-28 20:10:04.692#change#{"from":{"line":6,"ch":1,"sticky":null},"to":{"line":6,"ch":1,"sticky":null},"text":["รง"],"removed":[""],"origin":"+input"}
2019-5-28 20:10:05.929#change#{"from":{"line":6,"ch":1,"sticky":"after"},"to":{"line":6,"ch":2,"sticky":null},"text":[""],"removed":["รง"],"origin":"+delete"}
2019-5-28 20:10:05.929#keyHandled#"Backspace"
2019-5-28 20:10:06.332#change#{"from":{"line":6,"ch":1,"sticky":null},"to":{"line":6,"ch":1,"sticky":null},"text":["l"],"removed":[""],"origin":"+input"}
2019-5-28 20:10:06.652#change#{"from":{"line":6,"ch":2,"sticky":null},"to":{"line":6,"ch":2,"sticky":null},"text":["t"],"removed":[""],"origin":"+input"}
2019-5-28 20:10:08.069#change#{"from":{"line":6,"ch":3,"sticky":null},"to":{"line":6,"ch":3,"sticky":null},"text":["="],"removed":[""],"origin":"+input"}
2019-5-28 20:10:09.028#change#{"from":{"line":6,"ch":4,"sticky":null},"to":{"line":6,"ch":4,"sticky":null},"text":[" "],"removed":[""],"origin":"+input"}
2019-5-28 20:10:14.351#change#{"from":{"line":6,"ch":5,"sticky":null},"to":{"line":6,"ch":5,"sticky":null},"text":["v"],"removed":[""],"origin":"+input"}
2019-5-28 20:10:14.514#change#{"from":{"line":6,"ch":6,"sticky":null},"to":{"line":6,"ch":6,"sticky":null},"text":["e"],"removed":[""],"origin":"+input"}
2019-5-28 20:10:15.044#change#{"from":{"line":6,"ch":7,"sticky":null},"to":{"line":6,"ch":7,"sticky":null},"text":["t"],"removed":[""],"origin":"+input"}
2019-5-28 20:10:16.417#change#{"from":{"line":6,"ch":8,"sticky":null},"to":{"line":6,"ch":8,"sticky":null},"text":["[]"],"removed":[""],"origin":"+input"}
2019-5-28 20:10:16.417#keyHandled#"'['"
2019-5-28 20:10:16.571#keyHandled#"']'"
2019-5-28 20:10:17.184#keyHandled#"Left"
2019-5-28 20:10:31.797#change#{"from":{"line":6,"ch":9,"sticky":"after"},"to":{"line":6,"ch":9,"sticky":"after"},"text":["-"],"removed":[""],"origin":"+input"}
2019-5-28 20:10:31.891#change#{"from":{"line":6,"ch":10,"sticky":null},"to":{"line":6,"ch":10,"sticky":null},"text":["1"],"removed":[""],"origin":"+input"}
2019-5-28 20:10:33.393#keyHandled#"Right"
2019-5-28 20:10:34.141#change#{"from":{"line":6,"ch":12,"sticky":"before"},"to":{"line":6,"ch":12,"sticky":"before"},"text":["",""],"removed":[""],"origin":"+input"}
2019-5-28 20:10:34.141#keyHandled#"Enter"
2019-5-28 20:10:34.148#viewportChange#0
2019-5-28 20:10:46.558#change#{"from":{"line":7,"ch":0,"sticky":null},"to":{"line":7,"ch":0,"sticky":null},"text":["2"],"removed":[""],"origin":"+input"}
2019-5-28 20:10:46.685#change#{"from":{"line":7,"ch":1,"sticky":null},"to":{"line":7,"ch":1,"sticky":null},"text":["0"],"removed":[""],"origin":"+input"}
2019-5-28 20:10:47.276#change#{"from":{"line":7,"ch":2,"sticky":null},"to":{"line":7,"ch":2,"sticky":null},"text":[" "],"removed":[""],"origin":"+input"}
2019-5-28 20:10:48.164#change#{"from":{"line":7,"ch":3,"sticky":null},"to":{"line":7,"ch":3,"sticky":null},"text":["1"],"removed":[""],"origin":"+input"}
2019-5-28 20:10:48.302#change#{"from":{"line":7,"ch":4,"sticky":null},"to":{"line":7,"ch":4,"sticky":null},"text":["0"],"removed":[""],"origin":"+input"}
2019-5-28 20:10:48.735#change#{"from":{"line":7,"ch":5,"sticky":null},"to":{"line":7,"ch":5,"sticky":null},"text":[" "],"removed":[""],"origin":"+input"}
2019-5-28 20:10:49.340#change#{"from":{"line":7,"ch":6,"sticky":null},"to":{"line":7,"ch":6,"sticky":null},"text":["3"],"removed":[""],"origin":"+input"}
2019-5-28 20:10:49.439#change#{"from":{"line":7,"ch":7,"sticky":null},"to":{"line":7,"ch":7,"sticky":null},"text":["0"],"removed":[""],"origin":"+input"}
2019-5-28 20:10:49.851#change#{"from":{"line":7,"ch":8,"sticky":null},"to":{"line":7,"ch":8,"sticky":null},"text":[" "],"removed":[""],"origin":"+input"}
2019-5-28 20:10:50.532#change#{"from":{"line":7,"ch":9,"sticky":null},"to":{"line":7,"ch":9,"sticky":null},"text":["5"],"removed":[""],"origin":"+input"}
2019-5-28 20:10:50.621#change#{"from":{"line":7,"ch":10,"sticky":null},"to":{"line":7,"ch":10,"sticky":null},"text":["0"],"removed":[""],"origin":"+input"}
2019-5-28 20:10:51.021#change#{"from":{"line":7,"ch":11,"sticky":null},"to":{"line":7,"ch":11,"sticky":null},"text":[" "],"removed":[""],"origin":"+input"}
2019-5-28 20:10:52.014#change#{"from":{"line":7,"ch":12,"sticky":null},"to":{"line":7,"ch":12,"sticky":null},"text":[" "],"removed":[""],"origin":"+input"}
2019-5-28 20:10:52.590#change#{"from":{"line":7,"ch":13,"sticky":null},"to":{"line":7,"ch":13,"sticky":null},"text":["4"],"removed":[""],"origin":"+input"}
2019-5-28 20:10:52.682#change#{"from":{"line":7,"ch":14,"sticky":null},"to":{"line":7,"ch":14,"sticky":null},"text":["0"],"removed":[""],"origin":"+input"}
2019-5-28 20:10:53.491#keyHandled#"Left"
2019-5-28 20:10:53.727#keyHandled#"Left"
2019-5-28 20:10:53.924#keyHandled#"Left"
2019-5-28 20:10:54.424#keyHandled#"Left"
2019-5-28 20:10:54.474#keyHandled#"Left"
2019-5-28 20:10:54.524#keyHandled#"Left"
2019-5-28 20:10:54.577#keyHandled#"Left"
2019-5-28 20:10:54.627#keyHandled#"Left"
2019-5-28 20:10:54.677#keyHandled#"Left"
2019-5-28 20:10:54.727#keyHandled#"Left"
2019-5-28 20:10:54.777#keyHandled#"Left"
2019-5-28 20:10:54.827#keyHandled#"Left"
2019-5-28 20:10:54.877#keyHandled#"Left"
2019-5-28 20:10:54.928#keyHandled#"Left"
2019-5-28 20:10:54.977#keyHandled#"Left"
2019-5-28 20:10:55.379#keyHandled#"Right"
2019-5-28 20:10:56.820#keyHandled#"Right"
2019-5-28 20:10:57.319#keyHandled#"Right"
2019-5-28 20:10:57.370#keyHandled#"Right"
2019-5-28 20:10:57.420#keyHandled#"Right"
2019-5-28 20:10:57.470#keyHandled#"Right"
2019-5-28 20:10:57.520#keyHandled#"Right"
2019-5-28 20:10:57.570#keyHandled#"Right"
2019-5-28 20:10:57.620#keyHandled#"Right"
2019-5-28 20:10:57.670#keyHandled#"Right"
2019-5-28 20:10:57.720#keyHandled#"Right"
2019-5-28 20:10:57.772#keyHandled#"Right"
2019-5-28 20:10:57.925#keyHandled#"Right"
2019-5-28 20:10:58.125#keyHandled#"Right"
2019-5-28 20:10:58.349#keyHandled#"Right"
2019-5-28 20:10:58.806#change#{"from":{"line":7,"ch":15,"sticky":"before"},"to":{"line":7,"ch":15,"sticky":"before"},"text":["",""],"removed":[""],"origin":"+input"}
2019-5-28 20:10:58.806#keyHandled#"Enter"
2019-5-28 20:10:58.815#viewportChange#0
2019-5-28 20:11:18.664#keyHandled#"Up"
2019-5-28 20:11:18.935#keyHandled#"Right"
2019-5-28 20:11:19.141#keyHandled#"Up"
2019-5-28 20:11:19.443#keyHandled#"Right"
2019-5-28 20:11:19.943#keyHandled#"Right"
2019-5-28 20:11:19.994#keyHandled#"Right"
2019-5-28 20:11:20.044#keyHandled#"Right"
2019-5-28 20:11:20.094#keyHandled#"Right"
2019-5-28 20:11:20.311#keyHandled#"Right"
2019-5-28 20:11:20.544#keyHandled#"Right"
2019-5-28 20:11:21.336#keyHandled#"Right"
2019-5-28 20:11:21.551#keyHandled#"Right"
2019-5-28 20:11:21.741#keyHandled#"Right"
2019-5-28 20:11:21.965#keyHandled#"Right"
2019-5-28 20:11:25.416#keyHandled#"Down"
2019-5-28 20:11:25.779#keyHandled#"Right"
2019-5-28 20:11:26.492#change#{"from":{"line":7,"ch":12,"sticky":"after"},"to":{"line":7,"ch":13,"sticky":"before"},"text":[""],"removed":[" "],"origin":"+delete"}
2019-5-28 20:11:26.492#keyHandled#"Backspace"
2019-5-28 20:11:27.434#keyHandled#"Right"
2019-5-28 20:11:27.645#keyHandled#"Right"
2019-5-28 20:11:28.318#change#{"from":{"line":7,"ch":13,"sticky":"after"},"to":{"line":7,"ch":14,"sticky":"before"},"text":[""],"removed":["0"],"origin":"+delete"}
2019-5-28 20:11:28.318#keyHandled#"Backspace"
2019-5-28 20:11:28.515#change#{"from":{"line":7,"ch":12,"sticky":"after"},"to":{"line":7,"ch":13,"sticky":null},"text":[""],"removed":["4"],"origin":"+delete"}
2019-5-28 20:11:28.515#keyHandled#"Backspace"
2019-5-28 20:11:28.695#change#{"from":{"line":7,"ch":11,"sticky":"after"},"to":{"line":7,"ch":12,"sticky":null},"text":[""],"removed":[" "],"origin":"+delete"}
2019-5-28 20:11:28.696#keyHandled#"Backspace"
2019-5-28 20:11:29.196#change#{"from":{"line":7,"ch":10,"sticky":"after"},"to":{"line":7,"ch":11,"sticky":null},"text":[""],"removed":["0"],"origin":"+delete"}
2019-5-28 20:11:29.196#keyHandled#"Backspace"
2019-5-28 20:11:29.247#change#{"from":{"line":7,"ch":9,"sticky":"after"},"to":{"line":7,"ch":10,"sticky":null},"text":[""],"removed":["5"],"origin":"+delete"}
2019-5-28 20:11:29.247#keyHandled#"Backspace"
2019-5-28 20:11:29.296#change#{"from":{"line":7,"ch":8,"sticky":"after"},"to":{"line":7,"ch":9,"sticky":null},"text":[""],"removed":[" "],"origin":"+delete"}
2019-5-28 20:11:29.296#keyHandled#"Backspace"
2019-5-28 20:11:29.346#change#{"from":{"line":7,"ch":7,"sticky":"after"},"to":{"line":7,"ch":8,"sticky":null},"text":[""],"removed":["0"],"origin":"+delete"}
2019-5-28 20:11:29.346#keyHandled#"Backspace"
2019-5-28 20:11:29.397#change#{"from":{"line":7,"ch":6,"sticky":"after"},"to":{"line":7,"ch":7,"sticky":null},"text":[""],"removed":["3"],"origin":"+delete"}
2019-5-28 20:11:29.397#keyHandled#"Backspace"
2019-5-28 20:11:29.447#change#{"from":{"line":7,"ch":5,"sticky":"after"},"to":{"line":7,"ch":6,"sticky":null},"text":[""],"removed":[" "],"origin":"+delete"}
2019-5-28 20:11:29.447#keyHandled#"Backspace"
2019-5-28 20:11:29.498#change#{"from":{"line":7,"ch":4,"sticky":"after"},"to":{"line":7,"ch":5,"sticky":null},"text":[""],"removed":["0"],"origin":"+delete"}
2019-5-28 20:11:29.498#keyHandled#"Backspace"
2019-5-28 20:11:29.645#change#{"from":{"line":7,"ch":3,"sticky":"after"},"to":{"line":7,"ch":4,"sticky":null},"text":[""],"removed":["1"],"origin":"+delete"}
2019-5-28 20:11:29.645#keyHandled#"Backspace"
2019-5-28 20:11:29.858#change#{"from":{"line":7,"ch":2,"sticky":"after"},"to":{"line":7,"ch":3,"sticky":null},"text":[""],"removed":[" "],"origin":"+delete"}
2019-5-28 20:11:29.859#keyHandled#"Backspace"
2019-5-28 20:11:30.043#change#{"from":{"line":7,"ch":1,"sticky":"after"},"to":{"line":7,"ch":2,"sticky":null},"text":[""],"removed":["0"],"origin":"+delete"}
2019-5-28 20:11:30.043#keyHandled#"Backspace"
2019-5-28 20:11:30.667#change#{"from":{"line":7,"ch":0,"sticky":"after"},"to":{"line":7,"ch":1,"sticky":null},"text":[""],"removed":["2"],"origin":"+delete"}
2019-5-28 20:11:30.667#keyHandled#"Backspace"
2019-5-28 20:11:35.226#change#{"from":{"line":7,"ch":0,"sticky":null},"to":{"line":7,"ch":0,"sticky":null},"text":["m"],"removed":[""],"origin":"+input"}
2019-5-28 20:11:35.802#change#{"from":{"line":7,"ch":1,"sticky":null},"to":{"line":7,"ch":1,"sticky":null},"text":["a"],"removed":[""],"origin":"+input"}
2019-5-28 20:11:36.697#change#{"from":{"line":7,"ch":2,"sticky":null},"to":{"line":7,"ch":2,"sticky":null},"text":["i"],"removed":[""],"origin":"+input"}
2019-5-28 20:11:36.930#change#{"from":{"line":7,"ch":3,"sticky":null},"to":{"line":7,"ch":3,"sticky":null},"text":["o"],"removed":[""],"origin":"+input"}
2019-5-28 20:11:37.377#change#{"from":{"line":7,"ch":4,"sticky":null},"to":{"line":7,"ch":4,"sticky":null},"text":["r"],"removed":[""],"origin":"+input"}
2019-5-28 20:11:38.390#change#{"from":{"line":7,"ch":5,"sticky":null},"to":{"line":7,"ch":5,"sticky":null},"text":[" "],"removed":[""],"origin":"+input"}
2019-5-28 20:11:38.934#change#{"from":{"line":7,"ch":6,"sticky":null},"to":{"line":7,"ch":6,"sticky":null},"text":["="],"removed":[""],"origin":"+input"}
2019-5-28 20:11:39.494#change#{"from":{"line":7,"ch":7,"sticky":null},"to":{"line":7,"ch":7,"sticky":null},"text":[" "],"removed":[""],"origin":"+input"}
2019-5-28 20:11:47.191#change#{"from":{"line":7,"ch":8,"sticky":null},"to":{"line":7,"ch":8,"sticky":null},"text":["m"],"removed":[""],"origin":"+input"}
2019-5-28 20:11:47.747#change#{"from":{"line":7,"ch":9,"sticky":null},"to":{"line":7,"ch":9,"sticky":null},"text":["a"],"removed":[""],"origin":"+input"}
2019-5-28 20:11:47.957#change#{"from":{"line":7,"ch":10,"sticky":null},"to":{"line":7,"ch":10,"sticky":null},"text":["x"],"removed":[""],"origin":"+input"}
2019-5-28 20:11:52.890#change#{"from":{"line":7,"ch":11,"sticky":null},"to":{"line":7,"ch":11,"sticky":null},"text":["()"],"removed":[""],"origin":"+input"}
2019-5-28 20:11:52.890#keyHandled#"'('"
2019-5-28 20:11:54.107#change#{"from":{"line":7,"ch":12,"sticky":"after"},"to":{"line":7,"ch":12,"sticky":"after"},"text":["v"],"removed":[""],"origin":"+input"}
2019-5-28 20:11:54.282#change#{"from":{"line":7,"ch":13,"sticky":null},"to":{"line":7,"ch":13,"sticky":null},"text":["e"],"removed":[""],"origin":"+input"}
2019-5-28 20:11:54.930#change#{"from":{"line":7,"ch":14,"sticky":null},"to":{"line":7,"ch":14,"sticky":null},"text":["t"],"removed":[""],"origin":"+input"}
2019-5-28 20:11:55.919#keyHandled#"Right"
2019-5-28 20:11:56.920#change#{"from":{"line":7,"ch":16,"sticky":"before"},"to":{"line":7,"ch":16,"sticky":"before"},"text":["",""],"removed":[""],"origin":"+input"}
2019-5-28 20:11:56.921#keyHandled#"Enter"
2019-5-28 20:11:56.932#viewportChange#0
2019-5-28 20:11:58.099#change#{"from":{"line":8,"ch":0,"sticky":null},"to":{"line":8,"ch":0,"sticky":null},"text":["m"],"removed":[""],"origin":"+input"}
2019-5-28 20:11:59.680#change#{"from":{"line":8,"ch":1,"sticky":null},"to":{"line":8,"ch":1,"sticky":null},"text":["e"],"removed":[""],"origin":"+input"}
2019-5-28 20:12:00.338#change#{"from":{"line":8,"ch":2,"sticky":null},"to":{"line":8,"ch":2,"sticky":null},"text":["n"],"removed":[""],"origin":"+input"}
2019-5-28 20:12:00.790#change#{"from":{"line":8,"ch":3,"sticky":null},"to":{"line":8,"ch":3,"sticky":null},"text":["o"],"removed":[""],"origin":"+input"}
2019-5-28 20:12:01.185#change#{"from":{"line":8,"ch":4,"sticky":null},"to":{"line":8,"ch":4,"sticky":null},"text":["r"],"removed":[""],"origin":"+input"}
2019-5-28 20:12:02.891#change#{"from":{"line":8,"ch":5,"sticky":null},"to":{"line":8,"ch":5,"sticky":null},"text":[" "],"removed":[""],"origin":"+input"}
2019-5-28 20:12:03.414#change#{"from":{"line":8,"ch":6,"sticky":null},"to":{"line":8,"ch":6,"sticky":null},"text":["="],"removed":[""],"origin":"+input"}
2019-5-28 20:12:04.009#change#{"from":{"line":8,"ch":7,"sticky":null},"to":{"line":8,"ch":7,"sticky":null},"text":[" "],"removed":[""],"origin":"+input"}
2019-5-28 20:12:06.965#change#{"from":{"line":8,"ch":8,"sticky":null},"to":{"line":8,"ch":8,"sticky":null},"text":["m"],"removed":[""],"origin":"+input"}
2019-5-28 20:12:07.109#change#{"from":{"line":8,"ch":9,"sticky":null},"to":{"line":8,"ch":9,"sticky":null},"text":["i"],"removed":[""],"origin":"+input"}
2019-5-28 20:12:07.256#change#{"from":{"line":8,"ch":10,"sticky":null},"to":{"line":8,"ch":10,"sticky":null},"text":["n"],"removed":[""],"origin":"+input"}
2019-5-28 20:12:10.296#change#{"from":{"line":8,"ch":12,"sticky":"after"},"to":{"line":8,"ch":12,"sticky":"after"},"text":["v"],"removed":[""],"origin":"+input"}
2019-5-28 20:12:10.532#change#{"from":{"line":8,"ch":13,"sticky":null},"to":{"line":8,"ch":13,"sticky":null},"text":["e"],"removed":[""],"origin":"+input"}
2019-5-28 20:12:11.040#change#{"from":{"line":8,"ch":14,"sticky":null},"to":{"line":8,"ch":14,"sticky":null},"text":["t"],"removed":[""],"origin":"+input"}
2019-5-28 20:12:11.750#keyHandled#"Right"
2019-5-28 20:12:12.412#change#{"from":{"line":8,"ch":16,"sticky":"before"},"to":{"line":8,"ch":16,"sticky":"before"},"text":["",""],"removed":[""],"origin":"+input"}
2019-5-28 20:12:12.412#keyHandled#"Enter"
2019-5-28 20:12:12.418#viewportChange#0
2019-5-28 20:12:15.786#change#{"from":{"line":9,"ch":0,"sticky":null},"to":{"line":9,"ch":0,"sticky":null},"text":["s"],"removed":[""],"origin":"+input"}
2019-5-28 20:12:16.448#change#{"from":{"line":9,"ch":1,"sticky":null},"to":{"line":9,"ch":1,"sticky":null},"text":["o"],"removed":[""],"origin":"+input"}
2019-5-28 20:12:16.614#change#{"from":{"line":9,"ch":2,"sticky":null},"to":{"line":9,"ch":2,"sticky":null},"text":["m"],"removed":[""],"origin":"+input"}
2019-5-28 20:12:17.045#change#{"from":{"line":9,"ch":3,"sticky":null},"to":{"line":9,"ch":3,"sticky":null},"text":["a"],"removed":[""],"origin":"+input"}
2019-5-28 20:12:18.068#change#{"from":{"line":9,"ch":4,"sticky":null},"to":{"line":9,"ch":4,"sticky":null},"text":[" "],"removed":[""],"origin":"+input"}
2019-5-28 20:12:18.719#change#{"from":{"line":9,"ch":5,"sticky":null},"to":{"line":9,"ch":5,"sticky":null},"text":["="],"removed":[""],"origin":"+input"}
2019-5-28 20:12:19.615#change#{"from":{"line":9,"ch":7,"sticky":null},"to":{"line":9,"ch":7,"sticky":null},"text":["s"],"removed":[""],"origin":"+input"}
2019-5-28 20:12:25.514#change#{"from":{"line":9,"ch":8,"sticky":null},"to":{"line":9,"ch":8,"sticky":null},"text":["u"],"removed":[""],"origin":"+input"}
2019-5-28 20:12:25.897#change#{"from":{"line":9,"ch":9,"sticky":null},"to":{"line":9,"ch":9,"sticky":null},"text":["m"],"removed":[""],"origin":"+input"}
2019-5-28 20:12:27.629#change#{"from":{"line":9,"ch":10,"sticky":null},"to":{"line":9,"ch":10,"sticky":null},"text":["()"],"removed":[""],"origin":"+input"}
2019-5-28 20:12:27.629#keyHandled#"'('"
2019-5-28 20:12:29.024#change#{"from":{"line":9,"ch":11,"sticky":"after"},"to":{"line":9,"ch":11,"sticky":"after"},"text":["v"],"removed":[""],"origin":"+input"}
2019-5-28 20:12:29.269#change#{"from":{"line":9,"ch":12,"sticky":null},"to":{"line":9,"ch":12,"sticky":null},"text":["e"],"removed":[""],"origin":"+input"}
2019-5-28 20:12:29.686#change#{"from":{"line":9,"ch":13,"sticky":null},"to":{"line":9,"ch":13,"sticky":null},"text":["t"],"removed":[""],"origin":"+input"}
2019-5-28 20:12:30.484#keyHandled#"Right"
2019-5-28 20:12:31.680#change#{"from":{"line":9,"ch":15,"sticky":"before"},"to":{"line":9,"ch":15,"sticky":"before"},"text":["",""],"removed":[""],"origin":"+input"}
2019-5-28 20:12:31.680#keyHandled#"Enter"
2019-5-28 20:12:31.685#viewportChange#0
2019-5-28 20:12:36.947#change#{"from":{"line":10,"ch":0,"sticky":null},"to":{"line":10,"ch":0,"sticky":null},"text":["m"],"removed":[""],"origin":"+input"}
2019-5-28 20:12:37.476#change#{"from":{"line":10,"ch":1,"sticky":null},"to":{"line":10,"ch":1,"sticky":null},"text":["e"],"removed":[""],"origin":"+input"}
2019-5-28 20:12:37.677#change#{"from":{"line":10,"ch":2,"sticky":null},"to":{"line":10,"ch":2,"sticky":null},"text":["d"],"removed":[""],"origin":"+input"}
2019-5-28 20:12:38.347#change#{"from":{"line":10,"ch":3,"sticky":null},"to":{"line":10,"ch":3,"sticky":null},"text":["i"],"removed":[""],"origin":"+input"}
2019-5-28 20:12:38.765#change#{"from":{"line":10,"ch":4,"sticky":null},"to":{"line":10,"ch":4,"sticky":null},"text":["a"],"removed":[""],"origin":"+input"}
2019-5-28 20:12:39.874#change#{"from":{"line":10,"ch":5,"sticky":null},"to":{"line":10,"ch":5,"sticky":null},"text":[" "],"removed":[""],"origin":"+input"}
2019-5-28 20:12:40.377#change#{"from":{"line":10,"ch":6,"sticky":null},"to":{"line":10,"ch":6,"sticky":null},"text":["="],"removed":[""],"origin":"+input"}
2019-5-28 20:12:40.646#change#{"from":{"line":10,"ch":7,"sticky":null},"to":{"line":10,"ch":7,"sticky":null},"text":[" "],"removed":[""],"origin":"+input"}
2019-5-28 20:12:55.134#change#{"from":{"line":10,"ch":8,"sticky":null},"to":{"line":10,"ch":8,"sticky":null},"text":["s"],"removed":[""],"origin":"+input"}
2019-5-28 20:12:55.761#change#{"from":{"line":10,"ch":9,"sticky":null},"to":{"line":10,"ch":9,"sticky":null},"text":["o"],"removed":[""],"origin":"+input"}
2019-5-28 20:12:55.988#change#{"from":{"line":10,"ch":10,"sticky":null},"to":{"line":10,"ch":10,"sticky":null},"text":["m"],"removed":[""],"origin":"+input"}
2019-5-28 20:12:56.483#change#{"from":{"line":10,"ch":11,"sticky":null},"to":{"line":10,"ch":11,"sticky":null},"text":["a"],"removed":[""],"origin":"+input"}
2019-5-28 20:12:58.283#change#{"from":{"line":10,"ch":12,"sticky":null},"to":{"line":10,"ch":12,"sticky":null},"text":["/"],"removed":[""],"origin":"+input"}
2019-5-28 20:13:00.249#change#{"from":{"line":10,"ch":13,"sticky":null},"to":{"line":10,"ch":13,"sticky":null},"text":["a"],"removed":[""],"origin":"+input"}
2019-5-28 20:13:00.942#change#{"from":{"line":10,"ch":14,"sticky":null},"to":{"line":10,"ch":14,"sticky":null},"text":["m"],"removed":[""],"origin":"+input"}
2019-5-28 20:13:01.134#change#{"from":{"line":10,"ch":15,"sticky":null},"to":{"line":10,"ch":15,"sticky":null},"text":["o"],"removed":[""],"origin":"+input"}
2019-5-28 20:13:01.380#change#{"from":{"line":10,"ch":16,"sticky":null},"to":{"line":10,"ch":16,"sticky":null},"text":["u"],"removed":[""],"origin":"+input"}
2019-5-28 20:13:01.529#change#{"from":{"line":10,"ch":17,"sticky":null},"to":{"line":10,"ch":17,"sticky":null},"text":["n"],"removed":[""],"origin":"+input"}
2019-5-28 20:13:01.743#change#{"from":{"line":10,"ch":18,"sticky":null},"to":{"line":10,"ch":18,"sticky":null},"text":["t"],"removed":[""],"origin":"+input"}
2019-5-28 20:13:07.565#change#{"from":{"line":10,"ch":19,"sticky":null},"to":{"line":10,"ch":19,"sticky":null},"text":["",""],"removed":[""],"origin":"+input"}
2019-5-28 20:13:07.565#keyHandled#"Enter"
2019-5-28 20:13:07.570#viewportChange#0
2019-5-28 20:13:08.473#change#{"from":{"line":11,"ch":0,"sticky":null},"to":{"line":11,"ch":0,"sticky":null},"text":["",""],"removed":[""],"origin":"+input"}
2019-5-28 20:13:08.473#keyHandled#"Enter"
2019-5-28 20:13:08.479#viewportChange#0
2019-5-28 20:13:17.516#change#{"from":{"line":12,"ch":0,"sticky":null},"to":{"line":12,"ch":0,"sticky":null},"text":["p"],"removed":[""],"origin":"+input"}
2019-5-28 20:13:18.126#change#{"from":{"line":12,"ch":1,"sticky":null},"to":{"line":12,"ch":1,"sticky":null},"text":["r"],"removed":[""],"origin":"+input"}
2019-5-28 20:13:18.841#change#{"from":{"line":12,"ch":2,"sticky":null},"to":{"line":12,"ch":2,"sticky":null},"text":["i"],"removed":[""],"origin":"+input"}
2019-5-28 20:13:19.084#change#{"from":{"line":12,"ch":3,"sticky":null},"to":{"line":12,"ch":3,"sticky":null},"text":["n"],"removed":[""],"origin":"+input"}
2019-5-28 20:13:19.371#change#{"from":{"line":12,"ch":4,"sticky":null},"to":{"line":12,"ch":4,"sticky":null},"text":["t"],"removed":[""],"origin":"+input"}
2019-5-28 20:13:20.905#change#{"from":{"line":12,"ch":5,"sticky":null},"to":{"line":12,"ch":5,"sticky":null},"text":["()"],"removed":[""],"origin":"+input"}
2019-5-28 20:13:20.905#keyHandled#"'('"
2019-5-28 20:13:37.142#change#{"from":{"line":12,"ch":6,"sticky":"after"},"to":{"line":12,"ch":6,"sticky":"after"},"text":["a"],"removed":[""],"origin":"+input"}
2019-5-28 20:13:37.412#change#{"from":{"line":12,"ch":7,"sticky":null},"to":{"line":12,"ch":7,"sticky":null},"text":["m"],"removed":[""],"origin":"+input"}
2019-5-28 20:13:37.687#change#{"from":{"line":12,"ch":8,"sticky":null},"to":{"line":12,"ch":8,"sticky":null},"text":["o"],"removed":[""],"origin":"+input"}
2019-5-28 20:13:38.096#change#{"from":{"line":12,"ch":9,"sticky":null},"to":{"line":12,"ch":9,"sticky":null},"text":["u"],"removed":[""],"origin":"+input"}
2019-5-28 20:13:39.389#change#{"from":{"line":12,"ch":10,"sticky":null},"to":{"line":12,"ch":10,"sticky":null},"text":["n"],"removed":[""],"origin":"+input"}
2019-5-28 20:13:39.660#change#{"from":{"line":12,"ch":11,"sticky":null},"to":{"line":12,"ch":11,"sticky":null},"text":["t"],"removed":[""],"origin":"+input"}
2019-5-28 20:13:40.703#keyHandled#"Right"
2019-5-28 20:13:41.295#change#{"from":{"line":12,"ch":13,"sticky":"before"},"to":{"line":12,"ch":13,"sticky":"before"},"text":["",""],"removed":[""],"origin":"+input"}
2019-5-28 20:13:41.295#keyHandled#"Enter"
2019-5-28 20:13:41.301#viewportChange#0
2019-5-28 20:13:42.985#change#{"from":{"line":13,"ch":0,"sticky":null},"to":{"line":13,"ch":0,"sticky":null},"text":["p"],"removed":[""],"origin":"+input"}
2019-5-28 20:13:43.251#change#{"from":{"line":13,"ch":1,"sticky":null},"to":{"line":13,"ch":1,"sticky":null},"text":["r"],"removed":[""],"origin":"+input"}
2019-5-28 20:13:43.482#change#{"from":{"line":13,"ch":2,"sticky":null},"to":{"line":13,"ch":2,"sticky":null},"text":["i"],"removed":[""],"origin":"+input"}
2019-5-28 20:13:43.794#change#{"from":{"line":13,"ch":3,"sticky":null},"to":{"line":13,"ch":3,"sticky":null},"text":["n"],"removed":[""],"origin":"+input"}
2019-5-28 20:13:44.110#change#{"from":{"line":13,"ch":4,"sticky":null},"to":{"line":13,"ch":4,"sticky":null},"text":["t"],"removed":[""],"origin":"+input"}
2019-5-28 20:13:45.236#change#{"from":{"line":13,"ch":5,"sticky":null},"to":{"line":13,"ch":5,"sticky":null},"text":["()"],"removed":[""],"origin":"+input"}
2019-5-28 20:13:45.236#keyHandled#"'('"
2019-5-28 20:13:47.169#change#{"from":{"line":13,"ch":6,"sticky":"after"},"to":{"line":13,"ch":6,"sticky":"after"},"text":["p"],"removed":[""],"origin":"+input"}
2019-5-28 20:13:47.459#change#{"from":{"line":13,"ch":7,"sticky":null},"to":{"line":13,"ch":7,"sticky":null},"text":["r"],"removed":[""],"origin":"+input"}
2019-5-28 20:13:47.640#change#{"from":{"line":13,"ch":8,"sticky":null},"to":{"line":13,"ch":8,"sticky":null},"text":["i"],"removed":[""],"origin":"+input"}
2019-5-28 20:13:47.873#change#{"from":{"line":13,"ch":9,"sticky":null},"to":{"line":13,"ch":9,"sticky":null},"text":["m"],"removed":[""],"origin":"+input"}
2019-5-28 20:13:48.012#change#{"from":{"line":13,"ch":10,"sticky":null},"to":{"line":13,"ch":10,"sticky":null},"text":["e"],"removed":[""],"origin":"+input"}
2019-5-28 20:13:48.172#change#{"from":{"line":13,"ch":11,"sticky":null},"to":{"line":13,"ch":11,"sticky":null},"text":["i"],"removed":[""],"origin":"+input"}
2019-5-28 20:13:48.334#change#{"from":{"line":13,"ch":12,"sticky":null},"to":{"line":13,"ch":12,"sticky":null},"text":["r"],"removed":[""],"origin":"+input"}
2019-5-28 20:13:48.574#change#{"from":{"line":13,"ch":13,"sticky":null},"to":{"line":13,"ch":13,"sticky":null},"text":["o"],"removed":[""],"origin":"+input"}
2019-5-28 20:13:49.691#change#{"from":{"line":13,"ch":14,"sticky":null},"to":{"line":13,"ch":14,"sticky":null},"text":["",""],"removed":[""],"origin":"+input"}
2019-5-28 20:13:49.691#change#{"from":{"line":14,"ch":0,"sticky":null},"to":{"line":14,"ch":0,"sticky":null},"text":["\t  "],"removed":[""],"origin":"+input"}
2019-5-28 20:13:49.691#keyHandled#"Enter"
2019-5-28 20:13:49.700#viewportChange#0
2019-5-28 20:13:51.342#change#{"from":{"line":14,"ch":2,"sticky":"after"},"to":{"line":14,"ch":3,"sticky":null},"text":[""],"removed":[" "],"origin":"+delete"}
2019-5-28 20:13:51.342#keyHandled#"Backspace"
2019-5-28 20:13:51.717#change#{"from":{"line":14,"ch":1,"sticky":"after"},"to":{"line":14,"ch":2,"sticky":null},"text":[""],"removed":[" "],"origin":"+delete"}
2019-5-28 20:13:51.717#keyHandled#"Backspace"
2019-5-28 20:13:51.928#change#{"from":{"line":14,"ch":0,"sticky":"after"},"to":{"line":14,"ch":1,"sticky":null},"text":[""],"removed":["\t"],"origin":"+delete"}
2019-5-28 20:13:51.928#keyHandled#"Backspace"
2019-5-28 20:13:52.261#change#{"from":{"line":13,"ch":14,"sticky":"before"},"to":{"line":14,"ch":0,"sticky":null},"text":[""],"removed":["",""],"origin":"+delete"}
2019-5-28 20:13:52.261#keyHandled#"Backspace"
2019-5-28 20:13:52.266#viewportChange#0
2019-5-28 20:13:53.105#keyHandled#"Right"
2019-5-28 20:13:53.528#change#{"from":{"line":13,"ch":15,"sticky":"before"},"to":{"line":13,"ch":15,"sticky":"before"},"text":["",""],"removed":[""],"origin":"+input"}
2019-5-28 20:13:53.528#keyHandled#"Enter"
2019-5-28 20:13:53.533#viewportChange#0
2019-5-28 20:13:55.036#change#{"from":{"line":14,"ch":0,"sticky":null},"to":{"line":14,"ch":0,"sticky":null},"text":["p"],"removed":[""],"origin":"+input"}
2019-5-28 20:13:55.235#change#{"from":{"line":14,"ch":1,"sticky":null},"to":{"line":14,"ch":1,"sticky":null},"text":["r"],"removed":[""],"origin":"+input"}
2019-5-28 20:13:55.440#change#{"from":{"line":14,"ch":2,"sticky":null},"to":{"line":14,"ch":2,"sticky":null},"text":["i"],"removed":[""],"origin":"+input"}
2019-5-28 20:13:55.688#change#{"from":{"line":14,"ch":3,"sticky":null},"to":{"line":14,"ch":3,"sticky":null},"text":["n"],"removed":[""],"origin":"+input"}
2019-5-28 20:13:55.938#change#{"from":{"line":14,"ch":4,"sticky":null},"to":{"line":14,"ch":4,"sticky":null},"text":["t"],"removed":[""],"origin":"+input"}
2019-5-28 20:13:57.941#change#{"from":{"line":14,"ch":5,"sticky":null},"to":{"line":14,"ch":5,"sticky":null},"text":["()"],"removed":[""],"origin":"+input"}
2019-5-28 20:13:57.941#keyHandled#"'('"
2019-5-28 20:13:58.663#change#{"from":{"line":14,"ch":6,"sticky":"after"},"to":{"line":14,"ch":6,"sticky":"after"},"text":["m"],"removed":[""],"origin":"+input"}
2019-5-28 20:13:58.870#change#{"from":{"line":14,"ch":7,"sticky":null},"to":{"line":14,"ch":7,"sticky":null},"text":["a"],"removed":[""],"origin":"+input"}
2019-5-28 20:13:59.336#change#{"from":{"line":14,"ch":9,"sticky":null},"to":{"line":14,"ch":9,"sticky":null},"text":["o"],"removed":[""],"origin":"+input"}
2019-5-28 20:13:59.472#change#{"from":{"line":14,"ch":10,"sticky":null},"to":{"line":14,"ch":10,"sticky":null},"text":["r"],"removed":[""],"origin":"+input"}
2019-5-28 20:14:00.449#keyHandled#"Right"
2019-5-28 20:14:01.585#change#{"from":{"line":14,"ch":12,"sticky":"before"},"to":{"line":14,"ch":12,"sticky":"before"},"text":["",""],"removed":[""],"origin":"+input"}
2019-5-28 20:14:01.585#keyHandled#"Enter"
2019-5-28 20:14:01.593#viewportChange#0
2019-5-28 20:14:03.841#change#{"from":{"line":15,"ch":0,"sticky":null},"to":{"line":15,"ch":0,"sticky":null},"text":["p"],"removed":[""],"origin":"+input"}
2019-5-28 20:14:04.018#change#{"from":{"line":15,"ch":1,"sticky":null},"to":{"line":15,"ch":1,"sticky":null},"text":["r"],"removed":[""],"origin":"+input"}
2019-5-28 20:14:04.218#change#{"from":{"line":15,"ch":2,"sticky":null},"to":{"line":15,"ch":2,"sticky":null},"text":["i"],"removed":[""],"origin":"+input"}
2019-5-28 20:14:04.467#change#{"from":{"line":15,"ch":3,"sticky":null},"to":{"line":15,"ch":3,"sticky":null},"text":["n"],"removed":[""],"origin":"+input"}
2019-5-28 20:14:05.731#change#{"from":{"line":15,"ch":4,"sticky":null},"to":{"line":15,"ch":4,"sticky":null},"text":["t"],"removed":[""],"origin":"+input"}
2019-5-28 20:14:06.651#change#{"from":{"line":15,"ch":5,"sticky":null},"to":{"line":15,"ch":5,"sticky":null},"text":["()"],"removed":[""],"origin":"+input"}
2019-5-28 20:14:06.651#keyHandled#"'('"
2019-5-28 20:14:09.920#change#{"from":{"line":15,"ch":6,"sticky":"after"},"to":{"line":15,"ch":6,"sticky":"after"},"text":[","],"removed":[""],"origin":"+input"}
2019-5-28 20:14:10.090#change#{"from":{"line":15,"ch":7,"sticky":null},"to":{"line":15,"ch":7,"sticky":null},"text":["e"],"removed":[""],"origin":"+input"}
2019-5-28 20:14:10.331#change#{"from":{"line":15,"ch":8,"sticky":null},"to":{"line":15,"ch":8,"sticky":null},"text":["n"],"removed":[""],"origin":"+input"}
2019-5-28 20:14:10.606#change#{"from":{"line":15,"ch":9,"sticky":null},"to":{"line":15,"ch":9,"sticky":null},"text":["o"],"removed":[""],"origin":"+input"}
2019-5-28 20:14:11.638#change#{"from":{"line":15,"ch":9,"sticky":"after"},"to":{"line":15,"ch":10,"sticky":null},"text":[""],"removed":["o"],"origin":"+delete"}
2019-5-28 20:14:11.638#keyHandled#"Backspace"
2019-5-28 20:14:11.807#change#{"from":{"line":15,"ch":8,"sticky":"after"},"to":{"line":15,"ch":9,"sticky":null},"text":[""],"removed":["n"],"origin":"+delete"}
2019-5-28 20:14:11.807#keyHandled#"Backspace"
2019-5-28 20:14:11.972#change#{"from":{"line":15,"ch":7,"sticky":"after"},"to":{"line":15,"ch":8,"sticky":null},"text":[""],"removed":["e"],"origin":"+delete"}
2019-5-28 20:14:11.972#keyHandled#"Backspace"
2019-5-28 20:14:12.367#change#{"from":{"line":15,"ch":6,"sticky":"after"},"to":{"line":15,"ch":7,"sticky":null},"text":[""],"removed":[","],"origin":"+delete"}
2019-5-28 20:14:12.367#keyHandled#"Backspace"
2019-5-28 20:14:13.043#change#{"from":{"line":15,"ch":6,"sticky":null},"to":{"line":15,"ch":6,"sticky":null},"text":["m"],"removed":[""],"origin":"+input"}
2019-5-28 20:14:13.672#change#{"from":{"line":15,"ch":7,"sticky":null},"to":{"line":15,"ch":7,"sticky":null},"text":["e"],"removed":[""],"origin":"+input"}
2019-5-28 20:14:13.881#change#{"from":{"line":15,"ch":8,"sticky":null},"to":{"line":15,"ch":8,"sticky":null},"text":["n"],"removed":[""],"origin":"+input"}
2019-5-28 20:14:14.115#change#{"from":{"line":15,"ch":9,"sticky":null},"to":{"line":15,"ch":9,"sticky":null},"text":["o"],"removed":[""],"origin":"+input"}
2019-5-28 20:14:15.121#change#{"from":{"line":15,"ch":10,"sticky":null},"to":{"line":15,"ch":10,"sticky":null},"text":["r"],"removed":[""],"origin":"+input"}
2019-5-28 20:14:15.596#keyHandled#"Right"
2019-5-28 20:14:16.145#change#{"from":{"line":15,"ch":12,"sticky":"before"},"to":{"line":15,"ch":12,"sticky":"before"},"text":["",""],"removed":[""],"origin":"+input"}
2019-5-28 20:14:16.145#keyHandled#"Enter"
2019-5-28 20:14:16.152#viewportChange#0
2019-5-28 20:14:20.157#change#{"from":{"line":16,"ch":0,"sticky":null},"to":{"line":16,"ch":0,"sticky":null},"text":["p"],"removed":[""],"origin":"+input"}
2019-5-28 20:14:20.328#change#{"from":{"line":16,"ch":1,"sticky":null},"to":{"line":16,"ch":1,"sticky":null},"text":["r"],"removed":[""],"origin":"+input"}
2019-5-28 20:14:20.617#change#{"from":{"line":16,"ch":2,"sticky":null},"to":{"line":16,"ch":2,"sticky":null},"text":["i"],"removed":[""],"origin":"+input"}
2019-5-28 20:14:20.887#change#{"from":{"line":16,"ch":3,"sticky":null},"to":{"line":16,"ch":3,"sticky":null},"text":["n"],"removed":[""],"origin":"+input"}
2019-5-28 20:14:21.154#change#{"from":{"line":16,"ch":4,"sticky":null},"to":{"line":16,"ch":4,"sticky":null},"text":["t"],"removed":[""],"origin":"+input"}
2019-5-28 20:14:22.950#change#{"from":{"line":16,"ch":5,"sticky":null},"to":{"line":16,"ch":5,"sticky":null},"text":["()"],"removed":[""],"origin":"+input"}
2019-5-28 20:14:22.950#keyHandled#"'('"
2019-5-28 20:14:24.506#change#{"from":{"line":16,"ch":6,"sticky":"after"},"to":{"line":16,"ch":6,"sticky":"after"},"text":["s"],"removed":[""],"origin":"+input"}
2019-5-28 20:14:24.737#change#{"from":{"line":16,"ch":7,"sticky":null},"to":{"line":16,"ch":7,"sticky":null},"text":["o"],"removed":[""],"origin":"+input"}
2019-5-28 20:14:24.977#change#{"from":{"line":16,"ch":8,"sticky":null},"to":{"line":16,"ch":8,"sticky":null},"text":["m"],"removed":[""],"origin":"+input"}
2019-5-28 20:14:25.073#change#{"from":{"line":16,"ch":9,"sticky":null},"to":{"line":16,"ch":9,"sticky":null},"text":["a"],"removed":[""],"origin":"+input"}
2019-5-28 20:14:25.857#keyHandled#"Down"
2019-5-28 20:14:28.539#change#{"from":{"line":17,"ch":0,"sticky":"after","xRel":82.75390625},"to":{"line":17,"ch":0,"sticky":"after","xRel":82.75390625},"text":["p"],"removed":[""],"origin":"+input"}
2019-5-28 20:14:28.773#change#{"from":{"line":17,"ch":1,"sticky":null},"to":{"line":17,"ch":1,"sticky":null},"text":["r"],"removed":[""],"origin":"+input"}
2019-5-28 20:14:28.973#change#{"from":{"line":17,"ch":2,"sticky":null},"to":{"line":17,"ch":2,"sticky":null},"text":["i"],"removed":[""],"origin":"+input"}
2019-5-28 20:14:29.212#change#{"from":{"line":17,"ch":3,"sticky":null},"to":{"line":17,"ch":3,"sticky":null},"text":["n"],"removed":[""],"origin":"+input"}
2019-5-28 20:14:29.501#change#{"from":{"line":17,"ch":4,"sticky":null},"to":{"line":17,"ch":4,"sticky":null},"text":["t"],"removed":[""],"origin":"+input"}
2019-5-28 20:14:30.962#change#{"from":{"line":17,"ch":5,"sticky":null},"to":{"line":17,"ch":5,"sticky":null},"text":["()"],"removed":[""],"origin":"+input"}
2019-5-28 20:14:30.962#keyHandled#"'('"
2019-5-28 20:14:31.863#change#{"from":{"line":17,"ch":6,"sticky":"after"},"to":{"line":17,"ch":6,"sticky":"after"},"text":["m"],"removed":[""],"origin":"+input"}
2019-5-28 20:14:32.030#change#{"from":{"line":17,"ch":7,"sticky":null},"to":{"line":17,"ch":7,"sticky":null},"text":["e"],"removed":[""],"origin":"+input"}
2019-5-28 20:14:32.246#change#{"from":{"line":17,"ch":8,"sticky":null},"to":{"line":17,"ch":8,"sticky":null},"text":["d"],"removed":[""],"origin":"+input"}
2019-5-28 20:14:32.464#change#{"from":{"line":17,"ch":9,"sticky":null},"to":{"line":17,"ch":9,"sticky":null},"text":["i"],"removed":[""],"origin":"+input"}
2019-5-28 20:14:32.619#change#{"from":{"line":17,"ch":10,"sticky":null},"to":{"line":17,"ch":10,"sticky":null},"text":["a"],"removed":[""],"origin":"+input"}
2019-5-28 20:14:34.724#keyHandled#"Right"
2019-5-28 20:14:38.226#change#{"from":{"line":17,"ch":12,"sticky":"before"},"to":{"line":17,"ch":12,"sticky":"before"},"text":["",""],"removed":[""],"origin":"+input"}
2019-5-28 20:14:38.226#keyHandled#"Enter"
2019-5-28 20:14:38.236#viewportChange#0
2019-5-28 20:14:39.687#change#{"from":{"line":17,"ch":12,"sticky":"before"},"to":{"line":18,"ch":0,"sticky":null},"text":[""],"removed":["",""],"origin":"+delete"}
2019-5-28 20:14:39.687#keyHandled#"Backspace"
2019-5-28 20:14:39.695#viewportChange#0
2019-5-28 20:14:43.302#blur#
2019-5-28 20:14:55.285#mousedown#{"isTrusted":true}
2019-5-28 20:14:55.289#focus#
2019-5-28 20:14:56.466#mousedown#{"isTrusted":true}
2019-5-28 20:14:59.649#change#{"from":{"line":17,"ch":5,"sticky":"after","xRel":2.453125},"to":{"line":17,"ch":12,"sticky":"before","xRel":7.54296875},"text":[""],"removed":["(media)"],"origin":"+delete"}
2019-5-28 20:14:59.649#keyHandled#"Backspace"
2019-5-28 20:15:00.363#change#{"from":{"line":17,"ch":5,"sticky":null},"to":{"line":17,"ch":5,"sticky":null},"text":["()"],"removed":[""],"origin":"+input"}
2019-5-28 20:15:00.363#keyHandled#"'('"
2019-5-28 20:15:01.464#change#{"from":{"line":17,"ch":6,"sticky":"after"},"to":{"line":17,"ch":6,"sticky":"after"},"text":["r"],"removed":[""],"origin":"+input"}
2019-5-28 20:15:02.220#change#{"from":{"line":17,"ch":7,"sticky":null},"to":{"line":17,"ch":7,"sticky":null},"text":["o"],"removed":[""],"origin":"+input"}
2019-5-28 20:15:02.555#change#{"from":{"line":17,"ch":8,"sticky":null},"to":{"line":17,"ch":8,"sticky":null},"text":["u"],"removed":[""],"origin":"+input"}
2019-5-28 20:15:02.762#change#{"from":{"line":17,"ch":9,"sticky":null},"to":{"line":17,"ch":9,"sticky":null},"text":["n"],"removed":[""],"origin":"+input"}
2019-5-28 20:15:03.262#change#{"from":{"line":17,"ch":10,"sticky":null},"to":{"line":17,"ch":10,"sticky":null},"text":["d"],"removed":[""],"origin":"+input"}
2019-5-28 20:15:04.994#change#{"from":{"line":17,"ch":11,"sticky":null},"to":{"line":17,"ch":11,"sticky":null},"text":["()"],"removed":[""],"origin":"+input"}
2019-5-28 20:15:04.994#keyHandled#"'('"
2019-5-28 20:15:06.195#change#{"from":{"line":17,"ch":12,"sticky":"after"},"to":{"line":17,"ch":12,"sticky":"after"},"text":["m"],"removed":[""],"origin":"+input"}
2019-5-28 20:15:09.204#change#{"from":{"line":17,"ch":13,"sticky":null},"to":{"line":17,"ch":13,"sticky":null},"text":["e"],"removed":[""],"origin":"+input"}
2019-5-28 20:15:09.387#change#{"from":{"line":17,"ch":14,"sticky":null},"to":{"line":17,"ch":14,"sticky":null},"text":["d"],"removed":[""],"origin":"+input"}
2019-5-28 20:15:10.086#change#{"from":{"line":17,"ch":15,"sticky":null},"to":{"line":17,"ch":15,"sticky":null},"text":["i"],"removed":[""],"origin":"+input"}
2019-5-28 20:15:10.592#change#{"from":{"line":17,"ch":16,"sticky":null},"to":{"line":17,"ch":16,"sticky":null},"text":["a"],"removed":[""],"origin":"+input"}
2019-5-28 20:15:15.735#change#{"from":{"line":17,"ch":17,"sticky":null},"to":{"line":17,"ch":17,"sticky":null},"text":[","],"removed":[""],"origin":"+input"}
2019-5-28 20:15:16.549#change#{"from":{"line":17,"ch":18,"sticky":null},"to":{"line":17,"ch":18,"sticky":null},"text":["2"],"removed":[""],"origin":"+input"}
2019-5-28 20:15:41.884#blur#
2019-5-28 20:15:43.566#saida_testar#$ python3 main.py
2019-5-28 20:15:43.566#saida_testar#$ python3 main.py
2019-5-28 20:16:33.824#submit#Your code did not produce the correct output. Please, correct your code and try again.
2019-5-28 20:16:45.439#mousedown#{"isTrusted":true}
2019-5-28 20:16:45.530#focus#
2019-5-28 20:16:56.531#viewportChange#0
2019-5-28 20:16:57.553#mousedown#{"isTrusted":true}
2019-5-28 20:16:57.568#focus#
2019-5-28 20:16:57.553#mousedown#{"isTrusted":true}
2019-5-28 20:16:57.568#focus#
2019-5-28 20:16:58.794#submit#Your code did not produce the correct output. Please, correct your code and try again.
2019-5-28 20:16:59.991#blur#
2019-5-28 20:17:05.504#mousedown#{"isTrusted":true}
2019-5-28 20:17:05.512#focus#
2019-5-28 20:17:06.070#mousedown#{"isTrusted":true}
2019-5-28 20:17:06.626#mousedown#{"isTrusted":true}
2019-5-28 20:17:07.085#mousedown#{"isTrusted":true}
2019-5-28 20:17:07.557#mousedown#{"isTrusted":true}
2019-5-28 20:17:08.055#mousedown#{"isTrusted":true}
2019-5-28 20:17:08.574#mousedown#{"isTrusted":true}
2019-5-28 20:17:09.056#mousedown#{"isTrusted":true}
2019-5-28 20:17:09.871#mousedown#{"isTrusted":true}
2019-5-28 20:17:10.367#mousedown#{"isTrusted":true}
2019-5-28 20:17:10.694#mousedown#{"isTrusted":true}
2019-5-28 20:17:11.055#mousedown#{"isTrusted":true}
2019-5-28 20:17:11.470#mousedown#{"isTrusted":true}
2019-5-28 20:17:11.832#mousedown#{"isTrusted":true}
2019-5-28 20:17:12.555#mousedown#{"isTrusted":true}
2019-5-28 20:17:12.581#mousedown#{"isTrusted":true}
2019-5-28 20:17:13.401#mousedown#{"isTrusted":true}
2019-5-28 20:19:23.648#mousedown#{"isTrusted":true}
2019-5-28 20:19:24.472#mousedown#{"isTrusted":true}
2019-5-28 20:19:38.786#mousedown#{"isTrusted":true}
2019-5-28 20:19:39.337#mousedown#{"isTrusted":true}
2019-5-28 20:19:39.864#mousedown#{"isTrusted":true}
2019-5-28 20:19:40.536#mousedown#{"isTrusted":true}
2019-5-28 20:19:59.918#mousedown#{"isTrusted":true}
2019-5-28 20:19:59.948#mousedown#{"isTrusted":true}
2019-5-28 20:19:59.975#dblclick#{"isTrusted":true}
2019-5-28 20:20:00.912#mousedown#{"isTrusted":true}
2019-5-28 20:20:01.050#mousedown#{"isTrusted":true}
2019-5-28 20:20:01.114#dblclick#{"isTrusted":true}
2019-5-28 20:20:01.834#mousedown#{"isTrusted":true}
2019-5-28 20:20:02.617#mousedown#{"isTrusted":true}
2019-5-28 20:20:02.752#mousedown#{"isTrusted":true}
2019-5-28 20:20:02.808#dblclick#{"isTrusted":true}
2019-5-28 20:20:03.298#mousedown#{"isTrusted":true}
2019-5-28 20:20:03.753#mousedown#{"isTrusted":true}
2019-5-28 20:20:03.949#mousedown#{"isTrusted":true}
2019-5-28 20:20:04.000#dblclick#{"isTrusted":true}
2019-5-28 20:20:21.244#mousedown#{"isTrusted":true}
2019-5-28 20:20:22.218#mousedown#{"isTrusted":true}
2019-5-28 20:20:22.379#mousedown#{"isTrusted":true}
2019-5-28 20:20:22.410#dblclick#{"isTrusted":true}
2019-5-28 20:20:24.026#mousedown#{"isTrusted":true}
2019-5-28 20:20:24.189#mousedown#{"isTrusted":true}
2019-5-28 20:20:24.223#dblclick#{"isTrusted":true}
2019-5-28 20:20:25.331#mousedown#{"isTrusted":true}
2019-5-28 20:20:26.744#change#{"from":{"line":13,"ch":15,"sticky":"before","xRel":1.71875},"to":{"line":13,"ch":15,"sticky":"before","xRel":1.71875},"text":["",""],"removed":[""],"origin":"+input"}
2019-5-28 20:20:26.744#keyHandled#"Enter"
2019-5-28 20:20:26.756#viewportChange#0
2019-5-28 20:20:28.387#change#{"from":{"line":14,"ch":0,"sticky":null},"to":{"line":14,"ch":0,"sticky":null},"text":["p"],"removed":[""],"origin":"+input"}
2019-5-28 20:20:28.679#change#{"from":{"line":14,"ch":1,"sticky":null},"to":{"line":14,"ch":1,"sticky":null},"text":["r"],"removed":[""],"origin":"+input"}
2019-5-28 20:20:28.922#change#{"from":{"line":14,"ch":2,"sticky":null},"to":{"line":14,"ch":2,"sticky":null},"text":["i"],"removed":[""],"origin":"+input"}
2019-5-28 20:20:29.166#change#{"from":{"line":14,"ch":3,"sticky":null},"to":{"line":14,"ch":3,"sticky":null},"text":["n"],"removed":[""],"origin":"+input"}
2019-5-28 20:20:29.475#change#{"from":{"line":14,"ch":4,"sticky":null},"to":{"line":14,"ch":4,"sticky":null},"text":["t"],"removed":[""],"origin":"+input"}
2019-5-28 20:20:30.615#change#{"from":{"line":14,"ch":5,"sticky":null},"to":{"line":14,"ch":5,"sticky":null},"text":["()"],"removed":[""],"origin":"+input"}
2019-5-28 20:20:30.615#keyHandled#"'('"
2019-5-28 20:20:34.899#change#{"from":{"line":14,"ch":6,"sticky":"after"},"to":{"line":14,"ch":6,"sticky":"after"},"text":["u"],"removed":[""],"origin":"+input"}
2019-5-28 20:20:35.444#change#{"from":{"line":14,"ch":7,"sticky":null},"to":{"line":14,"ch":7,"sticky":null},"text":["l"],"removed":[""],"origin":"+input"}
2019-5-28 20:20:35.870#change#{"from":{"line":14,"ch":8,"sticky":null},"to":{"line":14,"ch":8,"sticky":null},"text":["t"],"removed":[""],"origin":"+input"}
2019-5-28 20:45:36.760#viewportChange#0
2019-5-28 20:45:40.429#mousedown#{"isTrusted":true}
2019-5-28 20:45:40.447#focus#
2019-5-28 20:45:45.627#mousedown#{"isTrusted":true}
2019-5-28 20:45:47.030#mousedown#{"isTrusted":true}
2019-5-28 20:51:47.025#viewportChange#0
2019-5-28 20:51:48.650#mousedown#{"isTrusted":true}
2019-5-28 20:51:48.665#focus#
2019-5-28 20:51:51.234#copy#{"isTrusted":true}
2019-5-28 20:51:53.200#blur#
