2019-5-30 20:05:24.903#viewportChange#0
2019-5-30 20:06:28.681#mousedown#{"isTrusted":true}
2019-5-30 20:06:28.688#focus#
2019-5-30 20:07:06.980#change#{"from":{"line":0,"ch":0,"sticky":"after","xRel":15.09375},"to":{"line":0,"ch":0,"sticky":"after","xRel":15.09375},"text":["f"],"removed":[""],"origin":"+input"}
2019-5-30 20:07:07.870#change#{"from":{"line":0,"ch":1,"sticky":null},"to":{"line":0,"ch":1,"sticky":null},"text":["r"],"removed":[""],"origin":"+input"}
2019-5-30 20:07:07.882#change#{"from":{"line":0,"ch":2,"sticky":null},"to":{"line":0,"ch":2,"sticky":null},"text":["o"],"removed":[""],"origin":"+input"}
2019-5-30 20:07:07.889#change#{"from":{"line":0,"ch":3,"sticky":null},"to":{"line":0,"ch":3,"sticky":null},"text":["m"],"removed":[""],"origin":"+input"}
2019-5-30 20:07:08.138#change#{"from":{"line":0,"ch":4,"sticky":null},"to":{"line":0,"ch":4,"sticky":null},"text":[" "],"removed":[""],"origin":"+input"}
2019-5-30 20:07:08.537#change#{"from":{"line":0,"ch":5,"sticky":null},"to":{"line":0,"ch":5,"sticky":null},"text":["n"],"removed":[""],"origin":"+input"}
2019-5-30 20:07:08.889#change#{"from":{"line":0,"ch":6,"sticky":null},"to":{"line":0,"ch":6,"sticky":null},"text":["u"],"removed":[""],"origin":"+input"}
2019-5-30 20:07:10.019#change#{"from":{"line":0,"ch":7,"sticky":null},"to":{"line":0,"ch":7,"sticky":null},"text":["m"],"removed":[""],"origin":"+input"}
2019-5-30 20:07:10.026#change#{"from":{"line":0,"ch":8,"sticky":null},"to":{"line":0,"ch":8,"sticky":null},"text":["p"],"removed":[""],"origin":"+input"}
2019-5-30 20:07:10.887#change#{"from":{"line":0,"ch":9,"sticky":null},"to":{"line":0,"ch":9,"sticky":null},"text":["y"],"removed":[""],"origin":"+input"}
2019-5-30 20:07:11.305#change#{"from":{"line":0,"ch":10,"sticky":null},"to":{"line":0,"ch":10,"sticky":null},"text":[" "],"removed":[""],"origin":"+input"}
2019-5-30 20:07:12.155#change#{"from":{"line":0,"ch":11,"sticky":null},"to":{"line":0,"ch":11,"sticky":null},"text":["i"],"removed":[""],"origin":"+input"}
2019-5-30 20:07:13.454#change#{"from":{"line":0,"ch":12,"sticky":null},"to":{"line":0,"ch":12,"sticky":null},"text":["m"],"removed":[""],"origin":"+input"}
2019-5-30 20:07:13.461#change#{"from":{"line":0,"ch":13,"sticky":null},"to":{"line":0,"ch":13,"sticky":null},"text":["p"],"removed":[""],"origin":"+input"}
2019-5-30 20:07:14.204#change#{"from":{"line":0,"ch":14,"sticky":null},"to":{"line":0,"ch":14,"sticky":null},"text":["o"],"removed":[""],"origin":"+input"}
2019-5-30 20:07:14.215#change#{"from":{"line":0,"ch":15,"sticky":null},"to":{"line":0,"ch":15,"sticky":null},"text":["r"],"removed":[""],"origin":"+input"}
2019-5-30 20:07:14.524#change#{"from":{"line":0,"ch":16,"sticky":null},"to":{"line":0,"ch":16,"sticky":null},"text":["t"],"removed":[""],"origin":"+input"}
2019-5-30 20:07:16.001#change#{"from":{"line":0,"ch":17,"sticky":null},"to":{"line":0,"ch":17,"sticky":null},"text":["*"],"removed":[""],"origin":"+input"}
2019-5-30 20:07:22.300#blur#
2019-5-30 20:07:34.269#focus#
2019-5-30 20:07:38.160#mousedown#{"isTrusted":true}
2019-5-30 20:07:39.109#change#{"from":{"line":0,"ch":18,"sticky":"before","xRel":21.421875},"to":{"line":0,"ch":18,"sticky":"before","xRel":21.421875},"text":["",""],"removed":[""],"origin":"+input"}
2019-5-30 20:07:39.109#keyHandled#"Enter"
2019-5-30 20:07:39.116#viewportChange#0
2019-5-30 20:09:17.481#change#{"from":{"line":1,"ch":0,"sticky":null},"to":{"line":1,"ch":0,"sticky":null},"text":["",""],"removed":[""],"origin":"+input"}
2019-5-30 20:09:17.481#keyHandled#"Enter"
2019-5-30 20:09:17.487#viewportChange#0
2019-5-30 20:09:18.260#change#{"from":{"line":1,"ch":0,"sticky":"before"},"to":{"line":2,"ch":0,"sticky":null},"text":[""],"removed":["",""],"origin":"+delete"}
2019-5-30 20:09:18.260#keyHandled#"Backspace"
2019-5-30 20:09:18.264#viewportChange#0
2019-5-30 20:09:21.422#change#{"from":{"line":1,"ch":0,"sticky":null},"to":{"line":1,"ch":0,"sticky":null},"text":["v"],"removed":[""],"origin":"+input"}
2019-5-30 20:09:21.431#change#{"from":{"line":1,"ch":1,"sticky":null},"to":{"line":1,"ch":1,"sticky":null},"text":["e"],"removed":[""],"origin":"+input"}
2019-5-30 20:09:21.439#change#{"from":{"line":1,"ch":2,"sticky":null},"to":{"line":1,"ch":2,"sticky":null},"text":["t"],"removed":[""],"origin":"+input"}
2019-5-30 20:09:22.161#change#{"from":{"line":1,"ch":3,"sticky":null},"to":{"line":1,"ch":3,"sticky":null},"text":[" "],"removed":[""],"origin":"+input"}
2019-5-30 20:09:22.840#change#{"from":{"line":1,"ch":4,"sticky":null},"to":{"line":1,"ch":4,"sticky":null},"text":["="],"removed":[""],"origin":"+input"}
2019-5-30 20:09:23.587#change#{"from":{"line":1,"ch":5,"sticky":null},"to":{"line":1,"ch":5,"sticky":null},"text":[" "],"removed":[""],"origin":"+input"}
2019-5-30 20:09:28.637#change#{"from":{"line":1,"ch":6,"sticky":null},"to":{"line":1,"ch":6,"sticky":null},"text":["a"],"removed":[""],"origin":"+input"}
2019-5-30 20:09:29.264#change#{"from":{"line":1,"ch":7,"sticky":null},"to":{"line":1,"ch":7,"sticky":null},"text":["r"],"removed":[""],"origin":"+input"}
2019-5-30 20:09:30.209#change#{"from":{"line":1,"ch":8,"sticky":null},"to":{"line":1,"ch":8,"sticky":null},"text":["r"],"removed":[""],"origin":"+input"}
2019-5-30 20:09:30.312#change#{"from":{"line":1,"ch":9,"sticky":null},"to":{"line":1,"ch":9,"sticky":null},"text":["a"],"removed":[""],"origin":"+input"}
2019-5-30 20:09:31.357#change#{"from":{"line":1,"ch":10,"sticky":null},"to":{"line":1,"ch":10,"sticky":null},"text":["y"],"removed":[""],"origin":"+input"}
2019-5-30 20:09:34.888#change#{"from":{"line":1,"ch":11,"sticky":null},"to":{"line":1,"ch":11,"sticky":null},"text":["()"],"removed":[""],"origin":"+input"}
2019-5-30 20:09:34.888#keyHandled#"'('"
2019-5-30 20:09:37.441#change#{"from":{"line":1,"ch":12,"sticky":"after"},"to":{"line":1,"ch":12,"sticky":"after"},"text":["i"],"removed":[""],"origin":"+input"}
2019-5-30 20:09:37.626#change#{"from":{"line":1,"ch":13,"sticky":null},"to":{"line":1,"ch":13,"sticky":null},"text":["n"],"removed":[""],"origin":"+input"}
2019-5-30 20:09:38.154#change#{"from":{"line":1,"ch":14,"sticky":null},"to":{"line":1,"ch":14,"sticky":null},"text":["p"],"removed":[""],"origin":"+input"}
2019-5-30 20:09:38.593#change#{"from":{"line":1,"ch":15,"sticky":null},"to":{"line":1,"ch":15,"sticky":null},"text":["u"],"removed":[""],"origin":"+input"}
2019-5-30 20:09:39.113#change#{"from":{"line":1,"ch":16,"sticky":null},"to":{"line":1,"ch":16,"sticky":null},"text":["t"],"removed":[""],"origin":"+input"}
2019-5-30 20:09:42.416#change#{"from":{"line":1,"ch":17,"sticky":null},"to":{"line":1,"ch":17,"sticky":null},"text":["()"],"removed":[""],"origin":"+input"}
2019-5-30 20:09:42.416#keyHandled#"'('"
2019-5-30 20:10:47.050#change#{"from":{"line":1,"ch":18,"sticky":"after"},"to":{"line":1,"ch":18,"sticky":"after"},"text":["i"],"removed":[""],"origin":"+input"}
2019-5-30 20:10:47.625#change#{"from":{"line":1,"ch":19,"sticky":null},"to":{"line":1,"ch":19,"sticky":null},"text":["n"],"removed":[""],"origin":"+input"}
2019-5-30 20:10:48.283#change#{"from":{"line":1,"ch":20,"sticky":null},"to":{"line":1,"ch":20,"sticky":null},"text":["t"],"removed":[""],"origin":"+input"}
2019-5-30 20:10:49.241#change#{"from":{"line":1,"ch":21,"sticky":null},"to":{"line":1,"ch":21,"sticky":null},"text":["()"],"removed":[""],"origin":"+input"}
2019-5-30 20:10:49.241#keyHandled#"'('"
2019-5-30 20:10:59.017#change#{"from":{"line":1,"ch":22,"sticky":"after"},"to":{"line":1,"ch":22,"sticky":"after"},"text":["\"\""],"removed":[""],"origin":"+input"}
2019-5-30 20:10:59.017#keyHandled#"'\"'"
2019-5-30 20:11:24.234#change#{"from":{"line":1,"ch":23,"sticky":"after"},"to":{"line":1,"ch":23,"sticky":"after"},"text":["c"],"removed":[""],"origin":"+input"}
2019-5-30 20:11:24.642#change#{"from":{"line":1,"ch":24,"sticky":null},"to":{"line":1,"ch":24,"sticky":null},"text":["u"],"removed":[""],"origin":"+input"}
2019-5-30 20:11:25.298#change#{"from":{"line":1,"ch":25,"sticky":null},"to":{"line":1,"ch":25,"sticky":null},"text":["s"],"removed":[""],"origin":"+input"}
2019-5-30 20:11:25.307#change#{"from":{"line":1,"ch":26,"sticky":null},"to":{"line":1,"ch":26,"sticky":null},"text":["t"],"removed":[""],"origin":"+input"}
2019-5-30 20:11:26.097#change#{"from":{"line":1,"ch":27,"sticky":null},"to":{"line":1,"ch":27,"sticky":null},"text":["o"],"removed":[""],"origin":"+input"}
2019-5-30 20:11:26.937#change#{"from":{"line":1,"ch":28,"sticky":null},"to":{"line":1,"ch":28,"sticky":null},"text":[" "],"removed":[""],"origin":"+input"}
2019-5-30 20:11:26.979#change#{"from":{"line":1,"ch":29,"sticky":null},"to":{"line":1,"ch":29,"sticky":null},"text":["d"],"removed":[""],"origin":"+input"}
2019-5-30 20:11:27.192#change#{"from":{"line":1,"ch":30,"sticky":null},"to":{"line":1,"ch":30,"sticky":null},"text":["o"],"removed":[""],"origin":"+input"}
2019-5-30 20:11:27.406#change#{"from":{"line":1,"ch":31,"sticky":null},"to":{"line":1,"ch":31,"sticky":null},"text":["s"],"removed":[""],"origin":"+input"}
2019-5-30 20:11:27.723#change#{"from":{"line":1,"ch":32,"sticky":null},"to":{"line":1,"ch":32,"sticky":null},"text":[" "],"removed":[""],"origin":"+input"}
2019-5-30 20:11:27.922#change#{"from":{"line":1,"ch":33,"sticky":null},"to":{"line":1,"ch":33,"sticky":null},"text":["i"],"removed":[""],"origin":"+input"}
2019-5-30 20:11:28.762#change#{"from":{"line":1,"ch":34,"sticky":null},"to":{"line":1,"ch":34,"sticky":null},"text":["t"],"removed":[""],"origin":"+input"}
2019-5-30 20:11:28.769#change#{"from":{"line":1,"ch":35,"sticky":null},"to":{"line":1,"ch":35,"sticky":null},"text":["e"],"removed":[""],"origin":"+input"}
2019-5-30 20:11:28.858#change#{"from":{"line":1,"ch":36,"sticky":null},"to":{"line":1,"ch":36,"sticky":null},"text":["n"],"removed":[""],"origin":"+input"}
2019-5-30 20:11:29.176#change#{"from":{"line":1,"ch":37,"sticky":null},"to":{"line":1,"ch":37,"sticky":null},"text":["s"],"removed":[""],"origin":"+input"}
2019-5-30 20:11:42.015#change#{"from":{"line":1,"ch":38,"sticky":null},"to":{"line":1,"ch":38,"sticky":null},"text":[":"],"removed":[""],"origin":"+input"}
2019-5-30 20:11:43.240#change#{"from":{"line":1,"ch":39,"sticky":null},"to":{"line":1,"ch":39,"sticky":null},"text":["",""],"removed":[""],"origin":"+input"}
2019-5-30 20:11:43.240#change#{"from":{"line":2,"ch":0,"sticky":null},"to":{"line":2,"ch":0,"sticky":null},"text":["\t\t\t\t\t\t\t "],"removed":[""],"origin":"+input"}
2019-5-30 20:11:43.240#keyHandled#"Enter"
2019-5-30 20:11:43.251#viewportChange#0
2019-5-30 20:11:45.637#change#{"from":{"line":2,"ch":7,"sticky":"after"},"to":{"line":2,"ch":8,"sticky":null},"text":[""],"removed":[" "],"origin":"+delete"}
2019-5-30 20:11:45.638#keyHandled#"Backspace"
2019-5-30 20:11:49.966#change#{"from":{"line":2,"ch":6,"sticky":"after"},"to":{"line":2,"ch":7,"sticky":null},"text":[""],"removed":["\t"],"origin":"+delete"}
2019-5-30 20:11:49.966#keyHandled#"Backspace"
2019-5-30 20:11:51.928#change#{"from":{"line":2,"ch":4,"sticky":"after"},"to":{"line":2,"ch":5,"sticky":null},"text":[""],"removed":["\t"],"origin":"+delete"}
2019-5-30 20:11:51.928#keyHandled#"Backspace"
2019-5-30 20:11:51.965#change#{"from":{"line":2,"ch":3,"sticky":"after"},"to":{"line":2,"ch":4,"sticky":null},"text":[""],"removed":["\t"],"origin":"+delete"}
2019-5-30 20:11:51.965#keyHandled#"Backspace"
2019-5-30 20:11:52.312#change#{"from":{"line":2,"ch":2,"sticky":"after"},"to":{"line":2,"ch":3,"sticky":null},"text":[""],"removed":["\t"],"origin":"+delete"}
2019-5-30 20:11:52.312#keyHandled#"Backspace"
2019-5-30 20:11:52.600#change#{"from":{"line":2,"ch":1,"sticky":"after"},"to":{"line":2,"ch":2,"sticky":null},"text":[""],"removed":["\t"],"origin":"+delete"}
2019-5-30 20:11:52.600#keyHandled#"Backspace"
2019-5-30 20:11:53.039#change#{"from":{"line":2,"ch":0,"sticky":"after"},"to":{"line":2,"ch":1,"sticky":null},"text":[""],"removed":["\t"],"origin":"+delete"}
2019-5-30 20:11:53.039#keyHandled#"Backspace"
2019-5-30 20:11:53.345#change#{"from":{"line":1,"ch":39,"sticky":"before"},"to":{"line":2,"ch":0,"sticky":null},"text":[""],"removed":["",""],"origin":"+delete"}
2019-5-30 20:11:53.345#keyHandled#"Backspace"
2019-5-30 20:11:53.351#viewportChange#0
2019-5-30 20:11:54.499#change#{"from":{"line":1,"ch":38,"sticky":"after"},"to":{"line":1,"ch":39,"sticky":null},"text":[""],"removed":[":"],"origin":"+delete"}
2019-5-30 20:11:54.499#keyHandled#"Backspace"
2019-5-30 20:11:55.549#change#{"from":{"line":1,"ch":37,"sticky":"after"},"to":{"line":1,"ch":38,"sticky":null},"text":[""],"removed":["s"],"origin":"+delete"}
2019-5-30 20:11:55.549#keyHandled#"Backspace"
2019-5-30 20:11:58.016#change#{"from":{"line":1,"ch":37,"sticky":null},"to":{"line":1,"ch":37,"sticky":null},"text":["s"],"removed":[""],"origin":"+input"}
2019-5-30 20:12:02.482#change#{"from":{"line":1,"ch":38,"sticky":null},"to":{"line":1,"ch":38,"sticky":null},"text":[":"],"removed":[""],"origin":"+input"}
2019-5-30 20:12:04.166#change#{"from":{"line":1,"ch":39,"sticky":null},"to":{"line":1,"ch":39,"sticky":null},"text":[" "],"removed":[""],"origin":"+input"}
2019-5-30 20:12:07.852#keyHandled#"Right"
2019-5-30 20:12:09.271#keyHandled#"Right"
2019-5-30 20:12:09.600#keyHandled#"Right"
2019-5-30 20:12:10.086#keyHandled#"Right"
2019-5-30 20:12:16.892#change#{"from":{"line":1,"ch":44,"sticky":"before"},"to":{"line":1,"ch":44,"sticky":"before"},"text":["",""],"removed":[""],"origin":"+input"}
2019-5-30 20:12:16.892#keyHandled#"Enter"
2019-5-30 20:12:16.899#viewportChange#0
2019-5-30 20:13:00.561#blur#
2019-5-30 20:13:16.827#mousedown#{"isTrusted":true}
2019-5-30 20:13:16.832#focus#
2019-5-30 20:15:44.228#viewportChange#0
2019-5-30 20:20:20.903#mousedown#{"isTrusted":true}
2019-5-30 20:20:20.923#focus#
2019-5-30 20:20:27.004#blur#
2019-5-30 20:20:32.239#mousedown#{"isTrusted":true}
2019-5-30 20:20:32.247#focus#
2019-5-30 20:20:36.807#mousedown#{"isTrusted":true}
2019-5-30 20:20:40.026#change#{"from":{"line":1,"ch":12,"sticky":"after","xRel":2.08331298828125},"to":{"line":1,"ch":12,"sticky":"after","xRel":2.08331298828125},"text":["e"],"removed":[""],"origin":"+input"}
2019-5-30 20:20:40.249#change#{"from":{"line":1,"ch":13,"sticky":null},"to":{"line":1,"ch":13,"sticky":null},"text":["v"],"removed":[""],"origin":"+input"}
2019-5-30 20:20:40.392#change#{"from":{"line":1,"ch":14,"sticky":null},"to":{"line":1,"ch":14,"sticky":null},"text":["a"],"removed":[""],"origin":"+input"}
2019-5-30 20:20:40.600#change#{"from":{"line":1,"ch":15,"sticky":null},"to":{"line":1,"ch":15,"sticky":null},"text":["l"],"removed":[""],"origin":"+input"}
2019-5-30 20:20:42.104#change#{"from":{"line":1,"ch":16,"sticky":null},"to":{"line":1,"ch":16,"sticky":null},"text":["("],"removed":[""],"origin":"+input"}
2019-5-30 20:20:43.863#mousedown#{"isTrusted":true}
2019-5-30 20:20:44.756#change#{"from":{"line":1,"ch":25,"sticky":"after"},"to":{"line":1,"ch":26,"sticky":"before","xRel":-3.91668701171875},"text":[""],"removed":["t"],"origin":"+delete"}
2019-5-30 20:20:44.756#keyHandled#"Backspace"
2019-5-30 20:20:45.284#change#{"from":{"line":1,"ch":24,"sticky":"after"},"to":{"line":1,"ch":25,"sticky":null},"text":[""],"removed":["n"],"origin":"+delete"}
2019-5-30 20:20:45.284#keyHandled#"Backspace"
2019-5-30 20:20:46.404#change#{"from":{"line":1,"ch":23,"sticky":"after"},"to":{"line":1,"ch":24,"sticky":null},"text":[""],"removed":["i"],"origin":"+delete"}
2019-5-30 20:20:46.404#keyHandled#"Backspace"
2019-5-30 20:20:49.539#change#{"from":{"line":1,"ch":22,"sticky":"after"},"to":{"line":1,"ch":23,"sticky":null},"text":[""],"removed":["("],"origin":"+delete"}
2019-5-30 20:20:49.540#keyHandled#"Backspace"
2019-5-30 20:20:51.119#mousedown#{"isTrusted":true}
2019-5-30 20:20:52.263#mousedown#{"isTrusted":true}
2019-5-30 20:20:52.879#mousedown#{"isTrusted":true}
2019-5-30 20:20:53.551#mousedown#{"isTrusted":true}
2019-5-30 20:20:54.399#mousedown#{"isTrusted":true}
2019-5-30 20:20:55.078#change#{"from":{"line":1,"ch":45,"sticky":"before","xRel":19.08331298828125},"to":{"line":1,"ch":45,"sticky":"before","xRel":19.08331298828125},"text":["",""],"removed":[""],"origin":"+input"}
2019-5-30 20:20:55.078#keyHandled#"Enter"
2019-5-30 20:20:55.094#viewportChange#0
2019-5-30 20:21:20.475#blur#
2019-5-30 20:21:31.278#mousedown#{"isTrusted":true}
2019-5-30 20:21:31.291#focus#
2019-5-30 20:21:33.029#keyHandled#"Down"
2019-5-30 20:21:33.508#change#{"from":{"line":2,"ch":0,"sticky":"before"},"to":{"line":3,"ch":0,"sticky":"after","xRel":0},"text":[""],"removed":["",""],"origin":"+delete"}
2019-5-30 20:21:33.508#keyHandled#"Backspace"
2019-5-30 20:21:33.521#viewportChange#0
2019-5-30 20:21:33.908#change#{"from":{"line":1,"ch":45,"sticky":"before"},"to":{"line":2,"ch":0,"sticky":null},"text":[""],"removed":["",""],"origin":"+delete"}
2019-5-30 20:21:33.908#keyHandled#"Backspace"
2019-5-30 20:21:33.921#viewportChange#0
2019-5-30 20:21:34.660#change#{"from":{"line":1,"ch":45,"sticky":null},"to":{"line":1,"ch":45,"sticky":null},"text":["",""],"removed":[""],"origin":"+input"}
2019-5-30 20:21:34.660#keyHandled#"Enter"
2019-5-30 20:21:34.670#viewportChange#0
2019-5-30 20:21:48.094#mousedown#{"isTrusted":true}
2019-5-30 20:21:49.186#blur#
2019-5-30 20:21:52.686#mousedown#{"isTrusted":true}
2019-5-30 20:21:52.693#focus#
2019-5-30 20:21:53.859#change#{"from":{"line":2,"ch":0,"sticky":"after","xRel":18.08331298828125},"to":{"line":2,"ch":0,"sticky":"after","xRel":18.08331298828125},"text":["",""],"removed":[""],"origin":"+input"}
2019-5-30 20:21:53.859#keyHandled#"Enter"
2019-5-30 20:21:53.872#viewportChange#0
2019-5-30 20:21:59.255#change#{"from":{"line":3,"ch":0,"sticky":null},"to":{"line":3,"ch":0,"sticky":null},"text":["s"],"removed":[""],"origin":"+input"}
2019-5-30 20:21:59.414#change#{"from":{"line":3,"ch":1,"sticky":null},"to":{"line":3,"ch":1,"sticky":null},"text":["u"],"removed":[""],"origin":"+input"}
2019-5-30 20:22:00.643#change#{"from":{"line":3,"ch":1,"sticky":"after"},"to":{"line":3,"ch":2,"sticky":null},"text":[""],"removed":["u"],"origin":"+delete"}
2019-5-30 20:22:00.643#keyHandled#"Backspace"
2019-5-30 20:22:00.997#change#{"from":{"line":3,"ch":1,"sticky":null},"to":{"line":3,"ch":1,"sticky":null},"text":["o"],"removed":[""],"origin":"+input"}
2019-5-30 20:22:01.350#change#{"from":{"line":3,"ch":2,"sticky":null},"to":{"line":3,"ch":2,"sticky":null},"text":["m"],"removed":[""],"origin":"+input"}
2019-5-30 20:22:01.907#change#{"from":{"line":3,"ch":2,"sticky":"after"},"to":{"line":3,"ch":3,"sticky":null},"text":[""],"removed":["m"],"origin":"+delete"}
2019-5-30 20:22:01.907#keyHandled#"Backspace"
2019-5-30 20:22:02.711#change#{"from":{"line":3,"ch":2,"sticky":null},"to":{"line":3,"ch":2,"sticky":null},"text":["m"],"removed":[""],"origin":"+input"}
2019-5-30 20:22:02.955#change#{"from":{"line":3,"ch":3,"sticky":null},"to":{"line":3,"ch":3,"sticky":null},"text":["a"],"removed":[""],"origin":"+input"}
2019-5-30 20:22:03.270#change#{"from":{"line":3,"ch":4,"sticky":null},"to":{"line":3,"ch":4,"sticky":null},"text":[" "],"removed":[""],"origin":"+input"}
2019-5-30 20:22:03.750#change#{"from":{"line":3,"ch":5,"sticky":null},"to":{"line":3,"ch":5,"sticky":null},"text":["="],"removed":[""],"origin":"+input"}
2019-5-30 20:22:04.056#change#{"from":{"line":3,"ch":6,"sticky":null},"to":{"line":3,"ch":6,"sticky":null},"text":[" "],"removed":[""],"origin":"+input"}
2019-5-30 20:22:14.827#change#{"from":{"line":3,"ch":7,"sticky":null},"to":{"line":3,"ch":7,"sticky":null},"text":["8"],"removed":[""],"origin":"+input"}
2019-5-30 20:22:15.334#change#{"from":{"line":3,"ch":8,"sticky":null},"to":{"line":3,"ch":8,"sticky":null},"text":["0"],"removed":[""],"origin":"+input"}
2019-5-30 20:22:15.750#change#{"from":{"line":3,"ch":9,"sticky":null},"to":{"line":3,"ch":9,"sticky":null},"text":["."],"removed":[""],"origin":"+input"}
2019-5-30 20:22:16.263#change#{"from":{"line":3,"ch":10,"sticky":null},"to":{"line":3,"ch":10,"sticky":null},"text":["0"],"removed":[""],"origin":"+input"}
2019-5-30 20:22:16.651#change#{"from":{"line":3,"ch":11,"sticky":null},"to":{"line":3,"ch":11,"sticky":null},"text":[" "],"removed":[""],"origin":"+input"}
2019-5-30 20:22:18.247#change#{"from":{"line":3,"ch":13,"sticky":null},"to":{"line":3,"ch":13,"sticky":null},"text":[" "],"removed":[""],"origin":"+input"}
2019-5-30 20:22:25.160#change#{"from":{"line":3,"ch":14,"sticky":null},"to":{"line":3,"ch":14,"sticky":null},"text":["5"],"removed":[""],"origin":"+input"}
2019-5-30 20:22:25.526#change#{"from":{"line":3,"ch":15,"sticky":null},"to":{"line":3,"ch":15,"sticky":null},"text":["."],"removed":[""],"origin":"+input"}
2019-5-30 20:22:26.343#change#{"from":{"line":3,"ch":16,"sticky":null},"to":{"line":3,"ch":16,"sticky":null},"text":["0"],"removed":[""],"origin":"+input"}
2019-5-30 20:22:26.870#change#{"from":{"line":3,"ch":17,"sticky":null},"to":{"line":3,"ch":17,"sticky":null},"text":[" "],"removed":[""],"origin":"+input"}
2019-5-30 20:22:29.028#change#{"from":{"line":3,"ch":18,"sticky":null},"to":{"line":3,"ch":18,"sticky":null},"text":["",""],"removed":[""],"origin":"+input"}
2019-5-30 20:22:29.028#keyHandled#"Enter"
2019-5-30 20:22:29.037#viewportChange#0
2019-5-30 20:22:47.207#change#{"from":{"line":4,"ch":0,"sticky":null},"to":{"line":4,"ch":0,"sticky":null},"text":["p"],"removed":[""],"origin":"+input"}
2019-5-30 20:22:47.558#change#{"from":{"line":4,"ch":1,"sticky":null},"to":{"line":4,"ch":1,"sticky":null},"text":["r"],"removed":[""],"origin":"+input"}
2019-5-30 20:22:47.718#change#{"from":{"line":4,"ch":2,"sticky":null},"to":{"line":4,"ch":2,"sticky":null},"text":["i"],"removed":[""],"origin":"+input"}
2019-5-30 20:22:47.926#change#{"from":{"line":4,"ch":3,"sticky":null},"to":{"line":4,"ch":3,"sticky":null},"text":["n"],"removed":[""],"origin":"+input"}
2019-5-30 20:22:48.223#change#{"from":{"line":4,"ch":4,"sticky":null},"to":{"line":4,"ch":4,"sticky":null},"text":["t"],"removed":[""],"origin":"+input"}
2019-5-30 20:22:48.582#change#{"from":{"line":4,"ch":5,"sticky":null},"to":{"line":4,"ch":5,"sticky":null},"text":[" "],"removed":[""],"origin":"+input"}
2019-5-30 20:22:49.706#change#{"from":{"line":4,"ch":6,"sticky":null},"to":{"line":4,"ch":6,"sticky":null},"text":["()"],"removed":[""],"origin":"+input"}
2019-5-30 20:22:49.706#keyHandled#"'('"
2019-5-30 20:22:51.191#change#{"from":{"line":4,"ch":7,"sticky":"after"},"to":{"line":4,"ch":7,"sticky":"after"},"text":["s"],"removed":[""],"origin":"+input"}
2019-5-30 20:22:51.413#change#{"from":{"line":4,"ch":8,"sticky":null},"to":{"line":4,"ch":8,"sticky":null},"text":["o"],"removed":[""],"origin":"+input"}
2019-5-30 20:22:51.638#change#{"from":{"line":4,"ch":9,"sticky":null},"to":{"line":4,"ch":9,"sticky":null},"text":["m"],"removed":[""],"origin":"+input"}
2019-5-30 20:22:51.829#change#{"from":{"line":4,"ch":10,"sticky":null},"to":{"line":4,"ch":10,"sticky":null},"text":["a"],"removed":[""],"origin":"+input"}
2019-5-30 20:22:52.053#change#{"from":{"line":4,"ch":11,"sticky":null},"to":{"line":4,"ch":11,"sticky":null},"text":[" "],"removed":[""],"origin":"+input"}
2019-5-30 20:22:53.379#change#{"from":{"line":4,"ch":11,"sticky":"after"},"to":{"line":4,"ch":12,"sticky":null},"text":[""],"removed":[" "],"origin":"+delete"}
2019-5-30 20:22:53.379#keyHandled#"Backspace"
2019-5-30 20:22:53.379#change#{"from":{"line":4,"ch":11,"sticky":"after"},"to":{"line":4,"ch":12,"sticky":null},"text":[""],"removed":[" "],"origin":"+delete"}
2019-5-30 20:22:53.379#keyHandled#"Backspace"
2019-5-30 20:22:55.381#submit#Your code did not produce the correct output. Please, correct your code and try again.
2019-5-30 20:22:55.381#submit#Your code did not produce the correct output. Please, correct your code and try again.
2019-5-30 20:22:58.015#saida_testar#$ python3 main.py
2019-5-30 20:22:58.347#blur#
2019-5-30 20:23:33.190#mousedown#{"isTrusted":true}
2019-5-30 20:23:33.364#focus#
2019-5-30 20:23:35.540#change#{"from":{"line":3,"ch":0,"sticky":"after","xRel":3.08331298828125},"to":{"line":4,"ch":12,"sticky":"before","xRel":37.08331298828125},"text":[""],"removed":["soma = 80.0 - 5.0 ","print (soma)"],"origin":"+delete"}
2019-5-30 20:23:35.540#keyHandled#"Backspace"
2019-5-30 20:23:35.557#viewportChange#0
2019-5-30 20:23:40.839#change#{"from":{"line":3,"ch":0,"sticky":null},"to":{"line":3,"ch":0,"sticky":null},"text":["soma = 80.0 - 5.0 ","print (soma)"],"removed":[""],"origin":"undo"}
2019-5-30 20:23:40.839#keyHandled#"Ctrl-Z"
2019-5-30 20:23:40.855#viewportChange#0
2019-5-30 20:23:41.917#mousedown#{"isTrusted":true}
2019-5-30 20:23:42.492#mousedown#{"isTrusted":true}
2019-5-30 20:23:43.493#mousedown#{"isTrusted":true}
2019-5-30 20:23:45.203#change#{"from":{"line":3,"ch":12,"sticky":"before","xRel":-3.91668701171875},"to":{"line":3,"ch":17,"sticky":"after","xRel":2.08331298828125},"text":[""],"removed":["- 5.0"],"origin":"+delete"}
2019-5-30 20:23:45.203#keyHandled#"Backspace"
2019-5-30 20:23:45.836#mousedown#{"isTrusted":true}
2019-5-30 20:23:47.347#change#{"from":{"line":4,"ch":0,"sticky":"after","xRel":3.08331298828125},"to":{"line":4,"ch":12,"sticky":"before","xRel":6.08331298828125},"text":[""],"removed":["print (soma)"],"origin":"+delete"}
2019-5-30 20:23:47.347#keyHandled#"Backspace"
2019-5-30 20:23:48.195#change#{"from":{"line":3,"ch":13,"sticky":"before"},"to":{"line":4,"ch":0,"sticky":null},"text":[""],"removed":["",""],"origin":"+delete"}
2019-5-30 20:23:48.195#keyHandled#"Backspace"
2019-5-30 20:23:48.209#viewportChange#0
2019-5-30 20:23:48.675#change#{"from":{"line":3,"ch":12,"sticky":"after"},"to":{"line":3,"ch":13,"sticky":null},"text":[""],"removed":[" "],"origin":"+delete"}
2019-5-30 20:23:48.675#keyHandled#"Backspace"
2019-5-30 20:23:49.122#change#{"from":{"line":3,"ch":11,"sticky":"after"},"to":{"line":3,"ch":12,"sticky":null},"text":[""],"removed":[" "],"origin":"+delete"}
2019-5-30 20:23:49.122#keyHandled#"Backspace"
2019-5-30 20:24:07.698#blur#
2019-5-30 20:24:17.973#mousedown#{"isTrusted":true}
2019-5-30 20:24:17.981#focus#
2019-5-30 20:24:18.309#mousedown#{"isTrusted":true}
2019-5-30 20:24:20.596#change#{"from":{"line":3,"ch":0,"sticky":null},"to":{"line":3,"ch":11,"sticky":null},"text":[""],"removed":["soma = 80.0"],"origin":"+delete"}
2019-5-30 20:24:20.596#keyHandled#"Backspace"
2019-5-30 20:24:23.755#blur#
2019-5-30 20:24:57.974#submit#Your code did not produce the correct output. Please, correct your code and try again.
2019-5-30 20:25:00.301#mousedown#{"isTrusted":true}
2019-5-30 20:25:00.458#focus#
2019-5-30 20:25:00.829#mousedown#{"isTrusted":true}
2019-5-30 20:25:08.665#blur#
2019-5-30 20:25:37.116#mousedown#{"isTrusted":true}
2019-5-30 20:25:37.136#focus#
2019-5-30 20:25:38.455#change#{"from":{"line":2,"ch":0,"sticky":"after","xRel":44.08331298828125},"to":{"line":2,"ch":0,"sticky":"after","xRel":44.08331298828125},"text":["v"],"removed":[""],"origin":"+input"}
2019-5-30 20:25:38.741#change#{"from":{"line":2,"ch":1,"sticky":null},"to":{"line":2,"ch":1,"sticky":null},"text":["e"],"removed":[""],"origin":"+input"}
2019-5-30 20:25:39.318#change#{"from":{"line":2,"ch":2,"sticky":null},"to":{"line":2,"ch":2,"sticky":null},"text":["t"],"removed":[""],"origin":"+input"}
2019-5-30 20:25:40.117#change#{"from":{"line":2,"ch":3,"sticky":null},"to":{"line":2,"ch":3,"sticky":null},"text":[" "],"removed":[""],"origin":"+input"}
2019-5-30 20:25:40.854#change#{"from":{"line":2,"ch":4,"sticky":null},"to":{"line":2,"ch":4,"sticky":null},"text":["="],"removed":[""],"origin":"+input"}
2019-5-30 20:25:41.222#change#{"from":{"line":2,"ch":5,"sticky":null},"to":{"line":2,"ch":5,"sticky":null},"text":[" "],"removed":[""],"origin":"+input"}
2019-5-30 20:25:42.181#change#{"from":{"line":2,"ch":6,"sticky":null},"to":{"line":2,"ch":6,"sticky":null},"text":["a"],"removed":[""],"origin":"+input"}
2019-5-30 20:25:43.254#change#{"from":{"line":2,"ch":7,"sticky":null},"to":{"line":2,"ch":7,"sticky":null},"text":["r"],"removed":[""],"origin":"+input"}
2019-5-30 20:25:43.534#change#{"from":{"line":2,"ch":8,"sticky":null},"to":{"line":2,"ch":8,"sticky":null},"text":["r"],"removed":[""],"origin":"+input"}
2019-5-30 20:25:43.749#change#{"from":{"line":2,"ch":9,"sticky":null},"to":{"line":2,"ch":9,"sticky":null},"text":["a"],"removed":[""],"origin":"+input"}
2019-5-30 20:25:44.823#change#{"from":{"line":2,"ch":10,"sticky":null},"to":{"line":2,"ch":10,"sticky":null},"text":["y"],"removed":[""],"origin":"+input"}
2019-5-30 20:25:45.733#change#{"from":{"line":2,"ch":11,"sticky":null},"to":{"line":2,"ch":11,"sticky":null},"text":[" "],"removed":[""],"origin":"+input"}
2019-5-30 20:25:46.658#change#{"from":{"line":2,"ch":11,"sticky":"after"},"to":{"line":2,"ch":12,"sticky":null},"text":[""],"removed":[" "],"origin":"+delete"}
2019-5-30 20:25:46.658#keyHandled#"Backspace"
2019-5-30 20:25:47.781#change#{"from":{"line":2,"ch":11,"sticky":null},"to":{"line":2,"ch":11,"sticky":null},"text":["()"],"removed":[""],"origin":"+input"}
2019-5-30 20:25:47.781#keyHandled#"'('"
2019-5-30 20:25:51.429#change#{"from":{"line":2,"ch":12,"sticky":"after"},"to":{"line":2,"ch":12,"sticky":"after"},"text":["e"],"removed":[""],"origin":"+input"}
2019-5-30 20:25:51.589#change#{"from":{"line":2,"ch":13,"sticky":null},"to":{"line":2,"ch":13,"sticky":null},"text":["v"],"removed":[""],"origin":"+input"}
2019-5-30 20:25:51.812#change#{"from":{"line":2,"ch":14,"sticky":null},"to":{"line":2,"ch":14,"sticky":null},"text":["a"],"removed":[""],"origin":"+input"}
2019-5-30 20:25:52.052#change#{"from":{"line":2,"ch":15,"sticky":null},"to":{"line":2,"ch":15,"sticky":null},"text":["l"],"removed":[""],"origin":"+input"}
2019-5-30 20:25:53.240#change#{"from":{"line":2,"ch":16,"sticky":null},"to":{"line":2,"ch":16,"sticky":null},"text":["()"],"removed":[""],"origin":"+input"}
2019-5-30 20:25:53.240#keyHandled#"'('"
2019-5-30 20:25:53.782#change#{"from":{"line":2,"ch":17,"sticky":"after"},"to":{"line":2,"ch":17,"sticky":"after"},"text":["i"],"removed":[""],"origin":"+input"}
2019-5-30 20:25:54.037#change#{"from":{"line":2,"ch":18,"sticky":null},"to":{"line":2,"ch":18,"sticky":null},"text":["n"],"removed":[""],"origin":"+input"}
2019-5-30 20:25:54.341#change#{"from":{"line":2,"ch":19,"sticky":null},"to":{"line":2,"ch":19,"sticky":null},"text":["p"],"removed":[""],"origin":"+input"}
2019-5-30 20:25:55.157#change#{"from":{"line":2,"ch":20,"sticky":null},"to":{"line":2,"ch":20,"sticky":null},"text":["u"],"removed":[""],"origin":"+input"}
2019-5-30 20:25:56.502#change#{"from":{"line":2,"ch":21,"sticky":null},"to":{"line":2,"ch":21,"sticky":null},"text":["t"],"removed":[""],"origin":"+input"}
2019-5-30 20:25:57.572#change#{"from":{"line":2,"ch":22,"sticky":null},"to":{"line":2,"ch":22,"sticky":null},"text":["()"],"removed":[""],"origin":"+input"}
2019-5-30 20:25:57.572#keyHandled#"'('"
2019-5-30 20:25:58.758#change#{"from":{"line":2,"ch":23,"sticky":"after"},"to":{"line":2,"ch":23,"sticky":"after"},"text":["\"\""],"removed":[""],"origin":"+input"}
2019-5-30 20:25:58.758#keyHandled#"'\"'"
2019-5-30 20:26:01.590#change#{"from":{"line":2,"ch":24,"sticky":"after"},"to":{"line":2,"ch":24,"sticky":"after"},"text":["c"],"removed":[""],"origin":"+input"}
2019-5-30 20:26:01.812#change#{"from":{"line":2,"ch":25,"sticky":null},"to":{"line":2,"ch":25,"sticky":null},"text":["u"],"removed":[""],"origin":"+input"}
2019-5-30 20:26:01.993#change#{"from":{"line":2,"ch":26,"sticky":null},"to":{"line":2,"ch":26,"sticky":null},"text":["s"],"removed":[""],"origin":"+input"}
2019-5-30 20:26:02.342#change#{"from":{"line":2,"ch":27,"sticky":null},"to":{"line":2,"ch":27,"sticky":null},"text":["t"],"removed":[""],"origin":"+input"}
2019-5-30 20:26:02.564#change#{"from":{"line":2,"ch":28,"sticky":null},"to":{"line":2,"ch":28,"sticky":null},"text":["o"],"removed":[""],"origin":"+input"}
2019-5-30 20:26:03.109#change#{"from":{"line":2,"ch":29,"sticky":null},"to":{"line":2,"ch":29,"sticky":null},"text":[" "],"removed":[""],"origin":"+input"}
2019-5-30 20:26:04.533#change#{"from":{"line":2,"ch":30,"sticky":null},"to":{"line":2,"ch":30,"sticky":null},"text":["t"],"removed":[""],"origin":"+input"}
2019-5-30 20:26:04.709#change#{"from":{"line":2,"ch":31,"sticky":null},"to":{"line":2,"ch":31,"sticky":null},"text":["o"],"removed":[""],"origin":"+input"}
2019-5-30 20:26:04.980#change#{"from":{"line":2,"ch":32,"sticky":null},"to":{"line":2,"ch":32,"sticky":null},"text":["a"],"removed":[""],"origin":"+input"}
2019-5-30 20:26:05.617#change#{"from":{"line":2,"ch":32,"sticky":"after"},"to":{"line":2,"ch":33,"sticky":null},"text":[""],"removed":["a"],"origin":"+delete"}
2019-5-30 20:26:05.617#keyHandled#"Backspace"
2019-5-30 20:26:06.325#change#{"from":{"line":2,"ch":32,"sticky":null},"to":{"line":2,"ch":32,"sticky":null},"text":["t"],"removed":[""],"origin":"+input"}
2019-5-30 20:26:06.500#change#{"from":{"line":2,"ch":33,"sticky":null},"to":{"line":2,"ch":33,"sticky":null},"text":["a"],"removed":[""],"origin":"+input"}
2019-5-30 20:26:08.229#change#{"from":{"line":2,"ch":34,"sticky":null},"to":{"line":2,"ch":34,"sticky":null},"text":["l"],"removed":[""],"origin":"+input"}
2019-5-30 20:26:08.516#change#{"from":{"line":2,"ch":35,"sticky":null},"to":{"line":2,"ch":35,"sticky":null},"text":[" "],"removed":[""],"origin":"+input"}
2019-5-30 20:26:10.309#change#{"from":{"line":2,"ch":36,"sticky":null},"to":{"line":2,"ch":36,"sticky":null},"text":["d"],"removed":[""],"origin":"+input"}
2019-5-30 20:26:10.548#change#{"from":{"line":2,"ch":37,"sticky":null},"to":{"line":2,"ch":37,"sticky":null},"text":["a"],"removed":[""],"origin":"+input"}
2019-5-30 20:26:10.756#change#{"from":{"line":2,"ch":38,"sticky":null},"to":{"line":2,"ch":38,"sticky":null},"text":[" "],"removed":[""],"origin":"+input"}
2019-5-30 20:26:10.932#change#{"from":{"line":2,"ch":39,"sticky":null},"to":{"line":2,"ch":39,"sticky":null},"text":["c"],"removed":[""],"origin":"+input"}
2019-5-30 20:26:11.109#change#{"from":{"line":2,"ch":40,"sticky":null},"to":{"line":2,"ch":40,"sticky":null},"text":["o"],"removed":[""],"origin":"+input"}
2019-5-30 20:26:11.365#change#{"from":{"line":2,"ch":41,"sticky":null},"to":{"line":2,"ch":41,"sticky":null},"text":["m"],"removed":[""],"origin":"+input"}
2019-5-30 20:26:11.621#change#{"from":{"line":2,"ch":42,"sticky":null},"to":{"line":2,"ch":42,"sticky":null},"text":["p"],"removed":[""],"origin":"+input"}
2019-5-30 20:26:12.085#change#{"from":{"line":2,"ch":43,"sticky":null},"to":{"line":2,"ch":43,"sticky":null},"text":["r"],"removed":[""],"origin":"+input"}
2019-5-30 20:26:12.244#change#{"from":{"line":2,"ch":44,"sticky":null},"to":{"line":2,"ch":44,"sticky":null},"text":["a"],"removed":[""],"origin":"+input"}
2019-5-30 20:26:13.302#change#{"from":{"line":2,"ch":45,"sticky":null},"to":{"line":2,"ch":45,"sticky":null},"text":[":"],"removed":[""],"origin":"+input"}
2019-5-30 20:26:13.637#change#{"from":{"line":2,"ch":46,"sticky":null},"to":{"line":2,"ch":46,"sticky":null},"text":[" "],"removed":[""],"origin":"+input"}
2019-5-30 20:26:15.212#mousedown#{"isTrusted":true}
2019-5-30 20:26:15.858#change#{"from":{"line":2,"ch":51,"sticky":"before","xRel":44.08331298828125},"to":{"line":2,"ch":51,"sticky":"before","xRel":44.08331298828125},"text":["",""],"removed":[""],"origin":"+input"}
2019-5-30 20:26:15.858#keyHandled#"Enter"
2019-5-30 20:26:15.875#viewportChange#0
2019-5-30 20:26:23.904#blur#
2019-5-30 20:26:33.124#mousedown#{"isTrusted":true}
2019-5-30 20:26:33.139#focus#
2019-5-30 20:26:33.827#change#{"from":{"line":3,"ch":0,"sticky":"after","xRel":40.08331298828125},"to":{"line":3,"ch":0,"sticky":"after","xRel":40.08331298828125},"text":["",""],"removed":[""],"origin":"+input"}
2019-5-30 20:26:33.827#keyHandled#"Enter"
2019-5-30 20:26:33.840#viewportChange#0
2019-5-30 20:26:52.024#blur#
2019-5-30 20:36:41.567#mousedown#{"isTrusted":true}
2019-5-30 20:36:41.590#focus#
2019-5-30 20:36:44.463#mousedown#{"isTrusted":true}
2019-5-30 20:36:45.662#change#{"from":{"line":3,"ch":0,"sticky":"after","xRel":13.08331298828125},"to":{"line":5,"ch":0,"sticky":"after","xRel":31.08331298828125},"text":[""],"removed":["","",""],"origin":"+delete"}
2019-5-30 20:36:45.662#keyHandled#"Backspace"
2019-5-30 20:36:45.678#viewportChange#0
