2019-3-14 08:53:10.945#viewportChange#0
2019-3-14 08:53:48.422#mousedown#{"isTrusted":true}
2019-3-14 08:53:48.426#focus#
2019-3-14 08:53:52.774#mousedown#{"isTrusted":true}
2019-3-14 08:53:53.598#mousedown#{"isTrusted":true}
2019-3-14 08:54:06.747#blur#
2019-3-14 08:56:16.677#mousedown#{"isTrusted":true}
2019-3-14 08:56:16.686#focus#
2019-3-14 08:56:20.363#change#{"from":{"line":0,"ch":4,"sticky":"before","xRel":39.048583984375},"to":{"line":0,"ch":4,"sticky":"before","xRel":39.048583984375},"text":[" "],"removed":[""],"origin":"+input"}
2019-3-14 08:56:20.527#change#{"from":{"line":0,"ch":5,"sticky":null},"to":{"line":0,"ch":5,"sticky":null},"text":["="],"removed":[""],"origin":"+input"}
2019-3-14 08:56:20.637#change#{"from":{"line":0,"ch":6,"sticky":null},"to":{"line":0,"ch":6,"sticky":null},"text":[" "],"removed":[""],"origin":"+input"}
2019-3-14 08:56:24.858#blur#
2019-3-14 08:56:26.765#focus#
2019-3-14 08:56:29.256#change#{"from":{"line":0,"ch":7,"sticky":null},"to":{"line":0,"ch":7,"sticky":null},"text":["4"],"removed":[""],"origin":"+input"}
2019-3-14 08:56:29.264#change#{"from":{"line":0,"ch":8,"sticky":null},"to":{"line":0,"ch":8,"sticky":null},"text":["0"],"removed":[""],"origin":"+input"}
2019-3-14 08:56:32.235#change#{"from":{"line":0,"ch":9,"sticky":null},"to":{"line":0,"ch":9,"sticky":null},"text":["",""],"removed":[""],"origin":"+input"}
2019-3-14 08:56:32.235#keyHandled#"Enter"
2019-3-14 08:56:32.243#viewportChange#0
2019-3-14 08:56:32.879#change#{"from":{"line":1,"ch":0,"sticky":null},"to":{"line":1,"ch":0,"sticky":null},"text":["v"],"removed":[""],"origin":"+input"}
2019-3-14 08:56:32.922#change#{"from":{"line":1,"ch":1,"sticky":null},"to":{"line":1,"ch":1,"sticky":null},"text":["a"],"removed":[""],"origin":"+input"}
2019-3-14 08:56:33.450#change#{"from":{"line":1,"ch":2,"sticky":null},"to":{"line":1,"ch":2,"sticky":null},"text":["r"],"removed":[""],"origin":"+input"}
2019-3-14 08:56:33.518#change#{"from":{"line":1,"ch":3,"sticky":null},"to":{"line":1,"ch":3,"sticky":null},"text":["2"],"removed":[""],"origin":"+input"}
2019-3-14 08:56:35.425#change#{"from":{"line":1,"ch":4,"sticky":null},"to":{"line":1,"ch":4,"sticky":null},"text":[" "],"removed":[""],"origin":"+input"}
2019-3-14 08:56:36.459#change#{"from":{"line":1,"ch":5,"sticky":null},"to":{"line":1,"ch":5,"sticky":null},"text":["="],"removed":[""],"origin":"+input"}
2019-3-14 08:56:38.393#change#{"from":{"line":1,"ch":6,"sticky":null},"to":{"line":1,"ch":6,"sticky":null},"text":[" "],"removed":[""],"origin":"+input"}
2019-3-14 08:56:41.500#change#{"from":{"line":1,"ch":7,"sticky":null},"to":{"line":1,"ch":7,"sticky":null},"text":["3"],"removed":[""],"origin":"+input"}
2019-3-14 08:56:41.509#change#{"from":{"line":1,"ch":8,"sticky":null},"to":{"line":1,"ch":8,"sticky":null},"text":["5"],"removed":[""],"origin":"+input"}
2019-3-14 08:56:48.658#change#{"from":{"line":2,"ch":0,"sticky":null},"to":{"line":2,"ch":0,"sticky":null},"text":["p"],"removed":[""],"origin":"+input"}
2019-3-14 08:56:48.666#change#{"from":{"line":2,"ch":1,"sticky":null},"to":{"line":2,"ch":1,"sticky":null},"text":["r"],"removed":[""],"origin":"+input"}
2019-3-14 08:56:48.954#change#{"from":{"line":2,"ch":2,"sticky":null},"to":{"line":2,"ch":2,"sticky":null},"text":["i"],"removed":[""],"origin":"+input"}
2019-3-14 08:56:49.075#change#{"from":{"line":2,"ch":3,"sticky":null},"to":{"line":2,"ch":3,"sticky":null},"text":["n"],"removed":[""],"origin":"+input"}
2019-3-14 08:56:49.267#change#{"from":{"line":2,"ch":4,"sticky":null},"to":{"line":2,"ch":4,"sticky":null},"text":["t"],"removed":[""],"origin":"+input"}
2019-3-14 08:56:53.957#change#{"from":{"line":2,"ch":5,"sticky":null},"to":{"line":2,"ch":5,"sticky":null},"text":["()"],"removed":[""],"origin":"+input"}
2019-3-14 08:56:53.957#keyHandled#"'('"
2019-3-14 08:56:56.915#keyHandled#"Left"
2019-3-14 08:57:00.686#change#{"from":{"line":2,"ch":6,"sticky":"after"},"to":{"line":2,"ch":6,"sticky":"after"},"text":["v"],"removed":[""],"origin":"+input"}
2019-3-14 08:57:01.238#change#{"from":{"line":2,"ch":7,"sticky":null},"to":{"line":2,"ch":7,"sticky":null},"text":["a"],"removed":[""],"origin":"+input"}
2019-3-14 08:57:01.244#change#{"from":{"line":2,"ch":8,"sticky":null},"to":{"line":2,"ch":8,"sticky":null},"text":["r"],"removed":[""],"origin":"+input"}
2019-3-14 08:57:01.888#change#{"from":{"line":2,"ch":9,"sticky":null},"to":{"line":2,"ch":9,"sticky":null},"text":["1"],"removed":[""],"origin":"+input"}
2019-3-14 08:57:04.991#change#{"from":{"line":2,"ch":10,"sticky":null},"to":{"line":2,"ch":10,"sticky":null},"text":[" "],"removed":[""],"origin":"+input"}
2019-3-14 08:57:11.212#change#{"from":{"line":2,"ch":11,"sticky":null},"to":{"line":2,"ch":11,"sticky":null},"text":["+"],"removed":[""],"origin":"+input"}
2019-3-14 08:57:14.809#change#{"from":{"line":2,"ch":12,"sticky":null},"to":{"line":2,"ch":12,"sticky":null},"text":[" "],"removed":[""],"origin":"+input"}
2019-3-14 08:57:15.144#change#{"from":{"line":2,"ch":13,"sticky":null},"to":{"line":2,"ch":13,"sticky":null},"text":["v"],"removed":[""],"origin":"+input"}
2019-3-14 08:57:15.344#change#{"from":{"line":2,"ch":14,"sticky":null},"to":{"line":2,"ch":14,"sticky":null},"text":["a"],"removed":[""],"origin":"+input"}
2019-3-14 08:57:15.513#change#{"from":{"line":2,"ch":15,"sticky":null},"to":{"line":2,"ch":15,"sticky":null},"text":["r"],"removed":[""],"origin":"+input"}
2019-3-14 08:57:15.872#change#{"from":{"line":2,"ch":16,"sticky":null},"to":{"line":2,"ch":16,"sticky":null},"text":["2"],"removed":[""],"origin":"+input"}
2019-3-14 08:57:20.455#blur#
