2019-4-11 19:25:03.747#viewportChange#0
2019-4-11 19:51:01.235#mousedown#{"isTrusted":true}
2019-4-11 19:51:01.246#focus#
2019-4-11 19:52:01.348#change#{"from":{"line":3,"ch":0,"sticky":null,"xRel":1,"outside":true},"to":{"line":3,"ch":0,"sticky":null,"xRel":1,"outside":true},"text":["r"],"removed":[""],"origin":"+input"}
2019-4-11 19:52:01.684#change#{"from":{"line":3,"ch":1,"sticky":null},"to":{"line":3,"ch":1,"sticky":null},"text":["a"],"removed":[""],"origin":"+input"}
2019-4-11 19:52:02.204#change#{"from":{"line":3,"ch":2,"sticky":null},"to":{"line":3,"ch":2,"sticky":null},"text":["i"],"removed":[""],"origin":"+input"}
2019-4-11 19:52:02.365#change#{"from":{"line":3,"ch":3,"sticky":null},"to":{"line":3,"ch":3,"sticky":null},"text":["o"],"removed":[""],"origin":"+input"}
2019-4-11 19:52:03.760#change#{"from":{"line":3,"ch":4,"sticky":null},"to":{"line":3,"ch":4,"sticky":null},"text":["_"],"removed":[""],"origin":"+input"}
2019-4-11 19:52:04.766#change#{"from":{"line":3,"ch":4,"sticky":"after"},"to":{"line":3,"ch":5,"sticky":null},"text":[""],"removed":["_"],"origin":"+delete"}
2019-4-11 19:52:04.766#keyHandled#"Backspace"
2019-4-11 19:52:05.106#change#{"from":{"line":3,"ch":4,"sticky":null},"to":{"line":3,"ch":4,"sticky":null},"text":["="],"removed":[""],"origin":"+input"}
2019-4-11 19:52:11.194#change#{"from":{"line":3,"ch":5,"sticky":null},"to":{"line":3,"ch":5,"sticky":null},"text":["f"],"removed":[""],"origin":"+input"}
2019-4-11 19:52:11.662#change#{"from":{"line":3,"ch":6,"sticky":null},"to":{"line":3,"ch":6,"sticky":null},"text":["l"],"removed":[""],"origin":"+input"}
2019-4-11 19:52:11.935#change#{"from":{"line":3,"ch":7,"sticky":null},"to":{"line":3,"ch":7,"sticky":null},"text":["o"],"removed":[""],"origin":"+input"}
2019-4-11 19:52:12.132#change#{"from":{"line":3,"ch":8,"sticky":null},"to":{"line":3,"ch":8,"sticky":null},"text":["a"],"removed":[""],"origin":"+input"}
2019-4-11 19:52:12.915#change#{"from":{"line":3,"ch":9,"sticky":null},"to":{"line":3,"ch":9,"sticky":null},"text":["t"],"removed":[""],"origin":"+input"}
2019-4-11 19:52:13.814#change#{"from":{"line":3,"ch":10,"sticky":null},"to":{"line":3,"ch":10,"sticky":null},"text":["()"],"removed":[""],"origin":"+input"}
2019-4-11 19:52:13.814#keyHandled#"'('"
2019-4-11 19:52:15.346#change#{"from":{"line":3,"ch":11,"sticky":"after"},"to":{"line":3,"ch":11,"sticky":"after"},"text":["i"],"removed":[""],"origin":"+input"}
2019-4-11 19:52:15.611#change#{"from":{"line":3,"ch":12,"sticky":null},"to":{"line":3,"ch":12,"sticky":null},"text":["n"],"removed":[""],"origin":"+input"}
2019-4-11 19:52:16.113#change#{"from":{"line":3,"ch":13,"sticky":null},"to":{"line":3,"ch":13,"sticky":null},"text":["p"],"removed":[""],"origin":"+input"}
2019-4-11 19:52:16.547#change#{"from":{"line":3,"ch":14,"sticky":null},"to":{"line":3,"ch":14,"sticky":null},"text":["u"],"removed":[""],"origin":"+input"}
2019-4-11 19:52:16.881#change#{"from":{"line":3,"ch":15,"sticky":null},"to":{"line":3,"ch":15,"sticky":null},"text":["t"],"removed":[""],"origin":"+input"}
2019-4-11 19:52:18.343#change#{"from":{"line":3,"ch":16,"sticky":null},"to":{"line":3,"ch":16,"sticky":null},"text":["()"],"removed":[""],"origin":"+input"}
2019-4-11 19:52:18.343#keyHandled#"'('"
2019-4-11 19:52:28.837#change#{"from":{"line":3,"ch":17,"sticky":"after"},"to":{"line":3,"ch":17,"sticky":"after"},"text":["r"],"removed":[""],"origin":"+input"}
2019-4-11 19:52:29.026#change#{"from":{"line":3,"ch":18,"sticky":null},"to":{"line":3,"ch":18,"sticky":null},"text":["a"],"removed":[""],"origin":"+input"}
2019-4-11 19:52:29.832#change#{"from":{"line":3,"ch":19,"sticky":null},"to":{"line":3,"ch":19,"sticky":null},"text":["i"],"removed":[""],"origin":"+input"}
2019-4-11 19:52:29.994#change#{"from":{"line":3,"ch":20,"sticky":null},"to":{"line":3,"ch":20,"sticky":null},"text":["o"],"removed":[""],"origin":"+input"}
2019-4-11 19:52:30.241#change#{"from":{"line":3,"ch":21,"sticky":null},"to":{"line":3,"ch":21,"sticky":null},"text":[" "],"removed":[""],"origin":"+input"}
2019-4-11 19:52:30.613#change#{"from":{"line":3,"ch":22,"sticky":null},"to":{"line":3,"ch":22,"sticky":null},"text":["d"],"removed":[""],"origin":"+input"}
2019-4-11 19:52:30.807#change#{"from":{"line":3,"ch":23,"sticky":null},"to":{"line":3,"ch":23,"sticky":null},"text":["o"],"removed":[""],"origin":"+input"}
2019-4-11 19:52:30.991#change#{"from":{"line":3,"ch":24,"sticky":null},"to":{"line":3,"ch":24,"sticky":null},"text":[" "],"removed":[""],"origin":"+input"}
2019-4-11 19:52:31.384#change#{"from":{"line":3,"ch":25,"sticky":null},"to":{"line":3,"ch":25,"sticky":null},"text":["t"],"removed":[""],"origin":"+input"}
2019-4-11 19:52:31.515#change#{"from":{"line":3,"ch":26,"sticky":null},"to":{"line":3,"ch":26,"sticky":null},"text":["a"],"removed":[""],"origin":"+input"}
2019-4-11 19:52:31.833#change#{"from":{"line":3,"ch":27,"sticky":null},"to":{"line":3,"ch":27,"sticky":null},"text":["n"],"removed":[""],"origin":"+input"}
2019-4-11 19:52:32.424#change#{"from":{"line":3,"ch":27,"sticky":"after"},"to":{"line":3,"ch":28,"sticky":null},"text":[""],"removed":["n"],"origin":"+delete"}
2019-4-11 19:52:32.424#keyHandled#"Backspace"
2019-4-11 19:52:32.616#change#{"from":{"line":3,"ch":26,"sticky":"after"},"to":{"line":3,"ch":27,"sticky":null},"text":[""],"removed":["a"],"origin":"+delete"}
2019-4-11 19:52:32.616#keyHandled#"Backspace"
2019-4-11 19:52:32.785#change#{"from":{"line":3,"ch":25,"sticky":"after"},"to":{"line":3,"ch":26,"sticky":null},"text":[""],"removed":["t"],"origin":"+delete"}
2019-4-11 19:52:32.786#keyHandled#"Backspace"
2019-4-11 19:52:32.935#change#{"from":{"line":3,"ch":24,"sticky":"after"},"to":{"line":3,"ch":25,"sticky":null},"text":[""],"removed":[" "],"origin":"+delete"}
2019-4-11 19:52:32.935#keyHandled#"Backspace"
2019-4-11 19:52:33.073#change#{"from":{"line":3,"ch":23,"sticky":"after"},"to":{"line":3,"ch":24,"sticky":null},"text":[""],"removed":["o"],"origin":"+delete"}
2019-4-11 19:52:33.073#keyHandled#"Backspace"
2019-4-11 19:52:33.180#change#{"from":{"line":3,"ch":22,"sticky":"after"},"to":{"line":3,"ch":23,"sticky":null},"text":[""],"removed":["d"],"origin":"+delete"}
2019-4-11 19:52:33.180#keyHandled#"Backspace"
2019-4-11 19:52:33.349#change#{"from":{"line":3,"ch":21,"sticky":"after"},"to":{"line":3,"ch":22,"sticky":null},"text":[""],"removed":[" "],"origin":"+delete"}
2019-4-11 19:52:33.349#keyHandled#"Backspace"
2019-4-11 19:52:33.487#change#{"from":{"line":3,"ch":20,"sticky":"after"},"to":{"line":3,"ch":21,"sticky":null},"text":[""],"removed":["o"],"origin":"+delete"}
2019-4-11 19:52:33.487#keyHandled#"Backspace"
2019-4-11 19:52:33.649#change#{"from":{"line":3,"ch":19,"sticky":"after"},"to":{"line":3,"ch":20,"sticky":null},"text":[""],"removed":["i"],"origin":"+delete"}
2019-4-11 19:52:33.649#keyHandled#"Backspace"
2019-4-11 19:52:33.882#change#{"from":{"line":3,"ch":18,"sticky":"after"},"to":{"line":3,"ch":19,"sticky":null},"text":[""],"removed":["a"],"origin":"+delete"}
2019-4-11 19:52:33.882#keyHandled#"Backspace"
2019-4-11 19:52:34.268#change#{"from":{"line":3,"ch":17,"sticky":"after"},"to":{"line":3,"ch":18,"sticky":null},"text":[""],"removed":["r"],"origin":"+delete"}
2019-4-11 19:52:34.268#keyHandled#"Backspace"
2019-4-11 19:52:35.275#change#{"from":{"line":3,"ch":17,"sticky":null},"to":{"line":3,"ch":17,"sticky":null},"text":["\"\""],"removed":[""],"origin":"+input"}
2019-4-11 19:52:35.275#keyHandled#"'\"'"
2019-4-11 19:52:36.042#change#{"from":{"line":3,"ch":18,"sticky":"after"},"to":{"line":3,"ch":18,"sticky":"after"},"text":["r"],"removed":[""],"origin":"+input"}
2019-4-11 19:52:36.354#change#{"from":{"line":3,"ch":19,"sticky":null},"to":{"line":3,"ch":19,"sticky":null},"text":["a"],"removed":[""],"origin":"+input"}
2019-4-11 19:52:36.661#change#{"from":{"line":3,"ch":20,"sticky":null},"to":{"line":3,"ch":20,"sticky":null},"text":["i"],"removed":[""],"origin":"+input"}
2019-4-11 19:52:36.803#change#{"from":{"line":3,"ch":21,"sticky":null},"to":{"line":3,"ch":21,"sticky":null},"text":["o"],"removed":[""],"origin":"+input"}
2019-4-11 19:52:37.089#change#{"from":{"line":3,"ch":22,"sticky":null},"to":{"line":3,"ch":22,"sticky":null},"text":[" "],"removed":[""],"origin":"+input"}
2019-4-11 19:52:37.348#change#{"from":{"line":3,"ch":23,"sticky":null},"to":{"line":3,"ch":23,"sticky":null},"text":["d"],"removed":[""],"origin":"+input"}
2019-4-11 19:52:37.605#change#{"from":{"line":3,"ch":24,"sticky":null},"to":{"line":3,"ch":24,"sticky":null},"text":["p"],"removed":[""],"origin":"+input"}
2019-4-11 19:52:37.824#change#{"from":{"line":3,"ch":25,"sticky":null},"to":{"line":3,"ch":25,"sticky":null},"text":[" "],"removed":[""],"origin":"+input"}
2019-4-11 19:52:38.419#change#{"from":{"line":3,"ch":25,"sticky":"after"},"to":{"line":3,"ch":26,"sticky":null},"text":[""],"removed":[" "],"origin":"+delete"}
2019-4-11 19:52:38.419#keyHandled#"Backspace"
2019-4-11 19:52:38.651#change#{"from":{"line":3,"ch":24,"sticky":"after"},"to":{"line":3,"ch":25,"sticky":null},"text":[""],"removed":["p"],"origin":"+delete"}
2019-4-11 19:52:38.651#keyHandled#"Backspace"
2019-4-11 19:52:39.511#change#{"from":{"line":3,"ch":24,"sticky":null},"to":{"line":3,"ch":24,"sticky":null},"text":["o"],"removed":[""],"origin":"+input"}
2019-4-11 19:52:39.635#change#{"from":{"line":3,"ch":25,"sticky":null},"to":{"line":3,"ch":25,"sticky":null},"text":[" "],"removed":[""],"origin":"+input"}
2019-4-11 19:52:40.021#change#{"from":{"line":3,"ch":26,"sticky":null},"to":{"line":3,"ch":26,"sticky":null},"text":["t"],"removed":[""],"origin":"+input"}
2019-4-11 19:52:40.124#change#{"from":{"line":3,"ch":27,"sticky":null},"to":{"line":3,"ch":27,"sticky":null},"text":["a"],"removed":[""],"origin":"+input"}
2019-4-11 19:52:40.440#change#{"from":{"line":3,"ch":28,"sticky":null},"to":{"line":3,"ch":28,"sticky":null},"text":["n"],"removed":[""],"origin":"+input"}
2019-4-11 19:52:40.773#change#{"from":{"line":3,"ch":29,"sticky":null},"to":{"line":3,"ch":29,"sticky":null},"text":["q"],"removed":[""],"origin":"+input"}
2019-4-11 19:52:41.091#change#{"from":{"line":3,"ch":30,"sticky":null},"to":{"line":3,"ch":30,"sticky":null},"text":["u"],"removed":[""],"origin":"+input"}
2019-4-11 19:52:41.271#change#{"from":{"line":3,"ch":31,"sticky":null},"to":{"line":3,"ch":31,"sticky":null},"text":["e"],"removed":[""],"origin":"+input"}
2019-4-11 19:52:43.398#mousedown#{"isTrusted":true}
2019-4-11 19:52:44.366#change#{"from":{"line":3,"ch":35,"sticky":"before","xRel":15.328125},"to":{"line":3,"ch":35,"sticky":"before","xRel":15.328125},"text":["",""],"removed":[""],"origin":"+input"}
2019-4-11 19:52:44.366#keyHandled#"Enter"
2019-4-11 19:52:44.371#viewportChange#0
2019-4-11 19:52:46.750#change#{"from":{"line":4,"ch":0,"sticky":null},"to":{"line":4,"ch":0,"sticky":null},"text":["a"],"removed":[""],"origin":"+input"}
2019-4-11 19:52:49.725#change#{"from":{"line":4,"ch":1,"sticky":null},"to":{"line":4,"ch":1,"sticky":null},"text":["l"],"removed":[""],"origin":"+input"}
2019-4-11 19:52:50.462#change#{"from":{"line":4,"ch":2,"sticky":null},"to":{"line":4,"ch":2,"sticky":null},"text":["t"],"removed":[""],"origin":"+input"}
2019-4-11 19:52:50.861#change#{"from":{"line":4,"ch":3,"sticky":null},"to":{"line":4,"ch":3,"sticky":null},"text":["u"],"removed":[""],"origin":"+input"}
2019-4-11 19:52:51.051#change#{"from":{"line":4,"ch":4,"sticky":null},"to":{"line":4,"ch":4,"sticky":null},"text":["r"],"removed":[""],"origin":"+input"}
2019-4-11 19:52:51.226#change#{"from":{"line":4,"ch":5,"sticky":null},"to":{"line":4,"ch":5,"sticky":null},"text":["a"],"removed":[""],"origin":"+input"}
2019-4-11 19:52:53.019#change#{"from":{"line":4,"ch":6,"sticky":null},"to":{"line":4,"ch":6,"sticky":null},"text":["="],"removed":[""],"origin":"+input"}
2019-4-11 19:53:06.803#change#{"from":{"line":4,"ch":7,"sticky":null},"to":{"line":4,"ch":7,"sticky":null},"text":["a"],"removed":[""],"origin":"+input"}
2019-4-11 19:53:08.519#change#{"from":{"line":4,"ch":8,"sticky":null},"to":{"line":4,"ch":8,"sticky":null},"text":["l"],"removed":[""],"origin":"+input"}
2019-4-11 19:53:09.803#change#{"from":{"line":4,"ch":9,"sticky":null},"to":{"line":4,"ch":9,"sticky":null},"text":["t"],"removed":[""],"origin":"+input"}
2019-4-11 19:53:10.208#change#{"from":{"line":4,"ch":10,"sticky":null},"to":{"line":4,"ch":10,"sticky":null},"text":["u"],"removed":[""],"origin":"+input"}
2019-4-11 19:53:10.491#change#{"from":{"line":4,"ch":11,"sticky":null},"to":{"line":4,"ch":11,"sticky":null},"text":["r"],"removed":[""],"origin":"+input"}
2019-4-11 19:53:10.624#change#{"from":{"line":4,"ch":12,"sticky":null},"to":{"line":4,"ch":12,"sticky":null},"text":["a"],"removed":[""],"origin":"+input"}
2019-4-11 19:53:12.296#change#{"from":{"line":4,"ch":12,"sticky":"after"},"to":{"line":4,"ch":13,"sticky":null},"text":[""],"removed":["a"],"origin":"+delete"}
2019-4-11 19:53:12.296#keyHandled#"Backspace"
2019-4-11 19:53:12.476#change#{"from":{"line":4,"ch":11,"sticky":"after"},"to":{"line":4,"ch":12,"sticky":null},"text":[""],"removed":["r"],"origin":"+delete"}
2019-4-11 19:53:12.476#keyHandled#"Backspace"
2019-4-11 19:53:12.658#change#{"from":{"line":4,"ch":10,"sticky":"after"},"to":{"line":4,"ch":11,"sticky":null},"text":[""],"removed":["u"],"origin":"+delete"}
2019-4-11 19:53:12.658#keyHandled#"Backspace"
2019-4-11 19:53:12.827#change#{"from":{"line":4,"ch":9,"sticky":"after"},"to":{"line":4,"ch":10,"sticky":null},"text":[""],"removed":["t"],"origin":"+delete"}
2019-4-11 19:53:12.827#keyHandled#"Backspace"
2019-4-11 19:53:12.953#change#{"from":{"line":4,"ch":8,"sticky":"after"},"to":{"line":4,"ch":9,"sticky":null},"text":[""],"removed":["l"],"origin":"+delete"}
2019-4-11 19:53:12.953#keyHandled#"Backspace"
2019-4-11 19:53:13.426#change#{"from":{"line":4,"ch":7,"sticky":"after"},"to":{"line":4,"ch":8,"sticky":null},"text":[""],"removed":["a"],"origin":"+delete"}
2019-4-11 19:53:13.426#keyHandled#"Backspace"
2019-4-11 19:53:14.287#change#{"from":{"line":4,"ch":7,"sticky":null},"to":{"line":4,"ch":7,"sticky":null},"text":[" "],"removed":[""],"origin":"+input"}
2019-4-11 19:53:15.379#change#{"from":{"line":4,"ch":8,"sticky":null},"to":{"line":4,"ch":8,"sticky":null},"text":["f"],"removed":[""],"origin":"+input"}
2019-4-11 19:53:16.580#change#{"from":{"line":4,"ch":9,"sticky":null},"to":{"line":4,"ch":9,"sticky":null},"text":["l"],"removed":[""],"origin":"+input"}
2019-4-11 19:53:16.809#change#{"from":{"line":4,"ch":10,"sticky":null},"to":{"line":4,"ch":10,"sticky":null},"text":["o"],"removed":[""],"origin":"+input"}
2019-4-11 19:53:16.939#change#{"from":{"line":4,"ch":11,"sticky":null},"to":{"line":4,"ch":11,"sticky":null},"text":["a"],"removed":[""],"origin":"+input"}
2019-4-11 19:53:17.308#change#{"from":{"line":4,"ch":12,"sticky":null},"to":{"line":4,"ch":12,"sticky":null},"text":["t"],"removed":[""],"origin":"+input"}
2019-4-11 19:53:18.733#change#{"from":{"line":4,"ch":13,"sticky":null},"to":{"line":4,"ch":13,"sticky":null},"text":["()"],"removed":[""],"origin":"+input"}
2019-4-11 19:53:18.733#keyHandled#"'('"
2019-4-11 19:53:19.988#change#{"from":{"line":4,"ch":14,"sticky":"after"},"to":{"line":4,"ch":14,"sticky":"after"},"text":["i"],"removed":[""],"origin":"+input"}
2019-4-11 19:53:20.225#change#{"from":{"line":4,"ch":15,"sticky":null},"to":{"line":4,"ch":15,"sticky":null},"text":["n"],"removed":[""],"origin":"+input"}
2019-4-11 19:53:20.623#change#{"from":{"line":4,"ch":16,"sticky":null},"to":{"line":4,"ch":16,"sticky":null},"text":["p"],"removed":[""],"origin":"+input"}
2019-4-11 19:53:20.940#change#{"from":{"line":4,"ch":17,"sticky":null},"to":{"line":4,"ch":17,"sticky":null},"text":["u"],"removed":[""],"origin":"+input"}
2019-4-11 19:53:21.251#change#{"from":{"line":4,"ch":18,"sticky":null},"to":{"line":4,"ch":18,"sticky":null},"text":["t"],"removed":[""],"origin":"+input"}
2019-4-11 19:53:23.224#change#{"from":{"line":4,"ch":19,"sticky":null},"to":{"line":4,"ch":19,"sticky":null},"text":["()"],"removed":[""],"origin":"+input"}
2019-4-11 19:53:23.224#keyHandled#"'('"
2019-4-11 19:53:24.761#change#{"from":{"line":4,"ch":20,"sticky":"after"},"to":{"line":4,"ch":20,"sticky":"after"},"text":["\"\""],"removed":[""],"origin":"+input"}
2019-4-11 19:53:24.761#keyHandled#"'\"'"
2019-4-11 19:53:25.887#change#{"from":{"line":4,"ch":21,"sticky":"after"},"to":{"line":4,"ch":21,"sticky":"after"},"text":["a"],"removed":[""],"origin":"+input"}
2019-4-11 19:53:26.437#change#{"from":{"line":4,"ch":22,"sticky":null},"to":{"line":4,"ch":22,"sticky":null},"text":["l"],"removed":[""],"origin":"+input"}
2019-4-11 19:53:26.909#change#{"from":{"line":4,"ch":23,"sticky":null},"to":{"line":4,"ch":23,"sticky":null},"text":["t"],"removed":[""],"origin":"+input"}
2019-4-11 19:53:27.366#change#{"from":{"line":4,"ch":24,"sticky":null},"to":{"line":4,"ch":24,"sticky":null},"text":["u"],"removed":[""],"origin":"+input"}
2019-4-11 19:53:27.823#change#{"from":{"line":4,"ch":25,"sticky":null},"to":{"line":4,"ch":25,"sticky":null},"text":["r"],"removed":[""],"origin":"+input"}
2019-4-11 19:53:28.099#change#{"from":{"line":4,"ch":26,"sticky":null},"to":{"line":4,"ch":26,"sticky":null},"text":["a"],"removed":[""],"origin":"+input"}
2019-4-11 19:53:29.966#mousedown#{"isTrusted":true}
2019-4-11 19:53:30.710#change#{"from":{"line":4,"ch":30,"sticky":"before","xRel":26.484375},"to":{"line":4,"ch":30,"sticky":"before","xRel":26.484375},"text":["",""],"removed":[""],"origin":"+input"}
2019-4-11 19:53:30.711#keyHandled#"Enter"
2019-4-11 19:53:30.716#viewportChange#0
2019-4-11 19:55:13.272#change#{"from":{"line":5,"ch":0,"sticky":null},"to":{"line":5,"ch":0,"sticky":null},"text":["n"],"removed":[""],"origin":"+input"}
2019-4-11 19:55:13.619#change#{"from":{"line":5,"ch":1,"sticky":null},"to":{"line":5,"ch":1,"sticky":null},"text":["u"],"removed":[""],"origin":"+input"}
2019-4-11 19:55:13.935#change#{"from":{"line":5,"ch":2,"sticky":null},"to":{"line":5,"ch":2,"sticky":null},"text":["m"],"removed":[""],"origin":"+input"}
2019-4-11 19:55:14.201#change#{"from":{"line":5,"ch":3,"sticky":null},"to":{"line":5,"ch":3,"sticky":null},"text":["e"],"removed":[""],"origin":"+input"}
2019-4-11 19:55:14.367#change#{"from":{"line":5,"ch":4,"sticky":null},"to":{"line":5,"ch":4,"sticky":null},"text":["r"],"removed":[""],"origin":"+input"}
2019-4-11 19:55:14.668#change#{"from":{"line":5,"ch":5,"sticky":null},"to":{"line":5,"ch":5,"sticky":null},"text":["o"],"removed":[""],"origin":"+input"}
2019-4-11 19:55:14.839#change#{"from":{"line":5,"ch":6,"sticky":null},"to":{"line":5,"ch":6,"sticky":null},"text":[" "],"removed":[""],"origin":"+input"}
2019-4-11 19:55:15.787#change#{"from":{"line":5,"ch":7,"sticky":null},"to":{"line":5,"ch":7,"sticky":null},"text":["d"],"removed":[""],"origin":"+input"}
2019-4-11 19:55:15.894#change#{"from":{"line":5,"ch":8,"sticky":null},"to":{"line":5,"ch":8,"sticky":null},"text":["a"],"removed":[""],"origin":"+input"}
2019-4-11 19:55:16.059#change#{"from":{"line":5,"ch":9,"sticky":null},"to":{"line":5,"ch":9,"sticky":null},"text":[" "],"removed":[""],"origin":"+input"}
2019-4-11 19:55:17.957#change#{"from":{"line":5,"ch":9,"sticky":"after"},"to":{"line":5,"ch":10,"sticky":null},"text":[""],"removed":[" "],"origin":"+delete"}
2019-4-11 19:55:17.957#keyHandled#"Backspace"
2019-4-11 19:55:18.366#change#{"from":{"line":5,"ch":7,"sticky":"after"},"to":{"line":5,"ch":8,"sticky":null},"text":[""],"removed":["d"],"origin":"+delete"}
2019-4-11 19:55:18.366#keyHandled#"Backspace"
2019-4-11 19:55:18.878#change#{"from":{"line":5,"ch":6,"sticky":"after"},"to":{"line":5,"ch":7,"sticky":null},"text":[""],"removed":[" "],"origin":"+delete"}
2019-4-11 19:55:18.878#keyHandled#"Backspace"
2019-4-11 19:55:21.218#change#{"from":{"line":5,"ch":6,"sticky":null},"to":{"line":5,"ch":6,"sticky":null},"text":["-"],"removed":[""],"origin":"+input"}
2019-4-11 19:55:23.261#change#{"from":{"line":5,"ch":7,"sticky":null},"to":{"line":5,"ch":7,"sticky":null},"text":["-"],"removed":[""],"origin":"+input"}
2019-4-11 19:55:23.877#change#{"from":{"line":5,"ch":7,"sticky":"after"},"to":{"line":5,"ch":8,"sticky":null},"text":[""],"removed":["-"],"origin":"+delete"}
2019-4-11 19:55:23.877#keyHandled#"Backspace"
2019-4-11 19:55:24.240#change#{"from":{"line":5,"ch":6,"sticky":"after"},"to":{"line":5,"ch":7,"sticky":null},"text":[""],"removed":["-"],"origin":"+delete"}
2019-4-11 19:55:24.240#keyHandled#"Backspace"
2019-4-11 19:55:26.779#change#{"from":{"line":5,"ch":6,"sticky":null},"to":{"line":5,"ch":6,"sticky":null},"text":["="],"removed":[""],"origin":"+input"}
2019-4-11 19:55:30.815#change#{"from":{"line":5,"ch":7,"sticky":null},"to":{"line":5,"ch":7,"sticky":null},"text":["i"],"removed":[""],"origin":"+input"}
2019-4-11 19:55:31.500#change#{"from":{"line":5,"ch":8,"sticky":null},"to":{"line":5,"ch":8,"sticky":null},"text":["n"],"removed":[""],"origin":"+input"}
2019-4-11 19:55:32.198#change#{"from":{"line":5,"ch":9,"sticky":null},"to":{"line":5,"ch":9,"sticky":null},"text":["t"],"removed":[""],"origin":"+input"}
2019-4-11 19:55:34.006#change#{"from":{"line":5,"ch":10,"sticky":null},"to":{"line":5,"ch":10,"sticky":null},"text":["()"],"removed":[""],"origin":"+input"}
2019-4-11 19:55:34.006#keyHandled#"'('"
2019-4-11 19:55:35.701#change#{"from":{"line":5,"ch":11,"sticky":"after"},"to":{"line":5,"ch":11,"sticky":"after"},"text":["i"],"removed":[""],"origin":"+input"}
2019-4-11 19:55:36.037#change#{"from":{"line":5,"ch":12,"sticky":null},"to":{"line":5,"ch":12,"sticky":null},"text":["m"],"removed":[""],"origin":"+input"}
2019-4-11 19:55:36.464#change#{"from":{"line":5,"ch":13,"sticky":null},"to":{"line":5,"ch":13,"sticky":null},"text":["p"],"removed":[""],"origin":"+input"}
2019-4-11 19:55:36.838#change#{"from":{"line":5,"ch":14,"sticky":null},"to":{"line":5,"ch":14,"sticky":null},"text":["u"],"removed":[""],"origin":"+input"}
2019-4-11 19:55:37.187#change#{"from":{"line":5,"ch":15,"sticky":null},"to":{"line":5,"ch":15,"sticky":null},"text":["t"],"removed":[""],"origin":"+input"}
2019-4-11 19:55:38.126#change#{"from":{"line":5,"ch":15,"sticky":"after"},"to":{"line":5,"ch":16,"sticky":null},"text":[""],"removed":["t"],"origin":"+delete"}
2019-4-11 19:55:38.126#keyHandled#"Backspace"
2019-4-11 19:55:38.344#change#{"from":{"line":5,"ch":14,"sticky":"after"},"to":{"line":5,"ch":15,"sticky":null},"text":[""],"removed":["u"],"origin":"+delete"}
2019-4-11 19:55:38.344#keyHandled#"Backspace"
2019-4-11 19:55:38.928#change#{"from":{"line":5,"ch":13,"sticky":"after"},"to":{"line":5,"ch":14,"sticky":null},"text":[""],"removed":["p"],"origin":"+delete"}
2019-4-11 19:55:38.928#keyHandled#"Backspace"
2019-4-11 19:55:40.099#change#{"from":{"line":5,"ch":12,"sticky":"after"},"to":{"line":5,"ch":13,"sticky":null},"text":[""],"removed":["m"],"origin":"+delete"}
2019-4-11 19:55:40.100#keyHandled#"Backspace"
2019-4-11 19:55:40.932#change#{"from":{"line":5,"ch":12,"sticky":null},"to":{"line":5,"ch":12,"sticky":null},"text":["i"],"removed":[""],"origin":"+input"}
2019-4-11 19:55:41.264#change#{"from":{"line":5,"ch":13,"sticky":null},"to":{"line":5,"ch":13,"sticky":null},"text":["n"],"removed":[""],"origin":"+input"}
2019-4-11 19:55:42.033#change#{"from":{"line":5,"ch":13,"sticky":"after"},"to":{"line":5,"ch":14,"sticky":null},"text":[""],"removed":["n"],"origin":"+delete"}
2019-4-11 19:55:42.033#keyHandled#"Backspace"
2019-4-11 19:55:42.435#change#{"from":{"line":5,"ch":12,"sticky":"after"},"to":{"line":5,"ch":13,"sticky":null},"text":[""],"removed":["i"],"origin":"+delete"}
2019-4-11 19:55:42.435#keyHandled#"Backspace"
2019-4-11 19:55:43.018#change#{"from":{"line":5,"ch":12,"sticky":null},"to":{"line":5,"ch":12,"sticky":null},"text":["n"],"removed":[""],"origin":"+input"}
2019-4-11 19:55:43.475#change#{"from":{"line":5,"ch":13,"sticky":null},"to":{"line":5,"ch":13,"sticky":null},"text":["p"],"removed":[""],"origin":"+input"}
2019-4-11 19:55:43.972#change#{"from":{"line":5,"ch":14,"sticky":null},"to":{"line":5,"ch":14,"sticky":null},"text":["u"],"removed":[""],"origin":"+input"}
2019-4-11 19:55:44.276#change#{"from":{"line":5,"ch":15,"sticky":null},"to":{"line":5,"ch":15,"sticky":null},"text":["t"],"removed":[""],"origin":"+input"}
2019-4-11 19:55:45.590#change#{"from":{"line":5,"ch":16,"sticky":null},"to":{"line":5,"ch":16,"sticky":null},"text":["()"],"removed":[""],"origin":"+input"}
2019-4-11 19:55:45.590#keyHandled#"'('"
2019-4-11 19:55:55.040#change#{"from":{"line":5,"ch":17,"sticky":"after"},"to":{"line":5,"ch":17,"sticky":"after"},"text":["\"\""],"removed":[""],"origin":"+input"}
2019-4-11 19:55:55.040#keyHandled#"'\"'"
2019-4-11 19:55:56.071#change#{"from":{"line":5,"ch":18,"sticky":"after"},"to":{"line":5,"ch":18,"sticky":"after"},"text":["n"],"removed":[""],"origin":"+input"}
2019-4-11 19:55:56.540#change#{"from":{"line":5,"ch":19,"sticky":null},"to":{"line":5,"ch":19,"sticky":null},"text":["u"],"removed":[""],"origin":"+input"}
2019-4-11 19:55:56.777#change#{"from":{"line":5,"ch":20,"sticky":null},"to":{"line":5,"ch":20,"sticky":null},"text":["m"],"removed":[""],"origin":"+input"}
2019-4-11 19:55:57.023#change#{"from":{"line":5,"ch":21,"sticky":null},"to":{"line":5,"ch":21,"sticky":null},"text":["e"],"removed":[""],"origin":"+input"}
2019-4-11 19:55:57.202#change#{"from":{"line":5,"ch":22,"sticky":null},"to":{"line":5,"ch":22,"sticky":null},"text":["r"],"removed":[""],"origin":"+input"}
2019-4-11 19:55:57.462#change#{"from":{"line":5,"ch":23,"sticky":null},"to":{"line":5,"ch":23,"sticky":null},"text":["o"],"removed":[""],"origin":"+input"}
2019-4-11 19:55:59.537#mousedown#{"isTrusted":true}
2019-4-11 19:56:00.298#change#{"from":{"line":5,"ch":27,"sticky":"before","xRel":19.765625},"to":{"line":5,"ch":27,"sticky":"before","xRel":19.765625},"text":["",""],"removed":[""],"origin":"+input"}
2019-4-11 19:56:00.298#keyHandled#"Enter"
2019-4-11 19:56:00.304#viewportChange#0
2019-4-11 19:56:36.735#change#{"from":{"line":6,"ch":0,"sticky":null},"to":{"line":6,"ch":0,"sticky":null},"text":[" "],"removed":[""],"origin":"+input"}
2019-4-11 19:56:37.718#change#{"from":{"line":6,"ch":0,"sticky":"after"},"to":{"line":6,"ch":1,"sticky":null},"text":[""],"removed":[" "],"origin":"+delete"}
2019-4-11 19:56:37.718#keyHandled#"Backspace"
2019-4-11 19:56:38.137#change#{"from":{"line":6,"ch":0,"sticky":null},"to":{"line":6,"ch":0,"sticky":null},"text":["",""],"removed":[""],"origin":"+input"}
2019-4-11 19:56:38.137#keyHandled#"Enter"
2019-4-11 19:56:38.142#viewportChange#0
2019-4-11 19:56:42.431#change#{"from":{"line":7,"ch":0,"sticky":null},"to":{"line":7,"ch":0,"sticky":null},"text":["v"],"removed":[""],"origin":"+input"}
2019-4-11 19:56:42.861#change#{"from":{"line":7,"ch":1,"sticky":null},"to":{"line":7,"ch":1,"sticky":null},"text":["o"],"removed":[""],"origin":"+input"}
2019-4-11 19:56:47.107#change#{"from":{"line":7,"ch":2,"sticky":null},"to":{"line":7,"ch":2,"sticky":null},"text":["l"],"removed":[""],"origin":"+input"}
2019-4-11 19:56:47.525#change#{"from":{"line":7,"ch":3,"sticky":null},"to":{"line":7,"ch":3,"sticky":null},"text":["u"],"removed":[""],"origin":"+input"}
2019-4-11 19:56:47.824#change#{"from":{"line":7,"ch":4,"sticky":null},"to":{"line":7,"ch":4,"sticky":null},"text":["m"],"removed":[""],"origin":"+input"}
2019-4-11 19:56:48.090#change#{"from":{"line":7,"ch":5,"sticky":null},"to":{"line":7,"ch":5,"sticky":null},"text":["e"],"removed":[""],"origin":"+input"}
2019-4-11 19:56:48.693#change#{"from":{"line":7,"ch":6,"sticky":null},"to":{"line":7,"ch":6,"sticky":null},"text":[" "],"removed":[""],"origin":"+input"}
2019-4-11 19:56:49.295#change#{"from":{"line":7,"ch":7,"sticky":null},"to":{"line":7,"ch":7,"sticky":null},"text":["d"],"removed":[""],"origin":"+input"}
2019-4-11 19:56:49.480#change#{"from":{"line":7,"ch":8,"sticky":null},"to":{"line":7,"ch":8,"sticky":null},"text":["a"],"removed":[""],"origin":"+input"}
2019-4-11 19:56:50.521#change#{"from":{"line":7,"ch":9,"sticky":null},"to":{"line":7,"ch":9,"sticky":null},"text":["e"],"removed":[""],"origin":"+input"}
2019-4-11 19:56:50.866#change#{"from":{"line":7,"ch":10,"sticky":null},"to":{"line":7,"ch":10,"sticky":null},"text":["s"],"removed":[""],"origin":"+input"}
2019-4-11 19:56:51.515#change#{"from":{"line":7,"ch":11,"sticky":null},"to":{"line":7,"ch":11,"sticky":null},"text":["="],"removed":[""],"origin":"+input"}
2019-4-11 19:56:51.819#change#{"from":{"line":7,"ch":12,"sticky":null},"to":{"line":7,"ch":12,"sticky":null},"text":["="],"removed":[""],"origin":"+input"}
2019-4-11 19:56:52.496#change#{"from":{"line":7,"ch":12,"sticky":"after"},"to":{"line":7,"ch":13,"sticky":null},"text":[""],"removed":["="],"origin":"+delete"}
2019-4-11 19:56:52.496#keyHandled#"Backspace"
2019-4-11 19:56:52.713#change#{"from":{"line":7,"ch":11,"sticky":"after"},"to":{"line":7,"ch":12,"sticky":null},"text":[""],"removed":["="],"origin":"+delete"}
2019-4-11 19:56:52.713#keyHandled#"Backspace"
2019-4-11 19:56:52.899#change#{"from":{"line":7,"ch":10,"sticky":"after"},"to":{"line":7,"ch":11,"sticky":null},"text":[""],"removed":["s"],"origin":"+delete"}
2019-4-11 19:56:52.899#keyHandled#"Backspace"
2019-4-11 19:56:53.426#change#{"from":{"line":7,"ch":9,"sticky":"after"},"to":{"line":7,"ch":10,"sticky":null},"text":[""],"removed":["e"],"origin":"+delete"}
2019-4-11 19:56:53.426#keyHandled#"Backspace"
2019-4-11 19:56:53.703#change#{"from":{"line":7,"ch":9,"sticky":null},"to":{"line":7,"ch":9,"sticky":null},"text":[" "],"removed":[""],"origin":"+input"}
2019-4-11 19:56:54.295#change#{"from":{"line":7,"ch":10,"sticky":null},"to":{"line":7,"ch":10,"sticky":null},"text":["e"],"removed":[""],"origin":"+input"}
2019-4-11 19:56:54.589#change#{"from":{"line":7,"ch":11,"sticky":null},"to":{"line":7,"ch":11,"sticky":null},"text":["s"],"removed":[""],"origin":"+input"}
2019-4-11 19:56:55.492#change#{"from":{"line":7,"ch":12,"sticky":null},"to":{"line":7,"ch":12,"sticky":null},"text":["f"],"removed":[""],"origin":"+input"}
2019-4-11 19:56:55.679#change#{"from":{"line":7,"ch":13,"sticky":null},"to":{"line":7,"ch":13,"sticky":null},"text":["e"],"removed":[""],"origin":"+input"}
2019-4-11 19:56:55.910#change#{"from":{"line":7,"ch":14,"sticky":null},"to":{"line":7,"ch":14,"sticky":null},"text":["r"],"removed":[""],"origin":"+input"}
2019-4-11 19:56:56.149#change#{"from":{"line":7,"ch":15,"sticky":null},"to":{"line":7,"ch":15,"sticky":null},"text":["a"],"removed":[""],"origin":"+input"}
2019-4-11 19:56:59.836#change#{"from":{"line":7,"ch":16,"sticky":null},"to":{"line":7,"ch":16,"sticky":null},"text":["="],"removed":[""],"origin":"+input"}
2019-4-11 19:57:03.252#change#{"from":{"line":7,"ch":17,"sticky":null},"to":{"line":7,"ch":17,"sticky":null},"text":["9"],"removed":[""],"origin":"+input"}
2019-4-11 19:57:04.244#change#{"from":{"line":7,"ch":17,"sticky":"after"},"to":{"line":7,"ch":18,"sticky":null},"text":[""],"removed":["9"],"origin":"+delete"}
2019-4-11 19:57:04.245#keyHandled#"Backspace"
2019-4-11 19:57:04.835#change#{"from":{"line":7,"ch":17,"sticky":null},"to":{"line":7,"ch":17,"sticky":null},"text":["()"],"removed":[""],"origin":"+input"}
2019-4-11 19:57:04.835#keyHandled#"'('"
2019-4-11 19:57:12.048#change#{"from":{"line":7,"ch":18,"sticky":"after"},"to":{"line":7,"ch":18,"sticky":"after"},"text":["4"],"removed":[""],"origin":"+input"}
2019-4-11 19:57:21.696#change#{"from":{"line":7,"ch":19,"sticky":null},"to":{"line":7,"ch":19,"sticky":null},"text":["*"],"removed":[""],"origin":"+input"}
2019-4-11 19:57:23.457#change#{"from":{"line":7,"ch":20,"sticky":null},"to":{"line":7,"ch":20,"sticky":null},"text":["p"],"removed":[""],"origin":"+input"}
2019-4-11 19:57:23.708#change#{"from":{"line":7,"ch":21,"sticky":null},"to":{"line":7,"ch":21,"sticky":null},"text":["i"],"removed":[""],"origin":"+input"}
2019-4-11 19:57:27.991#change#{"from":{"line":7,"ch":22,"sticky":null},"to":{"line":7,"ch":22,"sticky":null},"text":["."],"removed":[""],"origin":"+input"}
2019-4-11 19:57:29.106#change#{"from":{"line":7,"ch":22,"sticky":"after"},"to":{"line":7,"ch":23,"sticky":null},"text":[""],"removed":["."],"origin":"+delete"}
2019-4-11 19:57:29.106#keyHandled#"Backspace"
2019-4-11 19:57:29.878#change#{"from":{"line":7,"ch":22,"sticky":null},"to":{"line":7,"ch":22,"sticky":null},"text":["*"],"removed":[""],"origin":"+input"}
2019-4-11 19:57:31.845#change#{"from":{"line":7,"ch":23,"sticky":null},"to":{"line":7,"ch":23,"sticky":null},"text":["r"],"removed":[""],"origin":"+input"}
2019-4-11 19:57:32.269#change#{"from":{"line":7,"ch":24,"sticky":null},"to":{"line":7,"ch":24,"sticky":null},"text":["*"],"removed":[""],"origin":"+input"}
2019-4-11 19:57:32.466#change#{"from":{"line":7,"ch":25,"sticky":null},"to":{"line":7,"ch":25,"sticky":null},"text":["*"],"removed":[""],"origin":"+input"}
2019-4-11 19:57:33.414#change#{"from":{"line":7,"ch":26,"sticky":null},"to":{"line":7,"ch":26,"sticky":null},"text":["3"],"removed":[""],"origin":"+input"}
2019-4-11 19:57:36.116#mousedown#{"isTrusted":true}
2019-4-11 19:57:40.330#change#{"from":{"line":7,"ch":24,"sticky":"before","xRel":-1.90625},"to":{"line":7,"ch":24,"sticky":"before","xRel":-1.90625},"text":["a"],"removed":[""],"origin":"+input"}
2019-4-11 19:57:40.915#change#{"from":{"line":7,"ch":25,"sticky":null},"to":{"line":7,"ch":25,"sticky":null},"text":["i"],"removed":[""],"origin":"+input"}
2019-4-11 19:57:41.032#change#{"from":{"line":7,"ch":26,"sticky":null},"to":{"line":7,"ch":26,"sticky":null},"text":["o"],"removed":[""],"origin":"+input"}
2019-4-11 19:57:45.106#mousedown#{"isTrusted":true}
2019-4-11 19:57:52.476#change#{"from":{"line":7,"ch":31,"sticky":"before","xRel":6.125},"to":{"line":7,"ch":31,"sticky":"before","xRel":6.125},"text":["/"],"removed":[""],"origin":"+input"}
2019-4-11 19:57:55.002#change#{"from":{"line":7,"ch":32,"sticky":null},"to":{"line":7,"ch":32,"sticky":null},"text":["3"],"removed":[""],"origin":"+input"}
2019-4-11 19:57:56.515#mousedown#{"isTrusted":true}
2019-4-11 19:57:57.035#mousedown#{"isTrusted":true}
2019-4-11 19:57:57.917#mousedown#{"isTrusted":true}
2019-4-11 19:57:58.641#change#{"from":{"line":7,"ch":33,"sticky":"before","xRel":20.28125},"to":{"line":7,"ch":33,"sticky":"before","xRel":20.28125},"text":["a"],"removed":[""],"origin":"+input"}
2019-4-11 19:57:59.140#change#{"from":{"line":7,"ch":34,"sticky":null},"to":{"line":7,"ch":34,"sticky":null},"text":["a"],"removed":[""],"origin":"+input"}
2019-4-11 19:57:59.192#change#{"from":{"line":7,"ch":35,"sticky":null},"to":{"line":7,"ch":35,"sticky":null},"text":["a"],"removed":[""],"origin":"+input"}
2019-4-11 19:57:59.243#change#{"from":{"line":7,"ch":36,"sticky":null},"to":{"line":7,"ch":36,"sticky":null},"text":["a"],"removed":[""],"origin":"+input"}
2019-4-11 19:57:59.292#change#{"from":{"line":7,"ch":37,"sticky":null},"to":{"line":7,"ch":37,"sticky":null},"text":["a"],"removed":[""],"origin":"+input"}
2019-4-11 19:57:59.342#change#{"from":{"line":7,"ch":38,"sticky":null},"to":{"line":7,"ch":38,"sticky":null},"text":["a"],"removed":[""],"origin":"+input"}
2019-4-11 19:57:59.386#change#{"from":{"line":7,"ch":39,"sticky":null},"to":{"line":7,"ch":39,"sticky":null},"text":["0"],"removed":[""],"origin":"+input"}
2019-4-11 19:58:00.465#change#{"from":{"line":7,"ch":39,"sticky":"after"},"to":{"line":7,"ch":40,"sticky":null},"text":[""],"removed":["0"],"origin":"+delete"}
2019-4-11 19:58:00.465#keyHandled#"Backspace"
2019-4-11 19:58:00.661#change#{"from":{"line":7,"ch":38,"sticky":"after"},"to":{"line":7,"ch":39,"sticky":null},"text":[""],"removed":["a"],"origin":"+delete"}
2019-4-11 19:58:00.661#keyHandled#"Backspace"
2019-4-11 19:58:00.865#change#{"from":{"line":7,"ch":37,"sticky":"after"},"to":{"line":7,"ch":38,"sticky":null},"text":[""],"removed":["a"],"origin":"+delete"}
2019-4-11 19:58:00.865#keyHandled#"Backspace"
2019-4-11 19:58:01.058#change#{"from":{"line":7,"ch":36,"sticky":"after"},"to":{"line":7,"ch":37,"sticky":null},"text":[""],"removed":["a"],"origin":"+delete"}
2019-4-11 19:58:01.058#keyHandled#"Backspace"
2019-4-11 19:58:01.242#change#{"from":{"line":7,"ch":35,"sticky":"after"},"to":{"line":7,"ch":36,"sticky":null},"text":[""],"removed":["a"],"origin":"+delete"}
2019-4-11 19:58:01.243#keyHandled#"Backspace"
2019-4-11 19:58:01.551#change#{"from":{"line":7,"ch":34,"sticky":"after"},"to":{"line":7,"ch":35,"sticky":null},"text":[""],"removed":["a"],"origin":"+delete"}
2019-4-11 19:58:01.551#keyHandled#"Backspace"
2019-4-11 19:58:02.078#change#{"from":{"line":7,"ch":33,"sticky":"after"},"to":{"line":7,"ch":34,"sticky":null},"text":[""],"removed":["a"],"origin":"+delete"}
2019-4-11 19:58:02.078#keyHandled#"Backspace"
2019-4-11 19:58:04.336#change#{"from":{"line":7,"ch":33,"sticky":null},"to":{"line":7,"ch":33,"sticky":null},"text":[")"],"removed":[""],"origin":"+input"}
2019-4-11 19:58:06.156#mousedown#{"isTrusted":true}
2019-4-11 19:58:07.202#change#{"from":{"line":7,"ch":17,"sticky":"before","xRel":-0.953125},"to":{"line":7,"ch":17,"sticky":"before","xRel":-0.953125},"text":["("],"removed":[""],"origin":"+input"}
2019-4-11 19:58:08.527#mousedown#{"isTrusted":true}
2019-4-11 19:58:09.411#change#{"from":{"line":7,"ch":35,"sticky":"before","xRel":37.4375},"to":{"line":7,"ch":35,"sticky":"before","xRel":37.4375},"text":["",""],"removed":[""],"origin":"+input"}
2019-4-11 19:58:09.411#keyHandled#"Enter"
2019-4-11 19:58:09.417#viewportChange#0
2019-4-11 19:58:12.339#change#{"from":{"line":8,"ch":0,"sticky":null},"to":{"line":8,"ch":0,"sticky":null},"text":["v"],"removed":[""],"origin":"+input"}
2019-4-11 19:58:13.576#change#{"from":{"line":8,"ch":1,"sticky":null},"to":{"line":8,"ch":1,"sticky":null},"text":["o"],"removed":[""],"origin":"+input"}
2019-4-11 19:58:13.799#change#{"from":{"line":8,"ch":2,"sticky":null},"to":{"line":8,"ch":2,"sticky":null},"text":["l"],"removed":[""],"origin":"+input"}
2019-4-11 19:58:14.176#change#{"from":{"line":8,"ch":3,"sticky":null},"to":{"line":8,"ch":3,"sticky":null},"text":["u"],"removed":[""],"origin":"+input"}
2019-4-11 19:58:14.498#change#{"from":{"line":8,"ch":4,"sticky":null},"to":{"line":8,"ch":4,"sticky":null},"text":["m"],"removed":[""],"origin":"+input"}
2019-4-11 19:58:15.007#change#{"from":{"line":8,"ch":5,"sticky":null},"to":{"line":8,"ch":5,"sticky":null},"text":["e"],"removed":[""],"origin":"+input"}
2019-4-11 19:58:18.492#change#{"from":{"line":8,"ch":6,"sticky":null},"to":{"line":8,"ch":6,"sticky":null},"text":[" "],"removed":[""],"origin":"+input"}
2019-4-11 19:58:18.805#change#{"from":{"line":8,"ch":7,"sticky":null},"to":{"line":8,"ch":7,"sticky":null},"text":["d"],"removed":[""],"origin":"+input"}
2019-4-11 19:58:18.931#change#{"from":{"line":8,"ch":8,"sticky":null},"to":{"line":8,"ch":8,"sticky":null},"text":["a"],"removed":[""],"origin":"+input"}
2019-4-11 19:58:19.073#change#{"from":{"line":8,"ch":9,"sticky":null},"to":{"line":8,"ch":9,"sticky":null},"text":[" "],"removed":[""],"origin":"+input"}
2019-4-11 19:58:20.959#change#{"from":{"line":8,"ch":10,"sticky":null},"to":{"line":8,"ch":10,"sticky":null},"text":["e"],"removed":[""],"origin":"+input"}
2019-4-11 19:58:21.221#change#{"from":{"line":8,"ch":11,"sticky":null},"to":{"line":8,"ch":11,"sticky":null},"text":["s"],"removed":[""],"origin":"+input"}
2019-4-11 19:58:24.245#change#{"from":{"line":8,"ch":12,"sticky":null},"to":{"line":8,"ch":12,"sticky":null},"text":["f"],"removed":[""],"origin":"+input"}
2019-4-11 19:58:24.536#change#{"from":{"line":8,"ch":13,"sticky":null},"to":{"line":8,"ch":13,"sticky":null},"text":["e"],"removed":[""],"origin":"+input"}
2019-4-11 19:58:24.738#change#{"from":{"line":8,"ch":14,"sticky":null},"to":{"line":8,"ch":14,"sticky":null},"text":["r"],"removed":[""],"origin":"+input"}
2019-4-11 19:58:24.936#change#{"from":{"line":8,"ch":15,"sticky":null},"to":{"line":8,"ch":15,"sticky":null},"text":["a"],"removed":[""],"origin":"+input"}
2019-4-11 19:58:34.243#change#{"from":{"line":8,"ch":15,"sticky":"after"},"to":{"line":8,"ch":16,"sticky":null},"text":[""],"removed":["a"],"origin":"+delete"}
2019-4-11 19:58:34.243#keyHandled#"Backspace"
2019-4-11 19:58:34.459#change#{"from":{"line":8,"ch":14,"sticky":"after"},"to":{"line":8,"ch":15,"sticky":null},"text":[""],"removed":["r"],"origin":"+delete"}
2019-4-11 19:58:34.459#keyHandled#"Backspace"
2019-4-11 19:58:34.641#change#{"from":{"line":8,"ch":13,"sticky":"after"},"to":{"line":8,"ch":14,"sticky":null},"text":[""],"removed":["e"],"origin":"+delete"}
2019-4-11 19:58:34.641#keyHandled#"Backspace"
2019-4-11 19:58:34.805#change#{"from":{"line":8,"ch":12,"sticky":"after"},"to":{"line":8,"ch":13,"sticky":null},"text":[""],"removed":["f"],"origin":"+delete"}
2019-4-11 19:58:34.805#keyHandled#"Backspace"
2019-4-11 19:58:34.997#change#{"from":{"line":8,"ch":11,"sticky":"after"},"to":{"line":8,"ch":12,"sticky":null},"text":[""],"removed":["s"],"origin":"+delete"}
2019-4-11 19:58:34.997#keyHandled#"Backspace"
2019-4-11 19:58:35.181#change#{"from":{"line":8,"ch":10,"sticky":"after"},"to":{"line":8,"ch":11,"sticky":null},"text":[""],"removed":["e"],"origin":"+delete"}
2019-4-11 19:58:35.181#keyHandled#"Backspace"
2019-4-11 19:58:35.373#change#{"from":{"line":8,"ch":9,"sticky":"after"},"to":{"line":8,"ch":10,"sticky":null},"text":[""],"removed":[" "],"origin":"+delete"}
2019-4-11 19:58:35.373#keyHandled#"Backspace"
2019-4-11 19:58:37.912#change#{"from":{"line":8,"ch":8,"sticky":"after"},"to":{"line":8,"ch":9,"sticky":null},"text":[""],"removed":["a"],"origin":"+delete"}
2019-4-11 19:58:37.912#keyHandled#"Backspace"
2019-4-11 19:58:38.134#change#{"from":{"line":8,"ch":7,"sticky":"after"},"to":{"line":8,"ch":8,"sticky":null},"text":[""],"removed":["d"],"origin":"+delete"}
2019-4-11 19:58:38.134#keyHandled#"Backspace"
2019-4-11 19:58:38.363#change#{"from":{"line":8,"ch":6,"sticky":"after"},"to":{"line":8,"ch":7,"sticky":null},"text":[""],"removed":[" "],"origin":"+delete"}
2019-4-11 19:58:38.364#keyHandled#"Backspace"
2019-4-11 19:58:38.603#change#{"from":{"line":8,"ch":5,"sticky":"after"},"to":{"line":8,"ch":6,"sticky":null},"text":[""],"removed":["e"],"origin":"+delete"}
2019-4-11 19:58:38.603#keyHandled#"Backspace"
2019-4-11 19:58:38.988#change#{"from":{"line":8,"ch":4,"sticky":"after"},"to":{"line":8,"ch":5,"sticky":null},"text":[""],"removed":["m"],"origin":"+delete"}
2019-4-11 19:58:38.988#keyHandled#"Backspace"
2019-4-11 19:58:39.383#change#{"from":{"line":8,"ch":3,"sticky":"after"},"to":{"line":8,"ch":4,"sticky":null},"text":[""],"removed":["u"],"origin":"+delete"}
2019-4-11 19:58:39.383#keyHandled#"Backspace"
2019-4-11 19:58:40.061#change#{"from":{"line":8,"ch":2,"sticky":"after"},"to":{"line":8,"ch":3,"sticky":null},"text":[""],"removed":["l"],"origin":"+delete"}
2019-4-11 19:58:40.061#keyHandled#"Backspace"
2019-4-11 19:58:43.078#change#{"from":{"line":8,"ch":1,"sticky":"after"},"to":{"line":8,"ch":2,"sticky":null},"text":[""],"removed":["o"],"origin":"+delete"}
2019-4-11 19:58:43.078#keyHandled#"Backspace"
2019-4-11 19:58:44.168#change#{"from":{"line":8,"ch":1,"sticky":null},"to":{"line":8,"ch":1,"sticky":null},"text":["c"],"removed":[""],"origin":"+input"}
2019-4-11 19:58:44.730#change#{"from":{"line":8,"ch":1,"sticky":"after"},"to":{"line":8,"ch":2,"sticky":null},"text":[""],"removed":["c"],"origin":"+delete"}
2019-4-11 19:58:44.730#keyHandled#"Backspace"
2019-4-11 19:58:45.343#change#{"from":{"line":8,"ch":1,"sticky":null},"to":{"line":8,"ch":1,"sticky":null},"text":["c"],"removed":[""],"origin":"+input"}
2019-4-11 19:58:47.807#change#{"from":{"line":8,"ch":2,"sticky":null},"to":{"line":8,"ch":2,"sticky":null},"text":["e"],"removed":[""],"origin":"+input"}
2019-4-11 19:58:50.727#mousedown#{"isTrusted":true}
2019-4-11 19:58:51.516#change#{"from":{"line":7,"ch":15,"sticky":"after"},"to":{"line":7,"ch":16,"sticky":"before","xRel":-0.53125},"text":[""],"removed":["a"],"origin":"+delete"}
2019-4-11 19:58:51.517#keyHandled#"Backspace"
2019-4-11 19:58:52.016#change#{"from":{"line":7,"ch":14,"sticky":"after"},"to":{"line":7,"ch":15,"sticky":null},"text":[""],"removed":["r"],"origin":"+delete"}
2019-4-11 19:58:52.016#keyHandled#"Backspace"
2019-4-11 19:58:52.066#change#{"from":{"line":7,"ch":13,"sticky":"after"},"to":{"line":7,"ch":14,"sticky":null},"text":[""],"removed":["e"],"origin":"+delete"}
2019-4-11 19:58:52.066#keyHandled#"Backspace"
2019-4-11 19:58:52.118#change#{"from":{"line":7,"ch":12,"sticky":"after"},"to":{"line":7,"ch":13,"sticky":null},"text":[""],"removed":["f"],"origin":"+delete"}
2019-4-11 19:58:52.118#keyHandled#"Backspace"
2019-4-11 19:58:52.168#change#{"from":{"line":7,"ch":11,"sticky":"after"},"to":{"line":7,"ch":12,"sticky":null},"text":[""],"removed":["s"],"origin":"+delete"}
2019-4-11 19:58:52.168#keyHandled#"Backspace"
2019-4-11 19:58:52.217#change#{"from":{"line":7,"ch":10,"sticky":"after"},"to":{"line":7,"ch":11,"sticky":null},"text":[""],"removed":["e"],"origin":"+delete"}
2019-4-11 19:58:52.217#keyHandled#"Backspace"
2019-4-11 19:58:52.268#change#{"from":{"line":7,"ch":9,"sticky":"after"},"to":{"line":7,"ch":10,"sticky":null},"text":[""],"removed":[" "],"origin":"+delete"}
2019-4-11 19:58:52.268#keyHandled#"Backspace"
2019-4-11 19:58:52.317#change#{"from":{"line":7,"ch":8,"sticky":"after"},"to":{"line":7,"ch":9,"sticky":null},"text":[""],"removed":["a"],"origin":"+delete"}
2019-4-11 19:58:52.317#keyHandled#"Backspace"
2019-4-11 19:58:52.585#change#{"from":{"line":7,"ch":7,"sticky":"after"},"to":{"line":7,"ch":8,"sticky":null},"text":[""],"removed":["d"],"origin":"+delete"}
2019-4-11 19:58:52.585#keyHandled#"Backspace"
2019-4-11 19:58:52.872#change#{"from":{"line":7,"ch":6,"sticky":"after"},"to":{"line":7,"ch":7,"sticky":null},"text":[""],"removed":[" "],"origin":"+delete"}
2019-4-11 19:58:52.872#keyHandled#"Backspace"
2019-4-11 19:58:53.069#change#{"from":{"line":7,"ch":5,"sticky":"after"},"to":{"line":7,"ch":6,"sticky":null},"text":[""],"removed":["e"],"origin":"+delete"}
2019-4-11 19:58:53.069#keyHandled#"Backspace"
2019-4-11 19:58:53.266#change#{"from":{"line":7,"ch":4,"sticky":"after"},"to":{"line":7,"ch":5,"sticky":null},"text":[""],"removed":["m"],"origin":"+delete"}
2019-4-11 19:58:53.266#keyHandled#"Backspace"
2019-4-11 19:58:53.616#change#{"from":{"line":7,"ch":3,"sticky":"after"},"to":{"line":7,"ch":4,"sticky":null},"text":[""],"removed":["u"],"origin":"+delete"}
2019-4-11 19:58:53.616#keyHandled#"Backspace"
2019-4-11 19:58:53.901#change#{"from":{"line":7,"ch":2,"sticky":"after"},"to":{"line":7,"ch":3,"sticky":null},"text":[""],"removed":["l"],"origin":"+delete"}
2019-4-11 19:58:53.901#keyHandled#"Backspace"
2019-4-11 19:58:54.235#change#{"from":{"line":7,"ch":1,"sticky":"after"},"to":{"line":7,"ch":2,"sticky":null},"text":[""],"removed":["o"],"origin":"+delete"}
2019-4-11 19:58:54.235#keyHandled#"Backspace"
2019-4-11 19:58:57.813#change#{"from":{"line":7,"ch":1,"sticky":null},"to":{"line":7,"ch":1,"sticky":null},"text":["e"],"removed":[""],"origin":"+input"}
2019-4-11 19:58:58.059#change#{"from":{"line":7,"ch":2,"sticky":null},"to":{"line":7,"ch":2,"sticky":null},"text":["r"],"removed":[""],"origin":"+input"}
2019-4-11 19:59:00.023#mousedown#{"isTrusted":true}
2019-4-11 19:59:01.660#change#{"from":{"line":8,"ch":3,"sticky":null,"xRel":1,"outside":true},"to":{"line":8,"ch":3,"sticky":null,"xRel":1,"outside":true},"text":["-"],"removed":[""],"origin":"+input"}
2019-4-11 19:59:02.057#change#{"from":{"line":8,"ch":3,"sticky":"after"},"to":{"line":8,"ch":4,"sticky":null},"text":[""],"removed":["-"],"origin":"+delete"}
2019-4-11 19:59:02.057#keyHandled#"Backspace"
2019-4-11 19:59:02.399#change#{"from":{"line":8,"ch":3,"sticky":null},"to":{"line":8,"ch":3,"sticky":null},"text":["="],"removed":[""],"origin":"+input"}
2019-4-11 19:59:08.260#change#{"from":{"line":8,"ch":4,"sticky":null},"to":{"line":8,"ch":4,"sticky":null},"text":["()"],"removed":[""],"origin":"+input"}
2019-4-11 19:59:08.260#keyHandled#"'('"
2019-4-11 19:59:09.410#change#{"from":{"line":8,"ch":5,"sticky":"after"},"to":{"line":8,"ch":5,"sticky":"after"},"text":["p"],"removed":[""],"origin":"+input"}
2019-4-11 19:59:09.894#change#{"from":{"line":8,"ch":6,"sticky":null},"to":{"line":8,"ch":6,"sticky":null},"text":["i"],"removed":[""],"origin":"+input"}
2019-4-11 19:59:13.008#change#{"from":{"line":8,"ch":7,"sticky":null},"to":{"line":8,"ch":7,"sticky":null},"text":["*"],"removed":[""],"origin":"+input"}
2019-4-11 19:59:21.245#change#{"from":{"line":8,"ch":8,"sticky":null},"to":{"line":8,"ch":8,"sticky":null},"text":["a"],"removed":[""],"origin":"+input"}
2019-4-11 19:59:21.811#change#{"from":{"line":8,"ch":9,"sticky":null},"to":{"line":8,"ch":9,"sticky":null},"text":["l"],"removed":[""],"origin":"+input"}
2019-4-11 19:59:26.298#change#{"from":{"line":8,"ch":10,"sticky":null},"to":{"line":8,"ch":10,"sticky":null},"text":["t"],"removed":[""],"origin":"+input"}
2019-4-11 19:59:26.715#change#{"from":{"line":8,"ch":11,"sticky":null},"to":{"line":8,"ch":11,"sticky":null},"text":["u"],"removed":[""],"origin":"+input"}
2019-4-11 19:59:26.968#change#{"from":{"line":8,"ch":12,"sticky":null},"to":{"line":8,"ch":12,"sticky":null},"text":["r"],"removed":[""],"origin":"+input"}
2019-4-11 19:59:27.119#change#{"from":{"line":8,"ch":13,"sticky":null},"to":{"line":8,"ch":13,"sticky":null},"text":["a"],"removed":[""],"origin":"+input"}
2019-4-11 19:59:31.587#change#{"from":{"line":8,"ch":14,"sticky":null},"to":{"line":8,"ch":14,"sticky":null},"text":["*"],"removed":[""],"origin":"+input"}
2019-4-11 19:59:38.579#change#{"from":{"line":8,"ch":15,"sticky":null},"to":{"line":8,"ch":15,"sticky":null},"text":["*"],"removed":[""],"origin":"+input"}
2019-4-11 19:59:39.252#change#{"from":{"line":8,"ch":16,"sticky":null},"to":{"line":8,"ch":16,"sticky":null},"text":["2"],"removed":[""],"origin":"+input"}
2019-4-11 19:59:44.290#change#{"from":{"line":8,"ch":17,"sticky":null},"to":{"line":8,"ch":17,"sticky":null},"text":["()"],"removed":[""],"origin":"+input"}
2019-4-11 19:59:44.290#keyHandled#"'('"
2019-4-11 19:59:46.881#change#{"from":{"line":8,"ch":18,"sticky":"after"},"to":{"line":8,"ch":18,"sticky":"after"},"text":["3"],"removed":[""],"origin":"+input"}
2019-4-11 19:59:52.369#change#{"from":{"line":8,"ch":19,"sticky":null},"to":{"line":8,"ch":19,"sticky":null},"text":["*"],"removed":[""],"origin":"+input"}
2019-4-11 19:59:54.016#change#{"from":{"line":8,"ch":20,"sticky":null},"to":{"line":8,"ch":20,"sticky":null},"text":["r"],"removed":[""],"origin":"+input"}
2019-4-11 19:59:54.420#change#{"from":{"line":8,"ch":21,"sticky":null},"to":{"line":8,"ch":21,"sticky":null},"text":["a"],"removed":[""],"origin":"+input"}
2019-4-11 19:59:55.484#change#{"from":{"line":8,"ch":22,"sticky":null},"to":{"line":8,"ch":22,"sticky":null},"text":["i"],"removed":[""],"origin":"+input"}
2019-4-11 19:59:55.666#change#{"from":{"line":8,"ch":23,"sticky":null},"to":{"line":8,"ch":23,"sticky":null},"text":["o"],"removed":[""],"origin":"+input"}
2019-4-11 19:59:56.992#change#{"from":{"line":8,"ch":24,"sticky":null},"to":{"line":8,"ch":24,"sticky":null},"text":["-"],"removed":[""],"origin":"+input"}
2019-4-11 19:59:59.080#change#{"from":{"line":8,"ch":25,"sticky":null},"to":{"line":8,"ch":25,"sticky":null},"text":["a"],"removed":[""],"origin":"+input"}
2019-4-11 19:59:59.862#change#{"from":{"line":8,"ch":26,"sticky":null},"to":{"line":8,"ch":26,"sticky":null},"text":["l"],"removed":[""],"origin":"+input"}
2019-4-11 20:00:00.415#change#{"from":{"line":8,"ch":27,"sticky":null},"to":{"line":8,"ch":27,"sticky":null},"text":["t"],"removed":[""],"origin":"+input"}
2019-4-11 20:00:00.857#change#{"from":{"line":8,"ch":28,"sticky":null},"to":{"line":8,"ch":28,"sticky":null},"text":["u"],"removed":[""],"origin":"+input"}
2019-4-11 20:00:01.072#change#{"from":{"line":8,"ch":29,"sticky":null},"to":{"line":8,"ch":29,"sticky":null},"text":["r"],"removed":[""],"origin":"+input"}
2019-4-11 20:00:01.214#change#{"from":{"line":8,"ch":30,"sticky":null},"to":{"line":8,"ch":30,"sticky":null},"text":["a"],"removed":[""],"origin":"+input"}
2019-4-11 20:00:03.531#mousedown#{"isTrusted":true}
2019-4-11 20:00:07.149#change#{"from":{"line":8,"ch":32,"sticky":"before","xRel":-0.71875},"to":{"line":8,"ch":32,"sticky":"before","xRel":-0.71875},"text":["/"],"removed":[""],"origin":"+input"}
2019-4-11 20:00:08.942#change#{"from":{"line":8,"ch":33,"sticky":null},"to":{"line":8,"ch":33,"sticky":null},"text":["3"],"removed":[""],"origin":"+input"}
2019-4-11 20:00:09.986#mousedown#{"isTrusted":true}
2019-4-11 20:00:12.084#change#{"from":{"line":8,"ch":32,"sticky":"before","xRel":-0.3125},"to":{"line":8,"ch":32,"sticky":"before","xRel":-0.3125},"text":["("],"removed":[""],"origin":"+input"}
2019-4-11 20:00:12.945#change#{"from":{"line":8,"ch":32,"sticky":"after"},"to":{"line":8,"ch":33,"sticky":null},"text":[""],"removed":["("],"origin":"+delete"}
2019-4-11 20:00:12.945#keyHandled#"Backspace"
2019-4-11 20:00:14.630#change#{"from":{"line":8,"ch":32,"sticky":null},"to":{"line":8,"ch":32,"sticky":null},"text":[")"],"removed":[""],"origin":"+input"}
2019-4-11 20:00:19.606#mousedown#{"isTrusted":true}
2019-4-11 20:00:20.845#change#{"from":{"line":8,"ch":4,"sticky":"after","xRel":2.578125},"to":{"line":8,"ch":4,"sticky":"after","xRel":2.578125},"text":["("],"removed":[""],"origin":"+input"}
2019-4-11 20:00:23.780#mousedown#{"isTrusted":true}
2019-4-11 20:00:24.249#mousedown#{"isTrusted":true}
2019-4-11 20:00:25.025#change#{"from":{"line":8,"ch":37,"sticky":null,"xRel":1,"outside":true},"to":{"line":8,"ch":37,"sticky":null,"xRel":1,"outside":true},"text":["",""],"removed":[""],"origin":"+input"}
2019-4-11 20:00:25.025#keyHandled#"Enter"
2019-4-11 20:00:25.037#viewportChange#0
2019-4-11 20:00:41.454#change#{"from":{"line":9,"ch":0,"sticky":null},"to":{"line":9,"ch":0,"sticky":null},"text":[" "],"removed":[""],"origin":"+input"}
2019-4-11 20:00:42.340#change#{"from":{"line":9,"ch":0,"sticky":"after"},"to":{"line":9,"ch":1,"sticky":null},"text":[""],"removed":[" "],"origin":"+delete"}
2019-4-11 20:00:42.340#keyHandled#"Backspace"
2019-4-11 20:00:42.758#change#{"from":{"line":9,"ch":0,"sticky":null},"to":{"line":9,"ch":0,"sticky":null},"text":["",""],"removed":[""],"origin":"+input"}
2019-4-11 20:00:42.758#keyHandled#"Enter"
2019-4-11 20:00:42.762#viewportChange#0
2019-4-11 20:00:43.882#change#{"from":{"line":10,"ch":0,"sticky":null},"to":{"line":10,"ch":0,"sticky":null},"text":["i"],"removed":[""],"origin":"+input"}
2019-4-11 20:00:44.361#change#{"from":{"line":10,"ch":1,"sticky":null},"to":{"line":10,"ch":1,"sticky":null},"text":["f"],"removed":[""],"origin":"+input"}
2019-4-11 20:00:47.794#change#{"from":{"line":10,"ch":2,"sticky":null},"to":{"line":10,"ch":2,"sticky":null},"text":[" "],"removed":[""],"origin":"+input"}
2019-4-11 20:00:49.495#change#{"from":{"line":10,"ch":3,"sticky":null},"to":{"line":10,"ch":3,"sticky":null},"text":["()"],"removed":[""],"origin":"+input"}
2019-4-11 20:00:49.495#keyHandled#"'('"
2019-4-11 20:00:52.060#change#{"from":{"line":10,"ch":4,"sticky":"after"},"to":{"line":10,"ch":4,"sticky":"after"},"text":["v"],"removed":[""],"origin":"+input"}
2019-4-11 20:00:52.334#change#{"from":{"line":10,"ch":5,"sticky":null},"to":{"line":10,"ch":5,"sticky":null},"text":["e"],"removed":[""],"origin":"+input"}
2019-4-11 20:00:52.519#change#{"from":{"line":10,"ch":6,"sticky":null},"to":{"line":10,"ch":6,"sticky":null},"text":["r"],"removed":[""],"origin":"+input"}
2019-4-11 20:00:57.146#change#{"from":{"line":10,"ch":7,"sticky":null},"to":{"line":10,"ch":7,"sticky":null},"text":["="],"removed":[""],"origin":"+input"}
2019-4-11 20:00:57.346#change#{"from":{"line":10,"ch":8,"sticky":null},"to":{"line":10,"ch":8,"sticky":null},"text":["="],"removed":[""],"origin":"+input"}
2019-4-11 20:01:14.058#mousedown#{"isTrusted":true}
2019-4-11 20:01:14.885#change#{"from":{"line":10,"ch":6,"sticky":"after"},"to":{"line":10,"ch":7,"sticky":"before","xRel":-2.6875},"text":[""],"removed":["r"],"origin":"+delete"}
2019-4-11 20:01:14.885#keyHandled#"Backspace"
2019-4-11 20:01:15.100#change#{"from":{"line":10,"ch":5,"sticky":"after"},"to":{"line":10,"ch":6,"sticky":null},"text":[""],"removed":["e"],"origin":"+delete"}
2019-4-11 20:01:15.100#keyHandled#"Backspace"
2019-4-11 20:01:15.646#change#{"from":{"line":10,"ch":4,"sticky":"after"},"to":{"line":10,"ch":5,"sticky":null},"text":[""],"removed":["v"],"origin":"+delete"}
2019-4-11 20:01:15.646#keyHandled#"Backspace"
2019-4-11 20:01:16.810#change#{"from":{"line":10,"ch":4,"sticky":null},"to":{"line":10,"ch":4,"sticky":null},"text":["n"],"removed":[""],"origin":"+input"}
2019-4-11 20:01:17.461#change#{"from":{"line":10,"ch":5,"sticky":null},"to":{"line":10,"ch":5,"sticky":null},"text":["u"],"removed":[""],"origin":"+input"}
2019-4-11 20:01:17.802#change#{"from":{"line":10,"ch":6,"sticky":null},"to":{"line":10,"ch":6,"sticky":null},"text":["m"],"removed":[""],"origin":"+input"}
2019-4-11 20:01:18.036#change#{"from":{"line":10,"ch":7,"sticky":null},"to":{"line":10,"ch":7,"sticky":null},"text":["e"],"removed":[""],"origin":"+input"}
2019-4-11 20:01:20.106#mousedown#{"isTrusted":true}
2019-4-11 20:01:20.562#mousedown#{"isTrusted":true}
2019-4-11 20:01:22.289#change#{"from":{"line":10,"ch":11,"sticky":"after","xRel":0.609375},"to":{"line":10,"ch":11,"sticky":"after","xRel":0.609375},"text":["1"],"removed":[""],"origin":"+input"}
2019-4-11 20:01:23.405#mousedown#{"isTrusted":true}
2019-4-11 20:01:24.213#change#{"from":{"line":10,"ch":13,"sticky":"before","xRel":26.765625},"to":{"line":10,"ch":13,"sticky":"before","xRel":26.765625},"text":["",""],"removed":[""],"origin":"+input"}
2019-4-11 20:01:24.213#keyHandled#"Enter"
2019-4-11 20:01:24.218#viewportChange#0
2019-4-11 20:01:25.167#change#{"from":{"line":11,"ch":0,"sticky":null},"to":{"line":11,"ch":0,"sticky":null},"text":[" "],"removed":[""],"origin":"+input"}
2019-4-11 20:01:25.718#change#{"from":{"line":11,"ch":1,"sticky":null},"to":{"line":11,"ch":1,"sticky":null},"text":[" "],"removed":[""],"origin":"+input"}
2019-4-11 20:01:28.037#change#{"from":{"line":11,"ch":2,"sticky":null},"to":{"line":11,"ch":2,"sticky":null},"text":["p"],"removed":[""],"origin":"+input"}
2019-4-11 20:01:28.339#change#{"from":{"line":11,"ch":3,"sticky":null},"to":{"line":11,"ch":3,"sticky":null},"text":["r"],"removed":[""],"origin":"+input"}
2019-4-11 20:01:28.649#change#{"from":{"line":11,"ch":4,"sticky":null},"to":{"line":11,"ch":4,"sticky":null},"text":["i"],"removed":[""],"origin":"+input"}
2019-4-11 20:01:28.915#change#{"from":{"line":11,"ch":5,"sticky":null},"to":{"line":11,"ch":5,"sticky":null},"text":["n"],"removed":[""],"origin":"+input"}
2019-4-11 20:01:29.125#change#{"from":{"line":11,"ch":6,"sticky":null},"to":{"line":11,"ch":6,"sticky":null},"text":["t"],"removed":[""],"origin":"+input"}
2019-4-11 20:01:29.864#change#{"from":{"line":11,"ch":7,"sticky":null},"to":{"line":11,"ch":7,"sticky":null},"text":["a"],"removed":[""],"origin":"+input"}
2019-4-11 20:01:30.364#change#{"from":{"line":11,"ch":8,"sticky":null},"to":{"line":11,"ch":8,"sticky":null},"text":["a"],"removed":[""],"origin":"+input"}
2019-4-11 20:01:30.417#change#{"from":{"line":11,"ch":9,"sticky":null},"to":{"line":11,"ch":9,"sticky":null},"text":["a"],"removed":[""],"origin":"+input"}
2019-4-11 20:01:30.446#change#{"from":{"line":11,"ch":10,"sticky":null},"to":{"line":11,"ch":10,"sticky":null},"text":["9"],"removed":[""],"origin":"+input"}
2019-4-11 20:01:31.391#change#{"from":{"line":11,"ch":10,"sticky":"after"},"to":{"line":11,"ch":11,"sticky":null},"text":[""],"removed":["9"],"origin":"+delete"}
2019-4-11 20:01:31.391#keyHandled#"Backspace"
2019-4-11 20:01:31.566#change#{"from":{"line":11,"ch":9,"sticky":"after"},"to":{"line":11,"ch":10,"sticky":null},"text":[""],"removed":["a"],"origin":"+delete"}
2019-4-11 20:01:31.566#keyHandled#"Backspace"
2019-4-11 20:01:31.774#change#{"from":{"line":11,"ch":8,"sticky":"after"},"to":{"line":11,"ch":9,"sticky":null},"text":[""],"removed":["a"],"origin":"+delete"}
2019-4-11 20:01:31.774#keyHandled#"Backspace"
2019-4-11 20:01:32.182#change#{"from":{"line":11,"ch":7,"sticky":"after"},"to":{"line":11,"ch":8,"sticky":null},"text":[""],"removed":["a"],"origin":"+delete"}
2019-4-11 20:01:32.182#keyHandled#"Backspace"
2019-4-11 20:01:32.633#change#{"from":{"line":11,"ch":7,"sticky":null},"to":{"line":11,"ch":7,"sticky":null},"text":["a"],"removed":[""],"origin":"+input"}
2019-4-11 20:01:33.053#change#{"from":{"line":11,"ch":8,"sticky":null},"to":{"line":11,"ch":8,"sticky":null},"text":["9"],"removed":[""],"origin":"+input"}
2019-4-11 20:01:33.562#change#{"from":{"line":11,"ch":8,"sticky":"after"},"to":{"line":11,"ch":9,"sticky":null},"text":[""],"removed":["9"],"origin":"+delete"}
2019-4-11 20:01:33.563#keyHandled#"Backspace"
2019-4-11 20:01:34.852#change#{"from":{"line":11,"ch":8,"sticky":null},"to":{"line":11,"ch":8,"sticky":null},"text":["()"],"removed":[""],"origin":"+input"}
2019-4-11 20:01:34.852#keyHandled#"'('"
2019-4-11 20:01:38.611#change#{"from":{"line":11,"ch":9,"sticky":"after"},"to":{"line":11,"ch":9,"sticky":"after"},"text":["R"],"removed":[""],"origin":"+input"}
2019-4-11 20:01:38.913#change#{"from":{"line":11,"ch":10,"sticky":null},"to":{"line":11,"ch":10,"sticky":null},"text":["O"],"removed":[""],"origin":"+input"}
2019-4-11 20:01:39.196#change#{"from":{"line":11,"ch":11,"sticky":null},"to":{"line":11,"ch":11,"sticky":null},"text":["U"],"removed":[""],"origin":"+input"}
2019-4-11 20:01:39.496#change#{"from":{"line":11,"ch":12,"sticky":null},"to":{"line":11,"ch":12,"sticky":null},"text":["N"],"removed":[""],"origin":"+input"}
2019-4-11 20:01:39.898#change#{"from":{"line":11,"ch":13,"sticky":null},"to":{"line":11,"ch":13,"sticky":null},"text":["D"],"removed":[""],"origin":"+input"}
2019-4-11 20:01:40.670#change#{"from":{"line":11,"ch":13,"sticky":"after"},"to":{"line":11,"ch":14,"sticky":null},"text":[""],"removed":["D"],"origin":"+delete"}
2019-4-11 20:01:40.670#keyHandled#"Backspace"
2019-4-11 20:01:40.882#change#{"from":{"line":11,"ch":12,"sticky":"after"},"to":{"line":11,"ch":13,"sticky":null},"text":[""],"removed":["N"],"origin":"+delete"}
2019-4-11 20:01:40.882#keyHandled#"Backspace"
2019-4-11 20:01:41.079#change#{"from":{"line":11,"ch":11,"sticky":"after"},"to":{"line":11,"ch":12,"sticky":null},"text":[""],"removed":["U"],"origin":"+delete"}
2019-4-11 20:01:41.079#keyHandled#"Backspace"
2019-4-11 20:01:41.784#change#{"from":{"line":11,"ch":10,"sticky":"after"},"to":{"line":11,"ch":11,"sticky":null},"text":[""],"removed":["O"],"origin":"+delete"}
2019-4-11 20:01:41.784#keyHandled#"Backspace"
2019-4-11 20:01:43.209#change#{"from":{"line":11,"ch":9,"sticky":"after"},"to":{"line":11,"ch":10,"sticky":null},"text":[""],"removed":["R"],"origin":"+delete"}
2019-4-11 20:01:43.209#keyHandled#"Backspace"
2019-4-11 20:01:43.884#change#{"from":{"line":11,"ch":9,"sticky":null},"to":{"line":11,"ch":9,"sticky":null},"text":["r"],"removed":[""],"origin":"+input"}
2019-4-11 20:01:44.201#change#{"from":{"line":11,"ch":10,"sticky":null},"to":{"line":11,"ch":10,"sticky":null},"text":["o"],"removed":[""],"origin":"+input"}
2019-4-11 20:01:44.518#change#{"from":{"line":11,"ch":11,"sticky":null},"to":{"line":11,"ch":11,"sticky":null},"text":["u"],"removed":[""],"origin":"+input"}
2019-4-11 20:01:44.809#change#{"from":{"line":11,"ch":12,"sticky":null},"to":{"line":11,"ch":12,"sticky":null},"text":["n"],"removed":[""],"origin":"+input"}
2019-4-11 20:01:45.078#change#{"from":{"line":11,"ch":13,"sticky":null},"to":{"line":11,"ch":13,"sticky":null},"text":["d"],"removed":[""],"origin":"+input"}
2019-4-11 20:01:46.286#change#{"from":{"line":11,"ch":14,"sticky":null},"to":{"line":11,"ch":14,"sticky":null},"text":["9"],"removed":[""],"origin":"+input"}
2019-4-11 20:01:47.177#change#{"from":{"line":11,"ch":14,"sticky":"after"},"to":{"line":11,"ch":15,"sticky":null},"text":[""],"removed":["9"],"origin":"+delete"}
2019-4-11 20:01:47.177#keyHandled#"Backspace"
2019-4-11 20:01:47.822#change#{"from":{"line":11,"ch":14,"sticky":null},"to":{"line":11,"ch":14,"sticky":null},"text":["()"],"removed":[""],"origin":"+input"}
2019-4-11 20:01:47.822#keyHandled#"'('"
2019-4-11 20:01:50.696#change#{"from":{"line":11,"ch":15,"sticky":"after"},"to":{"line":11,"ch":15,"sticky":"after"},"text":["v"],"removed":[""],"origin":"+input"}
2019-4-11 20:01:51.017#change#{"from":{"line":11,"ch":16,"sticky":null},"to":{"line":11,"ch":16,"sticky":null},"text":["e"],"removed":[""],"origin":"+input"}
2019-4-11 20:01:51.426#change#{"from":{"line":11,"ch":17,"sticky":null},"to":{"line":11,"ch":17,"sticky":null},"text":["r"],"removed":[""],"origin":"+input"}
2019-4-11 20:01:52.795#change#{"from":{"line":11,"ch":18,"sticky":null},"to":{"line":11,"ch":18,"sticky":null},"text":[","],"removed":[""],"origin":"+input"}
2019-4-11 20:01:54.422#change#{"from":{"line":11,"ch":19,"sticky":null},"to":{"line":11,"ch":19,"sticky":null},"text":["4"],"removed":[""],"origin":"+input"}
2019-4-11 20:01:55.867#mousedown#{"isTrusted":true}
2019-4-11 20:01:56.649#change#{"from":{"line":11,"ch":22,"sticky":"before","xRel":25.28125},"to":{"line":11,"ch":22,"sticky":"before","xRel":25.28125},"text":["",""],"removed":[""],"origin":"+input"}
2019-4-11 20:01:56.649#change#{"from":{"line":12,"ch":0,"sticky":null},"to":{"line":12,"ch":0,"sticky":null},"text":["\t"],"removed":[""],"origin":"+input"}
2019-4-11 20:01:56.649#keyHandled#"Enter"
2019-4-11 20:01:56.659#viewportChange#0
2019-4-11 20:01:58.405#change#{"from":{"line":12,"ch":1,"sticky":null},"to":{"line":12,"ch":1,"sticky":null},"text":["",""],"removed":[""],"origin":"+input"}
2019-4-11 20:01:58.405#change#{"from":{"line":13,"ch":0,"sticky":null},"to":{"line":13,"ch":0,"sticky":null},"text":["\t"],"removed":[""],"origin":"+input"}
2019-4-11 20:01:58.405#keyHandled#"Enter"
2019-4-11 20:01:58.411#viewportChange#0
2019-4-11 20:01:59.034#change#{"from":{"line":13,"ch":0,"sticky":"after"},"to":{"line":13,"ch":1,"sticky":null},"text":[""],"removed":["\t"],"origin":"+delete"}
2019-4-11 20:01:59.034#keyHandled#"Backspace"
2019-4-11 20:01:59.868#change#{"from":{"line":13,"ch":0,"sticky":null},"to":{"line":13,"ch":0,"sticky":null},"text":["e"],"removed":[""],"origin":"+input"}
2019-4-11 20:02:00.155#change#{"from":{"line":13,"ch":1,"sticky":null},"to":{"line":13,"ch":1,"sticky":null},"text":["l"],"removed":[""],"origin":"+input"}
2019-4-11 20:02:01.143#change#{"from":{"line":13,"ch":2,"sticky":null},"to":{"line":13,"ch":2,"sticky":null},"text":["s"],"removed":[""],"origin":"+input"}
2019-4-11 20:02:01.366#change#{"from":{"line":13,"ch":3,"sticky":null},"to":{"line":13,"ch":3,"sticky":null},"text":["e"],"removed":[""],"origin":"+input"}
2019-4-11 20:02:04.204#change#{"from":{"line":13,"ch":4,"sticky":null},"to":{"line":13,"ch":4,"sticky":null},"text":[";"],"removed":[""],"origin":"+input"}
2019-4-11 20:02:04.643#change#{"from":{"line":13,"ch":5,"sticky":null},"to":{"line":13,"ch":5,"sticky":null},"text":["",""],"removed":[""],"origin":"+input"}
2019-4-11 20:02:04.643#keyHandled#"Enter"
2019-4-11 20:02:04.649#viewportChange#0
2019-4-11 20:02:05.220#change#{"from":{"line":13,"ch":5,"sticky":"before"},"to":{"line":14,"ch":0,"sticky":null},"text":[""],"removed":["",""],"origin":"+delete"}
2019-4-11 20:02:05.220#keyHandled#"Backspace"
2019-4-11 20:02:05.225#viewportChange#0
2019-4-11 20:02:05.841#change#{"from":{"line":13,"ch":4,"sticky":"after"},"to":{"line":13,"ch":5,"sticky":null},"text":[""],"removed":[";"],"origin":"+delete"}
2019-4-11 20:02:05.841#keyHandled#"Backspace"
2019-4-11 20:02:09.910#change#{"from":{"line":13,"ch":4,"sticky":null},"to":{"line":13,"ch":4,"sticky":null},"text":[":"],"removed":[""],"origin":"+input"}
2019-4-11 20:02:10.400#change#{"from":{"line":13,"ch":5,"sticky":null},"to":{"line":13,"ch":5,"sticky":null},"text":["",""],"removed":[""],"origin":"+input"}
2019-4-11 20:02:10.400#change#{"from":{"line":14,"ch":0,"sticky":null},"to":{"line":14,"ch":0,"sticky":null},"text":["\t"],"removed":[""],"origin":"+input"}
2019-4-11 20:02:10.400#keyHandled#"Enter"
2019-4-11 20:02:10.406#viewportChange#0
2019-4-11 20:02:12.327#change#{"from":{"line":14,"ch":1,"sticky":null},"to":{"line":14,"ch":1,"sticky":null},"text":["p"],"removed":[""],"origin":"+input"}
2019-4-11 20:02:12.820#change#{"from":{"line":14,"ch":2,"sticky":null},"to":{"line":14,"ch":2,"sticky":null},"text":["r"],"removed":[""],"origin":"+input"}
2019-4-11 20:02:13.103#change#{"from":{"line":14,"ch":3,"sticky":null},"to":{"line":14,"ch":3,"sticky":null},"text":["i"],"removed":[""],"origin":"+input"}
2019-4-11 20:02:13.334#change#{"from":{"line":14,"ch":4,"sticky":null},"to":{"line":14,"ch":4,"sticky":null},"text":["n"],"removed":[""],"origin":"+input"}
2019-4-11 20:02:13.513#change#{"from":{"line":14,"ch":5,"sticky":null},"to":{"line":14,"ch":5,"sticky":null},"text":["t"],"removed":[""],"origin":"+input"}
2019-4-11 20:02:14.867#change#{"from":{"line":14,"ch":6,"sticky":null},"to":{"line":14,"ch":6,"sticky":null},"text":["()"],"removed":[""],"origin":"+input"}
2019-4-11 20:02:14.867#keyHandled#"'('"
2019-4-11 20:02:20.511#change#{"from":{"line":14,"ch":7,"sticky":"after"},"to":{"line":14,"ch":7,"sticky":"after"},"text":["v"],"removed":[""],"origin":"+input"}
2019-4-11 20:02:22.004#change#{"from":{"line":14,"ch":7,"sticky":"after"},"to":{"line":14,"ch":8,"sticky":null},"text":[""],"removed":["v"],"origin":"+delete"}
2019-4-11 20:02:22.004#keyHandled#"Backspace"
2019-4-11 20:02:23.107#change#{"from":{"line":14,"ch":7,"sticky":null},"to":{"line":14,"ch":7,"sticky":null},"text":["r"],"removed":[""],"origin":"+input"}
2019-4-11 20:02:23.452#change#{"from":{"line":14,"ch":8,"sticky":null},"to":{"line":14,"ch":8,"sticky":null},"text":["o"],"removed":[""],"origin":"+input"}
2019-4-11 20:02:23.778#change#{"from":{"line":14,"ch":9,"sticky":null},"to":{"line":14,"ch":9,"sticky":null},"text":["u"],"removed":[""],"origin":"+input"}
2019-4-11 20:02:24.146#change#{"from":{"line":14,"ch":10,"sticky":null},"to":{"line":14,"ch":10,"sticky":null},"text":["d"],"removed":[""],"origin":"+input"}
2019-4-11 20:02:25.108#change#{"from":{"line":14,"ch":10,"sticky":"after"},"to":{"line":14,"ch":11,"sticky":null},"text":[""],"removed":["d"],"origin":"+delete"}
2019-4-11 20:02:25.108#keyHandled#"Backspace"
2019-4-11 20:02:25.234#change#{"from":{"line":14,"ch":9,"sticky":"after"},"to":{"line":14,"ch":10,"sticky":null},"text":[""],"removed":["u"],"origin":"+delete"}
2019-4-11 20:02:25.234#keyHandled#"Backspace"
2019-4-11 20:02:28.948#change#{"from":{"line":14,"ch":9,"sticky":null},"to":{"line":14,"ch":9,"sticky":null},"text":["u"],"removed":[""],"origin":"+input"}
2019-4-11 20:02:29.619#change#{"from":{"line":14,"ch":10,"sticky":null},"to":{"line":14,"ch":10,"sticky":null},"text":["n"],"removed":[""],"origin":"+input"}
2019-4-11 20:02:29.933#change#{"from":{"line":14,"ch":11,"sticky":null},"to":{"line":14,"ch":11,"sticky":null},"text":["d"],"removed":[""],"origin":"+input"}
2019-4-11 20:02:31.321#change#{"from":{"line":14,"ch":12,"sticky":null},"to":{"line":14,"ch":12,"sticky":null},"text":["()"],"removed":[""],"origin":"+input"}
2019-4-11 20:02:31.321#keyHandled#"'('"
2019-4-11 20:02:34.579#change#{"from":{"line":14,"ch":13,"sticky":"after"},"to":{"line":14,"ch":13,"sticky":"after"},"text":["v"],"removed":[""],"origin":"+input"}
2019-4-11 20:02:34.850#change#{"from":{"line":14,"ch":14,"sticky":null},"to":{"line":14,"ch":14,"sticky":null},"text":["c"],"removed":[""],"origin":"+input"}
2019-4-11 20:02:35.579#change#{"from":{"line":14,"ch":15,"sticky":null},"to":{"line":14,"ch":15,"sticky":null},"text":["e"],"removed":[""],"origin":"+input"}
2019-4-11 20:02:36.783#change#{"from":{"line":14,"ch":16,"sticky":null},"to":{"line":14,"ch":16,"sticky":null},"text":[","],"removed":[""],"origin":"+input"}
2019-4-11 20:02:37.436#change#{"from":{"line":14,"ch":17,"sticky":null},"to":{"line":14,"ch":17,"sticky":null},"text":["4"],"removed":[""],"origin":"+input"}
2019-4-11 20:02:38.838#mousedown#{"isTrusted":true}
2019-4-11 20:02:40.876#change#{"from":{"line":10,"ch":13,"sticky":"before","xRel":51.765625},"to":{"line":10,"ch":13,"sticky":"before","xRel":51.765625},"text":[":"],"removed":[""],"origin":"+input"}
2019-4-11 20:02:42.890#blur#
2019-4-11 20:02:42.890#blur#
2019-4-11 20:02:44.802#saida_testar#$ python3 main.py
2019-4-11 20:03:01.625#mousedown#{"isTrusted":true}
2019-4-11 20:03:01.711#focus#
2019-4-11 20:03:02.744#change#{"from":{"line":11,"ch":7,"sticky":"after"},"to":{"line":11,"ch":8,"sticky":"after","xRel":0.875},"text":[""],"removed":["a"],"origin":"+delete"}
2019-4-11 20:03:02.744#keyHandled#"Backspace"
2019-4-11 20:03:06.094#blur#
2019-4-11 20:03:06.094#blur#
2019-4-11 20:03:08.881#mousedown#{"isTrusted":true}
2019-4-11 20:03:08.951#focus#
2019-4-11 20:03:09.029#saida_testar#$ python3 main.py
2019-4-11 20:03:09.947#change#{"from":{"line":11,"ch":2,"sticky":"before","xRel":-2.5625},"to":{"line":11,"ch":2,"sticky":"before","xRel":-2.5625},"text":[" "],"removed":[""],"origin":"+input"}
2019-4-11 20:03:12.015#blur#
2019-4-11 20:03:12.015#blur#
2019-4-11 20:03:14.717#saida_testar#$ python3 main.py
2019-4-11 20:03:34.889#mousedown#{"isTrusted":true}
2019-4-11 20:03:34.954#focus#
2019-4-11 20:03:35.517#mousedown#{"isTrusted":true}
2019-4-11 20:03:37.497#change#{"from":{"line":4,"ch":7,"sticky":"after"},"to":{"line":4,"ch":8,"sticky":"before","xRel":-0.125},"text":[""],"removed":[" "],"origin":"+delete"}
2019-4-11 20:03:37.497#keyHandled#"Backspace"
2019-4-11 20:03:41.817#blur#
2019-4-11 20:03:41.817#blur#
2019-4-11 20:03:45.147#saida_testar#$ python3 main.py
2019-4-11 20:03:56.503#mousedown#{"isTrusted":true}
2019-4-11 20:03:56.567#focus#
2019-4-11 20:03:59.540#change#{"from":{"line":6,"ch":0,"sticky":"after","xRel":92.28125},"to":{"line":6,"ch":0,"sticky":"after","xRel":92.28125},"text":["f"],"removed":[""],"origin":"+input"}
2019-4-11 20:03:59.885#change#{"from":{"line":6,"ch":1,"sticky":null},"to":{"line":6,"ch":1,"sticky":null},"text":["r"],"removed":[""],"origin":"+input"}
2019-4-11 20:04:00.815#change#{"from":{"line":6,"ch":2,"sticky":null},"to":{"line":6,"ch":2,"sticky":null},"text":["o"],"removed":[""],"origin":"+input"}
2019-4-11 20:04:02.037#change#{"from":{"line":6,"ch":3,"sticky":null},"to":{"line":6,"ch":3,"sticky":null},"text":["m"],"removed":[""],"origin":"+input"}
2019-4-11 20:04:02.618#change#{"from":{"line":6,"ch":4,"sticky":null},"to":{"line":6,"ch":4,"sticky":null},"text":[" "],"removed":[""],"origin":"+input"}
2019-4-11 20:04:03.372#change#{"from":{"line":6,"ch":5,"sticky":null},"to":{"line":6,"ch":5,"sticky":null},"text":["m"],"removed":[""],"origin":"+input"}
2019-4-11 20:04:03.607#change#{"from":{"line":6,"ch":6,"sticky":null},"to":{"line":6,"ch":6,"sticky":null},"text":["a"],"removed":[""],"origin":"+input"}
2019-4-11 20:04:04.275#change#{"from":{"line":6,"ch":7,"sticky":null},"to":{"line":6,"ch":7,"sticky":null},"text":["t"],"removed":[""],"origin":"+input"}
2019-4-11 20:04:04.634#change#{"from":{"line":6,"ch":8,"sticky":null},"to":{"line":6,"ch":8,"sticky":null},"text":["h"],"removed":[""],"origin":"+input"}
2019-4-11 20:04:06.128#change#{"from":{"line":6,"ch":9,"sticky":null},"to":{"line":6,"ch":9,"sticky":null},"text":[" "],"removed":[""],"origin":"+input"}
2019-4-11 20:04:07.014#change#{"from":{"line":6,"ch":10,"sticky":null},"to":{"line":6,"ch":10,"sticky":null},"text":["i"],"removed":[""],"origin":"+input"}
2019-4-11 20:04:07.290#change#{"from":{"line":6,"ch":11,"sticky":null},"to":{"line":6,"ch":11,"sticky":null},"text":["n"],"removed":[""],"origin":"+input"}
2019-4-11 20:04:08.331#change#{"from":{"line":6,"ch":11,"sticky":"after"},"to":{"line":6,"ch":12,"sticky":null},"text":[""],"removed":["n"],"origin":"+delete"}
2019-4-11 20:04:08.331#keyHandled#"Backspace"
2019-4-11 20:04:08.770#change#{"from":{"line":6,"ch":11,"sticky":null},"to":{"line":6,"ch":11,"sticky":null},"text":["m"],"removed":[""],"origin":"+input"}
2019-4-11 20:04:09.837#change#{"from":{"line":6,"ch":12,"sticky":null},"to":{"line":6,"ch":12,"sticky":null},"text":["p"],"removed":[""],"origin":"+input"}
2019-4-11 20:04:10.138#change#{"from":{"line":6,"ch":13,"sticky":null},"to":{"line":6,"ch":13,"sticky":null},"text":["o"],"removed":[""],"origin":"+input"}
2019-4-11 20:04:10.826#change#{"from":{"line":6,"ch":14,"sticky":null},"to":{"line":6,"ch":14,"sticky":null},"text":["r"],"removed":[""],"origin":"+input"}
2019-4-11 20:04:11.484#change#{"from":{"line":6,"ch":15,"sticky":null},"to":{"line":6,"ch":15,"sticky":null},"text":["t"],"removed":[""],"origin":"+input"}
2019-4-11 20:04:13.528#change#{"from":{"line":6,"ch":16,"sticky":null},"to":{"line":6,"ch":16,"sticky":null},"text":["*"],"removed":[""],"origin":"+input"}
2019-4-11 20:04:14.752#blur#
2019-4-11 20:04:14.752#blur#
2019-4-11 20:04:17.140#saida_testar#$ python3 main.py
2019-4-11 20:04:48.360#mousedown#{"isTrusted":true}
2019-4-11 20:04:48.426#focus#
2019-4-11 20:04:51.751#change#{"from":{"line":8,"ch":18,"sticky":"before","xRel":-1.359375},"to":{"line":8,"ch":18,"sticky":"before","xRel":-1.359375},"text":["-"],"removed":[""],"origin":"+input"}
2019-4-11 20:04:53.154#blur#
2019-4-11 20:04:53.154#blur#
2019-4-11 20:04:54.917#saida_testar#$ python3 main.py
2019-4-11 20:05:04.227#mousedown#{"isTrusted":true}
2019-4-11 20:05:04.294#focus#
2019-4-11 20:05:09.679#change#{"from":{"line":10,"ch":9,"sticky":"before","xRel":-1.546875},"to":{"line":10,"ch":9,"sticky":"before","xRel":-1.546875},"text":["o"],"removed":[""],"origin":"+input"}
2019-4-11 20:05:13.486#blur#
2019-4-11 20:05:13.486#blur#
2019-4-11 20:05:14.941#saida_testar#$ python3 main.py
2019-4-11 20:05:14.941#saida_testar#$ python3 main.py
2019-4-11 20:05:22.382#submit#Your code did not produce the correct output. Please, correct your code and try again.
2019-4-11 20:05:22.382#submit#Your code did not produce the correct output. Please, correct your code and try again.
2019-4-11 20:05:38.655#saida_testar#$ python3 main.py
2019-4-11 20:06:16.399#mousedown#{"isTrusted":true}
2019-4-11 20:06:16.464#focus#
2019-4-11 20:06:17.539#change#{"from":{"line":8,"ch":18,"sticky":"after"},"to":{"line":8,"ch":19,"sticky":"after","xRel":2.21875},"text":[""],"removed":["-"],"origin":"+delete"}
2019-4-11 20:06:17.539#keyHandled#"Backspace"
2019-4-11 20:06:18.341#change#{"from":{"line":8,"ch":18,"sticky":null},"to":{"line":8,"ch":18,"sticky":null},"text":["*"],"removed":[""],"origin":"+input"}
2019-4-11 20:06:21.345#mousedown#{"isTrusted":true}
2019-4-11 20:06:22.003#mousedown#{"isTrusted":true}
2019-4-11 20:06:24.957#blur#
2019-4-11 20:06:24.957#blur#
2019-4-11 20:06:26.663#submit#Your code did not produce the correct output. Please, correct your code and try again.
2019-4-11 20:06:28.945#mousedown#{"isTrusted":true}
2019-4-11 20:06:28.953#focus#
2019-4-11 20:06:29.847#mousedown#{"isTrusted":true}
2019-4-11 20:06:42.920#change#{"from":{"line":8,"ch":18,"sticky":"after","xRel":1.640625},"to":{"line":8,"ch":18,"sticky":"after","xRel":1.640625},"text":[")"],"removed":[""],"origin":"+input"}
2019-4-11 20:06:44.389#mousedown#{"isTrusted":true}
2019-4-11 20:06:45.377#change#{"from":{"line":8,"ch":6,"sticky":"before","xRel":-1.265625},"to":{"line":8,"ch":6,"sticky":"before","xRel":-1.265625},"text":["("],"removed":[""],"origin":"+input"}
2019-4-11 20:06:46.643#blur#
2019-4-11 20:06:46.643#blur#
2019-4-11 20:06:47.872#submit#Your code did not produce the correct output. Please, correct your code and try again.
2019-4-11 20:06:50.976#saida_testar#$ python3 main.py
2019-4-11 20:07:32.687#mousedown#{"isTrusted":true}
2019-4-11 20:07:32.749#focus#
2019-4-11 20:07:34.866#change#{"from":{"line":8,"ch":10,"sticky":"after","xRel":1.28125},"to":{"line":8,"ch":10,"sticky":"after","xRel":1.28125},"text":["("],"removed":[""],"origin":"+input"}
2019-4-11 20:07:47.395#blur#
2019-4-11 20:07:47.395#blur#
2019-4-11 20:07:48.697#saida_testar#$ python3 main.py
File "main.py", line 11
if (numero==1):
SyntaxError: invalid syntax
2019-4-11 20:07:50.238#mousedown#{"isTrusted":true}
2019-4-11 20:07:50.299#focus#
2019-4-11 20:07:51.862#change#{"from":{"line":8,"ch":21,"sticky":"before","xRel":-3.640625},"to":{"line":8,"ch":21,"sticky":"before","xRel":-3.640625},"text":[")"],"removed":[""],"origin":"+input"}
2019-4-11 20:07:53.301#blur#
2019-4-11 20:07:53.301#blur#
2019-4-11 20:07:55.115#saida_testar#$ python3 main.py
2019-4-11 20:09:10.729#mousedown#{"isTrusted":true}
2019-4-11 20:09:10.786#focus#
2019-4-11 20:09:42.706#mousedown#{"isTrusted":true}
2019-4-11 20:09:46.606#mousedown#{"isTrusted":true}
2019-4-11 20:09:47.190#mousedown#{"isTrusted":true}
2019-4-11 20:09:48.522#change#{"from":{"line":11,"ch":17,"sticky":"after"},"to":{"line":11,"ch":18,"sticky":"after","xRel":2.59375},"text":[""],"removed":["r"],"origin":"+delete"}
2019-4-11 20:09:48.522#keyHandled#"Backspace"
2019-4-11 20:09:48.947#change#{"from":{"line":11,"ch":16,"sticky":"after"},"to":{"line":11,"ch":17,"sticky":null},"text":[""],"removed":["e"],"origin":"+delete"}
2019-4-11 20:09:48.947#keyHandled#"Backspace"
2019-4-11 20:09:57.243#change#{"from":{"line":11,"ch":15,"sticky":"after"},"to":{"line":11,"ch":16,"sticky":null},"text":[""],"removed":["v"],"origin":"+delete"}
2019-4-11 20:09:57.243#keyHandled#"Backspace"
2019-4-11 20:09:59.567#change#{"from":{"line":11,"ch":15,"sticky":null},"to":{"line":11,"ch":15,"sticky":null},"text":["v"],"removed":[""],"origin":"+input"}
2019-4-11 20:10:03.207#change#{"from":{"line":11,"ch":16,"sticky":null},"to":{"line":11,"ch":16,"sticky":null},"text":["c"],"removed":[""],"origin":"+input"}
2019-4-11 20:10:03.510#change#{"from":{"line":11,"ch":17,"sticky":null},"to":{"line":11,"ch":17,"sticky":null},"text":["e"],"removed":[""],"origin":"+input"}
2019-4-11 20:10:05.995#mousedown#{"isTrusted":true}
2019-4-11 20:10:16.895#mousedown#{"isTrusted":true}
2019-4-11 20:10:19.059#mousedown#{"isTrusted":true}
2019-4-11 20:10:19.065#contextmenu#{"isTrusted":true}
2019-4-11 20:10:20.944#copy#{"isTrusted":true}
2019-4-11 20:10:21.810#change#{"from":{"line":7,"ch":0,"sticky":"after","xRel":-0.71875},"to":{"line":7,"ch":22,"sticky":"before","xRel":5.96875},"text":[""],"removed":["ver=((4*pi*raio**3)/3)"],"origin":"+delete"}
2019-4-11 20:10:21.810#keyHandled#"Backspace"
2019-4-11 20:10:23.420#mousedown#{"isTrusted":true}
2019-4-11 20:10:24.107#mousedown#{"isTrusted":true}
2019-4-11 20:10:24.564#change#{"from":{"line":7,"ch":0,"sticky":"before"},"to":{"line":8,"ch":0,"sticky":"after","xRel":-1.71875},"text":[""],"removed":["",""],"origin":"+delete"}
2019-4-11 20:10:24.564#keyHandled#"Backspace"
2019-4-11 20:10:24.572#viewportChange#0
2019-4-11 20:10:25.606#mousedown#{"isTrusted":true}
2019-4-11 20:10:27.172#change#{"from":{"line":8,"ch":0,"sticky":"after","xRel":22.28125},"to":{"line":8,"ch":0,"sticky":"after","xRel":22.28125},"text":["ver=((4*pi*raio**3)/3)"],"removed":[""],"origin":"paste"}
2019-4-11 20:10:33.915#change#{"from":{"line":8,"ch":22,"sticky":null},"to":{"line":8,"ch":22,"sticky":null},"text":["-"],"removed":[""],"origin":"+input"}
2019-4-11 20:10:36.175#change#{"from":{"line":8,"ch":23,"sticky":null},"to":{"line":8,"ch":23,"sticky":null},"text":["()"],"removed":[""],"origin":"+input"}
2019-4-11 20:10:36.175#keyHandled#"'('"
2019-4-11 20:10:38.091#change#{"from":{"line":8,"ch":24,"sticky":"after"},"to":{"line":8,"ch":24,"sticky":"after"},"text":["v"],"removed":[""],"origin":"+input"}
2019-4-11 20:10:39.568#change#{"from":{"line":8,"ch":25,"sticky":null},"to":{"line":8,"ch":25,"sticky":null},"text":["c"],"removed":[""],"origin":"+input"}
2019-4-11 20:10:41.414#change#{"from":{"line":8,"ch":26,"sticky":null},"to":{"line":8,"ch":26,"sticky":null},"text":["e"],"removed":[""],"origin":"+input"}
2019-4-11 20:10:44.776#mousedown#{"isTrusted":true}
2019-4-11 20:10:45.937#mousedown#{"isTrusted":true}
2019-4-11 20:10:47.425#change#{"from":{"line":13,"ch":15,"sticky":"after"},"to":{"line":13,"ch":16,"sticky":"before","xRel":-0.421875},"text":[""],"removed":["e"],"origin":"+delete"}
2019-4-11 20:10:47.425#keyHandled#"Backspace"
2019-4-11 20:10:47.932#change#{"from":{"line":13,"ch":14,"sticky":"after"},"to":{"line":13,"ch":15,"sticky":null},"text":[""],"removed":["c"],"origin":"+delete"}
2019-4-11 20:10:47.932#keyHandled#"Backspace"
2019-4-11 20:10:49.151#change#{"from":{"line":13,"ch":14,"sticky":null},"to":{"line":13,"ch":14,"sticky":null},"text":["e"],"removed":[""],"origin":"+input"}
2019-4-11 20:10:49.350#change#{"from":{"line":13,"ch":15,"sticky":null},"to":{"line":13,"ch":15,"sticky":null},"text":["r"],"removed":[""],"origin":"+input"}
2019-4-11 20:11:13.723#blur#
2019-4-11 20:11:13.723#blur#
2019-4-11 20:12:22.971#saida_testar#$ python3 main.py
