2019-5-30 16:30:15.797#touchstart#{"isTrusted":true}
2019-5-30 16:30:16.511#contextmenu#{"isTrusted":true}
2019-5-30 16:30:16.529#focus#
2019-5-30 16:30:18.062#change#{"from":{"line":0,"ch":0,"sticky":null},"to":{"line":0,"ch":0,"sticky":null},"text":["Vetor = str(input(\"string:\"))","print(Vetor[0])#Primeiro caractere da string;","print(Vetor[-1])#Último caractere da string;","print(len(Vetor))#Quantidade de caracteres da string;","print((Vetor).lower())#Toda a string em caracteres minúsculos;","print((Vetor).upper())#Toda a string em caracteres maiúsculos;","print(((Vetor)*500))#Impressão de 500 cópias da string.",""],"removed":[""],"origin":"paste"}
2019-5-30 16:30:18.183#viewportChange#0
2019-5-30 16:30:21.603#change#{"from":{"line":7,"ch":-1,"sticky":null},"to":{"line":7,"ch":0,"sticky":null},"text":[""],"removed":[""],"origin":"+input"}
2019-5-30 16:30:21.635#touchstart#{"isTrusted":true}
2019-5-30 16:30:27.290#touchstart#{"isTrusted":true}
2019-5-30 16:30:29.056#change#{"from":{"line":6,"ch":55,"sticky":"before"},"to":{"line":7,"ch":-1,"sticky":null},"text":[""],"removed":["",""],"origin":"+delete"}
2019-5-30 16:30:29.057#keyHandled#"Backspace"
2019-5-30 16:30:29.081#viewportChange#0
2019-5-30 16:30:30.564#touchstart#{"isTrusted":true}
2019-5-30 16:30:32.461#touchstart#{"isTrusted":true}
2019-5-30 16:30:52.339#touchstart#{"isTrusted":true}
2019-5-30 16:30:52.373#touchstart#{"isTrusted":true}
2019-5-30 16:30:54.908#touchstart#{"isTrusted":true}
2019-5-30 16:30:55.817#touchstart#{"isTrusted":true}
2019-5-30 16:31:04.882#touchstart#{"isTrusted":true}
2019-5-30 16:31:05.900#touchstart#{"isTrusted":true}
2019-5-30 16:31:06.942#touchstart#{"isTrusted":true}
2019-5-30 16:31:13.181#touchstart#{"isTrusted":true}
2019-5-30 16:31:14.547#touchstart#{"isTrusted":true}
2019-5-30 16:31:19.056#touchstart#{"isTrusted":true}
2019-5-30 16:31:19.844#touchstart#{"isTrusted":true}
2019-5-30 16:31:21.180#touchstart#{"isTrusted":true}
2019-5-30 16:31:22.641#touchstart#{"isTrusted":true}
2019-5-30 16:36:46.999#viewportChange#0
2019-5-30 16:37:26.440#touchstart#{"isTrusted":true}
2019-5-30 16:37:27.823#touchstart#{"isTrusted":true}
2019-5-30 16:37:39.844#touchstart#{"isTrusted":true}
2019-5-30 16:37:39.844#touchstart#{"isTrusted":true}
2019-5-30 16:37:44.045#submit#Congratulations, your code is correct!
2019-5-30 16:37:44.314#touchstart#{"isTrusted":true}
2019-5-30 16:37:45.624#touchstart#{"isTrusted":true}
2019-5-30 16:37:47.079#touchstart#{"isTrusted":true}
2019-5-30 16:37:49.357#touchstart#{"isTrusted":true}
2019-5-30 16:37:50.408#touchstart#{"isTrusted":true}
2019-5-30 16:38:20.555#touchstart#{"isTrusted":true}
