2019-4-23 20:23:32.099#viewportChange#0
2019-4-23 20:23:49.210#viewportChange#0
2019-4-23 20:24:12.955#mousedown#{"isTrusted":true}
2019-4-23 20:24:12.980#focus#
2019-4-23 20:24:21.795#mousedown#{"isTrusted":true}
2019-4-23 20:24:25.019#change#{"from":{"line":12,"ch":4,"sticky":"after","xRel":3.08331298828125},"to":{"line":12,"ch":23,"sticky":"after","xRel":2.08331298828125},"text":[""],"removed":["___COMPLETE AQUI___"],"origin":"+delete"}
2019-4-23 20:24:25.019#keyHandled#"Backspace"
2019-4-23 20:24:25.091#change#{"from":{"line":12,"ch":4,"sticky":null},"to":{"line":12,"ch":4,"sticky":null},"text":["",""],"removed":[""],"origin":"+input"}
2019-4-23 20:24:25.091#keyHandled#"Enter"
2019-4-23 20:24:25.108#viewportChange#0
2019-4-23 20:24:27.329#change#{"from":{"line":12,"ch":4,"sticky":null},"to":{"line":13,"ch":0,"sticky":null},"text":[""],"removed":["",""],"origin":"undo"}
2019-4-23 20:24:27.330#keyHandled#"Ctrl-Z"
2019-4-23 20:24:27.346#viewportChange#0
2019-4-23 20:24:51.888#change#{"from":{"line":12,"ch":4,"sticky":null},"to":{"line":12,"ch":4,"sticky":null},"text":["a"],"removed":[""],"origin":"+input"}
2019-4-23 20:24:52.529#change#{"from":{"line":12,"ch":5,"sticky":null},"to":{"line":12,"ch":5,"sticky":null},"text":[" "],"removed":[""],"origin":"+input"}
2019-4-23 20:24:53.481#change#{"from":{"line":12,"ch":6,"sticky":null},"to":{"line":12,"ch":6,"sticky":null},"text":["<"],"removed":[""],"origin":"+input"}
2019-4-23 20:24:54.763#change#{"from":{"line":12,"ch":7,"sticky":null},"to":{"line":12,"ch":7,"sticky":null},"text":[" "],"removed":[""],"origin":"+input"}
2019-4-23 20:24:54.893#change#{"from":{"line":12,"ch":8,"sticky":null},"to":{"line":12,"ch":8,"sticky":null},"text":["0"],"removed":[""],"origin":"+input"}
2019-4-23 20:24:57.179#change#{"from":{"line":12,"ch":9,"sticky":null},"to":{"line":12,"ch":9,"sticky":null},"text":[" "],"removed":[""],"origin":"+input"}
2019-4-23 20:24:57.714#change#{"from":{"line":12,"ch":10,"sticky":null},"to":{"line":12,"ch":10,"sticky":null},"text":["o"],"removed":[""],"origin":"+input"}
2019-4-23 20:24:57.824#change#{"from":{"line":12,"ch":11,"sticky":null},"to":{"line":12,"ch":11,"sticky":null},"text":["r"],"removed":[""],"origin":"+input"}
2019-4-23 20:24:57.990#change#{"from":{"line":12,"ch":12,"sticky":null},"to":{"line":12,"ch":12,"sticky":null},"text":[" "],"removed":[""],"origin":"+input"}
2019-4-23 20:25:01.056#change#{"from":{"line":12,"ch":13,"sticky":null},"to":{"line":12,"ch":13,"sticky":null},"text":["b"],"removed":[""],"origin":"+input"}
2019-4-23 20:25:01.923#change#{"from":{"line":12,"ch":14,"sticky":null},"to":{"line":12,"ch":14,"sticky":null},"text":["<"],"removed":[""],"origin":"+input"}
2019-4-23 20:25:02.770#change#{"from":{"line":12,"ch":14,"sticky":"after"},"to":{"line":12,"ch":15,"sticky":null},"text":[""],"removed":["<"],"origin":"+delete"}
2019-4-23 20:25:02.770#keyHandled#"Backspace"
2019-4-23 20:25:02.987#change#{"from":{"line":12,"ch":14,"sticky":null},"to":{"line":12,"ch":14,"sticky":null},"text":[" "],"removed":[""],"origin":"+input"}
2019-4-23 20:25:03.900#change#{"from":{"line":12,"ch":15,"sticky":null},"to":{"line":12,"ch":15,"sticky":null},"text":["<"],"removed":[""],"origin":"+input"}
2019-4-23 20:25:05.102#change#{"from":{"line":12,"ch":16,"sticky":null},"to":{"line":12,"ch":16,"sticky":null},"text":[" "],"removed":[""],"origin":"+input"}
2019-4-23 20:25:05.184#change#{"from":{"line":12,"ch":17,"sticky":null},"to":{"line":12,"ch":17,"sticky":null},"text":["0"],"removed":[""],"origin":"+input"}
2019-4-23 20:25:22.914#mousedown#{"isTrusted":true}
2019-4-23 20:25:28.993#change#{"from":{"line":12,"ch":6,"sticky":"after"},"to":{"line":12,"ch":7,"sticky":"after","xRel":0.08331298828125},"text":[""],"removed":["<"],"origin":"+delete"}
2019-4-23 20:25:28.993#keyHandled#"Backspace"
2019-4-23 20:25:29.660#change#{"from":{"line":12,"ch":6,"sticky":null},"to":{"line":12,"ch":6,"sticky":null},"text":[":"],"removed":[""],"origin":"+input"}
2019-4-23 20:25:30.372#change#{"from":{"line":12,"ch":6,"sticky":"after"},"to":{"line":12,"ch":7,"sticky":null},"text":[""],"removed":[":"],"origin":"+delete"}
2019-4-23 20:25:30.373#keyHandled#"Backspace"
2019-4-23 20:25:31.245#change#{"from":{"line":12,"ch":6,"sticky":null},"to":{"line":12,"ch":6,"sticky":null},"text":[">"],"removed":[""],"origin":"+input"}
2019-4-23 20:25:32.551#keyHandled#"Right"
2019-4-23 20:25:32.745#keyHandled#"Right"
2019-4-23 20:25:33.008#keyHandled#"Right"
2019-4-23 20:25:34.526#keyHandled#"Right"
2019-4-23 20:25:34.733#keyHandled#"Right"
2019-4-23 20:25:35.461#change#{"from":{"line":12,"ch":10,"sticky":"before"},"to":{"line":12,"ch":12,"sticky":"before"},"text":[""],"removed":["or"],"origin":"+delete"}
2019-4-23 20:25:35.461#keyHandled#"Backspace"
2019-4-23 20:25:39.747#change#{"from":{"line":12,"ch":10,"sticky":null},"to":{"line":12,"ch":10,"sticky":null},"text":["a"],"removed":[""],"origin":"+input"}
2019-4-23 20:25:39.868#change#{"from":{"line":12,"ch":11,"sticky":null},"to":{"line":12,"ch":11,"sticky":null},"text":["n"],"removed":[""],"origin":"+input"}
2019-4-23 20:25:39.978#change#{"from":{"line":12,"ch":12,"sticky":null},"to":{"line":12,"ch":12,"sticky":null},"text":["d"],"removed":[""],"origin":"+input"}
2019-4-23 20:25:40.427#keyHandled#"Down"
2019-4-23 20:25:41.249#keyHandled#"Right"
2019-4-23 20:25:41.466#keyHandled#"Up"
2019-4-23 20:25:41.724#keyHandled#"Right"
2019-4-23 20:25:41.899#keyHandled#"Right"
2019-4-23 20:25:42.096#keyHandled#"Right"
2019-4-23 20:25:44.430#keyHandled#"Left"
2019-4-23 20:25:44.914#keyHandled#"Right"
2019-4-23 20:25:45.456#change#{"from":{"line":12,"ch":16,"sticky":"after"},"to":{"line":12,"ch":17,"sticky":"before"},"text":[""],"removed":["<"],"origin":"+delete"}
2019-4-23 20:25:45.456#keyHandled#"Backspace"
2019-4-23 20:25:46.570#change#{"from":{"line":12,"ch":16,"sticky":null},"to":{"line":12,"ch":16,"sticky":null},"text":[">"],"removed":[""],"origin":"+input"}
2019-4-23 20:25:47.372#keyHandled#"Right"
2019-4-23 20:25:47.610#keyHandled#"Right"
2019-4-23 20:26:32.945#change#{"from":{"line":12,"ch":19,"sticky":"before"},"to":{"line":12,"ch":19,"sticky":"before"},"text":[" "],"removed":[""],"origin":"+input"}
2019-4-23 20:26:35.066#change#{"from":{"line":12,"ch":20,"sticky":null},"to":{"line":12,"ch":20,"sticky":null},"text":["a"],"removed":[""],"origin":"+input"}
2019-4-23 20:26:35.102#change#{"from":{"line":12,"ch":21,"sticky":null},"to":{"line":12,"ch":21,"sticky":null},"text":["d"],"removed":[""],"origin":"+input"}
2019-4-23 20:26:35.500#change#{"from":{"line":12,"ch":22,"sticky":null},"to":{"line":12,"ch":22,"sticky":null},"text":["n"],"removed":[""],"origin":"+input"}
2019-4-23 20:26:36.085#change#{"from":{"line":12,"ch":22,"sticky":"after"},"to":{"line":12,"ch":23,"sticky":null},"text":[""],"removed":["n"],"origin":"+delete"}
2019-4-23 20:26:36.085#keyHandled#"Backspace"
2019-4-23 20:26:36.219#change#{"from":{"line":12,"ch":21,"sticky":"after"},"to":{"line":12,"ch":22,"sticky":null},"text":[""],"removed":["d"],"origin":"+delete"}
2019-4-23 20:26:36.219#keyHandled#"Backspace"
2019-4-23 20:26:36.965#change#{"from":{"line":12,"ch":21,"sticky":null},"to":{"line":12,"ch":21,"sticky":null},"text":["n"],"removed":[""],"origin":"+input"}
2019-4-23 20:26:37.083#change#{"from":{"line":12,"ch":22,"sticky":null},"to":{"line":12,"ch":22,"sticky":null},"text":["d"],"removed":[""],"origin":"+input"}
2019-4-23 20:26:37.700#change#{"from":{"line":12,"ch":23,"sticky":null},"to":{"line":12,"ch":23,"sticky":null},"text":[" "],"removed":[""],"origin":"+input"}
2019-4-23 20:26:39.146#change#{"from":{"line":12,"ch":24,"sticky":null},"to":{"line":12,"ch":24,"sticky":null},"text":[" "],"removed":[""],"origin":"+input"}
2019-4-23 20:26:39.911#change#{"from":{"line":12,"ch":24,"sticky":"after"},"to":{"line":12,"ch":25,"sticky":null},"text":[""],"removed":[" "],"origin":"+delete"}
2019-4-23 20:26:39.911#keyHandled#"Backspace"
2019-4-23 20:26:40.256#change#{"from":{"line":12,"ch":24,"sticky":null},"to":{"line":12,"ch":24,"sticky":null},"text":["c"],"removed":[""],"origin":"+input"}
2019-4-23 20:26:40.896#change#{"from":{"line":12,"ch":25,"sticky":null},"to":{"line":12,"ch":25,"sticky":null},"text":[" "],"removed":[""],"origin":"+input"}
2019-4-23 20:26:41.562#change#{"from":{"line":12,"ch":26,"sticky":null},"to":{"line":12,"ch":26,"sticky":null},"text":[">"],"removed":[""],"origin":"+input"}
2019-4-23 20:26:41.857#change#{"from":{"line":12,"ch":27,"sticky":null},"to":{"line":12,"ch":27,"sticky":null},"text":["0"],"removed":[""],"origin":"+input"}
2019-4-23 20:26:42.867#keyHandled#"Left"
2019-4-23 20:26:42.978#change#{"from":{"line":12,"ch":27,"sticky":"after"},"to":{"line":12,"ch":27,"sticky":"after"},"text":[" "],"removed":[""],"origin":"+input"}
2019-4-23 20:26:43.408#keyHandled#"Right"
2019-4-23 20:26:44.132#keyHandled#"Down"
2019-4-23 20:26:44.345#keyHandled#"Down"
2019-4-23 20:26:45.036#keyHandled#"Left"
2019-4-23 20:26:45.460#keyHandled#"Left"
2019-4-23 20:26:50.814#keyHandled#"Left"
2019-4-23 20:26:51.315#keyHandled#"Left"
2019-4-23 20:26:51.345#keyHandled#"Left"
2019-4-23 20:26:51.375#keyHandled#"Left"
2019-4-23 20:26:51.405#keyHandled#"Left"
2019-4-23 20:26:51.436#keyHandled#"Left"
2019-4-23 20:26:51.467#keyHandled#"Left"
2019-4-23 20:26:51.497#keyHandled#"Left"
2019-4-23 20:26:51.528#keyHandled#"Left"
2019-4-23 20:26:51.558#keyHandled#"Left"
2019-4-23 20:26:51.588#keyHandled#"Left"
2019-4-23 20:26:51.619#keyHandled#"Left"
2019-4-23 20:26:51.650#keyHandled#"Left"
2019-4-23 20:26:51.680#keyHandled#"Left"
2019-4-23 20:26:51.710#keyHandled#"Left"
2019-4-23 20:26:51.741#keyHandled#"Left"
2019-4-23 20:26:51.771#keyHandled#"Left"
2019-4-23 20:26:51.803#keyHandled#"Left"
2019-4-23 20:26:51.833#keyHandled#"Left"
2019-4-23 20:26:53.092#change#{"from":{"line":14,"ch":5,"sticky":"after"},"to":{"line":14,"ch":24,"sticky":"after"},"text":[""],"removed":["___COMPLETE AQUI___"],"origin":"+delete"}
2019-4-23 20:26:53.092#keyHandled#"Backspace"
2019-4-23 20:27:02.919#mousedown#{"isTrusted":true}
2019-4-23 20:27:03.859#change#{"from":{"line":0,"ch":58,"sticky":"before"},"to":{"line":1,"ch":0,"sticky":"after","xRel":20.08331298828125},"text":[""],"removed":["",""],"origin":"+delete"}
2019-4-23 20:27:03.859#keyHandled#"Backspace"
2019-4-23 20:27:03.876#viewportChange#0
2019-4-23 20:27:04.555#keyHandled#"Down"
2019-4-23 20:27:04.769#keyHandled#"Down"
2019-4-23 20:27:05.511#change#{"from":{"line":1,"ch":18,"sticky":"before"},"to":{"line":2,"ch":0,"sticky":"after","xRel":464},"text":[""],"removed":["",""],"origin":"+delete"}
2019-4-23 20:27:05.511#keyHandled#"Backspace"
2019-4-23 20:27:05.527#viewportChange#0
2019-4-23 20:27:06.062#keyHandled#"Down"
2019-4-23 20:27:06.561#keyHandled#"Down"
2019-4-23 20:27:06.591#keyHandled#"Down"
2019-4-23 20:27:06.621#keyHandled#"Down"
2019-4-23 20:27:06.652#keyHandled#"Down"
2019-4-23 20:27:06.682#keyHandled#"Down"
2019-4-23 20:27:06.712#keyHandled#"Down"
2019-4-23 20:27:07.604#keyHandled#"Up"
2019-4-23 20:27:07.811#keyHandled#"Up"
2019-4-23 20:27:08.334#change#{"from":{"line":5,"ch":29,"sticky":"before"},"to":{"line":6,"ch":0,"sticky":"after","xRel":144},"text":[""],"removed":["",""],"origin":"+delete"}
2019-4-23 20:27:08.334#keyHandled#"Backspace"
2019-4-23 20:27:08.353#viewportChange#0
2019-4-23 20:27:08.921#keyHandled#"Down"
2019-4-23 20:27:09.155#keyHandled#"Down"
2019-4-23 20:27:09.556#change#{"from":{"line":6,"ch":37,"sticky":"before"},"to":{"line":7,"ch":0,"sticky":"after","xRel":232},"text":[""],"removed":["",""],"origin":"+delete"}
2019-4-23 20:27:09.556#keyHandled#"Backspace"
2019-4-23 20:27:09.574#viewportChange#0
2019-4-23 20:27:10.179#keyHandled#"Down"
2019-4-23 20:27:10.394#keyHandled#"Down"
2019-4-23 20:27:10.586#keyHandled#"Down"
2019-4-23 20:27:10.817#keyHandled#"Down"
2019-4-23 20:27:11.049#keyHandled#"Down"
2019-4-23 20:27:11.255#keyHandled#"Down"
2019-4-23 20:27:11.547#keyHandled#"Down"
2019-4-23 20:27:11.964#keyHandled#"Down"
2019-4-23 20:27:16.955#keyHandled#"Up"
2019-4-23 20:27:17.224#keyHandled#"Up"
2019-4-23 20:27:17.438#keyHandled#"Up"
2019-4-23 20:27:17.767#keyHandled#"Up"
2019-4-23 20:27:18.314#keyHandled#"Down"
2019-4-23 20:27:18.697#keyHandled#"Down"
2019-4-23 20:27:25.839#keyHandled#"Up"
2019-4-23 20:27:26.213#keyHandled#"Up"
2019-4-23 20:27:26.531#keyHandled#"Up"
2019-4-23 20:27:28.432#keyHandled#"Left"
2019-4-23 20:27:38.349#change#{"from":{"line":9,"ch":33,"sticky":"after"},"to":{"line":9,"ch":34,"sticky":"after"},"text":[""],"removed":["a"],"origin":"+delete"}
2019-4-23 20:27:38.349#keyHandled#"Backspace"
2019-4-23 20:27:39.397#keyHandled#"Down"
2019-4-23 20:27:39.715#keyHandled#"Down"
2019-4-23 20:27:39.995#keyHandled#"Down"
2019-4-23 20:27:40.301#keyHandled#"Down"
2019-4-23 20:27:40.576#keyHandled#"Down"
2019-4-23 20:27:54.456#mousedown#{"isTrusted":true}
2019-4-23 20:29:05.730#mousedown#{"isTrusted":true}
2019-4-23 20:29:06.079#mousedown#{"isTrusted":true}
2019-4-23 20:29:06.200#dblclick#{"isTrusted":true}
2019-4-23 20:29:06.587#mousedown#{"isTrusted":true}
2019-4-23 20:29:06.777#mousedown#{"isTrusted":true}
2019-4-23 20:29:06.841#dblclick#{"isTrusted":true}
2019-4-23 20:29:08.240#mousedown#{"isTrusted":true}
2019-4-23 20:29:08.409#mousedown#{"isTrusted":true}
2019-4-23 20:29:08.469#dblclick#{"isTrusted":true}
2019-4-23 20:29:09.735#keyHandled#"Right"
2019-4-23 20:29:10.236#keyHandled#"Right"
2019-4-23 20:29:10.267#keyHandled#"Right"
2019-4-23 20:29:10.298#keyHandled#"Right"
2019-4-23 20:29:10.392#keyHandled#"Right"
2019-4-23 20:29:10.419#keyHandled#"Right"
2019-4-23 20:29:10.450#keyHandled#"Right"
2019-4-23 20:29:10.481#keyHandled#"Right"
2019-4-23 20:29:10.511#keyHandled#"Right"
2019-4-23 20:29:10.542#keyHandled#"Right"
2019-4-23 20:29:10.574#keyHandled#"Right"
2019-4-23 20:29:10.602#keyHandled#"Right"
2019-4-23 20:29:10.632#keyHandled#"Right"
2019-4-23 20:29:10.662#keyHandled#"Right"
2019-4-23 20:29:10.692#keyHandled#"Right"
2019-4-23 20:29:10.722#keyHandled#"Right"
2019-4-23 20:29:10.753#keyHandled#"Right"
2019-4-23 20:29:10.782#keyHandled#"Right"
2019-4-23 20:29:10.812#keyHandled#"Right"
2019-4-23 20:29:10.842#keyHandled#"Right"
2019-4-23 20:29:10.873#keyHandled#"Right"
2019-4-23 20:29:11.157#keyHandled#"Right"
2019-4-23 20:29:12.216#copy#{"isTrusted":true}
2019-4-23 20:29:12.479#keyHandled#"Down"
2019-4-23 20:29:12.682#keyHandled#"Down"
2019-4-23 20:29:12.862#keyHandled#"Down"
2019-4-23 20:29:13.287#keyHandled#"Left"
2019-4-23 20:29:13.470#keyHandled#"Left"
2019-4-23 20:29:14.500#change#{"from":{"line":10,"ch":5,"sticky":"after"},"to":{"line":10,"ch":5,"sticky":"after"},"text":["a > 0 and b > 0 and c > 0"],"removed":[""],"origin":"paste"}
2019-4-23 20:29:14.500#change#{"from":{"line":10,"ch":5,"sticky":"after"},"to":{"line":10,"ch":5,"sticky":"after"},"text":["a > 0 and b > 0 and c > 0"],"removed":[""],"origin":"paste"}
2019-4-23 20:29:17.059#saida_testar#$ python3 main.py
2019-4-23 20:29:17.359#blur#
2019-4-23 20:33:57.971#mousedown#{"isTrusted":true}
2019-4-23 20:33:58.163#focus#
2019-4-23 20:33:59.847#change#{"from":{"line":10,"ch":9,"sticky":"before","xRel":-3.91668701171875},"to":{"line":10,"ch":30,"sticky":"before","xRel":-3.91668701171875},"text":[""],"removed":["0 and b > 0 and c > 0"],"origin":"+delete"}
2019-4-23 20:33:59.847#keyHandled#"Backspace"
2019-4-23 20:34:08.875#keyHandled#"Left"
2019-4-23 20:34:09.786#change#{"from":{"line":10,"ch":7,"sticky":"after"},"to":{"line":10,"ch":8,"sticky":"after"},"text":[""],"removed":[">"],"origin":"+delete"}
2019-4-23 20:34:09.787#keyHandled#"Backspace"
2019-4-23 20:34:11.316#change#{"from":{"line":10,"ch":7,"sticky":null},"to":{"line":10,"ch":7,"sticky":null},"text":["<"],"removed":[""],"origin":"+input"}
2019-4-23 20:34:11.892#change#{"from":{"line":10,"ch":8,"sticky":null},"to":{"line":10,"ch":8,"sticky":null},"text":[" "],"removed":[""],"origin":"+input"}
2019-4-23 20:34:14.349#change#{"from":{"line":10,"ch":9,"sticky":null},"to":{"line":10,"ch":9,"sticky":null},"text":["b"],"removed":[""],"origin":"+input"}
2019-4-23 20:34:14.643#change#{"from":{"line":10,"ch":10,"sticky":null},"to":{"line":10,"ch":10,"sticky":null},"text":["+"],"removed":[""],"origin":"+input"}
2019-4-23 20:34:15.660#change#{"from":{"line":10,"ch":11,"sticky":null},"to":{"line":10,"ch":11,"sticky":null},"text":["c"],"removed":[""],"origin":"+input"}
2019-4-23 20:34:16.616#change#{"from":{"line":10,"ch":12,"sticky":null},"to":{"line":10,"ch":12,"sticky":null},"text":[" "],"removed":[""],"origin":"+input"}
2019-4-23 20:34:16.799#change#{"from":{"line":10,"ch":13,"sticky":null},"to":{"line":10,"ch":13,"sticky":null},"text":["a"],"removed":[""],"origin":"+input"}
2019-4-23 20:34:16.992#change#{"from":{"line":10,"ch":14,"sticky":null},"to":{"line":10,"ch":14,"sticky":null},"text":["n"],"removed":[""],"origin":"+input"}
2019-4-23 20:34:17.148#change#{"from":{"line":10,"ch":15,"sticky":null},"to":{"line":10,"ch":15,"sticky":null},"text":["d"],"removed":[""],"origin":"+input"}
2019-4-23 20:34:17.991#keyHandled#"Left"
2019-4-23 20:34:18.163#keyHandled#"Left"
2019-4-23 20:34:18.363#keyHandled#"Left"
2019-4-23 20:34:18.543#keyHandled#"Left"
2019-4-23 20:34:19.265#change#{"from":{"line":10,"ch":12,"sticky":"after"},"to":{"line":10,"ch":12,"sticky":"after"},"text":[")"],"removed":[""],"origin":"+input"}
2019-4-23 20:34:19.734#keyHandled#"Left"
2019-4-23 20:34:20.235#keyHandled#"Left"
2019-4-23 20:34:20.264#keyHandled#"Left"
2019-4-23 20:34:20.295#keyHandled#"Left"
2019-4-23 20:34:20.418#keyHandled#"Left"
2019-4-23 20:34:20.448#keyHandled#"Left"
2019-4-23 20:34:20.725#keyHandled#"Right"
2019-4-23 20:34:21.605#change#{"from":{"line":10,"ch":5,"sticky":"before"},"to":{"line":10,"ch":5,"sticky":"before"},"text":["("],"removed":[""],"origin":"+input"}
2019-4-23 20:34:22.147#keyHandled#"Left"
2019-4-23 20:34:22.315#change#{"from":{"line":10,"ch":5,"sticky":"after"},"to":{"line":10,"ch":5,"sticky":"after"},"text":[" "],"removed":[""],"origin":"+input"}
2019-4-23 20:34:22.453#keyHandled#"Right"
2019-4-23 20:34:22.953#keyHandled#"Right"
2019-4-23 20:34:22.985#keyHandled#"Right"
2019-4-23 20:34:23.015#keyHandled#"Right"
2019-4-23 20:34:23.045#keyHandled#"Right"
2019-4-23 20:34:23.075#keyHandled#"Right"
2019-4-23 20:34:23.105#keyHandled#"Right"
2019-4-23 20:34:23.480#keyHandled#"Right"
2019-4-23 20:34:23.680#keyHandled#"Right"
2019-4-23 20:34:23.872#keyHandled#"Right"
2019-4-23 20:34:24.373#keyHandled#"Right"
2019-4-23 20:34:24.717#keyHandled#"Right"
2019-4-23 20:34:24.960#keyHandled#"Left"
2019-4-23 20:34:25.461#keyHandled#"Left"
2019-4-23 20:34:25.490#keyHandled#"Left"
2019-4-23 20:34:25.521#keyHandled#"Left"
2019-4-23 20:34:25.551#keyHandled#"Left"
2019-4-23 20:34:25.751#keyHandled#"Left"
2019-4-23 20:34:25.969#keyHandled#"Left"
2019-4-23 20:34:26.469#keyHandled#"Left"
2019-4-23 20:34:26.668#keyHandled#"Left"
2019-4-23 20:34:26.864#keyHandled#"Left"
2019-4-23 20:34:27.024#keyHandled#"Left"
2019-4-23 20:34:27.164#keyHandled#"Left"
2019-4-23 20:34:27.573#keyHandled#"Right"
2019-4-23 20:34:28.073#keyHandled#"Right"
2019-4-23 20:34:28.103#keyHandled#"Right"
2019-4-23 20:34:28.134#keyHandled#"Right"
2019-4-23 20:34:28.163#keyHandled#"Right"
2019-4-23 20:34:28.193#keyHandled#"Right"
2019-4-23 20:34:28.224#keyHandled#"Right"
2019-4-23 20:34:28.254#keyHandled#"Right"
2019-4-23 20:34:28.285#keyHandled#"Right"
2019-4-23 20:34:28.528#keyHandled#"Left"
2019-4-23 20:34:28.814#keyHandled#"Right"
2019-4-23 20:34:29.384#copy#{"isTrusted":true}
2019-4-23 20:34:29.549#keyHandled#"Right"
2019-4-23 20:34:29.776#keyHandled#"Right"
2019-4-23 20:34:29.965#keyHandled#"Right"
2019-4-23 20:34:30.259#keyHandled#"Right"
2019-4-23 20:34:30.436#keyHandled#"Right"
2019-4-23 20:34:30.628#keyHandled#"Right"
2019-4-23 20:34:30.965#keyHandled#"Left"
2019-4-23 20:34:31.619#change#{"from":{"line":10,"ch":19,"sticky":"after"},"to":{"line":10,"ch":19,"sticky":"after"},"text":[" "],"removed":[""],"origin":"+input"}
2019-4-23 20:34:32.169#change#{"from":{"line":10,"ch":20,"sticky":null},"to":{"line":10,"ch":20,"sticky":null},"text":["(a < b+c)"],"removed":[""],"origin":"paste"}
2019-4-23 20:34:34.127#change#{"from":{"line":10,"ch":29,"sticky":null},"to":{"line":10,"ch":29,"sticky":null},"text":[" "],"removed":[""],"origin":"+input"}
2019-4-23 20:34:34.337#change#{"from":{"line":10,"ch":30,"sticky":null},"to":{"line":10,"ch":30,"sticky":null},"text":["a"],"removed":[""],"origin":"+input"}
2019-4-23 20:34:34.730#change#{"from":{"line":10,"ch":31,"sticky":null},"to":{"line":10,"ch":31,"sticky":null},"text":["n"],"removed":[""],"origin":"+input"}
2019-4-23 20:34:34.844#change#{"from":{"line":10,"ch":32,"sticky":null},"to":{"line":10,"ch":32,"sticky":null},"text":["d"],"removed":[""],"origin":"+input"}
2019-4-23 20:34:34.980#change#{"from":{"line":10,"ch":33,"sticky":null},"to":{"line":10,"ch":33,"sticky":null},"text":[" "],"removed":[""],"origin":"+input"}
2019-4-23 20:34:35.772#change#{"from":{"line":10,"ch":34,"sticky":null},"to":{"line":10,"ch":34,"sticky":null},"text":["(a < b+c)"],"removed":[""],"origin":"paste"}
2019-4-23 20:34:36.129#keyHandled#"Left"
2019-4-23 20:34:38.616#change#{"from":{"line":10,"ch":41,"sticky":"after"},"to":{"line":10,"ch":42,"sticky":"after"},"text":[""],"removed":["c"],"origin":"+delete"}
2019-4-23 20:34:38.616#keyHandled#"Backspace"
2019-4-23 20:34:38.729#change#{"from":{"line":10,"ch":41,"sticky":null},"to":{"line":10,"ch":41,"sticky":null},"text":["a"],"removed":[""],"origin":"+input"}
2019-4-23 20:34:39.106#keyHandled#"Left"
2019-4-23 20:34:39.606#keyHandled#"Left"
2019-4-23 20:34:39.636#keyHandled#"Left"
2019-4-23 20:34:39.665#keyHandled#"Left"
2019-4-23 20:34:39.695#keyHandled#"Left"
2019-4-23 20:34:39.933#keyHandled#"Left"
2019-4-23 20:34:40.701#change#{"from":{"line":10,"ch":35,"sticky":"after"},"to":{"line":10,"ch":36,"sticky":"after"},"text":[""],"removed":["a"],"origin":"+delete"}
2019-4-23 20:34:40.701#keyHandled#"Backspace"
2019-4-23 20:34:40.836#change#{"from":{"line":10,"ch":35,"sticky":null},"to":{"line":10,"ch":35,"sticky":null},"text":["c"],"removed":[""],"origin":"+input"}
2019-4-23 20:34:41.258#keyHandled#"Left"
2019-4-23 20:34:41.761#keyHandled#"Left"
2019-4-23 20:34:41.791#keyHandled#"Left"
2019-4-23 20:34:41.820#keyHandled#"Left"
2019-4-23 20:34:41.853#keyHandled#"Left"
2019-4-23 20:34:41.880#keyHandled#"Left"
2019-4-23 20:34:41.910#keyHandled#"Left"
2019-4-23 20:34:41.941#keyHandled#"Left"
2019-4-23 20:34:41.972#keyHandled#"Left"
2019-4-23 20:34:42.001#keyHandled#"Left"
2019-4-23 20:34:42.031#keyHandled#"Left"
2019-4-23 20:34:42.339#keyHandled#"Right"
2019-4-23 20:34:42.777#change#{"from":{"line":10,"ch":25,"sticky":"after"},"to":{"line":10,"ch":26,"sticky":"before"},"text":[""],"removed":["b"],"origin":"+delete"}
2019-4-23 20:34:42.777#keyHandled#"Backspace"
2019-4-23 20:34:42.902#change#{"from":{"line":10,"ch":25,"sticky":null},"to":{"line":10,"ch":25,"sticky":null},"text":["a"],"removed":[""],"origin":"+input"}
2019-4-23 20:34:43.318#keyHandled#"Left"
2019-4-23 20:34:43.819#keyHandled#"Left"
2019-4-23 20:34:43.850#keyHandled#"Left"
2019-4-23 20:34:44.172#keyHandled#"Left"
2019-4-23 20:34:44.332#keyHandled#"Left"
2019-4-23 20:34:44.694#keyHandled#"Right"
2019-4-23 20:34:45.212#change#{"from":{"line":10,"ch":21,"sticky":"after"},"to":{"line":10,"ch":22,"sticky":"before"},"text":[""],"removed":["a"],"origin":"+delete"}
2019-4-23 20:34:45.212#keyHandled#"Backspace"
2019-4-23 20:34:45.340#change#{"from":{"line":10,"ch":21,"sticky":null},"to":{"line":10,"ch":21,"sticky":null},"text":["b"],"removed":[""],"origin":"+input"}
2019-4-23 20:34:45.212#change#{"from":{"line":10,"ch":21,"sticky":"after"},"to":{"line":10,"ch":22,"sticky":"before"},"text":[""],"removed":["a"],"origin":"+delete"}
2019-4-23 20:34:45.212#keyHandled#"Backspace"
2019-4-23 20:34:45.340#change#{"from":{"line":10,"ch":21,"sticky":null},"to":{"line":10,"ch":21,"sticky":null},"text":["b"],"removed":[""],"origin":"+input"}
2019-4-23 20:34:48.756#saida_testar#$ python3 main.py
2019-4-23 20:34:50.081#blur#
2019-4-23 20:34:50.081#blur#
2019-4-23 20:34:58.841#saida_testar#$ python3 main.py
2019-4-23 20:34:58.841#saida_testar#$ python3 main.py
2019-4-23 20:35:01.899#submit#Congratulations, your code is correct!
2019-4-23 20:37:25.793#mousedown#{"isTrusted":true}
2019-4-23 20:37:25.813#focus#
2019-4-23 20:37:26.956#mousedown#{"isTrusted":true}
2019-4-23 20:37:27.434#mousedown#{"isTrusted":true}
2019-4-23 20:37:29.867#copy#{"isTrusted":true}
2019-4-23 20:37:31.979#blur#
2019-4-23 20:37:41.860#mousedown#{"isTrusted":true}
2019-4-23 20:37:41.876#focus#
2019-4-23 20:37:44.670#copy#{"isTrusted":true}
2019-4-23 20:37:46.494#blur#
2019-4-23 20:38:25.104#mousedown#{"isTrusted":true}
2019-4-23 20:38:25.126#focus#
2019-4-23 20:38:26.734#mousedown#{"isTrusted":true}
2019-4-23 20:38:30.044#mousedown#{"isTrusted":true}
2019-4-23 20:38:34.827#mousedown#{"isTrusted":true}
2019-4-23 20:38:36.467#mousedown#{"isTrusted":true}
2019-4-23 20:38:38.527#keyHandled#"Left"
2019-4-23 20:38:39.189#keyHandled#"Home"
2019-4-23 20:38:39.517#keyHandled#"End"
2019-4-23 20:38:40.308#copy#{"isTrusted":true}
2019-4-23 20:38:42.097#blur#
2019-4-23 20:39:03.935#mousedown#{"isTrusted":true}
2019-4-23 20:39:03.951#focus#
2019-4-23 20:39:04.869#keyHandled#"Ctrl-Left"
2019-4-23 20:39:05.297#keyHandled#"Ctrl-Left"
2019-4-23 20:39:05.519#keyHandled#"Ctrl-Left"
2019-4-23 20:39:05.760#keyHandled#"Ctrl-Left"
2019-4-23 20:39:05.936#keyHandled#"Ctrl-Left"
2019-4-23 20:39:06.074#keyHandled#"Ctrl-Left"
2019-4-23 20:39:06.574#keyHandled#"Ctrl-Left"
2019-4-23 20:39:06.605#keyHandled#"Ctrl-Left"
2019-4-23 20:39:06.635#keyHandled#"Ctrl-Left"
2019-4-23 20:39:06.673#keyHandled#"Ctrl-Left"
2019-4-23 20:39:06.696#keyHandled#"Ctrl-Left"
2019-4-23 20:39:06.726#keyHandled#"Ctrl-Left"
2019-4-23 20:39:06.757#keyHandled#"Ctrl-Left"
2019-4-23 20:39:06.787#keyHandled#"Ctrl-Left"
2019-4-23 20:39:06.816#keyHandled#"Ctrl-Left"
2019-4-23 20:39:06.847#keyHandled#"Ctrl-Left"
2019-4-23 20:39:06.877#keyHandled#"Ctrl-Left"
2019-4-23 20:39:06.907#keyHandled#"Ctrl-Left"
2019-4-23 20:39:06.937#keyHandled#"Ctrl-Left"
2019-4-23 20:39:06.968#keyHandled#"Ctrl-Left"
2019-4-23 20:39:06.999#keyHandled#"Ctrl-Left"
2019-4-23 20:39:07.029#keyHandled#"Ctrl-Left"
2019-4-23 20:39:07.060#keyHandled#"Ctrl-Left"
2019-4-23 20:39:07.090#keyHandled#"Ctrl-Left"
2019-4-23 20:39:07.121#keyHandled#"Ctrl-Left"
2019-4-23 20:39:07.150#keyHandled#"Ctrl-Left"
2019-4-23 20:39:08.107#copy#{"isTrusted":true}
2019-4-23 20:39:09.775#blur#
2019-4-23 20:47:07.101#mousedown#{"isTrusted":true}
2019-4-23 20:47:07.116#focus#
2019-4-23 20:47:07.329#mousedown#{"isTrusted":true}
2019-4-23 20:47:07.386#dblclick#{"isTrusted":true}
2019-4-23 20:47:08.520#keyHandled#"Right"
2019-4-23 20:47:09.670#keyHandled#"Home"
