2019-4-15 09:02:28.274#viewportChange#0
2019-4-15 09:02:29.343#mousedown#{"isTrusted":true}
2019-4-15 09:02:29.349#focus#
2019-4-15 09:02:47.937#change#{"from":{"line":1,"ch":0,"sticky":null,"xRel":1,"outside":true},"to":{"line":1,"ch":0,"sticky":null,"xRel":1,"outside":true},"text":["x"],"removed":[""],"origin":"+input"}
2019-4-15 09:02:48.707#change#{"from":{"line":1,"ch":1,"sticky":null},"to":{"line":1,"ch":1,"sticky":null},"text":["="],"removed":[""],"origin":"+input"}
2019-4-15 09:02:53.932#change#{"from":{"line":1,"ch":2,"sticky":null},"to":{"line":1,"ch":2,"sticky":null},"text":["f"],"removed":[""],"origin":"+input"}
2019-4-15 09:02:54.047#change#{"from":{"line":1,"ch":3,"sticky":null},"to":{"line":1,"ch":3,"sticky":null},"text":["l"],"removed":[""],"origin":"+input"}
2019-4-15 09:02:54.226#change#{"from":{"line":1,"ch":4,"sticky":null},"to":{"line":1,"ch":4,"sticky":null},"text":["o"],"removed":[""],"origin":"+input"}
2019-4-15 09:02:54.315#change#{"from":{"line":1,"ch":5,"sticky":null},"to":{"line":1,"ch":5,"sticky":null},"text":["a"],"removed":[""],"origin":"+input"}
2019-4-15 09:02:55.182#change#{"from":{"line":1,"ch":6,"sticky":null},"to":{"line":1,"ch":6,"sticky":null},"text":["t"],"removed":[""],"origin":"+input"}
2019-4-15 09:02:56.438#change#{"from":{"line":1,"ch":7,"sticky":null},"to":{"line":1,"ch":7,"sticky":null},"text":["()"],"removed":[""],"origin":"+input"}
2019-4-15 09:02:56.439#keyHandled#"'('"
2019-4-15 09:02:57.213#change#{"from":{"line":1,"ch":8,"sticky":"after"},"to":{"line":1,"ch":8,"sticky":"after"},"text":["i"],"removed":[""],"origin":"+input"}
2019-4-15 09:02:57.404#change#{"from":{"line":1,"ch":9,"sticky":null},"to":{"line":1,"ch":9,"sticky":null},"text":["n"],"removed":[""],"origin":"+input"}
2019-4-15 09:02:57.649#change#{"from":{"line":1,"ch":10,"sticky":null},"to":{"line":1,"ch":10,"sticky":null},"text":["p"],"removed":[""],"origin":"+input"}
2019-4-15 09:02:57.881#change#{"from":{"line":1,"ch":11,"sticky":null},"to":{"line":1,"ch":11,"sticky":null},"text":["u"],"removed":[""],"origin":"+input"}
2019-4-15 09:02:58.176#change#{"from":{"line":1,"ch":12,"sticky":null},"to":{"line":1,"ch":12,"sticky":null},"text":["t"],"removed":[""],"origin":"+input"}
2019-4-15 09:02:59.239#change#{"from":{"line":1,"ch":13,"sticky":null},"to":{"line":1,"ch":13,"sticky":null},"text":["()"],"removed":[""],"origin":"+input"}
2019-4-15 09:02:59.239#keyHandled#"'('"
2019-4-15 09:03:01.270#change#{"from":{"line":1,"ch":14,"sticky":"after"},"to":{"line":1,"ch":14,"sticky":"after"},"text":["''"],"removed":[""],"origin":"+input"}
2019-4-15 09:03:01.270#keyHandled#"'''"
2019-4-15 09:03:02.088#change#{"from":{"line":1,"ch":14,"sticky":null},"to":{"line":1,"ch":16,"sticky":null},"text":[""],"removed":["''"],"origin":"+delete"}
2019-4-15 09:03:02.088#keyHandled#"Backspace"
2019-4-15 09:03:02.518#change#{"from":{"line":1,"ch":14,"sticky":null},"to":{"line":1,"ch":14,"sticky":null},"text":["\"\""],"removed":[""],"origin":"+input"}
2019-4-15 09:03:02.518#keyHandled#"'\"'"
2019-4-15 09:03:03.810#change#{"from":{"line":1,"ch":15,"sticky":"after"},"to":{"line":1,"ch":15,"sticky":"after"},"text":[":"],"removed":[""],"origin":"+input"}
2019-4-15 09:03:04.852#keyHandled#"Right"
2019-4-15 09:03:05.169#keyHandled#"Right"
2019-4-15 09:03:05.457#keyHandled#"Right"
2019-4-15 09:03:06.091#change#{"from":{"line":1,"ch":19,"sticky":"before"},"to":{"line":1,"ch":19,"sticky":"before"},"text":["",""],"removed":[""],"origin":"+input"}
2019-4-15 09:03:06.091#keyHandled#"Enter"
2019-4-15 09:03:06.095#viewportChange#0
2019-4-15 09:03:09.911#blur#
2019-4-15 09:03:31.029#focus#
2019-4-15 09:03:33.042#change#{"from":{"line":2,"ch":0,"sticky":null},"to":{"line":2,"ch":0,"sticky":null},"text":["y"],"removed":[""],"origin":"+input"}
2019-4-15 09:03:33.410#change#{"from":{"line":2,"ch":1,"sticky":null},"to":{"line":2,"ch":1,"sticky":null},"text":["="],"removed":[""],"origin":"+input"}
2019-4-15 09:03:34.539#change#{"from":{"line":2,"ch":2,"sticky":null},"to":{"line":2,"ch":2,"sticky":null},"text":["f"],"removed":[""],"origin":"+input"}
2019-4-15 09:03:34.688#change#{"from":{"line":2,"ch":3,"sticky":null},"to":{"line":2,"ch":3,"sticky":null},"text":["l"],"removed":[""],"origin":"+input"}
2019-4-15 09:03:34.879#change#{"from":{"line":2,"ch":4,"sticky":null},"to":{"line":2,"ch":4,"sticky":null},"text":["o"],"removed":[""],"origin":"+input"}
2019-4-15 09:03:34.985#change#{"from":{"line":2,"ch":5,"sticky":null},"to":{"line":2,"ch":5,"sticky":null},"text":["a"],"removed":[""],"origin":"+input"}
2019-4-15 09:03:36.111#change#{"from":{"line":2,"ch":6,"sticky":null},"to":{"line":2,"ch":6,"sticky":null},"text":["t"],"removed":[""],"origin":"+input"}
2019-4-15 09:03:37.558#change#{"from":{"line":2,"ch":7,"sticky":null},"to":{"line":2,"ch":7,"sticky":null},"text":["()"],"removed":[""],"origin":"+input"}
2019-4-15 09:03:37.558#keyHandled#"'('"
2019-4-15 09:03:38.307#change#{"from":{"line":2,"ch":8,"sticky":"after"},"to":{"line":2,"ch":8,"sticky":"after"},"text":["i"],"removed":[""],"origin":"+input"}
2019-4-15 09:03:38.469#change#{"from":{"line":2,"ch":9,"sticky":null},"to":{"line":2,"ch":9,"sticky":null},"text":["n"],"removed":[""],"origin":"+input"}
2019-4-15 09:03:38.688#change#{"from":{"line":2,"ch":10,"sticky":null},"to":{"line":2,"ch":10,"sticky":null},"text":["p"],"removed":[""],"origin":"+input"}
2019-4-15 09:03:38.983#change#{"from":{"line":2,"ch":11,"sticky":null},"to":{"line":2,"ch":11,"sticky":null},"text":["u"],"removed":[""],"origin":"+input"}
2019-4-15 09:03:39.207#change#{"from":{"line":2,"ch":12,"sticky":null},"to":{"line":2,"ch":12,"sticky":null},"text":["t"],"removed":[""],"origin":"+input"}
2019-4-15 09:03:40.431#change#{"from":{"line":2,"ch":13,"sticky":null},"to":{"line":2,"ch":13,"sticky":null},"text":["()"],"removed":[""],"origin":"+input"}
2019-4-15 09:03:40.431#keyHandled#"'('"
2019-4-15 09:03:41.855#change#{"from":{"line":2,"ch":14,"sticky":"after"},"to":{"line":2,"ch":14,"sticky":"after"},"text":["\"\""],"removed":[""],"origin":"+input"}
2019-4-15 09:03:41.855#keyHandled#"'\"'"
2019-4-15 09:03:42.908#change#{"from":{"line":2,"ch":15,"sticky":"after"},"to":{"line":2,"ch":15,"sticky":"after"},"text":[":"],"removed":[""],"origin":"+input"}
2019-4-15 09:03:43.591#keyHandled#"Right"
2019-4-15 09:03:43.803#keyHandled#"Right"
2019-4-15 09:03:43.966#keyHandled#"Right"
2019-4-15 09:03:44.637#change#{"from":{"line":2,"ch":19,"sticky":"before"},"to":{"line":2,"ch":19,"sticky":"before"},"text":["",""],"removed":[""],"origin":"+input"}
2019-4-15 09:03:44.637#keyHandled#"Enter"
2019-4-15 09:03:44.641#viewportChange#0
2019-4-15 09:03:46.006#blur#
2019-4-15 09:03:47.441#focus#
2019-4-15 09:04:02.257#blur#
2019-4-15 09:04:06.163#focus#
2019-4-15 09:04:08.191#blur#
2019-4-15 09:04:09.957#focus#
2019-4-15 09:04:39.524#blur#
2019-4-15 09:06:06.739#mousedown#{"isTrusted":true}
2019-4-15 09:06:06.740#focus#
2019-4-15 09:07:03.387#blur#
2019-4-15 09:07:05.876#focus#
2019-4-15 09:07:08.484#blur#
2019-4-15 09:07:24.842#focus#
2019-4-15 09:07:44.535#blur#
2019-4-15 09:07:46.407#focus#
2019-4-15 09:09:30.460#change#{"from":{"line":3,"ch":0,"sticky":null},"to":{"line":3,"ch":0,"sticky":null},"text":["i"],"removed":[""],"origin":"+input"}
2019-4-15 09:09:30.590#change#{"from":{"line":3,"ch":1,"sticky":null},"to":{"line":3,"ch":1,"sticky":null},"text":["f"],"removed":[""],"origin":"+input"}
2019-4-15 09:09:31.486#change#{"from":{"line":3,"ch":2,"sticky":null},"to":{"line":3,"ch":2,"sticky":null},"text":["()"],"removed":[""],"origin":"+input"}
2019-4-15 09:09:31.486#keyHandled#"'('"
2019-4-15 09:09:39.155#change#{"from":{"line":3,"ch":3,"sticky":"after"},"to":{"line":3,"ch":3,"sticky":"after"},"text":["x"],"removed":[""],"origin":"+input"}
2019-4-15 09:09:40.724#change#{"from":{"line":3,"ch":4,"sticky":null},"to":{"line":3,"ch":4,"sticky":null},"text":["="],"removed":[""],"origin":"+input"}
2019-4-15 09:09:40.887#change#{"from":{"line":3,"ch":5,"sticky":null},"to":{"line":3,"ch":5,"sticky":null},"text":["="],"removed":[""],"origin":"+input"}
2019-4-15 09:09:44.188#change#{"from":{"line":3,"ch":6,"sticky":null},"to":{"line":3,"ch":6,"sticky":null},"text":["0"],"removed":[""],"origin":"+input"}
2019-4-15 09:09:48.272#change#{"from":{"line":3,"ch":7,"sticky":null},"to":{"line":3,"ch":7,"sticky":null},"text":[","],"removed":[""],"origin":"+input"}
2019-4-15 09:09:53.556#change#{"from":{"line":3,"ch":8,"sticky":null},"to":{"line":3,"ch":8,"sticky":null},"text":["y"],"removed":[""],"origin":"+input"}
2019-4-15 09:09:56.037#change#{"from":{"line":3,"ch":9,"sticky":null},"to":{"line":3,"ch":9,"sticky":null},"text":["="],"removed":[""],"origin":"+input"}
2019-4-15 09:09:56.271#change#{"from":{"line":3,"ch":10,"sticky":null},"to":{"line":3,"ch":10,"sticky":null},"text":["="],"removed":[""],"origin":"+input"}
2019-4-15 09:09:57.652#change#{"from":{"line":3,"ch":11,"sticky":null},"to":{"line":3,"ch":11,"sticky":null},"text":["0"],"removed":[""],"origin":"+input"}
2019-4-15 09:09:59.878#keyHandled#"Right"
2019-4-15 09:10:00.441#change#{"from":{"line":3,"ch":13,"sticky":"before"},"to":{"line":3,"ch":13,"sticky":"before"},"text":[":"],"removed":[""],"origin":"+input"}
2019-4-15 09:10:13.558#mousedown#{"isTrusted":true}
2019-4-15 09:10:14.565#mousedown#{"isTrusted":true}
2019-4-15 09:10:14.960#change#{"from":{"line":3,"ch":9,"sticky":"after"},"to":{"line":3,"ch":10,"sticky":"before","xRel":-3.8125},"text":[""],"removed":["="],"origin":"+delete"}
2019-4-15 09:10:14.960#keyHandled#"Backspace"
2019-4-15 09:10:15.220#change#{"from":{"line":3,"ch":8,"sticky":"after"},"to":{"line":3,"ch":9,"sticky":null},"text":[""],"removed":["="],"origin":"+delete"}
2019-4-15 09:10:15.220#keyHandled#"Backspace"
2019-4-15 09:10:16.988#change#{"from":{"line":3,"ch":8,"sticky":null},"to":{"line":3,"ch":8,"sticky":null},"text":[">"],"removed":[""],"origin":"+input"}
2019-4-15 09:10:18.246#mousedown#{"isTrusted":true}
2019-4-15 09:10:20.583#change#{"from":{"line":3,"ch":11,"sticky":"before","xRel":3.515625},"to":{"line":3,"ch":11,"sticky":"before","xRel":3.515625},"text":[":"],"removed":[""],"origin":"+input"}
2019-4-15 09:10:21.261#change#{"from":{"line":3,"ch":12,"sticky":null},"to":{"line":3,"ch":12,"sticky":null},"text":["",""],"removed":[""],"origin":"+input"}
2019-4-15 09:10:21.261#change#{"from":{"line":4,"ch":0,"sticky":null},"to":{"line":4,"ch":0,"sticky":null},"text":["\t"],"removed":[""],"origin":"+input"}
2019-4-15 09:10:21.261#keyHandled#"Enter"
2019-4-15 09:10:21.266#viewportChange#0
2019-4-15 09:10:22.593#change#{"from":{"line":4,"ch":1,"sticky":null},"to":{"line":4,"ch":1,"sticky":null},"text":["p"],"removed":[""],"origin":"+input"}
2019-4-15 09:10:22.821#change#{"from":{"line":4,"ch":2,"sticky":null},"to":{"line":4,"ch":2,"sticky":null},"text":["r"],"removed":[""],"origin":"+input"}
2019-4-15 09:10:22.968#change#{"from":{"line":4,"ch":3,"sticky":null},"to":{"line":4,"ch":3,"sticky":null},"text":["i"],"removed":[""],"origin":"+input"}
2019-4-15 09:10:23.105#change#{"from":{"line":4,"ch":4,"sticky":null},"to":{"line":4,"ch":4,"sticky":null},"text":["n"],"removed":[""],"origin":"+input"}
2019-4-15 09:10:23.155#change#{"from":{"line":4,"ch":5,"sticky":null},"to":{"line":4,"ch":5,"sticky":null},"text":["t"],"removed":[""],"origin":"+input"}
2019-4-15 09:10:24.170#change#{"from":{"line":4,"ch":6,"sticky":null},"to":{"line":4,"ch":6,"sticky":null},"text":["()"],"removed":[""],"origin":"+input"}
2019-4-15 09:10:24.170#keyHandled#"'('"
2019-4-15 09:10:31.445#change#{"from":{"line":4,"ch":7,"sticky":"after"},"to":{"line":4,"ch":7,"sticky":"after"},"text":["\"\""],"removed":[""],"origin":"+input"}
2019-4-15 09:10:31.445#keyHandled#"'\"'"
2019-4-15 09:10:37.612#blur#
2019-4-15 09:10:40.596#mousedown#{"isTrusted":true}
2019-4-15 09:10:40.598#focus#
2019-4-15 09:10:41.373#change#{"from":{"line":4,"ch":8,"sticky":"after"},"to":{"line":4,"ch":8,"sticky":"after"},"text":["Superiores"],"removed":[""],"origin":"paste"}
2019-4-15 09:10:42.622#mousedown#{"isTrusted":true}
2019-4-15 09:10:45.592#change#{"from":{"line":4,"ch":19,"sticky":null},"to":{"line":4,"ch":19,"sticky":null},"text":[")"],"removed":[""],"origin":"+input"}
2019-4-15 09:10:46.436#change#{"from":{"line":4,"ch":20,"sticky":null},"to":{"line":4,"ch":20,"sticky":null},"text":["",""],"removed":[""],"origin":"+input"}
2019-4-15 09:10:46.436#change#{"from":{"line":5,"ch":0,"sticky":null},"to":{"line":5,"ch":0,"sticky":null},"text":["\t"],"removed":[""],"origin":"+input"}
2019-4-15 09:10:46.436#keyHandled#"Enter"
2019-4-15 09:10:46.440#viewportChange#0
2019-4-15 09:10:47.201#change#{"from":{"line":5,"ch":0,"sticky":"after"},"to":{"line":5,"ch":1,"sticky":null},"text":[""],"removed":["\t"],"origin":"+delete"}
2019-4-15 09:10:47.201#keyHandled#"Backspace"
2019-4-15 09:10:48.352#change#{"from":{"line":5,"ch":0,"sticky":null},"to":{"line":5,"ch":0,"sticky":null},"text":["e"],"removed":[""],"origin":"+input"}
2019-4-15 09:10:48.477#change#{"from":{"line":5,"ch":1,"sticky":null},"to":{"line":5,"ch":1,"sticky":null},"text":["l"],"removed":[""],"origin":"+input"}
2019-4-15 09:10:48.610#change#{"from":{"line":5,"ch":2,"sticky":null},"to":{"line":5,"ch":2,"sticky":null},"text":["s"],"removed":[""],"origin":"+input"}
2019-4-15 09:10:48.743#change#{"from":{"line":5,"ch":3,"sticky":null},"to":{"line":5,"ch":3,"sticky":null},"text":["e"],"removed":[""],"origin":"+input"}
2019-4-15 09:10:49.432#change#{"from":{"line":5,"ch":4,"sticky":null},"to":{"line":5,"ch":4,"sticky":null},"text":[":"],"removed":[""],"origin":"+input"}
2019-4-15 09:10:56.892#change#{"from":{"line":5,"ch":5,"sticky":null},"to":{"line":5,"ch":5,"sticky":null},"text":["",""],"removed":[""],"origin":"+input"}
2019-4-15 09:10:56.892#change#{"from":{"line":6,"ch":0,"sticky":null},"to":{"line":6,"ch":0,"sticky":null},"text":["\t"],"removed":[""],"origin":"+input"}
2019-4-15 09:10:56.892#keyHandled#"Enter"
2019-4-15 09:10:56.897#viewportChange#0
2019-4-15 09:10:59.208#change#{"from":{"line":6,"ch":1,"sticky":null},"to":{"line":6,"ch":1,"sticky":null},"text":["p"],"removed":[""],"origin":"+input"}
2019-4-15 09:10:59.386#change#{"from":{"line":6,"ch":2,"sticky":null},"to":{"line":6,"ch":2,"sticky":null},"text":["r"],"removed":[""],"origin":"+input"}
2019-4-15 09:10:59.503#change#{"from":{"line":6,"ch":3,"sticky":null},"to":{"line":6,"ch":3,"sticky":null},"text":["i"],"removed":[""],"origin":"+input"}
2019-4-15 09:10:59.637#change#{"from":{"line":6,"ch":4,"sticky":null},"to":{"line":6,"ch":4,"sticky":null},"text":["n"],"removed":[""],"origin":"+input"}
2019-4-15 09:10:59.678#change#{"from":{"line":6,"ch":5,"sticky":null},"to":{"line":6,"ch":5,"sticky":null},"text":["t"],"removed":[""],"origin":"+input"}
2019-4-15 09:11:00.626#change#{"from":{"line":6,"ch":6,"sticky":null},"to":{"line":6,"ch":6,"sticky":null},"text":["()"],"removed":[""],"origin":"+input"}
2019-4-15 09:11:00.626#keyHandled#"'('"
2019-4-15 09:11:01.721#change#{"from":{"line":6,"ch":7,"sticky":"after"},"to":{"line":6,"ch":7,"sticky":"after"},"text":["\"\""],"removed":[""],"origin":"+input"}
2019-4-15 09:11:01.721#keyHandled#"'\"'"
2019-4-15 09:11:03.939#blur#
2019-4-15 09:11:06.910#mousedown#{"isTrusted":true}
2019-4-15 09:11:06.914#focus#
2019-4-15 09:11:07.769#change#{"from":{"line":6,"ch":8,"sticky":"before","xRel":-1.90625},"to":{"line":6,"ch":8,"sticky":"before","xRel":-1.90625},"text":["Inferiores"],"removed":[""],"origin":"paste"}
2019-4-15 09:11:08.867#mousedown#{"isTrusted":true}
2019-4-15 09:11:08.867#mousedown#{"isTrusted":true}
2019-4-15 09:11:10.811#blur#
2019-4-15 09:11:12.056#saida_testar#$ python3 main.py
2019-4-15 09:12:03.666#mousedown#{"isTrusted":true}
2019-4-15 09:12:03.728#focus#
2019-4-15 09:12:08.778#blur#
2019-4-15 09:23:19.155#mousedown#{"isTrusted":true}
2019-4-15 09:23:19.164#focus#
2019-4-15 09:23:31.540#blur#
2019-4-15 09:26:43.970#focus#
2019-4-15 09:26:44.520#blur#
2019-4-15 09:27:22.240#focus#
2019-4-15 09:27:22.814#blur#
2019-4-15 09:27:24.256#focus#
2019-4-15 09:27:39.792#mousedown#{"isTrusted":true}
2019-4-15 09:27:41.997#change#{"from":{"line":3,"ch":5,"sticky":"after"},"to":{"line":3,"ch":6,"sticky":"before","xRel":-2.046875},"text":[""],"removed":["0"],"origin":"+delete"}
2019-4-15 09:27:41.997#keyHandled#"Backspace"
2019-4-15 09:27:42.365#change#{"from":{"line":3,"ch":4,"sticky":"after"},"to":{"line":3,"ch":5,"sticky":null},"text":[""],"removed":[">"],"origin":"+delete"}
2019-4-15 09:27:42.365#keyHandled#"Backspace"
2019-4-15 09:27:46.806#change#{"from":{"line":3,"ch":4,"sticky":null},"to":{"line":3,"ch":4,"sticky":null},"text":[">"],"removed":[""],"origin":"+input"}
2019-4-15 09:27:51.466#blur#
2019-4-15 09:27:51.466#blur#
2019-4-15 09:27:56.949#saida_testar#$ python3 main.py
File "main.py", line 4
if(x>,y>0):
SyntaxError: invalid syntax
2019-4-15 09:28:00.664#mousedown#{"isTrusted":true}
2019-4-15 09:28:00.851#focus#
2019-4-15 09:28:01.565#mousedown#{"isTrusted":true}
2019-4-15 09:28:02.555#change#{"from":{"line":3,"ch":5,"sticky":"before","xRel":-0.359375},"to":{"line":3,"ch":5,"sticky":"before","xRel":-0.359375},"text":["0"],"removed":[""],"origin":"+input"}
2019-4-15 09:28:02.555#change#{"from":{"line":3,"ch":5,"sticky":"before","xRel":-0.359375},"to":{"line":3,"ch":5,"sticky":"before","xRel":-0.359375},"text":["0"],"removed":[""],"origin":"+input"}
2019-4-15 09:28:03.746#blur#
2019-4-15 09:28:03.746#blur#
2019-4-15 09:28:18.314#saida_testar#$ python3 main.py
2019-4-15 09:28:31.738#mousedown#{"isTrusted":true}
2019-4-15 09:28:31.860#focus#
2019-4-15 09:28:42.694#blur#
2019-4-15 09:28:52.108#mousedown#{"isTrusted":true}
2019-4-15 09:28:52.200#focus#
2019-4-15 09:28:56.172#mousedown#{"isTrusted":true}
2019-4-15 09:28:58.407#change#{"from":{"line":6,"ch":1,"sticky":"after","xRel":3.09375},"to":{"line":6,"ch":20,"sticky":"before","xRel":7.78125},"text":["i"],"removed":["print(\"Inferiores\")"],"origin":"+input"}
2019-4-15 09:28:58.535#change#{"from":{"line":6,"ch":2,"sticky":null},"to":{"line":6,"ch":2,"sticky":null},"text":["f"],"removed":[""],"origin":"+input"}
2019-4-15 09:28:59.791#change#{"from":{"line":6,"ch":3,"sticky":null},"to":{"line":6,"ch":3,"sticky":null},"text":["()"],"removed":[""],"origin":"+input"}
2019-4-15 09:28:59.791#keyHandled#"'('"
2019-4-15 09:29:24.435#change#{"from":{"line":6,"ch":4,"sticky":"after"},"to":{"line":6,"ch":4,"sticky":"after"},"text":["x"],"removed":[""],"origin":"+input"}
2019-4-15 09:29:30.562#change#{"from":{"line":6,"ch":5,"sticky":null},"to":{"line":6,"ch":5,"sticky":null},"text":["<"],"removed":[""],"origin":"+input"}
2019-4-15 09:29:31.719#change#{"from":{"line":6,"ch":6,"sticky":null},"to":{"line":6,"ch":6,"sticky":null},"text":["0"],"removed":[""],"origin":"+input"}
2019-4-15 09:29:33.149#change#{"from":{"line":6,"ch":7,"sticky":null},"to":{"line":6,"ch":7,"sticky":null},"text":[","],"removed":[""],"origin":"+input"}
2019-4-15 09:29:38.750#mousedown#{"isTrusted":true}
2019-4-15 09:29:52.290#mousedown#{"isTrusted":true}
2019-4-15 09:29:56.063#change#{"from":{"line":6,"ch":8,"sticky":"after","xRel":2.09375},"to":{"line":6,"ch":8,"sticky":"after","xRel":2.09375},"text":["y"],"removed":[""],"origin":"+input"}
2019-4-15 09:29:59.463#change#{"from":{"line":6,"ch":9,"sticky":null},"to":{"line":6,"ch":9,"sticky":null},"text":[">"],"removed":[""],"origin":"+input"}
2019-4-15 09:30:00.549#change#{"from":{"line":6,"ch":10,"sticky":null},"to":{"line":6,"ch":10,"sticky":null},"text":["0"],"removed":[""],"origin":"+input"}
2019-4-15 09:30:03.955#mousedown#{"isTrusted":true}
2019-4-15 09:30:05.111#change#{"from":{"line":6,"ch":12,"sticky":"before","xRel":17.421875},"to":{"line":6,"ch":12,"sticky":"before","xRel":17.421875},"text":[":"],"removed":[""],"origin":"+input"}
2019-4-15 09:30:06.098#change#{"from":{"line":6,"ch":13,"sticky":null},"to":{"line":6,"ch":13,"sticky":null},"text":["",""],"removed":[""],"origin":"+input"}
2019-4-15 09:30:06.098#change#{"from":{"line":7,"ch":0,"sticky":null},"to":{"line":7,"ch":0,"sticky":null},"text":["\t\t"],"removed":[""],"origin":"+input"}
2019-4-15 09:30:06.098#keyHandled#"Enter"
2019-4-15 09:30:06.106#viewportChange#0
2019-4-15 09:30:06.944#change#{"from":{"line":7,"ch":2,"sticky":null},"to":{"line":7,"ch":2,"sticky":null},"text":["p"],"removed":[""],"origin":"+input"}
2019-4-15 09:30:07.196#change#{"from":{"line":7,"ch":3,"sticky":null},"to":{"line":7,"ch":3,"sticky":null},"text":["r"],"removed":[""],"origin":"+input"}
2019-4-15 09:30:07.478#change#{"from":{"line":7,"ch":4,"sticky":null},"to":{"line":7,"ch":4,"sticky":null},"text":["n"],"removed":[""],"origin":"+input"}
2019-4-15 09:30:07.528#change#{"from":{"line":7,"ch":5,"sticky":null},"to":{"line":7,"ch":5,"sticky":null},"text":["i"],"removed":[""],"origin":"+input"}
2019-4-15 09:30:07.718#change#{"from":{"line":7,"ch":6,"sticky":null},"to":{"line":7,"ch":6,"sticky":null},"text":["t"],"removed":[""],"origin":"+input"}
2019-4-15 09:30:08.573#change#{"from":{"line":7,"ch":6,"sticky":"after"},"to":{"line":7,"ch":7,"sticky":null},"text":[""],"removed":["t"],"origin":"+delete"}
2019-4-15 09:30:08.573#keyHandled#"Backspace"
2019-4-15 09:30:08.768#change#{"from":{"line":7,"ch":5,"sticky":"after"},"to":{"line":7,"ch":6,"sticky":null},"text":[""],"removed":["i"],"origin":"+delete"}
2019-4-15 09:30:08.768#keyHandled#"Backspace"
2019-4-15 09:30:08.948#change#{"from":{"line":7,"ch":4,"sticky":"after"},"to":{"line":7,"ch":5,"sticky":null},"text":[""],"removed":["n"],"origin":"+delete"}
2019-4-15 09:30:08.948#keyHandled#"Backspace"
2019-4-15 09:30:09.128#change#{"from":{"line":7,"ch":3,"sticky":"after"},"to":{"line":7,"ch":4,"sticky":null},"text":[""],"removed":["r"],"origin":"+delete"}
2019-4-15 09:30:09.128#keyHandled#"Backspace"
2019-4-15 09:30:09.544#change#{"from":{"line":7,"ch":2,"sticky":"after"},"to":{"line":7,"ch":3,"sticky":null},"text":[""],"removed":["p"],"origin":"+delete"}
2019-4-15 09:30:09.544#keyHandled#"Backspace"
2019-4-15 09:30:10.984#mousedown#{"isTrusted":true}
2019-4-15 09:30:12.709#copy#{"isTrusted":true}
2019-4-15 09:30:13.794#mousedown#{"isTrusted":true}
2019-4-15 09:30:14.860#change#{"from":{"line":7,"ch":2,"sticky":null,"xRel":1,"outside":true},"to":{"line":7,"ch":2,"sticky":null,"xRel":1,"outside":true},"text":["print(\"Superiores\")"],"removed":[""],"origin":"paste"}
2019-4-15 09:30:16.390#change#{"from":{"line":7,"ch":21,"sticky":null},"to":{"line":7,"ch":21,"sticky":null},"text":["",""],"removed":[""],"origin":"+input"}
2019-4-15 09:30:16.390#change#{"from":{"line":8,"ch":0,"sticky":null},"to":{"line":8,"ch":0,"sticky":null},"text":["\t\t"],"removed":[""],"origin":"+input"}
2019-4-15 09:30:16.390#keyHandled#"Enter"
2019-4-15 09:30:16.396#viewportChange#0
2019-4-15 09:30:16.706#change#{"from":{"line":8,"ch":1,"sticky":"after"},"to":{"line":8,"ch":2,"sticky":null},"text":[""],"removed":["\t"],"origin":"+delete"}
2019-4-15 09:30:16.706#keyHandled#"Backspace"
2019-4-15 09:30:17.411#change#{"from":{"line":8,"ch":1,"sticky":null},"to":{"line":8,"ch":1,"sticky":null},"text":["e"],"removed":[""],"origin":"+input"}
2019-4-15 09:30:17.575#change#{"from":{"line":8,"ch":2,"sticky":null},"to":{"line":8,"ch":2,"sticky":null},"text":["l"],"removed":[""],"origin":"+input"}
2019-4-15 09:30:17.685#change#{"from":{"line":8,"ch":3,"sticky":null},"to":{"line":8,"ch":3,"sticky":null},"text":["s"],"removed":[""],"origin":"+input"}
2019-4-15 09:30:17.856#change#{"from":{"line":8,"ch":4,"sticky":null},"to":{"line":8,"ch":4,"sticky":null},"text":["e"],"removed":[""],"origin":"+input"}
2019-4-15 09:30:18.899#change#{"from":{"line":8,"ch":5,"sticky":null},"to":{"line":8,"ch":5,"sticky":null},"text":[":"],"removed":[""],"origin":"+input"}
2019-4-15 09:30:19.411#change#{"from":{"line":8,"ch":6,"sticky":null},"to":{"line":8,"ch":6,"sticky":null},"text":["",""],"removed":[""],"origin":"+input"}
2019-4-15 09:30:19.411#change#{"from":{"line":9,"ch":0,"sticky":null},"to":{"line":9,"ch":0,"sticky":null},"text":["\t\t"],"removed":[""],"origin":"+input"}
2019-4-15 09:30:19.411#keyHandled#"Enter"
2019-4-15 09:30:19.421#viewportChange#0
2019-4-15 09:30:20.813#change#{"from":{"line":9,"ch":2,"sticky":null},"to":{"line":9,"ch":2,"sticky":null},"text":["p"],"removed":[""],"origin":"+input"}
2019-4-15 09:30:21.038#change#{"from":{"line":9,"ch":3,"sticky":null},"to":{"line":9,"ch":3,"sticky":null},"text":["r"],"removed":[""],"origin":"+input"}
2019-4-15 09:30:21.198#change#{"from":{"line":9,"ch":4,"sticky":null},"to":{"line":9,"ch":4,"sticky":null},"text":["i"],"removed":[""],"origin":"+input"}
2019-4-15 09:30:21.351#change#{"from":{"line":9,"ch":5,"sticky":null},"to":{"line":9,"ch":5,"sticky":null},"text":["n"],"removed":[""],"origin":"+input"}
2019-4-15 09:30:21.448#change#{"from":{"line":9,"ch":6,"sticky":null},"to":{"line":9,"ch":6,"sticky":null},"text":["t"],"removed":[""],"origin":"+input"}
2019-4-15 09:30:22.390#change#{"from":{"line":9,"ch":7,"sticky":null},"to":{"line":9,"ch":7,"sticky":null},"text":["()"],"removed":[""],"origin":"+input"}
2019-4-15 09:30:22.390#keyHandled#"'('"
2019-4-15 09:30:23.668#change#{"from":{"line":9,"ch":8,"sticky":"after"},"to":{"line":9,"ch":8,"sticky":"after"},"text":["\"\""],"removed":[""],"origin":"+input"}
2019-4-15 09:30:23.668#keyHandled#"'\"'"
2019-4-15 09:30:24.182#change#{"from":{"line":9,"ch":9,"sticky":"after"},"to":{"line":9,"ch":9,"sticky":"after"},"text":["d"],"removed":[""],"origin":"+input"}
2019-4-15 09:30:24.359#change#{"from":{"line":9,"ch":10,"sticky":null},"to":{"line":9,"ch":10,"sticky":null},"text":["f"],"removed":[""],"origin":"+input"}
2019-4-15 09:30:24.548#change#{"from":{"line":9,"ch":11,"sticky":null},"to":{"line":9,"ch":11,"sticky":null},"text":["s"],"removed":[""],"origin":"+input"}
2019-4-15 09:30:24.671#change#{"from":{"line":9,"ch":12,"sticky":null},"to":{"line":9,"ch":12,"sticky":null},"text":["d"],"removed":[""],"origin":"+input"}
2019-4-15 09:30:24.182#change#{"from":{"line":9,"ch":9,"sticky":"after"},"to":{"line":9,"ch":9,"sticky":"after"},"text":["d"],"removed":[""],"origin":"+input"}
2019-4-15 09:30:24.359#change#{"from":{"line":9,"ch":10,"sticky":null},"to":{"line":9,"ch":10,"sticky":null},"text":["f"],"removed":[""],"origin":"+input"}
2019-4-15 09:30:24.548#change#{"from":{"line":9,"ch":11,"sticky":null},"to":{"line":9,"ch":11,"sticky":null},"text":["s"],"removed":[""],"origin":"+input"}
2019-4-15 09:30:24.671#change#{"from":{"line":9,"ch":12,"sticky":null},"to":{"line":9,"ch":12,"sticky":null},"text":["d"],"removed":[""],"origin":"+input"}
2019-4-15 09:30:25.599#blur#
2019-4-15 09:30:25.889#saida_testar#$ python3 main.py
2019-4-15 09:30:45.593#mousedown#{"isTrusted":true}
2019-4-15 09:30:45.686#focus#
2019-4-15 09:30:47.390#mousedown#{"isTrusted":true}
2019-4-15 09:30:49.628#change#{"from":{"line":9,"ch":2,"sticky":"after","xRel":3.09375},"to":{"line":9,"ch":15,"sticky":"before","xRel":22.875},"text":[""],"removed":["print(\"dfsd\")"],"origin":"+delete"}
2019-4-15 09:30:49.628#keyHandled#"Backspace"
2019-4-15 09:30:52.551#change#{"from":{"line":9,"ch":2,"sticky":null},"to":{"line":9,"ch":2,"sticky":null},"text":["i"],"removed":[""],"origin":"+input"}
2019-4-15 09:30:52.788#change#{"from":{"line":9,"ch":3,"sticky":null},"to":{"line":9,"ch":3,"sticky":null},"text":["f"],"removed":[""],"origin":"+input"}
2019-4-15 09:30:53.879#change#{"from":{"line":9,"ch":4,"sticky":null},"to":{"line":9,"ch":4,"sticky":null},"text":["()"],"removed":[""],"origin":"+input"}
2019-4-15 09:30:53.879#keyHandled#"'('"
2019-4-15 09:31:03.495#change#{"from":{"line":9,"ch":5,"sticky":"after"},"to":{"line":9,"ch":5,"sticky":"after"},"text":["x"],"removed":[""],"origin":"+input"}
2019-4-15 09:31:05.010#change#{"from":{"line":9,"ch":6,"sticky":null},"to":{"line":9,"ch":6,"sticky":null},"text":["<"],"removed":[""],"origin":"+input"}
2019-4-15 09:31:05.818#change#{"from":{"line":9,"ch":7,"sticky":null},"to":{"line":9,"ch":7,"sticky":null},"text":["0"],"removed":[""],"origin":"+input"}
2019-4-15 09:31:07.012#change#{"from":{"line":9,"ch":8,"sticky":null},"to":{"line":9,"ch":8,"sticky":null},"text":[","],"removed":[""],"origin":"+input"}
2019-4-15 09:31:07.977#change#{"from":{"line":9,"ch":9,"sticky":null},"to":{"line":9,"ch":9,"sticky":null},"text":["y"],"removed":[""],"origin":"+input"}
2019-4-15 09:31:08.947#change#{"from":{"line":9,"ch":10,"sticky":null},"to":{"line":9,"ch":10,"sticky":null},"text":["<"],"removed":[""],"origin":"+input"}
2019-4-15 09:31:11.375#change#{"from":{"line":9,"ch":11,"sticky":null},"to":{"line":9,"ch":11,"sticky":null},"text":["0"],"removed":[""],"origin":"+input"}
2019-4-15 09:31:12.605#mousedown#{"isTrusted":true}
2019-4-15 09:31:13.796#change#{"from":{"line":9,"ch":13,"sticky":"before","xRel":9.328125},"to":{"line":9,"ch":13,"sticky":"before","xRel":9.328125},"text":[":"],"removed":[""],"origin":"+input"}
2019-4-15 09:31:14.186#change#{"from":{"line":9,"ch":14,"sticky":null},"to":{"line":9,"ch":14,"sticky":null},"text":["",""],"removed":[""],"origin":"+input"}
2019-4-15 09:31:14.186#change#{"from":{"line":10,"ch":0,"sticky":null},"to":{"line":10,"ch":0,"sticky":null},"text":["\t\t\t"],"removed":[""],"origin":"+input"}
2019-4-15 09:31:14.186#keyHandled#"Enter"
2019-4-15 09:31:14.191#viewportChange#0
2019-4-15 09:31:15.408#change#{"from":{"line":10,"ch":3,"sticky":null},"to":{"line":10,"ch":3,"sticky":null},"text":["p"],"removed":[""],"origin":"+input"}
2019-4-15 09:31:15.610#change#{"from":{"line":10,"ch":4,"sticky":null},"to":{"line":10,"ch":4,"sticky":null},"text":["r"],"removed":[""],"origin":"+input"}
2019-4-15 09:31:15.829#change#{"from":{"line":10,"ch":5,"sticky":null},"to":{"line":10,"ch":5,"sticky":null},"text":["i"],"removed":[""],"origin":"+input"}
2019-4-15 09:31:15.974#change#{"from":{"line":10,"ch":6,"sticky":null},"to":{"line":10,"ch":6,"sticky":null},"text":["n"],"removed":[""],"origin":"+input"}
2019-4-15 09:31:16.045#change#{"from":{"line":10,"ch":7,"sticky":null},"to":{"line":10,"ch":7,"sticky":null},"text":["t"],"removed":[""],"origin":"+input"}
2019-4-15 09:31:17.033#change#{"from":{"line":10,"ch":8,"sticky":null},"to":{"line":10,"ch":8,"sticky":null},"text":["()"],"removed":[""],"origin":"+input"}
2019-4-15 09:31:17.033#keyHandled#"'('"
2019-4-15 09:31:18.058#change#{"from":{"line":10,"ch":9,"sticky":"after"},"to":{"line":10,"ch":9,"sticky":"after"},"text":["i"],"removed":[""],"origin":"+input"}
2019-4-15 09:31:18.172#change#{"from":{"line":10,"ch":10,"sticky":null},"to":{"line":10,"ch":10,"sticky":null},"text":["n"],"removed":[""],"origin":"+input"}
2019-4-15 09:31:18.492#change#{"from":{"line":10,"ch":11,"sticky":null},"to":{"line":10,"ch":11,"sticky":null},"text":["f"],"removed":[""],"origin":"+input"}
2019-4-15 09:31:18.614#change#{"from":{"line":10,"ch":12,"sticky":null},"to":{"line":10,"ch":12,"sticky":null},"text":["e"],"removed":[""],"origin":"+input"}
2019-4-15 09:31:18.831#change#{"from":{"line":10,"ch":13,"sticky":null},"to":{"line":10,"ch":13,"sticky":null},"text":["r"],"removed":[""],"origin":"+input"}
2019-4-15 09:31:18.982#change#{"from":{"line":10,"ch":14,"sticky":null},"to":{"line":10,"ch":14,"sticky":null},"text":["i"],"removed":[""],"origin":"+input"}
2019-4-15 09:31:19.181#change#{"from":{"line":10,"ch":15,"sticky":null},"to":{"line":10,"ch":15,"sticky":null},"text":["o"],"removed":[""],"origin":"+input"}
2019-4-15 09:31:19.421#change#{"from":{"line":10,"ch":16,"sticky":null},"to":{"line":10,"ch":16,"sticky":null},"text":["r"],"removed":[""],"origin":"+input"}
2019-4-15 09:31:19.526#change#{"from":{"line":10,"ch":17,"sticky":null},"to":{"line":10,"ch":17,"sticky":null},"text":["e"],"removed":[""],"origin":"+input"}
2019-4-15 09:31:19.828#change#{"from":{"line":10,"ch":18,"sticky":null},"to":{"line":10,"ch":18,"sticky":null},"text":["s"],"removed":[""],"origin":"+input"}
2019-4-15 09:31:21.276#change#{"from":{"line":10,"ch":19,"sticky":null},"to":{"line":10,"ch":19,"sticky":null},"text":["\"\""],"removed":[""],"origin":"+input"}
2019-4-15 09:31:21.276#keyHandled#"'\"'"
2019-4-15 09:31:22.966#mousedown#{"isTrusted":true}
2019-4-15 09:31:23.642#change#{"from":{"line":10,"ch":9,"sticky":"after","xRel":1.09375},"to":{"line":10,"ch":9,"sticky":"after","xRel":1.09375},"text":["\""],"removed":[""],"origin":"+input"}
2019-4-15 09:31:25.196#mousedown#{"isTrusted":true}
2019-4-15 09:31:26.009#change#{"from":{"line":10,"ch":21,"sticky":"after"},"to":{"line":10,"ch":22,"sticky":"before","xRel":-3.90625},"text":[""],"removed":["\""],"origin":"+delete"}
2019-4-15 09:31:26.009#keyHandled#"Backspace"
2019-4-15 09:31:27.038#mousedown#{"isTrusted":true}
2019-4-15 09:31:27.038#mousedown#{"isTrusted":true}
2019-4-15 09:31:29.346#blur#
2019-4-15 09:31:30.189#saida_testar#$ python3 main.py
2019-4-15 09:31:42.242#mousedown#{"isTrusted":true}
2019-4-15 09:31:42.327#focus#
2019-4-15 09:31:42.932#mousedown#{"isTrusted":true}
2019-4-15 09:31:45.963#change#{"from":{"line":4,"ch":0,"sticky":"after","xRel":4.09375},"to":{"line":10,"ch":22,"sticky":"before","xRel":19.59375},"text":[""],"removed":["\tprint(\"Superiores\")","else:","\tif(x<0,y>0):","\t\tprint(\"Superiores\")","\telse:","\t\tif(x<0,y<0):","\t\t\tprint(\"inferiores\")"],"origin":"+delete"}
2019-4-15 09:31:45.963#keyHandled#"Backspace"
2019-4-15 09:31:45.972#viewportChange#0
2019-4-15 09:31:47.672#mousedown#{"isTrusted":true}
2019-4-15 09:31:55.199#mousedown#{"isTrusted":true}
2019-4-15 09:31:56.772#mousedown#{"isTrusted":true}
2019-4-15 09:31:57.724#mousedown#{"isTrusted":true}
2019-4-15 09:31:58.998#change#{"from":{"line":3,"ch":12,"sticky":"before","xRel":-1.90625},"to":{"line":3,"ch":12,"sticky":"before","xRel":-1.90625},"text":["",""],"removed":[""],"origin":"+input"}
2019-4-15 09:31:58.998#change#{"from":{"line":4,"ch":0,"sticky":null},"to":{"line":4,"ch":0,"sticky":null},"text":["\t"],"removed":[""],"origin":"+input"}
2019-4-15 09:31:58.998#keyHandled#"Enter"
2019-4-15 09:31:59.003#viewportChange#0
2019-4-15 09:32:01.098#change#{"from":{"line":4,"ch":1,"sticky":null},"to":{"line":4,"ch":1,"sticky":null},"text":["p"],"removed":[""],"origin":"+input"}
2019-4-15 09:32:01.293#change#{"from":{"line":4,"ch":2,"sticky":null},"to":{"line":4,"ch":2,"sticky":null},"text":["r"],"removed":[""],"origin":"+input"}
2019-4-15 09:32:01.435#change#{"from":{"line":4,"ch":3,"sticky":null},"to":{"line":4,"ch":3,"sticky":null},"text":["i"],"removed":[""],"origin":"+input"}
2019-4-15 09:32:01.548#change#{"from":{"line":4,"ch":4,"sticky":null},"to":{"line":4,"ch":4,"sticky":null},"text":["n"],"removed":[""],"origin":"+input"}
2019-4-15 09:32:01.681#change#{"from":{"line":4,"ch":5,"sticky":null},"to":{"line":4,"ch":5,"sticky":null},"text":["t"],"removed":[""],"origin":"+input"}
2019-4-15 09:32:03.034#change#{"from":{"line":4,"ch":6,"sticky":null},"to":{"line":4,"ch":6,"sticky":null},"text":["()"],"removed":[""],"origin":"+input"}
2019-4-15 09:32:03.034#keyHandled#"'('"
2019-4-15 09:32:05.140#change#{"from":{"line":4,"ch":7,"sticky":"after"},"to":{"line":4,"ch":7,"sticky":"after"},"text":["\"\""],"removed":[""],"origin":"+input"}
2019-4-15 09:32:05.140#keyHandled#"'\"'"
2019-4-15 09:32:07.508#blur#
2019-4-15 09:32:11.243#mousedown#{"isTrusted":true}
2019-4-15 09:32:11.246#focus#
2019-4-15 09:32:12.042#change#{"from":{"line":4,"ch":8,"sticky":"before","xRel":-1.90625},"to":{"line":4,"ch":8,"sticky":"before","xRel":-1.90625},"text":["Superiores"],"removed":[""],"origin":"paste"}
2019-4-15 09:32:13.076#mousedown#{"isTrusted":true}
2019-4-15 09:32:14.992#change#{"from":{"line":5,"ch":0,"sticky":"after"},"to":{"line":5,"ch":1,"sticky":null},"text":[""],"removed":["\t"],"origin":"+delete"}
2019-4-15 09:32:14.992#keyHandled#"Backspace"
2019-4-15 09:32:15.961#change#{"from":{"line":5,"ch":0,"sticky":null},"to":{"line":5,"ch":0,"sticky":null},"text":["e"],"removed":[""],"origin":"+input"}
2019-4-15 09:32:16.112#change#{"from":{"line":5,"ch":1,"sticky":null},"to":{"line":5,"ch":1,"sticky":null},"text":["l"],"removed":[""],"origin":"+input"}
2019-4-15 09:32:16.240#change#{"from":{"line":5,"ch":2,"sticky":null},"to":{"line":5,"ch":2,"sticky":null},"text":["s"],"removed":[""],"origin":"+input"}
2019-4-15 09:32:16.379#change#{"from":{"line":5,"ch":3,"sticky":null},"to":{"line":5,"ch":3,"sticky":null},"text":["e"],"removed":[""],"origin":"+input"}
2019-4-15 09:32:17.241#change#{"from":{"line":5,"ch":4,"sticky":null},"to":{"line":5,"ch":4,"sticky":null},"text":[":"],"removed":[""],"origin":"+input"}
2019-4-15 09:32:18.387#change#{"from":{"line":5,"ch":5,"sticky":null},"to":{"line":5,"ch":5,"sticky":null},"text":["",""],"removed":[""],"origin":"+input"}
2019-4-15 09:32:18.387#change#{"from":{"line":6,"ch":0,"sticky":null},"to":{"line":6,"ch":0,"sticky":null},"text":["\t"],"removed":[""],"origin":"+input"}
2019-4-15 09:32:18.387#keyHandled#"Enter"
2019-4-15 09:32:18.393#viewportChange#0
2019-4-15 09:32:36.310#change#{"from":{"line":6,"ch":1,"sticky":null},"to":{"line":6,"ch":1,"sticky":null},"text":["p"],"removed":[""],"origin":"+input"}
2019-4-15 09:32:36.528#change#{"from":{"line":6,"ch":2,"sticky":null},"to":{"line":6,"ch":2,"sticky":null},"text":["r"],"removed":[""],"origin":"+input"}
2019-4-15 09:32:36.699#change#{"from":{"line":6,"ch":3,"sticky":null},"to":{"line":6,"ch":3,"sticky":null},"text":["i"],"removed":[""],"origin":"+input"}
2019-4-15 09:32:36.769#change#{"from":{"line":6,"ch":4,"sticky":null},"to":{"line":6,"ch":4,"sticky":null},"text":["n"],"removed":[""],"origin":"+input"}
2019-4-15 09:32:36.924#change#{"from":{"line":6,"ch":5,"sticky":null},"to":{"line":6,"ch":5,"sticky":null},"text":["t"],"removed":[""],"origin":"+input"}
2019-4-15 09:32:37.853#change#{"from":{"line":6,"ch":6,"sticky":null},"to":{"line":6,"ch":6,"sticky":null},"text":["()"],"removed":[""],"origin":"+input"}
2019-4-15 09:32:37.853#keyHandled#"'('"
2019-4-15 09:32:39.327#change#{"from":{"line":6,"ch":7,"sticky":"after"},"to":{"line":6,"ch":7,"sticky":"after"},"text":["\"\""],"removed":[""],"origin":"+input"}
2019-4-15 09:32:39.327#keyHandled#"'\"'"
2019-4-15 09:32:40.606#change#{"from":{"line":6,"ch":8,"sticky":"after"},"to":{"line":6,"ch":8,"sticky":"after"},"text":["I"],"removed":[""],"origin":"+input"}
2019-4-15 09:32:40.744#change#{"from":{"line":6,"ch":9,"sticky":null},"to":{"line":6,"ch":9,"sticky":null},"text":["N"],"removed":[""],"origin":"+input"}
2019-4-15 09:32:41.865#change#{"from":{"line":6,"ch":9,"sticky":"after"},"to":{"line":6,"ch":10,"sticky":null},"text":[""],"removed":["N"],"origin":"+delete"}
2019-4-15 09:32:41.865#keyHandled#"Backspace"
2019-4-15 09:32:43.656#change#{"from":{"line":6,"ch":9,"sticky":null},"to":{"line":6,"ch":9,"sticky":null},"text":["n"],"removed":[""],"origin":"+input"}
2019-4-15 09:32:43.863#change#{"from":{"line":6,"ch":10,"sticky":null},"to":{"line":6,"ch":10,"sticky":null},"text":["f"],"removed":[""],"origin":"+input"}
2019-4-15 09:32:43.975#change#{"from":{"line":6,"ch":11,"sticky":null},"to":{"line":6,"ch":11,"sticky":null},"text":["e"],"removed":[""],"origin":"+input"}
2019-4-15 09:32:44.183#change#{"from":{"line":6,"ch":12,"sticky":null},"to":{"line":6,"ch":12,"sticky":null},"text":["r"],"removed":[""],"origin":"+input"}
2019-4-15 09:32:44.376#change#{"from":{"line":6,"ch":13,"sticky":null},"to":{"line":6,"ch":13,"sticky":null},"text":["i"],"removed":[""],"origin":"+input"}
2019-4-15 09:32:44.617#change#{"from":{"line":6,"ch":14,"sticky":null},"to":{"line":6,"ch":14,"sticky":null},"text":["o"],"removed":[""],"origin":"+input"}
2019-4-15 09:32:44.744#change#{"from":{"line":6,"ch":15,"sticky":null},"to":{"line":6,"ch":15,"sticky":null},"text":["r"],"removed":[""],"origin":"+input"}
2019-4-15 09:32:45.745#keyHandled#"Right"
2019-4-15 09:32:45.976#keyHandled#"Right"
2019-4-15 09:32:46.389#change#{"from":{"line":6,"ch":18,"sticky":"before"},"to":{"line":6,"ch":18,"sticky":"before"},"text":["",""],"removed":[""],"origin":"+input"}
2019-4-15 09:32:46.390#change#{"from":{"line":7,"ch":0,"sticky":null},"to":{"line":7,"ch":0,"sticky":null},"text":["\t"],"removed":[""],"origin":"+input"}
2019-4-15 09:32:46.390#keyHandled#"Enter"
2019-4-15 09:32:46.393#viewportChange#0
2019-4-15 09:32:48.731#change#{"from":{"line":7,"ch":0,"sticky":"after"},"to":{"line":7,"ch":1,"sticky":null},"text":[""],"removed":["\t"],"origin":"+delete"}
2019-4-15 09:32:48.731#keyHandled#"Backspace"
2019-4-15 09:32:48.991#change#{"from":{"line":6,"ch":18,"sticky":"before"},"to":{"line":7,"ch":0,"sticky":null},"text":[""],"removed":["",""],"origin":"+delete"}
2019-4-15 09:32:48.991#keyHandled#"Backspace"
2019-4-15 09:32:48.995#viewportChange#0
2019-4-15 09:32:48.731#change#{"from":{"line":7,"ch":0,"sticky":"after"},"to":{"line":7,"ch":1,"sticky":null},"text":[""],"removed":["\t"],"origin":"+delete"}
2019-4-15 09:32:48.731#keyHandled#"Backspace"
2019-4-15 09:32:48.991#change#{"from":{"line":6,"ch":18,"sticky":"before"},"to":{"line":7,"ch":0,"sticky":null},"text":[""],"removed":["",""],"origin":"+delete"}
2019-4-15 09:32:48.991#keyHandled#"Backspace"
2019-4-15 09:32:48.995#viewportChange#0
2019-4-15 09:32:50.842#blur#
2019-4-15 09:32:52.075#saida_testar#$ python3 main.py
2019-4-15 09:32:52.075#saida_testar#$ python3 main.py
2019-4-15 09:32:58.167#saida_testar#$ python3 main.py
Superiores
2019-4-15 09:33:04.158#mousedown#{"isTrusted":true}
2019-4-15 09:33:04.252#focus#
2019-4-15 09:33:05.592#mousedown#{"isTrusted":true}
2019-4-15 09:33:56.965#mousedown#{"isTrusted":true}
2019-4-15 09:33:57.735#change#{"from":{"line":5,"ch":5,"sticky":"before","xRel":11.625},"to":{"line":5,"ch":5,"sticky":"before","xRel":11.625},"text":["",""],"removed":[""],"origin":"+input"}
2019-4-15 09:33:57.735#change#{"from":{"line":6,"ch":0,"sticky":null},"to":{"line":6,"ch":0,"sticky":null},"text":["\t"],"removed":[""],"origin":"+input"}
2019-4-15 09:33:57.735#keyHandled#"Enter"
2019-4-15 09:33:57.741#viewportChange#0
2019-4-15 09:34:00.960#change#{"from":{"line":6,"ch":1,"sticky":null},"to":{"line":6,"ch":1,"sticky":null},"text":["i"],"removed":[""],"origin":"+input"}
2019-4-15 09:34:01.105#change#{"from":{"line":6,"ch":2,"sticky":null},"to":{"line":6,"ch":2,"sticky":null},"text":["f"],"removed":[""],"origin":"+input"}
2019-4-15 09:34:02.167#change#{"from":{"line":6,"ch":3,"sticky":null},"to":{"line":6,"ch":3,"sticky":null},"text":["()"],"removed":[""],"origin":"+input"}
2019-4-15 09:34:02.167#keyHandled#"'('"
2019-4-15 09:34:04.308#change#{"from":{"line":6,"ch":4,"sticky":"after"},"to":{"line":6,"ch":4,"sticky":"after"},"text":["x"],"removed":[""],"origin":"+input"}
2019-4-15 09:34:05.994#change#{"from":{"line":6,"ch":5,"sticky":null},"to":{"line":6,"ch":5,"sticky":null},"text":["<"],"removed":[""],"origin":"+input"}
2019-4-15 09:34:07.271#change#{"from":{"line":6,"ch":6,"sticky":null},"to":{"line":6,"ch":6,"sticky":null},"text":["0"],"removed":[""],"origin":"+input"}
2019-4-15 09:34:09.019#change#{"from":{"line":6,"ch":7,"sticky":null},"to":{"line":6,"ch":7,"sticky":null},"text":[","],"removed":[""],"origin":"+input"}
2019-4-15 09:34:10.737#change#{"from":{"line":6,"ch":8,"sticky":null},"to":{"line":6,"ch":8,"sticky":null},"text":["y"],"removed":[""],"origin":"+input"}
2019-4-15 09:34:11.639#change#{"from":{"line":6,"ch":9,"sticky":null},"to":{"line":6,"ch":9,"sticky":null},"text":["<"],"removed":[""],"origin":"+input"}
2019-4-15 09:34:13.336#change#{"from":{"line":6,"ch":10,"sticky":null},"to":{"line":6,"ch":10,"sticky":null},"text":["0"],"removed":[""],"origin":"+input"}
2019-4-15 09:34:14.756#mousedown#{"isTrusted":true}
2019-4-15 09:34:15.633#change#{"from":{"line":6,"ch":12,"sticky":"before","xRel":1.421875},"to":{"line":6,"ch":12,"sticky":"before","xRel":1.421875},"text":[":"],"removed":[""],"origin":"+input"}
2019-4-15 09:34:17.569#mousedown#{"isTrusted":true}
2019-4-15 09:34:18.609#change#{"from":{"line":7,"ch":1,"sticky":"after","xRel":0.09375},"to":{"line":7,"ch":1,"sticky":"after","xRel":0.09375},"text":["\t"],"removed":[""],"origin":"+input"}
2019-4-15 09:34:18.609#keyHandled#"Tab"
2019-4-15 09:34:18.609#change#{"from":{"line":7,"ch":1,"sticky":"after","xRel":0.09375},"to":{"line":7,"ch":1,"sticky":"after","xRel":0.09375},"text":["\t"],"removed":[""],"origin":"+input"}
2019-4-15 09:34:18.609#keyHandled#"Tab"
2019-4-15 09:34:21.035#blur#
2019-4-15 09:34:22.299#saida_testar#$ python3 main.py
2019-4-15 09:41:44.043#mousedown#{"isTrusted":true}
2019-4-15 09:41:44.049#focus#
2019-4-15 09:41:56.858#blur#
2019-4-15 09:42:13.345#mousedown#{"isTrusted":true}
2019-4-15 09:42:13.348#focus#
2019-4-15 09:42:29.531#blur#
2019-4-15 09:42:30.032#saida_testar#$ python3 main.py
2019-4-15 09:42:30.032#saida_testar#$ python3 main.py
2019-4-15 09:42:44.485#saida_testar#$ python3 main.py
2019-4-15 09:42:55.791#mousedown#{"isTrusted":true}
2019-4-15 09:42:55.911#focus#
2019-4-15 09:42:57.241#change#{"from":{"line":3,"ch":3,"sticky":"before","xRel":-1.984375},"to":{"line":3,"ch":3,"sticky":"before","xRel":-1.984375},"text":["("],"removed":[""],"origin":"+input"}
2019-4-15 09:42:58.691#mousedown#{"isTrusted":true}
2019-4-15 09:42:59.486#change#{"from":{"line":3,"ch":7,"sticky":"after","xRel":1.25},"to":{"line":3,"ch":7,"sticky":"after","xRel":1.25},"text":[")"],"removed":[""],"origin":"+input"}
2019-4-15 09:43:00.746#mousedown#{"isTrusted":true}
2019-4-15 09:43:01.735#change#{"from":{"line":3,"ch":9,"sticky":"before","xRel":-2.90625},"to":{"line":3,"ch":9,"sticky":"before","xRel":-2.90625},"text":["("],"removed":[""],"origin":"+input"}
2019-4-15 09:43:03.143#mousedown#{"isTrusted":true}
2019-4-15 09:43:03.804#keyHandled#"')'"
2019-4-15 09:43:05.953#mousedown#{"isTrusted":true}
2019-4-15 09:43:06.963#change#{"from":{"line":6,"ch":4,"sticky":"before","xRel":-2.078125},"to":{"line":6,"ch":4,"sticky":"before","xRel":-2.078125},"text":["("],"removed":[""],"origin":"+input"}
2019-4-15 09:43:08.424#mousedown#{"isTrusted":true}
2019-4-15 09:43:09.124#change#{"from":{"line":6,"ch":8,"sticky":"after","xRel":3.15625},"to":{"line":6,"ch":8,"sticky":"after","xRel":3.15625},"text":[")"],"removed":[""],"origin":"+input"}
2019-4-15 09:43:10.325#mousedown#{"isTrusted":true}
2019-4-15 09:43:11.050#change#{"from":{"line":6,"ch":10,"sticky":"before","xRel":-1.90625},"to":{"line":6,"ch":10,"sticky":"before","xRel":-1.90625},"text":["("],"removed":[""],"origin":"+input"}
2019-4-15 09:43:12.443#mousedown#{"isTrusted":true}
2019-4-15 09:43:13.055#keyHandled#"')'"
2019-4-15 09:43:17.040#blur#
2019-4-15 09:43:17.040#blur#
2019-4-15 09:43:17.040#blur#
2019-4-15 09:43:29.758#mousedown#{"isTrusted":true}
2019-4-15 09:43:29.772#focus#
2019-4-15 09:43:31.808#copy#{"isTrusted":true}
2019-4-15 09:43:32.713#blur#
2019-4-15 09:43:33.345#mousedown#{"isTrusted":true}
2019-4-15 09:43:33.448#focus#
2019-4-15 09:43:33.451#blur#
2019-4-15 09:43:33.514#focus#
2019-4-15 09:43:35.209#saida_testar#$ python3 main.py
:-2
:-8
Superiores
2019-4-15 09:43:35.370#blur#
2019-4-15 09:43:35.394#mousedown#{"isTrusted":true}
2019-4-15 09:43:35.525#focus#
2019-4-15 09:43:40.842#mousedown#{"isTrusted":true}
2019-4-15 09:43:42.036#change#{"from":{"line":6,"ch":15,"sticky":"before","xRel":-1.90625},"to":{"line":6,"ch":15,"sticky":"before","xRel":-1.90625},"text":[")"],"removed":[""],"origin":"+input"}
2019-4-15 09:43:42.036#change#{"from":{"line":6,"ch":15,"sticky":"before","xRel":-1.90625},"to":{"line":6,"ch":15,"sticky":"before","xRel":-1.90625},"text":[")"],"removed":[""],"origin":"+input"}
2019-4-15 09:43:43.922#blur#
2019-4-15 09:43:43.991#saida_testar#$ python3 main.py
File "main.py", line 4
if((x>0),(y>0):
SyntaxError: invalid syntax
2019-4-15 09:43:53.051#mousedown#{"isTrusted":true}
2019-4-15 09:43:53.126#focus#
2019-4-15 09:43:54.256#change#{"from":{"line":3,"ch":14,"sticky":"after","xRel":0.09375},"to":{"line":3,"ch":14,"sticky":"after","xRel":0.09375},"text":[")"],"removed":[""],"origin":"+input"}
2019-4-15 09:43:54.256#change#{"from":{"line":3,"ch":14,"sticky":"after","xRel":0.09375},"to":{"line":3,"ch":14,"sticky":"after","xRel":0.09375},"text":[")"],"removed":[""],"origin":"+input"}
2019-4-15 09:43:56.997#saida_testar#$ python3 main.py
File "main.py", line 4
if((x>0),(y>0):
SyntaxError: invalid syntax
2019-4-15 09:43:59.977#blur#
2019-4-15 09:43:59.977#blur#
2019-4-15 09:44:01.916#saida_testar#$ python3 main.py
2019-4-15 09:44:10.741#mousedown#{"isTrusted":true}
2019-4-15 09:44:10.837#focus#
2019-4-15 09:44:39.366#mousedown#{"isTrusted":true}
2019-4-15 09:44:40.365#mousedown#{"isTrusted":true}
2019-4-15 09:44:49.135#mousedown#{"isTrusted":true}
2019-4-15 09:44:50.088#change#{"from":{"line":6,"ch":9,"sticky":"after"},"to":{"line":6,"ch":10,"sticky":"after","xRel":0.09375},"text":[""],"removed":[","],"origin":"+delete"}
2019-4-15 09:44:50.088#keyHandled#"Backspace"
2019-4-15 09:44:51.804#change#{"from":{"line":6,"ch":9,"sticky":null},"to":{"line":6,"ch":9,"sticky":null},"text":["a"],"removed":[""],"origin":"+input"}
2019-4-15 09:44:51.942#change#{"from":{"line":6,"ch":10,"sticky":null},"to":{"line":6,"ch":10,"sticky":null},"text":["n"],"removed":[""],"origin":"+input"}
2019-4-15 09:44:52.088#change#{"from":{"line":6,"ch":11,"sticky":null},"to":{"line":6,"ch":11,"sticky":null},"text":["d"],"removed":[""],"origin":"+input"}
2019-4-15 09:54:01.699#mousedown#{"isTrusted":true}
2019-4-15 09:54:01.707#focus#
2019-4-15 09:54:11.643#change#{"from":{"line":3,"ch":0,"sticky":"after","xRel":0.09375},"to":{"line":7,"ch":19,"sticky":"before","xRel":14.078125},"text":[""],"removed":["if((x>0),(y>0)):","\tprint(\"Superiores\")","else:","\tif((x<0)and(y<0)):","\t\tprint(\"Inferior\")"],"origin":"+delete"}
2019-4-15 09:54:11.643#keyHandled#"Backspace"
2019-4-15 09:54:11.659#viewportChange#0
2019-4-15 09:54:28.666#blur#
2019-4-15 09:54:28.941#focus#
2019-4-15 09:54:30.587#blur#
2019-4-15 10:10:17.432#focus#
2019-4-15 10:10:28.785#blur#
2019-4-15 10:17:58.709#focus#
2019-4-15 10:17:59.811#mousedown#{"isTrusted":true}
2019-4-15 10:18:01.247#blur#
2019-4-15 10:37:57.714#mousedown#{"isTrusted":true}
2019-4-15 10:37:57.717#focus#
2019-4-15 10:37:58.673#blur#
2019-4-15 10:38:04.696#focus#
2019-4-15 10:38:09.442#change#{"from":{"line":3,"ch":0,"sticky":"after","xRel":43.09375},"to":{"line":3,"ch":0,"sticky":"after","xRel":43.09375},"text":["i"],"removed":[""],"origin":"+input"}
2019-4-15 10:38:09.575#change#{"from":{"line":3,"ch":1,"sticky":null},"to":{"line":3,"ch":1,"sticky":null},"text":["f"],"removed":[""],"origin":"+input"}
2019-4-15 10:38:10.529#change#{"from":{"line":3,"ch":2,"sticky":null},"to":{"line":3,"ch":2,"sticky":null},"text":["()"],"removed":[""],"origin":"+input"}
2019-4-15 10:38:10.529#keyHandled#"'('"
2019-4-15 10:38:15.633#change#{"from":{"line":3,"ch":3,"sticky":"after"},"to":{"line":3,"ch":3,"sticky":"after"},"text":["y"],"removed":[""],"origin":"+input"}
2019-4-15 10:38:18.433#change#{"from":{"line":3,"ch":4,"sticky":null},"to":{"line":3,"ch":4,"sticky":null},"text":[">"],"removed":[""],"origin":"+input"}
2019-4-15 10:38:19.261#change#{"from":{"line":3,"ch":5,"sticky":null},"to":{"line":3,"ch":5,"sticky":null},"text":["0"],"removed":[""],"origin":"+input"}
2019-4-15 10:38:20.074#keyHandled#"Right"
2019-4-15 10:38:20.534#change#{"from":{"line":3,"ch":7,"sticky":"before"},"to":{"line":3,"ch":7,"sticky":"before"},"text":[":"],"removed":[""],"origin":"+input"}
2019-4-15 10:38:20.742#change#{"from":{"line":3,"ch":8,"sticky":null},"to":{"line":3,"ch":8,"sticky":null},"text":["",""],"removed":[""],"origin":"+input"}
2019-4-15 10:38:20.742#change#{"from":{"line":4,"ch":0,"sticky":null},"to":{"line":4,"ch":0,"sticky":null},"text":["\t"],"removed":[""],"origin":"+input"}
2019-4-15 10:38:20.742#keyHandled#"Enter"
2019-4-15 10:38:20.746#viewportChange#0
2019-4-15 10:38:21.639#change#{"from":{"line":4,"ch":1,"sticky":null},"to":{"line":4,"ch":1,"sticky":null},"text":["p"],"removed":[""],"origin":"+input"}
2019-4-15 10:38:21.863#change#{"from":{"line":4,"ch":2,"sticky":null},"to":{"line":4,"ch":2,"sticky":null},"text":["r"],"removed":[""],"origin":"+input"}
2019-4-15 10:38:21.964#change#{"from":{"line":4,"ch":3,"sticky":null},"to":{"line":4,"ch":3,"sticky":null},"text":["i"],"removed":[""],"origin":"+input"}
2019-4-15 10:38:22.066#change#{"from":{"line":4,"ch":4,"sticky":null},"to":{"line":4,"ch":4,"sticky":null},"text":["n"],"removed":[""],"origin":"+input"}
2019-4-15 10:38:22.177#change#{"from":{"line":4,"ch":5,"sticky":null},"to":{"line":4,"ch":5,"sticky":null},"text":["t"],"removed":[""],"origin":"+input"}
2019-4-15 10:38:24.925#change#{"from":{"line":4,"ch":7,"sticky":"after"},"to":{"line":4,"ch":7,"sticky":"after"},"text":["\"\""],"removed":[""],"origin":"+input"}
2019-4-15 10:38:24.925#keyHandled#"'\"'"
2019-4-15 10:38:27.259#blur#
2019-4-15 10:38:32.390#mousedown#{"isTrusted":true}
2019-4-15 10:38:32.395#focus#
2019-4-15 10:38:33.193#change#{"from":{"line":4,"ch":8,"sticky":"after"},"to":{"line":4,"ch":8,"sticky":"after"},"text":["Superiores"],"removed":[""],"origin":"paste"}
2019-4-15 10:38:34.273#mousedown#{"isTrusted":true}
2019-4-15 10:38:34.785#change#{"from":{"line":4,"ch":20,"sticky":"before","xRel":6.78125},"to":{"line":4,"ch":20,"sticky":"before","xRel":6.78125},"text":["",""],"removed":[""],"origin":"+input"}
2019-4-15 10:38:34.785#change#{"from":{"line":5,"ch":0,"sticky":null},"to":{"line":5,"ch":0,"sticky":null},"text":["\t"],"removed":[""],"origin":"+input"}
2019-4-15 10:38:34.785#keyHandled#"Enter"
2019-4-15 10:38:34.791#viewportChange#0
2019-4-15 10:38:35.225#change#{"from":{"line":5,"ch":0,"sticky":"after"},"to":{"line":5,"ch":1,"sticky":null},"text":[""],"removed":["\t"],"origin":"+delete"}
2019-4-15 10:38:35.225#keyHandled#"Backspace"
2019-4-15 10:38:36.009#change#{"from":{"line":5,"ch":0,"sticky":null},"to":{"line":5,"ch":0,"sticky":null},"text":["e"],"removed":[""],"origin":"+input"}
2019-4-15 10:38:36.134#change#{"from":{"line":5,"ch":1,"sticky":null},"to":{"line":5,"ch":1,"sticky":null},"text":["l"],"removed":[""],"origin":"+input"}
2019-4-15 10:38:36.257#change#{"from":{"line":5,"ch":2,"sticky":null},"to":{"line":5,"ch":2,"sticky":null},"text":["s"],"removed":[""],"origin":"+input"}
2019-4-15 10:38:36.380#change#{"from":{"line":5,"ch":3,"sticky":null},"to":{"line":5,"ch":3,"sticky":null},"text":["e"],"removed":[""],"origin":"+input"}
2019-4-15 10:38:36.975#change#{"from":{"line":5,"ch":4,"sticky":null},"to":{"line":5,"ch":4,"sticky":null},"text":[":"],"removed":[""],"origin":"+input"}
2019-4-15 10:38:37.274#change#{"from":{"line":5,"ch":5,"sticky":null},"to":{"line":5,"ch":5,"sticky":null},"text":["",""],"removed":[""],"origin":"+input"}
2019-4-15 10:38:37.274#change#{"from":{"line":6,"ch":0,"sticky":null},"to":{"line":6,"ch":0,"sticky":null},"text":["\t"],"removed":[""],"origin":"+input"}
2019-4-15 10:38:37.274#keyHandled#"Enter"
2019-4-15 10:38:37.278#viewportChange#0
2019-4-15 10:38:38.278#change#{"from":{"line":6,"ch":1,"sticky":null},"to":{"line":6,"ch":1,"sticky":null},"text":["p"],"removed":[""],"origin":"+input"}
2019-4-15 10:38:38.507#change#{"from":{"line":6,"ch":2,"sticky":null},"to":{"line":6,"ch":2,"sticky":null},"text":["r"],"removed":[""],"origin":"+input"}
2019-4-15 10:38:38.664#change#{"from":{"line":6,"ch":3,"sticky":null},"to":{"line":6,"ch":3,"sticky":null},"text":["i"],"removed":[""],"origin":"+input"}
2019-4-15 10:38:38.734#change#{"from":{"line":6,"ch":4,"sticky":null},"to":{"line":6,"ch":4,"sticky":null},"text":["n"],"removed":[""],"origin":"+input"}
2019-4-15 10:38:38.866#change#{"from":{"line":6,"ch":5,"sticky":null},"to":{"line":6,"ch":5,"sticky":null},"text":["t"],"removed":[""],"origin":"+input"}
2019-4-15 10:38:39.881#change#{"from":{"line":6,"ch":6,"sticky":null},"to":{"line":6,"ch":6,"sticky":null},"text":["()"],"removed":[""],"origin":"+input"}
2019-4-15 10:38:39.881#keyHandled#"'('"
2019-4-15 10:38:42.627#change#{"from":{"line":6,"ch":7,"sticky":"after"},"to":{"line":6,"ch":7,"sticky":"after"},"text":["\"\""],"removed":[""],"origin":"+input"}
2019-4-15 10:38:42.627#keyHandled#"'\"'"
2019-4-15 10:38:44.697#blur#
2019-4-15 10:38:48.345#mousedown#{"isTrusted":true}
2019-4-15 10:38:48.351#focus#
2019-4-15 10:38:49.131#change#{"from":{"line":6,"ch":8,"sticky":"after"},"to":{"line":6,"ch":8,"sticky":"after"},"text":["Inferiores"],"removed":[""],"origin":"paste"}
2019-4-15 10:38:50.155#mousedown#{"isTrusted":true}
2019-4-15 10:38:50.155#mousedown#{"isTrusted":true}
2019-4-15 10:38:52.124#blur#
2019-4-15 10:38:53.440#saida_testar#$ python3 main.py
