2019-4-29 08:52:20.853#viewportChange#0
2019-4-29 09:17:36.705#mousedown#{"isTrusted":true}
2019-4-29 09:17:36.712#focus#
2019-4-29 09:18:15.951#blur#
2019-4-29 09:18:28.994#mousedown#{"isTrusted":true}
2019-4-29 09:18:29.000#focus#
2019-4-29 09:18:36.706#blur#
2019-4-29 09:18:40.980#mousedown#{"isTrusted":true}
2019-4-29 09:18:40.984#focus#
2019-4-29 09:18:41.691#change#{"from":{"line":0,"ch":0,"sticky":"after","xRel":44.09375},"to":{"line":0,"ch":0,"sticky":"after","xRel":44.09375},"text":["distância entre os olhos"],"removed":[""],"origin":"paste"}
2019-4-29 09:18:43.091#mousedown#{"isTrusted":true}
2019-4-29 09:18:44.083#change#{"from":{"line":0,"ch":4,"sticky":"after"},"to":{"line":0,"ch":5,"sticky":"after","xRel":0.109375},"text":[""],"removed":["â"],"origin":"+delete"}
2019-4-29 09:18:44.083#keyHandled#"Backspace"
2019-4-29 09:18:45.089#change#{"from":{"line":0,"ch":4,"sticky":null},"to":{"line":0,"ch":4,"sticky":null},"text":["a"],"removed":[""],"origin":"+input"}
2019-4-29 09:18:46.966#mousedown#{"isTrusted":true}
2019-4-29 09:18:47.287#change#{"from":{"line":0,"ch":9,"sticky":"after"},"to":{"line":0,"ch":10,"sticky":"after","xRel":1.109375},"text":[""],"removed":[" "],"origin":"+delete"}
2019-4-29 09:18:47.287#keyHandled#"Backspace"
2019-4-29 09:18:48.449#change#{"from":{"line":0,"ch":9,"sticky":null},"to":{"line":0,"ch":9,"sticky":null},"text":["_"],"removed":[""],"origin":"+input"}
2019-4-29 09:18:49.813#mousedown#{"isTrusted":true}
2019-4-29 09:18:50.185#change#{"from":{"line":0,"ch":15,"sticky":"after"},"to":{"line":0,"ch":16,"sticky":"after","xRel":3.109375},"text":[""],"removed":[" "],"origin":"+delete"}
2019-4-29 09:18:50.185#keyHandled#"Backspace"
2019-4-29 09:18:51.102#change#{"from":{"line":0,"ch":15,"sticky":null},"to":{"line":0,"ch":15,"sticky":null},"text":["_"],"removed":[""],"origin":"+input"}
2019-4-29 09:18:52.396#mousedown#{"isTrusted":true}
2019-4-29 09:18:52.670#change#{"from":{"line":0,"ch":18,"sticky":"after"},"to":{"line":0,"ch":19,"sticky":"after","xRel":3.109375},"text":[""],"removed":[" "],"origin":"+delete"}
2019-4-29 09:18:52.670#keyHandled#"Backspace"
2019-4-29 09:18:53.645#change#{"from":{"line":0,"ch":18,"sticky":null},"to":{"line":0,"ch":18,"sticky":null},"text":["_"],"removed":[""],"origin":"+input"}
2019-4-29 09:18:55.084#mousedown#{"isTrusted":true}
2019-4-29 09:18:56.277#change#{"from":{"line":0,"ch":24,"sticky":"before","xRel":2.375},"to":{"line":0,"ch":24,"sticky":"before","xRel":2.375},"text":["''"],"removed":[""],"origin":"+input"}
2019-4-29 09:18:56.277#keyHandled#"'''"
2019-4-29 09:18:56.800#change#{"from":{"line":0,"ch":24,"sticky":null},"to":{"line":0,"ch":26,"sticky":null},"text":[""],"removed":["''"],"origin":"+delete"}
2019-4-29 09:18:56.800#keyHandled#"Backspace"
2019-4-29 09:18:56.978#change#{"from":{"line":0,"ch":24,"sticky":null},"to":{"line":0,"ch":24,"sticky":null},"text":["1"],"removed":[""],"origin":"+input"}
2019-4-29 09:18:59.805#change#{"from":{"line":0,"ch":25,"sticky":null},"to":{"line":0,"ch":25,"sticky":null},"text":["="],"removed":[""],"origin":"+input"}
2019-4-29 09:19:09.375#change#{"from":{"line":0,"ch":26,"sticky":null},"to":{"line":0,"ch":26,"sticky":null},"text":["f"],"removed":[""],"origin":"+input"}
2019-4-29 09:19:09.494#change#{"from":{"line":0,"ch":27,"sticky":null},"to":{"line":0,"ch":27,"sticky":null},"text":["l"],"removed":[""],"origin":"+input"}
2019-4-29 09:19:09.705#change#{"from":{"line":0,"ch":28,"sticky":null},"to":{"line":0,"ch":28,"sticky":null},"text":["o"],"removed":[""],"origin":"+input"}
2019-4-29 09:19:09.886#change#{"from":{"line":0,"ch":29,"sticky":null},"to":{"line":0,"ch":29,"sticky":null},"text":["a"],"removed":[""],"origin":"+input"}
2019-4-29 09:19:10.808#change#{"from":{"line":0,"ch":30,"sticky":null},"to":{"line":0,"ch":30,"sticky":null},"text":["t"],"removed":[""],"origin":"+input"}
2019-4-29 09:19:11.870#change#{"from":{"line":0,"ch":31,"sticky":null},"to":{"line":0,"ch":31,"sticky":null},"text":["()"],"removed":[""],"origin":"+input"}
2019-4-29 09:19:11.870#keyHandled#"'('"
2019-4-29 09:19:12.578#change#{"from":{"line":0,"ch":32,"sticky":"after"},"to":{"line":0,"ch":32,"sticky":"after"},"text":["i"],"removed":[""],"origin":"+input"}
2019-4-29 09:19:12.689#change#{"from":{"line":0,"ch":33,"sticky":null},"to":{"line":0,"ch":33,"sticky":null},"text":["n"],"removed":[""],"origin":"+input"}
2019-4-29 09:19:12.840#change#{"from":{"line":0,"ch":34,"sticky":null},"to":{"line":0,"ch":34,"sticky":null},"text":["p"],"removed":[""],"origin":"+input"}
2019-4-29 09:19:13.054#change#{"from":{"line":0,"ch":35,"sticky":null},"to":{"line":0,"ch":35,"sticky":null},"text":["u"],"removed":[""],"origin":"+input"}
2019-4-29 09:19:13.210#change#{"from":{"line":0,"ch":36,"sticky":null},"to":{"line":0,"ch":36,"sticky":null},"text":["t"],"removed":[""],"origin":"+input"}
2019-4-29 09:19:14.086#change#{"from":{"line":0,"ch":37,"sticky":null},"to":{"line":0,"ch":37,"sticky":null},"text":["()"],"removed":[""],"origin":"+input"}
2019-4-29 09:19:14.086#keyHandled#"'('"
2019-4-29 09:19:14.867#change#{"from":{"line":0,"ch":38,"sticky":"after"},"to":{"line":0,"ch":38,"sticky":"after"},"text":["\"\""],"removed":[""],"origin":"+input"}
2019-4-29 09:19:14.867#keyHandled#"'\"'"
2019-4-29 09:19:15.690#change#{"from":{"line":0,"ch":39,"sticky":"after"},"to":{"line":0,"ch":39,"sticky":"after"},"text":[":"],"removed":[""],"origin":"+input"}
2019-4-29 09:19:16.216#keyHandled#"Right"
2019-4-29 09:19:16.410#keyHandled#"Right"
2019-4-29 09:19:17.322#keyHandled#"Right"
2019-4-29 09:19:18.302#change#{"from":{"line":0,"ch":43,"sticky":"before"},"to":{"line":0,"ch":43,"sticky":"before"},"text":["",""],"removed":[""],"origin":"+input"}
2019-4-29 09:19:18.302#keyHandled#"Enter"
2019-4-29 09:19:18.305#viewportChange#0
2019-4-29 09:19:20.564#blur#
2019-4-29 09:19:32.811#mousedown#{"isTrusted":true}
2019-4-29 09:19:32.817#focus#
2019-4-29 09:19:33.846#change#{"from":{"line":1,"ch":0,"sticky":"after","xRel":16.109375},"to":{"line":1,"ch":0,"sticky":"after","xRel":16.109375},"text":["distância entre o nariz e o queixo, da Image"],"removed":[""],"origin":"paste"}
2019-4-29 09:19:35.545#mousedown#{"isTrusted":true}
2019-4-29 09:19:35.790#mousedown#{"isTrusted":true}
2019-4-29 09:19:36.007#dblclick#{"isTrusted":true}
2019-4-29 09:19:36.448#mousedown#{"isTrusted":true}
2019-4-29 09:19:37.341#mousedown#{"isTrusted":true}
2019-4-29 09:19:38.396#change#{"from":{"line":1,"ch":34,"sticky":"after","xRel":2.109375},"to":{"line":1,"ch":44,"sticky":"before","xRel":0.5625},"text":[""],"removed":[", da Image"],"origin":"+delete"}
2019-4-29 09:19:38.396#keyHandled#"Backspace"
2019-4-29 09:19:40.863#mousedown#{"isTrusted":true}
2019-4-29 09:19:41.697#change#{"from":{"line":1,"ch":4,"sticky":"after"},"to":{"line":1,"ch":5,"sticky":"before","xRel":-1.890625},"text":[""],"removed":["â"],"origin":"+delete"}
2019-4-29 09:19:41.697#keyHandled#"Backspace"
2019-4-29 09:19:41.943#change#{"from":{"line":1,"ch":4,"sticky":null},"to":{"line":1,"ch":4,"sticky":null},"text":["a"],"removed":[""],"origin":"+input"}
2019-4-29 09:19:43.442#mousedown#{"isTrusted":true}
2019-4-29 09:19:43.587#change#{"from":{"line":1,"ch":9,"sticky":"after"},"to":{"line":1,"ch":10,"sticky":"before","xRel":-1.84375},"text":[""],"removed":[" "],"origin":"+delete"}
2019-4-29 09:19:43.587#keyHandled#"Backspace"
2019-4-29 09:19:45.059#change#{"from":{"line":1,"ch":9,"sticky":null},"to":{"line":1,"ch":9,"sticky":null},"text":["_"],"removed":[""],"origin":"+input"}
2019-4-29 09:19:46.492#mousedown#{"isTrusted":true}
2019-4-29 09:19:46.781#change#{"from":{"line":1,"ch":15,"sticky":"after"},"to":{"line":1,"ch":16,"sticky":"before","xRel":-2.03125},"text":[""],"removed":[" "],"origin":"+delete"}
2019-4-29 09:19:46.781#keyHandled#"Backspace"
2019-4-29 09:19:47.640#change#{"from":{"line":1,"ch":15,"sticky":null},"to":{"line":1,"ch":15,"sticky":null},"text":["_"],"removed":[""],"origin":"+input"}
2019-4-29 09:19:49.015#mousedown#{"isTrusted":true}
2019-4-29 09:19:49.984#mousedown#{"isTrusted":true}
2019-4-29 09:19:50.267#change#{"from":{"line":1,"ch":17,"sticky":"after"},"to":{"line":1,"ch":18,"sticky":"after","xRel":2.109375},"text":[""],"removed":[" "],"origin":"+delete"}
2019-4-29 09:19:50.267#keyHandled#"Backspace"
2019-4-29 09:19:51.241#change#{"from":{"line":1,"ch":17,"sticky":null},"to":{"line":1,"ch":17,"sticky":null},"text":["_"],"removed":[""],"origin":"+input"}
2019-4-29 09:19:52.903#mousedown#{"isTrusted":true}
2019-4-29 09:19:53.285#change#{"from":{"line":1,"ch":23,"sticky":"after"},"to":{"line":1,"ch":24,"sticky":"after","xRel":2.390625},"text":[""],"removed":[" "],"origin":"+delete"}
2019-4-29 09:19:53.285#keyHandled#"Backspace"
2019-4-29 09:19:54.348#change#{"from":{"line":1,"ch":23,"sticky":null},"to":{"line":1,"ch":23,"sticky":null},"text":["_"],"removed":[""],"origin":"+input"}
2019-4-29 09:19:56.030#mousedown#{"isTrusted":true}
2019-4-29 09:19:56.396#change#{"from":{"line":1,"ch":25,"sticky":"after"},"to":{"line":1,"ch":26,"sticky":"after","xRel":3},"text":[""],"removed":[" "],"origin":"+delete"}
2019-4-29 09:19:56.396#keyHandled#"Backspace"
2019-4-29 09:19:57.335#change#{"from":{"line":1,"ch":25,"sticky":null},"to":{"line":1,"ch":25,"sticky":null},"text":["_"],"removed":[""],"origin":"+input"}
2019-4-29 09:19:58.704#mousedown#{"isTrusted":true}
2019-4-29 09:19:59.221#change#{"from":{"line":1,"ch":27,"sticky":"after"},"to":{"line":1,"ch":28,"sticky":"after","xRel":2.109375},"text":[""],"removed":[" "],"origin":"+delete"}
2019-4-29 09:19:59.221#keyHandled#"Backspace"
2019-4-29 09:20:00.203#change#{"from":{"line":1,"ch":27,"sticky":null},"to":{"line":1,"ch":27,"sticky":null},"text":["_"],"removed":[""],"origin":"+input"}
2019-4-29 09:20:01.496#mousedown#{"isTrusted":true}
2019-4-29 09:20:03.111#change#{"from":{"line":1,"ch":34,"sticky":"before","xRel":29.40625},"to":{"line":1,"ch":34,"sticky":"before","xRel":29.40625},"text":["1"],"removed":[""],"origin":"+input"}
2019-4-29 09:20:04.799#change#{"from":{"line":1,"ch":35,"sticky":null},"to":{"line":1,"ch":35,"sticky":null},"text":["="],"removed":[""],"origin":"+input"}
2019-4-29 09:20:07.139#blur#
2019-4-29 09:20:08.543#mousedown#{"isTrusted":true}
2019-4-29 09:20:08.553#focus#
2019-4-29 09:20:11.066#copy#{"isTrusted":true}
2019-4-29 09:20:12.931#mousedown#{"isTrusted":true}
2019-4-29 09:20:13.942#change#{"from":{"line":1,"ch":36,"sticky":"before","xRel":3.03125},"to":{"line":1,"ch":36,"sticky":"before","xRel":3.03125},"text":["float(input(\":\"))"],"removed":[""],"origin":"paste"}
2019-4-29 09:20:16.027#change#{"from":{"line":1,"ch":53,"sticky":null},"to":{"line":1,"ch":53,"sticky":null},"text":["",""],"removed":[""],"origin":"+input"}
2019-4-29 09:20:16.027#keyHandled#"Enter"
2019-4-29 09:20:16.032#viewportChange#0
2019-4-29 09:20:21.709#blur#
2019-4-29 09:20:26.163#mousedown#{"isTrusted":true}
2019-4-29 09:20:26.171#focus#
2019-4-29 09:20:27.217#change#{"from":{"line":2,"ch":0,"sticky":"after","xRel":28.109375},"to":{"line":2,"ch":0,"sticky":"after","xRel":28.109375},"text":["distância entre os olhos"],"removed":[""],"origin":"paste"}
2019-4-29 09:20:28.606#mousedown#{"isTrusted":true}
2019-4-29 09:20:28.880#change#{"from":{"line":2,"ch":4,"sticky":"after"},"to":{"line":2,"ch":5,"sticky":"after","xRel":1.109375},"text":[""],"removed":["â"],"origin":"+delete"}
2019-4-29 09:20:28.880#keyHandled#"Backspace"
2019-4-29 09:20:29.955#change#{"from":{"line":2,"ch":4,"sticky":null},"to":{"line":2,"ch":4,"sticky":null},"text":["a"],"removed":[""],"origin":"+input"}
2019-4-29 09:20:31.754#mousedown#{"isTrusted":true}
2019-4-29 09:20:32.101#change#{"from":{"line":2,"ch":9,"sticky":"after"},"to":{"line":2,"ch":10,"sticky":"after","xRel":0.109375},"text":[""],"removed":[" "],"origin":"+delete"}
2019-4-29 09:20:32.101#keyHandled#"Backspace"
2019-4-29 09:20:32.767#change#{"from":{"line":2,"ch":9,"sticky":null},"to":{"line":2,"ch":9,"sticky":null},"text":["_"],"removed":[""],"origin":"+input"}
2019-4-29 09:20:34.106#mousedown#{"isTrusted":true}
2019-4-29 09:20:34.358#change#{"from":{"line":2,"ch":15,"sticky":"after"},"to":{"line":2,"ch":16,"sticky":"before","xRel":-0.03125},"text":[""],"removed":[" "],"origin":"+delete"}
2019-4-29 09:20:34.358#keyHandled#"Backspace"
2019-4-29 09:20:35.246#change#{"from":{"line":2,"ch":15,"sticky":null},"to":{"line":2,"ch":15,"sticky":null},"text":["_"],"removed":[""],"origin":"+input"}
2019-4-29 09:20:36.925#mousedown#{"isTrusted":true}
2019-4-29 09:20:37.385#change#{"from":{"line":2,"ch":18,"sticky":"after"},"to":{"line":2,"ch":19,"sticky":"before","xRel":-2.125},"text":[""],"removed":[" "],"origin":"+delete"}
2019-4-29 09:20:37.385#keyHandled#"Backspace"
2019-4-29 09:20:38.274#change#{"from":{"line":2,"ch":18,"sticky":null},"to":{"line":2,"ch":18,"sticky":null},"text":["_"],"removed":[""],"origin":"+input"}
2019-4-29 09:20:39.484#mousedown#{"isTrusted":true}
2019-4-29 09:20:40.496#change#{"from":{"line":2,"ch":24,"sticky":"before","xRel":7.375},"to":{"line":2,"ch":24,"sticky":"before","xRel":7.375},"text":["2"],"removed":[""],"origin":"+input"}
2019-4-29 09:20:43.483#change#{"from":{"line":2,"ch":25,"sticky":null},"to":{"line":2,"ch":25,"sticky":null},"text":["="],"removed":[""],"origin":"+input"}
2019-4-29 09:20:45.163#mousedown#{"isTrusted":true}
2019-4-29 09:20:46.283#copy#{"isTrusted":true}
2019-4-29 09:20:47.371#mousedown#{"isTrusted":true}
2019-4-29 09:20:48.272#mousedown#{"isTrusted":true}
2019-4-29 09:20:48.280#change#{"from":{"line":2,"ch":26,"sticky":null,"xRel":1,"outside":true},"to":{"line":2,"ch":26,"sticky":null,"xRel":1,"outside":true},"text":["float(input(\":\"))"],"removed":[""],"origin":"paste"}
2019-4-29 09:20:51.790#change#{"from":{"line":2,"ch":43,"sticky":null},"to":{"line":2,"ch":43,"sticky":null},"text":["",""],"removed":[""],"origin":"+input"}
2019-4-29 09:20:51.790#keyHandled#"Enter"
2019-4-29 09:20:51.793#viewportChange#0
2019-4-29 09:20:53.473#mousedown#{"isTrusted":true}
2019-4-29 09:20:55.164#copy#{"isTrusted":true}
2019-4-29 09:20:56.402#mousedown#{"isTrusted":true}
2019-4-29 09:20:57.362#change#{"from":{"line":3,"ch":0,"sticky":"after","xRel":32.109375},"to":{"line":3,"ch":0,"sticky":"after","xRel":32.109375},"text":["distancia_entre_o_nariz_e_o_queixo1=float(input(\":\"))"],"removed":[""],"origin":"paste"}
2019-4-29 09:20:59.710#mousedown#{"isTrusted":true}
2019-4-29 09:21:00.558#change#{"from":{"line":3,"ch":34,"sticky":"after"},"to":{"line":3,"ch":35,"sticky":"before","xRel":-0.890625},"text":[""],"removed":["1"],"origin":"+delete"}
2019-4-29 09:21:00.558#keyHandled#"Backspace"
2019-4-29 09:21:00.755#change#{"from":{"line":3,"ch":34,"sticky":null},"to":{"line":3,"ch":34,"sticky":null},"text":["2"],"removed":[""],"origin":"+input"}
2019-4-29 09:21:02.164#mousedown#{"isTrusted":true}
2019-4-29 09:21:02.768#change#{"from":{"line":3,"ch":53,"sticky":"before","xRel":12.21875},"to":{"line":3,"ch":53,"sticky":"before","xRel":12.21875},"text":["",""],"removed":[""],"origin":"+input"}
2019-4-29 09:21:02.768#keyHandled#"Enter"
2019-4-29 09:21:02.771#viewportChange#0
2019-4-29 09:21:08.056#mousedown#{"isTrusted":true}
2019-4-29 09:21:10.105#copy#{"isTrusted":true}
2019-4-29 09:21:11.895#change#{"from":{"line":4,"ch":0,"sticky":"after","xRel":315.109375},"to":{"line":4,"ch":0,"sticky":"after","xRel":315.109375},"text":["distancia_entre_os_olhos2=float(input(\":\"))","distancia_entre_o_nariz_e_o_queixo2=float(input(\":\"))",""],"removed":[""],"origin":"paste"}
2019-4-29 09:21:11.906#viewportChange#0
2019-4-29 09:21:14.299#mousedown#{"isTrusted":true}
2019-4-29 09:21:15.731#change#{"from":{"line":4,"ch":24,"sticky":"after"},"to":{"line":4,"ch":25,"sticky":"before","xRel":0.109375},"text":[""],"removed":["2"],"origin":"+delete"}
2019-4-29 09:21:15.731#keyHandled#"Backspace"
2019-4-29 09:21:15.880#change#{"from":{"line":4,"ch":24,"sticky":null},"to":{"line":4,"ch":24,"sticky":null},"text":["3"],"removed":[""],"origin":"+input"}
2019-4-29 09:21:18.795#mousedown#{"isTrusted":true}
2019-4-29 09:21:19.896#change#{"from":{"line":5,"ch":34,"sticky":"after"},"to":{"line":5,"ch":35,"sticky":"before","xRel":-0.890625},"text":[""],"removed":["2"],"origin":"+delete"}
2019-4-29 09:21:19.896#keyHandled#"Backspace"
2019-4-29 09:21:20.818#change#{"from":{"line":5,"ch":34,"sticky":null},"to":{"line":5,"ch":34,"sticky":null},"text":["3"],"removed":[""],"origin":"+input"}
2019-4-29 09:21:22.113#mousedown#{"isTrusted":true}
2019-4-29 09:21:23.160#change#{"from":{"line":5,"ch":53,"sticky":"before","xRel":20.21875},"to":{"line":5,"ch":53,"sticky":"before","xRel":20.21875},"text":["",""],"removed":[""],"origin":"+input"}
2019-4-29 09:21:23.160#keyHandled#"Enter"
2019-4-29 09:21:23.164#viewportChange#0
2019-4-29 09:22:06.898#blur#
2019-4-29 09:23:39.427#focus#
2019-4-29 09:26:12.810#blur#
2019-4-29 09:28:03.134#focus#
2019-4-29 09:29:00.360#blur#
2019-4-29 09:29:17.966#focus#
2019-4-29 09:32:04.726#mousedown#{"isTrusted":true}
2019-4-29 09:32:05.432#mousedown#{"isTrusted":true}
2019-4-29 09:32:07.027#change#{"from":{"line":0,"ch":0,"sticky":"after","xRel":0.109375},"to":{"line":0,"ch":19,"sticky":"before","xRel":-0.890625},"text":[""],"removed":["distancia_entre_os_"],"origin":"+delete"}
2019-4-29 09:32:07.027#keyHandled#"Backspace"
2019-4-29 09:32:09.043#mousedown#{"isTrusted":true}
2019-4-29 09:32:09.870#change#{"from":{"line":1,"ch":0,"sticky":"after","xRel":3.109375},"to":{"line":1,"ch":18,"sticky":"before","xRel":-3.890625},"text":[""],"removed":["distancia_entre_o_"],"origin":"+delete"}
2019-4-29 09:32:09.870#keyHandled#"Backspace"
2019-4-29 09:32:11.894#mousedown#{"isTrusted":true}
2019-4-29 09:32:12.677#change#{"from":{"line":2,"ch":0,"sticky":"after","xRel":3.109375},"to":{"line":2,"ch":16,"sticky":"after","xRel":1.109375},"text":[""],"removed":["distancia_entre_"],"origin":"+delete"}
2019-4-29 09:32:12.677#keyHandled#"Backspace"
2019-4-29 09:32:14.467#mousedown#{"isTrusted":true}
2019-4-29 09:32:15.139#change#{"from":{"line":2,"ch":0,"sticky":"after","xRel":1.109375},"to":{"line":2,"ch":3,"sticky":"before","xRel":-0.890625},"text":[""],"removed":["os_"],"origin":"+delete"}
2019-4-29 09:32:15.139#keyHandled#"Backspace"
2019-4-29 09:32:17.585#mousedown#{"isTrusted":true}
2019-4-29 09:32:18.426#change#{"from":{"line":3,"ch":0,"sticky":"after","xRel":3.109375},"to":{"line":3,"ch":18,"sticky":"before","xRel":-1.890625},"text":[""],"removed":["distancia_entre_o_"],"origin":"+delete"}
2019-4-29 09:32:18.426#keyHandled#"Backspace"
2019-4-29 09:32:20.369#mousedown#{"isTrusted":true}
2019-4-29 09:32:20.833#mousedown#{"isTrusted":true}
2019-4-29 09:32:21.348#dblclick#{"isTrusted":true}
2019-4-29 09:32:21.420#change#{"from":{"line":4,"ch":0,"sticky":"after","xRel":2.109375},"to":{"line":4,"ch":19,"sticky":"before","xRel":-1.890625},"text":[""],"removed":["distancia_entre_os_"],"origin":"+delete"}
2019-4-29 09:32:21.420#keyHandled#"Backspace"
2019-4-29 09:32:23.564#mousedown#{"isTrusted":true}
2019-4-29 09:32:23.951#mousedown#{"isTrusted":true}
2019-4-29 09:32:24.782#dblclick#{"isTrusted":true}
2019-4-29 09:32:25.661#mousedown#{"isTrusted":true}
2019-4-29 09:32:26.233#mousedown#{"isTrusted":true}
2019-4-29 09:32:27.031#change#{"from":{"line":5,"ch":0,"sticky":"after","xRel":-4},"to":{"line":5,"ch":18,"sticky":"before","xRel":-1.890625},"text":[""],"removed":["distancia_entre_o_"],"origin":"+delete"}
2019-4-29 09:32:27.031#keyHandled#"Backspace"
2019-4-29 09:32:31.110#mousedown#{"isTrusted":true}
2019-4-29 09:32:32.275#mousedown#{"isTrusted":true}
2019-4-29 09:32:39.884#blur#
2019-4-29 09:34:56.569#focus#
2019-4-29 09:35:18.383#change#{"from":{"line":6,"ch":0,"sticky":"after","xRel":28.109375},"to":{"line":6,"ch":0,"sticky":"after","xRel":28.109375},"text":["f"],"removed":[""],"origin":"+input"}
2019-4-29 09:35:18.532#change#{"from":{"line":6,"ch":1,"sticky":null},"to":{"line":6,"ch":1,"sticky":null},"text":["a"],"removed":[""],"origin":"+input"}
2019-4-29 09:35:19.994#change#{"from":{"line":6,"ch":2,"sticky":null},"to":{"line":6,"ch":2,"sticky":null},"text":["c"],"removed":[""],"origin":"+input"}
2019-4-29 09:35:20.153#change#{"from":{"line":6,"ch":3,"sticky":null},"to":{"line":6,"ch":3,"sticky":null},"text":["e"],"removed":[""],"origin":"+input"}
2019-4-29 09:35:21.057#change#{"from":{"line":6,"ch":4,"sticky":null},"to":{"line":6,"ch":4,"sticky":null},"text":["1"],"removed":[""],"origin":"+input"}
2019-4-29 09:35:22.178#change#{"from":{"line":6,"ch":5,"sticky":null},"to":{"line":6,"ch":5,"sticky":null},"text":["="],"removed":[""],"origin":"+input"}
2019-4-29 09:36:08.169#change#{"from":{"line":6,"ch":6,"sticky":null},"to":{"line":6,"ch":6,"sticky":null},"text":["o"],"removed":[""],"origin":"+input"}
2019-4-29 09:36:08.414#change#{"from":{"line":6,"ch":7,"sticky":null},"to":{"line":6,"ch":7,"sticky":null},"text":["l"],"removed":[""],"origin":"+input"}
2019-4-29 09:36:08.756#change#{"from":{"line":6,"ch":8,"sticky":null},"to":{"line":6,"ch":8,"sticky":null},"text":["h"],"removed":[""],"origin":"+input"}
2019-4-29 09:36:09.042#change#{"from":{"line":6,"ch":9,"sticky":null},"to":{"line":6,"ch":9,"sticky":null},"text":["o"],"removed":[""],"origin":"+input"}
2019-4-29 09:36:10.505#change#{"from":{"line":6,"ch":10,"sticky":null},"to":{"line":6,"ch":10,"sticky":null},"text":["s"],"removed":[""],"origin":"+input"}
2019-4-29 09:36:10.894#change#{"from":{"line":6,"ch":11,"sticky":null},"to":{"line":6,"ch":11,"sticky":null},"text":["1"],"removed":[""],"origin":"+input"}
2019-4-29 09:36:11.957#change#{"from":{"line":6,"ch":12,"sticky":null},"to":{"line":6,"ch":12,"sticky":null},"text":["/"],"removed":[""],"origin":"+input"}
2019-4-29 09:36:24.673#mousedown#{"isTrusted":true}
2019-4-29 09:36:26.788#copy#{"isTrusted":true}
2019-4-29 09:36:28.015#mousedown#{"isTrusted":true}
2019-4-29 09:36:28.861#change#{"from":{"line":6,"ch":13,"sticky":"before","xRel":4.078125},"to":{"line":6,"ch":13,"sticky":"before","xRel":4.078125},"text":["nariz_e_o_queixo1"],"removed":[""],"origin":"paste"}
2019-4-29 09:36:31.176#change#{"from":{"line":6,"ch":30,"sticky":null},"to":{"line":6,"ch":30,"sticky":null},"text":["",""],"removed":[""],"origin":"+input"}
2019-4-29 09:36:31.176#keyHandled#"Enter"
2019-4-29 09:36:31.179#viewportChange#0
2019-4-29 09:36:32.625#mousedown#{"isTrusted":true}
2019-4-29 09:36:34.235#copy#{"isTrusted":true}
2019-4-29 09:36:35.174#mousedown#{"isTrusted":true}
2019-4-29 09:36:36.797#mousedown#{"isTrusted":true}
2019-4-29 09:36:37.619#change#{"from":{"line":7,"ch":0,"sticky":"after","xRel":96.109375},"to":{"line":7,"ch":0,"sticky":"after","xRel":96.109375},"text":["face1=olhos1/nariz_e_o_queixo1",""],"removed":[""],"origin":"paste"}
2019-4-29 09:36:37.639#viewportChange#0
2019-4-29 09:36:39.633#mousedown#{"isTrusted":true}
2019-4-29 09:36:40.874#change#{"from":{"line":7,"ch":4,"sticky":"after"},"to":{"line":7,"ch":5,"sticky":"after","xRel":3.625},"text":[""],"removed":["1"],"origin":"+delete"}
2019-4-29 09:36:40.874#keyHandled#"Backspace"
2019-4-29 09:36:41.577#change#{"from":{"line":7,"ch":4,"sticky":null},"to":{"line":7,"ch":4,"sticky":null},"text":["2"],"removed":[""],"origin":"+input"}
2019-4-29 09:36:42.897#mousedown#{"isTrusted":true}
2019-4-29 09:36:43.355#change#{"from":{"line":7,"ch":11,"sticky":"after"},"to":{"line":7,"ch":12,"sticky":"before","xRel":-1.890625},"text":[""],"removed":["1"],"origin":"+delete"}
2019-4-29 09:36:43.355#keyHandled#"Backspace"
2019-4-29 09:36:43.672#change#{"from":{"line":7,"ch":11,"sticky":null},"to":{"line":7,"ch":11,"sticky":null},"text":["2"],"removed":[""],"origin":"+input"}
2019-4-29 09:36:45.545#mousedown#{"isTrusted":true}
2019-4-29 09:36:45.918#change#{"from":{"line":7,"ch":29,"sticky":"after"},"to":{"line":7,"ch":30,"sticky":"before","xRel":5.234375},"text":[""],"removed":["1"],"origin":"+delete"}
2019-4-29 09:36:45.918#keyHandled#"Backspace"
2019-4-29 09:36:46.217#change#{"from":{"line":7,"ch":29,"sticky":null},"to":{"line":7,"ch":29,"sticky":null},"text":["2"],"removed":[""],"origin":"+input"}
2019-4-29 09:36:48.189#change#{"from":{"line":7,"ch":30,"sticky":null},"to":{"line":7,"ch":30,"sticky":null},"text":["",""],"removed":[""],"origin":"+input"}
2019-4-29 09:36:48.189#keyHandled#"Enter"
2019-4-29 09:36:48.193#viewportChange#0
2019-4-29 09:36:49.663#change#{"from":{"line":8,"ch":0,"sticky":null},"to":{"line":8,"ch":0,"sticky":null},"text":["face1=olhos1/nariz_e_o_queixo1",""],"removed":[""],"origin":"paste"}
2019-4-29 09:36:49.677#viewportChange#0
2019-4-29 09:36:51.384#mousedown#{"isTrusted":true}
2019-4-29 09:36:51.655#change#{"from":{"line":8,"ch":4,"sticky":"after"},"to":{"line":8,"ch":5,"sticky":"before","xRel":-0.890625},"text":[""],"removed":["1"],"origin":"+delete"}
2019-4-29 09:36:51.655#keyHandled#"Backspace"
2019-4-29 09:36:53.144#change#{"from":{"line":8,"ch":4,"sticky":null},"to":{"line":8,"ch":4,"sticky":null},"text":["3"],"removed":[""],"origin":"+input"}
2019-4-29 09:36:54.424#mousedown#{"isTrusted":true}
2019-4-29 09:36:54.836#change#{"from":{"line":8,"ch":11,"sticky":"after"},"to":{"line":8,"ch":12,"sticky":"before","xRel":0.109375},"text":[""],"removed":["1"],"origin":"+delete"}
2019-4-29 09:36:54.836#keyHandled#"Backspace"
2019-4-29 09:36:55.141#change#{"from":{"line":8,"ch":11,"sticky":null},"to":{"line":8,"ch":11,"sticky":null},"text":["3"],"removed":[""],"origin":"+input"}
2019-4-29 09:36:56.596#mousedown#{"isTrusted":true}
2019-4-29 09:36:57.001#change#{"from":{"line":8,"ch":29,"sticky":"after"},"to":{"line":8,"ch":30,"sticky":"before","xRel":-0.765625},"text":[""],"removed":["1"],"origin":"+delete"}
2019-4-29 09:36:57.001#keyHandled#"Backspace"
2019-4-29 09:36:57.238#change#{"from":{"line":8,"ch":29,"sticky":null},"to":{"line":8,"ch":29,"sticky":null},"text":["3"],"removed":[""],"origin":"+input"}
2019-4-29 09:36:59.251#mousedown#{"isTrusted":true}
2019-4-29 09:38:04.358#mousedown#{"isTrusted":true}
2019-4-29 09:38:05.419#change#{"from":{"line":6,"ch":6,"sticky":"before","xRel":-1.0625},"to":{"line":6,"ch":6,"sticky":"before","xRel":-1.0625},"text":["a"],"removed":[""],"origin":"+input"}
2019-4-29 09:38:05.802#change#{"from":{"line":6,"ch":7,"sticky":null},"to":{"line":6,"ch":7,"sticky":null},"text":["b"],"removed":[""],"origin":"+input"}
2019-4-29 09:38:06.279#change#{"from":{"line":6,"ch":8,"sticky":null},"to":{"line":6,"ch":8,"sticky":null},"text":["s"],"removed":[""],"origin":"+input"}
2019-4-29 09:38:07.462#change#{"from":{"line":6,"ch":9,"sticky":null},"to":{"line":6,"ch":9,"sticky":null},"text":["("],"removed":[""],"origin":"+input"}
2019-4-29 09:38:08.807#mousedown#{"isTrusted":true}
2019-4-29 09:38:09.771#change#{"from":{"line":6,"ch":34,"sticky":"before","xRel":21.46875},"to":{"line":6,"ch":34,"sticky":"before","xRel":21.46875},"text":[")"],"removed":[""],"origin":"+input"}
2019-4-29 09:38:11.620#mousedown#{"isTrusted":true}
2019-4-29 09:38:12.753#change#{"from":{"line":7,"ch":6,"sticky":"after","xRel":2.109375},"to":{"line":7,"ch":6,"sticky":"after","xRel":2.109375},"text":["a"],"removed":[""],"origin":"+input"}
2019-4-29 09:38:13.119#change#{"from":{"line":7,"ch":7,"sticky":null},"to":{"line":7,"ch":7,"sticky":null},"text":["b"],"removed":[""],"origin":"+input"}
2019-4-29 09:38:13.695#change#{"from":{"line":7,"ch":8,"sticky":null},"to":{"line":7,"ch":8,"sticky":null},"text":["s"],"removed":[""],"origin":"+input"}
2019-4-29 09:38:14.894#change#{"from":{"line":7,"ch":9,"sticky":null},"to":{"line":7,"ch":9,"sticky":null},"text":["("],"removed":[""],"origin":"+input"}
2019-4-29 09:38:16.455#mousedown#{"isTrusted":true}
2019-4-29 09:38:17.266#change#{"from":{"line":7,"ch":34,"sticky":"before","xRel":29.46875},"to":{"line":7,"ch":34,"sticky":"before","xRel":29.46875},"text":[")"],"removed":[""],"origin":"+input"}
2019-4-29 09:38:18.803#mousedown#{"isTrusted":true}
2019-4-29 09:38:19.930#mousedown#{"isTrusted":true}
2019-4-29 09:38:20.763#change#{"from":{"line":8,"ch":6,"sticky":"before","xRel":-1.0625},"to":{"line":8,"ch":6,"sticky":"before","xRel":-1.0625},"text":["a"],"removed":[""],"origin":"+input"}
2019-4-29 09:38:21.177#change#{"from":{"line":8,"ch":7,"sticky":null},"to":{"line":8,"ch":7,"sticky":null},"text":["b"],"removed":[""],"origin":"+input"}
2019-4-29 09:38:21.574#change#{"from":{"line":8,"ch":8,"sticky":null},"to":{"line":8,"ch":8,"sticky":null},"text":["s"],"removed":[""],"origin":"+input"}
2019-4-29 09:38:22.549#change#{"from":{"line":8,"ch":9,"sticky":null},"to":{"line":8,"ch":9,"sticky":null},"text":["("],"removed":[""],"origin":"+input"}
2019-4-29 09:38:23.861#mousedown#{"isTrusted":true}
2019-4-29 09:38:24.633#change#{"from":{"line":8,"ch":34,"sticky":"before","xRel":21.46875},"to":{"line":8,"ch":34,"sticky":"before","xRel":21.46875},"text":[")"],"removed":[""],"origin":"+input"}
2019-4-29 09:38:27.465#change#{"from":{"line":8,"ch":35,"sticky":null},"to":{"line":8,"ch":35,"sticky":null},"text":["",""],"removed":[""],"origin":"+input"}
2019-4-29 09:38:27.465#keyHandled#"Enter"
2019-4-29 09:38:27.470#viewportChange#0
2019-4-29 09:39:09.465#change#{"from":{"line":8,"ch":35,"sticky":null},"to":{"line":9,"ch":0,"sticky":null},"text":[""],"removed":["",""],"origin":"undo"}
2019-4-29 09:39:09.465#keyHandled#"Ctrl-Z"
2019-4-29 09:39:09.475#viewportChange#0
2019-4-29 09:39:09.854#change#{"from":{"line":8,"ch":34,"sticky":null},"to":{"line":8,"ch":35,"sticky":null},"text":[""],"removed":[")"],"origin":"undo"}
2019-4-29 09:39:09.854#keyHandled#"Ctrl-Z"
2019-4-29 09:39:10.218#change#{"from":{"line":8,"ch":6,"sticky":null},"to":{"line":8,"ch":10,"sticky":null},"text":[""],"removed":["abs("],"origin":"undo"}
2019-4-29 09:39:10.219#keyHandled#"Ctrl-Z"
2019-4-29 09:39:10.532#change#{"from":{"line":7,"ch":34,"sticky":null},"to":{"line":7,"ch":35,"sticky":null},"text":[""],"removed":[")"],"origin":"undo"}
2019-4-29 09:39:10.532#keyHandled#"Ctrl-Z"
2019-4-29 09:39:11.172#change#{"from":{"line":6,"ch":34,"sticky":null},"to":{"line":6,"ch":35,"sticky":null},"text":[""],"removed":[")"],"origin":"undo"}
2019-4-29 09:39:11.172#keyHandled#"Ctrl-Z"
2019-4-29 09:39:11.652#change#{"from":{"line":6,"ch":6,"sticky":null},"to":{"line":6,"ch":10,"sticky":null},"text":[""],"removed":["abs("],"origin":"undo"}
2019-4-29 09:39:11.652#keyHandled#"Ctrl-Z"
2019-4-29 09:39:12.346#change#{"from":{"line":8,"ch":29,"sticky":null},"to":{"line":8,"ch":30,"sticky":null},"text":[""],"removed":["3"],"origin":"undo"}
2019-4-29 09:39:12.347#keyHandled#"Ctrl-Z"
2019-4-29 09:39:15.232#change#{"from":{"line":8,"ch":29,"sticky":null},"to":{"line":8,"ch":29,"sticky":null},"text":["3"],"removed":[""],"origin":"+input"}
2019-4-29 09:39:16.043#change#{"from":{"line":8,"ch":30,"sticky":null},"to":{"line":8,"ch":30,"sticky":null},"text":["",""],"removed":[""],"origin":"+input"}
2019-4-29 09:39:16.043#keyHandled#"Enter"
2019-4-29 09:39:16.047#viewportChange#0
2019-4-29 09:39:17.334#keyHandled#"Down"
2019-4-29 09:39:17.675#keyHandled#"Down"
2019-4-29 09:39:18.089#keyHandled#"Down"
2019-4-29 09:39:18.457#keyHandled#"Down"
2019-4-29 09:39:19.550#change#{"from":{"line":11,"ch":0,"sticky":"before"},"to":{"line":12,"ch":0,"sticky":null,"xRel":1,"outside":true,"hitSide":true},"text":[""],"removed":["",""],"origin":"+delete"}
2019-4-29 09:39:19.550#keyHandled#"Backspace"
2019-4-29 09:39:19.555#viewportChange#0
2019-4-29 09:39:19.851#change#{"from":{"line":10,"ch":0,"sticky":"before"},"to":{"line":11,"ch":0,"sticky":null},"text":[""],"removed":["",""],"origin":"+delete"}
2019-4-29 09:39:19.851#keyHandled#"Backspace"
2019-4-29 09:39:19.859#viewportChange#0
2019-4-29 09:39:20.273#change#{"from":{"line":9,"ch":0,"sticky":"before"},"to":{"line":10,"ch":0,"sticky":null},"text":[""],"removed":["",""],"origin":"+delete"}
2019-4-29 09:39:20.273#keyHandled#"Backspace"
2019-4-29 09:39:20.280#viewportChange#0
2019-4-29 09:39:33.037#blur#
2019-4-29 09:40:07.722#focus#
2019-4-29 09:40:09.035#blur#
2019-4-29 09:40:11.319#focus#
2019-4-29 09:41:45.567#change#{"from":{"line":9,"ch":0,"sticky":null},"to":{"line":9,"ch":0,"sticky":null},"text":["i"],"removed":[""],"origin":"+input"}
2019-4-29 09:41:45.701#change#{"from":{"line":9,"ch":1,"sticky":null},"to":{"line":9,"ch":1,"sticky":null},"text":["f"],"removed":[""],"origin":"+input"}
2019-4-29 09:41:46.693#change#{"from":{"line":9,"ch":2,"sticky":null},"to":{"line":9,"ch":2,"sticky":null},"text":["()"],"removed":[""],"origin":"+input"}
2019-4-29 09:41:46.693#keyHandled#"'('"
2019-4-29 09:42:03.630#change#{"from":{"line":9,"ch":3,"sticky":"after"},"to":{"line":9,"ch":3,"sticky":"after"},"text":["a"],"removed":[""],"origin":"+input"}
2019-4-29 09:42:04.326#change#{"from":{"line":9,"ch":4,"sticky":null},"to":{"line":9,"ch":4,"sticky":null},"text":["b"],"removed":[""],"origin":"+input"}
2019-4-29 09:42:04.904#change#{"from":{"line":9,"ch":5,"sticky":null},"to":{"line":9,"ch":5,"sticky":null},"text":["s"],"removed":[""],"origin":"+input"}
2019-4-29 09:42:06.102#change#{"from":{"line":9,"ch":6,"sticky":null},"to":{"line":9,"ch":6,"sticky":null},"text":["()"],"removed":[""],"origin":"+input"}
2019-4-29 09:42:06.102#keyHandled#"'('"
2019-4-29 09:42:17.960#change#{"from":{"line":9,"ch":7,"sticky":"after"},"to":{"line":9,"ch":7,"sticky":"after"},"text":["f"],"removed":[""],"origin":"+input"}
2019-4-29 09:42:18.109#change#{"from":{"line":9,"ch":8,"sticky":null},"to":{"line":9,"ch":8,"sticky":null},"text":["a"],"removed":[""],"origin":"+input"}
2019-4-29 09:42:18.675#change#{"from":{"line":9,"ch":9,"sticky":null},"to":{"line":9,"ch":9,"sticky":null},"text":["c"],"removed":[""],"origin":"+input"}
2019-4-29 09:42:18.862#change#{"from":{"line":9,"ch":10,"sticky":null},"to":{"line":9,"ch":10,"sticky":null},"text":["e"],"removed":[""],"origin":"+input"}
2019-4-29 09:42:19.552#change#{"from":{"line":9,"ch":11,"sticky":null},"to":{"line":9,"ch":11,"sticky":null},"text":["1"],"removed":[""],"origin":"+input"}
2019-4-29 09:42:21.973#change#{"from":{"line":9,"ch":12,"sticky":null},"to":{"line":9,"ch":12,"sticky":null},"text":["-"],"removed":[""],"origin":"+input"}
2019-4-29 09:42:23.110#change#{"from":{"line":9,"ch":13,"sticky":null},"to":{"line":9,"ch":13,"sticky":null},"text":["f"],"removed":[""],"origin":"+input"}
2019-4-29 09:42:23.270#change#{"from":{"line":9,"ch":14,"sticky":null},"to":{"line":9,"ch":14,"sticky":null},"text":["a"],"removed":[""],"origin":"+input"}
2019-4-29 09:42:23.575#change#{"from":{"line":9,"ch":15,"sticky":null},"to":{"line":9,"ch":15,"sticky":null},"text":["c"],"removed":[""],"origin":"+input"}
2019-4-29 09:42:24.186#change#{"from":{"line":9,"ch":16,"sticky":null},"to":{"line":9,"ch":16,"sticky":null},"text":["e"],"removed":[""],"origin":"+input"}
2019-4-29 09:42:24.702#change#{"from":{"line":9,"ch":17,"sticky":null},"to":{"line":9,"ch":17,"sticky":null},"text":["2"],"removed":[""],"origin":"+input"}
2019-4-29 09:42:29.253#mousedown#{"isTrusted":true}
2019-4-29 09:42:47.798#change#{"from":{"line":9,"ch":19,"sticky":"after","xRel":3.109375},"to":{"line":9,"ch":19,"sticky":"after","xRel":3.109375},"text":["<"],"removed":[""],"origin":"+input"}
2019-4-29 09:42:55.841#mousedown#{"isTrusted":true}
2019-4-29 09:42:59.269#copy#{"isTrusted":true}
2019-4-29 09:43:00.812#mousedown#{"isTrusted":true}
2019-4-29 09:43:01.832#change#{"from":{"line":9,"ch":20,"sticky":"before","xRel":-2.765625},"to":{"line":9,"ch":20,"sticky":"before","xRel":-2.765625},"text":["abs(face1-face2)"],"removed":[""],"origin":"paste"}
2019-4-29 09:43:03.656#mousedown#{"isTrusted":true}
2019-4-29 09:43:05.976#change#{"from":{"line":9,"ch":20,"sticky":"after","xRel":2.109375},"to":{"line":9,"ch":20,"sticky":"after","xRel":2.109375},"text":[" "],"removed":[""],"origin":"+input"}
2019-4-29 09:43:10.224#mousedown#{"isTrusted":true}
2019-4-29 09:43:13.210#change#{"from":{"line":9,"ch":35,"sticky":"after"},"to":{"line":9,"ch":36,"sticky":"before","xRel":-3.875},"text":[""],"removed":["2"],"origin":"+delete"}
2019-4-29 09:43:13.210#keyHandled#"Backspace"
2019-4-29 09:43:13.414#change#{"from":{"line":9,"ch":35,"sticky":null},"to":{"line":9,"ch":35,"sticky":null},"text":["3"],"removed":[""],"origin":"+input"}
2019-4-29 09:43:15.140#mousedown#{"isTrusted":true}
2019-4-29 09:43:18.498#change#{"from":{"line":9,"ch":37,"sticky":"before","xRel":-0.890625},"to":{"line":9,"ch":37,"sticky":"before","xRel":-0.890625},"text":["<"],"removed":[""],"origin":"+input"}
2019-4-29 09:43:19.716#change#{"from":{"line":9,"ch":38,"sticky":null},"to":{"line":9,"ch":38,"sticky":null},"text":["abs(face1-face2)"],"removed":[""],"origin":"paste"}
2019-4-29 09:44:33.683#mousedown#{"isTrusted":true}
2019-4-29 09:44:38.814#mousedown#{"isTrusted":true}
2019-4-29 09:44:39.828#mousedown#{"isTrusted":true}
2019-4-29 09:44:41.232#change#{"from":{"line":9,"ch":46,"sticky":"after"},"to":{"line":9,"ch":47,"sticky":"before","xRel":-2.5},"text":[""],"removed":["1"],"origin":"+delete"}
2019-4-29 09:44:41.232#keyHandled#"Backspace"
2019-4-29 09:44:41.428#change#{"from":{"line":9,"ch":46,"sticky":null},"to":{"line":9,"ch":46,"sticky":null},"text":["2"],"removed":[""],"origin":"+input"}
2019-4-29 09:44:41.884#keyHandled#"Right"
2019-4-29 09:44:42.316#keyHandled#"Right"
2019-4-29 09:44:42.538#keyHandled#"Right"
2019-4-29 09:44:42.737#keyHandled#"Right"
2019-4-29 09:44:43.038#keyHandled#"Right"
2019-4-29 09:44:43.284#keyHandled#"Right"
2019-4-29 09:44:43.606#change#{"from":{"line":9,"ch":52,"sticky":"after"},"to":{"line":9,"ch":53,"sticky":"before"},"text":[""],"removed":["2"],"origin":"+delete"}
2019-4-29 09:44:43.607#keyHandled#"Backspace"
2019-4-29 09:44:44.207#change#{"from":{"line":9,"ch":52,"sticky":null},"to":{"line":9,"ch":52,"sticky":null},"text":["1"],"removed":[""],"origin":"+input"}
2019-4-29 09:44:46.440#mousedown#{"isTrusted":true}
2019-4-29 09:44:47.811#change#{"from":{"line":9,"ch":54,"sticky":"before","xRel":-0.890625},"to":{"line":9,"ch":54,"sticky":"before","xRel":-0.890625},"text":["<"],"removed":[""],"origin":"+input"}
2019-4-29 09:44:51.088#change#{"from":{"line":9,"ch":55,"sticky":null},"to":{"line":9,"ch":55,"sticky":null},"text":["abs(face1-face2)"],"removed":[""],"origin":"paste"}
2019-4-29 09:44:53.263#mousedown#{"isTrusted":true}
2019-4-29 09:44:54.192#change#{"from":{"line":9,"ch":63,"sticky":"after"},"to":{"line":9,"ch":64,"sticky":"before","xRel":-1.890625},"text":[""],"removed":["1"],"origin":"+delete"}
2019-4-29 09:44:54.192#keyHandled#"Backspace"
2019-4-29 09:44:54.330#change#{"from":{"line":9,"ch":63,"sticky":null},"to":{"line":9,"ch":63,"sticky":null},"text":["2"],"removed":[""],"origin":"+input"}
2019-4-29 09:44:57.330#mousedown#{"isTrusted":true}
2019-4-29 09:44:58.326#change#{"from":{"line":9,"ch":71,"sticky":"before","xRel":-0.890625},"to":{"line":9,"ch":71,"sticky":"before","xRel":-0.890625},"text":["<"],"removed":[""],"origin":"+input"}
2019-4-29 09:44:59.352#change#{"from":{"line":9,"ch":72,"sticky":null},"to":{"line":9,"ch":72,"sticky":null},"text":["abs(face1-face2)"],"removed":[""],"origin":"paste"}
2019-4-29 09:45:01.322#mousedown#{"isTrusted":true}
2019-4-29 09:45:02.484#change#{"from":{"line":9,"ch":80,"sticky":"after"},"to":{"line":9,"ch":81,"sticky":"before","xRel":0.109375},"text":[""],"removed":["1"],"origin":"+delete"}
2019-4-29 09:45:02.484#keyHandled#"Backspace"
2019-4-29 09:45:02.591#change#{"from":{"line":9,"ch":80,"sticky":null},"to":{"line":9,"ch":80,"sticky":null},"text":["2"],"removed":[""],"origin":"+input"}
2019-4-29 09:45:04.467#mousedown#{"isTrusted":true}
2019-4-29 09:45:04.736#change#{"from":{"line":9,"ch":86,"sticky":"after"},"to":{"line":9,"ch":87,"sticky":"before","xRel":-1.890625},"text":[""],"removed":["2"],"origin":"+delete"}
2019-4-29 09:45:04.736#keyHandled#"Backspace"
2019-4-29 09:45:06.127#change#{"from":{"line":9,"ch":86,"sticky":null},"to":{"line":9,"ch":86,"sticky":null},"text":["3"],"removed":[""],"origin":"+input"}
2019-4-29 09:45:07.390#mousedown#{"isTrusted":true}
2019-4-29 09:45:59.536#mousedown#{"isTrusted":true}
2019-4-29 09:46:00.311#mousedown#{"isTrusted":true}
2019-4-29 09:46:01.319#change#{"from":{"line":9,"ch":69,"sticky":"after"},"to":{"line":9,"ch":70,"sticky":"after","xRel":1.53125},"text":[""],"removed":["2"],"origin":"+delete"}
2019-4-29 09:46:01.319#keyHandled#"Backspace"
2019-4-29 09:46:01.433#change#{"from":{"line":9,"ch":69,"sticky":null},"to":{"line":9,"ch":69,"sticky":null},"text":["3"],"removed":[""],"origin":"+input"}
2019-4-29 09:46:03.566#mousedown#{"isTrusted":true}
2019-4-29 09:46:06.190#change#{"from":{"line":9,"ch":80,"sticky":"after"},"to":{"line":9,"ch":81,"sticky":"before","xRel":-1.890625},"text":[""],"removed":["2"],"origin":"+delete"}
2019-4-29 09:46:06.190#keyHandled#"Backspace"
2019-4-29 09:46:07.162#change#{"from":{"line":9,"ch":80,"sticky":null},"to":{"line":9,"ch":80,"sticky":null},"text":["3"],"removed":[""],"origin":"+input"}
2019-4-29 09:46:08.805#mousedown#{"isTrusted":true}
2019-4-29 09:46:11.808#mousedown#{"isTrusted":true}
2019-4-29 09:46:20.580#blur#
2019-4-29 09:46:21.829#focus#
2019-4-29 09:46:29.112#blur#
2019-4-29 09:46:44.587#mousedown#{"isTrusted":true}
2019-4-29 09:46:44.604#focus#
2019-4-29 09:46:46.692#copy#{"isTrusted":true}
2019-4-29 09:46:47.904#blur#
2019-4-29 09:48:27.159#focus#
2019-4-29 09:48:28.416#mousedown#{"isTrusted":true}
2019-4-29 09:50:03.167#blur#
2019-4-29 09:50:10.421#focus#
2019-4-29 09:52:51.081#mousedown#{"isTrusted":true}
2019-4-29 09:52:52.062#mousedown#{"isTrusted":true}
2019-4-29 09:52:53.242#mousedown#{"isTrusted":true}
2019-4-29 09:52:54.340#mousedown#{"isTrusted":true}
2019-4-29 09:52:55.395#mousedown#{"isTrusted":true}
2019-4-29 09:53:09.896#blur#
2019-4-29 09:53:30.911#mousedown#{"isTrusted":true}
2019-4-29 09:53:30.928#focus#
2019-4-29 09:53:31.414#mousedown#{"isTrusted":true}
2019-4-29 09:53:37.275#change#{"from":{"line":9,"ch":3,"sticky":"after","xRel":3.109375},"to":{"line":9,"ch":88,"sticky":"before","xRel":-1.890625},"text":[""],"removed":["abs(face1-face2)< abs(face1-face3)<abs(face2-face1)<abs(face2-face3)<abs(face3-face3)"],"origin":"+delete"}
2019-4-29 09:53:37.275#keyHandled#"Backspace"
2019-4-29 09:58:14.832#mousedown#{"isTrusted":true}
2019-4-29 09:58:15.544#change#{"from":{"line":8,"ch":30,"sticky":"before","xRel":27.234375},"to":{"line":8,"ch":30,"sticky":"before","xRel":27.234375},"text":["",""],"removed":[""],"origin":"+input"}
2019-4-29 09:58:15.544#keyHandled#"Enter"
2019-4-29 09:58:15.549#viewportChange#0
2019-4-29 09:58:21.777#change#{"from":{"line":9,"ch":0,"sticky":null},"to":{"line":9,"ch":0,"sticky":null},"text":["a"],"removed":[""],"origin":"+input"}
2019-4-29 09:58:23.201#change#{"from":{"line":9,"ch":1,"sticky":null},"to":{"line":9,"ch":1,"sticky":null},"text":["="],"removed":[""],"origin":"+input"}
2019-4-29 09:58:24.684#change#{"from":{"line":9,"ch":2,"sticky":null},"to":{"line":9,"ch":2,"sticky":null},"text":["a"],"removed":[""],"origin":"+input"}
2019-4-29 09:58:25.172#change#{"from":{"line":9,"ch":3,"sticky":null},"to":{"line":9,"ch":3,"sticky":null},"text":["b"],"removed":[""],"origin":"+input"}
2019-4-29 09:58:25.568#change#{"from":{"line":9,"ch":4,"sticky":null},"to":{"line":9,"ch":4,"sticky":null},"text":["s"],"removed":[""],"origin":"+input"}
2019-4-29 09:58:26.996#change#{"from":{"line":9,"ch":5,"sticky":null},"to":{"line":9,"ch":5,"sticky":null},"text":["()"],"removed":[""],"origin":"+input"}
2019-4-29 09:58:26.996#keyHandled#"'('"
2019-4-29 09:59:17.764#change#{"from":{"line":9,"ch":6,"sticky":"after"},"to":{"line":9,"ch":6,"sticky":"after"},"text":["f"],"removed":[""],"origin":"+input"}
2019-4-29 09:59:17.881#change#{"from":{"line":9,"ch":7,"sticky":null},"to":{"line":9,"ch":7,"sticky":null},"text":["a"],"removed":[""],"origin":"+input"}
2019-4-29 09:59:18.320#change#{"from":{"line":9,"ch":8,"sticky":null},"to":{"line":9,"ch":8,"sticky":null},"text":["c"],"removed":[""],"origin":"+input"}
2019-4-29 09:59:21.049#change#{"from":{"line":9,"ch":9,"sticky":null},"to":{"line":9,"ch":9,"sticky":null},"text":["e"],"removed":[""],"origin":"+input"}
2019-4-29 09:59:21.380#change#{"from":{"line":9,"ch":10,"sticky":null},"to":{"line":9,"ch":10,"sticky":null},"text":["1"],"removed":[""],"origin":"+input"}
2019-4-29 09:59:23.479#keyHandled#"Right"
2019-4-29 09:59:23.976#change#{"from":{"line":9,"ch":12,"sticky":"before"},"to":{"line":9,"ch":12,"sticky":"before"},"text":["",""],"removed":[""],"origin":"+input"}
2019-4-29 09:59:23.976#keyHandled#"Enter"
2019-4-29 09:59:23.982#viewportChange#0
2019-4-29 09:59:24.994#change#{"from":{"line":10,"ch":0,"sticky":null},"to":{"line":10,"ch":0,"sticky":null},"text":["b"],"removed":[""],"origin":"+input"}
2019-4-29 09:59:25.639#change#{"from":{"line":10,"ch":1,"sticky":null},"to":{"line":10,"ch":1,"sticky":null},"text":["="],"removed":[""],"origin":"+input"}
2019-4-29 09:59:27.035#change#{"from":{"line":10,"ch":2,"sticky":null},"to":{"line":10,"ch":2,"sticky":null},"text":["a"],"removed":[""],"origin":"+input"}
2019-4-29 09:59:27.382#change#{"from":{"line":10,"ch":3,"sticky":null},"to":{"line":10,"ch":3,"sticky":null},"text":["b"],"removed":[""],"origin":"+input"}
2019-4-29 09:59:27.552#change#{"from":{"line":10,"ch":4,"sticky":null},"to":{"line":10,"ch":4,"sticky":null},"text":["s"],"removed":[""],"origin":"+input"}
2019-4-29 09:59:28.659#change#{"from":{"line":10,"ch":5,"sticky":null},"to":{"line":10,"ch":5,"sticky":null},"text":["()"],"removed":[""],"origin":"+input"}
2019-4-29 09:59:28.659#keyHandled#"'('"
2019-4-29 09:59:29.871#change#{"from":{"line":10,"ch":6,"sticky":"after"},"to":{"line":10,"ch":6,"sticky":"after"},"text":["f"],"removed":[""],"origin":"+input"}
2019-4-29 09:59:29.981#change#{"from":{"line":10,"ch":7,"sticky":null},"to":{"line":10,"ch":7,"sticky":null},"text":["a"],"removed":[""],"origin":"+input"}
2019-4-29 09:59:30.277#change#{"from":{"line":10,"ch":8,"sticky":null},"to":{"line":10,"ch":8,"sticky":null},"text":["c"],"removed":[""],"origin":"+input"}
2019-4-29 09:59:30.457#change#{"from":{"line":10,"ch":9,"sticky":null},"to":{"line":10,"ch":9,"sticky":null},"text":["e"],"removed":[""],"origin":"+input"}
2019-4-29 09:59:31.812#keyHandled#"Right"
2019-4-29 09:59:32.218#change#{"from":{"line":10,"ch":12,"sticky":"before"},"to":{"line":10,"ch":12,"sticky":"before"},"text":["",""],"removed":[""],"origin":"+input"}
2019-4-29 09:59:32.218#keyHandled#"Enter"
2019-4-29 09:59:32.221#viewportChange#0
2019-4-29 09:59:48.571#change#{"from":{"line":11,"ch":0,"sticky":null},"to":{"line":11,"ch":0,"sticky":null},"text":["c"],"removed":[""],"origin":"+input"}
2019-4-29 09:59:48.934#change#{"from":{"line":11,"ch":1,"sticky":null},"to":{"line":11,"ch":1,"sticky":null},"text":["="],"removed":[""],"origin":"+input"}
2019-4-29 09:59:50.315#change#{"from":{"line":11,"ch":2,"sticky":null},"to":{"line":11,"ch":2,"sticky":null},"text":["a"],"removed":[""],"origin":"+input"}
2019-4-29 09:59:50.749#change#{"from":{"line":11,"ch":3,"sticky":null},"to":{"line":11,"ch":3,"sticky":null},"text":["b"],"removed":[""],"origin":"+input"}
2019-4-29 09:59:52.072#change#{"from":{"line":11,"ch":5,"sticky":null},"to":{"line":11,"ch":5,"sticky":null},"text":["()"],"removed":[""],"origin":"+input"}
2019-4-29 09:59:52.072#keyHandled#"'('"
2019-4-29 09:59:52.985#change#{"from":{"line":11,"ch":6,"sticky":"after"},"to":{"line":11,"ch":6,"sticky":"after"},"text":["f"],"removed":[""],"origin":"+input"}
2019-4-29 09:59:53.121#change#{"from":{"line":11,"ch":7,"sticky":null},"to":{"line":11,"ch":7,"sticky":null},"text":["a"],"removed":[""],"origin":"+input"}
2019-4-29 09:59:53.379#change#{"from":{"line":11,"ch":8,"sticky":null},"to":{"line":11,"ch":8,"sticky":null},"text":["c"],"removed":[""],"origin":"+input"}
2019-4-29 09:59:53.648#change#{"from":{"line":11,"ch":9,"sticky":null},"to":{"line":11,"ch":9,"sticky":null},"text":["e"],"removed":[""],"origin":"+input"}
2019-4-29 09:59:54.297#change#{"from":{"line":11,"ch":10,"sticky":null},"to":{"line":11,"ch":10,"sticky":null},"text":["3"],"removed":[""],"origin":"+input"}
2019-4-29 10:00:00.709#mousedown#{"isTrusted":true}
2019-4-29 10:00:55.949#blur#
2019-4-29 10:01:20.326#focus#
2019-4-29 10:01:28.283#blur#
2019-4-29 10:01:30.025#focus#
2019-4-29 10:01:31.158#blur#
2019-4-29 10:01:40.269#focus#
