2019-3-26 18:12:06.625#viewportChange#0
2019-3-26 18:12:51.889#mousedown#{"isTrusted":true}
2019-3-26 18:12:51.911#focus#
2019-3-26 18:12:53.177#change#{"from":{"line":2,"ch":23,"sticky":"after"},"to":{"line":2,"ch":24,"sticky":"before","xRel":-3.35076904296875},"text":[""],"removed":["."],"origin":"+delete"}
2019-3-26 18:12:53.177#keyHandled#"Backspace"
2019-3-26 18:12:53.329#change#{"from":{"line":2,"ch":22,"sticky":"after"},"to":{"line":2,"ch":23,"sticky":null},"text":[""],"removed":["."],"origin":"+delete"}
2019-3-26 18:12:53.329#keyHandled#"Backspace"
2019-3-26 18:12:53.471#change#{"from":{"line":2,"ch":21,"sticky":"after"},"to":{"line":2,"ch":22,"sticky":null},"text":[""],"removed":["."],"origin":"+delete"}
2019-3-26 18:12:53.471#keyHandled#"Backspace"
2019-3-26 18:12:58.109#change#{"from":{"line":2,"ch":21,"sticky":null},"to":{"line":2,"ch":21,"sticky":null},"text":["1"],"removed":[""],"origin":"+input"}
2019-3-26 18:12:59.359#change#{"from":{"line":2,"ch":23,"sticky":null},"to":{"line":2,"ch":23,"sticky":null},"text":["-"],"removed":[""],"origin":"+input"}
2019-3-26 18:12:59.640#change#{"from":{"line":2,"ch":24,"sticky":null},"to":{"line":2,"ch":24,"sticky":null},"text":["2"],"removed":[""],"origin":"+input"}
2019-3-26 18:13:03.813#mousedown#{"isTrusted":true}
2019-3-26 18:13:04.816#change#{"from":{"line":4,"ch":27,"sticky":"after"},"to":{"line":4,"ch":28,"sticky":"before","xRel":-2.90631103515625},"text":[""],"removed":["."],"origin":"+delete"}
2019-3-26 18:13:04.816#keyHandled#"Backspace"
2019-3-26 18:13:05.003#change#{"from":{"line":4,"ch":26,"sticky":"after"},"to":{"line":4,"ch":27,"sticky":null},"text":[""],"removed":["."],"origin":"+delete"}
2019-3-26 18:13:05.003#keyHandled#"Backspace"
2019-3-26 18:13:05.161#change#{"from":{"line":4,"ch":25,"sticky":"after"},"to":{"line":4,"ch":26,"sticky":null},"text":[""],"removed":["."],"origin":"+delete"}
2019-3-26 18:13:05.161#keyHandled#"Backspace"
2019-3-26 18:13:06.581#change#{"from":{"line":4,"ch":25,"sticky":null},"to":{"line":4,"ch":25,"sticky":null},"text":["4"],"removed":[""],"origin":"+input"}
2019-3-26 18:13:07.008#change#{"from":{"line":4,"ch":26,"sticky":null},"to":{"line":4,"ch":26,"sticky":null},"text":["*"],"removed":[""],"origin":"+input"}
2019-3-26 18:13:07.267#change#{"from":{"line":4,"ch":27,"sticky":null},"to":{"line":4,"ch":27,"sticky":null},"text":["2"],"removed":[""],"origin":"+input"}
2019-3-26 18:13:11.195#mousedown#{"isTrusted":true}
2019-3-26 18:13:12.104#change#{"from":{"line":6,"ch":21,"sticky":"after"},"to":{"line":6,"ch":22,"sticky":"before","xRel":-1.68408203125},"text":[""],"removed":["."],"origin":"+delete"}
2019-3-26 18:13:12.104#keyHandled#"Backspace"
2019-3-26 18:13:12.555#change#{"from":{"line":6,"ch":20,"sticky":"after"},"to":{"line":6,"ch":21,"sticky":null},"text":[""],"removed":["."],"origin":"+delete"}
2019-3-26 18:13:12.555#keyHandled#"Backspace"
2019-3-26 18:13:14.554#change#{"from":{"line":6,"ch":19,"sticky":"after"},"to":{"line":6,"ch":20,"sticky":null},"text":[""],"removed":["."],"origin":"+delete"}
2019-3-26 18:13:14.554#keyHandled#"Backspace"
2019-3-26 18:13:15.365#change#{"from":{"line":6,"ch":19,"sticky":null},"to":{"line":6,"ch":19,"sticky":null},"text":["1"],"removed":[""],"origin":"+input"}
2019-3-26 18:13:16.358#change#{"from":{"line":6,"ch":20,"sticky":null},"to":{"line":6,"ch":20,"sticky":null},"text":["6"],"removed":[""],"origin":"+input"}
2019-3-26 18:13:17.629#change#{"from":{"line":6,"ch":21,"sticky":null},"to":{"line":6,"ch":21,"sticky":null},"text":["/"],"removed":[""],"origin":"+input"}
2019-3-26 18:13:18.576#change#{"from":{"line":6,"ch":22,"sticky":null},"to":{"line":6,"ch":22,"sticky":null},"text":["2"],"removed":[""],"origin":"+input"}
2019-3-26 18:13:21.306#mousedown#{"isTrusted":true}
2019-3-26 18:13:22.423#change#{"from":{"line":8,"ch":19,"sticky":"after"},"to":{"line":8,"ch":20,"sticky":"before","xRel":-3.90631103515625},"text":[""],"removed":["."],"origin":"+delete"}
2019-3-26 18:13:22.423#keyHandled#"Backspace"
2019-3-26 18:13:22.623#change#{"from":{"line":8,"ch":18,"sticky":"after"},"to":{"line":8,"ch":19,"sticky":null},"text":[""],"removed":["."],"origin":"+delete"}
2019-3-26 18:13:22.623#keyHandled#"Backspace"
2019-3-26 18:13:24.023#change#{"from":{"line":8,"ch":17,"sticky":"after"},"to":{"line":8,"ch":18,"sticky":null},"text":[""],"removed":["."],"origin":"+delete"}
2019-3-26 18:13:24.024#keyHandled#"Backspace"
2019-3-26 18:13:39.763#mousedown#{"isTrusted":true}
2019-3-26 18:13:40.877#change#{"from":{"line":10,"ch":25,"sticky":"after"},"to":{"line":10,"ch":26,"sticky":"before","xRel":-1.1285400390625},"text":[""],"removed":["."],"origin":"+delete"}
2019-3-26 18:13:40.877#keyHandled#"Backspace"
2019-3-26 18:13:41.087#change#{"from":{"line":10,"ch":24,"sticky":"after"},"to":{"line":10,"ch":25,"sticky":null},"text":[""],"removed":["."],"origin":"+delete"}
2019-3-26 18:13:41.087#keyHandled#"Backspace"
2019-3-26 18:13:41.938#change#{"from":{"line":10,"ch":23,"sticky":"after"},"to":{"line":10,"ch":24,"sticky":null},"text":[""],"removed":["."],"origin":"+delete"}
2019-3-26 18:13:41.938#keyHandled#"Backspace"
2019-3-26 18:13:43.500#change#{"from":{"line":10,"ch":23,"sticky":null},"to":{"line":10,"ch":23,"sticky":null},"text":["2"],"removed":[""],"origin":"+input"}
2019-3-26 18:13:44.643#change#{"from":{"line":10,"ch":24,"sticky":null},"to":{"line":10,"ch":24,"sticky":null},"text":["*"],"removed":[""],"origin":"+input"}
2019-3-26 18:13:44.825#change#{"from":{"line":10,"ch":25,"sticky":null},"to":{"line":10,"ch":25,"sticky":null},"text":["*"],"removed":[""],"origin":"+input"}
2019-3-26 18:13:45.447#change#{"from":{"line":10,"ch":26,"sticky":null},"to":{"line":10,"ch":26,"sticky":null},"text":["3"],"removed":[""],"origin":"+input"}
2019-3-26 18:13:45.447#change#{"from":{"line":10,"ch":26,"sticky":null},"to":{"line":10,"ch":26,"sticky":null},"text":["3"],"removed":[""],"origin":"+input"}
2019-3-26 18:13:48.809#blur#
2019-3-26 18:13:49.110#saida_testar#$ python3 main.py
Adicao:  8
Subtracao:  8
Multiplicacao:  8
Divisao:  8.0
Resto:
Potenciacao:  8
2019-3-26 18:13:53.788#mousedown#{"isTrusted":true}
2019-3-26 18:13:53.844#focus#
2019-3-26 18:14:11.984#blur#
2019-3-26 18:15:02.648#focus#
2019-3-26 18:15:04.536#change#{"from":{"line":8,"ch":17,"sticky":"before","xRel":-2.3507080078125},"to":{"line":8,"ch":17,"sticky":"before","xRel":-2.3507080078125},"text":["2"],"removed":[""],"origin":"+input"}
2019-3-26 18:15:05.535#change#{"from":{"line":8,"ch":18,"sticky":null},"to":{"line":8,"ch":18,"sticky":null},"text":["0"],"removed":[""],"origin":"+input"}
2019-3-26 18:15:05.737#change#{"from":{"line":8,"ch":19,"sticky":null},"to":{"line":8,"ch":19,"sticky":null},"text":["0"],"removed":[""],"origin":"+input"}
2019-3-26 18:15:06.697#change#{"from":{"line":8,"ch":19,"sticky":"after"},"to":{"line":8,"ch":20,"sticky":null},"text":[""],"removed":["0"],"origin":"+delete"}
2019-3-26 18:15:06.697#keyHandled#"Backspace"
2019-3-26 18:15:06.880#change#{"from":{"line":8,"ch":18,"sticky":"after"},"to":{"line":8,"ch":19,"sticky":null},"text":[""],"removed":["0"],"origin":"+delete"}
2019-3-26 18:15:06.880#keyHandled#"Backspace"
2019-3-26 18:15:07.830#change#{"from":{"line":8,"ch":18,"sticky":null},"to":{"line":8,"ch":18,"sticky":null},"text":["8"],"removed":[""],"origin":"+input"}
2019-3-26 18:15:09.468#change#{"from":{"line":8,"ch":19,"sticky":null},"to":{"line":8,"ch":19,"sticky":null},"text":["/"],"removed":[""],"origin":"+input"}
2019-3-26 18:15:09.588#change#{"from":{"line":8,"ch":20,"sticky":null},"to":{"line":8,"ch":20,"sticky":null},"text":["/"],"removed":[""],"origin":"+input"}
2019-3-26 18:15:10.394#change#{"from":{"line":8,"ch":21,"sticky":null},"to":{"line":8,"ch":21,"sticky":null},"text":["2"],"removed":[""],"origin":"+input"}
2019-3-26 18:15:10.596#change#{"from":{"line":8,"ch":22,"sticky":null},"to":{"line":8,"ch":22,"sticky":null},"text":["0"],"removed":[""],"origin":"+input"}
2019-3-26 18:15:10.394#change#{"from":{"line":8,"ch":21,"sticky":null},"to":{"line":8,"ch":21,"sticky":null},"text":["2"],"removed":[""],"origin":"+input"}
2019-3-26 18:15:10.596#change#{"from":{"line":8,"ch":22,"sticky":null},"to":{"line":8,"ch":22,"sticky":null},"text":["0"],"removed":[""],"origin":"+input"}
2019-3-26 18:15:12.842#blur#
2019-3-26 18:15:28.077#mousedown#{"isTrusted":true}
2019-3-26 18:15:28.122#focus#
2019-3-26 18:15:29.210#change#{"from":{"line":8,"ch":20,"sticky":"after"},"to":{"line":8,"ch":21,"sticky":"after","xRel":0.204833984375},"text":[""],"removed":["/"],"origin":"+delete"}
2019-3-26 18:15:29.210#keyHandled#"Backspace"
2019-3-26 18:15:29.608#change#{"from":{"line":8,"ch":19,"sticky":"after"},"to":{"line":8,"ch":20,"sticky":null},"text":[""],"removed":["/"],"origin":"+delete"}
2019-3-26 18:15:29.608#keyHandled#"Backspace"
2019-3-26 18:15:36.058#change#{"from":{"line":8,"ch":19,"sticky":null},"to":{"line":8,"ch":19,"sticky":null},"text":["%"],"removed":[""],"origin":"+input"}
2019-3-26 18:15:36.058#change#{"from":{"line":8,"ch":19,"sticky":null},"to":{"line":8,"ch":19,"sticky":null},"text":["%"],"removed":[""],"origin":"+input"}
2019-3-26 18:15:37.982#blur#
2019-3-26 18:15:38.725#saida_testar#$ python3 main.py
Adicao:  8
Subtracao:  8
Multiplicacao:  8
Divisao:  8.0
Resto:  8
Potenciacao:  8
