2019-5-9 09:45:00.547#viewportChange#0
2019-5-9 09:46:45.093#mousedown#{"isTrusted":true}
2019-5-9 09:46:45.100#focus#
2019-5-9 09:46:53.998#blur#
2019-5-9 09:48:23.745#mousedown#{"isTrusted":true}
2019-5-9 09:48:23.748#focus#
2019-5-9 09:48:24.514#change#{"from":{"line":0,"ch":0,"sticky":null,"xRel":1,"outside":true},"to":{"line":0,"ch":0,"sticky":null,"xRel":1,"outside":true},"text":["n"],"removed":[""],"origin":"+input"}
2019-5-9 09:48:24.740#change#{"from":{"line":0,"ch":1,"sticky":null},"to":{"line":0,"ch":1,"sticky":null},"text":[" "],"removed":[""],"origin":"+input"}
2019-5-9 09:48:24.948#change#{"from":{"line":0,"ch":2,"sticky":null},"to":{"line":0,"ch":2,"sticky":null},"text":["="],"removed":[""],"origin":"+input"}
2019-5-9 09:48:25.039#change#{"from":{"line":0,"ch":3,"sticky":null},"to":{"line":0,"ch":3,"sticky":null},"text":[" "],"removed":[""],"origin":"+input"}
2019-5-9 09:48:28.840#change#{"from":{"line":0,"ch":4,"sticky":null},"to":{"line":0,"ch":4,"sticky":null},"text":["i"],"removed":[""],"origin":"+input"}
2019-5-9 09:48:29.010#change#{"from":{"line":0,"ch":5,"sticky":null},"to":{"line":0,"ch":5,"sticky":null},"text":["n"],"removed":[""],"origin":"+input"}
2019-5-9 09:48:29.187#change#{"from":{"line":0,"ch":6,"sticky":null},"to":{"line":0,"ch":6,"sticky":null},"text":["t"],"removed":[""],"origin":"+input"}
2019-5-9 09:48:29.968#change#{"from":{"line":0,"ch":7,"sticky":null},"to":{"line":0,"ch":7,"sticky":null},"text":["()"],"removed":[""],"origin":"+input"}
2019-5-9 09:48:29.968#keyHandled#"'('"
2019-5-9 09:48:30.000#keyHandled#"')'"
2019-5-9 09:48:30.464#keyHandled#"Down"
2019-5-9 09:48:31.124#change#{"from":{"line":0,"ch":11,"sticky":null},"to":{"line":0,"ch":11,"sticky":null},"text":["p"],"removed":[""],"origin":"+input"}
2019-5-9 09:48:31.433#change#{"from":{"line":0,"ch":11,"sticky":"after"},"to":{"line":0,"ch":12,"sticky":null},"text":[""],"removed":["p"],"origin":"+delete"}
2019-5-9 09:48:31.433#keyHandled#"Backspace"
2019-5-9 09:48:31.587#change#{"from":{"line":0,"ch":10,"sticky":"after"},"to":{"line":0,"ch":11,"sticky":null},"text":[""],"removed":["n"],"origin":"+delete"}
2019-5-9 09:48:31.587#keyHandled#"Backspace"
2019-5-9 09:48:31.722#change#{"from":{"line":0,"ch":9,"sticky":"after"},"to":{"line":0,"ch":10,"sticky":null},"text":[""],"removed":["i"],"origin":"+delete"}
2019-5-9 09:48:31.722#keyHandled#"Backspace"
2019-5-9 09:48:32.071#keyHandled#"Left"
2019-5-9 09:48:32.572#change#{"from":{"line":0,"ch":8,"sticky":"after"},"to":{"line":0,"ch":8,"sticky":"after"},"text":["i"],"removed":[""],"origin":"+input"}
2019-5-9 09:48:32.826#change#{"from":{"line":0,"ch":9,"sticky":null},"to":{"line":0,"ch":9,"sticky":null},"text":["n"],"removed":[""],"origin":"+input"}
2019-5-9 09:48:33.075#change#{"from":{"line":0,"ch":10,"sticky":null},"to":{"line":0,"ch":10,"sticky":null},"text":["p"],"removed":[""],"origin":"+input"}
2019-5-9 09:48:33.295#change#{"from":{"line":0,"ch":11,"sticky":null},"to":{"line":0,"ch":11,"sticky":null},"text":["u"],"removed":[""],"origin":"+input"}
2019-5-9 09:48:33.400#change#{"from":{"line":0,"ch":12,"sticky":null},"to":{"line":0,"ch":12,"sticky":null},"text":["t"],"removed":[""],"origin":"+input"}
2019-5-9 09:48:33.799#change#{"from":{"line":0,"ch":13,"sticky":null},"to":{"line":0,"ch":13,"sticky":null},"text":["()"],"removed":[""],"origin":"+input"}
2019-5-9 09:48:33.799#keyHandled#"'('"
2019-5-9 09:48:33.833#keyHandled#"')'"
2019-5-9 09:48:34.142#keyHandled#"Left"
2019-5-9 09:48:34.439#change#{"from":{"line":0,"ch":14,"sticky":"after"},"to":{"line":0,"ch":14,"sticky":"after"},"text":["\"\""],"removed":[""],"origin":"+input"}
2019-5-9 09:48:34.440#keyHandled#"'\"'"
2019-5-9 09:48:36.193#change#{"from":{"line":0,"ch":15,"sticky":"after"},"to":{"line":0,"ch":15,"sticky":"after"},"text":["D"],"removed":[""],"origin":"+input"}
2019-5-9 09:48:36.355#change#{"from":{"line":0,"ch":16,"sticky":null},"to":{"line":0,"ch":16,"sticky":null},"text":["i"],"removed":[""],"origin":"+input"}
2019-5-9 09:48:36.500#change#{"from":{"line":0,"ch":17,"sticky":null},"to":{"line":0,"ch":17,"sticky":null},"text":["g"],"removed":[""],"origin":"+input"}
2019-5-9 09:48:36.555#change#{"from":{"line":0,"ch":18,"sticky":null},"to":{"line":0,"ch":18,"sticky":null},"text":["i"],"removed":[""],"origin":"+input"}
2019-5-9 09:48:36.689#change#{"from":{"line":0,"ch":19,"sticky":null},"to":{"line":0,"ch":19,"sticky":null},"text":["t"],"removed":[""],"origin":"+input"}
2019-5-9 09:48:36.804#change#{"from":{"line":0,"ch":20,"sticky":null},"to":{"line":0,"ch":20,"sticky":null},"text":["e"],"removed":[""],"origin":"+input"}
2019-5-9 09:48:36.929#change#{"from":{"line":0,"ch":21,"sticky":null},"to":{"line":0,"ch":21,"sticky":null},"text":[" "],"removed":[""],"origin":"+input"}
2019-5-9 09:48:37.064#change#{"from":{"line":0,"ch":22,"sticky":null},"to":{"line":0,"ch":22,"sticky":null},"text":["a"],"removed":[""],"origin":"+input"}
2019-5-9 09:48:37.159#change#{"from":{"line":0,"ch":23,"sticky":null},"to":{"line":0,"ch":23,"sticky":null},"text":[" "],"removed":[""],"origin":"+input"}
2019-5-9 09:48:37.269#change#{"from":{"line":0,"ch":24,"sticky":null},"to":{"line":0,"ch":24,"sticky":null},"text":["q"],"removed":[""],"origin":"+input"}
2019-5-9 09:48:37.369#change#{"from":{"line":0,"ch":25,"sticky":null},"to":{"line":0,"ch":25,"sticky":null},"text":["u"],"removed":[""],"origin":"+input"}
2019-5-9 09:48:37.479#change#{"from":{"line":0,"ch":26,"sticky":null},"to":{"line":0,"ch":26,"sticky":null},"text":["a"],"removed":[""],"origin":"+input"}
2019-5-9 09:48:37.534#change#{"from":{"line":0,"ch":27,"sticky":null},"to":{"line":0,"ch":27,"sticky":null},"text":["n"],"removed":[""],"origin":"+input"}
2019-5-9 09:48:37.658#change#{"from":{"line":0,"ch":28,"sticky":null},"to":{"line":0,"ch":28,"sticky":null},"text":["t"],"removed":[""],"origin":"+input"}
2019-5-9 09:48:37.765#change#{"from":{"line":0,"ch":29,"sticky":null},"to":{"line":0,"ch":29,"sticky":null},"text":["i"],"removed":[""],"origin":"+input"}
2019-5-9 09:48:37.877#change#{"from":{"line":0,"ch":30,"sticky":null},"to":{"line":0,"ch":30,"sticky":null},"text":["d"],"removed":[""],"origin":"+input"}
2019-5-9 09:48:38.003#change#{"from":{"line":0,"ch":31,"sticky":null},"to":{"line":0,"ch":31,"sticky":null},"text":["a"],"removed":[""],"origin":"+input"}
2019-5-9 09:48:38.077#change#{"from":{"line":0,"ch":32,"sticky":null},"to":{"line":0,"ch":32,"sticky":null},"text":["d"],"removed":[""],"origin":"+input"}
2019-5-9 09:48:38.172#change#{"from":{"line":0,"ch":33,"sticky":null},"to":{"line":0,"ch":33,"sticky":null},"text":["e"],"removed":[""],"origin":"+input"}
2019-5-9 09:48:38.282#change#{"from":{"line":0,"ch":34,"sticky":null},"to":{"line":0,"ch":34,"sticky":null},"text":[" "],"removed":[""],"origin":"+input"}
2019-5-9 09:48:38.582#change#{"from":{"line":0,"ch":35,"sticky":null},"to":{"line":0,"ch":35,"sticky":null},"text":["d"],"removed":[""],"origin":"+input"}
2019-5-9 09:48:38.676#change#{"from":{"line":0,"ch":36,"sticky":null},"to":{"line":0,"ch":36,"sticky":null},"text":["e"],"removed":[""],"origin":"+input"}
2019-5-9 09:48:38.783#change#{"from":{"line":0,"ch":37,"sticky":null},"to":{"line":0,"ch":37,"sticky":null},"text":[" "],"removed":[""],"origin":"+input"}
2019-5-9 09:48:38.841#change#{"from":{"line":0,"ch":38,"sticky":null},"to":{"line":0,"ch":38,"sticky":null},"text":["t"],"removed":[""],"origin":"+input"}
2019-5-9 09:48:38.956#change#{"from":{"line":0,"ch":39,"sticky":null},"to":{"line":0,"ch":39,"sticky":null},"text":["e"],"removed":[""],"origin":"+input"}
2019-5-9 09:48:39.018#change#{"from":{"line":0,"ch":40,"sticky":null},"to":{"line":0,"ch":40,"sticky":null},"text":["r"],"removed":[""],"origin":"+input"}
2019-5-9 09:48:39.101#change#{"from":{"line":0,"ch":41,"sticky":null},"to":{"line":0,"ch":41,"sticky":null},"text":["m"],"removed":[""],"origin":"+input"}
2019-5-9 09:48:39.345#change#{"from":{"line":0,"ch":42,"sticky":null},"to":{"line":0,"ch":42,"sticky":null},"text":["o"],"removed":[""],"origin":"+input"}
2019-5-9 09:48:39.475#change#{"from":{"line":0,"ch":43,"sticky":null},"to":{"line":0,"ch":43,"sticky":null},"text":["s"],"removed":[""],"origin":"+input"}
2019-5-9 09:48:39.629#change#{"from":{"line":0,"ch":44,"sticky":null},"to":{"line":0,"ch":44,"sticky":null},"text":[" "],"removed":[""],"origin":"+input"}
2019-5-9 09:48:41.562#change#{"from":{"line":0,"ch":45,"sticky":null},"to":{"line":0,"ch":45,"sticky":null},"text":["d"],"removed":[""],"origin":"+input"}
2019-5-9 09:48:43.523#change#{"from":{"line":0,"ch":46,"sticky":null},"to":{"line":0,"ch":46,"sticky":null},"text":["a"],"removed":[""],"origin":"+input"}
2019-5-9 09:48:43.887#change#{"from":{"line":0,"ch":47,"sticky":null},"to":{"line":0,"ch":47,"sticky":null},"text":[" "],"removed":[""],"origin":"+input"}
2019-5-9 09:48:44.437#change#{"from":{"line":0,"ch":48,"sticky":null},"to":{"line":0,"ch":48,"sticky":null},"text":["F"],"removed":[""],"origin":"+input"}
2019-5-9 09:48:44.886#change#{"from":{"line":0,"ch":49,"sticky":null},"to":{"line":0,"ch":49,"sticky":null},"text":["o"],"removed":[""],"origin":"+input"}
2019-5-9 09:48:44.981#change#{"from":{"line":0,"ch":50,"sticky":null},"to":{"line":0,"ch":50,"sticky":null},"text":["r"],"removed":[""],"origin":"+input"}
2019-5-9 09:48:45.111#change#{"from":{"line":0,"ch":51,"sticky":null},"to":{"line":0,"ch":51,"sticky":null},"text":["m"],"removed":[""],"origin":"+input"}
2019-5-9 09:48:45.290#change#{"from":{"line":0,"ch":52,"sticky":null},"to":{"line":0,"ch":52,"sticky":null},"text":["u"],"removed":[""],"origin":"+input"}
2019-5-9 09:48:45.610#change#{"from":{"line":0,"ch":53,"sticky":null},"to":{"line":0,"ch":53,"sticky":null},"text":["l"],"removed":[""],"origin":"+input"}
2019-5-9 09:48:45.740#change#{"from":{"line":0,"ch":54,"sticky":null},"to":{"line":0,"ch":54,"sticky":null},"text":["a"],"removed":[""],"origin":"+input"}
2019-5-9 09:48:45.840#change#{"from":{"line":0,"ch":55,"sticky":null},"to":{"line":0,"ch":55,"sticky":null},"text":[" "],"removed":[""],"origin":"+input"}
2019-5-9 09:48:45.909#change#{"from":{"line":0,"ch":56,"sticky":null},"to":{"line":0,"ch":56,"sticky":null},"text":["d"],"removed":[""],"origin":"+input"}
2019-5-9 09:48:46.005#change#{"from":{"line":0,"ch":57,"sticky":null},"to":{"line":0,"ch":57,"sticky":null},"text":["e"],"removed":[""],"origin":"+input"}
2019-5-9 09:48:46.074#change#{"from":{"line":0,"ch":58,"sticky":null},"to":{"line":0,"ch":58,"sticky":null},"text":[" "],"removed":[""],"origin":"+input"}
2019-5-9 09:48:46.419#change#{"from":{"line":0,"ch":59,"sticky":null},"to":{"line":0,"ch":59,"sticky":null},"text":["E"],"removed":[""],"origin":"+input"}
2019-5-9 09:48:46.593#change#{"from":{"line":0,"ch":60,"sticky":null},"to":{"line":0,"ch":60,"sticky":null},"text":["u"],"removed":[""],"origin":"+input"}
2019-5-9 09:48:46.774#change#{"from":{"line":0,"ch":61,"sticky":null},"to":{"line":0,"ch":61,"sticky":null},"text":["l"],"removed":[""],"origin":"+input"}
2019-5-9 09:48:46.873#change#{"from":{"line":0,"ch":62,"sticky":null},"to":{"line":0,"ch":62,"sticky":null},"text":["e"],"removed":[""],"origin":"+input"}
2019-5-9 09:48:46.958#change#{"from":{"line":0,"ch":63,"sticky":null},"to":{"line":0,"ch":63,"sticky":null},"text":["r"],"removed":[""],"origin":"+input"}
2019-5-9 09:48:47.781#change#{"from":{"line":0,"ch":64,"sticky":null},"to":{"line":0,"ch":64,"sticky":null},"text":[":"],"removed":[""],"origin":"+input"}
2019-5-9 09:48:48.061#change#{"from":{"line":0,"ch":65,"sticky":null},"to":{"line":0,"ch":65,"sticky":null},"text":[" "],"removed":[""],"origin":"+input"}
2019-5-9 09:48:48.583#keyHandled#"Right"
2019-5-9 09:48:48.748#keyHandled#"Right"
2019-5-9 09:48:48.939#keyHandled#"Right"
2019-5-9 09:48:49.355#change#{"from":{"line":0,"ch":69,"sticky":"before"},"to":{"line":0,"ch":69,"sticky":"before"},"text":["",""],"removed":[""],"origin":"+input"}
2019-5-9 09:48:49.355#keyHandled#"Enter"
2019-5-9 09:48:49.359#viewportChange#0
2019-5-9 09:48:49.517#change#{"from":{"line":1,"ch":0,"sticky":null},"to":{"line":1,"ch":0,"sticky":null},"text":["",""],"removed":[""],"origin":"+input"}
2019-5-9 09:48:49.517#keyHandled#"Enter"
2019-5-9 09:48:49.521#viewportChange#0
2019-5-9 09:48:52.889#change#{"from":{"line":2,"ch":0,"sticky":null},"to":{"line":2,"ch":0,"sticky":null},"text":["s"],"removed":[""],"origin":"+input"}
2019-5-9 09:48:53.022#change#{"from":{"line":2,"ch":1,"sticky":null},"to":{"line":2,"ch":1,"sticky":null},"text":["o"],"removed":[""],"origin":"+input"}
2019-5-9 09:48:53.162#change#{"from":{"line":2,"ch":2,"sticky":null},"to":{"line":2,"ch":2,"sticky":null},"text":["m"],"removed":[""],"origin":"+input"}
2019-5-9 09:48:53.232#change#{"from":{"line":2,"ch":3,"sticky":null},"to":{"line":2,"ch":3,"sticky":null},"text":["a"],"removed":[""],"origin":"+input"}
2019-5-9 09:48:53.453#change#{"from":{"line":2,"ch":4,"sticky":null},"to":{"line":2,"ch":4,"sticky":null},"text":[" "],"removed":[""],"origin":"+input"}
2019-5-9 09:48:53.573#change#{"from":{"line":2,"ch":5,"sticky":null},"to":{"line":2,"ch":5,"sticky":null},"text":["="],"removed":[""],"origin":"+input"}
2019-5-9 09:48:53.647#change#{"from":{"line":2,"ch":6,"sticky":null},"to":{"line":2,"ch":6,"sticky":null},"text":[" "],"removed":[""],"origin":"+input"}
2019-5-9 09:48:53.769#change#{"from":{"line":2,"ch":7,"sticky":null},"to":{"line":2,"ch":7,"sticky":null},"text":["0"],"removed":[""],"origin":"+input"}
2019-5-9 09:48:53.971#change#{"from":{"line":2,"ch":8,"sticky":null},"to":{"line":2,"ch":8,"sticky":null},"text":["",""],"removed":[""],"origin":"+input"}
2019-5-9 09:48:53.971#keyHandled#"Enter"
2019-5-9 09:48:53.975#viewportChange#0
2019-5-9 09:48:54.281#change#{"from":{"line":3,"ch":0,"sticky":null},"to":{"line":3,"ch":0,"sticky":null},"text":["i"],"removed":[""],"origin":"+input"}
2019-5-9 09:48:54.445#change#{"from":{"line":3,"ch":1,"sticky":null},"to":{"line":3,"ch":1,"sticky":null},"text":[" "],"removed":[""],"origin":"+input"}
2019-5-9 09:48:54.565#change#{"from":{"line":3,"ch":2,"sticky":null},"to":{"line":3,"ch":2,"sticky":null},"text":["p"],"removed":[""],"origin":"+input"}
2019-5-9 09:48:54.948#change#{"from":{"line":3,"ch":2,"sticky":"after"},"to":{"line":3,"ch":3,"sticky":null},"text":[""],"removed":["p"],"origin":"+delete"}
2019-5-9 09:48:54.948#keyHandled#"Backspace"
2019-5-9 09:48:55.145#change#{"from":{"line":3,"ch":2,"sticky":null},"to":{"line":3,"ch":2,"sticky":null},"text":["="],"removed":[""],"origin":"+input"}
2019-5-9 09:48:55.269#change#{"from":{"line":3,"ch":3,"sticky":null},"to":{"line":3,"ch":3,"sticky":null},"text":[" "],"removed":[""],"origin":"+input"}
2019-5-9 09:48:55.440#change#{"from":{"line":3,"ch":4,"sticky":null},"to":{"line":3,"ch":4,"sticky":null},"text":["0"],"removed":[""],"origin":"+input"}
2019-5-9 09:48:55.653#change#{"from":{"line":3,"ch":5,"sticky":null},"to":{"line":3,"ch":5,"sticky":null},"text":["",""],"removed":[""],"origin":"+input"}
2019-5-9 09:48:55.653#keyHandled#"Enter"
2019-5-9 09:48:55.656#viewportChange#0
2019-5-9 09:48:55.802#change#{"from":{"line":4,"ch":0,"sticky":null},"to":{"line":4,"ch":0,"sticky":null},"text":["",""],"removed":[""],"origin":"+input"}
2019-5-9 09:48:55.802#keyHandled#"Enter"
2019-5-9 09:48:55.805#viewportChange#0
2019-5-9 09:48:56.133#change#{"from":{"line":5,"ch":0,"sticky":null},"to":{"line":5,"ch":0,"sticky":null},"text":["w"],"removed":[""],"origin":"+input"}
2019-5-9 09:48:56.283#change#{"from":{"line":5,"ch":1,"sticky":null},"to":{"line":5,"ch":1,"sticky":null},"text":["h"],"removed":[""],"origin":"+input"}
2019-5-9 09:48:56.417#change#{"from":{"line":5,"ch":2,"sticky":null},"to":{"line":5,"ch":2,"sticky":null},"text":["i"],"removed":[""],"origin":"+input"}
2019-5-9 09:48:56.628#change#{"from":{"line":5,"ch":3,"sticky":null},"to":{"line":5,"ch":3,"sticky":null},"text":["l"],"removed":[""],"origin":"+input"}
2019-5-9 09:48:56.743#change#{"from":{"line":5,"ch":4,"sticky":null},"to":{"line":5,"ch":4,"sticky":null},"text":["e"],"removed":[""],"origin":"+input"}
2019-5-9 09:48:57.037#change#{"from":{"line":5,"ch":5,"sticky":null},"to":{"line":5,"ch":5,"sticky":null},"text":[" "],"removed":[""],"origin":"+input"}
2019-5-9 09:48:57.316#change#{"from":{"line":5,"ch":6,"sticky":null},"to":{"line":5,"ch":6,"sticky":null},"text":["()"],"removed":[""],"origin":"+input"}
2019-5-9 09:48:57.316#keyHandled#"'('"
2019-5-9 09:48:57.420#keyHandled#"')'"
2019-5-9 09:48:57.968#keyHandled#"Left"
2019-5-9 09:48:58.312#change#{"from":{"line":5,"ch":7,"sticky":"after"},"to":{"line":5,"ch":7,"sticky":"after"},"text":["i"],"removed":[""],"origin":"+input"}
2019-5-9 09:48:58.404#change#{"from":{"line":5,"ch":8,"sticky":null},"to":{"line":5,"ch":8,"sticky":null},"text":[" "],"removed":[""],"origin":"+input"}
2019-5-9 09:48:58.689#change#{"from":{"line":5,"ch":9,"sticky":null},"to":{"line":5,"ch":9,"sticky":null},"text":["<"],"removed":[""],"origin":"+input"}
2019-5-9 09:48:58.884#change#{"from":{"line":5,"ch":10,"sticky":null},"to":{"line":5,"ch":10,"sticky":null},"text":[" "],"removed":[""],"origin":"+input"}
2019-5-9 09:48:59.049#change#{"from":{"line":5,"ch":11,"sticky":null},"to":{"line":5,"ch":11,"sticky":null},"text":["n"],"removed":[""],"origin":"+input"}
2019-5-9 09:48:59.317#keyHandled#"Right"
2019-5-9 09:48:59.649#change#{"from":{"line":5,"ch":13,"sticky":"before"},"to":{"line":5,"ch":13,"sticky":"before"},"text":[":"],"removed":[""],"origin":"+input"}
2019-5-9 09:48:59.841#change#{"from":{"line":5,"ch":14,"sticky":null},"to":{"line":5,"ch":14,"sticky":null},"text":["",""],"removed":[""],"origin":"+input"}
2019-5-9 09:48:59.841#change#{"from":{"line":6,"ch":0,"sticky":null},"to":{"line":6,"ch":0,"sticky":null},"text":["\t"],"removed":[""],"origin":"+input"}
2019-5-9 09:48:59.841#keyHandled#"Enter"
2019-5-9 09:48:59.845#viewportChange#0
2019-5-9 09:49:01.732#change#{"from":{"line":0,"ch":0,"sticky":"after"},"to":{"line":0,"ch":1,"sticky":"after","xRel":3.83331298828125},"text":[""],"removed":["n"],"origin":"+delete"}
2019-5-9 09:49:01.732#keyHandled#"Backspace"
2019-5-9 09:49:01.872#change#{"from":{"line":0,"ch":0,"sticky":null},"to":{"line":0,"ch":0,"sticky":null},"text":["k"],"removed":[""],"origin":"+input"}
2019-5-9 09:49:02.952#mousedown#{"isTrusted":true}
2019-5-9 09:49:03.632#change#{"from":{"line":5,"ch":11,"sticky":"after"},"to":{"line":5,"ch":12,"sticky":"after","xRel":3.85064697265625},"text":[""],"removed":["n"],"origin":"+delete"}
2019-5-9 09:49:03.632#keyHandled#"Backspace"
2019-5-9 09:49:03.828#change#{"from":{"line":5,"ch":11,"sticky":null},"to":{"line":5,"ch":11,"sticky":null},"text":["k"],"removed":[""],"origin":"+input"}
2019-5-9 09:49:04.044#keyHandled#"Down"
2019-5-9 09:49:10.370#mousedown#{"isTrusted":true}
2019-5-9 09:49:12.349#mousedown#{"isTrusted":true}
2019-5-9 09:49:57.579#change#{"from":{"line":6,"ch":1,"sticky":"before","xRel":10.416631698608398},"to":{"line":6,"ch":1,"sticky":"before","xRel":10.416631698608398},"text":["s"],"removed":[""],"origin":"+input"}
2019-5-9 09:49:58.677#change#{"from":{"line":6,"ch":2,"sticky":null},"to":{"line":6,"ch":2,"sticky":null},"text":["o"],"removed":[""],"origin":"+input"}
2019-5-9 09:49:58.836#change#{"from":{"line":6,"ch":3,"sticky":null},"to":{"line":6,"ch":3,"sticky":null},"text":["m"],"removed":[""],"origin":"+input"}
2019-5-9 09:49:58.906#change#{"from":{"line":6,"ch":4,"sticky":null},"to":{"line":6,"ch":4,"sticky":null},"text":["a"],"removed":[""],"origin":"+input"}
2019-5-9 09:49:59.151#change#{"from":{"line":6,"ch":5,"sticky":null},"to":{"line":6,"ch":5,"sticky":null},"text":[" "],"removed":[""],"origin":"+input"}
2019-5-9 09:49:59.301#change#{"from":{"line":6,"ch":6,"sticky":null},"to":{"line":6,"ch":6,"sticky":null},"text":["="],"removed":[""],"origin":"+input"}
2019-5-9 09:49:59.401#change#{"from":{"line":6,"ch":7,"sticky":null},"to":{"line":6,"ch":7,"sticky":null},"text":[" "],"removed":[""],"origin":"+input"}
2019-5-9 09:50:00.553#change#{"from":{"line":6,"ch":7,"sticky":"after"},"to":{"line":6,"ch":8,"sticky":null},"text":[""],"removed":[" "],"origin":"+delete"}
2019-5-9 09:50:00.553#keyHandled#"Backspace"
2019-5-9 09:50:00.693#change#{"from":{"line":6,"ch":6,"sticky":"after"},"to":{"line":6,"ch":7,"sticky":null},"text":[""],"removed":["="],"origin":"+delete"}
2019-5-9 09:50:00.693#keyHandled#"Backspace"
2019-5-9 09:50:06.621#change#{"from":{"line":6,"ch":11,"sticky":null},"to":{"line":6,"ch":11,"sticky":null},"text":["r"],"removed":[""],"origin":"+input"}
2019-5-9 09:50:06.790#change#{"from":{"line":6,"ch":12,"sticky":null},"to":{"line":6,"ch":12,"sticky":null},"text":["t"],"removed":[""],"origin":"+input"}
2019-5-9 09:50:07.339#change#{"from":{"line":6,"ch":13,"sticky":null},"to":{"line":6,"ch":13,"sticky":null},"text":["()"],"removed":[""],"origin":"+input"}
2019-5-9 09:50:07.339#keyHandled#"'('"
2019-5-9 09:50:07.344#keyHandled#"')'"
2019-5-9 09:50:08.367#keyHandled#"Left"
2019-5-9 09:50:10.315#change#{"from":{"line":6,"ch":14,"sticky":"after"},"to":{"line":6,"ch":14,"sticky":"after"},"text":["()"],"removed":[""],"origin":"+input"}
2019-5-9 09:50:10.315#keyHandled#"'('"
2019-5-9 09:50:10.365#keyHandled#"')'"
2019-5-9 09:50:12.985#keyHandled#"Right"
2019-5-9 09:50:14.420#change#{"from":{"line":6,"ch":16,"sticky":"before"},"to":{"line":6,"ch":16,"sticky":"before"},"text":["*"],"removed":[""],"origin":"+input"}
2019-5-9 09:50:14.809#change#{"from":{"line":6,"ch":17,"sticky":null},"to":{"line":6,"ch":17,"sticky":null},"text":["6"],"removed":[""],"origin":"+input"}
2019-5-9 09:50:15.622#keyHandled#"Left"
2019-5-9 09:50:15.799#keyHandled#"Left"
2019-5-9 09:50:16.041#keyHandled#"Left"
2019-5-9 09:50:29.896#change#{"from":{"line":6,"ch":15,"sticky":"after"},"to":{"line":6,"ch":15,"sticky":"after"},"text":["i"],"removed":[""],"origin":"+input"}
2019-5-9 09:50:30.310#change#{"from":{"line":6,"ch":16,"sticky":null},"to":{"line":6,"ch":16,"sticky":null},"text":["+"],"removed":[""],"origin":"+input"}
2019-5-9 09:50:30.670#change#{"from":{"line":6,"ch":17,"sticky":null},"to":{"line":6,"ch":17,"sticky":null},"text":["1"],"removed":[""],"origin":"+input"}
2019-5-9 09:50:36.591#keyHandled#"Right"
2019-5-9 09:50:37.153#change#{"from":{"line":6,"ch":19,"sticky":"before"},"to":{"line":6,"ch":19,"sticky":"before"},"text":["/"],"removed":[""],"origin":"+input"}
2019-5-9 09:50:39.222#change#{"from":{"line":6,"ch":20,"sticky":null},"to":{"line":6,"ch":20,"sticky":null},"text":["("],"removed":[""],"origin":"+input"}
2019-5-9 09:50:39.307#change#{"from":{"line":6,"ch":21,"sticky":null},"to":{"line":6,"ch":21,"sticky":null},"text":[")"],"removed":[""],"origin":"+input"}
2019-5-9 09:50:39.863#keyHandled#"Left"
2019-5-9 09:50:44.645#change#{"from":{"line":6,"ch":21,"sticky":"after"},"to":{"line":6,"ch":21,"sticky":"after"},"text":["i"],"removed":[""],"origin":"+input"}
2019-5-9 09:50:47.876#change#{"from":{"line":6,"ch":21,"sticky":"after"},"to":{"line":6,"ch":22,"sticky":null},"text":[""],"removed":["i"],"origin":"+delete"}
2019-5-9 09:50:47.876#keyHandled#"Backspace"
2019-5-9 09:50:48.470#change#{"from":{"line":6,"ch":21,"sticky":null},"to":{"line":6,"ch":21,"sticky":null},"text":["()"],"removed":[""],"origin":"+input"}
2019-5-9 09:50:48.470#keyHandled#"'('"
2019-5-9 09:50:48.510#keyHandled#"')'"
2019-5-9 09:50:48.913#keyHandled#"Left"
2019-5-9 09:50:49.270#change#{"from":{"line":6,"ch":22,"sticky":"after"},"to":{"line":6,"ch":22,"sticky":"after"},"text":["i"],"removed":[""],"origin":"+input"}
2019-5-9 09:50:49.884#change#{"from":{"line":6,"ch":23,"sticky":null},"to":{"line":6,"ch":23,"sticky":null},"text":["+"],"removed":[""],"origin":"+input"}
2019-5-9 09:50:50.134#change#{"from":{"line":6,"ch":24,"sticky":null},"to":{"line":6,"ch":24,"sticky":null},"text":["1"],"removed":[""],"origin":"+input"}
2019-5-9 09:50:50.491#keyHandled#"Right"
2019-5-9 09:50:51.132#change#{"from":{"line":6,"ch":26,"sticky":"before"},"to":{"line":6,"ch":26,"sticky":"before"},"text":["*"],"removed":[""],"origin":"+input"}
2019-5-9 09:50:51.262#change#{"from":{"line":6,"ch":27,"sticky":null},"to":{"line":6,"ch":27,"sticky":null},"text":["*"],"removed":[""],"origin":"+input"}
2019-5-9 09:50:51.822#change#{"from":{"line":6,"ch":28,"sticky":null},"to":{"line":6,"ch":28,"sticky":null},"text":["2"],"removed":[""],"origin":"+input"}
2019-5-9 09:50:52.286#keyHandled#"Left"
2019-5-9 09:50:52.779#keyHandled#"Left"
2019-5-9 09:50:52.814#keyHandled#"Left"
2019-5-9 09:50:52.849#keyHandled#"Left"
2019-5-9 09:50:52.884#keyHandled#"Left"
2019-5-9 09:50:52.918#keyHandled#"Left"
2019-5-9 09:50:52.953#keyHandled#"Left"
2019-5-9 09:50:52.990#keyHandled#"Left"
2019-5-9 09:50:53.023#keyHandled#"Left"
2019-5-9 09:50:53.059#keyHandled#"Left"
2019-5-9 09:50:53.094#keyHandled#"Left"
2019-5-9 09:50:53.128#keyHandled#"Left"
2019-5-9 09:50:53.328#keyHandled#"Left"
2019-5-9 09:50:53.474#keyHandled#"Left"
2019-5-9 09:50:53.603#keyHandled#"Left"
2019-5-9 09:50:53.758#keyHandled#"Left"
2019-5-9 09:50:54.397#keyHandled#"Right"
2019-5-9 09:50:59.068#change#{"from":{"line":6,"ch":14,"sticky":"before"},"to":{"line":6,"ch":14,"sticky":"before"},"text":["("],"removed":[""],"origin":"+input"}
2019-5-9 09:50:59.411#keyHandled#"Right"
2019-5-9 09:50:59.905#keyHandled#"Right"
2019-5-9 09:50:59.940#keyHandled#"Right"
2019-5-9 09:50:59.975#keyHandled#"Right"
2019-5-9 09:51:00.010#keyHandled#"Right"
2019-5-9 09:51:00.045#keyHandled#"Right"
2019-5-9 09:51:00.080#keyHandled#"Right"
2019-5-9 09:51:00.115#keyHandled#"Right"
2019-5-9 09:51:00.150#keyHandled#"Right"
2019-5-9 09:51:00.185#keyHandled#"Right"
2019-5-9 09:51:00.220#keyHandled#"Right"
2019-5-9 09:51:00.255#keyHandled#"Right"
2019-5-9 09:51:00.291#keyHandled#"Right"
2019-5-9 09:51:00.469#keyHandled#"Right"
2019-5-9 09:51:00.629#keyHandled#"Right"
2019-5-9 09:51:01.425#change#{"from":{"line":6,"ch":31,"sticky":"before"},"to":{"line":6,"ch":31,"sticky":"before"},"text":[")"],"removed":[""],"origin":"+input"}
2019-5-9 09:51:10.980#mousedown#{"isTrusted":true}
2019-5-9 09:51:11.635#mousedown#{"isTrusted":true}
2019-5-9 09:51:13.264#mousedown#{"isTrusted":true}
2019-5-9 09:51:14.065#change#{"from":{"line":6,"ch":35,"sticky":"before","xRel":58.8714599609375},"to":{"line":6,"ch":35,"sticky":"before","xRel":58.8714599609375},"text":["",""],"removed":[""],"origin":"+input"}
2019-5-9 09:51:14.065#change#{"from":{"line":7,"ch":0,"sticky":null},"to":{"line":7,"ch":0,"sticky":null},"text":["\t"],"removed":[""],"origin":"+input"}
2019-5-9 09:51:14.065#keyHandled#"Enter"
2019-5-9 09:51:14.069#viewportChange#0
2019-5-9 09:51:14.642#change#{"from":{"line":7,"ch":1,"sticky":null},"to":{"line":7,"ch":1,"sticky":null},"text":["i"],"removed":[""],"origin":"+input"}
2019-5-9 09:51:15.450#change#{"from":{"line":7,"ch":2,"sticky":null},"to":{"line":7,"ch":2,"sticky":null},"text":[" "],"removed":[""],"origin":"+input"}
2019-5-9 09:51:15.824#change#{"from":{"line":7,"ch":3,"sticky":null},"to":{"line":7,"ch":3,"sticky":null},"text":["+"],"removed":[""],"origin":"+input"}
2019-5-9 09:51:15.979#change#{"from":{"line":7,"ch":4,"sticky":null},"to":{"line":7,"ch":4,"sticky":null},"text":["="],"removed":[""],"origin":"+input"}
2019-5-9 09:51:16.134#change#{"from":{"line":7,"ch":5,"sticky":null},"to":{"line":7,"ch":5,"sticky":null},"text":[" "],"removed":[""],"origin":"+input"}
2019-5-9 09:51:16.308#change#{"from":{"line":7,"ch":6,"sticky":null},"to":{"line":7,"ch":6,"sticky":null},"text":["1"],"removed":[""],"origin":"+input"}
2019-5-9 09:51:16.488#change#{"from":{"line":7,"ch":7,"sticky":null},"to":{"line":7,"ch":7,"sticky":null},"text":["",""],"removed":[""],"origin":"+input"}
2019-5-9 09:51:16.488#change#{"from":{"line":8,"ch":0,"sticky":null},"to":{"line":8,"ch":0,"sticky":null},"text":["\t"],"removed":[""],"origin":"+input"}
2019-5-9 09:51:16.488#keyHandled#"Enter"
2019-5-9 09:51:16.492#viewportChange#0
2019-5-9 09:51:16.727#change#{"from":{"line":8,"ch":0,"sticky":"after"},"to":{"line":8,"ch":1,"sticky":null},"text":[""],"removed":["\t"],"origin":"+delete"}
2019-5-9 09:51:16.727#keyHandled#"Backspace"
2019-5-9 09:51:18.302#change#{"from":{"line":8,"ch":0,"sticky":null},"to":{"line":8,"ch":0,"sticky":null},"text":["p"],"removed":[""],"origin":"+input"}
2019-5-9 09:51:18.403#change#{"from":{"line":8,"ch":1,"sticky":null},"to":{"line":8,"ch":1,"sticky":null},"text":["r"],"removed":[""],"origin":"+input"}
2019-5-9 09:51:18.572#change#{"from":{"line":8,"ch":2,"sticky":null},"to":{"line":8,"ch":2,"sticky":null},"text":["i"],"removed":[""],"origin":"+input"}
2019-5-9 09:51:18.772#change#{"from":{"line":8,"ch":3,"sticky":null},"to":{"line":8,"ch":3,"sticky":null},"text":["n"],"removed":[""],"origin":"+input"}
2019-5-9 09:51:18.866#change#{"from":{"line":8,"ch":4,"sticky":null},"to":{"line":8,"ch":4,"sticky":null},"text":["t"],"removed":[""],"origin":"+input"}
2019-5-9 09:51:19.286#change#{"from":{"line":8,"ch":5,"sticky":null},"to":{"line":8,"ch":5,"sticky":null},"text":["()"],"removed":[""],"origin":"+input"}
2019-5-9 09:51:19.286#keyHandled#"'('"
2019-5-9 09:51:19.330#keyHandled#"')'"
2019-5-9 09:51:25.677#keyHandled#"Left"
2019-5-9 09:51:26.853#change#{"from":{"line":8,"ch":6,"sticky":"after"},"to":{"line":8,"ch":6,"sticky":"after"},"text":["\"\""],"removed":[""],"origin":"+input"}
2019-5-9 09:51:26.853#keyHandled#"'\"'"
2019-5-9 09:51:27.887#change#{"from":{"line":8,"ch":7,"sticky":"after"},"to":{"line":8,"ch":7,"sticky":"after"},"text":["%"],"removed":[""],"origin":"+input"}
2019-5-9 09:51:29.241#change#{"from":{"line":8,"ch":8,"sticky":null},"to":{"line":8,"ch":8,"sticky":null},"text":["."],"removed":[""],"origin":"+input"}
2019-5-9 09:51:29.981#change#{"from":{"line":8,"ch":9,"sticky":null},"to":{"line":8,"ch":9,"sticky":null},"text":["6"],"removed":[""],"origin":"+input"}
2019-5-9 09:51:30.534#change#{"from":{"line":8,"ch":10,"sticky":null},"to":{"line":8,"ch":10,"sticky":null},"text":["f"],"removed":[""],"origin":"+input"}
2019-5-9 09:51:30.714#keyHandled#"Right"
2019-5-9 09:51:32.591#change#{"from":{"line":8,"ch":13,"sticky":null},"to":{"line":8,"ch":13,"sticky":null},"text":["%"],"removed":[""],"origin":"+input"}
2019-5-9 09:51:33.291#change#{"from":{"line":8,"ch":14,"sticky":null},"to":{"line":8,"ch":14,"sticky":null},"text":["s"],"removed":[""],"origin":"+input"}
2019-5-9 09:51:33.388#change#{"from":{"line":8,"ch":15,"sticky":null},"to":{"line":8,"ch":15,"sticky":null},"text":["o"],"removed":[""],"origin":"+input"}
2019-5-9 09:51:33.556#change#{"from":{"line":8,"ch":16,"sticky":null},"to":{"line":8,"ch":16,"sticky":null},"text":["m"],"removed":[""],"origin":"+input"}
2019-5-9 09:51:33.650#change#{"from":{"line":8,"ch":17,"sticky":null},"to":{"line":8,"ch":17,"sticky":null},"text":["a"],"removed":[""],"origin":"+input"}
2019-5-9 09:51:34.988#blur#
2019-5-9 09:51:34.988#blur#
2019-5-9 09:51:42.392#mousedown#{"isTrusted":true}
2019-5-9 09:51:42.504#focus#
2019-5-9 09:51:42.999#change#{"from":{"line":0,"ch":0,"sticky":"after","xRel":0.5242919921875},"to":{"line":0,"ch":0,"sticky":"after","xRel":0.5242919921875},"text":["",""],"removed":[""],"origin":"+input"}
2019-5-9 09:51:42.999#keyHandled#"Enter"
2019-5-9 09:51:43.009#viewportChange#0
2019-5-9 09:51:43.314#keyHandled#"Up"
2019-5-9 09:51:43.473#keyHandled#"Up"
2019-5-9 09:51:43.833#change#{"from":{"line":0,"ch":0,"sticky":null,"xRel":-1,"outside":true,"hitSide":true},"to":{"line":0,"ch":0,"sticky":null,"xRel":-1,"outside":true,"hitSide":true},"text":["",""],"removed":[""],"origin":"+input"}
2019-5-9 09:51:43.833#keyHandled#"Enter"
2019-5-9 09:51:43.837#viewportChange#0
2019-5-9 09:51:44.057#keyHandled#"Up"
2019-5-9 09:51:44.693#change#{"from":{"line":0,"ch":0,"sticky":"after","xRel":0},"to":{"line":0,"ch":0,"sticky":"after","xRel":0},"text":["f"],"removed":[""],"origin":"+input"}
2019-5-9 09:51:44.863#change#{"from":{"line":0,"ch":1,"sticky":null},"to":{"line":0,"ch":1,"sticky":null},"text":["o"],"removed":[""],"origin":"+input"}
2019-5-9 09:51:44.873#change#{"from":{"line":0,"ch":2,"sticky":null},"to":{"line":0,"ch":2,"sticky":null},"text":["r"],"removed":[""],"origin":"+input"}
2019-5-9 09:51:45.078#change#{"from":{"line":0,"ch":3,"sticky":null},"to":{"line":0,"ch":3,"sticky":null},"text":["m"],"removed":[""],"origin":"+input"}
2019-5-9 09:51:45.491#change#{"from":{"line":0,"ch":3,"sticky":"after"},"to":{"line":0,"ch":4,"sticky":null},"text":[""],"removed":["m"],"origin":"+delete"}
2019-5-9 09:51:45.491#keyHandled#"Backspace"
2019-5-9 09:51:45.636#change#{"from":{"line":0,"ch":2,"sticky":"after"},"to":{"line":0,"ch":3,"sticky":null},"text":[""],"removed":["r"],"origin":"+delete"}
2019-5-9 09:51:45.636#keyHandled#"Backspace"
2019-5-9 09:51:45.967#change#{"from":{"line":0,"ch":1,"sticky":"after"},"to":{"line":0,"ch":2,"sticky":null},"text":[""],"removed":["o"],"origin":"+delete"}
2019-5-9 09:51:45.967#keyHandled#"Backspace"
2019-5-9 09:51:46.062#change#{"from":{"line":0,"ch":1,"sticky":null},"to":{"line":0,"ch":1,"sticky":null},"text":["r"],"removed":[""],"origin":"+input"}
2019-5-9 09:51:46.192#change#{"from":{"line":0,"ch":2,"sticky":null},"to":{"line":0,"ch":2,"sticky":null},"text":["o"],"removed":[""],"origin":"+input"}
2019-5-9 09:51:46.377#change#{"from":{"line":0,"ch":3,"sticky":null},"to":{"line":0,"ch":3,"sticky":null},"text":["m"],"removed":[""],"origin":"+input"}
2019-5-9 09:51:46.442#change#{"from":{"line":0,"ch":4,"sticky":null},"to":{"line":0,"ch":4,"sticky":null},"text":[" "],"removed":[""],"origin":"+input"}
2019-5-9 09:51:46.651#change#{"from":{"line":0,"ch":5,"sticky":null},"to":{"line":0,"ch":5,"sticky":null},"text":["m"],"removed":[""],"origin":"+input"}
2019-5-9 09:51:46.757#change#{"from":{"line":0,"ch":6,"sticky":null},"to":{"line":0,"ch":6,"sticky":null},"text":["a"],"removed":[""],"origin":"+input"}
2019-5-9 09:51:46.927#change#{"from":{"line":0,"ch":7,"sticky":null},"to":{"line":0,"ch":7,"sticky":null},"text":["t"],"removed":[""],"origin":"+input"}
2019-5-9 09:51:47.027#change#{"from":{"line":0,"ch":8,"sticky":null},"to":{"line":0,"ch":8,"sticky":null},"text":["h"],"removed":[""],"origin":"+input"}
2019-5-9 09:51:47.181#change#{"from":{"line":0,"ch":9,"sticky":null},"to":{"line":0,"ch":9,"sticky":null},"text":[" "],"removed":[""],"origin":"+input"}
2019-5-9 09:51:47.396#change#{"from":{"line":0,"ch":10,"sticky":null},"to":{"line":0,"ch":10,"sticky":null},"text":["i"],"removed":[""],"origin":"+input"}
2019-5-9 09:51:47.562#change#{"from":{"line":0,"ch":11,"sticky":null},"to":{"line":0,"ch":11,"sticky":null},"text":["m"],"removed":[""],"origin":"+input"}
2019-5-9 09:51:47.712#change#{"from":{"line":0,"ch":12,"sticky":null},"to":{"line":0,"ch":12,"sticky":null},"text":["p"],"removed":[""],"origin":"+input"}
2019-5-9 09:51:47.796#change#{"from":{"line":0,"ch":13,"sticky":null},"to":{"line":0,"ch":13,"sticky":null},"text":["o"],"removed":[""],"origin":"+input"}
2019-5-9 09:51:47.897#change#{"from":{"line":0,"ch":14,"sticky":null},"to":{"line":0,"ch":14,"sticky":null},"text":["r"],"removed":[""],"origin":"+input"}
2019-5-9 09:51:47.977#change#{"from":{"line":0,"ch":15,"sticky":null},"to":{"line":0,"ch":15,"sticky":null},"text":["t"],"removed":[""],"origin":"+input"}
2019-5-9 09:51:48.552#change#{"from":{"line":0,"ch":16,"sticky":null},"to":{"line":0,"ch":16,"sticky":null},"text":["*"],"removed":[""],"origin":"+input"}
2019-5-9 09:51:49.770#blur#
2019-5-9 09:51:49.770#blur#
2019-5-9 09:51:51.304#saida_testar#$ python3 main.py
Digite a quantidade de termos da Formula de Euler: 10
Traceback (most recent call last):
File "main.py", line 7, in <module>
soma += sqrt(((i+1)/((i+1)**2))*6)
NameError: name 'sqrt' is not defined
2019-5-9 09:52:11.680#mousedown#{"isTrusted":true}
2019-5-9 09:52:11.781#focus#
2019-5-9 09:52:12.481#keyHandled#"Right"
2019-5-9 09:52:12.778#change#{"from":{"line":8,"ch":13,"sticky":"after"},"to":{"line":8,"ch":14,"sticky":"before"},"text":[""],"removed":["("],"origin":"+delete"}
2019-5-9 09:52:12.778#keyHandled#"Backspace"
2019-5-9 09:52:12.928#change#{"from":{"line":8,"ch":12,"sticky":"after"},"to":{"line":8,"ch":13,"sticky":null},"text":[""],"removed":["t"],"origin":"+delete"}
2019-5-9 09:52:12.928#keyHandled#"Backspace"
2019-5-9 09:52:13.053#change#{"from":{"line":8,"ch":11,"sticky":"after"},"to":{"line":8,"ch":12,"sticky":null},"text":[""],"removed":["r"],"origin":"+delete"}
2019-5-9 09:52:13.053#keyHandled#"Backspace"
2019-5-9 09:52:13.178#change#{"from":{"line":8,"ch":10,"sticky":"after"},"to":{"line":8,"ch":11,"sticky":null},"text":[""],"removed":["q"],"origin":"+delete"}
2019-5-9 09:52:13.178#keyHandled#"Backspace"
2019-5-9 09:52:13.317#change#{"from":{"line":8,"ch":9,"sticky":"after"},"to":{"line":8,"ch":10,"sticky":null},"text":[""],"removed":["s"],"origin":"+delete"}
2019-5-9 09:52:13.317#keyHandled#"Backspace"
2019-5-9 09:52:13.920#keyHandled#"Right"
2019-5-9 09:52:14.411#keyHandled#"Right"
2019-5-9 09:52:14.446#keyHandled#"Right"
2019-5-9 09:52:14.481#keyHandled#"Right"
2019-5-9 09:52:14.516#keyHandled#"Right"
2019-5-9 09:52:14.551#keyHandled#"Right"
2019-5-9 09:52:14.587#keyHandled#"Right"
2019-5-9 09:52:14.622#keyHandled#"Right"
2019-5-9 09:52:14.656#keyHandled#"Right"
2019-5-9 09:52:14.691#keyHandled#"Right"
2019-5-9 09:52:14.726#keyHandled#"Right"
2019-5-9 09:52:14.761#keyHandled#"Right"
2019-5-9 09:52:14.796#keyHandled#"Right"
2019-5-9 09:52:14.831#keyHandled#"Right"
2019-5-9 09:52:14.866#keyHandled#"Right"
2019-5-9 09:52:14.901#keyHandled#"Right"
2019-5-9 09:52:14.938#keyHandled#"Right"
2019-5-9 09:52:14.972#keyHandled#"Right"
2019-5-9 09:52:15.086#keyHandled#"Right"
2019-5-9 09:52:15.261#keyHandled#"Right"
2019-5-9 09:52:15.426#keyHandled#"Right"
2019-5-9 09:52:15.706#change#{"from":{"line":8,"ch":29,"sticky":"after"},"to":{"line":8,"ch":30,"sticky":"before"},"text":[""],"removed":[")"],"origin":"+delete"}
2019-5-9 09:52:15.706#keyHandled#"Backspace"
2019-5-9 09:52:15.876#change#{"from":{"line":8,"ch":28,"sticky":"after"},"to":{"line":8,"ch":29,"sticky":null},"text":[""],"removed":["6"],"origin":"+delete"}
2019-5-9 09:52:15.876#keyHandled#"Backspace"
2019-5-9 09:52:16.020#change#{"from":{"line":8,"ch":27,"sticky":"after"},"to":{"line":8,"ch":28,"sticky":null},"text":[""],"removed":["*"],"origin":"+delete"}
2019-5-9 09:52:16.020#keyHandled#"Backspace"
2019-5-9 09:52:16.914#keyHandled#"Left"
2019-5-9 09:52:17.411#keyHandled#"Left"
2019-5-9 09:52:17.443#keyHandled#"Left"
2019-5-9 09:52:17.479#keyHandled#"Left"
2019-5-9 09:52:17.514#keyHandled#"Left"
2019-5-9 09:52:17.549#keyHandled#"Left"
2019-5-9 09:52:17.584#keyHandled#"Left"
2019-5-9 09:52:17.619#keyHandled#"Left"
2019-5-9 09:52:17.653#keyHandled#"Left"
2019-5-9 09:52:17.688#keyHandled#"Left"
2019-5-9 09:52:17.723#keyHandled#"Left"
2019-5-9 09:52:17.758#keyHandled#"Left"
2019-5-9 09:52:22.634#mousedown#{"isTrusted":true}
2019-5-9 09:52:23.375#change#{"from":{"line":9,"ch":7,"sticky":"before","xRel":69.27081298828125},"to":{"line":9,"ch":7,"sticky":"before","xRel":69.27081298828125},"text":["",""],"removed":[""],"origin":"+input"}
2019-5-9 09:52:23.376#change#{"from":{"line":10,"ch":0,"sticky":null},"to":{"line":10,"ch":0,"sticky":null},"text":["\t"],"removed":[""],"origin":"+input"}
2019-5-9 09:52:23.376#keyHandled#"Enter"
2019-5-9 09:52:23.381#viewportChange#0
2019-5-9 09:52:24.087#change#{"from":{"line":10,"ch":0,"sticky":"after"},"to":{"line":10,"ch":1,"sticky":null},"text":[""],"removed":["\t"],"origin":"+delete"}
2019-5-9 09:52:24.087#keyHandled#"Backspace"
2019-5-9 09:52:24.818#change#{"from":{"line":10,"ch":0,"sticky":null},"to":{"line":10,"ch":0,"sticky":null},"text":["s"],"removed":[""],"origin":"+input"}
2019-5-9 09:52:24.914#change#{"from":{"line":10,"ch":1,"sticky":null},"to":{"line":10,"ch":1,"sticky":null},"text":["o"],"removed":[""],"origin":"+input"}
2019-5-9 09:52:25.042#change#{"from":{"line":10,"ch":2,"sticky":null},"to":{"line":10,"ch":2,"sticky":null},"text":["m"],"removed":[""],"origin":"+input"}
2019-5-9 09:52:25.103#change#{"from":{"line":10,"ch":3,"sticky":null},"to":{"line":10,"ch":3,"sticky":null},"text":["a"],"removed":[""],"origin":"+input"}
2019-5-9 09:52:25.452#change#{"from":{"line":10,"ch":4,"sticky":null},"to":{"line":10,"ch":4,"sticky":null},"text":[" "],"removed":[""],"origin":"+input"}
2019-5-9 09:52:25.662#change#{"from":{"line":10,"ch":5,"sticky":null},"to":{"line":10,"ch":5,"sticky":null},"text":["="],"removed":[""],"origin":"+input"}
2019-5-9 09:52:25.737#change#{"from":{"line":10,"ch":6,"sticky":null},"to":{"line":10,"ch":6,"sticky":null},"text":[" "],"removed":[""],"origin":"+input"}
2019-5-9 09:52:26.731#change#{"from":{"line":10,"ch":7,"sticky":null},"to":{"line":10,"ch":7,"sticky":null},"text":["s"],"removed":[""],"origin":"+input"}
2019-5-9 09:52:26.915#change#{"from":{"line":10,"ch":8,"sticky":null},"to":{"line":10,"ch":8,"sticky":null},"text":["q"],"removed":[""],"origin":"+input"}
2019-5-9 09:52:27.091#change#{"from":{"line":10,"ch":9,"sticky":null},"to":{"line":10,"ch":9,"sticky":null},"text":["r"],"removed":[""],"origin":"+input"}
2019-5-9 09:52:27.265#change#{"from":{"line":10,"ch":10,"sticky":null},"to":{"line":10,"ch":10,"sticky":null},"text":["t"],"removed":[""],"origin":"+input"}
2019-5-9 09:52:27.859#change#{"from":{"line":10,"ch":11,"sticky":null},"to":{"line":10,"ch":11,"sticky":null},"text":["()"],"removed":[""],"origin":"+input"}
2019-5-9 09:52:27.859#keyHandled#"'('"
2019-5-9 09:52:27.909#keyHandled#"')'"
2019-5-9 09:52:28.438#keyHandled#"Left"
2019-5-9 09:52:29.297#mousedown#{"isTrusted":true}
2019-5-9 09:52:29.807#change#{"from":{"line":9,"ch":7,"sticky":"before","xRel":69.27081298828125},"to":{"line":9,"ch":7,"sticky":"before","xRel":69.27081298828125},"text":["",""],"removed":[""],"origin":"+input"}
2019-5-9 09:52:29.807#change#{"from":{"line":10,"ch":0,"sticky":null},"to":{"line":10,"ch":0,"sticky":null},"text":["\t"],"removed":[""],"origin":"+input"}
2019-5-9 09:52:29.807#keyHandled#"Enter"
2019-5-9 09:52:29.812#viewportChange#0
2019-5-9 09:52:30.188#keyHandled#"Down"
2019-5-9 09:52:30.343#keyHandled#"Down"
2019-5-9 09:52:31.582#keyHandled#"Right"
2019-5-9 09:52:31.617#keyHandled#"Right"
2019-5-9 09:52:31.651#keyHandled#"Right"
2019-5-9 09:52:31.686#keyHandled#"Right"
2019-5-9 09:52:31.841#keyHandled#"Right"
2019-5-9 09:52:32.001#keyHandled#"Right"
2019-5-9 09:52:32.166#keyHandled#"Right"
2019-5-9 09:52:32.371#keyHandled#"Right"
2019-5-9 09:52:33.277#change#{"from":{"line":11,"ch":12,"sticky":"before"},"to":{"line":11,"ch":12,"sticky":"before"},"text":["s"],"removed":[""],"origin":"+input"}
2019-5-9 09:52:33.572#change#{"from":{"line":11,"ch":13,"sticky":null},"to":{"line":11,"ch":13,"sticky":null},"text":["o"],"removed":[""],"origin":"+input"}
2019-5-9 09:52:33.722#change#{"from":{"line":11,"ch":14,"sticky":null},"to":{"line":11,"ch":14,"sticky":null},"text":["m"],"removed":[""],"origin":"+input"}
2019-5-9 09:52:33.826#change#{"from":{"line":11,"ch":15,"sticky":null},"to":{"line":11,"ch":15,"sticky":null},"text":["a"],"removed":[""],"origin":"+input"}
2019-5-9 09:52:36.529#change#{"from":{"line":11,"ch":16,"sticky":null},"to":{"line":11,"ch":16,"sticky":null},"text":["*"],"removed":[""],"origin":"+input"}
2019-5-9 09:52:36.859#change#{"from":{"line":11,"ch":17,"sticky":null},"to":{"line":11,"ch":17,"sticky":null},"text":["6"],"removed":[""],"origin":"+input"}
2019-5-9 09:52:38.102#blur#
2019-5-9 09:52:38.102#blur#
2019-5-9 09:52:41.505#saida_testar#$ python3 main.py
2019-5-9 09:53:54.304#mousedown#{"isTrusted":true}
2019-5-9 09:53:54.404#focus#
2019-5-9 09:53:55.881#keyHandled#"Right"
2019-5-9 09:53:58.270#change#{"from":{"line":8,"ch":12,"sticky":"after"},"to":{"line":8,"ch":13,"sticky":"before"},"text":[""],"removed":["+"],"origin":"+delete"}
2019-5-9 09:53:58.270#keyHandled#"Backspace"
2019-5-9 09:53:58.435#change#{"from":{"line":8,"ch":11,"sticky":"after"},"to":{"line":8,"ch":12,"sticky":null},"text":[""],"removed":["i"],"origin":"+delete"}
2019-5-9 09:53:58.435#keyHandled#"Backspace"
2019-5-9 09:54:07.983#blur#
2019-5-9 09:54:07.983#blur#
2019-5-9 09:54:11.526#saida_testar#$ python3 main.py
2019-5-9 09:54:23.961#focus#
2019-5-9 09:54:24.465#rename_file#formula_euler
2019-5-9 09:54:26.009#blur#
2019-5-9 09:55:15.559#viewportChange#0
2019-5-9 09:55:16.801#mousedown#{"isTrusted":true}
2019-5-9 09:55:16.814#focus#
2019-5-9 09:55:17.719#mousedown#{"isTrusted":true}
2019-5-9 09:55:18.076#change#{"from":{"line":12,"ch":18,"sticky":"after"},"to":{"line":12,"ch":19,"sticky":"before","xRel":16.32635498046875},"text":[""],"removed":[")"],"origin":"+delete"}
2019-5-9 09:55:18.076#keyHandled#"Backspace"
2019-5-9 09:55:19.538#blur#
2019-5-9 09:55:19.538#blur#
2019-5-9 09:55:20.947#mousedown#{"isTrusted":true}
2019-5-9 09:55:20.949#focus#
2019-5-9 09:55:21.407#submit#Your code did not produce the correct output. Please, correct your code and try again.
2019-5-9 09:55:22.367#change#{"from":{"line":12,"ch":18,"sticky":"before","xRel":7.29510498046875},"to":{"line":12,"ch":18,"sticky":"before","xRel":7.29510498046875},"text":[")"],"removed":[""],"origin":"+input"}
2019-5-9 09:55:23.539#blur#
2019-5-9 09:55:23.539#blur#
2019-5-9 09:55:25.243#submit#You're almost there! Your code is 67% correct, but if you try harder you'll be able to hit 100% of the question.
2019-5-15 00:45:01.488#viewportChange#0
2019-5-15 00:45:02.624#mousedown#{"isTrusted":true}
2019-5-15 00:45:02.628#focus#
2019-5-15 00:45:13.880#keyHandled#"Ctrl-A"
2019-5-15 00:45:14.471#copy#{"isTrusted":true}
2019-5-15 00:45:17.817#blur#
2019-5-18 18:07:17.836#viewportChange#0
2019-5-18 18:07:41.153#mousedown#{"isTrusted":true}
2019-5-18 18:07:41.162#focus#
2019-5-18 18:07:44.411#copy#{"isTrusted":true}
2019-5-18 18:07:48.458#blur#
2019-5-18 18:08:10.741#focus#
2019-5-18 18:08:13.905#blur#
2019-5-18 18:12:38.767#focus#
2019-5-18 18:12:41.720#blur#
2019-5-18 18:14:53.934#focus#
