2019-6-25 09:32:12.932#viewportChange#0
2019-6-25 09:40:01.181#mousedown#{"isTrusted":true}
2019-6-25 09:40:01.192#focus#
2019-6-25 09:42:12.294#change#{"from":{"line":0,"ch":0,"sticky":null},"to":{"line":0,"ch":0,"sticky":null},"text":["f"],"removed":[""],"origin":"+input"}
2019-6-25 09:42:12.368#change#{"from":{"line":0,"ch":1,"sticky":null},"to":{"line":0,"ch":1,"sticky":null},"text":["r"],"removed":[""],"origin":"+input"}
2019-6-25 09:42:12.567#change#{"from":{"line":0,"ch":2,"sticky":null},"to":{"line":0,"ch":2,"sticky":null},"text":["o"],"removed":[""],"origin":"+input"}
2019-6-25 09:42:12.770#change#{"from":{"line":0,"ch":3,"sticky":null},"to":{"line":0,"ch":3,"sticky":null},"text":["m"],"removed":[""],"origin":"+input"}
2019-6-25 09:42:14.030#change#{"from":{"line":0,"ch":4,"sticky":null},"to":{"line":0,"ch":4,"sticky":null},"text":[" "],"removed":[""],"origin":"+input"}
2019-6-25 09:42:14.671#change#{"from":{"line":0,"ch":5,"sticky":null},"to":{"line":0,"ch":5,"sticky":null},"text":["n"],"removed":[""],"origin":"+input"}
2019-6-25 09:42:14.784#change#{"from":{"line":0,"ch":6,"sticky":null},"to":{"line":0,"ch":6,"sticky":null},"text":["u"],"removed":[""],"origin":"+input"}
2019-6-25 09:42:15.006#change#{"from":{"line":0,"ch":7,"sticky":null},"to":{"line":0,"ch":7,"sticky":null},"text":["m"],"removed":[""],"origin":"+input"}
2019-6-25 09:42:15.302#change#{"from":{"line":0,"ch":8,"sticky":null},"to":{"line":0,"ch":8,"sticky":null},"text":["p"],"removed":[""],"origin":"+input"}
2019-6-25 09:42:16.502#change#{"from":{"line":0,"ch":9,"sticky":null},"to":{"line":0,"ch":9,"sticky":null},"text":["y"],"removed":[""],"origin":"+input"}
2019-6-25 09:42:17.177#change#{"from":{"line":0,"ch":10,"sticky":null},"to":{"line":0,"ch":10,"sticky":null},"text":[" "],"removed":[""],"origin":"+input"}
2019-6-25 09:42:17.655#change#{"from":{"line":0,"ch":11,"sticky":null},"to":{"line":0,"ch":11,"sticky":null},"text":["i"],"removed":[""],"origin":"+input"}
2019-6-25 09:42:17.836#change#{"from":{"line":0,"ch":12,"sticky":null},"to":{"line":0,"ch":12,"sticky":null},"text":["m"],"removed":[""],"origin":"+input"}
2019-6-25 09:42:18.338#change#{"from":{"line":0,"ch":13,"sticky":null},"to":{"line":0,"ch":13,"sticky":null},"text":["p"],"removed":[""],"origin":"+input"}
2019-6-25 09:42:18.616#change#{"from":{"line":0,"ch":14,"sticky":null},"to":{"line":0,"ch":14,"sticky":null},"text":["o"],"removed":[""],"origin":"+input"}
2019-6-25 09:42:18.804#change#{"from":{"line":0,"ch":15,"sticky":null},"to":{"line":0,"ch":15,"sticky":null},"text":["r"],"removed":[""],"origin":"+input"}
2019-6-25 09:42:18.965#change#{"from":{"line":0,"ch":16,"sticky":null},"to":{"line":0,"ch":16,"sticky":null},"text":["t"],"removed":[""],"origin":"+input"}
2019-6-25 09:42:20.019#change#{"from":{"line":0,"ch":17,"sticky":null},"to":{"line":0,"ch":17,"sticky":null},"text":["*"],"removed":[""],"origin":"+input"}
2019-6-25 09:42:20.304#change#{"from":{"line":0,"ch":18,"sticky":null},"to":{"line":0,"ch":18,"sticky":null},"text":["",""],"removed":[""],"origin":"+input"}
2019-6-25 09:42:20.304#keyHandled#"Enter"
2019-6-25 09:42:20.320#viewportChange#0
2019-6-25 09:42:21.118#change#{"from":{"line":1,"ch":0,"sticky":null},"to":{"line":1,"ch":0,"sticky":null},"text":["",""],"removed":[""],"origin":"+input"}
2019-6-25 09:42:21.118#keyHandled#"Enter"
2019-6-25 09:42:21.129#viewportChange#0
2019-6-25 09:43:07.338#change#{"from":{"line":1,"ch":0,"sticky":"before"},"to":{"line":2,"ch":0,"sticky":null},"text":[""],"removed":["",""],"origin":"+delete"}
2019-6-25 09:43:07.338#keyHandled#"Backspace"
2019-6-25 09:43:07.350#viewportChange#0
2019-6-25 09:43:15.590#change#{"from":{"line":1,"ch":0,"sticky":null},"to":{"line":1,"ch":0,"sticky":null},"text":["N"],"removed":[""],"origin":"+input"}
2019-6-25 09:43:15.822#change#{"from":{"line":1,"ch":1,"sticky":null},"to":{"line":1,"ch":1,"sticky":null},"text":[" "],"removed":[""],"origin":"+input"}
2019-6-25 09:43:15.941#change#{"from":{"line":1,"ch":2,"sticky":null},"to":{"line":1,"ch":2,"sticky":null},"text":["="],"removed":[""],"origin":"+input"}
2019-6-25 09:43:16.053#change#{"from":{"line":1,"ch":3,"sticky":null},"to":{"line":1,"ch":3,"sticky":null},"text":[" "],"removed":[""],"origin":"+input"}
2019-6-25 09:44:58.026#change#{"from":{"line":1,"ch":4,"sticky":null},"to":{"line":1,"ch":4,"sticky":null},"text":["i"],"removed":[""],"origin":"+input"}
2019-6-25 09:44:58.228#change#{"from":{"line":1,"ch":5,"sticky":null},"to":{"line":1,"ch":5,"sticky":null},"text":["n"],"removed":[""],"origin":"+input"}
2019-6-25 09:44:58.504#change#{"from":{"line":1,"ch":6,"sticky":null},"to":{"line":1,"ch":6,"sticky":null},"text":["u"],"removed":[""],"origin":"+input"}
2019-6-25 09:44:59.310#change#{"from":{"line":1,"ch":6,"sticky":"after"},"to":{"line":1,"ch":7,"sticky":null},"text":[""],"removed":["u"],"origin":"+delete"}
2019-6-25 09:44:59.310#keyHandled#"Backspace"
2019-6-25 09:44:59.792#change#{"from":{"line":1,"ch":5,"sticky":"after"},"to":{"line":1,"ch":6,"sticky":null},"text":[""],"removed":["n"],"origin":"+delete"}
2019-6-25 09:44:59.793#keyHandled#"Backspace"
2019-6-25 09:44:59.979#change#{"from":{"line":1,"ch":4,"sticky":"after"},"to":{"line":1,"ch":5,"sticky":null},"text":[""],"removed":["i"],"origin":"+delete"}
2019-6-25 09:44:59.979#keyHandled#"Backspace"
2019-6-25 09:45:12.024#change#{"from":{"line":1,"ch":4,"sticky":null},"to":{"line":1,"ch":4,"sticky":null},"text":["e"],"removed":[""],"origin":"+input"}
2019-6-25 09:45:12.151#change#{"from":{"line":1,"ch":5,"sticky":null},"to":{"line":1,"ch":5,"sticky":null},"text":["v"],"removed":[""],"origin":"+input"}
2019-6-25 09:45:12.359#change#{"from":{"line":1,"ch":6,"sticky":null},"to":{"line":1,"ch":6,"sticky":null},"text":["a"],"removed":[""],"origin":"+input"}
2019-6-25 09:45:12.607#change#{"from":{"line":1,"ch":7,"sticky":null},"to":{"line":1,"ch":7,"sticky":null},"text":["l"],"removed":[""],"origin":"+input"}
2019-6-25 09:45:13.391#change#{"from":{"line":1,"ch":8,"sticky":null},"to":{"line":1,"ch":8,"sticky":null},"text":["()"],"removed":[""],"origin":"+input"}
2019-6-25 09:45:13.391#keyHandled#"'('"
2019-6-25 09:45:14.593#change#{"from":{"line":1,"ch":9,"sticky":"after"},"to":{"line":1,"ch":9,"sticky":"after"},"text":["i"],"removed":[""],"origin":"+input"}
2019-6-25 09:45:14.853#change#{"from":{"line":1,"ch":10,"sticky":null},"to":{"line":1,"ch":10,"sticky":null},"text":["n"],"removed":[""],"origin":"+input"}
2019-6-25 09:45:15.791#change#{"from":{"line":1,"ch":11,"sticky":null},"to":{"line":1,"ch":11,"sticky":null},"text":["u"],"removed":[""],"origin":"+input"}
2019-6-25 09:45:15.961#change#{"from":{"line":1,"ch":12,"sticky":null},"to":{"line":1,"ch":12,"sticky":null},"text":["t"],"removed":[""],"origin":"+input"}
2019-6-25 09:45:17.246#keyHandled#"Left"
2019-6-25 09:45:18.155#change#{"from":{"line":1,"ch":12,"sticky":"after"},"to":{"line":1,"ch":12,"sticky":"after"},"text":["p"],"removed":[""],"origin":"+input"}
2019-6-25 09:45:18.826#keyHandled#"Right"
2019-6-25 09:45:19.707#keyHandled#"Left"
2019-6-25 09:45:19.904#keyHandled#"Left"
2019-6-25 09:45:20.513#keyHandled#"Right"
2019-6-25 09:45:21.129#change#{"from":{"line":1,"ch":12,"sticky":"after"},"to":{"line":1,"ch":13,"sticky":"before"},"text":[""],"removed":["p"],"origin":"+delete"}
2019-6-25 09:45:21.129#keyHandled#"Backspace"
2019-6-25 09:45:21.246#change#{"from":{"line":1,"ch":11,"sticky":"after"},"to":{"line":1,"ch":12,"sticky":null},"text":[""],"removed":["u"],"origin":"+delete"}
2019-6-25 09:45:21.246#keyHandled#"Backspace"
2019-6-25 09:45:21.704#change#{"from":{"line":1,"ch":11,"sticky":null},"to":{"line":1,"ch":11,"sticky":null},"text":["p"],"removed":[""],"origin":"+input"}
2019-6-25 09:45:22.064#change#{"from":{"line":1,"ch":12,"sticky":null},"to":{"line":1,"ch":12,"sticky":null},"text":["u"],"removed":[""],"origin":"+input"}
2019-6-25 09:45:22.692#keyHandled#"Right"
2019-6-25 09:45:23.745#change#{"from":{"line":1,"ch":14,"sticky":"before"},"to":{"line":1,"ch":14,"sticky":"before"},"text":["()"],"removed":[""],"origin":"+input"}
2019-6-25 09:45:23.745#keyHandled#"'('"
2019-6-25 09:45:35.887#change#{"from":{"line":1,"ch":15,"sticky":"after"},"to":{"line":1,"ch":15,"sticky":"after"},"text":["\"\""],"removed":[""],"origin":"+input"}
2019-6-25 09:45:35.887#keyHandled#"'\"'"
2019-6-25 09:45:38.970#change#{"from":{"line":1,"ch":16,"sticky":"after"},"to":{"line":1,"ch":16,"sticky":"after"},"text":["n"],"removed":[""],"origin":"+input"}
2019-6-25 09:45:39.567#change#{"from":{"line":1,"ch":16,"sticky":"after"},"to":{"line":1,"ch":17,"sticky":null},"text":[""],"removed":["n"],"origin":"+delete"}
2019-6-25 09:45:39.567#keyHandled#"Backspace"
2019-6-25 09:45:40.847#change#{"from":{"line":1,"ch":16,"sticky":null},"to":{"line":1,"ch":16,"sticky":null},"text":["N"],"removed":[""],"origin":"+input"}
2019-6-25 09:45:41.769#change#{"from":{"line":1,"ch":17,"sticky":null},"to":{"line":1,"ch":17,"sticky":null},"text":[":"],"removed":[""],"origin":"+input"}
2019-6-25 09:45:42.841#change#{"from":{"line":1,"ch":18,"sticky":null},"to":{"line":1,"ch":18,"sticky":null},"text":[" "],"removed":[""],"origin":"+input"}
2019-6-25 09:45:43.191#keyHandled#"Right"
2019-6-25 09:45:43.530#keyHandled#"Right"
2019-6-25 09:45:43.679#keyHandled#"Right"
2019-6-25 09:45:44.359#change#{"from":{"line":1,"ch":22,"sticky":"before"},"to":{"line":1,"ch":22,"sticky":"before"},"text":["",""],"removed":[""],"origin":"+input"}
2019-6-25 09:45:44.359#keyHandled#"Enter"
2019-6-25 09:45:44.372#viewportChange#0
2019-6-25 09:46:41.712#change#{"from":{"line":2,"ch":0,"sticky":null},"to":{"line":2,"ch":0,"sticky":null},"text":["",""],"removed":[""],"origin":"+input"}
2019-6-25 09:46:41.712#keyHandled#"Enter"
2019-6-25 09:46:41.727#viewportChange#0
2019-6-25 09:46:42.718#change#{"from":{"line":3,"ch":0,"sticky":null},"to":{"line":3,"ch":0,"sticky":null},"text":["f"],"removed":[""],"origin":"+input"}
2019-6-25 09:46:42.796#change#{"from":{"line":3,"ch":1,"sticky":null},"to":{"line":3,"ch":1,"sticky":null},"text":["r"],"removed":[""],"origin":"+input"}
2019-6-25 09:46:42.980#change#{"from":{"line":3,"ch":2,"sticky":null},"to":{"line":3,"ch":2,"sticky":null},"text":["o"],"removed":[""],"origin":"+input"}
2019-6-25 09:46:43.477#change#{"from":{"line":3,"ch":3,"sticky":null},"to":{"line":3,"ch":3,"sticky":null},"text":["m"],"removed":[""],"origin":"+input"}
2019-6-25 09:46:44.096#change#{"from":{"line":3,"ch":3,"sticky":"after"},"to":{"line":3,"ch":4,"sticky":null},"text":[""],"removed":["m"],"origin":"+delete"}
2019-6-25 09:46:44.096#keyHandled#"Backspace"
2019-6-25 09:46:45.260#change#{"from":{"line":3,"ch":2,"sticky":"after"},"to":{"line":3,"ch":3,"sticky":null},"text":[""],"removed":["o"],"origin":"+delete"}
2019-6-25 09:46:45.260#keyHandled#"Backspace"
2019-6-25 09:46:45.450#change#{"from":{"line":3,"ch":1,"sticky":"after"},"to":{"line":3,"ch":2,"sticky":null},"text":[""],"removed":["r"],"origin":"+delete"}
2019-6-25 09:46:45.450#keyHandled#"Backspace"
2019-6-25 09:46:46.513#change#{"from":{"line":3,"ch":1,"sticky":null},"to":{"line":3,"ch":1,"sticky":null},"text":["o"],"removed":[""],"origin":"+input"}
2019-6-25 09:46:46.634#change#{"from":{"line":3,"ch":2,"sticky":null},"to":{"line":3,"ch":2,"sticky":null},"text":["r"],"removed":[""],"origin":"+input"}
2019-6-25 09:46:46.792#change#{"from":{"line":3,"ch":3,"sticky":null},"to":{"line":3,"ch":3,"sticky":null},"text":[" "],"removed":[""],"origin":"+input"}
2019-6-25 09:46:47.548#change#{"from":{"line":3,"ch":4,"sticky":null},"to":{"line":3,"ch":4,"sticky":null},"text":["i"],"removed":[""],"origin":"+input"}
2019-6-25 09:46:47.686#change#{"from":{"line":3,"ch":5,"sticky":null},"to":{"line":3,"ch":5,"sticky":null},"text":[" "],"removed":[""],"origin":"+input"}
2019-6-25 09:46:48.459#change#{"from":{"line":3,"ch":6,"sticky":null},"to":{"line":3,"ch":6,"sticky":null},"text":["i"],"removed":[""],"origin":"+input"}
2019-6-25 09:46:48.668#change#{"from":{"line":3,"ch":7,"sticky":null},"to":{"line":3,"ch":7,"sticky":null},"text":["n"],"removed":[""],"origin":"+input"}
2019-6-25 09:46:48.850#change#{"from":{"line":3,"ch":8,"sticky":null},"to":{"line":3,"ch":8,"sticky":null},"text":["n"],"removed":[""],"origin":"+input"}
2019-6-25 09:46:48.872#change#{"from":{"line":3,"ch":9,"sticky":null},"to":{"line":3,"ch":9,"sticky":null},"text":[" "],"removed":[""],"origin":"+input"}
2019-6-25 09:46:49.747#change#{"from":{"line":3,"ch":9,"sticky":"after"},"to":{"line":3,"ch":10,"sticky":null},"text":[""],"removed":[" "],"origin":"+delete"}
2019-6-25 09:46:49.747#keyHandled#"Backspace"
2019-6-25 09:46:50.039#change#{"from":{"line":3,"ch":8,"sticky":"after"},"to":{"line":3,"ch":9,"sticky":null},"text":[""],"removed":["n"],"origin":"+delete"}
2019-6-25 09:46:50.039#keyHandled#"Backspace"
2019-6-25 09:46:50.362#change#{"from":{"line":3,"ch":8,"sticky":null},"to":{"line":3,"ch":8,"sticky":null},"text":[" "],"removed":[""],"origin":"+input"}
2019-6-25 09:46:51.117#change#{"from":{"line":3,"ch":9,"sticky":null},"to":{"line":3,"ch":9,"sticky":null},"text":["r"],"removed":[""],"origin":"+input"}
2019-6-25 09:46:51.270#change#{"from":{"line":3,"ch":10,"sticky":null},"to":{"line":3,"ch":10,"sticky":null},"text":["a"],"removed":[""],"origin":"+input"}
2019-6-25 09:46:51.639#change#{"from":{"line":3,"ch":11,"sticky":null},"to":{"line":3,"ch":11,"sticky":null},"text":["n"],"removed":[""],"origin":"+input"}
2019-6-25 09:46:51.964#change#{"from":{"line":3,"ch":12,"sticky":null},"to":{"line":3,"ch":12,"sticky":null},"text":["g"],"removed":[""],"origin":"+input"}
2019-6-25 09:46:52.307#change#{"from":{"line":3,"ch":13,"sticky":null},"to":{"line":3,"ch":13,"sticky":null},"text":["e"],"removed":[""],"origin":"+input"}
2019-6-25 09:46:53.707#change#{"from":{"line":3,"ch":14,"sticky":null},"to":{"line":3,"ch":14,"sticky":null},"text":["()"],"removed":[""],"origin":"+input"}
2019-6-25 09:46:53.707#keyHandled#"'('"
2019-6-25 09:46:54.884#change#{"from":{"line":3,"ch":15,"sticky":"after"},"to":{"line":3,"ch":15,"sticky":"after"},"text":["s"],"removed":[""],"origin":"+input"}
2019-6-25 09:46:55.500#change#{"from":{"line":3,"ch":16,"sticky":null},"to":{"line":3,"ch":16,"sticky":null},"text":["i"],"removed":[""],"origin":"+input"}
2019-6-25 09:46:56.138#change#{"from":{"line":3,"ch":17,"sticky":null},"to":{"line":3,"ch":17,"sticky":null},"text":["z"],"removed":[""],"origin":"+input"}
2019-6-25 09:46:56.248#change#{"from":{"line":3,"ch":18,"sticky":null},"to":{"line":3,"ch":18,"sticky":null},"text":["e"],"removed":[""],"origin":"+input"}
2019-6-25 09:46:57.363#change#{"from":{"line":3,"ch":19,"sticky":null},"to":{"line":3,"ch":19,"sticky":null},"text":["()"],"removed":[""],"origin":"+input"}
2019-6-25 09:46:57.363#keyHandled#"'('"
2019-6-25 09:47:01.807#change#{"from":{"line":3,"ch":20,"sticky":"after"},"to":{"line":3,"ch":20,"sticky":"after"},"text":["N"],"removed":[""],"origin":"+input"}
2019-6-25 09:47:03.446#keyHandled#"Right"
2019-6-25 09:47:04.115#keyHandled#"Right"
2019-6-25 09:47:04.614#keyHandled#"Right"
2019-6-25 09:47:04.664#keyHandled#"Right"
2019-6-25 09:47:06.611#change#{"from":{"line":3,"ch":23,"sticky":"before","hitSide":true},"to":{"line":3,"ch":23,"sticky":"before","hitSide":true},"text":[":"],"removed":[""],"origin":"+input"}
2019-6-25 09:47:06.858#change#{"from":{"line":3,"ch":24,"sticky":null},"to":{"line":3,"ch":24,"sticky":null},"text":["",""],"removed":[""],"origin":"+input"}
2019-6-25 09:47:06.858#change#{"from":{"line":4,"ch":0,"sticky":null},"to":{"line":4,"ch":0,"sticky":null},"text":["\t"],"removed":[""],"origin":"+input"}
2019-6-25 09:47:06.858#keyHandled#"Enter"
2019-6-25 09:47:06.875#viewportChange#0
2019-6-27 08:12:51.798#viewportChange#0
2019-6-27 08:13:33.370#mousedown#{"isTrusted":true}
2019-6-27 08:13:33.395#focus#
2019-6-27 08:13:34.391#mousedown#{"isTrusted":true}
2019-6-27 08:13:35.154#mousedown#{"isTrusted":true}
2019-6-27 08:13:37.237#mousedown#{"isTrusted":true}
2019-6-27 08:17:07.141#blur#
2019-6-27 08:18:18.067#focus#
2019-6-27 08:21:25.504#change#{"from":{"line":4,"ch":1,"sticky":"before","xRel":51.08331298828125},"to":{"line":4,"ch":1,"sticky":"before","xRel":51.08331298828125},"text":["f"],"removed":[""],"origin":"+input"}
2019-6-27 08:21:25.623#change#{"from":{"line":4,"ch":2,"sticky":null},"to":{"line":4,"ch":2,"sticky":null},"text":["o"],"removed":[""],"origin":"+input"}
2019-6-27 08:21:25.784#change#{"from":{"line":4,"ch":3,"sticky":null},"to":{"line":4,"ch":3,"sticky":null},"text":["r"],"removed":[""],"origin":"+input"}
2019-6-27 08:21:26.127#change#{"from":{"line":4,"ch":4,"sticky":null},"to":{"line":4,"ch":4,"sticky":null},"text":[" "],"removed":[""],"origin":"+input"}
2019-6-27 08:21:26.398#change#{"from":{"line":4,"ch":5,"sticky":null},"to":{"line":4,"ch":5,"sticky":null},"text":["i"],"removed":[""],"origin":"+input"}
2019-6-27 08:21:26.707#change#{"from":{"line":4,"ch":6,"sticky":null},"to":{"line":4,"ch":6,"sticky":null},"text":[" "],"removed":[""],"origin":"+input"}
2019-6-27 08:21:27.738#change#{"from":{"line":4,"ch":6,"sticky":"after"},"to":{"line":4,"ch":7,"sticky":null},"text":[""],"removed":[" "],"origin":"+delete"}
2019-6-27 08:21:27.738#keyHandled#"Backspace"
2019-6-27 08:21:27.928#change#{"from":{"line":4,"ch":5,"sticky":"after"},"to":{"line":4,"ch":6,"sticky":null},"text":[""],"removed":["i"],"origin":"+delete"}
2019-6-27 08:21:27.928#keyHandled#"Backspace"
2019-6-27 08:21:32.138#change#{"from":{"line":4,"ch":5,"sticky":null},"to":{"line":4,"ch":5,"sticky":null},"text":["j"],"removed":[""],"origin":"+input"}
2019-6-27 08:21:33.443#change#{"from":{"line":4,"ch":6,"sticky":null},"to":{"line":4,"ch":6,"sticky":null},"text":[" "],"removed":[""],"origin":"+input"}
2019-6-27 08:21:33.885#change#{"from":{"line":4,"ch":7,"sticky":null},"to":{"line":4,"ch":7,"sticky":null},"text":["i"],"removed":[""],"origin":"+input"}
2019-6-27 08:21:34.083#change#{"from":{"line":4,"ch":8,"sticky":null},"to":{"line":4,"ch":8,"sticky":null},"text":["n"],"removed":[""],"origin":"+input"}
2019-6-27 08:21:34.351#change#{"from":{"line":4,"ch":9,"sticky":null},"to":{"line":4,"ch":9,"sticky":null},"text":[" "],"removed":[""],"origin":"+input"}
2019-6-27 08:21:34.984#change#{"from":{"line":4,"ch":10,"sticky":null},"to":{"line":4,"ch":10,"sticky":null},"text":["a"],"removed":[""],"origin":"+input"}
2019-6-27 08:21:35.360#change#{"from":{"line":4,"ch":11,"sticky":null},"to":{"line":4,"ch":11,"sticky":null},"text":["n"],"removed":[""],"origin":"+input"}
2019-6-27 08:21:35.648#change#{"from":{"line":4,"ch":12,"sticky":null},"to":{"line":4,"ch":12,"sticky":null},"text":["g"],"removed":[""],"origin":"+input"}
2019-6-27 08:21:35.933#change#{"from":{"line":4,"ch":13,"sticky":null},"to":{"line":4,"ch":13,"sticky":null},"text":["e"],"removed":[""],"origin":"+input"}
2019-6-27 08:21:37.029#change#{"from":{"line":4,"ch":13,"sticky":"after"},"to":{"line":4,"ch":14,"sticky":null},"text":[""],"removed":["e"],"origin":"+delete"}
2019-6-27 08:21:37.029#keyHandled#"Backspace"
2019-6-27 08:21:37.211#change#{"from":{"line":4,"ch":12,"sticky":"after"},"to":{"line":4,"ch":13,"sticky":null},"text":[""],"removed":["g"],"origin":"+delete"}
2019-6-27 08:21:37.211#keyHandled#"Backspace"
2019-6-27 08:21:37.415#change#{"from":{"line":4,"ch":11,"sticky":"after"},"to":{"line":4,"ch":12,"sticky":null},"text":[""],"removed":["n"],"origin":"+delete"}
2019-6-27 08:21:37.415#keyHandled#"Backspace"
2019-6-27 08:21:37.551#change#{"from":{"line":4,"ch":10,"sticky":"after"},"to":{"line":4,"ch":11,"sticky":null},"text":[""],"removed":["a"],"origin":"+delete"}
2019-6-27 08:21:37.551#keyHandled#"Backspace"
2019-6-27 08:21:38.381#change#{"from":{"line":4,"ch":10,"sticky":null},"to":{"line":4,"ch":10,"sticky":null},"text":["a"],"removed":[""],"origin":"+input"}
2019-6-27 08:21:38.802#change#{"from":{"line":4,"ch":11,"sticky":null},"to":{"line":4,"ch":11,"sticky":null},"text":["m"],"removed":[""],"origin":"+input"}
2019-6-27 08:21:39.206#change#{"from":{"line":4,"ch":12,"sticky":null},"to":{"line":4,"ch":12,"sticky":null},"text":["g"],"removed":[""],"origin":"+input"}
2019-6-27 08:21:39.383#change#{"from":{"line":4,"ch":13,"sticky":null},"to":{"line":4,"ch":13,"sticky":null},"text":["e"],"removed":[""],"origin":"+input"}
2019-6-27 08:21:40.359#change#{"from":{"line":4,"ch":13,"sticky":"after"},"to":{"line":4,"ch":14,"sticky":null},"text":[""],"removed":["e"],"origin":"+delete"}
2019-6-27 08:21:40.359#keyHandled#"Backspace"
2019-6-27 08:21:40.786#change#{"from":{"line":4,"ch":12,"sticky":"after"},"to":{"line":4,"ch":13,"sticky":null},"text":[""],"removed":["g"],"origin":"+delete"}
2019-6-27 08:21:40.786#keyHandled#"Backspace"
2019-6-27 08:21:41.038#change#{"from":{"line":4,"ch":11,"sticky":"after"},"to":{"line":4,"ch":12,"sticky":null},"text":[""],"removed":["m"],"origin":"+delete"}
2019-6-27 08:21:41.038#keyHandled#"Backspace"
2019-6-27 08:21:41.217#change#{"from":{"line":4,"ch":10,"sticky":"after"},"to":{"line":4,"ch":11,"sticky":null},"text":[""],"removed":["a"],"origin":"+delete"}
2019-6-27 08:21:41.217#keyHandled#"Backspace"
2019-6-27 08:21:42.317#change#{"from":{"line":4,"ch":10,"sticky":null},"to":{"line":4,"ch":10,"sticky":null},"text":["r"],"removed":[""],"origin":"+input"}
2019-6-27 08:21:42.480#change#{"from":{"line":4,"ch":11,"sticky":null},"to":{"line":4,"ch":11,"sticky":null},"text":["a"],"removed":[""],"origin":"+input"}
2019-6-27 08:21:42.782#change#{"from":{"line":4,"ch":12,"sticky":null},"to":{"line":4,"ch":12,"sticky":null},"text":["n"],"removed":[""],"origin":"+input"}
2019-6-27 08:21:43.188#change#{"from":{"line":4,"ch":13,"sticky":null},"to":{"line":4,"ch":13,"sticky":null},"text":["g"],"removed":[""],"origin":"+input"}
2019-6-27 08:21:43.370#change#{"from":{"line":4,"ch":14,"sticky":null},"to":{"line":4,"ch":14,"sticky":null},"text":["e"],"removed":[""],"origin":"+input"}
2019-6-27 08:21:51.318#change#{"from":{"line":4,"ch":15,"sticky":null},"to":{"line":4,"ch":15,"sticky":null},"text":["()"],"removed":[""],"origin":"+input"}
2019-6-27 08:21:51.318#keyHandled#"'('"
2019-6-27 08:21:53.024#change#{"from":{"line":4,"ch":16,"sticky":"after"},"to":{"line":4,"ch":16,"sticky":"after"},"text":["s"],"removed":[""],"origin":"+input"}
2019-6-27 08:21:53.210#change#{"from":{"line":4,"ch":17,"sticky":null},"to":{"line":4,"ch":17,"sticky":null},"text":["i"],"removed":[""],"origin":"+input"}
2019-6-27 08:21:53.465#change#{"from":{"line":4,"ch":18,"sticky":null},"to":{"line":4,"ch":18,"sticky":null},"text":["z"],"removed":[""],"origin":"+input"}
2019-6-27 08:21:53.812#change#{"from":{"line":4,"ch":19,"sticky":null},"to":{"line":4,"ch":19,"sticky":null},"text":["e"],"removed":[""],"origin":"+input"}
2019-6-27 08:21:56.144#change#{"from":{"line":4,"ch":20,"sticky":null},"to":{"line":4,"ch":20,"sticky":null},"text":["9"],"removed":[""],"origin":"+input"}
2019-6-27 08:21:57.362#change#{"from":{"line":4,"ch":20,"sticky":"after"},"to":{"line":4,"ch":21,"sticky":null},"text":[""],"removed":["9"],"origin":"+delete"}
2019-6-27 08:21:57.362#keyHandled#"Backspace"
2019-6-27 08:21:58.299#change#{"from":{"line":4,"ch":20,"sticky":null},"to":{"line":4,"ch":20,"sticky":null},"text":["()"],"removed":[""],"origin":"+input"}
2019-6-27 08:21:58.299#keyHandled#"'('"
2019-6-27 08:21:59.092#change#{"from":{"line":4,"ch":21,"sticky":"after"},"to":{"line":4,"ch":21,"sticky":"after"},"text":["N"],"removed":[""],"origin":"+input"}
2019-6-27 08:22:00.719#keyHandled#"Right"
2019-6-27 08:22:00.992#keyHandled#"Right"
2019-6-27 08:22:02.746#change#{"from":{"line":4,"ch":24,"sticky":"before"},"to":{"line":4,"ch":24,"sticky":"before"},"text":[":"],"removed":[""],"origin":"+input"}
2019-6-27 08:22:03.261#change#{"from":{"line":4,"ch":25,"sticky":null},"to":{"line":4,"ch":25,"sticky":null},"text":["",""],"removed":[""],"origin":"+input"}
2019-6-27 08:22:03.262#change#{"from":{"line":5,"ch":0,"sticky":null},"to":{"line":5,"ch":0,"sticky":null},"text":["\t\t"],"removed":[""],"origin":"+input"}
2019-6-27 08:22:03.262#keyHandled#"Enter"
2019-6-27 08:22:03.278#viewportChange#0
2019-6-27 08:30:21.528#mousedown#{"isTrusted":true}
2019-6-27 08:30:24.063#mousedown#{"isTrusted":true}
2019-6-27 08:30:25.940#copy#{"isTrusted":true}
2019-6-27 08:30:26.879#keyHandled#"Up"
2019-6-27 08:30:27.146#keyHandled#"Down"
2019-6-27 08:30:27.309#keyHandled#"Down"
2019-6-27 08:30:27.779#keyHandled#"Up"
2019-6-27 08:30:28.311#change#{"from":{"line":1,"ch":0,"sticky":"after","xRel":0},"to":{"line":1,"ch":0,"sticky":"after","xRel":0},"text":["",""],"removed":[""],"origin":"+input"}
2019-6-27 08:30:28.311#keyHandled#"Enter"
2019-6-27 08:30:28.331#viewportChange#0
2019-6-27 08:30:28.792#keyHandled#"Up"
2019-6-27 08:30:29.833#change#{"from":{"line":1,"ch":0,"sticky":"after","xRel":0},"to":{"line":1,"ch":0,"sticky":"after","xRel":0},"text":["from numpy import*"],"removed":[""],"origin":"paste"}
2019-6-27 08:30:30.638#keyHandled#"Left"
2019-6-27 08:30:31.138#keyHandled#"Left"
2019-6-27 08:30:31.188#keyHandled#"Left"
2019-6-27 08:30:31.238#keyHandled#"Left"
2019-6-27 08:30:31.288#keyHandled#"Left"
2019-6-27 08:30:31.338#keyHandled#"Left"
2019-6-27 08:30:31.569#keyHandled#"Left"
2019-6-27 08:30:31.703#keyHandled#"Left"
2019-6-27 08:30:32.952#change#{"from":{"line":1,"ch":10,"sticky":"after"},"to":{"line":1,"ch":10,"sticky":"after"},"text":["."],"removed":[""],"origin":"+input"}
2019-6-27 08:30:33.633#change#{"from":{"line":1,"ch":11,"sticky":null},"to":{"line":1,"ch":11,"sticky":null},"text":["l"],"removed":[""],"origin":"+input"}
2019-6-27 08:30:33.823#change#{"from":{"line":1,"ch":12,"sticky":null},"to":{"line":1,"ch":12,"sticky":null},"text":["i"],"removed":[""],"origin":"+input"}
2019-6-27 08:30:34.116#change#{"from":{"line":1,"ch":13,"sticky":null},"to":{"line":1,"ch":13,"sticky":null},"text":["m"],"removed":[""],"origin":"+input"}
2019-6-27 08:30:34.679#change#{"from":{"line":1,"ch":13,"sticky":"after"},"to":{"line":1,"ch":14,"sticky":null},"text":[""],"removed":["m"],"origin":"+delete"}
2019-6-27 08:30:34.679#keyHandled#"Backspace"
2019-6-27 08:30:34.944#change#{"from":{"line":1,"ch":13,"sticky":null},"to":{"line":1,"ch":13,"sticky":null},"text":["n"],"removed":[""],"origin":"+input"}
2019-6-27 08:30:35.173#change#{"from":{"line":1,"ch":14,"sticky":null},"to":{"line":1,"ch":14,"sticky":null},"text":["a"],"removed":[""],"origin":"+input"}
2019-6-27 08:30:35.436#change#{"from":{"line":1,"ch":15,"sticky":null},"to":{"line":1,"ch":15,"sticky":null},"text":["l"],"removed":[""],"origin":"+input"}
2019-6-27 08:30:37.343#change#{"from":{"line":1,"ch":16,"sticky":null},"to":{"line":1,"ch":16,"sticky":null},"text":["g"],"removed":[""],"origin":"+input"}
2019-6-27 08:30:42.870#mousedown#{"isTrusted":true}
2019-6-27 08:30:43.638#change#{"from":{"line":2,"ch":0,"sticky":"after","xRel":0.08331298828125},"to":{"line":2,"ch":0,"sticky":"after","xRel":0.08331298828125},"text":["",""],"removed":[""],"origin":"+input"}
2019-6-27 08:30:43.638#keyHandled#"Enter"
2019-6-27 08:30:43.655#viewportChange#0
2019-6-27 08:30:45.457#mousedown#{"isTrusted":true}
2019-6-27 08:30:46.199#mousedown#{"isTrusted":true}
2019-6-27 08:30:46.910#mousedown#{"isTrusted":true}
2019-6-27 08:30:47.913#change#{"from":{"line":5,"ch":24,"sticky":"before","xRel":47.08331298828125},"to":{"line":5,"ch":24,"sticky":"before","xRel":47.08331298828125},"text":["",""],"removed":[""],"origin":"+input"}
2019-6-27 08:30:47.913#change#{"from":{"line":6,"ch":0,"sticky":null},"to":{"line":6,"ch":0,"sticky":null},"text":["\t"],"removed":[""],"origin":"+input"}
2019-6-27 08:30:47.914#keyHandled#"Enter"
2019-6-27 08:30:47.929#viewportChange#0
2019-6-27 08:30:53.545#change#{"from":{"line":6,"ch":1,"sticky":null},"to":{"line":6,"ch":1,"sticky":null},"text":["c"],"removed":[""],"origin":"+input"}
2019-6-27 08:30:54.588#change#{"from":{"line":6,"ch":2,"sticky":null},"to":{"line":6,"ch":2,"sticky":null},"text":[" "],"removed":[""],"origin":"+input"}
2019-6-27 08:30:54.854#change#{"from":{"line":6,"ch":3,"sticky":null},"to":{"line":6,"ch":3,"sticky":null},"text":["="],"removed":[""],"origin":"+input"}
2019-6-27 08:30:54.985#change#{"from":{"line":6,"ch":4,"sticky":null},"to":{"line":6,"ch":4,"sticky":null},"text":[" "],"removed":[""],"origin":"+input"}
2019-6-27 08:30:56.195#change#{"from":{"line":6,"ch":5,"sticky":null},"to":{"line":6,"ch":5,"sticky":null},"text":["c"],"removed":[""],"origin":"+input"}
2019-6-27 08:30:57.747#change#{"from":{"line":6,"ch":6,"sticky":null},"to":{"line":6,"ch":6,"sticky":null},"text":[" "],"removed":[""],"origin":"+input"}
2019-6-27 08:30:58.861#change#{"from":{"line":6,"ch":7,"sticky":null},"to":{"line":6,"ch":7,"sticky":null},"text":["+"],"removed":[""],"origin":"+input"}
2019-6-27 08:30:59.241#change#{"from":{"line":6,"ch":8,"sticky":null},"to":{"line":6,"ch":8,"sticky":null},"text":[" "],"removed":[""],"origin":"+input"}
2019-6-27 08:31:00.386#change#{"from":{"line":6,"ch":9,"sticky":null},"to":{"line":6,"ch":9,"sticky":null},"text":["1"],"removed":[""],"origin":"+input"}
2019-6-27 08:31:25.158#keyHandled#"Down"
2019-6-27 08:31:25.365#keyHandled#"Down"
2019-6-27 08:31:36.402#change#{"from":{"line":8,"ch":2,"sticky":"before","xRel":48},"to":{"line":8,"ch":2,"sticky":"before","xRel":48},"text":["m"],"removed":[""],"origin":"+input"}
2019-6-27 08:31:39.342#change#{"from":{"line":8,"ch":3,"sticky":null},"to":{"line":8,"ch":3,"sticky":null},"text":["[]"],"removed":[""],"origin":"+input"}
2019-6-27 08:31:39.342#keyHandled#"'['"
2019-6-27 08:31:40.055#change#{"from":{"line":8,"ch":4,"sticky":"after"},"to":{"line":8,"ch":4,"sticky":"after"},"text":["i"],"removed":[""],"origin":"+input"}
2019-6-27 08:31:42.202#change#{"from":{"line":8,"ch":5,"sticky":null},"to":{"line":8,"ch":5,"sticky":null},"text":[","],"removed":[""],"origin":"+input"}
2019-6-27 08:31:43.823#change#{"from":{"line":8,"ch":6,"sticky":null},"to":{"line":8,"ch":6,"sticky":null},"text":["j"],"removed":[""],"origin":"+input"}
2019-6-27 08:31:44.655#keyHandled#"Left"
2019-6-27 08:31:44.856#keyHandled#"Left"
2019-6-27 08:31:45.017#keyHandled#"Left"
2019-6-27 08:31:45.398#keyHandled#"Left"
2019-6-27 08:31:46.079#change#{"from":{"line":8,"ch":2,"sticky":"after"},"to":{"line":8,"ch":3,"sticky":"after"},"text":[""],"removed":["m"],"origin":"+delete"}
2019-6-27 08:31:46.079#keyHandled#"Backspace"
2019-6-27 08:31:48.626#change#{"from":{"line":8,"ch":2,"sticky":null},"to":{"line":8,"ch":2,"sticky":null},"text":["M"],"removed":[""],"origin":"+input"}
2019-6-27 08:31:49.517#keyHandled#"Right"
2019-6-27 08:31:49.696#keyHandled#"Right"
2019-6-27 08:31:49.848#keyHandled#"Right"
2019-6-27 08:31:49.963#keyHandled#"Right"
2019-6-27 08:31:50.285#keyHandled#"Right"
2019-6-27 08:31:50.989#change#{"from":{"line":8,"ch":8,"sticky":"before"},"to":{"line":8,"ch":8,"sticky":"before"},"text":[" "],"removed":[""],"origin":"+input"}
2019-6-27 08:31:51.115#change#{"from":{"line":8,"ch":9,"sticky":null},"to":{"line":8,"ch":9,"sticky":null},"text":["="],"removed":[""],"origin":"+input"}
2019-6-27 08:31:51.245#change#{"from":{"line":8,"ch":10,"sticky":null},"to":{"line":8,"ch":10,"sticky":null},"text":[" "],"removed":[""],"origin":"+input"}
2019-6-27 08:31:52.501#change#{"from":{"line":8,"ch":11,"sticky":null},"to":{"line":8,"ch":11,"sticky":null},"text":["c"],"removed":[""],"origin":"+input"}
2019-6-27 08:31:53.545#keyHandled#"Down"
2019-6-27 08:31:54.616#change#{"from":{"line":8,"ch":12,"sticky":null},"to":{"line":8,"ch":12,"sticky":null},"text":["",""],"removed":[""],"origin":"+input"}
2019-6-27 08:31:54.616#change#{"from":{"line":9,"ch":0,"sticky":null},"to":{"line":9,"ch":0,"sticky":null},"text":["\t\t"],"removed":[""],"origin":"+input"}
2019-6-27 08:31:54.616#keyHandled#"Enter"
2019-6-27 08:31:54.657#viewportChange#0
2019-6-27 08:31:55.887#change#{"from":{"line":9,"ch":2,"sticky":null},"to":{"line":9,"ch":2,"sticky":null},"text":["M"],"removed":[""],"origin":"+input"}
2019-6-27 08:31:56.730#change#{"from":{"line":9,"ch":3,"sticky":null},"to":{"line":9,"ch":3,"sticky":null},"text":["[]"],"removed":[""],"origin":"+input"}
2019-6-27 08:31:56.730#keyHandled#"'['"
2019-6-27 08:31:58.242#change#{"from":{"line":9,"ch":4,"sticky":"after"},"to":{"line":9,"ch":4,"sticky":"after"},"text":["j"],"removed":[""],"origin":"+input"}
2019-6-27 08:31:58.946#change#{"from":{"line":9,"ch":5,"sticky":null},"to":{"line":9,"ch":5,"sticky":null},"text":[","],"removed":[""],"origin":"+input"}
2019-6-27 08:31:59.405#change#{"from":{"line":9,"ch":6,"sticky":null},"to":{"line":9,"ch":6,"sticky":null},"text":["i"],"removed":[""],"origin":"+input"}
2019-6-27 08:32:00.998#keyHandled#"Right"
2019-6-27 08:32:01.354#keyHandled#"Right"
2019-6-27 08:32:02.132#change#{"from":{"line":9,"ch":8,"sticky":"before","hitSide":true},"to":{"line":9,"ch":8,"sticky":"before","hitSide":true},"text":[" "],"removed":[""],"origin":"+input"}
2019-6-27 08:32:02.483#change#{"from":{"line":9,"ch":9,"sticky":null},"to":{"line":9,"ch":9,"sticky":null},"text":["="],"removed":[""],"origin":"+input"}
2019-6-27 08:32:02.557#change#{"from":{"line":9,"ch":10,"sticky":null},"to":{"line":9,"ch":10,"sticky":null},"text":[" "],"removed":[""],"origin":"+input"}
2019-6-27 08:32:03.927#change#{"from":{"line":9,"ch":11,"sticky":null},"to":{"line":9,"ch":11,"sticky":null},"text":["c"],"removed":[""],"origin":"+input"}
2019-6-27 08:32:09.923#mousedown#{"isTrusted":true}
2019-6-27 08:32:10.869#change#{"from":{"line":3,"ch":22,"sticky":"before","xRel":40.08331298828125},"to":{"line":3,"ch":22,"sticky":"before","xRel":40.08331298828125},"text":["",""],"removed":[""],"origin":"+input"}
2019-6-27 08:32:10.869#keyHandled#"Enter"
2019-6-27 08:32:10.892#viewportChange#0
2019-6-27 08:32:22.376#change#{"from":{"line":4,"ch":0,"sticky":null},"to":{"line":4,"ch":0,"sticky":null},"text":["N"],"removed":[""],"origin":"+input"}
2019-6-27 08:32:22.649#change#{"from":{"line":4,"ch":1,"sticky":null},"to":{"line":4,"ch":1,"sticky":null},"text":["T"],"removed":[""],"origin":"+input"}
2019-6-27 08:32:23.808#change#{"from":{"line":4,"ch":2,"sticky":null},"to":{"line":4,"ch":2,"sticky":null},"text":[" "],"removed":[""],"origin":"+input"}
2019-6-27 08:32:24.004#change#{"from":{"line":4,"ch":3,"sticky":null},"to":{"line":4,"ch":3,"sticky":null},"text":["="],"removed":[""],"origin":"+input"}
2019-6-27 08:32:24.116#change#{"from":{"line":4,"ch":4,"sticky":null},"to":{"line":4,"ch":4,"sticky":null},"text":[" "],"removed":[""],"origin":"+input"}
2019-6-27 08:32:26.920#change#{"from":{"line":4,"ch":5,"sticky":null},"to":{"line":4,"ch":5,"sticky":null},"text":["o"],"removed":[""],"origin":"+input"}
2019-6-27 08:32:27.082#change#{"from":{"line":4,"ch":6,"sticky":null},"to":{"line":4,"ch":6,"sticky":null},"text":["n"],"removed":[""],"origin":"+input"}
2019-6-27 08:32:27.310#change#{"from":{"line":4,"ch":7,"sticky":null},"to":{"line":4,"ch":7,"sticky":null},"text":["e"],"removed":[""],"origin":"+input"}
2019-6-27 08:32:27.536#change#{"from":{"line":4,"ch":8,"sticky":null},"to":{"line":4,"ch":8,"sticky":null},"text":["s"],"removed":[""],"origin":"+input"}
2019-6-27 08:32:31.589#change#{"from":{"line":4,"ch":9,"sticky":null},"to":{"line":4,"ch":9,"sticky":null},"text":["()"],"removed":[""],"origin":"+input"}
2019-6-27 08:32:31.589#keyHandled#"'('"
2019-6-27 08:32:36.642#change#{"from":{"line":4,"ch":10,"sticky":"after"},"to":{"line":4,"ch":10,"sticky":"after"},"text":["N"],"removed":[""],"origin":"+input"}
2019-6-27 08:32:37.876#change#{"from":{"line":4,"ch":11,"sticky":null},"to":{"line":4,"ch":11,"sticky":null},"text":[","],"removed":[""],"origin":"+input"}
2019-6-27 08:32:38.091#change#{"from":{"line":4,"ch":12,"sticky":null},"to":{"line":4,"ch":12,"sticky":null},"text":[" "],"removed":[""],"origin":"+input"}
2019-6-27 08:32:39.152#change#{"from":{"line":4,"ch":13,"sticky":null},"to":{"line":4,"ch":13,"sticky":null},"text":["d"],"removed":[""],"origin":"+input"}
2019-6-27 08:32:39.408#change#{"from":{"line":4,"ch":14,"sticky":null},"to":{"line":4,"ch":14,"sticky":null},"text":["t"],"removed":[""],"origin":"+input"}
2019-6-27 08:32:39.667#change#{"from":{"line":4,"ch":15,"sticky":null},"to":{"line":4,"ch":15,"sticky":null},"text":["y"],"removed":[""],"origin":"+input"}
2019-6-27 08:32:40.226#change#{"from":{"line":4,"ch":16,"sticky":null},"to":{"line":4,"ch":16,"sticky":null},"text":["p"],"removed":[""],"origin":"+input"}
2019-6-27 08:32:40.643#change#{"from":{"line":4,"ch":17,"sticky":null},"to":{"line":4,"ch":17,"sticky":null},"text":["e"],"removed":[""],"origin":"+input"}
2019-6-27 08:32:41.262#change#{"from":{"line":4,"ch":18,"sticky":null},"to":{"line":4,"ch":18,"sticky":null},"text":[" "],"removed":[""],"origin":"+input"}
2019-6-27 08:32:41.380#change#{"from":{"line":4,"ch":19,"sticky":null},"to":{"line":4,"ch":19,"sticky":null},"text":["="],"removed":[""],"origin":"+input"}
2019-6-27 08:32:41.528#change#{"from":{"line":4,"ch":20,"sticky":null},"to":{"line":4,"ch":20,"sticky":null},"text":[" "],"removed":[""],"origin":"+input"}
2019-6-27 08:32:42.735#change#{"from":{"line":4,"ch":21,"sticky":null},"to":{"line":4,"ch":21,"sticky":null},"text":["i"],"removed":[""],"origin":"+input"}
2019-6-27 08:32:43.042#change#{"from":{"line":4,"ch":22,"sticky":null},"to":{"line":4,"ch":22,"sticky":null},"text":["n"],"removed":[""],"origin":"+input"}
2019-6-27 08:32:43.243#change#{"from":{"line":4,"ch":23,"sticky":null},"to":{"line":4,"ch":23,"sticky":null},"text":["r"],"removed":[""],"origin":"+input"}
2019-6-27 08:32:43.822#change#{"from":{"line":4,"ch":23,"sticky":"after"},"to":{"line":4,"ch":24,"sticky":null},"text":[""],"removed":["r"],"origin":"+delete"}
2019-6-27 08:32:43.822#keyHandled#"Backspace"
2019-6-27 08:32:43.976#change#{"from":{"line":4,"ch":23,"sticky":null},"to":{"line":4,"ch":23,"sticky":null},"text":["t"],"removed":[""],"origin":"+input"}
2019-6-27 08:32:49.135#mousedown#{"isTrusted":true}
2019-6-27 08:32:50.862#change#{"from":{"line":8,"ch":21,"sticky":"before","xRel":-0.91668701171875},"to":{"line":8,"ch":21,"sticky":"before","xRel":-0.91668701171875},"text":["i"],"removed":[""],"origin":"+input"}
2019-6-27 08:32:51.587#change#{"from":{"line":8,"ch":22,"sticky":null},"to":{"line":8,"ch":22,"sticky":null},"text":[","],"removed":[""],"origin":"+input"}
2019-6-27 08:32:51.794#change#{"from":{"line":8,"ch":23,"sticky":null},"to":{"line":8,"ch":23,"sticky":null},"text":[" "],"removed":[""],"origin":"+input"}
2019-6-27 08:33:01.843#mousedown#{"isTrusted":true}
2019-6-27 08:33:02.933#change#{"from":{"line":10,"ch":12,"sticky":"before","xRel":8.08331298828125},"to":{"line":10,"ch":12,"sticky":"before","xRel":8.08331298828125},"text":["",""],"removed":[""],"origin":"+input"}
2019-6-27 08:33:02.933#change#{"from":{"line":11,"ch":0,"sticky":null},"to":{"line":11,"ch":0,"sticky":null},"text":["\t\t"],"removed":[""],"origin":"+input"}
2019-6-27 08:33:02.933#keyHandled#"Enter"
2019-6-27 08:33:02.949#viewportChange#0
2019-6-27 08:33:03.880#change#{"from":{"line":11,"ch":1,"sticky":"after"},"to":{"line":11,"ch":2,"sticky":null},"text":[""],"removed":["\t"],"origin":"+delete"}
2019-6-27 08:33:03.880#keyHandled#"Backspace"
2019-6-27 08:33:04.606#change#{"from":{"line":11,"ch":0,"sticky":"after"},"to":{"line":11,"ch":1,"sticky":null},"text":[""],"removed":["\t"],"origin":"+delete"}
2019-6-27 08:33:04.606#keyHandled#"Backspace"
2019-6-27 08:33:05.731#change#{"from":{"line":11,"ch":0,"sticky":null},"to":{"line":11,"ch":0,"sticky":null},"text":["p"],"removed":[""],"origin":"+input"}
2019-6-27 08:33:05.902#change#{"from":{"line":11,"ch":1,"sticky":null},"to":{"line":11,"ch":1,"sticky":null},"text":["r"],"removed":[""],"origin":"+input"}
2019-6-27 08:33:06.020#change#{"from":{"line":11,"ch":2,"sticky":null},"to":{"line":11,"ch":2,"sticky":null},"text":["i"],"removed":[""],"origin":"+input"}
2019-6-27 08:33:06.264#change#{"from":{"line":11,"ch":3,"sticky":null},"to":{"line":11,"ch":3,"sticky":null},"text":["n"],"removed":[""],"origin":"+input"}
2019-6-27 08:33:06.491#change#{"from":{"line":11,"ch":4,"sticky":null},"to":{"line":11,"ch":4,"sticky":null},"text":["t"],"removed":[""],"origin":"+input"}
2019-6-27 08:33:07.033#change#{"from":{"line":11,"ch":5,"sticky":null},"to":{"line":11,"ch":5,"sticky":null},"text":["()"],"removed":[""],"origin":"+input"}
2019-6-27 08:33:07.033#keyHandled#"'('"
2019-6-27 08:33:08.890#change#{"from":{"line":11,"ch":6,"sticky":"after"},"to":{"line":11,"ch":6,"sticky":"after"},"text":["N"],"removed":[""],"origin":"+input"}
2019-6-27 08:33:09.538#change#{"from":{"line":11,"ch":7,"sticky":null},"to":{"line":11,"ch":7,"sticky":null},"text":["t"],"removed":[""],"origin":"+input"}
2019-6-27 08:33:10.175#change#{"from":{"line":11,"ch":7,"sticky":"after"},"to":{"line":11,"ch":8,"sticky":null},"text":[""],"removed":["t"],"origin":"+delete"}
2019-6-27 08:33:10.175#keyHandled#"Backspace"
2019-6-27 08:33:11.028#change#{"from":{"line":11,"ch":7,"sticky":null},"to":{"line":11,"ch":7,"sticky":null},"text":["T"],"removed":[""],"origin":"+input"}
2019-6-27 08:33:21.123#saida_testar#$ python3 main.py
2019-6-27 08:33:22.993#mousedown#{"isTrusted":true}
2019-6-27 08:33:24.508#change#{"from":{"line":5,"ch":0,"sticky":"after","xRel":28.08331298828125},"to":{"line":5,"ch":0,"sticky":"after","xRel":28.08331298828125},"text":["c"],"removed":[""],"origin":"+input"}
2019-6-27 08:33:24.788#change#{"from":{"line":5,"ch":1,"sticky":null},"to":{"line":5,"ch":1,"sticky":null},"text":[" "],"removed":[""],"origin":"+input"}
2019-6-27 08:33:24.916#change#{"from":{"line":5,"ch":2,"sticky":null},"to":{"line":5,"ch":2,"sticky":null},"text":["="],"removed":[""],"origin":"+input"}
2019-6-27 08:33:25.018#change#{"from":{"line":5,"ch":3,"sticky":null},"to":{"line":5,"ch":3,"sticky":null},"text":[" "],"removed":[""],"origin":"+input"}
2019-6-27 08:33:25.731#change#{"from":{"line":5,"ch":4,"sticky":null},"to":{"line":5,"ch":4,"sticky":null},"text":["0"],"removed":[""],"origin":"+input"}
2019-6-27 08:33:28.077#change#{"from":{"line":5,"ch":5,"sticky":null},"to":{"line":5,"ch":5,"sticky":null},"text":["",""],"removed":[""],"origin":"+input"}
2019-6-27 08:33:28.077#keyHandled#"Enter"
2019-6-27 08:33:28.095#viewportChange#0
2019-6-27 08:33:28.077#change#{"from":{"line":5,"ch":5,"sticky":null},"to":{"line":5,"ch":5,"sticky":null},"text":["",""],"removed":[""],"origin":"+input"}
2019-6-27 08:33:28.077#keyHandled#"Enter"
2019-6-27 08:33:28.095#viewportChange#0
2019-6-27 08:33:31.045#blur#
2019-6-27 08:33:31.354#saida_testar#$ python3 main.py
2019-6-27 08:33:31.045#blur#
2019-6-27 08:33:31.354#saida_testar#$ python3 main.py
2019-6-27 08:33:41.418#saida_testar#$ python3 main.py
2019-6-27 08:33:56.856#mousedown#{"isTrusted":true}
2019-6-27 08:33:57.146#focus#
2019-6-27 08:34:18.770#change#{"from":{"line":3,"ch":4,"sticky":"after","xRel":1.08331298828125},"to":{"line":3,"ch":4,"sticky":"after","xRel":1.08331298828125},"text":["a"],"removed":[""],"origin":"+input"}
2019-6-27 08:34:18.873#change#{"from":{"line":3,"ch":5,"sticky":null},"to":{"line":3,"ch":5,"sticky":null},"text":["r"],"removed":[""],"origin":"+input"}
2019-6-27 08:34:19.026#change#{"from":{"line":3,"ch":6,"sticky":null},"to":{"line":3,"ch":6,"sticky":null},"text":["r"],"removed":[""],"origin":"+input"}
2019-6-27 08:34:19.215#change#{"from":{"line":3,"ch":7,"sticky":null},"to":{"line":3,"ch":7,"sticky":null},"text":["a"],"removed":[""],"origin":"+input"}
2019-6-27 08:34:20.431#change#{"from":{"line":3,"ch":8,"sticky":null},"to":{"line":3,"ch":8,"sticky":null},"text":["y"],"removed":[""],"origin":"+input"}
2019-6-27 08:34:21.156#change#{"from":{"line":3,"ch":9,"sticky":null},"to":{"line":3,"ch":9,"sticky":null},"text":["("],"removed":[""],"origin":"+input"}
2019-6-27 08:34:22.010#keyHandled#"Down"
2019-6-27 08:34:23.706#keyHandled#"Up"
2019-6-27 08:34:25.233#keyHandled#"Left"
2019-6-27 08:34:25.420#keyHandled#"Left"
2019-6-27 08:34:25.588#keyHandled#"Left"
2019-6-27 08:34:25.749#keyHandled#"Left"
2019-6-27 08:34:25.902#keyHandled#"Left"
2019-6-27 08:34:26.062#keyHandled#"Left"
2019-6-27 08:34:26.208#keyHandled#"Left"
2019-6-27 08:34:26.347#keyHandled#"Left"
2019-6-27 08:34:26.486#keyHandled#"Left"
2019-6-27 08:34:26.868#keyHandled#"Up"
2019-6-27 08:34:28.001#keyHandled#"Down"
2019-6-27 08:34:28.023#keyHandled#"Right"
2019-6-27 08:34:28.774#keyHandled#"Up"
2019-6-27 08:34:29.181#keyHandled#"Left"
2019-6-27 08:34:30.471#keyHandled#"Down"
2019-6-27 08:34:30.727#keyHandled#"Down"
2019-6-27 08:34:31.469#keyHandled#"Right"
2019-6-27 08:34:31.686#keyHandled#"Right"
2019-6-27 08:34:31.832#keyHandled#"Right"
2019-6-27 08:34:35.364#change#{"from":{"line":3,"ch":28,"sticky":"before"},"to":{"line":3,"ch":28,"sticky":"before"},"text":[")"],"removed":[""],"origin":"+input"}
2019-6-27 08:34:42.804#blur#
2019-6-27 08:34:43.292#saida_testar#$ python3 main.py
2019-6-27 08:35:25.577#mousedown#{"isTrusted":true}
2019-6-27 08:35:25.808#focus#
2019-6-27 08:35:26.319#mousedown#{"isTrusted":true}
2019-6-27 08:35:29.170#change#{"from":{"line":1,"ch":10,"sticky":"after"},"to":{"line":1,"ch":11,"sticky":"after","xRel":2.08331298828125},"text":[""],"removed":["."],"origin":"+delete"}
2019-6-27 08:35:29.170#keyHandled#"Backspace"
2019-6-27 08:35:30.948#change#{"from":{"line":1,"ch":10,"sticky":null},"to":{"line":1,"ch":10,"sticky":null},"text":["."],"removed":[""],"origin":"+input"}
2019-6-27 08:36:09.042#blur#
2019-6-27 08:37:27.461#focus#
2019-6-27 08:38:21.230#mousedown#{"isTrusted":true}
2019-6-27 08:38:26.858#mousedown#{"isTrusted":true}
2019-6-27 08:38:30.900#blur#
2019-6-27 08:40:49.753#focus#
2019-6-27 08:40:51.564#blur#
2019-6-27 08:47:57.233#mousedown#{"isTrusted":true}
2019-6-27 08:47:57.247#focus#
2019-6-27 08:47:59.397#mousedown#{"isTrusted":true}
2019-6-27 08:48:00.751#change#{"from":{"line":4,"ch":10,"sticky":"after","xRel":0.29998779296875},"to":{"line":4,"ch":10,"sticky":"after","xRel":0.29998779296875},"text":["("],"removed":[""],"origin":"+input"}
2019-6-27 08:48:02.135#keyHandled#"Right"
2019-6-27 08:48:02.419#keyHandled#"Right"
2019-6-27 08:48:04.920#change#{"from":{"line":4,"ch":13,"sticky":"before"},"to":{"line":4,"ch":13,"sticky":"before"},"text":[" "],"removed":[""],"origin":"+input"}
2019-6-27 08:48:05.308#change#{"from":{"line":4,"ch":14,"sticky":null},"to":{"line":4,"ch":14,"sticky":null},"text":["N"],"removed":[""],"origin":"+input"}
2019-6-27 08:48:06.761#change#{"from":{"line":4,"ch":15,"sticky":null},"to":{"line":4,"ch":15,"sticky":null},"text":[")"],"removed":[""],"origin":"+input"}
2019-6-27 08:48:13.431#change#{"from":{"line":4,"ch":16,"sticky":null},"to":{"line":4,"ch":16,"sticky":null},"text":[","],"removed":[""],"origin":"+input"}
2019-6-27 08:48:16.274#mousedown#{"isTrusted":true}
2019-6-27 08:48:19.417#mousedown#{"isTrusted":true}
2019-6-27 08:48:19.798#mousedown#{"isTrusted":true}
2019-6-27 08:48:21.767#change#{"from":{"line":3,"ch":4,"sticky":null},"to":{"line":3,"ch":14,"sticky":null},"text":[""],"removed":["array(eval"],"origin":"+delete"}
2019-6-27 08:48:21.767#keyHandled#"Backspace"
2019-6-27 08:48:22.990#change#{"from":{"line":3,"ch":4,"sticky":null},"to":{"line":3,"ch":4,"sticky":null},"text":["e"],"removed":[""],"origin":"+input"}
2019-6-27 08:48:23.256#change#{"from":{"line":3,"ch":5,"sticky":null},"to":{"line":3,"ch":5,"sticky":null},"text":["v"],"removed":[""],"origin":"+input"}
2019-6-27 08:48:23.454#change#{"from":{"line":3,"ch":6,"sticky":null},"to":{"line":3,"ch":6,"sticky":null},"text":["a"],"removed":[""],"origin":"+input"}
2019-6-27 08:48:23.979#change#{"from":{"line":3,"ch":7,"sticky":null},"to":{"line":3,"ch":7,"sticky":null},"text":["l"],"removed":[""],"origin":"+input"}
2019-6-27 08:48:25.711#mousedown#{"isTrusted":true}
2019-6-27 08:48:26.573#change#{"from":{"line":3,"ch":22,"sticky":"after"},"to":{"line":3,"ch":23,"sticky":"before","xRel":16.54998779296875},"text":[""],"removed":[")"],"origin":"+delete"}
2019-6-27 08:48:26.573#keyHandled#"Backspace"
2019-6-27 08:48:52.399#mousedown#{"isTrusted":true}
2019-6-27 08:48:53.307#change#{"from":{"line":10,"ch":2,"sticky":"after"},"to":{"line":10,"ch":3,"sticky":"after","xRel":0.54998779296875},"text":[""],"removed":["M"],"origin":"+delete"}
2019-6-27 08:48:53.307#keyHandled#"Backspace"
2019-6-27 08:48:54.236#change#{"from":{"line":10,"ch":2,"sticky":null},"to":{"line":10,"ch":2,"sticky":null},"text":["N"],"removed":[""],"origin":"+input"}
2019-6-27 08:48:54.912#change#{"from":{"line":10,"ch":3,"sticky":null},"to":{"line":10,"ch":3,"sticky":null},"text":["T"],"removed":[""],"origin":"+input"}
2019-6-27 08:48:56.095#keyHandled#"Down"
2019-6-27 08:48:57.021#keyHandled#"Left"
2019-6-27 08:48:57.791#change#{"from":{"line":11,"ch":2,"sticky":"after"},"to":{"line":11,"ch":3,"sticky":"after"},"text":[""],"removed":["M"],"origin":"+delete"}
2019-6-27 08:48:57.791#keyHandled#"Backspace"
2019-6-27 08:48:58.830#change#{"from":{"line":11,"ch":2,"sticky":null},"to":{"line":11,"ch":2,"sticky":null},"text":["N"],"removed":[""],"origin":"+input"}
2019-6-27 08:48:59.260#change#{"from":{"line":11,"ch":3,"sticky":null},"to":{"line":11,"ch":3,"sticky":null},"text":["T"],"removed":[""],"origin":"+input"}
2019-6-27 08:48:59.260#change#{"from":{"line":11,"ch":3,"sticky":null},"to":{"line":11,"ch":3,"sticky":null},"text":["T"],"removed":[""],"origin":"+input"}
2019-6-27 08:49:05.394#saida_testar#$ python3 main.py
2019-6-27 08:49:05.488#blur#
2019-6-27 08:49:19.624#mousedown#{"isTrusted":true}
2019-6-27 08:49:19.857#focus#
2019-6-27 08:49:20.864#change#{"from":{"line":4,"ch":13,"sticky":"after"},"to":{"line":4,"ch":14,"sticky":"before","xRel":-1.70001220703125},"text":[""],"removed":[" "],"origin":"+delete"}
2019-6-27 08:49:20.864#keyHandled#"Backspace"
2019-6-27 08:49:25.088#mousedown#{"isTrusted":true}
2019-6-27 08:49:27.913#change#{"from":{"line":3,"ch":4,"sticky":"after","xRel":1.79998779296875},"to":{"line":3,"ch":8,"sticky":"after","xRel":1.79998779296875},"text":["i"],"removed":["eval"],"origin":"+input"}
2019-6-27 08:49:28.156#change#{"from":{"line":3,"ch":5,"sticky":null},"to":{"line":3,"ch":5,"sticky":null},"text":["n"],"removed":[""],"origin":"+input"}
2019-6-27 08:49:28.489#change#{"from":{"line":3,"ch":6,"sticky":null},"to":{"line":3,"ch":6,"sticky":null},"text":["t"],"removed":[""],"origin":"+input"}
2019-6-27 08:49:28.156#change#{"from":{"line":3,"ch":5,"sticky":null},"to":{"line":3,"ch":5,"sticky":null},"text":["n"],"removed":[""],"origin":"+input"}
2019-6-27 08:49:28.489#change#{"from":{"line":3,"ch":6,"sticky":null},"to":{"line":3,"ch":6,"sticky":null},"text":["t"],"removed":[""],"origin":"+input"}
2019-6-27 08:49:31.091#saida_testar#$ python3 main.py
2019-6-27 08:49:32.299#blur#
2019-6-27 08:49:49.243#mousedown#{"isTrusted":true}
2019-6-27 08:49:49.446#focus#
2019-6-27 08:49:52.356#change#{"from":{"line":7,"ch":15,"sticky":"after","xRel":1.54998779296875},"to":{"line":7,"ch":22,"sticky":"before","xRel":-0.70001220703125},"text":["N"],"removed":["size(N)"],"origin":"+input"}
2019-6-27 08:49:53.415#keyHandled#"Down"
2019-6-27 08:49:54.050#keyHandled#"Right"
2019-6-27 08:49:54.261#keyHandled#"Down"
2019-6-27 08:49:54.498#keyHandled#"Right"
2019-6-27 08:49:55.144#keyHandled#"Left"
2019-6-27 08:49:55.411#keyHandled#"Left"
2019-6-27 08:49:55.856#keyHandled#"Left"
2019-6-27 08:49:56.012#keyHandled#"Left"
2019-6-27 08:49:56.187#keyHandled#"Left"
2019-6-27 08:49:56.688#keyHandled#"Right"
2019-6-27 08:49:57.100#keyHandled#"Left"
2019-6-27 08:49:57.275#keyHandled#"Left"
2019-6-27 08:49:57.450#keyHandled#"Left"
2019-6-27 08:49:57.665#keyHandled#"Left"
2019-6-27 08:49:57.804#keyHandled#"Left"
2019-6-27 08:49:57.946#keyHandled#"Left"
2019-6-27 08:49:58.380#keyHandled#"Right"
2019-6-27 08:49:58.925#keyHandled#"Left"
2019-6-27 08:49:59.672#change#{"from":{"line":9,"ch":19,"sticky":"after"},"to":{"line":9,"ch":20,"sticky":"after"},"text":[""],"removed":["e"],"origin":"+delete"}
2019-6-27 08:49:59.672#keyHandled#"Backspace"
2019-6-27 08:49:59.854#change#{"from":{"line":9,"ch":18,"sticky":"after"},"to":{"line":9,"ch":19,"sticky":null},"text":[""],"removed":["z"],"origin":"+delete"}
2019-6-27 08:49:59.854#keyHandled#"Backspace"
2019-6-27 08:50:00.022#change#{"from":{"line":9,"ch":17,"sticky":"after"},"to":{"line":9,"ch":18,"sticky":null},"text":[""],"removed":["i"],"origin":"+delete"}
2019-6-27 08:50:00.022#keyHandled#"Backspace"
2019-6-27 08:50:00.395#change#{"from":{"line":9,"ch":16,"sticky":"after"},"to":{"line":9,"ch":17,"sticky":null},"text":[""],"removed":["s"],"origin":"+delete"}
2019-6-27 08:50:00.395#keyHandled#"Backspace"
2019-6-27 08:50:01.887#keyHandled#"Right"
2019-6-27 08:50:02.869#change#{"from":{"line":9,"ch":16,"sticky":"after"},"to":{"line":9,"ch":17,"sticky":"before"},"text":[""],"removed":["("],"origin":"+delete"}
2019-6-27 08:50:02.869#keyHandled#"Backspace"
2019-6-27 08:50:03.377#keyHandled#"Right"
2019-6-27 08:50:03.962#keyHandled#"Right"
2019-6-27 08:50:04.116#keyHandled#"Right"
2019-6-27 08:50:04.283#keyHandled#"Right"
2019-6-27 08:50:04.444#keyHandled#"Right"
2019-6-27 08:50:04.604#keyHandled#"Right"
2019-6-27 08:50:05.377#change#{"from":{"line":9,"ch":21,"sticky":"after"},"to":{"line":9,"ch":22,"sticky":"before"},"text":[""],"removed":[")"],"origin":"+delete"}
2019-6-27 08:50:05.378#keyHandled#"Backspace"
2019-6-27 08:50:11.386#saida_testar#$ python3 main.py
2019-6-27 08:50:12.835#blur#
