2019-5-16 14:25:02.658#viewportChange#0
2019-5-16 14:25:04.098#mousedown#{"isTrusted":true}
2019-5-16 14:25:04.118#focus#
2019-5-16 14:25:06.106#change#{"from":{"line":0,"ch":0,"sticky":null},"to":{"line":0,"ch":0,"sticky":null},"text":["quantidade = int(input(\"Informe a quantidade inicial de peixes: \\n\"))","percentual =float(input(\"Informe o percentual de crescimento mensal: \\n\"))","vendas = int(input(\"Informe a quantidade retirada para venda mensal: \\n\"))","p = percentual / 100","cont = 0 ","soma = 0","mes = 0 ","while (quantidade>0) and (quantidade<8000):","\tsoma = quantidade + quantidade * p","\tquantidade = soma - vendas","\tmes = mes + 1","\tif(quantidade >= 8000):","\t\tprint(\"MAXIMO\")","\telse:","\t\tprint(\"ZERO\")","print(mes)",""],"removed":[""],"origin":"paste"}
2019-5-16 14:25:06.191#viewportChange#0
2019-5-16 14:25:08.689#blur#
2019-5-16 14:25:48.854#mousedown#{"isTrusted":true}
2019-5-16 14:25:49.000#focus#
2019-5-16 14:25:49.289#change#{"from":{"line":11,"ch":0,"sticky":"after"},"to":{"line":11,"ch":1,"sticky":"after","xRel":1.85064697265625},"text":[""],"removed":["\t"],"origin":"+delete"}
2019-5-16 14:25:49.289#keyHandled#"Backspace"
2019-5-16 14:25:51.911#mousedown#{"isTrusted":true}
2019-5-16 14:25:52.226#change#{"from":{"line":13,"ch":0,"sticky":"after"},"to":{"line":13,"ch":1,"sticky":"before","xRel":-0.5833473205566406},"text":[""],"removed":["\t"],"origin":"+delete"}
2019-5-16 14:25:52.226#keyHandled#"Backspace"
2019-5-16 14:25:54.155#mousedown#{"isTrusted":true}
2019-5-16 14:25:54.492#change#{"from":{"line":12,"ch":1,"sticky":"after"},"to":{"line":12,"ch":2,"sticky":"before","xRel":-2.6910133361816406},"text":[""],"removed":["\t"],"origin":"+delete"}
2019-5-16 14:25:54.492#keyHandled#"Backspace"
2019-5-16 14:25:55.359#keyHandled#"Down"
2019-5-16 14:25:55.831#keyHandled#"Down"
2019-5-16 14:25:56.482#change#{"from":{"line":14,"ch":0,"sticky":"after"},"to":{"line":14,"ch":1,"sticky":"before","xRel":-0.4339942932128906},"text":[""],"removed":["\t"],"origin":"+delete"}
2019-5-16 14:25:56.482#keyHandled#"Backspace"
2019-5-16 14:26:03.239#blur#
2019-5-16 14:26:03.239#blur#
2019-5-16 14:26:06.761#saida_testar#$ python3 main.py
Informe a quantidade inicial de peixes:
2019-5-16 14:26:06.761#saida_testar#$ python3 main.py
Informe a quantidade inicial de peixes:
2019-5-16 14:26:33.933#submit#You're almost there! Your code is 33% correct, but if you try harder you'll be able to hit 100% of the question.
2019-5-16 14:26:51.585#mousedown#{"isTrusted":true}
2019-5-16 14:26:51.611#focus#
2019-5-16 14:26:53.157#change#{"from":{"line":8,"ch":1,"sticky":"before","xRel":-4.583347320556641},"to":{"line":8,"ch":1,"sticky":"before","xRel":-4.583347320556641},"text":["",""],"removed":[""],"origin":"+input"}
2019-5-16 14:26:53.157#change#{"from":{"line":9,"ch":0,"sticky":null},"to":{"line":9,"ch":0,"sticky":null},"text":["\t"],"removed":[""],"origin":"+input"}
2019-5-16 14:26:53.157#keyHandled#"Enter"
2019-5-16 14:26:53.182#viewportChange#0
2019-5-16 14:26:55.841#mousedown#{"isTrusted":true}
2019-5-16 14:27:40.747#change#{"from":{"line":8,"ch":1,"sticky":"before","xRel":1.4166526794433594},"to":{"line":8,"ch":1,"sticky":"before","xRel":1.4166526794433594},"text":["w"],"removed":[""],"origin":"+input"}
2019-5-16 14:27:40.927#change#{"from":{"line":8,"ch":2,"sticky":null},"to":{"line":8,"ch":2,"sticky":null},"text":["h"],"removed":[""],"origin":"+input"}
2019-5-16 14:27:40.985#change#{"from":{"line":8,"ch":3,"sticky":null},"to":{"line":8,"ch":3,"sticky":null},"text":["i"],"removed":[""],"origin":"+input"}
2019-5-16 14:27:41.236#change#{"from":{"line":8,"ch":4,"sticky":null},"to":{"line":8,"ch":4,"sticky":null},"text":["l"],"removed":[""],"origin":"+input"}
2019-5-16 14:27:41.357#change#{"from":{"line":8,"ch":5,"sticky":null},"to":{"line":8,"ch":5,"sticky":null},"text":["e"],"removed":[""],"origin":"+input"}
2019-5-16 14:27:41.539#change#{"from":{"line":8,"ch":6,"sticky":null},"to":{"line":8,"ch":6,"sticky":null},"text":[" "],"removed":[""],"origin":"+input"}
2019-5-16 14:27:42.363#change#{"from":{"line":8,"ch":6,"sticky":"after"},"to":{"line":8,"ch":7,"sticky":null},"text":[""],"removed":[" "],"origin":"+delete"}
2019-5-16 14:27:42.363#keyHandled#"Backspace"
2019-5-16 14:27:42.578#change#{"from":{"line":8,"ch":5,"sticky":"after"},"to":{"line":8,"ch":6,"sticky":null},"text":[""],"removed":["e"],"origin":"+delete"}
2019-5-16 14:27:42.578#keyHandled#"Backspace"
2019-5-16 14:27:42.713#change#{"from":{"line":8,"ch":4,"sticky":"after"},"to":{"line":8,"ch":5,"sticky":null},"text":[""],"removed":["l"],"origin":"+delete"}
2019-5-16 14:27:42.713#keyHandled#"Backspace"
2019-5-16 14:27:42.820#change#{"from":{"line":8,"ch":3,"sticky":"after"},"to":{"line":8,"ch":4,"sticky":null},"text":[""],"removed":["i"],"origin":"+delete"}
2019-5-16 14:27:42.820#keyHandled#"Backspace"
2019-5-16 14:27:42.949#change#{"from":{"line":8,"ch":2,"sticky":"after"},"to":{"line":8,"ch":3,"sticky":null},"text":[""],"removed":["h"],"origin":"+delete"}
2019-5-16 14:27:42.949#keyHandled#"Backspace"
2019-5-16 14:27:43.129#change#{"from":{"line":8,"ch":1,"sticky":"after"},"to":{"line":8,"ch":2,"sticky":null},"text":[""],"removed":["w"],"origin":"+delete"}
2019-5-16 14:27:43.129#keyHandled#"Backspace"
2019-5-16 14:27:43.398#change#{"from":{"line":8,"ch":0,"sticky":"after"},"to":{"line":8,"ch":1,"sticky":null},"text":[""],"removed":["\t"],"origin":"+delete"}
2019-5-16 14:27:43.398#keyHandled#"Backspace"
2019-5-16 14:27:43.785#change#{"from":{"line":8,"ch":0,"sticky":null},"to":{"line":8,"ch":0,"sticky":null},"text":["\t"],"removed":[""],"origin":"+input"}
2019-5-16 14:27:43.785#keyHandled#"Tab"
2019-5-16 14:27:44.925#change#{"from":{"line":8,"ch":1,"sticky":null},"to":{"line":8,"ch":1,"sticky":null},"text":["w"],"removed":[""],"origin":"+input"}
2019-5-16 14:27:45.046#change#{"from":{"line":8,"ch":2,"sticky":null},"to":{"line":8,"ch":2,"sticky":null},"text":["h"],"removed":[""],"origin":"+input"}
2019-5-16 14:27:45.119#change#{"from":{"line":8,"ch":3,"sticky":null},"to":{"line":8,"ch":3,"sticky":null},"text":["i"],"removed":[""],"origin":"+input"}
2019-5-16 14:27:45.389#change#{"from":{"line":8,"ch":4,"sticky":null},"to":{"line":8,"ch":4,"sticky":null},"text":["l"],"removed":[""],"origin":"+input"}
2019-5-16 14:27:45.573#change#{"from":{"line":8,"ch":5,"sticky":null},"to":{"line":8,"ch":5,"sticky":null},"text":["e"],"removed":[""],"origin":"+input"}
2019-5-16 14:27:45.747#change#{"from":{"line":8,"ch":6,"sticky":null},"to":{"line":8,"ch":6,"sticky":null},"text":[" "],"removed":[""],"origin":"+input"}
2019-5-16 14:27:46.193#change#{"from":{"line":8,"ch":6,"sticky":"after"},"to":{"line":8,"ch":7,"sticky":null},"text":[""],"removed":[" "],"origin":"+delete"}
2019-5-16 14:27:46.193#keyHandled#"Backspace"
2019-5-16 14:27:46.955#change#{"from":{"line":8,"ch":6,"sticky":null},"to":{"line":8,"ch":6,"sticky":null},"text":["()"],"removed":[""],"origin":"+input"}
2019-5-16 14:27:46.955#keyHandled#"'('"
2019-5-16 14:27:47.471#change#{"from":{"line":8,"ch":7,"sticky":"after"},"to":{"line":8,"ch":7,"sticky":"after"},"text":["c"],"removed":[""],"origin":"+input"}
2019-5-16 14:27:47.646#change#{"from":{"line":8,"ch":8,"sticky":null},"to":{"line":8,"ch":8,"sticky":null},"text":["o"],"removed":[""],"origin":"+input"}
2019-5-16 14:27:48.030#change#{"from":{"line":8,"ch":9,"sticky":null},"to":{"line":8,"ch":9,"sticky":null},"text":["t"],"removed":[""],"origin":"+input"}
2019-5-16 14:27:48.472#change#{"from":{"line":8,"ch":9,"sticky":"after"},"to":{"line":8,"ch":10,"sticky":null},"text":[""],"removed":["t"],"origin":"+delete"}
2019-5-16 14:27:48.472#keyHandled#"Backspace"
2019-5-16 14:27:48.997#change#{"from":{"line":8,"ch":9,"sticky":null},"to":{"line":8,"ch":9,"sticky":null},"text":["n"],"removed":[""],"origin":"+input"}
2019-5-16 14:27:53.264#change#{"from":{"line":8,"ch":11,"sticky":null},"to":{"line":8,"ch":11,"sticky":null},"text":["<"],"removed":[""],"origin":"+input"}
2019-5-16 14:27:55.106#change#{"from":{"line":8,"ch":12,"sticky":null},"to":{"line":8,"ch":12,"sticky":null},"text":["m"],"removed":[""],"origin":"+input"}
2019-5-16 14:27:55.230#change#{"from":{"line":8,"ch":13,"sticky":null},"to":{"line":8,"ch":13,"sticky":null},"text":["e"],"removed":[""],"origin":"+input"}
2019-5-16 14:27:55.793#change#{"from":{"line":8,"ch":14,"sticky":null},"to":{"line":8,"ch":14,"sticky":null},"text":["s"],"removed":[""],"origin":"+input"}
2019-5-16 14:28:05.872#blur#
2019-5-16 14:28:39.879#mousedown#{"isTrusted":true}
2019-5-16 14:28:39.907#focus#
2019-5-16 14:28:40.581#change#{"from":{"line":11,"ch":14,"sticky":"before","xRel":2.3992919921875},"to":{"line":11,"ch":14,"sticky":"before","xRel":2.3992919921875},"text":["",""],"removed":[""],"origin":"+input"}
2019-5-16 14:28:40.581#change#{"from":{"line":12,"ch":0,"sticky":null},"to":{"line":12,"ch":0,"sticky":null},"text":["\t"],"removed":[""],"origin":"+input"}
2019-5-16 14:28:40.581#keyHandled#"Enter"
2019-5-16 14:28:40.610#viewportChange#0
2019-5-16 14:28:49.872#change#{"from":{"line":12,"ch":2,"sticky":"after"},"to":{"line":12,"ch":3,"sticky":null},"text":[""],"removed":["n"],"origin":"+delete"}
2019-5-16 14:28:49.872#keyHandled#"Backspace"
2019-5-16 14:28:50.050#change#{"from":{"line":12,"ch":1,"sticky":"after"},"to":{"line":12,"ch":2,"sticky":null},"text":[""],"removed":["i"],"origin":"+delete"}
2019-5-16 14:28:50.050#keyHandled#"Backspace"
2019-5-16 14:28:50.652#change#{"from":{"line":12,"ch":1,"sticky":null},"to":{"line":12,"ch":1,"sticky":null},"text":["i"],"removed":[""],"origin":"+input"}
2019-5-16 14:28:50.784#change#{"from":{"line":12,"ch":2,"sticky":null},"to":{"line":12,"ch":2,"sticky":null},"text":["n"],"removed":[""],"origin":"+input"}
2019-5-16 14:28:51.079#change#{"from":{"line":12,"ch":2,"sticky":"after"},"to":{"line":12,"ch":3,"sticky":null},"text":[""],"removed":["n"],"origin":"+delete"}
2019-5-16 14:28:51.079#keyHandled#"Backspace"
2019-5-16 14:28:51.234#change#{"from":{"line":12,"ch":1,"sticky":"after"},"to":{"line":12,"ch":2,"sticky":null},"text":[""],"removed":["i"],"origin":"+delete"}
2019-5-16 14:28:51.234#keyHandled#"Backspace"
2019-5-16 14:28:51.919#change#{"from":{"line":12,"ch":1,"sticky":null},"to":{"line":12,"ch":1,"sticky":null},"text":["i"],"removed":[""],"origin":"+input"}
2019-5-16 14:28:52.040#change#{"from":{"line":12,"ch":2,"sticky":null},"to":{"line":12,"ch":2,"sticky":null},"text":["n"],"removed":[""],"origin":"+input"}
2019-5-16 14:28:52.251#change#{"from":{"line":12,"ch":3,"sticky":null},"to":{"line":12,"ch":3,"sticky":null},"text":["p"],"removed":[""],"origin":"+input"}
2019-5-16 14:28:52.468#change#{"from":{"line":12,"ch":4,"sticky":null},"to":{"line":12,"ch":4,"sticky":null},"text":["u"],"removed":[""],"origin":"+input"}
2019-5-16 14:28:52.688#change#{"from":{"line":12,"ch":5,"sticky":null},"to":{"line":12,"ch":5,"sticky":null},"text":["t"],"removed":[""],"origin":"+input"}
2019-5-16 14:28:53.186#change#{"from":{"line":12,"ch":6,"sticky":null},"to":{"line":12,"ch":6,"sticky":null},"text":["()"],"removed":[""],"origin":"+input"}
2019-5-16 14:28:53.187#keyHandled#"'('"
2019-5-16 14:28:54.223#keyHandled#"Left"
2019-5-16 14:28:54.410#keyHandled#"Left"
2019-5-16 14:28:54.548#keyHandled#"Left"
2019-5-16 14:28:54.729#keyHandled#"Left"
2019-5-16 14:28:54.967#keyHandled#"Left"
2019-5-16 14:28:55.150#keyHandled#"Left"
2019-5-16 14:28:55.668#change#{"from":{"line":12,"ch":1,"sticky":"after"},"to":{"line":12,"ch":1,"sticky":"after"},"text":["i"],"removed":[""],"origin":"+input"}
2019-5-16 14:28:55.735#change#{"from":{"line":12,"ch":2,"sticky":null},"to":{"line":12,"ch":2,"sticky":null},"text":["n"],"removed":[""],"origin":"+input"}
2019-5-16 14:28:56.305#change#{"from":{"line":12,"ch":3,"sticky":null},"to":{"line":12,"ch":3,"sticky":null},"text":["t"],"removed":[""],"origin":"+input"}
2019-5-16 14:28:57.317#change#{"from":{"line":12,"ch":4,"sticky":null},"to":{"line":12,"ch":4,"sticky":null},"text":["("],"removed":[""],"origin":"+input"}
2019-5-16 14:28:57.961#keyHandled#"Right"
2019-5-16 14:28:58.211#keyHandled#"Right"
2019-5-16 14:28:58.390#keyHandled#"Right"
2019-5-16 14:28:58.560#keyHandled#"Right"
2019-5-16 14:28:58.714#keyHandled#"Right"
2019-5-16 14:28:58.913#keyHandled#"Right"
2019-5-16 14:28:59.300#change#{"from":{"line":12,"ch":11,"sticky":"before"},"to":{"line":12,"ch":11,"sticky":"before"},"text":["\"\""],"removed":[""],"origin":"+input"}
2019-5-16 14:28:59.300#keyHandled#"'\"'"
2019-5-16 14:29:00.196#change#{"from":{"line":12,"ch":12,"sticky":"after"},"to":{"line":12,"ch":12,"sticky":"after"},"text":["I"],"removed":[""],"origin":"+input"}
2019-5-16 14:29:00.409#change#{"from":{"line":12,"ch":13,"sticky":null},"to":{"line":12,"ch":13,"sticky":null},"text":["n"],"removed":[""],"origin":"+input"}
2019-5-16 14:29:00.563#change#{"from":{"line":12,"ch":14,"sticky":null},"to":{"line":12,"ch":14,"sticky":null},"text":["f"],"removed":[""],"origin":"+input"}
2019-5-16 14:29:00.709#change#{"from":{"line":12,"ch":15,"sticky":null},"to":{"line":12,"ch":15,"sticky":null},"text":["o"],"removed":[""],"origin":"+input"}
2019-5-16 14:29:00.809#change#{"from":{"line":12,"ch":16,"sticky":null},"to":{"line":12,"ch":16,"sticky":null},"text":["r"],"removed":[""],"origin":"+input"}
2019-5-16 14:29:00.930#change#{"from":{"line":12,"ch":17,"sticky":null},"to":{"line":12,"ch":17,"sticky":null},"text":["m"],"removed":[""],"origin":"+input"}
2019-5-16 14:29:01.079#change#{"from":{"line":12,"ch":18,"sticky":null},"to":{"line":12,"ch":18,"sticky":null},"text":[" "],"removed":[""],"origin":"+input"}
2019-5-16 14:29:01.243#change#{"from":{"line":12,"ch":19,"sticky":null},"to":{"line":12,"ch":19,"sticky":null},"text":["a"],"removed":[""],"origin":"+input"}
2019-5-16 14:29:01.377#change#{"from":{"line":12,"ch":20,"sticky":null},"to":{"line":12,"ch":20,"sticky":null},"text":[" "],"removed":[""],"origin":"+input"}
2019-5-16 14:29:01.704#change#{"from":{"line":12,"ch":20,"sticky":"after"},"to":{"line":12,"ch":21,"sticky":null},"text":[""],"removed":[" "],"origin":"+delete"}
2019-5-16 14:29:01.705#keyHandled#"Backspace"
2019-5-16 14:29:01.843#change#{"from":{"line":12,"ch":19,"sticky":"after"},"to":{"line":12,"ch":20,"sticky":null},"text":[""],"removed":["a"],"origin":"+delete"}
2019-5-16 14:29:01.843#keyHandled#"Backspace"
2019-5-16 14:29:01.962#change#{"from":{"line":12,"ch":18,"sticky":"after"},"to":{"line":12,"ch":19,"sticky":null},"text":[""],"removed":[" "],"origin":"+delete"}
2019-5-16 14:29:01.962#keyHandled#"Backspace"
2019-5-16 14:29:02.073#change#{"from":{"line":12,"ch":17,"sticky":"after"},"to":{"line":12,"ch":18,"sticky":null},"text":[""],"removed":["m"],"origin":"+delete"}
2019-5-16 14:29:02.073#keyHandled#"Backspace"
2019-5-16 14:29:02.788#change#{"from":{"line":12,"ch":17,"sticky":null},"to":{"line":12,"ch":17,"sticky":null},"text":["m"],"removed":[""],"origin":"+input"}
2019-5-16 14:29:02.893#change#{"from":{"line":12,"ch":18,"sticky":null},"to":{"line":12,"ch":18,"sticky":null},"text":["e"],"removed":[""],"origin":"+input"}
2019-5-16 14:29:03.029#change#{"from":{"line":12,"ch":19,"sticky":null},"to":{"line":12,"ch":19,"sticky":null},"text":[" "],"removed":[""],"origin":"+input"}
2019-5-16 14:29:03.229#change#{"from":{"line":12,"ch":20,"sticky":null},"to":{"line":12,"ch":20,"sticky":null},"text":["a"],"removed":[""],"origin":"+input"}
2019-5-16 14:29:03.373#change#{"from":{"line":12,"ch":21,"sticky":null},"to":{"line":12,"ch":21,"sticky":null},"text":[" "],"removed":[""],"origin":"+input"}
2019-5-16 14:29:03.628#change#{"from":{"line":12,"ch":22,"sticky":null},"to":{"line":12,"ch":22,"sticky":null},"text":["q"],"removed":[""],"origin":"+input"}
2019-5-16 14:29:03.957#change#{"from":{"line":12,"ch":23,"sticky":null},"to":{"line":12,"ch":23,"sticky":null},"text":["u"],"removed":[""],"origin":"+input"}
2019-5-16 14:29:03.995#change#{"from":{"line":12,"ch":24,"sticky":null},"to":{"line":12,"ch":24,"sticky":null},"text":["a"],"removed":[""],"origin":"+input"}
2019-5-16 14:29:04.021#change#{"from":{"line":12,"ch":25,"sticky":null},"to":{"line":12,"ch":25,"sticky":null},"text":["n"],"removed":[""],"origin":"+input"}
2019-5-16 14:29:04.178#change#{"from":{"line":12,"ch":26,"sticky":null},"to":{"line":12,"ch":26,"sticky":null},"text":["t"],"removed":[""],"origin":"+input"}
2019-5-16 14:29:04.288#change#{"from":{"line":12,"ch":27,"sticky":null},"to":{"line":12,"ch":27,"sticky":null},"text":["o"],"removed":[""],"origin":"+input"}
2019-5-16 14:29:04.469#change#{"from":{"line":12,"ch":28,"sticky":null},"to":{"line":12,"ch":28,"sticky":null},"text":["d"],"removed":[""],"origin":"+input"}
2019-5-16 14:29:04.525#change#{"from":{"line":12,"ch":29,"sticky":null},"to":{"line":12,"ch":29,"sticky":null},"text":["a"],"removed":[""],"origin":"+input"}
2019-5-16 14:29:05.116#change#{"from":{"line":12,"ch":29,"sticky":"after"},"to":{"line":12,"ch":30,"sticky":null},"text":[""],"removed":["a"],"origin":"+delete"}
2019-5-16 14:29:05.116#keyHandled#"Backspace"
2019-5-16 14:29:05.281#change#{"from":{"line":12,"ch":28,"sticky":"after"},"to":{"line":12,"ch":29,"sticky":null},"text":[""],"removed":["d"],"origin":"+delete"}
2019-5-16 14:29:05.281#keyHandled#"Backspace"
2019-5-16 14:29:05.666#change#{"from":{"line":12,"ch":27,"sticky":"after"},"to":{"line":12,"ch":28,"sticky":null},"text":[""],"removed":["o"],"origin":"+delete"}
2019-5-16 14:29:05.666#keyHandled#"Backspace"
2019-5-16 14:29:06.227#change#{"from":{"line":12,"ch":27,"sticky":null},"to":{"line":12,"ch":27,"sticky":null},"text":["i"],"removed":[""],"origin":"+input"}
2019-5-16 14:29:06.410#change#{"from":{"line":12,"ch":28,"sticky":null},"to":{"line":12,"ch":28,"sticky":null},"text":["d"],"removed":[""],"origin":"+input"}
2019-5-16 14:29:06.487#change#{"from":{"line":12,"ch":29,"sticky":null},"to":{"line":12,"ch":29,"sticky":null},"text":["a"],"removed":[""],"origin":"+input"}
2019-5-16 14:29:06.687#change#{"from":{"line":12,"ch":30,"sticky":null},"to":{"line":12,"ch":30,"sticky":null},"text":["d"],"removed":[""],"origin":"+input"}
2019-5-16 14:29:06.852#change#{"from":{"line":12,"ch":31,"sticky":null},"to":{"line":12,"ch":31,"sticky":null},"text":[" "],"removed":[""],"origin":"+input"}
2019-5-16 14:29:07.235#change#{"from":{"line":12,"ch":31,"sticky":"after"},"to":{"line":12,"ch":32,"sticky":null},"text":[""],"removed":[" "],"origin":"+delete"}
2019-5-16 14:29:07.235#keyHandled#"Backspace"
2019-5-16 14:29:07.419#change#{"from":{"line":12,"ch":31,"sticky":null},"to":{"line":12,"ch":31,"sticky":null},"text":["e"],"removed":[""],"origin":"+input"}
2019-5-16 14:29:07.623#change#{"from":{"line":12,"ch":32,"sticky":null},"to":{"line":12,"ch":32,"sticky":null},"text":[" "],"removed":[""],"origin":"+input"}
2019-5-16 14:29:07.771#change#{"from":{"line":12,"ch":33,"sticky":null},"to":{"line":12,"ch":33,"sticky":null},"text":["d"],"removed":[""],"origin":"+input"}
2019-5-16 14:29:07.825#change#{"from":{"line":12,"ch":34,"sticky":null},"to":{"line":12,"ch":34,"sticky":null},"text":["e"],"removed":[""],"origin":"+input"}
2019-5-16 14:29:07.989#change#{"from":{"line":12,"ch":35,"sticky":null},"to":{"line":12,"ch":35,"sticky":null},"text":[" "],"removed":[""],"origin":"+input"}
2019-5-16 14:29:08.227#change#{"from":{"line":12,"ch":36,"sticky":null},"to":{"line":12,"ch":36,"sticky":null},"text":["v"],"removed":[""],"origin":"+input"}
2019-5-16 14:29:08.367#change#{"from":{"line":12,"ch":37,"sticky":null},"to":{"line":12,"ch":37,"sticky":null},"text":["e"],"removed":[""],"origin":"+input"}
2019-5-16 14:29:08.472#change#{"from":{"line":12,"ch":38,"sticky":null},"to":{"line":12,"ch":38,"sticky":null},"text":["n"],"removed":[""],"origin":"+input"}
2019-5-16 14:29:08.637#change#{"from":{"line":12,"ch":39,"sticky":null},"to":{"line":12,"ch":39,"sticky":null},"text":["d"],"removed":[""],"origin":"+input"}
2019-5-16 14:29:08.723#change#{"from":{"line":12,"ch":40,"sticky":null},"to":{"line":12,"ch":40,"sticky":null},"text":["a"],"removed":[""],"origin":"+input"}
2019-5-16 14:29:08.853#change#{"from":{"line":12,"ch":41,"sticky":null},"to":{"line":12,"ch":41,"sticky":null},"text":[" "],"removed":[""],"origin":"+input"}
2019-5-16 14:29:09.150#change#{"from":{"line":12,"ch":43,"sticky":null},"to":{"line":12,"ch":43,"sticky":null},"text":["o"],"removed":[""],"origin":"+input"}
2019-5-16 14:29:09.335#change#{"from":{"line":12,"ch":44,"sticky":null},"to":{"line":12,"ch":44,"sticky":null},"text":[" "],"removed":[""],"origin":"+input"}
2019-5-16 14:29:09.535#change#{"from":{"line":12,"ch":45,"sticky":null},"to":{"line":12,"ch":45,"sticky":null},"text":["m"],"removed":[""],"origin":"+input"}
2019-5-16 14:29:09.641#change#{"from":{"line":12,"ch":46,"sticky":null},"to":{"line":12,"ch":46,"sticky":null},"text":["e"],"removed":[""],"origin":"+input"}
2019-5-16 14:29:09.825#change#{"from":{"line":12,"ch":47,"sticky":null},"to":{"line":12,"ch":47,"sticky":null},"text":["s"],"removed":[""],"origin":"+input"}
2019-5-16 14:29:16.548#mousedown#{"isTrusted":true}
2019-5-16 14:29:19.876#mousedown#{"isTrusted":true}
2019-5-16 14:29:21.128#mousedown#{"isTrusted":true}
2019-5-16 14:30:16.000#mousedown#{"isTrusted":true}
2019-5-16 14:30:17.335#change#{"from":{"line":8,"ch":8,"sticky":"after","xRel":3.40618896484375},"to":{"line":8,"ch":11,"sticky":"after","xRel":2.47216796875},"text":[""],"removed":["ont"],"origin":"+delete"}
2019-5-16 14:30:17.335#keyHandled#"Backspace"
2019-5-16 14:30:17.649#change#{"from":{"line":8,"ch":8,"sticky":null},"to":{"line":8,"ch":9,"sticky":"before"},"text":[""],"removed":["<"],"origin":"+delete"}
2019-5-16 14:30:17.649#keyHandled#"Delete"
2019-5-16 14:30:19.540#change#{"from":{"line":8,"ch":7,"sticky":"after"},"to":{"line":8,"ch":8,"sticky":null},"text":[""],"removed":["c"],"origin":"+delete"}
2019-5-16 14:30:19.540#keyHandled#"Backspace"
2019-5-16 14:30:20.076#change#{"from":{"line":8,"ch":7,"sticky":null},"to":{"line":8,"ch":8,"sticky":"before"},"text":[""],"removed":["m"],"origin":"+delete"}
2019-5-16 14:30:20.076#keyHandled#"Delete"
2019-5-16 14:30:20.451#change#{"from":{"line":8,"ch":7,"sticky":null},"to":{"line":8,"ch":8,"sticky":"before"},"text":[""],"removed":["e"],"origin":"+delete"}
2019-5-16 14:30:20.451#keyHandled#"Delete"
2019-5-16 14:30:20.645#change#{"from":{"line":8,"ch":7,"sticky":null},"to":{"line":8,"ch":8,"sticky":"before"},"text":[""],"removed":["s"],"origin":"+delete"}
2019-5-16 14:30:20.645#keyHandled#"Delete"
2019-5-16 14:30:21.370#change#{"from":{"line":8,"ch":7,"sticky":null},"to":{"line":8,"ch":7,"sticky":null},"text":["q"],"removed":[""],"origin":"+input"}
2019-5-16 14:30:21.582#change#{"from":{"line":8,"ch":8,"sticky":null},"to":{"line":8,"ch":8,"sticky":null},"text":["u"],"removed":[""],"origin":"+input"}
2019-5-16 14:30:21.713#change#{"from":{"line":8,"ch":9,"sticky":null},"to":{"line":8,"ch":9,"sticky":null},"text":["a"],"removed":[""],"origin":"+input"}
2019-5-16 14:30:21.871#change#{"from":{"line":8,"ch":10,"sticky":null},"to":{"line":8,"ch":10,"sticky":null},"text":["n"],"removed":[""],"origin":"+input"}
2019-5-16 14:30:22.148#change#{"from":{"line":8,"ch":11,"sticky":null},"to":{"line":8,"ch":11,"sticky":null},"text":["t"],"removed":[""],"origin":"+input"}
2019-5-16 14:30:22.329#change#{"from":{"line":8,"ch":12,"sticky":null},"to":{"line":8,"ch":12,"sticky":null},"text":["i"],"removed":[""],"origin":"+input"}
2019-5-16 14:30:22.482#change#{"from":{"line":8,"ch":13,"sticky":null},"to":{"line":8,"ch":13,"sticky":null},"text":["d"],"removed":[""],"origin":"+input"}
2019-5-16 14:30:22.613#change#{"from":{"line":8,"ch":14,"sticky":null},"to":{"line":8,"ch":14,"sticky":null},"text":["a"],"removed":[""],"origin":"+input"}
2019-5-16 14:30:22.829#change#{"from":{"line":8,"ch":15,"sticky":null},"to":{"line":8,"ch":15,"sticky":null},"text":["d"],"removed":[""],"origin":"+input"}
2019-5-16 14:30:22.944#change#{"from":{"line":8,"ch":16,"sticky":null},"to":{"line":8,"ch":16,"sticky":null},"text":["e"],"removed":[""],"origin":"+input"}
2019-5-16 14:30:24.182#change#{"from":{"line":8,"ch":17,"sticky":null},"to":{"line":8,"ch":17,"sticky":null},"text":["<"],"removed":[""],"origin":"+input"}
2019-5-16 14:30:24.851#change#{"from":{"line":8,"ch":18,"sticky":null},"to":{"line":8,"ch":18,"sticky":null},"text":["8"],"removed":[""],"origin":"+input"}
2019-5-16 14:30:25.116#change#{"from":{"line":8,"ch":19,"sticky":null},"to":{"line":8,"ch":19,"sticky":null},"text":["0"],"removed":[""],"origin":"+input"}
2019-5-16 14:30:25.309#change#{"from":{"line":8,"ch":20,"sticky":null},"to":{"line":8,"ch":20,"sticky":null},"text":["0"],"removed":[""],"origin":"+input"}
2019-5-16 14:30:25.463#change#{"from":{"line":8,"ch":21,"sticky":null},"to":{"line":8,"ch":21,"sticky":null},"text":["0"],"removed":[""],"origin":"+input"}
2019-5-16 14:30:28.091#keyHandled#"Right"
2019-5-16 14:30:28.612#change#{"from":{"line":8,"ch":23,"sticky":"before"},"to":{"line":8,"ch":23,"sticky":"before"},"text":[":"],"removed":[""],"origin":"+input"}
2019-5-16 14:30:29.244#keyHandled#"Down"
2019-5-16 14:30:29.523#keyHandled#"Down"
2019-5-16 14:31:28.653#mousedown#{"isTrusted":true}
2019-5-16 14:31:31.223#change#{"from":{"line":8,"ch":1,"sticky":"before","xRel":-10.58334732055664},"to":{"line":8,"ch":24,"sticky":"before","xRel":-1.56256103515625},"text":[""],"removed":["while(quantidade<8000):"],"origin":"cut"}
2019-5-16 14:31:32.131#change#{"from":{"line":8,"ch":0,"sticky":"after"},"to":{"line":8,"ch":1,"sticky":null},"text":[""],"removed":["\t"],"origin":"+delete"}
2019-5-16 14:31:32.131#keyHandled#"Backspace"
2019-5-16 14:31:34.841#mousedown#{"isTrusted":true}
2019-5-16 14:31:35.239#change#{"from":{"line":11,"ch":14,"sticky":"before","xRel":51.3992919921875},"to":{"line":11,"ch":14,"sticky":"before","xRel":51.3992919921875},"text":["",""],"removed":[""],"origin":"+input"}
2019-5-16 14:31:35.239#change#{"from":{"line":12,"ch":0,"sticky":null},"to":{"line":12,"ch":0,"sticky":null},"text":["\t"],"removed":[""],"origin":"+input"}
2019-5-16 14:31:35.239#keyHandled#"Enter"
2019-5-16 14:31:35.267#viewportChange#0
2019-5-16 14:31:36.567#change#{"from":{"line":12,"ch":1,"sticky":null},"to":{"line":12,"ch":1,"sticky":null},"text":["while(quantidade<8000):"],"removed":[""],"origin":"paste"}
2019-5-16 14:31:41.054#change#{"from":{"line":13,"ch":1,"sticky":"before","xRel":-6.583347320556641},"to":{"line":13,"ch":1,"sticky":"before","xRel":-6.583347320556641},"text":["\t"],"removed":[""],"origin":"+input"}
2019-5-16 14:31:41.054#keyHandled#"Tab"
2019-5-16 14:31:44.383#blur#
2019-5-16 14:31:44.383#blur#
2019-5-16 14:31:47.754#saida_testar#$ python3 main.py
Informe a quantidade inicial de peixes:
5000
Informe o percentual de crescimento mensal:
Informe a quantidade retirada para venda mensal:
2000
ZERO
2019-5-16 14:31:56.206#mousedown#{"isTrusted":true}
2019-5-16 14:31:56.420#focus#
2019-5-16 14:31:58.039#mousedown#{"isTrusted":true}
2019-5-16 14:31:59.054#change#{"from":{"line":13,"ch":51,"sticky":"before","xRel":32.19091796875},"to":{"line":13,"ch":51,"sticky":"before","xRel":32.19091796875},"text":[")"],"removed":[""],"origin":"+input"}
2019-5-16 14:32:00.968#blur#
2019-5-16 14:32:00.968#blur#
2019-5-16 14:32:04.837#saida_testar#$ python3 main.py
Informe a quantidade inicial de peixes:
2019-5-16 14:32:08.451#mousedown#{"isTrusted":true}
2019-5-16 14:32:08.616#focus#
2019-5-16 14:32:10.320#change#{"from":{"line":12,"ch":1,"sticky":"after","xRel":2.85064697265625},"to":{"line":12,"ch":24,"sticky":"before","xRel":-0.56256103515625},"text":[""],"removed":["while(quantidade<8000):"],"origin":"+delete"}
2019-5-16 14:32:10.320#keyHandled#"Backspace"
2019-5-16 14:32:10.932#change#{"from":{"line":12,"ch":0,"sticky":"after"},"to":{"line":12,"ch":1,"sticky":null},"text":[""],"removed":["\t"],"origin":"+delete"}
2019-5-16 14:32:10.932#keyHandled#"Backspace"
2019-5-16 14:32:14.134#change#{"from":{"line":11,"ch":14,"sticky":"before"},"to":{"line":12,"ch":0,"sticky":null},"text":[""],"removed":["",""],"origin":"+delete"}
2019-5-16 14:32:14.134#keyHandled#"Backspace"
2019-5-16 14:32:14.162#viewportChange#0
2019-5-16 14:32:16.356#mousedown#{"isTrusted":true}
2019-5-16 14:32:16.947#change#{"from":{"line":12,"ch":1,"sticky":"after"},"to":{"line":12,"ch":2,"sticky":"before","xRel":-0.6910133361816406},"text":[""],"removed":["\t"],"origin":"+delete"}
2019-5-16 14:32:16.947#keyHandled#"Backspace"
2019-5-16 14:34:15.441#blur#
2019-5-16 14:35:43.686#focus#
2019-5-16 14:35:45.721#blur#
2019-5-16 14:37:13.961#mousedown#{"isTrusted":true}
2019-5-16 14:37:14.166#focus#
2019-5-16 14:37:14.245#mousedown#{"isTrusted":true}
2019-5-16 14:37:14.690#dblclick#{"isTrusted":true}
2019-5-16 14:37:14.730#mousedown#{"isTrusted":true}
2019-5-16 14:37:14.888#mousedown#{"isTrusted":true}
2019-5-16 14:37:15.093#mousedown#{"isTrusted":true}
2019-5-16 14:37:15.162#dblclick#{"isTrusted":true}
2019-5-16 14:37:15.529#mousedown#{"isTrusted":true}
2019-5-16 14:37:16.338#mousedown#{"isTrusted":true}
2019-5-16 14:37:16.609#mousedown#{"isTrusted":true}
2019-5-16 14:37:16.699#dblclick#{"isTrusted":true}
2019-5-16 14:37:16.919#mousedown#{"isTrusted":true}
2019-5-16 14:37:17.950#copy#{"isTrusted":true}
2019-5-16 14:37:19.771#mousedown#{"isTrusted":true}
2019-5-16 14:37:21.513#change#{"from":{"line":12,"ch":1,"sticky":"after","xRel":0.85064697265625},"to":{"line":12,"ch":51,"sticky":"before","xRel":-1.39239501953125},"text":["vendas = int(input(\"Informe a quantidade retirada para venda mensal: \\n\"))",""],"removed":["int(input(\"Informe a quantidade de venda no mes\"))"],"origin":"paste"}
2019-5-16 14:37:21.537#viewportChange#0
2019-5-16 14:37:23.003#change#{"from":{"line":12,"ch":75,"sticky":"before"},"to":{"line":13,"ch":0,"sticky":null},"text":[""],"removed":["",""],"origin":"+delete"}
2019-5-16 14:37:23.003#keyHandled#"Backspace"
2019-5-16 14:37:23.033#viewportChange#0
2019-5-16 14:37:48.229#blur#
2019-5-16 14:43:29.787#mousedown#{"isTrusted":true}
2019-5-16 14:43:29.817#focus#
2019-5-16 14:43:33.869#blur#
2019-5-16 14:44:37.256#mousedown#{"isTrusted":true}
2019-5-16 14:44:37.326#focus#
2019-5-16 14:44:38.734#blur#
2019-5-16 14:44:44.575#saida_testar#$ python3 main.py
Informe a quantidade inicial de peixes:
2019-5-16 14:44:44.575#saida_testar#$ python3 main.py
Informe a quantidade inicial de peixes:
2019-5-16 14:45:34.079#submit#Your code did not produce the correct output. Please, correct your code and try again.
2019-5-16 14:45:36.217#mousedown#{"isTrusted":true}
2019-5-16 14:45:36.253#focus#
2019-5-16 15:00:24.975#blur#
2019-5-16 15:00:26.227#focus#
2019-5-16 15:01:52.963#blur#
2019-5-16 15:01:52.963#blur#
2019-5-16 15:04:58.759#saida_testar#$ python3 main.py
Informe a quantidade inicial de peixes:
5000
Informe o percentual de crescimento mensal:
Informe a quantidade retirada para venda mensal:
1000
Informe a quantidade retirada para venda mensal:
2000
Informe a quantidade retirada para venda mensal:
3000
Informe a quantidade retirada para venda mensal:
3000
ZERO
2019-5-16 15:06:00.273#mousedown#{"isTrusted":true}
2019-5-16 15:06:00.455#focus#
2019-5-16 15:06:00.768#mousedown#{"isTrusted":true}
2019-5-16 15:06:01.388#change#{"from":{"line":12,"ch":75,"sticky":"before","xRel":7.8853759765625},"to":{"line":12,"ch":75,"sticky":"before","xRel":7.8853759765625},"text":["",""],"removed":[""],"origin":"+input"}
2019-5-16 15:06:01.389#change#{"from":{"line":13,"ch":0,"sticky":null},"to":{"line":13,"ch":0,"sticky":null},"text":["\t"],"removed":[""],"origin":"+input"}
2019-5-16 15:06:01.389#keyHandled#"Enter"
2019-5-16 15:06:01.415#viewportChange#0
2019-5-16 15:06:03.708#change#{"from":{"line":13,"ch":1,"sticky":null},"to":{"line":13,"ch":1,"sticky":null},"text":["2"],"removed":[""],"origin":"+input"}
2019-5-16 15:06:04.083#change#{"from":{"line":13,"ch":2,"sticky":null},"to":{"line":13,"ch":2,"sticky":null},"text":["0"],"removed":[""],"origin":"+input"}
2019-5-16 15:06:04.611#change#{"from":{"line":13,"ch":3,"sticky":null},"to":{"line":13,"ch":3,"sticky":null},"text":["0"],"removed":[""],"origin":"+input"}
2019-5-16 15:06:04.969#change#{"from":{"line":13,"ch":4,"sticky":null},"to":{"line":13,"ch":4,"sticky":null},"text":["0"],"removed":[""],"origin":"+input"}
2019-5-16 15:06:06.480#change#{"from":{"line":13,"ch":5,"sticky":null},"to":{"line":13,"ch":5,"sticky":null},"text":["",""],"removed":[""],"origin":"+input"}
2019-5-16 15:06:06.480#change#{"from":{"line":14,"ch":0,"sticky":null},"to":{"line":14,"ch":0,"sticky":null},"text":["\t"],"removed":[""],"origin":"+input"}
2019-5-16 15:06:06.480#keyHandled#"Enter"
2019-5-16 15:06:06.502#viewportChange#0
2019-5-16 15:06:27.340#change#{"from":{"line":14,"ch":1,"sticky":null},"to":{"line":14,"ch":1,"sticky":null},"text":["2"],"removed":[""],"origin":"+input"}
2019-5-16 15:06:29.298#change#{"from":{"line":14,"ch":1,"sticky":"after"},"to":{"line":14,"ch":2,"sticky":null},"text":[""],"removed":["2"],"origin":"+delete"}
2019-5-16 15:06:29.298#keyHandled#"Backspace"
2019-5-16 15:06:30.143#change#{"from":{"line":14,"ch":0,"sticky":"after"},"to":{"line":14,"ch":1,"sticky":null},"text":[""],"removed":["\t"],"origin":"+delete"}
2019-5-16 15:06:30.143#keyHandled#"Backspace"
2019-5-16 15:06:30.373#change#{"from":{"line":13,"ch":5,"sticky":"before"},"to":{"line":14,"ch":0,"sticky":null},"text":[""],"removed":["",""],"origin":"+delete"}
2019-5-16 15:06:30.373#keyHandled#"Backspace"
2019-5-16 15:06:30.398#viewportChange#0
2019-5-16 15:06:30.587#change#{"from":{"line":13,"ch":4,"sticky":"after"},"to":{"line":13,"ch":5,"sticky":null},"text":[""],"removed":["0"],"origin":"+delete"}
2019-5-16 15:06:30.587#keyHandled#"Backspace"
2019-5-16 15:06:30.830#change#{"from":{"line":13,"ch":3,"sticky":"after"},"to":{"line":13,"ch":4,"sticky":null},"text":[""],"removed":["0"],"origin":"+delete"}
2019-5-16 15:06:30.830#keyHandled#"Backspace"
2019-5-16 15:06:31.078#change#{"from":{"line":13,"ch":2,"sticky":"after"},"to":{"line":13,"ch":3,"sticky":null},"text":[""],"removed":["0"],"origin":"+delete"}
2019-5-16 15:06:31.078#keyHandled#"Backspace"
2019-5-16 15:06:31.377#change#{"from":{"line":13,"ch":1,"sticky":"after"},"to":{"line":13,"ch":2,"sticky":null},"text":[""],"removed":["2"],"origin":"+delete"}
2019-5-16 15:06:31.377#keyHandled#"Backspace"
2019-5-16 15:06:31.681#change#{"from":{"line":13,"ch":0,"sticky":"after"},"to":{"line":13,"ch":1,"sticky":null},"text":[""],"removed":["\t"],"origin":"+delete"}
2019-5-16 15:06:31.681#keyHandled#"Backspace"
2019-5-16 15:06:32.735#blur#
2019-5-16 15:06:55.809#submit#Your code did not produce the correct output. Please, correct your code and try again.
2019-5-16 15:06:57.974#mousedown#{"isTrusted":true}
2019-5-16 15:06:58.003#focus#
2019-5-16 15:07:57.862#blur#
2019-5-16 15:08:36.104#focus#
2019-5-16 15:08:36.109#mousedown#{"isTrusted":true}
2019-5-16 15:08:38.956#change#{"from":{"line":12,"ch":75,"sticky":"before"},"to":{"line":13,"ch":0,"sticky":"after","xRel":222.5242919921875},"text":[""],"removed":["",""],"origin":"+delete"}
2019-5-16 15:08:38.956#keyHandled#"Backspace"
2019-5-16 15:08:38.988#viewportChange#0
2019-5-16 15:08:40.719#blur#
2019-5-16 15:13:49.494#focus#
2019-5-16 15:13:50.394#mousedown#{"isTrusted":true}
2019-5-16 15:13:51.416#mousedown#{"isTrusted":true}
2019-5-16 15:13:52.266#change#{"from":{"line":11,"ch":14,"sticky":"before","xRel":30.3992919921875},"to":{"line":11,"ch":14,"sticky":"before","xRel":30.3992919921875},"text":["",""],"removed":[""],"origin":"+input"}
2019-5-16 15:13:52.266#change#{"from":{"line":12,"ch":0,"sticky":null},"to":{"line":12,"ch":0,"sticky":null},"text":["\t"],"removed":[""],"origin":"+input"}
2019-5-16 15:13:52.267#keyHandled#"Enter"
2019-5-16 15:13:52.304#viewportChange#0
2019-5-16 15:13:53.217#change#{"from":{"line":12,"ch":1,"sticky":null},"to":{"line":12,"ch":1,"sticky":null},"text":["p"],"removed":[""],"origin":"+input"}
2019-5-16 15:13:53.394#change#{"from":{"line":12,"ch":2,"sticky":null},"to":{"line":12,"ch":2,"sticky":null},"text":["r"],"removed":[""],"origin":"+input"}
2019-5-16 15:13:53.544#change#{"from":{"line":12,"ch":3,"sticky":null},"to":{"line":12,"ch":3,"sticky":null},"text":["i"],"removed":[""],"origin":"+input"}
2019-5-16 15:13:53.672#change#{"from":{"line":12,"ch":4,"sticky":null},"to":{"line":12,"ch":4,"sticky":null},"text":["n"],"removed":[""],"origin":"+input"}
2019-5-16 15:13:53.816#change#{"from":{"line":12,"ch":5,"sticky":null},"to":{"line":12,"ch":5,"sticky":null},"text":["t"],"removed":[""],"origin":"+input"}
2019-5-16 15:13:55.526#change#{"from":{"line":12,"ch":6,"sticky":null},"to":{"line":12,"ch":6,"sticky":null},"text":["",""],"removed":[""],"origin":"+input"}
2019-5-16 15:13:55.526#change#{"from":{"line":13,"ch":0,"sticky":null},"to":{"line":13,"ch":0,"sticky":null},"text":["\t"],"removed":[""],"origin":"+input"}
2019-5-16 15:13:55.526#keyHandled#"Enter"
2019-5-16 15:13:55.569#viewportChange#0
2019-5-16 15:13:56.480#change#{"from":{"line":13,"ch":0,"sticky":"after"},"to":{"line":13,"ch":1,"sticky":null},"text":[""],"removed":["\t"],"origin":"+delete"}
2019-5-16 15:13:56.480#keyHandled#"Backspace"
2019-5-16 15:13:56.800#change#{"from":{"line":12,"ch":6,"sticky":"before"},"to":{"line":13,"ch":0,"sticky":null},"text":[""],"removed":["",""],"origin":"+delete"}
2019-5-16 15:13:56.800#keyHandled#"Backspace"
2019-5-16 15:13:56.844#viewportChange#0
2019-5-16 15:13:58.505#change#{"from":{"line":12,"ch":6,"sticky":null},"to":{"line":12,"ch":6,"sticky":null},"text":["()"],"removed":[""],"origin":"+input"}
2019-5-16 15:13:58.506#keyHandled#"'('"
2019-5-16 15:13:59.425#change#{"from":{"line":12,"ch":7,"sticky":"after"},"to":{"line":12,"ch":7,"sticky":"after"},"text":["q"],"removed":[""],"origin":"+input"}
2019-5-16 15:13:59.586#change#{"from":{"line":12,"ch":8,"sticky":null},"to":{"line":12,"ch":8,"sticky":null},"text":["u"],"removed":[""],"origin":"+input"}
2019-5-16 15:13:59.744#change#{"from":{"line":12,"ch":9,"sticky":null},"to":{"line":12,"ch":9,"sticky":null},"text":["a"],"removed":[""],"origin":"+input"}
2019-5-16 15:13:59.863#change#{"from":{"line":12,"ch":10,"sticky":null},"to":{"line":12,"ch":10,"sticky":null},"text":["n"],"removed":[""],"origin":"+input"}
2019-5-16 15:14:00.149#change#{"from":{"line":12,"ch":11,"sticky":null},"to":{"line":12,"ch":11,"sticky":null},"text":["t"],"removed":[""],"origin":"+input"}
2019-5-16 15:14:00.311#change#{"from":{"line":12,"ch":12,"sticky":null},"to":{"line":12,"ch":12,"sticky":null},"text":["i"],"removed":[""],"origin":"+input"}
2019-5-16 15:14:00.462#change#{"from":{"line":12,"ch":13,"sticky":null},"to":{"line":12,"ch":13,"sticky":null},"text":["d"],"removed":[""],"origin":"+input"}
2019-5-16 15:14:00.530#change#{"from":{"line":12,"ch":14,"sticky":null},"to":{"line":12,"ch":14,"sticky":null},"text":["a"],"removed":[""],"origin":"+input"}
2019-5-16 15:14:00.745#change#{"from":{"line":12,"ch":15,"sticky":null},"to":{"line":12,"ch":15,"sticky":null},"text":["d"],"removed":[""],"origin":"+input"}
2019-5-16 15:14:00.791#change#{"from":{"line":12,"ch":16,"sticky":null},"to":{"line":12,"ch":16,"sticky":null},"text":["e"],"removed":[""],"origin":"+input"}
2019-5-16 15:14:02.332#mousedown#{"isTrusted":true}
2019-5-16 15:14:03.607#blur#
2019-5-16 15:14:03.607#blur#
2019-5-16 15:14:06.132#saida_testar#$ python3 main.py
Informe a quantidade inicial de peixes:
5000
Informe o percentual de crescimento mensal:
Informe a quantidade retirada para venda mensal:
1000
Informe a quantidade retirada para venda mensal:
2000
Informe a quantidade retirada para venda mensal:
3000
Informe a quantidade retirada para venda mensal:
1000
ZERO
2019-5-16 15:20:25.557#mousedown#{"isTrusted":true}
2019-5-16 15:20:25.795#focus#
2019-5-16 15:21:29.830#change#{"from":{"line":13,"ch":1,"sticky":"before","xRel":-2.5833473205566406},"to":{"line":13,"ch":1,"sticky":"before","xRel":-2.5833473205566406},"text":["0"],"removed":[""],"origin":"+input"}
2019-5-16 15:21:30.067#change#{"from":{"line":13,"ch":2,"sticky":null},"to":{"line":13,"ch":2,"sticky":null},"text":["",""],"removed":[""],"origin":"+input"}
2019-5-16 15:21:30.067#change#{"from":{"line":14,"ch":0,"sticky":null},"to":{"line":14,"ch":0,"sticky":null},"text":["\t"],"removed":[""],"origin":"+input"}
2019-5-16 15:21:30.067#keyHandled#"Enter"
2019-5-16 15:21:30.094#viewportChange#0
2019-5-16 15:21:31.517#change#{"from":{"line":14,"ch":0,"sticky":"after"},"to":{"line":14,"ch":1,"sticky":null},"text":[""],"removed":["\t"],"origin":"+delete"}
2019-5-16 15:21:31.517#keyHandled#"Backspace"
2019-5-16 15:21:31.865#change#{"from":{"line":13,"ch":2,"sticky":"before"},"to":{"line":14,"ch":0,"sticky":null},"text":[""],"removed":["",""],"origin":"+delete"}
2019-5-16 15:21:31.865#keyHandled#"Backspace"
2019-5-16 15:21:31.891#viewportChange#0
2019-5-16 15:21:32.417#change#{"from":{"line":13,"ch":1,"sticky":"after"},"to":{"line":13,"ch":2,"sticky":null},"text":[""],"removed":["0"],"origin":"+delete"}
2019-5-16 15:21:32.418#keyHandled#"Backspace"
2019-5-16 15:21:33.316#blur#
2019-5-16 15:23:24.163#mousedown#{"isTrusted":true}
2019-5-16 15:23:24.355#focus#
2019-5-16 15:26:34.899#mousedown#{"isTrusted":true}
2019-5-16 15:26:37.797#change#{"from":{"line":14,"ch":15,"sticky":"after"},"to":{"line":14,"ch":16,"sticky":"before","xRel":-2.14935302734375},"text":[""],"removed":["="],"origin":"+delete"}
2019-5-16 15:26:37.797#keyHandled#"Backspace"
2019-5-16 15:26:38.175#change#{"from":{"line":14,"ch":14,"sticky":"after"},"to":{"line":14,"ch":15,"sticky":null},"text":[""],"removed":[">"],"origin":"+delete"}
2019-5-16 15:26:38.175#keyHandled#"Backspace"
2019-5-16 15:26:39.345#change#{"from":{"line":14,"ch":14,"sticky":null},"to":{"line":14,"ch":14,"sticky":null},"text":["<"],"removed":[""],"origin":"+input"}
2019-5-16 15:26:40.609#change#{"from":{"line":14,"ch":15,"sticky":null},"to":{"line":14,"ch":15,"sticky":null},"text":["="],"removed":[""],"origin":"+input"}
2019-5-16 15:26:42.984#change#{"from":{"line":14,"ch":16,"sticky":null},"to":{"line":14,"ch":17,"sticky":"before"},"text":[""],"removed":[" "],"origin":"+delete"}
2019-5-16 15:26:42.984#keyHandled#"Delete"
2019-5-16 15:26:43.274#change#{"from":{"line":14,"ch":16,"sticky":null},"to":{"line":14,"ch":17,"sticky":"before"},"text":[""],"removed":["8"],"origin":"+delete"}
2019-5-16 15:26:43.274#keyHandled#"Delete"
2019-5-16 15:26:43.489#change#{"from":{"line":14,"ch":16,"sticky":null},"to":{"line":14,"ch":17,"sticky":"before"},"text":[""],"removed":["0"],"origin":"+delete"}
2019-5-16 15:26:43.489#keyHandled#"Delete"
2019-5-16 15:26:43.682#change#{"from":{"line":14,"ch":16,"sticky":null},"to":{"line":14,"ch":17,"sticky":"before"},"text":[""],"removed":["0"],"origin":"+delete"}
2019-5-16 15:26:43.682#keyHandled#"Delete"
2019-5-16 15:26:45.939#mousedown#{"isTrusted":true}
2019-5-16 15:26:46.690#change#{"from":{"line":15,"ch":13,"sticky":"after"},"to":{"line":15,"ch":14,"sticky":"before","xRel":-2.14935302734375},"text":[""],"removed":["O"],"origin":"+delete"}
2019-5-16 15:26:46.690#keyHandled#"Backspace"
2019-5-16 15:26:46.876#change#{"from":{"line":15,"ch":12,"sticky":"after"},"to":{"line":15,"ch":13,"sticky":null},"text":[""],"removed":["M"],"origin":"+delete"}
2019-5-16 15:26:46.876#keyHandled#"Backspace"
2019-5-16 15:26:47.066#change#{"from":{"line":15,"ch":11,"sticky":"after"},"to":{"line":15,"ch":12,"sticky":null},"text":[""],"removed":["I"],"origin":"+delete"}
2019-5-16 15:26:47.066#keyHandled#"Backspace"
2019-5-16 15:26:47.236#change#{"from":{"line":15,"ch":10,"sticky":"after"},"to":{"line":15,"ch":11,"sticky":null},"text":[""],"removed":["X"],"origin":"+delete"}
2019-5-16 15:26:47.236#keyHandled#"Backspace"
2019-5-16 15:26:47.434#change#{"from":{"line":15,"ch":9,"sticky":"after"},"to":{"line":15,"ch":10,"sticky":null},"text":[""],"removed":["A"],"origin":"+delete"}
2019-5-16 15:26:47.434#keyHandled#"Backspace"
2019-5-16 15:26:47.842#change#{"from":{"line":15,"ch":8,"sticky":"after"},"to":{"line":15,"ch":9,"sticky":null},"text":[""],"removed":["M"],"origin":"+delete"}
2019-5-16 15:26:47.842#keyHandled#"Backspace"
2019-5-16 15:26:48.803#change#{"from":{"line":15,"ch":8,"sticky":null},"to":{"line":15,"ch":8,"sticky":null},"text":["z"],"removed":[""],"origin":"+input"}
2019-5-16 15:26:48.975#change#{"from":{"line":15,"ch":9,"sticky":null},"to":{"line":15,"ch":9,"sticky":null},"text":["e"],"removed":[""],"origin":"+input"}
2019-5-16 15:26:50.045#change#{"from":{"line":15,"ch":9,"sticky":"after"},"to":{"line":15,"ch":10,"sticky":null},"text":[""],"removed":["e"],"origin":"+delete"}
2019-5-16 15:26:50.045#keyHandled#"Backspace"
2019-5-16 15:26:50.165#change#{"from":{"line":15,"ch":8,"sticky":"after"},"to":{"line":15,"ch":9,"sticky":null},"text":[""],"removed":["z"],"origin":"+delete"}
2019-5-16 15:26:50.165#keyHandled#"Backspace"
2019-5-16 15:26:50.677#change#{"from":{"line":15,"ch":8,"sticky":null},"to":{"line":15,"ch":8,"sticky":null},"text":["Z"],"removed":[""],"origin":"+input"}
2019-5-16 15:26:50.756#change#{"from":{"line":15,"ch":9,"sticky":null},"to":{"line":15,"ch":9,"sticky":null},"text":["E"],"removed":[""],"origin":"+input"}
2019-5-16 15:26:51.046#change#{"from":{"line":15,"ch":10,"sticky":null},"to":{"line":15,"ch":10,"sticky":null},"text":["R"],"removed":[""],"origin":"+input"}
2019-5-16 15:26:51.440#change#{"from":{"line":15,"ch":11,"sticky":null},"to":{"line":15,"ch":11,"sticky":null},"text":["O"],"removed":[""],"origin":"+input"}
2019-5-16 15:26:53.342#mousedown#{"isTrusted":true}
2019-5-16 15:26:54.177#change#{"from":{"line":17,"ch":11,"sticky":"after"},"to":{"line":17,"ch":12,"sticky":"after","xRel":0.29510498046875},"text":[""],"removed":["O"],"origin":"+delete"}
2019-5-16 15:26:54.177#keyHandled#"Backspace"
2019-5-16 15:26:54.386#change#{"from":{"line":17,"ch":10,"sticky":"after"},"to":{"line":17,"ch":11,"sticky":null},"text":[""],"removed":["R"],"origin":"+delete"}
2019-5-16 15:26:54.386#keyHandled#"Backspace"
2019-5-16 15:26:54.596#change#{"from":{"line":17,"ch":9,"sticky":"after"},"to":{"line":17,"ch":10,"sticky":null},"text":[""],"removed":["E"],"origin":"+delete"}
2019-5-16 15:26:54.596#keyHandled#"Backspace"
2019-5-16 15:26:54.894#change#{"from":{"line":17,"ch":8,"sticky":"after"},"to":{"line":17,"ch":9,"sticky":null},"text":[""],"removed":["Z"],"origin":"+delete"}
2019-5-16 15:26:54.894#keyHandled#"Backspace"
2019-5-16 15:26:58.662#change#{"from":{"line":17,"ch":8,"sticky":null},"to":{"line":17,"ch":8,"sticky":null},"text":["M"],"removed":[""],"origin":"+input"}
2019-5-16 15:26:59.049#change#{"from":{"line":17,"ch":9,"sticky":null},"to":{"line":17,"ch":9,"sticky":null},"text":["A"],"removed":[""],"origin":"+input"}
2019-5-16 15:26:59.287#change#{"from":{"line":17,"ch":10,"sticky":null},"to":{"line":17,"ch":10,"sticky":null},"text":["X"],"removed":[""],"origin":"+input"}
2019-5-16 15:26:59.648#change#{"from":{"line":17,"ch":11,"sticky":null},"to":{"line":17,"ch":11,"sticky":null},"text":["I"],"removed":[""],"origin":"+input"}
2019-5-16 15:26:59.884#change#{"from":{"line":17,"ch":12,"sticky":null},"to":{"line":17,"ch":12,"sticky":null},"text":["M"],"removed":[""],"origin":"+input"}
2019-5-16 15:26:59.949#change#{"from":{"line":17,"ch":13,"sticky":null},"to":{"line":17,"ch":13,"sticky":null},"text":["O"],"removed":[""],"origin":"+input"}
2019-5-16 15:27:01.368#blur#
2019-5-16 15:27:22.364#mousedown#{"isTrusted":true}
2019-5-16 15:27:22.397#focus#
2019-5-16 15:27:24.181#copy#{"isTrusted":true}
2019-5-16 15:28:01.106#blur#
2019-5-16 15:28:28.862#focus#
2019-5-16 15:28:50.923#blur#
2019-5-16 15:29:34.226#focus#
2019-5-16 15:29:34.236#mousedown#{"isTrusted":true}
2019-5-16 15:29:35.060#blur#
2019-5-16 15:30:33.649#mousedown#{"isTrusted":true}
2019-5-16 15:30:33.804#focus#
2019-5-16 15:30:35.295#blur#
2019-5-16 15:30:35.295#blur#
2019-5-16 15:30:40.464#saida_testar#$ python3 main.py
Informe a quantidade inicial de peixes:
5000
Informe o percentual de crescimento mensal:
Informe a quantidade retirada para venda mensal:
1000
4100.0
Informe a quantidade retirada para venda mensal:
2000
2182.0
Informe a quantidade retirada para venda mensal:
3000
-774.3600000000001
Informe a quantidade retirada para venda mensal:
ZERO
2019-5-16 15:30:40.464#saida_testar#$ python3 main.py
Informe a quantidade inicial de peixes:
5000
Informe o percentual de crescimento mensal:
Informe a quantidade retirada para venda mensal:
1000
4100.0
Informe a quantidade retirada para venda mensal:
2000
2182.0
Informe a quantidade retirada para venda mensal:
3000
-774.3600000000001
Informe a quantidade retirada para venda mensal:
ZERO
2019-5-16 15:31:11.163#submit#Your code did not produce the correct output. Please, correct your code and try again.
2019-5-16 15:45:52.055#mousedown#{"isTrusted":true}
2019-5-16 15:45:52.114#focus#
2019-5-16 15:46:11.653#mousedown#{"isTrusted":true}
2019-5-16 15:46:16.348#blur#
2019-5-16 15:47:09.233#focus#
2019-5-16 15:47:11.368#blur#
2019-5-16 15:49:33.486#focus#
2019-5-16 15:49:34.225#blur#
2019-5-16 15:49:34.225#blur#
2019-5-16 15:49:38.781#saida_testar#$ python3 main.py
Informe a quantidade inicial de peixes:
2019-5-16 15:49:38.781#saida_testar#$ python3 main.py
Informe a quantidade inicial de peixes:
2019-5-16 15:51:04.659#saida_testar#$ python3 main.py
Informe a quantidade inicial de peixes:
5000
Informe o percentual de crescimento mensal:
Informe a quantidade retirada para venda mensal:
2019-5-16 15:52:20.313#mousedown#{"isTrusted":true}
2019-5-16 15:52:20.608#focus#
2019-5-16 15:52:22.330#change#{"from":{"line":14,"ch":3,"sticky":"before","xRel":-3.54864501953125},"to":{"line":14,"ch":17,"sticky":"after","xRel":1.0728759765625},"text":["M"],"removed":["quantidade <=0"],"origin":"+input"}
2019-5-16 15:52:22.440#change#{"from":{"line":14,"ch":4,"sticky":null},"to":{"line":14,"ch":4,"sticky":null},"text":["E"],"removed":[""],"origin":"+input"}
2019-5-16 15:52:22.691#change#{"from":{"line":14,"ch":5,"sticky":null},"to":{"line":14,"ch":5,"sticky":null},"text":["S"],"removed":[""],"origin":"+input"}
2019-5-16 15:52:23.607#change#{"from":{"line":14,"ch":5,"sticky":"after"},"to":{"line":14,"ch":6,"sticky":null},"text":[""],"removed":["S"],"origin":"+delete"}
2019-5-16 15:52:23.607#keyHandled#"Backspace"
2019-5-16 15:52:23.802#change#{"from":{"line":14,"ch":4,"sticky":"after"},"to":{"line":14,"ch":5,"sticky":null},"text":[""],"removed":["E"],"origin":"+delete"}
2019-5-16 15:52:23.802#keyHandled#"Backspace"
2019-5-16 15:52:24.390#change#{"from":{"line":14,"ch":3,"sticky":"after"},"to":{"line":14,"ch":4,"sticky":null},"text":[""],"removed":["M"],"origin":"+delete"}
2019-5-16 15:52:24.390#keyHandled#"Backspace"
2019-5-16 15:52:26.639#change#{"from":{"line":14,"ch":3,"sticky":null},"to":{"line":14,"ch":3,"sticky":null},"text":["M"],"removed":[""],"origin":"undo"}
2019-5-16 15:52:26.639#change#{"from":{"line":14,"ch":4,"sticky":null},"to":{"line":14,"ch":4,"sticky":null},"text":["E"],"removed":[""],"origin":"undo"}
2019-5-16 15:52:26.639#change#{"from":{"line":14,"ch":5,"sticky":null},"to":{"line":14,"ch":5,"sticky":null},"text":["S"],"removed":[""],"origin":"undo"}
2019-5-16 15:52:26.639#keyHandled#"Ctrl-Z"
2019-5-16 15:52:27.809#change#{"from":{"line":14,"ch":3,"sticky":null},"to":{"line":14,"ch":6,"sticky":null},"text":["quantidade <=0"],"removed":["MES"],"origin":"undo"}
2019-5-16 15:52:27.809#keyHandled#"Ctrl-Z"
2019-5-16 15:52:30.399#mousedown#{"isTrusted":true}
2019-5-16 15:52:31.282#change#{"from":{"line":12,"ch":18,"sticky":"before","xRel":1.60064697265625},"to":{"line":12,"ch":18,"sticky":"before","xRel":1.60064697265625},"text":["",""],"removed":[""],"origin":"+input"}
2019-5-16 15:52:31.282#change#{"from":{"line":13,"ch":0,"sticky":null},"to":{"line":13,"ch":0,"sticky":null},"text":["\t"],"removed":[""],"origin":"+input"}
2019-5-16 15:52:31.282#keyHandled#"Enter"
2019-5-16 15:52:31.315#viewportChange#0
2019-5-16 15:53:18.261#blur#
2019-5-16 15:53:39.571#mousedown#{"isTrusted":true}
2019-5-16 15:53:39.667#focus#
2019-5-16 15:54:06.730#mousedown#{"isTrusted":true}
2019-5-16 15:54:14.010#mousedown#{"isTrusted":true}
2019-5-16 15:54:15.902#change#{"from":{"line":2,"ch":0,"sticky":"after","xRel":0.0728759765625},"to":{"line":2,"ch":0,"sticky":"after","xRel":0.0728759765625},"text":["#"],"removed":[""],"origin":"+input"}
2019-5-16 15:54:18.368#mousedown#{"isTrusted":true}
2019-5-16 15:54:21.537#copy#{"isTrusted":true}
2019-5-16 15:54:23.588#mousedown#{"isTrusted":true}
2019-5-16 15:54:24.554#change#{"from":{"line":8,"ch":0,"sticky":"after","xRel":26.5242919921875},"to":{"line":8,"ch":0,"sticky":"after","xRel":26.5242919921875},"text":["\t"],"removed":[""],"origin":"+input"}
2019-5-16 15:54:24.554#keyHandled#"Tab"
2019-5-16 15:54:25.715#change#{"from":{"line":8,"ch":1,"sticky":null},"to":{"line":8,"ch":1,"sticky":null},"text":["vendas = int(input(\"Informe a quantidade retirada para venda mensal: \\n\"))"],"removed":[""],"origin":"paste"}
2019-5-16 15:54:30.550#mousedown#{"isTrusted":true}
2019-5-16 15:54:31.615#change#{"from":{"line":14,"ch":1,"sticky":"before","xRel":-6.583347320556641},"to":{"line":14,"ch":1,"sticky":"before","xRel":-6.583347320556641},"text":["%"],"removed":[""],"origin":"+input"}
2019-5-16 15:54:32.478#change#{"from":{"line":14,"ch":1,"sticky":"after"},"to":{"line":14,"ch":2,"sticky":null},"text":[""],"removed":["%"],"origin":"+delete"}
2019-5-16 15:54:32.479#keyHandled#"Backspace"
2019-5-16 15:54:33.014#change#{"from":{"line":14,"ch":1,"sticky":null},"to":{"line":14,"ch":1,"sticky":null},"text":["$"],"removed":[""],"origin":"+input"}
2019-5-16 15:54:33.558#change#{"from":{"line":14,"ch":1,"sticky":"after"},"to":{"line":14,"ch":2,"sticky":null},"text":[""],"removed":["$"],"origin":"+delete"}
2019-5-16 15:54:33.559#keyHandled#"Backspace"
2019-5-16 15:54:33.949#change#{"from":{"line":14,"ch":1,"sticky":null},"to":{"line":14,"ch":1,"sticky":null},"text":["#"],"removed":[""],"origin":"+input"}
2019-5-16 15:54:36.558#blur#
2019-5-16 15:54:36.558#blur#
2019-5-16 15:59:32.492#viewportChange#0
2019-5-16 18:00:25.253#viewportChange#0
2019-5-16 18:00:41.327#mousedown#{"isTrusted":true}
2019-5-16 18:00:41.370#focus#
2019-5-16 18:00:43.678#blur#
2019-5-16 18:00:43.678#blur#
2019-5-16 18:02:26.558#mousedown#{"isTrusted":true}
2019-5-16 18:02:26.843#focus#
2019-5-16 18:02:28.812#change#{"from":{"line":12,"ch":1,"sticky":"before","xRel":-0.5833473205566406},"to":{"line":12,"ch":1,"sticky":"before","xRel":-0.5833473205566406},"text":["#"],"removed":[""],"origin":"+input"}
2019-5-16 18:02:32.007#blur#
