2019-3-26 18:19:32.951#viewportChange#0
2019-3-26 18:19:43.693#mousedown#{"isTrusted":true}
2019-3-26 18:19:43.708#focus#
2019-3-26 18:19:46.958#change#{"from":{"line":0,"ch":0,"sticky":"after","xRel":324.51666259765625},"to":{"line":0,"ch":0,"sticky":"after","xRel":324.51666259765625},"text":["t"],"removed":[""],"origin":"+input"}
2019-3-26 18:19:47.060#change#{"from":{"line":0,"ch":1,"sticky":null},"to":{"line":0,"ch":1,"sticky":null},"text":["e"],"removed":[""],"origin":"+input"}
2019-3-26 18:19:47.227#change#{"from":{"line":0,"ch":2,"sticky":null},"to":{"line":0,"ch":2,"sticky":null},"text":["m"],"removed":[""],"origin":"+input"}
2019-3-26 18:19:47.381#change#{"from":{"line":0,"ch":3,"sticky":null},"to":{"line":0,"ch":3,"sticky":null},"text":["p"],"removed":[""],"origin":"+input"}
2019-3-26 18:19:47.571#change#{"from":{"line":0,"ch":4,"sticky":null},"to":{"line":0,"ch":4,"sticky":null},"text":["o"],"removed":[""],"origin":"+input"}
2019-3-26 18:19:48.453#change#{"from":{"line":0,"ch":5,"sticky":null},"to":{"line":0,"ch":5,"sticky":null},"text":["="],"removed":[""],"origin":"+input"}
2019-3-26 18:19:48.615#change#{"from":{"line":0,"ch":6,"sticky":null},"to":{"line":0,"ch":6,"sticky":null},"text":[" "],"removed":[""],"origin":"+input"}
2019-3-26 18:19:49.114#change#{"from":{"line":0,"ch":6,"sticky":"after"},"to":{"line":0,"ch":7,"sticky":null},"text":[""],"removed":[" "],"origin":"+delete"}
2019-3-26 18:19:49.114#keyHandled#"Backspace"
2019-3-26 18:19:49.359#change#{"from":{"line":0,"ch":6,"sticky":null},"to":{"line":0,"ch":6,"sticky":null},"text":[" "],"removed":[""],"origin":"+input"}
2019-3-26 18:19:49.833#change#{"from":{"line":0,"ch":7,"sticky":null},"to":{"line":0,"ch":7,"sticky":null},"text":["i"],"removed":[""],"origin":"+input"}
2019-3-26 18:19:50.041#change#{"from":{"line":0,"ch":8,"sticky":null},"to":{"line":0,"ch":8,"sticky":null},"text":["n"],"removed":[""],"origin":"+input"}
2019-3-26 18:19:50.189#change#{"from":{"line":0,"ch":9,"sticky":null},"to":{"line":0,"ch":9,"sticky":null},"text":["t"],"removed":[""],"origin":"+input"}
2019-3-26 18:19:51.871#change#{"from":{"line":0,"ch":10,"sticky":null},"to":{"line":0,"ch":10,"sticky":null},"text":["()"],"removed":[""],"origin":"+input"}
2019-3-26 18:19:51.871#keyHandled#"'('"
2019-3-26 18:19:54.503#change#{"from":{"line":0,"ch":11,"sticky":"after"},"to":{"line":0,"ch":11,"sticky":"after"},"text":["i"],"removed":[""],"origin":"+input"}
2019-3-26 18:19:54.684#change#{"from":{"line":0,"ch":12,"sticky":null},"to":{"line":0,"ch":12,"sticky":null},"text":["n"],"removed":[""],"origin":"+input"}
2019-3-26 18:19:54.859#change#{"from":{"line":0,"ch":13,"sticky":null},"to":{"line":0,"ch":13,"sticky":null},"text":["p"],"removed":[""],"origin":"+input"}
2019-3-26 18:19:55.071#change#{"from":{"line":0,"ch":14,"sticky":null},"to":{"line":0,"ch":14,"sticky":null},"text":["u"],"removed":[""],"origin":"+input"}
2019-3-26 18:19:55.197#change#{"from":{"line":0,"ch":15,"sticky":null},"to":{"line":0,"ch":15,"sticky":null},"text":["t"],"removed":[""],"origin":"+input"}
2019-3-26 18:19:56.624#change#{"from":{"line":0,"ch":16,"sticky":null},"to":{"line":0,"ch":16,"sticky":null},"text":["()"],"removed":[""],"origin":"+input"}
2019-3-26 18:19:56.624#keyHandled#"'('"
2019-3-26 18:19:57.350#change#{"from":{"line":0,"ch":17,"sticky":"after"},"to":{"line":0,"ch":17,"sticky":"after"},"text":["\"\""],"removed":[""],"origin":"+input"}
2019-3-26 18:19:57.350#keyHandled#"'\"'"
2019-3-26 18:19:58.636#change#{"from":{"line":0,"ch":18,"sticky":"after"},"to":{"line":0,"ch":18,"sticky":"after"},"text":["t"],"removed":[""],"origin":"+input"}
2019-3-26 18:19:58.717#change#{"from":{"line":0,"ch":19,"sticky":null},"to":{"line":0,"ch":19,"sticky":null},"text":["e"],"removed":[""],"origin":"+input"}
2019-3-26 18:19:58.925#change#{"from":{"line":0,"ch":20,"sticky":null},"to":{"line":0,"ch":20,"sticky":null},"text":["m"],"removed":[""],"origin":"+input"}
2019-3-26 18:19:59.081#change#{"from":{"line":0,"ch":21,"sticky":null},"to":{"line":0,"ch":21,"sticky":null},"text":["p"],"removed":[""],"origin":"+input"}
2019-3-26 18:19:59.260#change#{"from":{"line":0,"ch":22,"sticky":null},"to":{"line":0,"ch":22,"sticky":null},"text":["o"],"removed":[""],"origin":"+input"}
2019-3-26 18:19:59.986#keyHandled#"Right"
2019-3-26 18:20:00.116#keyHandled#"Right"
2019-3-26 18:20:00.286#keyHandled#"Right"
2019-3-26 18:20:00.830#change#{"from":{"line":0,"ch":26,"sticky":"before"},"to":{"line":0,"ch":26,"sticky":"before"},"text":["",""],"removed":[""],"origin":"+input"}
2019-3-26 18:20:00.830#keyHandled#"Enter"
2019-3-26 18:20:00.846#viewportChange#0
2019-3-26 18:20:02.609#change#{"from":{"line":1,"ch":0,"sticky":null},"to":{"line":1,"ch":0,"sticky":null},"text":["v"],"removed":[""],"origin":"+input"}
2019-3-26 18:20:02.702#change#{"from":{"line":1,"ch":1,"sticky":null},"to":{"line":1,"ch":1,"sticky":null},"text":["e"],"removed":[""],"origin":"+input"}
2019-3-26 18:20:02.868#change#{"from":{"line":1,"ch":2,"sticky":null},"to":{"line":1,"ch":2,"sticky":null},"text":["l"],"removed":[""],"origin":"+input"}
2019-3-26 18:20:03.033#change#{"from":{"line":1,"ch":3,"sticky":null},"to":{"line":1,"ch":3,"sticky":null},"text":["o"],"removed":[""],"origin":"+input"}
2019-3-26 18:20:03.189#change#{"from":{"line":1,"ch":4,"sticky":null},"to":{"line":1,"ch":4,"sticky":null},"text":["c"],"removed":[""],"origin":"+input"}
2019-3-26 18:20:03.328#change#{"from":{"line":1,"ch":5,"sticky":null},"to":{"line":1,"ch":5,"sticky":null},"text":["i"],"removed":[""],"origin":"+input"}
2019-3-26 18:20:03.434#change#{"from":{"line":1,"ch":6,"sticky":null},"to":{"line":1,"ch":6,"sticky":null},"text":["d"],"removed":[""],"origin":"+input"}
2019-3-26 18:20:03.527#change#{"from":{"line":1,"ch":7,"sticky":null},"to":{"line":1,"ch":7,"sticky":null},"text":["a"],"removed":[""],"origin":"+input"}
2019-3-26 18:20:03.663#change#{"from":{"line":1,"ch":8,"sticky":null},"to":{"line":1,"ch":8,"sticky":null},"text":["d"],"removed":[""],"origin":"+input"}
2019-3-26 18:20:03.818#change#{"from":{"line":1,"ch":9,"sticky":null},"to":{"line":1,"ch":9,"sticky":null},"text":["e"],"removed":[""],"origin":"+input"}
2019-3-26 18:20:06.268#mousedown#{"isTrusted":true}
2019-3-26 18:20:06.976#change#{"from":{"line":0,"ch":9,"sticky":"after"},"to":{"line":0,"ch":10,"sticky":"before","xRel":-1.8166351318359375},"text":[""],"removed":["t"],"origin":"+delete"}
2019-3-26 18:20:06.976#keyHandled#"Backspace"
2019-3-26 18:20:07.151#change#{"from":{"line":0,"ch":8,"sticky":"after"},"to":{"line":0,"ch":9,"sticky":null},"text":[""],"removed":["n"],"origin":"+delete"}
2019-3-26 18:20:07.151#keyHandled#"Backspace"
2019-3-26 18:20:07.351#change#{"from":{"line":0,"ch":7,"sticky":"after"},"to":{"line":0,"ch":8,"sticky":null},"text":[""],"removed":["i"],"origin":"+delete"}
2019-3-26 18:20:07.351#keyHandled#"Backspace"
2019-3-26 18:20:07.882#change#{"from":{"line":0,"ch":7,"sticky":null},"to":{"line":0,"ch":7,"sticky":null},"text":["f"],"removed":[""],"origin":"+input"}
2019-3-26 18:20:08.005#change#{"from":{"line":0,"ch":8,"sticky":null},"to":{"line":0,"ch":8,"sticky":null},"text":["l"],"removed":[""],"origin":"+input"}
2019-3-26 18:20:08.177#change#{"from":{"line":0,"ch":9,"sticky":null},"to":{"line":0,"ch":9,"sticky":null},"text":["o"],"removed":[""],"origin":"+input"}
2019-3-26 18:20:08.201#change#{"from":{"line":0,"ch":10,"sticky":null},"to":{"line":0,"ch":10,"sticky":null},"text":["a"],"removed":[""],"origin":"+input"}
2019-3-26 18:20:08.364#change#{"from":{"line":0,"ch":11,"sticky":null},"to":{"line":0,"ch":11,"sticky":null},"text":["t"],"removed":[""],"origin":"+input"}
2019-3-26 18:20:10.448#mousedown#{"isTrusted":true}
2019-3-26 18:20:11.677#change#{"from":{"line":1,"ch":10,"sticky":"before","xRel":27.183364868164062},"to":{"line":1,"ch":10,"sticky":"before","xRel":27.183364868164062},"text":["="],"removed":[""],"origin":"+input"}
2019-3-26 18:20:11.855#change#{"from":{"line":1,"ch":11,"sticky":null},"to":{"line":1,"ch":11,"sticky":null},"text":[" "],"removed":[""],"origin":"+input"}
2019-3-26 18:20:12.929#change#{"from":{"line":1,"ch":12,"sticky":null},"to":{"line":1,"ch":12,"sticky":null},"text":["i"],"removed":[""],"origin":"+input"}
2019-3-26 18:20:13.222#change#{"from":{"line":1,"ch":13,"sticky":null},"to":{"line":1,"ch":13,"sticky":null},"text":["t"],"removed":[""],"origin":"+input"}
2019-3-26 18:20:13.597#change#{"from":{"line":1,"ch":13,"sticky":"after"},"to":{"line":1,"ch":14,"sticky":null},"text":[""],"removed":["t"],"origin":"+delete"}
2019-3-26 18:20:13.597#keyHandled#"Backspace"
2019-3-26 18:20:13.815#change#{"from":{"line":1,"ch":12,"sticky":"after"},"to":{"line":1,"ch":13,"sticky":null},"text":[""],"removed":["i"],"origin":"+delete"}
2019-3-26 18:20:13.815#keyHandled#"Backspace"
2019-3-26 18:20:14.374#change#{"from":{"line":1,"ch":12,"sticky":null},"to":{"line":1,"ch":12,"sticky":null},"text":["i"],"removed":[""],"origin":"+input"}
2019-3-26 18:20:14.548#change#{"from":{"line":1,"ch":13,"sticky":null},"to":{"line":1,"ch":13,"sticky":null},"text":["n"],"removed":[""],"origin":"+input"}
2019-3-26 18:20:14.691#change#{"from":{"line":1,"ch":14,"sticky":null},"to":{"line":1,"ch":14,"sticky":null},"text":["t"],"removed":[""],"origin":"+input"}
2019-3-26 18:20:17.016#change#{"from":{"line":1,"ch":15,"sticky":null},"to":{"line":1,"ch":15,"sticky":null},"text":["()"],"removed":[""],"origin":"+input"}
2019-3-26 18:20:17.016#keyHandled#"'('"
2019-3-26 18:20:17.983#change#{"from":{"line":1,"ch":16,"sticky":"after"},"to":{"line":1,"ch":16,"sticky":"after"},"text":["i"],"removed":[""],"origin":"+input"}
2019-3-26 18:20:18.136#change#{"from":{"line":1,"ch":17,"sticky":null},"to":{"line":1,"ch":17,"sticky":null},"text":["n"],"removed":[""],"origin":"+input"}
2019-3-26 18:20:18.304#change#{"from":{"line":1,"ch":18,"sticky":null},"to":{"line":1,"ch":18,"sticky":null},"text":["p"],"removed":[""],"origin":"+input"}
2019-3-26 18:20:18.562#change#{"from":{"line":1,"ch":19,"sticky":null},"to":{"line":1,"ch":19,"sticky":null},"text":["u"],"removed":[""],"origin":"+input"}
2019-3-26 18:20:18.742#change#{"from":{"line":1,"ch":20,"sticky":null},"to":{"line":1,"ch":20,"sticky":null},"text":["t"],"removed":[""],"origin":"+input"}
2019-3-26 18:20:21.789#change#{"from":{"line":1,"ch":21,"sticky":null},"to":{"line":1,"ch":21,"sticky":null},"text":["()"],"removed":[""],"origin":"+input"}
2019-3-26 18:20:21.789#keyHandled#"'('"
2019-3-26 18:20:26.104#change#{"from":{"line":1,"ch":22,"sticky":"after"},"to":{"line":1,"ch":22,"sticky":"after"},"text":["\"\""],"removed":[""],"origin":"+input"}
2019-3-26 18:20:26.104#keyHandled#"'\"'"
2019-3-26 18:20:27.178#change#{"from":{"line":1,"ch":23,"sticky":"after"},"to":{"line":1,"ch":23,"sticky":"after"},"text":["v"],"removed":[""],"origin":"+input"}
2019-3-26 18:20:27.241#change#{"from":{"line":1,"ch":24,"sticky":null},"to":{"line":1,"ch":24,"sticky":null},"text":["e"],"removed":[""],"origin":"+input"}
2019-3-26 18:20:27.347#change#{"from":{"line":1,"ch":25,"sticky":null},"to":{"line":1,"ch":25,"sticky":null},"text":["l"],"removed":[""],"origin":"+input"}
2019-3-26 18:20:27.542#change#{"from":{"line":1,"ch":26,"sticky":null},"to":{"line":1,"ch":26,"sticky":null},"text":["o"],"removed":[""],"origin":"+input"}
2019-3-26 18:20:27.640#change#{"from":{"line":1,"ch":27,"sticky":null},"to":{"line":1,"ch":27,"sticky":null},"text":["c"],"removed":[""],"origin":"+input"}
2019-3-26 18:20:27.864#change#{"from":{"line":1,"ch":29,"sticky":null},"to":{"line":1,"ch":29,"sticky":null},"text":["d"],"removed":[""],"origin":"+input"}
2019-3-26 18:20:27.965#change#{"from":{"line":1,"ch":30,"sticky":null},"to":{"line":1,"ch":30,"sticky":null},"text":["a"],"removed":[""],"origin":"+input"}
2019-3-26 18:20:28.128#change#{"from":{"line":1,"ch":31,"sticky":null},"to":{"line":1,"ch":31,"sticky":null},"text":["d"],"removed":[""],"origin":"+input"}
2019-3-26 18:20:28.282#change#{"from":{"line":1,"ch":32,"sticky":null},"to":{"line":1,"ch":32,"sticky":null},"text":["e"],"removed":[""],"origin":"+input"}
2019-3-26 18:20:28.923#keyHandled#"Right"
2019-3-26 18:20:29.086#keyHandled#"Right"
2019-3-26 18:20:29.225#keyHandled#"Right"
2019-3-26 18:20:29.674#change#{"from":{"line":1,"ch":36,"sticky":"before"},"to":{"line":1,"ch":36,"sticky":"before"},"text":["",""],"removed":[""],"origin":"+input"}
2019-3-26 18:20:29.674#keyHandled#"Enter"
2019-3-26 18:20:29.689#viewportChange#0
2019-3-26 18:20:30.748#change#{"from":{"line":2,"ch":0,"sticky":null},"to":{"line":2,"ch":0,"sticky":null},"text":["",""],"removed":[""],"origin":"+input"}
2019-3-26 18:20:30.748#keyHandled#"Enter"
2019-3-26 18:20:30.760#viewportChange#0
2019-3-26 18:20:31.336#change#{"from":{"line":3,"ch":0,"sticky":null},"to":{"line":3,"ch":0,"sticky":null},"text":["p"],"removed":[""],"origin":"+input"}
2019-3-26 18:20:31.591#change#{"from":{"line":3,"ch":1,"sticky":null},"to":{"line":3,"ch":1,"sticky":null},"text":["r"],"removed":[""],"origin":"+input"}
2019-3-26 18:20:32.076#change#{"from":{"line":3,"ch":2,"sticky":null},"to":{"line":3,"ch":2,"sticky":null},"text":["i"],"removed":[""],"origin":"+input"}
2019-3-26 18:20:32.297#change#{"from":{"line":3,"ch":3,"sticky":null},"to":{"line":3,"ch":3,"sticky":null},"text":["n"],"removed":[""],"origin":"+input"}
2019-3-26 18:20:32.423#change#{"from":{"line":3,"ch":4,"sticky":null},"to":{"line":3,"ch":4,"sticky":null},"text":["t"],"removed":[""],"origin":"+input"}
2019-3-26 18:20:33.107#change#{"from":{"line":3,"ch":5,"sticky":null},"to":{"line":3,"ch":5,"sticky":null},"text":["()"],"removed":[""],"origin":"+input"}
2019-3-26 18:20:33.108#keyHandled#"'('"
2019-3-26 18:20:36.165#change#{"from":{"line":3,"ch":6,"sticky":"after"},"to":{"line":3,"ch":6,"sticky":"after"},"text":["t"],"removed":[""],"origin":"+input"}
2019-3-26 18:20:36.221#change#{"from":{"line":3,"ch":7,"sticky":null},"to":{"line":3,"ch":7,"sticky":null},"text":["e"],"removed":[""],"origin":"+input"}
2019-3-26 18:20:36.570#change#{"from":{"line":3,"ch":8,"sticky":null},"to":{"line":3,"ch":8,"sticky":null},"text":["p"],"removed":[""],"origin":"+input"}
2019-3-26 18:20:37.096#change#{"from":{"line":3,"ch":8,"sticky":"after"},"to":{"line":3,"ch":9,"sticky":null},"text":[""],"removed":["p"],"origin":"+delete"}
2019-3-26 18:20:37.097#keyHandled#"Backspace"
2019-3-26 18:20:37.264#change#{"from":{"line":3,"ch":7,"sticky":"after"},"to":{"line":3,"ch":8,"sticky":null},"text":[""],"removed":["e"],"origin":"+delete"}
2019-3-26 18:20:37.264#keyHandled#"Backspace"
2019-3-26 18:20:37.428#change#{"from":{"line":3,"ch":6,"sticky":"after"},"to":{"line":3,"ch":7,"sticky":null},"text":[""],"removed":["t"],"origin":"+delete"}
2019-3-26 18:20:37.428#keyHandled#"Backspace"
2019-3-26 18:20:50.134#change#{"from":{"line":3,"ch":6,"sticky":null},"to":{"line":3,"ch":6,"sticky":null},"text":["v"],"removed":[""],"origin":"+input"}
2019-3-26 18:20:50.285#change#{"from":{"line":3,"ch":7,"sticky":null},"to":{"line":3,"ch":7,"sticky":null},"text":["e"],"removed":[""],"origin":"+input"}
2019-3-26 18:20:50.426#change#{"from":{"line":3,"ch":8,"sticky":null},"to":{"line":3,"ch":8,"sticky":null},"text":["l"],"removed":[""],"origin":"+input"}
2019-3-26 18:20:50.583#change#{"from":{"line":3,"ch":9,"sticky":null},"to":{"line":3,"ch":9,"sticky":null},"text":["o"],"removed":[""],"origin":"+input"}
2019-3-26 18:20:51.242#change#{"from":{"line":3,"ch":10,"sticky":null},"to":{"line":3,"ch":10,"sticky":null},"text":["c"],"removed":[""],"origin":"+input"}
2019-3-26 18:20:51.361#change#{"from":{"line":3,"ch":11,"sticky":null},"to":{"line":3,"ch":11,"sticky":null},"text":["i"],"removed":[""],"origin":"+input"}
2019-3-26 18:20:51.385#change#{"from":{"line":3,"ch":12,"sticky":null},"to":{"line":3,"ch":12,"sticky":null},"text":["a"],"removed":[""],"origin":"+input"}
2019-3-26 18:20:51.527#change#{"from":{"line":3,"ch":13,"sticky":null},"to":{"line":3,"ch":13,"sticky":null},"text":["d"],"removed":[""],"origin":"+input"}
2019-3-26 18:20:51.666#change#{"from":{"line":3,"ch":14,"sticky":null},"to":{"line":3,"ch":14,"sticky":null},"text":["a"],"removed":[""],"origin":"+input"}
2019-3-26 18:20:52.564#change#{"from":{"line":3,"ch":14,"sticky":"after"},"to":{"line":3,"ch":15,"sticky":null},"text":[""],"removed":["a"],"origin":"+delete"}
2019-3-26 18:20:52.564#keyHandled#"Backspace"
2019-3-26 18:20:52.786#change#{"from":{"line":3,"ch":13,"sticky":"after"},"to":{"line":3,"ch":14,"sticky":null},"text":[""],"removed":["d"],"origin":"+delete"}
2019-3-26 18:20:52.786#keyHandled#"Backspace"
2019-3-26 18:20:53.085#change#{"from":{"line":3,"ch":12,"sticky":"after"},"to":{"line":3,"ch":13,"sticky":null},"text":[""],"removed":["a"],"origin":"+delete"}
2019-3-26 18:20:53.085#keyHandled#"Backspace"
2019-3-26 18:20:53.615#change#{"from":{"line":3,"ch":12,"sticky":null},"to":{"line":3,"ch":12,"sticky":null},"text":["d"],"removed":[""],"origin":"+input"}
2019-3-26 18:20:53.726#change#{"from":{"line":3,"ch":13,"sticky":null},"to":{"line":3,"ch":13,"sticky":null},"text":["a"],"removed":[""],"origin":"+input"}
2019-3-26 18:20:53.885#change#{"from":{"line":3,"ch":14,"sticky":null},"to":{"line":3,"ch":14,"sticky":null},"text":["d"],"removed":[""],"origin":"+input"}
2019-3-26 18:20:54.050#change#{"from":{"line":3,"ch":15,"sticky":null},"to":{"line":3,"ch":15,"sticky":null},"text":["e"],"removed":[""],"origin":"+input"}
2019-3-26 18:20:54.906#change#{"from":{"line":3,"ch":16,"sticky":null},"to":{"line":3,"ch":16,"sticky":null},"text":["*"],"removed":[""],"origin":"+input"}
2019-3-26 18:20:55.668#change#{"from":{"line":3,"ch":17,"sticky":null},"to":{"line":3,"ch":17,"sticky":null},"text":["t"],"removed":[""],"origin":"+input"}
2019-3-26 18:20:55.742#change#{"from":{"line":3,"ch":18,"sticky":null},"to":{"line":3,"ch":18,"sticky":null},"text":["e"],"removed":[""],"origin":"+input"}
2019-3-26 18:20:56.423#change#{"from":{"line":3,"ch":19,"sticky":null},"to":{"line":3,"ch":19,"sticky":null},"text":["m"],"removed":[""],"origin":"+input"}
2019-3-26 18:20:56.572#change#{"from":{"line":3,"ch":20,"sticky":null},"to":{"line":3,"ch":20,"sticky":null},"text":["p"],"removed":[""],"origin":"+input"}
2019-3-26 18:20:56.763#change#{"from":{"line":3,"ch":21,"sticky":null},"to":{"line":3,"ch":21,"sticky":null},"text":["o"],"removed":[""],"origin":"+input"}
2019-3-26 18:20:57.422#keyHandled#"Right"
2019-3-26 18:20:57.942#change#{"from":{"line":3,"ch":23,"sticky":"before"},"to":{"line":3,"ch":23,"sticky":"before"},"text":["",""],"removed":[""],"origin":"+input"}
2019-3-26 18:20:57.942#keyHandled#"Enter"
2019-3-26 18:20:57.954#viewportChange#0
2019-3-26 18:20:58.656#change#{"from":{"line":4,"ch":0,"sticky":null},"to":{"line":4,"ch":0,"sticky":null},"text":["p"],"removed":[""],"origin":"+input"}
2019-3-26 18:20:58.793#change#{"from":{"line":4,"ch":1,"sticky":null},"to":{"line":4,"ch":1,"sticky":null},"text":["r"],"removed":[""],"origin":"+input"}
2019-3-26 18:20:58.957#change#{"from":{"line":4,"ch":2,"sticky":null},"to":{"line":4,"ch":2,"sticky":null},"text":["i"],"removed":[""],"origin":"+input"}
2019-3-26 18:20:59.155#change#{"from":{"line":4,"ch":3,"sticky":null},"to":{"line":4,"ch":3,"sticky":null},"text":["n"],"removed":[""],"origin":"+input"}
2019-3-26 18:20:59.272#change#{"from":{"line":4,"ch":4,"sticky":null},"to":{"line":4,"ch":4,"sticky":null},"text":["t"],"removed":[""],"origin":"+input"}
2019-3-26 18:20:59.975#change#{"from":{"line":4,"ch":5,"sticky":null},"to":{"line":4,"ch":5,"sticky":null},"text":["()"],"removed":[""],"origin":"+input"}
2019-3-26 18:20:59.975#keyHandled#"'('"
2019-3-26 18:21:56.695#change#{"from":{"line":4,"ch":6,"sticky":"after"},"to":{"line":4,"ch":6,"sticky":"after"},"text":["1"],"removed":[""],"origin":"+input"}
2019-3-26 18:21:56.801#change#{"from":{"line":4,"ch":7,"sticky":null},"to":{"line":4,"ch":7,"sticky":null},"text":["2"],"removed":[""],"origin":"+input"}
2019-3-26 18:21:57.230#change#{"from":{"line":4,"ch":8,"sticky":null},"to":{"line":4,"ch":8,"sticky":null},"text":["*"],"removed":[""],"origin":"+input"}
2019-3-26 18:21:58.246#change#{"from":{"line":4,"ch":9,"sticky":null},"to":{"line":4,"ch":9,"sticky":null},"text":["v"],"removed":[""],"origin":"+input"}
2019-3-26 18:21:58.626#change#{"from":{"line":4,"ch":10,"sticky":null},"to":{"line":4,"ch":10,"sticky":null},"text":["l"],"removed":[""],"origin":"+input"}
2019-3-26 18:21:58.835#change#{"from":{"line":4,"ch":11,"sticky":null},"to":{"line":4,"ch":11,"sticky":null},"text":["o"],"removed":[""],"origin":"+input"}
2019-3-26 18:21:59.460#change#{"from":{"line":4,"ch":11,"sticky":"after"},"to":{"line":4,"ch":12,"sticky":null},"text":[""],"removed":["o"],"origin":"+delete"}
2019-3-26 18:21:59.460#keyHandled#"Backspace"
2019-3-26 18:21:59.661#change#{"from":{"line":4,"ch":10,"sticky":"after"},"to":{"line":4,"ch":11,"sticky":null},"text":[""],"removed":["l"],"origin":"+delete"}
2019-3-26 18:21:59.661#keyHandled#"Backspace"
2019-3-26 18:21:59.818#change#{"from":{"line":4,"ch":9,"sticky":"after"},"to":{"line":4,"ch":10,"sticky":null},"text":[""],"removed":["v"],"origin":"+delete"}
2019-3-26 18:21:59.818#keyHandled#"Backspace"
2019-3-26 18:22:00.221#change#{"from":{"line":4,"ch":9,"sticky":null},"to":{"line":4,"ch":9,"sticky":null},"text":["v"],"removed":[""],"origin":"+input"}
2019-3-26 18:22:00.299#change#{"from":{"line":4,"ch":10,"sticky":null},"to":{"line":4,"ch":10,"sticky":null},"text":["e"],"removed":[""],"origin":"+input"}
2019-3-26 18:22:00.492#change#{"from":{"line":4,"ch":11,"sticky":null},"to":{"line":4,"ch":11,"sticky":null},"text":["l"],"removed":[""],"origin":"+input"}
2019-3-26 18:22:00.657#change#{"from":{"line":4,"ch":12,"sticky":null},"to":{"line":4,"ch":12,"sticky":null},"text":["o"],"removed":[""],"origin":"+input"}
2019-3-26 18:22:00.795#change#{"from":{"line":4,"ch":13,"sticky":null},"to":{"line":4,"ch":13,"sticky":null},"text":["c"],"removed":[""],"origin":"+input"}
2019-3-26 18:22:01.108#change#{"from":{"line":4,"ch":14,"sticky":null},"to":{"line":4,"ch":14,"sticky":null},"text":["i"],"removed":[""],"origin":"+input"}
2019-3-26 18:22:01.272#change#{"from":{"line":4,"ch":15,"sticky":null},"to":{"line":4,"ch":15,"sticky":null},"text":["d"],"removed":[""],"origin":"+input"}
2019-3-26 18:22:01.354#change#{"from":{"line":4,"ch":16,"sticky":null},"to":{"line":4,"ch":16,"sticky":null},"text":["a"],"removed":[""],"origin":"+input"}
2019-3-26 18:22:01.513#change#{"from":{"line":4,"ch":17,"sticky":null},"to":{"line":4,"ch":17,"sticky":null},"text":["d"],"removed":[""],"origin":"+input"}
2019-3-26 18:22:01.678#change#{"from":{"line":4,"ch":18,"sticky":null},"to":{"line":4,"ch":18,"sticky":null},"text":["e"],"removed":[""],"origin":"+input"}
2019-3-26 18:22:02.359#change#{"from":{"line":4,"ch":19,"sticky":null},"to":{"line":4,"ch":19,"sticky":null},"text":["*"],"removed":[""],"origin":"+input"}
2019-3-26 18:22:02.901#change#{"from":{"line":4,"ch":20,"sticky":null},"to":{"line":4,"ch":20,"sticky":null},"text":["t"],"removed":[""],"origin":"+input"}
2019-3-26 18:22:02.977#change#{"from":{"line":4,"ch":21,"sticky":null},"to":{"line":4,"ch":21,"sticky":null},"text":["e"],"removed":[""],"origin":"+input"}
2019-3-26 18:22:03.123#change#{"from":{"line":4,"ch":22,"sticky":null},"to":{"line":4,"ch":22,"sticky":null},"text":["m"],"removed":[""],"origin":"+input"}
2019-3-26 18:22:03.205#change#{"from":{"line":4,"ch":23,"sticky":null},"to":{"line":4,"ch":23,"sticky":null},"text":["p"],"removed":[""],"origin":"+input"}
2019-3-26 18:22:03.433#change#{"from":{"line":4,"ch":24,"sticky":null},"to":{"line":4,"ch":24,"sticky":null},"text":["o"],"removed":[""],"origin":"+input"}
2019-3-26 18:22:03.123#change#{"from":{"line":4,"ch":22,"sticky":null},"to":{"line":4,"ch":22,"sticky":null},"text":["m"],"removed":[""],"origin":"+input"}
2019-3-26 18:22:03.205#change#{"from":{"line":4,"ch":23,"sticky":null},"to":{"line":4,"ch":23,"sticky":null},"text":["p"],"removed":[""],"origin":"+input"}
2019-3-26 18:22:03.433#change#{"from":{"line":4,"ch":24,"sticky":null},"to":{"line":4,"ch":24,"sticky":null},"text":["o"],"removed":[""],"origin":"+input"}
2019-3-26 18:22:10.976#change#{"from":{"line":4,"ch":25,"sticky":null},"to":{"line":4,"ch":25,"sticky":null},"text":["1"],"removed":[""],"origin":"+input"}
2019-3-26 18:22:11.289#change#{"from":{"line":4,"ch":26,"sticky":null},"to":{"line":4,"ch":26,"sticky":null},"text":["."],"removed":[""],"origin":"+input"}
2019-3-26 18:22:11.493#change#{"from":{"line":4,"ch":27,"sticky":null},"to":{"line":4,"ch":27,"sticky":null},"text":["5"],"removed":[""],"origin":"+input"}
2019-3-26 18:22:12.838#change#{"from":{"line":4,"ch":27,"sticky":"after"},"to":{"line":4,"ch":28,"sticky":null},"text":[""],"removed":["5"],"origin":"+delete"}
2019-3-26 18:22:12.838#keyHandled#"Backspace"
2019-3-26 18:22:13.030#change#{"from":{"line":4,"ch":26,"sticky":"after"},"to":{"line":4,"ch":27,"sticky":null},"text":[""],"removed":["."],"origin":"+delete"}
2019-3-26 18:22:13.030#keyHandled#"Backspace"
2019-3-26 18:22:13.190#change#{"from":{"line":4,"ch":25,"sticky":"after"},"to":{"line":4,"ch":26,"sticky":null},"text":[""],"removed":["1"],"origin":"+delete"}
2019-3-26 18:22:13.190#keyHandled#"Backspace"
2019-3-26 18:22:14.456#blur#
2019-3-26 18:22:27.017#mousedown#{"isTrusted":true}
2019-3-26 18:22:27.180#focus#
2019-3-26 18:22:30.075#change#{"from":{"line":4,"ch":25,"sticky":"after"},"to":{"line":4,"ch":26,"sticky":"before","xRel":3.2500152587890625},"text":[""],"removed":[")"],"origin":"+delete"}
2019-3-26 18:22:30.076#keyHandled#"Backspace"
2019-3-26 18:22:30.271#change#{"from":{"line":4,"ch":24,"sticky":"after"},"to":{"line":4,"ch":25,"sticky":null},"text":[""],"removed":["o"],"origin":"+delete"}
2019-3-26 18:22:30.271#keyHandled#"Backspace"
2019-3-26 18:22:30.768#change#{"from":{"line":4,"ch":23,"sticky":"after"},"to":{"line":4,"ch":24,"sticky":null},"text":[""],"removed":["p"],"origin":"+delete"}
2019-3-26 18:22:30.768#keyHandled#"Backspace"
2019-3-26 18:22:30.820#change#{"from":{"line":4,"ch":22,"sticky":"after"},"to":{"line":4,"ch":23,"sticky":null},"text":[""],"removed":["m"],"origin":"+delete"}
2019-3-26 18:22:30.820#keyHandled#"Backspace"
2019-3-26 18:22:30.869#change#{"from":{"line":4,"ch":21,"sticky":"after"},"to":{"line":4,"ch":22,"sticky":null},"text":[""],"removed":["e"],"origin":"+delete"}
2019-3-26 18:22:30.869#keyHandled#"Backspace"
2019-3-26 18:22:30.918#change#{"from":{"line":4,"ch":20,"sticky":"after"},"to":{"line":4,"ch":21,"sticky":null},"text":[""],"removed":["t"],"origin":"+delete"}
2019-3-26 18:22:30.918#keyHandled#"Backspace"
2019-3-26 18:22:30.968#change#{"from":{"line":4,"ch":19,"sticky":"after"},"to":{"line":4,"ch":20,"sticky":null},"text":[""],"removed":["*"],"origin":"+delete"}
2019-3-26 18:22:30.968#keyHandled#"Backspace"
2019-3-26 18:22:31.018#change#{"from":{"line":4,"ch":18,"sticky":"after"},"to":{"line":4,"ch":19,"sticky":null},"text":[""],"removed":["e"],"origin":"+delete"}
2019-3-26 18:22:31.018#keyHandled#"Backspace"
2019-3-26 18:22:31.068#change#{"from":{"line":4,"ch":17,"sticky":"after"},"to":{"line":4,"ch":18,"sticky":null},"text":[""],"removed":["d"],"origin":"+delete"}
2019-3-26 18:22:31.068#keyHandled#"Backspace"
2019-3-26 18:22:31.119#change#{"from":{"line":4,"ch":16,"sticky":"after"},"to":{"line":4,"ch":17,"sticky":null},"text":[""],"removed":["a"],"origin":"+delete"}
2019-3-26 18:22:31.119#keyHandled#"Backspace"
2019-3-26 18:22:31.169#change#{"from":{"line":4,"ch":15,"sticky":"after"},"to":{"line":4,"ch":16,"sticky":null},"text":[""],"removed":["d"],"origin":"+delete"}
2019-3-26 18:22:31.169#keyHandled#"Backspace"
2019-3-26 18:22:31.219#change#{"from":{"line":4,"ch":14,"sticky":"after"},"to":{"line":4,"ch":15,"sticky":null},"text":[""],"removed":["i"],"origin":"+delete"}
2019-3-26 18:22:31.219#keyHandled#"Backspace"
2019-3-26 18:22:31.270#change#{"from":{"line":4,"ch":13,"sticky":"after"},"to":{"line":4,"ch":14,"sticky":null},"text":[""],"removed":["c"],"origin":"+delete"}
2019-3-26 18:22:31.270#keyHandled#"Backspace"
2019-3-26 18:22:31.320#change#{"from":{"line":4,"ch":12,"sticky":"after"},"to":{"line":4,"ch":13,"sticky":null},"text":[""],"removed":["o"],"origin":"+delete"}
2019-3-26 18:22:31.320#keyHandled#"Backspace"
2019-3-26 18:22:31.371#change#{"from":{"line":4,"ch":11,"sticky":"after"},"to":{"line":4,"ch":12,"sticky":null},"text":[""],"removed":["l"],"origin":"+delete"}
2019-3-26 18:22:31.371#keyHandled#"Backspace"
2019-3-26 18:22:31.422#change#{"from":{"line":4,"ch":10,"sticky":"after"},"to":{"line":4,"ch":11,"sticky":null},"text":[""],"removed":["e"],"origin":"+delete"}
2019-3-26 18:22:31.422#keyHandled#"Backspace"
2019-3-26 18:22:31.472#change#{"from":{"line":4,"ch":9,"sticky":"after"},"to":{"line":4,"ch":10,"sticky":null},"text":[""],"removed":["v"],"origin":"+delete"}
2019-3-26 18:22:31.472#keyHandled#"Backspace"
2019-3-26 18:22:31.523#change#{"from":{"line":4,"ch":8,"sticky":"after"},"to":{"line":4,"ch":9,"sticky":null},"text":[""],"removed":["*"],"origin":"+delete"}
2019-3-26 18:22:31.523#keyHandled#"Backspace"
2019-3-26 18:22:31.674#change#{"from":{"line":4,"ch":7,"sticky":"after"},"to":{"line":4,"ch":8,"sticky":null},"text":[""],"removed":["2"],"origin":"+delete"}
2019-3-26 18:22:31.674#keyHandled#"Backspace"
2019-3-26 18:22:31.882#change#{"from":{"line":4,"ch":6,"sticky":"after"},"to":{"line":4,"ch":7,"sticky":null},"text":[""],"removed":["1"],"origin":"+delete"}
2019-3-26 18:22:31.882#keyHandled#"Backspace"
2019-3-26 18:22:32.058#change#{"from":{"line":4,"ch":5,"sticky":"after"},"to":{"line":4,"ch":6,"sticky":null},"text":[""],"removed":["("],"origin":"+delete"}
2019-3-26 18:22:32.058#keyHandled#"Backspace"
2019-3-26 18:22:33.996#change#{"from":{"line":4,"ch":5,"sticky":null},"to":{"line":4,"ch":5,"sticky":null},"text":["()"],"removed":[""],"origin":"+input"}
2019-3-26 18:22:33.996#keyHandled#"'('"
2019-3-26 18:23:19.990#change#{"from":{"line":4,"ch":6,"sticky":"after"},"to":{"line":4,"ch":6,"sticky":"after"},"text":["v"],"removed":[""],"origin":"+input"}
2019-3-26 18:23:20.087#change#{"from":{"line":4,"ch":7,"sticky":null},"to":{"line":4,"ch":7,"sticky":null},"text":["e"],"removed":[""],"origin":"+input"}
2019-3-26 18:23:20.200#change#{"from":{"line":4,"ch":8,"sticky":null},"to":{"line":4,"ch":8,"sticky":null},"text":["l"],"removed":[""],"origin":"+input"}
2019-3-26 18:23:20.378#change#{"from":{"line":4,"ch":9,"sticky":null},"to":{"line":4,"ch":9,"sticky":null},"text":["o"],"removed":[""],"origin":"+input"}
2019-3-26 18:23:20.539#change#{"from":{"line":4,"ch":10,"sticky":null},"to":{"line":4,"ch":10,"sticky":null},"text":["c"],"removed":[""],"origin":"+input"}
2019-3-26 18:23:20.648#change#{"from":{"line":4,"ch":11,"sticky":null},"to":{"line":4,"ch":11,"sticky":null},"text":["i"],"removed":[""],"origin":"+input"}
2019-3-26 18:23:20.780#change#{"from":{"line":4,"ch":12,"sticky":null},"to":{"line":4,"ch":12,"sticky":null},"text":["d"],"removed":[""],"origin":"+input"}
2019-3-26 18:23:20.847#change#{"from":{"line":4,"ch":13,"sticky":null},"to":{"line":4,"ch":13,"sticky":null},"text":["a"],"removed":[""],"origin":"+input"}
2019-3-26 18:23:21.035#change#{"from":{"line":4,"ch":14,"sticky":null},"to":{"line":4,"ch":14,"sticky":null},"text":["d"],"removed":[""],"origin":"+input"}
2019-3-26 18:23:21.193#change#{"from":{"line":4,"ch":15,"sticky":null},"to":{"line":4,"ch":15,"sticky":null},"text":["e"],"removed":[""],"origin":"+input"}
2019-3-26 18:23:22.010#change#{"from":{"line":4,"ch":16,"sticky":null},"to":{"line":4,"ch":16,"sticky":null},"text":["*"],"removed":[""],"origin":"+input"}
2019-3-26 18:23:22.396#change#{"from":{"line":4,"ch":17,"sticky":null},"to":{"line":4,"ch":17,"sticky":null},"text":["t"],"removed":[""],"origin":"+input"}
2019-3-26 18:23:22.489#change#{"from":{"line":4,"ch":18,"sticky":null},"to":{"line":4,"ch":18,"sticky":null},"text":["e"],"removed":[""],"origin":"+input"}
2019-3-26 18:23:22.667#change#{"from":{"line":4,"ch":19,"sticky":null},"to":{"line":4,"ch":19,"sticky":null},"text":["m"],"removed":[""],"origin":"+input"}
2019-3-26 18:23:22.702#change#{"from":{"line":4,"ch":20,"sticky":null},"to":{"line":4,"ch":20,"sticky":null},"text":["p"],"removed":[""],"origin":"+input"}
2019-3-26 18:23:22.924#change#{"from":{"line":4,"ch":21,"sticky":null},"to":{"line":4,"ch":21,"sticky":null},"text":["o"],"removed":[""],"origin":"+input"}
2019-3-26 18:23:23.968#keyHandled#"Left"
2019-3-26 18:23:24.128#keyHandled#"Left"
2019-3-26 18:23:24.280#keyHandled#"Left"
2019-3-26 18:23:24.781#keyHandled#"Left"
2019-3-26 18:23:24.832#keyHandled#"Left"
2019-3-26 18:23:24.883#keyHandled#"Left"
2019-3-26 18:23:24.934#keyHandled#"Left"
2019-3-26 18:23:24.984#keyHandled#"Left"
2019-3-26 18:23:25.034#keyHandled#"Left"
2019-3-26 18:23:25.084#keyHandled#"Left"
2019-3-26 18:23:25.135#keyHandled#"Left"
2019-3-26 18:23:25.186#keyHandled#"Left"
2019-3-26 18:23:25.236#keyHandled#"Left"
2019-3-26 18:23:25.286#keyHandled#"Left"
2019-3-26 18:23:25.336#keyHandled#"Left"
2019-3-26 18:23:25.503#keyHandled#"Left"
2019-3-26 18:23:26.456#change#{"from":{"line":4,"ch":6,"sticky":"after"},"to":{"line":4,"ch":6,"sticky":"after"},"text":["("],"removed":[""],"origin":"+input"}
2019-3-26 18:23:27.088#keyHandled#"Right"
2019-3-26 18:23:27.588#keyHandled#"Right"
2019-3-26 18:23:27.639#keyHandled#"Right"
2019-3-26 18:23:27.689#keyHandled#"Right"
2019-3-26 18:23:27.790#keyHandled#"Right"
2019-3-26 18:23:27.840#keyHandled#"Right"
2019-3-26 18:23:27.890#keyHandled#"Right"
2019-3-26 18:23:27.948#keyHandled#"Right"
2019-3-26 18:23:27.992#keyHandled#"Right"
2019-3-26 18:23:28.042#keyHandled#"Right"
2019-3-26 18:23:28.092#keyHandled#"Right"
2019-3-26 18:23:28.142#keyHandled#"Right"
2019-3-26 18:23:28.192#keyHandled#"Right"
2019-3-26 18:23:28.243#keyHandled#"Right"
2019-3-26 18:23:28.555#keyHandled#"Right"
2019-3-26 18:23:29.380#keyHandled#"')'"
2019-3-26 18:23:30.703#change#{"from":{"line":4,"ch":24,"sticky":"before"},"to":{"line":4,"ch":24,"sticky":"before"},"text":[")"],"removed":[""],"origin":"+input"}
2019-3-26 18:23:31.972#keyHandled#"Left"
2019-3-26 18:23:32.566#change#{"from":{"line":4,"ch":24,"sticky":"after"},"to":{"line":4,"ch":24,"sticky":"after"},"text":["/"],"removed":[""],"origin":"+input"}
2019-3-26 18:23:32.973#change#{"from":{"line":4,"ch":25,"sticky":null},"to":{"line":4,"ch":25,"sticky":null},"text":["1"],"removed":[""],"origin":"+input"}
2019-3-26 18:23:33.102#change#{"from":{"line":4,"ch":26,"sticky":null},"to":{"line":4,"ch":26,"sticky":null},"text":["2"],"removed":[""],"origin":"+input"}
2019-3-26 23:33:55.768#viewportChange#0
