2019-4-16 18:00:31.632#viewportChange#0
2019-4-16 18:00:55.750#mousedown#{"isTrusted":true}
2019-4-16 18:00:55.755#focus#
2019-4-16 18:00:57.084#change#{"from":{"line":0,"ch":0,"sticky":null},"to":{"line":0,"ch":0,"sticky":null},"text":["x"],"removed":[""],"origin":"+input"}
2019-4-16 18:00:57.289#change#{"from":{"line":0,"ch":1,"sticky":null},"to":{"line":0,"ch":1,"sticky":null},"text":["="],"removed":[""],"origin":"+input"}
2019-4-16 18:01:18.583#change#{"from":{"line":0,"ch":2,"sticky":null},"to":{"line":0,"ch":2,"sticky":null},"text":["i"],"removed":[""],"origin":"+input"}
2019-4-16 18:01:18.822#change#{"from":{"line":0,"ch":3,"sticky":null},"to":{"line":0,"ch":3,"sticky":null},"text":["n"],"removed":[""],"origin":"+input"}
2019-4-16 18:01:19.028#change#{"from":{"line":0,"ch":4,"sticky":null},"to":{"line":0,"ch":4,"sticky":null},"text":["p"],"removed":[""],"origin":"+input"}
2019-4-16 18:01:19.228#change#{"from":{"line":0,"ch":5,"sticky":null},"to":{"line":0,"ch":5,"sticky":null},"text":["u"],"removed":[""],"origin":"+input"}
2019-4-16 18:01:19.410#change#{"from":{"line":0,"ch":6,"sticky":null},"to":{"line":0,"ch":6,"sticky":null},"text":["t"],"removed":[""],"origin":"+input"}
2019-4-16 18:01:20.673#change#{"from":{"line":0,"ch":7,"sticky":null},"to":{"line":0,"ch":7,"sticky":null},"text":["()"],"removed":[""],"origin":"+input"}
2019-4-16 18:01:20.673#keyHandled#"'('"
2019-4-16 18:01:23.379#change#{"from":{"line":0,"ch":8,"sticky":"after"},"to":{"line":0,"ch":8,"sticky":"after"},"text":["\"\""],"removed":[""],"origin":"+input"}
2019-4-16 18:01:23.379#keyHandled#"'\"'"
2019-4-16 18:01:24.244#change#{"from":{"line":0,"ch":9,"sticky":"after"},"to":{"line":0,"ch":9,"sticky":"after"},"text":["h"],"removed":[""],"origin":"+input"}
2019-4-16 18:01:24.398#change#{"from":{"line":0,"ch":10,"sticky":null},"to":{"line":0,"ch":10,"sticky":null},"text":["o"],"removed":[""],"origin":"+input"}
2019-4-16 18:01:24.493#change#{"from":{"line":0,"ch":11,"sticky":null},"to":{"line":0,"ch":11,"sticky":null},"text":["r"],"removed":[""],"origin":"+input"}
2019-4-16 18:01:24.773#change#{"from":{"line":0,"ch":12,"sticky":null},"to":{"line":0,"ch":12,"sticky":null},"text":["a"],"removed":[""],"origin":"+input"}
2019-4-16 18:01:24.895#change#{"from":{"line":0,"ch":13,"sticky":null},"to":{"line":0,"ch":13,"sticky":null},"text":["s"],"removed":[""],"origin":"+input"}
2019-4-16 18:01:26.355#mousedown#{"isTrusted":true}
2019-4-16 18:01:27.047#change#{"from":{"line":0,"ch":16,"sticky":null,"xRel":1,"outside":true},"to":{"line":0,"ch":16,"sticky":null,"xRel":1,"outside":true},"text":["",""],"removed":[""],"origin":"+input"}
2019-4-16 18:01:27.047#keyHandled#"Enter"
2019-4-16 18:01:27.051#viewportChange#0
2019-4-16 18:01:29.324#change#{"from":{"line":1,"ch":0,"sticky":null},"to":{"line":1,"ch":0,"sticky":null},"text":["i"],"removed":[""],"origin":"+input"}
2019-4-16 18:01:29.585#change#{"from":{"line":1,"ch":1,"sticky":null},"to":{"line":1,"ch":1,"sticky":null},"text":["f"],"removed":[""],"origin":"+input"}
2019-4-16 18:01:30.565#change#{"from":{"line":1,"ch":2,"sticky":null},"to":{"line":1,"ch":2,"sticky":null},"text":["()"],"removed":[""],"origin":"+input"}
2019-4-16 18:01:30.565#keyHandled#"'('"
2019-4-16 18:01:32.463#change#{"from":{"line":1,"ch":3,"sticky":"after"},"to":{"line":1,"ch":3,"sticky":"after"},"text":["x"],"removed":[""],"origin":"+input"}
2019-4-16 18:01:33.147#change#{"from":{"line":1,"ch":4,"sticky":null},"to":{"line":1,"ch":4,"sticky":null},"text":["<"],"removed":[""],"origin":"+input"}
2019-4-16 18:01:35.447#change#{"from":{"line":1,"ch":5,"sticky":null},"to":{"line":1,"ch":5,"sticky":null},"text":["="],"removed":[""],"origin":"+input"}
2019-4-16 18:01:37.665#change#{"from":{"line":1,"ch":6,"sticky":null},"to":{"line":1,"ch":6,"sticky":null},"text":["2"],"removed":[""],"origin":"+input"}
2019-4-16 18:01:37.784#change#{"from":{"line":1,"ch":7,"sticky":null},"to":{"line":1,"ch":7,"sticky":null},"text":["0"],"removed":[""],"origin":"+input"}
2019-4-16 18:01:38.880#mousedown#{"isTrusted":true}
2019-4-16 18:01:40.103#change#{"from":{"line":1,"ch":9,"sticky":"before","xRel":75.296875},"to":{"line":1,"ch":9,"sticky":"before","xRel":75.296875},"text":["?"],"removed":[""],"origin":"+input"}
2019-4-16 18:01:40.867#change#{"from":{"line":1,"ch":9,"sticky":"after"},"to":{"line":1,"ch":10,"sticky":null},"text":[""],"removed":["?"],"origin":"+delete"}
2019-4-16 18:01:40.867#keyHandled#"Backspace"
2019-4-16 18:01:41.444#change#{"from":{"line":1,"ch":9,"sticky":null},"to":{"line":1,"ch":9,"sticky":null},"text":[":"],"removed":[""],"origin":"+input"}
2019-4-16 18:01:41.703#change#{"from":{"line":1,"ch":10,"sticky":null},"to":{"line":1,"ch":10,"sticky":null},"text":["",""],"removed":[""],"origin":"+input"}
2019-4-16 18:01:41.703#change#{"from":{"line":2,"ch":0,"sticky":null},"to":{"line":2,"ch":0,"sticky":null},"text":["\t"],"removed":[""],"origin":"+input"}
2019-4-16 18:01:41.703#keyHandled#"Enter"
2019-4-16 18:01:41.706#viewportChange#0
2019-4-16 18:01:42.703#change#{"from":{"line":2,"ch":1,"sticky":null},"to":{"line":2,"ch":1,"sticky":null},"text":["p"],"removed":[""],"origin":"+input"}
2019-4-16 18:01:42.975#change#{"from":{"line":2,"ch":2,"sticky":null},"to":{"line":2,"ch":2,"sticky":null},"text":["r"],"removed":[""],"origin":"+input"}
2019-4-16 18:01:43.116#change#{"from":{"line":2,"ch":3,"sticky":null},"to":{"line":2,"ch":3,"sticky":null},"text":["i"],"removed":[""],"origin":"+input"}
2019-4-16 18:01:43.284#change#{"from":{"line":2,"ch":4,"sticky":null},"to":{"line":2,"ch":4,"sticky":null},"text":["n"],"removed":[""],"origin":"+input"}
2019-4-16 18:01:43.537#change#{"from":{"line":2,"ch":5,"sticky":null},"to":{"line":2,"ch":5,"sticky":null},"text":["t"],"removed":[""],"origin":"+input"}
2019-4-16 18:01:50.536#change#{"from":{"line":2,"ch":5,"sticky":"after"},"to":{"line":2,"ch":6,"sticky":null},"text":[""],"removed":["t"],"origin":"+delete"}
2019-4-16 18:01:50.536#keyHandled#"Backspace"
2019-4-16 18:01:50.724#change#{"from":{"line":2,"ch":4,"sticky":"after"},"to":{"line":2,"ch":5,"sticky":null},"text":[""],"removed":["n"],"origin":"+delete"}
2019-4-16 18:01:50.724#keyHandled#"Backspace"
2019-4-16 18:01:50.990#change#{"from":{"line":2,"ch":3,"sticky":"after"},"to":{"line":2,"ch":4,"sticky":null},"text":[""],"removed":["i"],"origin":"+delete"}
2019-4-16 18:01:50.990#keyHandled#"Backspace"
2019-4-16 18:01:51.182#change#{"from":{"line":2,"ch":2,"sticky":"after"},"to":{"line":2,"ch":3,"sticky":null},"text":[""],"removed":["r"],"origin":"+delete"}
2019-4-16 18:01:51.182#keyHandled#"Backspace"
2019-4-16 18:01:51.392#change#{"from":{"line":2,"ch":2,"sticky":null},"to":{"line":2,"ch":2,"sticky":null},"text":["a"],"removed":[""],"origin":"+input"}
2019-4-16 18:01:52.197#change#{"from":{"line":2,"ch":3,"sticky":null},"to":{"line":2,"ch":3,"sticky":null},"text":["g"],"removed":[""],"origin":"+input"}
2019-4-16 18:01:54.352#change#{"from":{"line":2,"ch":4,"sticky":null},"to":{"line":2,"ch":4,"sticky":null},"text":["="],"removed":[""],"origin":"+input"}
2019-4-16 18:02:01.815#change#{"from":{"line":2,"ch":5,"sticky":null},"to":{"line":2,"ch":5,"sticky":null},"text":["5"],"removed":[""],"origin":"+input"}
2019-4-16 18:02:02.103#change#{"from":{"line":2,"ch":6,"sticky":null},"to":{"line":2,"ch":6,"sticky":null},"text":["0"],"removed":[""],"origin":"+input"}
2019-4-16 18:02:03.304#change#{"from":{"line":2,"ch":7,"sticky":null},"to":{"line":2,"ch":7,"sticky":null},"text":["*"],"removed":[""],"origin":"+input"}
2019-4-16 18:02:04.268#change#{"from":{"line":2,"ch":8,"sticky":null},"to":{"line":2,"ch":8,"sticky":null},"text":["x"],"removed":[""],"origin":"+input"}
2019-4-16 18:02:10.763#change#{"from":{"line":2,"ch":9,"sticky":null},"to":{"line":2,"ch":9,"sticky":null},"text":["",""],"removed":[""],"origin":"+input"}
2019-4-16 18:02:10.763#change#{"from":{"line":3,"ch":0,"sticky":null},"to":{"line":3,"ch":0,"sticky":null},"text":["\t"],"removed":[""],"origin":"+input"}
2019-4-16 18:02:10.763#keyHandled#"Enter"
2019-4-16 18:02:10.766#viewportChange#0
2019-4-16 18:02:11.866#change#{"from":{"line":3,"ch":0,"sticky":"after"},"to":{"line":3,"ch":1,"sticky":null},"text":[""],"removed":["\t"],"origin":"+delete"}
2019-4-16 18:02:11.866#keyHandled#"Backspace"
2019-4-16 18:02:15.645#change#{"from":{"line":3,"ch":0,"sticky":null},"to":{"line":3,"ch":0,"sticky":null},"text":["i"],"removed":[""],"origin":"+input"}
2019-4-16 18:02:15.989#change#{"from":{"line":3,"ch":1,"sticky":null},"to":{"line":3,"ch":1,"sticky":null},"text":["f"],"removed":[""],"origin":"+input"}
2019-4-16 18:02:17.731#change#{"from":{"line":3,"ch":2,"sticky":null},"to":{"line":3,"ch":2,"sticky":null},"text":["()"],"removed":[""],"origin":"+input"}
2019-4-16 18:02:17.731#keyHandled#"'('"
2019-4-16 18:02:23.333#keyHandled#"Right"
2019-4-16 18:02:24.380#change#{"from":{"line":3,"ch":3,"sticky":"after"},"to":{"line":3,"ch":4,"sticky":"before"},"text":[""],"removed":[")"],"origin":"+delete"}
2019-4-16 18:02:24.380#keyHandled#"Backspace"
2019-4-16 18:02:24.691#change#{"from":{"line":3,"ch":2,"sticky":"after"},"to":{"line":3,"ch":3,"sticky":null},"text":[""],"removed":["("],"origin":"+delete"}
2019-4-16 18:02:24.691#keyHandled#"Backspace"
2019-4-16 18:02:24.929#change#{"from":{"line":3,"ch":1,"sticky":"after"},"to":{"line":3,"ch":2,"sticky":null},"text":[""],"removed":["f"],"origin":"+delete"}
2019-4-16 18:02:24.929#keyHandled#"Backspace"
2019-4-16 18:02:25.220#change#{"from":{"line":3,"ch":0,"sticky":"after"},"to":{"line":3,"ch":1,"sticky":null},"text":[""],"removed":["i"],"origin":"+delete"}
2019-4-16 18:02:25.220#keyHandled#"Backspace"
2019-4-16 18:02:26.402#change#{"from":{"line":3,"ch":0,"sticky":null},"to":{"line":3,"ch":0,"sticky":null},"text":["e"],"removed":[""],"origin":"+input"}
2019-4-16 18:02:26.569#change#{"from":{"line":3,"ch":1,"sticky":null},"to":{"line":3,"ch":1,"sticky":null},"text":["l"],"removed":[""],"origin":"+input"}
2019-4-16 18:02:26.725#change#{"from":{"line":3,"ch":2,"sticky":null},"to":{"line":3,"ch":2,"sticky":null},"text":["s"],"removed":[""],"origin":"+input"}
2019-4-16 18:02:27.027#change#{"from":{"line":3,"ch":3,"sticky":null},"to":{"line":3,"ch":3,"sticky":null},"text":["e"],"removed":[""],"origin":"+input"}
2019-4-16 18:02:28.407#change#{"from":{"line":3,"ch":4,"sticky":null},"to":{"line":3,"ch":4,"sticky":null},"text":[":"],"removed":[""],"origin":"+input"}
2019-4-16 18:02:28.620#change#{"from":{"line":3,"ch":5,"sticky":null},"to":{"line":3,"ch":5,"sticky":null},"text":["",""],"removed":[""],"origin":"+input"}
2019-4-16 18:02:28.620#change#{"from":{"line":4,"ch":0,"sticky":null},"to":{"line":4,"ch":0,"sticky":null},"text":["\t"],"removed":[""],"origin":"+input"}
2019-4-16 18:02:28.620#keyHandled#"Enter"
2019-4-16 18:02:28.623#viewportChange#0
2019-4-16 18:02:29.659#change#{"from":{"line":4,"ch":1,"sticky":null},"to":{"line":4,"ch":1,"sticky":null},"text":["p"],"removed":[""],"origin":"+input"}
2019-4-16 18:02:29.823#change#{"from":{"line":4,"ch":2,"sticky":null},"to":{"line":4,"ch":2,"sticky":null},"text":["a"],"removed":[""],"origin":"+input"}
2019-4-16 18:02:30.048#change#{"from":{"line":4,"ch":3,"sticky":null},"to":{"line":4,"ch":3,"sticky":null},"text":["g"],"removed":[""],"origin":"+input"}
2019-4-16 18:02:31.339#change#{"from":{"line":4,"ch":4,"sticky":null},"to":{"line":4,"ch":4,"sticky":null},"text":["+"],"removed":[""],"origin":"+input"}
2019-4-16 18:02:32.305#change#{"from":{"line":4,"ch":4,"sticky":"after"},"to":{"line":4,"ch":5,"sticky":null},"text":[""],"removed":["+"],"origin":"+delete"}
2019-4-16 18:02:32.305#keyHandled#"Backspace"
2019-4-16 18:02:33.503#change#{"from":{"line":4,"ch":4,"sticky":null},"to":{"line":4,"ch":4,"sticky":null},"text":["+"],"removed":[""],"origin":"+input"}
2019-4-16 18:02:34.452#change#{"from":{"line":4,"ch":4,"sticky":"after"},"to":{"line":4,"ch":5,"sticky":null},"text":[""],"removed":["+"],"origin":"+delete"}
2019-4-16 18:02:34.452#keyHandled#"Backspace"
2019-4-16 18:02:34.676#change#{"from":{"line":4,"ch":4,"sticky":null},"to":{"line":4,"ch":4,"sticky":null},"text":["="],"removed":[""],"origin":"+input"}
2019-4-16 18:03:14.326#change#{"from":{"line":4,"ch":5,"sticky":null},"to":{"line":4,"ch":5,"sticky":null},"text":["5"],"removed":[""],"origin":"+input"}
2019-4-16 18:03:14.725#change#{"from":{"line":4,"ch":6,"sticky":null},"to":{"line":4,"ch":6,"sticky":null},"text":["0"],"removed":[""],"origin":"+input"}
2019-4-16 18:03:16.903#change#{"from":{"line":4,"ch":7,"sticky":null},"to":{"line":4,"ch":7,"sticky":null},"text":["*"],"removed":[""],"origin":"+input"}
2019-4-16 18:03:18.233#change#{"from":{"line":4,"ch":8,"sticky":null},"to":{"line":4,"ch":8,"sticky":null},"text":["x"],"removed":[""],"origin":"+input"}
2019-4-16 18:03:21.580#keyHandled#"Left"
2019-4-16 18:03:21.834#keyHandled#"Left"
2019-4-16 18:03:22.055#keyHandled#"Left"
2019-4-16 18:03:22.248#keyHandled#"Left"
2019-4-16 18:03:22.444#keyHandled#"Left"
2019-4-16 18:03:22.633#keyHandled#"Left"
2019-4-16 18:03:23.104#keyHandled#"Left"
2019-4-16 18:03:23.410#keyHandled#"Left"
2019-4-16 18:03:43.079#keyHandled#"Right"
2019-4-16 18:03:43.580#keyHandled#"Right"
2019-4-16 18:03:43.630#keyHandled#"Right"
2019-4-16 18:03:43.680#keyHandled#"Right"
2019-4-16 18:03:43.730#keyHandled#"Right"
2019-4-16 18:03:43.955#keyHandled#"Right"
2019-4-16 18:03:44.169#keyHandled#"Right"
2019-4-16 18:03:44.372#keyHandled#"Right"
2019-4-16 18:03:45.382#change#{"from":{"line":4,"ch":9,"sticky":"before"},"to":{"line":4,"ch":9,"sticky":"before"},"text":["+"],"removed":[""],"origin":"+input"}
2019-4-16 18:04:01.985#change#{"from":{"line":4,"ch":10,"sticky":null},"to":{"line":4,"ch":10,"sticky":null},"text":["7"],"removed":[""],"origin":"+input"}
2019-4-16 18:04:03.388#change#{"from":{"line":4,"ch":11,"sticky":null},"to":{"line":4,"ch":11,"sticky":null},"text":["0"],"removed":[""],"origin":"+input"}
2019-4-16 18:04:03.783#change#{"from":{"line":4,"ch":12,"sticky":null},"to":{"line":4,"ch":12,"sticky":null},"text":["*"],"removed":[""],"origin":"+input"}
2019-4-16 18:04:05.379#change#{"from":{"line":4,"ch":13,"sticky":null},"to":{"line":4,"ch":13,"sticky":null},"text":["y"],"removed":[""],"origin":"+input"}
2019-4-16 18:04:09.548#change#{"from":{"line":4,"ch":13,"sticky":"after"},"to":{"line":4,"ch":14,"sticky":null},"text":[""],"removed":["y"],"origin":"+delete"}
2019-4-16 18:04:09.548#keyHandled#"Backspace"
2019-4-16 18:04:14.045#change#{"from":{"line":4,"ch":13,"sticky":null},"to":{"line":4,"ch":13,"sticky":null},"text":["n"],"removed":[""],"origin":"+input"}
2019-4-16 18:04:15.104#change#{"from":{"line":4,"ch":13,"sticky":"after"},"to":{"line":4,"ch":14,"sticky":null},"text":[""],"removed":["n"],"origin":"+delete"}
2019-4-16 18:04:15.104#keyHandled#"Backspace"
2019-4-16 18:04:16.347#change#{"from":{"line":4,"ch":13,"sticky":null},"to":{"line":4,"ch":13,"sticky":null},"text":["e"],"removed":[""],"origin":"+input"}
2019-4-16 18:04:16.945#keyHandled#"Left"
2019-4-16 18:04:17.151#keyHandled#"Left"
2019-4-16 18:04:17.353#keyHandled#"Left"
2019-4-16 18:04:17.538#keyHandled#"Left"
2019-4-16 18:04:17.741#keyHandled#"Left"
2019-4-16 18:04:17.948#keyHandled#"Left"
2019-4-16 18:04:18.122#keyHandled#"Left"
2019-4-16 18:04:18.294#keyHandled#"Left"
2019-4-16 18:04:18.482#keyHandled#"Left"
2019-4-16 18:04:18.673#keyHandled#"Left"
2019-4-16 18:04:18.855#keyHandled#"Left"
2019-4-16 18:04:19.029#keyHandled#"Left"
2019-4-16 18:04:19.440#keyHandled#"Left"
2019-4-16 18:04:19.777#change#{"from":{"line":4,"ch":1,"sticky":"after"},"to":{"line":4,"ch":1,"sticky":"after"},"text":["",""],"removed":[""],"origin":"+input"}
2019-4-16 18:04:19.777#change#{"from":{"line":5,"ch":0,"sticky":null},"to":{"line":5,"ch":0,"sticky":null},"text":["\t"],"removed":[""],"origin":"+input"}
2019-4-16 18:04:19.777#keyHandled#"Enter"
2019-4-16 18:04:19.781#viewportChange#0
2019-4-16 18:04:20.137#keyHandled#"Up"
2019-4-16 18:04:21.485#change#{"from":{"line":4,"ch":1,"sticky":"before","xRel":-0.296875},"to":{"line":4,"ch":1,"sticky":"before","xRel":-0.296875},"text":["e"],"removed":[""],"origin":"+input"}
2019-4-16 18:04:21.827#change#{"from":{"line":4,"ch":2,"sticky":null},"to":{"line":4,"ch":2,"sticky":null},"text":["="],"removed":[""],"origin":"+input"}
2019-4-16 18:04:25.875#change#{"from":{"line":4,"ch":3,"sticky":null},"to":{"line":4,"ch":3,"sticky":null},"text":["x"],"removed":[""],"origin":"+input"}
2019-4-16 18:04:26.976#change#{"from":{"line":4,"ch":4,"sticky":null},"to":{"line":4,"ch":4,"sticky":null},"text":["-"],"removed":[""],"origin":"+input"}
2019-4-16 18:04:27.818#change#{"from":{"line":4,"ch":5,"sticky":null},"to":{"line":4,"ch":5,"sticky":null},"text":["2"],"removed":[""],"origin":"+input"}
2019-4-16 18:04:28.158#change#{"from":{"line":4,"ch":6,"sticky":null},"to":{"line":4,"ch":6,"sticky":null},"text":["0"],"removed":[""],"origin":"+input"}
2019-4-16 18:04:30.170#mousedown#{"isTrusted":true}
2019-4-16 18:04:31.060#change#{"from":{"line":5,"ch":14,"sticky":"before","xRel":22.296875},"to":{"line":5,"ch":14,"sticky":"before","xRel":22.296875},"text":["",""],"removed":[""],"origin":"+input"}
2019-4-16 18:04:31.060#change#{"from":{"line":6,"ch":0,"sticky":null},"to":{"line":6,"ch":0,"sticky":null},"text":["\t"],"removed":[""],"origin":"+input"}
2019-4-16 18:04:31.060#keyHandled#"Enter"
2019-4-16 18:04:31.063#viewportChange#0
2019-4-16 18:04:32.488#change#{"from":{"line":6,"ch":1,"sticky":null},"to":{"line":6,"ch":1,"sticky":null},"text":["p"],"removed":[""],"origin":"+input"}
2019-4-16 18:04:32.742#change#{"from":{"line":6,"ch":2,"sticky":null},"to":{"line":6,"ch":2,"sticky":null},"text":["r"],"removed":[""],"origin":"+input"}
2019-4-16 18:04:32.886#change#{"from":{"line":6,"ch":3,"sticky":null},"to":{"line":6,"ch":3,"sticky":null},"text":["i"],"removed":[""],"origin":"+input"}
2019-4-16 18:04:32.999#change#{"from":{"line":6,"ch":4,"sticky":null},"to":{"line":6,"ch":4,"sticky":null},"text":["n"],"removed":[""],"origin":"+input"}
2019-4-16 18:04:33.128#change#{"from":{"line":6,"ch":5,"sticky":null},"to":{"line":6,"ch":5,"sticky":null},"text":["t"],"removed":[""],"origin":"+input"}
2019-4-16 18:04:34.431#keyHandled#"Left"
2019-4-16 18:04:34.600#keyHandled#"Left"
2019-4-16 18:04:34.782#keyHandled#"Left"
2019-4-16 18:04:34.947#keyHandled#"Left"
2019-4-16 18:04:35.114#keyHandled#"Left"
2019-4-16 18:04:35.777#change#{"from":{"line":6,"ch":0,"sticky":"after"},"to":{"line":6,"ch":1,"sticky":"after"},"text":[""],"removed":["\t"],"origin":"+delete"}
2019-4-16 18:04:35.777#keyHandled#"Backspace"
2019-4-16 18:04:36.512#keyHandled#"Right"
2019-4-16 18:04:36.835#keyHandled#"Right"
2019-4-16 18:04:37.017#keyHandled#"Right"
2019-4-16 18:04:37.191#keyHandled#"Right"
2019-4-16 18:04:37.463#keyHandled#"Right"
2019-4-16 18:04:38.519#change#{"from":{"line":6,"ch":5,"sticky":"before"},"to":{"line":6,"ch":5,"sticky":"before"},"text":["()"],"removed":[""],"origin":"+input"}
2019-4-16 18:04:38.519#keyHandled#"'('"
2019-4-16 18:04:39.277#change#{"from":{"line":6,"ch":6,"sticky":"after"},"to":{"line":6,"ch":6,"sticky":"after"},"text":["p"],"removed":[""],"origin":"+input"}
2019-4-16 18:04:39.497#change#{"from":{"line":6,"ch":7,"sticky":null},"to":{"line":6,"ch":7,"sticky":null},"text":["a"],"removed":[""],"origin":"+input"}
2019-4-16 18:04:39.772#change#{"from":{"line":6,"ch":8,"sticky":null},"to":{"line":6,"ch":8,"sticky":null},"text":["g"],"removed":[""],"origin":"+input"}
2019-4-16 18:04:42.353#blur#
2019-4-16 18:04:42.353#blur#
2019-4-16 18:04:45.554#saida_testar#$ python3 main.py
2019-4-16 18:05:07.398#mousedown#{"isTrusted":true}
2019-4-16 18:05:07.469#focus#
2019-4-16 18:05:13.736#change#{"from":{"line":0,"ch":7,"sticky":"after","xRel":2.109375},"to":{"line":0,"ch":7,"sticky":"after","xRel":2.109375},"text":["("],"removed":[""],"origin":"+input"}
2019-4-16 18:05:14.802#change#{"from":{"line":0,"ch":8,"sticky":null},"to":{"line":0,"ch":8,"sticky":null},"text":["i"],"removed":[""],"origin":"+input"}
2019-4-16 18:05:14.949#change#{"from":{"line":0,"ch":9,"sticky":null},"to":{"line":0,"ch":9,"sticky":null},"text":["n"],"removed":[""],"origin":"+input"}
2019-4-16 18:05:15.177#change#{"from":{"line":0,"ch":10,"sticky":null},"to":{"line":0,"ch":10,"sticky":null},"text":["t"],"removed":[""],"origin":"+input"}
2019-4-16 18:05:15.845#keyHandled#"Right"
2019-4-16 18:05:16.077#keyHandled#"Right"
2019-4-16 18:05:16.251#keyHandled#"Right"
2019-4-16 18:05:16.447#keyHandled#"Right"
2019-4-16 18:05:16.611#keyHandled#"Right"
2019-4-16 18:05:16.961#keyHandled#"Right"
2019-4-16 18:05:17.301#keyHandled#"Right"
2019-4-16 18:05:17.617#keyHandled#"Right"
2019-4-16 18:05:17.979#keyHandled#"Right"
2019-4-16 18:05:19.095#change#{"from":{"line":0,"ch":20,"sticky":"before"},"to":{"line":0,"ch":20,"sticky":"before"},"text":[")"],"removed":[""],"origin":"+input"}
2019-4-16 18:05:20.368#blur#
2019-4-16 18:05:20.368#blur#
2019-4-16 18:05:21.817#saida_testar#$ python3 main.py
Traceback (most recent call last):
File "main.py", line 1, in <module>
x=input(int("horas"))
ValueError: invalid literal for int() with base 10: 'horas'
2019-4-16 18:05:23.864#mousedown#{"isTrusted":true}
2019-4-16 18:05:23.924#focus#
2019-4-16 18:05:24.826#change#{"from":{"line":0,"ch":10,"sticky":"after"},"to":{"line":0,"ch":11,"sticky":"after","xRel":1.40625},"text":[""],"removed":["t"],"origin":"+delete"}
2019-4-16 18:05:24.826#keyHandled#"Backspace"
2019-4-16 18:05:25.145#change#{"from":{"line":0,"ch":9,"sticky":"after"},"to":{"line":0,"ch":10,"sticky":null},"text":[""],"removed":["n"],"origin":"+delete"}
2019-4-16 18:05:25.145#keyHandled#"Backspace"
2019-4-16 18:05:25.382#change#{"from":{"line":0,"ch":8,"sticky":"after"},"to":{"line":0,"ch":9,"sticky":null},"text":[""],"removed":["i"],"origin":"+delete"}
2019-4-16 18:05:25.382#keyHandled#"Backspace"
2019-4-16 18:05:25.801#change#{"from":{"line":0,"ch":8,"sticky":null},"to":{"line":0,"ch":8,"sticky":null},"text":["f"],"removed":[""],"origin":"+input"}
2019-4-16 18:05:26.665#change#{"from":{"line":0,"ch":9,"sticky":null},"to":{"line":0,"ch":9,"sticky":null},"text":["l"],"removed":[""],"origin":"+input"}
2019-4-16 18:05:26.839#change#{"from":{"line":0,"ch":10,"sticky":null},"to":{"line":0,"ch":10,"sticky":null},"text":["o"],"removed":[""],"origin":"+input"}
2019-4-16 18:05:27.032#change#{"from":{"line":0,"ch":11,"sticky":null},"to":{"line":0,"ch":11,"sticky":null},"text":["a"],"removed":[""],"origin":"+input"}
2019-4-16 18:05:27.182#change#{"from":{"line":0,"ch":12,"sticky":null},"to":{"line":0,"ch":12,"sticky":null},"text":["t"],"removed":[""],"origin":"+input"}
2019-4-16 18:05:28.458#blur#
2019-4-16 18:05:31.496#saida_testar#$ python3 main.py
Traceback (most recent call last):
File "main.py", line 1, in <module>
x=input(float("horas"))
ValueError: could not convert string to float: 'horas'
2019-4-16 18:05:33.186#mousedown#{"isTrusted":true}
2019-4-16 18:05:33.227#focus#
2019-4-16 18:05:33.988#change#{"from":{"line":0,"ch":12,"sticky":"after"},"to":{"line":0,"ch":13,"sticky":"after","xRel":3.546875},"text":[""],"removed":["t"],"origin":"+delete"}
2019-4-16 18:05:33.988#keyHandled#"Backspace"
2019-4-16 18:05:34.224#change#{"from":{"line":0,"ch":11,"sticky":"after"},"to":{"line":0,"ch":12,"sticky":null},"text":[""],"removed":["a"],"origin":"+delete"}
2019-4-16 18:05:34.224#keyHandled#"Backspace"
2019-4-16 18:05:34.431#change#{"from":{"line":0,"ch":10,"sticky":"after"},"to":{"line":0,"ch":11,"sticky":null},"text":[""],"removed":["o"],"origin":"+delete"}
2019-4-16 18:05:34.431#keyHandled#"Backspace"
2019-4-16 18:05:34.617#change#{"from":{"line":0,"ch":9,"sticky":"after"},"to":{"line":0,"ch":10,"sticky":null},"text":[""],"removed":["l"],"origin":"+delete"}
2019-4-16 18:05:34.617#keyHandled#"Backspace"
2019-4-16 18:05:34.846#change#{"from":{"line":0,"ch":8,"sticky":"after"},"to":{"line":0,"ch":9,"sticky":null},"text":[""],"removed":["f"],"origin":"+delete"}
2019-4-16 18:05:34.846#keyHandled#"Backspace"
2019-4-16 18:05:35.355#change#{"from":{"line":0,"ch":7,"sticky":"after"},"to":{"line":0,"ch":8,"sticky":null},"text":[""],"removed":["("],"origin":"+delete"}
2019-4-16 18:05:35.355#keyHandled#"Backspace"
2019-4-16 18:05:35.936#mousedown#{"isTrusted":true}
2019-4-16 18:05:36.063#change#{"from":{"line":0,"ch":16,"sticky":"after"},"to":{"line":0,"ch":17,"sticky":"before","xRel":4.84375},"text":[""],"removed":[")"],"origin":"+delete"}
2019-4-16 18:05:36.063#keyHandled#"Backspace"
2019-4-16 18:05:37.074#mousedown#{"isTrusted":true}
2019-4-16 18:05:38.182#change#{"from":{"line":0,"ch":2,"sticky":"after","xRel":2.09375},"to":{"line":0,"ch":2,"sticky":"after","xRel":2.09375},"text":["f"],"removed":[""],"origin":"+input"}
2019-4-16 18:05:38.374#change#{"from":{"line":0,"ch":3,"sticky":null},"to":{"line":0,"ch":3,"sticky":null},"text":["l"],"removed":[""],"origin":"+input"}
2019-4-16 18:05:38.556#change#{"from":{"line":0,"ch":4,"sticky":null},"to":{"line":0,"ch":4,"sticky":null},"text":["o"],"removed":[""],"origin":"+input"}
2019-4-16 18:05:38.683#change#{"from":{"line":0,"ch":5,"sticky":null},"to":{"line":0,"ch":5,"sticky":null},"text":["a"],"removed":[""],"origin":"+input"}
2019-4-16 18:05:39.551#change#{"from":{"line":0,"ch":6,"sticky":null},"to":{"line":0,"ch":6,"sticky":null},"text":["t"],"removed":[""],"origin":"+input"}
2019-4-16 18:05:40.702#change#{"from":{"line":0,"ch":7,"sticky":null},"to":{"line":0,"ch":7,"sticky":null},"text":["("],"removed":[""],"origin":"+input"}
2019-4-16 18:05:41.220#keyHandled#"Right"
2019-4-16 18:05:41.431#keyHandled#"Right"
2019-4-16 18:05:41.605#keyHandled#"Right"
2019-4-16 18:05:41.783#keyHandled#"Right"
2019-4-16 18:05:41.954#keyHandled#"Right"
2019-4-16 18:05:42.128#keyHandled#"Right"
2019-4-16 18:05:42.295#keyHandled#"Right"
2019-4-16 18:05:42.462#keyHandled#"Right"
2019-4-16 18:05:42.622#keyHandled#"Right"
2019-4-16 18:05:42.781#keyHandled#"Right"
2019-4-16 18:05:42.945#keyHandled#"Right"
2019-4-16 18:05:43.118#keyHandled#"Right"
2019-4-16 18:05:43.280#keyHandled#"Right"
2019-4-16 18:05:43.454#keyHandled#"Right"
2019-4-16 18:05:44.545#change#{"from":{"line":0,"ch":22,"sticky":"before"},"to":{"line":0,"ch":22,"sticky":"before"},"text":[")"],"removed":[""],"origin":"+input"}
2019-4-16 18:05:45.961#blur#
2019-4-16 18:05:45.961#blur#
2019-4-16 18:05:47.783#saida_testar#$ python3 main.py
2019-4-16 18:05:47.783#saida_testar#$ python3 main.py
2019-4-16 18:06:13.901#saida_testar#$ python3 main.py
2019-4-16 18:06:13.901#saida_testar#$ python3 main.py
2019-4-16 18:06:21.520#saida_testar#$ python3 main.py
2019-4-16 18:06:21.520#saida_testar#$ python3 main.py
2019-4-16 18:06:26.692#submit#Your code did not produce the correct output. Please, correct your code and try again.
2019-4-16 18:06:47.680#mousedown#{"isTrusted":true}
2019-4-16 18:06:47.686#focus#
2019-4-16 18:06:48.709#change#{"from":{"line":5,"ch":8,"sticky":"after"},"to":{"line":5,"ch":9,"sticky":"before","xRel":-1.59375},"text":[""],"removed":["x"],"origin":"+delete"}
2019-4-16 18:06:48.709#keyHandled#"Backspace"
2019-4-16 18:06:49.211#change#{"from":{"line":5,"ch":8,"sticky":null},"to":{"line":5,"ch":8,"sticky":null},"text":["2"],"removed":[""],"origin":"+input"}
2019-4-16 18:06:50.676#mousedown#{"isTrusted":true}
2019-4-16 18:06:51.548#change#{"from":{"line":2,"ch":8,"sticky":"after"},"to":{"line":2,"ch":9,"sticky":"before","xRel":12.40625},"text":[""],"removed":["x"],"origin":"+delete"}
2019-4-16 18:06:51.548#keyHandled#"Backspace"
2019-4-16 18:06:53.347#change#{"from":{"line":2,"ch":8,"sticky":null},"to":{"line":2,"ch":8,"sticky":null},"text":["2"],"removed":[""],"origin":"+input"}
2019-4-16 18:06:53.483#change#{"from":{"line":2,"ch":9,"sticky":null},"to":{"line":2,"ch":9,"sticky":null},"text":["0"],"removed":[""],"origin":"+input"}
2019-4-16 18:06:55.852#blur#
2019-4-16 18:06:55.852#blur#
2019-4-16 18:06:57.786#saida_testar#$ python3 main.py
2019-4-16 18:06:57.786#saida_testar#$ python3 main.py
2019-4-16 18:07:04.746#submit#Your code did not produce the correct output. Please, correct your code and try again.
2019-4-16 18:07:04.746#submit#Your code did not produce the correct output. Please, correct your code and try again.
2019-4-16 18:07:09.535#saida_testar#$ python3 main.py
2019-4-16 18:07:09.535#saida_testar#$ python3 main.py
2019-4-16 18:07:19.612#submit#Your code did not produce the correct output. Please, correct your code and try again.
2019-4-16 18:07:26.662#mousedown#{"isTrusted":true}
2019-4-16 18:07:26.667#focus#
2019-4-16 18:07:28.068#change#{"from":{"line":2,"ch":9,"sticky":"after"},"to":{"line":2,"ch":10,"sticky":"before","xRel":2.09375},"text":[""],"removed":["0"],"origin":"+delete"}
2019-4-16 18:07:28.068#keyHandled#"Backspace"
2019-4-16 18:07:28.508#change#{"from":{"line":2,"ch":8,"sticky":"after"},"to":{"line":2,"ch":9,"sticky":null},"text":[""],"removed":["2"],"origin":"+delete"}
2019-4-16 18:07:28.508#keyHandled#"Backspace"
2019-4-16 18:07:28.909#change#{"from":{"line":2,"ch":8,"sticky":null},"to":{"line":2,"ch":8,"sticky":null},"text":["x"],"removed":[""],"origin":"+input"}
2019-4-16 18:07:30.332#mousedown#{"isTrusted":true}
2019-4-16 18:07:31.217#change#{"from":{"line":5,"ch":9,"sticky":"after"},"to":{"line":5,"ch":10,"sticky":"before","xRel":0.09375},"text":[""],"removed":["0"],"origin":"+delete"}
2019-4-16 18:07:31.217#keyHandled#"Backspace"
2019-4-16 18:07:31.678#change#{"from":{"line":5,"ch":8,"sticky":"after"},"to":{"line":5,"ch":9,"sticky":null},"text":[""],"removed":["2"],"origin":"+delete"}
2019-4-16 18:07:31.678#keyHandled#"Backspace"
2019-4-16 18:07:31.803#change#{"from":{"line":5,"ch":8,"sticky":null},"to":{"line":5,"ch":8,"sticky":null},"text":["x"],"removed":[""],"origin":"+input"}
2019-4-16 18:07:41.633#change#{"from":{"line":5,"ch":8,"sticky":"after"},"to":{"line":5,"ch":9,"sticky":null},"text":[""],"removed":["x"],"origin":"+delete"}
2019-4-16 18:07:41.634#keyHandled#"Backspace"
2019-4-16 18:07:44.804#change#{"from":{"line":5,"ch":8,"sticky":null},"to":{"line":5,"ch":8,"sticky":null},"text":["e"],"removed":[""],"origin":"+input"}
2019-4-16 18:07:46.403#change#{"from":{"line":5,"ch":9,"sticky":null},"to":{"line":5,"ch":9,"sticky":null},"text":["-"],"removed":[""],"origin":"+input"}
2019-4-16 18:07:47.458#change#{"from":{"line":5,"ch":10,"sticky":null},"to":{"line":5,"ch":10,"sticky":null},"text":["x"],"removed":[""],"origin":"+input"}
2019-4-16 18:07:49.431#blur#
2019-4-16 18:07:49.431#blur#
2019-4-16 18:07:51.827#saida_testar#$ python3 main.py
2019-4-16 18:07:54.025#mousedown#{"isTrusted":true}
2019-4-16 18:07:54.064#focus#
2019-4-16 18:07:55.454#change#{"from":{"line":5,"ch":10,"sticky":"after"},"to":{"line":5,"ch":11,"sticky":"after","xRel":3.5625},"text":[""],"removed":["x"],"origin":"+delete"}
2019-4-16 18:07:55.454#keyHandled#"Backspace"
2019-4-16 18:07:55.817#change#{"from":{"line":5,"ch":9,"sticky":"after"},"to":{"line":5,"ch":10,"sticky":null},"text":[""],"removed":["-"],"origin":"+delete"}
2019-4-16 18:07:55.817#keyHandled#"Backspace"
2019-4-16 18:07:56.195#change#{"from":{"line":5,"ch":8,"sticky":"after"},"to":{"line":5,"ch":9,"sticky":null},"text":[""],"removed":["e"],"origin":"+delete"}
2019-4-16 18:07:56.195#keyHandled#"Backspace"
2019-4-16 18:07:57.245#change#{"from":{"line":5,"ch":8,"sticky":null},"to":{"line":5,"ch":8,"sticky":null},"text":["x"],"removed":[""],"origin":"+input"}
2019-4-16 18:07:57.551#change#{"from":{"line":5,"ch":9,"sticky":null},"to":{"line":5,"ch":9,"sticky":null},"text":["-"],"removed":[""],"origin":"+input"}
2019-4-16 18:07:57.912#change#{"from":{"line":5,"ch":10,"sticky":null},"to":{"line":5,"ch":10,"sticky":null},"text":["e"],"removed":[""],"origin":"+input"}
2019-4-16 18:07:59.132#blur#
2019-4-16 18:08:01.520#saida_testar#$ python3 main.py
2019-4-16 18:08:06.360#mousedown#{"isTrusted":true}
2019-4-16 18:08:06.395#focus#
2019-4-16 18:08:07.644#change#{"from":{"line":5,"ch":10,"sticky":"after"},"to":{"line":5,"ch":11,"sticky":"before","xRel":-0.4375},"text":[""],"removed":["e"],"origin":"+delete"}
2019-4-16 18:08:07.644#keyHandled#"Backspace"
2019-4-16 18:08:07.902#change#{"from":{"line":5,"ch":9,"sticky":"after"},"to":{"line":5,"ch":10,"sticky":null},"text":[""],"removed":["-"],"origin":"+delete"}
2019-4-16 18:08:07.902#keyHandled#"Backspace"
2019-4-16 18:08:08.171#change#{"from":{"line":5,"ch":8,"sticky":"after"},"to":{"line":5,"ch":9,"sticky":null},"text":[""],"removed":["x"],"origin":"+delete"}
2019-4-16 18:08:08.171#keyHandled#"Backspace"
2019-4-16 18:08:40.817#blur#
2019-4-16 18:09:00.545#mousedown#{"isTrusted":true}
2019-4-16 18:09:00.550#focus#
2019-4-16 18:09:02.306#change#{"from":{"line":6,"ch":9,"sticky":"before","xRel":-1.75},"to":{"line":6,"ch":9,"sticky":"before","xRel":-1.75},"text":[","],"removed":[""],"origin":"+input"}
2019-4-16 18:09:02.446#change#{"from":{"line":6,"ch":10,"sticky":null},"to":{"line":6,"ch":10,"sticky":null},"text":["2"],"removed":[""],"origin":"+input"}
2019-4-16 18:09:05.532#blur#
2019-4-16 18:09:05.532#blur#
2019-4-16 18:09:07.410#mousedown#{"isTrusted":true}
2019-4-16 18:09:07.446#focus#
2019-4-16 18:09:07.885#saida_testar#$ python3 main.py
2019-4-16 18:09:08.117#change#{"from":{"line":5,"ch":8,"sticky":"after","xRel":4.09375},"to":{"line":5,"ch":8,"sticky":"after","xRel":4.09375},"text":[" "],"removed":[""],"origin":"+input"}
2019-4-16 18:09:09.407#change#{"from":{"line":5,"ch":8,"sticky":"after"},"to":{"line":5,"ch":9,"sticky":null},"text":[""],"removed":[" "],"origin":"+delete"}
2019-4-16 18:09:09.407#keyHandled#"Backspace"
2019-4-16 18:09:11.578#blur#
2019-4-16 18:09:11.578#blur#
2019-4-16 18:09:13.861#saida_testar#$ python3 main.py
2019-4-16 18:09:19.305#mousedown#{"isTrusted":true}
2019-4-16 18:09:19.336#focus#
2019-4-16 18:09:39.400#change#{"from":{"line":5,"ch":8,"sticky":"before","xRel":-0.90625},"to":{"line":5,"ch":8,"sticky":"before","xRel":-0.90625},"text":["2"],"removed":[""],"origin":"+input"}
2019-4-16 18:09:39.531#change#{"from":{"line":5,"ch":9,"sticky":null},"to":{"line":5,"ch":9,"sticky":null},"text":["0"],"removed":[""],"origin":"+input"}
2019-4-16 18:09:41.702#blur#
2019-4-16 18:09:41.702#blur#
2019-4-16 18:09:43.491#saida_testar#$ python3 main.py
2019-4-16 18:09:49.037#mousedown#{"isTrusted":true}
2019-4-16 18:09:49.072#focus#
2019-4-16 18:09:50.576#change#{"from":{"line":6,"ch":6,"sticky":"after","xRel":1.09375},"to":{"line":6,"ch":6,"sticky":"after","xRel":1.09375},"text":["r"],"removed":[""],"origin":"+input"}
2019-4-16 18:09:51.479#change#{"from":{"line":6,"ch":7,"sticky":null},"to":{"line":6,"ch":7,"sticky":null},"text":["o"],"removed":[""],"origin":"+input"}
2019-4-16 18:09:51.665#change#{"from":{"line":6,"ch":8,"sticky":null},"to":{"line":6,"ch":8,"sticky":null},"text":["u"],"removed":[""],"origin":"+input"}
2019-4-16 18:09:51.958#change#{"from":{"line":6,"ch":9,"sticky":null},"to":{"line":6,"ch":9,"sticky":null},"text":["n"],"removed":[""],"origin":"+input"}
2019-4-16 18:09:52.162#change#{"from":{"line":6,"ch":10,"sticky":null},"to":{"line":6,"ch":10,"sticky":null},"text":["d"],"removed":[""],"origin":"+input"}
2019-4-16 18:09:53.502#change#{"from":{"line":6,"ch":11,"sticky":null},"to":{"line":6,"ch":11,"sticky":null},"text":["("],"removed":[""],"origin":"+input"}
2019-4-16 18:09:54.078#keyHandled#"Right"
2019-4-16 18:09:54.295#keyHandled#"Right"
2019-4-16 18:09:54.473#keyHandled#"Right"
2019-4-16 18:09:54.658#keyHandled#"Right"
2019-4-16 18:09:54.836#keyHandled#"Right"
2019-4-16 18:09:55.171#keyHandled#"Right"
2019-4-16 18:09:56.270#change#{"from":{"line":6,"ch":18,"sticky":"before"},"to":{"line":6,"ch":18,"sticky":"before"},"text":[")"],"removed":[""],"origin":"+input"}
2019-4-16 18:09:57.683#blur#
2019-4-16 18:09:57.683#blur#
2019-4-16 18:09:59.477#saida_testar#$ python3 main.py
