2019-5-14 19:33:28.609#viewportChange#0
2019-5-14 19:50:26.615#mousedown#{"isTrusted":true}
2019-5-14 19:50:26.625#focus#
2019-5-14 19:51:16.167#blur#
2019-5-14 19:51:27.312#focus#
2019-5-14 19:52:52.691#mousedown#{"isTrusted":true}
2019-5-14 19:52:54.366#change#{"from":{"line":0,"ch":0,"sticky":null,"xRel":1,"outside":true},"to":{"line":0,"ch":0,"sticky":null,"xRel":1,"outside":true},"text":["N"],"removed":[""],"origin":"+input"}
2019-5-14 19:52:54.505#change#{"from":{"line":0,"ch":1,"sticky":null},"to":{"line":0,"ch":1,"sticky":null},"text":[" "],"removed":[""],"origin":"+input"}
2019-5-14 19:52:54.841#change#{"from":{"line":0,"ch":2,"sticky":null},"to":{"line":0,"ch":2,"sticky":null},"text":["="],"removed":[""],"origin":"+input"}
2019-5-14 19:52:55.094#change#{"from":{"line":0,"ch":3,"sticky":null},"to":{"line":0,"ch":3,"sticky":null},"text":[" "],"removed":[""],"origin":"+input"}
2019-5-14 19:52:55.305#change#{"from":{"line":0,"ch":4,"sticky":null},"to":{"line":0,"ch":4,"sticky":null},"text":["I"],"removed":[""],"origin":"+input"}
2019-5-14 19:52:55.416#change#{"from":{"line":0,"ch":5,"sticky":null},"to":{"line":0,"ch":5,"sticky":null},"text":["N"],"removed":[""],"origin":"+input"}
2019-5-14 19:52:55.784#change#{"from":{"line":0,"ch":6,"sticky":null},"to":{"line":0,"ch":6,"sticky":null},"text":["T"],"removed":[""],"origin":"+input"}
2019-5-14 19:52:56.345#change#{"from":{"line":0,"ch":6,"sticky":"after"},"to":{"line":0,"ch":7,"sticky":null},"text":[""],"removed":["T"],"origin":"+delete"}
2019-5-14 19:52:56.345#keyHandled#"Backspace"
2019-5-14 19:52:56.532#change#{"from":{"line":0,"ch":5,"sticky":"after"},"to":{"line":0,"ch":6,"sticky":null},"text":[""],"removed":["N"],"origin":"+delete"}
2019-5-14 19:52:56.532#keyHandled#"Backspace"
2019-5-14 19:52:56.692#change#{"from":{"line":0,"ch":4,"sticky":"after"},"to":{"line":0,"ch":5,"sticky":null},"text":[""],"removed":["I"],"origin":"+delete"}
2019-5-14 19:52:56.692#keyHandled#"Backspace"
2019-5-14 19:52:58.826#change#{"from":{"line":0,"ch":4,"sticky":null},"to":{"line":0,"ch":4,"sticky":null},"text":["i"],"removed":[""],"origin":"+input"}
2019-5-14 19:52:58.954#change#{"from":{"line":0,"ch":5,"sticky":null},"to":{"line":0,"ch":5,"sticky":null},"text":["n"],"removed":[""],"origin":"+input"}
2019-5-14 19:52:59.225#change#{"from":{"line":0,"ch":6,"sticky":null},"to":{"line":0,"ch":6,"sticky":null},"text":["t"],"removed":[""],"origin":"+input"}
2019-5-14 19:53:01.071#change#{"from":{"line":0,"ch":7,"sticky":null},"to":{"line":0,"ch":7,"sticky":null},"text":["()"],"removed":[""],"origin":"+input"}
2019-5-14 19:53:01.071#keyHandled#"'('"
2019-5-14 19:53:01.450#change#{"from":{"line":0,"ch":8,"sticky":"after"},"to":{"line":0,"ch":8,"sticky":"after"},"text":["i"],"removed":[""],"origin":"+input"}
2019-5-14 19:53:01.674#change#{"from":{"line":0,"ch":9,"sticky":null},"to":{"line":0,"ch":9,"sticky":null},"text":["n"],"removed":[""],"origin":"+input"}
2019-5-14 19:53:02.793#change#{"from":{"line":0,"ch":10,"sticky":null},"to":{"line":0,"ch":10,"sticky":null},"text":["p"],"removed":[""],"origin":"+input"}
2019-5-14 19:53:03.241#change#{"from":{"line":0,"ch":11,"sticky":null},"to":{"line":0,"ch":11,"sticky":null},"text":["u"],"removed":[""],"origin":"+input"}
2019-5-14 19:53:03.497#change#{"from":{"line":0,"ch":12,"sticky":null},"to":{"line":0,"ch":12,"sticky":null},"text":["t"],"removed":[""],"origin":"+input"}
2019-5-14 19:53:04.777#change#{"from":{"line":0,"ch":13,"sticky":null},"to":{"line":0,"ch":13,"sticky":null},"text":["()"],"removed":[""],"origin":"+input"}
2019-5-14 19:53:04.777#keyHandled#"'('"
2019-5-14 19:53:06.218#change#{"from":{"line":0,"ch":14,"sticky":"after"},"to":{"line":0,"ch":14,"sticky":"after"},"text":["\"\""],"removed":[""],"origin":"+input"}
2019-5-14 19:53:06.218#keyHandled#"'\"'"
2019-5-14 19:53:06.618#change#{"from":{"line":0,"ch":15,"sticky":"after"},"to":{"line":0,"ch":15,"sticky":"after"},"text":["n"],"removed":[""],"origin":"+input"}
2019-5-14 19:53:06.761#change#{"from":{"line":0,"ch":16,"sticky":null},"to":{"line":0,"ch":16,"sticky":null},"text":["u"],"removed":[""],"origin":"+input"}
2019-5-14 19:53:07.049#change#{"from":{"line":0,"ch":17,"sticky":null},"to":{"line":0,"ch":17,"sticky":null},"text":["m"],"removed":[""],"origin":"+input"}
2019-5-14 19:53:07.162#change#{"from":{"line":0,"ch":18,"sticky":null},"to":{"line":0,"ch":18,"sticky":null},"text":["e"],"removed":[""],"origin":"+input"}
2019-5-14 19:53:07.257#change#{"from":{"line":0,"ch":19,"sticky":null},"to":{"line":0,"ch":19,"sticky":null},"text":["r"],"removed":[""],"origin":"+input"}
2019-5-14 19:53:07.337#change#{"from":{"line":0,"ch":20,"sticky":null},"to":{"line":0,"ch":20,"sticky":null},"text":["o"],"removed":[""],"origin":"+input"}
2019-5-14 19:53:07.545#change#{"from":{"line":0,"ch":21,"sticky":null},"to":{"line":0,"ch":21,"sticky":null},"text":[" "],"removed":[""],"origin":"+input"}
2019-5-14 19:53:08.121#change#{"from":{"line":0,"ch":22,"sticky":null},"to":{"line":0,"ch":22,"sticky":null},"text":["n"],"removed":[""],"origin":"+input"}
2019-5-14 19:53:08.233#change#{"from":{"line":0,"ch":23,"sticky":null},"to":{"line":0,"ch":23,"sticky":null},"text":["a"],"removed":[""],"origin":"+input"}
2019-5-14 19:53:08.457#change#{"from":{"line":0,"ch":24,"sticky":null},"to":{"line":0,"ch":24,"sticky":null},"text":["t"],"removed":[""],"origin":"+input"}
2019-5-14 19:53:08.761#change#{"from":{"line":0,"ch":25,"sticky":null},"to":{"line":0,"ch":25,"sticky":null},"text":["u"],"removed":[""],"origin":"+input"}
2019-5-14 19:53:08.857#change#{"from":{"line":0,"ch":26,"sticky":null},"to":{"line":0,"ch":26,"sticky":null},"text":["r"],"removed":[""],"origin":"+input"}
2019-5-14 19:53:09.001#change#{"from":{"line":0,"ch":27,"sticky":null},"to":{"line":0,"ch":27,"sticky":null},"text":["a"],"removed":[""],"origin":"+input"}
2019-5-14 19:53:09.113#change#{"from":{"line":0,"ch":28,"sticky":null},"to":{"line":0,"ch":28,"sticky":null},"text":["l"],"removed":[""],"origin":"+input"}
2019-5-14 19:53:10.372#keyHandled#"Right"
2019-5-14 19:53:10.564#keyHandled#"Right"
2019-5-14 19:53:10.772#keyHandled#"Right"
2019-5-14 19:53:10.964#keyHandled#"Right"
2019-5-14 19:53:11.514#change#{"from":{"line":0,"ch":32,"sticky":"before","hitSide":true},"to":{"line":0,"ch":32,"sticky":"before","hitSide":true},"text":["",""],"removed":[""],"origin":"+input"}
2019-5-14 19:53:11.514#keyHandled#"Enter"
2019-5-14 19:53:11.527#viewportChange#0
2019-5-14 19:53:13.162#change#{"from":{"line":1,"ch":0,"sticky":null},"to":{"line":1,"ch":0,"sticky":null},"text":["i"],"removed":[""],"origin":"+input"}
2019-5-14 19:53:13.370#change#{"from":{"line":1,"ch":1,"sticky":null},"to":{"line":1,"ch":1,"sticky":null},"text":[" "],"removed":[""],"origin":"+input"}
2019-5-14 19:53:13.610#change#{"from":{"line":1,"ch":2,"sticky":null},"to":{"line":1,"ch":2,"sticky":null},"text":["="],"removed":[""],"origin":"+input"}
2019-5-14 19:53:13.865#change#{"from":{"line":1,"ch":3,"sticky":null},"to":{"line":1,"ch":3,"sticky":null},"text":[" "],"removed":[""],"origin":"+input"}
2019-5-14 19:53:14.073#change#{"from":{"line":1,"ch":4,"sticky":null},"to":{"line":1,"ch":4,"sticky":null},"text":["0"],"removed":[""],"origin":"+input"}
2019-5-14 19:53:14.902#change#{"from":{"line":1,"ch":5,"sticky":null},"to":{"line":1,"ch":5,"sticky":null},"text":["",""],"removed":[""],"origin":"+input"}
2019-5-14 19:53:14.902#keyHandled#"Enter"
2019-5-14 19:53:14.918#viewportChange#0
2019-5-14 19:53:16.602#change#{"from":{"line":2,"ch":0,"sticky":null},"to":{"line":2,"ch":0,"sticky":null},"text":["s"],"removed":[""],"origin":"+input"}
2019-5-14 19:53:16.809#change#{"from":{"line":2,"ch":1,"sticky":null},"to":{"line":2,"ch":1,"sticky":null},"text":["o"],"removed":[""],"origin":"+input"}
2019-5-14 19:53:16.954#change#{"from":{"line":2,"ch":2,"sticky":null},"to":{"line":2,"ch":2,"sticky":null},"text":["m"],"removed":[""],"origin":"+input"}
2019-5-14 19:53:17.098#change#{"from":{"line":2,"ch":3,"sticky":null},"to":{"line":2,"ch":3,"sticky":null},"text":["a"],"removed":[""],"origin":"+input"}
2019-5-14 19:53:17.194#change#{"from":{"line":2,"ch":4,"sticky":null},"to":{"line":2,"ch":4,"sticky":null},"text":[" "],"removed":[""],"origin":"+input"}
2019-5-14 19:53:18.441#change#{"from":{"line":2,"ch":5,"sticky":null},"to":{"line":2,"ch":5,"sticky":null},"text":["="],"removed":[""],"origin":"+input"}
2019-5-14 19:53:18.665#change#{"from":{"line":2,"ch":6,"sticky":null},"to":{"line":2,"ch":6,"sticky":null},"text":[" "],"removed":[""],"origin":"+input"}
2019-5-14 19:53:19.978#change#{"from":{"line":2,"ch":7,"sticky":null},"to":{"line":2,"ch":7,"sticky":null},"text":["0"],"removed":[""],"origin":"+input"}
2019-5-14 19:53:20.437#change#{"from":{"line":2,"ch":8,"sticky":null},"to":{"line":2,"ch":8,"sticky":null},"text":["",""],"removed":[""],"origin":"+input"}
2019-5-14 19:53:20.437#keyHandled#"Enter"
2019-5-14 19:53:20.453#viewportChange#0
2019-5-14 19:53:22.219#change#{"from":{"line":3,"ch":0,"sticky":null},"to":{"line":3,"ch":0,"sticky":null},"text":["s"],"removed":[""],"origin":"+input"}
2019-5-14 19:53:22.521#change#{"from":{"line":3,"ch":1,"sticky":null},"to":{"line":3,"ch":1,"sticky":null},"text":["i"],"removed":[""],"origin":"+input"}
2019-5-14 19:53:22.666#change#{"from":{"line":3,"ch":2,"sticky":null},"to":{"line":3,"ch":2,"sticky":null},"text":["n"],"removed":[""],"origin":"+input"}
2019-5-14 19:53:22.809#change#{"from":{"line":3,"ch":3,"sticky":null},"to":{"line":3,"ch":3,"sticky":null},"text":["a"],"removed":[""],"origin":"+input"}
2019-5-14 19:53:22.906#change#{"from":{"line":3,"ch":4,"sticky":null},"to":{"line":3,"ch":4,"sticky":null},"text":["l"],"removed":[""],"origin":"+input"}
2019-5-14 19:53:23.161#change#{"from":{"line":3,"ch":5,"sticky":null},"to":{"line":3,"ch":5,"sticky":null},"text":[" "],"removed":[""],"origin":"+input"}
2019-5-14 19:53:23.562#change#{"from":{"line":3,"ch":6,"sticky":null},"to":{"line":3,"ch":6,"sticky":null},"text":["="],"removed":[""],"origin":"+input"}
2019-5-14 19:53:23.817#change#{"from":{"line":3,"ch":7,"sticky":null},"to":{"line":3,"ch":7,"sticky":null},"text":[" "],"removed":[""],"origin":"+input"}
2019-5-14 19:53:23.978#change#{"from":{"line":3,"ch":8,"sticky":null},"to":{"line":3,"ch":8,"sticky":null},"text":["1"],"removed":[""],"origin":"+input"}
2019-5-14 19:53:25.429#change#{"from":{"line":3,"ch":9,"sticky":null},"to":{"line":3,"ch":9,"sticky":null},"text":["",""],"removed":[""],"origin":"+input"}
2019-5-14 19:53:25.429#keyHandled#"Enter"
2019-5-14 19:53:25.444#viewportChange#0
2019-5-14 19:53:26.714#change#{"from":{"line":4,"ch":0,"sticky":null},"to":{"line":4,"ch":0,"sticky":null},"text":["w"],"removed":[""],"origin":"+input"}
2019-5-14 19:53:26.970#change#{"from":{"line":4,"ch":1,"sticky":null},"to":{"line":4,"ch":1,"sticky":null},"text":["h"],"removed":[""],"origin":"+input"}
2019-5-14 19:53:27.658#change#{"from":{"line":4,"ch":2,"sticky":null},"to":{"line":4,"ch":2,"sticky":null},"text":["i"],"removed":[""],"origin":"+input"}
2019-5-14 19:53:27.897#change#{"from":{"line":4,"ch":3,"sticky":null},"to":{"line":4,"ch":3,"sticky":null},"text":["l"],"removed":[""],"origin":"+input"}
2019-5-14 19:53:27.978#change#{"from":{"line":4,"ch":4,"sticky":null},"to":{"line":4,"ch":4,"sticky":null},"text":["e"],"removed":[""],"origin":"+input"}
2019-5-14 19:53:28.138#change#{"from":{"line":4,"ch":5,"sticky":null},"to":{"line":4,"ch":5,"sticky":null},"text":[" "],"removed":[""],"origin":"+input"}
2019-5-14 19:53:29.557#change#{"from":{"line":4,"ch":5,"sticky":"after"},"to":{"line":4,"ch":6,"sticky":null},"text":[""],"removed":[" "],"origin":"+delete"}
2019-5-14 19:53:29.557#keyHandled#"Backspace"
2019-5-14 19:53:30.681#change#{"from":{"line":4,"ch":5,"sticky":null},"to":{"line":4,"ch":5,"sticky":null},"text":["()"],"removed":[""],"origin":"+input"}
2019-5-14 19:53:30.681#keyHandled#"'('"
2019-5-14 19:53:31.386#change#{"from":{"line":4,"ch":6,"sticky":"after"},"to":{"line":4,"ch":6,"sticky":"after"},"text":[" "],"removed":[""],"origin":"+input"}
2019-5-14 19:53:31.690#change#{"from":{"line":4,"ch":7,"sticky":null},"to":{"line":4,"ch":7,"sticky":null},"text":["i"],"removed":[""],"origin":"+input"}
2019-5-14 19:53:32.429#change#{"from":{"line":4,"ch":8,"sticky":null},"to":{"line":4,"ch":8,"sticky":null},"text":[" "],"removed":[""],"origin":"+input"}
2019-5-14 19:53:33.050#change#{"from":{"line":4,"ch":9,"sticky":null},"to":{"line":4,"ch":9,"sticky":null},"text":["<"],"removed":[""],"origin":"+input"}
2019-5-14 19:53:33.321#change#{"from":{"line":4,"ch":10,"sticky":null},"to":{"line":4,"ch":10,"sticky":null},"text":[" "],"removed":[""],"origin":"+input"}
2019-5-14 19:53:33.626#change#{"from":{"line":4,"ch":11,"sticky":null},"to":{"line":4,"ch":11,"sticky":null},"text":["B"],"removed":[""],"origin":"+input"}
2019-5-14 19:53:34.149#change#{"from":{"line":4,"ch":11,"sticky":"after"},"to":{"line":4,"ch":12,"sticky":null},"text":[""],"removed":["B"],"origin":"+delete"}
2019-5-14 19:53:34.149#keyHandled#"Backspace"
2019-5-14 19:53:34.827#change#{"from":{"line":4,"ch":11,"sticky":null},"to":{"line":4,"ch":11,"sticky":null},"text":["N"],"removed":[""],"origin":"+input"}
2019-5-14 19:53:35.637#keyHandled#"Right"
2019-5-14 19:53:36.054#change#{"from":{"line":4,"ch":13,"sticky":"before"},"to":{"line":4,"ch":13,"sticky":"before"},"text":["",""],"removed":[""],"origin":"+input"}
2019-5-14 19:53:36.054#keyHandled#"Enter"
2019-5-14 19:53:36.068#viewportChange#0
2019-5-14 19:53:37.269#change#{"from":{"line":4,"ch":13,"sticky":"before"},"to":{"line":5,"ch":0,"sticky":null},"text":[""],"removed":["",""],"origin":"+delete"}
2019-5-14 19:53:37.270#keyHandled#"Backspace"
2019-5-14 19:53:37.283#viewportChange#0
2019-5-14 19:53:38.314#change#{"from":{"line":4,"ch":13,"sticky":null},"to":{"line":4,"ch":13,"sticky":null},"text":[":"],"removed":[""],"origin":"+input"}
2019-5-14 19:53:38.518#change#{"from":{"line":4,"ch":14,"sticky":null},"to":{"line":4,"ch":14,"sticky":null},"text":["",""],"removed":[""],"origin":"+input"}
2019-5-14 19:53:38.518#change#{"from":{"line":5,"ch":0,"sticky":null},"to":{"line":5,"ch":0,"sticky":null},"text":["\t"],"removed":[""],"origin":"+input"}
2019-5-14 19:53:38.518#keyHandled#"Enter"
2019-5-14 19:53:38.532#viewportChange#0
2019-5-14 19:53:40.683#change#{"from":{"line":5,"ch":1,"sticky":null},"to":{"line":5,"ch":1,"sticky":null},"text":["s"],"removed":[""],"origin":"+input"}
2019-5-14 19:53:40.794#change#{"from":{"line":5,"ch":2,"sticky":null},"to":{"line":5,"ch":2,"sticky":null},"text":["o"],"removed":[""],"origin":"+input"}
2019-5-14 19:53:40.938#change#{"from":{"line":5,"ch":3,"sticky":null},"to":{"line":5,"ch":3,"sticky":null},"text":["m"],"removed":[""],"origin":"+input"}
2019-5-14 19:53:41.082#change#{"from":{"line":5,"ch":4,"sticky":null},"to":{"line":5,"ch":4,"sticky":null},"text":["a"],"removed":[""],"origin":"+input"}
2019-5-14 19:53:41.162#change#{"from":{"line":5,"ch":5,"sticky":null},"to":{"line":5,"ch":5,"sticky":null},"text":[" "],"removed":[""],"origin":"+input"}
2019-5-14 19:53:41.477#change#{"from":{"line":5,"ch":6,"sticky":null},"to":{"line":5,"ch":6,"sticky":null},"text":["",""],"removed":[""],"origin":"+input"}
2019-5-14 19:53:41.477#change#{"from":{"line":6,"ch":0,"sticky":null},"to":{"line":6,"ch":0,"sticky":null},"text":["\t"],"removed":[""],"origin":"+input"}
2019-5-14 19:53:41.477#keyHandled#"Enter"
2019-5-14 19:53:41.492#viewportChange#0
2019-5-14 19:53:45.371#change#{"from":{"line":6,"ch":1,"sticky":null},"to":{"line":6,"ch":1,"sticky":null},"text":["s"],"removed":[""],"origin":"+input"}
2019-5-14 19:53:45.562#change#{"from":{"line":6,"ch":2,"sticky":null},"to":{"line":6,"ch":2,"sticky":null},"text":["i"],"removed":[""],"origin":"+input"}
2019-5-14 19:53:45.705#change#{"from":{"line":6,"ch":3,"sticky":null},"to":{"line":6,"ch":3,"sticky":null},"text":["n"],"removed":[""],"origin":"+input"}
2019-5-14 19:53:45.834#change#{"from":{"line":6,"ch":4,"sticky":null},"to":{"line":6,"ch":4,"sticky":null},"text":["a"],"removed":[""],"origin":"+input"}
2019-5-14 19:53:45.882#change#{"from":{"line":6,"ch":5,"sticky":null},"to":{"line":6,"ch":5,"sticky":null},"text":["l"],"removed":[""],"origin":"+input"}
2019-5-14 19:53:46.166#change#{"from":{"line":6,"ch":6,"sticky":null},"to":{"line":6,"ch":6,"sticky":null},"text":["",""],"removed":[""],"origin":"+input"}
2019-5-14 19:53:46.166#change#{"from":{"line":7,"ch":0,"sticky":null},"to":{"line":7,"ch":0,"sticky":null},"text":["\t"],"removed":[""],"origin":"+input"}
2019-5-14 19:53:46.166#keyHandled#"Enter"
2019-5-14 19:53:46.181#viewportChange#0
2019-5-14 19:53:49.643#change#{"from":{"line":7,"ch":1,"sticky":null},"to":{"line":7,"ch":1,"sticky":null},"text":["i"],"removed":[""],"origin":"+input"}
2019-5-14 19:53:49.817#change#{"from":{"line":7,"ch":2,"sticky":null},"to":{"line":7,"ch":2,"sticky":null},"text":[" "],"removed":[""],"origin":"+input"}
2019-5-14 19:53:50.234#change#{"from":{"line":7,"ch":3,"sticky":null},"to":{"line":7,"ch":3,"sticky":null},"text":["="],"removed":[""],"origin":"+input"}
2019-5-14 19:53:50.461#change#{"from":{"line":7,"ch":4,"sticky":null},"to":{"line":7,"ch":4,"sticky":null},"text":[" "],"removed":[""],"origin":"+input"}
2019-5-14 19:53:50.683#change#{"from":{"line":7,"ch":5,"sticky":null},"to":{"line":7,"ch":5,"sticky":null},"text":["i"],"removed":[""],"origin":"+input"}
2019-5-14 19:53:50.858#change#{"from":{"line":7,"ch":6,"sticky":null},"to":{"line":7,"ch":6,"sticky":null},"text":[" "],"removed":[""],"origin":"+input"}
2019-5-14 19:53:52.383#change#{"from":{"line":7,"ch":8,"sticky":null},"to":{"line":7,"ch":8,"sticky":null},"text":["1"],"removed":[""],"origin":"+input"}
2019-5-14 19:53:52.859#keyHandled#"Up"
2019-5-14 19:53:53.595#change#{"from":{"line":6,"ch":6,"sticky":"before","xRel":24},"to":{"line":6,"ch":6,"sticky":"before","xRel":24},"text":[" "],"removed":[""],"origin":"+input"}
2019-5-14 19:53:53.755#change#{"from":{"line":6,"ch":7,"sticky":null},"to":{"line":6,"ch":7,"sticky":null},"text":["="],"removed":[""],"origin":"+input"}
2019-5-14 19:53:53.882#change#{"from":{"line":6,"ch":8,"sticky":null},"to":{"line":6,"ch":8,"sticky":null},"text":[" "],"removed":[""],"origin":"+input"}
2019-5-14 19:53:54.376#keyHandled#"Up"
2019-5-14 19:53:55.180#change#{"from":{"line":5,"ch":6,"sticky":"before","xRel":24},"to":{"line":5,"ch":6,"sticky":"before","xRel":24},"text":["="],"removed":[""],"origin":"+input"}
2019-5-14 19:53:55.402#change#{"from":{"line":5,"ch":7,"sticky":null},"to":{"line":5,"ch":7,"sticky":null},"text":[" "],"removed":[""],"origin":"+input"}
2019-5-14 19:53:57.387#change#{"from":{"line":5,"ch":8,"sticky":null},"to":{"line":5,"ch":8,"sticky":null},"text":["s"],"removed":[""],"origin":"+input"}
2019-5-14 19:53:57.547#change#{"from":{"line":5,"ch":9,"sticky":null},"to":{"line":5,"ch":9,"sticky":null},"text":["o"],"removed":[""],"origin":"+input"}
2019-5-14 19:53:57.705#change#{"from":{"line":5,"ch":10,"sticky":null},"to":{"line":5,"ch":10,"sticky":null},"text":["m"],"removed":[""],"origin":"+input"}
2019-5-14 19:53:57.898#change#{"from":{"line":5,"ch":11,"sticky":null},"to":{"line":5,"ch":11,"sticky":null},"text":["a"],"removed":[""],"origin":"+input"}
2019-5-14 19:53:57.947#change#{"from":{"line":5,"ch":12,"sticky":null},"to":{"line":5,"ch":12,"sticky":null},"text":[" "],"removed":[""],"origin":"+input"}
2019-5-14 19:53:58.842#change#{"from":{"line":5,"ch":13,"sticky":null},"to":{"line":5,"ch":13,"sticky":null},"text":["+"],"removed":[""],"origin":"+input"}
2019-5-14 19:53:59.898#change#{"from":{"line":5,"ch":14,"sticky":null},"to":{"line":5,"ch":14,"sticky":null},"text":[" "],"removed":[""],"origin":"+input"}
2019-5-14 19:54:00.123#change#{"from":{"line":5,"ch":15,"sticky":null},"to":{"line":5,"ch":15,"sticky":null},"text":["s"],"removed":[""],"origin":"+input"}
2019-5-14 19:54:00.347#change#{"from":{"line":5,"ch":16,"sticky":null},"to":{"line":5,"ch":16,"sticky":null},"text":["i"],"removed":[""],"origin":"+input"}
2019-5-14 19:54:00.491#change#{"from":{"line":5,"ch":17,"sticky":null},"to":{"line":5,"ch":17,"sticky":null},"text":["n"],"removed":[""],"origin":"+input"}
2019-5-14 19:54:00.634#change#{"from":{"line":5,"ch":18,"sticky":null},"to":{"line":5,"ch":18,"sticky":null},"text":["a"],"removed":[""],"origin":"+input"}
2019-5-14 19:54:00.699#change#{"from":{"line":5,"ch":19,"sticky":null},"to":{"line":5,"ch":19,"sticky":null},"text":["l"],"removed":[""],"origin":"+input"}
2019-5-14 19:54:04.699#change#{"from":{"line":5,"ch":20,"sticky":null},"to":{"line":5,"ch":20,"sticky":null},"text":["*"],"removed":[""],"origin":"+input"}
2019-5-14 19:54:05.179#change#{"from":{"line":5,"ch":21,"sticky":null},"to":{"line":5,"ch":21,"sticky":null},"text":["4"],"removed":[""],"origin":"+input"}
2019-5-14 19:54:07.562#change#{"from":{"line":5,"ch":22,"sticky":null},"to":{"line":5,"ch":22,"sticky":null},"text":["/"],"removed":[""],"origin":"+input"}
2019-5-14 19:54:08.538#change#{"from":{"line":5,"ch":23,"sticky":null},"to":{"line":5,"ch":23,"sticky":null},"text":["()"],"removed":[""],"origin":"+input"}
2019-5-14 19:54:08.538#keyHandled#"'('"
2019-5-14 19:54:10.699#change#{"from":{"line":5,"ch":24,"sticky":"after"},"to":{"line":5,"ch":24,"sticky":"after"},"text":["2"],"removed":[""],"origin":"+input"}
2019-5-14 19:54:12.507#change#{"from":{"line":5,"ch":25,"sticky":null},"to":{"line":5,"ch":25,"sticky":null},"text":["*"],"removed":[""],"origin":"+input"}
2019-5-14 19:54:14.491#change#{"from":{"line":5,"ch":26,"sticky":null},"to":{"line":5,"ch":26,"sticky":null},"text":["i"],"removed":[""],"origin":"+input"}
2019-5-14 19:54:15.195#change#{"from":{"line":5,"ch":27,"sticky":null},"to":{"line":5,"ch":27,"sticky":null},"text":["+"],"removed":[""],"origin":"+input"}
2019-5-14 19:54:15.723#change#{"from":{"line":5,"ch":28,"sticky":null},"to":{"line":5,"ch":28,"sticky":null},"text":["1"],"removed":[""],"origin":"+input"}
2019-5-14 19:54:16.054#keyHandled#"Right"
2019-5-14 19:54:16.902#keyHandled#"Down"
2019-5-14 19:54:21.915#change#{"from":{"line":6,"ch":9,"sticky":"before","xRel":168},"to":{"line":6,"ch":9,"sticky":"before","xRel":168},"text":["-"],"removed":[""],"origin":"+input"}
2019-5-14 19:54:22.251#change#{"from":{"line":6,"ch":10,"sticky":null},"to":{"line":6,"ch":10,"sticky":null},"text":["s"],"removed":[""],"origin":"+input"}
2019-5-14 19:54:22.555#change#{"from":{"line":6,"ch":11,"sticky":null},"to":{"line":6,"ch":11,"sticky":null},"text":["i"],"removed":[""],"origin":"+input"}
2019-5-14 19:54:22.731#change#{"from":{"line":6,"ch":12,"sticky":null},"to":{"line":6,"ch":12,"sticky":null},"text":["n"],"removed":[""],"origin":"+input"}
2019-5-14 19:54:22.958#change#{"from":{"line":6,"ch":13,"sticky":null},"to":{"line":6,"ch":13,"sticky":null},"text":["a"],"removed":[""],"origin":"+input"}
2019-5-14 19:54:23.019#change#{"from":{"line":6,"ch":14,"sticky":null},"to":{"line":6,"ch":14,"sticky":null},"text":["l"],"removed":[""],"origin":"+input"}
2019-5-14 19:54:25.933#mousedown#{"isTrusted":true}
2019-5-14 19:54:26.631#change#{"from":{"line":7,"ch":9,"sticky":"before","xRel":47.4000244140625},"to":{"line":7,"ch":9,"sticky":"before","xRel":47.4000244140625},"text":["",""],"removed":[""],"origin":"+input"}
2019-5-14 19:54:26.631#change#{"from":{"line":8,"ch":0,"sticky":null},"to":{"line":8,"ch":0,"sticky":null},"text":["\t"],"removed":[""],"origin":"+input"}
2019-5-14 19:54:26.631#keyHandled#"Enter"
2019-5-14 19:54:26.645#viewportChange#0
2019-5-14 19:54:27.718#change#{"from":{"line":8,"ch":0,"sticky":"after"},"to":{"line":8,"ch":1,"sticky":null},"text":[""],"removed":["\t"],"origin":"+delete"}
2019-5-14 19:54:27.718#keyHandled#"Backspace"
2019-5-14 19:54:28.316#change#{"from":{"line":8,"ch":0,"sticky":null},"to":{"line":8,"ch":0,"sticky":null},"text":["p"],"removed":[""],"origin":"+input"}
2019-5-14 19:54:28.556#change#{"from":{"line":8,"ch":1,"sticky":null},"to":{"line":8,"ch":1,"sticky":null},"text":["r"],"removed":[""],"origin":"+input"}
2019-5-14 19:54:28.730#change#{"from":{"line":8,"ch":2,"sticky":null},"to":{"line":8,"ch":2,"sticky":null},"text":["i"],"removed":[""],"origin":"+input"}
2019-5-14 19:54:28.859#change#{"from":{"line":8,"ch":3,"sticky":null},"to":{"line":8,"ch":3,"sticky":null},"text":["n"],"removed":[""],"origin":"+input"}
2019-5-14 19:54:28.987#change#{"from":{"line":8,"ch":4,"sticky":null},"to":{"line":8,"ch":4,"sticky":null},"text":["t"],"removed":[""],"origin":"+input"}
2019-5-14 19:54:30.028#change#{"from":{"line":8,"ch":5,"sticky":null},"to":{"line":8,"ch":5,"sticky":null},"text":["()"],"removed":[""],"origin":"+input"}
2019-5-14 19:54:30.028#keyHandled#"'('"
2019-5-14 19:54:30.827#change#{"from":{"line":8,"ch":6,"sticky":"after"},"to":{"line":8,"ch":6,"sticky":"after"},"text":["r"],"removed":[""],"origin":"+input"}
2019-5-14 19:54:31.019#change#{"from":{"line":8,"ch":7,"sticky":null},"to":{"line":8,"ch":7,"sticky":null},"text":["o"],"removed":[""],"origin":"+input"}
2019-5-14 19:54:31.212#change#{"from":{"line":8,"ch":8,"sticky":null},"to":{"line":8,"ch":8,"sticky":null},"text":["u"],"removed":[""],"origin":"+input"}
2019-5-14 19:54:31.467#change#{"from":{"line":8,"ch":9,"sticky":null},"to":{"line":8,"ch":9,"sticky":null},"text":["n"],"removed":[""],"origin":"+input"}
2019-5-14 19:54:31.595#change#{"from":{"line":8,"ch":10,"sticky":null},"to":{"line":8,"ch":10,"sticky":null},"text":["d"],"removed":[""],"origin":"+input"}
2019-5-14 19:54:33.419#change#{"from":{"line":8,"ch":11,"sticky":null},"to":{"line":8,"ch":11,"sticky":null},"text":["()"],"removed":[""],"origin":"+input"}
2019-5-14 19:54:33.419#keyHandled#"'('"
2019-5-14 19:54:34.412#change#{"from":{"line":8,"ch":12,"sticky":"after"},"to":{"line":8,"ch":12,"sticky":"after"},"text":["s"],"removed":[""],"origin":"+input"}
2019-5-14 19:54:34.524#change#{"from":{"line":8,"ch":13,"sticky":null},"to":{"line":8,"ch":13,"sticky":null},"text":["o"],"removed":[""],"origin":"+input"}
2019-5-14 19:54:34.652#change#{"from":{"line":8,"ch":14,"sticky":null},"to":{"line":8,"ch":14,"sticky":null},"text":["m"],"removed":[""],"origin":"+input"}
2019-5-14 19:54:34.763#change#{"from":{"line":8,"ch":15,"sticky":null},"to":{"line":8,"ch":15,"sticky":null},"text":["a"],"removed":[""],"origin":"+input"}
2019-5-14 19:54:36.446#change#{"from":{"line":8,"ch":16,"sticky":null},"to":{"line":8,"ch":16,"sticky":null},"text":[","],"removed":[""],"origin":"+input"}
2019-5-14 19:54:36.573#change#{"from":{"line":8,"ch":17,"sticky":null},"to":{"line":8,"ch":17,"sticky":null},"text":["8"],"removed":[""],"origin":"+input"}
2019-5-14 19:54:36.446#change#{"from":{"line":8,"ch":16,"sticky":null},"to":{"line":8,"ch":16,"sticky":null},"text":[","],"removed":[""],"origin":"+input"}
2019-5-14 19:54:36.573#change#{"from":{"line":8,"ch":17,"sticky":null},"to":{"line":8,"ch":17,"sticky":null},"text":["8"],"removed":[""],"origin":"+input"}
2019-5-14 19:54:38.485#submit#Congratulations, your code is correct!
2019-5-15 22:12:43.767#viewportChange#0
2019-5-15 22:12:51.598#mousedown#{}
2019-5-15 22:12:51.710#focus#
2019-5-15 22:12:57.882#copy#{}
2019-5-15 22:13:06.979#blur#
2019-5-16 16:30:03.195#viewportChange#0
2019-5-16 16:30:04.251#touchstart#{"isTrusted":true}
2019-5-16 16:30:04.895#focus#
2019-5-16 16:30:04.933#contextmenu#{"isTrusted":true}
2019-5-16 16:30:06.465#touchstart#{"isTrusted":true}
2019-5-16 16:30:08.796#contextmenu#{"isTrusted":true}
2019-5-16 16:30:10.604#contextmenu#{"isTrusted":true}
