== SUBMITION (2019-06-26 13:04:26) 
-- CODE:
from numpy import *
from numpy.linalg import *
quadro = array([[0,2,11,6,15,11,1],[2,0,7,12,4,2,15],[11,7,0,11,8,3,13],[6,12,11,0,10,2,1],[15,4,8,10,0,5,13],[11,2,3,2,5,0,14],[1,15,13,1,13,14,0]])

cidade1 = int(input("1:"))
cidade2 = int(input("2:"))

i = int(cidade1/111 - 1)
j = int(cidade2/111 - 1)
q = quadro[i,j]

print(q)
-- EXECUTION TIME:
1.20826
-- TEST CASE 1:
---- input:
777
666
---- correct output:
14
---- user output:
14
-- TEST CASE 2:
---- input:
555
111
---- correct output:
15
---- user output:
15
-- TEST CASE 3:
---- input:
333
777
---- correct output:
13
---- user output:
13
-- GRADE:
100%
*-*-*-*-*-*-*-*-*-*-*-*-*-*-*-*-*-*-*-*-*-*-*-*
