== TEST (2019-03-14 20:47:55) 
-- CODE:
frase = "Ada Lovelace foi a primeira programadora da historia."
print(frase.upper)
-- OUTPUT:
<built-in method upper of str object at 0x7f80eeb6e9f0>
*-*-*-*-*-*-*-*-*-*-*-*-*-*-*-*-*-*-*-*-*-*-*-*
== TEST (2019-03-14 20:48:59) 
-- CODE:
frase = "Ada Lovelace foi a primeira programadora da historia."
print(.upper(frase))
-- ERROR:
File "XXXX", line 2
    print(.upper(frase))
          ^
SyntaxError: invalid syntax
*-*-*-*-*-*-*-*-*-*-*-*-*-*-*-*-*-*-*-*-*-*-*-*
== TEST (2019-03-14 20:49:13) 
-- CODE:
frase = "Ada Lovelace foi a primeira programadora da historia."
print(upper(frase))
-- ERROR:
Traceback (most recent call last):
  File "XXXX", line 2, in <module>
    print(upper(frase))
NameError: name 'upper' is not defined
*-*-*-*-*-*-*-*-*-*-*-*-*-*-*-*-*-*-*-*-*-*-*-*
== TEST (2019-03-14 20:50:37) 
-- CODE:
frase = "Ada Lovelace foi a primeira programadora da historia."
print(upper.("frase"))
-- ERROR:
File "XXXX", line 2
    print(upper.("frase"))
                ^
SyntaxError: invalid syntax
*-*-*-*-*-*-*-*-*-*-*-*-*-*-*-*-*-*-*-*-*-*-*-*
== TEST (2019-03-14 20:50:56) 
-- CODE:
frase = "Ada Lovelace foi a primeira programadora da historia."
print(upper."frase")
-- ERROR:
File "XXXX", line 2
    print(upper."frase")
                      ^
SyntaxError: invalid syntax
*-*-*-*-*-*-*-*-*-*-*-*-*-*-*-*-*-*-*-*-*-*-*-*
== TEST (2019-03-14 20:52:05) 
-- CODE:
frase = "Ada Lovelace foi a primeira programadora da historia."
print((frase.upper(frase))
-- ERROR:
File "XXXX", line 3
    
                              ^
SyntaxError: unexpected EOF while parsing
*-*-*-*-*-*-*-*-*-*-*-*-*-*-*-*-*-*-*-*-*-*-*-*
== TEST (2019-03-14 20:52:35) 
-- CODE:
frase = "Ada Lovelace foi a primeira programadora da historia."
print((frase.upper("frase"))
-- ERROR:
File "XXXX", line 3
    
                                ^
SyntaxError: unexpected EOF while parsing
*-*-*-*-*-*-*-*-*-*-*-*-*-*-*-*-*-*-*-*-*-*-*-*
== TEST (2019-03-14 20:53:55) 
-- CODE:
frase = "Ada Lovelace foi a primeira programadora da historia."
print(("frase".upper("frase"))
-- ERROR:
File "XXXX", line 3
    
                                  ^
SyntaxError: unexpected EOF while parsing
*-*-*-*-*-*-*-*-*-*-*-*-*-*-*-*-*-*-*-*-*-*-*-*
== TEST (2019-03-14 20:54:49) 
-- CODE:
frase = "Ada Lovelace foi a primeira programadora da historia."
print(("frase.upper(frase)")
-- ERROR:
File "XXXX", line 3
    
                                ^
SyntaxError: unexpected EOF while parsing
*-*-*-*-*-*-*-*-*-*-*-*-*-*-*-*-*-*-*-*-*-*-*-*
== TEST (2019-03-14 20:55:31) 
-- CODE:
frase = "Ada Lovelace foi a primeira programadora da historia."
print(frase.upper(frase))
-- ERROR:
Traceback (most recent call last):
  File "XXXX", line 2, in <module>
    print(frase.upper(frase))
TypeError: upper() takes no arguments (1 given)
*-*-*-*-*-*-*-*-*-*-*-*-*-*-*-*-*-*-*-*-*-*-*-*
== TEST (2019-03-14 20:55:59) 
-- CODE:
frase = "Ada Lovelace foi a primeira programadora da historia."
print(frase.upper("frase"))
-- ERROR:
Traceback (most recent call last):
  File "XXXX", line 2, in <module>
    print(frase.upper("frase"))
TypeError: upper() takes no arguments (1 given)
*-*-*-*-*-*-*-*-*-*-*-*-*-*-*-*-*-*-*-*-*-*-*-*
== TEST (2019-03-14 20:56:35) 
-- CODE:
frase = "Ada Lovelace foi a primeira programadora da historia."
print(frase.upper)
-- OUTPUT:
<built-in method upper of str object at 0x7f75df45b9f0>
*-*-*-*-*-*-*-*-*-*-*-*-*-*-*-*-*-*-*-*-*-*-*-*
== TEST (2019-03-14 21:01:38) 
-- CODE:
frase = "Ada Lovelace foi a primeira programadora da historia."
print(frase.upper())
-- OUTPUT:
ADA LOVELACE FOI A PRIMEIRA PROGRAMADORA DA HISTORIA.
*-*-*-*-*-*-*-*-*-*-*-*-*-*-*-*-*-*-*-*-*-*-*-*
== SUBMITION (2019-03-14 21:01:43) 
-- CODE:
frase = "Ada Lovelace foi a primeira programadora da historia."
print(frase.upper())
-- EXECUTION TIME:
0.231281
-- TEST CASE 1:
---- input:
nonono
---- correct output:
ADA LOVELACE FOI A PRIMEIRA PROGRAMADORA DA HISTORIA.
---- user output:
ADA LOVELACE FOI A PRIMEIRA PROGRAMADORA DA HISTORIA.
-- GRADE:
100%
*-*-*-*-*-*-*-*-*-*-*-*-*-*-*-*-*-*-*-*-*-*-*-*
