2019-4-9 08:24:05.318#viewportChange#0
2019-4-9 08:30:53.942#mousedown#{"isTrusted":true}
2019-4-9 08:30:53.950#focus#
2019-4-9 08:30:54.135#mousedown#{"isTrusted":true}
2019-4-9 08:30:54.178#mousedown#{"isTrusted":true}
2019-4-9 08:30:54.383#mousedown#{"isTrusted":true}
2019-4-9 08:30:56.278#mousedown#{"isTrusted":true}
2019-4-9 08:30:58.178#change#{"from":{"line":0,"ch":1,"sticky":"before","xRel":-1.71875},"to":{"line":3,"ch":0,"sticky":"after","xRel":116.28125},"text":[""],"removed":[" Teste seu código aos poucos.","# Não teste tudo no final, pois fica mais difícil de identificar erros.","# Use as mensagens de erro para corrigir seu código.",""],"origin":"+delete"}
2019-4-9 08:30:58.178#keyHandled#"Backspace"
2019-4-9 08:30:58.184#viewportChange#0
2019-4-9 08:30:58.268#blur#
2019-4-9 08:31:25.672#change#{"from":{"line":0,"ch":0,"sticky":null,"hitSide":true},"to":{"line":0,"ch":0,"sticky":null},"text":["c"],"removed":[""],"origin":"+input"}
2019-4-9 08:31:25.764#change#{"from":{"line":0,"ch":1,"sticky":null},"to":{"line":0,"ch":1,"sticky":null},"text":["o"],"removed":[""],"origin":"+input"}
2019-4-9 08:31:25.983#change#{"from":{"line":0,"ch":2,"sticky":null},"to":{"line":0,"ch":2,"sticky":null},"text":["m"],"removed":[""],"origin":"+input"}
2019-4-9 08:31:26.268#change#{"from":{"line":0,"ch":3,"sticky":null},"to":{"line":0,"ch":3,"sticky":null},"text":["p"],"removed":[""],"origin":"+input"}
2019-4-9 08:31:26.387#change#{"from":{"line":0,"ch":4,"sticky":null},"to":{"line":0,"ch":4,"sticky":null},"text":["r"],"removed":[""],"origin":"+input"}
2019-4-9 08:31:26.570#change#{"from":{"line":0,"ch":5,"sticky":null},"to":{"line":0,"ch":5,"sticky":null},"text":["e"],"removed":[""],"origin":"+input"}
2019-4-9 08:31:26.663#change#{"from":{"line":0,"ch":6,"sticky":null},"to":{"line":0,"ch":6,"sticky":null},"text":[" "],"removed":[""],"origin":"+input"}
2019-4-9 08:31:27.186#change#{"from":{"line":0,"ch":6,"sticky":"after"},"to":{"line":0,"ch":7,"sticky":null},"text":[""],"removed":[" "],"origin":"+delete"}
2019-4-9 08:31:27.186#keyHandled#"Backspace"
2019-4-9 08:31:28.101#change#{"from":{"line":0,"ch":6,"sticky":null},"to":{"line":0,"ch":6,"sticky":null},"text":[" "],"removed":[""],"origin":"+input"}
2019-4-9 08:31:28.218#change#{"from":{"line":0,"ch":7,"sticky":null},"to":{"line":0,"ch":7,"sticky":null},"text":["="],"removed":[""],"origin":"+input"}
2019-4-9 08:31:28.529#change#{"from":{"line":0,"ch":8,"sticky":null},"to":{"line":0,"ch":8,"sticky":null},"text":[" "],"removed":[""],"origin":"+input"}
2019-4-9 08:31:32.902#change#{"from":{"line":0,"ch":8,"sticky":"after"},"to":{"line":0,"ch":9,"sticky":null},"text":[""],"removed":[" "],"origin":"+delete"}
2019-4-9 08:31:32.902#keyHandled#"Backspace"
2019-4-9 08:31:33.060#change#{"from":{"line":0,"ch":7,"sticky":"after"},"to":{"line":0,"ch":8,"sticky":null},"text":[""],"removed":["="],"origin":"+delete"}
2019-4-9 08:31:33.060#keyHandled#"Backspace"
2019-4-9 08:31:33.237#change#{"from":{"line":0,"ch":6,"sticky":"after"},"to":{"line":0,"ch":7,"sticky":null},"text":[""],"removed":[" "],"origin":"+delete"}
2019-4-9 08:31:33.237#keyHandled#"Backspace"
2019-4-9 08:31:33.470#change#{"from":{"line":0,"ch":5,"sticky":"after"},"to":{"line":0,"ch":6,"sticky":null},"text":[""],"removed":["e"],"origin":"+delete"}
2019-4-9 08:31:33.470#keyHandled#"Backspace"
2019-4-9 08:31:34.139#change#{"from":{"line":0,"ch":5,"sticky":null},"to":{"line":0,"ch":5,"sticky":null},"text":["a"],"removed":[""],"origin":"+input"}
2019-4-9 08:31:34.226#change#{"from":{"line":0,"ch":6,"sticky":null},"to":{"line":0,"ch":6,"sticky":null},"text":[" "],"removed":[""],"origin":"+input"}
2019-4-9 08:31:34.537#change#{"from":{"line":0,"ch":7,"sticky":null},"to":{"line":0,"ch":7,"sticky":null},"text":["="],"removed":[""],"origin":"+input"}
2019-4-9 08:31:34.768#change#{"from":{"line":0,"ch":8,"sticky":null},"to":{"line":0,"ch":8,"sticky":null},"text":[" "],"removed":[""],"origin":"+input"}
2019-4-9 08:31:37.129#change#{"from":{"line":0,"ch":9,"sticky":null},"to":{"line":0,"ch":9,"sticky":null},"text":["i"],"removed":[""],"origin":"+input"}
2019-4-9 08:31:37.366#change#{"from":{"line":0,"ch":10,"sticky":null},"to":{"line":0,"ch":10,"sticky":null},"text":["n"],"removed":[""],"origin":"+input"}
2019-4-9 08:31:38.073#change#{"from":{"line":0,"ch":10,"sticky":"after"},"to":{"line":0,"ch":11,"sticky":null},"text":[""],"removed":["n"],"origin":"+delete"}
2019-4-9 08:31:38.073#keyHandled#"Backspace"
2019-4-9 08:31:38.724#change#{"from":{"line":0,"ch":9,"sticky":"after"},"to":{"line":0,"ch":10,"sticky":null},"text":[""],"removed":["i"],"origin":"+delete"}
2019-4-9 08:31:38.724#keyHandled#"Backspace"
2019-4-9 08:31:39.126#change#{"from":{"line":0,"ch":9,"sticky":null},"to":{"line":0,"ch":9,"sticky":null},"text":["f"],"removed":[""],"origin":"+input"}
2019-4-9 08:31:39.342#change#{"from":{"line":0,"ch":10,"sticky":null},"to":{"line":0,"ch":10,"sticky":null},"text":["l"],"removed":[""],"origin":"+input"}
2019-4-9 08:31:39.500#change#{"from":{"line":0,"ch":11,"sticky":null},"to":{"line":0,"ch":11,"sticky":null},"text":["o"],"removed":[""],"origin":"+input"}
2019-4-9 08:31:39.634#change#{"from":{"line":0,"ch":12,"sticky":null},"to":{"line":0,"ch":12,"sticky":null},"text":["a"],"removed":[""],"origin":"+input"}
2019-4-9 08:31:40.044#change#{"from":{"line":0,"ch":13,"sticky":null},"to":{"line":0,"ch":13,"sticky":null},"text":["t"],"removed":[""],"origin":"+input"}
2019-4-9 08:31:40.607#change#{"from":{"line":0,"ch":14,"sticky":null},"to":{"line":0,"ch":14,"sticky":null},"text":["()"],"removed":[""],"origin":"+input"}
2019-4-9 08:31:40.607#keyHandled#"'('"
2019-4-9 08:31:40.835#change#{"from":{"line":0,"ch":15,"sticky":"after"},"to":{"line":0,"ch":15,"sticky":"after"},"text":["i"],"removed":[""],"origin":"+input"}
2019-4-9 08:31:41.053#change#{"from":{"line":0,"ch":16,"sticky":null},"to":{"line":0,"ch":16,"sticky":null},"text":["n"],"removed":[""],"origin":"+input"}
2019-4-9 08:31:41.302#change#{"from":{"line":0,"ch":17,"sticky":null},"to":{"line":0,"ch":17,"sticky":null},"text":["p"],"removed":[""],"origin":"+input"}
2019-4-9 08:31:41.523#change#{"from":{"line":0,"ch":18,"sticky":null},"to":{"line":0,"ch":18,"sticky":null},"text":["u"],"removed":[""],"origin":"+input"}
2019-4-9 08:31:41.792#change#{"from":{"line":0,"ch":19,"sticky":null},"to":{"line":0,"ch":19,"sticky":null},"text":["t"],"removed":[""],"origin":"+input"}
2019-4-9 08:31:42.282#change#{"from":{"line":0,"ch":20,"sticky":null},"to":{"line":0,"ch":20,"sticky":null},"text":["()"],"removed":[""],"origin":"+input"}
2019-4-9 08:31:42.282#keyHandled#"'('"
2019-4-9 08:31:43.054#change#{"from":{"line":0,"ch":21,"sticky":"after"},"to":{"line":0,"ch":21,"sticky":"after"},"text":["\"\""],"removed":[""],"origin":"+input"}
2019-4-9 08:31:43.054#keyHandled#"'\"'"
2019-4-9 08:31:43.606#change#{"from":{"line":0,"ch":22,"sticky":"after"},"to":{"line":0,"ch":22,"sticky":"after"},"text":["C"],"removed":[""],"origin":"+input"}
2019-4-9 08:31:43.993#change#{"from":{"line":0,"ch":23,"sticky":null},"to":{"line":0,"ch":23,"sticky":null},"text":["o"],"removed":[""],"origin":"+input"}
2019-4-9 08:31:44.157#change#{"from":{"line":0,"ch":24,"sticky":null},"to":{"line":0,"ch":24,"sticky":null},"text":["l"],"removed":[""],"origin":"+input"}
2019-4-9 08:31:44.340#change#{"from":{"line":0,"ch":25,"sticky":null},"to":{"line":0,"ch":25,"sticky":null},"text":["o"],"removed":[""],"origin":"+input"}
2019-4-9 08:31:44.613#change#{"from":{"line":0,"ch":26,"sticky":null},"to":{"line":0,"ch":26,"sticky":null},"text":["q"],"removed":[""],"origin":"+input"}
2019-4-9 08:31:44.730#change#{"from":{"line":0,"ch":27,"sticky":null},"to":{"line":0,"ch":27,"sticky":null},"text":["u"],"removed":[""],"origin":"+input"}
2019-4-9 08:31:44.882#change#{"from":{"line":0,"ch":28,"sticky":null},"to":{"line":0,"ch":28,"sticky":null},"text":["e"],"removed":[""],"origin":"+input"}
2019-4-9 08:31:44.977#change#{"from":{"line":0,"ch":29,"sticky":null},"to":{"line":0,"ch":29,"sticky":null},"text":[" "],"removed":[""],"origin":"+input"}
2019-4-9 08:31:45.193#change#{"from":{"line":0,"ch":30,"sticky":null},"to":{"line":0,"ch":30,"sticky":null},"text":["o"],"removed":[""],"origin":"+input"}
2019-4-9 08:31:45.394#change#{"from":{"line":0,"ch":31,"sticky":null},"to":{"line":0,"ch":31,"sticky":null},"text":[" "],"removed":[""],"origin":"+input"}
2019-4-9 08:31:45.567#change#{"from":{"line":0,"ch":32,"sticky":null},"to":{"line":0,"ch":32,"sticky":null},"text":["v"],"removed":[""],"origin":"+input"}
2019-4-9 08:31:45.690#change#{"from":{"line":0,"ch":33,"sticky":null},"to":{"line":0,"ch":33,"sticky":null},"text":["a"],"removed":[""],"origin":"+input"}
2019-4-9 08:31:45.836#change#{"from":{"line":0,"ch":34,"sticky":null},"to":{"line":0,"ch":34,"sticky":null},"text":["l"],"removed":[""],"origin":"+input"}
2019-4-9 08:31:46.025#change#{"from":{"line":0,"ch":35,"sticky":null},"to":{"line":0,"ch":35,"sticky":null},"text":["o"],"removed":[""],"origin":"+input"}
2019-4-9 08:31:46.109#change#{"from":{"line":0,"ch":36,"sticky":null},"to":{"line":0,"ch":36,"sticky":null},"text":["r"],"removed":[""],"origin":"+input"}
2019-4-9 08:31:46.302#change#{"from":{"line":0,"ch":37,"sticky":null},"to":{"line":0,"ch":37,"sticky":null},"text":["d"],"removed":[""],"origin":"+input"}
2019-4-9 08:31:46.326#change#{"from":{"line":0,"ch":38,"sticky":null},"to":{"line":0,"ch":38,"sticky":null},"text":[" "],"removed":[""],"origin":"+input"}
2019-4-9 08:31:46.594#change#{"from":{"line":0,"ch":38,"sticky":"after"},"to":{"line":0,"ch":39,"sticky":null},"text":[""],"removed":[" "],"origin":"+delete"}
2019-4-9 08:31:46.594#keyHandled#"Backspace"
2019-4-9 08:31:46.916#change#{"from":{"line":0,"ch":37,"sticky":"after"},"to":{"line":0,"ch":38,"sticky":null},"text":[""],"removed":["d"],"origin":"+delete"}
2019-4-9 08:31:46.916#keyHandled#"Backspace"
2019-4-9 08:31:47.167#change#{"from":{"line":0,"ch":37,"sticky":null},"to":{"line":0,"ch":37,"sticky":null},"text":[" "],"removed":[""],"origin":"+input"}
2019-4-9 08:31:51.126#change#{"from":{"line":0,"ch":38,"sticky":null},"to":{"line":0,"ch":38,"sticky":null},"text":["d"],"removed":[""],"origin":"+input"}
2019-4-9 08:31:51.354#change#{"from":{"line":0,"ch":39,"sticky":null},"to":{"line":0,"ch":39,"sticky":null},"text":["a"],"removed":[""],"origin":"+input"}
2019-4-9 08:31:51.473#change#{"from":{"line":0,"ch":40,"sticky":null},"to":{"line":0,"ch":40,"sticky":null},"text":[" "],"removed":[""],"origin":"+input"}
2019-4-9 08:31:51.614#change#{"from":{"line":0,"ch":41,"sticky":null},"to":{"line":0,"ch":41,"sticky":null},"text":["c"],"removed":[""],"origin":"+input"}
2019-4-9 08:31:51.740#change#{"from":{"line":0,"ch":42,"sticky":null},"to":{"line":0,"ch":42,"sticky":null},"text":["o"],"removed":[""],"origin":"+input"}
2019-4-9 08:31:52.068#change#{"from":{"line":0,"ch":43,"sticky":null},"to":{"line":0,"ch":43,"sticky":null},"text":["m"],"removed":[""],"origin":"+input"}
2019-4-9 08:31:52.295#change#{"from":{"line":0,"ch":44,"sticky":null},"to":{"line":0,"ch":44,"sticky":null},"text":["p"],"removed":[""],"origin":"+input"}
2019-4-9 08:31:52.395#change#{"from":{"line":0,"ch":45,"sticky":null},"to":{"line":0,"ch":45,"sticky":null},"text":["r"],"removed":[""],"origin":"+input"}
2019-4-9 08:31:52.675#change#{"from":{"line":0,"ch":46,"sticky":null},"to":{"line":0,"ch":46,"sticky":null},"text":["a"],"removed":[""],"origin":"+input"}
2019-4-9 08:31:55.073#change#{"from":{"line":0,"ch":47,"sticky":null},"to":{"line":0,"ch":47,"sticky":null},"text":[" "],"removed":[""],"origin":"+input"}
2019-4-9 08:31:56.698#change#{"from":{"line":0,"ch":48,"sticky":null},"to":{"line":0,"ch":48,"sticky":null},"text":[":"],"removed":[""],"origin":"+input"}
2019-4-9 08:31:58.568#mousedown#{"isTrusted":true}
2019-4-9 08:31:59.429#change#{"from":{"line":0,"ch":5,"sticky":"after"},"to":{"line":0,"ch":6,"sticky":"before","xRel":-0.28125},"text":[""],"removed":["a"],"origin":"+delete"}
2019-4-9 08:31:59.429#keyHandled#"Backspace"
2019-4-9 08:31:59.588#change#{"from":{"line":0,"ch":4,"sticky":"after"},"to":{"line":0,"ch":5,"sticky":null},"text":[""],"removed":["r"],"origin":"+delete"}
2019-4-9 08:31:59.588#keyHandled#"Backspace"
2019-4-9 08:31:59.761#change#{"from":{"line":0,"ch":3,"sticky":"after"},"to":{"line":0,"ch":4,"sticky":null},"text":[""],"removed":["p"],"origin":"+delete"}
2019-4-9 08:31:59.761#keyHandled#"Backspace"
2019-4-9 08:31:59.923#change#{"from":{"line":0,"ch":2,"sticky":"after"},"to":{"line":0,"ch":3,"sticky":null},"text":[""],"removed":["m"],"origin":"+delete"}
2019-4-9 08:31:59.923#keyHandled#"Backspace"
2019-4-9 08:32:00.065#change#{"from":{"line":0,"ch":1,"sticky":"after"},"to":{"line":0,"ch":2,"sticky":null},"text":[""],"removed":["o"],"origin":"+delete"}
2019-4-9 08:32:00.065#keyHandled#"Backspace"
2019-4-9 08:32:01.809#mousedown#{"isTrusted":true}
2019-4-9 08:32:02.777#change#{"from":{"line":0,"ch":47,"sticky":"before","xRel":167.28125},"to":{"line":0,"ch":47,"sticky":"before","xRel":167.28125},"text":["",""],"removed":[""],"origin":"+input"}
2019-4-9 08:32:02.777#keyHandled#"Enter"
2019-4-9 08:32:02.782#viewportChange#0
2019-4-9 08:32:08.549#change#{"from":{"line":1,"ch":0,"sticky":null},"to":{"line":1,"ch":0,"sticky":null},"text":["i"],"removed":[""],"origin":"+input"}
2019-4-9 08:32:08.711#change#{"from":{"line":1,"ch":1,"sticky":null},"to":{"line":1,"ch":1,"sticky":null},"text":["f"],"removed":[""],"origin":"+input"}
2019-4-9 08:32:09.300#change#{"from":{"line":1,"ch":2,"sticky":null},"to":{"line":1,"ch":2,"sticky":null},"text":["()"],"removed":[""],"origin":"+input"}
2019-4-9 08:32:09.300#keyHandled#"'('"
2019-4-9 08:32:12.599#change#{"from":{"line":1,"ch":3,"sticky":"after"},"to":{"line":1,"ch":3,"sticky":"after"},"text":["c"],"removed":[""],"origin":"+input"}
2019-4-9 08:32:13.174#change#{"from":{"line":1,"ch":4,"sticky":null},"to":{"line":1,"ch":4,"sticky":null},"text":[">"],"removed":[""],"origin":"+input"}
2019-4-9 08:32:16.304#change#{"from":{"line":1,"ch":5,"sticky":null},"to":{"line":1,"ch":5,"sticky":null},"text":["="],"removed":[""],"origin":"+input"}
2019-4-9 08:32:16.601#change#{"from":{"line":1,"ch":6,"sticky":null},"to":{"line":1,"ch":6,"sticky":null},"text":["2"],"removed":[""],"origin":"+input"}
2019-4-9 08:32:16.745#change#{"from":{"line":1,"ch":7,"sticky":null},"to":{"line":1,"ch":7,"sticky":null},"text":["0"],"removed":[""],"origin":"+input"}
2019-4-9 08:32:16.875#change#{"from":{"line":1,"ch":8,"sticky":null},"to":{"line":1,"ch":8,"sticky":null},"text":["0"],"removed":[""],"origin":"+input"}
2019-4-9 08:32:17.891#keyHandled#"Right"
2019-4-9 08:32:19.216#change#{"from":{"line":1,"ch":10,"sticky":"before"},"to":{"line":1,"ch":10,"sticky":"before"},"text":[":"],"removed":[""],"origin":"+input"}
2019-4-9 08:32:19.426#change#{"from":{"line":1,"ch":11,"sticky":null},"to":{"line":1,"ch":11,"sticky":null},"text":["",""],"removed":[""],"origin":"+input"}
2019-4-9 08:32:19.426#change#{"from":{"line":2,"ch":0,"sticky":null},"to":{"line":2,"ch":0,"sticky":null},"text":["\t"],"removed":[""],"origin":"+input"}
2019-4-9 08:32:19.426#keyHandled#"Enter"
2019-4-9 08:32:19.431#viewportChange#0
2019-4-9 08:32:21.177#change#{"from":{"line":2,"ch":1,"sticky":null},"to":{"line":2,"ch":1,"sticky":null},"text":["p"],"removed":[""],"origin":"+input"}
2019-4-9 08:32:21.376#change#{"from":{"line":2,"ch":2,"sticky":null},"to":{"line":2,"ch":2,"sticky":null},"text":["r"],"removed":[""],"origin":"+input"}
2019-4-9 08:32:21.507#change#{"from":{"line":2,"ch":3,"sticky":null},"to":{"line":2,"ch":3,"sticky":null},"text":["i"],"removed":[""],"origin":"+input"}
2019-4-9 08:32:21.726#change#{"from":{"line":2,"ch":4,"sticky":null},"to":{"line":2,"ch":4,"sticky":null},"text":["n"],"removed":[""],"origin":"+input"}
2019-4-9 08:32:21.871#change#{"from":{"line":2,"ch":5,"sticky":null},"to":{"line":2,"ch":5,"sticky":null},"text":["t"],"removed":[""],"origin":"+input"}
2019-4-9 08:32:22.401#change#{"from":{"line":2,"ch":6,"sticky":null},"to":{"line":2,"ch":6,"sticky":null},"text":["()"],"removed":[""],"origin":"+input"}
2019-4-9 08:32:22.401#keyHandled#"'('"
2019-4-9 08:32:23.183#change#{"from":{"line":2,"ch":6,"sticky":null},"to":{"line":2,"ch":8,"sticky":null},"text":[""],"removed":["()"],"origin":"+delete"}
2019-4-9 08:32:23.183#keyHandled#"Backspace"
2019-4-9 08:32:23.376#change#{"from":{"line":2,"ch":5,"sticky":"after"},"to":{"line":2,"ch":6,"sticky":null},"text":[""],"removed":["t"],"origin":"+delete"}
2019-4-9 08:32:23.376#keyHandled#"Backspace"
2019-4-9 08:32:23.542#change#{"from":{"line":2,"ch":4,"sticky":"after"},"to":{"line":2,"ch":5,"sticky":null},"text":[""],"removed":["n"],"origin":"+delete"}
2019-4-9 08:32:23.542#keyHandled#"Backspace"
2019-4-9 08:32:23.715#change#{"from":{"line":2,"ch":3,"sticky":"after"},"to":{"line":2,"ch":4,"sticky":null},"text":[""],"removed":["i"],"origin":"+delete"}
2019-4-9 08:32:23.715#keyHandled#"Backspace"
2019-4-9 08:32:23.883#change#{"from":{"line":2,"ch":2,"sticky":"after"},"to":{"line":2,"ch":3,"sticky":null},"text":[""],"removed":["r"],"origin":"+delete"}
2019-4-9 08:32:23.883#keyHandled#"Backspace"
2019-4-9 08:32:24.107#change#{"from":{"line":2,"ch":1,"sticky":"after"},"to":{"line":2,"ch":2,"sticky":null},"text":[""],"removed":["p"],"origin":"+delete"}
2019-4-9 08:32:24.107#keyHandled#"Backspace"
2019-4-9 08:32:24.811#change#{"from":{"line":2,"ch":1,"sticky":null},"to":{"line":2,"ch":1,"sticky":null},"text":["c"],"removed":[""],"origin":"+input"}
2019-4-9 08:32:24.901#change#{"from":{"line":2,"ch":2,"sticky":null},"to":{"line":2,"ch":2,"sticky":null},"text":[" "],"removed":[""],"origin":"+input"}
2019-4-9 08:32:25.288#change#{"from":{"line":2,"ch":3,"sticky":null},"to":{"line":2,"ch":3,"sticky":null},"text":["="],"removed":[""],"origin":"+input"}
2019-4-9 08:32:25.545#change#{"from":{"line":2,"ch":4,"sticky":null},"to":{"line":2,"ch":4,"sticky":null},"text":[" "],"removed":[""],"origin":"+input"}
2019-4-9 08:32:25.768#change#{"from":{"line":2,"ch":5,"sticky":null},"to":{"line":2,"ch":5,"sticky":null},"text":["c"],"removed":[""],"origin":"+input"}
2019-4-9 08:32:25.898#change#{"from":{"line":2,"ch":6,"sticky":null},"to":{"line":2,"ch":6,"sticky":null},"text":[" "],"removed":[""],"origin":"+input"}
2019-4-9 08:32:26.594#change#{"from":{"line":2,"ch":7,"sticky":null},"to":{"line":2,"ch":7,"sticky":null},"text":["-"],"removed":[""],"origin":"+input"}
2019-4-9 08:32:26.848#change#{"from":{"line":2,"ch":8,"sticky":null},"to":{"line":2,"ch":8,"sticky":null},"text":[" "],"removed":[""],"origin":"+input"}
2019-4-9 08:32:29.795#change#{"from":{"line":2,"ch":9,"sticky":null},"to":{"line":2,"ch":9,"sticky":null},"text":["0"],"removed":[""],"origin":"+input"}
2019-4-9 08:32:30.325#change#{"from":{"line":2,"ch":10,"sticky":null},"to":{"line":2,"ch":10,"sticky":null},"text":["."],"removed":[""],"origin":"+input"}
2019-4-9 08:32:30.754#change#{"from":{"line":2,"ch":11,"sticky":null},"to":{"line":2,"ch":11,"sticky":null},"text":["0"],"removed":[""],"origin":"+input"}
2019-4-9 08:32:30.898#change#{"from":{"line":2,"ch":12,"sticky":null},"to":{"line":2,"ch":12,"sticky":null},"text":["0"],"removed":[""],"origin":"+input"}
2019-4-9 08:32:31.560#change#{"from":{"line":2,"ch":13,"sticky":null},"to":{"line":2,"ch":13,"sticky":null},"text":["5"],"removed":[""],"origin":"+input"}
2019-4-9 08:32:32.274#change#{"from":{"line":2,"ch":13,"sticky":"after"},"to":{"line":2,"ch":14,"sticky":null},"text":[""],"removed":["5"],"origin":"+delete"}
2019-4-9 08:32:32.274#keyHandled#"Backspace"
2019-4-9 08:32:32.490#change#{"from":{"line":2,"ch":12,"sticky":"after"},"to":{"line":2,"ch":13,"sticky":null},"text":[""],"removed":["0"],"origin":"+delete"}
2019-4-9 08:32:32.490#keyHandled#"Backspace"
2019-4-9 08:32:33.537#change#{"from":{"line":2,"ch":12,"sticky":null},"to":{"line":2,"ch":12,"sticky":null},"text":["5"],"removed":[""],"origin":"+input"}
2019-4-9 08:32:34.077#change#{"from":{"line":2,"ch":13,"sticky":null},"to":{"line":2,"ch":13,"sticky":null},"text":["()"],"removed":[""],"origin":"+input"}
2019-4-9 08:32:34.077#keyHandled#"'('"
2019-4-9 08:32:35.335#change#{"from":{"line":2,"ch":14,"sticky":"after"},"to":{"line":2,"ch":14,"sticky":"after"},"text":["c"],"removed":[""],"origin":"+input"}
2019-4-9 08:32:39.388#keyHandled#"Right"
2019-4-9 08:32:40.122#change#{"from":{"line":2,"ch":16,"sticky":"before"},"to":{"line":2,"ch":16,"sticky":"before"},"text":["",""],"removed":[""],"origin":"+input"}
2019-4-9 08:32:40.122#change#{"from":{"line":3,"ch":0,"sticky":null},"to":{"line":3,"ch":0,"sticky":null},"text":["\t"],"removed":[""],"origin":"+input"}
2019-4-9 08:32:40.122#keyHandled#"Enter"
2019-4-9 08:32:40.129#viewportChange#0
2019-4-9 08:32:40.516#change#{"from":{"line":3,"ch":1,"sticky":null},"to":{"line":3,"ch":1,"sticky":null},"text":["p"],"removed":[""],"origin":"+input"}
2019-4-9 08:32:40.726#change#{"from":{"line":3,"ch":2,"sticky":null},"to":{"line":3,"ch":2,"sticky":null},"text":["r"],"removed":[""],"origin":"+input"}
2019-4-9 08:32:40.892#change#{"from":{"line":3,"ch":3,"sticky":null},"to":{"line":3,"ch":3,"sticky":null},"text":["i"],"removed":[""],"origin":"+input"}
2019-4-9 08:32:41.098#change#{"from":{"line":3,"ch":4,"sticky":null},"to":{"line":3,"ch":4,"sticky":null},"text":["n"],"removed":[""],"origin":"+input"}
2019-4-9 08:32:41.212#change#{"from":{"line":3,"ch":5,"sticky":null},"to":{"line":3,"ch":5,"sticky":null},"text":["t"],"removed":[""],"origin":"+input"}
2019-4-9 08:32:41.684#change#{"from":{"line":3,"ch":6,"sticky":null},"to":{"line":3,"ch":6,"sticky":null},"text":["()"],"removed":[""],"origin":"+input"}
2019-4-9 08:32:41.684#keyHandled#"'('"
2019-4-9 08:32:41.985#change#{"from":{"line":3,"ch":7,"sticky":"after"},"to":{"line":3,"ch":7,"sticky":"after"},"text":["c"],"removed":[""],"origin":"+input"}
2019-4-9 08:32:42.377#change#{"from":{"line":3,"ch":8,"sticky":null},"to":{"line":3,"ch":8,"sticky":null},"text":["|"],"removed":[""],"origin":"+input"}
2019-4-9 08:32:42.408#keyHandled#"')'"
2019-4-9 08:32:42.913#change#{"from":{"line":3,"ch":9,"sticky":"after"},"to":{"line":3,"ch":10,"sticky":"before"},"text":[""],"removed":[")"],"origin":"+delete"}
2019-4-9 08:32:42.913#keyHandled#"Backspace"
2019-4-9 08:32:43.156#change#{"from":{"line":3,"ch":8,"sticky":"after"},"to":{"line":3,"ch":9,"sticky":null},"text":[""],"removed":["|"],"origin":"+delete"}
2019-4-9 08:32:43.156#keyHandled#"Backspace"
2019-4-9 08:32:43.973#change#{"from":{"line":3,"ch":8,"sticky":null},"to":{"line":3,"ch":8,"sticky":null},"text":[")"],"removed":[""],"origin":"+input"}
2019-4-9 08:32:46.458#change#{"from":{"line":3,"ch":9,"sticky":null},"to":{"line":3,"ch":9,"sticky":null},"text":["",""],"removed":[""],"origin":"+input"}
2019-4-9 08:32:46.459#change#{"from":{"line":4,"ch":0,"sticky":null},"to":{"line":4,"ch":0,"sticky":null},"text":["\t"],"removed":[""],"origin":"+input"}
2019-4-9 08:32:46.460#keyHandled#"Enter"
2019-4-9 08:32:46.465#viewportChange#0
2019-4-9 08:32:47.172#change#{"from":{"line":4,"ch":0,"sticky":"after"},"to":{"line":4,"ch":1,"sticky":null},"text":[""],"removed":["\t"],"origin":"+delete"}
2019-4-9 08:32:47.172#keyHandled#"Backspace"
2019-4-9 08:32:47.937#change#{"from":{"line":4,"ch":0,"sticky":null},"to":{"line":4,"ch":0,"sticky":null},"text":["e"],"removed":[""],"origin":"+input"}
2019-4-9 08:32:48.143#change#{"from":{"line":4,"ch":1,"sticky":null},"to":{"line":4,"ch":1,"sticky":null},"text":["l"],"removed":[""],"origin":"+input"}
2019-4-9 08:32:48.256#change#{"from":{"line":4,"ch":2,"sticky":null},"to":{"line":4,"ch":2,"sticky":null},"text":["s"],"removed":[""],"origin":"+input"}
2019-4-9 08:32:48.460#change#{"from":{"line":4,"ch":3,"sticky":null},"to":{"line":4,"ch":3,"sticky":null},"text":["e"],"removed":[""],"origin":"+input"}
2019-4-9 08:32:48.763#change#{"from":{"line":4,"ch":4,"sticky":null},"to":{"line":4,"ch":4,"sticky":null},"text":[":"],"removed":[""],"origin":"+input"}
2019-4-9 08:32:48.976#change#{"from":{"line":4,"ch":5,"sticky":null},"to":{"line":4,"ch":5,"sticky":null},"text":["",""],"removed":[""],"origin":"+input"}
2019-4-9 08:32:48.976#change#{"from":{"line":5,"ch":0,"sticky":null},"to":{"line":5,"ch":0,"sticky":null},"text":["\t"],"removed":[""],"origin":"+input"}
2019-4-9 08:32:48.976#keyHandled#"Enter"
2019-4-9 08:32:48.983#viewportChange#0
2019-4-9 08:32:50.283#change#{"from":{"line":5,"ch":1,"sticky":null},"to":{"line":5,"ch":1,"sticky":null},"text":["p"],"removed":[""],"origin":"+input"}
2019-4-9 08:32:50.450#change#{"from":{"line":5,"ch":2,"sticky":null},"to":{"line":5,"ch":2,"sticky":null},"text":["r"],"removed":[""],"origin":"+input"}
2019-4-9 08:32:50.602#change#{"from":{"line":5,"ch":3,"sticky":null},"to":{"line":5,"ch":3,"sticky":null},"text":["i"],"removed":[""],"origin":"+input"}
2019-4-9 08:32:50.833#change#{"from":{"line":5,"ch":4,"sticky":null},"to":{"line":5,"ch":4,"sticky":null},"text":["n"],"removed":[""],"origin":"+input"}
2019-4-9 08:32:50.916#change#{"from":{"line":5,"ch":5,"sticky":null},"to":{"line":5,"ch":5,"sticky":null},"text":["t"],"removed":[""],"origin":"+input"}
2019-4-9 08:32:51.380#change#{"from":{"line":5,"ch":6,"sticky":null},"to":{"line":5,"ch":6,"sticky":null},"text":["()"],"removed":[""],"origin":"+input"}
2019-4-9 08:32:51.380#keyHandled#"'('"
2019-4-9 08:32:51.690#change#{"from":{"line":5,"ch":7,"sticky":"after"},"to":{"line":5,"ch":7,"sticky":"after"},"text":["c"],"removed":[""],"origin":"+input"}
2019-4-9 08:32:51.380#change#{"from":{"line":5,"ch":6,"sticky":null},"to":{"line":5,"ch":6,"sticky":null},"text":["()"],"removed":[""],"origin":"+input"}
2019-4-9 08:32:51.380#keyHandled#"'('"
2019-4-9 08:32:51.690#change#{"from":{"line":5,"ch":7,"sticky":"after"},"to":{"line":5,"ch":7,"sticky":"after"},"text":["c"],"removed":[""],"origin":"+input"}
2019-4-9 08:32:53.453#blur#
2019-4-9 08:32:54.192#saida_testar#$ python3 main.py
2019-4-9 08:32:58.232#mousedown#{"isTrusted":true}
2019-4-9 08:32:58.290#focus#
2019-4-9 08:32:59.131#change#{"from":{"line":3,"ch":7,"sticky":"after","xRel":2.421875},"to":{"line":3,"ch":7,"sticky":"after","xRel":2.421875},"text":["r"],"removed":[""],"origin":"+input"}
2019-4-9 08:32:59.283#change#{"from":{"line":3,"ch":8,"sticky":null},"to":{"line":3,"ch":8,"sticky":null},"text":["o"],"removed":[""],"origin":"+input"}
2019-4-9 08:32:59.502#change#{"from":{"line":3,"ch":9,"sticky":null},"to":{"line":3,"ch":9,"sticky":null},"text":["u"],"removed":[""],"origin":"+input"}
2019-4-9 08:32:59.804#change#{"from":{"line":3,"ch":11,"sticky":null},"to":{"line":3,"ch":11,"sticky":null},"text":["d"],"removed":[""],"origin":"+input"}
2019-4-9 08:33:00.224#change#{"from":{"line":3,"ch":12,"sticky":null},"to":{"line":3,"ch":12,"sticky":null},"text":["("],"removed":[""],"origin":"+input"}
2019-4-9 08:33:01.499#keyHandled#"Right"
2019-4-9 08:33:02.923#change#{"from":{"line":3,"ch":14,"sticky":"before"},"to":{"line":3,"ch":14,"sticky":"before"},"text":[","],"removed":[""],"origin":"+input"}
2019-4-9 08:33:03.247#change#{"from":{"line":3,"ch":15,"sticky":null},"to":{"line":3,"ch":15,"sticky":null},"text":["2"],"removed":[""],"origin":"+input"}
2019-4-9 08:33:04.830#keyHandled#"Right"
2019-4-9 08:33:05.608#change#{"from":{"line":3,"ch":17,"sticky":"before"},"to":{"line":3,"ch":17,"sticky":"before"},"text":[")"],"removed":[""],"origin":"+input"}
2019-4-9 08:33:07.856#mousedown#{"isTrusted":true}
2019-4-9 08:33:08.563#change#{"from":{"line":5,"ch":8,"sticky":"after"},"to":{"line":5,"ch":9,"sticky":"before","xRel":-0.421875},"text":[""],"removed":[")"],"origin":"+delete"}
2019-4-9 08:33:08.563#keyHandled#"Backspace"
2019-4-9 08:33:08.742#change#{"from":{"line":5,"ch":7,"sticky":"after"},"to":{"line":5,"ch":8,"sticky":null},"text":[""],"removed":["c"],"origin":"+delete"}
2019-4-9 08:33:08.742#keyHandled#"Backspace"
2019-4-9 08:33:10.085#change#{"from":{"line":5,"ch":7,"sticky":null},"to":{"line":5,"ch":7,"sticky":null},"text":["r"],"removed":[""],"origin":"+input"}
2019-4-9 08:33:10.209#change#{"from":{"line":5,"ch":8,"sticky":null},"to":{"line":5,"ch":8,"sticky":null},"text":["o"],"removed":[""],"origin":"+input"}
2019-4-9 08:33:10.430#change#{"from":{"line":5,"ch":9,"sticky":null},"to":{"line":5,"ch":9,"sticky":null},"text":["u"],"removed":[""],"origin":"+input"}
2019-4-9 08:33:10.660#change#{"from":{"line":5,"ch":10,"sticky":null},"to":{"line":5,"ch":10,"sticky":null},"text":["n"],"removed":[""],"origin":"+input"}
2019-4-9 08:33:10.786#change#{"from":{"line":5,"ch":11,"sticky":null},"to":{"line":5,"ch":11,"sticky":null},"text":["d"],"removed":[""],"origin":"+input"}
2019-4-9 08:33:11.262#change#{"from":{"line":5,"ch":12,"sticky":null},"to":{"line":5,"ch":12,"sticky":null},"text":["()"],"removed":[""],"origin":"+input"}
2019-4-9 08:33:11.262#keyHandled#"'('"
2019-4-9 08:33:12.557#change#{"from":{"line":5,"ch":13,"sticky":"after"},"to":{"line":5,"ch":13,"sticky":"after"},"text":["c"],"removed":[""],"origin":"+input"}
2019-4-9 08:33:12.871#change#{"from":{"line":5,"ch":14,"sticky":null},"to":{"line":5,"ch":14,"sticky":null},"text":[","],"removed":[""],"origin":"+input"}
2019-4-9 08:33:13.174#change#{"from":{"line":5,"ch":15,"sticky":null},"to":{"line":5,"ch":15,"sticky":null},"text":["2"],"removed":[""],"origin":"+input"}
2019-4-9 08:33:14.207#keyHandled#"Right"
2019-4-9 08:33:14.907#change#{"from":{"line":5,"ch":17,"sticky":"before"},"to":{"line":5,"ch":17,"sticky":"before"},"text":[")"],"removed":[""],"origin":"+input"}
2019-4-9 08:33:14.207#keyHandled#"Right"
2019-4-9 08:33:14.907#change#{"from":{"line":5,"ch":17,"sticky":"before"},"to":{"line":5,"ch":17,"sticky":"before"},"text":[")"],"removed":[""],"origin":"+input"}
2019-4-9 08:33:15.948#blur#
2019-4-9 08:33:16.183#saida_testar#$ python3 main.py
2019-4-9 08:33:33.513#mousedown#{"isTrusted":true}
2019-4-9 08:33:33.576#focus#
2019-4-9 08:33:35.095#change#{"from":{"line":2,"ch":13,"sticky":"before","xRel":0.28125},"to":{"line":2,"ch":13,"sticky":"before","xRel":0.28125},"text":["*"],"removed":[""],"origin":"+input"}
2019-4-9 08:33:35.095#change#{"from":{"line":2,"ch":13,"sticky":"before","xRel":0.28125},"to":{"line":2,"ch":13,"sticky":"before","xRel":0.28125},"text":["*"],"removed":[""],"origin":"+input"}
2019-4-9 08:33:36.901#blur#
2019-4-9 08:33:38.123#saida_testar#$ python3 main.py
