2019-3-12 14:19:47.086#viewportChange#0
2019-3-12 14:19:51.843#mousedown#{"isTrusted":true}
2019-3-12 14:19:51.864#focus#
2019-3-12 14:19:57.274#change#{"from":{"line":0,"ch":10,"sticky":"before","xRel":-1.90625},"to":{"line":0,"ch":10,"sticky":"before","xRel":-1.90625},"text":["A"],"removed":[""],"origin":"+input"}
2019-3-12 14:19:58.384#change#{"from":{"line":0,"ch":11,"sticky":null},"to":{"line":0,"ch":11,"sticky":null},"text":["u"],"removed":[""],"origin":"+input"}
2019-3-12 14:19:58.692#change#{"from":{"line":0,"ch":12,"sticky":null},"to":{"line":0,"ch":12,"sticky":null},"text":["g"],"removed":[""],"origin":"+input"}
2019-3-12 14:19:58.975#change#{"from":{"line":0,"ch":13,"sticky":null},"to":{"line":0,"ch":13,"sticky":null},"text":["u"],"removed":[""],"origin":"+input"}
2019-3-12 14:19:59.754#change#{"from":{"line":0,"ch":15,"sticky":null},"to":{"line":0,"ch":15,"sticky":null},"text":["t"],"removed":[""],"origin":"+input"}
2019-3-12 14:20:00.139#change#{"from":{"line":0,"ch":16,"sticky":null},"to":{"line":0,"ch":16,"sticky":null},"text":["a"],"removed":[""],"origin":"+input"}
2019-3-12 14:20:00.853#change#{"from":{"line":0,"ch":17,"sticky":null},"to":{"line":0,"ch":17,"sticky":null},"text":[" "],"removed":[""],"origin":"+input"}
2019-3-12 14:20:04.083#change#{"from":{"line":0,"ch":18,"sticky":null},"to":{"line":0,"ch":18,"sticky":null},"text":["A"],"removed":[""],"origin":"+input"}
2019-3-12 14:20:05.703#change#{"from":{"line":0,"ch":19,"sticky":null},"to":{"line":0,"ch":19,"sticky":null},"text":["d"],"removed":[""],"origin":"+input"}
2019-3-12 14:20:06.001#change#{"from":{"line":0,"ch":20,"sticky":null},"to":{"line":0,"ch":20,"sticky":null},"text":["a"],"removed":[""],"origin":"+input"}
2019-3-12 14:20:06.542#change#{"from":{"line":0,"ch":21,"sticky":null},"to":{"line":0,"ch":21,"sticky":null},"text":[" "],"removed":[""],"origin":"+input"}
2019-3-12 14:20:17.056#blur#
2019-3-12 14:20:32.574#mousedown#{"isTrusted":true}
2019-3-12 14:20:32.590#focus#
2019-3-12 14:20:33.592#change#{"from":{"line":0,"ch":22,"sticky":"after"},"to":{"line":0,"ch":23,"sticky":"before","xRel":6.7471923828125},"text":[""],"removed":["\""],"origin":"+delete"}
2019-3-12 14:20:33.592#keyHandled#"Backspace"
2019-3-12 14:20:33.776#change#{"from":{"line":0,"ch":21,"sticky":"after"},"to":{"line":0,"ch":22,"sticky":null},"text":[""],"removed":[" "],"origin":"+delete"}
2019-3-12 14:20:33.776#keyHandled#"Backspace"
2019-3-12 14:20:33.938#change#{"from":{"line":0,"ch":20,"sticky":"after"},"to":{"line":0,"ch":21,"sticky":null},"text":[""],"removed":["a"],"origin":"+delete"}
2019-3-12 14:20:33.938#keyHandled#"Backspace"
2019-3-12 14:20:34.091#change#{"from":{"line":0,"ch":19,"sticky":"after"},"to":{"line":0,"ch":20,"sticky":null},"text":[""],"removed":["d"],"origin":"+delete"}
2019-3-12 14:20:34.091#keyHandled#"Backspace"
2019-3-12 14:20:34.253#change#{"from":{"line":0,"ch":18,"sticky":"after"},"to":{"line":0,"ch":19,"sticky":null},"text":[""],"removed":["A"],"origin":"+delete"}
2019-3-12 14:20:34.253#keyHandled#"Backspace"
2019-3-12 14:20:34.421#change#{"from":{"line":0,"ch":17,"sticky":"after"},"to":{"line":0,"ch":18,"sticky":null},"text":[""],"removed":[" "],"origin":"+delete"}
2019-3-12 14:20:34.422#keyHandled#"Backspace"
2019-3-12 14:20:34.755#change#{"from":{"line":0,"ch":16,"sticky":"after"},"to":{"line":0,"ch":17,"sticky":null},"text":[""],"removed":["a"],"origin":"+delete"}
2019-3-12 14:20:34.756#keyHandled#"Backspace"
2019-3-12 14:20:34.935#change#{"from":{"line":0,"ch":15,"sticky":"after"},"to":{"line":0,"ch":16,"sticky":null},"text":[""],"removed":["t"],"origin":"+delete"}
2019-3-12 14:20:34.936#keyHandled#"Backspace"
2019-3-12 14:20:35.112#change#{"from":{"line":0,"ch":14,"sticky":"after"},"to":{"line":0,"ch":15,"sticky":null},"text":[""],"removed":["s"],"origin":"+delete"}
2019-3-12 14:20:35.112#keyHandled#"Backspace"
2019-3-12 14:20:35.291#change#{"from":{"line":0,"ch":13,"sticky":"after"},"to":{"line":0,"ch":14,"sticky":null},"text":[""],"removed":["u"],"origin":"+delete"}
2019-3-12 14:20:35.291#keyHandled#"Backspace"
2019-3-12 14:20:35.487#change#{"from":{"line":0,"ch":12,"sticky":"after"},"to":{"line":0,"ch":13,"sticky":null},"text":[""],"removed":["g"],"origin":"+delete"}
2019-3-12 14:20:35.487#keyHandled#"Backspace"
2019-3-12 14:20:35.669#change#{"from":{"line":0,"ch":11,"sticky":"after"},"to":{"line":0,"ch":12,"sticky":null},"text":[""],"removed":["u"],"origin":"+delete"}
2019-3-12 14:20:35.670#keyHandled#"Backspace"
2019-3-12 14:20:35.853#change#{"from":{"line":0,"ch":10,"sticky":"after"},"to":{"line":0,"ch":11,"sticky":null},"text":[""],"removed":["A"],"origin":"+delete"}
2019-3-12 14:20:35.853#keyHandled#"Backspace"
2019-3-12 14:20:36.053#change#{"from":{"line":0,"ch":9,"sticky":"after"},"to":{"line":0,"ch":10,"sticky":null},"text":[""],"removed":["\""],"origin":"+delete"}
2019-3-12 14:20:36.053#keyHandled#"Backspace"
2019-3-12 14:20:37.656#mousedown#{"isTrusted":true}
2019-3-12 14:20:38.267#mousedown#{"isTrusted":true}
2019-3-12 14:20:38.370#blur#
2019-3-12 14:20:38.424#contextmenu#{"isTrusted":true}
2019-3-12 14:20:38.440#focus#
2019-3-12 14:20:41.861#change#{"from":{"line":0,"ch":9,"sticky":"before","xRel":116.43182373046875},"to":{"line":0,"ch":9,"sticky":"before","xRel":116.43182373046875},"text":["\"Augusta Ada Byron, a Condessa de Lovelace, nasceu em 1815, na Inglaterra.\"","",""],"removed":[""],"origin":"paste"}
2019-3-12 14:20:41.904#viewportChange#0
2019-3-12 14:20:43.936#change#{"from":{"line":1,"ch":0,"sticky":"before"},"to":{"line":2,"ch":0,"sticky":null},"text":[""],"removed":["",""],"origin":"+delete"}
2019-3-12 14:20:43.936#keyHandled#"Backspace"
2019-3-12 14:20:43.956#viewportChange#0
2019-3-12 14:20:44.685#change#{"from":{"line":0,"ch":84,"sticky":"before"},"to":{"line":1,"ch":0,"sticky":null},"text":[""],"removed":["",""],"origin":"+delete"}
2019-3-12 14:20:44.685#keyHandled#"Backspace"
2019-3-12 14:20:44.709#viewportChange#0
2019-3-12 14:20:46.966#mousedown#{"isTrusted":true}
2019-3-12 14:20:48.779#mousedown#{"isTrusted":true}
2019-3-12 14:20:50.094#change#{"from":{"line":1,"ch":15,"sticky":"after"},"to":{"line":1,"ch":16,"sticky":"after","xRel":1.55401611328125},"text":[""],"removed":["?"],"origin":"+delete"}
2019-3-12 14:20:50.094#keyHandled#"Backspace"
2019-3-12 14:20:50.635#change#{"from":{"line":1,"ch":14,"sticky":"after"},"to":{"line":1,"ch":15,"sticky":null},"text":[""],"removed":["?"],"origin":"+delete"}
2019-3-12 14:20:50.635#keyHandled#"Backspace"
2019-3-12 14:20:51.326#change#{"from":{"line":1,"ch":13,"sticky":"after"},"to":{"line":1,"ch":14,"sticky":null},"text":[""],"removed":["?"],"origin":"+delete"}
2019-3-12 14:20:51.326#keyHandled#"Backspace"
2019-3-12 14:21:12.409#change#{"from":{"line":1,"ch":13,"sticky":null},"to":{"line":1,"ch":13,"sticky":null},"text":["l"],"removed":[""],"origin":"+input"}
2019-3-12 14:21:12.768#change#{"from":{"line":1,"ch":14,"sticky":null},"to":{"line":1,"ch":14,"sticky":null},"text":["o"],"removed":[""],"origin":"+input"}
2019-3-12 14:21:13.795#change#{"from":{"line":1,"ch":15,"sticky":null},"to":{"line":1,"ch":15,"sticky":null},"text":["w"],"removed":[""],"origin":"+input"}
2019-3-12 14:21:14.017#change#{"from":{"line":1,"ch":16,"sticky":null},"to":{"line":1,"ch":16,"sticky":null},"text":["e"],"removed":[""],"origin":"+input"}
2019-3-12 14:21:14.286#change#{"from":{"line":1,"ch":17,"sticky":null},"to":{"line":1,"ch":17,"sticky":null},"text":["r"],"removed":[""],"origin":"+input"}
2019-3-12 14:21:17.507#change#{"from":{"line":1,"ch":18,"sticky":null},"to":{"line":1,"ch":18,"sticky":null},"text":["()"],"removed":[""],"origin":"+input"}
2019-3-12 14:21:17.507#keyHandled#"'('"
2019-3-12 14:21:20.246#blur#
2019-3-12 14:21:20.246#blur#
2019-3-14 20:06:37.375#viewportChange#0
2019-3-14 20:21:01.516#viewportChange#0
2019-3-14 20:50:14.586#viewportChange#0
2019-3-14 21:23:05.155#viewportChange#0
2019-3-16 15:46:50.776#viewportChange#0
2019-3-26 08:54:24.083#viewportChange#0
2019-3-26 08:54:25.711#mousedown#{"isTrusted":true}
2019-3-26 08:54:25.725#focus#
2019-3-26 08:54:28.066#copy#{"isTrusted":true}
2019-3-26 08:54:30.927#blur#
