2019-5-24 20:37:22.416#viewportChange#0
2019-5-24 20:38:21.493#mousedown#{"isTrusted":true}
2019-5-24 20:38:21.515#focus#
2019-5-24 20:38:21.797#mousedown#{"isTrusted":true}
2019-5-24 20:38:21.928#blur#
2019-5-24 20:38:21.950#contextmenu#{"isTrusted":true}
2019-5-24 20:38:21.967#focus#
2019-5-24 20:38:25.781#change#{"from":{"line":0,"ch":0,"sticky":"after","xRel":71.09375},"to":{"line":0,"ch":0,"sticky":"after","xRel":71.09375},"text":["s = input(\"Nome: \") new = s[0:] print(s[0]) print(s[-1]) print(len(s)) print(new.lower()) print(new.upper()) print(new*500)"],"removed":[""],"origin":"paste"}
2019-5-24 20:38:27.858#mousedown#{"isTrusted":true}
2019-5-24 20:38:28.509#keyHandled#"Left"
2019-5-24 20:38:29.004#keyHandled#"Left"
2019-5-24 20:38:29.047#keyHandled#"Left"
2019-5-24 20:38:29.074#keyHandled#"Left"
2019-5-24 20:38:29.107#keyHandled#"Left"
2019-5-24 20:38:29.142#keyHandled#"Left"
2019-5-24 20:38:29.176#keyHandled#"Left"
2019-5-24 20:38:29.209#keyHandled#"Left"
2019-5-24 20:38:29.241#keyHandled#"Left"
2019-5-24 20:38:29.274#keyHandled#"Left"
2019-5-24 20:38:29.304#keyHandled#"Left"
2019-5-24 20:38:29.336#keyHandled#"Left"
2019-5-24 20:38:29.369#keyHandled#"Left"
2019-5-24 20:38:29.401#keyHandled#"Left"
2019-5-24 20:38:29.433#keyHandled#"Left"
2019-5-24 20:38:29.466#keyHandled#"Left"
2019-5-24 20:38:29.497#keyHandled#"Left"
2019-5-24 20:38:29.533#keyHandled#"Left"
2019-5-24 20:38:29.562#keyHandled#"Left"
2019-5-24 20:38:29.608#keyHandled#"Left"
2019-5-24 20:38:29.631#keyHandled#"Left"
2019-5-24 20:38:29.660#keyHandled#"Left"
2019-5-24 20:38:29.700#keyHandled#"Left"
2019-5-24 20:38:29.728#keyHandled#"Left"
2019-5-24 20:38:29.771#keyHandled#"Left"
2019-5-24 20:38:29.798#keyHandled#"Left"
2019-5-24 20:38:29.826#keyHandled#"Left"
2019-5-24 20:38:29.860#keyHandled#"Left"
2019-5-24 20:38:29.892#keyHandled#"Left"
2019-5-24 20:38:29.925#keyHandled#"Left"
2019-5-24 20:38:29.972#keyHandled#"Left"
2019-5-24 20:38:29.990#keyHandled#"Left"
2019-5-24 20:38:30.025#keyHandled#"Left"
2019-5-24 20:38:30.060#keyHandled#"Left"
2019-5-24 20:38:30.089#keyHandled#"Left"
2019-5-24 20:38:30.136#keyHandled#"Left"
2019-5-24 20:38:30.154#keyHandled#"Left"
2019-5-24 20:38:30.189#keyHandled#"Left"
2019-5-24 20:38:30.223#keyHandled#"Left"
2019-5-24 20:38:30.253#keyHandled#"Left"
2019-5-24 20:38:30.299#keyHandled#"Left"
2019-5-24 20:38:30.319#keyHandled#"Left"
2019-5-24 20:38:30.376#keyHandled#"Left"
2019-5-24 20:38:30.385#keyHandled#"Left"
2019-5-24 20:38:30.418#keyHandled#"Left"
2019-5-24 20:38:30.453#keyHandled#"Left"
2019-5-24 20:38:31.154#keyHandled#"Left"
2019-5-24 20:38:31.669#keyHandled#"Left"
2019-5-24 20:38:31.699#keyHandled#"Left"
2019-5-24 20:38:31.735#keyHandled#"Left"
2019-5-24 20:38:31.770#keyHandled#"Left"
2019-5-24 20:38:31.799#keyHandled#"Left"
2019-5-24 20:38:31.835#keyHandled#"Left"
2019-5-24 20:38:31.867#keyHandled#"Left"
2019-5-24 20:38:31.898#keyHandled#"Left"
2019-5-24 20:38:31.937#keyHandled#"Left"
2019-5-24 20:38:31.966#keyHandled#"Left"
2019-5-24 20:38:32.000#keyHandled#"Left"
2019-5-24 20:38:32.029#keyHandled#"Left"
2019-5-24 20:38:32.061#keyHandled#"Left"
2019-5-24 20:38:32.100#keyHandled#"Left"
2019-5-24 20:38:32.133#keyHandled#"Left"
2019-5-24 20:38:32.162#keyHandled#"Left"
2019-5-24 20:38:32.196#keyHandled#"Left"
2019-5-24 20:38:32.235#keyHandled#"Left"
2019-5-24 20:38:32.263#keyHandled#"Left"
2019-5-24 20:38:32.297#keyHandled#"Left"
2019-5-24 20:38:32.330#keyHandled#"Left"
2019-5-24 20:38:32.364#keyHandled#"Left"
2019-5-24 20:38:32.397#keyHandled#"Left"
2019-5-24 20:38:32.899#change#{"from":{"line":0,"ch":0,"sticky":"after","hitSide":true},"to":{"line":0,"ch":0,"sticky":"after","hitSide":true},"text":["",""],"removed":[""],"origin":"+input"}
2019-5-24 20:38:32.899#keyHandled#"Enter"
2019-5-24 20:38:32.937#viewportChange#0
2019-5-24 20:38:34.932#mousedown#{"isTrusted":true}
2019-5-24 20:38:35.291#change#{"from":{"line":1,"ch":19,"sticky":"before","xRel":-0.90625},"to":{"line":1,"ch":19,"sticky":"before","xRel":-0.90625},"text":["",""],"removed":[""],"origin":"+input"}
2019-5-24 20:38:35.291#change#{"from":{"line":2,"ch":0,"sticky":null},"to":{"line":2,"ch":1,"sticky":null},"text":[""],"removed":[" "],"origin":"+input"}
2019-5-24 20:38:35.291#keyHandled#"Enter"
2019-5-24 20:38:35.343#viewportChange#0
2019-5-24 20:38:37.118#mousedown#{"isTrusted":true}
2019-5-24 20:38:37.458#change#{"from":{"line":2,"ch":11,"sticky":"after","xRel":2.09375},"to":{"line":2,"ch":11,"sticky":"after","xRel":2.09375},"text":["",""],"removed":[""],"origin":"+input"}
2019-5-24 20:38:37.458#change#{"from":{"line":3,"ch":0,"sticky":null},"to":{"line":3,"ch":1,"sticky":null},"text":[""],"removed":[" "],"origin":"+input"}
2019-5-24 20:38:37.458#keyHandled#"Enter"
2019-5-24 20:38:37.489#viewportChange#0
2019-5-24 20:38:38.933#mousedown#{"isTrusted":true}
2019-5-24 20:38:39.284#change#{"from":{"line":3,"ch":12,"sticky":"before","xRel":-2.90625},"to":{"line":3,"ch":12,"sticky":"before","xRel":-2.90625},"text":["",""],"removed":[""],"origin":"+input"}
2019-5-24 20:38:39.284#keyHandled#"Enter"
2019-5-24 20:38:39.306#viewportChange#0
2019-5-24 20:38:40.883#mousedown#{"isTrusted":true}
2019-5-24 20:38:41.249#change#{"from":{"line":4,"ch":13,"sticky":"before","xRel":-2.90625},"to":{"line":4,"ch":13,"sticky":"before","xRel":-2.90625},"text":["",""],"removed":[""],"origin":"+input"}
2019-5-24 20:38:41.249#keyHandled#"Enter"
2019-5-24 20:38:41.278#viewportChange#0
2019-5-24 20:38:42.656#mousedown#{"isTrusted":true}
2019-5-24 20:38:43.314#change#{"from":{"line":5,"ch":13,"sticky":"after","xRel":2.09375},"to":{"line":5,"ch":13,"sticky":"after","xRel":2.09375},"text":["",""],"removed":[""],"origin":"+input"}
2019-5-24 20:38:43.315#change#{"from":{"line":6,"ch":0,"sticky":null},"to":{"line":6,"ch":1,"sticky":null},"text":[""],"removed":[" "],"origin":"+input"}
2019-5-24 20:38:43.315#keyHandled#"Enter"
2019-5-24 20:38:43.334#viewportChange#0
2019-5-24 20:38:44.955#mousedown#{"isTrusted":true}
2019-5-24 20:38:45.316#change#{"from":{"line":6,"ch":18,"sticky":"before","xRel":-0.90625},"to":{"line":6,"ch":18,"sticky":"before","xRel":-0.90625},"text":["",""],"removed":[""],"origin":"+input"}
2019-5-24 20:38:45.316#change#{"from":{"line":7,"ch":0,"sticky":null},"to":{"line":7,"ch":1,"sticky":null},"text":[""],"removed":[" "],"origin":"+input"}
2019-5-24 20:38:45.316#keyHandled#"Enter"
2019-5-24 20:38:45.343#viewportChange#0
2019-5-24 20:38:47.744#mousedown#{"isTrusted":true}
2019-5-24 20:38:48.320#change#{"from":{"line":7,"ch":18,"sticky":"after","xRel":2.09375},"to":{"line":7,"ch":18,"sticky":"after","xRel":2.09375},"text":["",""],"removed":[""],"origin":"+input"}
2019-5-24 20:38:48.321#change#{"from":{"line":8,"ch":0,"sticky":null},"to":{"line":8,"ch":1,"sticky":null},"text":[""],"removed":[" "],"origin":"+input"}
2019-5-24 20:38:48.321#keyHandled#"Enter"
2019-5-24 20:38:48.342#viewportChange#0
2019-5-24 20:38:51.252#mousedown#{"isTrusted":true}
2019-5-24 20:38:51.999#change#{"from":{"line":0,"ch":0,"sticky":"before"},"to":{"line":1,"ch":0,"sticky":"after","xRel":0.09375},"text":[""],"removed":["",""],"origin":"+delete"}
2019-5-24 20:38:51.999#keyHandled#"Backspace"
2019-5-24 20:38:52.029#viewportChange#0
2019-5-24 20:38:55.923#mousedown#{"isTrusted":true}
2019-5-24 20:39:02.406#blur#
2019-6-1 09:11:27.140#viewportChange#0
2019-6-1 09:11:29.058#mousedown#{"isTrusted":true}
2019-6-1 09:11:29.064#focus#
2019-6-1 09:11:31.470#copy#{"isTrusted":true}
2019-6-1 09:11:34.717#blur#
2019-6-3 23:39:32.631#viewportChange#0
2019-6-3 23:39:35.361#mousedown#{"isTrusted":true}
2019-6-3 23:39:35.376#focus#
2019-6-3 23:39:39.337#mousedown#{"isTrusted":true}
2019-6-3 23:39:39.477#contextmenu#{"isTrusted":true}
2019-6-3 23:39:41.052#copy#{"isTrusted":true}
2019-6-3 23:39:46.261#blur#
