2019-5-1 17:10:40.261#viewportChange#0
2019-5-1 17:11:07.903#mousedown#{"isTrusted":true}
2019-5-1 17:11:07.921#focus#
2019-5-1 17:11:24.184#mousedown#{"isTrusted":true}
2019-5-1 17:11:24.663#mousedown#{"isTrusted":true}
2019-5-1 17:11:49.206#change#{"from":{"line":0,"ch":0,"sticky":null,"xRel":-1,"outside":true},"to":{"line":2,"ch":0,"sticky":null,"xRel":1,"outside":true},"text":["e"],"removed":["# Teste seu código aos poucos. Não teste tudo no final, pois fica mais difícil de identificar erros.","# Ao testar sua solução, não se limite ao caso de exemplo. Teste as diversas possibilidades de saída",""],"origin":"+input"}
2019-5-1 17:11:49.219#viewportChange#0
2019-5-1 17:11:49.274#change#{"from":{"line":0,"ch":1,"sticky":null},"to":{"line":0,"ch":1,"sticky":null},"text":["n"],"removed":[""],"origin":"+input"}
2019-5-1 17:11:49.569#change#{"from":{"line":0,"ch":2,"sticky":null},"to":{"line":0,"ch":2,"sticky":null},"text":["t"],"removed":[""],"origin":"+input"}
2019-5-1 17:11:49.730#change#{"from":{"line":0,"ch":3,"sticky":null},"to":{"line":0,"ch":3,"sticky":null},"text":["r"],"removed":[""],"origin":"+input"}
2019-5-1 17:11:49.822#change#{"from":{"line":0,"ch":4,"sticky":null},"to":{"line":0,"ch":4,"sticky":null},"text":["a"],"removed":[""],"origin":"+input"}
2019-5-1 17:11:49.920#change#{"from":{"line":0,"ch":5,"sticky":null},"to":{"line":0,"ch":5,"sticky":null},"text":["d"],"removed":[""],"origin":"+input"}
2019-5-1 17:11:49.973#change#{"from":{"line":0,"ch":6,"sticky":null},"to":{"line":0,"ch":6,"sticky":null},"text":["a"],"removed":[""],"origin":"+input"}
2019-5-1 17:11:50.351#change#{"from":{"line":0,"ch":7,"sticky":null},"to":{"line":0,"ch":7,"sticky":null},"text":[" "],"removed":[""],"origin":"+input"}
2019-5-1 17:11:50.469#change#{"from":{"line":0,"ch":8,"sticky":null},"to":{"line":0,"ch":8,"sticky":null},"text":["="],"removed":[""],"origin":"+input"}
2019-5-1 17:11:50.507#change#{"from":{"line":0,"ch":9,"sticky":null},"to":{"line":0,"ch":9,"sticky":null},"text":[" "],"removed":[""],"origin":"+input"}
2019-5-1 17:11:51.368#change#{"from":{"line":0,"ch":10,"sticky":null},"to":{"line":0,"ch":10,"sticky":null},"text":["i"],"removed":[""],"origin":"+input"}
2019-5-1 17:11:51.552#change#{"from":{"line":0,"ch":11,"sticky":null},"to":{"line":0,"ch":11,"sticky":null},"text":["n"],"removed":[""],"origin":"+input"}
2019-5-1 17:11:51.764#change#{"from":{"line":0,"ch":12,"sticky":null},"to":{"line":0,"ch":12,"sticky":null},"text":["p"],"removed":[""],"origin":"+input"}
2019-5-1 17:11:51.994#change#{"from":{"line":0,"ch":13,"sticky":null},"to":{"line":0,"ch":13,"sticky":null},"text":["u"],"removed":[""],"origin":"+input"}
2019-5-1 17:11:52.043#change#{"from":{"line":0,"ch":14,"sticky":null},"to":{"line":0,"ch":14,"sticky":null},"text":["t"],"removed":[""],"origin":"+input"}
2019-5-1 17:11:52.434#change#{"from":{"line":0,"ch":15,"sticky":null},"to":{"line":0,"ch":15,"sticky":null},"text":[")"],"removed":[""],"origin":"+input"}
2019-5-1 17:11:53.518#change#{"from":{"line":0,"ch":15,"sticky":null},"to":{"line":0,"ch":15,"sticky":null},"text":["()"],"removed":[""],"origin":"+input"}
2019-5-1 17:11:53.518#keyHandled#"'('"
2019-5-1 17:11:53.544#keyHandled#"')'"
2019-5-1 17:12:45.424#blur#
2019-5-1 17:13:17.925#focus#
2019-5-1 17:13:19.421#change#{"from":{"line":0,"ch":17,"sticky":"before"},"to":{"line":0,"ch":17,"sticky":"before"},"text":["",""],"removed":[""],"origin":"+input"}
2019-5-1 17:13:19.421#keyHandled#"Enter"
2019-5-1 17:13:19.431#viewportChange#0
2019-5-1 17:13:19.548#change#{"from":{"line":1,"ch":0,"sticky":null},"to":{"line":1,"ch":0,"sticky":null},"text":["",""],"removed":[""],"origin":"+input"}
2019-5-1 17:13:19.548#keyHandled#"Enter"
2019-5-1 17:13:19.558#viewportChange#0
2019-5-1 17:13:27.003#blur#
2019-5-1 17:13:37.863#mousedown#{"isTrusted":true}
2019-5-1 17:13:37.870#focus#
2019-5-1 17:13:44.549#change#{"from":{"line":2,"ch":0,"sticky":"after","xRel":105.09375},"to":{"line":2,"ch":0,"sticky":"after","xRel":105.09375},"text":["p"],"removed":[""],"origin":"+input"}
2019-5-1 17:13:44.681#change#{"from":{"line":2,"ch":1,"sticky":null},"to":{"line":2,"ch":1,"sticky":null},"text":["r"],"removed":[""],"origin":"+input"}
2019-5-1 17:13:44.757#change#{"from":{"line":2,"ch":2,"sticky":null},"to":{"line":2,"ch":2,"sticky":null},"text":["i"],"removed":[""],"origin":"+input"}
2019-5-1 17:13:44.923#change#{"from":{"line":2,"ch":3,"sticky":null},"to":{"line":2,"ch":3,"sticky":null},"text":["n"],"removed":[""],"origin":"+input"}
2019-5-1 17:13:44.980#change#{"from":{"line":2,"ch":4,"sticky":null},"to":{"line":2,"ch":4,"sticky":null},"text":["t"],"removed":[""],"origin":"+input"}
2019-5-1 17:13:45.367#change#{"from":{"line":2,"ch":5,"sticky":null},"to":{"line":2,"ch":5,"sticky":null},"text":["()"],"removed":[""],"origin":"+input"}
2019-5-1 17:13:45.367#keyHandled#"'('"
2019-5-1 17:13:45.779#change#{"from":{"line":2,"ch":6,"sticky":"after"},"to":{"line":2,"ch":6,"sticky":"after"},"text":["\"\""],"removed":[""],"origin":"+input"}
2019-5-1 17:13:45.780#keyHandled#"'\"'"
2019-5-1 17:13:47.046#change#{"from":{"line":2,"ch":7,"sticky":"after"},"to":{"line":2,"ch":7,"sticky":"after"},"text":["E"],"removed":[""],"origin":"+input"}
2019-5-1 17:13:47.181#change#{"from":{"line":2,"ch":8,"sticky":null},"to":{"line":2,"ch":8,"sticky":null},"text":["n"],"removed":[""],"origin":"+input"}
2019-5-1 17:13:47.795#change#{"from":{"line":2,"ch":9,"sticky":null},"to":{"line":2,"ch":9,"sticky":null},"text":["t"],"removed":[""],"origin":"+input"}
2019-5-1 17:13:48.466#change#{"from":{"line":2,"ch":10,"sticky":null},"to":{"line":2,"ch":10,"sticky":null},"text":["r"],"removed":[""],"origin":"+input"}
2019-5-1 17:13:48.566#change#{"from":{"line":2,"ch":11,"sticky":null},"to":{"line":2,"ch":11,"sticky":null},"text":["a"],"removed":[""],"origin":"+input"}
2019-5-1 17:13:48.679#change#{"from":{"line":2,"ch":12,"sticky":null},"to":{"line":2,"ch":12,"sticky":null},"text":["d"],"removed":[""],"origin":"+input"}
2019-5-1 17:13:48.741#change#{"from":{"line":2,"ch":13,"sticky":null},"to":{"line":2,"ch":13,"sticky":null},"text":["a"],"removed":[""],"origin":"+input"}
2019-5-1 17:13:50.429#change#{"from":{"line":2,"ch":14,"sticky":null},"to":{"line":2,"ch":14,"sticky":null},"text":[":"],"removed":[""],"origin":"+input"}
2019-5-1 17:13:50.926#keyHandled#"Right"
2019-5-1 17:13:51.534#change#{"from":{"line":2,"ch":16,"sticky":"before"},"to":{"line":2,"ch":16,"sticky":"before"},"text":[","],"removed":[""],"origin":"+input"}
2019-5-1 17:13:51.892#change#{"from":{"line":2,"ch":17,"sticky":null},"to":{"line":2,"ch":17,"sticky":null},"text":["e"],"removed":[""],"origin":"+input"}
2019-5-1 17:13:51.964#change#{"from":{"line":2,"ch":18,"sticky":null},"to":{"line":2,"ch":18,"sticky":null},"text":["n"],"removed":[""],"origin":"+input"}
2019-5-1 17:13:52.234#change#{"from":{"line":2,"ch":19,"sticky":null},"to":{"line":2,"ch":19,"sticky":null},"text":["t"],"removed":[""],"origin":"+input"}
2019-5-1 17:13:52.432#change#{"from":{"line":2,"ch":20,"sticky":null},"to":{"line":2,"ch":20,"sticky":null},"text":["r"],"removed":[""],"origin":"+input"}
2019-5-1 17:13:52.535#change#{"from":{"line":2,"ch":21,"sticky":null},"to":{"line":2,"ch":21,"sticky":null},"text":["a"],"removed":[""],"origin":"+input"}
2019-5-1 17:13:52.601#change#{"from":{"line":2,"ch":22,"sticky":null},"to":{"line":2,"ch":22,"sticky":null},"text":["d"],"removed":[""],"origin":"+input"}
2019-5-1 17:13:52.665#change#{"from":{"line":2,"ch":23,"sticky":null},"to":{"line":2,"ch":23,"sticky":null},"text":["a"],"removed":[""],"origin":"+input"}
2019-5-1 17:13:53.747#change#{"from":{"line":2,"ch":25,"sticky":"before"},"to":{"line":2,"ch":25,"sticky":"before"},"text":["",""],"removed":[""],"origin":"+input"}
2019-5-1 17:13:53.747#keyHandled#"Enter"
2019-5-1 17:13:53.758#viewportChange#0
2019-5-1 17:13:54.219#change#{"from":{"line":3,"ch":0,"sticky":null},"to":{"line":3,"ch":0,"sticky":null},"text":["p"],"removed":[""],"origin":"+input"}
2019-5-1 17:13:54.385#change#{"from":{"line":3,"ch":1,"sticky":null},"to":{"line":3,"ch":1,"sticky":null},"text":["r"],"removed":[""],"origin":"+input"}
2019-5-1 17:13:54.478#change#{"from":{"line":3,"ch":2,"sticky":null},"to":{"line":3,"ch":2,"sticky":null},"text":["i"],"removed":[""],"origin":"+input"}
2019-5-1 17:13:54.662#change#{"from":{"line":3,"ch":3,"sticky":null},"to":{"line":3,"ch":3,"sticky":null},"text":["n"],"removed":[""],"origin":"+input"}
2019-5-1 17:13:54.692#change#{"from":{"line":3,"ch":4,"sticky":null},"to":{"line":3,"ch":4,"sticky":null},"text":["t"],"removed":[""],"origin":"+input"}
2019-5-1 17:13:55.120#change#{"from":{"line":3,"ch":5,"sticky":null},"to":{"line":3,"ch":5,"sticky":null},"text":["()"],"removed":[""],"origin":"+input"}
2019-5-1 17:13:55.120#keyHandled#"'('"
2019-5-1 17:13:55.680#change#{"from":{"line":3,"ch":6,"sticky":"after"},"to":{"line":3,"ch":6,"sticky":"after"},"text":["\"\""],"removed":[""],"origin":"+input"}
2019-5-1 17:13:55.680#keyHandled#"'\"'"
2019-5-1 17:13:56.337#change#{"from":{"line":3,"ch":7,"sticky":"after"},"to":{"line":3,"ch":7,"sticky":"after"},"text":["C"],"removed":[""],"origin":"+input"}
2019-5-1 17:13:56.572#change#{"from":{"line":3,"ch":8,"sticky":null},"to":{"line":3,"ch":8,"sticky":null},"text":["a"],"removed":[""],"origin":"+input"}
2019-5-1 17:13:57.338#change#{"from":{"line":3,"ch":9,"sticky":null},"to":{"line":3,"ch":9,"sticky":null},"text":["s"],"removed":[""],"origin":"+input"}
2019-5-1 17:13:57.650#change#{"from":{"line":3,"ch":10,"sticky":null},"to":{"line":3,"ch":10,"sticky":null},"text":["a"],"removed":[""],"origin":"+input"}
2019-5-1 17:13:58.232#change#{"from":{"line":3,"ch":11,"sticky":null},"to":{"line":3,"ch":11,"sticky":null},"text":[":"],"removed":[""],"origin":"+input"}
2019-5-1 17:13:59.101#keyHandled#"Right"
2019-5-1 17:13:59.660#change#{"from":{"line":3,"ch":13,"sticky":"before"},"to":{"line":3,"ch":13,"sticky":"before"},"text":[","],"removed":[""],"origin":"+input"}
2019-5-1 17:13:59.916#change#{"from":{"line":3,"ch":14,"sticky":null},"to":{"line":3,"ch":14,"sticky":null},"text":["e"],"removed":[""],"origin":"+input"}
2019-5-1 17:13:59.985#change#{"from":{"line":3,"ch":15,"sticky":null},"to":{"line":3,"ch":15,"sticky":null},"text":["n"],"removed":[""],"origin":"+input"}
2019-5-1 17:14:00.070#change#{"from":{"line":3,"ch":16,"sticky":null},"to":{"line":3,"ch":16,"sticky":null},"text":["d"],"removed":[""],"origin":"+input"}
2019-5-1 17:14:00.623#change#{"from":{"line":3,"ch":17,"sticky":null},"to":{"line":3,"ch":17,"sticky":null},"text":["="],"removed":[""],"origin":"+input"}
2019-5-1 17:14:00.792#change#{"from":{"line":3,"ch":18,"sticky":null},"to":{"line":3,"ch":18,"sticky":null},"text":["''"],"removed":[""],"origin":"+input"}
2019-5-1 17:14:00.792#keyHandled#"'''"
2019-5-1 17:14:01.504#change#{"from":{"line":3,"ch":19,"sticky":"after"},"to":{"line":3,"ch":19,"sticky":"after"},"text":[" "],"removed":[""],"origin":"+input"}
2019-5-1 17:14:01.754#keyHandled#"Right"
2019-5-1 17:14:01.958#keyHandled#"Right"
2019-5-1 17:14:02.305#change#{"from":{"line":3,"ch":22,"sticky":"before"},"to":{"line":3,"ch":22,"sticky":"before"},"text":["",""],"removed":[""],"origin":"+input"}
2019-5-1 17:14:02.305#keyHandled#"Enter"
2019-5-1 17:14:02.316#viewportChange#0
2019-5-1 17:14:02.492#change#{"from":{"line":4,"ch":0,"sticky":null},"to":{"line":4,"ch":0,"sticky":null},"text":["",""],"removed":[""],"origin":"+input"}
2019-5-1 17:14:02.492#keyHandled#"Enter"
2019-5-1 17:14:02.504#viewportChange#0
2019-5-1 17:14:08.671#change#{"from":{"line":5,"ch":0,"sticky":null},"to":{"line":5,"ch":0,"sticky":null},"text":["i"],"removed":[""],"origin":"+input"}
2019-5-1 17:14:08.717#change#{"from":{"line":5,"ch":1,"sticky":null},"to":{"line":5,"ch":1,"sticky":null},"text":["f"],"removed":[""],"origin":"+input"}
2019-5-1 17:14:09.243#change#{"from":{"line":5,"ch":2,"sticky":null},"to":{"line":5,"ch":2,"sticky":null},"text":["()"],"removed":[""],"origin":"+input"}
2019-5-1 17:14:09.243#keyHandled#"'('"
2019-5-1 17:14:13.845#change#{"from":{"line":5,"ch":3,"sticky":"after"},"to":{"line":5,"ch":3,"sticky":"after"},"text":["e"],"removed":[""],"origin":"+input"}
2019-5-1 17:14:13.910#change#{"from":{"line":5,"ch":4,"sticky":null},"to":{"line":5,"ch":4,"sticky":null},"text":["n"],"removed":[""],"origin":"+input"}
2019-5-1 17:14:14.219#change#{"from":{"line":5,"ch":5,"sticky":null},"to":{"line":5,"ch":5,"sticky":null},"text":["t"],"removed":[""],"origin":"+input"}
2019-5-1 17:14:14.412#change#{"from":{"line":5,"ch":6,"sticky":null},"to":{"line":5,"ch":6,"sticky":null},"text":["r"],"removed":[""],"origin":"+input"}
2019-5-1 17:14:14.496#change#{"from":{"line":5,"ch":7,"sticky":null},"to":{"line":5,"ch":7,"sticky":null},"text":["a"],"removed":[""],"origin":"+input"}
2019-5-1 17:14:14.596#change#{"from":{"line":5,"ch":8,"sticky":null},"to":{"line":5,"ch":8,"sticky":null},"text":["d"],"removed":[""],"origin":"+input"}
2019-5-1 17:14:14.648#change#{"from":{"line":5,"ch":9,"sticky":null},"to":{"line":5,"ch":9,"sticky":null},"text":["a"],"removed":[""],"origin":"+input"}
2019-5-1 17:14:15.165#change#{"from":{"line":5,"ch":10,"sticky":null},"to":{"line":5,"ch":10,"sticky":null},"text":[" "],"removed":[""],"origin":"+input"}
2019-5-1 17:14:15.273#change#{"from":{"line":5,"ch":11,"sticky":null},"to":{"line":5,"ch":11,"sticky":null},"text":["="],"removed":[""],"origin":"+input"}
2019-5-1 17:14:15.398#change#{"from":{"line":5,"ch":12,"sticky":null},"to":{"line":5,"ch":12,"sticky":null},"text":["="],"removed":[""],"origin":"+input"}
2019-5-1 17:14:15.471#change#{"from":{"line":5,"ch":13,"sticky":null},"to":{"line":5,"ch":13,"sticky":null},"text":[" "],"removed":[""],"origin":"+input"}
2019-5-1 17:14:19.127#change#{"from":{"line":5,"ch":14,"sticky":null},"to":{"line":5,"ch":14,"sticky":null},"text":["\"\""],"removed":[""],"origin":"+input"}
2019-5-1 17:14:19.127#keyHandled#"'\"'"
2019-5-1 17:14:19.711#change#{"from":{"line":5,"ch":15,"sticky":"after"},"to":{"line":5,"ch":15,"sticky":"after"},"text":["l"],"removed":[""],"origin":"+input"}
2019-5-1 17:14:19.910#change#{"from":{"line":5,"ch":16,"sticky":null},"to":{"line":5,"ch":16,"sticky":null},"text":["o"],"removed":[""],"origin":"+input"}
2019-5-1 17:14:20.181#change#{"from":{"line":5,"ch":17,"sticky":null},"to":{"line":5,"ch":17,"sticky":null},"text":["b"],"removed":[""],"origin":"+input"}
2019-5-1 17:14:20.226#change#{"from":{"line":5,"ch":18,"sticky":null},"to":{"line":5,"ch":18,"sticky":null},"text":["o"],"removed":[""],"origin":"+input"}
2019-5-1 17:14:20.691#keyHandled#"Right"
2019-5-1 17:14:20.919#keyHandled#"Right"
2019-5-1 17:14:21.968#change#{"from":{"line":5,"ch":21,"sticky":"before"},"to":{"line":5,"ch":21,"sticky":"before"},"text":[":"],"removed":[""],"origin":"+input"}
2019-5-1 17:14:22.508#change#{"from":{"line":5,"ch":22,"sticky":null},"to":{"line":5,"ch":22,"sticky":null},"text":["",""],"removed":[""],"origin":"+input"}
2019-5-1 17:14:22.508#change#{"from":{"line":6,"ch":0,"sticky":null},"to":{"line":6,"ch":0,"sticky":null},"text":["\t"],"removed":[""],"origin":"+input"}
2019-5-1 17:14:22.508#keyHandled#"Enter"
2019-5-1 17:14:22.522#viewportChange#0
2019-5-1 17:14:23.633#change#{"from":{"line":6,"ch":2,"sticky":null},"to":{"line":6,"ch":2,"sticky":null},"text":["r"],"removed":[""],"origin":"+input"}
2019-5-1 17:14:23.693#change#{"from":{"line":6,"ch":3,"sticky":null},"to":{"line":6,"ch":3,"sticky":null},"text":["i"],"removed":[""],"origin":"+input"}
2019-5-1 17:14:23.888#change#{"from":{"line":6,"ch":4,"sticky":null},"to":{"line":6,"ch":4,"sticky":null},"text":["n"],"removed":[""],"origin":"+input"}
2019-5-1 17:14:23.942#change#{"from":{"line":6,"ch":5,"sticky":null},"to":{"line":6,"ch":5,"sticky":null},"text":["t"],"removed":[""],"origin":"+input"}
2019-5-1 17:14:24.331#change#{"from":{"line":6,"ch":6,"sticky":null},"to":{"line":6,"ch":6,"sticky":null},"text":["9"],"removed":[""],"origin":"+input"}
2019-5-1 17:14:24.974#change#{"from":{"line":6,"ch":6,"sticky":"after"},"to":{"line":6,"ch":7,"sticky":null},"text":[""],"removed":["9"],"origin":"+delete"}
2019-5-1 17:14:24.974#keyHandled#"Backspace"
2019-5-1 17:14:25.277#change#{"from":{"line":6,"ch":6,"sticky":null},"to":{"line":6,"ch":6,"sticky":null},"text":["()"],"removed":[""],"origin":"+input"}
2019-5-1 17:14:25.277#keyHandled#"'('"
2019-5-1 17:14:25.659#change#{"from":{"line":6,"ch":7,"sticky":"after"},"to":{"line":6,"ch":7,"sticky":"after"},"text":["\"\""],"removed":[""],"origin":"+input"}
2019-5-1 17:14:25.659#keyHandled#"'\"'"
2019-5-1 17:14:26.195#change#{"from":{"line":6,"ch":8,"sticky":"after"},"to":{"line":6,"ch":8,"sticky":"after"},"text":["S"],"removed":[""],"origin":"+input"}
2019-5-1 17:14:26.430#change#{"from":{"line":6,"ch":9,"sticky":null},"to":{"line":6,"ch":9,"sticky":null},"text":["t"],"removed":[""],"origin":"+input"}
2019-5-1 17:14:26.556#change#{"from":{"line":6,"ch":10,"sticky":null},"to":{"line":6,"ch":10,"sticky":null},"text":["a"],"removed":[""],"origin":"+input"}
2019-5-1 17:14:26.619#change#{"from":{"line":6,"ch":11,"sticky":null},"to":{"line":6,"ch":11,"sticky":null},"text":["r"],"removed":[""],"origin":"+input"}
2019-5-1 17:14:27.000#change#{"from":{"line":6,"ch":12,"sticky":null},"to":{"line":6,"ch":12,"sticky":null},"text":["k"],"removed":[""],"origin":"+input"}
2019-5-1 17:14:27.426#keyHandled#"Right"
2019-5-1 17:14:27.607#keyHandled#"Right"
2019-5-1 17:14:27.782#keyHandled#"Left"
2019-5-1 17:14:27.914#keyHandled#"Up"
2019-5-1 17:14:28.641#keyHandled#"Home"
2019-5-1 17:14:28.934#copy#{"isTrusted":true}
2019-5-1 17:14:29.192#keyHandled#"Down"
2019-5-1 17:14:30.059#change#{"from":{"line":6,"ch":15,"sticky":"before"},"to":{"line":6,"ch":15,"sticky":"before"},"text":["",""],"removed":[""],"origin":"+input"}
2019-5-1 17:14:30.059#change#{"from":{"line":7,"ch":0,"sticky":null},"to":{"line":7,"ch":0,"sticky":null},"text":["\t"],"removed":[""],"origin":"+input"}
2019-5-1 17:14:30.059#keyHandled#"Enter"
2019-5-1 17:14:30.073#viewportChange#0
2019-5-1 17:14:30.308#change#{"from":{"line":7,"ch":0,"sticky":"after"},"to":{"line":7,"ch":1,"sticky":null},"text":[""],"removed":["\t"],"origin":"+delete"}
2019-5-1 17:14:30.308#keyHandled#"Backspace"
2019-5-1 17:14:31.620#change#{"from":{"line":7,"ch":0,"sticky":null},"to":{"line":7,"ch":0,"sticky":null},"text":["if(entrada == \"lobo\"):","\tprint(\"Stark\")"],"removed":[""],"origin":"paste"}
2019-5-1 17:14:31.633#viewportChange#0
2019-5-1 17:14:31.974#keyHandled#"Up"
2019-5-1 17:14:32.660#keyHandled#"Home"
2019-5-1 17:14:33.637#change#{"from":{"line":7,"ch":0,"sticky":"after"},"to":{"line":7,"ch":0,"sticky":"after"},"text":["e"],"removed":[""],"origin":"+input"}
2019-5-1 17:14:33.678#change#{"from":{"line":7,"ch":1,"sticky":null},"to":{"line":7,"ch":1,"sticky":null},"text":["l"],"removed":[""],"origin":"+input"}
2019-5-1 17:14:34.235#keyHandled#"Right"
2019-5-1 17:14:34.523#keyHandled#"Left"
2019-5-1 17:14:35.342#change#{"from":{"line":7,"ch":1,"sticky":"after"},"to":{"line":7,"ch":2,"sticky":"after"},"text":[""],"removed":["l"],"origin":"+delete"}
2019-5-1 17:14:35.342#keyHandled#"Backspace"
2019-5-1 17:14:36.205#change#{"from":{"line":7,"ch":1,"sticky":null},"to":{"line":7,"ch":1,"sticky":null},"text":["l"],"removed":[""],"origin":"+input"}
2019-5-1 17:14:36.475#keyHandled#"Right"
2019-5-1 17:14:36.975#keyHandled#"Right"
2019-5-1 17:14:37.009#keyHandled#"Right"
2019-5-1 17:14:37.043#keyHandled#"Right"
2019-5-1 17:14:37.168#keyHandled#"Right"
2019-5-1 17:14:37.669#keyHandled#"Right"
2019-5-1 17:14:37.698#keyHandled#"Right"
2019-5-1 17:14:37.729#keyHandled#"Right"
2019-5-1 17:14:37.759#keyHandled#"Right"
2019-5-1 17:14:37.792#keyHandled#"Right"
2019-5-1 17:14:37.826#keyHandled#"Right"
2019-5-1 17:14:37.964#keyHandled#"Right"
2019-5-1 17:14:38.175#keyHandled#"Right"
2019-5-1 17:14:38.344#keyHandled#"Right"
2019-5-1 17:14:38.501#keyHandled#"Right"
2019-5-1 17:14:38.947#keyHandled#"Right"
2019-5-1 17:14:39.350#keyHandled#"Right"
2019-5-1 17:14:39.600#keyHandled#"Left"
2019-5-1 17:14:39.957#keyHandled#"Left"
2019-5-1 17:14:40.119#keyHandled#"Right"
2019-5-1 17:14:40.283#keyHandled#"Right"
2019-5-1 17:14:40.406#keyHandled#"Right"
2019-5-1 17:14:40.562#keyHandled#"Right"
2019-5-1 17:14:40.772#keyHandled#"Right"
2019-5-1 17:14:41.010#keyHandled#"Left"
2019-5-1 17:14:41.648#change#{"from":{"line":7,"ch":17,"sticky":"after"},"to":{"line":7,"ch":21,"sticky":"after"},"text":["v"],"removed":["lobo"],"origin":"+input"}
2019-5-1 17:14:41.745#change#{"from":{"line":7,"ch":18,"sticky":null},"to":{"line":7,"ch":18,"sticky":null},"text":["e"],"removed":[""],"origin":"+input"}
2019-5-1 17:14:42.146#change#{"from":{"line":7,"ch":19,"sticky":null},"to":{"line":7,"ch":19,"sticky":null},"text":["a"],"removed":[""],"origin":"+input"}
2019-5-1 17:14:42.527#change#{"from":{"line":7,"ch":20,"sticky":null},"to":{"line":7,"ch":20,"sticky":null},"text":["o"],"removed":[""],"origin":"+input"}
2019-5-1 17:14:43.827#keyHandled#"Down"
2019-5-1 17:14:44.023#keyHandled#"Left"
2019-5-1 17:14:44.239#keyHandled#"Left"
2019-5-1 17:14:44.598#keyHandled#"Left"
2019-5-1 17:14:44.775#keyHandled#"Left"
2019-5-1 17:14:44.939#keyHandled#"Left"
2019-5-1 17:14:45.112#keyHandled#"Left"
2019-5-1 17:14:45.293#keyHandled#"Left"
2019-5-1 17:14:47.214#keyHandled#"Up"
2019-5-1 17:14:47.889#keyHandled#"Up"
2019-5-1 17:14:48.049#keyHandled#"Right"
2019-5-1 17:14:48.549#keyHandled#"Right"
2019-5-1 17:14:48.579#keyHandled#"Right"
2019-5-1 17:14:48.608#keyHandled#"Right"
2019-5-1 17:14:48.640#keyHandled#"Right"
2019-5-1 17:14:48.675#keyHandled#"Right"
2019-5-1 17:14:48.701#keyHandled#"Right"
2019-5-1 17:14:48.884#keyHandled#"Left"
2019-5-1 17:14:49.156#keyHandled#"Right"
2019-5-1 17:14:49.466#keyHandled#"Right"
2019-5-1 17:14:49.876#keyHandled#"Right"
2019-5-1 17:14:50.017#keyHandled#"Right"
2019-5-1 17:14:50.159#keyHandled#"Right"
2019-5-1 17:14:50.310#keyHandled#"Right"
2019-5-1 17:14:50.777#change#{"from":{"line":7,"ch":17,"sticky":"before"},"to":{"line":7,"ch":22,"sticky":"before"},"text":["l"],"removed":["veado"],"origin":"+input"}
2019-5-1 17:14:50.898#change#{"from":{"line":7,"ch":18,"sticky":null},"to":{"line":7,"ch":18,"sticky":null},"text":["e"],"removed":[""],"origin":"+input"}
2019-5-1 17:14:51.099#change#{"from":{"line":7,"ch":19,"sticky":null},"to":{"line":7,"ch":19,"sticky":null},"text":["a"],"removed":[""],"origin":"+input"}
2019-5-1 17:14:51.170#change#{"from":{"line":7,"ch":20,"sticky":null},"to":{"line":7,"ch":20,"sticky":null},"text":["o"],"removed":[""],"origin":"+input"}
2019-5-1 17:14:51.807#keyHandled#"Down"
2019-5-1 17:14:51.967#keyHandled#"Left"
2019-5-1 17:14:52.157#keyHandled#"Left"
2019-5-1 17:14:52.485#keyHandled#"Left"
2019-5-1 17:14:52.673#keyHandled#"Left"
2019-5-1 17:14:52.845#keyHandled#"Left"
2019-5-1 17:14:55.029#change#{"from":{"line":8,"ch":8,"sticky":"after"},"to":{"line":8,"ch":13,"sticky":"after"},"text":["L"],"removed":["Stark"],"origin":"+input"}
2019-5-1 17:14:55.268#change#{"from":{"line":8,"ch":9,"sticky":null},"to":{"line":8,"ch":9,"sticky":null},"text":["a"],"removed":[""],"origin":"+input"}
2019-5-1 17:14:55.716#change#{"from":{"line":8,"ch":10,"sticky":null},"to":{"line":8,"ch":10,"sticky":null},"text":["n"],"removed":[""],"origin":"+input"}
2019-5-1 17:14:55.844#change#{"from":{"line":8,"ch":11,"sticky":null},"to":{"line":8,"ch":11,"sticky":null},"text":["n"],"removed":[""],"origin":"+input"}
2019-5-1 17:14:56.359#change#{"from":{"line":8,"ch":12,"sticky":null},"to":{"line":8,"ch":12,"sticky":null},"text":["s"],"removed":[""],"origin":"+input"}
2019-5-1 17:14:58.992#change#{"from":{"line":8,"ch":12,"sticky":"after"},"to":{"line":8,"ch":13,"sticky":null},"text":[""],"removed":["s"],"origin":"+delete"}
2019-5-1 17:14:58.992#keyHandled#"Backspace"
2019-5-1 17:14:59.332#change#{"from":{"line":8,"ch":12,"sticky":null},"to":{"line":8,"ch":12,"sticky":null},"text":["i"],"removed":[""],"origin":"+input"}
2019-5-1 17:14:59.392#change#{"from":{"line":8,"ch":13,"sticky":null},"to":{"line":8,"ch":13,"sticky":null},"text":["s"],"removed":[""],"origin":"+input"}
2019-5-1 17:14:59.610#change#{"from":{"line":8,"ch":14,"sticky":null},"to":{"line":8,"ch":14,"sticky":null},"text":["t"],"removed":[""],"origin":"+input"}
2019-5-1 17:14:59.685#change#{"from":{"line":8,"ch":15,"sticky":null},"to":{"line":8,"ch":15,"sticky":null},"text":["e"],"removed":[""],"origin":"+input"}
2019-5-1 17:14:59.777#change#{"from":{"line":8,"ch":16,"sticky":null},"to":{"line":8,"ch":16,"sticky":null},"text":["r"],"removed":[""],"origin":"+input"}
2019-5-1 17:15:00.505#keyHandled#"Right"
2019-5-1 17:15:00.689#keyHandled#"Right"
2019-5-1 17:15:01.085#keyHandled#"Left"
2019-5-1 17:15:01.114#keyHandled#"Up"
2019-5-1 17:15:01.843#keyHandled#"Home"
2019-5-1 17:15:02.485#copy#{"isTrusted":true}
2019-5-1 17:15:03.462#change#{"from":{"line":8,"ch":19,"sticky":"before"},"to":{"line":8,"ch":19,"sticky":"before"},"text":["",""],"removed":[""],"origin":"+input"}
2019-5-1 17:15:03.463#change#{"from":{"line":9,"ch":0,"sticky":null},"to":{"line":9,"ch":0,"sticky":null},"text":["\t"],"removed":[""],"origin":"+input"}
2019-5-1 17:15:03.463#keyHandled#"Enter"
2019-5-1 17:15:03.486#viewportChange#0
2019-5-1 17:15:04.290#change#{"from":{"line":9,"ch":0,"sticky":"after"},"to":{"line":9,"ch":1,"sticky":null},"text":[""],"removed":["\t"],"origin":"+delete"}
2019-5-1 17:15:04.290#keyHandled#"Backspace"
2019-5-1 17:15:04.562#change#{"from":{"line":9,"ch":0,"sticky":null},"to":{"line":9,"ch":0,"sticky":null},"text":["elif(entrada == \"leao\"):","\tprint(\"Lannister\")"],"removed":[""],"origin":"paste"}
2019-5-1 17:15:04.576#viewportChange#0
2019-5-1 17:15:06.458#keyHandled#"Up"
2019-5-1 17:15:06.571#keyHandled#"Left"
2019-5-1 17:15:07.072#keyHandled#"Left"
2019-5-1 17:15:07.100#keyHandled#"Left"
2019-5-1 17:15:07.221#keyHandled#"Left"
2019-5-1 17:15:07.642#keyHandled#"Right"
2019-5-1 17:15:07.794#keyHandled#"Right"
2019-5-1 17:15:07.955#keyHandled#"Right"
2019-5-1 17:15:08.096#keyHandled#"Right"
2019-5-1 17:15:09.292#change#{"from":{"line":9,"ch":17,"sticky":"after"},"to":{"line":9,"ch":21,"sticky":"before"},"text":["v"],"removed":["leao"],"origin":"+input"}
2019-5-1 17:15:09.368#change#{"from":{"line":9,"ch":18,"sticky":null},"to":{"line":9,"ch":18,"sticky":null},"text":["e"],"removed":[""],"origin":"+input"}
2019-5-1 17:15:09.541#change#{"from":{"line":9,"ch":19,"sticky":null},"to":{"line":9,"ch":19,"sticky":null},"text":["a"],"removed":[""],"origin":"+input"}
2019-5-1 17:15:09.724#change#{"from":{"line":9,"ch":20,"sticky":null},"to":{"line":9,"ch":20,"sticky":null},"text":["d"],"removed":[""],"origin":"+input"}
2019-5-1 17:15:10.425#change#{"from":{"line":9,"ch":21,"sticky":null},"to":{"line":9,"ch":21,"sticky":null},"text":["o"],"removed":[""],"origin":"+input"}
2019-5-1 17:15:11.445#keyHandled#"Down"
2019-5-1 17:15:11.560#keyHandled#"Left"
2019-5-1 17:15:12.061#keyHandled#"Left"
2019-5-1 17:15:12.092#keyHandled#"Left"
2019-5-1 17:15:12.388#keyHandled#"Right"
2019-5-1 17:15:12.555#keyHandled#"Left"
2019-5-1 17:15:13.593#keyHandled#"Left"
2019-5-1 17:15:14.161#change#{"from":{"line":10,"ch":8,"sticky":"after"},"to":{"line":10,"ch":17,"sticky":"before"},"text":["B"],"removed":["Lannister"],"origin":"+input"}
2019-5-1 17:15:14.375#change#{"from":{"line":10,"ch":9,"sticky":null},"to":{"line":10,"ch":9,"sticky":null},"text":["a"],"removed":[""],"origin":"+input"}
2019-5-1 17:15:14.477#change#{"from":{"line":10,"ch":10,"sticky":null},"to":{"line":10,"ch":10,"sticky":null},"text":["r"],"removed":[""],"origin":"+input"}
2019-5-1 17:15:14.529#change#{"from":{"line":10,"ch":11,"sticky":null},"to":{"line":10,"ch":11,"sticky":null},"text":["a"],"removed":[""],"origin":"+input"}
2019-5-1 17:15:14.986#change#{"from":{"line":10,"ch":12,"sticky":null},"to":{"line":10,"ch":12,"sticky":null},"text":["t"],"removed":[""],"origin":"+input"}
2019-5-1 17:15:15.200#change#{"from":{"line":10,"ch":13,"sticky":null},"to":{"line":10,"ch":13,"sticky":null},"text":["h"],"removed":[""],"origin":"+input"}
2019-5-1 17:15:15.454#change#{"from":{"line":10,"ch":14,"sticky":null},"to":{"line":10,"ch":14,"sticky":null},"text":["e"],"removed":[""],"origin":"+input"}
2019-5-1 17:15:15.701#change#{"from":{"line":10,"ch":15,"sticky":null},"to":{"line":10,"ch":15,"sticky":null},"text":["o"],"removed":[""],"origin":"+input"}
2019-5-1 17:15:15.899#change#{"from":{"line":10,"ch":16,"sticky":null},"to":{"line":10,"ch":16,"sticky":null},"text":["n"],"removed":[""],"origin":"+input"}
2019-5-1 17:15:16.332#keyHandled#"End"
2019-5-1 17:15:16.512#change#{"from":{"line":10,"ch":19,"sticky":"before"},"to":{"line":10,"ch":19,"sticky":"before"},"text":["",""],"removed":[""],"origin":"+input"}
2019-5-1 17:15:16.512#change#{"from":{"line":11,"ch":0,"sticky":null},"to":{"line":11,"ch":0,"sticky":null},"text":["\t"],"removed":[""],"origin":"+input"}
2019-5-1 17:15:16.512#keyHandled#"Enter"
2019-5-1 17:15:16.526#viewportChange#0
2019-5-1 17:15:16.804#change#{"from":{"line":11,"ch":0,"sticky":"after"},"to":{"line":11,"ch":1,"sticky":null},"text":[""],"removed":["\t"],"origin":"+delete"}
2019-5-1 17:15:16.804#keyHandled#"Backspace"
2019-5-1 17:15:17.251#change#{"from":{"line":11,"ch":0,"sticky":null},"to":{"line":11,"ch":0,"sticky":null},"text":["elif(entrada == \"leao\"):","\tprint(\"Lannister\")"],"removed":[""],"origin":"paste"}
2019-5-1 17:15:17.275#viewportChange#0
2019-5-1 17:15:19.556#keyHandled#"Up"
2019-5-1 17:15:19.679#keyHandled#"Left"
2019-5-1 17:15:20.029#keyHandled#"Left"
2019-5-1 17:15:20.204#keyHandled#"Left"
2019-5-1 17:15:20.367#keyHandled#"Left"
2019-5-1 17:15:20.521#keyHandled#"Right"
2019-5-1 17:15:20.681#keyHandled#"Right"
2019-5-1 17:15:20.800#keyHandled#"Right"
2019-5-1 17:15:20.947#keyHandled#"Right"
2019-5-1 17:15:21.478#change#{"from":{"line":11,"ch":17,"sticky":"after"},"to":{"line":11,"ch":21,"sticky":"before"},"text":["d"],"removed":["leao"],"origin":"+input"}
2019-5-1 17:15:21.702#change#{"from":{"line":11,"ch":18,"sticky":null},"to":{"line":11,"ch":18,"sticky":null},"text":["r"],"removed":[""],"origin":"+input"}
2019-5-1 17:15:21.928#change#{"from":{"line":11,"ch":19,"sticky":null},"to":{"line":11,"ch":19,"sticky":null},"text":["a"],"removed":[""],"origin":"+input"}
2019-5-1 17:15:22.111#change#{"from":{"line":11,"ch":20,"sticky":null},"to":{"line":11,"ch":20,"sticky":null},"text":["g"],"removed":[""],"origin":"+input"}
2019-5-1 17:15:22.398#change#{"from":{"line":11,"ch":21,"sticky":null},"to":{"line":11,"ch":21,"sticky":null},"text":["a"],"removed":[""],"origin":"+input"}
2019-5-1 17:15:22.443#change#{"from":{"line":11,"ch":22,"sticky":null},"to":{"line":11,"ch":22,"sticky":null},"text":["o"],"removed":[""],"origin":"+input"}
2019-5-1 17:15:23.560#keyHandled#"Left"
2019-5-1 17:15:23.848#keyHandled#"Left"
2019-5-1 17:15:24.348#keyHandled#"Left"
2019-5-1 17:15:24.377#keyHandled#"Left"
2019-5-1 17:15:24.408#keyHandled#"Left"
2019-5-1 17:15:24.441#keyHandled#"Left"
2019-5-1 17:15:24.471#keyHandled#"Left"
2019-5-1 17:15:24.501#keyHandled#"Left"
2019-5-1 17:15:24.531#keyHandled#"Left"
2019-5-1 17:15:24.680#keyHandled#"Left"
2019-5-1 17:15:26.791#change#{"from":{"line":12,"ch":8,"sticky":"after"},"to":{"line":12,"ch":17,"sticky":"after"},"text":["T"],"removed":["Lannister"],"origin":"+input"}
2019-5-1 17:15:26.976#change#{"from":{"line":12,"ch":9,"sticky":null},"to":{"line":12,"ch":9,"sticky":null},"text":["a"],"removed":[""],"origin":"+input"}
2019-5-1 17:15:27.060#change#{"from":{"line":12,"ch":10,"sticky":null},"to":{"line":12,"ch":10,"sticky":null},"text":["r"],"removed":[""],"origin":"+input"}
2019-5-1 17:15:27.244#change#{"from":{"line":12,"ch":11,"sticky":null},"to":{"line":12,"ch":11,"sticky":null},"text":["g"],"removed":[""],"origin":"+input"}
2019-5-1 17:15:27.320#change#{"from":{"line":12,"ch":12,"sticky":null},"to":{"line":12,"ch":12,"sticky":null},"text":["a"],"removed":[""],"origin":"+input"}
2019-5-1 17:15:27.483#change#{"from":{"line":12,"ch":13,"sticky":null},"to":{"line":12,"ch":13,"sticky":null},"text":["r"],"removed":[""],"origin":"+input"}
2019-5-1 17:15:27.981#change#{"from":{"line":12,"ch":14,"sticky":null},"to":{"line":12,"ch":14,"sticky":null},"text":["y"],"removed":[""],"origin":"+input"}
2019-5-1 17:15:28.252#change#{"from":{"line":12,"ch":15,"sticky":null},"to":{"line":12,"ch":15,"sticky":null},"text":["e"],"removed":[""],"origin":"+input"}
2019-5-1 17:15:28.295#change#{"from":{"line":12,"ch":16,"sticky":null},"to":{"line":12,"ch":16,"sticky":null},"text":["n"],"removed":[""],"origin":"+input"}
2019-5-1 17:15:28.754#keyHandled#"End"
2019-5-1 17:15:28.961#change#{"from":{"line":12,"ch":19,"sticky":"before"},"to":{"line":12,"ch":19,"sticky":"before"},"text":["",""],"removed":[""],"origin":"+input"}
2019-5-1 17:15:28.961#change#{"from":{"line":13,"ch":0,"sticky":null},"to":{"line":13,"ch":0,"sticky":null},"text":["\t"],"removed":[""],"origin":"+input"}
2019-5-1 17:15:28.961#keyHandled#"Enter"
2019-5-1 17:15:28.977#viewportChange#0
2019-5-1 17:15:29.206#change#{"from":{"line":13,"ch":0,"sticky":"after"},"to":{"line":13,"ch":1,"sticky":null},"text":[""],"removed":["\t"],"origin":"+delete"}
2019-5-1 17:15:29.206#keyHandled#"Backspace"
2019-5-1 17:15:29.679#change#{"from":{"line":13,"ch":0,"sticky":null},"to":{"line":13,"ch":0,"sticky":null},"text":["elif(entrada == \"leao\"):","\tprint(\"Lannister\")"],"removed":[""],"origin":"paste"}
2019-5-1 17:15:29.696#viewportChange#0
2019-5-1 17:15:29.923#keyHandled#"Up"
2019-5-1 17:15:31.238#keyHandled#"Left"
2019-5-1 17:15:31.429#keyHandled#"Left"
2019-5-1 17:15:31.601#keyHandled#"Left"
2019-5-1 17:15:31.775#keyHandled#"Left"
2019-5-1 17:15:31.973#keyHandled#"Right"
2019-5-1 17:15:32.128#keyHandled#"Right"
2019-5-1 17:15:32.266#keyHandled#"Right"
2019-5-1 17:15:32.400#keyHandled#"Right"
2019-5-1 17:15:33.534#keyHandled#"Down"
2019-5-1 17:15:33.689#keyHandled#"Left"
2019-5-1 17:15:33.847#keyHandled#"Left"
2019-5-1 17:15:34.139#keyHandled#"Left"
2019-5-1 17:15:34.639#keyHandled#"Left"
2019-5-1 17:15:34.667#keyHandled#"Left"
2019-5-1 17:15:34.697#keyHandled#"Left"
2019-5-1 17:15:34.727#keyHandled#"Left"
2019-5-1 17:15:34.759#keyHandled#"Left"
2019-5-1 17:15:34.790#keyHandled#"Left"
2019-5-1 17:15:34.905#keyHandled#"Left"
2019-5-1 17:15:35.063#keyHandled#"Left"
2019-5-1 17:15:35.339#keyHandled#"Left"
2019-5-1 17:15:35.561#keyHandled#"Right"
2019-5-1 17:15:37.631#change#{"from":{"line":14,"ch":8,"sticky":"before"},"to":{"line":14,"ch":17,"sticky":"after"},"text":["T"],"removed":["Lannister"],"origin":"+input"}
2019-5-1 17:15:37.882#change#{"from":{"line":14,"ch":9,"sticky":null},"to":{"line":14,"ch":9,"sticky":null},"text":["y"],"removed":[""],"origin":"+input"}
2019-5-1 17:15:38.478#change#{"from":{"line":14,"ch":10,"sticky":null},"to":{"line":14,"ch":10,"sticky":null},"text":["r"],"removed":[""],"origin":"+input"}
2019-5-1 17:15:40.033#change#{"from":{"line":14,"ch":11,"sticky":null},"to":{"line":14,"ch":11,"sticky":null},"text":["e"],"removed":[""],"origin":"+input"}
2019-5-1 17:15:40.243#change#{"from":{"line":14,"ch":12,"sticky":null},"to":{"line":14,"ch":12,"sticky":null},"text":["l"],"removed":[""],"origin":"+input"}
2019-5-1 17:15:40.360#change#{"from":{"line":14,"ch":13,"sticky":null},"to":{"line":14,"ch":13,"sticky":null},"text":["l"],"removed":[""],"origin":"+input"}
2019-5-1 17:15:40.767#keyHandled#"End"
2019-5-1 17:15:40.942#change#{"from":{"line":14,"ch":16,"sticky":"before"},"to":{"line":14,"ch":16,"sticky":"before"},"text":["",""],"removed":[""],"origin":"+input"}
2019-5-1 17:15:40.942#change#{"from":{"line":15,"ch":0,"sticky":null},"to":{"line":15,"ch":0,"sticky":null},"text":["\t"],"removed":[""],"origin":"+input"}
2019-5-1 17:15:40.942#keyHandled#"Enter"
2019-5-1 17:15:40.960#viewportChange#0
2019-5-1 17:15:41.195#change#{"from":{"line":15,"ch":0,"sticky":"after"},"to":{"line":15,"ch":1,"sticky":null},"text":[""],"removed":["\t"],"origin":"+delete"}
2019-5-1 17:15:41.195#keyHandled#"Backspace"
2019-5-1 17:15:42.405#change#{"from":{"line":15,"ch":0,"sticky":null},"to":{"line":15,"ch":0,"sticky":null},"text":["elif(entrada == \"leao\"):","\tprint(\"Lannister\")"],"removed":[""],"origin":"paste"}
2019-5-1 17:15:42.423#viewportChange#0
2019-5-1 17:15:42.729#keyHandled#"Up"
2019-5-1 17:15:43.923#keyHandled#"Left"
2019-5-1 17:15:44.099#keyHandled#"Left"
2019-5-1 17:15:44.369#keyHandled#"Left"
2019-5-1 17:15:44.536#keyHandled#"Left"
2019-5-1 17:15:44.757#keyHandled#"Right"
2019-5-1 17:15:44.907#keyHandled#"Right"
2019-5-1 17:15:45.040#keyHandled#"Right"
2019-5-1 17:15:45.173#keyHandled#"Right"
2019-5-1 17:15:45.699#change#{"from":{"line":15,"ch":17,"sticky":"after"},"to":{"line":15,"ch":21,"sticky":"before"},"text":["s"],"removed":["leao"],"origin":"+input"}
2019-5-1 17:15:45.733#change#{"from":{"line":15,"ch":18,"sticky":null},"to":{"line":15,"ch":18,"sticky":null},"text":["o"],"removed":[""],"origin":"+input"}
2019-5-1 17:15:45.895#change#{"from":{"line":15,"ch":19,"sticky":null},"to":{"line":15,"ch":19,"sticky":null},"text":["l"],"removed":[""],"origin":"+input"}
2019-5-1 17:15:46.236#keyHandled#"Down"
2019-5-1 17:15:46.396#keyHandled#"Left"
2019-5-1 17:15:46.599#keyHandled#"Left"
2019-5-1 17:15:46.813#keyHandled#"Left"
2019-5-1 17:15:47.018#keyHandled#"Right"
2019-5-1 17:15:47.463#keyHandled#"Right"
2019-5-1 17:15:47.590#keyHandled#"Left"
2019-5-1 17:15:48.091#keyHandled#"Left"
2019-5-1 17:15:48.119#keyHandled#"Left"
2019-5-1 17:15:48.148#keyHandled#"Left"
2019-5-1 17:15:48.180#keyHandled#"Left"
2019-5-1 17:15:48.209#keyHandled#"Left"
2019-5-1 17:15:48.243#keyHandled#"Left"
2019-5-1 17:15:48.540#keyHandled#"Left"
2019-5-1 17:15:48.768#keyHandled#"Left"
2019-5-1 17:15:49.621#change#{"from":{"line":16,"ch":8,"sticky":"after"},"to":{"line":16,"ch":17,"sticky":"before"},"text":["M"],"removed":["Lannister"],"origin":"+input"}
2019-5-1 17:15:49.761#blur#
2019-5-1 17:15:52.142#mousedown#{"isTrusted":true}
2019-5-1 17:15:52.149#focus#
2019-5-1 17:15:53.783#change#{"from":{"line":16,"ch":9,"sticky":"after","xRel":3.09375},"to":{"line":16,"ch":9,"sticky":"after","xRel":3.09375},"text":["a"],"removed":[""],"origin":"+input"}
2019-5-1 17:15:53.848#change#{"from":{"line":16,"ch":10,"sticky":null},"to":{"line":16,"ch":10,"sticky":null},"text":["r"],"removed":[""],"origin":"+input"}
2019-5-1 17:15:54.035#change#{"from":{"line":16,"ch":11,"sticky":null},"to":{"line":16,"ch":11,"sticky":null},"text":["t"],"removed":[""],"origin":"+input"}
2019-5-1 17:15:54.149#change#{"from":{"line":16,"ch":12,"sticky":null},"to":{"line":16,"ch":12,"sticky":null},"text":["e"],"removed":[""],"origin":"+input"}
2019-5-1 17:15:54.478#change#{"from":{"line":16,"ch":13,"sticky":null},"to":{"line":16,"ch":13,"sticky":null},"text":["l"],"removed":[""],"origin":"+input"}
2019-5-1 17:15:54.589#change#{"from":{"line":16,"ch":14,"sticky":null},"to":{"line":16,"ch":14,"sticky":null},"text":["l"],"removed":[""],"origin":"+input"}
2019-5-1 17:15:54.984#keyHandled#"End"
2019-5-1 17:15:55.414#change#{"from":{"line":16,"ch":17,"sticky":"before"},"to":{"line":16,"ch":17,"sticky":"before"},"text":["",""],"removed":[""],"origin":"+input"}
2019-5-1 17:15:55.414#change#{"from":{"line":17,"ch":0,"sticky":null},"to":{"line":17,"ch":0,"sticky":null},"text":["\t"],"removed":[""],"origin":"+input"}
2019-5-1 17:15:55.414#keyHandled#"Enter"
2019-5-1 17:15:55.432#viewportChange#0
2019-5-1 17:15:55.614#change#{"from":{"line":17,"ch":0,"sticky":"after"},"to":{"line":17,"ch":1,"sticky":null},"text":[""],"removed":["\t"],"origin":"+delete"}
2019-5-1 17:15:55.614#keyHandled#"Backspace"
2019-5-1 17:15:56.101#change#{"from":{"line":17,"ch":0,"sticky":null},"to":{"line":17,"ch":0,"sticky":null},"text":["elif(entrada == \"leao\"):","\tprint(\"Lannister\")"],"removed":[""],"origin":"paste"}
2019-5-1 17:15:56.122#viewportChange#0
2019-5-1 17:15:56.327#keyHandled#"Up"
2019-5-1 17:15:56.512#keyHandled#"Left"
2019-5-1 17:15:56.811#keyHandled#"Left"
2019-5-1 17:15:56.993#keyHandled#"Left"
2019-5-1 17:15:57.192#keyHandled#"Left"
2019-5-1 17:15:57.392#keyHandled#"Right"
2019-5-1 17:15:57.542#keyHandled#"Right"
2019-5-1 17:15:57.677#keyHandled#"Right"
2019-5-1 17:15:57.978#keyHandled#"Right"
2019-5-1 17:16:01.640#change#{"from":{"line":17,"ch":17,"sticky":"after"},"to":{"line":17,"ch":21,"sticky":"before"},"text":["l"],"removed":["leao"],"origin":"+input"}
2019-5-1 17:16:01.899#change#{"from":{"line":17,"ch":18,"sticky":null},"to":{"line":17,"ch":18,"sticky":null},"text":["u"],"removed":[""],"origin":"+input"}
2019-5-1 17:16:02.115#change#{"from":{"line":17,"ch":19,"sticky":null},"to":{"line":17,"ch":19,"sticky":null},"text":["l"],"removed":[""],"origin":"+input"}
2019-5-1 17:16:02.174#change#{"from":{"line":17,"ch":20,"sticky":null},"to":{"line":17,"ch":20,"sticky":null},"text":["a"],"removed":[""],"origin":"+input"}
2019-5-1 17:16:02.464#keyHandled#"Down"
2019-5-1 17:16:02.658#keyHandled#"Left"
2019-5-1 17:16:02.825#keyHandled#"Left"
2019-5-1 17:16:03.525#keyHandled#"Left"
2019-5-1 17:16:03.672#keyHandled#"Left"
2019-5-1 17:16:03.813#keyHandled#"Left"
2019-5-1 17:16:03.959#keyHandled#"Left"
2019-5-1 17:16:04.112#keyHandled#"Left"
2019-5-1 17:16:04.250#keyHandled#"Left"
2019-5-1 17:16:04.486#keyHandled#"Left"
2019-5-1 17:16:05.872#change#{"from":{"line":18,"ch":8,"sticky":"after"},"to":{"line":18,"ch":17,"sticky":"after"},"text":["G"],"removed":["Lannister"],"origin":"+input"}
2019-5-1 17:16:06.354#change#{"from":{"line":18,"ch":9,"sticky":null},"to":{"line":18,"ch":9,"sticky":null},"text":["r"],"removed":[""],"origin":"+input"}
2019-5-1 17:16:06.400#change#{"from":{"line":18,"ch":10,"sticky":null},"to":{"line":18,"ch":10,"sticky":null},"text":["e"],"removed":[""],"origin":"+input"}
2019-5-1 17:16:06.780#change#{"from":{"line":18,"ch":11,"sticky":null},"to":{"line":18,"ch":11,"sticky":null},"text":["y"],"removed":[""],"origin":"+input"}
2019-5-1 17:16:07.508#change#{"from":{"line":18,"ch":12,"sticky":null},"to":{"line":18,"ch":12,"sticky":null},"text":["j"],"removed":[""],"origin":"+input"}
2019-5-1 17:16:07.554#change#{"from":{"line":18,"ch":13,"sticky":null},"to":{"line":18,"ch":13,"sticky":null},"text":["o"],"removed":[""],"origin":"+input"}
2019-5-1 17:16:07.623#change#{"from":{"line":18,"ch":14,"sticky":null},"to":{"line":18,"ch":14,"sticky":null},"text":["y"],"removed":[""],"origin":"+input"}
2019-5-1 17:16:08.095#keyHandled#"End"
2019-5-1 17:16:08.289#change#{"from":{"line":18,"ch":17,"sticky":"before"},"to":{"line":18,"ch":17,"sticky":"before"},"text":["",""],"removed":[""],"origin":"+input"}
2019-5-1 17:16:08.289#change#{"from":{"line":19,"ch":0,"sticky":null},"to":{"line":19,"ch":0,"sticky":null},"text":["\t"],"removed":[""],"origin":"+input"}
2019-5-1 17:16:08.289#keyHandled#"Enter"
2019-5-1 17:16:08.308#viewportChange#0
2019-5-1 17:16:08.500#change#{"from":{"line":19,"ch":0,"sticky":"after"},"to":{"line":19,"ch":1,"sticky":null},"text":[""],"removed":["\t"],"origin":"+delete"}
2019-5-1 17:16:08.500#keyHandled#"Backspace"
2019-5-1 17:16:09.038#change#{"from":{"line":19,"ch":0,"sticky":null},"to":{"line":19,"ch":0,"sticky":null},"text":["elif(entrada == \"leao\"):","\tprint(\"Lannister\")"],"removed":[""],"origin":"paste"}
2019-5-1 17:16:09.058#viewportChange#0
2019-5-1 17:16:10.629#keyHandled#"Up"
2019-5-1 17:16:10.730#keyHandled#"Left"
2019-5-1 17:16:11.231#keyHandled#"Left"
2019-5-1 17:16:11.262#keyHandled#"Left"
2019-5-1 17:16:11.293#keyHandled#"Left"
2019-5-1 17:16:11.328#keyHandled#"Left"
2019-5-1 17:16:11.355#keyHandled#"Left"
2019-5-1 17:16:11.385#keyHandled#"Left"
2019-5-1 17:16:11.878#keyHandled#"Up"
2019-5-1 17:16:12.105#keyHandled#"Right"
2019-5-1 17:16:12.595#keyHandled#"Down"
2019-5-1 17:16:12.861#keyHandled#"Right"
2019-5-1 17:16:13.595#keyHandled#"Right"
2019-5-1 17:16:13.753#keyHandled#"Right"
2019-5-1 17:16:13.894#keyHandled#"Right"
2019-5-1 17:16:14.521#change#{"from":{"line":19,"ch":17,"sticky":"before"},"to":{"line":19,"ch":21,"sticky":"before"},"text":["e"],"removed":["leao"],"origin":"+input"}
2019-5-1 17:16:14.682#change#{"from":{"line":19,"ch":18,"sticky":null},"to":{"line":19,"ch":18,"sticky":null},"text":["s"],"removed":[""],"origin":"+input"}
2019-5-1 17:16:15.105#change#{"from":{"line":19,"ch":19,"sticky":null},"to":{"line":19,"ch":19,"sticky":null},"text":["o"],"removed":[""],"origin":"+input"}
2019-5-1 17:16:15.688#change#{"from":{"line":19,"ch":19,"sticky":"after"},"to":{"line":19,"ch":20,"sticky":null},"text":[""],"removed":["o"],"origin":"+delete"}
2019-5-1 17:16:15.688#keyHandled#"Backspace"
2019-5-1 17:16:16.668#change#{"from":{"line":19,"ch":19,"sticky":null},"to":{"line":19,"ch":19,"sticky":null},"text":["f"],"removed":[""],"origin":"+input"}
2019-5-1 17:16:16.763#change#{"from":{"line":19,"ch":20,"sticky":null},"to":{"line":19,"ch":20,"sticky":null},"text":["o"],"removed":[""],"origin":"+input"}
2019-5-1 17:16:17.263#change#{"from":{"line":19,"ch":21,"sticky":null},"to":{"line":19,"ch":21,"sticky":null},"text":["l"],"removed":[""],"origin":"+input"}
2019-5-1 17:16:17.332#change#{"from":{"line":19,"ch":22,"sticky":null},"to":{"line":19,"ch":22,"sticky":null},"text":["a"],"removed":[""],"origin":"+input"}
2019-5-1 17:16:17.635#change#{"from":{"line":19,"ch":23,"sticky":null},"to":{"line":19,"ch":23,"sticky":null},"text":["d"],"removed":[""],"origin":"+input"}
2019-5-1 17:16:17.667#change#{"from":{"line":19,"ch":24,"sticky":null},"to":{"line":19,"ch":24,"sticky":null},"text":["o"],"removed":[""],"origin":"+input"}
2019-5-1 17:16:18.362#keyHandled#"Down"
2019-5-1 17:16:18.512#keyHandled#"Left"
2019-5-1 17:16:18.714#keyHandled#"Left"
2019-5-1 17:16:18.970#keyHandled#"Left"
2019-5-1 17:16:19.472#keyHandled#"Left"
2019-5-1 17:16:19.502#keyHandled#"Left"
2019-5-1 17:16:19.531#keyHandled#"Left"
2019-5-1 17:16:19.564#keyHandled#"Left"
2019-5-1 17:16:19.594#keyHandled#"Left"
2019-5-1 17:16:19.631#keyHandled#"Left"
2019-5-1 17:16:19.739#keyHandled#"Left"
2019-5-1 17:16:19.930#keyHandled#"Left"
2019-5-1 17:16:22.636#change#{"from":{"line":20,"ch":8,"sticky":"after"},"to":{"line":20,"ch":17,"sticky":"after"},"text":["B"],"removed":["Lannister"],"origin":"+input"}
2019-5-1 17:16:23.410#change#{"from":{"line":20,"ch":12,"sticky":null},"to":{"line":20,"ch":12,"sticky":null},"text":["o"],"removed":[""],"origin":"+input"}
2019-5-1 17:16:23.601#change#{"from":{"line":20,"ch":13,"sticky":null},"to":{"line":20,"ch":13,"sticky":null},"text":["n"],"removed":[""],"origin":"+input"}
2019-5-1 17:16:24.017#keyHandled#"End"
2019-5-1 17:16:24.186#change#{"from":{"line":20,"ch":16,"sticky":"before"},"to":{"line":20,"ch":16,"sticky":"before"},"text":["",""],"removed":[""],"origin":"+input"}
2019-5-1 17:16:24.186#change#{"from":{"line":21,"ch":0,"sticky":null},"to":{"line":21,"ch":0,"sticky":null},"text":["\t"],"removed":[""],"origin":"+input"}
2019-5-1 17:16:24.186#keyHandled#"Enter"
2019-5-1 17:16:24.205#viewportChange#0
2019-5-1 17:16:24.411#change#{"from":{"line":21,"ch":0,"sticky":"after"},"to":{"line":21,"ch":1,"sticky":null},"text":[""],"removed":["\t"],"origin":"+delete"}
2019-5-1 17:16:24.411#keyHandled#"Backspace"
2019-5-1 17:16:24.711#change#{"from":{"line":21,"ch":0,"sticky":null},"to":{"line":21,"ch":0,"sticky":null},"text":["elif(entrada == \"leao\"):","\tprint(\"Lannister\")"],"removed":[""],"origin":"paste"}
2019-5-1 17:16:24.732#viewportChange#0
2019-5-1 17:16:25.191#keyHandled#"Up"
2019-5-1 17:16:25.328#keyHandled#"Left"
2019-5-1 17:16:25.535#keyHandled#"Left"
2019-5-1 17:16:25.716#keyHandled#"Left"
2019-5-1 17:16:26.098#keyHandled#"Left"
2019-5-1 17:16:26.318#keyHandled#"Right"
2019-5-1 17:16:26.472#keyHandled#"Right"
2019-5-1 17:16:26.615#keyHandled#"Right"
2019-5-1 17:16:26.964#keyHandled#"Right"
2019-5-1 17:16:28.600#change#{"from":{"line":21,"ch":17,"sticky":"after"},"to":{"line":21,"ch":21,"sticky":"before"},"text":["t"],"removed":["leao"],"origin":"+input"}
2019-5-1 17:16:28.666#change#{"from":{"line":21,"ch":18,"sticky":null},"to":{"line":21,"ch":18,"sticky":null},"text":["u"],"removed":[""],"origin":"+input"}
2019-5-1 17:16:29.565#change#{"from":{"line":21,"ch":19,"sticky":null},"to":{"line":21,"ch":19,"sticky":null},"text":["r"],"removed":[""],"origin":"+input"}
2019-5-1 17:16:29.875#change#{"from":{"line":21,"ch":20,"sticky":null},"to":{"line":21,"ch":20,"sticky":null},"text":["t"],"removed":[""],"origin":"+input"}
2019-5-1 17:16:29.921#change#{"from":{"line":21,"ch":21,"sticky":null},"to":{"line":21,"ch":21,"sticky":null},"text":["a"],"removed":[""],"origin":"+input"}
2019-5-1 17:16:30.664#keyHandled#"Down"
2019-5-1 17:16:30.850#keyHandled#"Left"
2019-5-1 17:16:31.049#keyHandled#"Left"
2019-5-1 17:16:31.298#keyHandled#"Left"
2019-5-1 17:16:31.798#keyHandled#"Left"
2019-5-1 17:16:31.831#keyHandled#"Left"
2019-5-1 17:16:31.864#keyHandled#"Left"
2019-5-1 17:16:31.889#keyHandled#"Left"
2019-5-1 17:16:31.919#keyHandled#"Left"
2019-5-1 17:16:31.950#keyHandled#"Left"
2019-5-1 17:16:32.099#keyHandled#"Left"
2019-5-1 17:16:32.295#keyHandled#"Left"
2019-5-1 17:16:33.486#change#{"from":{"line":22,"ch":9,"sticky":null},"to":{"line":22,"ch":9,"sticky":null},"text":["u"],"removed":[""],"origin":"+input"}
2019-5-1 17:16:33.799#change#{"from":{"line":22,"ch":10,"sticky":null},"to":{"line":22,"ch":10,"sticky":null},"text":["l"],"removed":[""],"origin":"+input"}
2019-5-1 17:16:33.932#change#{"from":{"line":22,"ch":11,"sticky":null},"to":{"line":22,"ch":11,"sticky":null},"text":["l"],"removed":[""],"origin":"+input"}
2019-5-1 17:16:34.316#change#{"from":{"line":22,"ch":12,"sticky":null},"to":{"line":22,"ch":12,"sticky":null},"text":["y"],"removed":[""],"origin":"+input"}
2019-5-1 17:16:34.581#keyHandled#"End"
2019-5-1 17:16:35.035#change#{"from":{"line":22,"ch":15,"sticky":"before"},"to":{"line":22,"ch":15,"sticky":"before"},"text":["",""],"removed":[""],"origin":"+input"}
2019-5-1 17:16:35.035#change#{"from":{"line":23,"ch":0,"sticky":null},"to":{"line":23,"ch":0,"sticky":null},"text":["\t"],"removed":[""],"origin":"+input"}
2019-5-1 17:16:35.035#keyHandled#"Enter"
2019-5-1 17:16:35.056#viewportChange#0
2019-5-1 17:16:35.255#change#{"from":{"line":23,"ch":0,"sticky":"after"},"to":{"line":23,"ch":1,"sticky":null},"text":[""],"removed":["\t"],"origin":"+delete"}
2019-5-1 17:16:35.255#keyHandled#"Backspace"
2019-5-1 17:16:35.732#change#{"from":{"line":23,"ch":0,"sticky":null},"to":{"line":23,"ch":0,"sticky":null},"text":["e"],"removed":[""],"origin":"+input"}
2019-5-1 17:16:35.804#change#{"from":{"line":23,"ch":1,"sticky":null},"to":{"line":23,"ch":1,"sticky":null},"text":["l"],"removed":[""],"origin":"+input"}
2019-5-1 17:16:35.894#change#{"from":{"line":23,"ch":2,"sticky":null},"to":{"line":23,"ch":2,"sticky":null},"text":["s"],"removed":[""],"origin":"+input"}
2019-5-1 17:16:36.082#change#{"from":{"line":23,"ch":3,"sticky":null},"to":{"line":23,"ch":3,"sticky":null},"text":["e"],"removed":[""],"origin":"+input"}
2019-5-1 17:16:36.593#change#{"from":{"line":23,"ch":4,"sticky":null},"to":{"line":23,"ch":4,"sticky":null},"text":[":"],"removed":[""],"origin":"+input"}
2019-5-1 17:16:36.802#change#{"from":{"line":23,"ch":5,"sticky":null},"to":{"line":23,"ch":5,"sticky":null},"text":["",""],"removed":[""],"origin":"+input"}
2019-5-1 17:16:36.802#change#{"from":{"line":24,"ch":0,"sticky":null},"to":{"line":24,"ch":0,"sticky":null},"text":["\t"],"removed":[""],"origin":"+input"}
2019-5-1 17:16:36.802#keyHandled#"Enter"
2019-5-1 17:16:36.824#viewportChange#0
2019-5-1 17:16:37.389#change#{"from":{"line":24,"ch":1,"sticky":null},"to":{"line":24,"ch":1,"sticky":null},"text":["p"],"removed":[""],"origin":"+input"}
2019-5-1 17:16:37.509#change#{"from":{"line":24,"ch":2,"sticky":null},"to":{"line":24,"ch":2,"sticky":null},"text":["r"],"removed":[""],"origin":"+input"}
2019-5-1 17:16:37.620#change#{"from":{"line":24,"ch":3,"sticky":null},"to":{"line":24,"ch":3,"sticky":null},"text":["i"],"removed":[""],"origin":"+input"}
2019-5-1 17:16:37.815#change#{"from":{"line":24,"ch":4,"sticky":null},"to":{"line":24,"ch":4,"sticky":null},"text":["n"],"removed":[""],"origin":"+input"}
2019-5-1 17:16:37.839#change#{"from":{"line":24,"ch":5,"sticky":null},"to":{"line":24,"ch":5,"sticky":null},"text":["t"],"removed":[""],"origin":"+input"}
2019-5-1 17:16:38.218#change#{"from":{"line":24,"ch":6,"sticky":null},"to":{"line":24,"ch":6,"sticky":null},"text":["()"],"removed":[""],"origin":"+input"}
2019-5-1 17:16:38.218#keyHandled#"'('"
2019-5-1 17:16:38.498#change#{"from":{"line":24,"ch":7,"sticky":"after"},"to":{"line":24,"ch":7,"sticky":"after"},"text":["\"\""],"removed":[""],"origin":"+input"}
2019-5-1 17:16:38.498#keyHandled#"'\"'"
2019-5-1 17:16:39.502#change#{"from":{"line":24,"ch":8,"sticky":"after"},"to":{"line":24,"ch":8,"sticky":"after"},"text":["I"],"removed":[""],"origin":"+input"}
2019-5-1 17:16:39.724#change#{"from":{"line":24,"ch":9,"sticky":null},"to":{"line":24,"ch":9,"sticky":null},"text":["n"],"removed":[""],"origin":"+input"}
2019-5-1 17:16:39.933#change#{"from":{"line":24,"ch":10,"sticky":null},"to":{"line":24,"ch":10,"sticky":null},"text":["v"],"removed":[""],"origin":"+input"}
2019-5-1 17:16:39.994#change#{"from":{"line":24,"ch":11,"sticky":null},"to":{"line":24,"ch":11,"sticky":null},"text":["a"],"removed":[""],"origin":"+input"}
2019-5-1 17:16:40.205#change#{"from":{"line":24,"ch":12,"sticky":null},"to":{"line":24,"ch":12,"sticky":null},"text":["l"],"removed":[""],"origin":"+input"}
2019-5-1 17:16:40.402#change#{"from":{"line":24,"ch":13,"sticky":null},"to":{"line":24,"ch":13,"sticky":null},"text":["i"],"removed":[""],"origin":"+input"}
2019-5-1 17:16:40.468#change#{"from":{"line":24,"ch":14,"sticky":null},"to":{"line":24,"ch":14,"sticky":null},"text":["d"],"removed":[""],"origin":"+input"}
2019-5-1 17:16:40.549#change#{"from":{"line":24,"ch":15,"sticky":null},"to":{"line":24,"ch":15,"sticky":null},"text":["o"],"removed":[""],"origin":"+input"}
2019-5-1 17:17:02.233#mousedown#{"isTrusted":true}
2019-5-1 17:17:03.640#mousedown#{"isTrusted":true}
2019-5-1 17:17:04.638#mousedown#{"isTrusted":true}
2019-5-1 17:17:06.401#change#{"from":{"line":3,"ch":0,"sticky":"after","xRel":-4},"to":{"line":3,"ch":22,"sticky":"before","xRel":71.703125},"text":[""],"removed":["print(\"Casa:\",end=' ')"],"origin":"+delete"}
2019-5-1 17:17:06.401#keyHandled#"Backspace"
2019-5-1 17:17:06.573#change#{"from":{"line":2,"ch":25,"sticky":"before"},"to":{"line":3,"ch":0,"sticky":null},"text":[""],"removed":["",""],"origin":"+delete"}
2019-5-1 17:17:06.573#keyHandled#"Backspace"
2019-5-1 17:17:06.599#viewportChange#0
2019-5-1 17:17:07.336#keyHandled#"Down"
2019-5-1 17:17:07.672#keyHandled#"Down"
2019-5-1 17:17:08.083#change#{"from":{"line":4,"ch":22,"sticky":"before","xRel":25.6875},"to":{"line":4,"ch":22,"sticky":"before","xRel":25.6875},"text":["",""],"removed":[""],"origin":"+input"}
2019-5-1 17:17:08.083#change#{"from":{"line":5,"ch":0,"sticky":null},"to":{"line":5,"ch":0,"sticky":null},"text":["\t"],"removed":[""],"origin":"+input"}
2019-5-1 17:17:08.083#keyHandled#"Enter"
2019-5-1 17:17:08.109#viewportChange#0
2019-5-1 17:17:08.704#change#{"from":{"line":5,"ch":1,"sticky":null},"to":{"line":5,"ch":1,"sticky":null},"text":["p"],"removed":[""],"origin":"+input"}
2019-5-1 17:17:08.875#change#{"from":{"line":5,"ch":2,"sticky":null},"to":{"line":5,"ch":2,"sticky":null},"text":["r"],"removed":[""],"origin":"+input"}
2019-5-1 17:17:08.932#change#{"from":{"line":5,"ch":3,"sticky":null},"to":{"line":5,"ch":3,"sticky":null},"text":["i"],"removed":[""],"origin":"+input"}
2019-5-1 17:17:09.122#change#{"from":{"line":5,"ch":4,"sticky":null},"to":{"line":5,"ch":4,"sticky":null},"text":["n"],"removed":[""],"origin":"+input"}
2019-5-1 17:17:09.167#change#{"from":{"line":5,"ch":5,"sticky":null},"to":{"line":5,"ch":5,"sticky":null},"text":["t"],"removed":[""],"origin":"+input"}
2019-5-1 17:17:09.745#change#{"from":{"line":5,"ch":6,"sticky":null},"to":{"line":5,"ch":6,"sticky":null},"text":["()"],"removed":[""],"origin":"+input"}
2019-5-1 17:17:09.745#keyHandled#"'('"
2019-5-1 17:17:10.738#change#{"from":{"line":5,"ch":7,"sticky":"after"},"to":{"line":5,"ch":7,"sticky":"after"},"text":["\"\""],"removed":[""],"origin":"+input"}
2019-5-1 17:17:10.739#keyHandled#"'\"'"
2019-5-1 17:17:11.376#change#{"from":{"line":5,"ch":8,"sticky":"after"},"to":{"line":5,"ch":8,"sticky":"after"},"text":["C"],"removed":[""],"origin":"+input"}
2019-5-1 17:17:11.604#change#{"from":{"line":5,"ch":9,"sticky":null},"to":{"line":5,"ch":9,"sticky":null},"text":["a"],"removed":[""],"origin":"+input"}
2019-5-1 17:17:11.814#change#{"from":{"line":5,"ch":10,"sticky":null},"to":{"line":5,"ch":10,"sticky":null},"text":["s"],"removed":[""],"origin":"+input"}
2019-5-1 17:17:11.867#change#{"from":{"line":5,"ch":11,"sticky":null},"to":{"line":5,"ch":11,"sticky":null},"text":["a"],"removed":[""],"origin":"+input"}
2019-5-1 17:17:13.605#change#{"from":{"line":5,"ch":8,"sticky":null},"to":{"line":5,"ch":12,"sticky":null},"text":[""],"removed":["Casa"],"origin":"undo"}
2019-5-1 17:17:13.605#change#{"from":{"line":5,"ch":7,"sticky":null},"to":{"line":5,"ch":9,"sticky":null},"text":[""],"removed":["\"\""],"origin":"undo"}
2019-5-1 17:17:13.605#change#{"from":{"line":4,"ch":22,"sticky":null},"to":{"line":5,"ch":8,"sticky":null},"text":[""],"removed":["","\tprint()"],"origin":"undo"}
2019-5-1 17:17:13.605#keyHandled#"Ctrl-Z"
2019-5-1 17:17:13.631#viewportChange#0
2019-5-1 17:17:14.133#change#{"from":{"line":2,"ch":25,"sticky":null},"to":{"line":2,"ch":25,"sticky":null},"text":["",""],"removed":[""],"origin":"undo"}
2019-5-1 17:17:14.134#change#{"from":{"line":3,"ch":0,"sticky":null},"to":{"line":3,"ch":0,"sticky":null},"text":["print(\"Casa:\",end=' ')"],"removed":[""],"origin":"undo"}
2019-5-1 17:17:14.134#keyHandled#"Ctrl-Z"
2019-5-1 17:17:14.165#viewportChange#0
2019-5-1 17:17:15.553#change#{"from":{"line":3,"ch":0,"sticky":"after","xRel":-4},"to":{"line":3,"ch":22,"sticky":"before","xRel":71.703125},"text":[""],"removed":["print(\"Casa:\",end=' ')"],"origin":"cut"}
2019-5-1 17:17:16.600#mousedown#{"isTrusted":true}
2019-5-1 17:17:17.200#change#{"from":{"line":5,"ch":22,"sticky":"before","xRel":22.09375},"to":{"line":5,"ch":22,"sticky":"before","xRel":22.09375},"text":["",""],"removed":[""],"origin":"+input"}
2019-5-1 17:17:17.200#change#{"from":{"line":6,"ch":0,"sticky":null},"to":{"line":6,"ch":0,"sticky":null},"text":["\t"],"removed":[""],"origin":"+input"}
2019-5-1 17:17:17.200#keyHandled#"Enter"
2019-5-1 17:17:17.225#viewportChange#0
2019-5-1 17:17:17.358#change#{"from":{"line":6,"ch":1,"sticky":null},"to":{"line":6,"ch":1,"sticky":null},"text":["print(\"Casa:\",end=' ')"],"removed":[""],"origin":"paste"}
2019-5-1 17:17:19.678#mousedown#{"isTrusted":true}
2019-5-1 17:17:21.768#keyHandled#"Up"
2019-5-1 17:17:21.937#keyHandled#"Up"
2019-5-1 17:17:22.105#keyHandled#"Up"
2019-5-1 17:17:22.274#keyHandled#"Up"
2019-5-1 17:17:22.436#keyHandled#"Up"
2019-5-1 17:17:22.746#keyHandled#"Down"
2019-5-1 17:17:24.108#change#{"from":{"line":8,"ch":24,"sticky":"before","xRel":8.65625},"to":{"line":8,"ch":24,"sticky":"before","xRel":8.65625},"text":["",""],"removed":[""],"origin":"+input"}
2019-5-1 17:17:24.108#change#{"from":{"line":9,"ch":0,"sticky":null},"to":{"line":9,"ch":0,"sticky":null},"text":["\t"],"removed":[""],"origin":"+input"}
2019-5-1 17:17:24.108#keyHandled#"Enter"
2019-5-1 17:17:24.136#viewportChange#0
2019-5-1 17:17:24.376#change#{"from":{"line":9,"ch":1,"sticky":null},"to":{"line":9,"ch":1,"sticky":null},"text":["print(\"Casa:\",end=' ')"],"removed":[""],"origin":"paste"}
2019-5-1 17:17:24.719#keyHandled#"Down"
2019-5-1 17:17:24.875#keyHandled#"Down"
2019-5-1 17:17:25.409#change#{"from":{"line":11,"ch":25,"sticky":"before","xRel":0.03125},"to":{"line":11,"ch":25,"sticky":"before","xRel":0.03125},"text":["",""],"removed":[""],"origin":"+input"}
2019-5-1 17:17:25.409#change#{"from":{"line":12,"ch":0,"sticky":null},"to":{"line":12,"ch":0,"sticky":null},"text":["\t"],"removed":[""],"origin":"+input"}
2019-5-1 17:17:25.409#keyHandled#"Enter"
2019-5-1 17:17:25.436#viewportChange#0
2019-5-1 17:17:25.670#change#{"from":{"line":12,"ch":1,"sticky":null},"to":{"line":12,"ch":1,"sticky":null},"text":["print(\"Casa:\",end=' ')"],"removed":[""],"origin":"paste"}
2019-5-1 17:17:25.893#keyHandled#"Down"
2019-5-1 17:17:26.051#keyHandled#"Down"
2019-5-1 17:17:26.900#keyHandled#"Right"
2019-5-1 17:17:27.379#change#{"from":{"line":14,"ch":26,"sticky":"before"},"to":{"line":14,"ch":26,"sticky":"before"},"text":["",""],"removed":[""],"origin":"+input"}
2019-5-1 17:17:27.379#change#{"from":{"line":15,"ch":0,"sticky":null},"to":{"line":15,"ch":0,"sticky":null},"text":["\t"],"removed":[""],"origin":"+input"}
2019-5-1 17:17:27.379#keyHandled#"Enter"
2019-5-1 17:17:27.407#viewportChange#0
2019-5-1 17:17:27.544#change#{"from":{"line":15,"ch":1,"sticky":null},"to":{"line":15,"ch":1,"sticky":null},"text":["print(\"Casa:\",end=' ')"],"removed":[""],"origin":"paste"}
2019-5-1 17:17:27.948#keyHandled#"Down"
2019-5-1 17:17:28.117#keyHandled#"Down"
2019-5-1 17:17:29.068#change#{"from":{"line":17,"ch":24,"sticky":"before","xRel":8.6875},"to":{"line":17,"ch":24,"sticky":"before","xRel":8.6875},"text":["",""],"removed":[""],"origin":"+input"}
2019-5-1 17:17:29.068#change#{"from":{"line":18,"ch":0,"sticky":null},"to":{"line":18,"ch":0,"sticky":null},"text":["\t"],"removed":[""],"origin":"+input"}
2019-5-1 17:17:29.068#keyHandled#"Enter"
2019-5-1 17:17:29.096#viewportChange#0
2019-5-1 17:17:29.274#change#{"from":{"line":18,"ch":1,"sticky":null},"to":{"line":18,"ch":1,"sticky":null},"text":["print(\"Casa:\",end=' ')"],"removed":[""],"origin":"paste"}
2019-5-1 17:17:29.703#keyHandled#"Down"
2019-5-1 17:17:29.912#keyHandled#"Down"
2019-5-1 17:17:30.736#change#{"from":{"line":20,"ch":23,"sticky":"before","xRel":16.890625},"to":{"line":20,"ch":23,"sticky":"before","xRel":16.890625},"text":["",""],"removed":[""],"origin":"+input"}
2019-5-1 17:17:30.736#change#{"from":{"line":21,"ch":0,"sticky":null},"to":{"line":21,"ch":0,"sticky":null},"text":["\t"],"removed":[""],"origin":"+input"}
2019-5-1 17:17:30.736#keyHandled#"Enter"
2019-5-1 17:17:30.762#viewportChange#0
2019-5-1 17:17:30.907#change#{"from":{"line":21,"ch":1,"sticky":null},"to":{"line":21,"ch":1,"sticky":null},"text":["print(\"Casa:\",end=' ')"],"removed":[""],"origin":"paste"}
2019-5-1 17:17:31.241#keyHandled#"Down"
2019-5-1 17:17:31.404#keyHandled#"Down"
2019-5-1 17:17:31.929#change#{"from":{"line":23,"ch":24,"sticky":"before","xRel":8.6875},"to":{"line":23,"ch":24,"sticky":"before","xRel":8.6875},"text":["",""],"removed":[""],"origin":"+input"}
2019-5-1 17:17:31.929#change#{"from":{"line":24,"ch":0,"sticky":null},"to":{"line":24,"ch":0,"sticky":null},"text":["\t"],"removed":[""],"origin":"+input"}
2019-5-1 17:17:31.929#keyHandled#"Enter"
2019-5-1 17:17:31.955#viewportChange#0
2019-5-1 17:17:32.242#change#{"from":{"line":24,"ch":1,"sticky":null},"to":{"line":24,"ch":1,"sticky":null},"text":["print(\"Casa:\",end=' ')"],"removed":[""],"origin":"paste"}
2019-5-1 17:17:32.497#keyHandled#"Down"
2019-5-1 17:17:32.656#keyHandled#"Down"
2019-5-1 17:17:33.970#change#{"from":{"line":26,"ch":28,"sticky":"before"},"to":{"line":26,"ch":28,"sticky":"before"},"text":["",""],"removed":[""],"origin":"+input"}
2019-5-1 17:17:33.970#change#{"from":{"line":27,"ch":0,"sticky":null},"to":{"line":27,"ch":0,"sticky":null},"text":["\t"],"removed":[""],"origin":"+input"}
2019-5-1 17:17:33.970#keyHandled#"Enter"
2019-5-1 17:17:33.996#viewportChange#0
2019-5-1 17:17:34.208#change#{"from":{"line":27,"ch":1,"sticky":null},"to":{"line":27,"ch":1,"sticky":null},"text":["print(\"Casa:\",end=' ')"],"removed":[""],"origin":"paste"}
2019-5-1 17:17:34.495#keyHandled#"Down"
2019-5-1 17:17:34.643#keyHandled#"Down"
2019-5-1 17:17:35.441#change#{"from":{"line":29,"ch":25,"sticky":"before","xRel":0.03125},"to":{"line":29,"ch":25,"sticky":"before","xRel":0.03125},"text":["",""],"removed":[""],"origin":"+input"}
2019-5-1 17:17:35.441#change#{"from":{"line":30,"ch":0,"sticky":null},"to":{"line":30,"ch":0,"sticky":null},"text":["\t"],"removed":[""],"origin":"+input"}
2019-5-1 17:17:35.441#keyHandled#"Enter"
2019-5-1 17:17:35.466#viewportChange#0
2019-5-1 17:17:35.685#change#{"from":{"line":30,"ch":1,"sticky":null},"to":{"line":30,"ch":1,"sticky":null},"text":["print(\"Casa:\",end=' ')"],"removed":[""],"origin":"paste"}
2019-5-1 17:17:36.131#keyHandled#"Down"
2019-5-1 17:17:36.352#keyHandled#"Down"
2019-5-1 17:17:37.418#keyHandled#"Down"
2019-5-1 17:17:38.539#keyHandled#"Up"
2019-5-1 17:17:38.910#keyHandled#"Down"
2019-5-1 17:17:39.185#keyHandled#"Left"
2019-5-1 17:17:39.685#keyHandled#"Left"
2019-5-1 17:17:39.720#keyHandled#"Left"
2019-5-1 17:17:39.745#keyHandled#"Left"
2019-5-1 17:17:39.776#keyHandled#"Left"
2019-5-1 17:17:39.925#keyHandled#"Left"
2019-5-1 17:17:40.105#keyHandled#"Left"
2019-5-1 17:17:40.264#keyHandled#"Left"
2019-5-1 17:17:40.423#keyHandled#"Left"
2019-5-1 17:17:40.592#keyHandled#"Left"
2019-5-1 17:17:40.768#keyHandled#"Right"
2019-5-1 17:17:40.935#keyHandled#"Right"
2019-5-1 17:17:41.076#keyHandled#"Right"
2019-5-1 17:17:41.221#keyHandled#"Right"
2019-5-1 17:17:41.355#keyHandled#"Right"
2019-5-1 17:17:41.501#keyHandled#"Right"
2019-5-1 17:17:41.640#keyHandled#"Right"
2019-5-1 17:17:41.938#keyHandled#"Right"
2019-5-1 17:17:42.491#change#{"from":{"line":33,"ch":8,"sticky":"after"},"to":{"line":33,"ch":16,"sticky":"before"},"text":["B"],"removed":["Invalido"],"origin":"+input"}
2019-5-1 17:17:42.716#change#{"from":{"line":33,"ch":9,"sticky":null},"to":{"line":33,"ch":9,"sticky":null},"text":["r"],"removed":[""],"origin":"+input"}
2019-5-1 17:17:42.788#change#{"from":{"line":33,"ch":10,"sticky":null},"to":{"line":33,"ch":10,"sticky":null},"text":["a"],"removed":[""],"origin":"+input"}
2019-5-1 17:17:43.438#change#{"from":{"line":33,"ch":14,"sticky":null},"to":{"line":33,"ch":14,"sticky":null},"text":[" "],"removed":[""],"origin":"+input"}
2019-5-1 17:17:43.747#change#{"from":{"line":33,"ch":15,"sticky":null},"to":{"line":33,"ch":15,"sticky":null},"text":["i"],"removed":[""],"origin":"+input"}
2019-5-1 17:17:44.361#change#{"from":{"line":33,"ch":16,"sticky":null},"to":{"line":33,"ch":16,"sticky":null},"text":["n"],"removed":[""],"origin":"+input"}
2019-5-1 17:17:44.576#change#{"from":{"line":33,"ch":17,"sticky":null},"to":{"line":33,"ch":17,"sticky":null},"text":["v"],"removed":[""],"origin":"+input"}
2019-5-1 17:17:44.663#change#{"from":{"line":33,"ch":18,"sticky":null},"to":{"line":33,"ch":18,"sticky":null},"text":["a"],"removed":[""],"origin":"+input"}
2019-5-1 17:17:45.024#change#{"from":{"line":33,"ch":19,"sticky":null},"to":{"line":33,"ch":19,"sticky":null},"text":["u"],"removed":[""],"origin":"+input"}
2019-5-1 17:17:45.502#change#{"from":{"line":33,"ch":19,"sticky":"after"},"to":{"line":33,"ch":20,"sticky":null},"text":[""],"removed":["u"],"origin":"+delete"}
2019-5-1 17:17:45.502#keyHandled#"Backspace"
2019-5-1 17:17:45.743#change#{"from":{"line":33,"ch":19,"sticky":null},"to":{"line":33,"ch":19,"sticky":null},"text":["l"],"removed":[""],"origin":"+input"}
2019-5-1 17:17:45.922#change#{"from":{"line":33,"ch":20,"sticky":null},"to":{"line":33,"ch":20,"sticky":null},"text":["i"],"removed":[""],"origin":"+input"}
2019-5-1 17:17:46.008#change#{"from":{"line":33,"ch":21,"sticky":null},"to":{"line":33,"ch":21,"sticky":null},"text":["d"],"removed":[""],"origin":"+input"}
2019-5-1 17:17:46.072#change#{"from":{"line":33,"ch":22,"sticky":null},"to":{"line":33,"ch":22,"sticky":null},"text":["o"],"removed":[""],"origin":"+input"}
2019-5-1 17:17:51.312#blur#
2019-5-1 17:17:51.312#blur#
2019-5-1 17:18:03.736#saida_testar#$ python3 main.py
2019-5-1 17:18:03.736#saida_testar#$ python3 main.py
2019-5-1 17:18:11.761#submit#Congratulations, your code is correct!
2019-5-1 17:19:14.521#mousedown#{"isTrusted":true}
2019-5-1 17:19:14.591#focus#
2019-5-1 17:19:14.906#keyHandled#"Ctrl-A"
2019-5-1 17:19:15.556#copy#{"isTrusted":true}
2019-5-1 17:19:16.080#blur#
2019-5-1 17:20:26.942#focus#
2019-5-1 17:20:28.044#mousedown#{"isTrusted":true}
2019-5-1 17:20:29.116#mousedown#{"isTrusted":true}
2019-5-1 17:20:33.275#mousedown#{"isTrusted":true}
2019-5-1 17:20:33.948#mousedown#{"isTrusted":true}
2019-5-1 17:20:34.316#mousedown#{"isTrusted":true}
2019-5-1 17:20:34.864#mousedown#{"isTrusted":true}
2019-5-1 17:20:35.135#mousedown#{"isTrusted":true}
2019-5-1 17:20:35.309#mousedown#{"isTrusted":true}
2019-5-1 17:20:35.347#dblclick#{"isTrusted":true}
2019-5-1 17:20:35.869#mousedown#{"isTrusted":true}
2019-5-1 17:20:37.046#blur#
2019-5-1 20:53:14.130#viewportChange#0
