2019-3-11 17:25:40.519#viewportChange#0
2019-3-11 17:26:56.863#mousedown#{"isTrusted":true}
2019-3-11 17:26:56.868#focus#
2019-3-11 17:27:01.885#change#{"from":{"line":0,"ch":8,"sticky":"before","xRel":29.6875},"to":{"line":0,"ch":8,"sticky":"before","xRel":29.6875},"text":["5"],"removed":[""],"origin":"+input"}
2019-3-11 17:27:03.851#mousedown#{"isTrusted":true}
2019-3-11 17:27:06.997#change#{"from":{"line":1,"ch":7,"sticky":"before","xRel":39.125},"to":{"line":1,"ch":7,"sticky":"before","xRel":39.125},"text":["a"],"removed":[""],"origin":"+input"}
2019-3-11 17:27:08.385#change#{"from":{"line":1,"ch":8,"sticky":null},"to":{"line":1,"ch":8,"sticky":null},"text":["="],"removed":[""],"origin":"+input"}
2019-3-11 17:27:14.101#change#{"from":{"line":1,"ch":9,"sticky":null},"to":{"line":1,"ch":9,"sticky":null},"text":["3"],"removed":[""],"origin":"+input"}
2019-3-11 17:27:14.417#change#{"from":{"line":1,"ch":10,"sticky":null},"to":{"line":1,"ch":10,"sticky":null},"text":["/"],"removed":[""],"origin":"+input"}
2019-3-11 17:27:14.876#change#{"from":{"line":1,"ch":11,"sticky":null},"to":{"line":1,"ch":11,"sticky":null},"text":["2"],"removed":[""],"origin":"+input"}
2019-3-11 17:27:21.386#change#{"from":{"line":1,"ch":11,"sticky":"after"},"to":{"line":1,"ch":12,"sticky":null},"text":[""],"removed":["2"],"origin":"+delete"}
2019-3-11 17:27:21.386#keyHandled#"Backspace"
2019-3-11 17:27:21.534#change#{"from":{"line":1,"ch":10,"sticky":"after"},"to":{"line":1,"ch":11,"sticky":null},"text":[""],"removed":["/"],"origin":"+delete"}
2019-3-11 17:27:21.534#keyHandled#"Backspace"
2019-3-11 17:27:21.647#change#{"from":{"line":1,"ch":9,"sticky":"after"},"to":{"line":1,"ch":10,"sticky":null},"text":[""],"removed":["3"],"origin":"+delete"}
2019-3-11 17:27:21.647#keyHandled#"Backspace"
2019-3-11 17:27:22.016#change#{"from":{"line":1,"ch":8,"sticky":"after"},"to":{"line":1,"ch":9,"sticky":null},"text":[""],"removed":["="],"origin":"+delete"}
2019-3-11 17:27:22.016#keyHandled#"Backspace"
2019-3-11 17:27:22.399#change#{"from":{"line":1,"ch":7,"sticky":"after"},"to":{"line":1,"ch":8,"sticky":null},"text":[""],"removed":["a"],"origin":"+delete"}
2019-3-11 17:27:22.399#keyHandled#"Backspace"
2019-3-11 17:27:24.306#blur#
2019-3-11 17:27:29.316#mousedown#{"isTrusted":true}
2019-3-11 17:27:29.324#focus#
2019-3-11 17:27:30.619#change#{"from":{"line":1,"ch":7,"sticky":"before","xRel":-1.875},"to":{"line":1,"ch":7,"sticky":"before","xRel":-1.875},"text":["A","=","3","2","√","3","a","2","A=323a2"," "],"removed":[""],"origin":"paste"}
2019-3-11 17:27:30.653#viewportChange#0
2019-3-11 17:27:34.619#change#{"from":{"line":10,"ch":0,"sticky":"after"},"to":{"line":10,"ch":1,"sticky":null},"text":[""],"removed":[" "],"origin":"+delete"}
2019-3-11 17:27:34.619#keyHandled#"Backspace"
2019-3-11 17:27:35.306#change#{"from":{"line":9,"ch":7,"sticky":"before"},"to":{"line":10,"ch":0,"sticky":null},"text":[""],"removed":["",""],"origin":"+delete"}
2019-3-11 17:27:35.306#keyHandled#"Backspace"
2019-3-11 17:27:35.310#viewportChange#0
2019-3-11 17:27:39.797#mousedown#{"isTrusted":true}
2019-3-11 17:27:40.941#mousedown#{"isTrusted":true}
2019-3-11 17:27:41.425#mousedown#{"isTrusted":true}
2019-3-11 17:27:42.303#mousedown#{"isTrusted":true}
2019-3-11 17:27:43.110#change#{"from":{"line":1,"ch":6,"sticky":"after"},"to":{"line":1,"ch":7,"sticky":"after","xRel":3.125},"text":[""],"removed":[" "],"origin":"+delete"}
2019-3-11 17:27:43.110#keyHandled#"Backspace"
2019-3-11 17:27:46.167#mousedown#{"isTrusted":true}
2019-3-11 17:28:03.593#mousedown#{"isTrusted":true}
2019-3-11 17:28:05.531#mousedown#{"isTrusted":true}
2019-3-11 17:28:06.145#change#{"from":{"line":1,"ch":4,"sticky":"after"},"to":{"line":1,"ch":5,"sticky":"before","xRel":-0.03125},"text":[""],"removed":[" "],"origin":"+delete"}
2019-3-11 17:28:06.146#keyHandled#"Backspace"
2019-3-11 17:28:07.097#mousedown#{"isTrusted":true}
2019-3-11 17:28:07.840#mousedown#{"isTrusted":true}
2019-3-11 17:28:09.512#change#{"from":{"line":1,"ch":5,"sticky":"before","xRel":-0.03125},"to":{"line":9,"ch":7,"sticky":"before","xRel":10.125},"text":[""],"removed":["A","=","3","2","√","3","a","2","A=323a2"],"origin":"+delete"}
2019-3-11 17:28:09.512#keyHandled#"Backspace"
2019-3-11 17:28:09.521#viewportChange#0
2019-3-11 17:29:52.457#change#{"from":{"line":1,"ch":5,"sticky":null},"to":{"line":1,"ch":5,"sticky":null},"text":["a"],"removed":[""],"origin":"+input"}
2019-3-11 17:29:53.416#change#{"from":{"line":1,"ch":5,"sticky":"after"},"to":{"line":1,"ch":6,"sticky":null},"text":[""],"removed":["a"],"origin":"+delete"}
2019-3-11 17:29:53.416#keyHandled#"Backspace"
2019-3-11 17:29:55.883#change#{"from":{"line":1,"ch":5,"sticky":null},"to":{"line":1,"ch":5,"sticky":null},"text":["3"],"removed":[""],"origin":"+input"}
2019-3-11 17:29:56.225#change#{"from":{"line":1,"ch":6,"sticky":null},"to":{"line":1,"ch":6,"sticky":null},"text":["/"],"removed":[""],"origin":"+input"}
2019-3-11 17:29:56.743#change#{"from":{"line":1,"ch":7,"sticky":null},"to":{"line":1,"ch":7,"sticky":null},"text":["2"],"removed":[""],"origin":"+input"}
2019-3-11 17:30:00.684#change#{"from":{"line":1,"ch":8,"sticky":null},"to":{"line":1,"ch":8,"sticky":null},"text":["8"],"removed":[""],"origin":"+input"}
2019-3-11 17:30:00.877#change#{"from":{"line":1,"ch":9,"sticky":null},"to":{"line":1,"ch":9,"sticky":null},"text":["8"],"removed":[""],"origin":"+input"}
2019-3-11 17:30:01.829#change#{"from":{"line":1,"ch":9,"sticky":"after"},"to":{"line":1,"ch":10,"sticky":null},"text":[""],"removed":["8"],"origin":"+delete"}
2019-3-11 17:30:01.830#keyHandled#"Backspace"
2019-3-11 17:30:01.949#change#{"from":{"line":1,"ch":8,"sticky":"after"},"to":{"line":1,"ch":9,"sticky":null},"text":[""],"removed":["8"],"origin":"+delete"}
2019-3-11 17:30:01.949#keyHandled#"Backspace"
2019-3-11 17:30:03.644#change#{"from":{"line":1,"ch":8,"sticky":null},"to":{"line":1,"ch":8,"sticky":null},"text":["*"],"removed":[""],"origin":"+input"}
2019-3-11 17:30:03.791#change#{"from":{"line":1,"ch":9,"sticky":null},"to":{"line":1,"ch":9,"sticky":null},"text":["*"],"removed":[""],"origin":"+input"}
2019-3-11 17:30:13.397#change#{"from":{"line":1,"ch":10,"sticky":null},"to":{"line":1,"ch":10,"sticky":null},"text":["0"],"removed":[""],"origin":"+input"}
2019-3-11 17:30:14.454#change#{"from":{"line":1,"ch":11,"sticky":null},"to":{"line":1,"ch":11,"sticky":null},"text":[","],"removed":[""],"origin":"+input"}
2019-3-11 17:30:14.744#change#{"from":{"line":1,"ch":12,"sticky":null},"to":{"line":1,"ch":12,"sticky":null},"text":["5"],"removed":[""],"origin":"+input"}
2019-3-11 17:30:21.608#mousedown#{"isTrusted":true}
2019-3-11 17:30:24.774#change#{"from":{"line":1,"ch":8,"sticky":"before","xRel":-1.296875},"to":{"line":1,"ch":8,"sticky":"before","xRel":-1.296875},"text":[")"],"removed":[""],"origin":"+input"}
2019-3-11 17:30:27.727#mousedown#{"isTrusted":true}
2019-3-11 17:30:29.102#change#{"from":{"line":1,"ch":7,"sticky":"after","xRel":0.125},"to":{"line":1,"ch":7,"sticky":"after","xRel":0.125},"text":["("],"removed":[""],"origin":"+input"}
2019-3-11 17:30:31.007#mousedown#{"isTrusted":true}
2019-3-11 17:30:38.121#mousedown#{"isTrusted":true}
2019-3-11 17:30:39.429#mousedown#{"isTrusted":true}
2019-3-11 17:30:42.946#mousedown#{"isTrusted":true}
2019-3-11 17:30:43.821#mousedown#{"isTrusted":true}
2019-3-11 17:30:45.949#change#{"from":{"line":1,"ch":8,"sticky":"before","xRel":-3.296875},"to":{"line":1,"ch":8,"sticky":"before","xRel":-3.296875},"text":["r"],"removed":[""],"origin":"+input"}
2019-3-11 17:30:46.343#change#{"from":{"line":1,"ch":9,"sticky":null},"to":{"line":1,"ch":9,"sticky":null},"text":["o"],"removed":[""],"origin":"+input"}
2019-3-11 17:30:46.934#change#{"from":{"line":1,"ch":10,"sticky":null},"to":{"line":1,"ch":10,"sticky":null},"text":["u"],"removed":[""],"origin":"+input"}
2019-3-11 17:30:47.506#change#{"from":{"line":1,"ch":11,"sticky":null},"to":{"line":1,"ch":11,"sticky":null},"text":["n"],"removed":[""],"origin":"+input"}
2019-3-11 17:30:47.961#change#{"from":{"line":1,"ch":12,"sticky":null},"to":{"line":1,"ch":12,"sticky":null},"text":["d"],"removed":[""],"origin":"+input"}
2019-3-11 17:30:52.051#mousedown#{"isTrusted":true}
2019-3-11 17:30:53.256#mousedown#{"isTrusted":true}
2019-3-11 17:30:55.504#mousedown#{"isTrusted":true}
2019-3-11 17:30:56.845#change#{"from":{"line":1,"ch":20,"sticky":"before","xRel":17.609375},"to":{"line":1,"ch":20,"sticky":"before","xRel":17.609375},"text":[")"],"removed":[""],"origin":"+input"}
2019-3-11 17:30:59.619#mousedown#{"isTrusted":true}
2019-3-11 17:31:01.515#change#{"from":{"line":1,"ch":8,"sticky":"before","xRel":-0.296875},"to":{"line":1,"ch":8,"sticky":"before","xRel":-0.296875},"text":["("],"removed":[""],"origin":"+input"}
2019-3-11 17:31:03.673#mousedown#{"isTrusted":true}
2019-3-11 17:31:04.531#mousedown#{"isTrusted":true}
2019-3-11 17:31:05.936#change#{"from":{"line":1,"ch":14,"sticky":"before","xRel":-0.90625},"to":{"line":1,"ch":14,"sticky":"before","xRel":-0.90625},"text":["("],"removed":[""],"origin":"+input"}
2019-3-11 17:31:38.059#mousedown#{"isTrusted":true}
2019-3-11 17:31:38.930#change#{"from":{"line":1,"ch":21,"sticky":"after"},"to":{"line":1,"ch":22,"sticky":"after","xRel":0.765625},"text":[""],"removed":["5"],"origin":"+delete"}
2019-3-11 17:31:38.931#keyHandled#"Backspace"
2019-3-11 17:31:39.090#change#{"from":{"line":1,"ch":20,"sticky":"after"},"to":{"line":1,"ch":21,"sticky":null},"text":[""],"removed":[","],"origin":"+delete"}
2019-3-11 17:31:39.090#keyHandled#"Backspace"
2019-3-11 17:31:39.466#change#{"from":{"line":1,"ch":19,"sticky":"after"},"to":{"line":1,"ch":20,"sticky":null},"text":[""],"removed":["0"],"origin":"+delete"}
2019-3-11 17:31:39.466#keyHandled#"Backspace"
2019-3-11 17:31:40.454#change#{"from":{"line":1,"ch":19,"sticky":null},"to":{"line":1,"ch":19,"sticky":null},"text":["3"],"removed":[""],"origin":"+input"}
2019-3-11 17:31:43.851#change#{"from":{"line":1,"ch":20,"sticky":null},"to":{"line":1,"ch":20,"sticky":null},"text":["a"],"removed":[""],"origin":"+input"}
2019-3-11 17:31:47.796#change#{"from":{"line":1,"ch":21,"sticky":null},"to":{"line":1,"ch":21,"sticky":null},"text":["*"],"removed":[""],"origin":"+input"}
2019-3-11 17:31:47.953#change#{"from":{"line":1,"ch":22,"sticky":null},"to":{"line":1,"ch":22,"sticky":null},"text":["*"],"removed":[""],"origin":"+input"}
2019-3-11 17:31:50.168#change#{"from":{"line":1,"ch":23,"sticky":null},"to":{"line":1,"ch":23,"sticky":null},"text":["2"],"removed":[""],"origin":"+input"}
2019-3-11 17:32:12.876#mousedown#{"isTrusted":true}
2019-3-11 17:32:16.987#mousedown#{"isTrusted":true}
2019-3-11 17:32:18.582#change#{"from":{"line":1,"ch":0,"sticky":"after","xRel":2.09375},"to":{"line":1,"ch":0,"sticky":"after","xRel":2.09375},"text":["p"],"removed":[""],"origin":"+input"}
2019-3-11 17:32:18.779#change#{"from":{"line":1,"ch":1,"sticky":null},"to":{"line":1,"ch":1,"sticky":null},"text":["r"],"removed":[""],"origin":"+input"}
2019-3-11 17:32:18.929#change#{"from":{"line":1,"ch":2,"sticky":null},"to":{"line":1,"ch":2,"sticky":null},"text":["i"],"removed":[""],"origin":"+input"}
2019-3-11 17:32:19.698#change#{"from":{"line":1,"ch":3,"sticky":null},"to":{"line":1,"ch":3,"sticky":null},"text":["n"],"removed":[""],"origin":"+input"}
2019-3-11 17:32:19.976#change#{"from":{"line":1,"ch":4,"sticky":null},"to":{"line":1,"ch":4,"sticky":null},"text":["t"],"removed":[""],"origin":"+input"}
2019-3-11 17:32:22.037#change#{"from":{"line":1,"ch":5,"sticky":null},"to":{"line":1,"ch":5,"sticky":null},"text":["("],"removed":[""],"origin":"+input"}
2019-3-11 17:32:24.556#mousedown#{"isTrusted":true}
2019-3-11 17:32:24.856#mousedown#{"isTrusted":true}
2019-3-11 17:32:26.377#change#{"from":{"line":1,"ch":31,"sticky":"before","xRel":22.9375},"to":{"line":1,"ch":31,"sticky":"before","xRel":22.9375},"text":[")"],"removed":[""],"origin":"+input"}
2019-3-11 17:32:32.012#mousedown#{"isTrusted":true}
2019-3-11 17:32:33.043#change#{"from":{"line":1,"ch":19,"sticky":"after"},"to":{"line":1,"ch":20,"sticky":"after","xRel":2.578125},"text":[""],"removed":["d"],"origin":"+delete"}
2019-3-11 17:32:33.043#keyHandled#"Backspace"
2019-3-11 17:32:33.206#change#{"from":{"line":1,"ch":18,"sticky":"after"},"to":{"line":1,"ch":19,"sticky":null},"text":[""],"removed":["n"],"origin":"+delete"}
2019-3-11 17:32:33.206#keyHandled#"Backspace"
2019-3-11 17:32:33.307#change#{"from":{"line":1,"ch":17,"sticky":"after"},"to":{"line":1,"ch":18,"sticky":null},"text":[""],"removed":["u"],"origin":"+delete"}
2019-3-11 17:32:33.307#keyHandled#"Backspace"
2019-3-11 17:32:33.448#change#{"from":{"line":1,"ch":16,"sticky":"after"},"to":{"line":1,"ch":17,"sticky":null},"text":[""],"removed":["o"],"origin":"+delete"}
2019-3-11 17:32:33.448#keyHandled#"Backspace"
2019-3-11 17:32:33.718#change#{"from":{"line":1,"ch":15,"sticky":"after"},"to":{"line":1,"ch":16,"sticky":null},"text":[""],"removed":["r"],"origin":"+delete"}
2019-3-11 17:32:33.718#keyHandled#"Backspace"
2019-3-11 17:32:34.044#change#{"from":{"line":1,"ch":14,"sticky":"after"},"to":{"line":1,"ch":15,"sticky":null},"text":[""],"removed":["("],"origin":"+delete"}
2019-3-11 17:32:34.044#keyHandled#"Backspace"
2019-3-11 17:32:35.984#mousedown#{"isTrusted":true}
2019-3-11 17:32:38.503#mousedown#{"isTrusted":true}
2019-3-11 17:32:39.170#change#{"from":{"line":1,"ch":25,"sticky":"after"},"to":{"line":1,"ch":26,"sticky":"before","xRel":50.09375},"text":[""],"removed":[")"],"origin":"+delete"}
2019-3-11 17:32:39.170#keyHandled#"Backspace"
2019-3-11 17:32:39.306#change#{"from":{"line":1,"ch":24,"sticky":"after"},"to":{"line":1,"ch":25,"sticky":null},"text":[""],"removed":[")"],"origin":"+delete"}
2019-3-11 17:32:39.306#keyHandled#"Backspace"
2019-3-11 17:32:39.413#change#{"from":{"line":1,"ch":23,"sticky":"after"},"to":{"line":1,"ch":24,"sticky":null},"text":[""],"removed":["2"],"origin":"+delete"}
2019-3-11 17:32:39.413#keyHandled#"Backspace"
2019-3-11 17:32:39.516#change#{"from":{"line":1,"ch":22,"sticky":"after"},"to":{"line":1,"ch":23,"sticky":null},"text":[""],"removed":["*"],"origin":"+delete"}
2019-3-11 17:32:39.516#keyHandled#"Backspace"
2019-3-11 17:32:39.625#change#{"from":{"line":1,"ch":21,"sticky":"after"},"to":{"line":1,"ch":22,"sticky":null},"text":[""],"removed":["*"],"origin":"+delete"}
2019-3-11 17:32:39.625#keyHandled#"Backspace"
2019-3-11 17:32:39.742#change#{"from":{"line":1,"ch":20,"sticky":"after"},"to":{"line":1,"ch":21,"sticky":null},"text":[""],"removed":["a"],"origin":"+delete"}
2019-3-11 17:32:39.742#keyHandled#"Backspace"
2019-3-11 17:32:39.863#change#{"from":{"line":1,"ch":19,"sticky":"after"},"to":{"line":1,"ch":20,"sticky":null},"text":[""],"removed":["3"],"origin":"+delete"}
2019-3-11 17:32:39.863#keyHandled#"Backspace"
2019-3-11 17:32:39.973#change#{"from":{"line":1,"ch":18,"sticky":"after"},"to":{"line":1,"ch":19,"sticky":null},"text":[""],"removed":["*"],"origin":"+delete"}
2019-3-11 17:32:39.973#keyHandled#"Backspace"
2019-3-11 17:32:40.079#change#{"from":{"line":1,"ch":17,"sticky":"after"},"to":{"line":1,"ch":18,"sticky":null},"text":[""],"removed":["*"],"origin":"+delete"}
2019-3-11 17:32:40.079#keyHandled#"Backspace"
2019-3-11 17:32:40.207#change#{"from":{"line":1,"ch":16,"sticky":"after"},"to":{"line":1,"ch":17,"sticky":null},"text":[""],"removed":[")"],"origin":"+delete"}
2019-3-11 17:32:40.207#keyHandled#"Backspace"
2019-3-11 17:32:40.330#change#{"from":{"line":1,"ch":15,"sticky":"after"},"to":{"line":1,"ch":16,"sticky":null},"text":[""],"removed":["2"],"origin":"+delete"}
2019-3-11 17:32:40.330#keyHandled#"Backspace"
2019-3-11 17:32:40.576#change#{"from":{"line":1,"ch":13,"sticky":"after"},"to":{"line":1,"ch":14,"sticky":null},"text":[""],"removed":["("],"origin":"+delete"}
2019-3-11 17:32:40.576#keyHandled#"Backspace"
2019-3-11 17:32:40.687#change#{"from":{"line":1,"ch":12,"sticky":"after"},"to":{"line":1,"ch":13,"sticky":null},"text":[""],"removed":["/"],"origin":"+delete"}
2019-3-11 17:32:40.687#keyHandled#"Backspace"
2019-3-11 17:32:40.813#change#{"from":{"line":1,"ch":11,"sticky":"after"},"to":{"line":1,"ch":12,"sticky":null},"text":[""],"removed":["3"],"origin":"+delete"}
2019-3-11 17:32:40.813#keyHandled#"Backspace"
2019-3-11 17:32:40.942#change#{"from":{"line":1,"ch":10,"sticky":"after"},"to":{"line":1,"ch":11,"sticky":null},"text":[""],"removed":["="],"origin":"+delete"}
2019-3-11 17:32:40.942#keyHandled#"Backspace"
2019-3-11 17:32:41.076#change#{"from":{"line":1,"ch":9,"sticky":"after"},"to":{"line":1,"ch":10,"sticky":null},"text":[""],"removed":["a"],"origin":"+delete"}
2019-3-11 17:32:41.076#keyHandled#"Backspace"
2019-3-11 17:32:41.198#change#{"from":{"line":1,"ch":8,"sticky":"after"},"to":{"line":1,"ch":9,"sticky":null},"text":[""],"removed":["e"],"origin":"+delete"}
2019-3-11 17:32:41.198#keyHandled#"Backspace"
2019-3-11 17:32:41.500#change#{"from":{"line":1,"ch":7,"sticky":"after"},"to":{"line":1,"ch":8,"sticky":null},"text":[""],"removed":["r"],"origin":"+delete"}
2019-3-11 17:32:41.500#keyHandled#"Backspace"
2019-3-11 17:32:41.668#change#{"from":{"line":1,"ch":6,"sticky":"after"},"to":{"line":1,"ch":7,"sticky":null},"text":[""],"removed":["a"],"origin":"+delete"}
2019-3-11 17:32:41.668#keyHandled#"Backspace"
2019-3-11 17:32:43.841#change#{"from":{"line":1,"ch":6,"sticky":null},"to":{"line":1,"ch":6,"sticky":null},"text":["r"],"removed":[""],"origin":"+input"}
2019-3-11 17:32:44.059#change#{"from":{"line":1,"ch":7,"sticky":null},"to":{"line":1,"ch":7,"sticky":null},"text":["o"],"removed":[""],"origin":"+input"}
2019-3-11 17:32:44.690#change#{"from":{"line":1,"ch":8,"sticky":null},"to":{"line":1,"ch":8,"sticky":null},"text":["u"],"removed":[""],"origin":"+input"}
2019-3-11 17:32:46.149#change#{"from":{"line":1,"ch":9,"sticky":null},"to":{"line":1,"ch":9,"sticky":null},"text":["n"],"removed":[""],"origin":"+input"}
2019-3-11 17:32:46.321#change#{"from":{"line":1,"ch":10,"sticky":null},"to":{"line":1,"ch":10,"sticky":null},"text":["d"],"removed":[""],"origin":"+input"}
2019-3-11 17:32:49.927#change#{"from":{"line":1,"ch":11,"sticky":null},"to":{"line":1,"ch":11,"sticky":null},"text":["()"],"removed":[""],"origin":"+input"}
2019-3-11 17:32:49.927#keyHandled#"'('"
2019-3-11 17:32:52.450#change#{"from":{"line":1,"ch":12,"sticky":"after"},"to":{"line":1,"ch":12,"sticky":"after"},"text":["a"],"removed":[""],"origin":"+input"}
2019-3-11 17:32:52.870#change#{"from":{"line":1,"ch":13,"sticky":null},"to":{"line":1,"ch":13,"sticky":null},"text":["r"],"removed":[""],"origin":"+input"}
2019-3-11 17:32:53.089#change#{"from":{"line":1,"ch":14,"sticky":null},"to":{"line":1,"ch":14,"sticky":null},"text":["e"],"removed":[""],"origin":"+input"}
2019-3-11 17:32:53.380#change#{"from":{"line":1,"ch":15,"sticky":null},"to":{"line":1,"ch":15,"sticky":null},"text":["a"],"removed":[""],"origin":"+input"}
2019-3-11 17:32:54.667#change#{"from":{"line":1,"ch":16,"sticky":null},"to":{"line":1,"ch":16,"sticky":null},"text":["="],"removed":[""],"origin":"+input"}
2019-3-11 17:33:02.140#change#{"from":{"line":1,"ch":17,"sticky":null},"to":{"line":1,"ch":17,"sticky":null},"text":["3"],"removed":[""],"origin":"+input"}
2019-3-11 17:33:02.500#change#{"from":{"line":1,"ch":18,"sticky":null},"to":{"line":1,"ch":18,"sticky":null},"text":["/"],"removed":[""],"origin":"+input"}
2019-3-11 17:33:02.970#change#{"from":{"line":1,"ch":19,"sticky":null},"to":{"line":1,"ch":19,"sticky":null},"text":["2"],"removed":[""],"origin":"+input"}
2019-3-11 17:33:06.495#change#{"from":{"line":1,"ch":20,"sticky":null},"to":{"line":1,"ch":20,"sticky":null},"text":["*"],"removed":[""],"origin":"+input"}
2019-3-11 17:33:17.365#change#{"from":{"line":1,"ch":21,"sticky":null},"to":{"line":1,"ch":21,"sticky":null},"text":["3"],"removed":[""],"origin":"+input"}
2019-3-11 17:33:19.761#change#{"from":{"line":1,"ch":22,"sticky":null},"to":{"line":1,"ch":22,"sticky":null},"text":["*"],"removed":[""],"origin":"+input"}
2019-3-11 17:33:19.920#change#{"from":{"line":1,"ch":23,"sticky":null},"to":{"line":1,"ch":23,"sticky":null},"text":["*"],"removed":[""],"origin":"+input"}
2019-3-11 17:33:22.428#change#{"from":{"line":1,"ch":24,"sticky":null},"to":{"line":1,"ch":24,"sticky":null},"text":["0"],"removed":[""],"origin":"+input"}
2019-3-11 17:33:22.902#change#{"from":{"line":1,"ch":25,"sticky":null},"to":{"line":1,"ch":25,"sticky":null},"text":[","],"removed":[""],"origin":"+input"}
2019-3-11 17:33:23.253#change#{"from":{"line":1,"ch":26,"sticky":null},"to":{"line":1,"ch":26,"sticky":null},"text":["5"],"removed":[""],"origin":"+input"}
2019-3-11 17:33:26.975#change#{"from":{"line":1,"ch":27,"sticky":null},"to":{"line":1,"ch":27,"sticky":null},"text":["*"],"removed":[""],"origin":"+input"}
2019-3-11 17:33:28.652#change#{"from":{"line":1,"ch":28,"sticky":null},"to":{"line":1,"ch":28,"sticky":null},"text":["a"],"removed":[""],"origin":"+input"}
2019-3-11 17:33:32.436#change#{"from":{"line":1,"ch":29,"sticky":null},"to":{"line":1,"ch":29,"sticky":null},"text":["*"],"removed":[""],"origin":"+input"}
2019-3-11 17:33:32.637#change#{"from":{"line":1,"ch":30,"sticky":null},"to":{"line":1,"ch":30,"sticky":null},"text":["*"],"removed":[""],"origin":"+input"}
2019-3-11 17:33:33.609#change#{"from":{"line":1,"ch":31,"sticky":null},"to":{"line":1,"ch":31,"sticky":null},"text":["2"],"removed":[""],"origin":"+input"}
2019-3-11 17:33:36.495#keyHandled#"')'"
2019-3-11 17:33:38.764#change#{"from":{"line":1,"ch":33,"sticky":"before"},"to":{"line":1,"ch":33,"sticky":"before"},"text":[")"],"removed":[""],"origin":"+input"}
2019-3-11 17:33:42.668#blur#
2019-3-11 17:33:42.668#blur#
2019-3-11 17:33:44.510#submit#Your code did not produce the correct output. Please, correct your code and try again.
2019-3-11 17:33:46.224#mousedown#{"isTrusted":true}
2019-3-11 17:33:46.305#focus#
2019-3-11 17:33:49.643#change#{"from":{"line":1,"ch":33,"sticky":"after"},"to":{"line":1,"ch":34,"sticky":"before","xRel":19.09375},"text":[""],"removed":[")"],"origin":"+delete"}
2019-3-11 17:33:49.643#keyHandled#"Backspace"
2019-3-11 17:33:50.144#change#{"from":{"line":1,"ch":32,"sticky":"after"},"to":{"line":1,"ch":33,"sticky":null},"text":[""],"removed":[")"],"origin":"+delete"}
2019-3-11 17:33:50.144#keyHandled#"Backspace"
2019-3-11 17:33:50.194#change#{"from":{"line":1,"ch":31,"sticky":"after"},"to":{"line":1,"ch":32,"sticky":null},"text":[""],"removed":["2"],"origin":"+delete"}
2019-3-11 17:33:50.194#keyHandled#"Backspace"
2019-3-11 17:33:50.244#change#{"from":{"line":1,"ch":30,"sticky":"after"},"to":{"line":1,"ch":31,"sticky":null},"text":[""],"removed":["*"],"origin":"+delete"}
2019-3-11 17:33:50.244#keyHandled#"Backspace"
2019-3-11 17:33:50.295#change#{"from":{"line":1,"ch":29,"sticky":"after"},"to":{"line":1,"ch":30,"sticky":null},"text":[""],"removed":["*"],"origin":"+delete"}
2019-3-11 17:33:50.295#keyHandled#"Backspace"
2019-3-11 17:33:50.346#change#{"from":{"line":1,"ch":28,"sticky":"after"},"to":{"line":1,"ch":29,"sticky":null},"text":[""],"removed":["a"],"origin":"+delete"}
2019-3-11 17:33:50.346#keyHandled#"Backspace"
2019-3-11 17:33:50.395#change#{"from":{"line":1,"ch":27,"sticky":"after"},"to":{"line":1,"ch":28,"sticky":null},"text":[""],"removed":["*"],"origin":"+delete"}
2019-3-11 17:33:50.395#keyHandled#"Backspace"
2019-3-11 17:33:50.445#change#{"from":{"line":1,"ch":26,"sticky":"after"},"to":{"line":1,"ch":27,"sticky":null},"text":[""],"removed":["5"],"origin":"+delete"}
2019-3-11 17:33:50.445#keyHandled#"Backspace"
2019-3-11 17:33:50.547#change#{"from":{"line":1,"ch":24,"sticky":"after"},"to":{"line":1,"ch":25,"sticky":null},"text":[""],"removed":["0"],"origin":"+delete"}
2019-3-11 17:33:50.547#keyHandled#"Backspace"
2019-3-11 17:33:50.598#change#{"from":{"line":1,"ch":23,"sticky":"after"},"to":{"line":1,"ch":24,"sticky":null},"text":[""],"removed":["*"],"origin":"+delete"}
2019-3-11 17:33:50.598#keyHandled#"Backspace"
2019-3-11 17:33:50.648#change#{"from":{"line":1,"ch":22,"sticky":"after"},"to":{"line":1,"ch":23,"sticky":null},"text":[""],"removed":["*"],"origin":"+delete"}
2019-3-11 17:33:50.648#keyHandled#"Backspace"
2019-3-11 17:33:50.698#change#{"from":{"line":1,"ch":21,"sticky":"after"},"to":{"line":1,"ch":22,"sticky":null},"text":[""],"removed":["3"],"origin":"+delete"}
2019-3-11 17:33:50.698#keyHandled#"Backspace"
2019-3-11 17:33:50.862#change#{"from":{"line":1,"ch":20,"sticky":"after"},"to":{"line":1,"ch":21,"sticky":null},"text":[""],"removed":["*"],"origin":"+delete"}
2019-3-11 17:33:50.862#keyHandled#"Backspace"
2019-3-11 17:33:51.040#change#{"from":{"line":1,"ch":19,"sticky":"after"},"to":{"line":1,"ch":20,"sticky":null},"text":[""],"removed":["2"],"origin":"+delete"}
2019-3-11 17:33:51.040#keyHandled#"Backspace"
2019-3-11 17:33:51.136#change#{"from":{"line":1,"ch":18,"sticky":"after"},"to":{"line":1,"ch":19,"sticky":null},"text":[""],"removed":["/"],"origin":"+delete"}
2019-3-11 17:33:51.136#keyHandled#"Backspace"
2019-3-11 17:33:51.636#change#{"from":{"line":1,"ch":17,"sticky":"after"},"to":{"line":1,"ch":18,"sticky":null},"text":[""],"removed":["3"],"origin":"+delete"}
2019-3-11 17:33:51.636#keyHandled#"Backspace"
2019-3-11 17:33:51.686#change#{"from":{"line":1,"ch":16,"sticky":"after"},"to":{"line":1,"ch":17,"sticky":null},"text":[""],"removed":["="],"origin":"+delete"}
2019-3-11 17:33:51.686#keyHandled#"Backspace"
2019-3-11 17:33:51.736#change#{"from":{"line":1,"ch":15,"sticky":"after"},"to":{"line":1,"ch":16,"sticky":null},"text":[""],"removed":["a"],"origin":"+delete"}
2019-3-11 17:33:51.736#keyHandled#"Backspace"
2019-3-11 17:33:51.786#change#{"from":{"line":1,"ch":14,"sticky":"after"},"to":{"line":1,"ch":15,"sticky":null},"text":[""],"removed":["e"],"origin":"+delete"}
2019-3-11 17:33:51.786#keyHandled#"Backspace"
2019-3-11 17:33:51.836#change#{"from":{"line":1,"ch":13,"sticky":"after"},"to":{"line":1,"ch":14,"sticky":null},"text":[""],"removed":["r"],"origin":"+delete"}
2019-3-11 17:33:51.836#keyHandled#"Backspace"
2019-3-11 17:33:51.886#change#{"from":{"line":1,"ch":12,"sticky":"after"},"to":{"line":1,"ch":13,"sticky":null},"text":[""],"removed":["a"],"origin":"+delete"}
2019-3-11 17:33:51.886#keyHandled#"Backspace"
2019-3-11 17:33:51.936#change#{"from":{"line":1,"ch":11,"sticky":"after"},"to":{"line":1,"ch":12,"sticky":null},"text":[""],"removed":["("],"origin":"+delete"}
2019-3-11 17:33:51.936#keyHandled#"Backspace"
2019-3-11 17:33:51.986#change#{"from":{"line":1,"ch":10,"sticky":"after"},"to":{"line":1,"ch":11,"sticky":null},"text":[""],"removed":["d"],"origin":"+delete"}
2019-3-11 17:33:51.987#keyHandled#"Backspace"
2019-3-11 17:33:52.037#change#{"from":{"line":1,"ch":9,"sticky":"after"},"to":{"line":1,"ch":10,"sticky":null},"text":[""],"removed":["n"],"origin":"+delete"}
2019-3-11 17:33:52.037#keyHandled#"Backspace"
2019-3-11 17:33:52.087#change#{"from":{"line":1,"ch":8,"sticky":"after"},"to":{"line":1,"ch":9,"sticky":null},"text":[""],"removed":["u"],"origin":"+delete"}
2019-3-11 17:33:52.087#keyHandled#"Backspace"
2019-3-11 17:33:52.137#change#{"from":{"line":1,"ch":7,"sticky":"after"},"to":{"line":1,"ch":8,"sticky":null},"text":[""],"removed":["o"],"origin":"+delete"}
2019-3-11 17:33:52.137#keyHandled#"Backspace"
2019-3-11 17:33:52.187#change#{"from":{"line":1,"ch":6,"sticky":"after"},"to":{"line":1,"ch":7,"sticky":null},"text":[""],"removed":["r"],"origin":"+delete"}
2019-3-11 17:33:52.187#keyHandled#"Backspace"
2019-3-11 17:33:52.237#change#{"from":{"line":1,"ch":5,"sticky":"after"},"to":{"line":1,"ch":6,"sticky":null},"text":[""],"removed":["("],"origin":"+delete"}
2019-3-11 17:33:52.237#keyHandled#"Backspace"
2019-3-11 17:33:52.287#change#{"from":{"line":1,"ch":4,"sticky":"after"},"to":{"line":1,"ch":5,"sticky":null},"text":[""],"removed":["t"],"origin":"+delete"}
2019-3-11 17:33:52.287#keyHandled#"Backspace"
2019-3-11 17:33:52.351#change#{"from":{"line":1,"ch":3,"sticky":"after"},"to":{"line":1,"ch":4,"sticky":null},"text":[""],"removed":["n"],"origin":"+delete"}
2019-3-11 17:33:52.351#keyHandled#"Backspace"
2019-3-11 17:33:52.401#change#{"from":{"line":1,"ch":2,"sticky":"after"},"to":{"line":1,"ch":3,"sticky":null},"text":[""],"removed":["i"],"origin":"+delete"}
2019-3-11 17:33:52.401#keyHandled#"Backspace"
2019-3-11 17:33:52.452#change#{"from":{"line":1,"ch":1,"sticky":"after"},"to":{"line":1,"ch":2,"sticky":null},"text":[""],"removed":["r"],"origin":"+delete"}
2019-3-11 17:33:52.452#keyHandled#"Backspace"
2019-3-11 17:33:52.501#change#{"from":{"line":1,"ch":0,"sticky":"after"},"to":{"line":1,"ch":1,"sticky":null},"text":[""],"removed":["p"],"origin":"+delete"}
2019-3-11 17:33:52.501#keyHandled#"Backspace"
2019-3-11 17:33:52.733#change#{"from":{"line":0,"ch":9,"sticky":"before"},"to":{"line":1,"ch":0,"sticky":null},"text":[""],"removed":["",""],"origin":"+delete"}
2019-3-11 17:33:52.733#keyHandled#"Backspace"
2019-3-11 17:33:52.738#viewportChange#0
2019-3-11 17:33:54.091#change#{"from":{"line":0,"ch":9,"sticky":null},"to":{"line":0,"ch":9,"sticky":null},"text":["",""],"removed":[""],"origin":"+input"}
2019-3-11 17:33:54.091#keyHandled#"Enter"
2019-3-11 17:33:54.096#viewportChange#0
2019-3-11 17:33:54.551#change#{"from":{"line":1,"ch":0,"sticky":null},"to":{"line":1,"ch":0,"sticky":null},"text":["a"],"removed":[""],"origin":"+input"}
2019-3-11 17:33:54.726#change#{"from":{"line":1,"ch":1,"sticky":null},"to":{"line":1,"ch":1,"sticky":null},"text":["r"],"removed":[""],"origin":"+input"}
2019-3-11 17:33:54.903#change#{"from":{"line":1,"ch":2,"sticky":null},"to":{"line":1,"ch":2,"sticky":null},"text":["e"],"removed":[""],"origin":"+input"}
2019-3-11 17:33:55.055#change#{"from":{"line":1,"ch":3,"sticky":null},"to":{"line":1,"ch":3,"sticky":null},"text":["a"],"removed":[""],"origin":"+input"}
2019-3-11 17:33:56.510#change#{"from":{"line":1,"ch":4,"sticky":null},"to":{"line":1,"ch":4,"sticky":null},"text":["="],"removed":[""],"origin":"+input"}
2019-3-11 17:34:25.876#blur#
2019-3-11 17:34:25.876#blur#
2019-3-11 17:34:28.795#submit#Your code did not produce the correct output. Please, correct your code and try again.
2019-3-11 17:34:46.509#mousedown#{"isTrusted":true}
2019-3-11 17:34:46.514#focus#
2019-3-11 17:34:50.018#mousedown#{"isTrusted":true}
2019-3-11 17:34:52.647#mousedown#{"isTrusted":true}
2019-3-11 17:34:53.296#mousedown#{"isTrusted":true}
2019-3-11 17:34:54.316#mousedown#{"isTrusted":true}
2019-3-11 17:34:59.135#change#{"from":{"line":1,"ch":5,"sticky":"before","xRel":27.96875},"to":{"line":1,"ch":5,"sticky":"before","xRel":27.96875},"text":["3"],"removed":[""],"origin":"+input"}
2019-3-11 17:34:59.728#change#{"from":{"line":1,"ch":6,"sticky":null},"to":{"line":1,"ch":6,"sticky":null},"text":["/"],"removed":[""],"origin":"+input"}
2019-3-11 17:35:00.191#change#{"from":{"line":1,"ch":7,"sticky":null},"to":{"line":1,"ch":7,"sticky":null},"text":["2"],"removed":[""],"origin":"+input"}
2019-3-11 17:35:05.350#change#{"from":{"line":1,"ch":8,"sticky":null},"to":{"line":1,"ch":8,"sticky":null},"text":["*"],"removed":[""],"origin":"+input"}
2019-3-11 17:35:07.276#change#{"from":{"line":1,"ch":9,"sticky":null},"to":{"line":1,"ch":9,"sticky":null},"text":["*"],"removed":[""],"origin":"+input"}
2019-3-11 17:35:07.437#change#{"from":{"line":1,"ch":10,"sticky":null},"to":{"line":1,"ch":10,"sticky":null},"text":["*"],"removed":[""],"origin":"+input"}
2019-3-11 17:35:08.825#change#{"from":{"line":1,"ch":10,"sticky":"after"},"to":{"line":1,"ch":11,"sticky":null},"text":[""],"removed":["*"],"origin":"+delete"}
2019-3-11 17:35:08.826#keyHandled#"Backspace"
2019-3-11 17:35:08.991#change#{"from":{"line":1,"ch":9,"sticky":"after"},"to":{"line":1,"ch":10,"sticky":null},"text":[""],"removed":["*"],"origin":"+delete"}
2019-3-11 17:35:08.991#keyHandled#"Backspace"
2019-3-11 17:35:09.128#change#{"from":{"line":1,"ch":8,"sticky":"after"},"to":{"line":1,"ch":9,"sticky":null},"text":[""],"removed":["*"],"origin":"+delete"}
2019-3-11 17:35:09.128#keyHandled#"Backspace"
2019-3-11 17:35:10.561#change#{"from":{"line":1,"ch":8,"sticky":null},"to":{"line":1,"ch":8,"sticky":null},"text":["*"],"removed":[""],"origin":"+input"}
2019-3-11 17:35:37.135#mousedown#{"isTrusted":true}
2019-3-11 17:35:50.664#change#{"from":{"line":1,"ch":9,"sticky":"before","xRel":31.28125},"to":{"line":1,"ch":9,"sticky":"before","xRel":31.28125},"text":["1"],"removed":[""],"origin":"+input"}
2019-3-11 17:35:51.027#change#{"from":{"line":1,"ch":10,"sticky":null},"to":{"line":1,"ch":10,"sticky":null},"text":["/"],"removed":[""],"origin":"+input"}
2019-3-11 17:35:52.668#change#{"from":{"line":1,"ch":11,"sticky":null},"to":{"line":1,"ch":11,"sticky":null},"text":["n"],"removed":[""],"origin":"+input"}
2019-3-11 17:35:55.646#change#{"from":{"line":1,"ch":12,"sticky":null},"to":{"line":1,"ch":12,"sticky":null},"text":["*"],"removed":[""],"origin":"+input"}
2019-3-11 17:35:56.240#change#{"from":{"line":1,"ch":13,"sticky":null},"to":{"line":1,"ch":13,"sticky":null},"text":["*"],"removed":[""],"origin":"+input"}
2019-3-11 17:36:07.413#change#{"from":{"line":1,"ch":14,"sticky":null},"to":{"line":1,"ch":14,"sticky":null},"text":["3"],"removed":[""],"origin":"+input"}
2019-3-11 17:36:13.172#change#{"from":{"line":1,"ch":15,"sticky":null},"to":{"line":1,"ch":15,"sticky":null},"text":["*"],"removed":[""],"origin":"+input"}
2019-3-11 17:36:13.723#change#{"from":{"line":1,"ch":16,"sticky":null},"to":{"line":1,"ch":16,"sticky":null},"text":["a"],"removed":[""],"origin":"+input"}
2019-3-11 17:36:15.622#change#{"from":{"line":1,"ch":17,"sticky":null},"to":{"line":1,"ch":17,"sticky":null},"text":["*"],"removed":[""],"origin":"+input"}
2019-3-11 17:36:15.808#change#{"from":{"line":1,"ch":18,"sticky":null},"to":{"line":1,"ch":18,"sticky":null},"text":["*"],"removed":[""],"origin":"+input"}
2019-3-11 17:36:17.322#change#{"from":{"line":1,"ch":19,"sticky":null},"to":{"line":1,"ch":19,"sticky":null},"text":["2"],"removed":[""],"origin":"+input"}
2019-3-11 17:36:20.412#mousedown#{"isTrusted":true}
2019-3-11 17:36:20.827#mousedown#{"isTrusted":true}
2019-3-11 17:36:21.229#mousedown#{"isTrusted":true}
2019-3-11 17:36:21.714#mousedown#{"isTrusted":true}
2019-3-11 17:36:23.845#mousedown#{"isTrusted":true}
2019-3-11 17:36:25.040#mousedown#{"isTrusted":true}
2019-3-11 17:36:25.977#mousedown#{"isTrusted":true}
2019-3-11 17:36:28.988#mousedown#{"isTrusted":true}
2019-3-11 17:36:30.694#change#{"from":{"line":1,"ch":0,"sticky":"after","xRel":1.09375},"to":{"line":1,"ch":0,"sticky":"after","xRel":1.09375},"text":["p"],"removed":[""],"origin":"+input"}
2019-3-11 17:36:30.871#change#{"from":{"line":1,"ch":1,"sticky":null},"to":{"line":1,"ch":1,"sticky":null},"text":["r"],"removed":[""],"origin":"+input"}
2019-3-11 17:36:31.047#change#{"from":{"line":1,"ch":2,"sticky":null},"to":{"line":1,"ch":2,"sticky":null},"text":["i"],"removed":[""],"origin":"+input"}
2019-3-11 17:36:31.478#change#{"from":{"line":1,"ch":3,"sticky":null},"to":{"line":1,"ch":3,"sticky":null},"text":["n"],"removed":[""],"origin":"+input"}
2019-3-11 17:36:31.992#change#{"from":{"line":1,"ch":4,"sticky":null},"to":{"line":1,"ch":4,"sticky":null},"text":["t"],"removed":[""],"origin":"+input"}
2019-3-11 17:36:33.428#change#{"from":{"line":1,"ch":5,"sticky":null},"to":{"line":1,"ch":5,"sticky":null},"text":["("],"removed":[""],"origin":"+input"}
2019-3-11 17:36:34.977#change#{"from":{"line":1,"ch":6,"sticky":null},"to":{"line":1,"ch":6,"sticky":null},"text":["r"],"removed":[""],"origin":"+input"}
2019-3-11 17:36:35.217#change#{"from":{"line":1,"ch":7,"sticky":null},"to":{"line":1,"ch":7,"sticky":null},"text":["o"],"removed":[""],"origin":"+input"}
2019-3-11 17:36:35.472#change#{"from":{"line":1,"ch":8,"sticky":null},"to":{"line":1,"ch":8,"sticky":null},"text":["u"],"removed":[""],"origin":"+input"}
2019-3-11 17:36:35.958#change#{"from":{"line":1,"ch":9,"sticky":null},"to":{"line":1,"ch":9,"sticky":null},"text":["n"],"removed":[""],"origin":"+input"}
2019-3-11 17:36:36.151#change#{"from":{"line":1,"ch":10,"sticky":null},"to":{"line":1,"ch":10,"sticky":null},"text":["d"],"removed":[""],"origin":"+input"}
2019-3-11 17:36:37.025#change#{"from":{"line":1,"ch":11,"sticky":null},"to":{"line":1,"ch":11,"sticky":null},"text":["("],"removed":[""],"origin":"+input"}
2019-3-11 17:36:38.812#mousedown#{"isTrusted":true}
2019-3-11 17:36:40.661#change#{"from":{"line":1,"ch":32,"sticky":"before","xRel":54.515625},"to":{"line":1,"ch":32,"sticky":"before","xRel":54.515625},"text":[")"],"removed":[""],"origin":"+input"}
2019-3-11 17:36:41.137#change#{"from":{"line":1,"ch":33,"sticky":null},"to":{"line":1,"ch":33,"sticky":null},"text":[")"],"removed":[""],"origin":"+input"}
2019-3-11 17:36:41.137#change#{"from":{"line":1,"ch":33,"sticky":null},"to":{"line":1,"ch":33,"sticky":null},"text":[")"],"removed":[""],"origin":"+input"}
2019-3-11 17:36:44.477#blur#
2019-3-11 17:36:44.477#blur#
2019-3-11 17:36:49.502#submit#Your code did not produce the correct output. Please, correct your code and try again.
2019-3-11 17:36:50.751#mousedown#{"isTrusted":true}
2019-3-11 17:36:50.811#focus#
2019-3-11 17:36:51.591#change#{"from":{"line":1,"ch":33,"sticky":"after"},"to":{"line":1,"ch":34,"sticky":"before","xRel":52.09375},"text":[""],"removed":[")"],"origin":"+delete"}
2019-3-11 17:36:51.591#keyHandled#"Backspace"
2019-3-11 17:36:52.092#change#{"from":{"line":1,"ch":32,"sticky":"after"},"to":{"line":1,"ch":33,"sticky":null},"text":[""],"removed":[")"],"origin":"+delete"}
2019-3-11 17:36:52.092#keyHandled#"Backspace"
2019-3-11 17:36:52.141#change#{"from":{"line":1,"ch":31,"sticky":"after"},"to":{"line":1,"ch":32,"sticky":null},"text":[""],"removed":["2"],"origin":"+delete"}
2019-3-11 17:36:52.141#keyHandled#"Backspace"
2019-3-11 17:36:52.193#change#{"from":{"line":1,"ch":30,"sticky":"after"},"to":{"line":1,"ch":31,"sticky":null},"text":[""],"removed":["*"],"origin":"+delete"}
2019-3-11 17:36:52.193#keyHandled#"Backspace"
2019-3-11 17:36:52.244#change#{"from":{"line":1,"ch":29,"sticky":"after"},"to":{"line":1,"ch":30,"sticky":null},"text":[""],"removed":["*"],"origin":"+delete"}
2019-3-11 17:36:52.244#keyHandled#"Backspace"
2019-3-11 17:36:52.293#change#{"from":{"line":1,"ch":28,"sticky":"after"},"to":{"line":1,"ch":29,"sticky":null},"text":[""],"removed":["a"],"origin":"+delete"}
2019-3-11 17:36:52.293#keyHandled#"Backspace"
2019-3-11 17:36:52.343#change#{"from":{"line":1,"ch":27,"sticky":"after"},"to":{"line":1,"ch":28,"sticky":null},"text":[""],"removed":["*"],"origin":"+delete"}
2019-3-11 17:36:52.343#keyHandled#"Backspace"
2019-3-11 17:36:52.393#change#{"from":{"line":1,"ch":26,"sticky":"after"},"to":{"line":1,"ch":27,"sticky":null},"text":[""],"removed":["3"],"origin":"+delete"}
2019-3-11 17:36:52.393#keyHandled#"Backspace"
2019-3-11 17:36:52.443#change#{"from":{"line":1,"ch":25,"sticky":"after"},"to":{"line":1,"ch":26,"sticky":null},"text":[""],"removed":["*"],"origin":"+delete"}
2019-3-11 17:36:52.443#keyHandled#"Backspace"
2019-3-11 17:36:52.493#change#{"from":{"line":1,"ch":24,"sticky":"after"},"to":{"line":1,"ch":25,"sticky":null},"text":[""],"removed":["*"],"origin":"+delete"}
2019-3-11 17:36:52.493#keyHandled#"Backspace"
2019-3-11 17:36:52.543#change#{"from":{"line":1,"ch":23,"sticky":"after"},"to":{"line":1,"ch":24,"sticky":null},"text":[""],"removed":["n"],"origin":"+delete"}
2019-3-11 17:36:52.543#keyHandled#"Backspace"
2019-3-11 17:36:52.593#change#{"from":{"line":1,"ch":22,"sticky":"after"},"to":{"line":1,"ch":23,"sticky":null},"text":[""],"removed":["/"],"origin":"+delete"}
2019-3-11 17:36:52.593#keyHandled#"Backspace"
2019-3-11 17:36:52.646#change#{"from":{"line":1,"ch":21,"sticky":"after"},"to":{"line":1,"ch":22,"sticky":null},"text":[""],"removed":["1"],"origin":"+delete"}
2019-3-11 17:36:52.646#keyHandled#"Backspace"
2019-3-11 17:36:52.694#change#{"from":{"line":1,"ch":20,"sticky":"after"},"to":{"line":1,"ch":21,"sticky":null},"text":[""],"removed":["*"],"origin":"+delete"}
2019-3-11 17:36:52.694#keyHandled#"Backspace"
2019-3-11 17:36:52.866#change#{"from":{"line":1,"ch":19,"sticky":"after"},"to":{"line":1,"ch":20,"sticky":null},"text":[""],"removed":["2"],"origin":"+delete"}
2019-3-11 17:36:52.866#keyHandled#"Backspace"
2019-3-11 17:36:53.093#change#{"from":{"line":1,"ch":18,"sticky":"after"},"to":{"line":1,"ch":19,"sticky":null},"text":[""],"removed":["/"],"origin":"+delete"}
2019-3-11 17:36:53.093#keyHandled#"Backspace"
2019-3-11 17:36:53.322#change#{"from":{"line":1,"ch":17,"sticky":"after"},"to":{"line":1,"ch":18,"sticky":null},"text":[""],"removed":["3"],"origin":"+delete"}
2019-3-11 17:36:53.322#keyHandled#"Backspace"
2019-3-11 17:36:53.722#change#{"from":{"line":1,"ch":16,"sticky":"after"},"to":{"line":1,"ch":17,"sticky":null},"text":[""],"removed":["="],"origin":"+delete"}
2019-3-11 17:36:53.722#keyHandled#"Backspace"
2019-3-11 17:36:53.906#change#{"from":{"line":1,"ch":15,"sticky":"after"},"to":{"line":1,"ch":16,"sticky":null},"text":[""],"removed":["a"],"origin":"+delete"}
2019-3-11 17:36:53.906#keyHandled#"Backspace"
2019-3-11 17:36:54.075#change#{"from":{"line":1,"ch":14,"sticky":"after"},"to":{"line":1,"ch":15,"sticky":null},"text":[""],"removed":["e"],"origin":"+delete"}
2019-3-11 17:36:54.075#keyHandled#"Backspace"
2019-3-11 17:36:54.377#change#{"from":{"line":1,"ch":13,"sticky":"after"},"to":{"line":1,"ch":14,"sticky":null},"text":[""],"removed":["r"],"origin":"+delete"}
2019-3-11 17:36:54.377#keyHandled#"Backspace"
2019-3-11 17:36:54.625#change#{"from":{"line":1,"ch":12,"sticky":"after"},"to":{"line":1,"ch":13,"sticky":null},"text":[""],"removed":["a"],"origin":"+delete"}
2019-3-11 17:36:54.625#keyHandled#"Backspace"
2019-3-11 17:36:55.924#change#{"from":{"line":1,"ch":11,"sticky":"after"},"to":{"line":1,"ch":12,"sticky":null},"text":[""],"removed":["("],"origin":"+delete"}
2019-3-11 17:36:55.924#keyHandled#"Backspace"
2019-3-11 17:36:56.423#change#{"from":{"line":1,"ch":10,"sticky":"after"},"to":{"line":1,"ch":11,"sticky":null},"text":[""],"removed":["d"],"origin":"+delete"}
2019-3-11 17:36:56.423#keyHandled#"Backspace"
2019-3-11 17:36:56.473#change#{"from":{"line":1,"ch":9,"sticky":"after"},"to":{"line":1,"ch":10,"sticky":null},"text":[""],"removed":["n"],"origin":"+delete"}
2019-3-11 17:36:56.473#keyHandled#"Backspace"
2019-3-11 17:36:56.523#change#{"from":{"line":1,"ch":8,"sticky":"after"},"to":{"line":1,"ch":9,"sticky":null},"text":[""],"removed":["u"],"origin":"+delete"}
2019-3-11 17:36:56.523#keyHandled#"Backspace"
2019-3-11 17:36:56.574#change#{"from":{"line":1,"ch":7,"sticky":"after"},"to":{"line":1,"ch":8,"sticky":null},"text":[""],"removed":["o"],"origin":"+delete"}
2019-3-11 17:36:56.574#keyHandled#"Backspace"
2019-3-11 17:36:56.624#change#{"from":{"line":1,"ch":6,"sticky":"after"},"to":{"line":1,"ch":7,"sticky":null},"text":[""],"removed":["r"],"origin":"+delete"}
2019-3-11 17:36:56.624#keyHandled#"Backspace"
2019-3-11 17:36:56.674#change#{"from":{"line":1,"ch":5,"sticky":"after"},"to":{"line":1,"ch":6,"sticky":null},"text":[""],"removed":["("],"origin":"+delete"}
2019-3-11 17:36:56.674#keyHandled#"Backspace"
2019-3-11 17:36:56.724#change#{"from":{"line":1,"ch":4,"sticky":"after"},"to":{"line":1,"ch":5,"sticky":null},"text":[""],"removed":["t"],"origin":"+delete"}
2019-3-11 17:36:56.724#keyHandled#"Backspace"
2019-3-11 17:36:56.774#change#{"from":{"line":1,"ch":3,"sticky":"after"},"to":{"line":1,"ch":4,"sticky":null},"text":[""],"removed":["n"],"origin":"+delete"}
2019-3-11 17:36:56.774#keyHandled#"Backspace"
2019-3-11 17:36:56.824#change#{"from":{"line":1,"ch":2,"sticky":"after"},"to":{"line":1,"ch":3,"sticky":null},"text":[""],"removed":["i"],"origin":"+delete"}
2019-3-11 17:36:56.824#keyHandled#"Backspace"
2019-3-11 17:36:56.874#change#{"from":{"line":1,"ch":1,"sticky":"after"},"to":{"line":1,"ch":2,"sticky":null},"text":[""],"removed":["r"],"origin":"+delete"}
2019-3-11 17:36:56.874#keyHandled#"Backspace"
2019-3-11 17:36:56.924#change#{"from":{"line":1,"ch":0,"sticky":"after"},"to":{"line":1,"ch":1,"sticky":null},"text":[""],"removed":["p"],"origin":"+delete"}
2019-3-11 17:36:56.924#keyHandled#"Backspace"
2019-3-11 17:36:56.974#change#{"from":{"line":0,"ch":9,"sticky":"before"},"to":{"line":1,"ch":0,"sticky":null},"text":[""],"removed":["",""],"origin":"+delete"}
2019-3-11 17:36:56.974#keyHandled#"Backspace"
2019-3-11 17:36:56.979#viewportChange#0
2019-3-11 17:36:57.024#change#{"from":{"line":0,"ch":8,"sticky":"after"},"to":{"line":0,"ch":9,"sticky":null},"text":[""],"removed":["5"],"origin":"+delete"}
2019-3-11 17:36:57.024#keyHandled#"Backspace"
2019-3-11 17:36:59.806#change#{"from":{"line":0,"ch":8,"sticky":null},"to":{"line":0,"ch":8,"sticky":null},"text":["",""],"removed":[""],"origin":"+input"}
2019-3-11 17:36:59.806#keyHandled#"Enter"
2019-3-11 17:36:59.811#viewportChange#0
2019-3-11 17:37:01.533#change#{"from":{"line":1,"ch":0,"sticky":null},"to":{"line":1,"ch":0,"sticky":null},"text":["a"],"removed":[""],"origin":"+input"}
2019-3-11 17:37:01.730#change#{"from":{"line":1,"ch":1,"sticky":null},"to":{"line":1,"ch":1,"sticky":null},"text":["r"],"removed":[""],"origin":"+input"}
2019-3-11 17:37:01.924#change#{"from":{"line":1,"ch":2,"sticky":null},"to":{"line":1,"ch":2,"sticky":null},"text":["e"],"removed":[""],"origin":"+input"}
2019-3-11 17:37:02.062#change#{"from":{"line":1,"ch":3,"sticky":null},"to":{"line":1,"ch":3,"sticky":null},"text":["a"],"removed":[""],"origin":"+input"}
2019-3-11 17:37:03.500#change#{"from":{"line":1,"ch":4,"sticky":null},"to":{"line":1,"ch":4,"sticky":null},"text":["-"],"removed":[""],"origin":"+input"}
2019-3-11 17:37:04.888#change#{"from":{"line":1,"ch":4,"sticky":"after"},"to":{"line":1,"ch":5,"sticky":null},"text":[""],"removed":["-"],"origin":"+delete"}
2019-3-11 17:37:04.888#keyHandled#"Backspace"
2019-3-11 17:37:05.077#change#{"from":{"line":1,"ch":4,"sticky":null},"to":{"line":1,"ch":4,"sticky":null},"text":["="],"removed":[""],"origin":"+input"}
2019-3-11 17:37:06.642#change#{"from":{"line":1,"ch":4,"sticky":"after"},"to":{"line":1,"ch":5,"sticky":null},"text":[""],"removed":["="],"origin":"+delete"}
2019-3-11 17:37:06.642#keyHandled#"Backspace"
2019-3-11 17:37:07.091#change#{"from":{"line":1,"ch":4,"sticky":null},"to":{"line":1,"ch":4,"sticky":null},"text":[" "],"removed":[""],"origin":"+input"}
2019-3-11 17:37:07.900#change#{"from":{"line":1,"ch":5,"sticky":null},"to":{"line":1,"ch":5,"sticky":null},"text":["="],"removed":[""],"origin":"+input"}
2019-3-11 17:37:10.714#mousedown#{"isTrusted":true}
2019-3-11 17:37:22.194#mousedown#{"isTrusted":true}
2019-3-11 17:37:22.857#mousedown#{"isTrusted":true}
2019-3-11 17:37:23.434#mousedown#{"isTrusted":true}
2019-3-11 17:37:23.827#mousedown#{"isTrusted":true}
2019-3-11 17:37:24.207#mousedown#{"isTrusted":true}
2019-3-11 17:37:24.836#mousedown#{"isTrusted":true}
2019-3-11 17:37:25.403#mousedown#{"isTrusted":true}
2019-3-11 17:37:28.713#change#{"from":{"line":3,"ch":15,"sticky":"after"},"to":{"line":3,"ch":16,"sticky":"before","xRel":-2.734375},"text":[""],"removed":["a"],"origin":"+delete"}
2019-3-11 17:37:28.713#keyHandled#"Backspace"
2019-3-11 17:37:28.905#change#{"from":{"line":3,"ch":14,"sticky":"after"},"to":{"line":3,"ch":15,"sticky":null},"text":[""],"removed":["e"],"origin":"+delete"}
2019-3-11 17:37:28.905#keyHandled#"Backspace"
2019-3-11 17:37:29.185#change#{"from":{"line":3,"ch":13,"sticky":"after"},"to":{"line":3,"ch":14,"sticky":null},"text":[""],"removed":["r"],"origin":"+delete"}
2019-3-11 17:37:29.185#keyHandled#"Backspace"
2019-3-11 17:37:29.546#change#{"from":{"line":3,"ch":12,"sticky":"after"},"to":{"line":3,"ch":13,"sticky":null},"text":[""],"removed":["a"],"origin":"+delete"}
2019-3-11 17:37:29.546#keyHandled#"Backspace"
2019-3-11 17:37:30.559#change#{"from":{"line":3,"ch":12,"sticky":null},"to":{"line":3,"ch":12,"sticky":null},"text":["3"],"removed":[""],"origin":"+input"}
2019-3-11 17:37:31.389#change#{"from":{"line":3,"ch":13,"sticky":null},"to":{"line":3,"ch":13,"sticky":null},"text":["/"],"removed":[""],"origin":"+input"}
2019-3-11 17:37:32.008#change#{"from":{"line":3,"ch":14,"sticky":null},"to":{"line":3,"ch":14,"sticky":null},"text":["2"],"removed":[""],"origin":"+input"}
2019-3-11 17:37:36.048#mousedown#{"isTrusted":true}
2019-3-11 17:37:37.093#mousedown#{"isTrusted":true}
2019-3-11 17:37:37.718#mousedown#{"isTrusted":true}
2019-3-11 17:37:38.213#mousedown#{"isTrusted":true}
2019-3-11 17:37:40.745#change#{"from":{"line":3,"ch":16,"sticky":"before","xRel":-1.90625},"to":{"line":3,"ch":16,"sticky":"before","xRel":-1.90625},"text":["/"],"removed":[""],"origin":"+input"}
2019-3-11 17:37:42.208#change#{"from":{"line":3,"ch":16,"sticky":"after"},"to":{"line":3,"ch":17,"sticky":null},"text":[""],"removed":["/"],"origin":"+delete"}
2019-3-11 17:37:42.208#keyHandled#"Backspace"
2019-3-11 17:37:43.042#change#{"from":{"line":3,"ch":16,"sticky":null},"to":{"line":3,"ch":16,"sticky":null},"text":["/"],"removed":[""],"origin":"+input"}
2019-3-11 17:37:43.716#change#{"from":{"line":3,"ch":16,"sticky":"after"},"to":{"line":3,"ch":17,"sticky":null},"text":[""],"removed":["/"],"origin":"+delete"}
2019-3-11 17:37:43.716#keyHandled#"Backspace"
2019-3-11 17:37:44.248#change#{"from":{"line":3,"ch":16,"sticky":null},"to":{"line":3,"ch":16,"sticky":null},"text":["1"],"removed":[""],"origin":"+input"}
2019-3-11 17:37:44.494#change#{"from":{"line":3,"ch":17,"sticky":null},"to":{"line":3,"ch":17,"sticky":null},"text":["/"],"removed":[""],"origin":"+input"}
2019-3-11 17:37:44.932#change#{"from":{"line":3,"ch":18,"sticky":null},"to":{"line":3,"ch":18,"sticky":null},"text":["5"],"removed":[""],"origin":"+input"}
2019-3-11 17:37:46.481#change#{"from":{"line":3,"ch":18,"sticky":"after"},"to":{"line":3,"ch":19,"sticky":null},"text":[""],"removed":["5"],"origin":"+delete"}
2019-3-11 17:37:46.481#keyHandled#"Backspace"
2019-3-11 17:37:47.134#change#{"from":{"line":3,"ch":18,"sticky":null},"to":{"line":3,"ch":18,"sticky":null},"text":["n"],"removed":[""],"origin":"+input"}
2019-3-11 17:37:50.849#change#{"from":{"line":3,"ch":19,"sticky":null},"to":{"line":3,"ch":19,"sticky":null},"text":[")"],"removed":[""],"origin":"+input"}
2019-3-11 17:37:53.171#mousedown#{"isTrusted":true}
2019-3-11 17:37:54.302#change#{"from":{"line":3,"ch":16,"sticky":"after","xRel":3.28125},"to":{"line":3,"ch":16,"sticky":"after","xRel":3.28125},"text":["("],"removed":[""],"origin":"+input"}
2019-3-11 17:37:56.087#mousedown#{"isTrusted":true}
2019-3-11 17:37:56.717#mousedown#{"isTrusted":true}
2019-3-11 17:37:57.844#change#{"from":{"line":3,"ch":21,"sticky":"after","xRel":2.09375},"to":{"line":3,"ch":21,"sticky":"after","xRel":2.09375},"text":["*"],"removed":[""],"origin":"+input"}
2019-3-11 17:38:02.184#mousedown#{"isTrusted":true}
2019-3-11 17:38:03.811#change#{"from":{"line":3,"ch":16,"sticky":"after","xRel":0.09375},"to":{"line":3,"ch":16,"sticky":"after","xRel":0.09375},"text":["3"],"removed":[""],"origin":"+input"}
2019-3-11 17:38:04.616#change#{"from":{"line":3,"ch":17,"sticky":null},"to":{"line":3,"ch":17,"sticky":null},"text":["*"],"removed":[""],"origin":"+input"}
2019-3-11 17:38:06.341#change#{"from":{"line":3,"ch":18,"sticky":null},"to":{"line":3,"ch":18,"sticky":null},"text":["*"],"removed":[""],"origin":"+input"}
2019-3-11 17:38:08.501#mousedown#{"isTrusted":true}
2019-3-11 17:38:13.227#change#{"from":{"line":3,"ch":25,"sticky":"after","xRel":0.484375},"to":{"line":3,"ch":25,"sticky":"after","xRel":0.484375},"text":["a"],"removed":[""],"origin":"+input"}
2019-3-11 17:38:16.627#change#{"from":{"line":3,"ch":26,"sticky":null},"to":{"line":3,"ch":26,"sticky":null},"text":["*"],"removed":[""],"origin":"+input"}
2019-3-11 17:38:16.810#change#{"from":{"line":3,"ch":27,"sticky":null},"to":{"line":3,"ch":27,"sticky":null},"text":["*"],"removed":[""],"origin":"+input"}
2019-3-11 17:38:19.146#change#{"from":{"line":3,"ch":28,"sticky":null},"to":{"line":3,"ch":28,"sticky":null},"text":["2"],"removed":[""],"origin":"+input"}
2019-3-11 17:38:20.712#mousedown#{"isTrusted":true}
2019-3-11 17:38:21.332#mousedown#{"isTrusted":true}
2019-3-11 17:38:22.577#blur#
2019-3-11 17:38:22.577#blur#
2019-3-11 17:38:26.213#mousedown#{"isTrusted":true}
2019-3-11 17:38:26.273#focus#
2019-3-11 17:38:27.429#mousedown#{"isTrusted":true}
2019-3-11 17:38:28.346#change#{"from":{"line":3,"ch":32,"sticky":"after"},"to":{"line":3,"ch":33,"sticky":"before","xRel":28.109375},"text":[""],"removed":[")"],"origin":"+delete"}
2019-3-11 17:38:28.346#keyHandled#"Backspace"
2019-3-11 17:38:28.846#change#{"from":{"line":3,"ch":31,"sticky":"after"},"to":{"line":3,"ch":32,"sticky":null},"text":[""],"removed":[")"],"origin":"+delete"}
2019-3-11 17:38:28.846#keyHandled#"Backspace"
2019-3-11 17:38:28.896#change#{"from":{"line":3,"ch":30,"sticky":"after"},"to":{"line":3,"ch":31,"sticky":null},"text":[""],"removed":["4"],"origin":"+delete"}
2019-3-11 17:38:28.896#keyHandled#"Backspace"
2019-3-11 17:38:28.947#change#{"from":{"line":3,"ch":29,"sticky":"after"},"to":{"line":3,"ch":30,"sticky":null},"text":[""],"removed":[" "],"origin":"+delete"}
2019-3-11 17:38:28.947#keyHandled#"Backspace"
2019-3-11 17:38:28.998#change#{"from":{"line":3,"ch":28,"sticky":"after"},"to":{"line":3,"ch":29,"sticky":null},"text":[""],"removed":["2"],"origin":"+delete"}
2019-3-11 17:38:28.998#keyHandled#"Backspace"
2019-3-11 17:38:29.048#change#{"from":{"line":3,"ch":27,"sticky":"after"},"to":{"line":3,"ch":28,"sticky":null},"text":[""],"removed":["*"],"origin":"+delete"}
2019-3-11 17:38:29.048#keyHandled#"Backspace"
2019-3-11 17:38:29.099#change#{"from":{"line":3,"ch":26,"sticky":"after"},"to":{"line":3,"ch":27,"sticky":null},"text":[""],"removed":["*"],"origin":"+delete"}
2019-3-11 17:38:29.099#keyHandled#"Backspace"
2019-3-11 17:38:29.150#change#{"from":{"line":3,"ch":25,"sticky":"after"},"to":{"line":3,"ch":26,"sticky":null},"text":[""],"removed":["a"],"origin":"+delete"}
2019-3-11 17:38:29.150#keyHandled#"Backspace"
2019-3-11 17:38:29.200#change#{"from":{"line":3,"ch":24,"sticky":"after"},"to":{"line":3,"ch":25,"sticky":null},"text":[""],"removed":["*"],"origin":"+delete"}
2019-3-11 17:38:29.200#keyHandled#"Backspace"
2019-3-11 17:38:29.250#change#{"from":{"line":3,"ch":23,"sticky":"after"},"to":{"line":3,"ch":24,"sticky":null},"text":[""],"removed":[")"],"origin":"+delete"}
2019-3-11 17:38:29.250#keyHandled#"Backspace"
2019-3-11 17:38:29.301#change#{"from":{"line":3,"ch":22,"sticky":"after"},"to":{"line":3,"ch":23,"sticky":null},"text":[""],"removed":["n"],"origin":"+delete"}
2019-3-11 17:38:29.301#keyHandled#"Backspace"
2019-3-11 17:38:29.351#change#{"from":{"line":3,"ch":21,"sticky":"after"},"to":{"line":3,"ch":22,"sticky":null},"text":[""],"removed":["/"],"origin":"+delete"}
2019-3-11 17:38:29.351#keyHandled#"Backspace"
2019-3-11 17:38:29.401#change#{"from":{"line":3,"ch":20,"sticky":"after"},"to":{"line":3,"ch":21,"sticky":null},"text":[""],"removed":["1"],"origin":"+delete"}
2019-3-11 17:38:29.401#keyHandled#"Backspace"
2019-3-11 17:38:29.452#change#{"from":{"line":3,"ch":19,"sticky":"after"},"to":{"line":3,"ch":20,"sticky":null},"text":[""],"removed":["("],"origin":"+delete"}
2019-3-11 17:38:29.452#keyHandled#"Backspace"
2019-3-11 17:38:29.514#change#{"from":{"line":3,"ch":18,"sticky":"after"},"to":{"line":3,"ch":19,"sticky":null},"text":[""],"removed":["*"],"origin":"+delete"}
2019-3-11 17:38:29.515#keyHandled#"Backspace"
2019-3-11 17:38:29.564#change#{"from":{"line":3,"ch":17,"sticky":"after"},"to":{"line":3,"ch":18,"sticky":null},"text":[""],"removed":["*"],"origin":"+delete"}
2019-3-11 17:38:29.564#keyHandled#"Backspace"
2019-3-11 17:38:29.617#change#{"from":{"line":3,"ch":16,"sticky":"after"},"to":{"line":3,"ch":17,"sticky":null},"text":[""],"removed":["3"],"origin":"+delete"}
2019-3-11 17:38:29.617#keyHandled#"Backspace"
2019-3-11 17:38:29.802#change#{"from":{"line":3,"ch":15,"sticky":"after"},"to":{"line":3,"ch":16,"sticky":null},"text":[""],"removed":[","],"origin":"+delete"}
2019-3-11 17:38:29.802#keyHandled#"Backspace"
2019-3-11 17:38:29.966#change#{"from":{"line":3,"ch":14,"sticky":"after"},"to":{"line":3,"ch":15,"sticky":null},"text":[""],"removed":["2"],"origin":"+delete"}
2019-3-11 17:38:29.966#keyHandled#"Backspace"
2019-3-11 17:38:30.569#change#{"from":{"line":3,"ch":11,"sticky":"after"},"to":{"line":3,"ch":12,"sticky":null},"text":[""],"removed":["("],"origin":"+delete"}
2019-3-11 17:38:30.569#keyHandled#"Backspace"
2019-3-11 17:38:30.620#change#{"from":{"line":3,"ch":10,"sticky":"after"},"to":{"line":3,"ch":11,"sticky":null},"text":[""],"removed":["d"],"origin":"+delete"}
2019-3-11 17:38:30.620#keyHandled#"Backspace"
2019-3-11 17:38:30.670#change#{"from":{"line":3,"ch":9,"sticky":"after"},"to":{"line":3,"ch":10,"sticky":null},"text":[""],"removed":["n"],"origin":"+delete"}
2019-3-11 17:38:30.670#keyHandled#"Backspace"
2019-3-11 17:38:30.720#change#{"from":{"line":3,"ch":8,"sticky":"after"},"to":{"line":3,"ch":9,"sticky":null},"text":[""],"removed":["u"],"origin":"+delete"}
2019-3-11 17:38:30.720#keyHandled#"Backspace"
2019-3-11 17:38:30.771#change#{"from":{"line":3,"ch":7,"sticky":"after"},"to":{"line":3,"ch":8,"sticky":null},"text":[""],"removed":["o"],"origin":"+delete"}
2019-3-11 17:38:30.771#keyHandled#"Backspace"
2019-3-11 17:38:30.829#change#{"from":{"line":3,"ch":6,"sticky":"after"},"to":{"line":3,"ch":7,"sticky":null},"text":[""],"removed":["r"],"origin":"+delete"}
2019-3-11 17:38:30.829#keyHandled#"Backspace"
2019-3-11 17:38:30.872#change#{"from":{"line":3,"ch":5,"sticky":"after"},"to":{"line":3,"ch":6,"sticky":null},"text":[""],"removed":["("],"origin":"+delete"}
2019-3-11 17:38:30.872#keyHandled#"Backspace"
2019-3-11 17:38:30.924#change#{"from":{"line":3,"ch":4,"sticky":"after"},"to":{"line":3,"ch":5,"sticky":null},"text":[""],"removed":["t"],"origin":"+delete"}
2019-3-11 17:38:30.924#keyHandled#"Backspace"
2019-3-11 17:38:30.974#change#{"from":{"line":3,"ch":3,"sticky":"after"},"to":{"line":3,"ch":4,"sticky":null},"text":[""],"removed":["n"],"origin":"+delete"}
2019-3-11 17:38:30.974#keyHandled#"Backspace"
2019-3-11 17:38:31.041#change#{"from":{"line":3,"ch":2,"sticky":"after"},"to":{"line":3,"ch":3,"sticky":null},"text":[""],"removed":["i"],"origin":"+delete"}
2019-3-11 17:38:31.041#keyHandled#"Backspace"
2019-3-11 17:38:31.075#change#{"from":{"line":3,"ch":1,"sticky":"after"},"to":{"line":3,"ch":2,"sticky":null},"text":[""],"removed":["r"],"origin":"+delete"}
2019-3-11 17:38:31.075#keyHandled#"Backspace"
2019-3-11 17:38:31.505#change#{"from":{"line":3,"ch":0,"sticky":"after"},"to":{"line":3,"ch":1,"sticky":null},"text":[""],"removed":["p"],"origin":"+delete"}
2019-3-11 17:38:31.505#keyHandled#"Backspace"
2019-3-11 17:38:33.782#change#{"from":{"line":3,"ch":0,"sticky":null},"to":{"line":3,"ch":0,"sticky":null},"text":["p"],"removed":[""],"origin":"undo"}
2019-3-11 17:38:33.782#change#{"from":{"line":3,"ch":1,"sticky":null},"to":{"line":3,"ch":1,"sticky":null},"text":["r"],"removed":[""],"origin":"undo"}
2019-3-11 17:38:33.782#change#{"from":{"line":3,"ch":2,"sticky":null},"to":{"line":3,"ch":2,"sticky":null},"text":["i"],"removed":[""],"origin":"undo"}
2019-3-11 17:38:33.782#change#{"from":{"line":3,"ch":3,"sticky":null},"to":{"line":3,"ch":3,"sticky":null},"text":["n"],"removed":[""],"origin":"undo"}
2019-3-11 17:38:33.782#change#{"from":{"line":3,"ch":4,"sticky":null},"to":{"line":3,"ch":4,"sticky":null},"text":["t"],"removed":[""],"origin":"undo"}
2019-3-11 17:38:33.782#change#{"from":{"line":3,"ch":5,"sticky":null},"to":{"line":3,"ch":5,"sticky":null},"text":["("],"removed":[""],"origin":"undo"}
2019-3-11 17:38:33.782#change#{"from":{"line":3,"ch":6,"sticky":null},"to":{"line":3,"ch":6,"sticky":null},"text":["r"],"removed":[""],"origin":"undo"}
2019-3-11 17:38:33.782#change#{"from":{"line":3,"ch":7,"sticky":null},"to":{"line":3,"ch":7,"sticky":null},"text":["o"],"removed":[""],"origin":"undo"}
2019-3-11 17:38:33.782#change#{"from":{"line":3,"ch":8,"sticky":null},"to":{"line":3,"ch":8,"sticky":null},"text":["u"],"removed":[""],"origin":"undo"}
2019-3-11 17:38:33.782#change#{"from":{"line":3,"ch":9,"sticky":null},"to":{"line":3,"ch":9,"sticky":null},"text":["n"],"removed":[""],"origin":"undo"}
2019-3-11 17:38:33.782#change#{"from":{"line":3,"ch":10,"sticky":null},"to":{"line":3,"ch":10,"sticky":null},"text":["d"],"removed":[""],"origin":"undo"}
2019-3-11 17:38:33.782#change#{"from":{"line":3,"ch":11,"sticky":null},"to":{"line":3,"ch":11,"sticky":null},"text":["("],"removed":[""],"origin":"undo"}
2019-3-11 17:38:33.782#change#{"from":{"line":3,"ch":12,"sticky":null},"to":{"line":3,"ch":12,"sticky":null},"text":["3"],"removed":[""],"origin":"undo"}
2019-3-11 17:38:33.782#change#{"from":{"line":3,"ch":13,"sticky":null},"to":{"line":3,"ch":13,"sticky":null},"text":["/"],"removed":[""],"origin":"undo"}
2019-3-11 17:38:33.782#change#{"from":{"line":3,"ch":14,"sticky":null},"to":{"line":3,"ch":14,"sticky":null},"text":["2"],"removed":[""],"origin":"undo"}
2019-3-11 17:38:33.782#change#{"from":{"line":3,"ch":15,"sticky":null},"to":{"line":3,"ch":15,"sticky":null},"text":[","],"removed":[""],"origin":"undo"}
2019-3-11 17:38:33.782#change#{"from":{"line":3,"ch":16,"sticky":null},"to":{"line":3,"ch":16,"sticky":null},"text":["3"],"removed":[""],"origin":"undo"}
2019-3-11 17:38:33.782#change#{"from":{"line":3,"ch":17,"sticky":null},"to":{"line":3,"ch":17,"sticky":null},"text":["*"],"removed":[""],"origin":"undo"}
2019-3-11 17:38:33.782#change#{"from":{"line":3,"ch":18,"sticky":null},"to":{"line":3,"ch":18,"sticky":null},"text":["*"],"removed":[""],"origin":"undo"}
2019-3-11 17:38:33.782#change#{"from":{"line":3,"ch":19,"sticky":null},"to":{"line":3,"ch":19,"sticky":null},"text":["("],"removed":[""],"origin":"undo"}
2019-3-11 17:38:33.782#change#{"from":{"line":3,"ch":20,"sticky":null},"to":{"line":3,"ch":20,"sticky":null},"text":["1"],"removed":[""],"origin":"undo"}
2019-3-11 17:38:33.782#change#{"from":{"line":3,"ch":21,"sticky":null},"to":{"line":3,"ch":21,"sticky":null},"text":["/"],"removed":[""],"origin":"undo"}
2019-3-11 17:38:33.782#change#{"from":{"line":3,"ch":22,"sticky":null},"to":{"line":3,"ch":22,"sticky":null},"text":["n"],"removed":[""],"origin":"undo"}
2019-3-11 17:38:33.782#change#{"from":{"line":3,"ch":23,"sticky":null},"to":{"line":3,"ch":23,"sticky":null},"text":[")"],"removed":[""],"origin":"undo"}
2019-3-11 17:38:33.782#change#{"from":{"line":3,"ch":24,"sticky":null},"to":{"line":3,"ch":24,"sticky":null},"text":["*"],"removed":[""],"origin":"undo"}
2019-3-11 17:38:33.782#change#{"from":{"line":3,"ch":25,"sticky":null},"to":{"line":3,"ch":25,"sticky":null},"text":["a"],"removed":[""],"origin":"undo"}
2019-3-11 17:38:33.782#change#{"from":{"line":3,"ch":26,"sticky":null},"to":{"line":3,"ch":26,"sticky":null},"text":["*"],"removed":[""],"origin":"undo"}
2019-3-11 17:38:33.782#change#{"from":{"line":3,"ch":27,"sticky":null},"to":{"line":3,"ch":27,"sticky":null},"text":["*"],"removed":[""],"origin":"undo"}
2019-3-11 17:38:33.782#change#{"from":{"line":3,"ch":28,"sticky":null},"to":{"line":3,"ch":28,"sticky":null},"text":["2"],"removed":[""],"origin":"undo"}
2019-3-11 17:38:33.782#change#{"from":{"line":3,"ch":29,"sticky":null},"to":{"line":3,"ch":29,"sticky":null},"text":[" "],"removed":[""],"origin":"undo"}
2019-3-11 17:38:33.782#change#{"from":{"line":3,"ch":30,"sticky":null},"to":{"line":3,"ch":30,"sticky":null},"text":["4"],"removed":[""],"origin":"undo"}
2019-3-11 17:38:33.782#change#{"from":{"line":3,"ch":31,"sticky":null},"to":{"line":3,"ch":31,"sticky":null},"text":[")"],"removed":[""],"origin":"undo"}
2019-3-11 17:38:33.782#change#{"from":{"line":3,"ch":32,"sticky":null},"to":{"line":3,"ch":32,"sticky":null},"text":[")"],"removed":[""],"origin":"undo"}
2019-3-11 17:38:33.782#keyHandled#"Ctrl-Z"
2019-3-11 17:38:34.983#change#{"from":{"line":3,"ch":32,"sticky":"after"},"to":{"line":3,"ch":33,"sticky":"before","xRel":28.109375},"text":[""],"removed":[")"],"origin":"+delete"}
2019-3-11 17:38:34.983#keyHandled#"Backspace"
2019-3-11 17:38:35.483#change#{"from":{"line":3,"ch":31,"sticky":"after"},"to":{"line":3,"ch":32,"sticky":null},"text":[""],"removed":[")"],"origin":"+delete"}
2019-3-11 17:38:35.483#keyHandled#"Backspace"
2019-3-11 17:38:35.534#change#{"from":{"line":3,"ch":30,"sticky":"after"},"to":{"line":3,"ch":31,"sticky":null},"text":[""],"removed":["4"],"origin":"+delete"}
2019-3-11 17:38:35.534#keyHandled#"Backspace"
2019-3-11 17:38:35.584#change#{"from":{"line":3,"ch":29,"sticky":"after"},"to":{"line":3,"ch":30,"sticky":null},"text":[""],"removed":[" "],"origin":"+delete"}
2019-3-11 17:38:35.584#keyHandled#"Backspace"
2019-3-11 17:38:35.634#change#{"from":{"line":3,"ch":28,"sticky":"after"},"to":{"line":3,"ch":29,"sticky":null},"text":[""],"removed":["2"],"origin":"+delete"}
2019-3-11 17:38:35.634#keyHandled#"Backspace"
2019-3-11 17:38:35.684#change#{"from":{"line":3,"ch":27,"sticky":"after"},"to":{"line":3,"ch":28,"sticky":null},"text":[""],"removed":["*"],"origin":"+delete"}
2019-3-11 17:38:35.684#keyHandled#"Backspace"
2019-3-11 17:38:35.734#change#{"from":{"line":3,"ch":26,"sticky":"after"},"to":{"line":3,"ch":27,"sticky":null},"text":[""],"removed":["*"],"origin":"+delete"}
2019-3-11 17:38:35.734#keyHandled#"Backspace"
2019-3-11 17:38:35.784#change#{"from":{"line":3,"ch":25,"sticky":"after"},"to":{"line":3,"ch":26,"sticky":null},"text":[""],"removed":["a"],"origin":"+delete"}
2019-3-11 17:38:35.784#keyHandled#"Backspace"
2019-3-11 17:38:35.834#change#{"from":{"line":3,"ch":24,"sticky":"after"},"to":{"line":3,"ch":25,"sticky":null},"text":[""],"removed":["*"],"origin":"+delete"}
2019-3-11 17:38:35.834#keyHandled#"Backspace"
2019-3-11 17:38:35.884#change#{"from":{"line":3,"ch":23,"sticky":"after"},"to":{"line":3,"ch":24,"sticky":null},"text":[""],"removed":[")"],"origin":"+delete"}
2019-3-11 17:38:35.884#keyHandled#"Backspace"
2019-3-11 17:38:35.934#change#{"from":{"line":3,"ch":22,"sticky":"after"},"to":{"line":3,"ch":23,"sticky":null},"text":[""],"removed":["n"],"origin":"+delete"}
2019-3-11 17:38:35.934#keyHandled#"Backspace"
2019-3-11 17:38:35.985#change#{"from":{"line":3,"ch":21,"sticky":"after"},"to":{"line":3,"ch":22,"sticky":null},"text":[""],"removed":["/"],"origin":"+delete"}
2019-3-11 17:38:35.985#keyHandled#"Backspace"
2019-3-11 17:38:36.035#change#{"from":{"line":3,"ch":20,"sticky":"after"},"to":{"line":3,"ch":21,"sticky":null},"text":[""],"removed":["1"],"origin":"+delete"}
2019-3-11 17:38:36.035#keyHandled#"Backspace"
2019-3-11 17:38:36.085#change#{"from":{"line":3,"ch":19,"sticky":"after"},"to":{"line":3,"ch":20,"sticky":null},"text":[""],"removed":["("],"origin":"+delete"}
2019-3-11 17:38:36.085#keyHandled#"Backspace"
2019-3-11 17:38:36.135#change#{"from":{"line":3,"ch":18,"sticky":"after"},"to":{"line":3,"ch":19,"sticky":null},"text":[""],"removed":["*"],"origin":"+delete"}
2019-3-11 17:38:36.135#keyHandled#"Backspace"
2019-3-11 17:38:36.281#change#{"from":{"line":3,"ch":17,"sticky":"after"},"to":{"line":3,"ch":18,"sticky":null},"text":[""],"removed":["*"],"origin":"+delete"}
2019-3-11 17:38:36.281#keyHandled#"Backspace"
2019-3-11 17:38:36.559#change#{"from":{"line":3,"ch":16,"sticky":"after"},"to":{"line":3,"ch":17,"sticky":null},"text":[""],"removed":["3"],"origin":"+delete"}
2019-3-11 17:38:36.559#keyHandled#"Backspace"
2019-3-11 17:38:37.037#change#{"from":{"line":3,"ch":15,"sticky":"after"},"to":{"line":3,"ch":16,"sticky":null},"text":[""],"removed":[","],"origin":"+delete"}
2019-3-11 17:38:37.037#keyHandled#"Backspace"
2019-3-11 17:38:37.259#change#{"from":{"line":3,"ch":14,"sticky":"after"},"to":{"line":3,"ch":15,"sticky":null},"text":[""],"removed":["2"],"origin":"+delete"}
2019-3-11 17:38:37.259#keyHandled#"Backspace"
2019-3-11 17:38:37.518#change#{"from":{"line":3,"ch":13,"sticky":"after"},"to":{"line":3,"ch":14,"sticky":null},"text":[""],"removed":["/"],"origin":"+delete"}
2019-3-11 17:38:37.518#keyHandled#"Backspace"
2019-3-11 17:38:37.956#change#{"from":{"line":3,"ch":12,"sticky":"after"},"to":{"line":3,"ch":13,"sticky":null},"text":[""],"removed":["3"],"origin":"+delete"}
2019-3-11 17:38:37.956#keyHandled#"Backspace"
2019-3-11 17:38:39.633#change#{"from":{"line":3,"ch":12,"sticky":null},"to":{"line":3,"ch":12,"sticky":null},"text":["a"],"removed":[""],"origin":"+input"}
2019-3-11 17:38:39.798#change#{"from":{"line":3,"ch":13,"sticky":null},"to":{"line":3,"ch":13,"sticky":null},"text":["r"],"removed":[""],"origin":"+input"}
2019-3-11 17:38:40.002#change#{"from":{"line":3,"ch":14,"sticky":null},"to":{"line":3,"ch":14,"sticky":null},"text":["e"],"removed":[""],"origin":"+input"}
2019-3-11 17:38:40.123#change#{"from":{"line":3,"ch":15,"sticky":null},"to":{"line":3,"ch":15,"sticky":null},"text":["a"],"removed":[""],"origin":"+input"}
2019-3-11 17:38:41.251#change#{"from":{"line":3,"ch":16,"sticky":null},"to":{"line":3,"ch":16,"sticky":null},"text":[","],"removed":[""],"origin":"+input"}
2019-3-11 17:38:41.402#change#{"from":{"line":3,"ch":17,"sticky":null},"to":{"line":3,"ch":17,"sticky":null},"text":[" "],"removed":[""],"origin":"+input"}
2019-3-11 17:38:42.549#change#{"from":{"line":3,"ch":18,"sticky":null},"to":{"line":3,"ch":18,"sticky":null},"text":["4"],"removed":[""],"origin":"+input"}
2019-3-11 17:38:43.713#change#{"from":{"line":3,"ch":19,"sticky":null},"to":{"line":3,"ch":19,"sticky":null},"text":[")"],"removed":[""],"origin":"+input"}
2019-3-11 17:38:51.079#mousedown#{"isTrusted":true}
2019-3-11 17:39:03.221#change#{"from":{"line":0,"ch":8,"sticky":"before","xRel":45.6875},"to":{"line":0,"ch":8,"sticky":"before","xRel":45.6875},"text":[" "],"removed":[""],"origin":"+input"}
2019-3-11 17:39:04.611#change#{"from":{"line":0,"ch":9,"sticky":null},"to":{"line":0,"ch":9,"sticky":null},"text":["A"],"removed":[""],"origin":"+input"}
2019-3-11 17:39:05.409#change#{"from":{"line":0,"ch":9,"sticky":"after"},"to":{"line":0,"ch":10,"sticky":null},"text":[""],"removed":["A"],"origin":"+delete"}
2019-3-11 17:39:05.409#keyHandled#"Backspace"
2019-3-11 17:39:05.921#change#{"from":{"line":0,"ch":9,"sticky":null},"to":{"line":0,"ch":9,"sticky":null},"text":["a"],"removed":[""],"origin":"+input"}
2019-3-11 17:39:07.625#mousedown#{"isTrusted":true}
2019-3-11 17:39:09.262#change#{"from":{"line":1,"ch":6,"sticky":"before","xRel":11.546875},"to":{"line":1,"ch":6,"sticky":"before","xRel":11.546875},"text":["a"],"removed":[""],"origin":"+input"}
2019-3-11 17:39:10.229#change#{"from":{"line":1,"ch":6,"sticky":"after"},"to":{"line":1,"ch":7,"sticky":null},"text":[""],"removed":["a"],"origin":"+delete"}
2019-3-11 17:39:10.229#keyHandled#"Backspace"
2019-3-11 17:39:10.695#change#{"from":{"line":1,"ch":6,"sticky":null},"to":{"line":1,"ch":6,"sticky":null},"text":[" "],"removed":[""],"origin":"+input"}
2019-3-11 17:39:11.222#change#{"from":{"line":1,"ch":7,"sticky":null},"to":{"line":1,"ch":7,"sticky":null},"text":["A"],"removed":[""],"origin":"+input"}
2019-3-11 17:39:15.078#change#{"from":{"line":1,"ch":8,"sticky":null},"to":{"line":1,"ch":8,"sticky":null},"text":["="],"removed":[""],"origin":"+input"}
2019-3-11 17:39:15.090#change#{"from":{"line":1,"ch":8,"sticky":"after"},"to":{"line":1,"ch":9,"sticky":null},"text":[""],"removed":["="],"origin":"+delete"}
2019-3-11 17:39:15.090#keyHandled#"Backspace"
2019-3-11 17:39:15.720#change#{"from":{"line":1,"ch":8,"sticky":null},"to":{"line":1,"ch":8,"sticky":null},"text":["="],"removed":[""],"origin":"+input"}
2019-3-11 17:39:17.667#change#{"from":{"line":1,"ch":9,"sticky":null},"to":{"line":1,"ch":9,"sticky":null},"text":["3"],"removed":[""],"origin":"+input"}
2019-3-11 17:39:18.041#change#{"from":{"line":1,"ch":10,"sticky":null},"to":{"line":1,"ch":10,"sticky":null},"text":["/"],"removed":[""],"origin":"+input"}
2019-3-11 17:39:18.526#change#{"from":{"line":1,"ch":11,"sticky":null},"to":{"line":1,"ch":11,"sticky":null},"text":["2"],"removed":[""],"origin":"+input"}
2019-3-11 17:40:24.722#blur#
2019-3-11 17:46:16.747#mousedown#{"isTrusted":true}
2019-3-11 17:46:16.751#focus#
2019-3-11 17:46:17.605#change#{"from":{"line":1,"ch":11,"sticky":"after"},"to":{"line":1,"ch":12,"sticky":"before","xRel":15.015625},"text":[""],"removed":["2"],"origin":"+delete"}
2019-3-11 17:46:17.605#keyHandled#"Backspace"
2019-3-11 17:46:17.726#change#{"from":{"line":1,"ch":10,"sticky":"after"},"to":{"line":1,"ch":11,"sticky":null},"text":[""],"removed":["/"],"origin":"+delete"}
2019-3-11 17:46:17.726#keyHandled#"Backspace"
2019-3-11 17:46:17.847#change#{"from":{"line":1,"ch":9,"sticky":"after"},"to":{"line":1,"ch":10,"sticky":null},"text":[""],"removed":["3"],"origin":"+delete"}
2019-3-11 17:46:17.847#keyHandled#"Backspace"
2019-3-11 17:46:17.946#change#{"from":{"line":1,"ch":8,"sticky":"after"},"to":{"line":1,"ch":9,"sticky":null},"text":[""],"removed":["="],"origin":"+delete"}
2019-3-11 17:46:17.946#keyHandled#"Backspace"
2019-3-11 17:46:18.230#change#{"from":{"line":1,"ch":7,"sticky":"after"},"to":{"line":1,"ch":8,"sticky":null},"text":[""],"removed":["A"],"origin":"+delete"}
2019-3-11 17:46:18.230#keyHandled#"Backspace"
2019-3-11 17:46:20.338#mousedown#{"isTrusted":true}
2019-3-11 17:46:20.939#change#{"from":{"line":0,"ch":9,"sticky":"after"},"to":{"line":0,"ch":10,"sticky":"before","xRel":23.84375},"text":[""],"removed":["a"],"origin":"+delete"}
2019-3-11 17:46:20.939#keyHandled#"Backspace"
2019-3-11 17:46:53.196#change#{"from":{"line":0,"ch":9,"sticky":null},"to":{"line":0,"ch":9,"sticky":null},"text":["5"],"removed":[""],"origin":"+input"}
2019-3-11 17:46:56.972#keyHandled#"Down"
2019-3-11 17:47:06.756#change#{"from":{"line":1,"ch":7,"sticky":"before","xRel":25.28125},"to":{"line":1,"ch":7,"sticky":"before","xRel":25.28125},"text":["3"],"removed":[""],"origin":"+input"}
2019-3-11 17:47:07.076#change#{"from":{"line":1,"ch":8,"sticky":null},"to":{"line":1,"ch":8,"sticky":null},"text":["/"],"removed":[""],"origin":"+input"}
2019-3-11 17:47:07.563#change#{"from":{"line":1,"ch":9,"sticky":null},"to":{"line":1,"ch":9,"sticky":null},"text":["2"],"removed":[""],"origin":"+input"}
2019-3-11 17:47:09.718#change#{"from":{"line":1,"ch":9,"sticky":"after"},"to":{"line":1,"ch":10,"sticky":null},"text":[""],"removed":["2"],"origin":"+delete"}
2019-3-11 17:47:09.718#keyHandled#"Backspace"
2019-3-11 17:47:09.923#change#{"from":{"line":1,"ch":8,"sticky":"after"},"to":{"line":1,"ch":9,"sticky":null},"text":[""],"removed":["/"],"origin":"+delete"}
2019-3-11 17:47:09.923#keyHandled#"Backspace"
2019-3-11 17:47:10.215#change#{"from":{"line":1,"ch":7,"sticky":"after"},"to":{"line":1,"ch":8,"sticky":null},"text":[""],"removed":["3"],"origin":"+delete"}
2019-3-11 17:47:10.215#keyHandled#"Backspace"
2019-3-11 17:47:11.428#change#{"from":{"line":1,"ch":7,"sticky":null},"to":{"line":1,"ch":7,"sticky":null},"text":["()"],"removed":[""],"origin":"+input"}
2019-3-11 17:47:11.428#keyHandled#"'('"
2019-3-11 17:47:12.433#change#{"from":{"line":1,"ch":8,"sticky":"after"},"to":{"line":1,"ch":8,"sticky":"after"},"text":["3"],"removed":[""],"origin":"+input"}
2019-3-11 17:47:12.825#change#{"from":{"line":1,"ch":9,"sticky":null},"to":{"line":1,"ch":9,"sticky":null},"text":["/"],"removed":[""],"origin":"+input"}
2019-3-11 17:47:13.208#change#{"from":{"line":1,"ch":10,"sticky":null},"to":{"line":1,"ch":10,"sticky":null},"text":["2"],"removed":[""],"origin":"+input"}
2019-3-11 17:47:17.654#mousedown#{"isTrusted":true}
2019-3-11 17:47:22.256#change#{"from":{"line":1,"ch":12,"sticky":"before","xRel":9.015625},"to":{"line":1,"ch":12,"sticky":"before","xRel":9.015625},"text":["*"],"removed":[""],"origin":"+input"}
2019-3-11 17:47:23.999#change#{"from":{"line":1,"ch":13,"sticky":null},"to":{"line":1,"ch":13,"sticky":null},"text":["()"],"removed":[""],"origin":"+input"}
2019-3-11 17:47:23.999#keyHandled#"'('"
2019-3-11 17:47:42.742#change#{"from":{"line":1,"ch":14,"sticky":"after"},"to":{"line":1,"ch":14,"sticky":"after"},"text":["1"],"removed":[""],"origin":"+input"}
2019-3-11 17:47:43.117#change#{"from":{"line":1,"ch":15,"sticky":null},"to":{"line":1,"ch":15,"sticky":null},"text":["/"],"removed":[""],"origin":"+input"}
2019-3-11 17:47:44.480#change#{"from":{"line":1,"ch":15,"sticky":"after"},"to":{"line":1,"ch":16,"sticky":null},"text":[""],"removed":["/"],"origin":"+delete"}
2019-3-11 17:47:44.480#keyHandled#"Backspace"
2019-3-11 17:47:45.010#change#{"from":{"line":1,"ch":14,"sticky":"after"},"to":{"line":1,"ch":15,"sticky":null},"text":[""],"removed":["1"],"origin":"+delete"}
2019-3-11 17:47:45.010#keyHandled#"Backspace"
2019-3-11 17:47:45.928#change#{"from":{"line":1,"ch":14,"sticky":null},"to":{"line":1,"ch":14,"sticky":null},"text":["3"],"removed":[""],"origin":"+input"}
2019-3-11 17:47:49.240#change#{"from":{"line":1,"ch":15,"sticky":null},"to":{"line":1,"ch":15,"sticky":null},"text":[" "],"removed":[""],"origin":"+input"}
2019-3-11 17:47:49.676#change#{"from":{"line":1,"ch":16,"sticky":null},"to":{"line":1,"ch":16,"sticky":null},"text":["*"],"removed":[""],"origin":"+input"}
2019-3-11 17:47:49.949#change#{"from":{"line":1,"ch":17,"sticky":null},"to":{"line":1,"ch":17,"sticky":null},"text":["*"],"removed":[""],"origin":"+input"}
2019-3-11 17:47:50.781#change#{"from":{"line":1,"ch":18,"sticky":null},"to":{"line":1,"ch":18,"sticky":null},"text":[" "],"removed":[""],"origin":"+input"}
2019-3-11 17:47:56.185#change#{"from":{"line":1,"ch":19,"sticky":null},"to":{"line":1,"ch":19,"sticky":null},"text":[" "],"removed":[""],"origin":"+input"}
2019-3-11 17:47:56.423#change#{"from":{"line":1,"ch":20,"sticky":null},"to":{"line":1,"ch":20,"sticky":null},"text":["9"],"removed":[""],"origin":"+input"}
2019-3-11 17:47:57.456#keyHandled#"Insert"
2019-3-11 17:47:57.997#change#{"from":{"line":1,"ch":20,"sticky":"after"},"to":{"line":1,"ch":21,"sticky":null},"text":[""],"removed":["9"],"origin":"+delete"}
2019-3-11 17:47:57.997#keyHandled#"Backspace"
2019-3-11 17:47:58.326#change#{"from":{"line":1,"ch":19,"sticky":"after"},"to":{"line":1,"ch":20,"sticky":null},"text":[""],"removed":[" "],"origin":"+delete"}
2019-3-11 17:47:58.326#keyHandled#"Backspace"
2019-3-11 17:47:59.821#change#{"from":{"line":1,"ch":19,"sticky":null},"to":{"line":1,"ch":19,"sticky":null},"text":["()"],"removed":[""],"origin":"+input"}
2019-3-11 17:47:59.821#keyHandled#"'('"
2019-3-11 17:48:02.823#change#{"from":{"line":1,"ch":20,"sticky":"after"},"to":{"line":1,"ch":21,"sticky":null},"text":["1"],"removed":[")"],"origin":"+input"}
2019-3-11 17:48:03.274#change#{"from":{"line":1,"ch":21,"sticky":null},"to":{"line":1,"ch":22,"sticky":null},"text":["/"],"removed":[")"],"origin":"+input"}
2019-3-11 17:48:03.917#change#{"from":{"line":1,"ch":22,"sticky":null},"to":{"line":1,"ch":22,"sticky":null},"text":["2"],"removed":[""],"origin":"+input"}
2019-3-11 17:48:07.139#change#{"from":{"line":1,"ch":23,"sticky":null},"to":{"line":1,"ch":23,"sticky":null},"text":[")"],"removed":[""],"origin":"+input"}
2019-3-11 17:48:07.913#change#{"from":{"line":1,"ch":24,"sticky":null},"to":{"line":1,"ch":24,"sticky":null},"text":[")"],"removed":[""],"origin":"+input"}
2019-3-11 17:48:11.448#change#{"from":{"line":1,"ch":25,"sticky":null},"to":{"line":1,"ch":25,"sticky":null},"text":["*"],"removed":[""],"origin":"+input"}
2019-3-11 17:48:14.653#change#{"from":{"line":1,"ch":26,"sticky":null},"to":{"line":1,"ch":26,"sticky":null},"text":["a"],"removed":[""],"origin":"+input"}
2019-3-11 17:48:17.358#change#{"from":{"line":1,"ch":26,"sticky":"after"},"to":{"line":1,"ch":27,"sticky":null},"text":[""],"removed":["a"],"origin":"+delete"}
2019-3-11 17:48:17.358#keyHandled#"Backspace"
2019-3-11 17:48:40.083#change#{"from":{"line":1,"ch":26,"sticky":null},"to":{"line":1,"ch":26,"sticky":null},"text":["a"],"removed":[""],"origin":"+input"}
2019-3-11 17:48:43.257#change#{"from":{"line":1,"ch":26,"sticky":"after"},"to":{"line":1,"ch":27,"sticky":null},"text":[""],"removed":["a"],"origin":"+delete"}
2019-3-11 17:48:43.257#keyHandled#"Backspace"
2019-3-11 17:48:45.910#change#{"from":{"line":1,"ch":26,"sticky":null},"to":{"line":1,"ch":26,"sticky":null},"text":["()"],"removed":[""],"origin":"+input"}
2019-3-11 17:48:45.910#keyHandled#"'('"
2019-3-11 17:48:47.854#change#{"from":{"line":1,"ch":27,"sticky":"after"},"to":{"line":1,"ch":28,"sticky":null},"text":["a"],"removed":[")"],"origin":"+input"}
2019-3-11 17:48:48.190#change#{"from":{"line":1,"ch":28,"sticky":null},"to":{"line":1,"ch":28,"sticky":null},"text":["r"],"removed":[""],"origin":"+input"}
2019-3-11 17:48:48.364#change#{"from":{"line":1,"ch":29,"sticky":null},"to":{"line":1,"ch":29,"sticky":null},"text":["e"],"removed":[""],"origin":"+input"}
2019-3-11 17:48:48.490#change#{"from":{"line":1,"ch":30,"sticky":null},"to":{"line":1,"ch":30,"sticky":null},"text":["s"],"removed":[""],"origin":"+input"}
2019-3-11 17:48:51.876#change#{"from":{"line":1,"ch":31,"sticky":null},"to":{"line":1,"ch":31,"sticky":null},"text":["t"],"removed":[""],"origin":"+input"}
2019-3-11 17:48:52.038#change#{"from":{"line":1,"ch":32,"sticky":null},"to":{"line":1,"ch":32,"sticky":null},"text":["a"],"removed":[""],"origin":"+input"}
2019-3-11 17:48:55.959#change#{"from":{"line":1,"ch":33,"sticky":null},"to":{"line":1,"ch":33,"sticky":null},"text":[" "],"removed":[""],"origin":"+input"}
2019-3-11 17:48:56.741#change#{"from":{"line":1,"ch":34,"sticky":null},"to":{"line":1,"ch":34,"sticky":null},"text":["*"],"removed":[""],"origin":"+input"}
2019-3-11 17:48:56.905#change#{"from":{"line":1,"ch":35,"sticky":null},"to":{"line":1,"ch":35,"sticky":null},"text":["*"],"removed":[""],"origin":"+input"}
2019-3-11 17:48:59.751#change#{"from":{"line":1,"ch":36,"sticky":null},"to":{"line":1,"ch":36,"sticky":null},"text":[" "],"removed":[""],"origin":"+input"}
2019-3-11 17:49:00.386#change#{"from":{"line":1,"ch":37,"sticky":null},"to":{"line":1,"ch":37,"sticky":null},"text":["2"],"removed":[""],"origin":"+input"}
2019-3-11 17:49:01.705#change#{"from":{"line":1,"ch":38,"sticky":null},"to":{"line":1,"ch":38,"sticky":null},"text":[")"],"removed":[""],"origin":"+input"}
2019-3-11 17:49:01.705#change#{"from":{"line":1,"ch":38,"sticky":null},"to":{"line":1,"ch":38,"sticky":null},"text":[")"],"removed":[""],"origin":"+input"}
2019-3-11 17:49:05.883#blur#
2019-3-11 17:49:05.883#blur#
2019-3-11 17:49:07.076#submit#Your code did not produce the correct output. Please, correct your code and try again.
2019-3-11 17:49:13.737#mousedown#{"isTrusted":true}
2019-3-11 17:49:13.816#focus#
2019-3-11 17:49:15.612#change#{"from":{"line":1,"ch":39,"sticky":"before","xRel":12.59375},"to":{"line":1,"ch":39,"sticky":null},"text":[")"],"removed":[""],"origin":"+input"}
2019-3-11 17:49:18.832#change#{"from":{"line":1,"ch":39,"sticky":"after"},"to":{"line":1,"ch":40,"sticky":null},"text":[""],"removed":[")"],"origin":"+delete"}
2019-3-11 17:49:18.832#keyHandled#"Backspace"
2019-3-11 17:49:26.011#mousedown#{"isTrusted":true}
2019-3-11 17:49:27.639#mousedown#{"isTrusted":true}
2019-3-11 17:49:29.814#mousedown#{"isTrusted":true}
2019-3-11 17:49:33.024#blur#
2019-3-11 17:49:33.024#blur#
2019-3-11 17:49:40.661#mousedown#{"isTrusted":true}
2019-3-11 17:49:40.723#focus#
2019-3-11 17:49:41.774#change#{"from":{"line":1,"ch":39,"sticky":"before","xRel":35.59375},"to":{"line":2,"ch":0,"sticky":"after"},"text":[""],"removed":["",""],"origin":"+delete"}
2019-3-11 17:49:41.774#keyHandled#"Delete"
2019-3-11 17:49:41.781#viewportChange#0
2019-3-11 17:49:46.063#mousedown#{"isTrusted":true}
2019-3-11 17:49:52.036#change#{"from":{"line":2,"ch":20,"sticky":"before","xRel":10.578125},"to":{"line":2,"ch":20,"sticky":null},"text":[")"],"removed":[""],"origin":"+input"}
2019-3-11 17:49:52.036#change#{"from":{"line":2,"ch":20,"sticky":"before","xRel":10.578125},"to":{"line":2,"ch":20,"sticky":null},"text":[")"],"removed":[""],"origin":"+input"}
2019-3-11 17:49:54.775#blur#
2019-3-12 10:22:41.636#touchstart#{"isTrusted":true}
2019-3-12 10:22:42.354#touchstart#{"isTrusted":true}
2019-3-12 10:22:43.284#touchstart#{"isTrusted":true}
2019-3-12 10:23:18.040#touchstart#{"isTrusted":true}
2019-3-12 10:23:18.550#touchstart#{"isTrusted":true}
2019-3-25 17:01:17.471#viewportChange#0
2019-3-25 17:01:25.765#mousedown#{"isTrusted":true}
2019-3-25 17:01:25.796#focus#
2019-3-25 17:01:41.792#mousedown#{"isTrusted":true}
2019-3-25 17:01:42.343#mousedown#{"isTrusted":true}
2019-3-25 17:01:45.011#mousedown#{"isTrusted":true}
2019-3-25 17:01:49.800#blur#
2019-3-25 17:01:50.136#mousedown#{"isTrusted":true}
2019-3-25 17:01:50.155#focus#
