2019-3-21 18:07:52.253#viewportChange#0
2019-3-21 18:08:15.705#mousedown#{"isTrusted":true}
2019-3-21 18:08:15.724#focus#
2019-3-21 18:08:19.879#change#{"from":{"line":3,"ch":10,"sticky":"after","xRel":0.79998779296875},"to":{"line":3,"ch":10,"sticky":"after","xRel":0.79998779296875},"text":["i"],"removed":[""],"origin":"+input"}
2019-3-21 18:08:20.101#change#{"from":{"line":3,"ch":11,"sticky":null},"to":{"line":3,"ch":11,"sticky":null},"text":["n"],"removed":[""],"origin":"+input"}
2019-3-21 18:08:20.620#change#{"from":{"line":3,"ch":12,"sticky":null},"to":{"line":3,"ch":12,"sticky":null},"text":["p"],"removed":[""],"origin":"+input"}
2019-3-21 18:08:20.926#change#{"from":{"line":3,"ch":13,"sticky":null},"to":{"line":3,"ch":13,"sticky":null},"text":["u"],"removed":[""],"origin":"+input"}
2019-3-21 18:08:21.106#change#{"from":{"line":3,"ch":14,"sticky":null},"to":{"line":3,"ch":14,"sticky":null},"text":["t"],"removed":[""],"origin":"+input"}
2019-3-21 18:08:27.015#change#{"from":{"line":3,"ch":15,"sticky":null},"to":{"line":3,"ch":15,"sticky":null},"text":["()"],"removed":[""],"origin":"+input"}
2019-3-21 18:08:27.015#keyHandled#"'('"
2019-3-21 18:08:30.381#change#{"from":{"line":3,"ch":16,"sticky":"after"},"to":{"line":3,"ch":16,"sticky":"after"},"text":["\"\""],"removed":[""],"origin":"+input"}
2019-3-21 18:08:30.381#keyHandled#"'\"'"
2019-3-21 18:08:32.219#change#{"from":{"line":3,"ch":17,"sticky":"after"},"to":{"line":3,"ch":17,"sticky":"after"},"text":["D"],"removed":[""],"origin":"+input"}
2019-3-21 18:08:32.687#change#{"from":{"line":3,"ch":18,"sticky":null},"to":{"line":3,"ch":18,"sticky":null},"text":["i"],"removed":[""],"origin":"+input"}
2019-3-21 18:08:33.139#change#{"from":{"line":3,"ch":19,"sticky":null},"to":{"line":3,"ch":19,"sticky":null},"text":["g"],"removed":[""],"origin":"+input"}
2019-3-21 18:08:34.634#change#{"from":{"line":3,"ch":20,"sticky":null},"to":{"line":3,"ch":20,"sticky":null},"text":["i"],"removed":[""],"origin":"+input"}
2019-3-21 18:08:35.085#change#{"from":{"line":3,"ch":21,"sticky":null},"to":{"line":3,"ch":21,"sticky":null},"text":["e"],"removed":[""],"origin":"+input"}
2019-3-21 18:08:35.968#change#{"from":{"line":3,"ch":21,"sticky":"after"},"to":{"line":3,"ch":22,"sticky":null},"text":[""],"removed":["e"],"origin":"+delete"}
2019-3-21 18:08:35.968#keyHandled#"Backspace"
2019-3-21 18:08:36.400#change#{"from":{"line":3,"ch":21,"sticky":null},"to":{"line":3,"ch":21,"sticky":null},"text":["t"],"removed":[""],"origin":"+input"}
2019-3-21 18:08:36.529#change#{"from":{"line":3,"ch":22,"sticky":null},"to":{"line":3,"ch":22,"sticky":null},"text":["e"],"removed":[""],"origin":"+input"}
2019-3-21 18:08:38.537#change#{"from":{"line":3,"ch":23,"sticky":null},"to":{"line":3,"ch":23,"sticky":null},"text":[" "],"removed":[""],"origin":"+input"}
2019-3-21 18:08:39.154#change#{"from":{"line":3,"ch":24,"sticky":null},"to":{"line":3,"ch":24,"sticky":null},"text":["o"],"removed":[""],"origin":"+input"}
2019-3-21 18:08:39.570#change#{"from":{"line":3,"ch":25,"sticky":null},"to":{"line":3,"ch":25,"sticky":null},"text":[" "],"removed":[""],"origin":"+input"}
2019-3-21 18:08:40.280#change#{"from":{"line":3,"ch":26,"sticky":null},"to":{"line":3,"ch":26,"sticky":null},"text":["n"],"removed":[""],"origin":"+input"}
2019-3-21 18:08:40.488#change#{"from":{"line":3,"ch":27,"sticky":null},"to":{"line":3,"ch":27,"sticky":null},"text":["u"],"removed":[""],"origin":"+input"}
2019-3-21 18:08:42.328#change#{"from":{"line":3,"ch":28,"sticky":null},"to":{"line":3,"ch":28,"sticky":null},"text":["m"],"removed":[""],"origin":"+input"}
2019-3-21 18:08:42.449#change#{"from":{"line":3,"ch":29,"sticky":null},"to":{"line":3,"ch":29,"sticky":null},"text":["e"],"removed":[""],"origin":"+input"}
2019-3-21 18:08:42.619#change#{"from":{"line":3,"ch":30,"sticky":null},"to":{"line":3,"ch":30,"sticky":null},"text":["r"],"removed":[""],"origin":"+input"}
2019-3-21 18:08:42.746#change#{"from":{"line":3,"ch":31,"sticky":null},"to":{"line":3,"ch":31,"sticky":null},"text":["o"],"removed":[""],"origin":"+input"}
2019-3-21 18:08:48.444#change#{"from":{"line":3,"ch":32,"sticky":null},"to":{"line":3,"ch":32,"sticky":null},"text":[":"],"removed":[""],"origin":"+input"}
2019-3-21 18:08:51.786#change#{"from":{"line":3,"ch":33,"sticky":null},"to":{"line":3,"ch":33,"sticky":null},"text":[" "],"removed":[""],"origin":"+input"}
2019-3-21 18:09:02.387#blur#
2019-3-21 18:09:02.387#blur#
2019-3-21 18:09:21.963#saida_testar#$ python3 main.py
2019-3-26 18:14:52.549#viewportChange#0
2019-3-26 18:15:11.509#mousedown#{"isTrusted":true}
2019-3-26 18:15:11.537#focus#
2019-3-26 18:15:15.732#change#{"from":{"line":6,"ch":6,"sticky":"before","xRel":-2.5999755859375},"to":{"line":6,"ch":6,"sticky":"before","xRel":-2.5999755859375},"text":["2"],"removed":[""],"origin":"+input"}
2019-3-26 18:15:15.900#change#{"from":{"line":6,"ch":7,"sticky":null},"to":{"line":6,"ch":7,"sticky":null},"text":["2"],"removed":[""],"origin":"+input"}
2019-3-26 18:15:17.253#blur#
2019-3-26 18:15:17.253#blur#
2019-3-26 18:15:19.364#saida_testar#$ python3 main.py
2019-3-26 18:15:19.364#saida_testar#$ python3 main.py
2019-3-26 18:15:27.394#submit#Your code did not produce the correct output. Please, correct your code and try again.
2019-3-26 18:15:49.160#mousedown#{"isTrusted":true}
2019-3-26 18:15:49.190#focus#
2019-3-26 18:15:50.539#change#{"from":{"line":3,"ch":14,"sticky":"after"},"to":{"line":3,"ch":15,"sticky":"before","xRel":-2.5999755859375},"text":[""],"removed":["t"],"origin":"+delete"}
2019-3-26 18:15:50.540#keyHandled#"Backspace"
2019-3-26 18:15:50.841#change#{"from":{"line":3,"ch":13,"sticky":"after"},"to":{"line":3,"ch":14,"sticky":null},"text":[""],"removed":["u"],"origin":"+delete"}
2019-3-26 18:15:50.841#keyHandled#"Backspace"
2019-3-26 18:15:51.049#change#{"from":{"line":3,"ch":12,"sticky":"after"},"to":{"line":3,"ch":13,"sticky":null},"text":[""],"removed":["p"],"origin":"+delete"}
2019-3-26 18:15:51.049#keyHandled#"Backspace"
2019-3-26 18:15:51.274#change#{"from":{"line":3,"ch":11,"sticky":"after"},"to":{"line":3,"ch":12,"sticky":null},"text":[""],"removed":["n"],"origin":"+delete"}
2019-3-26 18:15:51.274#keyHandled#"Backspace"
2019-3-26 18:15:52.618#change#{"from":{"line":3,"ch":10,"sticky":"after"},"to":{"line":3,"ch":11,"sticky":null},"text":[""],"removed":["i"],"origin":"+delete"}
2019-3-26 18:15:52.618#keyHandled#"Backspace"
2019-3-26 18:15:53.391#change#{"from":{"line":3,"ch":10,"sticky":null},"to":{"line":3,"ch":10,"sticky":null},"text":["i"],"removed":[""],"origin":"+input"}
2019-3-26 18:15:53.631#change#{"from":{"line":3,"ch":11,"sticky":null},"to":{"line":3,"ch":11,"sticky":null},"text":["n"],"removed":[""],"origin":"+input"}
2019-3-26 18:15:53.854#change#{"from":{"line":3,"ch":12,"sticky":null},"to":{"line":3,"ch":12,"sticky":null},"text":["t"],"removed":[""],"origin":"+input"}
2019-3-26 18:15:57.104#mousedown#{"isTrusted":true}
2019-3-26 18:15:58.251#change#{"from":{"line":3,"ch":8,"sticky":"after"},"to":{"line":3,"ch":9,"sticky":"after","xRel":2.4000244140625},"text":[""],"removed":["t"],"origin":"+delete"}
2019-3-26 18:15:58.251#keyHandled#"Backspace"
2019-3-26 18:15:58.814#change#{"from":{"line":3,"ch":8,"sticky":null},"to":{"line":3,"ch":8,"sticky":null},"text":["p"],"removed":[""],"origin":"+input"}
2019-3-26 18:15:59.070#change#{"from":{"line":3,"ch":9,"sticky":null},"to":{"line":3,"ch":9,"sticky":null},"text":["u"],"removed":[""],"origin":"+input"}
2019-3-26 18:15:59.246#change#{"from":{"line":3,"ch":10,"sticky":null},"to":{"line":3,"ch":10,"sticky":null},"text":["t"],"removed":[""],"origin":"+input"}
2019-3-26 18:16:01.461#blur#
2019-3-26 18:16:01.461#blur#
2019-3-26 18:16:03.544#saida_testar#$ python3 main.py
Traceback (most recent call last):
File "main.py", line 4, in <module>
num = input(int("Digite o numero: "))
ValueError: invalid literal for int() with base 10: 'Digite o numero: '
2019-3-26 18:16:04.936#mousedown#{"isTrusted":true}
2019-3-26 18:16:04.948#focus#
2019-3-26 18:16:06.089#change#{"from":{"line":3,"ch":10,"sticky":"after"},"to":{"line":3,"ch":11,"sticky":"after","xRel":1.4000244140625},"text":[""],"removed":["t"],"origin":"+delete"}
2019-3-26 18:16:06.089#keyHandled#"Backspace"
2019-3-26 18:16:06.265#change#{"from":{"line":3,"ch":9,"sticky":"after"},"to":{"line":3,"ch":10,"sticky":null},"text":[""],"removed":["u"],"origin":"+delete"}
2019-3-26 18:16:06.265#keyHandled#"Backspace"
2019-3-26 18:16:06.857#change#{"from":{"line":3,"ch":8,"sticky":"after"},"to":{"line":3,"ch":9,"sticky":null},"text":[""],"removed":["p"],"origin":"+delete"}
2019-3-26 18:16:06.857#keyHandled#"Backspace"
2019-3-26 18:16:07.647#change#{"from":{"line":3,"ch":8,"sticky":null},"to":{"line":3,"ch":8,"sticky":null},"text":["t"],"removed":[""],"origin":"+input"}
2019-3-26 18:16:10.064#mousedown#{"isTrusted":true}
2019-3-26 18:16:13.467#change#{"from":{"line":3,"ch":12,"sticky":"after"},"to":{"line":3,"ch":13,"sticky":"after","xRel":1.4000244140625},"text":[""],"removed":["t"],"origin":"+delete"}
2019-3-26 18:16:13.467#keyHandled#"Backspace"
2019-3-26 18:16:14.655#change#{"from":{"line":3,"ch":12,"sticky":null},"to":{"line":3,"ch":12,"sticky":null},"text":["p"],"removed":[""],"origin":"+input"}
2019-3-26 18:16:14.943#change#{"from":{"line":3,"ch":13,"sticky":null},"to":{"line":3,"ch":13,"sticky":null},"text":["u"],"removed":[""],"origin":"+input"}
2019-3-26 18:16:15.197#change#{"from":{"line":3,"ch":14,"sticky":null},"to":{"line":3,"ch":14,"sticky":null},"text":["t"],"removed":[""],"origin":"+input"}
2019-3-26 18:16:23.511#blur#
2019-3-26 18:16:23.511#blur#
2019-3-26 18:16:25.499#saida_testar#$ python3 main.py
2019-3-26 18:16:58.282#mousedown#{"isTrusted":true}
2019-3-26 18:16:58.301#focus#
2019-3-26 18:16:59.994#mousedown#{"isTrusted":true}
2019-3-26 18:18:34.552#blur#
2019-3-26 18:18:34.552#blur#
2019-3-26 18:18:47.520#saida_testar#$ python3 main.py
2019-3-26 18:18:47.520#saida_testar#$ python3 main.py
2019-3-26 18:18:53.206#submit#Your code did not produce the correct output. Please, correct your code and try again.
2019-3-26 18:19:59.575#mousedown#{"isTrusted":true}
2019-3-26 18:19:59.600#focus#
2019-3-26 18:20:06.226#change#{"from":{"line":3,"ch":5,"sticky":"after"},"to":{"line":3,"ch":6,"sticky":"after","xRel":0.4000244140625},"text":[""],"removed":[" "],"origin":"+delete"}
2019-3-26 18:20:06.227#keyHandled#"Backspace"
2019-3-26 18:20:07.684#blur#
2019-3-26 18:20:07.684#blur#
2019-3-26 18:20:09.745#saida_testar#$ python3 main.py
2019-3-26 18:20:09.745#saida_testar#$ python3 main.py
2019-3-26 18:20:15.414#submit#Your code did not produce the correct output. Please, correct your code and try again.
2019-3-26 18:20:27.176#mousedown#{"isTrusted":true}
2019-3-26 18:20:27.196#focus#
2019-3-26 18:20:28.112#mousedown#{"isTrusted":true}
2019-3-26 18:20:31.164#change#{"from":{"line":6,"ch":6,"sticky":"before","xRel":-2.5999755859375},"to":{"line":6,"ch":6,"sticky":"before","xRel":-2.5999755859375},"text":["\""],"removed":[""],"origin":"+input"}
2019-3-26 18:20:32.608#mousedown#{"isTrusted":true}
2019-3-26 18:20:32.926#change#{"from":{"line":6,"ch":7,"sticky":null},"to":{"line":6,"ch":9,"sticky":"after","xRel":2.4000244140625},"text":["\"22\""],"removed":["22"]}
2019-3-26 18:20:32.926#keyHandled#"'\"'"
2019-3-26 18:20:34.801#change#{"from":{"line":6,"ch":8,"sticky":null},"to":{"line":6,"ch":10,"sticky":null},"text":[""],"removed":["22"],"origin":"+delete"}
2019-3-26 18:20:34.801#keyHandled#"Shift-Backspace"
2019-3-26 18:20:35.505#change#{"from":{"line":6,"ch":7,"sticky":null},"to":{"line":6,"ch":9,"sticky":null},"text":[""],"removed":["\"\""],"origin":"+delete"}
2019-3-26 18:20:35.505#keyHandled#"Backspace"
2019-3-26 18:20:36.935#change#{"from":{"line":6,"ch":7,"sticky":null},"to":{"line":6,"ch":7,"sticky":null},"text":["2"],"removed":[""],"origin":"+input"}
2019-3-26 18:20:37.109#change#{"from":{"line":6,"ch":8,"sticky":null},"to":{"line":6,"ch":8,"sticky":null},"text":["2"],"removed":[""],"origin":"+input"}
2019-3-26 18:20:38.263#change#{"from":{"line":6,"ch":9,"sticky":null},"to":{"line":6,"ch":9,"sticky":null},"text":["\""],"removed":[""],"origin":"+input"}
2019-3-26 18:20:40.756#blur#
2019-3-26 18:20:43.776#saida_testar#$ python3 main.py
2019-3-26 18:20:43.776#saida_testar#$ python3 main.py
2019-3-26 18:20:47.808#submit#Your code did not produce the correct output. Please, correct your code and try again.
2019-3-26 18:20:53.745#mousedown#{"isTrusted":true}
2019-3-26 18:20:53.768#focus#
2019-3-26 18:20:54.696#mousedown#{"isTrusted":true}
2019-3-26 18:20:55.875#change#{"from":{"line":2,"ch":55,"sticky":"after"},"to":{"line":2,"ch":56,"sticky":"before","xRel":18.4000244140625},"text":[""],"removed":["o"],"origin":"+delete"}
2019-3-26 18:20:55.875#keyHandled#"Backspace"
2019-3-26 18:20:56.373#change#{"from":{"line":2,"ch":54,"sticky":"after"},"to":{"line":2,"ch":55,"sticky":null},"text":[""],"removed":["r"],"origin":"+delete"}
2019-3-26 18:20:56.373#keyHandled#"Backspace"
2019-3-26 18:20:56.423#change#{"from":{"line":2,"ch":53,"sticky":"after"},"to":{"line":2,"ch":54,"sticky":null},"text":[""],"removed":["i"],"origin":"+delete"}
2019-3-26 18:20:56.424#keyHandled#"Backspace"
2019-3-26 18:20:56.474#change#{"from":{"line":2,"ch":52,"sticky":"after"},"to":{"line":2,"ch":53,"sticky":null},"text":[""],"removed":["e"],"origin":"+delete"}
2019-3-26 18:20:56.474#keyHandled#"Backspace"
2019-3-26 18:20:56.524#change#{"from":{"line":2,"ch":51,"sticky":"after"},"to":{"line":2,"ch":52,"sticky":null},"text":[""],"removed":["t"],"origin":"+delete"}
2019-3-26 18:20:56.524#keyHandled#"Backspace"
2019-3-26 18:20:56.575#change#{"from":{"line":2,"ch":50,"sticky":"after"},"to":{"line":2,"ch":51,"sticky":null},"text":[""],"removed":["n"],"origin":"+delete"}
2019-3-26 18:20:56.575#keyHandled#"Backspace"
2019-3-26 18:20:56.625#change#{"from":{"line":2,"ch":49,"sticky":"after"},"to":{"line":2,"ch":50,"sticky":null},"text":[""],"removed":["i"],"origin":"+delete"}
2019-3-26 18:20:56.625#keyHandled#"Backspace"
2019-3-26 18:20:56.674#change#{"from":{"line":2,"ch":48,"sticky":"after"},"to":{"line":2,"ch":49,"sticky":null},"text":[""],"removed":[" "],"origin":"+delete"}
2019-3-26 18:20:56.674#keyHandled#"Backspace"
2019-3-26 18:20:56.725#change#{"from":{"line":2,"ch":47,"sticky":"after"},"to":{"line":2,"ch":48,"sticky":null},"text":[""],"removed":["a"],"origin":"+delete"}
2019-3-26 18:20:56.725#keyHandled#"Backspace"
2019-3-26 18:20:56.775#change#{"from":{"line":2,"ch":46,"sticky":"after"},"to":{"line":2,"ch":47,"sticky":null},"text":[""],"removed":["r"],"origin":"+delete"}
2019-3-26 18:20:56.775#keyHandled#"Backspace"
2019-3-26 18:20:56.825#change#{"from":{"line":2,"ch":45,"sticky":"after"},"to":{"line":2,"ch":46,"sticky":null},"text":[""],"removed":["a"],"origin":"+delete"}
2019-3-26 18:20:56.825#keyHandled#"Backspace"
2019-3-26 18:20:56.875#change#{"from":{"line":2,"ch":44,"sticky":"after"},"to":{"line":2,"ch":45,"sticky":null},"text":[""],"removed":["p"],"origin":"+delete"}
2019-3-26 18:20:56.875#keyHandled#"Backspace"
2019-3-26 18:20:56.924#change#{"from":{"line":2,"ch":43,"sticky":"after"},"to":{"line":2,"ch":44,"sticky":null},"text":[""],"removed":[" "],"origin":"+delete"}
2019-3-26 18:20:56.924#keyHandled#"Backspace"
2019-3-26 18:20:56.974#change#{"from":{"line":2,"ch":42,"sticky":"after"},"to":{"line":2,"ch":43,"sticky":null},"text":[""],"removed":["o"],"origin":"+delete"}
2019-3-26 18:20:56.974#keyHandled#"Backspace"
2019-3-26 18:20:57.024#change#{"from":{"line":2,"ch":41,"sticky":"after"},"to":{"line":2,"ch":42,"sticky":null},"text":[""],"removed":["a"],"origin":"+delete"}
2019-3-26 18:20:57.024#keyHandled#"Backspace"
2019-3-26 18:20:57.075#change#{"from":{"line":2,"ch":40,"sticky":"after"},"to":{"line":2,"ch":41,"sticky":null},"text":[""],"removed":["s"],"origin":"+delete"}
2019-3-26 18:20:57.075#keyHandled#"Backspace"
2019-3-26 18:20:57.125#change#{"from":{"line":2,"ch":39,"sticky":"after"},"to":{"line":2,"ch":40,"sticky":null},"text":[""],"removed":["r"],"origin":"+delete"}
2019-3-26 18:20:57.125#keyHandled#"Backspace"
2019-3-26 18:20:57.174#change#{"from":{"line":2,"ch":38,"sticky":"after"},"to":{"line":2,"ch":39,"sticky":null},"text":[""],"removed":["e"],"origin":"+delete"}
2019-3-26 18:20:57.174#keyHandled#"Backspace"
2019-3-26 18:20:57.224#change#{"from":{"line":2,"ch":37,"sticky":"after"},"to":{"line":2,"ch":38,"sticky":null},"text":[""],"removed":["v"],"origin":"+delete"}
2019-3-26 18:20:57.224#keyHandled#"Backspace"
2019-3-26 18:20:57.275#change#{"from":{"line":2,"ch":36,"sticky":"after"},"to":{"line":2,"ch":37,"sticky":null},"text":[""],"removed":["n"],"origin":"+delete"}
2019-3-26 18:20:57.275#keyHandled#"Backspace"
2019-3-26 18:20:57.326#change#{"from":{"line":2,"ch":35,"sticky":"after"},"to":{"line":2,"ch":36,"sticky":null},"text":[""],"removed":["o"],"origin":"+delete"}
2019-3-26 18:20:57.326#keyHandled#"Backspace"
2019-3-26 18:20:57.390#change#{"from":{"line":2,"ch":34,"sticky":"after"},"to":{"line":2,"ch":35,"sticky":null},"text":[""],"removed":["c"],"origin":"+delete"}
2019-3-26 18:20:57.390#keyHandled#"Backspace"
2019-3-26 18:20:57.426#change#{"from":{"line":2,"ch":33,"sticky":"after"},"to":{"line":2,"ch":34,"sticky":null},"text":[""],"removed":[" "],"origin":"+delete"}
2019-3-26 18:20:57.427#keyHandled#"Backspace"
2019-3-26 18:20:57.477#change#{"from":{"line":2,"ch":32,"sticky":"after"},"to":{"line":2,"ch":33,"sticky":null},"text":[""],"removed":["e"],"origin":"+delete"}
2019-3-26 18:20:57.477#keyHandled#"Backspace"
2019-3-26 18:20:57.632#change#{"from":{"line":2,"ch":31,"sticky":"after"},"to":{"line":2,"ch":32,"sticky":null},"text":[""],"removed":[" "],"origin":"+delete"}
2019-3-26 18:20:57.632#keyHandled#"Backspace"
2019-3-26 18:20:57.695#change#{"from":{"line":2,"ch":30,"sticky":"after"},"to":{"line":2,"ch":31,"sticky":null},"text":[""],"removed":["a"],"origin":"+delete"}
2019-3-26 18:20:57.695#keyHandled#"Backspace"
2019-3-26 18:20:57.728#change#{"from":{"line":2,"ch":29,"sticky":"after"},"to":{"line":2,"ch":30,"sticky":null},"text":[""],"removed":["d"],"origin":"+delete"}
2019-3-26 18:20:57.728#keyHandled#"Backspace"
2019-3-26 18:20:57.777#change#{"from":{"line":2,"ch":28,"sticky":"after"},"to":{"line":2,"ch":29,"sticky":null},"text":[""],"removed":["a"],"origin":"+delete"}
2019-3-26 18:20:57.778#keyHandled#"Backspace"
2019-3-26 18:20:57.827#change#{"from":{"line":2,"ch":27,"sticky":"after"},"to":{"line":2,"ch":28,"sticky":null},"text":[""],"removed":["r"],"origin":"+delete"}
2019-3-26 18:20:57.827#keyHandled#"Backspace"
2019-3-26 18:20:57.878#change#{"from":{"line":2,"ch":26,"sticky":"after"},"to":{"line":2,"ch":27,"sticky":null},"text":[""],"removed":["t"],"origin":"+delete"}
2019-3-26 18:20:57.878#keyHandled#"Backspace"
2019-3-26 18:20:57.928#change#{"from":{"line":2,"ch":25,"sticky":"after"},"to":{"line":2,"ch":26,"sticky":null},"text":[""],"removed":["n"],"origin":"+delete"}
2019-3-26 18:20:57.929#keyHandled#"Backspace"
2019-3-26 18:20:57.979#change#{"from":{"line":2,"ch":24,"sticky":"after"},"to":{"line":2,"ch":25,"sticky":null},"text":[""],"removed":["e"],"origin":"+delete"}
2019-3-26 18:20:57.979#keyHandled#"Backspace"
2019-3-26 18:20:58.029#change#{"from":{"line":2,"ch":23,"sticky":"after"},"to":{"line":2,"ch":24,"sticky":null},"text":[""],"removed":[" "],"origin":"+delete"}
2019-3-26 18:20:58.029#keyHandled#"Backspace"
2019-3-26 18:20:58.079#change#{"from":{"line":2,"ch":22,"sticky":"after"},"to":{"line":2,"ch":23,"sticky":null},"text":[""],"removed":["e"],"origin":"+delete"}
2019-3-26 18:20:58.079#keyHandled#"Backspace"
2019-3-26 18:20:58.129#change#{"from":{"line":2,"ch":21,"sticky":"after"},"to":{"line":2,"ch":22,"sticky":null},"text":[""],"removed":["d"],"origin":"+delete"}
2019-3-26 18:20:58.130#keyHandled#"Backspace"
2019-3-26 18:20:58.179#change#{"from":{"line":2,"ch":20,"sticky":"after"},"to":{"line":2,"ch":21,"sticky":null},"text":[""],"removed":[" "],"origin":"+delete"}
2019-3-26 18:20:58.179#keyHandled#"Backspace"
2019-3-26 18:20:58.230#change#{"from":{"line":2,"ch":19,"sticky":"after"},"to":{"line":2,"ch":20,"sticky":null},"text":[""],"removed":["s"],"origin":"+delete"}
2019-3-26 18:20:58.230#keyHandled#"Backspace"
2019-3-26 18:20:58.280#change#{"from":{"line":2,"ch":18,"sticky":"after"},"to":{"line":2,"ch":19,"sticky":null},"text":[""],"removed":["e"],"origin":"+delete"}
2019-3-26 18:20:58.280#keyHandled#"Backspace"
2019-3-26 18:20:58.329#change#{"from":{"line":2,"ch":17,"sticky":"after"},"to":{"line":2,"ch":18,"sticky":null},"text":[""],"removed":["r"],"origin":"+delete"}
2019-3-26 18:20:58.329#keyHandled#"Backspace"
2019-3-26 18:20:58.379#change#{"from":{"line":2,"ch":16,"sticky":"after"},"to":{"line":2,"ch":17,"sticky":null},"text":[""],"removed":["o"],"origin":"+delete"}
2019-3-26 18:20:58.379#keyHandled#"Backspace"
2019-3-26 18:20:58.429#change#{"from":{"line":2,"ch":15,"sticky":"after"},"to":{"line":2,"ch":16,"sticky":null},"text":[""],"removed":["l"],"origin":"+delete"}
2019-3-26 18:20:58.429#keyHandled#"Backspace"
2019-3-26 18:20:58.479#change#{"from":{"line":2,"ch":14,"sticky":"after"},"to":{"line":2,"ch":15,"sticky":null},"text":[""],"removed":["a"],"origin":"+delete"}
2019-3-26 18:20:58.479#keyHandled#"Backspace"
2019-3-26 18:20:58.529#change#{"from":{"line":2,"ch":13,"sticky":"after"},"to":{"line":2,"ch":14,"sticky":null},"text":[""],"removed":["v"],"origin":"+delete"}
2019-3-26 18:20:58.529#keyHandled#"Backspace"
2019-3-26 18:20:58.579#change#{"from":{"line":2,"ch":12,"sticky":"after"},"to":{"line":2,"ch":13,"sticky":null},"text":[""],"removed":[" "],"origin":"+delete"}
2019-3-26 18:20:58.579#keyHandled#"Backspace"
2019-3-26 18:20:58.630#change#{"from":{"line":2,"ch":11,"sticky":"after"},"to":{"line":2,"ch":12,"sticky":null},"text":[""],"removed":["e"],"origin":"+delete"}
2019-3-26 18:20:58.630#keyHandled#"Backspace"
2019-3-26 18:20:58.679#change#{"from":{"line":2,"ch":10,"sticky":"after"},"to":{"line":2,"ch":11,"sticky":null},"text":[""],"removed":["d"],"origin":"+delete"}
2019-3-26 18:20:58.679#keyHandled#"Backspace"
2019-3-26 18:20:58.729#change#{"from":{"line":2,"ch":9,"sticky":"after"},"to":{"line":2,"ch":10,"sticky":null},"text":[""],"removed":[" "],"origin":"+delete"}
2019-3-26 18:20:58.729#keyHandled#"Backspace"
2019-3-26 18:20:58.780#change#{"from":{"line":2,"ch":8,"sticky":"after"},"to":{"line":2,"ch":9,"sticky":null},"text":[""],"removed":["a"],"origin":"+delete"}
2019-3-26 18:20:58.780#keyHandled#"Backspace"
2019-3-26 18:20:58.829#change#{"from":{"line":2,"ch":7,"sticky":"after"},"to":{"line":2,"ch":8,"sticky":null},"text":[""],"removed":["r"],"origin":"+delete"}
2019-3-26 18:20:58.829#keyHandled#"Backspace"
2019-3-26 18:20:58.879#change#{"from":{"line":2,"ch":6,"sticky":"after"},"to":{"line":2,"ch":7,"sticky":null},"text":[""],"removed":["u"],"origin":"+delete"}
2019-3-26 18:20:58.879#keyHandled#"Backspace"
2019-3-26 18:20:58.930#change#{"from":{"line":2,"ch":5,"sticky":"after"},"to":{"line":2,"ch":6,"sticky":null},"text":[""],"removed":["t"],"origin":"+delete"}
2019-3-26 18:20:58.930#keyHandled#"Backspace"
2019-3-26 18:20:58.979#change#{"from":{"line":2,"ch":4,"sticky":"after"},"to":{"line":2,"ch":5,"sticky":null},"text":[""],"removed":["i"],"origin":"+delete"}
2019-3-26 18:20:58.979#keyHandled#"Backspace"
2019-3-26 18:20:59.029#change#{"from":{"line":2,"ch":3,"sticky":"after"},"to":{"line":2,"ch":4,"sticky":null},"text":[""],"removed":["e"],"origin":"+delete"}
2019-3-26 18:20:59.029#keyHandled#"Backspace"
2019-3-26 18:20:59.080#change#{"from":{"line":2,"ch":2,"sticky":"after"},"to":{"line":2,"ch":3,"sticky":null},"text":[""],"removed":["L"],"origin":"+delete"}
2019-3-26 18:20:59.080#keyHandled#"Backspace"
2019-3-26 18:20:59.130#change#{"from":{"line":2,"ch":1,"sticky":"after"},"to":{"line":2,"ch":2,"sticky":null},"text":[""],"removed":[" "],"origin":"+delete"}
2019-3-26 18:20:59.130#keyHandled#"Backspace"
2019-3-26 18:20:59.179#change#{"from":{"line":2,"ch":0,"sticky":"after"},"to":{"line":2,"ch":1,"sticky":null},"text":[""],"removed":["#"],"origin":"+delete"}
2019-3-26 18:20:59.180#keyHandled#"Backspace"
2019-3-26 18:20:59.235#change#{"from":{"line":1,"ch":0,"sticky":"before"},"to":{"line":2,"ch":0,"sticky":null},"text":[""],"removed":["",""],"origin":"+delete"}
2019-3-26 18:20:59.235#keyHandled#"Backspace"
2019-3-26 18:20:59.249#viewportChange#0
2019-3-26 18:20:59.280#change#{"from":{"line":0,"ch":39,"sticky":"before"},"to":{"line":1,"ch":0,"sticky":null},"text":[""],"removed":["",""],"origin":"+delete"}
2019-3-26 18:20:59.280#keyHandled#"Backspace"
2019-3-26 18:20:59.292#viewportChange#0
2019-3-26 18:20:59.330#change#{"from":{"line":0,"ch":38,"sticky":"after"},"to":{"line":0,"ch":39,"sticky":null},"text":[""],"removed":["a"],"origin":"+delete"}
2019-3-26 18:20:59.330#keyHandled#"Backspace"
2019-3-26 18:20:59.379#change#{"from":{"line":0,"ch":37,"sticky":"after"},"to":{"line":0,"ch":38,"sticky":null},"text":[""],"removed":["d"],"origin":"+delete"}
2019-3-26 18:20:59.379#keyHandled#"Backspace"
2019-3-26 18:20:59.430#change#{"from":{"line":0,"ch":36,"sticky":"after"},"to":{"line":0,"ch":37,"sticky":null},"text":[""],"removed":["i"],"origin":"+delete"}
2019-3-26 18:20:59.430#keyHandled#"Backspace"
2019-3-26 18:20:59.481#change#{"from":{"line":0,"ch":35,"sticky":"after"},"to":{"line":0,"ch":36,"sticky":null},"text":[""],"removed":["t"],"origin":"+delete"}
2019-3-26 18:20:59.481#keyHandled#"Backspace"
2019-3-26 18:20:59.531#change#{"from":{"line":0,"ch":34,"sticky":"after"},"to":{"line":0,"ch":35,"sticky":null},"text":[""],"removed":["r"],"origin":"+delete"}
2019-3-26 18:20:59.531#keyHandled#"Backspace"
2019-3-26 18:20:59.580#change#{"from":{"line":0,"ch":33,"sticky":"after"},"to":{"line":0,"ch":34,"sticky":null},"text":[""],"removed":["a"],"origin":"+delete"}
2019-3-26 18:20:59.580#keyHandled#"Backspace"
2019-3-26 18:20:59.630#change#{"from":{"line":0,"ch":32,"sticky":"after"},"to":{"line":0,"ch":33,"sticky":null},"text":[""],"removed":["p"],"origin":"+delete"}
2019-3-26 18:20:59.630#keyHandled#"Backspace"
2019-3-26 18:20:59.680#change#{"from":{"line":0,"ch":31,"sticky":"after"},"to":{"line":0,"ch":32,"sticky":null},"text":[""],"removed":[" "],"origin":"+delete"}
2019-3-26 18:20:59.680#keyHandled#"Backspace"
2019-3-26 18:20:59.730#change#{"from":{"line":0,"ch":30,"sticky":"after"},"to":{"line":0,"ch":31,"sticky":null},"text":[""],"removed":["e"],"origin":"+delete"}
2019-3-26 18:20:59.730#keyHandled#"Backspace"
2019-3-26 18:20:59.781#change#{"from":{"line":0,"ch":29,"sticky":"after"},"to":{"line":0,"ch":30,"sticky":null},"text":[""],"removed":["d"],"origin":"+delete"}
2019-3-26 18:20:59.781#keyHandled#"Backspace"
2019-3-26 18:20:59.830#change#{"from":{"line":0,"ch":28,"sticky":"after"},"to":{"line":0,"ch":29,"sticky":null},"text":[""],"removed":[" "],"origin":"+delete"}
2019-3-26 18:20:59.830#keyHandled#"Backspace"
2019-3-26 18:20:59.880#change#{"from":{"line":0,"ch":27,"sticky":"after"},"to":{"line":0,"ch":28,"sticky":null},"text":[""],"removed":["o"],"origin":"+delete"}
2019-3-26 18:20:59.880#keyHandled#"Backspace"
2019-3-26 18:20:59.930#change#{"from":{"line":0,"ch":26,"sticky":"after"},"to":{"line":0,"ch":27,"sticky":null},"text":[""],"removed":["t"],"origin":"+delete"}
2019-3-26 18:20:59.930#keyHandled#"Backspace"
2019-3-26 18:20:59.980#change#{"from":{"line":0,"ch":25,"sticky":"after"},"to":{"line":0,"ch":26,"sticky":null},"text":[""],"removed":["n"],"origin":"+delete"}
2019-3-26 18:20:59.980#keyHandled#"Backspace"
2019-3-26 18:21:00.030#change#{"from":{"line":0,"ch":24,"sticky":"after"},"to":{"line":0,"ch":25,"sticky":null},"text":[""],"removed":["o"],"origin":"+delete"}
2019-3-26 18:21:00.030#keyHandled#"Backspace"
2019-3-26 18:21:00.081#change#{"from":{"line":0,"ch":23,"sticky":"after"},"to":{"line":0,"ch":24,"sticky":null},"text":[""],"removed":["p"],"origin":"+delete"}
2019-3-26 18:21:00.081#keyHandled#"Backspace"
2019-3-26 18:21:00.130#change#{"from":{"line":0,"ch":22,"sticky":"after"},"to":{"line":0,"ch":23,"sticky":null},"text":[""],"removed":[" "],"origin":"+delete"}
2019-3-26 18:21:00.130#keyHandled#"Backspace"
2019-3-26 18:21:00.180#change#{"from":{"line":0,"ch":21,"sticky":"after"},"to":{"line":0,"ch":22,"sticky":null},"text":[""],"removed":["o"],"origin":"+delete"}
2019-3-26 18:21:00.180#keyHandled#"Backspace"
2019-3-26 18:21:00.230#change#{"from":{"line":0,"ch":20,"sticky":"after"},"to":{"line":0,"ch":21,"sticky":null},"text":[""],"removed":["m"],"origin":"+delete"}
2019-3-26 18:21:00.230#keyHandled#"Backspace"
2019-3-26 18:21:00.280#change#{"from":{"line":0,"ch":19,"sticky":"after"},"to":{"line":0,"ch":20,"sticky":null},"text":[""],"removed":["o"],"origin":"+delete"}
2019-3-26 18:21:00.280#keyHandled#"Backspace"
2019-3-26 18:21:00.330#change#{"from":{"line":0,"ch":18,"sticky":"after"},"to":{"line":0,"ch":19,"sticky":null},"text":[""],"removed":["c"],"origin":"+delete"}
2019-3-26 18:21:00.330#keyHandled#"Backspace"
2019-3-26 18:21:00.380#change#{"from":{"line":0,"ch":17,"sticky":"after"},"to":{"line":0,"ch":18,"sticky":null},"text":[""],"removed":[" "],"origin":"+delete"}
2019-3-26 18:21:00.380#keyHandled#"Backspace"
2019-3-26 18:21:00.430#change#{"from":{"line":0,"ch":16,"sticky":"after"},"to":{"line":0,"ch":17,"sticky":null},"text":[""],"removed":["o"],"origin":"+delete"}
2019-3-26 18:21:00.430#keyHandled#"Backspace"
2019-3-26 18:21:00.482#change#{"from":{"line":0,"ch":15,"sticky":"after"},"to":{"line":0,"ch":16,"sticky":null},"text":[""],"removed":["g"],"origin":"+delete"}
2019-3-26 18:21:00.482#keyHandled#"Backspace"
2019-3-26 18:21:00.531#change#{"from":{"line":0,"ch":14,"sticky":"after"},"to":{"line":0,"ch":15,"sticky":null},"text":[""],"removed":["i"],"origin":"+delete"}
2019-3-26 18:21:00.531#keyHandled#"Backspace"
2019-3-26 18:21:00.581#change#{"from":{"line":0,"ch":13,"sticky":"after"},"to":{"line":0,"ch":14,"sticky":null},"text":[""],"removed":["d"],"origin":"+delete"}
2019-3-26 18:21:00.581#keyHandled#"Backspace"
2019-3-26 18:21:00.630#change#{"from":{"line":0,"ch":12,"sticky":"after"},"to":{"line":0,"ch":13,"sticky":null},"text":[""],"removed":["o"],"origin":"+delete"}
2019-3-26 18:21:00.630#keyHandled#"Backspace"
2019-3-26 18:21:00.680#change#{"from":{"line":0,"ch":11,"sticky":"after"},"to":{"line":0,"ch":12,"sticky":null},"text":[""],"removed":["c"],"origin":"+delete"}
2019-3-26 18:21:00.681#keyHandled#"Backspace"
2019-3-26 18:21:00.731#change#{"from":{"line":0,"ch":10,"sticky":"after"},"to":{"line":0,"ch":11,"sticky":null},"text":[""],"removed":[" "],"origin":"+delete"}
2019-3-26 18:21:00.732#keyHandled#"Backspace"
2019-3-26 18:21:00.781#change#{"from":{"line":0,"ch":9,"sticky":"after"},"to":{"line":0,"ch":10,"sticky":null},"text":[""],"removed":["e"],"origin":"+delete"}
2019-3-26 18:21:00.781#keyHandled#"Backspace"
2019-3-26 18:21:00.831#change#{"from":{"line":0,"ch":8,"sticky":"after"},"to":{"line":0,"ch":9,"sticky":null},"text":[""],"removed":["t"],"origin":"+delete"}
2019-3-26 18:21:00.831#keyHandled#"Backspace"
2019-3-26 18:21:00.980#change#{"from":{"line":0,"ch":5,"sticky":"after"},"to":{"line":0,"ch":6,"sticky":null},"text":[""],"removed":[" "],"origin":"+delete"}
2019-3-26 18:21:00.980#keyHandled#"Backspace"
2019-3-26 18:21:01.030#change#{"from":{"line":0,"ch":4,"sticky":"after"},"to":{"line":0,"ch":5,"sticky":null},"text":[""],"removed":["e"],"origin":"+delete"}
2019-3-26 18:21:01.030#keyHandled#"Backspace"
2019-3-26 18:21:01.081#change#{"from":{"line":0,"ch":3,"sticky":"after"},"to":{"line":0,"ch":4,"sticky":null},"text":[""],"removed":["s"],"origin":"+delete"}
2019-3-26 18:21:01.081#keyHandled#"Backspace"
2019-3-26 18:21:01.130#change#{"from":{"line":0,"ch":2,"sticky":"after"},"to":{"line":0,"ch":3,"sticky":null},"text":[""],"removed":["U"],"origin":"+delete"}
2019-3-26 18:21:01.130#keyHandled#"Backspace"
2019-3-26 18:21:01.180#change#{"from":{"line":0,"ch":1,"sticky":"after"},"to":{"line":0,"ch":2,"sticky":null},"text":[""],"removed":[" "],"origin":"+delete"}
2019-3-26 18:21:01.180#keyHandled#"Backspace"
2019-3-26 18:21:01.231#change#{"from":{"line":0,"ch":0,"sticky":"after"},"to":{"line":0,"ch":1,"sticky":null},"text":[""],"removed":["#"],"origin":"+delete"}
2019-3-26 18:21:01.231#keyHandled#"Backspace"
2019-3-26 18:21:01.281#keyHandled#"Backspace"
2019-3-26 18:21:01.331#keyHandled#"Backspace"
2019-3-26 18:21:01.381#keyHandled#"Backspace"
2019-3-26 18:21:01.431#keyHandled#"Backspace"
2019-3-26 18:21:01.481#keyHandled#"Backspace"
2019-3-26 18:21:01.531#keyHandled#"Backspace"
2019-3-26 18:21:01.581#keyHandled#"Backspace"
2019-3-26 18:21:01.631#keyHandled#"Backspace"
2019-3-26 18:21:01.681#keyHandled#"Backspace"
2019-3-26 18:21:01.937#keyHandled#"Backspace"
2019-3-26 18:21:02.289#keyHandled#"Backspace"
2019-3-26 18:21:04.689#mousedown#{"isTrusted":true}
2019-3-26 18:21:06.517#blur#
2019-3-26 18:26:58.115#mousedown#{"isTrusted":true}
2019-3-26 18:26:58.141#focus#
2019-3-26 18:26:59.230#change#{"from":{"line":4,"ch":6,"sticky":"after"},"to":{"line":4,"ch":7,"sticky":"before","xRel":-1.5999755859375},"text":[""],"removed":["\""],"origin":"+delete"}
2019-3-26 18:26:59.230#keyHandled#"Backspace"
2019-3-26 18:27:00.795#mousedown#{"isTrusted":true}
2019-3-26 18:27:01.678#change#{"from":{"line":4,"ch":8,"sticky":"after"},"to":{"line":4,"ch":9,"sticky":"after","xRel":0.4000244140625},"text":[""],"removed":["\""],"origin":"+delete"}
2019-3-26 18:27:01.678#keyHandled#"Backspace"
2019-3-26 18:27:05.379#mousedown#{"isTrusted":true}
2019-3-26 18:27:11.379#mousedown#{"isTrusted":true}
2019-3-26 18:27:12.671#change#{"from":{"line":1,"ch":3,"sticky":"after"},"to":{"line":1,"ch":4,"sticky":"after","xRel":3.4000244140625},"text":[""],"removed":[" "],"origin":"+delete"}
2019-3-26 18:27:12.671#keyHandled#"Backspace"
2019-3-26 18:27:14.220#mousedown#{"isTrusted":true}
2019-3-26 18:27:14.900#change#{"from":{"line":1,"ch":4,"sticky":"after","xRel":2.4000244140625},"to":{"line":1,"ch":4,"sticky":"after","xRel":2.4000244140625},"text":[" "],"removed":[""],"origin":"+input"}
2019-3-26 18:27:16.057#blur#
2019-3-26 18:27:16.057#blur#
2019-3-26 18:27:19.818#saida_testar#$ python3 main.py
2019-3-26 18:33:56.706#viewportChange#0
2019-3-26 18:33:59.037#mousedown#{"isTrusted":true}
2019-3-26 18:33:59.053#focus#
2019-3-26 18:34:07.617#blur#
2019-3-26 18:34:07.617#blur#
2019-3-26 18:34:09.730#saida_testar#$ python3 main.py
2019-3-26 18:46:32.089#viewportChange#0
2019-3-26 18:46:34.475#mousedown#{"isTrusted":true}
2019-3-26 18:46:34.503#focus#
2019-3-26 18:46:47.802#change#{"from":{"line":3,"ch":7,"sticky":"after"},"to":{"line":3,"ch":8,"sticky":"before","xRel":-0.5999755859375},"text":[""],"removed":["2"],"origin":"+delete"}
2019-3-26 18:46:47.802#keyHandled#"Backspace"
2019-3-26 18:46:48.224#change#{"from":{"line":3,"ch":6,"sticky":"after"},"to":{"line":3,"ch":7,"sticky":null},"text":[""],"removed":["2"],"origin":"+delete"}
2019-3-26 18:46:48.224#keyHandled#"Backspace"
2019-3-26 18:46:53.898#change#{"from":{"line":3,"ch":6,"sticky":null},"to":{"line":3,"ch":6,"sticky":null},"text":["n"],"removed":[""],"origin":"+input"}
2019-3-26 18:46:54.211#change#{"from":{"line":3,"ch":7,"sticky":null},"to":{"line":3,"ch":7,"sticky":null},"text":["u"],"removed":[""],"origin":"+input"}
2019-3-26 18:46:54.549#change#{"from":{"line":3,"ch":8,"sticky":null},"to":{"line":3,"ch":8,"sticky":null},"text":["m"],"removed":[""],"origin":"+input"}
2019-3-26 18:46:58.345#change#{"from":{"line":3,"ch":9,"sticky":null},"to":{"line":3,"ch":9,"sticky":null},"text":["*"],"removed":[""],"origin":"+input"}
2019-3-26 18:46:59.685#change#{"from":{"line":3,"ch":10,"sticky":null},"to":{"line":3,"ch":10,"sticky":null},"text":["2"],"removed":[""],"origin":"+input"}
2019-3-26 18:47:02.816#blur#
2019-3-26 18:47:02.816#blur#
2019-3-26 18:47:05.826#saida_testar#$ python3 main.py
