== TEST (2019-03-12 09:11:46) 
-- CODE:
print("  ***** ")
print("(* o o *)")
print(" *  ^  *")
print(" * --- *")
print("  ***** ")
-- OUTPUT:
***** 
(* o o *)
 *  ^  *
 * --- *
  *****
*-*-*-*-*-*-*-*-*-*-*-*-*-*-*-*-*-*-*-*-*-*-*-*
== SUBMITION (2019-03-12 09:12:01) 
-- CODE:
print("  ***** ")
print("(* o o *)")
print(" *  ^  *")
print(" * --- *")
print("  ***** ")
-- EXECUTION TIME:
0.0998962
-- TEST CASE 1:
---- input:
xx
---- correct output:
*****
(* o o *)
*  ^  *
* --- *
*****
---- user output:
***** 
(* o o *)
 *  ^  *
 * --- *
  *****
-- GRADE:
100%
*-*-*-*-*-*-*-*-*-*-*-*-*-*-*-*-*-*-*-*-*-*-*-*
== TEST (2019-03-12 14:04:52) 
-- CODE:
print("  ***** ")
print("(* o o *)")
print(" *  ^  *")
print(" * --- *")
print("  ***** ")
-- OUTPUT:
***** 
(* o o *)
 *  ^  *
 * --- *
  *****
*-*-*-*-*-*-*-*-*-*-*-*-*-*-*-*-*-*-*-*-*-*-*-*
== SUBMITION (2019-03-21 08:14:08) 
-- CODE:
print("  ***** ")
print("(* o o *)")
print(" *  ^  *")
print(" * --- *")
print("  ***** ")
-- EXECUTION TIME:
0.163999
-- TEST CASE 1:
---- input:
xx
---- correct output:
*****
(* o o *)
*  ^  *
* --- *
*****
---- user output:
***** 
(* o o *)
 *  ^  *
 * --- *
  *****
-- GRADE:
100%
*-*-*-*-*-*-*-*-*-*-*-*-*-*-*-*-*-*-*-*-*-*-*-*
