== TEST (2019-05-10 18:45:56) 
-- CODE:
qV = int(input("Qt inicial - Virus: "))
qL = int(input("Qt inicial - Leucocitos: "))
cpV = float(input("Percentual de Crescimento - Virus: "))
cpL = float(input("Percentual de Crescimento - Leucocitos: "))
pcpV = cpV / 100
pcpL = cpL / 100

tV = 0
tL = 0
d = 0

while (qL < (2 * qV)):
	qV = qV + (qV * pcpV)
	qL = qL + (qL * pcpL)
	tV = qV
	tL = qL
	d = d + 1
print(d)
-- OUTPUT:
9
*-*-*-*-*-*-*-*-*-*-*-*-*-*-*-*-*-*-*-*-*-*-*-*
== SUBMITION (2019-05-10 18:46:29) 
-- CODE:
qV = int(input("Qt inicial - Virus: "))
qL = int(input("Qt inicial - Leucocitos: "))
cpV = float(input("Percentual de Crescimento - Virus: "))
cpL = float(input("Percentual de Crescimento - Leucocitos: "))
pcpV = cpV / 100
pcpL = cpL / 100

tV = 0
tL = 0
d = 0

while (qL < (2 * qV)):
	qV = qV + (qV * pcpV)
	qL = qL + (qL * pcpL)
	tV = qV
	tL = qL
	d = d + 1
print(d)
-- EXECUTION TIME:
0.147433
-- TEST CASE 1:
---- input:
350625
5500
2
75
---- correct output:
9
---- user output:
9
-- TEST CASE 2:
---- input:
650090
90045
4
90
---- correct output:
5
---- user output:
5
-- TEST CASE 3:
---- input:
419250
1725
9
59
---- correct output:
17
---- user output:
17
-- GRADE:
100%
*-*-*-*-*-*-*-*-*-*-*-*-*-*-*-*-*-*-*-*-*-*-*-*
